DEBUG:R0: Using Tc_p = 0.461538461538 for optimization
DEBUG:R0: Using Tc_d = 0.461538461538 for optimization
DEBUG:R0: Using Tc_p = 0.461538461538 for solution
DEBUG:R0: Using Tc_d = 0.461538461538 for solution
DEBUG:R0: Using N_ssol = 66
DEBUG:R1: Using Tc_p = 0.461538461538 for optimization
DEBUG:R1: Using Tc_d = 0.461538461538 for optimization
DEBUG:R1: Using Tc_p = 0.461538461538 for solution
DEBUG:R1: Using Tc_d = 0.461538461538 for solution
DEBUG:R1: Using N_ssol = 66
DEBUG:R2: Using Tc_p = 0.461538461538 for optimization
DEBUG:R2: Using Tc_d = 0.461538461538 for optimization
DEBUG:R2: Using Tc_p = 0.461538461538 for solution
DEBUG:R2: Using Tc_d = 0.461538461538 for solution
DEBUG:R2: Using N_ssol = 66
INFO:R0: TOT: 11.9700675567
INFO:R0: NSE: 24
INFO:R0: FIR: 15.4530000687
INFO:R0: LAS: 0.5609998703
INFO:R0: LMA: 0
INFO:R0: MAX: 2.02499985695
INFO:R0: MIN: 0.134000062943
INFO:R0: AVG: 1.0851817998
INFO:R0: RMP: 4.38749969006
INFO:R0: RMG: 4.38749969006
INFO:R1: TOT: 11.3987674773
INFO:R1: NSE: 23
INFO:R1: FIR: 14.8269999027
INFO:R1: LAS: 0.592000007629
INFO:R1: LMA: 0
INFO:R1: MAX: 2.04999995232
INFO:R1: MIN: 0.134000062943
INFO:R1: AVG: 1.10876190095
INFO:R1: RMP: 4.44166656335
INFO:R1: RMG: 4.44166656335
INFO:R2: TOT: 11.6599138197
INFO:R2: NSE: 24
INFO:R2: FIR: 14.0420000553
INFO:R2: LAS: 0.55999994278
INFO:R2: LMA: 0
INFO:R2: MAX: 2.02499985695
INFO:R2: MIN: 0.134000062943
INFO:R2: AVG: 1.08531818607
INFO:R2: RMP: 4.38749969006
INFO:R2: RMG: 4.38749969006
