DEBUG:[([-0.1077507750775078, 3.261176117611761], 0.4641764176417642), ([2.2994099409940993, 1.7433543354335432], 0.17848784878487847), ([1.3154915491549155, 2.44020402040204], 0.5963546354635463), ([0.1305330533053305, 2.0588058805880585], 0.492979297929793), ([1.8213221322132211, 1.7185718571857185], 0.2806930693069307)]
INFO:Optimization_lib: scipy
DEBUG:t_sup: 10000000000.0
DEBUG:t_inf: 10.7703296143
DEBUG:Max iter of improving algo 8
DEBUG:

/////////////////////NRP////////////////////: (0, 3)
DEBUG:No of intersections: 1
DEBUG:[12, 13, 14, 15]
DEBUG:[12]
DEBUG:

/////////////////////NRP////////////////////: (1, 4)
DEBUG:No of intersections: 1
DEBUG:[30, 31]
DEBUG:[30]
DEBUG:

/////////////////////NRP////////////////////: (2, 3)
DEBUG:No of intersections: 1
DEBUG:[44, 45, 46]
DEBUG:[44]
DEBUG:Attempt to improve first guess by moving control points
DEBUG:Its center pos [[ 1.31549155  2.44020402]]
DEBUG:+++++++++++ no ctrl tb moved ++++++++++++ 8
DEBUG:New t_final: 12.2570371335
DEBUG:

/////////////////////NRP////////////////////: (2, 4)
DEBUG:No of intersections: 1
DEBUG:[42, 43]
DEBUG:[42]
DEBUG:Attempt to improve first guess by moving control points
DEBUG:Its center pos [[ 1.82132213  1.71857186]]
DEBUG:+++++++++++ no ctrl tb moved ++++++++++++ 4
DEBUG:New t_final: 13.5175821787
DEBUG:Max it: 7
DEBUG:

/////////////////////NRP////////////////////: (0, 3)
DEBUG:No of intersections: 1
DEBUG:[12, 13, 14, 15, 16]
DEBUG:[12]
DEBUG:

/////////////////////NRP////////////////////: (1, 4)
DEBUG:No of intersections: 1
DEBUG:[48, 49]
DEBUG:[48]
DEBUG:Attempt to improve first guess by moving control points
DEBUG:Its center pos [[ 2.29940994  1.74335434]]
DEBUG:+++++++++++ no ctrl tb moved ++++++++++++ 2
DEBUG:New t_final: 14.376076123
DEBUG:

/////////////////////NRP////////////////////: (2, 3)
DEBUG:No of intersections: 1
DEBUG:[61, 62]
DEBUG:[61]
DEBUG:

/////////////////////NRP////////////////////: (2, 4)
DEBUG:No of intersections: 1
DEBUG:[40, 41]
DEBUG:[40]
DEBUG:Max it: 6
DEBUG:

/////////////////////NRP////////////////////: (0, 3)
DEBUG:No of intersections: 1
DEBUG:[11, 12, 13, 14, 15, 16]
DEBUG:[11]
DEBUG:

/////////////////////NRP////////////////////: (1, 4)
DEBUG:No of intersections: 1
DEBUG:[49, 50]
DEBUG:[49]
DEBUG:

/////////////////////NRP////////////////////: (2, 3)
DEBUG:No of intersections: 1
DEBUG:[61, 62]
DEBUG:[61]
DEBUG:

/////////////////////NRP////////////////////: (2, 4)
DEBUG:No of intersections: 1
DEBUG:[40, 41]
DEBUG:[40]
DEBUG:DONE
DEBUG:x_init: 14.38 0.00 0.00 0.00 0.32 0.24 0.59 0.35 0.88 0.47 1.18 0.97 1.32 1.53 1.21 1.98 1.24 2.66 1.50 2.53 1.97 2.02 2.60 1.96 2.97 1.89 3.34 1.53 3.82 1.65 4.12 1.76 4.41 2.00 4.68 2.00 5.00 
INFO:Optimization_method: slsqp
INFO:Optimization_results:
[  1.41467781e+01   1.00614298e-18   1.00614298e-18   4.17462136e-18
   2.76632680e-05  -6.42319286e-07   4.50300694e-01   5.01261940e-01
   4.75315508e-01   8.91976983e-01   7.52591753e-01   1.34529059e+00
   8.88450474e-01   1.77046738e+00   1.09557799e+00   2.23178939e+00
   1.20556069e+00   2.64099727e+00   1.45780993e+00   2.75774359e+00
   1.95322370e+00   2.54788111e+00   2.38600560e+00   2.49737007e+00
   2.85701727e+00   2.37245649e+00   3.31216293e+00   2.27888059e+00
   3.77437391e+00   2.17323175e+00   4.23403442e+00   2.00000064e+00
   4.67467350e+00   2.00000000e+00   4.99997234e+00   2.00000000e+00
   5.00000000e+00]
DEBUG:99.7208931446
INFO:Fineshed planning
INFO:Plannification summary
Optimization terminated successfully.    (Exit mode 0)
            Current function value: 200.131331643
            Iterations: 46
            Function evaluations: 1840
            Gradient evaluations: 46
INFO:Elapsed Time for path generation: 99.7209329605
