DEBUG:R0: Using Tc_p = 0.654545454545 for optimization
DEBUG:R0: Using Tc_d = 0.654545454545 for optimization
DEBUG:R0: Using Tc_p = 0.654545454545 for solution
DEBUG:R0: Using Tc_d = 0.654545454545 for solution
DEBUG:R0: Using N_ssol = 34
INFO:R0: Init motion planning
INFO:R0@tkref=0.0000: Time to solve stand alone optimization problem: 2.00232577324
INFO:R0@tkref=0.0000: N of unsatisfied eq: 3
INFO:R0@tkref=0.0000: N of unsatisfied ieq: 8
INFO:R0@tkref=0.0000: Summary: Iteration limit exceeded after 51 it.
DEBUG:R0@tkref=0.0000: $$$$$$$$ CONFLICT LIST $$$$$$$$: []
INFO:R0: --------------------------
INFO:R0@tkref=0.6545: Time to solve stand alone optimization problem: 0.333539962769
INFO:R0@tkref=0.6545: N of unsatisfied eq: 2
INFO:R0@tkref=0.6545: N of unsatisfied ieq: 8
INFO:R0@tkref=0.6545: Summary: Optimization terminated successfully. after 7 it.
DEBUG:R0@tkref=0.6545: $$$$$$$$ CONFLICT LIST $$$$$$$$: []
INFO:R0: --------------------------
INFO:R0@tkref=1.3091: Time to solve stand alone optimization problem: 0.279294967651
INFO:R0@tkref=1.3091: N of unsatisfied eq: 1
INFO:R0@tkref=1.3091: N of unsatisfied ieq: 6
INFO:R0@tkref=1.3091: Summary: Optimization terminated successfully. after 6 it.
DEBUG:R0@tkref=1.3091: $$$$$$$$ CONFLICT LIST $$$$$$$$: []
INFO:R0: --------------------------
INFO:R0@tkref=1.9636: Time to solve stand alone optimization problem: 0.258460044861
INFO:R0@tkref=1.9636: N of unsatisfied eq: 1
INFO:R0@tkref=1.9636: N of unsatisfied ieq: 9
INFO:R0@tkref=1.9636: Summary: Optimization terminated successfully. after 6 it.
DEBUG:R0@tkref=1.9636: $$$$$$$$ CONFLICT LIST $$$$$$$$: []
INFO:R0: --------------------------
INFO:R0@tkref=2.6182: Time to solve stand alone optimization problem: 0.202165842056
INFO:R0@tkref=2.6182: N of unsatisfied eq: 3
INFO:R0@tkref=2.6182: N of unsatisfied ieq: 8
INFO:R0@tkref=2.6182: Summary: Optimization terminated successfully. after 4 it.
DEBUG:R0@tkref=2.6182: $$$$$$$$ CONFLICT LIST $$$$$$$$: []
INFO:R0: --------------------------
INFO:R0@tkref=3.2727: Time to solve stand alone optimization problem: 0.250941991806
INFO:R0@tkref=3.2727: N of unsatisfied eq: 3
INFO:R0@tkref=3.2727: N of unsatisfied ieq: 6
INFO:R0@tkref=3.2727: Summary: Optimization terminated successfully. after 5 it.
DEBUG:R0@tkref=3.2727: $$$$$$$$ CONFLICT LIST $$$$$$$$: []
INFO:R0: --------------------------
INFO:R0@tkref=3.9273: Time to solve stand alone optimization problem: 1.04018712044
INFO:R0@tkref=3.9273: N of unsatisfied eq: 3
INFO:R0@tkref=3.9273: N of unsatisfied ieq: 8
INFO:R0@tkref=3.9273: Summary: Optimization terminated successfully. after 20 it.
DEBUG:R0@tkref=3.9273: $$$$$$$$ CONFLICT LIST $$$$$$$$: []
INFO:R0: --------------------------
INFO:R0@tkref=4.5818: Time to solve stand alone optimization problem: 0.444164037704
INFO:R0@tkref=4.5818: N of unsatisfied eq: 2
INFO:R0@tkref=4.5818: N of unsatisfied ieq: 8
INFO:R0@tkref=4.5818: Summary: Optimization terminated successfully. after 8 it.
DEBUG:R0@tkref=4.5818: $$$$$$$$ CONFLICT LIST $$$$$$$$: []
INFO:R0: --------------------------
INFO:R0@tkref=5.2364: Time to solve stand alone optimization problem: 0.395114898682
INFO:R0@tkref=5.2364: N of unsatisfied eq: 3
INFO:R0@tkref=5.2364: N of unsatisfied ieq: 7
INFO:R0@tkref=5.2364: Summary: Optimization terminated successfully. after 7 it.
DEBUG:R0@tkref=5.2364: $$$$$$$$ CONFLICT LIST $$$$$$$$: []
INFO:R0: --------------------------
INFO:R0@tkref=5.8909: Time to solve stand alone optimization problem: 0.344655036926
INFO:R0@tkref=5.8909: N of unsatisfied eq: 3
INFO:R0@tkref=5.8909: N of unsatisfied ieq: 7
INFO:R0@tkref=5.8909: Summary: Optimization terminated successfully. after 6 it.
DEBUG:R0@tkref=5.8909: $$$$$$$$ CONFLICT LIST $$$$$$$$: []
INFO:R0: --------------------------
INFO:R0@tkref=6.5455: Time to solve stand alone optimization problem: 0.504106044769
INFO:R0@tkref=6.5455: N of unsatisfied eq: 2
INFO:R0@tkref=6.5455: N of unsatisfied ieq: 7
INFO:R0@tkref=6.5455: Summary: Optimization terminated successfully. after 8 it.
DEBUG:R0@tkref=6.5455: $$$$$$$$ CONFLICT LIST $$$$$$$$: []
INFO:R0: --------------------------
INFO:R0@tkref=7.2000: Time to solve stand alone optimization problem: 0.342443943024
INFO:R0@tkref=7.2000: N of unsatisfied eq: 3
INFO:R0@tkref=7.2000: N of unsatisfied ieq: 7
INFO:R0@tkref=7.2000: Summary: Optimization terminated successfully. after 5 it.
DEBUG:R0@tkref=7.2000: $$$$$$$$ CONFLICT LIST $$$$$$$$: []
INFO:R0: --------------------------
INFO:R0@tkref=7.8545: Time to solve stand alone optimization problem: 0.348722934723
INFO:R0@tkref=7.8545: N of unsatisfied eq: 3
INFO:R0@tkref=7.8545: N of unsatisfied ieq: 7
INFO:R0@tkref=7.8545: Summary: Optimization terminated successfully. after 6 it.
DEBUG:R0@tkref=7.8545: $$$$$$$$ CONFLICT LIST $$$$$$$$: []
INFO:R0: --------------------------
INFO:R0@tkref=8.5091: Time to solve stand alone optimization problem: 0.447395086288
INFO:R0@tkref=8.5091: N of unsatisfied eq: 3
INFO:R0@tkref=8.5091: N of unsatisfied ieq: 6
INFO:R0@tkref=8.5091: Summary: Optimization terminated successfully. after 7 it.
DEBUG:R0@tkref=8.5091: $$$$$$$$ CONFLICT LIST $$$$$$$$: []
INFO:R0: --------------------------
INFO:R0@tkref=9.1636: Time to solve stand alone optimization problem: 0.44435095787
INFO:R0@tkref=9.1636: N of unsatisfied eq: 3
INFO:R0@tkref=9.1636: N of unsatisfied ieq: 7
INFO:R0@tkref=9.1636: Summary: Optimization terminated successfully. after 7 it.
DEBUG:R0@tkref=9.1636: $$$$$$$$ CONFLICT LIST $$$$$$$$: []
INFO:R0: --------------------------
INFO:R0@tkref=9.8182: Time to solve stand alone optimization problem: 0.375623941422
INFO:R0@tkref=9.8182: N of unsatisfied eq: 3
INFO:R0@tkref=9.8182: N of unsatisfied ieq: 7
INFO:R0@tkref=9.8182: Summary: Optimization terminated successfully. after 6 it.
DEBUG:R0@tkref=9.8182: $$$$$$$$ CONFLICT LIST $$$$$$$$: []
INFO:R0: --------------------------
INFO:R0@tkref=10.4727: Time to solve stand alone optimization problem: 0.388596057892
INFO:R0@tkref=10.4727: N of unsatisfied eq: 2
INFO:R0@tkref=10.4727: N of unsatisfied ieq: 8
INFO:R0@tkref=10.4727: Summary: Optimization terminated successfully. after 7 it.
DEBUG:R0@tkref=10.4727: $$$$$$$$ CONFLICT LIST $$$$$$$$: []
INFO:R0: --------------------------
INFO:R0@tkref=11.1273: Time to solve stand alone optimization problem: 0.447233200073
INFO:R0@tkref=11.1273: N of unsatisfied eq: 3
INFO:R0@tkref=11.1273: N of unsatisfied ieq: 7
INFO:R0@tkref=11.1273: Summary: Optimization terminated successfully. after 8 it.
DEBUG:R0@tkref=11.1273: $$$$$$$$ CONFLICT LIST $$$$$$$$: []
INFO:R0: --------------------------
INFO:R0@tkref=11.7818: Time to solve stand alone optimization problem: 0.38427901268
INFO:R0@tkref=11.7818: N of unsatisfied eq: 3
INFO:R0@tkref=11.7818: N of unsatisfied ieq: 7
INFO:R0@tkref=11.7818: Summary: Optimization terminated successfully. after 7 it.
DEBUG:R0@tkref=11.7818: $$$$$$$$ CONFLICT LIST $$$$$$$$: []
INFO:R0: --------------------------
INFO:R0@tkref=12.4364: Time to solve stand alone optimization problem: 0.299954891205
INFO:R0@tkref=12.4364: N of unsatisfied eq: 3
INFO:R0@tkref=12.4364: N of unsatisfied ieq: 8
INFO:R0@tkref=12.4364: Summary: Optimization terminated successfully. after 6 it.
DEBUG:R0@tkref=12.4364: $$$$$$$$ CONFLICT LIST $$$$$$$$: []
INFO:R0: --------------------------
INFO:R0@tkref=13.0909: Time to solve stand alone optimization problem: 0.246534109116
INFO:R0@tkref=13.0909: N of unsatisfied eq: 3
INFO:R0@tkref=13.0909: N of unsatisfied ieq: 8
INFO:R0@tkref=13.0909: Summary: Optimization terminated successfully. after 5 it.
DEBUG:R0@tkref=13.0909: $$$$$$$$ CONFLICT LIST $$$$$$$$: []
INFO:R0: --------------------------
INFO:R0@tkref=13.7455: Time to solve stand alone optimization problem: 0.151297092438
INFO:R0@tkref=13.7455: N of unsatisfied eq: 3
INFO:R0@tkref=13.7455: N of unsatisfied ieq: 5
INFO:R0@tkref=13.7455: Summary: Optimization terminated successfully. after 3 it.
DEBUG:R0@tkref=13.7455: $$$$$$$$ CONFLICT LIST $$$$$$$$: []
INFO:R0: --------------------------
INFO:R0@tkref=14.4000: Time to solve stand alone optimization problem: 0.089476108551
INFO:R0@tkref=14.4000: N of unsatisfied eq: 3
INFO:R0@tkref=14.4000: N of unsatisfied ieq: 6
INFO:R0@tkref=14.4000: Summary: Optimization terminated successfully. after 2 it.
DEBUG:R0@tkref=14.4000: $$$$$$$$ CONFLICT LIST $$$$$$$$: []
INFO:R0: --------------------------
DEBUG:R0: LAST STEP
DEBUG:R0: Approx remaining dist: 1.00603739609
DEBUG:R0: Usual approx plan dist: 2.4
DEBUG:R0: Approx gain in dist: 1.39396260391
DEBUG:R0: Last step min dist: 0.5
INFO:R0: scale 0.419182248371 Ns 7 Nk 3
INFO:R0@tkref=15.0545: Time to solve stand alone optimization problem: 1.14047288895
INFO:R0@tkref=15.0545: N of unsatisfied eq: 10
INFO:R0@tkref=15.0545: N of unsatisfied ieq: 3
INFO:R0@tkref=15.0545: Summary: Iteration limit exceeded after 51 it.
DEBUG:R0@tkref=15.0545: $$$$$$$$ CONFLICT LIST $$$$$$$$: []
INFO:R0: Finished motion planning
INFO:R0: --------------------------
INFO:R0: PEN: 0.00272338727449
INFO:R0: MOB: 6
INFO:R0: TOT: 16.1863630891
INFO:R0: NSE: 24
INFO:R0: FIR: 2.00422000885
INFO:R0: LAS: 1.14151406288
INFO:R0: LMA: 1
INFO:R0: MAX: 1.04123020172
INFO:R0: MIN: 0.0905570983887
INFO:R0: AVG: 0.365647294305
INFO:R0: RMP: 1.59076836374
INFO:R0: RMG: 1.74397981829
