INFO:R0: Init motion planning
INFO:R0@tkref=0.0000: Time to solve stand alone optimisation problem: 1.97481203079
INFO:R0@tkref=0.0000: N of unsatisfied eq: 4
INFO:R0@tkref=0.0000: N of unsatisfied ieq: 11
INFO:R0@tkref=0.0000: Summary: Iteration limit exceeded after 41 it.
DEBUG:R0@tkref=0.0000: $$$$$$$$ CONFLICT LIST $$$$$$$$: []
INFO:R0: --------------------------
INFO:R0@tkref=1.6800: Time to solve stand alone optimisation problem: 0.57582616806
INFO:R0@tkref=1.6800: N of unsatisfied eq: 1
INFO:R0@tkref=1.6800: N of unsatisfied ieq: 8
INFO:R0@tkref=1.6800: Summary: Optimization terminated successfully. after 10 it.
DEBUG:R0@tkref=1.6800: $$$$$$$$ CONFLICT LIST $$$$$$$$: []
INFO:R0: --------------------------
INFO:R0@tkref=3.3600: Time to solve stand alone optimisation problem: 0.495306015015
INFO:R0@tkref=3.3600: N of unsatisfied eq: 3
INFO:R0@tkref=3.3600: N of unsatisfied ieq: 10
INFO:R0@tkref=3.3600: Summary: Optimization terminated successfully. after 7 it.
DEBUG:R0@tkref=3.3600: $$$$$$$$ CONFLICT LIST $$$$$$$$: []
INFO:R0: --------------------------
INFO:R0@tkref=5.0400: Time to solve stand alone optimisation problem: 0.214866876602
INFO:R0@tkref=5.0400: N of unsatisfied eq: 3
INFO:R0@tkref=5.0400: N of unsatisfied ieq: 6
INFO:R0@tkref=5.0400: Summary: Optimization terminated successfully. after 3 it.
DEBUG:R0@tkref=5.0400: $$$$$$$$ CONFLICT LIST $$$$$$$$: []
INFO:R0: --------------------------
DEBUG:R0: LAST STEP
DEBUG:R0: Approx remaining dist: 0.620458636402
DEBUG:R0: Usual approx plan dist: 2.8
DEBUG:R0: Approx gain in dist: 2.1795413636
DEBUG:R0: Last step min dist: 0.5
INFO:R0: scale 0.221592370144 Ns 7 Nk 3
INFO:R0@tkref=6.7200: Time to solve stand alone optimisation problem: 0.485485076904
INFO:R0@tkref=6.7200: N of unsatisfied eq: 10
INFO:R0@tkref=6.7200: N of unsatisfied ieq: 4
INFO:R0@tkref=6.7200: Summary: Iteration limit exceeded after 21 it.
DEBUG:R0@tkref=6.7200: $$$$$$$$ CONFLICT LIST $$$$$$$$: []
INFO:R0: Finished motion planning
INFO:R0: --------------------------
INFO:R0: TOT: 7.41676762702
INFO:R0: NSE: 5
INFO:R0: FIR: 1.97734093666
INFO:R0: LAS: 0.486363887787
INFO:R0: LMA: 0
INFO:R0: MAX: 0.576946020126
INFO:R0: MIN: 0.215754985809
INFO:R0: AVG: 0.429632345835
INFO:R0: RMP: 0.343420250075
INFO:R0: RMG: 0.343420250075
