INFO:R0: Init motion planning
INFO:R0@tkref=0.0000: Time to solve stand alone optimisation problem: 1.05371403694
INFO:R0@tkref=0.0000: N of unsatisfied eq: 4
INFO:R0@tkref=0.0000: N of unsatisfied ieq: 9
INFO:R0@tkref=0.0000: Summary: Iteration limit exceeded after 41 it.
DEBUG:R0@tkref=0.0000: $$$$$$$$ CONFLICT LIST $$$$$$$$: []
INFO:R0: --------------------------
INFO:R0@tkref=1.6800: Time to solve stand alone optimisation problem: 0.0237967967987
INFO:R0@tkref=1.6800: N of unsatisfied eq: 3
INFO:R0@tkref=1.6800: N of unsatisfied ieq: 3
INFO:R0@tkref=1.6800: Summary: Optimization terminated successfully. after 1 it.
DEBUG:R0@tkref=1.6800: $$$$$$$$ CONFLICT LIST $$$$$$$$: []
INFO:R0: --------------------------
INFO:R0@tkref=3.3600: Time to solve stand alone optimisation problem: 0.0231280326843
INFO:R0@tkref=3.3600: N of unsatisfied eq: 3
INFO:R0@tkref=3.3600: N of unsatisfied ieq: 5
INFO:R0@tkref=3.3600: Summary: Optimization terminated successfully. after 1 it.
DEBUG:R0@tkref=3.3600: $$$$$$$$ CONFLICT LIST $$$$$$$$: []
INFO:R0: --------------------------
DEBUG:R0: LAST STEP
DEBUG:R0: Approx remaining dist: 2.11973200188
DEBUG:R0: Usual approx plan dist: 2.4
DEBUG:R0: Approx gain in dist: 0.280267998118
DEBUG:R0: Last step min dist: 0.5
INFO:R0: scale 0.883221667451 Ns 10 Nk 4
INFO:R0@tkref=5.0400: Time to solve stand alone optimisation problem: 0.480890989304
INFO:R0@tkref=5.0400: N of unsatisfied eq: 10
INFO:R0@tkref=5.0400: N of unsatisfied ieq: 4
INFO:R0@tkref=5.0400: Summary: Iteration limit exceeded after 21 it.
DEBUG:R0@tkref=5.0400: $$$$$$$$ CONFLICT LIST $$$$$$$$: []
INFO:R0: Finished motion planning
INFO:R0: --------------------------
INFO:R0: TOT: 7.34547292867
INFO:R0: NSE: 4
INFO:R0: FIR: 1.05592703819
INFO:R0: LAS: 0.481745958328
INFO:R0: LMA: 1
INFO:R0: MAX: 0.0245258808136
INFO:R0: MIN: 0.0239839553833
INFO:R0: AVG: 0.0242549180984
INFO:R0: RMP: 0.0150281132436
INFO:R0: RMG: 0.295187474466
