INFO:R0: Init motion planning
INFO:R0@tkref=0.0000: Time to solve stand alone optimisation problem: 1.62546205521
INFO:R0@tkref=0.0000: N of unsatisfied eq: 5
INFO:R0@tkref=0.0000: N of unsatisfied ieq: 6
INFO:R0@tkref=0.0000: Summary: Iteration limit exceeded after 41 it.
DEBUG:R0@tkref=0.0000: $$$$$$$$ CONFLICT LIST $$$$$$$$: []
INFO:R0: --------------------------
INFO:R0@tkref=1.0769: Time to solve stand alone optimisation problem: 0.409554004669
INFO:R0@tkref=1.0769: N of unsatisfied eq: 2
INFO:R0@tkref=1.0769: N of unsatisfied ieq: 8
INFO:R0@tkref=1.0769: Summary: Optimization terminated successfully. after 9 it.
DEBUG:R0@tkref=1.0769: $$$$$$$$ CONFLICT LIST $$$$$$$$: []
INFO:R0: --------------------------
INFO:R0@tkref=2.1538: Time to solve stand alone optimisation problem: 0.345148801804
INFO:R0@tkref=2.1538: N of unsatisfied eq: 2
INFO:R0@tkref=2.1538: N of unsatisfied ieq: 7
INFO:R0@tkref=2.1538: Summary: Optimization terminated successfully. after 6 it.
DEBUG:R0@tkref=2.1538: $$$$$$$$ CONFLICT LIST $$$$$$$$: []
INFO:R0: --------------------------
INFO:R0@tkref=3.2308: Time to solve stand alone optimisation problem: 0.405333995819
INFO:R0@tkref=3.2308: N of unsatisfied eq: 3
INFO:R0@tkref=3.2308: N of unsatisfied ieq: 6
INFO:R0@tkref=3.2308: Summary: Optimization terminated successfully. after 7 it.
DEBUG:R0@tkref=3.2308: $$$$$$$$ CONFLICT LIST $$$$$$$$: []
INFO:R0: --------------------------
INFO:R0@tkref=4.3077: Time to solve stand alone optimisation problem: 0.322843790054
INFO:R0@tkref=4.3077: N of unsatisfied eq: 2
INFO:R0@tkref=4.3077: N of unsatisfied ieq: 7
INFO:R0@tkref=4.3077: Summary: Optimization terminated successfully. after 6 it.
DEBUG:R0@tkref=4.3077: $$$$$$$$ CONFLICT LIST $$$$$$$$: []
INFO:R0: --------------------------
INFO:R0@tkref=5.3846: Time to solve stand alone optimisation problem: 0.0974180698395
INFO:R0@tkref=5.3846: N of unsatisfied eq: 3
INFO:R0@tkref=5.3846: N of unsatisfied ieq: 7
INFO:R0@tkref=5.3846: Summary: Optimization terminated successfully. after 2 it.
DEBUG:R0@tkref=5.3846: $$$$$$$$ CONFLICT LIST $$$$$$$$: []
INFO:R0: --------------------------
DEBUG:R0: LAST STEP
DEBUG:R0: Approx remaining dist: 0.931557525201
DEBUG:R0: Usual approx plan dist: 2.8
DEBUG:R0: Approx gain in dist: 1.8684424748
DEBUG:R0: Last step min dist: 0.5
INFO:R0: scale 0.332699116143 Ns 7 Nk 3
INFO:R0@tkref=6.4615: Time to solve stand alone optimisation problem: 0.311676979065
INFO:R0@tkref=6.4615: N of unsatisfied eq: 10
INFO:R0@tkref=6.4615: N of unsatisfied ieq: 4
INFO:R0@tkref=6.4615: Summary: Optimization terminated successfully. after 14 it.
DEBUG:R0@tkref=6.4615: $$$$$$$$ CONFLICT LIST $$$$$$$$: []
INFO:R0: Finished motion planning
INFO:R0: --------------------------
INFO:R0: TOT: 7.49747643269
INFO:R0: NSE: 7
INFO:R0: FIR: 1.62757205963
INFO:R0: LAS: 0.312895059586
INFO:R0: LMA: 0
INFO:R0: MAX: 0.410601854324
INFO:R0: MIN: 0.0983939170837
INFO:R0: AVG: 0.316984939575
INFO:R0: RMP: 0.366608798504
INFO:R0: RMG: 0.366608798504
