INFO:R0: Init motion planning
INFO:R0@tkref=0.0000: Time to solve stand alone optimisation problem: 2.71461009979
INFO:R0@tkref=0.0000: N of unsatisfied eq: 4
INFO:R0@tkref=0.0000: N of unsatisfied ieq: 9
INFO:R0@tkref=0.0000: Summary: Iteration limit exceeded after 41 it.
DEBUG:R0@tkref=0.0000: $$$$$$$$ CONFLICT LIST $$$$$$$$: []
INFO:R0: --------------------------
INFO:R0@tkref=2.0000: Time to solve stand alone optimisation problem: 0.923773050308
INFO:R0@tkref=2.0000: N of unsatisfied eq: 3
INFO:R0@tkref=2.0000: N of unsatisfied ieq: 10
INFO:R0@tkref=2.0000: Summary: Optimization terminated successfully. after 11 it.
DEBUG:R0@tkref=2.0000: $$$$$$$$ CONFLICT LIST $$$$$$$$: []
INFO:R0: --------------------------
INFO:R0@tkref=4.0000: Time to solve stand alone optimisation problem: 1.52471804619
INFO:R0@tkref=4.0000: N of unsatisfied eq: 3
INFO:R0@tkref=4.0000: N of unsatisfied ieq: 10
INFO:R0@tkref=4.0000: Summary: Iteration limit exceeded after 16 it.
DEBUG:R0@tkref=4.0000: $$$$$$$$ CONFLICT LIST $$$$$$$$: []
INFO:R0: --------------------------
DEBUG:R0: LAST STEP
DEBUG:R0: Approx remaining dist: 1.92116174485
DEBUG:R0: Usual approx plan dist: 4.0
DEBUG:R0: Approx gain in dist: 2.07883825515
DEBUG:R0: Last step min dist: 0.5
INFO:R0: scale 0.480290436213 Ns 8 Nk 3
INFO:R0@tkref=6.0000: Time to solve stand alone optimisation problem: 0.593487977982
INFO:R0@tkref=6.0000: N of unsatisfied eq: 10
INFO:R0@tkref=6.0000: N of unsatisfied ieq: 3
INFO:R0@tkref=6.0000: Summary: Iteration limit exceeded after 21 it.
DEBUG:R0@tkref=6.0000: $$$$$$$$ CONFLICT LIST $$$$$$$$: []
INFO:R0: Finished motion planning
INFO:R0: --------------------------
INFO:R0: TOT: 8.15229404142
INFO:R0: NSE: 4
INFO:R0: FIR: 2.71674799919
INFO:R0: LAS: 0.594398021698
INFO:R0: LMA: 0
INFO:R0: MAX: 1.52572989464
INFO:R0: MIN: 0.924710035324
INFO:R0: AVG: 1.22521996498
INFO:R0: RMP: 0.762864947319
INFO:R0: RMG: 0.762864947319
