INFO:R0: Init motion planning
INFO:R0@tkref=0.0000: Time to solve stand alone optimisation problem: 1.44177007675
INFO:R0@tkref=0.0000: N of unsatisfied eq: 4
INFO:R0@tkref=0.0000: N of unsatisfied ieq: 9
INFO:R0@tkref=0.0000: Summary: Iteration limit exceeded after 41 it.
DEBUG:R0@tkref=0.0000: $$$$$$$$ CONFLICT LIST $$$$$$$$: []
INFO:R0: --------------------------
INFO:R0@tkref=2.3143: Time to solve stand alone optimisation problem: 0.191718101501
INFO:R0@tkref=2.3143: N of unsatisfied eq: 3
INFO:R0@tkref=2.3143: N of unsatisfied ieq: 7
INFO:R0@tkref=2.3143: Summary: Optimization terminated successfully. after 5 it.
DEBUG:R0@tkref=2.3143: $$$$$$$$ CONFLICT LIST $$$$$$$$: []
INFO:R0: --------------------------
DEBUG:R0: LAST STEP
DEBUG:R0: Approx remaining dist: 2.56302792107
DEBUG:R0: Usual approx plan dist: 3.6
DEBUG:R0: Approx gain in dist: 1.03697207893
DEBUG:R0: Last step min dist: 0.5
INFO:R0: scale 0.711952200298 Ns 11 Nk 4
INFO:R0@tkref=4.6286: Time to solve stand alone optimisation problem: 0.503165960312
INFO:R0@tkref=4.6286: N of unsatisfied eq: 10
INFO:R0@tkref=4.6286: N of unsatisfied ieq: 5
INFO:R0@tkref=4.6286: Summary: Iteration limit exceeded after 21 it.
DEBUG:R0@tkref=4.6286: $$$$$$$$ CONFLICT LIST $$$$$$$$: []
INFO:R0: Finished motion planning
INFO:R0: --------------------------
INFO:R0: TOT: 7.40985148131
INFO:R0: NSE: 3
INFO:R0: FIR: 1.44440984726
INFO:R0: LAS: 0.504301071167
INFO:R0: LMA: 1
INFO:R0: MAX: 0.192842006683
INFO:R0: MIN: 0.192842006683
INFO:R0: AVG: 0.192842006683
INFO:R0: RMP: 0.0852205837615
INFO:R0: RMG: 0.222860321854
