INFO:R0: Init motion planning
INFO:R0@tkref=0.0000: Time to solve stand alone optimisation problem: 0.869899988174
INFO:R0@tkref=0.0000: N of unsatisfied eq: 4
INFO:R0@tkref=0.0000: N of unsatisfied ieq: 4
INFO:R0@tkref=0.0000: Summary: Iteration limit exceeded after 41 it.
DEBUG:R0@tkref=0.0000: $$$$$$$$ CONFLICT LIST $$$$$$$$: []
INFO:R0: --------------------------
INFO:R0@tkref=0.4571: Time to solve stand alone optimisation problem: 0.0223689079285
INFO:R0@tkref=0.4571: N of unsatisfied eq: 3
INFO:R0@tkref=0.4571: N of unsatisfied ieq: 3
INFO:R0@tkref=0.4571: Summary: Optimization terminated successfully. after 1 it.
DEBUG:R0@tkref=0.4571: $$$$$$$$ CONFLICT LIST $$$$$$$$: []
INFO:R0: --------------------------
INFO:R0@tkref=0.9143: Time to solve stand alone optimisation problem: 0.0267560482025
INFO:R0@tkref=0.9143: N of unsatisfied eq: 3
INFO:R0@tkref=0.9143: N of unsatisfied ieq: 6
INFO:R0@tkref=0.9143: Summary: Optimization terminated successfully. after 1 it.
DEBUG:R0@tkref=0.9143: $$$$$$$$ CONFLICT LIST $$$$$$$$: []
INFO:R0: --------------------------
INFO:R0@tkref=1.3714: Time to solve stand alone optimisation problem: 0.0512239933014
INFO:R0@tkref=1.3714: N of unsatisfied eq: 3
INFO:R0@tkref=1.3714: N of unsatisfied ieq: 6
INFO:R0@tkref=1.3714: Summary: Optimization terminated successfully. after 2 it.
DEBUG:R0@tkref=1.3714: $$$$$$$$ CONFLICT LIST $$$$$$$$: []
INFO:R0: --------------------------
INFO:R0@tkref=1.8286: Time to solve stand alone optimisation problem: 0.196825027466
INFO:R0@tkref=1.8286: N of unsatisfied eq: 2
INFO:R0@tkref=1.8286: N of unsatisfied ieq: 6
INFO:R0@tkref=1.8286: Summary: Optimization terminated successfully. after 7 it.
DEBUG:R0@tkref=1.8286: $$$$$$$$ CONFLICT LIST $$$$$$$$: []
INFO:R0: --------------------------
INFO:R0@tkref=2.2857: Time to solve stand alone optimisation problem: 0.305416107178
INFO:R0@tkref=2.2857: N of unsatisfied eq: 3
INFO:R0@tkref=2.2857: N of unsatisfied ieq: 5
INFO:R0@tkref=2.2857: Summary: Optimization terminated successfully. after 10 it.
DEBUG:R0@tkref=2.2857: $$$$$$$$ CONFLICT LIST $$$$$$$$: []
INFO:R0: --------------------------
INFO:R0@tkref=2.7429: Time to solve stand alone optimisation problem: 0.225064992905
INFO:R0@tkref=2.7429: N of unsatisfied eq: 3
INFO:R0@tkref=2.7429: N of unsatisfied ieq: 7
INFO:R0@tkref=2.7429: Summary: Optimization terminated successfully. after 8 it.
DEBUG:R0@tkref=2.7429: $$$$$$$$ CONFLICT LIST $$$$$$$$: []
INFO:R0: --------------------------
INFO:R0@tkref=3.2000: Time to solve stand alone optimisation problem: 0.254421949387
INFO:R0@tkref=3.2000: N of unsatisfied eq: 3
INFO:R0@tkref=3.2000: N of unsatisfied ieq: 5
INFO:R0@tkref=3.2000: Summary: Optimization terminated successfully. after 9 it.
DEBUG:R0@tkref=3.2000: $$$$$$$$ CONFLICT LIST $$$$$$$$: []
INFO:R0: --------------------------
INFO:R0@tkref=3.6571: Time to solve stand alone optimisation problem: 0.251923799515
INFO:R0@tkref=3.6571: N of unsatisfied eq: 3
INFO:R0@tkref=3.6571: N of unsatisfied ieq: 5
INFO:R0@tkref=3.6571: Summary: Optimization terminated successfully. after 9 it.
DEBUG:R0@tkref=3.6571: $$$$$$$$ CONFLICT LIST $$$$$$$$: []
INFO:R0: --------------------------
INFO:R0@tkref=4.1143: Time to solve stand alone optimisation problem: 0.164771080017
INFO:R0@tkref=4.1143: N of unsatisfied eq: 2
INFO:R0@tkref=4.1143: N of unsatisfied ieq: 6
INFO:R0@tkref=4.1143: Summary: Optimization terminated successfully. after 6 it.
DEBUG:R0@tkref=4.1143: $$$$$$$$ CONFLICT LIST $$$$$$$$: []
INFO:R0: --------------------------
INFO:R0@tkref=4.5714: Time to solve stand alone optimisation problem: 0.196790933609
INFO:R0@tkref=4.5714: N of unsatisfied eq: 3
INFO:R0@tkref=4.5714: N of unsatisfied ieq: 5
INFO:R0@tkref=4.5714: Summary: Optimization terminated successfully. after 7 it.
DEBUG:R0@tkref=4.5714: $$$$$$$$ CONFLICT LIST $$$$$$$$: []
INFO:R0: --------------------------
INFO:R0@tkref=5.0286: Time to solve stand alone optimisation problem: 0.225610017776
INFO:R0@tkref=5.0286: N of unsatisfied eq: 3
INFO:R0@tkref=5.0286: N of unsatisfied ieq: 6
INFO:R0@tkref=5.0286: Summary: Optimization terminated successfully. after 8 it.
DEBUG:R0@tkref=5.0286: $$$$$$$$ CONFLICT LIST $$$$$$$$: []
INFO:R0: --------------------------
INFO:R0@tkref=5.4857: Time to solve stand alone optimisation problem: 0.0497539043427
INFO:R0@tkref=5.4857: N of unsatisfied eq: 3
INFO:R0@tkref=5.4857: N of unsatisfied ieq: 6
INFO:R0@tkref=5.4857: Summary: Optimization terminated successfully. after 2 it.
DEBUG:R0@tkref=5.4857: $$$$$$$$ CONFLICT LIST $$$$$$$$: []
INFO:R0: --------------------------
INFO:R0@tkref=5.9429: Time to solve stand alone optimisation problem: 0.0502638816833
INFO:R0@tkref=5.9429: N of unsatisfied eq: 3
INFO:R0@tkref=5.9429: N of unsatisfied ieq: 4
INFO:R0@tkref=5.9429: Summary: Optimization terminated successfully. after 2 it.
DEBUG:R0@tkref=5.9429: $$$$$$$$ CONFLICT LIST $$$$$$$$: []
INFO:R0: --------------------------
INFO:R0@tkref=6.4000: Time to solve stand alone optimisation problem: 0.0257120132446
INFO:R0@tkref=6.4000: N of unsatisfied eq: 3
INFO:R0@tkref=6.4000: N of unsatisfied ieq: 5
INFO:R0@tkref=6.4000: Summary: Optimization terminated successfully. after 1 it.
DEBUG:R0@tkref=6.4000: $$$$$$$$ CONFLICT LIST $$$$$$$$: []
INFO:R0: --------------------------
INFO:R0@tkref=6.8571: Time to solve stand alone optimisation problem: 0.0266659259796
INFO:R0@tkref=6.8571: N of unsatisfied eq: 3
INFO:R0@tkref=6.8571: N of unsatisfied ieq: 5
INFO:R0@tkref=6.8571: Summary: Optimization terminated successfully. after 1 it.
DEBUG:R0@tkref=6.8571: $$$$$$$$ CONFLICT LIST $$$$$$$$: []
INFO:R0: --------------------------
DEBUG:R0: LAST STEP
DEBUG:R0: Approx remaining dist: 0.229251347238
DEBUG:R0: Usual approx plan dist: 1.6
DEBUG:R0: Approx gain in dist: 1.37074865276
DEBUG:R0: Last step min dist: 0.0
INFO:R0: scale 0.143282092024 Ns 7 Nk 3
INFO:R0@tkref=7.3143: Time to solve stand alone optimisation problem: 0.358794927597
INFO:R0@tkref=7.3143: N of unsatisfied eq: 10
INFO:R0@tkref=7.3143: N of unsatisfied ieq: 1
INFO:R0@tkref=7.3143: Summary: Iteration limit exceeded after 21 it.
DEBUG:R0@tkref=7.3143: $$$$$$$$ CONFLICT LIST $$$$$$$$: []
INFO:R0: Finished motion planning
INFO:R0: --------------------------
INFO:R0: TOT: 7.60009210719
INFO:R0: NSE: 17
INFO:R0: FIR: 0.871381044388
INFO:R0: LAS: 0.3596098423
INFO:R0: LMA: 1
INFO:R0: MAX: 0.306252002716
INFO:R0: MIN: 0.0232579708099
INFO:R0: AVG: 0.13904894193
INFO:R0: RMP: 0.598148442805
INFO:R0: RMG: 0.702362973243
