INFO:R0: Init motion planning
INFO:R0@tkref=0.0000: Time to solve stand alone optimisation problem: 2.24415707588
INFO:R0@tkref=0.0000: N of unsatisfied eq: 4
INFO:R0@tkref=0.0000: N of unsatisfied ieq: 7
INFO:R0@tkref=0.0000: Summary: Iteration limit exceeded after 41 it.
DEBUG:R0@tkref=0.0000: $$$$$$$$ CONFLICT LIST $$$$$$$$: []
INFO:R0: --------------------------
INFO:R0@tkref=2.7692: Time to solve stand alone optimisation problem: 0.589355945587
INFO:R0@tkref=2.7692: N of unsatisfied eq: 3
INFO:R0@tkref=2.7692: N of unsatisfied ieq: 5
INFO:R0@tkref=2.7692: Summary: Optimization terminated successfully. after 8 it.
DEBUG:R0@tkref=2.7692: $$$$$$$$ CONFLICT LIST $$$$$$$$: []
INFO:R0: --------------------------
DEBUG:R0: LAST STEP
DEBUG:R0: Approx remaining dist: 2.37310310815
DEBUG:R0: Usual approx plan dist: 4.0
DEBUG:R0: Approx gain in dist: 1.62689689185
DEBUG:R0: Last step min dist: 0.5
INFO:R0: scale 0.593275777037 Ns 8 Nk 3
INFO:R0@tkref=5.5385: Time to solve stand alone optimisation problem: 0.62074303627
INFO:R0@tkref=5.5385: N of unsatisfied eq: 10
INFO:R0@tkref=5.5385: N of unsatisfied ieq: 3
INFO:R0@tkref=5.5385: Summary: Iteration limit exceeded after 21 it.
DEBUG:R0@tkref=5.5385: $$$$$$$$ CONFLICT LIST $$$$$$$$: []
INFO:R0: Finished motion planning
INFO:R0: --------------------------
INFO:R0: TOT: 8.48158556587
INFO:R0: NSE: 3
INFO:R0: FIR: 2.24599194527
INFO:R0: LAS: 0.621677875519
INFO:R0: LMA: 1
INFO:R0: MAX: 0.590219974518
INFO:R0: MIN: 0.590219974518
INFO:R0: AVG: 0.590219974518
INFO:R0: RMP: 0.203524129144
INFO:R0: RMG: 0.214371681213
