INFO:R0: Init motion planning
INFO:R0@tkref=0.0000: Time to solve stand alone optimisation problem: 1.92567110062
INFO:R0@tkref=0.0000: N of unsatisfied eq: 5
INFO:R0@tkref=0.0000: N of unsatisfied ieq: 11
INFO:R0@tkref=0.0000: Summary: Iteration limit exceeded after 41 it.
DEBUG:R0@tkref=0.0000: $$$$$$$$ CONFLICT LIST $$$$$$$$: []
INFO:R0: --------------------------
INFO:R0@tkref=1.0667: Time to solve stand alone optimisation problem: 0.297066926956
INFO:R0@tkref=1.0667: N of unsatisfied eq: 3
INFO:R0@tkref=1.0667: N of unsatisfied ieq: 9
INFO:R0@tkref=1.0667: Summary: Optimization terminated successfully. after 5 it.
DEBUG:R0@tkref=1.0667: $$$$$$$$ CONFLICT LIST $$$$$$$$: []
INFO:R0: --------------------------
INFO:R0@tkref=2.1333: Time to solve stand alone optimisation problem: 0.998354911804
INFO:R0@tkref=2.1333: N of unsatisfied eq: 2
INFO:R0@tkref=2.1333: N of unsatisfied ieq: 7
INFO:R0@tkref=2.1333: Summary: Optimization terminated successfully. after 15 it.
DEBUG:R0@tkref=2.1333: $$$$$$$$ CONFLICT LIST $$$$$$$$: []
INFO:R0: --------------------------
INFO:R0@tkref=3.2000: Time to solve stand alone optimisation problem: 0.848786115646
INFO:R0@tkref=3.2000: N of unsatisfied eq: 3
INFO:R0@tkref=3.2000: N of unsatisfied ieq: 9
INFO:R0@tkref=3.2000: Summary: Optimization terminated successfully. after 13 it.
DEBUG:R0@tkref=3.2000: $$$$$$$$ CONFLICT LIST $$$$$$$$: []
INFO:R0: --------------------------
INFO:R0@tkref=4.2667: Time to solve stand alone optimisation problem: 0.652172088623
INFO:R0@tkref=4.2667: N of unsatisfied eq: 3
INFO:R0@tkref=4.2667: N of unsatisfied ieq: 10
INFO:R0@tkref=4.2667: Summary: Optimization terminated successfully. after 10 it.
DEBUG:R0@tkref=4.2667: $$$$$$$$ CONFLICT LIST $$$$$$$$: []
INFO:R0: --------------------------
INFO:R0@tkref=5.3333: Time to solve stand alone optimisation problem: 0.138893127441
INFO:R0@tkref=5.3333: N of unsatisfied eq: 3
INFO:R0@tkref=5.3333: N of unsatisfied ieq: 11
INFO:R0@tkref=5.3333: Summary: Optimization terminated successfully. after 2 it.
DEBUG:R0@tkref=5.3333: $$$$$$$$ CONFLICT LIST $$$$$$$$: []
INFO:R0: --------------------------
DEBUG:R0: LAST STEP
DEBUG:R0: Approx remaining dist: 1.19419995703
DEBUG:R0: Usual approx plan dist: 2.0
DEBUG:R0: Approx gain in dist: 0.805800042973
DEBUG:R0: Last step min dist: 0.5
INFO:R0: scale 0.597099978514 Ns 10 Nk 4
INFO:R0@tkref=6.4000: Time to solve stand alone optimisation problem: 0.644273042679
INFO:R0@tkref=6.4000: N of unsatisfied eq: 10
INFO:R0@tkref=6.4000: N of unsatisfied ieq: 7
INFO:R0@tkref=6.4000: Summary: Iteration limit exceeded after 21 it.
DEBUG:R0@tkref=6.4000: $$$$$$$$ CONFLICT LIST $$$$$$$$: []
INFO:R0: Finished motion planning
INFO:R0: --------------------------
INFO:R0: TOT: 7.68795911427
INFO:R0: NSE: 7
INFO:R0: FIR: 1.92729401588
INFO:R0: LAS: 0.645212888718
INFO:R0: LMA: 0
INFO:R0: MAX: 0.999308824539
INFO:R0: MIN: 0.139790058136
INFO:R0: AVG: 0.587974977493
INFO:R0: RMP: 0.999308824539
INFO:R0: RMG: 0.999308824539
