INFO:R0: Init motion planning
INFO:R0@tkref=0.0000: Time to solve stand alone optimisation problem: 2.77416801453
INFO:R0@tkref=0.0000: N of unsatisfied eq: 4
INFO:R0@tkref=0.0000: N of unsatisfied ieq: 8
INFO:R0@tkref=0.0000: Summary: Iteration limit exceeded after 41 it.
DEBUG:R0@tkref=0.0000: $$$$$$$$ CONFLICT LIST $$$$$$$$: []
INFO:R0: --------------------------
INFO:R0@tkref=1.8667: Time to solve stand alone optimisation problem: 1.29450201988
INFO:R0@tkref=1.8667: N of unsatisfied eq: 3
INFO:R0@tkref=1.8667: N of unsatisfied ieq: 7
INFO:R0@tkref=1.8667: Summary: Iteration limit exceeded after 16 it.
DEBUG:R0@tkref=1.8667: $$$$$$$$ CONFLICT LIST $$$$$$$$: []
INFO:R0: --------------------------
DEBUG:R0: Big problem 3.77101614073e+14
DEBUG:R0: Big problem 3.77100163116e+12
DEBUG:R0: Big problem 37708565370.0
DEBUG:R0: Big problem 376940575.407
DEBUG:R0: Big problem 3754913.78907
DEBUG:R0: Big problem 6126564.05046
INFO:R0@tkref=3.7333: Time to solve stand alone optimisation problem: 1.74298882484
INFO:R0@tkref=3.7333: N of unsatisfied eq: 5
INFO:R0@tkref=3.7333: N of unsatisfied ieq: 16
INFO:R0@tkref=3.7333: Summary: Iteration limit exceeded after 16 it.
DEBUG:R0@tkref=3.7333: $$$$$$$$ CONFLICT LIST $$$$$$$$: []
INFO:R0: --------------------------
INFO:R0@tkref=5.6000: Time to solve stand alone optimisation problem: 1.55062103271
INFO:R0@tkref=5.6000: N of unsatisfied eq: 3
INFO:R0@tkref=5.6000: N of unsatisfied ieq: 16
INFO:R0@tkref=5.6000: Summary: Iteration limit exceeded after 16 it.
DEBUG:R0@tkref=5.6000: $$$$$$$$ CONFLICT LIST $$$$$$$$: []
INFO:R0: --------------------------
DEBUG:R0: LAST STEP
DEBUG:R0: Approx remaining dist: 2.4942675535
DEBUG:R0: Usual approx plan dist: 5.6
DEBUG:R0: Approx gain in dist: 3.1057324465
DEBUG:R0: Last step min dist: 0.5
INFO:R0: scale 0.445404920268 Ns 7 Nk 3
INFO:R0@tkref=7.4667: Time to solve stand alone optimisation problem: 0.532131910324
INFO:R0@tkref=7.4667: N of unsatisfied eq: 10
INFO:R0@tkref=7.4667: N of unsatisfied ieq: 2
INFO:R0@tkref=7.4667: Summary: Iteration limit exceeded after 21 it.
DEBUG:R0@tkref=7.4667: $$$$$$$$ CONFLICT LIST $$$$$$$$: []
INFO:R0: Finished motion planning
INFO:R0: --------------------------
INFO:R0: TOT: 10.9730339999
INFO:R0: NSE: 5
INFO:R0: FIR: 2.77600193024
INFO:R0: LAS: 0.533293008804
INFO:R0: LMA: 0
INFO:R0: MAX: 1.74389505386
INFO:R0: MIN: 1.29540801048
INFO:R0: AVG: 1.53028233846
INFO:R0: RMP: 0.856377035381
INFO:R0: RMG: 0.856377035381
