INFO:R0: Init motion planning
INFO:R0@tkref=0.0000: Time to solve stand alone optimisation problem: 1.17722415924
INFO:R0@tkref=0.0000: N of unsatisfied eq: 5
INFO:R0@tkref=0.0000: N of unsatisfied ieq: 5
INFO:R0@tkref=0.0000: Summary: Iteration limit exceeded after 41 it.
DEBUG:R0@tkref=0.0000: $$$$$$$$ CONFLICT LIST $$$$$$$$: []
INFO:R0: --------------------------
INFO:R0@tkref=1.2444: Time to solve stand alone optimisation problem: 0.0353510379791
INFO:R0@tkref=1.2444: N of unsatisfied eq: 3
INFO:R0@tkref=1.2444: N of unsatisfied ieq: 5
INFO:R0@tkref=1.2444: Summary: Optimization terminated successfully. after 1 it.
DEBUG:R0@tkref=1.2444: $$$$$$$$ CONFLICT LIST $$$$$$$$: []
INFO:R0: --------------------------
INFO:R0@tkref=2.4889: Time to solve stand alone optimisation problem: 0.619135141373
INFO:R0@tkref=2.4889: N of unsatisfied eq: 2
INFO:R0@tkref=2.4889: N of unsatisfied ieq: 4
INFO:R0@tkref=2.4889: Summary: Iteration limit exceeded after 16 it.
DEBUG:R0@tkref=2.4889: $$$$$$$$ CONFLICT LIST $$$$$$$$: []
INFO:R0: --------------------------
INFO:R0@tkref=3.7333: Time to solve stand alone optimisation problem: 0.266214132309
INFO:R0@tkref=3.7333: N of unsatisfied eq: 3
INFO:R0@tkref=3.7333: N of unsatisfied ieq: 7
INFO:R0@tkref=3.7333: Summary: Optimization terminated successfully. after 7 it.
DEBUG:R0@tkref=3.7333: $$$$$$$$ CONFLICT LIST $$$$$$$$: []
INFO:R0: --------------------------
INFO:R0@tkref=4.9778: Time to solve stand alone optimisation problem: 0.315281152725
INFO:R0@tkref=4.9778: N of unsatisfied eq: 3
INFO:R0@tkref=4.9778: N of unsatisfied ieq: 6
INFO:R0@tkref=4.9778: Summary: Optimization terminated successfully. after 8 it.
DEBUG:R0@tkref=4.9778: $$$$$$$$ CONFLICT LIST $$$$$$$$: []
INFO:R0: --------------------------
INFO:R0@tkref=6.2222: Time to solve stand alone optimisation problem: 0.0353889465332
INFO:R0@tkref=6.2222: N of unsatisfied eq: 3
INFO:R0@tkref=6.2222: N of unsatisfied ieq: 6
INFO:R0@tkref=6.2222: Summary: Optimization terminated successfully. after 1 it.
DEBUG:R0@tkref=6.2222: $$$$$$$$ CONFLICT LIST $$$$$$$$: []
INFO:R0: --------------------------
DEBUG:R0: LAST STEP
DEBUG:R0: Approx remaining dist: 0.00715978701199
DEBUG:R0: Usual approx plan dist: 1.6
DEBUG:R0: Approx gain in dist: 1.59284021299
DEBUG:R0: Last step min dist: 0.0
INFO:R0: scale 0.00447486688249 Ns 7 Nk 3
INFO:R0@tkref=7.4667: Time to solve stand alone optimisation problem: 0.357252836227
INFO:R0@tkref=7.4667: N of unsatisfied eq: 10
INFO:R0@tkref=7.4667: N of unsatisfied ieq: 1
INFO:R0@tkref=7.4667: Summary: Iteration limit exceeded after 21 it.
DEBUG:R0@tkref=7.4667: $$$$$$$$ CONFLICT LIST $$$$$$$$: []
INFO:R0: Finished motion planning
INFO:R0: --------------------------
INFO:R0: TOT: 8.52062607137
INFO:R0: NSE: 7
INFO:R0: FIR: 1.17899012566
INFO:R0: LAS: 0.358077764511
INFO:R0: LMA: 0
INFO:R0: MAX: 0.619973182678
INFO:R0: MIN: 0.0361671447754
INFO:R0: AVG: 0.255098247528
INFO:R0: RMP: 0.523625998884
INFO:R0: RMG: 0.523625998884
