INFO:R0: Init motion planning
INFO:R0@tkref=0.0000: Time to solve stand alone optimisation problem: 0.954278945923
INFO:R0@tkref=0.0000: N of unsatisfied eq: 4
INFO:R0@tkref=0.0000: N of unsatisfied ieq: 5
INFO:R0@tkref=0.0000: Summary: Iteration limit exceeded after 41 it.
DEBUG:R0@tkref=0.0000: $$$$$$$$ CONFLICT LIST $$$$$$$$: []
INFO:R0: --------------------------
INFO:R0@tkref=2.8889: Time to solve stand alone optimisation problem: 0.0239751338959
INFO:R0@tkref=2.8889: N of unsatisfied eq: 3
INFO:R0@tkref=2.8889: N of unsatisfied ieq: 2
INFO:R0@tkref=2.8889: Summary: Optimization terminated successfully. after 1 it.
DEBUG:R0@tkref=2.8889: $$$$$$$$ CONFLICT LIST $$$$$$$$: []
INFO:R0: --------------------------
DEBUG:R0: LAST STEP
DEBUG:R0: Approx remaining dist: 1.55684440599
DEBUG:R0: Usual approx plan dist: 5.2
DEBUG:R0: Approx gain in dist: 3.64315559401
DEBUG:R0: Last step min dist: 0.5
INFO:R0: scale 0.299393154997 Ns 7 Nk 3
INFO:R0@tkref=5.7778: Time to solve stand alone optimisation problem: 0.307580947876
INFO:R0@tkref=5.7778: N of unsatisfied eq: 10
INFO:R0@tkref=5.7778: N of unsatisfied ieq: 4
INFO:R0@tkref=5.7778: Summary: Iteration limit exceeded after 21 it.
DEBUG:R0@tkref=5.7778: $$$$$$$$ CONFLICT LIST $$$$$$$$: []
INFO:R0: Finished motion planning
INFO:R0: --------------------------
INFO:R0: TOT: 7.5265030707
INFO:R0: NSE: 3
INFO:R0: FIR: 0.955621957779
INFO:R0: LAS: 0.308338880539
INFO:R0: LMA: 1
INFO:R0: MAX: 0.0247130393982
INFO:R0: MIN: 0.0247130393982
INFO:R0: AVG: 0.0247130393982
INFO:R0: RMP: 0.00950501515315
INFO:R0: RMG: 0.11859187713
