INFO:R0: Init motion planning
INFO:R0@tkref=0.0000: Time to solve stand alone optimisation problem: 0.953011989594
INFO:R0@tkref=0.0000: N of unsatisfied eq: 4
INFO:R0@tkref=0.0000: N of unsatisfied ieq: 9
INFO:R0@tkref=0.0000: Summary: Iteration limit exceeded after 41 it.
DEBUG:R0@tkref=0.0000: $$$$$$$$ CONFLICT LIST $$$$$$$$: []
INFO:R0: --------------------------
INFO:R0@tkref=1.3091: Time to solve stand alone optimisation problem: 0.033951997757
INFO:R0@tkref=1.3091: N of unsatisfied eq: 3
INFO:R0@tkref=1.3091: N of unsatisfied ieq: 5
INFO:R0@tkref=1.3091: Summary: Optimization terminated successfully. after 1 it.
DEBUG:R0@tkref=1.3091: $$$$$$$$ CONFLICT LIST $$$$$$$$: []
INFO:R0: --------------------------
INFO:R0@tkref=2.6182: Time to solve stand alone optimisation problem: 0.0473580360413
INFO:R0@tkref=2.6182: N of unsatisfied eq: 3
INFO:R0@tkref=2.6182: N of unsatisfied ieq: 6
INFO:R0@tkref=2.6182: Summary: Optimization terminated successfully. after 2 it.
DEBUG:R0@tkref=2.6182: $$$$$$$$ CONFLICT LIST $$$$$$$$: []
INFO:R0: --------------------------
INFO:R0@tkref=3.9273: Time to solve stand alone optimisation problem: 0.0215420722961
INFO:R0@tkref=3.9273: N of unsatisfied eq: 4
INFO:R0@tkref=3.9273: N of unsatisfied ieq: 8
INFO:R0@tkref=3.9273: Summary: Optimization terminated successfully. after 1 it.
DEBUG:R0@tkref=3.9273: $$$$$$$$ CONFLICT LIST $$$$$$$$: []
INFO:R0: --------------------------
INFO:R0@tkref=5.2364: Time to solve stand alone optimisation problem: 0.0218660831451
INFO:R0@tkref=5.2364: N of unsatisfied eq: 5
INFO:R0@tkref=5.2364: N of unsatisfied ieq: 7
INFO:R0@tkref=5.2364: Summary: Optimization terminated successfully. after 1 it.
DEBUG:R0@tkref=5.2364: $$$$$$$$ CONFLICT LIST $$$$$$$$: []
INFO:R0: --------------------------
DEBUG:R0: LAST STEP
DEBUG:R0: Approx remaining dist: 0.654064279875
DEBUG:R0: Usual approx plan dist: 2.4
DEBUG:R0: Approx gain in dist: 1.74593572013
DEBUG:R0: Last step min dist: 0.5
INFO:R0: scale 0.272526783281 Ns 7 Nk 3
INFO:R0@tkref=6.5455: Time to solve stand alone optimisation problem: 0.422200202942
INFO:R0@tkref=6.5455: N of unsatisfied eq: 10
INFO:R0@tkref=6.5455: N of unsatisfied ieq: 4
INFO:R0@tkref=6.5455: Summary: Iteration limit exceeded after 21 it.
DEBUG:R0@tkref=6.5455: $$$$$$$$ CONFLICT LIST $$$$$$$$: []
INFO:R0: Finished motion planning
INFO:R0: --------------------------
INFO:R0: TOT: 7.27996603366
INFO:R0: NSE: 6
INFO:R0: FIR: 0.954545974731
INFO:R0: LAS: 0.423179149628
INFO:R0: LMA: 1
INFO:R0: MAX: 0.0482361316681
INFO:R0: MIN: 0.0223639011383
INFO:R0: AVG: 0.0320599675179
INFO:R0: RMP: 0.0358899789197
INFO:R0: RMG: 0.314865438711
