INFO:R0: Init motion planning
INFO:R0@tkref=0.0000: Time to solve stand alone optimisation problem: 0.777820110321
INFO:R0@tkref=0.0000: N of unsatisfied eq: 5
INFO:R0@tkref=0.0000: N of unsatisfied ieq: 4
INFO:R0@tkref=0.0000: Summary: Iteration limit exceeded after 41 it.
DEBUG:R0@tkref=0.0000: $$$$$$$$ CONFLICT LIST $$$$$$$$: []
INFO:R0: --------------------------
INFO:R0@tkref=1.7143: Time to solve stand alone optimisation problem: 0.0753271579742
INFO:R0@tkref=1.7143: N of unsatisfied eq: 3
INFO:R0@tkref=1.7143: N of unsatisfied ieq: 5
INFO:R0@tkref=1.7143: Summary: Optimization terminated successfully. after 3 it.
DEBUG:R0@tkref=1.7143: $$$$$$$$ CONFLICT LIST $$$$$$$$: []
INFO:R0: --------------------------
INFO:R0@tkref=3.4286: Time to solve stand alone optimisation problem: 0.0181918144226
INFO:R0@tkref=3.4286: N of unsatisfied eq: 3
INFO:R0@tkref=3.4286: N of unsatisfied ieq: 5
INFO:R0@tkref=3.4286: Summary: Optimization terminated successfully. after 1 it.
DEBUG:R0@tkref=3.4286: $$$$$$$$ CONFLICT LIST $$$$$$$$: []
INFO:R0: --------------------------
DEBUG:R0: LAST STEP
DEBUG:R0: Approx remaining dist: 2.13204452556
DEBUG:R0: Usual approx plan dist: 4.0
DEBUG:R0: Approx gain in dist: 1.86795547444
DEBUG:R0: Last step min dist: 0.5
INFO:R0: scale 0.533011131391 Ns 7 Nk 3
INFO:R0@tkref=5.1429: Time to solve stand alone optimisation problem: 0.415185928345
INFO:R0@tkref=5.1429: N of unsatisfied eq: 10
INFO:R0@tkref=5.1429: N of unsatisfied ieq: 4
INFO:R0@tkref=5.1429: Summary: Iteration limit exceeded after 21 it.
DEBUG:R0@tkref=5.1429: $$$$$$$$ CONFLICT LIST $$$$$$$$: []
INFO:R0: Finished motion planning
INFO:R0: --------------------------
INFO:R0: TOT: 7.53790334929
INFO:R0: NSE: 4
INFO:R0: FIR: 0.779105901718
INFO:R0: LAS: 0.41597700119
INFO:R0: LMA: 1
INFO:R0: MAX: 0.0765550136566
INFO:R0: MIN: 0.0190250873566
INFO:R0: AVG: 0.0477900505066
INFO:R0: RMP: 0.0450323609745
INFO:R0: RMG: 0.244692353641
