INFO:R0: Init motion planning
INFO:R0@tkref=0.0000: Time to solve stand alone optimisation problem: 1.20258998871
INFO:R0@tkref=0.0000: N of unsatisfied eq: 5
INFO:R0@tkref=0.0000: N of unsatisfied ieq: 6
INFO:R0@tkref=0.0000: Summary: Iteration limit exceeded after 41 it.
DEBUG:R0@tkref=0.0000: $$$$$$$$ CONFLICT LIST $$$$$$$$: []
INFO:R0: --------------------------
INFO:R0@tkref=2.4444: Time to solve stand alone optimisation problem: 0.0304880142212
INFO:R0@tkref=2.4444: N of unsatisfied eq: 3
INFO:R0@tkref=2.4444: N of unsatisfied ieq: 4
INFO:R0@tkref=2.4444: Summary: Optimization terminated successfully. after 1 it.
DEBUG:R0@tkref=2.4444: $$$$$$$$ CONFLICT LIST $$$$$$$$: []
INFO:R0: --------------------------
DEBUG:R0: LAST STEP
DEBUG:R0: Approx remaining dist: 2.30366659112
DEBUG:R0: Usual approx plan dist: 4.4
DEBUG:R0: Approx gain in dist: 2.09633340888
DEBUG:R0: Last step min dist: 0.5
INFO:R0: scale 0.523560588892 Ns 7 Nk 3
INFO:R0@tkref=4.8889: Time to solve stand alone optimisation problem: 0.357904195786
INFO:R0@tkref=4.8889: N of unsatisfied eq: 10
INFO:R0@tkref=4.8889: N of unsatisfied ieq: 4
INFO:R0@tkref=4.8889: Summary: Iteration limit exceeded after 21 it.
DEBUG:R0@tkref=4.8889: $$$$$$$$ CONFLICT LIST $$$$$$$$: []
INFO:R0: Finished motion planning
INFO:R0: --------------------------
INFO:R0: TOT: 7.47648181112
INFO:R0: NSE: 3
INFO:R0: FIR: 1.20444703102
INFO:R0: LAS: 0.358684062958
INFO:R0: LMA: 1
INFO:R0: MAX: 0.0314259529114
INFO:R0: MIN: 0.0314259529114
INFO:R0: AVG: 0.0314259529114
INFO:R0: RMP: 0.0133917412974
INFO:R0: RMG: 0.152848322283
