INFO:R0: Init motion planning
INFO:R0@tkref=0.0000: Time to solve stand alone optimisation problem: 1.84760808945
INFO:R0@tkref=0.0000: N of unsatisfied eq: 4
INFO:R0@tkref=0.0000: N of unsatisfied ieq: 5
INFO:R0@tkref=0.0000: Summary: Iteration limit exceeded after 41 it.
DEBUG:R0@tkref=0.0000: $$$$$$$$ CONFLICT LIST $$$$$$$$: []
INFO:R0: --------------------------
INFO:R0@tkref=1.2727: Time to solve stand alone optimisation problem: 0.451462984085
INFO:R0@tkref=1.2727: N of unsatisfied eq: 3
INFO:R0@tkref=1.2727: N of unsatisfied ieq: 7
INFO:R0@tkref=1.2727: Summary: Optimization terminated successfully. after 8 it.
DEBUG:R0@tkref=1.2727: $$$$$$$$ CONFLICT LIST $$$$$$$$: []
INFO:R0: --------------------------
INFO:R0@tkref=2.5455: Time to solve stand alone optimisation problem: 0.374747037888
INFO:R0@tkref=2.5455: N of unsatisfied eq: 3
INFO:R0@tkref=2.5455: N of unsatisfied ieq: 8
INFO:R0@tkref=2.5455: Summary: Optimization terminated successfully. after 6 it.
DEBUG:R0@tkref=2.5455: $$$$$$$$ CONFLICT LIST $$$$$$$$: []
INFO:R0: --------------------------
INFO:R0@tkref=3.8182: Time to solve stand alone optimisation problem: 0.684247016907
INFO:R0@tkref=3.8182: N of unsatisfied eq: 2
INFO:R0@tkref=3.8182: N of unsatisfied ieq: 4
INFO:R0@tkref=3.8182: Summary: Optimization terminated successfully. after 11 it.
DEBUG:R0@tkref=3.8182: $$$$$$$$ CONFLICT LIST $$$$$$$$: []
INFO:R0: --------------------------
INFO:R0@tkref=5.0909: Time to solve stand alone optimisation problem: 0.292545080185
INFO:R0@tkref=5.0909: N of unsatisfied eq: 3
INFO:R0@tkref=5.0909: N of unsatisfied ieq: 7
INFO:R0@tkref=5.0909: Summary: Optimization terminated successfully. after 6 it.
DEBUG:R0@tkref=5.0909: $$$$$$$$ CONFLICT LIST $$$$$$$$: []
INFO:R0: --------------------------
DEBUG:R0: LAST STEP
DEBUG:R0: Approx remaining dist: 1.20381209861
DEBUG:R0: Usual approx plan dist: 2.0
DEBUG:R0: Approx gain in dist: 0.796187901394
DEBUG:R0: Last step min dist: 0.5
INFO:R0: scale 0.601906049303 Ns 7 Nk 3
INFO:R0@tkref=6.3636: Time to solve stand alone optimisation problem: 0.472047805786
INFO:R0@tkref=6.3636: N of unsatisfied eq: 10
INFO:R0@tkref=6.3636: N of unsatisfied ieq: 4
INFO:R0@tkref=6.3636: Summary: Iteration limit exceeded after 21 it.
DEBUG:R0@tkref=6.3636: $$$$$$$$ CONFLICT LIST $$$$$$$$: []
INFO:R0: Finished motion planning
INFO:R0: --------------------------
INFO:R0: TOT: 7.71580426313
INFO:R0: NSE: 6
INFO:R0: FIR: 1.84908604622
INFO:R0: LAS: 0.47306895256
INFO:R0: LMA: 0
INFO:R0: MAX: 0.68513584137
INFO:R0: MIN: 0.293406963348
INFO:R0: AVG: 0.451800644398
INFO:R0: RMP: 0.527027570284
INFO:R0: RMG: 0.527027570284
