INFO:R0: Init motion planning
INFO:R0@tkref=0.0000: Time to solve stand alone optimisation problem: 2.30452513695
INFO:R0@tkref=0.0000: N of unsatisfied eq: 4
INFO:R0@tkref=0.0000: N of unsatisfied ieq: 3
INFO:R0@tkref=0.0000: Summary: Iteration limit exceeded after 41 it.
DEBUG:R0@tkref=0.0000: $$$$$$$$ CONFLICT LIST $$$$$$$$: []
INFO:R0: --------------------------
INFO:R0@tkref=2.2286: Time to solve stand alone optimisation problem: 0.90717792511
INFO:R0@tkref=2.2286: N of unsatisfied eq: 5
INFO:R0@tkref=2.2286: N of unsatisfied ieq: 15
INFO:R0@tkref=2.2286: Summary: Iteration limit exceeded after 16 it.
DEBUG:R0@tkref=2.2286: $$$$$$$$ CONFLICT LIST $$$$$$$$: []
INFO:R0: --------------------------
INFO:R0@tkref=4.4571: Time to solve stand alone optimisation problem: 0.599415063858
INFO:R0@tkref=4.4571: N of unsatisfied eq: 3
INFO:R0@tkref=4.4571: N of unsatisfied ieq: 15
INFO:R0@tkref=4.4571: Summary: Optimization terminated successfully. after 13 it.
DEBUG:R0@tkref=4.4571: $$$$$$$$ CONFLICT LIST $$$$$$$$: []
INFO:R0: --------------------------
INFO:R0@tkref=6.6857: Time to solve stand alone optimisation problem: 0.371460914612
INFO:R0@tkref=6.6857: N of unsatisfied eq: 3
INFO:R0@tkref=6.6857: N of unsatisfied ieq: 5
INFO:R0@tkref=6.6857: Summary: Iteration limit exceeded after 16 it.
DEBUG:R0@tkref=6.6857: $$$$$$$$ CONFLICT LIST $$$$$$$$: []
INFO:R0: --------------------------
INFO:R0@tkref=8.9143: Time to solve stand alone optimisation problem: 0.0488848686218
INFO:R0@tkref=8.9143: N of unsatisfied eq: 3
INFO:R0@tkref=8.9143: N of unsatisfied ieq: 5
INFO:R0@tkref=8.9143: Summary: Optimization terminated successfully. after 2 it.
DEBUG:R0@tkref=8.9143: $$$$$$$$ CONFLICT LIST $$$$$$$$: []
INFO:R0: --------------------------
DEBUG:R0: LAST STEP
DEBUG:R0: Approx remaining dist: 1.88757406628
DEBUG:R0: Usual approx plan dist: 5.2
DEBUG:R0: Approx gain in dist: 3.31242593372
DEBUG:R0: Last step min dist: 0.5
INFO:R0: scale 0.362995012747 Ns 7 Nk 3
INFO:R0@tkref=11.1429: Time to solve stand alone optimisation problem: 0.352426052094
INFO:R0@tkref=11.1429: N of unsatisfied eq: 10
INFO:R0@tkref=11.1429: N of unsatisfied ieq: 2
INFO:R0@tkref=11.1429: Summary: Iteration limit exceeded after 21 it.
DEBUG:R0@tkref=11.1429: $$$$$$$$ CONFLICT LIST $$$$$$$$: []
INFO:R0: Finished motion planning
INFO:R0: --------------------------
INFO:R0: TOT: 13.8125745055
INFO:R0: NSE: 6
INFO:R0: FIR: 2.30650091171
INFO:R0: LAS: 0.353302001953
INFO:R0: LMA: 0
INFO:R0: MAX: 0.908064126968
INFO:R0: MIN: 0.0497808456421
INFO:R0: AVG: 0.48262155056
INFO:R0: RMP: 0.396881174374
INFO:R0: RMG: 0.396881174374
