INFO:R0: Init motion planning
INFO:R0@tkref=0.0000: Time to solve stand alone optimisation problem: 1.46430587769
INFO:R0@tkref=0.0000: N of unsatisfied eq: 4
INFO:R0@tkref=0.0000: N of unsatisfied ieq: 11
INFO:R0@tkref=0.0000: Summary: Iteration limit exceeded after 41 it.
DEBUG:R0@tkref=0.0000: $$$$$$$$ CONFLICT LIST $$$$$$$$: []
INFO:R0: --------------------------
INFO:R0@tkref=0.6400: Time to solve stand alone optimisation problem: 0.189678192139
INFO:R0@tkref=0.6400: N of unsatisfied eq: 3
INFO:R0@tkref=0.6400: N of unsatisfied ieq: 9
INFO:R0@tkref=0.6400: Summary: Optimization terminated successfully. after 5 it.
DEBUG:R0@tkref=0.6400: $$$$$$$$ CONFLICT LIST $$$$$$$$: []
INFO:R0: --------------------------
INFO:R0@tkref=1.2800: Time to solve stand alone optimisation problem: 0.0411648750305
INFO:R0@tkref=1.2800: N of unsatisfied eq: 3
INFO:R0@tkref=1.2800: N of unsatisfied ieq: 9
INFO:R0@tkref=1.2800: Summary: Optimization terminated successfully. after 1 it.
DEBUG:R0@tkref=1.2800: $$$$$$$$ CONFLICT LIST $$$$$$$$: []
INFO:R0: --------------------------
INFO:R0@tkref=1.9200: Time to solve stand alone optimisation problem: 0.269577026367
INFO:R0@tkref=1.9200: N of unsatisfied eq: 3
INFO:R0@tkref=1.9200: N of unsatisfied ieq: 9
INFO:R0@tkref=1.9200: Summary: Optimization terminated successfully. after 7 it.
DEBUG:R0@tkref=1.9200: $$$$$$$$ CONFLICT LIST $$$$$$$$: []
INFO:R0: --------------------------
INFO:R0@tkref=2.5600: Time to solve stand alone optimisation problem: 0.0380330085754
INFO:R0@tkref=2.5600: N of unsatisfied eq: 3
INFO:R0@tkref=2.5600: N of unsatisfied ieq: 10
INFO:R0@tkref=2.5600: Summary: Optimization terminated successfully. after 1 it.
DEBUG:R0@tkref=2.5600: $$$$$$$$ CONFLICT LIST $$$$$$$$: []
INFO:R0: --------------------------
INFO:R0@tkref=3.2000: Time to solve stand alone optimisation problem: 0.0786769390106
INFO:R0@tkref=3.2000: N of unsatisfied eq: 3
INFO:R0@tkref=3.2000: N of unsatisfied ieq: 12
INFO:R0@tkref=3.2000: Summary: Optimization terminated successfully. after 2 it.
DEBUG:R0@tkref=3.2000: $$$$$$$$ CONFLICT LIST $$$$$$$$: []
INFO:R0: --------------------------
INFO:R0@tkref=3.8400: Time to solve stand alone optimisation problem: 0.0461030006409
INFO:R0@tkref=3.8400: N of unsatisfied eq: 3
INFO:R0@tkref=3.8400: N of unsatisfied ieq: 10
INFO:R0@tkref=3.8400: Summary: Optimization terminated successfully. after 1 it.
DEBUG:R0@tkref=3.8400: $$$$$$$$ CONFLICT LIST $$$$$$$$: []
INFO:R0: --------------------------
INFO:R0@tkref=4.4800: Time to solve stand alone optimisation problem: 0.046471118927
INFO:R0@tkref=4.4800: N of unsatisfied eq: 3
INFO:R0@tkref=4.4800: N of unsatisfied ieq: 8
INFO:R0@tkref=4.4800: Summary: Optimization terminated successfully. after 1 it.
DEBUG:R0@tkref=4.4800: $$$$$$$$ CONFLICT LIST $$$$$$$$: []
INFO:R0: --------------------------
INFO:R0@tkref=5.1200: Time to solve stand alone optimisation problem: 0.0391938686371
INFO:R0@tkref=5.1200: N of unsatisfied eq: 3
INFO:R0@tkref=5.1200: N of unsatisfied ieq: 8
INFO:R0@tkref=5.1200: Summary: Optimization terminated successfully. after 1 it.
DEBUG:R0@tkref=5.1200: $$$$$$$$ CONFLICT LIST $$$$$$$$: []
INFO:R0: --------------------------
INFO:R0@tkref=5.7600: Time to solve stand alone optimisation problem: 0.0326998233795
INFO:R0@tkref=5.7600: N of unsatisfied eq: 3
INFO:R0@tkref=5.7600: N of unsatisfied ieq: 7
INFO:R0@tkref=5.7600: Summary: Optimization terminated successfully. after 1 it.
DEBUG:R0@tkref=5.7600: $$$$$$$$ CONFLICT LIST $$$$$$$$: []
INFO:R0: --------------------------
DEBUG:R0: LAST STEP
DEBUG:R0: Approx remaining dist: 0.758980452081
DEBUG:R0: Usual approx plan dist: 3.2
DEBUG:R0: Approx gain in dist: 2.44101954792
DEBUG:R0: Last step min dist: 0.5
INFO:R0: scale 0.237181391275 Ns 7 Nk 3
INFO:R0@tkref=6.4000: Time to solve stand alone optimisation problem: 0.366391181946
INFO:R0@tkref=6.4000: N of unsatisfied eq: 10
INFO:R0@tkref=6.4000: N of unsatisfied ieq: 4
INFO:R0@tkref=6.4000: Summary: Iteration limit exceeded after 21 it.
DEBUG:R0@tkref=6.4000: $$$$$$$$ CONFLICT LIST $$$$$$$$: []
INFO:R0: Finished motion planning
INFO:R0: --------------------------
INFO:R0: TOT: 7.25234449448
INFO:R0: NSE: 11
INFO:R0: FIR: 1.46648001671
INFO:R0: LAS: 0.367192029953
INFO:R0: LMA: 1
INFO:R0: MAX: 0.270390987396
INFO:R0: MIN: 0.033499956131
INFO:R0: AVG: 0.0878319740295
INFO:R0: RMP: 0.422485917807
INFO:R0: RMG: 0.573737546802
