INFO:R0: Init motion planning
INFO:R0@tkref=0.0000: Time to solve stand alone optimisation problem: 1.45852994919
INFO:R0@tkref=0.0000: N of unsatisfied eq: 4
INFO:R0@tkref=0.0000: N of unsatisfied ieq: 6
INFO:R0@tkref=0.0000: Summary: Iteration limit exceeded after 41 it.
DEBUG:R0@tkref=0.0000: $$$$$$$$ CONFLICT LIST $$$$$$$$: []
INFO:R0: --------------------------
INFO:R0@tkref=1.5556: Time to solve stand alone optimisation problem: 0.45024895668
INFO:R0@tkref=1.5556: N of unsatisfied eq: 2
INFO:R0@tkref=1.5556: N of unsatisfied ieq: 7
INFO:R0@tkref=1.5556: Summary: Optimization terminated successfully. after 11 it.
DEBUG:R0@tkref=1.5556: $$$$$$$$ CONFLICT LIST $$$$$$$$: []
INFO:R0: --------------------------
INFO:R0@tkref=3.1111: Time to solve stand alone optimisation problem: 0.737828016281
INFO:R0@tkref=3.1111: N of unsatisfied eq: 3
INFO:R0@tkref=3.1111: N of unsatisfied ieq: 7
INFO:R0@tkref=3.1111: Summary: Iteration limit exceeded after 16 it.
DEBUG:R0@tkref=3.1111: $$$$$$$$ CONFLICT LIST $$$$$$$$: []
INFO:R0: --------------------------
INFO:R0@tkref=4.6667: Time to solve stand alone optimisation problem: 0.27262711525
INFO:R0@tkref=4.6667: N of unsatisfied eq: 3
INFO:R0@tkref=4.6667: N of unsatisfied ieq: 8
INFO:R0@tkref=4.6667: Summary: Optimization terminated successfully. after 6 it.
DEBUG:R0@tkref=4.6667: $$$$$$$$ CONFLICT LIST $$$$$$$$: []
INFO:R0: --------------------------
DEBUG:R0: LAST STEP
DEBUG:R0: Approx remaining dist: 1.30295466014
DEBUG:R0: Usual approx plan dist: 2.8
DEBUG:R0: Approx gain in dist: 1.49704533986
DEBUG:R0: Last step min dist: 0.5
INFO:R0: scale 0.46534095005 Ns 7 Nk 3
INFO:R0@tkref=6.2222: Time to solve stand alone optimisation problem: 0.452303171158
INFO:R0@tkref=6.2222: N of unsatisfied eq: 7
INFO:R0@tkref=6.2222: N of unsatisfied ieq: 3
INFO:R0@tkref=6.2222: Summary: Iteration limit exceeded after 21 it.
DEBUG:R0@tkref=6.2222: $$$$$$$$ CONFLICT LIST $$$$$$$$: []
INFO:R0: Finished motion planning
INFO:R0: --------------------------
INFO:R0: TOT: 7.69627751468
INFO:R0: NSE: 5
INFO:R0: FIR: 1.46041512489
INFO:R0: LAS: 0.453287124634
INFO:R0: LMA: 0
INFO:R0: MAX: 0.738787174225
INFO:R0: MIN: 0.273524045944
INFO:R0: AVG: 0.487900018692
INFO:R0: RMP: 0.527705124446
INFO:R0: RMG: 0.527705124446
