INFO:R0: Init motion planning
INFO:R0@tkref=0.0000: Time to solve stand alone optimisation problem: 1.26317191124
INFO:R0@tkref=0.0000: N of unsatisfied eq: 5
INFO:R0@tkref=0.0000: N of unsatisfied ieq: 6
INFO:R0@tkref=0.0000: Summary: Iteration limit exceeded after 41 it.
DEBUG:R0@tkref=0.0000: $$$$$$$$ CONFLICT LIST $$$$$$$$: []
INFO:R0: --------------------------
INFO:R0@tkref=3.0800: Time to solve stand alone optimisation problem: 0.0344669818878
INFO:R0@tkref=3.0800: N of unsatisfied eq: 3
INFO:R0@tkref=3.0800: N of unsatisfied ieq: 7
INFO:R0@tkref=3.0800: Summary: Optimization terminated successfully. after 1 it.
DEBUG:R0@tkref=3.0800: $$$$$$$$ CONFLICT LIST $$$$$$$$: []
INFO:R0: --------------------------
DEBUG:R0: LAST STEP
DEBUG:R0: Approx remaining dist: 1.04675700395
DEBUG:R0: Usual approx plan dist: 4.4
DEBUG:R0: Approx gain in dist: 3.35324299605
DEBUG:R0: Last step min dist: 0.5
INFO:R0: scale 0.237899319078 Ns 7 Nk 3
INFO:R0@tkref=6.1600: Time to solve stand alone optimisation problem: 0.360940933228
INFO:R0@tkref=6.1600: N of unsatisfied eq: 10
INFO:R0@tkref=6.1600: N of unsatisfied ieq: 4
INFO:R0@tkref=6.1600: Summary: Iteration limit exceeded after 21 it.
DEBUG:R0@tkref=6.1600: $$$$$$$$ CONFLICT LIST $$$$$$$$: []
INFO:R0: Finished motion planning
INFO:R0: --------------------------
INFO:R0: TOT: 7.33556449675
INFO:R0: NSE: 3
INFO:R0: FIR: 1.26455593109
INFO:R0: LAS: 0.361876010895
INFO:R0: LMA: 1
INFO:R0: MAX: 0.0355241298676
INFO:R0: MIN: 0.0355241298676
INFO:R0: AVG: 0.0355241298676
INFO:R0: RMP: 0.0121104988185
INFO:R0: RMG: 0.123366821896
