INFO:R0: Init motion planning
INFO:R0@tkref=0.0000: Time to solve stand alone optimisation problem: 1.45456981659
INFO:R0@tkref=0.0000: N of unsatisfied eq: 4
INFO:R0@tkref=0.0000: N of unsatisfied ieq: 7
INFO:R0@tkref=0.0000: Summary: Iteration limit exceeded after 41 it.
DEBUG:R0@tkref=0.0000: $$$$$$$$ CONFLICT LIST $$$$$$$$: []
INFO:R0: --------------------------
INFO:R0@tkref=2.0571: Time to solve stand alone optimisation problem: 0.202037811279
INFO:R0@tkref=2.0571: N of unsatisfied eq: 2
INFO:R0@tkref=2.0571: N of unsatisfied ieq: 5
INFO:R0@tkref=2.0571: Summary: Optimization terminated successfully. after 5 it.
DEBUG:R0@tkref=2.0571: $$$$$$$$ CONFLICT LIST $$$$$$$$: []
INFO:R0: --------------------------
INFO:R0@tkref=4.1143: Time to solve stand alone optimisation problem: 0.739497184753
INFO:R0@tkref=4.1143: N of unsatisfied eq: 2
INFO:R0@tkref=4.1143: N of unsatisfied ieq: 6
INFO:R0@tkref=4.1143: Summary: Iteration limit exceeded after 16 it.
DEBUG:R0@tkref=4.1143: $$$$$$$$ CONFLICT LIST $$$$$$$$: []
INFO:R0: --------------------------
DEBUG:R0: LAST STEP
DEBUG:R0: Approx remaining dist: 2.12760344782
DEBUG:R0: Usual approx plan dist: 4.8
DEBUG:R0: Approx gain in dist: 2.67239655218
DEBUG:R0: Last step min dist: 0.5
INFO:R0: scale 0.443250718297 Ns 7 Nk 3
INFO:R0@tkref=6.1714: Time to solve stand alone optimisation problem: 0.418028116226
INFO:R0@tkref=6.1714: N of unsatisfied eq: 10
INFO:R0@tkref=6.1714: N of unsatisfied ieq: 3
INFO:R0@tkref=6.1714: Summary: Iteration limit exceeded after 21 it.
DEBUG:R0@tkref=6.1714: $$$$$$$$ CONFLICT LIST $$$$$$$$: []
INFO:R0: Finished motion planning
INFO:R0: --------------------------
INFO:R0: TOT: 8.61285024054
INFO:R0: NSE: 4
INFO:R0: FIR: 1.45585107803
INFO:R0: LAS: 0.418847084045
INFO:R0: LMA: 0
INFO:R0: MAX: 0.740314006805
INFO:R0: MIN: 0.202852010727
INFO:R0: AVG: 0.471583008766
INFO:R0: RMP: 0.350527465343
INFO:R0: RMG: 0.350527465343
