INFO:R0: Init motion planning
INFO:R0@tkref=0.0000: Time to solve stand alone optimisation problem: 1.3080470562
INFO:R0@tkref=0.0000: N of unsatisfied eq: 5
INFO:R0@tkref=0.0000: N of unsatisfied ieq: 11
INFO:R0@tkref=0.0000: Summary: Iteration limit exceeded after 41 it.
DEBUG:R0@tkref=0.0000: $$$$$$$$ CONFLICT LIST $$$$$$$$: []
INFO:R0: --------------------------
INFO:R0@tkref=1.1250: Time to solve stand alone optimisation problem: 0.0582809448242
INFO:R0@tkref=1.1250: N of unsatisfied eq: 3
INFO:R0@tkref=1.1250: N of unsatisfied ieq: 10
INFO:R0@tkref=1.1250: Summary: Optimization terminated successfully. after 2 it.
DEBUG:R0@tkref=1.1250: $$$$$$$$ CONFLICT LIST $$$$$$$$: []
INFO:R0: --------------------------
INFO:R0@tkref=2.2500: Time to solve stand alone optimisation problem: 0.16327881813
INFO:R0@tkref=2.2500: N of unsatisfied eq: 3
INFO:R0@tkref=2.2500: N of unsatisfied ieq: 11
INFO:R0@tkref=2.2500: Summary: Optimization terminated successfully. after 5 it.
DEBUG:R0@tkref=2.2500: $$$$$$$$ CONFLICT LIST $$$$$$$$: []
INFO:R0: --------------------------
INFO:R0@tkref=3.3750: Time to solve stand alone optimisation problem: 0.0331490039825
INFO:R0@tkref=3.3750: N of unsatisfied eq: 3
INFO:R0@tkref=3.3750: N of unsatisfied ieq: 10
INFO:R0@tkref=3.3750: Summary: Optimization terminated successfully. after 1 it.
DEBUG:R0@tkref=3.3750: $$$$$$$$ CONFLICT LIST $$$$$$$$: []
INFO:R0: --------------------------
INFO:R0@tkref=4.5000: Time to solve stand alone optimisation problem: 0.0351319313049
INFO:R0@tkref=4.5000: N of unsatisfied eq: 3
INFO:R0@tkref=4.5000: N of unsatisfied ieq: 7
INFO:R0@tkref=4.5000: Summary: Optimization terminated successfully. after 1 it.
DEBUG:R0@tkref=4.5000: $$$$$$$$ CONFLICT LIST $$$$$$$$: []
INFO:R0: --------------------------
INFO:R0@tkref=5.6250: Time to solve stand alone optimisation problem: 0.0298671722412
INFO:R0@tkref=5.6250: N of unsatisfied eq: 4
INFO:R0@tkref=5.6250: N of unsatisfied ieq: 7
INFO:R0@tkref=5.6250: Summary: Optimization terminated successfully. after 1 it.
DEBUG:R0@tkref=5.6250: $$$$$$$$ CONFLICT LIST $$$$$$$$: []
INFO:R0: --------------------------
DEBUG:R0: LAST STEP
DEBUG:R0: Approx remaining dist: 0.486837729045
DEBUG:R0: Usual approx plan dist: 3.6
DEBUG:R0: Approx gain in dist: 3.11316227095
DEBUG:R0: Last step min dist: 0.5
INFO:R0: scale 0.135232702513 Ns 7 Nk 3
INFO:R0@tkref=6.7500: Time to solve stand alone optimisation problem: 0.314076900482
INFO:R0@tkref=6.7500: N of unsatisfied eq: 10
INFO:R0@tkref=6.7500: N of unsatisfied ieq: 4
INFO:R0@tkref=6.7500: Summary: Iteration limit exceeded after 21 it.
DEBUG:R0@tkref=6.7500: $$$$$$$$ CONFLICT LIST $$$$$$$$: []
INFO:R0: Finished motion planning
INFO:R0: --------------------------
INFO:R0: TOT: 7.29670382577
INFO:R0: NSE: 7
INFO:R0: FIR: 1.30941510201
INFO:R0: LAS: 0.314835786819
INFO:R0: LMA: 1
INFO:R0: MAX: 0.164309978485
INFO:R0: MIN: 0.030580997467
INFO:R0: AVG: 0.0648074150085
INFO:R0: RMP: 0.159745812416
INFO:R0: RMG: 0.306090348297
