INFO:R0: Init motion planning
INFO:R0@tkref=0.0000: Time to solve stand alone optimisation problem: 2.9926431179
INFO:R0@tkref=0.0000: N of unsatisfied eq: 4
INFO:R0@tkref=0.0000: N of unsatisfied ieq: 6
INFO:R0@tkref=0.0000: Summary: Iteration limit exceeded after 41 it.
DEBUG:R0@tkref=0.0000: $$$$$$$$ CONFLICT LIST $$$$$$$$: []
INFO:R0: --------------------------
INFO:R0@tkref=1.9556: Time to solve stand alone optimisation problem: 1.41262602806
INFO:R0@tkref=1.9556: N of unsatisfied eq: 1
INFO:R0@tkref=1.9556: N of unsatisfied ieq: 8
INFO:R0@tkref=1.9556: Summary: Optimization terminated successfully. after 15 it.
DEBUG:R0@tkref=1.9556: $$$$$$$$ CONFLICT LIST $$$$$$$$: []
INFO:R0: --------------------------
INFO:R0@tkref=3.9111: Time to solve stand alone optimisation problem: 0.752095937729
INFO:R0@tkref=3.9111: N of unsatisfied eq: 5
INFO:R0@tkref=3.9111: N of unsatisfied ieq: 19
INFO:R0@tkref=3.9111: Summary: Optimization terminated successfully. after 11 it.
DEBUG:R0@tkref=3.9111: $$$$$$$$ CONFLICT LIST $$$$$$$$: []
INFO:R0: --------------------------
DEBUG:R0: LAST STEP
DEBUG:R0: Approx remaining dist: 2.16470379391
DEBUG:R0: Usual approx plan dist: 4.4
DEBUG:R0: Approx gain in dist: 2.23529620609
DEBUG:R0: Last step min dist: 0.5
INFO:R0: scale 0.491978134979 Ns 9 Nk 3
INFO:R0@tkref=5.8667: Time to solve stand alone optimisation problem: 0.643403053284
INFO:R0@tkref=5.8667: N of unsatisfied eq: 10
INFO:R0@tkref=5.8667: N of unsatisfied ieq: 3
INFO:R0@tkref=5.8667: Summary: Iteration limit exceeded after 21 it.
DEBUG:R0@tkref=5.8667: $$$$$$$$ CONFLICT LIST $$$$$$$$: []
INFO:R0: Finished motion planning
INFO:R0: --------------------------
INFO:R0: TOT: 8.38097651072
INFO:R0: NSE: 4
INFO:R0: FIR: 2.99456381798
INFO:R0: LAS: 0.644324064255
INFO:R0: LMA: 0
INFO:R0: MAX: 1.41354608536
INFO:R0: MIN: 0.753082990646
INFO:R0: AVG: 1.083314538
INFO:R0: RMP: 0.688415301312
INFO:R0: RMG: 0.688415301312
