INFO:R0: Init motion planning
INFO:R0@tkref=0.0000: Time to solve stand alone optimisation problem: 1.467441082
INFO:R0@tkref=0.0000: N of unsatisfied eq: 4
INFO:R0@tkref=0.0000: N of unsatisfied ieq: 16
INFO:R0@tkref=0.0000: Summary: Iteration limit exceeded after 41 it.
DEBUG:R0@tkref=0.0000: $$$$$$$$ CONFLICT LIST $$$$$$$$: []
INFO:R0: --------------------------
INFO:R0@tkref=0.6222: Time to solve stand alone optimisation problem: 0.144381999969
INFO:R0@tkref=0.6222: N of unsatisfied eq: 3
INFO:R0@tkref=0.6222: N of unsatisfied ieq: 10
INFO:R0@tkref=0.6222: Summary: Optimization terminated successfully. after 4 it.
DEBUG:R0@tkref=0.6222: $$$$$$$$ CONFLICT LIST $$$$$$$$: []
INFO:R0: --------------------------
INFO:R0@tkref=1.2444: Time to solve stand alone optimisation problem: 0.0371429920197
INFO:R0@tkref=1.2444: N of unsatisfied eq: 3
INFO:R0@tkref=1.2444: N of unsatisfied ieq: 15
INFO:R0@tkref=1.2444: Summary: Optimization terminated successfully. after 1 it.
DEBUG:R0@tkref=1.2444: $$$$$$$$ CONFLICT LIST $$$$$$$$: []
INFO:R0: --------------------------
INFO:R0@tkref=1.8667: Time to solve stand alone optimisation problem: 0.108203887939
INFO:R0@tkref=1.8667: N of unsatisfied eq: 3
INFO:R0@tkref=1.8667: N of unsatisfied ieq: 14
INFO:R0@tkref=1.8667: Summary: Optimization terminated successfully. after 3 it.
DEBUG:R0@tkref=1.8667: $$$$$$$$ CONFLICT LIST $$$$$$$$: []
INFO:R0: --------------------------
INFO:R0@tkref=2.4889: Time to solve stand alone optimisation problem: 0.0355379581451
INFO:R0@tkref=2.4889: N of unsatisfied eq: 4
INFO:R0@tkref=2.4889: N of unsatisfied ieq: 10
INFO:R0@tkref=2.4889: Summary: Optimization terminated successfully. after 1 it.
DEBUG:R0@tkref=2.4889: $$$$$$$$ CONFLICT LIST $$$$$$$$: []
INFO:R0: --------------------------
INFO:R0@tkref=3.1111: Time to solve stand alone optimisation problem: 0.0353960990906
INFO:R0@tkref=3.1111: N of unsatisfied eq: 5
INFO:R0@tkref=3.1111: N of unsatisfied ieq: 12
INFO:R0@tkref=3.1111: Summary: Optimization terminated successfully. after 1 it.
DEBUG:R0@tkref=3.1111: $$$$$$$$ CONFLICT LIST $$$$$$$$: []
INFO:R0: --------------------------
INFO:R0@tkref=3.7333: Time to solve stand alone optimisation problem: 0.0354080200195
INFO:R0@tkref=3.7333: N of unsatisfied eq: 5
INFO:R0@tkref=3.7333: N of unsatisfied ieq: 11
INFO:R0@tkref=3.7333: Summary: Optimization terminated successfully. after 1 it.
DEBUG:R0@tkref=3.7333: $$$$$$$$ CONFLICT LIST $$$$$$$$: []
INFO:R0: --------------------------
INFO:R0@tkref=4.3556: Time to solve stand alone optimisation problem: 0.0354318618774
INFO:R0@tkref=4.3556: N of unsatisfied eq: 3
INFO:R0@tkref=4.3556: N of unsatisfied ieq: 10
INFO:R0@tkref=4.3556: Summary: Optimization terminated successfully. after 1 it.
DEBUG:R0@tkref=4.3556: $$$$$$$$ CONFLICT LIST $$$$$$$$: []
INFO:R0: --------------------------
INFO:R0@tkref=4.9778: Time to solve stand alone optimisation problem: 0.0353820323944
INFO:R0@tkref=4.9778: N of unsatisfied eq: 4
INFO:R0@tkref=4.9778: N of unsatisfied ieq: 10
INFO:R0@tkref=4.9778: Summary: Optimization terminated successfully. after 1 it.
DEBUG:R0@tkref=4.9778: $$$$$$$$ CONFLICT LIST $$$$$$$$: []
INFO:R0: --------------------------
INFO:R0@tkref=5.6000: Time to solve stand alone optimisation problem: 0.0356891155243
INFO:R0@tkref=5.6000: N of unsatisfied eq: 4
INFO:R0@tkref=5.6000: N of unsatisfied ieq: 10
INFO:R0@tkref=5.6000: Summary: Optimization terminated successfully. after 1 it.
DEBUG:R0@tkref=5.6000: $$$$$$$$ CONFLICT LIST $$$$$$$$: []
INFO:R0: --------------------------
INFO:R0@tkref=6.2222: Time to solve stand alone optimisation problem: 0.0356390476227
INFO:R0@tkref=6.2222: N of unsatisfied eq: 4
INFO:R0@tkref=6.2222: N of unsatisfied ieq: 9
INFO:R0@tkref=6.2222: Summary: Optimization terminated successfully. after 1 it.
DEBUG:R0@tkref=6.2222: $$$$$$$$ CONFLICT LIST $$$$$$$$: []
INFO:R0: --------------------------
DEBUG:R0: LAST STEP
DEBUG:R0: Approx remaining dist: 0.245470955431
DEBUG:R0: Usual approx plan dist: 1.6
DEBUG:R0: Approx gain in dist: 1.35452904457
DEBUG:R0: Last step min dist: 0.0
INFO:R0: scale 0.153419347144 Ns 7 Nk 3
INFO:R0@tkref=6.8444: Time to solve stand alone optimisation problem: 0.298585176468
INFO:R0@tkref=6.8444: N of unsatisfied eq: 10
INFO:R0@tkref=6.8444: N of unsatisfied ieq: 4
INFO:R0@tkref=6.8444: Summary: Iteration limit exceeded after 21 it.
DEBUG:R0@tkref=6.8444: $$$$$$$$ CONFLICT LIST $$$$$$$$: []
INFO:R0: Finished motion planning
INFO:R0: --------------------------
INFO:R0: TOT: 7.12009145117
INFO:R0: NSE: 12
INFO:R0: FIR: 1.46905684471
INFO:R0: LAS: 0.299321174622
INFO:R0: LMA: 1
INFO:R0: MAX: 0.145129919052
INFO:R0: MIN: 0.036071062088
INFO:R0: AVG: 0.054524230957
INFO:R0: RMP: 0.238700524757
INFO:R0: RMG: 0.492304563522
