INFO:R0: Init motion planning
INFO:R0@tkref=0.0000: Time to solve stand alone optimisation problem: 1.54070782661
INFO:R0@tkref=0.0000: N of unsatisfied eq: 4
INFO:R0@tkref=0.0000: N of unsatisfied ieq: 8
INFO:R0@tkref=0.0000: Summary: Iteration limit exceeded after 41 it.
DEBUG:R0@tkref=0.0000: $$$$$$$$ CONFLICT LIST $$$$$$$$: []
INFO:R0: --------------------------
INFO:R0@tkref=1.4000: Time to solve stand alone optimisation problem: 0.174107074738
INFO:R0@tkref=1.4000: N of unsatisfied eq: 3
INFO:R0@tkref=1.4000: N of unsatisfied ieq: 10
INFO:R0@tkref=1.4000: Summary: Optimization terminated successfully. after 5 it.
DEBUG:R0@tkref=1.4000: $$$$$$$$ CONFLICT LIST $$$$$$$$: []
INFO:R0: --------------------------
INFO:R0@tkref=2.8000: Time to solve stand alone optimisation problem: 0.176568984985
INFO:R0@tkref=2.8000: N of unsatisfied eq: 3
INFO:R0@tkref=2.8000: N of unsatisfied ieq: 9
INFO:R0@tkref=2.8000: Summary: Optimization terminated successfully. after 5 it.
DEBUG:R0@tkref=2.8000: $$$$$$$$ CONFLICT LIST $$$$$$$$: []
INFO:R0: --------------------------
INFO:R0@tkref=4.2000: Time to solve stand alone optimisation problem: 0.0343840122223
INFO:R0@tkref=4.2000: N of unsatisfied eq: 5
INFO:R0@tkref=4.2000: N of unsatisfied ieq: 9
INFO:R0@tkref=4.2000: Summary: Optimization terminated successfully. after 1 it.
DEBUG:R0@tkref=4.2000: $$$$$$$$ CONFLICT LIST $$$$$$$$: []
INFO:R0: --------------------------
DEBUG:R0: LAST STEP
DEBUG:R0: Approx remaining dist: 1.55014336455
DEBUG:R0: Usual approx plan dist: 2.8
DEBUG:R0: Approx gain in dist: 1.24985663545
DEBUG:R0: Last step min dist: 0.5
INFO:R0: scale 0.553622630197 Ns 9 Nk 3
INFO:R0@tkref=5.6000: Time to solve stand alone optimisation problem: 0.379873991013
INFO:R0@tkref=5.6000: N of unsatisfied eq: 10
INFO:R0@tkref=5.6000: N of unsatisfied ieq: 3
INFO:R0@tkref=5.6000: Summary: Iteration limit exceeded after 21 it.
DEBUG:R0@tkref=5.6000: $$$$$$$$ CONFLICT LIST $$$$$$$$: []
INFO:R0: Finished motion planning
INFO:R0: --------------------------
INFO:R0: TOT: 7.33437513057
INFO:R0: NSE: 5
INFO:R0: FIR: 1.54233384132
INFO:R0: LAS: 0.380736112595
INFO:R0: LMA: 1
INFO:R0: MAX: 0.17741394043
INFO:R0: MIN: 0.0352308750153
INFO:R0: AVG: 0.129188299179
INFO:R0: RMP: 0.126724243164
INFO:R0: RMG: 0.271954366139
