INFO:R0: Init motion planning
INFO:R0@tkref=0.0000: Time to solve stand alone optimisation problem: 3.04372596741
INFO:R0@tkref=0.0000: N of unsatisfied eq: 3
INFO:R0@tkref=0.0000: N of unsatisfied ieq: 3
INFO:R0@tkref=0.0000: Summary: Iteration limit exceeded after 41 it.
DEBUG:R0@tkref=0.0000: $$$$$$$$ CONFLICT LIST $$$$$$$$: []
INFO:R0: --------------------------
INFO:R0@tkref=2.6667: Time to solve stand alone optimisation problem: 1.04851293564
INFO:R0@tkref=2.6667: N of unsatisfied eq: 2
INFO:R0@tkref=2.6667: N of unsatisfied ieq: 7
INFO:R0@tkref=2.6667: Summary: Optimization terminated successfully. after 10 it.
DEBUG:R0@tkref=2.6667: $$$$$$$$ CONFLICT LIST $$$$$$$$: []
INFO:R0: --------------------------
DEBUG:R0: LAST STEP
DEBUG:R0: Approx remaining dist: 2.4352687093
DEBUG:R0: Usual approx plan dist: 4.0
DEBUG:R0: Approx gain in dist: 1.5647312907
DEBUG:R0: Last step min dist: 0.5
INFO:R0: scale 0.608817177325 Ns 12 Nk 4
INFO:R0@tkref=5.3333: Time to solve stand alone optimisation problem: 0.939357995987
INFO:R0@tkref=5.3333: N of unsatisfied eq: 10
INFO:R0@tkref=5.3333: N of unsatisfied ieq: 4
INFO:R0@tkref=5.3333: Summary: Iteration limit exceeded after 21 it.
DEBUG:R0@tkref=5.3333: $$$$$$$$ CONFLICT LIST $$$$$$$$: []
INFO:R0: Finished motion planning
INFO:R0: --------------------------
INFO:R0: TOT: 8.07904062297
INFO:R0: NSE: 3
INFO:R0: FIR: 3.04564094543
INFO:R0: LAS: 0.940289974213
INFO:R0: LMA: 0
INFO:R0: MAX: 1.04943013191
INFO:R0: MIN: 1.04943013191
INFO:R0: AVG: 1.04943013191
INFO:R0: RMP: 0.403626973812
INFO:R0: RMG: 0.403626973812
