INFO:R0: Init motion planning
INFO:R0@tkref=0.0000: Time to solve stand alone optimisation problem: 3.36457490921
INFO:R0@tkref=0.0000: N of unsatisfied eq: 4
INFO:R0@tkref=0.0000: N of unsatisfied ieq: 6
INFO:R0@tkref=0.0000: Summary: Iteration limit exceeded after 41 it.
DEBUG:R0@tkref=0.0000: $$$$$$$$ CONFLICT LIST $$$$$$$$: []
INFO:R0: --------------------------
INFO:R0@tkref=1.2923: Time to solve stand alone optimisation problem: 0.804597854614
INFO:R0@tkref=1.2923: N of unsatisfied eq: 1
INFO:R0@tkref=1.2923: N of unsatisfied ieq: 7
INFO:R0@tkref=1.2923: Summary: Optimization terminated successfully. after 10 it.
DEBUG:R0@tkref=1.2923: $$$$$$$$ CONFLICT LIST $$$$$$$$: []
INFO:R0: --------------------------
INFO:R0@tkref=2.5846: Time to solve stand alone optimisation problem: 0.827394962311
INFO:R0@tkref=2.5846: N of unsatisfied eq: 4
INFO:R0@tkref=2.5846: N of unsatisfied ieq: 16
INFO:R0@tkref=2.5846: Summary: Optimization terminated successfully. after 13 it.
DEBUG:R0@tkref=2.5846: $$$$$$$$ CONFLICT LIST $$$$$$$$: []
INFO:R0: --------------------------
INFO:R0@tkref=3.8769: Time to solve stand alone optimisation problem: 0.645439863205
INFO:R0@tkref=3.8769: N of unsatisfied eq: 4
INFO:R0@tkref=3.8769: N of unsatisfied ieq: 15
INFO:R0@tkref=3.8769: Summary: Optimization terminated successfully. after 13 it.
DEBUG:R0@tkref=3.8769: $$$$$$$$ CONFLICT LIST $$$$$$$$: []
INFO:R0: --------------------------
INFO:R0@tkref=5.1692: Time to solve stand alone optimisation problem: 0.477775096893
INFO:R0@tkref=5.1692: N of unsatisfied eq: 4
INFO:R0@tkref=5.1692: N of unsatisfied ieq: 15
INFO:R0@tkref=5.1692: Summary: Optimization terminated successfully. after 12 it.
DEBUG:R0@tkref=5.1692: $$$$$$$$ CONFLICT LIST $$$$$$$$: []
INFO:R0: --------------------------
INFO:R0@tkref=6.4615: Time to solve stand alone optimisation problem: 0.85725903511
INFO:R0@tkref=6.4615: N of unsatisfied eq: 3
INFO:R0@tkref=6.4615: N of unsatisfied ieq: 9
INFO:R0@tkref=6.4615: Summary: Optimization terminated successfully. after 11 it.
DEBUG:R0@tkref=6.4615: $$$$$$$$ CONFLICT LIST $$$$$$$$: []
INFO:R0: --------------------------
INFO:R0@tkref=7.7538: Time to solve stand alone optimisation problem: 0.177838087082
INFO:R0@tkref=7.7538: N of unsatisfied eq: 3
INFO:R0@tkref=7.7538: N of unsatisfied ieq: 6
INFO:R0@tkref=7.7538: Summary: Optimization terminated successfully. after 3 it.
DEBUG:R0@tkref=7.7538: $$$$$$$$ CONFLICT LIST $$$$$$$$: []
INFO:R0: --------------------------
INFO:R0@tkref=9.0462: Time to solve stand alone optimisation problem: 0.111709833145
INFO:R0@tkref=9.0462: N of unsatisfied eq: 3
INFO:R0@tkref=9.0462: N of unsatisfied ieq: 7
INFO:R0@tkref=9.0462: Summary: Optimization terminated successfully. after 2 it.
DEBUG:R0@tkref=9.0462: $$$$$$$$ CONFLICT LIST $$$$$$$$: []
INFO:R0: --------------------------
DEBUG:R0: LAST STEP
DEBUG:R0: Approx remaining dist: 0.721327751225
DEBUG:R0: Usual approx plan dist: 5.6
DEBUG:R0: Approx gain in dist: 4.87867224878
DEBUG:R0: Last step min dist: 0.5
INFO:R0: scale 0.128808527004 Ns 7 Nk 3
INFO:R0@tkref=10.3385: Time to solve stand alone optimisation problem: 0.735023975372
INFO:R0@tkref=10.3385: N of unsatisfied eq: 10
INFO:R0@tkref=10.3385: N of unsatisfied ieq: 2
INFO:R0@tkref=10.3385: Summary: Iteration limit exceeded after 21 it.
DEBUG:R0@tkref=10.3385: $$$$$$$$ CONFLICT LIST $$$$$$$$: []
INFO:R0: Finished motion planning
INFO:R0: --------------------------
INFO:R0: TOT: 11.229959123
INFO:R0: NSE: 9
INFO:R0: FIR: 3.36623215675
INFO:R0: LAS: 0.736155986786
INFO:R0: LMA: 0
INFO:R0: MAX: 0.858960866928
INFO:R0: MIN: 0.112640857697
INFO:R0: AVG: 0.558643409184
INFO:R0: RMP: 0.602587342872
INFO:R0: RMG: 0.602587342872
