INFO:R0: Init motion planning
INFO:R0@tkref=0.0000: Time to solve stand alone optimisation problem: 2.23524618149
INFO:R0@tkref=0.0000: N of unsatisfied eq: 5
INFO:R0@tkref=0.0000: N of unsatisfied ieq: 12
INFO:R0@tkref=0.0000: Summary: Iteration limit exceeded after 41 it.
DEBUG:R0@tkref=0.0000: $$$$$$$$ CONFLICT LIST $$$$$$$$: []
INFO:R0: --------------------------
INFO:R0@tkref=0.6462: Time to solve stand alone optimisation problem: 0.877997875214
INFO:R0@tkref=0.6462: N of unsatisfied eq: 3
INFO:R0@tkref=0.6462: N of unsatisfied ieq: 6
INFO:R0@tkref=0.6462: Summary: Iteration limit exceeded after 16 it.
DEBUG:R0@tkref=0.6462: $$$$$$$$ CONFLICT LIST $$$$$$$$: []
INFO:R0: --------------------------
INFO:R0@tkref=1.2923: Time to solve stand alone optimisation problem: 0.690771102905
INFO:R0@tkref=1.2923: N of unsatisfied eq: 3
INFO:R0@tkref=1.2923: N of unsatisfied ieq: 9
INFO:R0@tkref=1.2923: Summary: Optimization terminated successfully. after 10 it.
DEBUG:R0@tkref=1.2923: $$$$$$$$ CONFLICT LIST $$$$$$$$: []
INFO:R0: --------------------------
INFO:R0@tkref=1.9385: Time to solve stand alone optimisation problem: 0.415448904037
INFO:R0@tkref=1.9385: N of unsatisfied eq: 3
INFO:R0@tkref=1.9385: N of unsatisfied ieq: 8
INFO:R0@tkref=1.9385: Summary: Optimization terminated successfully. after 6 it.
DEBUG:R0@tkref=1.9385: $$$$$$$$ CONFLICT LIST $$$$$$$$: []
INFO:R0: --------------------------
INFO:R0@tkref=2.5846: Time to solve stand alone optimisation problem: 0.627787828445
INFO:R0@tkref=2.5846: N of unsatisfied eq: 3
INFO:R0@tkref=2.5846: N of unsatisfied ieq: 9
INFO:R0@tkref=2.5846: Summary: Optimization terminated successfully. after 8 it.
DEBUG:R0@tkref=2.5846: $$$$$$$$ CONFLICT LIST $$$$$$$$: []
INFO:R0: --------------------------
INFO:R0@tkref=3.2308: Time to solve stand alone optimisation problem: 0.548900127411
INFO:R0@tkref=3.2308: N of unsatisfied eq: 3
INFO:R0@tkref=3.2308: N of unsatisfied ieq: 8
INFO:R0@tkref=3.2308: Summary: Optimization terminated successfully. after 7 it.
DEBUG:R0@tkref=3.2308: $$$$$$$$ CONFLICT LIST $$$$$$$$: []
INFO:R0: --------------------------
INFO:R0@tkref=3.8769: Time to solve stand alone optimisation problem: 0.465217113495
INFO:R0@tkref=3.8769: N of unsatisfied eq: 3
INFO:R0@tkref=3.8769: N of unsatisfied ieq: 8
INFO:R0@tkref=3.8769: Summary: Optimization terminated successfully. after 6 it.
DEBUG:R0@tkref=3.8769: $$$$$$$$ CONFLICT LIST $$$$$$$$: []
INFO:R0: --------------------------
INFO:R0@tkref=4.5231: Time to solve stand alone optimisation problem: 1.04498410225
INFO:R0@tkref=4.5231: N of unsatisfied eq: 3
INFO:R0@tkref=4.5231: N of unsatisfied ieq: 8
INFO:R0@tkref=4.5231: Summary: Optimization terminated successfully. after 15 it.
DEBUG:R0@tkref=4.5231: $$$$$$$$ CONFLICT LIST $$$$$$$$: []
INFO:R0: --------------------------
INFO:R0@tkref=5.1692: Time to solve stand alone optimisation problem: 0.500921010971
INFO:R0@tkref=5.1692: N of unsatisfied eq: 3
INFO:R0@tkref=5.1692: N of unsatisfied ieq: 9
INFO:R0@tkref=5.1692: Summary: Optimization terminated successfully. after 8 it.
DEBUG:R0@tkref=5.1692: $$$$$$$$ CONFLICT LIST $$$$$$$$: []
INFO:R0: --------------------------
INFO:R0@tkref=5.8154: Time to solve stand alone optimisation problem: 0.0653309822083
INFO:R0@tkref=5.8154: N of unsatisfied eq: 3
INFO:R0@tkref=5.8154: N of unsatisfied ieq: 8
INFO:R0@tkref=5.8154: Summary: Optimization terminated successfully. after 1 it.
DEBUG:R0@tkref=5.8154: $$$$$$$$ CONFLICT LIST $$$$$$$$: []
INFO:R0: --------------------------
INFO:R0@tkref=6.4615: Time to solve stand alone optimisation problem: 0.0541849136353
INFO:R0@tkref=6.4615: N of unsatisfied eq: 5
INFO:R0@tkref=6.4615: N of unsatisfied ieq: 8
INFO:R0@tkref=6.4615: Summary: Optimization terminated successfully. after 1 it.
DEBUG:R0@tkref=6.4615: $$$$$$$$ CONFLICT LIST $$$$$$$$: []
INFO:R0: --------------------------
DEBUG:R0: LAST STEP
DEBUG:R0: Approx remaining dist: 0.35411280234
DEBUG:R0: Usual approx plan dist: 1.2
DEBUG:R0: Approx gain in dist: 0.84588719766
DEBUG:R0: Last step min dist: 0.0
INFO:R0: scale 0.29509400195 Ns 7 Nk 3
INFO:R0@tkref=7.1077: Time to solve stand alone optimisation problem: 0.403604030609
INFO:R0@tkref=7.1077: N of unsatisfied eq: 10
INFO:R0@tkref=7.1077: N of unsatisfied ieq: 4
INFO:R0@tkref=7.1077: Summary: Iteration limit exceeded after 21 it.
DEBUG:R0@tkref=7.1077: $$$$$$$$ CONFLICT LIST $$$$$$$$: []
INFO:R0: Finished motion planning
INFO:R0: --------------------------
INFO:R0: TOT: 7.50534245044
INFO:R0: NSE: 12
INFO:R0: FIR: 2.23711585999
INFO:R0: LAS: 0.404417037964
INFO:R0: LMA: 0
INFO:R0: MAX: 1.04586911201
INFO:R0: MIN: 0.0549709796906
INFO:R0: AVG: 0.530070829391
INFO:R0: RMP: 1.60550082985
INFO:R0: RMG: 1.60550082985
