INFO:R0: Init motion planning
INFO:R0@tkref=0.0000: Time to solve stand alone optimisation problem: 1.46023178101
INFO:R0@tkref=0.0000: N of unsatisfied eq: 5
INFO:R0@tkref=0.0000: N of unsatisfied ieq: 11
INFO:R0@tkref=0.0000: Summary: Iteration limit exceeded after 41 it.
DEBUG:R0@tkref=0.0000: $$$$$$$$ CONFLICT LIST $$$$$$$$: []
INFO:R0: --------------------------
INFO:R0@tkref=0.5000: Time to solve stand alone optimisation problem: 0.0374450683594
INFO:R0@tkref=0.5000: N of unsatisfied eq: 3
INFO:R0@tkref=0.5000: N of unsatisfied ieq: 5
INFO:R0@tkref=0.5000: Summary: Optimization terminated successfully. after 1 it.
DEBUG:R0@tkref=0.5000: $$$$$$$$ CONFLICT LIST $$$$$$$$: []
INFO:R0: --------------------------
INFO:R0@tkref=1.0000: Time to solve stand alone optimisation problem: 0.0453779697418
INFO:R0@tkref=1.0000: N of unsatisfied eq: 3
INFO:R0@tkref=1.0000: N of unsatisfied ieq: 7
INFO:R0@tkref=1.0000: Summary: Optimization terminated successfully. after 1 it.
DEBUG:R0@tkref=1.0000: $$$$$$$$ CONFLICT LIST $$$$$$$$: []
INFO:R0: --------------------------
INFO:R0@tkref=1.5000: Time to solve stand alone optimisation problem: 0.0433399677277
INFO:R0@tkref=1.5000: N of unsatisfied eq: 3
INFO:R0@tkref=1.5000: N of unsatisfied ieq: 7
INFO:R0@tkref=1.5000: Summary: Optimization terminated successfully. after 1 it.
DEBUG:R0@tkref=1.5000: $$$$$$$$ CONFLICT LIST $$$$$$$$: []
INFO:R0: --------------------------
INFO:R0@tkref=2.0000: Time to solve stand alone optimisation problem: 0.0510809421539
INFO:R0@tkref=2.0000: N of unsatisfied eq: 4
INFO:R0@tkref=2.0000: N of unsatisfied ieq: 7
INFO:R0@tkref=2.0000: Summary: Optimization terminated successfully. after 1 it.
DEBUG:R0@tkref=2.0000: $$$$$$$$ CONFLICT LIST $$$$$$$$: []
INFO:R0: --------------------------
INFO:R0@tkref=2.5000: Time to solve stand alone optimisation problem: 0.493345975876
INFO:R0@tkref=2.5000: N of unsatisfied eq: 2
INFO:R0@tkref=2.5000: N of unsatisfied ieq: 10
INFO:R0@tkref=2.5000: Summary: Optimization terminated successfully. after 10 it.
DEBUG:R0@tkref=2.5000: $$$$$$$$ CONFLICT LIST $$$$$$$$: []
INFO:R0: --------------------------
INFO:R0@tkref=3.0000: Time to solve stand alone optimisation problem: 0.408952951431
INFO:R0@tkref=3.0000: N of unsatisfied eq: 3
INFO:R0@tkref=3.0000: N of unsatisfied ieq: 8
INFO:R0@tkref=3.0000: Summary: Optimization terminated successfully. after 8 it.
DEBUG:R0@tkref=3.0000: $$$$$$$$ CONFLICT LIST $$$$$$$$: []
INFO:R0: --------------------------
INFO:R0@tkref=3.5000: Time to solve stand alone optimisation problem: 0.300606012344
INFO:R0@tkref=3.5000: N of unsatisfied eq: 3
INFO:R0@tkref=3.5000: N of unsatisfied ieq: 9
INFO:R0@tkref=3.5000: Summary: Optimization terminated successfully. after 6 it.
DEBUG:R0@tkref=3.5000: $$$$$$$$ CONFLICT LIST $$$$$$$$: []
INFO:R0: --------------------------
INFO:R0@tkref=4.0000: Time to solve stand alone optimisation problem: 0.447336912155
INFO:R0@tkref=4.0000: N of unsatisfied eq: 3
INFO:R0@tkref=4.0000: N of unsatisfied ieq: 8
INFO:R0@tkref=4.0000: Summary: Optimization terminated successfully. after 9 it.
DEBUG:R0@tkref=4.0000: $$$$$$$$ CONFLICT LIST $$$$$$$$: []
INFO:R0: --------------------------
INFO:R0@tkref=4.5000: Time to solve stand alone optimisation problem: 0.453279972076
INFO:R0@tkref=4.5000: N of unsatisfied eq: 3
INFO:R0@tkref=4.5000: N of unsatisfied ieq: 8
INFO:R0@tkref=4.5000: Summary: Optimization terminated successfully. after 9 it.
DEBUG:R0@tkref=4.5000: $$$$$$$$ CONFLICT LIST $$$$$$$$: []
INFO:R0: --------------------------
INFO:R0@tkref=5.0000: Time to solve stand alone optimisation problem: 0.360841035843
INFO:R0@tkref=5.0000: N of unsatisfied eq: 3
INFO:R0@tkref=5.0000: N of unsatisfied ieq: 10
INFO:R0@tkref=5.0000: Summary: Optimization terminated successfully. after 7 it.
DEBUG:R0@tkref=5.0000: $$$$$$$$ CONFLICT LIST $$$$$$$$: []
INFO:R0: --------------------------
INFO:R0@tkref=5.5000: Time to solve stand alone optimisation problem: 0.260485887527
INFO:R0@tkref=5.5000: N of unsatisfied eq: 3
INFO:R0@tkref=5.5000: N of unsatisfied ieq: 8
INFO:R0@tkref=5.5000: Summary: Optimization terminated successfully. after 6 it.
DEBUG:R0@tkref=5.5000: $$$$$$$$ CONFLICT LIST $$$$$$$$: []
INFO:R0: --------------------------
INFO:R0@tkref=6.0000: Time to solve stand alone optimisation problem: 0.0508019924164
INFO:R0@tkref=6.0000: N of unsatisfied eq: 3
INFO:R0@tkref=6.0000: N of unsatisfied ieq: 6
INFO:R0@tkref=6.0000: Summary: Optimization terminated successfully. after 1 it.
DEBUG:R0@tkref=6.0000: $$$$$$$$ CONFLICT LIST $$$$$$$$: []
INFO:R0: --------------------------
INFO:R0@tkref=6.5000: Time to solve stand alone optimisation problem: 0.0452330112457
INFO:R0@tkref=6.5000: N of unsatisfied eq: 3
INFO:R0@tkref=6.5000: N of unsatisfied ieq: 3
INFO:R0@tkref=6.5000: Summary: Optimization terminated successfully. after 1 it.
DEBUG:R0@tkref=6.5000: $$$$$$$$ CONFLICT LIST $$$$$$$$: []
INFO:R0: --------------------------
DEBUG:R0: LAST STEP
DEBUG:R0: Approx remaining dist: 0.280820768743
DEBUG:R0: Usual approx plan dist: 1.2
DEBUG:R0: Approx gain in dist: 0.919179231257
DEBUG:R0: Last step min dist: 0.0
INFO:R0: scale 0.234017307286 Ns 7 Nk 3
INFO:R0@tkref=7.0000: Time to solve stand alone optimisation problem: 0.350725889206
INFO:R0@tkref=7.0000: N of unsatisfied eq: 10
INFO:R0@tkref=7.0000: N of unsatisfied ieq: 4
INFO:R0@tkref=7.0000: Summary: Iteration limit exceeded after 21 it.
DEBUG:R0@tkref=7.0000: $$$$$$$$ CONFLICT LIST $$$$$$$$: []
INFO:R0: Finished motion planning
INFO:R0: --------------------------
INFO:R0: TOT: 7.31534372631
INFO:R0: NSE: 15
INFO:R0: FIR: 1.46142601967
INFO:R0: LAS: 0.35151720047
INFO:R0: LMA: 0
INFO:R0: MAX: 0.49412894249
INFO:R0: MIN: 0.0381791591644
INFO:R0: AVG: 0.231388165401
INFO:R0: RMP: 0.900755884747
INFO:R0: RMG: 0.900755884747
