INFO:R0: Init motion planning
INFO:R0@tkref=0.0000: Time to solve stand alone optimisation problem: 2.30942606926
INFO:R0@tkref=0.0000: N of unsatisfied eq: 4
INFO:R0@tkref=0.0000: N of unsatisfied ieq: 1
INFO:R0@tkref=0.0000: Summary: Iteration limit exceeded after 41 it.
DEBUG:R0@tkref=0.0000: $$$$$$$$ CONFLICT LIST $$$$$$$$: []
INFO:R0: --------------------------
INFO:R0@tkref=3.4667: Time to solve stand alone optimisation problem: 1.1027739048
INFO:R0@tkref=3.4667: N of unsatisfied eq: 2
INFO:R0@tkref=3.4667: N of unsatisfied ieq: 5
INFO:R0@tkref=3.4667: Summary: Iteration limit exceeded after 16 it.
DEBUG:R0@tkref=3.4667: $$$$$$$$ CONFLICT LIST $$$$$$$$: []
INFO:R0: --------------------------
DEBUG:R0: LAST STEP
DEBUG:R0: Approx remaining dist: 1.95601104866
DEBUG:R0: Usual approx plan dist: 5.2
DEBUG:R0: Approx gain in dist: 3.24398895134
DEBUG:R0: Last step min dist: 0.5
INFO:R0: scale 0.376155970896 Ns 7 Nk 3
INFO:R0@tkref=6.9333: Time to solve stand alone optimisation problem: 0.618690013885
INFO:R0@tkref=6.9333: N of unsatisfied eq: 10
INFO:R0@tkref=6.9333: N of unsatisfied ieq: 3
INFO:R0@tkref=6.9333: Summary: Iteration limit exceeded after 21 it.
DEBUG:R0@tkref=6.9333: $$$$$$$$ CONFLICT LIST $$$$$$$$: []
INFO:R0: Finished motion planning
INFO:R0: --------------------------
INFO:R0: TOT: 9.20423125435
INFO:R0: NSE: 3
INFO:R0: FIR: 2.31118202209
INFO:R0: LAS: 0.61985206604
INFO:R0: LMA: 0
INFO:R0: MAX: 1.10379195213
INFO:R0: MIN: 1.10379195213
INFO:R0: AVG: 1.10379195213
INFO:R0: RMP: 0.312158357504
INFO:R0: RMG: 0.312158357504
