INFO:R0: Init motion planning
INFO:R0@tkref=0.0000: Time to solve stand alone optimisation problem: 1.36952018738
INFO:R0@tkref=0.0000: N of unsatisfied eq: 3
INFO:R0@tkref=0.0000: N of unsatisfied ieq: 1
INFO:R0@tkref=0.0000: Summary: Iteration limit exceeded after 41 it.
DEBUG:R0@tkref=0.0000: $$$$$$$$ CONFLICT LIST $$$$$$$$: []
INFO:R0: --------------------------
INFO:R0@tkref=2.2222: Time to solve stand alone optimisation problem: 0.45086812973
INFO:R0@tkref=2.2222: N of unsatisfied eq: 2
INFO:R0@tkref=2.2222: N of unsatisfied ieq: 4
INFO:R0@tkref=2.2222: Summary: Optimization terminated successfully. after 11 it.
DEBUG:R0@tkref=2.2222: $$$$$$$$ CONFLICT LIST $$$$$$$$: []
INFO:R0: --------------------------
INFO:R0@tkref=4.4444: Time to solve stand alone optimisation problem: 0.735260009766
INFO:R0@tkref=4.4444: N of unsatisfied eq: 4
INFO:R0@tkref=4.4444: N of unsatisfied ieq: 10
INFO:R0@tkref=4.4444: Summary: Iteration limit exceeded after 16 it.
DEBUG:R0@tkref=4.4444: $$$$$$$$ CONFLICT LIST $$$$$$$$: []
INFO:R0: --------------------------
INFO:R0@tkref=6.6667: Time to solve stand alone optimisation problem: 0.439005851746
INFO:R0@tkref=6.6667: N of unsatisfied eq: 3
INFO:R0@tkref=6.6667: N of unsatisfied ieq: 10
INFO:R0@tkref=6.6667: Summary: Iteration limit exceeded after 16 it.
DEBUG:R0@tkref=6.6667: $$$$$$$$ CONFLICT LIST $$$$$$$$: []
INFO:R0: --------------------------
INFO:R0@tkref=8.8889: Time to solve stand alone optimisation problem: 0.510869026184
INFO:R0@tkref=8.8889: N of unsatisfied eq: 2
INFO:R0@tkref=8.8889: N of unsatisfied ieq: 6
INFO:R0@tkref=8.8889: Summary: Iteration limit exceeded after 16 it.
DEBUG:R0@tkref=8.8889: $$$$$$$$ CONFLICT LIST $$$$$$$$: []
INFO:R0: --------------------------
INFO:R0@tkref=11.1111: Time to solve stand alone optimisation problem: 0.11229801178
INFO:R0@tkref=11.1111: N of unsatisfied eq: 3
INFO:R0@tkref=11.1111: N of unsatisfied ieq: 6
INFO:R0@tkref=11.1111: Summary: Optimization terminated successfully. after 3 it.
DEBUG:R0@tkref=11.1111: $$$$$$$$ CONFLICT LIST $$$$$$$$: []
INFO:R0: --------------------------
DEBUG:R0: LAST STEP
DEBUG:R0: Approx remaining dist: 2.15881025433
DEBUG:R0: Usual approx plan dist: 4.0
DEBUG:R0: Approx gain in dist: 1.84118974567
DEBUG:R0: Last step min dist: 0.5
INFO:R0: scale 0.539702563582 Ns 7 Nk 3
INFO:R0@tkref=13.3333: Time to solve stand alone optimisation problem: 0.508857011795
INFO:R0@tkref=13.3333: N of unsatisfied eq: 10
INFO:R0@tkref=13.3333: N of unsatisfied ieq: 4
INFO:R0@tkref=13.3333: Summary: Iteration limit exceeded after 21 it.
DEBUG:R0@tkref=13.3333: $$$$$$$$ CONFLICT LIST $$$$$$$$: []
INFO:R0: Finished motion planning
INFO:R0: --------------------------
INFO:R0: TOT: 15.7371961013
INFO:R0: NSE: 7
INFO:R0: FIR: 1.3712439537
INFO:R0: LAS: 0.509752988815
INFO:R0: LMA: 0
INFO:R0: MAX: 0.736159801483
INFO:R0: MIN: 0.113155126572
INFO:R0: AVG: 0.450530767441
INFO:R0: RMP: 0.368079900742
INFO:R0: RMG: 0.368079900742
