INFO:R0: Init motion planning
INFO:R0@tkref=0.0000: Time to solve stand alone optimisation problem: 1.73320102692
INFO:R0@tkref=0.0000: N of unsatisfied eq: 5
INFO:R0@tkref=0.0000: N of unsatisfied ieq: 16
INFO:R0@tkref=0.0000: Summary: Iteration limit exceeded after 41 it.
DEBUG:R0@tkref=0.0000: $$$$$$$$ CONFLICT LIST $$$$$$$$: []
INFO:R0: --------------------------
INFO:R0@tkref=0.4444: Time to solve stand alone optimisation problem: 0.21707701683
INFO:R0@tkref=0.4444: N of unsatisfied eq: 3
INFO:R0@tkref=0.4444: N of unsatisfied ieq: 9
INFO:R0@tkref=0.4444: Summary: Optimization terminated successfully. after 5 it.
DEBUG:R0@tkref=0.4444: $$$$$$$$ CONFLICT LIST $$$$$$$$: []
INFO:R0: --------------------------
INFO:R0@tkref=0.8889: Time to solve stand alone optimisation problem: 0.0404341220856
INFO:R0@tkref=0.8889: N of unsatisfied eq: 3
INFO:R0@tkref=0.8889: N of unsatisfied ieq: 12
INFO:R0@tkref=0.8889: Summary: Optimization terminated successfully. after 1 it.
DEBUG:R0@tkref=0.8889: $$$$$$$$ CONFLICT LIST $$$$$$$$: []
INFO:R0: --------------------------
INFO:R0@tkref=1.3333: Time to solve stand alone optimisation problem: 0.213860034943
INFO:R0@tkref=1.3333: N of unsatisfied eq: 3
INFO:R0@tkref=1.3333: N of unsatisfied ieq: 9
INFO:R0@tkref=1.3333: Summary: Optimization terminated successfully. after 5 it.
DEBUG:R0@tkref=1.3333: $$$$$$$$ CONFLICT LIST $$$$$$$$: []
INFO:R0: --------------------------
INFO:R0@tkref=1.7778: Time to solve stand alone optimisation problem: 0.0475940704346
INFO:R0@tkref=1.7778: N of unsatisfied eq: 3
INFO:R0@tkref=1.7778: N of unsatisfied ieq: 11
INFO:R0@tkref=1.7778: Summary: Optimization terminated successfully. after 1 it.
DEBUG:R0@tkref=1.7778: $$$$$$$$ CONFLICT LIST $$$$$$$$: []
INFO:R0: --------------------------
INFO:R0@tkref=2.2222: Time to solve stand alone optimisation problem: 0.132369041443
INFO:R0@tkref=2.2222: N of unsatisfied eq: 3
INFO:R0@tkref=2.2222: N of unsatisfied ieq: 14
INFO:R0@tkref=2.2222: Summary: Optimization terminated successfully. after 3 it.
DEBUG:R0@tkref=2.2222: $$$$$$$$ CONFLICT LIST $$$$$$$$: []
INFO:R0: --------------------------
INFO:R0@tkref=2.6667: Time to solve stand alone optimisation problem: 0.0484738349915
INFO:R0@tkref=2.6667: N of unsatisfied eq: 3
INFO:R0@tkref=2.6667: N of unsatisfied ieq: 13
INFO:R0@tkref=2.6667: Summary: Optimization terminated successfully. after 1 it.
DEBUG:R0@tkref=2.6667: $$$$$$$$ CONFLICT LIST $$$$$$$$: []
INFO:R0: --------------------------
INFO:R0@tkref=3.1111: Time to solve stand alone optimisation problem: 0.127614974976
INFO:R0@tkref=3.1111: N of unsatisfied eq: 5
INFO:R0@tkref=3.1111: N of unsatisfied ieq: 14
INFO:R0@tkref=3.1111: Summary: Optimization terminated successfully. after 3 it.
DEBUG:R0@tkref=3.1111: $$$$$$$$ CONFLICT LIST $$$$$$$$: []
INFO:R0: --------------------------
INFO:R0@tkref=3.5556: Time to solve stand alone optimisation problem: 0.0434200763702
INFO:R0@tkref=3.5556: N of unsatisfied eq: 5
INFO:R0@tkref=3.5556: N of unsatisfied ieq: 9
INFO:R0@tkref=3.5556: Summary: Optimization terminated successfully. after 1 it.
DEBUG:R0@tkref=3.5556: $$$$$$$$ CONFLICT LIST $$$$$$$$: []
INFO:R0: --------------------------
INFO:R0@tkref=4.0000: Time to solve stand alone optimisation problem: 0.0425429344177
INFO:R0@tkref=4.0000: N of unsatisfied eq: 5
INFO:R0@tkref=4.0000: N of unsatisfied ieq: 9
INFO:R0@tkref=4.0000: Summary: Optimization terminated successfully. after 1 it.
DEBUG:R0@tkref=4.0000: $$$$$$$$ CONFLICT LIST $$$$$$$$: []
INFO:R0: --------------------------
INFO:R0@tkref=4.4444: Time to solve stand alone optimisation problem: 0.0388858318329
INFO:R0@tkref=4.4444: N of unsatisfied eq: 3
INFO:R0@tkref=4.4444: N of unsatisfied ieq: 9
INFO:R0@tkref=4.4444: Summary: Optimization terminated successfully. after 1 it.
DEBUG:R0@tkref=4.4444: $$$$$$$$ CONFLICT LIST $$$$$$$$: []
INFO:R0: --------------------------
INFO:R0@tkref=4.8889: Time to solve stand alone optimisation problem: 0.040580034256
INFO:R0@tkref=4.8889: N of unsatisfied eq: 4
INFO:R0@tkref=4.8889: N of unsatisfied ieq: 10
INFO:R0@tkref=4.8889: Summary: Optimization terminated successfully. after 1 it.
DEBUG:R0@tkref=4.8889: $$$$$$$$ CONFLICT LIST $$$$$$$$: []
INFO:R0: --------------------------
INFO:R0@tkref=5.3333: Time to solve stand alone optimisation problem: 0.0425250530243
INFO:R0@tkref=5.3333: N of unsatisfied eq: 2
INFO:R0@tkref=5.3333: N of unsatisfied ieq: 10
INFO:R0@tkref=5.3333: Summary: Optimization terminated successfully. after 1 it.
DEBUG:R0@tkref=5.3333: $$$$$$$$ CONFLICT LIST $$$$$$$$: []
INFO:R0: --------------------------
INFO:R0@tkref=5.7778: Time to solve stand alone optimisation problem: 0.0437800884247
INFO:R0@tkref=5.7778: N of unsatisfied eq: 5
INFO:R0@tkref=5.7778: N of unsatisfied ieq: 10
INFO:R0@tkref=5.7778: Summary: Optimization terminated successfully. after 1 it.
DEBUG:R0@tkref=5.7778: $$$$$$$$ CONFLICT LIST $$$$$$$$: []
INFO:R0: --------------------------
DEBUG:R0: LAST STEP
DEBUG:R0: Approx remaining dist: 0.889920152142
DEBUG:R0: Usual approx plan dist: 2.0
DEBUG:R0: Approx gain in dist: 1.11007984786
DEBUG:R0: Last step min dist: 0.5
INFO:R0: scale 0.444960076071 Ns 8 Nk 3
INFO:R0@tkref=6.2222: Time to solve stand alone optimisation problem: 0.374042987823
INFO:R0@tkref=6.2222: N of unsatisfied eq: 10
INFO:R0@tkref=6.2222: N of unsatisfied ieq: 3
INFO:R0@tkref=6.2222: Summary: Iteration limit exceeded after 21 it.
DEBUG:R0@tkref=6.2222: $$$$$$$$ CONFLICT LIST $$$$$$$$: []
INFO:R0: Finished motion planning
INFO:R0: --------------------------
INFO:R0: TOT: 7.2165534461
INFO:R0: NSE: 15
INFO:R0: FIR: 1.73450803757
INFO:R0: LAS: 0.375084877014
INFO:R0: LMA: 1
INFO:R0: MAX: 0.217993021011
INFO:R0: MIN: 0.039717912674
INFO:R0: AVG: 0.0839602947235
INFO:R0: RMP: 0.544982552528
INFO:R0: RMG: 0.937712192535
