INFO:R0: Init motion planning
INFO:R0@tkref=0.0000: Time to solve stand alone optimisation problem: 1.2306830883
INFO:R0@tkref=0.0000: N of unsatisfied eq: 4
INFO:R0@tkref=0.0000: N of unsatisfied ieq: 3
INFO:R0@tkref=0.0000: Summary: Iteration limit exceeded after 41 it.
DEBUG:R0@tkref=0.0000: $$$$$$$$ CONFLICT LIST $$$$$$$$: []
INFO:R0: --------------------------
INFO:R0@tkref=3.7143: Time to solve stand alone optimisation problem: 0.187124013901
INFO:R0@tkref=3.7143: N of unsatisfied eq: 3
INFO:R0@tkref=3.7143: N of unsatisfied ieq: 5
INFO:R0@tkref=3.7143: Summary: Optimization terminated successfully. after 5 it.
DEBUG:R0@tkref=3.7143: $$$$$$$$ CONFLICT LIST $$$$$$$$: []
INFO:R0: --------------------------
DEBUG:R0: LAST STEP
DEBUG:R0: Approx remaining dist: 1.1474414382
DEBUG:R0: Usual approx plan dist: 5.2
DEBUG:R0: Approx gain in dist: 4.0525585618
DEBUG:R0: Last step min dist: 0.5
INFO:R0: scale 0.220661815038 Ns 7 Nk 3
INFO:R0@tkref=7.4286: Time to solve stand alone optimisation problem: 0.617122888565
INFO:R0@tkref=7.4286: N of unsatisfied eq: 10
INFO:R0@tkref=7.4286: N of unsatisfied ieq: 4
INFO:R0@tkref=7.4286: Summary: Iteration limit exceeded after 21 it.
DEBUG:R0@tkref=7.4286: $$$$$$$$ CONFLICT LIST $$$$$$$$: []
INFO:R0: Finished motion planning
INFO:R0: --------------------------
INFO:R0: TOT: 8.71763298345
INFO:R0: NSE: 3
INFO:R0: FIR: 1.23221898079
INFO:R0: LAS: 0.618423938751
INFO:R0: LMA: 1
INFO:R0: MAX: 0.188023090363
INFO:R0: MIN: 0.188023090363
INFO:R0: AVG: 0.188023090363
INFO:R0: RMP: 0.0531739508944
INFO:R0: RMG: 0.174893647837
