INFO:R0: Init motion planning
INFO:R0@tkref=0.0000: Time to solve stand alone optimisation problem: 3.21462011337
INFO:R0@tkref=0.0000: N of unsatisfied eq: 3
INFO:R0@tkref=0.0000: N of unsatisfied ieq: 8
INFO:R0@tkref=0.0000: Summary: Iteration limit exceeded after 41 it.
DEBUG:R0@tkref=0.0000: $$$$$$$$ CONFLICT LIST $$$$$$$$: []
INFO:R0: --------------------------
INFO:R0@tkref=1.2857: Time to solve stand alone optimisation problem: 1.65406990051
INFO:R0@tkref=1.2857: N of unsatisfied eq: 2
INFO:R0@tkref=1.2857: N of unsatisfied ieq: 8
INFO:R0@tkref=1.2857: Summary: Iteration limit exceeded after 16 it.
DEBUG:R0@tkref=1.2857: $$$$$$$$ CONFLICT LIST $$$$$$$$: []
INFO:R0: --------------------------
INFO:R0@tkref=2.5714: Time to solve stand alone optimisation problem: 0.995520114899
INFO:R0@tkref=2.5714: N of unsatisfied eq: 3
INFO:R0@tkref=2.5714: N of unsatisfied ieq: 9
INFO:R0@tkref=2.5714: Summary: Optimization terminated successfully. after 11 it.
DEBUG:R0@tkref=2.5714: $$$$$$$$ CONFLICT LIST $$$$$$$$: []
INFO:R0: --------------------------
INFO:R0@tkref=3.8571: Time to solve stand alone optimisation problem: 1.15767502785
INFO:R0@tkref=3.8571: N of unsatisfied eq: 1
INFO:R0@tkref=3.8571: N of unsatisfied ieq: 7
INFO:R0@tkref=3.8571: Summary: Optimization terminated successfully. after 14 it.
DEBUG:R0@tkref=3.8571: $$$$$$$$ CONFLICT LIST $$$$$$$$: []
INFO:R0: --------------------------
INFO:R0@tkref=5.1429: Time to solve stand alone optimisation problem: 0.414246797562
INFO:R0@tkref=5.1429: N of unsatisfied eq: 3
INFO:R0@tkref=5.1429: N of unsatisfied ieq: 9
INFO:R0@tkref=5.1429: Summary: Optimization terminated successfully. after 6 it.
DEBUG:R0@tkref=5.1429: $$$$$$$$ CONFLICT LIST $$$$$$$$: []
INFO:R0: --------------------------
DEBUG:R0: LAST STEP
DEBUG:R0: Approx remaining dist: 1.42769323358
DEBUG:R0: Usual approx plan dist: 3.6
DEBUG:R0: Approx gain in dist: 2.17230676642
DEBUG:R0: Last step min dist: 0.5
INFO:R0: scale 0.396581453772 Ns 7 Nk 3
INFO:R0@tkref=6.4286: Time to solve stand alone optimisation problem: 0.463193178177
INFO:R0@tkref=6.4286: N of unsatisfied eq: 10
INFO:R0@tkref=6.4286: N of unsatisfied ieq: 3
INFO:R0@tkref=6.4286: Summary: Iteration limit exceeded after 21 it.
DEBUG:R0@tkref=6.4286: $$$$$$$$ CONFLICT LIST $$$$$$$$: []
INFO:R0: Finished motion planning
INFO:R0: --------------------------
INFO:R0: TOT: 8.04221047363
INFO:R0: NSE: 6
INFO:R0: FIR: 3.21630883217
INFO:R0: LAS: 0.464103937149
INFO:R0: LMA: 0
INFO:R0: MAX: 1.65566182137
INFO:R0: MIN: 0.415163993835
INFO:R0: AVG: 1.05651217699
INFO:R0: RMP: 1.23820862709
INFO:R0: RMG: 1.23820862709
