INFO:R0: Init motion planning
INFO:R0@tkref=0.0000: Time to solve stand alone optimisation problem: 1.91622495651
INFO:R0@tkref=0.0000: N of unsatisfied eq: 4
INFO:R0@tkref=0.0000: N of unsatisfied ieq: 11
INFO:R0@tkref=0.0000: Summary: Iteration limit exceeded after 41 it.
DEBUG:R0@tkref=0.0000: $$$$$$$$ CONFLICT LIST $$$$$$$$: []
INFO:R0: --------------------------
INFO:R0@tkref=0.4500: Time to solve stand alone optimisation problem: 0.0893750190735
INFO:R0@tkref=0.4500: N of unsatisfied eq: 3
INFO:R0@tkref=0.4500: N of unsatisfied ieq: 8
INFO:R0@tkref=0.4500: Summary: Optimization terminated successfully. after 2 it.
DEBUG:R0@tkref=0.4500: $$$$$$$$ CONFLICT LIST $$$$$$$$: []
INFO:R0: --------------------------
INFO:R0@tkref=0.9000: Time to solve stand alone optimisation problem: 0.222530841827
INFO:R0@tkref=0.9000: N of unsatisfied eq: 2
INFO:R0@tkref=0.9000: N of unsatisfied ieq: 13
INFO:R0@tkref=0.9000: Summary: Optimization terminated successfully. after 4 it.
DEBUG:R0@tkref=0.9000: $$$$$$$$ CONFLICT LIST $$$$$$$$: []
INFO:R0: --------------------------
INFO:R0@tkref=1.3500: Time to solve stand alone optimisation problem: 0.435924053192
INFO:R0@tkref=1.3500: N of unsatisfied eq: 1
INFO:R0@tkref=1.3500: N of unsatisfied ieq: 7
INFO:R0@tkref=1.3500: Summary: Optimization terminated successfully. after 8 it.
DEBUG:R0@tkref=1.3500: $$$$$$$$ CONFLICT LIST $$$$$$$$: []
INFO:R0: --------------------------
INFO:R0@tkref=1.8000: Time to solve stand alone optimisation problem: 0.434439897537
INFO:R0@tkref=1.8000: N of unsatisfied eq: 2
INFO:R0@tkref=1.8000: N of unsatisfied ieq: 7
INFO:R0@tkref=1.8000: Summary: Optimization terminated successfully. after 8 it.
DEBUG:R0@tkref=1.8000: $$$$$$$$ CONFLICT LIST $$$$$$$$: []
INFO:R0: --------------------------
INFO:R0@tkref=2.2500: Time to solve stand alone optimisation problem: 0.798475027084
INFO:R0@tkref=2.2500: N of unsatisfied eq: 3
INFO:R0@tkref=2.2500: N of unsatisfied ieq: 9
INFO:R0@tkref=2.2500: Summary: Optimization terminated successfully. after 12 it.
DEBUG:R0@tkref=2.2500: $$$$$$$$ CONFLICT LIST $$$$$$$$: []
INFO:R0: --------------------------
INFO:R0@tkref=2.7000: Time to solve stand alone optimisation problem: 0.384078025818
INFO:R0@tkref=2.7000: N of unsatisfied eq: 3
INFO:R0@tkref=2.7000: N of unsatisfied ieq: 7
INFO:R0@tkref=2.7000: Summary: Optimization terminated successfully. after 6 it.
DEBUG:R0@tkref=2.7000: $$$$$$$$ CONFLICT LIST $$$$$$$$: []
INFO:R0: --------------------------
INFO:R0@tkref=3.1500: Time to solve stand alone optimisation problem: 0.512811899185
INFO:R0@tkref=3.1500: N of unsatisfied eq: 3
INFO:R0@tkref=3.1500: N of unsatisfied ieq: 7
INFO:R0@tkref=3.1500: Summary: Optimization terminated successfully. after 8 it.
DEBUG:R0@tkref=3.1500: $$$$$$$$ CONFLICT LIST $$$$$$$$: []
INFO:R0: --------------------------
INFO:R0@tkref=3.6000: Time to solve stand alone optimisation problem: 0.650710105896
INFO:R0@tkref=3.6000: N of unsatisfied eq: 2
INFO:R0@tkref=3.6000: N of unsatisfied ieq: 6
INFO:R0@tkref=3.6000: Summary: Optimization terminated successfully. after 10 it.
DEBUG:R0@tkref=3.6000: $$$$$$$$ CONFLICT LIST $$$$$$$$: []
INFO:R0: --------------------------
INFO:R0@tkref=4.0500: Time to solve stand alone optimisation problem: 0.457374095917
INFO:R0@tkref=4.0500: N of unsatisfied eq: 3
INFO:R0@tkref=4.0500: N of unsatisfied ieq: 9
INFO:R0@tkref=4.0500: Summary: Optimization terminated successfully. after 7 it.
DEBUG:R0@tkref=4.0500: $$$$$$$$ CONFLICT LIST $$$$$$$$: []
INFO:R0: --------------------------
INFO:R0@tkref=4.5000: Time to solve stand alone optimisation problem: 0.337889909744
INFO:R0@tkref=4.5000: N of unsatisfied eq: 3
INFO:R0@tkref=4.5000: N of unsatisfied ieq: 9
INFO:R0@tkref=4.5000: Summary: Optimization terminated successfully. after 5 it.
DEBUG:R0@tkref=4.5000: $$$$$$$$ CONFLICT LIST $$$$$$$$: []
INFO:R0: --------------------------
INFO:R0@tkref=4.9500: Time to solve stand alone optimisation problem: 0.196496963501
INFO:R0@tkref=4.9500: N of unsatisfied eq: 3
INFO:R0@tkref=4.9500: N of unsatisfied ieq: 6
INFO:R0@tkref=4.9500: Summary: Optimization terminated successfully. after 3 it.
DEBUG:R0@tkref=4.9500: $$$$$$$$ CONFLICT LIST $$$$$$$$: []
INFO:R0: --------------------------
INFO:R0@tkref=5.4000: Time to solve stand alone optimisation problem: 0.109992027283
INFO:R0@tkref=5.4000: N of unsatisfied eq: 3
INFO:R0@tkref=5.4000: N of unsatisfied ieq: 9
INFO:R0@tkref=5.4000: Summary: Optimization terminated successfully. after 2 it.
DEBUG:R0@tkref=5.4000: $$$$$$$$ CONFLICT LIST $$$$$$$$: []
INFO:R0: --------------------------
INFO:R0@tkref=5.8500: Time to solve stand alone optimisation problem: 0.0578858852386
INFO:R0@tkref=5.8500: N of unsatisfied eq: 3
INFO:R0@tkref=5.8500: N of unsatisfied ieq: 10
INFO:R0@tkref=5.8500: Summary: Optimization terminated successfully. after 1 it.
DEBUG:R0@tkref=5.8500: $$$$$$$$ CONFLICT LIST $$$$$$$$: []
INFO:R0: --------------------------
INFO:R0@tkref=6.3000: Time to solve stand alone optimisation problem: 0.061075925827
INFO:R0@tkref=6.3000: N of unsatisfied eq: 3
INFO:R0@tkref=6.3000: N of unsatisfied ieq: 5
INFO:R0@tkref=6.3000: Summary: Optimization terminated successfully. after 1 it.
DEBUG:R0@tkref=6.3000: $$$$$$$$ CONFLICT LIST $$$$$$$$: []
INFO:R0: --------------------------
DEBUG:R0: LAST STEP
DEBUG:R0: Approx remaining dist: 0.5955749649
DEBUG:R0: Usual approx plan dist: 2.4
DEBUG:R0: Approx gain in dist: 1.8044250351
DEBUG:R0: Last step min dist: 0.5
INFO:R0: scale 0.248156235375 Ns 7 Nk 3
INFO:R0@tkref=6.7500: Time to solve stand alone optimisation problem: 0.463090896606
INFO:R0@tkref=6.7500: N of unsatisfied eq: 10
INFO:R0@tkref=6.7500: N of unsatisfied ieq: 4
INFO:R0@tkref=6.7500: Summary: Iteration limit exceeded after 21 it.
DEBUG:R0@tkref=6.7500: $$$$$$$$ CONFLICT LIST $$$$$$$$: []
INFO:R0: Finished motion planning
INFO:R0: --------------------------
INFO:R0: TOT: 7.41882161118
INFO:R0: NSE: 16
INFO:R0: FIR: 1.91765594482
INFO:R0: LAS: 0.464720964432
INFO:R0: LMA: 0
INFO:R0: MAX: 0.799355983734
INFO:R0: MIN: 0.0588309764862
INFO:R0: AVG: 0.340196575437
INFO:R0: RMP: 1.66532496611
INFO:R0: RMG: 1.66532496611
