INFO:R0: Init motion planning
INFO:R0@tkref=0.0000: Time to solve stand alone optimisation problem: 1.96789383888
INFO:R0@tkref=0.0000: N of unsatisfied eq: 4
INFO:R0@tkref=0.0000: N of unsatisfied ieq: 2
INFO:R0@tkref=0.0000: Summary: Iteration limit exceeded after 41 it.
DEBUG:R0@tkref=0.0000: $$$$$$$$ CONFLICT LIST $$$$$$$$: []
INFO:R0: --------------------------
INFO:R0@tkref=2.7077: Time to solve stand alone optimisation problem: 1.13951587677
INFO:R0@tkref=2.7077: N of unsatisfied eq: 1
INFO:R0@tkref=2.7077: N of unsatisfied ieq: 5
INFO:R0@tkref=2.7077: Summary: Iteration limit exceeded after 16 it.
DEBUG:R0@tkref=2.7077: $$$$$$$$ CONFLICT LIST $$$$$$$$: []
INFO:R0: --------------------------
DEBUG:R0: LAST STEP
DEBUG:R0: Approx remaining dist: 2.66165871709
DEBUG:R0: Usual approx plan dist: 4.4
DEBUG:R0: Approx gain in dist: 1.73834128291
DEBUG:R0: Last step min dist: 0.5
INFO:R0: scale 0.604922435703 Ns 8 Nk 3
INFO:R0@tkref=5.4154: Time to solve stand alone optimisation problem: 0.103787899017
INFO:R0@tkref=5.4154: N of unsatisfied eq: 9
INFO:R0@tkref=5.4154: N of unsatisfied ieq: 7
INFO:R0@tkref=5.4154: Summary: Optimization terminated successfully. after 8 it.
DEBUG:R0@tkref=5.4154: $$$$$$$$ CONFLICT LIST $$$$$$$$: []
INFO:R0: Finished motion planning
INFO:R0: --------------------------
INFO:R0: TOT: 8.07704331813
INFO:R0: NSE: 3
INFO:R0: FIR: 1.97035193443
INFO:R0: LAS: 0.10466504097
INFO:R0: LMA: 0
INFO:R0: MAX: 1.14060211182
INFO:R0: MIN: 1.14060211182
INFO:R0: AVG: 1.14060211182
INFO:R0: RMP: 0.432046254476
INFO:R0: RMG: 0.432046254476
