INFO:R0: Init motion planning
INFO:R0@tkref=0.0000: Time to solve stand alone optimisation problem: 2.17345285416
INFO:R0@tkref=0.0000: N of unsatisfied eq: 3
INFO:R0@tkref=0.0000: N of unsatisfied ieq: 7
INFO:R0@tkref=0.0000: Summary: Iteration limit exceeded after 41 it.
DEBUG:R0@tkref=0.0000: $$$$$$$$ CONFLICT LIST $$$$$$$$: []
INFO:R0: --------------------------
INFO:R0@tkref=0.6667: Time to solve stand alone optimisation problem: 0.415699005127
INFO:R0@tkref=0.6667: N of unsatisfied eq: 3
INFO:R0@tkref=0.6667: N of unsatisfied ieq: 8
INFO:R0@tkref=0.6667: Summary: Optimization terminated successfully. after 8 it.
DEBUG:R0@tkref=0.6667: $$$$$$$$ CONFLICT LIST $$$$$$$$: []
INFO:R0: --------------------------
INFO:R0@tkref=1.3333: Time to solve stand alone optimisation problem: 0.679149866104
INFO:R0@tkref=1.3333: N of unsatisfied eq: 2
INFO:R0@tkref=1.3333: N of unsatisfied ieq: 8
INFO:R0@tkref=1.3333: Summary: Optimization terminated successfully. after 10 it.
DEBUG:R0@tkref=1.3333: $$$$$$$$ CONFLICT LIST $$$$$$$$: []
INFO:R0: --------------------------
INFO:R0@tkref=2.0000: Time to solve stand alone optimisation problem: 0.605690956116
INFO:R0@tkref=2.0000: N of unsatisfied eq: 3
INFO:R0@tkref=2.0000: N of unsatisfied ieq: 7
INFO:R0@tkref=2.0000: Summary: Optimization terminated successfully. after 9 it.
DEBUG:R0@tkref=2.0000: $$$$$$$$ CONFLICT LIST $$$$$$$$: []
INFO:R0: --------------------------
INFO:R0@tkref=2.6667: Time to solve stand alone optimisation problem: 0.603739976883
INFO:R0@tkref=2.6667: N of unsatisfied eq: 2
INFO:R0@tkref=2.6667: N of unsatisfied ieq: 10
INFO:R0@tkref=2.6667: Summary: Optimization terminated successfully. after 8 it.
DEBUG:R0@tkref=2.6667: $$$$$$$$ CONFLICT LIST $$$$$$$$: []
INFO:R0: --------------------------
INFO:R0@tkref=3.3333: Time to solve stand alone optimisation problem: 0.450621128082
INFO:R0@tkref=3.3333: N of unsatisfied eq: 2
INFO:R0@tkref=3.3333: N of unsatisfied ieq: 8
INFO:R0@tkref=3.3333: Summary: Optimization terminated successfully. after 6 it.
DEBUG:R0@tkref=3.3333: $$$$$$$$ CONFLICT LIST $$$$$$$$: []
INFO:R0: --------------------------
INFO:R0@tkref=4.0000: Time to solve stand alone optimisation problem: 0.67858505249
INFO:R0@tkref=4.0000: N of unsatisfied eq: 3
INFO:R0@tkref=4.0000: N of unsatisfied ieq: 8
INFO:R0@tkref=4.0000: Summary: Optimization terminated successfully. after 9 it.
DEBUG:R0@tkref=4.0000: $$$$$$$$ CONFLICT LIST $$$$$$$$: []
INFO:R0: --------------------------
INFO:R0@tkref=4.6667: Time to solve stand alone optimisation problem: 0.954519033432
INFO:R0@tkref=4.6667: N of unsatisfied eq: 3
INFO:R0@tkref=4.6667: N of unsatisfied ieq: 6
INFO:R0@tkref=4.6667: Summary: Optimization terminated successfully. after 14 it.
DEBUG:R0@tkref=4.6667: $$$$$$$$ CONFLICT LIST $$$$$$$$: []
INFO:R0: --------------------------
INFO:R0@tkref=5.3333: Time to solve stand alone optimisation problem: 0.358194112778
INFO:R0@tkref=5.3333: N of unsatisfied eq: 2
INFO:R0@tkref=5.3333: N of unsatisfied ieq: 8
INFO:R0@tkref=5.3333: Summary: Optimization terminated successfully. after 6 it.
DEBUG:R0@tkref=5.3333: $$$$$$$$ CONFLICT LIST $$$$$$$$: []
INFO:R0: --------------------------
INFO:R0@tkref=6.0000: Time to solve stand alone optimisation problem: 0.12185716629
INFO:R0@tkref=6.0000: N of unsatisfied eq: 3
INFO:R0@tkref=6.0000: N of unsatisfied ieq: 6
INFO:R0@tkref=6.0000: Summary: Optimization terminated successfully. after 2 it.
DEBUG:R0@tkref=6.0000: $$$$$$$$ CONFLICT LIST $$$$$$$$: []
INFO:R0: --------------------------
INFO:R0@tkref=6.6667: Time to solve stand alone optimisation problem: 0.0557329654694
INFO:R0@tkref=6.6667: N of unsatisfied eq: 3
INFO:R0@tkref=6.6667: N of unsatisfied ieq: 6
INFO:R0@tkref=6.6667: Summary: Optimization terminated successfully. after 1 it.
DEBUG:R0@tkref=6.6667: $$$$$$$$ CONFLICT LIST $$$$$$$$: []
INFO:R0: --------------------------
DEBUG:R0: LAST STEP
DEBUG:R0: Approx remaining dist: 0.198404864162
DEBUG:R0: Usual approx plan dist: 1.6
DEBUG:R0: Approx gain in dist: 1.40159513584
DEBUG:R0: Last step min dist: 0.0
INFO:R0: scale 0.124003040101 Ns 7 Nk 3
INFO:R0@tkref=7.3333: Time to solve stand alone optimisation problem: 0.416334152222
INFO:R0@tkref=7.3333: N of unsatisfied eq: 10
INFO:R0@tkref=7.3333: N of unsatisfied ieq: 4
INFO:R0@tkref=7.3333: Summary: Iteration limit exceeded after 21 it.
DEBUG:R0@tkref=7.3333: $$$$$$$$ CONFLICT LIST $$$$$$$$: []
INFO:R0: Finished motion planning
INFO:R0: --------------------------
INFO:R0: TOT: 7.55612746233
INFO:R0: NSE: 12
INFO:R0: FIR: 2.17509818077
INFO:R0: LAS: 0.417439222336
INFO:R0: LMA: 0
INFO:R0: MAX: 0.955374002457
INFO:R0: MIN: 0.0565369129181
INFO:R0: AVG: 0.493253540993
INFO:R0: RMP: 1.3570653444
INFO:R0: RMG: 1.3570653444
