INFO:R0: Init motion planning
INFO:R0@tkref=0.0000: Time to solve stand alone optimisation problem: 1.42306804657
INFO:R0@tkref=0.0000: N of unsatisfied eq: 4
INFO:R0@tkref=0.0000: N of unsatisfied ieq: 6
INFO:R0@tkref=0.0000: Summary: Iteration limit exceeded after 41 it.
DEBUG:R0@tkref=0.0000: $$$$$$$$ CONFLICT LIST $$$$$$$$: []
INFO:R0: --------------------------
INFO:R0@tkref=1.2923: Time to solve stand alone optimisation problem: 0.207789897919
INFO:R0@tkref=1.2923: N of unsatisfied eq: 2
INFO:R0@tkref=1.2923: N of unsatisfied ieq: 8
INFO:R0@tkref=1.2923: Summary: Optimization terminated successfully. after 5 it.
DEBUG:R0@tkref=1.2923: $$$$$$$$ CONFLICT LIST $$$$$$$$: []
INFO:R0: --------------------------
INFO:R0@tkref=2.5846: Time to solve stand alone optimisation problem: 0.428220033646
INFO:R0@tkref=2.5846: N of unsatisfied eq: 3
INFO:R0@tkref=2.5846: N of unsatisfied ieq: 7
INFO:R0@tkref=2.5846: Summary: Optimization terminated successfully. after 9 it.
DEBUG:R0@tkref=2.5846: $$$$$$$$ CONFLICT LIST $$$$$$$$: []
INFO:R0: --------------------------
INFO:R0@tkref=3.8769: Time to solve stand alone optimisation problem: 0.199642896652
INFO:R0@tkref=3.8769: N of unsatisfied eq: 3
INFO:R0@tkref=3.8769: N of unsatisfied ieq: 16
INFO:R0@tkref=3.8769: Summary: Optimization terminated successfully. after 8 it.
DEBUG:R0@tkref=3.8769: $$$$$$$$ CONFLICT LIST $$$$$$$$: []
INFO:R0: --------------------------
INFO:R0@tkref=5.1692: Time to solve stand alone optimisation problem: 0.439509153366
INFO:R0@tkref=5.1692: N of unsatisfied eq: 2
INFO:R0@tkref=5.1692: N of unsatisfied ieq: 7
INFO:R0@tkref=5.1692: Summary: Optimization terminated successfully. after 9 it.
DEBUG:R0@tkref=5.1692: $$$$$$$$ CONFLICT LIST $$$$$$$$: []
INFO:R0: --------------------------
INFO:R0@tkref=6.4615: Time to solve stand alone optimisation problem: 0.202031135559
INFO:R0@tkref=6.4615: N of unsatisfied eq: 3
INFO:R0@tkref=6.4615: N of unsatisfied ieq: 9
INFO:R0@tkref=6.4615: Summary: Optimization terminated successfully. after 5 it.
DEBUG:R0@tkref=6.4615: $$$$$$$$ CONFLICT LIST $$$$$$$$: []
INFO:R0: --------------------------
DEBUG:R0: LAST STEP
DEBUG:R0: Approx remaining dist: 0.89642799098
DEBUG:R0: Usual approx plan dist: 5.6
DEBUG:R0: Approx gain in dist: 4.70357200902
DEBUG:R0: Last step min dist: 0.5
INFO:R0: scale 0.160076426961 Ns 7 Nk 3
INFO:R0@tkref=7.7538: Time to solve stand alone optimisation problem: 0.414793968201
INFO:R0@tkref=7.7538: N of unsatisfied eq: 10
INFO:R0@tkref=7.7538: N of unsatisfied ieq: 4
INFO:R0@tkref=7.7538: Summary: Iteration limit exceeded after 21 it.
DEBUG:R0@tkref=7.7538: $$$$$$$$ CONFLICT LIST $$$$$$$$: []
INFO:R0: Finished motion planning
INFO:R0: --------------------------
INFO:R0: TOT: 8.754505437
INFO:R0: NSE: 7
INFO:R0: FIR: 1.42428183556
INFO:R0: LAS: 0.415645837784
INFO:R0: LMA: 0
INFO:R0: MAX: 0.440359115601
INFO:R0: MIN: 0.200507879257
INFO:R0: AVG: 0.296291828156
INFO:R0: RMP: 0.308925399976
INFO:R0: RMG: 0.308925399976
