INFO:R0: Init motion planning
INFO:R0@tkref=0.0000: Time to solve stand alone optimisation problem: 1.73133611679
INFO:R0@tkref=0.0000: N of unsatisfied eq: 4
INFO:R0@tkref=0.0000: N of unsatisfied ieq: 2
INFO:R0@tkref=0.0000: Summary: Iteration limit exceeded after 41 it.
DEBUG:R0@tkref=0.0000: $$$$$$$$ CONFLICT LIST $$$$$$$$: []
INFO:R0: --------------------------
INFO:R0@tkref=1.8909: Time to solve stand alone optimisation problem: 0.577684879303
INFO:R0@tkref=1.8909: N of unsatisfied eq: 4
INFO:R0@tkref=1.8909: N of unsatisfied ieq: 12
INFO:R0@tkref=1.8909: Summary: Optimization terminated successfully. after 15 it.
DEBUG:R0@tkref=1.8909: $$$$$$$$ CONFLICT LIST $$$$$$$$: []
INFO:R0: --------------------------
INFO:R0@tkref=3.7818: Time to solve stand alone optimisation problem: 0.698522090912
INFO:R0@tkref=3.7818: N of unsatisfied eq: 3
INFO:R0@tkref=3.7818: N of unsatisfied ieq: 11
INFO:R0@tkref=3.7818: Summary: Iteration limit exceeded after 16 it.
DEBUG:R0@tkref=3.7818: $$$$$$$$ CONFLICT LIST $$$$$$$$: []
INFO:R0: --------------------------
DEBUG:R0: LAST STEP
DEBUG:R0: Approx remaining dist: 1.90418285865
DEBUG:R0: Usual approx plan dist: 5.2
DEBUG:R0: Approx gain in dist: 3.29581714135
DEBUG:R0: Last step min dist: 0.5
INFO:R0: scale 0.366189011279 Ns 7 Nk 3
INFO:R0@tkref=5.6727: Time to solve stand alone optimisation problem: 0.536016941071
INFO:R0@tkref=5.6727: N of unsatisfied eq: 10
INFO:R0@tkref=5.6727: N of unsatisfied ieq: 3
INFO:R0@tkref=5.6727: Summary: Iteration limit exceeded after 21 it.
DEBUG:R0@tkref=5.6727: $$$$$$$$ CONFLICT LIST $$$$$$$$: []
INFO:R0: Finished motion planning
INFO:R0: --------------------------
INFO:R0: TOT: 7.84619777446
INFO:R0: NSE: 4
INFO:R0: FIR: 1.73319292068
INFO:R0: LAS: 0.537082910538
INFO:R0: LMA: 0
INFO:R0: MAX: 0.699410915375
INFO:R0: MIN: 0.578598976135
INFO:R0: AVG: 0.639004945755
INFO:R0: RMP: 0.353952892396
INFO:R0: RMG: 0.353952892396
