INFO:R0: Init motion planning
INFO:R0@tkref=0.0000: Time to solve stand alone optimisation problem: 1.37550806999
INFO:R0@tkref=0.0000: N of unsatisfied eq: 4
INFO:R0@tkref=0.0000: N of unsatisfied ieq: 8
INFO:R0@tkref=0.0000: Summary: Iteration limit exceeded after 41 it.
DEBUG:R0@tkref=0.0000: $$$$$$$$ CONFLICT LIST $$$$$$$$: []
INFO:R0: --------------------------
INFO:R0@tkref=2.0000: Time to solve stand alone optimisation problem: 0.291254043579
INFO:R0@tkref=2.0000: N of unsatisfied eq: 2
INFO:R0@tkref=2.0000: N of unsatisfied ieq: 7
INFO:R0@tkref=2.0000: Summary: Optimization terminated successfully. after 7 it.
DEBUG:R0@tkref=2.0000: $$$$$$$$ CONFLICT LIST $$$$$$$$: []
INFO:R0: --------------------------
INFO:R0@tkref=4.0000: Time to solve stand alone optimisation problem: 0.374245882034
INFO:R0@tkref=4.0000: N of unsatisfied eq: 2
INFO:R0@tkref=4.0000: N of unsatisfied ieq: 6
INFO:R0@tkref=4.0000: Summary: Optimization terminated successfully. after 9 it.
DEBUG:R0@tkref=4.0000: $$$$$$$$ CONFLICT LIST $$$$$$$$: []
INFO:R0: --------------------------
DEBUG:R0: LAST STEP
DEBUG:R0: Approx remaining dist: 1.59490826175
DEBUG:R0: Usual approx plan dist: 4.4
DEBUG:R0: Approx gain in dist: 2.80509173825
DEBUG:R0: Last step min dist: 0.5
INFO:R0: scale 0.362479150398 Ns 7 Nk 3
INFO:R0@tkref=6.0000: Time to solve stand alone optimisation problem: 0.410022974014
INFO:R0@tkref=6.0000: N of unsatisfied eq: 10
INFO:R0@tkref=6.0000: N of unsatisfied ieq: 4
INFO:R0@tkref=6.0000: Summary: Iteration limit exceeded after 21 it.
DEBUG:R0@tkref=6.0000: $$$$$$$$ CONFLICT LIST $$$$$$$$: []
INFO:R0: Finished motion planning
INFO:R0: --------------------------
INFO:R0: TOT: 7.78975602276
INFO:R0: NSE: 4
INFO:R0: FIR: 1.37719202042
INFO:R0: LAS: 0.410948991776
INFO:R0: LMA: 1
INFO:R0: MAX: 0.37511920929
INFO:R0: MIN: 0.292098999023
INFO:R0: AVG: 0.333609104156
INFO:R0: RMP: 0.182687926602
INFO:R0: RMG: 0.200137495995
