INFO:R0: Init motion planning
INFO:R0@tkref=0.0000: Time to solve stand alone optimisation problem: 1.60453605652
INFO:R0@tkref=0.0000: N of unsatisfied eq: 5
INFO:R0@tkref=0.0000: N of unsatisfied ieq: 8
INFO:R0@tkref=0.0000: Summary: Iteration limit exceeded after 41 it.
DEBUG:R0@tkref=0.0000: $$$$$$$$ CONFLICT LIST $$$$$$$$: []
INFO:R0: --------------------------
INFO:R0@tkref=1.7778: Time to solve stand alone optimisation problem: 0.705547094345
INFO:R0@tkref=1.7778: N of unsatisfied eq: 1
INFO:R0@tkref=1.7778: N of unsatisfied ieq: 6
INFO:R0@tkref=1.7778: Summary: Optimization terminated successfully. after 15 it.
DEBUG:R0@tkref=1.7778: $$$$$$$$ CONFLICT LIST $$$$$$$$: []
INFO:R0: --------------------------
INFO:R0@tkref=3.5556: Time to solve stand alone optimisation problem: 0.828667163849
INFO:R0@tkref=3.5556: N of unsatisfied eq: 3
INFO:R0@tkref=3.5556: N of unsatisfied ieq: 4
INFO:R0@tkref=3.5556: Summary: Iteration limit exceeded after 16 it.
DEBUG:R0@tkref=3.5556: $$$$$$$$ CONFLICT LIST $$$$$$$$: []
INFO:R0: --------------------------
INFO:R0@tkref=5.3333: Time to solve stand alone optimisation problem: 0.468947172165
INFO:R0@tkref=5.3333: N of unsatisfied eq: 2
INFO:R0@tkref=5.3333: N of unsatisfied ieq: 6
INFO:R0@tkref=5.3333: Summary: Optimization terminated successfully. after 9 it.
DEBUG:R0@tkref=5.3333: $$$$$$$$ CONFLICT LIST $$$$$$$$: []
INFO:R0: --------------------------
DEBUG:R0: LAST STEP
DEBUG:R0: Approx remaining dist: 1.54620394258
DEBUG:R0: Usual approx plan dist: 3.2
DEBUG:R0: Approx gain in dist: 1.65379605742
DEBUG:R0: Last step min dist: 0.5
INFO:R0: scale 0.483188732055 Ns 7 Nk 3
INFO:R0@tkref=7.1111: Time to solve stand alone optimisation problem: 0.514209032059
INFO:R0@tkref=7.1111: N of unsatisfied eq: 10
INFO:R0@tkref=7.1111: N of unsatisfied ieq: 3
INFO:R0@tkref=7.1111: Summary: Iteration limit exceeded after 21 it.
DEBUG:R0@tkref=7.1111: $$$$$$$$ CONFLICT LIST $$$$$$$$: []
INFO:R0: Finished motion planning
INFO:R0: --------------------------
INFO:R0: TOT: 8.85038509102
INFO:R0: NSE: 5
INFO:R0: FIR: 1.60598492622
INFO:R0: LAS: 0.515076875687
INFO:R0: LMA: 0
INFO:R0: MAX: 0.829519987106
INFO:R0: MIN: 0.469784975052
INFO:R0: AVG: 0.668582995733
INFO:R0: RMP: 0.432041659951
INFO:R0: RMG: 0.432041659951
