INFO:R0: Init motion planning
INFO:R0@tkref=0.0000: Time to solve stand alone optimisation problem: 2.67522096634
INFO:R0@tkref=0.0000: N of unsatisfied eq: 5
INFO:R0@tkref=0.0000: N of unsatisfied ieq: 8
INFO:R0@tkref=0.0000: Summary: Iteration limit exceeded after 41 it.
DEBUG:R0@tkref=0.0000: $$$$$$$$ CONFLICT LIST $$$$$$$$: []
INFO:R0: --------------------------
INFO:R0@tkref=0.5500: Time to solve stand alone optimisation problem: 1.05067396164
INFO:R0@tkref=0.5500: N of unsatisfied eq: 2
INFO:R0@tkref=0.5500: N of unsatisfied ieq: 4
INFO:R0@tkref=0.5500: Summary: Iteration limit exceeded after 16 it.
DEBUG:R0@tkref=0.5500: $$$$$$$$ CONFLICT LIST $$$$$$$$: []
INFO:R0: --------------------------
INFO:R0@tkref=1.1000: Time to solve stand alone optimisation problem: 0.465980052948
INFO:R0@tkref=1.1000: N of unsatisfied eq: 3
INFO:R0@tkref=1.1000: N of unsatisfied ieq: 9
INFO:R0@tkref=1.1000: Summary: Optimization terminated successfully. after 7 it.
DEBUG:R0@tkref=1.1000: $$$$$$$$ CONFLICT LIST $$$$$$$$: []
INFO:R0: --------------------------
INFO:R0@tkref=1.6500: Time to solve stand alone optimisation problem: 0.51658987999
INFO:R0@tkref=1.6500: N of unsatisfied eq: 3
INFO:R0@tkref=1.6500: N of unsatisfied ieq: 0
INFO:R0@tkref=1.6500: Summary: Optimization terminated successfully. after 6 it.
DEBUG:R0@tkref=1.6500: $$$$$$$$ CONFLICT LIST $$$$$$$$: []
INFO:R0: --------------------------
INFO:R0@tkref=2.2000: Time to solve stand alone optimisation problem: 1.53660607338
INFO:R0@tkref=2.2000: N of unsatisfied eq: 3
INFO:R0@tkref=2.2000: N of unsatisfied ieq: 13
INFO:R0@tkref=2.2000: Summary: Iteration limit exceeded after 16 it.
DEBUG:R0@tkref=2.2000: $$$$$$$$ CONFLICT LIST $$$$$$$$: []
INFO:R0: --------------------------
INFO:R0@tkref=2.7500: Time to solve stand alone optimisation problem: 1.59259390831
INFO:R0@tkref=2.7500: N of unsatisfied eq: 3
INFO:R0@tkref=2.7500: N of unsatisfied ieq: 22
INFO:R0@tkref=2.7500: Summary: Iteration limit exceeded after 16 it.
DEBUG:R0@tkref=2.7500: $$$$$$$$ CONFLICT LIST $$$$$$$$: []
INFO:R0: --------------------------
INFO:R0@tkref=3.3000: Time to solve stand alone optimisation problem: 1.34962201118
INFO:R0@tkref=3.3000: N of unsatisfied eq: 3
INFO:R0@tkref=3.3000: N of unsatisfied ieq: 10
INFO:R0@tkref=3.3000: Summary: Optimization terminated successfully. after 14 it.
DEBUG:R0@tkref=3.3000: $$$$$$$$ CONFLICT LIST $$$$$$$$: []
INFO:R0: --------------------------
INFO:R0@tkref=3.8500: Time to solve stand alone optimisation problem: 0.699026107788
INFO:R0@tkref=3.8500: N of unsatisfied eq: 3
INFO:R0@tkref=3.8500: N of unsatisfied ieq: 10
INFO:R0@tkref=3.8500: Summary: Optimization terminated successfully. after 7 it.
DEBUG:R0@tkref=3.8500: $$$$$$$$ CONFLICT LIST $$$$$$$$: []
INFO:R0: --------------------------
INFO:R0@tkref=4.4000: Time to solve stand alone optimisation problem: 0.580395936966
INFO:R0@tkref=4.4000: N of unsatisfied eq: 3
INFO:R0@tkref=4.4000: N of unsatisfied ieq: 11
INFO:R0@tkref=4.4000: Summary: Optimization terminated successfully. after 6 it.
DEBUG:R0@tkref=4.4000: $$$$$$$$ CONFLICT LIST $$$$$$$$: []
INFO:R0: --------------------------
INFO:R0@tkref=4.9500: Time to solve stand alone optimisation problem: 0.482647895813
INFO:R0@tkref=4.9500: N of unsatisfied eq: 2
INFO:R0@tkref=4.9500: N of unsatisfied ieq: 12
INFO:R0@tkref=4.9500: Summary: Optimization terminated successfully. after 5 it.
DEBUG:R0@tkref=4.9500: $$$$$$$$ CONFLICT LIST $$$$$$$$: []
INFO:R0: --------------------------
INFO:R0@tkref=5.5000: Time to solve stand alone optimisation problem: 0.494646072388
INFO:R0@tkref=5.5000: N of unsatisfied eq: 3
INFO:R0@tkref=5.5000: N of unsatisfied ieq: 8
INFO:R0@tkref=5.5000: Summary: Optimization terminated successfully. after 6 it.
DEBUG:R0@tkref=5.5000: $$$$$$$$ CONFLICT LIST $$$$$$$$: []
INFO:R0: --------------------------
INFO:R0@tkref=6.0500: Time to solve stand alone optimisation problem: 0.0790691375732
INFO:R0@tkref=6.0500: N of unsatisfied eq: 3
INFO:R0@tkref=6.0500: N of unsatisfied ieq: 10
INFO:R0@tkref=6.0500: Summary: Optimization terminated successfully. after 1 it.
DEBUG:R0@tkref=6.0500: $$$$$$$$ CONFLICT LIST $$$$$$$$: []
INFO:R0: --------------------------
INFO:R0@tkref=6.6000: Time to solve stand alone optimisation problem: 0.0753901004791
INFO:R0@tkref=6.6000: N of unsatisfied eq: 5
INFO:R0@tkref=6.6000: N of unsatisfied ieq: 8
INFO:R0@tkref=6.6000: Summary: Optimization terminated successfully. after 1 it.
DEBUG:R0@tkref=6.6000: $$$$$$$$ CONFLICT LIST $$$$$$$$: []
INFO:R0: --------------------------
INFO:R0@tkref=7.1500: Time to solve stand alone optimisation problem: 0.0643951892853
INFO:R0@tkref=7.1500: N of unsatisfied eq: 3
INFO:R0@tkref=7.1500: N of unsatisfied ieq: 11
INFO:R0@tkref=7.1500: Summary: Optimization terminated successfully. after 1 it.
DEBUG:R0@tkref=7.1500: $$$$$$$$ CONFLICT LIST $$$$$$$$: []
INFO:R0: --------------------------
INFO:R0@tkref=7.7000: Time to solve stand alone optimisation problem: 0.0648407936096
INFO:R0@tkref=7.7000: N of unsatisfied eq: 5
INFO:R0@tkref=7.7000: N of unsatisfied ieq: 8
INFO:R0@tkref=7.7000: Summary: Optimization terminated successfully. after 1 it.
DEBUG:R0@tkref=7.7000: $$$$$$$$ CONFLICT LIST $$$$$$$$: []
INFO:R0: --------------------------
DEBUG:R0: LAST STEP
DEBUG:R0: Approx remaining dist: 0.000125050711555
DEBUG:R0: Usual approx plan dist: 0.8
DEBUG:R0: Approx gain in dist: 0.799874949288
DEBUG:R0: Last step min dist: 0.0
INFO:R0: scale 0.000156313389443 Ns 7 Nk 3
INFO:R0@tkref=8.2500: Time to solve stand alone optimisation problem: 0.0395171642303
INFO:R0@tkref=8.2500: N of unsatisfied eq: 9
INFO:R0@tkref=8.2500: N of unsatisfied ieq: 8
INFO:R0@tkref=8.2500: Summary: Inequality constraints incompatible after 2 it.
DEBUG:R0@tkref=8.2500: $$$$$$$$ CONFLICT LIST $$$$$$$$: []
INFO:R0: Finished motion planning
INFO:R0: --------------------------
INFO:R0: TOT: 8.25012414797
INFO:R0: NSE: 16
INFO:R0: FIR: 2.67745614052
INFO:R0: LAS: 0.0403039455414
INFO:R0: LMA: 0
INFO:R0: MAX: 1.59365606308
INFO:R0: MIN: 0.0651791095734
INFO:R0: AVG: 0.64753135613
INFO:R0: RMP: 2.92951482184
INFO:R0: RMG: 2.92951482184
