INFO:R0: Init motion planning
INFO:R0@tkref=0.0000: Time to solve stand alone optimisation problem: 1.87047219276
INFO:R0@tkref=0.0000: N of unsatisfied eq: 3
INFO:R0@tkref=0.0000: N of unsatisfied ieq: 3
INFO:R0@tkref=0.0000: Summary: Iteration limit exceeded after 41 it.
DEBUG:R0@tkref=0.0000: $$$$$$$$ CONFLICT LIST $$$$$$$$: []
INFO:R0: --------------------------
INFO:R0@tkref=0.8727: Time to solve stand alone optimisation problem: 0.258955955505
INFO:R0@tkref=0.8727: N of unsatisfied eq: 1
INFO:R0@tkref=0.8727: N of unsatisfied ieq: 8
INFO:R0@tkref=0.8727: Summary: Optimization terminated successfully. after 6 it.
DEBUG:R0@tkref=0.8727: $$$$$$$$ CONFLICT LIST $$$$$$$$: []
INFO:R0: --------------------------
INFO:R0@tkref=1.7455: Time to solve stand alone optimisation problem: 0.549638032913
INFO:R0@tkref=1.7455: N of unsatisfied eq: 3
INFO:R0@tkref=1.7455: N of unsatisfied ieq: 8
INFO:R0@tkref=1.7455: Summary: Optimization terminated successfully. after 10 it.
DEBUG:R0@tkref=1.7455: $$$$$$$$ CONFLICT LIST $$$$$$$$: []
INFO:R0: --------------------------
INFO:R0@tkref=2.6182: Time to solve stand alone optimisation problem: 0.526135921478
INFO:R0@tkref=2.6182: N of unsatisfied eq: 2
INFO:R0@tkref=2.6182: N of unsatisfied ieq: 8
INFO:R0@tkref=2.6182: Summary: Optimization terminated successfully. after 8 it.
DEBUG:R0@tkref=2.6182: $$$$$$$$ CONFLICT LIST $$$$$$$$: []
INFO:R0: --------------------------
INFO:R0@tkref=3.4909: Time to solve stand alone optimisation problem: 0.302713155746
INFO:R0@tkref=3.4909: N of unsatisfied eq: 3
INFO:R0@tkref=3.4909: N of unsatisfied ieq: 7
INFO:R0@tkref=3.4909: Summary: Optimization terminated successfully. after 5 it.
DEBUG:R0@tkref=3.4909: $$$$$$$$ CONFLICT LIST $$$$$$$$: []
INFO:R0: --------------------------
INFO:R0@tkref=4.3636: Time to solve stand alone optimisation problem: 0.67124915123
INFO:R0@tkref=4.3636: N of unsatisfied eq: 3
INFO:R0@tkref=4.3636: N of unsatisfied ieq: 7
INFO:R0@tkref=4.3636: Summary: Optimization terminated successfully. after 11 it.
DEBUG:R0@tkref=4.3636: $$$$$$$$ CONFLICT LIST $$$$$$$$: []
INFO:R0: --------------------------
INFO:R0@tkref=5.2364: Time to solve stand alone optimisation problem: 0.244397163391
INFO:R0@tkref=5.2364: N of unsatisfied eq: 3
INFO:R0@tkref=5.2364: N of unsatisfied ieq: 10
INFO:R0@tkref=5.2364: Summary: Optimization terminated successfully. after 5 it.
DEBUG:R0@tkref=5.2364: $$$$$$$$ CONFLICT LIST $$$$$$$$: []
INFO:R0: --------------------------
INFO:R0@tkref=6.1091: Time to solve stand alone optimisation problem: 0.0455098152161
INFO:R0@tkref=6.1091: N of unsatisfied eq: 3
INFO:R0@tkref=6.1091: N of unsatisfied ieq: 5
INFO:R0@tkref=6.1091: Summary: Optimization terminated successfully. after 1 it.
DEBUG:R0@tkref=6.1091: $$$$$$$$ CONFLICT LIST $$$$$$$$: []
INFO:R0: --------------------------
DEBUG:R0: LAST STEP
DEBUG:R0: Approx remaining dist: 0.519194966939
DEBUG:R0: Usual approx plan dist: 1.6
DEBUG:R0: Approx gain in dist: 1.08080503306
DEBUG:R0: Last step min dist: 0.0
INFO:R0: scale 0.324496854337 Ns 7 Nk 3
INFO:R0@tkref=6.9818: Time to solve stand alone optimisation problem: 0.404339075089
INFO:R0@tkref=6.9818: N of unsatisfied eq: 10
INFO:R0@tkref=6.9818: N of unsatisfied ieq: 4
INFO:R0@tkref=6.9818: Summary: Iteration limit exceeded after 21 it.
DEBUG:R0@tkref=6.9818: $$$$$$$$ CONFLICT LIST $$$$$$$$: []
INFO:R0: Finished motion planning
INFO:R0: --------------------------
INFO:R0: TOT: 7.56485972835
INFO:R0: NSE: 9
INFO:R0: FIR: 1.87230610847
INFO:R0: LAS: 0.405189990997
INFO:R0: LMA: 0
INFO:R0: MAX: 0.672611951828
INFO:R0: MIN: 0.0462651252747
INFO:R0: AVG: 0.372120312282
INFO:R0: RMP: 0.750682981951
INFO:R0: RMG: 0.750682981951
