INFO:R0: Init motion planning
INFO:R0@tkref=0.0000: Time to solve stand alone optimisation problem: 1.86434817314
INFO:R0@tkref=0.0000: N of unsatisfied eq: 5
INFO:R0@tkref=0.0000: N of unsatisfied ieq: 15
INFO:R0@tkref=0.0000: Summary: Iteration limit exceeded after 41 it.
DEBUG:R0@tkref=0.0000: $$$$$$$$ CONFLICT LIST $$$$$$$$: []
INFO:R0: --------------------------
INFO:R0@tkref=0.1412: Time to solve stand alone optimisation problem: 0.138208866119
INFO:R0@tkref=0.1412: N of unsatisfied eq: 3
INFO:R0@tkref=0.1412: N of unsatisfied ieq: 13
INFO:R0@tkref=0.1412: Summary: Optimization terminated successfully. after 3 it.
DEBUG:R0@tkref=0.1412: $$$$$$$$ CONFLICT LIST $$$$$$$$: []
INFO:R0: --------------------------
INFO:R0@tkref=0.2824: Time to solve stand alone optimisation problem: 0.0476469993591
INFO:R0@tkref=0.2824: N of unsatisfied eq: 3
INFO:R0@tkref=0.2824: N of unsatisfied ieq: 13
INFO:R0@tkref=0.2824: Summary: Optimization terminated successfully. after 1 it.
DEBUG:R0@tkref=0.2824: $$$$$$$$ CONFLICT LIST $$$$$$$$: []
INFO:R0: --------------------------
INFO:R0@tkref=0.4235: Time to solve stand alone optimisation problem: 0.13837313652
INFO:R0@tkref=0.4235: N of unsatisfied eq: 3
INFO:R0@tkref=0.4235: N of unsatisfied ieq: 12
INFO:R0@tkref=0.4235: Summary: Optimization terminated successfully. after 3 it.
DEBUG:R0@tkref=0.4235: $$$$$$$$ CONFLICT LIST $$$$$$$$: []
INFO:R0: --------------------------
INFO:R0@tkref=0.5647: Time to solve stand alone optimisation problem: 0.0478551387787
INFO:R0@tkref=0.5647: N of unsatisfied eq: 3
INFO:R0@tkref=0.5647: N of unsatisfied ieq: 16
INFO:R0@tkref=0.5647: Summary: Optimization terminated successfully. after 1 it.
DEBUG:R0@tkref=0.5647: $$$$$$$$ CONFLICT LIST $$$$$$$$: []
INFO:R0: --------------------------
INFO:R0@tkref=0.7059: Time to solve stand alone optimisation problem: 0.178015947342
INFO:R0@tkref=0.7059: N of unsatisfied eq: 3
INFO:R0@tkref=0.7059: N of unsatisfied ieq: 12
INFO:R0@tkref=0.7059: Summary: Optimization terminated successfully. after 3 it.
DEBUG:R0@tkref=0.7059: $$$$$$$$ CONFLICT LIST $$$$$$$$: []
INFO:R0: --------------------------
INFO:R0@tkref=0.8471: Time to solve stand alone optimisation problem: 0.0590708255768
INFO:R0@tkref=0.8471: N of unsatisfied eq: 3
INFO:R0@tkref=0.8471: N of unsatisfied ieq: 16
INFO:R0@tkref=0.8471: Summary: Optimization terminated successfully. after 1 it.
DEBUG:R0@tkref=0.8471: $$$$$$$$ CONFLICT LIST $$$$$$$$: []
INFO:R0: --------------------------
INFO:R0@tkref=0.9882: Time to solve stand alone optimisation problem: 0.285479068756
INFO:R0@tkref=0.9882: N of unsatisfied eq: 3
INFO:R0@tkref=0.9882: N of unsatisfied ieq: 13
INFO:R0@tkref=0.9882: Summary: Optimization terminated successfully. after 5 it.
DEBUG:R0@tkref=0.9882: $$$$$$$$ CONFLICT LIST $$$$$$$$: []
INFO:R0: --------------------------
INFO:R0@tkref=1.1294: Time to solve stand alone optimisation problem: 0.0592830181122
INFO:R0@tkref=1.1294: N of unsatisfied eq: 3
INFO:R0@tkref=1.1294: N of unsatisfied ieq: 16
INFO:R0@tkref=1.1294: Summary: Optimization terminated successfully. after 1 it.
DEBUG:R0@tkref=1.1294: $$$$$$$$ CONFLICT LIST $$$$$$$$: []
INFO:R0: --------------------------
INFO:R0@tkref=1.2706: Time to solve stand alone optimisation problem: 0.115759134293
INFO:R0@tkref=1.2706: N of unsatisfied eq: 3
INFO:R0@tkref=1.2706: N of unsatisfied ieq: 12
INFO:R0@tkref=1.2706: Summary: Optimization terminated successfully. after 2 it.
DEBUG:R0@tkref=1.2706: $$$$$$$$ CONFLICT LIST $$$$$$$$: []
INFO:R0: --------------------------
INFO:R0@tkref=1.4118: Time to solve stand alone optimisation problem: 0.0592679977417
INFO:R0@tkref=1.4118: N of unsatisfied eq: 3
INFO:R0@tkref=1.4118: N of unsatisfied ieq: 16
INFO:R0@tkref=1.4118: Summary: Optimization terminated successfully. after 1 it.
DEBUG:R0@tkref=1.4118: $$$$$$$$ CONFLICT LIST $$$$$$$$: []
INFO:R0: --------------------------
INFO:R0@tkref=1.5529: Time to solve stand alone optimisation problem: 0.0565900802612
INFO:R0@tkref=1.5529: N of unsatisfied eq: 3
INFO:R0@tkref=1.5529: N of unsatisfied ieq: 10
INFO:R0@tkref=1.5529: Summary: Optimization terminated successfully. after 1 it.
DEBUG:R0@tkref=1.5529: $$$$$$$$ CONFLICT LIST $$$$$$$$: []
INFO:R0: --------------------------
INFO:R0@tkref=1.6941: Time to solve stand alone optimisation problem: 0.0565960407257
INFO:R0@tkref=1.6941: N of unsatisfied eq: 5
INFO:R0@tkref=1.6941: N of unsatisfied ieq: 10
INFO:R0@tkref=1.6941: Summary: Optimization terminated successfully. after 1 it.
DEBUG:R0@tkref=1.6941: $$$$$$$$ CONFLICT LIST $$$$$$$$: []
INFO:R0: --------------------------
INFO:R0@tkref=1.8353: Time to solve stand alone optimisation problem: 0.0676670074463
INFO:R0@tkref=1.8353: N of unsatisfied eq: 5
INFO:R0@tkref=1.8353: N of unsatisfied ieq: 10
INFO:R0@tkref=1.8353: Summary: Optimization terminated successfully. after 1 it.
DEBUG:R0@tkref=1.8353: $$$$$$$$ CONFLICT LIST $$$$$$$$: []
INFO:R0: --------------------------
INFO:R0@tkref=1.9765: Time to solve stand alone optimisation problem: 0.06769490242
INFO:R0@tkref=1.9765: N of unsatisfied eq: 4
INFO:R0@tkref=1.9765: N of unsatisfied ieq: 10
INFO:R0@tkref=1.9765: Summary: Optimization terminated successfully. after 1 it.
DEBUG:R0@tkref=1.9765: $$$$$$$$ CONFLICT LIST $$$$$$$$: []
INFO:R0: --------------------------
INFO:R0@tkref=2.1176: Time to solve stand alone optimisation problem: 0.0728349685669
INFO:R0@tkref=2.1176: N of unsatisfied eq: 4
INFO:R0@tkref=2.1176: N of unsatisfied ieq: 10
INFO:R0@tkref=2.1176: Summary: Optimization terminated successfully. after 1 it.
DEBUG:R0@tkref=2.1176: $$$$$$$$ CONFLICT LIST $$$$$$$$: []
INFO:R0: --------------------------
INFO:R0@tkref=2.2588: Time to solve stand alone optimisation problem: 0.0674619674683
INFO:R0@tkref=2.2588: N of unsatisfied eq: 4
INFO:R0@tkref=2.2588: N of unsatisfied ieq: 10
INFO:R0@tkref=2.2588: Summary: Optimization terminated successfully. after 1 it.
DEBUG:R0@tkref=2.2588: $$$$$$$$ CONFLICT LIST $$$$$$$$: []
INFO:R0: --------------------------
INFO:R0@tkref=2.4000: Time to solve stand alone optimisation problem: 0.397289991379
INFO:R0@tkref=2.4000: N of unsatisfied eq: 2
INFO:R0@tkref=2.4000: N of unsatisfied ieq: 12
INFO:R0@tkref=2.4000: Summary: Optimization terminated successfully. after 6 it.
DEBUG:R0@tkref=2.4000: $$$$$$$$ CONFLICT LIST $$$$$$$$: []
INFO:R0: --------------------------
INFO:R0@tkref=2.5412: Time to solve stand alone optimisation problem: 0.526952028275
INFO:R0@tkref=2.5412: N of unsatisfied eq: 2
INFO:R0@tkref=2.5412: N of unsatisfied ieq: 10
INFO:R0@tkref=2.5412: Summary: Optimization terminated successfully. after 8 it.
DEBUG:R0@tkref=2.5412: $$$$$$$$ CONFLICT LIST $$$$$$$$: []
INFO:R0: --------------------------
INFO:R0@tkref=2.6824: Time to solve stand alone optimisation problem: 0.590044975281
INFO:R0@tkref=2.6824: N of unsatisfied eq: 3
INFO:R0@tkref=2.6824: N of unsatisfied ieq: 12
INFO:R0@tkref=2.6824: Summary: Optimization terminated successfully. after 9 it.
DEBUG:R0@tkref=2.6824: $$$$$$$$ CONFLICT LIST $$$$$$$$: []
INFO:R0: --------------------------
INFO:R0@tkref=2.8235: Time to solve stand alone optimisation problem: 1.13072514534
INFO:R0@tkref=2.8235: N of unsatisfied eq: 3
INFO:R0@tkref=2.8235: N of unsatisfied ieq: 4
INFO:R0@tkref=2.8235: Summary: Iteration limit exceeded after 16 it.
DEBUG:R0@tkref=2.8235: $$$$$$$$ CONFLICT LIST $$$$$$$$: []
INFO:R0: --------------------------
INFO:R0@tkref=2.9647: Time to solve stand alone optimisation problem: 0.665903091431
INFO:R0@tkref=2.9647: N of unsatisfied eq: 2
INFO:R0@tkref=2.9647: N of unsatisfied ieq: 7
INFO:R0@tkref=2.9647: Summary: Optimization terminated successfully. after 10 it.
DEBUG:R0@tkref=2.9647: $$$$$$$$ CONFLICT LIST $$$$$$$$: []
INFO:R0: --------------------------
INFO:R0@tkref=3.1059: Time to solve stand alone optimisation problem: 0.397904157639
INFO:R0@tkref=3.1059: N of unsatisfied eq: 2
INFO:R0@tkref=3.1059: N of unsatisfied ieq: 9
INFO:R0@tkref=3.1059: Summary: Optimization terminated successfully. after 6 it.
DEBUG:R0@tkref=3.1059: $$$$$$$$ CONFLICT LIST $$$$$$$$: []
INFO:R0: --------------------------
INFO:R0@tkref=3.2471: Time to solve stand alone optimisation problem: 0.891411066055
INFO:R0@tkref=3.2471: N of unsatisfied eq: 3
INFO:R0@tkref=3.2471: N of unsatisfied ieq: 7
INFO:R0@tkref=3.2471: Summary: Optimization terminated successfully. after 13 it.
DEBUG:R0@tkref=3.2471: $$$$$$$$ CONFLICT LIST $$$$$$$$: []
INFO:R0: --------------------------
INFO:R0@tkref=3.3882: Time to solve stand alone optimisation problem: 0.594054222107
INFO:R0@tkref=3.3882: N of unsatisfied eq: 3
INFO:R0@tkref=3.3882: N of unsatisfied ieq: 9
INFO:R0@tkref=3.3882: Summary: Optimization terminated successfully. after 9 it.
DEBUG:R0@tkref=3.3882: $$$$$$$$ CONFLICT LIST $$$$$$$$: []
INFO:R0: --------------------------
INFO:R0@tkref=3.5294: Time to solve stand alone optimisation problem: 0.597687959671
INFO:R0@tkref=3.5294: N of unsatisfied eq: 3
INFO:R0@tkref=3.5294: N of unsatisfied ieq: 10
INFO:R0@tkref=3.5294: Summary: Optimization terminated successfully. after 9 it.
DEBUG:R0@tkref=3.5294: $$$$$$$$ CONFLICT LIST $$$$$$$$: []
INFO:R0: --------------------------
INFO:R0@tkref=3.6706: Time to solve stand alone optimisation problem: 1.01033401489
INFO:R0@tkref=3.6706: N of unsatisfied eq: 3
INFO:R0@tkref=3.6706: N of unsatisfied ieq: 12
INFO:R0@tkref=3.6706: Summary: Iteration limit exceeded after 16 it.
DEBUG:R0@tkref=3.6706: $$$$$$$$ CONFLICT LIST $$$$$$$$: []
INFO:R0: --------------------------
INFO:R0@tkref=3.8118: Time to solve stand alone optimisation problem: 0.460639953613
INFO:R0@tkref=3.8118: N of unsatisfied eq: 3
INFO:R0@tkref=3.8118: N of unsatisfied ieq: 7
INFO:R0@tkref=3.8118: Summary: Optimization terminated successfully. after 7 it.
DEBUG:R0@tkref=3.8118: $$$$$$$$ CONFLICT LIST $$$$$$$$: []
INFO:R0: --------------------------
INFO:R0@tkref=3.9529: Time to solve stand alone optimisation problem: 0.588755130768
INFO:R0@tkref=3.9529: N of unsatisfied eq: 3
INFO:R0@tkref=3.9529: N of unsatisfied ieq: 11
INFO:R0@tkref=3.9529: Summary: Optimization terminated successfully. after 9 it.
DEBUG:R0@tkref=3.9529: $$$$$$$$ CONFLICT LIST $$$$$$$$: []
INFO:R0: --------------------------
INFO:R0@tkref=4.0941: Time to solve stand alone optimisation problem: 0.53030705452
INFO:R0@tkref=4.0941: N of unsatisfied eq: 3
INFO:R0@tkref=4.0941: N of unsatisfied ieq: 9
INFO:R0@tkref=4.0941: Summary: Optimization terminated successfully. after 8 it.
DEBUG:R0@tkref=4.0941: $$$$$$$$ CONFLICT LIST $$$$$$$$: []
INFO:R0: --------------------------
INFO:R0@tkref=4.2353: Time to solve stand alone optimisation problem: 0.524780035019
INFO:R0@tkref=4.2353: N of unsatisfied eq: 3
INFO:R0@tkref=4.2353: N of unsatisfied ieq: 9
INFO:R0@tkref=4.2353: Summary: Optimization terminated successfully. after 8 it.
DEBUG:R0@tkref=4.2353: $$$$$$$$ CONFLICT LIST $$$$$$$$: []
INFO:R0: --------------------------
INFO:R0@tkref=4.3765: Time to solve stand alone optimisation problem: 0.394873142242
INFO:R0@tkref=4.3765: N of unsatisfied eq: 3
INFO:R0@tkref=4.3765: N of unsatisfied ieq: 10
INFO:R0@tkref=4.3765: Summary: Optimization terminated successfully. after 6 it.
DEBUG:R0@tkref=4.3765: $$$$$$$$ CONFLICT LIST $$$$$$$$: []
INFO:R0: --------------------------
INFO:R0@tkref=4.5176: Time to solve stand alone optimisation problem: 0.607465028763
INFO:R0@tkref=4.5176: N of unsatisfied eq: 3
INFO:R0@tkref=4.5176: N of unsatisfied ieq: 8
INFO:R0@tkref=4.5176: Summary: Optimization terminated successfully. after 9 it.
DEBUG:R0@tkref=4.5176: $$$$$$$$ CONFLICT LIST $$$$$$$$: []
INFO:R0: --------------------------
INFO:R0@tkref=4.6588: Time to solve stand alone optimisation problem: 0.533804893494
INFO:R0@tkref=4.6588: N of unsatisfied eq: 3
INFO:R0@tkref=4.6588: N of unsatisfied ieq: 8
INFO:R0@tkref=4.6588: Summary: Optimization terminated successfully. after 8 it.
DEBUG:R0@tkref=4.6588: $$$$$$$$ CONFLICT LIST $$$$$$$$: []
INFO:R0: --------------------------
INFO:R0@tkref=4.8000: Time to solve stand alone optimisation problem: 0.517465114594
INFO:R0@tkref=4.8000: N of unsatisfied eq: 3
INFO:R0@tkref=4.8000: N of unsatisfied ieq: 8
INFO:R0@tkref=4.8000: Summary: Optimization terminated successfully. after 6 it.
DEBUG:R0@tkref=4.8000: $$$$$$$$ CONFLICT LIST $$$$$$$$: []
INFO:R0: --------------------------
INFO:R0@tkref=4.9412: Time to solve stand alone optimisation problem: 0.442674875259
INFO:R0@tkref=4.9412: N of unsatisfied eq: 3
INFO:R0@tkref=4.9412: N of unsatisfied ieq: 13
INFO:R0@tkref=4.9412: Summary: Optimization terminated successfully. after 6 it.
DEBUG:R0@tkref=4.9412: $$$$$$$$ CONFLICT LIST $$$$$$$$: []
INFO:R0: --------------------------
INFO:R0@tkref=5.0824: Time to solve stand alone optimisation problem: 0.13841509819
INFO:R0@tkref=5.0824: N of unsatisfied eq: 3
INFO:R0@tkref=5.0824: N of unsatisfied ieq: 13
INFO:R0@tkref=5.0824: Summary: Optimization terminated successfully. after 2 it.
DEBUG:R0@tkref=5.0824: $$$$$$$$ CONFLICT LIST $$$$$$$$: []
INFO:R0: --------------------------
INFO:R0@tkref=5.2235: Time to solve stand alone optimisation problem: 0.11598110199
INFO:R0@tkref=5.2235: N of unsatisfied eq: 3
INFO:R0@tkref=5.2235: N of unsatisfied ieq: 11
INFO:R0@tkref=5.2235: Summary: Optimization terminated successfully. after 2 it.
DEBUG:R0@tkref=5.2235: $$$$$$$$ CONFLICT LIST $$$$$$$$: []
INFO:R0: --------------------------
INFO:R0@tkref=5.3647: Time to solve stand alone optimisation problem: 0.059130191803
INFO:R0@tkref=5.3647: N of unsatisfied eq: 3
INFO:R0@tkref=5.3647: N of unsatisfied ieq: 14
INFO:R0@tkref=5.3647: Summary: Optimization terminated successfully. after 1 it.
DEBUG:R0@tkref=5.3647: $$$$$$$$ CONFLICT LIST $$$$$$$$: []
INFO:R0: --------------------------
INFO:R0@tkref=5.5059: Time to solve stand alone optimisation problem: 0.17834687233
INFO:R0@tkref=5.5059: N of unsatisfied eq: 3
INFO:R0@tkref=5.5059: N of unsatisfied ieq: 12
INFO:R0@tkref=5.5059: Summary: Optimization terminated successfully. after 3 it.
DEBUG:R0@tkref=5.5059: $$$$$$$$ CONFLICT LIST $$$$$$$$: []
INFO:R0: --------------------------
INFO:R0@tkref=5.6471: Time to solve stand alone optimisation problem: 0.0592319965363
INFO:R0@tkref=5.6471: N of unsatisfied eq: 3
INFO:R0@tkref=5.6471: N of unsatisfied ieq: 12
INFO:R0@tkref=5.6471: Summary: Optimization terminated successfully. after 1 it.
DEBUG:R0@tkref=5.6471: $$$$$$$$ CONFLICT LIST $$$$$$$$: []
INFO:R0: --------------------------
INFO:R0@tkref=5.7882: Time to solve stand alone optimisation problem: 0.115876913071
INFO:R0@tkref=5.7882: N of unsatisfied eq: 3
INFO:R0@tkref=5.7882: N of unsatisfied ieq: 12
INFO:R0@tkref=5.7882: Summary: Optimization terminated successfully. after 2 it.
DEBUG:R0@tkref=5.7882: $$$$$$$$ CONFLICT LIST $$$$$$$$: []
INFO:R0: --------------------------
INFO:R0@tkref=5.9294: Time to solve stand alone optimisation problem: 0.0591509342194
INFO:R0@tkref=5.9294: N of unsatisfied eq: 3
INFO:R0@tkref=5.9294: N of unsatisfied ieq: 12
INFO:R0@tkref=5.9294: Summary: Optimization terminated successfully. after 1 it.
DEBUG:R0@tkref=5.9294: $$$$$$$$ CONFLICT LIST $$$$$$$$: []
INFO:R0: --------------------------
INFO:R0@tkref=6.0706: Time to solve stand alone optimisation problem: 0.11608505249
INFO:R0@tkref=6.0706: N of unsatisfied eq: 3
INFO:R0@tkref=6.0706: N of unsatisfied ieq: 13
INFO:R0@tkref=6.0706: Summary: Optimization terminated successfully. after 2 it.
DEBUG:R0@tkref=6.0706: $$$$$$$$ CONFLICT LIST $$$$$$$$: []
INFO:R0: --------------------------
INFO:R0@tkref=6.2118: Time to solve stand alone optimisation problem: 0.0587549209595
INFO:R0@tkref=6.2118: N of unsatisfied eq: 3
INFO:R0@tkref=6.2118: N of unsatisfied ieq: 13
INFO:R0@tkref=6.2118: Summary: Optimization terminated successfully. after 1 it.
DEBUG:R0@tkref=6.2118: $$$$$$$$ CONFLICT LIST $$$$$$$$: []
INFO:R0: --------------------------
INFO:R0@tkref=6.3529: Time to solve stand alone optimisation problem: 0.0588550567627
INFO:R0@tkref=6.3529: N of unsatisfied eq: 3
INFO:R0@tkref=6.3529: N of unsatisfied ieq: 11
INFO:R0@tkref=6.3529: Summary: Optimization terminated successfully. after 1 it.
DEBUG:R0@tkref=6.3529: $$$$$$$$ CONFLICT LIST $$$$$$$$: []
INFO:R0: --------------------------
INFO:R0@tkref=6.4941: Time to solve stand alone optimisation problem: 0.0562181472778
INFO:R0@tkref=6.4941: N of unsatisfied eq: 4
INFO:R0@tkref=6.4941: N of unsatisfied ieq: 7
INFO:R0@tkref=6.4941: Summary: Optimization terminated successfully. after 1 it.
DEBUG:R0@tkref=6.4941: $$$$$$$$ CONFLICT LIST $$$$$$$$: []
INFO:R0: --------------------------
INFO:R0@tkref=6.6353: Time to solve stand alone optimisation problem: 0.05641913414
INFO:R0@tkref=6.6353: N of unsatisfied eq: 5
INFO:R0@tkref=6.6353: N of unsatisfied ieq: 7
INFO:R0@tkref=6.6353: Summary: Optimization terminated successfully. after 1 it.
DEBUG:R0@tkref=6.6353: $$$$$$$$ CONFLICT LIST $$$$$$$$: []
INFO:R0: --------------------------
INFO:R0@tkref=6.7765: Time to solve stand alone optimisation problem: 0.0561771392822
INFO:R0@tkref=6.7765: N of unsatisfied eq: 4
INFO:R0@tkref=6.7765: N of unsatisfied ieq: 10
INFO:R0@tkref=6.7765: Summary: Optimization terminated successfully. after 1 it.
DEBUG:R0@tkref=6.7765: $$$$$$$$ CONFLICT LIST $$$$$$$$: []
INFO:R0: --------------------------
INFO:R0@tkref=6.9176: Time to solve stand alone optimisation problem: 0.056282043457
INFO:R0@tkref=6.9176: N of unsatisfied eq: 5
INFO:R0@tkref=6.9176: N of unsatisfied ieq: 8
INFO:R0@tkref=6.9176: Summary: Optimization terminated successfully. after 1 it.
DEBUG:R0@tkref=6.9176: $$$$$$$$ CONFLICT LIST $$$$$$$$: []
INFO:R0: --------------------------
INFO:R0@tkref=7.0588: Time to solve stand alone optimisation problem: 0.0450389385223
INFO:R0@tkref=7.0588: N of unsatisfied eq: 3
INFO:R0@tkref=7.0588: N of unsatisfied ieq: 9
INFO:R0@tkref=7.0588: Summary: Optimization terminated successfully. after 1 it.
DEBUG:R0@tkref=7.0588: $$$$$$$$ CONFLICT LIST $$$$$$$$: []
INFO:R0: --------------------------
INFO:R0@tkref=7.2000: Time to solve stand alone optimisation problem: 0.0451271533966
INFO:R0@tkref=7.2000: N of unsatisfied eq: 4
INFO:R0@tkref=7.2000: N of unsatisfied ieq: 8
INFO:R0@tkref=7.2000: Summary: Optimization terminated successfully. after 1 it.
DEBUG:R0@tkref=7.2000: $$$$$$$$ CONFLICT LIST $$$$$$$$: []
INFO:R0: --------------------------
DEBUG:R0: LAST STEP
DEBUG:R0: Approx remaining dist: 0.0206359559124
DEBUG:R0: Usual approx plan dist: 0.8
DEBUG:R0: Approx gain in dist: 0.779364044088
DEBUG:R0: Last step min dist: 0.0
INFO:R0: scale 0.0257949448904 Ns 7 Nk 3
INFO:R0@tkref=7.3412: Time to solve stand alone optimisation problem: 0.35152387619
INFO:R0@tkref=7.3412: N of unsatisfied eq: 10
INFO:R0@tkref=7.3412: N of unsatisfied ieq: 0
INFO:R0@tkref=7.3412: Summary: Iteration limit exceeded after 21 it.
DEBUG:R0@tkref=7.3412: $$$$$$$$ CONFLICT LIST $$$$$$$$: []
INFO:R0: Finished motion planning
INFO:R0: --------------------------
INFO:R0: TOT: 7.36695180994
INFO:R0: NSE: 53
INFO:R0: FIR: 1.86557912827
INFO:R0: LAS: 0.35231089592
INFO:R0: LMA: 0
INFO:R0: MAX: 1.13153600693
INFO:R0: MIN: 0.0457639694214
INFO:R0: AVG: 0.279153426488
INFO:R0: RMP: 7.0721000433
INFO:R0: RMG: 7.0721000433
