INFO:R0: Init motion planning
INFO:R0@tkref=0.0000: Time to solve stand alone optimisation problem: 1.17472314835
INFO:R0@tkref=0.0000: N of unsatisfied eq: 5
INFO:R0@tkref=0.0000: N of unsatisfied ieq: 5
INFO:R0@tkref=0.0000: Summary: Iteration limit exceeded after 41 it.
DEBUG:R0@tkref=0.0000: $$$$$$$$ CONFLICT LIST $$$$$$$$: []
INFO:R0: --------------------------
INFO:R0@tkref=0.5143: Time to solve stand alone optimisation problem: 0.343538045883
INFO:R0@tkref=0.5143: N of unsatisfied eq: 3
INFO:R0@tkref=0.5143: N of unsatisfied ieq: 5
INFO:R0@tkref=0.5143: Summary: Optimization terminated successfully. after 12 it.
DEBUG:R0@tkref=0.5143: $$$$$$$$ CONFLICT LIST $$$$$$$$: []
INFO:R0: --------------------------
INFO:R0@tkref=1.0286: Time to solve stand alone optimisation problem: 0.216725826263
INFO:R0@tkref=1.0286: N of unsatisfied eq: 2
INFO:R0@tkref=1.0286: N of unsatisfied ieq: 5
INFO:R0@tkref=1.0286: Summary: Optimization terminated successfully. after 7 it.
DEBUG:R0@tkref=1.0286: $$$$$$$$ CONFLICT LIST $$$$$$$$: []
INFO:R0: --------------------------
INFO:R0@tkref=1.5429: Time to solve stand alone optimisation problem: 0.241379022598
INFO:R0@tkref=1.5429: N of unsatisfied eq: 2
INFO:R0@tkref=1.5429: N of unsatisfied ieq: 6
INFO:R0@tkref=1.5429: Summary: Optimization terminated successfully. after 7 it.
DEBUG:R0@tkref=1.5429: $$$$$$$$ CONFLICT LIST $$$$$$$$: []
INFO:R0: --------------------------
INFO:R0@tkref=2.0571: Time to solve stand alone optimisation problem: 0.242501974106
INFO:R0@tkref=2.0571: N of unsatisfied eq: 3
INFO:R0@tkref=2.0571: N of unsatisfied ieq: 6
INFO:R0@tkref=2.0571: Summary: Optimization terminated successfully. after 7 it.
DEBUG:R0@tkref=2.0571: $$$$$$$$ CONFLICT LIST $$$$$$$$: []
INFO:R0: --------------------------
INFO:R0@tkref=2.5714: Time to solve stand alone optimisation problem: 0.271640062332
INFO:R0@tkref=2.5714: N of unsatisfied eq: 2
INFO:R0@tkref=2.5714: N of unsatisfied ieq: 6
INFO:R0@tkref=2.5714: Summary: Optimization terminated successfully. after 7 it.
DEBUG:R0@tkref=2.5714: $$$$$$$$ CONFLICT LIST $$$$$$$$: []
INFO:R0: --------------------------
INFO:R0@tkref=3.0857: Time to solve stand alone optimisation problem: 0.231202125549
INFO:R0@tkref=3.0857: N of unsatisfied eq: 3
INFO:R0@tkref=3.0857: N of unsatisfied ieq: 5
INFO:R0@tkref=3.0857: Summary: Optimization terminated successfully. after 6 it.
DEBUG:R0@tkref=3.0857: $$$$$$$$ CONFLICT LIST $$$$$$$$: []
INFO:R0: --------------------------
INFO:R0@tkref=3.6000: Time to solve stand alone optimisation problem: 0.233920097351
INFO:R0@tkref=3.6000: N of unsatisfied eq: 3
INFO:R0@tkref=3.6000: N of unsatisfied ieq: 5
INFO:R0@tkref=3.6000: Summary: Optimization terminated successfully. after 6 it.
DEBUG:R0@tkref=3.6000: $$$$$$$$ CONFLICT LIST $$$$$$$$: []
INFO:R0: --------------------------
INFO:R0@tkref=4.1143: Time to solve stand alone optimisation problem: 0.354376077652
INFO:R0@tkref=4.1143: N of unsatisfied eq: 2
INFO:R0@tkref=4.1143: N of unsatisfied ieq: 4
INFO:R0@tkref=4.1143: Summary: Optimization terminated successfully. after 9 it.
DEBUG:R0@tkref=4.1143: $$$$$$$$ CONFLICT LIST $$$$$$$$: []
INFO:R0: --------------------------
INFO:R0@tkref=4.6286: Time to solve stand alone optimisation problem: 0.4430809021
INFO:R0@tkref=4.6286: N of unsatisfied eq: 3
INFO:R0@tkref=4.6286: N of unsatisfied ieq: 5
INFO:R0@tkref=4.6286: Summary: Optimization terminated successfully. after 12 it.
DEBUG:R0@tkref=4.6286: $$$$$$$$ CONFLICT LIST $$$$$$$$: []
INFO:R0: --------------------------
INFO:R0@tkref=5.1429: Time to solve stand alone optimisation problem: 0.198441982269
INFO:R0@tkref=5.1429: N of unsatisfied eq: 3
INFO:R0@tkref=5.1429: N of unsatisfied ieq: 6
INFO:R0@tkref=5.1429: Summary: Optimization terminated successfully. after 6 it.
DEBUG:R0@tkref=5.1429: $$$$$$$$ CONFLICT LIST $$$$$$$$: []
INFO:R0: --------------------------
INFO:R0@tkref=5.6571: Time to solve stand alone optimisation problem: 0.161920070648
INFO:R0@tkref=5.6571: N of unsatisfied eq: 3
INFO:R0@tkref=5.6571: N of unsatisfied ieq: 6
INFO:R0@tkref=5.6571: Summary: Optimization terminated successfully. after 5 it.
DEBUG:R0@tkref=5.6571: $$$$$$$$ CONFLICT LIST $$$$$$$$: []
INFO:R0: --------------------------
INFO:R0@tkref=6.1714: Time to solve stand alone optimisation problem: 0.0302519798279
INFO:R0@tkref=6.1714: N of unsatisfied eq: 3
INFO:R0@tkref=6.1714: N of unsatisfied ieq: 6
INFO:R0@tkref=6.1714: Summary: Optimization terminated successfully. after 1 it.
DEBUG:R0@tkref=6.1714: $$$$$$$$ CONFLICT LIST $$$$$$$$: []
INFO:R0: --------------------------
INFO:R0@tkref=6.6857: Time to solve stand alone optimisation problem: 0.0303831100464
INFO:R0@tkref=6.6857: N of unsatisfied eq: 3
INFO:R0@tkref=6.6857: N of unsatisfied ieq: 4
INFO:R0@tkref=6.6857: Summary: Optimization terminated successfully. after 1 it.
DEBUG:R0@tkref=6.6857: $$$$$$$$ CONFLICT LIST $$$$$$$$: []
INFO:R0: --------------------------
DEBUG:R0: LAST STEP
DEBUG:R0: Approx remaining dist: 0.333824866169
DEBUG:R0: Usual approx plan dist: 1.2
DEBUG:R0: Approx gain in dist: 0.866175133831
DEBUG:R0: Last step min dist: 0.0
INFO:R0: scale 0.278187388474 Ns 7 Nk 3
INFO:R0@tkref=7.2000: Time to solve stand alone optimisation problem: 0.426329851151
INFO:R0@tkref=7.2000: N of unsatisfied eq: 10
INFO:R0@tkref=7.2000: N of unsatisfied ieq: 4
INFO:R0@tkref=7.2000: Summary: Iteration limit exceeded after 21 it.
DEBUG:R0@tkref=7.2000: $$$$$$$$ CONFLICT LIST $$$$$$$$: []
INFO:R0: Finished motion planning
INFO:R0: --------------------------
INFO:R0: TOT: 7.57486661538
INFO:R0: NSE: 15
INFO:R0: FIR: 1.17663502693
INFO:R0: LAS: 0.427185058594
INFO:R0: LMA: 0
INFO:R0: MAX: 0.443998098373
INFO:R0: MIN: 0.0310728549957
INFO:R0: AVG: 0.231565897281
INFO:R0: RMP: 0.809371533494
INFO:R0: RMG: 0.809371533494
