INFO:R0: Init motion planning
INFO:R0@tkref=0.0000: Time to solve stand alone optimisation problem: 1.08889198303
INFO:R0@tkref=0.0000: N of unsatisfied eq: 5
INFO:R0@tkref=0.0000: N of unsatisfied ieq: 10
INFO:R0@tkref=0.0000: Summary: Iteration limit exceeded after 41 it.
DEBUG:R0@tkref=0.0000: $$$$$$$$ CONFLICT LIST $$$$$$$$: []
INFO:R0: --------------------------
INFO:R0@tkref=0.2182: Time to solve stand alone optimisation problem: 0.0276129245758
INFO:R0@tkref=0.2182: N of unsatisfied eq: 3
INFO:R0@tkref=0.2182: N of unsatisfied ieq: 4
INFO:R0@tkref=0.2182: Summary: Optimization terminated successfully. after 1 it.
DEBUG:R0@tkref=0.2182: $$$$$$$$ CONFLICT LIST $$$$$$$$: []
INFO:R0: --------------------------
INFO:R0@tkref=0.4364: Time to solve stand alone optimisation problem: 0.0275111198425
INFO:R0@tkref=0.4364: N of unsatisfied eq: 3
INFO:R0@tkref=0.4364: N of unsatisfied ieq: 9
INFO:R0@tkref=0.4364: Summary: Optimization terminated successfully. after 1 it.
DEBUG:R0@tkref=0.4364: $$$$$$$$ CONFLICT LIST $$$$$$$$: []
INFO:R0: --------------------------
INFO:R0@tkref=0.6545: Time to solve stand alone optimisation problem: 0.0804760456085
INFO:R0@tkref=0.6545: N of unsatisfied eq: 3
INFO:R0@tkref=0.6545: N of unsatisfied ieq: 10
INFO:R0@tkref=0.6545: Summary: Optimization terminated successfully. after 3 it.
DEBUG:R0@tkref=0.6545: $$$$$$$$ CONFLICT LIST $$$$$$$$: []
INFO:R0: --------------------------
INFO:R0@tkref=0.8727: Time to solve stand alone optimisation problem: 0.187687158585
INFO:R0@tkref=0.8727: N of unsatisfied eq: 3
INFO:R0@tkref=0.8727: N of unsatisfied ieq: 7
INFO:R0@tkref=0.8727: Summary: Optimization terminated successfully. after 7 it.
DEBUG:R0@tkref=0.8727: $$$$$$$$ CONFLICT LIST $$$$$$$$: []
INFO:R0: --------------------------
INFO:R0@tkref=1.0909: Time to solve stand alone optimisation problem: 0.0803990364075
INFO:R0@tkref=1.0909: N of unsatisfied eq: 3
INFO:R0@tkref=1.0909: N of unsatisfied ieq: 10
INFO:R0@tkref=1.0909: Summary: Optimization terminated successfully. after 3 it.
DEBUG:R0@tkref=1.0909: $$$$$$$$ CONFLICT LIST $$$$$$$$: []
INFO:R0: --------------------------
INFO:R0@tkref=1.3091: Time to solve stand alone optimisation problem: 0.186436891556
INFO:R0@tkref=1.3091: N of unsatisfied eq: 3
INFO:R0@tkref=1.3091: N of unsatisfied ieq: 8
INFO:R0@tkref=1.3091: Summary: Optimization terminated successfully. after 7 it.
DEBUG:R0@tkref=1.3091: $$$$$$$$ CONFLICT LIST $$$$$$$$: []
INFO:R0: --------------------------
INFO:R0@tkref=1.5273: Time to solve stand alone optimisation problem: 0.0540800094604
INFO:R0@tkref=1.5273: N of unsatisfied eq: 3
INFO:R0@tkref=1.5273: N of unsatisfied ieq: 10
INFO:R0@tkref=1.5273: Summary: Optimization terminated successfully. after 2 it.
DEBUG:R0@tkref=1.5273: $$$$$$$$ CONFLICT LIST $$$$$$$$: []
INFO:R0: --------------------------
INFO:R0@tkref=1.7455: Time to solve stand alone optimisation problem: 0.0288631916046
INFO:R0@tkref=1.7455: N of unsatisfied eq: 5
INFO:R0@tkref=1.7455: N of unsatisfied ieq: 5
INFO:R0@tkref=1.7455: Summary: Optimization terminated successfully. after 1 it.
DEBUG:R0@tkref=1.7455: $$$$$$$$ CONFLICT LIST $$$$$$$$: []
INFO:R0: --------------------------
INFO:R0@tkref=1.9636: Time to solve stand alone optimisation problem: 0.0262649059296
INFO:R0@tkref=1.9636: N of unsatisfied eq: 4
INFO:R0@tkref=1.9636: N of unsatisfied ieq: 6
INFO:R0@tkref=1.9636: Summary: Optimization terminated successfully. after 1 it.
DEBUG:R0@tkref=1.9636: $$$$$$$$ CONFLICT LIST $$$$$$$$: []
INFO:R0: --------------------------
INFO:R0@tkref=2.1818: Time to solve stand alone optimisation problem: 0.0263619422913
INFO:R0@tkref=2.1818: N of unsatisfied eq: 4
INFO:R0@tkref=2.1818: N of unsatisfied ieq: 6
INFO:R0@tkref=2.1818: Summary: Optimization terminated successfully. after 1 it.
DEBUG:R0@tkref=2.1818: $$$$$$$$ CONFLICT LIST $$$$$$$$: []
INFO:R0: --------------------------
INFO:R0@tkref=2.4000: Time to solve stand alone optimisation problem: 0.0262811183929
INFO:R0@tkref=2.4000: N of unsatisfied eq: 4
INFO:R0@tkref=2.4000: N of unsatisfied ieq: 6
INFO:R0@tkref=2.4000: Summary: Optimization terminated successfully. after 1 it.
DEBUG:R0@tkref=2.4000: $$$$$$$$ CONFLICT LIST $$$$$$$$: []
INFO:R0: --------------------------
INFO:R0@tkref=2.6182: Time to solve stand alone optimisation problem: 0.0263350009918
INFO:R0@tkref=2.6182: N of unsatisfied eq: 4
INFO:R0@tkref=2.6182: N of unsatisfied ieq: 5
INFO:R0@tkref=2.6182: Summary: Optimization terminated successfully. after 1 it.
DEBUG:R0@tkref=2.6182: $$$$$$$$ CONFLICT LIST $$$$$$$$: []
INFO:R0: --------------------------
INFO:R0@tkref=2.8364: Time to solve stand alone optimisation problem: 0.0262789726257
INFO:R0@tkref=2.8364: N of unsatisfied eq: 4
INFO:R0@tkref=2.8364: N of unsatisfied ieq: 4
INFO:R0@tkref=2.8364: Summary: Optimization terminated successfully. after 1 it.
DEBUG:R0@tkref=2.8364: $$$$$$$$ CONFLICT LIST $$$$$$$$: []
INFO:R0: --------------------------
INFO:R0@tkref=3.0545: Time to solve stand alone optimisation problem: 0.0262999534607
INFO:R0@tkref=3.0545: N of unsatisfied eq: 4
INFO:R0@tkref=3.0545: N of unsatisfied ieq: 10
INFO:R0@tkref=3.0545: Summary: Optimization terminated successfully. after 1 it.
DEBUG:R0@tkref=3.0545: $$$$$$$$ CONFLICT LIST $$$$$$$$: []
INFO:R0: --------------------------
INFO:R0@tkref=3.2727: Time to solve stand alone optimisation problem: 0.0264210700989
INFO:R0@tkref=3.2727: N of unsatisfied eq: 4
INFO:R0@tkref=3.2727: N of unsatisfied ieq: 7
INFO:R0@tkref=3.2727: Summary: Optimization terminated successfully. after 1 it.
DEBUG:R0@tkref=3.2727: $$$$$$$$ CONFLICT LIST $$$$$$$$: []
INFO:R0: --------------------------
INFO:R0@tkref=3.4909: Time to solve stand alone optimisation problem: 0.0262439250946
INFO:R0@tkref=3.4909: N of unsatisfied eq: 5
INFO:R0@tkref=3.4909: N of unsatisfied ieq: 6
INFO:R0@tkref=3.4909: Summary: Optimization terminated successfully. after 1 it.
DEBUG:R0@tkref=3.4909: $$$$$$$$ CONFLICT LIST $$$$$$$$: []
INFO:R0: --------------------------
INFO:R0@tkref=3.7091: Time to solve stand alone optimisation problem: 0.0263819694519
INFO:R0@tkref=3.7091: N of unsatisfied eq: 4
INFO:R0@tkref=3.7091: N of unsatisfied ieq: 8
INFO:R0@tkref=3.7091: Summary: Optimization terminated successfully. after 1 it.
DEBUG:R0@tkref=3.7091: $$$$$$$$ CONFLICT LIST $$$$$$$$: []
INFO:R0: --------------------------
INFO:R0@tkref=3.9273: Time to solve stand alone optimisation problem: 0.0264101028442
INFO:R0@tkref=3.9273: N of unsatisfied eq: 5
INFO:R0@tkref=3.9273: N of unsatisfied ieq: 9
INFO:R0@tkref=3.9273: Summary: Optimization terminated successfully. after 1 it.
DEBUG:R0@tkref=3.9273: $$$$$$$$ CONFLICT LIST $$$$$$$$: []
INFO:R0: --------------------------
INFO:R0@tkref=4.1455: Time to solve stand alone optimisation problem: 0.0263311862946
INFO:R0@tkref=4.1455: N of unsatisfied eq: 5
INFO:R0@tkref=4.1455: N of unsatisfied ieq: 8
INFO:R0@tkref=4.1455: Summary: Optimization terminated successfully. after 1 it.
DEBUG:R0@tkref=4.1455: $$$$$$$$ CONFLICT LIST $$$$$$$$: []
INFO:R0: --------------------------
INFO:R0@tkref=4.3636: Time to solve stand alone optimisation problem: 0.0261850357056
INFO:R0@tkref=4.3636: N of unsatisfied eq: 3
INFO:R0@tkref=4.3636: N of unsatisfied ieq: 7
INFO:R0@tkref=4.3636: Summary: Optimization terminated successfully. after 1 it.
DEBUG:R0@tkref=4.3636: $$$$$$$$ CONFLICT LIST $$$$$$$$: []
INFO:R0: --------------------------
INFO:R0@tkref=4.5818: Time to solve stand alone optimisation problem: 0.0262858867645
INFO:R0@tkref=4.5818: N of unsatisfied eq: 3
INFO:R0@tkref=4.5818: N of unsatisfied ieq: 8
INFO:R0@tkref=4.5818: Summary: Optimization terminated successfully. after 1 it.
DEBUG:R0@tkref=4.5818: $$$$$$$$ CONFLICT LIST $$$$$$$$: []
INFO:R0: --------------------------
INFO:R0@tkref=4.8000: Time to solve stand alone optimisation problem: 0.0262069702148
INFO:R0@tkref=4.8000: N of unsatisfied eq: 4
INFO:R0@tkref=4.8000: N of unsatisfied ieq: 8
INFO:R0@tkref=4.8000: Summary: Optimization terminated successfully. after 1 it.
DEBUG:R0@tkref=4.8000: $$$$$$$$ CONFLICT LIST $$$$$$$$: []
INFO:R0: --------------------------
INFO:R0@tkref=5.0182: Time to solve stand alone optimisation problem: 0.0262520313263
INFO:R0@tkref=5.0182: N of unsatisfied eq: 3
INFO:R0@tkref=5.0182: N of unsatisfied ieq: 7
INFO:R0@tkref=5.0182: Summary: Optimization terminated successfully. after 1 it.
DEBUG:R0@tkref=5.0182: $$$$$$$$ CONFLICT LIST $$$$$$$$: []
INFO:R0: --------------------------
INFO:R0@tkref=5.2364: Time to solve stand alone optimisation problem: 0.0262870788574
INFO:R0@tkref=5.2364: N of unsatisfied eq: 4
INFO:R0@tkref=5.2364: N of unsatisfied ieq: 6
INFO:R0@tkref=5.2364: Summary: Optimization terminated successfully. after 1 it.
DEBUG:R0@tkref=5.2364: $$$$$$$$ CONFLICT LIST $$$$$$$$: []
INFO:R0: --------------------------
INFO:R0@tkref=5.4545: Time to solve stand alone optimisation problem: 0.0259809494019
INFO:R0@tkref=5.4545: N of unsatisfied eq: 5
INFO:R0@tkref=5.4545: N of unsatisfied ieq: 8
INFO:R0@tkref=5.4545: Summary: Optimization terminated successfully. after 1 it.
DEBUG:R0@tkref=5.4545: $$$$$$$$ CONFLICT LIST $$$$$$$$: []
INFO:R0: --------------------------
INFO:R0@tkref=5.6727: Time to solve stand alone optimisation problem: 0.0258040428162
INFO:R0@tkref=5.6727: N of unsatisfied eq: 4
INFO:R0@tkref=5.6727: N of unsatisfied ieq: 7
INFO:R0@tkref=5.6727: Summary: Optimization terminated successfully. after 1 it.
DEBUG:R0@tkref=5.6727: $$$$$$$$ CONFLICT LIST $$$$$$$$: []
INFO:R0: --------------------------
INFO:R0@tkref=5.8909: Time to solve stand alone optimisation problem: 0.0261352062225
INFO:R0@tkref=5.8909: N of unsatisfied eq: 3
INFO:R0@tkref=5.8909: N of unsatisfied ieq: 7
INFO:R0@tkref=5.8909: Summary: Optimization terminated successfully. after 1 it.
DEBUG:R0@tkref=5.8909: $$$$$$$$ CONFLICT LIST $$$$$$$$: []
INFO:R0: --------------------------
INFO:R0@tkref=6.1091: Time to solve stand alone optimisation problem: 0.0261490345001
INFO:R0@tkref=6.1091: N of unsatisfied eq: 3
INFO:R0@tkref=6.1091: N of unsatisfied ieq: 8
INFO:R0@tkref=6.1091: Summary: Optimization terminated successfully. after 1 it.
DEBUG:R0@tkref=6.1091: $$$$$$$$ CONFLICT LIST $$$$$$$$: []
INFO:R0: --------------------------
INFO:R0@tkref=6.3273: Time to solve stand alone optimisation problem: 0.0261788368225
INFO:R0@tkref=6.3273: N of unsatisfied eq: 5
INFO:R0@tkref=6.3273: N of unsatisfied ieq: 6
INFO:R0@tkref=6.3273: Summary: Optimization terminated successfully. after 1 it.
DEBUG:R0@tkref=6.3273: $$$$$$$$ CONFLICT LIST $$$$$$$$: []
INFO:R0: --------------------------
INFO:R0@tkref=6.5455: Time to solve stand alone optimisation problem: 0.0262460708618
INFO:R0@tkref=6.5455: N of unsatisfied eq: 4
INFO:R0@tkref=6.5455: N of unsatisfied ieq: 9
INFO:R0@tkref=6.5455: Summary: Optimization terminated successfully. after 1 it.
DEBUG:R0@tkref=6.5455: $$$$$$$$ CONFLICT LIST $$$$$$$$: []
INFO:R0: --------------------------
INFO:R0@tkref=6.7636: Time to solve stand alone optimisation problem: 0.0312089920044
INFO:R0@tkref=6.7636: N of unsatisfied eq: 5
INFO:R0@tkref=6.7636: N of unsatisfied ieq: 6
INFO:R0@tkref=6.7636: Summary: Optimization terminated successfully. after 1 it.
DEBUG:R0@tkref=6.7636: $$$$$$$$ CONFLICT LIST $$$$$$$$: []
INFO:R0: --------------------------
DEBUG:R0: LAST STEP
DEBUG:R0: Approx remaining dist: 0.0859937444879
DEBUG:R0: Usual approx plan dist: 1.2
DEBUG:R0: Approx gain in dist: 1.11400625551
DEBUG:R0: Last step min dist: 0.0
INFO:R0: scale 0.07166145374 Ns 7 Nk 3
INFO:R0@tkref=6.9818: Time to solve stand alone optimisation problem: 0.299747943878
INFO:R0@tkref=6.9818: N of unsatisfied eq: 10
INFO:R0@tkref=6.9818: N of unsatisfied ieq: 4
INFO:R0@tkref=6.9818: Summary: Iteration limit exceeded after 21 it.
DEBUG:R0@tkref=6.9818: $$$$$$$$ CONFLICT LIST $$$$$$$$: []
INFO:R0: Finished motion planning
INFO:R0: --------------------------
INFO:R0: TOT: 7.07838089448
INFO:R0: NSE: 33
INFO:R0: FIR: 1.09007501602
INFO:R0: LAS: 0.300462007523
INFO:R0: LMA: 1
INFO:R0: MAX: 0.188418865204
INFO:R0: MIN: 0.0264821052551
INFO:R0: AVG: 0.0420182058888
INFO:R0: RMP: 0.785078605016
INFO:R0: RMG: 1.25192503134
