INFO:R0: Init motion planning
INFO:R0@tkref=0.0000: Time to solve stand alone optimisation problem: 1.29136610031
INFO:R0@tkref=0.0000: N of unsatisfied eq: 4
INFO:R0@tkref=0.0000: N of unsatisfied ieq: 6
INFO:R0@tkref=0.0000: Summary: Iteration limit exceeded after 41 it.
DEBUG:R0@tkref=0.0000: $$$$$$$$ CONFLICT LIST $$$$$$$$: []
INFO:R0: --------------------------
INFO:R0@tkref=2.8889: Time to solve stand alone optimisation problem: 0.680514812469
INFO:R0@tkref=2.8889: N of unsatisfied eq: 2
INFO:R0@tkref=2.8889: N of unsatisfied ieq: 7
INFO:R0@tkref=2.8889: Summary: Iteration limit exceeded after 16 it.
DEBUG:R0@tkref=2.8889: $$$$$$$$ CONFLICT LIST $$$$$$$$: []
INFO:R0: --------------------------
DEBUG:R0: LAST STEP
DEBUG:R0: Approx remaining dist: 2.20930667855
DEBUG:R0: Usual approx plan dist: 5.2
DEBUG:R0: Approx gain in dist: 2.99069332145
DEBUG:R0: Last step min dist: 0.5
INFO:R0: scale 0.424866668952 Ns 7 Nk 3
INFO:R0@tkref=5.7778: Time to solve stand alone optimisation problem: 0.500141859055
INFO:R0@tkref=5.7778: N of unsatisfied eq: 10
INFO:R0@tkref=5.7778: N of unsatisfied ieq: 3
INFO:R0@tkref=5.7778: Summary: Iteration limit exceeded after 21 it.
DEBUG:R0@tkref=5.7778: $$$$$$$$ CONFLICT LIST $$$$$$$$: []
INFO:R0: Finished motion planning
INFO:R0: --------------------------
INFO:R0: TOT: 8.23925812696
INFO:R0: NSE: 3
INFO:R0: FIR: 1.29282808304
INFO:R0: LAS: 0.50101685524
INFO:R0: LMA: 0
INFO:R0: MAX: 0.681803941727
INFO:R0: MIN: 0.681803941727
INFO:R0: AVG: 0.681803941727
INFO:R0: RMP: 0.234135969
INFO:R0: RMG: 0.234135969
