INFO:R0: Init motion planning
INFO:R0@tkref=0.0000: Time to solve stand alone optimisation problem: 0.79344701767
INFO:R0@tkref=0.0000: N of unsatisfied eq: 5
INFO:R0@tkref=0.0000: N of unsatisfied ieq: 6
INFO:R0@tkref=0.0000: Summary: Iteration limit exceeded after 41 it.
DEBUG:R0@tkref=0.0000: $$$$$$$$ CONFLICT LIST $$$$$$$$: []
INFO:R0: --------------------------
INFO:R0@tkref=0.4444: Time to solve stand alone optimisation problem: 0.0235178470612
INFO:R0@tkref=0.4444: N of unsatisfied eq: 3
INFO:R0@tkref=0.4444: N of unsatisfied ieq: 4
INFO:R0@tkref=0.4444: Summary: Optimization terminated successfully. after 1 it.
DEBUG:R0@tkref=0.4444: $$$$$$$$ CONFLICT LIST $$$$$$$$: []
INFO:R0: --------------------------
INFO:R0@tkref=0.8889: Time to solve stand alone optimisation problem: 0.0210988521576
INFO:R0@tkref=0.8889: N of unsatisfied eq: 3
INFO:R0@tkref=0.8889: N of unsatisfied ieq: 5
INFO:R0@tkref=0.8889: Summary: Optimization terminated successfully. after 1 it.
DEBUG:R0@tkref=0.8889: $$$$$$$$ CONFLICT LIST $$$$$$$$: []
INFO:R0: --------------------------
INFO:R0@tkref=1.3333: Time to solve stand alone optimisation problem: 0.0413501262665
INFO:R0@tkref=1.3333: N of unsatisfied eq: 3
INFO:R0@tkref=1.3333: N of unsatisfied ieq: 8
INFO:R0@tkref=1.3333: Summary: Optimization terminated successfully. after 2 it.
DEBUG:R0@tkref=1.3333: $$$$$$$$ CONFLICT LIST $$$$$$$$: []
INFO:R0: --------------------------
INFO:R0@tkref=1.7778: Time to solve stand alone optimisation problem: 0.0207459926605
INFO:R0@tkref=1.7778: N of unsatisfied eq: 3
INFO:R0@tkref=1.7778: N of unsatisfied ieq: 5
INFO:R0@tkref=1.7778: Summary: Optimization terminated successfully. after 1 it.
DEBUG:R0@tkref=1.7778: $$$$$$$$ CONFLICT LIST $$$$$$$$: []
INFO:R0: --------------------------
INFO:R0@tkref=2.2222: Time to solve stand alone optimisation problem: 0.0209181308746
INFO:R0@tkref=2.2222: N of unsatisfied eq: 4
INFO:R0@tkref=2.2222: N of unsatisfied ieq: 7
INFO:R0@tkref=2.2222: Summary: Optimization terminated successfully. after 1 it.
DEBUG:R0@tkref=2.2222: $$$$$$$$ CONFLICT LIST $$$$$$$$: []
INFO:R0: --------------------------
INFO:R0@tkref=2.6667: Time to solve stand alone optimisation problem: 0.0193548202515
INFO:R0@tkref=2.6667: N of unsatisfied eq: 3
INFO:R0@tkref=2.6667: N of unsatisfied ieq: 6
INFO:R0@tkref=2.6667: Summary: Optimization terminated successfully. after 1 it.
DEBUG:R0@tkref=2.6667: $$$$$$$$ CONFLICT LIST $$$$$$$$: []
INFO:R0: --------------------------
INFO:R0@tkref=3.1111: Time to solve stand alone optimisation problem: 0.0192019939423
INFO:R0@tkref=3.1111: N of unsatisfied eq: 4
INFO:R0@tkref=3.1111: N of unsatisfied ieq: 7
INFO:R0@tkref=3.1111: Summary: Optimization terminated successfully. after 1 it.
DEBUG:R0@tkref=3.1111: $$$$$$$$ CONFLICT LIST $$$$$$$$: []
INFO:R0: --------------------------
INFO:R0@tkref=3.5556: Time to solve stand alone optimisation problem: 0.0238299369812
INFO:R0@tkref=3.5556: N of unsatisfied eq: 4
INFO:R0@tkref=3.5556: N of unsatisfied ieq: 6
INFO:R0@tkref=3.5556: Summary: Optimization terminated successfully. after 1 it.
DEBUG:R0@tkref=3.5556: $$$$$$$$ CONFLICT LIST $$$$$$$$: []
INFO:R0: --------------------------
INFO:R0@tkref=4.0000: Time to solve stand alone optimisation problem: 0.0203528404236
INFO:R0@tkref=4.0000: N of unsatisfied eq: 4
INFO:R0@tkref=4.0000: N of unsatisfied ieq: 5
INFO:R0@tkref=4.0000: Summary: Optimization terminated successfully. after 1 it.
DEBUG:R0@tkref=4.0000: $$$$$$$$ CONFLICT LIST $$$$$$$$: []
INFO:R0: --------------------------
INFO:R0@tkref=4.4444: Time to solve stand alone optimisation problem: 0.0187969207764
INFO:R0@tkref=4.4444: N of unsatisfied eq: 3
INFO:R0@tkref=4.4444: N of unsatisfied ieq: 4
INFO:R0@tkref=4.4444: Summary: Optimization terminated successfully. after 1 it.
DEBUG:R0@tkref=4.4444: $$$$$$$$ CONFLICT LIST $$$$$$$$: []
INFO:R0: --------------------------
INFO:R0@tkref=4.8889: Time to solve stand alone optimisation problem: 0.0187611579895
INFO:R0@tkref=4.8889: N of unsatisfied eq: 4
INFO:R0@tkref=4.8889: N of unsatisfied ieq: 5
INFO:R0@tkref=4.8889: Summary: Optimization terminated successfully. after 1 it.
DEBUG:R0@tkref=4.8889: $$$$$$$$ CONFLICT LIST $$$$$$$$: []
INFO:R0: --------------------------
INFO:R0@tkref=5.3333: Time to solve stand alone optimisation problem: 0.018975019455
INFO:R0@tkref=5.3333: N of unsatisfied eq: 3
INFO:R0@tkref=5.3333: N of unsatisfied ieq: 5
INFO:R0@tkref=5.3333: Summary: Optimization terminated successfully. after 1 it.
DEBUG:R0@tkref=5.3333: $$$$$$$$ CONFLICT LIST $$$$$$$$: []
INFO:R0: --------------------------
INFO:R0@tkref=5.7778: Time to solve stand alone optimisation problem: 0.0189650058746
INFO:R0@tkref=5.7778: N of unsatisfied eq: 5
INFO:R0@tkref=5.7778: N of unsatisfied ieq: 6
INFO:R0@tkref=5.7778: Summary: Optimization terminated successfully. after 1 it.
DEBUG:R0@tkref=5.7778: $$$$$$$$ CONFLICT LIST $$$$$$$$: []
INFO:R0: --------------------------
INFO:R0@tkref=6.2222: Time to solve stand alone optimisation problem: 0.0189690589905
INFO:R0@tkref=6.2222: N of unsatisfied eq: 4
INFO:R0@tkref=6.2222: N of unsatisfied ieq: 6
INFO:R0@tkref=6.2222: Summary: Optimization terminated successfully. after 1 it.
DEBUG:R0@tkref=6.2222: $$$$$$$$ CONFLICT LIST $$$$$$$$: []
INFO:R0: --------------------------
DEBUG:R0: LAST STEP
DEBUG:R0: Approx remaining dist: 0.494894401653
DEBUG:R0: Usual approx plan dist: 2.0
DEBUG:R0: Approx gain in dist: 1.50510559835
DEBUG:R0: Last step min dist: 0.5
INFO:R0: scale 0.247447200826 Ns 7 Nk 3
INFO:R0@tkref=6.6667: Time to solve stand alone optimisation problem: 0.296947956085
INFO:R0@tkref=6.6667: N of unsatisfied eq: 10
INFO:R0@tkref=6.6667: N of unsatisfied ieq: 4
INFO:R0@tkref=6.6667: Summary: Iteration limit exceeded after 21 it.
DEBUG:R0@tkref=6.6667: $$$$$$$$ CONFLICT LIST $$$$$$$$: []
INFO:R0: Finished motion planning
INFO:R0: --------------------------
INFO:R0: TOT: 7.22241894715
INFO:R0: NSE: 16
INFO:R0: FIR: 0.79479598999
INFO:R0: LAS: 0.297757863998
INFO:R0: LMA: 1
INFO:R0: MAX: 0.0421390533447
INFO:R0: MIN: 0.019474029541
INFO:R0: AVG: 0.0225387130465
INFO:R0: RMP: 0.105347633362
INFO:R0: RMG: 0.744394659996
