INFO:R0: Init motion planning
INFO:R0@tkref=0.0000: Time to solve stand alone optimisation problem: 0.986012935638
INFO:R0@tkref=0.0000: N of unsatisfied eq: 4
INFO:R0@tkref=0.0000: N of unsatisfied ieq: 8
INFO:R0@tkref=0.0000: Summary: Iteration limit exceeded after 41 it.
DEBUG:R0@tkref=0.0000: $$$$$$$$ CONFLICT LIST $$$$$$$$: []
INFO:R0: --------------------------
INFO:R0@tkref=0.7385: Time to solve stand alone optimisation problem: 0.0967900753021
INFO:R0@tkref=0.7385: N of unsatisfied eq: 3
INFO:R0@tkref=0.7385: N of unsatisfied ieq: 6
INFO:R0@tkref=0.7385: Summary: Optimization terminated successfully. after 4 it.
DEBUG:R0@tkref=0.7385: $$$$$$$$ CONFLICT LIST $$$$$$$$: []
INFO:R0: --------------------------
INFO:R0@tkref=1.4769: Time to solve stand alone optimisation problem: 0.0245108604431
INFO:R0@tkref=1.4769: N of unsatisfied eq: 3
INFO:R0@tkref=1.4769: N of unsatisfied ieq: 8
INFO:R0@tkref=1.4769: Summary: Optimization terminated successfully. after 1 it.
DEBUG:R0@tkref=1.4769: $$$$$$$$ CONFLICT LIST $$$$$$$$: []
INFO:R0: --------------------------
INFO:R0@tkref=2.2154: Time to solve stand alone optimisation problem: 0.0939300060272
INFO:R0@tkref=2.2154: N of unsatisfied eq: 3
INFO:R0@tkref=2.2154: N of unsatisfied ieq: 7
INFO:R0@tkref=2.2154: Summary: Optimization terminated successfully. after 4 it.
DEBUG:R0@tkref=2.2154: $$$$$$$$ CONFLICT LIST $$$$$$$$: []
INFO:R0: --------------------------
INFO:R0@tkref=2.9538: Time to solve stand alone optimisation problem: 0.0244588851929
INFO:R0@tkref=2.9538: N of unsatisfied eq: 3
INFO:R0@tkref=2.9538: N of unsatisfied ieq: 10
INFO:R0@tkref=2.9538: Summary: Optimization terminated successfully. after 1 it.
DEBUG:R0@tkref=2.9538: $$$$$$$$ CONFLICT LIST $$$$$$$$: []
INFO:R0: --------------------------
INFO:R0@tkref=3.6923: Time to solve stand alone optimisation problem: 0.0709760189056
INFO:R0@tkref=3.6923: N of unsatisfied eq: 5
INFO:R0@tkref=3.6923: N of unsatisfied ieq: 8
INFO:R0@tkref=3.6923: Summary: Optimization terminated successfully. after 3 it.
DEBUG:R0@tkref=3.6923: $$$$$$$$ CONFLICT LIST $$$$$$$$: []
INFO:R0: --------------------------
INFO:R0@tkref=4.4308: Time to solve stand alone optimisation problem: 0.0239350795746
INFO:R0@tkref=4.4308: N of unsatisfied eq: 3
INFO:R0@tkref=4.4308: N of unsatisfied ieq: 10
INFO:R0@tkref=4.4308: Summary: Optimization terminated successfully. after 1 it.
DEBUG:R0@tkref=4.4308: $$$$$$$$ CONFLICT LIST $$$$$$$$: []
INFO:R0: --------------------------
INFO:R0@tkref=5.1692: Time to solve stand alone optimisation problem: 0.0247428417206
INFO:R0@tkref=5.1692: N of unsatisfied eq: 5
INFO:R0@tkref=5.1692: N of unsatisfied ieq: 9
INFO:R0@tkref=5.1692: Summary: Optimization terminated successfully. after 1 it.
DEBUG:R0@tkref=5.1692: $$$$$$$$ CONFLICT LIST $$$$$$$$: []
INFO:R0: --------------------------
INFO:R0@tkref=5.9077: Time to solve stand alone optimisation problem: 0.0227770805359
INFO:R0@tkref=5.9077: N of unsatisfied eq: 3
INFO:R0@tkref=5.9077: N of unsatisfied ieq: 10
INFO:R0@tkref=5.9077: Summary: Optimization terminated successfully. after 1 it.
DEBUG:R0@tkref=5.9077: $$$$$$$$ CONFLICT LIST $$$$$$$$: []
INFO:R0: --------------------------
DEBUG:R0: LAST STEP
DEBUG:R0: Approx remaining dist: 0.549755067093
DEBUG:R0: Usual approx plan dist: 2.4
DEBUG:R0: Approx gain in dist: 1.85024493291
DEBUG:R0: Last step min dist: 0.5
INFO:R0: scale 0.229064611289 Ns 7 Nk 3
INFO:R0@tkref=6.6462: Time to solve stand alone optimisation problem: 0.306360960007
INFO:R0@tkref=6.6462: N of unsatisfied eq: 10
INFO:R0@tkref=6.6462: N of unsatisfied ieq: 4
INFO:R0@tkref=6.6462: Summary: Iteration limit exceeded after 21 it.
DEBUG:R0@tkref=6.6462: $$$$$$$$ CONFLICT LIST $$$$$$$$: []
INFO:R0: Finished motion planning
INFO:R0: --------------------------
INFO:R0: TOT: 7.26351765296
INFO:R0: NSE: 10
INFO:R0: FIR: 0.987279176712
INFO:R0: LAS: 0.307102918625
INFO:R0: LMA: 1
INFO:R0: MAX: 0.0975608825684
INFO:R0: MIN: 0.0234479904175
INFO:R0: AVG: 0.0484631359577
INFO:R0: RMP: 0.127032399178
INFO:R0: RMG: 0.399873591959
