INFO:R0: Init motion planning
INFO:R0@tkref=0.0000: Time to solve stand alone optimisation problem: 1.0315580368
INFO:R0@tkref=0.0000: N of unsatisfied eq: 4
INFO:R0@tkref=0.0000: N of unsatisfied ieq: 8
INFO:R0@tkref=0.0000: Summary: Iteration limit exceeded after 41 it.
DEBUG:R0@tkref=0.0000: $$$$$$$$ CONFLICT LIST $$$$$$$$: []
INFO:R0: --------------------------
INFO:R0@tkref=2.0364: Time to solve stand alone optimisation problem: 0.0289671421051
INFO:R0@tkref=2.0364: N of unsatisfied eq: 3
INFO:R0@tkref=2.0364: N of unsatisfied ieq: 5
INFO:R0@tkref=2.0364: Summary: Optimization terminated successfully. after 1 it.
DEBUG:R0@tkref=2.0364: $$$$$$$$ CONFLICT LIST $$$$$$$$: []
INFO:R0: --------------------------
INFO:R0@tkref=4.0727: Time to solve stand alone optimisation problem: 0.026780128479
INFO:R0@tkref=4.0727: N of unsatisfied eq: 3
INFO:R0@tkref=4.0727: N of unsatisfied ieq: 9
INFO:R0@tkref=4.0727: Summary: Optimization terminated successfully. after 1 it.
DEBUG:R0@tkref=4.0727: $$$$$$$$ CONFLICT LIST $$$$$$$$: []
INFO:R0: --------------------------
DEBUG:R0: LAST STEP
DEBUG:R0: Approx remaining dist: 1.25423292531
DEBUG:R0: Usual approx plan dist: 5.6
DEBUG:R0: Approx gain in dist: 4.34576707469
DEBUG:R0: Last step min dist: 0.5
INFO:R0: scale 0.223970165233 Ns 7 Nk 3
INFO:R0@tkref=6.1091: Time to solve stand alone optimisation problem: 0.304233074188
INFO:R0@tkref=6.1091: N of unsatisfied eq: 10
INFO:R0@tkref=6.1091: N of unsatisfied ieq: 4
INFO:R0@tkref=6.1091: Summary: Iteration limit exceeded after 21 it.
DEBUG:R0@tkref=6.1091: $$$$$$$$ CONFLICT LIST $$$$$$$$: []
INFO:R0: Finished motion planning
INFO:R0: --------------------------
INFO:R0: TOT: 7.51769434609
INFO:R0: NSE: 4
INFO:R0: FIR: 1.03316807747
INFO:R0: LAS: 0.304991006851
INFO:R0: LMA: 1
INFO:R0: MAX: 0.0297560691833
INFO:R0: MIN: 0.0275819301605
INFO:R0: AVG: 0.0286689996719
INFO:R0: RMP: 0.0146123554026
INFO:R0: RMG: 0.149772369436
