INFO:R0: Init motion planning
INFO:R0@tkref=0.0000: Time to solve stand alone optimisation problem: 1.18180012703
INFO:R0@tkref=0.0000: N of unsatisfied eq: 5
INFO:R0@tkref=0.0000: N of unsatisfied ieq: 9
INFO:R0@tkref=0.0000: Summary: Iteration limit exceeded after 41 it.
DEBUG:R0@tkref=0.0000: $$$$$$$$ CONFLICT LIST $$$$$$$$: []
INFO:R0: --------------------------
INFO:R0@tkref=2.5455: Time to solve stand alone optimisation problem: 0.578719139099
INFO:R0@tkref=2.5455: N of unsatisfied eq: 2
INFO:R0@tkref=2.5455: N of unsatisfied ieq: 4
INFO:R0@tkref=2.5455: Summary: Optimization terminated successfully. after 14 it.
DEBUG:R0@tkref=2.5455: $$$$$$$$ CONFLICT LIST $$$$$$$$: []
INFO:R0: --------------------------
INFO:R0@tkref=5.0909: Time to solve stand alone optimisation problem: 0.609628200531
INFO:R0@tkref=5.0909: N of unsatisfied eq: 2
INFO:R0@tkref=5.0909: N of unsatisfied ieq: 5
INFO:R0@tkref=5.0909: Summary: Iteration limit exceeded after 16 it.
DEBUG:R0@tkref=5.0909: $$$$$$$$ CONFLICT LIST $$$$$$$$: []
INFO:R0: --------------------------
DEBUG:R0: LAST STEP
DEBUG:R0: Approx remaining dist: 1.57347490499
DEBUG:R0: Usual approx plan dist: 5.6
DEBUG:R0: Approx gain in dist: 4.02652509501
DEBUG:R0: Last step min dist: 0.5
INFO:R0: scale 0.280977661605 Ns 7 Nk 3
INFO:R0@tkref=7.6364: Time to solve stand alone optimisation problem: 0.443890094757
INFO:R0@tkref=7.6364: N of unsatisfied eq: 10
INFO:R0@tkref=7.6364: N of unsatisfied ieq: 3
INFO:R0@tkref=7.6364: Summary: Iteration limit exceeded after 21 it.
DEBUG:R0@tkref=7.6364: $$$$$$$$ CONFLICT LIST $$$$$$$$: []
INFO:R0: Finished motion planning
INFO:R0: --------------------------
INFO:R0: TOT: 9.44317059431
INFO:R0: NSE: 4
INFO:R0: FIR: 1.18321609497
INFO:R0: LAS: 0.444747924805
INFO:R0: LMA: 0
INFO:R0: MAX: 0.610476016998
INFO:R0: MIN: 0.579566955566
INFO:R0: AVG: 0.595021486282
INFO:R0: RMP: 0.260684634588
INFO:R0: RMG: 0.260684634588
