INFO:R0: Init motion planning
INFO:R0@tkref=0.0000: Time to solve stand alone optimisation problem: 0.971038103104
INFO:R0@tkref=0.0000: N of unsatisfied eq: 4
INFO:R0@tkref=0.0000: N of unsatisfied ieq: 7
INFO:R0@tkref=0.0000: Summary: Iteration limit exceeded after 41 it.
DEBUG:R0@tkref=0.0000: $$$$$$$$ CONFLICT LIST $$$$$$$$: []
INFO:R0: --------------------------
INFO:R0@tkref=1.1000: Time to solve stand alone optimisation problem: 0.18880200386
INFO:R0@tkref=1.1000: N of unsatisfied eq: 2
INFO:R0@tkref=1.1000: N of unsatisfied ieq: 5
INFO:R0@tkref=1.1000: Summary: Optimization terminated successfully. after 7 it.
DEBUG:R0@tkref=1.1000: $$$$$$$$ CONFLICT LIST $$$$$$$$: []
INFO:R0: --------------------------
INFO:R0@tkref=2.2000: Time to solve stand alone optimisation problem: 0.216732025146
INFO:R0@tkref=2.2000: N of unsatisfied eq: 2
INFO:R0@tkref=2.2000: N of unsatisfied ieq: 5
INFO:R0@tkref=2.2000: Summary: Optimization terminated successfully. after 7 it.
DEBUG:R0@tkref=2.2000: $$$$$$$$ CONFLICT LIST $$$$$$$$: []
INFO:R0: --------------------------
INFO:R0@tkref=3.3000: Time to solve stand alone optimisation problem: 0.165904998779
INFO:R0@tkref=3.3000: N of unsatisfied eq: 1
INFO:R0@tkref=3.3000: N of unsatisfied ieq: 4
INFO:R0@tkref=3.3000: Summary: Optimization terminated successfully. after 5 it.
DEBUG:R0@tkref=3.3000: $$$$$$$$ CONFLICT LIST $$$$$$$$: []
INFO:R0: --------------------------
INFO:R0@tkref=4.4000: Time to solve stand alone optimisation problem: 0.314011096954
INFO:R0@tkref=4.4000: N of unsatisfied eq: 3
INFO:R0@tkref=4.4000: N of unsatisfied ieq: 5
INFO:R0@tkref=4.4000: Summary: Optimization terminated successfully. after 9 it.
DEBUG:R0@tkref=4.4000: $$$$$$$$ CONFLICT LIST $$$$$$$$: []
INFO:R0: --------------------------
INFO:R0@tkref=5.5000: Time to solve stand alone optimisation problem: 0.0773520469666
INFO:R0@tkref=5.5000: N of unsatisfied eq: 3
INFO:R0@tkref=5.5000: N of unsatisfied ieq: 5
INFO:R0@tkref=5.5000: Summary: Optimization terminated successfully. after 3 it.
DEBUG:R0@tkref=5.5000: $$$$$$$$ CONFLICT LIST $$$$$$$$: []
INFO:R0: --------------------------
DEBUG:R0: LAST STEP
DEBUG:R0: Approx remaining dist: 1.05707674874
DEBUG:R0: Usual approx plan dist: 4.4
DEBUG:R0: Approx gain in dist: 3.34292325126
DEBUG:R0: Last step min dist: 0.5
INFO:R0: scale 0.240244715622 Ns 7 Nk 3
INFO:R0@tkref=6.6000: Time to solve stand alone optimisation problem: 0.405811071396
INFO:R0@tkref=6.6000: N of unsatisfied eq: 10
INFO:R0@tkref=6.6000: N of unsatisfied ieq: 4
INFO:R0@tkref=6.6000: Summary: Iteration limit exceeded after 21 it.
DEBUG:R0@tkref=6.6000: $$$$$$$$ CONFLICT LIST $$$$$$$$: []
INFO:R0: Finished motion planning
INFO:R0: --------------------------
INFO:R0: TOT: 7.78956033928
INFO:R0: NSE: 7
INFO:R0: FIR: 0.972676992416
INFO:R0: LAS: 0.406672954559
INFO:R0: LMA: 1
INFO:R0: MAX: 0.315073013306
INFO:R0: MIN: 0.0781209468842
INFO:R0: AVG: 0.19351606369
INFO:R0: RMP: 0.268528136341
INFO:R0: RMG: 0.346596268091
