INFO:R0: Init motion planning
INFO:R0@tkref=0.0000: Time to solve stand alone optimisation problem: 1.57306909561
INFO:R0@tkref=0.0000: N of unsatisfied eq: 4
INFO:R0@tkref=0.0000: N of unsatisfied ieq: 5
INFO:R0@tkref=0.0000: Summary: Iteration limit exceeded after 41 it.
DEBUG:R0@tkref=0.0000: $$$$$$$$ CONFLICT LIST $$$$$$$$: []
INFO:R0: --------------------------
INFO:R0@tkref=0.2000: Time to solve stand alone optimisation problem: 0.380218982697
INFO:R0@tkref=0.2000: N of unsatisfied eq: 2
INFO:R0@tkref=0.2000: N of unsatisfied ieq: 7
INFO:R0@tkref=0.2000: Summary: Optimization terminated successfully. after 11 it.
DEBUG:R0@tkref=0.2000: $$$$$$$$ CONFLICT LIST $$$$$$$$: []
INFO:R0: --------------------------
INFO:R0@tkref=0.4000: Time to solve stand alone optimisation problem: 0.376810073853
INFO:R0@tkref=0.4000: N of unsatisfied eq: 2
INFO:R0@tkref=0.4000: N of unsatisfied ieq: 7
INFO:R0@tkref=0.4000: Summary: Optimization terminated successfully. after 11 it.
DEBUG:R0@tkref=0.4000: $$$$$$$$ CONFLICT LIST $$$$$$$$: []
INFO:R0: --------------------------
INFO:R0@tkref=0.6000: Time to solve stand alone optimisation problem: 0.517503976822
INFO:R0@tkref=0.6000: N of unsatisfied eq: 3
INFO:R0@tkref=0.6000: N of unsatisfied ieq: 7
INFO:R0@tkref=0.6000: Summary: Iteration limit exceeded after 16 it.
DEBUG:R0@tkref=0.6000: $$$$$$$$ CONFLICT LIST $$$$$$$$: []
INFO:R0: --------------------------
INFO:R0@tkref=0.8000: Time to solve stand alone optimisation problem: 0.585844039917
INFO:R0@tkref=0.8000: N of unsatisfied eq: 2
INFO:R0@tkref=0.8000: N of unsatisfied ieq: 5
INFO:R0@tkref=0.8000: Summary: Iteration limit exceeded after 16 it.
DEBUG:R0@tkref=0.8000: $$$$$$$$ CONFLICT LIST $$$$$$$$: []
INFO:R0: --------------------------
INFO:R0@tkref=1.0000: Time to solve stand alone optimisation problem: 0.346071958542
INFO:R0@tkref=1.0000: N of unsatisfied eq: 3
INFO:R0@tkref=1.0000: N of unsatisfied ieq: 6
INFO:R0@tkref=1.0000: Summary: Optimization terminated successfully. after 9 it.
DEBUG:R0@tkref=1.0000: $$$$$$$$ CONFLICT LIST $$$$$$$$: []
INFO:R0: --------------------------
INFO:R0@tkref=1.2000: Time to solve stand alone optimisation problem: 0.440508842468
INFO:R0@tkref=1.2000: N of unsatisfied eq: 3
INFO:R0@tkref=1.2000: N of unsatisfied ieq: 6
INFO:R0@tkref=1.2000: Summary: Optimization terminated successfully. after 11 it.
DEBUG:R0@tkref=1.2000: $$$$$$$$ CONFLICT LIST $$$$$$$$: []
INFO:R0: --------------------------
INFO:R0@tkref=1.4000: Time to solve stand alone optimisation problem: 0.706708908081
INFO:R0@tkref=1.4000: N of unsatisfied eq: 3
INFO:R0@tkref=1.4000: N of unsatisfied ieq: 6
INFO:R0@tkref=1.4000: Summary: Iteration limit exceeded after 16 it.
DEBUG:R0@tkref=1.4000: $$$$$$$$ CONFLICT LIST $$$$$$$$: []
INFO:R0: --------------------------
INFO:R0@tkref=1.6000: Time to solve stand alone optimisation problem: 0.312817811966
INFO:R0@tkref=1.6000: N of unsatisfied eq: 3
INFO:R0@tkref=1.6000: N of unsatisfied ieq: 0
INFO:R0@tkref=1.6000: Summary: Optimization terminated successfully. after 7 it.
DEBUG:R0@tkref=1.6000: $$$$$$$$ CONFLICT LIST $$$$$$$$: []
INFO:R0: --------------------------
INFO:R0@tkref=1.8000: Time to solve stand alone optimisation problem: 0.482336997986
INFO:R0@tkref=1.8000: N of unsatisfied eq: 3
INFO:R0@tkref=1.8000: N of unsatisfied ieq: 6
INFO:R0@tkref=1.8000: Summary: Optimization terminated successfully. after 11 it.
DEBUG:R0@tkref=1.8000: $$$$$$$$ CONFLICT LIST $$$$$$$$: []
INFO:R0: --------------------------
INFO:R0@tkref=2.0000: Time to solve stand alone optimisation problem: 0.489928007126
INFO:R0@tkref=2.0000: N of unsatisfied eq: 3
INFO:R0@tkref=2.0000: N of unsatisfied ieq: 6
INFO:R0@tkref=2.0000: Summary: Optimization terminated successfully. after 11 it.
DEBUG:R0@tkref=2.0000: $$$$$$$$ CONFLICT LIST $$$$$$$$: []
INFO:R0: --------------------------
INFO:R0@tkref=2.2000: Time to solve stand alone optimisation problem: 0.333230018616
INFO:R0@tkref=2.2000: N of unsatisfied eq: 3
INFO:R0@tkref=2.2000: N of unsatisfied ieq: 7
INFO:R0@tkref=2.2000: Summary: Optimization terminated successfully. after 7 it.
DEBUG:R0@tkref=2.2000: $$$$$$$$ CONFLICT LIST $$$$$$$$: []
INFO:R0: --------------------------
INFO:R0@tkref=2.4000: Time to solve stand alone optimisation problem: 0.265352964401
INFO:R0@tkref=2.4000: N of unsatisfied eq: 3
INFO:R0@tkref=2.4000: N of unsatisfied ieq: 6
INFO:R0@tkref=2.4000: Summary: Optimization terminated successfully. after 5 it.
DEBUG:R0@tkref=2.4000: $$$$$$$$ CONFLICT LIST $$$$$$$$: []
INFO:R0: --------------------------
INFO:R0@tkref=2.6000: Time to solve stand alone optimisation problem: 0.400599956512
INFO:R0@tkref=2.6000: N of unsatisfied eq: 3
INFO:R0@tkref=2.6000: N of unsatisfied ieq: 7
INFO:R0@tkref=2.6000: Summary: Optimization terminated successfully. after 8 it.
DEBUG:R0@tkref=2.6000: $$$$$$$$ CONFLICT LIST $$$$$$$$: []
INFO:R0: --------------------------
INFO:R0@tkref=2.8000: Time to solve stand alone optimisation problem: 0.346220970154
INFO:R0@tkref=2.8000: N of unsatisfied eq: 3
INFO:R0@tkref=2.8000: N of unsatisfied ieq: 7
INFO:R0@tkref=2.8000: Summary: Optimization terminated successfully. after 7 it.
DEBUG:R0@tkref=2.8000: $$$$$$$$ CONFLICT LIST $$$$$$$$: []
INFO:R0: --------------------------
INFO:R0@tkref=3.0000: Time to solve stand alone optimisation problem: 0.352116107941
INFO:R0@tkref=3.0000: N of unsatisfied eq: 3
INFO:R0@tkref=3.0000: N of unsatisfied ieq: 6
INFO:R0@tkref=3.0000: Summary: Optimization terminated successfully. after 7 it.
DEBUG:R0@tkref=3.0000: $$$$$$$$ CONFLICT LIST $$$$$$$$: []
INFO:R0: --------------------------
INFO:R0@tkref=3.2000: Time to solve stand alone optimisation problem: 0.103929042816
INFO:R0@tkref=3.2000: N of unsatisfied eq: 3
INFO:R0@tkref=3.2000: N of unsatisfied ieq: 7
INFO:R0@tkref=3.2000: Summary: Optimization terminated successfully. after 2 it.
DEBUG:R0@tkref=3.2000: $$$$$$$$ CONFLICT LIST $$$$$$$$: []
INFO:R0: --------------------------
INFO:R0@tkref=3.4000: Time to solve stand alone optimisation problem: 0.299962997437
INFO:R0@tkref=3.4000: N of unsatisfied eq: 3
INFO:R0@tkref=3.4000: N of unsatisfied ieq: 7
INFO:R0@tkref=3.4000: Summary: Optimization terminated successfully. after 6 it.
DEBUG:R0@tkref=3.4000: $$$$$$$$ CONFLICT LIST $$$$$$$$: []
INFO:R0: --------------------------
INFO:R0@tkref=3.6000: Time to solve stand alone optimisation problem: 0.342461109161
INFO:R0@tkref=3.6000: N of unsatisfied eq: 3
INFO:R0@tkref=3.6000: N of unsatisfied ieq: 7
INFO:R0@tkref=3.6000: Summary: Optimization terminated successfully. after 7 it.
DEBUG:R0@tkref=3.6000: $$$$$$$$ CONFLICT LIST $$$$$$$$: []
INFO:R0: --------------------------
INFO:R0@tkref=3.8000: Time to solve stand alone optimisation problem: 0.242985010147
INFO:R0@tkref=3.8000: N of unsatisfied eq: 3
INFO:R0@tkref=3.8000: N of unsatisfied ieq: 7
INFO:R0@tkref=3.8000: Summary: Optimization terminated successfully. after 5 it.
DEBUG:R0@tkref=3.8000: $$$$$$$$ CONFLICT LIST $$$$$$$$: []
INFO:R0: --------------------------
INFO:R0@tkref=4.0000: Time to solve stand alone optimisation problem: 0.255053043365
INFO:R0@tkref=4.0000: N of unsatisfied eq: 3
INFO:R0@tkref=4.0000: N of unsatisfied ieq: 7
INFO:R0@tkref=4.0000: Summary: Optimization terminated successfully. after 5 it.
DEBUG:R0@tkref=4.0000: $$$$$$$$ CONFLICT LIST $$$$$$$$: []
INFO:R0: --------------------------
INFO:R0@tkref=4.2000: Time to solve stand alone optimisation problem: 0.32097196579
INFO:R0@tkref=4.2000: N of unsatisfied eq: 3
INFO:R0@tkref=4.2000: N of unsatisfied ieq: 7
INFO:R0@tkref=4.2000: Summary: Optimization terminated successfully. after 6 it.
DEBUG:R0@tkref=4.2000: $$$$$$$$ CONFLICT LIST $$$$$$$$: []
INFO:R0: --------------------------
INFO:R0@tkref=4.4000: Time to solve stand alone optimisation problem: 0.324897050858
INFO:R0@tkref=4.4000: N of unsatisfied eq: 3
INFO:R0@tkref=4.4000: N of unsatisfied ieq: 7
INFO:R0@tkref=4.4000: Summary: Optimization terminated successfully. after 6 it.
DEBUG:R0@tkref=4.4000: $$$$$$$$ CONFLICT LIST $$$$$$$$: []
INFO:R0: --------------------------
INFO:R0@tkref=4.6000: Time to solve stand alone optimisation problem: 0.516928911209
INFO:R0@tkref=4.6000: N of unsatisfied eq: 3
INFO:R0@tkref=4.6000: N of unsatisfied ieq: 3
INFO:R0@tkref=4.6000: Summary: Optimization terminated successfully. after 11 it.
DEBUG:R0@tkref=4.6000: $$$$$$$$ CONFLICT LIST $$$$$$$$: []
INFO:R0: --------------------------
INFO:R0@tkref=4.8000: Time to solve stand alone optimisation problem: 0.715533971786
INFO:R0@tkref=4.8000: N of unsatisfied eq: 3
INFO:R0@tkref=4.8000: N of unsatisfied ieq: 4
INFO:R0@tkref=4.8000: Summary: Iteration limit exceeded after 16 it.
DEBUG:R0@tkref=4.8000: $$$$$$$$ CONFLICT LIST $$$$$$$$: []
INFO:R0: --------------------------
INFO:R0@tkref=5.0000: Time to solve stand alone optimisation problem: 0.649590015411
INFO:R0@tkref=5.0000: N of unsatisfied eq: 3
INFO:R0@tkref=5.0000: N of unsatisfied ieq: 4
INFO:R0@tkref=5.0000: Summary: Iteration limit exceeded after 16 it.
DEBUG:R0@tkref=5.0000: $$$$$$$$ CONFLICT LIST $$$$$$$$: []
INFO:R0: --------------------------
INFO:R0@tkref=5.2000: Time to solve stand alone optimisation problem: 0.434534072876
INFO:R0@tkref=5.2000: N of unsatisfied eq: 3
INFO:R0@tkref=5.2000: N of unsatisfied ieq: 6
INFO:R0@tkref=5.2000: Summary: Optimization terminated successfully. after 11 it.
DEBUG:R0@tkref=5.2000: $$$$$$$$ CONFLICT LIST $$$$$$$$: []
INFO:R0: --------------------------
INFO:R0@tkref=5.4000: Time to solve stand alone optimisation problem: 0.257362127304
INFO:R0@tkref=5.4000: N of unsatisfied eq: 3
INFO:R0@tkref=5.4000: N of unsatisfied ieq: 6
INFO:R0@tkref=5.4000: Summary: Optimization terminated successfully. after 6 it.
DEBUG:R0@tkref=5.4000: $$$$$$$$ CONFLICT LIST $$$$$$$$: []
INFO:R0: --------------------------
INFO:R0@tkref=5.6000: Time to solve stand alone optimisation problem: 0.313961982727
INFO:R0@tkref=5.6000: N of unsatisfied eq: 3
INFO:R0@tkref=5.6000: N of unsatisfied ieq: 7
INFO:R0@tkref=5.6000: Summary: Optimization terminated successfully. after 7 it.
DEBUG:R0@tkref=5.6000: $$$$$$$$ CONFLICT LIST $$$$$$$$: []
INFO:R0: --------------------------
INFO:R0@tkref=5.8000: Time to solve stand alone optimisation problem: 0.218748092651
INFO:R0@tkref=5.8000: N of unsatisfied eq: 3
INFO:R0@tkref=5.8000: N of unsatisfied ieq: 7
INFO:R0@tkref=5.8000: Summary: Optimization terminated successfully. after 5 it.
DEBUG:R0@tkref=5.8000: $$$$$$$$ CONFLICT LIST $$$$$$$$: []
INFO:R0: --------------------------
INFO:R0@tkref=6.0000: Time to solve stand alone optimisation problem: 0.0833849906921
INFO:R0@tkref=6.0000: N of unsatisfied eq: 3
INFO:R0@tkref=6.0000: N of unsatisfied ieq: 7
INFO:R0@tkref=6.0000: Summary: Optimization terminated successfully. after 2 it.
DEBUG:R0@tkref=6.0000: $$$$$$$$ CONFLICT LIST $$$$$$$$: []
INFO:R0: --------------------------
INFO:R0@tkref=6.2000: Time to solve stand alone optimisation problem: 0.0827989578247
INFO:R0@tkref=6.2000: N of unsatisfied eq: 3
INFO:R0@tkref=6.2000: N of unsatisfied ieq: 7
INFO:R0@tkref=6.2000: Summary: Optimization terminated successfully. after 2 it.
DEBUG:R0@tkref=6.2000: $$$$$$$$ CONFLICT LIST $$$$$$$$: []
INFO:R0: --------------------------
INFO:R0@tkref=6.4000: Time to solve stand alone optimisation problem: 0.0730020999908
INFO:R0@tkref=6.4000: N of unsatisfied eq: 3
INFO:R0@tkref=6.4000: N of unsatisfied ieq: 7
INFO:R0@tkref=6.4000: Summary: Optimization terminated successfully. after 2 it.
DEBUG:R0@tkref=6.4000: $$$$$$$$ CONFLICT LIST $$$$$$$$: []
INFO:R0: --------------------------
INFO:R0@tkref=6.6000: Time to solve stand alone optimisation problem: 0.0368280410767
INFO:R0@tkref=6.6000: N of unsatisfied eq: 3
INFO:R0@tkref=6.6000: N of unsatisfied ieq: 7
INFO:R0@tkref=6.6000: Summary: Optimization terminated successfully. after 1 it.
DEBUG:R0@tkref=6.6000: $$$$$$$$ CONFLICT LIST $$$$$$$$: []
INFO:R0: --------------------------
INFO:R0@tkref=6.8000: Time to solve stand alone optimisation problem: 0.036777973175
INFO:R0@tkref=6.8000: N of unsatisfied eq: 3
INFO:R0@tkref=6.8000: N of unsatisfied ieq: 7
INFO:R0@tkref=6.8000: Summary: Optimization terminated successfully. after 1 it.
DEBUG:R0@tkref=6.8000: $$$$$$$$ CONFLICT LIST $$$$$$$$: []
INFO:R0: --------------------------
INFO:R0@tkref=7.0000: Time to solve stand alone optimisation problem: 0.0370490550995
INFO:R0@tkref=7.0000: N of unsatisfied eq: 3
INFO:R0@tkref=7.0000: N of unsatisfied ieq: 4
INFO:R0@tkref=7.0000: Summary: Optimization terminated successfully. after 1 it.
DEBUG:R0@tkref=7.0000: $$$$$$$$ CONFLICT LIST $$$$$$$$: []
INFO:R0: --------------------------
INFO:R0@tkref=7.2000: Time to solve stand alone optimisation problem: 0.0327739715576
INFO:R0@tkref=7.2000: N of unsatisfied eq: 3
INFO:R0@tkref=7.2000: N of unsatisfied ieq: 5
INFO:R0@tkref=7.2000: Summary: Optimization terminated successfully. after 1 it.
DEBUG:R0@tkref=7.2000: $$$$$$$$ CONFLICT LIST $$$$$$$$: []
INFO:R0: --------------------------
INFO:R0@tkref=7.4000: Time to solve stand alone optimisation problem: 0.0319080352783
INFO:R0@tkref=7.4000: N of unsatisfied eq: 3
INFO:R0@tkref=7.4000: N of unsatisfied ieq: 4
INFO:R0@tkref=7.4000: Summary: Optimization terminated successfully. after 1 it.
DEBUG:R0@tkref=7.4000: $$$$$$$$ CONFLICT LIST $$$$$$$$: []
INFO:R0: --------------------------
DEBUG:R0: LAST STEP
DEBUG:R0: Approx remaining dist: 0.0983562118755
DEBUG:R0: Usual approx plan dist: 0.8
DEBUG:R0: Approx gain in dist: 0.701643788125
DEBUG:R0: Last step min dist: 0.0
INFO:R0: scale 0.122945264844 Ns 7 Nk 3
INFO:R0@tkref=7.6000: Time to solve stand alone optimisation problem: 0.414090156555
INFO:R0@tkref=7.6000: N of unsatisfied eq: 10
INFO:R0@tkref=7.6000: N of unsatisfied ieq: 4
INFO:R0@tkref=7.6000: Summary: Iteration limit exceeded after 21 it.
DEBUG:R0@tkref=7.6000: $$$$$$$$ CONFLICT LIST $$$$$$$$: []
INFO:R0: Finished motion planning
INFO:R0: --------------------------
INFO:R0: TOT: 7.71044479881
INFO:R0: NSE: 39
INFO:R0: FIR: 1.57515597343
INFO:R0: LAS: 0.414957046509
INFO:R0: LMA: 0
INFO:R0: MAX: 0.716372966766
INFO:R0: MIN: 0.0330190658569
INFO:R0: AVG: 0.318400782508
INFO:R0: RMP: 4.47733104229
INFO:R0: RMG: 4.47733104229
