INFO:R0: Init motion planning
INFO:R0@tkref=0.0000: Time to solve stand alone optimisation problem: 0.720618963242
INFO:R0@tkref=0.0000: N of unsatisfied eq: 5
INFO:R0@tkref=0.0000: N of unsatisfied ieq: 7
INFO:R0@tkref=0.0000: Summary: Iteration limit exceeded after 41 it.
DEBUG:R0@tkref=0.0000: $$$$$$$$ CONFLICT LIST $$$$$$$$: []
INFO:R0: --------------------------
INFO:R0@tkref=1.3500: Time to solve stand alone optimisation problem: 0.0186958312988
INFO:R0@tkref=1.3500: N of unsatisfied eq: 3
INFO:R0@tkref=1.3500: N of unsatisfied ieq: 3
INFO:R0@tkref=1.3500: Summary: Optimization terminated successfully. after 1 it.
DEBUG:R0@tkref=1.3500: $$$$$$$$ CONFLICT LIST $$$$$$$$: []
INFO:R0: --------------------------
INFO:R0@tkref=2.7000: Time to solve stand alone optimisation problem: 0.018373966217
INFO:R0@tkref=2.7000: N of unsatisfied eq: 3
INFO:R0@tkref=2.7000: N of unsatisfied ieq: 7
INFO:R0@tkref=2.7000: Summary: Optimization terminated successfully. after 1 it.
DEBUG:R0@tkref=2.7000: $$$$$$$$ CONFLICT LIST $$$$$$$$: []
INFO:R0: --------------------------
INFO:R0@tkref=4.0500: Time to solve stand alone optimisation problem: 0.0186109542847
INFO:R0@tkref=4.0500: N of unsatisfied eq: 3
INFO:R0@tkref=4.0500: N of unsatisfied ieq: 5
INFO:R0@tkref=4.0500: Summary: Optimization terminated successfully. after 1 it.
DEBUG:R0@tkref=4.0500: $$$$$$$$ CONFLICT LIST $$$$$$$$: []
INFO:R0: --------------------------
INFO:R0@tkref=5.4000: Time to solve stand alone optimisation problem: 0.0213119983673
INFO:R0@tkref=5.4000: N of unsatisfied eq: 3
INFO:R0@tkref=5.4000: N of unsatisfied ieq: 4
INFO:R0@tkref=5.4000: Summary: Optimization terminated successfully. after 1 it.
DEBUG:R0@tkref=5.4000: $$$$$$$$ CONFLICT LIST $$$$$$$$: []
INFO:R0: --------------------------
DEBUG:R0: LAST STEP
DEBUG:R0: Approx remaining dist: 0.548885665503
DEBUG:R0: Usual approx plan dist: 3.6
DEBUG:R0: Approx gain in dist: 3.0511143345
DEBUG:R0: Last step min dist: 0.5
INFO:R0: scale 0.152468240418 Ns 7 Nk 3
INFO:R0@tkref=6.7500: Time to solve stand alone optimisation problem: 0.303478956223
INFO:R0@tkref=6.7500: N of unsatisfied eq: 10
INFO:R0@tkref=6.7500: N of unsatisfied ieq: 4
INFO:R0@tkref=6.7500: Summary: Iteration limit exceeded after 21 it.
DEBUG:R0@tkref=6.7500: $$$$$$$$ CONFLICT LIST $$$$$$$$: []
INFO:R0: Finished motion planning
INFO:R0: --------------------------
INFO:R0: TOT: 7.36638654139
INFO:R0: NSE: 6
INFO:R0: FIR: 0.721727848053
INFO:R0: LAS: 0.304854869843
INFO:R0: LMA: 1
INFO:R0: MAX: 0.0220448970795
INFO:R0: MIN: 0.0190391540527
INFO:R0: AVG: 0.019933283329
INFO:R0: RMP: 0.0164865683287
INFO:R0: RMG: 0.227989753088
