INFO:R0: Init motion planning
INFO:R0@tkref=0.0000: Time to solve stand alone optimisation problem: 1.30608797073
INFO:R0@tkref=0.0000: N of unsatisfied eq: 5
INFO:R0@tkref=0.0000: N of unsatisfied ieq: 11
INFO:R0@tkref=0.0000: Summary: Iteration limit exceeded after 41 it.
DEBUG:R0@tkref=0.0000: $$$$$$$$ CONFLICT LIST $$$$$$$$: []
INFO:R0: --------------------------
INFO:R0@tkref=2.5000: Time to solve stand alone optimisation problem: 0.0390048027039
INFO:R0@tkref=2.5000: N of unsatisfied eq: 3
INFO:R0@tkref=2.5000: N of unsatisfied ieq: 6
INFO:R0@tkref=2.5000: Summary: Optimization terminated successfully. after 1 it.
DEBUG:R0@tkref=2.5000: $$$$$$$$ CONFLICT LIST $$$$$$$$: []
INFO:R0: --------------------------
DEBUG:R0: LAST STEP
DEBUG:R0: Approx remaining dist: 2.2632652212
DEBUG:R0: Usual approx plan dist: 4.0
DEBUG:R0: Approx gain in dist: 1.7367347788
DEBUG:R0: Last step min dist: 0.5
INFO:R0: scale 0.5658163053 Ns 10 Nk 3
INFO:R0@tkref=5.0000: Time to solve stand alone optimisation problem: 0.599740982056
INFO:R0@tkref=5.0000: N of unsatisfied eq: 10
INFO:R0@tkref=5.0000: N of unsatisfied ieq: 6
INFO:R0@tkref=5.0000: Summary: Iteration limit exceeded after 21 it.
DEBUG:R0@tkref=5.0000: $$$$$$$$ CONFLICT LIST $$$$$$$$: []
INFO:R0: Finished motion planning
INFO:R0: --------------------------
INFO:R0: TOT: 7.54221641634
INFO:R0: NSE: 3
INFO:R0: FIR: 1.30819487572
INFO:R0: LAS: 0.600559949875
INFO:R0: LMA: 1
INFO:R0: MAX: 0.0399239063263
INFO:R0: MIN: 0.0399239063263
INFO:R0: AVG: 0.0399239063263
INFO:R0: RMP: 0.015355348587
INFO:R0: RMG: 0.230984596106
