INFO:R0: Init motion planning
INFO:R0@tkref=0.0000: Time to solve stand alone optimisation problem: 1.77417302132
INFO:R0@tkref=0.0000: N of unsatisfied eq: 5
INFO:R0@tkref=0.0000: N of unsatisfied ieq: 16
INFO:R0@tkref=0.0000: Summary: Iteration limit exceeded after 41 it.
DEBUG:R0@tkref=0.0000: $$$$$$$$ CONFLICT LIST $$$$$$$$: []
INFO:R0: --------------------------
INFO:R0@tkref=0.6667: Time to solve stand alone optimisation problem: 0.0911779403687
INFO:R0@tkref=0.6667: N of unsatisfied eq: 3
INFO:R0@tkref=0.6667: N of unsatisfied ieq: 12
INFO:R0@tkref=0.6667: Summary: Optimization terminated successfully. after 2 it.
DEBUG:R0@tkref=0.6667: $$$$$$$$ CONFLICT LIST $$$$$$$$: []
INFO:R0: --------------------------
INFO:R0@tkref=1.3333: Time to solve stand alone optimisation problem: 0.136308908463
INFO:R0@tkref=1.3333: N of unsatisfied eq: 3
INFO:R0@tkref=1.3333: N of unsatisfied ieq: 13
INFO:R0@tkref=1.3333: Summary: Optimization terminated successfully. after 3 it.
DEBUG:R0@tkref=1.3333: $$$$$$$$ CONFLICT LIST $$$$$$$$: []
INFO:R0: --------------------------
INFO:R0@tkref=2.0000: Time to solve stand alone optimisation problem: 0.0429589748383
INFO:R0@tkref=2.0000: N of unsatisfied eq: 3
INFO:R0@tkref=2.0000: N of unsatisfied ieq: 12
INFO:R0@tkref=2.0000: Summary: Optimization terminated successfully. after 1 it.
DEBUG:R0@tkref=2.0000: $$$$$$$$ CONFLICT LIST $$$$$$$$: []
INFO:R0: --------------------------
INFO:R0@tkref=2.6667: Time to solve stand alone optimisation problem: 0.0415511131287
INFO:R0@tkref=2.6667: N of unsatisfied eq: 4
INFO:R0@tkref=2.6667: N of unsatisfied ieq: 12
INFO:R0@tkref=2.6667: Summary: Optimization terminated successfully. after 1 it.
DEBUG:R0@tkref=2.6667: $$$$$$$$ CONFLICT LIST $$$$$$$$: []
INFO:R0: --------------------------
INFO:R0@tkref=3.3333: Time to solve stand alone optimisation problem: 0.0448620319366
INFO:R0@tkref=3.3333: N of unsatisfied eq: 3
INFO:R0@tkref=3.3333: N of unsatisfied ieq: 10
INFO:R0@tkref=3.3333: Summary: Optimization terminated successfully. after 1 it.
DEBUG:R0@tkref=3.3333: $$$$$$$$ CONFLICT LIST $$$$$$$$: []
INFO:R0: --------------------------
INFO:R0@tkref=4.0000: Time to solve stand alone optimisation problem: 0.0436401367188
INFO:R0@tkref=4.0000: N of unsatisfied eq: 5
INFO:R0@tkref=4.0000: N of unsatisfied ieq: 11
INFO:R0@tkref=4.0000: Summary: Optimization terminated successfully. after 1 it.
DEBUG:R0@tkref=4.0000: $$$$$$$$ CONFLICT LIST $$$$$$$$: []
INFO:R0: --------------------------
INFO:R0@tkref=4.6667: Time to solve stand alone optimisation problem: 0.0450868606567
INFO:R0@tkref=4.6667: N of unsatisfied eq: 5
INFO:R0@tkref=4.6667: N of unsatisfied ieq: 10
INFO:R0@tkref=4.6667: Summary: Optimization terminated successfully. after 1 it.
DEBUG:R0@tkref=4.6667: $$$$$$$$ CONFLICT LIST $$$$$$$$: []
INFO:R0: --------------------------
INFO:R0@tkref=5.3333: Time to solve stand alone optimisation problem: 0.0413520336151
INFO:R0@tkref=5.3333: N of unsatisfied eq: 5
INFO:R0@tkref=5.3333: N of unsatisfied ieq: 9
INFO:R0@tkref=5.3333: Summary: Optimization terminated successfully. after 1 it.
DEBUG:R0@tkref=5.3333: $$$$$$$$ CONFLICT LIST $$$$$$$$: []
INFO:R0: --------------------------
DEBUG:R0: LAST STEP
DEBUG:R0: Approx remaining dist: 1.11203467644
DEBUG:R0: Usual approx plan dist: 2.0
DEBUG:R0: Approx gain in dist: 0.887965323555
DEBUG:R0: Last step min dist: 0.5
INFO:R0: scale 0.556017338222 Ns 11 Nk 3
INFO:R0@tkref=6.0000: Time to solve stand alone optimisation problem: 0.471257925034
INFO:R0@tkref=6.0000: N of unsatisfied eq: 10
INFO:R0@tkref=6.0000: N of unsatisfied ieq: 3
INFO:R0@tkref=6.0000: Summary: Iteration limit exceeded after 21 it.
DEBUG:R0@tkref=6.0000: $$$$$$$$ CONFLICT LIST $$$$$$$$: []
INFO:R0: Finished motion planning
INFO:R0: --------------------------
INFO:R0: TOT: 7.24788230938
INFO:R0: NSE: 10
INFO:R0: FIR: 1.77585101128
INFO:R0: LAS: 0.472446918488
INFO:R0: LMA: 1
INFO:R0: MAX: 0.137176990509
INFO:R0: MIN: 0.0422780513763
INFO:R0: AVG: 0.0618122816086
INFO:R0: RMP: 0.195967129299
INFO:R0: RMG: 0.674924169268
