INFO:R0: Init motion planning
INFO:R0@tkref=0.0000: Time to solve stand alone optimisation problem: 2.66427183151
INFO:R0@tkref=0.0000: N of unsatisfied eq: 4
INFO:R0@tkref=0.0000: N of unsatisfied ieq: 9
INFO:R0@tkref=0.0000: Summary: Iteration limit exceeded after 41 it.
DEBUG:R0@tkref=0.0000: $$$$$$$$ CONFLICT LIST $$$$$$$$: []
INFO:R0: --------------------------
INFO:R0@tkref=2.4750: Time to solve stand alone optimisation problem: 1.20112800598
INFO:R0@tkref=2.4750: N of unsatisfied eq: 2
INFO:R0@tkref=2.4750: N of unsatisfied ieq: 8
INFO:R0@tkref=2.4750: Summary: Optimization terminated successfully. after 13 it.
DEBUG:R0@tkref=2.4750: $$$$$$$$ CONFLICT LIST $$$$$$$$: []
INFO:R0: --------------------------
DEBUG:R0: LAST STEP
DEBUG:R0: Approx remaining dist: 2.76176925552
DEBUG:R0: Usual approx plan dist: 4.4
DEBUG:R0: Approx gain in dist: 1.63823074448
DEBUG:R0: Last step min dist: 0.5
INFO:R0: scale 0.6276748308 Ns 11 Nk 4
INFO:R0@tkref=4.9500: Time to solve stand alone optimisation problem: 0.96617603302
INFO:R0@tkref=4.9500: N of unsatisfied eq: 10
INFO:R0@tkref=4.9500: N of unsatisfied ieq: 4
INFO:R0@tkref=4.9500: Summary: Iteration limit exceeded after 21 it.
DEBUG:R0@tkref=4.9500: $$$$$$$$ CONFLICT LIST $$$$$$$$: []
INFO:R0: Finished motion planning
INFO:R0: --------------------------
INFO:R0: TOT: 8.25822369984
INFO:R0: NSE: 3
INFO:R0: FIR: 2.66611289978
INFO:R0: LAS: 0.967048883438
INFO:R0: LMA: 0
INFO:R0: MAX: 1.20216298103
INFO:R0: MIN: 1.20216298103
INFO:R0: AVG: 1.20216298103
INFO:R0: RMP: 0.512285361235
INFO:R0: RMG: 0.512285361235
