INFO:R0: Init motion planning
INFO:R0@tkref=0.0000: Time to solve stand alone optimisation problem: 1.36133909225
INFO:R0@tkref=0.0000: N of unsatisfied eq: 4
INFO:R0@tkref=0.0000: N of unsatisfied ieq: 3
INFO:R0@tkref=0.0000: Summary: Iteration limit exceeded after 41 it.
DEBUG:R0@tkref=0.0000: $$$$$$$$ CONFLICT LIST $$$$$$$$: []
INFO:R0: --------------------------
INFO:R0@tkref=2.3111: Time to solve stand alone optimisation problem: 0.287788152695
INFO:R0@tkref=2.3111: N of unsatisfied eq: 4
INFO:R0@tkref=2.3111: N of unsatisfied ieq: 11
INFO:R0@tkref=2.3111: Summary: Optimization terminated successfully. after 11 it.
DEBUG:R0@tkref=2.3111: $$$$$$$$ CONFLICT LIST $$$$$$$$: []
INFO:R0: --------------------------
INFO:R0@tkref=4.6222: Time to solve stand alone optimisation problem: 0.416361093521
INFO:R0@tkref=4.6222: N of unsatisfied eq: 3
INFO:R0@tkref=4.6222: N of unsatisfied ieq: 9
INFO:R0@tkref=4.6222: Summary: Optimization terminated successfully. after 13 it.
DEBUG:R0@tkref=4.6222: $$$$$$$$ CONFLICT LIST $$$$$$$$: []
INFO:R0: --------------------------
DEBUG:R0: LAST STEP
DEBUG:R0: Approx remaining dist: 2.19021547573
DEBUG:R0: Usual approx plan dist: 5.2
DEBUG:R0: Approx gain in dist: 3.00978452427
DEBUG:R0: Last step min dist: 0.5
INFO:R0: scale 0.421195283793 Ns 7 Nk 3
INFO:R0@tkref=6.9333: Time to solve stand alone optimisation problem: 0.457139015198
INFO:R0@tkref=6.9333: N of unsatisfied eq: 10
INFO:R0@tkref=6.9333: N of unsatisfied ieq: 2
INFO:R0@tkref=6.9333: Summary: Iteration limit exceeded after 21 it.
DEBUG:R0@tkref=6.9333: $$$$$$$$ CONFLICT LIST $$$$$$$$: []
INFO:R0: Finished motion planning
INFO:R0: --------------------------
INFO:R0: TOT: 11.8031442294
INFO:R0: NSE: 4
INFO:R0: FIR: 1.36260104179
INFO:R0: LAS: 0.458005905151
INFO:R0: LMA: 1
INFO:R0: MAX: 0.417217969894
INFO:R0: MIN: 0.288643836975
INFO:R0: AVG: 0.352930903435
INFO:R0: RMP: 0.182350511317
INFO:R0: RMG: 0.200177406098
