INFO:R0: Init motion planning
INFO:R0@tkref=0.0000: Time to solve stand alone optimisation problem: 2.46468496323
INFO:R0@tkref=0.0000: N of unsatisfied eq: 4
INFO:R0@tkref=0.0000: N of unsatisfied ieq: 12
INFO:R0@tkref=0.0000: Summary: Iteration limit exceeded after 41 it.
DEBUG:R0@tkref=0.0000: $$$$$$$$ CONFLICT LIST $$$$$$$$: []
INFO:R0: --------------------------
INFO:R0@tkref=0.9333: Time to solve stand alone optimisation problem: 0.605850219727
INFO:R0@tkref=0.9333: N of unsatisfied eq: 2
INFO:R0@tkref=0.9333: N of unsatisfied ieq: 9
INFO:R0@tkref=0.9333: Summary: Optimization terminated successfully. after 10 it.
DEBUG:R0@tkref=0.9333: $$$$$$$$ CONFLICT LIST $$$$$$$$: []
INFO:R0: --------------------------
INFO:R0@tkref=1.8667: Time to solve stand alone optimisation problem: 0.8624958992
INFO:R0@tkref=1.8667: N of unsatisfied eq: 1
INFO:R0@tkref=1.8667: N of unsatisfied ieq: 4
INFO:R0@tkref=1.8667: Summary: Optimization terminated successfully. after 11 it.
DEBUG:R0@tkref=1.8667: $$$$$$$$ CONFLICT LIST $$$$$$$$: []
INFO:R0: --------------------------
INFO:R0@tkref=2.8000: Time to solve stand alone optimisation problem: 0.830451011658
INFO:R0@tkref=2.8000: N of unsatisfied eq: 1
INFO:R0@tkref=2.8000: N of unsatisfied ieq: 7
INFO:R0@tkref=2.8000: Summary: Optimization terminated successfully. after 10 it.
DEBUG:R0@tkref=2.8000: $$$$$$$$ CONFLICT LIST $$$$$$$$: []
INFO:R0: --------------------------
INFO:R0@tkref=3.7333: Time to solve stand alone optimisation problem: 0.848298788071
INFO:R0@tkref=3.7333: N of unsatisfied eq: 3
INFO:R0@tkref=3.7333: N of unsatisfied ieq: 8
INFO:R0@tkref=3.7333: Summary: Optimization terminated successfully. after 10 it.
DEBUG:R0@tkref=3.7333: $$$$$$$$ CONFLICT LIST $$$$$$$$: []
INFO:R0: --------------------------
INFO:R0@tkref=4.6667: Time to solve stand alone optimisation problem: 0.855504989624
INFO:R0@tkref=4.6667: N of unsatisfied eq: 3
INFO:R0@tkref=4.6667: N of unsatisfied ieq: 6
INFO:R0@tkref=4.6667: Summary: Optimization terminated successfully. after 11 it.
DEBUG:R0@tkref=4.6667: $$$$$$$$ CONFLICT LIST $$$$$$$$: []
INFO:R0: --------------------------
INFO:R0@tkref=5.6000: Time to solve stand alone optimisation problem: 0.147902965546
INFO:R0@tkref=5.6000: N of unsatisfied eq: 3
INFO:R0@tkref=5.6000: N of unsatisfied ieq: 5
INFO:R0@tkref=5.6000: Summary: Optimization terminated successfully. after 2 it.
DEBUG:R0@tkref=5.6000: $$$$$$$$ CONFLICT LIST $$$$$$$$: []
INFO:R0: --------------------------
DEBUG:R0: LAST STEP
DEBUG:R0: Approx remaining dist: 1.06490743082
DEBUG:R0: Usual approx plan dist: 2.8
DEBUG:R0: Approx gain in dist: 1.73509256918
DEBUG:R0: Last step min dist: 0.5
INFO:R0: scale 0.380324082434 Ns 7 Nk 3
INFO:R0@tkref=6.5333: Time to solve stand alone optimisation problem: 0.547075986862
INFO:R0@tkref=6.5333: N of unsatisfied eq: 10
INFO:R0@tkref=6.5333: N of unsatisfied ieq: 4
INFO:R0@tkref=6.5333: Summary: Iteration limit exceeded after 21 it.
DEBUG:R0@tkref=6.5333: $$$$$$$$ CONFLICT LIST $$$$$$$$: []
INFO:R0: Finished motion planning
INFO:R0: --------------------------
INFO:R0: TOT: 7.72937702267
INFO:R0: NSE: 8
INFO:R0: FIR: 2.46644091606
INFO:R0: LAS: 0.548102855682
INFO:R0: LMA: 0
INFO:R0: MAX: 0.863708019257
INFO:R0: MIN: 0.148813962936
INFO:R0: AVG: 0.692832271258
INFO:R0: RMP: 1.02822383245
INFO:R0: RMG: 1.02822383245
