INFO:R0: Init motion planning
INFO:R0@tkref=0.0000: Time to solve stand alone optimisation problem: 1.78755402565
INFO:R0@tkref=0.0000: N of unsatisfied eq: 5
INFO:R0@tkref=0.0000: N of unsatisfied ieq: 9
INFO:R0@tkref=0.0000: Summary: Iteration limit exceeded after 41 it.
DEBUG:R0@tkref=0.0000: $$$$$$$$ CONFLICT LIST $$$$$$$$: []
INFO:R0: --------------------------
INFO:R0@tkref=1.7143: Time to solve stand alone optimisation problem: 0.305611848831
INFO:R0@tkref=1.7143: N of unsatisfied eq: 2
INFO:R0@tkref=1.7143: N of unsatisfied ieq: 9
INFO:R0@tkref=1.7143: Summary: Optimization terminated successfully. after 6 it.
DEBUG:R0@tkref=1.7143: $$$$$$$$ CONFLICT LIST $$$$$$$$: []
INFO:R0: --------------------------
INFO:R0@tkref=3.4286: Time to solve stand alone optimisation problem: 0.673791885376
INFO:R0@tkref=3.4286: N of unsatisfied eq: 2
INFO:R0@tkref=3.4286: N of unsatisfied ieq: 7
INFO:R0@tkref=3.4286: Summary: Optimization terminated successfully. after 11 it.
DEBUG:R0@tkref=3.4286: $$$$$$$$ CONFLICT LIST $$$$$$$$: []
INFO:R0: --------------------------
INFO:R0@tkref=5.1429: Time to solve stand alone optimisation problem: 0.214828968048
INFO:R0@tkref=5.1429: N of unsatisfied eq: 3
INFO:R0@tkref=5.1429: N of unsatisfied ieq: 7
INFO:R0@tkref=5.1429: Summary: Optimization terminated successfully. after 3 it.
DEBUG:R0@tkref=5.1429: $$$$$$$$ CONFLICT LIST $$$$$$$$: []
INFO:R0: --------------------------
DEBUG:R0: LAST STEP
DEBUG:R0: Approx remaining dist: 1.10167774939
DEBUG:R0: Usual approx plan dist: 4.8
DEBUG:R0: Approx gain in dist: 3.69832225061
DEBUG:R0: Last step min dist: 0.5
INFO:R0: scale 0.229516197789 Ns 7 Nk 3
INFO:R0@tkref=6.8571: Time to solve stand alone optimisation problem: 0.477437019348
INFO:R0@tkref=6.8571: N of unsatisfied eq: 10
INFO:R0@tkref=6.8571: N of unsatisfied ieq: 4
INFO:R0@tkref=6.8571: Summary: Iteration limit exceeded after 21 it.
DEBUG:R0@tkref=6.8571: $$$$$$$$ CONFLICT LIST $$$$$$$$: []
INFO:R0: Finished motion planning
INFO:R0: --------------------------
INFO:R0: TOT: 8.08612931984
INFO:R0: NSE: 5
INFO:R0: FIR: 1.78888916969
INFO:R0: LAS: 0.478689908981
INFO:R0: LMA: 0
INFO:R0: MAX: 0.674868822098
INFO:R0: MIN: 0.215702056885
INFO:R0: AVG: 0.399503310521
INFO:R0: RMP: 0.369993871764
INFO:R0: RMG: 0.369993871764
