INFO:R0: Init motion planning
INFO:R0@tkref=0.0000: Time to solve stand alone optimisation problem: 1.2074649334
INFO:R0@tkref=0.0000: N of unsatisfied eq: 4
INFO:R0@tkref=0.0000: N of unsatisfied ieq: 6
INFO:R0@tkref=0.0000: Summary: Iteration limit exceeded after 41 it.
DEBUG:R0@tkref=0.0000: $$$$$$$$ CONFLICT LIST $$$$$$$$: []
INFO:R0: --------------------------
INFO:R0@tkref=1.5600: Time to solve stand alone optimisation problem: 0.0594439506531
INFO:R0@tkref=1.5600: N of unsatisfied eq: 3
INFO:R0@tkref=1.5600: N of unsatisfied ieq: 7
INFO:R0@tkref=1.5600: Summary: Optimization terminated successfully. after 2 it.
DEBUG:R0@tkref=1.5600: $$$$$$$$ CONFLICT LIST $$$$$$$$: []
INFO:R0: --------------------------
INFO:R0@tkref=3.1200: Time to solve stand alone optimisation problem: 0.033725976944
INFO:R0@tkref=3.1200: N of unsatisfied eq: 3
INFO:R0@tkref=3.1200: N of unsatisfied ieq: 5
INFO:R0@tkref=3.1200: Summary: Optimization terminated successfully. after 1 it.
DEBUG:R0@tkref=3.1200: $$$$$$$$ CONFLICT LIST $$$$$$$$: []
INFO:R0: --------------------------
INFO:R0@tkref=4.6800: Time to solve stand alone optimisation problem: 0.0313091278076
INFO:R0@tkref=4.6800: N of unsatisfied eq: 3
INFO:R0@tkref=4.6800: N of unsatisfied ieq: 5
INFO:R0@tkref=4.6800: Summary: Optimization terminated successfully. after 1 it.
DEBUG:R0@tkref=4.6800: $$$$$$$$ CONFLICT LIST $$$$$$$$: []
INFO:R0: --------------------------
DEBUG:R0: LAST STEP
DEBUG:R0: Approx remaining dist: 0.986274169244
DEBUG:R0: Usual approx plan dist: 5.2
DEBUG:R0: Approx gain in dist: 4.21372583076
DEBUG:R0: Last step min dist: 0.5
INFO:R0: scale 0.18966810947 Ns 7 Nk 3
INFO:R0@tkref=6.2400: Time to solve stand alone optimisation problem: 0.376738786697
INFO:R0@tkref=6.2400: N of unsatisfied eq: 10
INFO:R0@tkref=6.2400: N of unsatisfied ieq: 4
INFO:R0@tkref=6.2400: Summary: Iteration limit exceeded after 21 it.
DEBUG:R0@tkref=6.2400: $$$$$$$$ CONFLICT LIST $$$$$$$$: []
INFO:R0: Finished motion planning
INFO:R0: --------------------------
INFO:R0: TOT: 7.34763158767
INFO:R0: NSE: 5
INFO:R0: FIR: 1.209015131
INFO:R0: LAS: 0.377604007721
INFO:R0: LMA: 1
INFO:R0: MAX: 0.0605180263519
INFO:R0: MIN: 0.0320949554443
INFO:R0: AVG: 0.0424093405406
INFO:R0: RMP: 0.0363690062211
INFO:R0: RMG: 0.226925485409
