INFO:R0: Init motion planning
INFO:R0@tkref=0.0000: Time to solve stand alone optimisation problem: 1.74412107468
INFO:R0@tkref=0.0000: N of unsatisfied eq: 5
INFO:R0@tkref=0.0000: N of unsatisfied ieq: 12
INFO:R0@tkref=0.0000: Summary: Iteration limit exceeded after 41 it.
DEBUG:R0@tkref=0.0000: $$$$$$$$ CONFLICT LIST $$$$$$$$: []
INFO:R0: --------------------------
INFO:R0@tkref=1.1429: Time to solve stand alone optimisation problem: 0.189153194427
INFO:R0@tkref=1.1429: N of unsatisfied eq: 3
INFO:R0@tkref=1.1429: N of unsatisfied ieq: 6
INFO:R0@tkref=1.1429: Summary: Optimization terminated successfully. after 4 it.
DEBUG:R0@tkref=1.1429: $$$$$$$$ CONFLICT LIST $$$$$$$$: []
INFO:R0: --------------------------
INFO:R0@tkref=2.2857: Time to solve stand alone optimisation problem: 0.945244073868
INFO:R0@tkref=2.2857: N of unsatisfied eq: 2
INFO:R0@tkref=2.2857: N of unsatisfied ieq: 5
INFO:R0@tkref=2.2857: Summary: Iteration limit exceeded after 16 it.
DEBUG:R0@tkref=2.2857: $$$$$$$$ CONFLICT LIST $$$$$$$$: []
INFO:R0: --------------------------
INFO:R0@tkref=3.4286: Time to solve stand alone optimisation problem: 0.297326087952
INFO:R0@tkref=3.4286: N of unsatisfied eq: 3
INFO:R0@tkref=3.4286: N of unsatisfied ieq: 5
INFO:R0@tkref=3.4286: Summary: Optimization terminated successfully. after 5 it.
DEBUG:R0@tkref=3.4286: $$$$$$$$ CONFLICT LIST $$$$$$$$: []
INFO:R0: --------------------------
INFO:R0@tkref=4.5714: Time to solve stand alone optimisation problem: 0.329226016998
INFO:R0@tkref=4.5714: N of unsatisfied eq: 3
INFO:R0@tkref=4.5714: N of unsatisfied ieq: 7
INFO:R0@tkref=4.5714: Summary: Optimization terminated successfully. after 6 it.
DEBUG:R0@tkref=4.5714: $$$$$$$$ CONFLICT LIST $$$$$$$$: []
INFO:R0: --------------------------
INFO:R0@tkref=5.7143: Time to solve stand alone optimisation problem: 0.0949058532715
INFO:R0@tkref=5.7143: N of unsatisfied eq: 3
INFO:R0@tkref=5.7143: N of unsatisfied ieq: 8
INFO:R0@tkref=5.7143: Summary: Optimization terminated successfully. after 2 it.
DEBUG:R0@tkref=5.7143: $$$$$$$$ CONFLICT LIST $$$$$$$$: []
INFO:R0: --------------------------
DEBUG:R0: LAST STEP
DEBUG:R0: Approx remaining dist: 0.683081909183
DEBUG:R0: Usual approx plan dist: 1.6
DEBUG:R0: Approx gain in dist: 0.916918090817
DEBUG:R0: Last step min dist: 0.0
INFO:R0: scale 0.426926193239 Ns 7 Nk 3
INFO:R0@tkref=6.8571: Time to solve stand alone optimisation problem: 0.432247877121
INFO:R0@tkref=6.8571: N of unsatisfied eq: 10
INFO:R0@tkref=6.8571: N of unsatisfied ieq: 4
INFO:R0@tkref=6.8571: Summary: Iteration limit exceeded after 21 it.
DEBUG:R0@tkref=6.8571: $$$$$$$$ CONFLICT LIST $$$$$$$$: []
INFO:R0: Finished motion planning
INFO:R0: --------------------------
INFO:R0: TOT: 7.62425602105
INFO:R0: NSE: 7
INFO:R0: FIR: 1.74543213844
INFO:R0: LAS: 0.433089971542
INFO:R0: LMA: 0
INFO:R0: MAX: 0.946225881577
INFO:R0: MIN: 0.0957398414612
INFO:R0: AVG: 0.37223815918
INFO:R0: RMP: 0.799177264845
INFO:R0: RMG: 0.799177264845
