INFO:R0: Init motion planning
INFO:R0@tkref=0.0000: Time to solve stand alone optimisation problem: 1.83583307266
INFO:R0@tkref=0.0000: N of unsatisfied eq: 4
INFO:R0@tkref=0.0000: N of unsatisfied ieq: 11
INFO:R0@tkref=0.0000: Summary: Iteration limit exceeded after 41 it.
DEBUG:R0@tkref=0.0000: $$$$$$$$ CONFLICT LIST $$$$$$$$: []
INFO:R0: --------------------------
INFO:R0@tkref=2.1000: Time to solve stand alone optimisation problem: 0.563323020935
INFO:R0@tkref=2.1000: N of unsatisfied eq: 2
INFO:R0@tkref=2.1000: N of unsatisfied ieq: 6
INFO:R0@tkref=2.1000: Summary: Optimization terminated successfully. after 9 it.
DEBUG:R0@tkref=2.1000: $$$$$$$$ CONFLICT LIST $$$$$$$$: []
INFO:R0: --------------------------
INFO:R0@tkref=4.2000: Time to solve stand alone optimisation problem: 0.444185972214
INFO:R0@tkref=4.2000: N of unsatisfied eq: 2
INFO:R0@tkref=4.2000: N of unsatisfied ieq: 9
INFO:R0@tkref=4.2000: Summary: Optimization terminated successfully. after 7 it.
DEBUG:R0@tkref=4.2000: $$$$$$$$ CONFLICT LIST $$$$$$$$: []
INFO:R0: --------------------------
DEBUG:R0: LAST STEP
DEBUG:R0: Approx remaining dist: 1.36972358927
DEBUG:R0: Usual approx plan dist: 4.8
DEBUG:R0: Approx gain in dist: 3.43027641073
DEBUG:R0: Last step min dist: 0.5
INFO:R0: scale 0.285359081099 Ns 7 Nk 3
INFO:R0@tkref=6.3000: Time to solve stand alone optimisation problem: 0.348823070526
INFO:R0@tkref=6.3000: N of unsatisfied eq: 10
INFO:R0@tkref=6.3000: N of unsatisfied ieq: 3
INFO:R0@tkref=6.3000: Summary: Optimization terminated successfully. after 16 it.
DEBUG:R0@tkref=6.3000: $$$$$$$$ CONFLICT LIST $$$$$$$$: []
INFO:R0: Finished motion planning
INFO:R0: --------------------------
INFO:R0: TOT: 7.8340853991
INFO:R0: NSE: 4
INFO:R0: FIR: 1.83721709251
INFO:R0: LAS: 0.349844932556
INFO:R0: LMA: 0
INFO:R0: MAX: 0.564202070236
INFO:R0: MIN: 0.44504904747
INFO:R0: AVG: 0.504625558853
INFO:R0: RMP: 0.267141131741
INFO:R0: RMG: 0.267141131741
