INFO:R0: Init motion planning
INFO:R0@tkref=0.0000: Time to solve stand alone optimisation problem: 0.915629863739
INFO:R0@tkref=0.0000: N of unsatisfied eq: 5
INFO:R0@tkref=0.0000: N of unsatisfied ieq: 9
INFO:R0@tkref=0.0000: Summary: Iteration limit exceeded after 41 it.
DEBUG:R0@tkref=0.0000: $$$$$$$$ CONFLICT LIST $$$$$$$$: []
INFO:R0: --------------------------
INFO:R0@tkref=3.0545: Time to solve stand alone optimisation problem: 0.0331280231476
INFO:R0@tkref=3.0545: N of unsatisfied eq: 3
INFO:R0@tkref=3.0545: N of unsatisfied ieq: 4
INFO:R0@tkref=3.0545: Summary: Optimization terminated successfully. after 1 it.
DEBUG:R0@tkref=3.0545: $$$$$$$$ CONFLICT LIST $$$$$$$$: []
INFO:R0: --------------------------
DEBUG:R0: LAST STEP
DEBUG:R0: Approx remaining dist: 1.35427403517
DEBUG:R0: Usual approx plan dist: 5.6
DEBUG:R0: Approx gain in dist: 4.24572596483
DEBUG:R0: Last step min dist: 0.5
INFO:R0: scale 0.241834649137 Ns 7 Nk 3
INFO:R0@tkref=6.1091: Time to solve stand alone optimisation problem: 0.327700853348
INFO:R0@tkref=6.1091: N of unsatisfied eq: 9
INFO:R0@tkref=6.1091: N of unsatisfied ieq: 4
INFO:R0@tkref=6.1091: Summary: Iteration limit exceeded after 21 it.
DEBUG:R0@tkref=6.1091: $$$$$$$$ CONFLICT LIST $$$$$$$$: []
INFO:R0: Finished motion planning
INFO:R0: --------------------------
INFO:R0: TOT: 7.6300630816
INFO:R0: NSE: 3
INFO:R0: FIR: 0.917002916336
INFO:R0: LAS: 0.328541040421
INFO:R0: LMA: 1
INFO:R0: MAX: 0.0341210365295
INFO:R0: MIN: 0.0341210365295
INFO:R0: AVG: 0.0341210365295
INFO:R0: RMP: 0.0104724163456
INFO:R0: RMG: 0.10083569879
