INFO:R0: Init motion planning
INFO:R0@tkref=0.0000: Time to solve stand alone optimisation problem: 1.58593988419
INFO:R0@tkref=0.0000: N of unsatisfied eq: 3
INFO:R0@tkref=0.0000: N of unsatisfied ieq: 0
INFO:R0@tkref=0.0000: Summary: Iteration limit exceeded after 41 it.
DEBUG:R0@tkref=0.0000: $$$$$$$$ CONFLICT LIST $$$$$$$$: []
INFO:R0: --------------------------
INFO:R0@tkref=0.7200: Time to solve stand alone optimisation problem: 0.570892095566
INFO:R0@tkref=0.7200: N of unsatisfied eq: 3
INFO:R0@tkref=0.7200: N of unsatisfied ieq: 1
INFO:R0@tkref=0.7200: Summary: Iteration limit exceeded after 16 it.
DEBUG:R0@tkref=0.7200: $$$$$$$$ CONFLICT LIST $$$$$$$$: []
INFO:R0: --------------------------
INFO:R0@tkref=1.4400: Time to solve stand alone optimisation problem: 0.615045070648
INFO:R0@tkref=1.4400: N of unsatisfied eq: 2
INFO:R0@tkref=1.4400: N of unsatisfied ieq: 5
INFO:R0@tkref=1.4400: Summary: Optimization terminated successfully. after 15 it.
DEBUG:R0@tkref=1.4400: $$$$$$$$ CONFLICT LIST $$$$$$$$: []
INFO:R0: --------------------------
INFO:R0@tkref=2.1600: Time to solve stand alone optimisation problem: 0.515784025192
INFO:R0@tkref=2.1600: N of unsatisfied eq: 2
INFO:R0@tkref=2.1600: N of unsatisfied ieq: 7
INFO:R0@tkref=2.1600: Summary: Optimization terminated successfully. after 11 it.
DEBUG:R0@tkref=2.1600: $$$$$$$$ CONFLICT LIST $$$$$$$$: []
INFO:R0: --------------------------
INFO:R0@tkref=2.8800: Time to solve stand alone optimisation problem: 0.256160020828
INFO:R0@tkref=2.8800: N of unsatisfied eq: 3
INFO:R0@tkref=2.8800: N of unsatisfied ieq: 5
INFO:R0@tkref=2.8800: Summary: Optimization terminated successfully. after 5 it.
DEBUG:R0@tkref=2.8800: $$$$$$$$ CONFLICT LIST $$$$$$$$: []
INFO:R0: --------------------------
INFO:R0@tkref=3.6000: Time to solve stand alone optimisation problem: 0.348054170609
INFO:R0@tkref=3.6000: N of unsatisfied eq: 3
INFO:R0@tkref=3.6000: N of unsatisfied ieq: 6
INFO:R0@tkref=3.6000: Summary: Optimization terminated successfully. after 7 it.
DEBUG:R0@tkref=3.6000: $$$$$$$$ CONFLICT LIST $$$$$$$$: []
INFO:R0: --------------------------
INFO:R0@tkref=4.3200: Time to solve stand alone optimisation problem: 0.315462827682
INFO:R0@tkref=4.3200: N of unsatisfied eq: 3
INFO:R0@tkref=4.3200: N of unsatisfied ieq: 6
INFO:R0@tkref=4.3200: Summary: Optimization terminated successfully. after 6 it.
DEBUG:R0@tkref=4.3200: $$$$$$$$ CONFLICT LIST $$$$$$$$: []
INFO:R0: --------------------------
INFO:R0@tkref=5.0400: Time to solve stand alone optimisation problem: 0.251394033432
INFO:R0@tkref=5.0400: N of unsatisfied eq: 3
INFO:R0@tkref=5.0400: N of unsatisfied ieq: 7
INFO:R0@tkref=5.0400: Summary: Optimization terminated successfully. after 5 it.
DEBUG:R0@tkref=5.0400: $$$$$$$$ CONFLICT LIST $$$$$$$$: []
INFO:R0: --------------------------
INFO:R0@tkref=5.7600: Time to solve stand alone optimisation problem: 0.0838499069214
INFO:R0@tkref=5.7600: N of unsatisfied eq: 3
INFO:R0@tkref=5.7600: N of unsatisfied ieq: 5
INFO:R0@tkref=5.7600: Summary: Optimization terminated successfully. after 2 it.
DEBUG:R0@tkref=5.7600: $$$$$$$$ CONFLICT LIST $$$$$$$$: []
INFO:R0: --------------------------
INFO:R0@tkref=6.4800: Time to solve stand alone optimisation problem: 0.0844099521637
INFO:R0@tkref=6.4800: N of unsatisfied eq: 3
INFO:R0@tkref=6.4800: N of unsatisfied ieq: 4
INFO:R0@tkref=6.4800: Summary: Optimization terminated successfully. after 2 it.
DEBUG:R0@tkref=6.4800: $$$$$$$$ CONFLICT LIST $$$$$$$$: []
INFO:R0: --------------------------
DEBUG:R0: LAST STEP
DEBUG:R0: Approx remaining dist: 0.903239455666
DEBUG:R0: Usual approx plan dist: 2.4
DEBUG:R0: Approx gain in dist: 1.49676054433
DEBUG:R0: Last step min dist: 0.5
INFO:R0: scale 0.376349773194 Ns 7 Nk 3
INFO:R0@tkref=7.2000: Time to solve stand alone optimisation problem: 0.471817016602
INFO:R0@tkref=7.2000: N of unsatisfied eq: 10
INFO:R0@tkref=7.2000: N of unsatisfied ieq: 4
INFO:R0@tkref=7.2000: Summary: Iteration limit exceeded after 21 it.
DEBUG:R0@tkref=7.2000: $$$$$$$$ CONFLICT LIST $$$$$$$$: []
INFO:R0: Finished motion planning
INFO:R0: --------------------------
INFO:R0: TOT: 8.20297614164
INFO:R0: NSE: 11
INFO:R0: FIR: 1.58785200119
INFO:R0: LAS: 0.472734928131
INFO:R0: LMA: 0
INFO:R0: MAX: 0.616320133209
INFO:R0: MIN: 0.0847508907318
INFO:R0: AVG: 0.338851451874
INFO:R0: RMP: 0.80250017345
INFO:R0: RMG: 0.80250017345
