INFO:R0: Init motion planning
INFO:R0@tkref=0.0000: Time to solve stand alone optimisation problem: 1.57226490974
INFO:R0@tkref=0.0000: N of unsatisfied eq: 5
INFO:R0@tkref=0.0000: N of unsatisfied ieq: 7
INFO:R0@tkref=0.0000: Summary: Iteration limit exceeded after 41 it.
DEBUG:R0@tkref=0.0000: $$$$$$$$ CONFLICT LIST $$$$$$$$: []
INFO:R0: --------------------------
INFO:R0@tkref=0.6000: Time to solve stand alone optimisation problem: 0.222198009491
INFO:R0@tkref=0.6000: N of unsatisfied eq: 3
INFO:R0@tkref=0.6000: N of unsatisfied ieq: 6
INFO:R0@tkref=0.6000: Summary: Optimization terminated successfully. after 6 it.
DEBUG:R0@tkref=0.6000: $$$$$$$$ CONFLICT LIST $$$$$$$$: []
INFO:R0: --------------------------
INFO:R0@tkref=1.2000: Time to solve stand alone optimisation problem: 0.280795097351
INFO:R0@tkref=1.2000: N of unsatisfied eq: 3
INFO:R0@tkref=1.2000: N of unsatisfied ieq: 7
INFO:R0@tkref=1.2000: Summary: Optimization terminated successfully. after 6 it.
DEBUG:R0@tkref=1.2000: $$$$$$$$ CONFLICT LIST $$$$$$$$: []
INFO:R0: --------------------------
INFO:R0@tkref=1.8000: Time to solve stand alone optimisation problem: 0.282154083252
INFO:R0@tkref=1.8000: N of unsatisfied eq: 2
INFO:R0@tkref=1.8000: N of unsatisfied ieq: 6
INFO:R0@tkref=1.8000: Summary: Optimization terminated successfully. after 6 it.
DEBUG:R0@tkref=1.8000: $$$$$$$$ CONFLICT LIST $$$$$$$$: []
INFO:R0: --------------------------
INFO:R0@tkref=2.4000: Time to solve stand alone optimisation problem: 0.315157175064
INFO:R0@tkref=2.4000: N of unsatisfied eq: 3
INFO:R0@tkref=2.4000: N of unsatisfied ieq: 5
INFO:R0@tkref=2.4000: Summary: Optimization terminated successfully. after 6 it.
DEBUG:R0@tkref=2.4000: $$$$$$$$ CONFLICT LIST $$$$$$$$: []
INFO:R0: --------------------------
INFO:R0@tkref=3.0000: Time to solve stand alone optimisation problem: 0.262070894241
INFO:R0@tkref=3.0000: N of unsatisfied eq: 3
INFO:R0@tkref=3.0000: N of unsatisfied ieq: 8
INFO:R0@tkref=3.0000: Summary: Optimization terminated successfully. after 5 it.
DEBUG:R0@tkref=3.0000: $$$$$$$$ CONFLICT LIST $$$$$$$$: []
INFO:R0: --------------------------
INFO:R0@tkref=3.6000: Time to solve stand alone optimisation problem: 0.213712930679
INFO:R0@tkref=3.6000: N of unsatisfied eq: 3
INFO:R0@tkref=3.6000: N of unsatisfied ieq: 6
INFO:R0@tkref=3.6000: Summary: Optimization terminated successfully. after 4 it.
DEBUG:R0@tkref=3.6000: $$$$$$$$ CONFLICT LIST $$$$$$$$: []
INFO:R0: --------------------------
INFO:R0@tkref=4.2000: Time to solve stand alone optimisation problem: 0.828519821167
INFO:R0@tkref=4.2000: N of unsatisfied eq: 2
INFO:R0@tkref=4.2000: N of unsatisfied ieq: 6
INFO:R0@tkref=4.2000: Summary: Optimization terminated successfully. after 15 it.
DEBUG:R0@tkref=4.2000: $$$$$$$$ CONFLICT LIST $$$$$$$$: []
INFO:R0: --------------------------
INFO:R0@tkref=4.8000: Time to solve stand alone optimisation problem: 0.288572072983
INFO:R0@tkref=4.8000: N of unsatisfied eq: 3
INFO:R0@tkref=4.8000: N of unsatisfied ieq: 7
INFO:R0@tkref=4.8000: Summary: Optimization terminated successfully. after 7 it.
DEBUG:R0@tkref=4.8000: $$$$$$$$ CONFLICT LIST $$$$$$$$: []
INFO:R0: --------------------------
INFO:R0@tkref=5.4000: Time to solve stand alone optimisation problem: 0.213681936264
INFO:R0@tkref=5.4000: N of unsatisfied eq: 2
INFO:R0@tkref=5.4000: N of unsatisfied ieq: 8
INFO:R0@tkref=5.4000: Summary: Optimization terminated successfully. after 5 it.
DEBUG:R0@tkref=5.4000: $$$$$$$$ CONFLICT LIST $$$$$$$$: []
INFO:R0: --------------------------
INFO:R0@tkref=6.0000: Time to solve stand alone optimisation problem: 0.0866260528564
INFO:R0@tkref=6.0000: N of unsatisfied eq: 3
INFO:R0@tkref=6.0000: N of unsatisfied ieq: 7
INFO:R0@tkref=6.0000: Summary: Optimization terminated successfully. after 2 it.
DEBUG:R0@tkref=6.0000: $$$$$$$$ CONFLICT LIST $$$$$$$$: []
INFO:R0: --------------------------
INFO:R0@tkref=6.6000: Time to solve stand alone optimisation problem: 0.0396978855133
INFO:R0@tkref=6.6000: N of unsatisfied eq: 3
INFO:R0@tkref=6.6000: N of unsatisfied ieq: 4
INFO:R0@tkref=6.6000: Summary: Optimization terminated successfully. after 1 it.
DEBUG:R0@tkref=6.6000: $$$$$$$$ CONFLICT LIST $$$$$$$$: []
INFO:R0: --------------------------
DEBUG:R0: LAST STEP
DEBUG:R0: Approx remaining dist: 0.310603309501
DEBUG:R0: Usual approx plan dist: 1.2
DEBUG:R0: Approx gain in dist: 0.889396690499
DEBUG:R0: Last step min dist: 0.0
INFO:R0: scale 0.258836091251 Ns 7 Nk 3
INFO:R0@tkref=7.2000: Time to solve stand alone optimisation problem: 0.418738126755
INFO:R0@tkref=7.2000: N of unsatisfied eq: 10
INFO:R0@tkref=7.2000: N of unsatisfied ieq: 4
INFO:R0@tkref=7.2000: Summary: Iteration limit exceeded after 21 it.
DEBUG:R0@tkref=7.2000: $$$$$$$$ CONFLICT LIST $$$$$$$$: []
INFO:R0: Finished motion planning
INFO:R0: --------------------------
INFO:R0: TOT: 7.54878901249
INFO:R0: NSE: 13
INFO:R0: FIR: 1.57397794724
INFO:R0: LAS: 0.419604063034
INFO:R0: LMA: 0
INFO:R0: MAX: 0.829637050629
INFO:R0: MIN: 0.0405550003052
INFO:R0: AVG: 0.276735132391
INFO:R0: RMP: 1.51235920688
INFO:R0: RMG: 1.51235920688
