INFO:R0: Init motion planning
INFO:R0@tkref=0.0000: Time to solve stand alone optimisation problem: 1.62615704536
INFO:R0@tkref=0.0000: N of unsatisfied eq: 5
INFO:R0@tkref=0.0000: N of unsatisfied ieq: 6
INFO:R0@tkref=0.0000: Summary: Iteration limit exceeded after 41 it.
DEBUG:R0@tkref=0.0000: $$$$$$$$ CONFLICT LIST $$$$$$$$: []
INFO:R0: --------------------------
INFO:R0@tkref=3.3600: Time to solve stand alone optimisation problem: 0.650897979736
INFO:R0@tkref=3.3600: N of unsatisfied eq: 4
INFO:R0@tkref=3.3600: N of unsatisfied ieq: 9
INFO:R0@tkref=3.3600: Summary: Optimization terminated successfully. after 13 it.
DEBUG:R0@tkref=3.3600: $$$$$$$$ CONFLICT LIST $$$$$$$$: []
INFO:R0: --------------------------
DEBUG:R0: LAST STEP
DEBUG:R0: Approx remaining dist: 1.53403878645
DEBUG:R0: Usual approx plan dist: 5.6
DEBUG:R0: Approx gain in dist: 4.06596121355
DEBUG:R0: Last step min dist: 0.5
INFO:R0: scale 0.27393549758 Ns 7 Nk 3
INFO:R0@tkref=6.7200: Time to solve stand alone optimisation problem: 0.657403945923
INFO:R0@tkref=6.7200: N of unsatisfied eq: 10
INFO:R0@tkref=6.7200: N of unsatisfied ieq: 1
INFO:R0@tkref=6.7200: Summary: Iteration limit exceeded after 21 it.
DEBUG:R0@tkref=6.7200: $$$$$$$$ CONFLICT LIST $$$$$$$$: []
INFO:R0: Finished motion planning
INFO:R0: --------------------------
INFO:R0: TOT: 10.2593344182
INFO:R0: NSE: 3
INFO:R0: FIR: 1.6279861927
INFO:R0: LAS: 0.658755064011
INFO:R0: LMA: 1
INFO:R0: MAX: 0.652173995972
INFO:R0: MIN: 0.652173995972
INFO:R0: AVG: 0.652173995972
INFO:R0: RMP: 0.200165009924
INFO:R0: RMG: 0.202184868977
