INFO:R0: Init motion planning
INFO:R0@tkref=0.0000: Time to solve stand alone optimisation problem: 1.57804298401
INFO:R0@tkref=0.0000: N of unsatisfied eq: 4
INFO:R0@tkref=0.0000: N of unsatisfied ieq: 6
INFO:R0@tkref=0.0000: Summary: Iteration limit exceeded after 41 it.
DEBUG:R0@tkref=0.0000: $$$$$$$$ CONFLICT LIST $$$$$$$$: []
INFO:R0: --------------------------
INFO:R0@tkref=2.8000: Time to solve stand alone optimisation problem: 0.496062994003
INFO:R0@tkref=2.8000: N of unsatisfied eq: 2
INFO:R0@tkref=2.8000: N of unsatisfied ieq: 6
INFO:R0@tkref=2.8000: Summary: Optimization terminated successfully. after 9 it.
DEBUG:R0@tkref=2.8000: $$$$$$$$ CONFLICT LIST $$$$$$$$: []
INFO:R0: --------------------------
DEBUG:R0: LAST STEP
DEBUG:R0: Approx remaining dist: 2.05425220359
DEBUG:R0: Usual approx plan dist: 4.0
DEBUG:R0: Approx gain in dist: 1.94574779641
DEBUG:R0: Last step min dist: 0.5
INFO:R0: scale 0.513563050898 Ns 7 Nk 3
INFO:R0@tkref=5.6000: Time to solve stand alone optimisation problem: 0.492394924164
INFO:R0@tkref=5.6000: N of unsatisfied eq: 10
INFO:R0@tkref=5.6000: N of unsatisfied ieq: 3
INFO:R0@tkref=5.6000: Summary: Iteration limit exceeded after 21 it.
DEBUG:R0@tkref=5.6000: $$$$$$$$ CONFLICT LIST $$$$$$$$: []
INFO:R0: Finished motion planning
INFO:R0: --------------------------
INFO:R0: TOT: 7.9162016728
INFO:R0: NSE: 3
INFO:R0: FIR: 1.58027815819
INFO:R0: LAS: 0.493474006653
INFO:R0: LMA: 0
INFO:R0: MAX: 0.497359991074
INFO:R0: MIN: 0.497359991074
INFO:R0: AVG: 0.497359991074
INFO:R0: RMP: 0.171503445198
INFO:R0: RMG: 0.171503445198
