INFO:R0: Init motion planning
INFO:R0@tkref=0.0000: Time to solve stand alone optimisation problem: 2.12354516983
INFO:R0@tkref=0.0000: N of unsatisfied eq: 3
INFO:R0@tkref=0.0000: N of unsatisfied ieq: 3
INFO:R0@tkref=0.0000: Summary: Iteration limit exceeded after 41 it.
DEBUG:R0@tkref=0.0000: $$$$$$$$ CONFLICT LIST $$$$$$$$: []
INFO:R0: --------------------------
INFO:R0@tkref=1.1429: Time to solve stand alone optimisation problem: 0.83077788353
INFO:R0@tkref=1.1429: N of unsatisfied eq: 3
INFO:R0@tkref=1.1429: N of unsatisfied ieq: 12
INFO:R0@tkref=1.1429: Summary: Iteration limit exceeded after 16 it.
DEBUG:R0@tkref=1.1429: $$$$$$$$ CONFLICT LIST $$$$$$$$: []
INFO:R0: --------------------------
INFO:R0@tkref=2.2857: Time to solve stand alone optimisation problem: 0.531856060028
INFO:R0@tkref=2.2857: N of unsatisfied eq: 2
INFO:R0@tkref=2.2857: N of unsatisfied ieq: 6
INFO:R0@tkref=2.2857: Summary: Optimization terminated successfully. after 8 it.
DEBUG:R0@tkref=2.2857: $$$$$$$$ CONFLICT LIST $$$$$$$$: []
INFO:R0: --------------------------
INFO:R0@tkref=3.4286: Time to solve stand alone optimisation problem: 0.373264074326
INFO:R0@tkref=3.4286: N of unsatisfied eq: 3
INFO:R0@tkref=3.4286: N of unsatisfied ieq: 7
INFO:R0@tkref=3.4286: Summary: Optimization terminated successfully. after 5 it.
DEBUG:R0@tkref=3.4286: $$$$$$$$ CONFLICT LIST $$$$$$$$: []
INFO:R0: --------------------------
INFO:R0@tkref=4.5714: Time to solve stand alone optimisation problem: 0.584825992584
INFO:R0@tkref=4.5714: N of unsatisfied eq: 2
INFO:R0@tkref=4.5714: N of unsatisfied ieq: 7
INFO:R0@tkref=4.5714: Summary: Optimization terminated successfully. after 8 it.
DEBUG:R0@tkref=4.5714: $$$$$$$$ CONFLICT LIST $$$$$$$$: []
INFO:R0: --------------------------
INFO:R0@tkref=5.7143: Time to solve stand alone optimisation problem: 0.354730844498
INFO:R0@tkref=5.7143: N of unsatisfied eq: 3
INFO:R0@tkref=5.7143: N of unsatisfied ieq: 8
INFO:R0@tkref=5.7143: Summary: Optimization terminated successfully. after 6 it.
DEBUG:R0@tkref=5.7143: $$$$$$$$ CONFLICT LIST $$$$$$$$: []
INFO:R0: --------------------------
INFO:R0@tkref=6.8571: Time to solve stand alone optimisation problem: 0.0543448925018
INFO:R0@tkref=6.8571: N of unsatisfied eq: 3
INFO:R0@tkref=6.8571: N of unsatisfied ieq: 7
INFO:R0@tkref=6.8571: Summary: Optimization terminated successfully. after 1 it.
DEBUG:R0@tkref=6.8571: $$$$$$$$ CONFLICT LIST $$$$$$$$: []
INFO:R0: --------------------------
DEBUG:R0: LAST STEP
DEBUG:R0: Approx remaining dist: 0.0548307962886
DEBUG:R0: Usual approx plan dist: 1.6
DEBUG:R0: Approx gain in dist: 1.54516920371
DEBUG:R0: Last step min dist: 0.0
INFO:R0: scale 0.0342692476804 Ns 7 Nk 3
INFO:R0@tkref=8.0000: Time to solve stand alone optimisation problem: 0.159255027771
INFO:R0@tkref=8.0000: N of unsatisfied eq: 9
INFO:R0@tkref=8.0000: N of unsatisfied ieq: 5
INFO:R0@tkref=8.0000: Summary: Optimization terminated successfully. after 14 it.
DEBUG:R0@tkref=8.0000: $$$$$$$$ CONFLICT LIST $$$$$$$$: []
INFO:R0: Finished motion planning
INFO:R0: --------------------------
INFO:R0: TOT: 8.19641827919
INFO:R0: NSE: 8
INFO:R0: FIR: 2.1252040863
INFO:R0: LAS: 0.160077095032
INFO:R0: LMA: 0
INFO:R0: MAX: 0.831610918045
INFO:R0: MIN: 0.0551218986511
INFO:R0: AVG: 0.455792268117
INFO:R0: RMP: 0.764348270262
INFO:R0: RMG: 0.764348270262
