INFO:R0: Init motion planning
INFO:R0@tkref=0.0000: Time to solve stand alone optimisation problem: 2.11536002159
INFO:R0@tkref=0.0000: N of unsatisfied eq: 4
INFO:R0@tkref=0.0000: N of unsatisfied ieq: 15
INFO:R0@tkref=0.0000: Summary: Iteration limit exceeded after 41 it.
DEBUG:R0@tkref=0.0000: $$$$$$$$ CONFLICT LIST $$$$$$$$: []
INFO:R0: --------------------------
INFO:R0@tkref=1.0588: Time to solve stand alone optimisation problem: 1.08005595207
INFO:R0@tkref=1.0588: N of unsatisfied eq: 2
INFO:R0@tkref=1.0588: N of unsatisfied ieq: 6
INFO:R0@tkref=1.0588: Summary: Iteration limit exceeded after 16 it.
DEBUG:R0@tkref=1.0588: $$$$$$$$ CONFLICT LIST $$$$$$$$: []
INFO:R0: --------------------------
INFO:R0@tkref=2.1176: Time to solve stand alone optimisation problem: 0.710453033447
INFO:R0@tkref=2.1176: N of unsatisfied eq: 3
INFO:R0@tkref=2.1176: N of unsatisfied ieq: 8
INFO:R0@tkref=2.1176: Summary: Optimization terminated successfully. after 9 it.
DEBUG:R0@tkref=2.1176: $$$$$$$$ CONFLICT LIST $$$$$$$$: []
INFO:R0: --------------------------
INFO:R0@tkref=3.1765: Time to solve stand alone optimisation problem: 0.607727050781
INFO:R0@tkref=3.1765: N of unsatisfied eq: 2
INFO:R0@tkref=3.1765: N of unsatisfied ieq: 9
INFO:R0@tkref=3.1765: Summary: Optimization terminated successfully. after 8 it.
DEBUG:R0@tkref=3.1765: $$$$$$$$ CONFLICT LIST $$$$$$$$: []
INFO:R0: --------------------------
INFO:R0@tkref=4.2353: Time to solve stand alone optimisation problem: 0.549452066422
INFO:R0@tkref=4.2353: N of unsatisfied eq: 3
INFO:R0@tkref=4.2353: N of unsatisfied ieq: 8
INFO:R0@tkref=4.2353: Summary: Optimization terminated successfully. after 7 it.
DEBUG:R0@tkref=4.2353: $$$$$$$$ CONFLICT LIST $$$$$$$$: []
INFO:R0: --------------------------
INFO:R0@tkref=5.2941: Time to solve stand alone optimisation problem: 0.173524141312
INFO:R0@tkref=5.2941: N of unsatisfied eq: 3
INFO:R0@tkref=5.2941: N of unsatisfied ieq: 7
INFO:R0@tkref=5.2941: Summary: Optimization terminated successfully. after 3 it.
DEBUG:R0@tkref=5.2941: $$$$$$$$ CONFLICT LIST $$$$$$$$: []
INFO:R0: --------------------------
DEBUG:R0: LAST STEP
DEBUG:R0: Approx remaining dist: 1.09730128992
DEBUG:R0: Usual approx plan dist: 3.6
DEBUG:R0: Approx gain in dist: 2.50269871008
DEBUG:R0: Last step min dist: 0.5
INFO:R0: scale 0.304805913868 Ns 7 Nk 3
INFO:R0@tkref=6.3529: Time to solve stand alone optimisation problem: 0.476167917252
INFO:R0@tkref=6.3529: N of unsatisfied eq: 10
INFO:R0@tkref=6.3529: N of unsatisfied ieq: 4
INFO:R0@tkref=6.3529: Summary: Iteration limit exceeded after 21 it.
DEBUG:R0@tkref=6.3529: $$$$$$$$ CONFLICT LIST $$$$$$$$: []
INFO:R0: Finished motion planning
INFO:R0: --------------------------
INFO:R0: TOT: 7.57620835693
INFO:R0: NSE: 7
INFO:R0: FIR: 2.11676502228
INFO:R0: LAS: 0.477068185806
INFO:R0: LMA: 0
INFO:R0: MAX: 1.08123493195
INFO:R0: MIN: 0.174546003342
INFO:R0: AVG: 0.625291967392
INFO:R0: RMP: 1.05120062828
INFO:R0: RMG: 1.05120062828
