INFO:R0: Init motion planning
INFO:R0@tkref=0.0000: Time to solve stand alone optimisation problem: 1.53631615639
INFO:R0@tkref=0.0000: N of unsatisfied eq: 4
INFO:R0@tkref=0.0000: N of unsatisfied ieq: 4
INFO:R0@tkref=0.0000: Summary: Iteration limit exceeded after 41 it.
DEBUG:R0@tkref=0.0000: $$$$$$$$ CONFLICT LIST $$$$$$$$: []
INFO:R0: --------------------------
INFO:R0@tkref=1.5600: Time to solve stand alone optimisation problem: 0.722406148911
INFO:R0@tkref=1.5600: N of unsatisfied eq: 2
INFO:R0@tkref=1.5600: N of unsatisfied ieq: 4
INFO:R0@tkref=1.5600: Summary: Iteration limit exceeded after 16 it.
DEBUG:R0@tkref=1.5600: $$$$$$$$ CONFLICT LIST $$$$$$$$: []
INFO:R0: --------------------------
INFO:R0@tkref=3.1200: Time to solve stand alone optimisation problem: 0.854206085205
INFO:R0@tkref=3.1200: N of unsatisfied eq: 1
INFO:R0@tkref=3.1200: N of unsatisfied ieq: 5
INFO:R0@tkref=3.1200: Summary: Iteration limit exceeded after 16 it.
DEBUG:R0@tkref=3.1200: $$$$$$$$ CONFLICT LIST $$$$$$$$: []
INFO:R0: --------------------------
INFO:R0@tkref=4.6800: Time to solve stand alone optimisation problem: 0.357195138931
INFO:R0@tkref=4.6800: N of unsatisfied eq: 1
INFO:R0@tkref=4.6800: N of unsatisfied ieq: 4
INFO:R0@tkref=4.6800: Summary: Optimization terminated successfully. after 7 it.
DEBUG:R0@tkref=4.6800: $$$$$$$$ CONFLICT LIST $$$$$$$$: []
INFO:R0: --------------------------
INFO:R0@tkref=6.2400: Time to solve stand alone optimisation problem: 0.201633930206
INFO:R0@tkref=6.2400: N of unsatisfied eq: 2
INFO:R0@tkref=6.2400: N of unsatisfied ieq: 5
INFO:R0@tkref=6.2400: Summary: Optimization terminated successfully. after 5 it.
DEBUG:R0@tkref=6.2400: $$$$$$$$ CONFLICT LIST $$$$$$$$: []
INFO:R0: --------------------------
DEBUG:R0: LAST STEP
DEBUG:R0: Approx remaining dist: 1.40802604696
DEBUG:R0: Usual approx plan dist: 5.2
DEBUG:R0: Approx gain in dist: 3.79197395304
DEBUG:R0: Last step min dist: 0.5
INFO:R0: scale 0.270774239799 Ns 7 Nk 3
INFO:R0@tkref=7.8000: Time to solve stand alone optimisation problem: 0.423181056976
INFO:R0@tkref=7.8000: N of unsatisfied eq: 10
INFO:R0@tkref=7.8000: N of unsatisfied ieq: 2
INFO:R0@tkref=7.8000: Summary: Iteration limit exceeded after 21 it.
DEBUG:R0@tkref=7.8000: $$$$$$$$ CONFLICT LIST $$$$$$$$: []
INFO:R0: Finished motion planning
INFO:R0: --------------------------
INFO:R0: TOT: 9.48590332524
INFO:R0: NSE: 6
INFO:R0: FIR: 1.53830289841
INFO:R0: LAS: 0.424105882645
INFO:R0: LMA: 0
INFO:R0: MAX: 0.856255054474
INFO:R0: MIN: 0.202486991882
INFO:R0: AVG: 0.535075545311
INFO:R0: RMP: 0.514576354852
INFO:R0: RMG: 0.514576354852
