INFO:R0: Init motion planning
INFO:R0@tkref=0.0000: Time to solve stand alone optimisation problem: 1.41958498955
INFO:R0@tkref=0.0000: N of unsatisfied eq: 5
INFO:R0@tkref=0.0000: N of unsatisfied ieq: 4
INFO:R0@tkref=0.0000: Summary: Iteration limit exceeded after 41 it.
DEBUG:R0@tkref=0.0000: $$$$$$$$ CONFLICT LIST $$$$$$$$: []
INFO:R0: --------------------------
INFO:R0@tkref=1.5000: Time to solve stand alone optimisation problem: 0.454977035522
INFO:R0@tkref=1.5000: N of unsatisfied eq: 1
INFO:R0@tkref=1.5000: N of unsatisfied ieq: 5
INFO:R0@tkref=1.5000: Summary: Optimization terminated successfully. after 11 it.
DEBUG:R0@tkref=1.5000: $$$$$$$$ CONFLICT LIST $$$$$$$$: []
INFO:R0: --------------------------
INFO:R0@tkref=3.0000: Time to solve stand alone optimisation problem: 0.464267015457
INFO:R0@tkref=3.0000: N of unsatisfied eq: 3
INFO:R0@tkref=3.0000: N of unsatisfied ieq: 6
INFO:R0@tkref=3.0000: Summary: Optimization terminated successfully. after 10 it.
DEBUG:R0@tkref=3.0000: $$$$$$$$ CONFLICT LIST $$$$$$$$: []
INFO:R0: --------------------------
INFO:R0@tkref=4.5000: Time to solve stand alone optimisation problem: 0.571687936783
INFO:R0@tkref=4.5000: N of unsatisfied eq: 3
INFO:R0@tkref=4.5000: N of unsatisfied ieq: 4
INFO:R0@tkref=4.5000: Summary: Optimization terminated successfully. after 13 it.
DEBUG:R0@tkref=4.5000: $$$$$$$$ CONFLICT LIST $$$$$$$$: []
INFO:R0: --------------------------
INFO:R0@tkref=6.0000: Time to solve stand alone optimisation problem: 0.178584098816
INFO:R0@tkref=6.0000: N of unsatisfied eq: 3
INFO:R0@tkref=6.0000: N of unsatisfied ieq: 6
INFO:R0@tkref=6.0000: Summary: Optimization terminated successfully. after 5 it.
DEBUG:R0@tkref=6.0000: $$$$$$$$ CONFLICT LIST $$$$$$$$: []
INFO:R0: --------------------------
DEBUG:R0: LAST STEP
DEBUG:R0: Approx remaining dist: 1.2431950866
DEBUG:R0: Usual approx plan dist: 4.0
DEBUG:R0: Approx gain in dist: 2.7568049134
DEBUG:R0: Last step min dist: 0.5
INFO:R0: scale 0.310798771649 Ns 7 Nk 3
INFO:R0@tkref=7.5000: Time to solve stand alone optimisation problem: 0.474442005157
INFO:R0@tkref=7.5000: N of unsatisfied eq: 10
INFO:R0@tkref=7.5000: N of unsatisfied ieq: 3
INFO:R0@tkref=7.5000: Summary: Iteration limit exceeded after 21 it.
DEBUG:R0@tkref=7.5000: $$$$$$$$ CONFLICT LIST $$$$$$$$: []
INFO:R0: Finished motion planning
INFO:R0: --------------------------
INFO:R0: TOT: 8.88988076285
INFO:R0: NSE: 6
INFO:R0: FIR: 1.42156004906
INFO:R0: LAS: 0.47539305687
INFO:R0: LMA: 0
INFO:R0: MAX: 0.572596073151
INFO:R0: MIN: 0.179480075836
INFO:R0: AVG: 0.41825401783
INFO:R0: RMP: 0.3368212195
INFO:R0: RMG: 0.3368212195
