INFO:R0: Init motion planning
INFO:R0@tkref=0.0000: Time to solve stand alone optimisation problem: 1.06679487228
INFO:R0@tkref=0.0000: N of unsatisfied eq: 4
INFO:R0@tkref=0.0000: N of unsatisfied ieq: 6
INFO:R0@tkref=0.0000: Summary: Iteration limit exceeded after 41 it.
DEBUG:R0@tkref=0.0000: $$$$$$$$ CONFLICT LIST $$$$$$$$: []
INFO:R0: --------------------------
INFO:R0@tkref=0.4800: Time to solve stand alone optimisation problem: 0.105615854263
INFO:R0@tkref=0.4800: N of unsatisfied eq: 3
INFO:R0@tkref=0.4800: N of unsatisfied ieq: 6
INFO:R0@tkref=0.4800: Summary: Optimization terminated successfully. after 4 it.
DEBUG:R0@tkref=0.4800: $$$$$$$$ CONFLICT LIST $$$$$$$$: []
INFO:R0: --------------------------
INFO:R0@tkref=0.9600: Time to solve stand alone optimisation problem: 0.0334610939026
INFO:R0@tkref=0.9600: N of unsatisfied eq: 3
INFO:R0@tkref=0.9600: N of unsatisfied ieq: 7
INFO:R0@tkref=0.9600: Summary: Optimization terminated successfully. after 1 it.
DEBUG:R0@tkref=0.9600: $$$$$$$$ CONFLICT LIST $$$$$$$$: []
INFO:R0: --------------------------
INFO:R0@tkref=1.4400: Time to solve stand alone optimisation problem: 0.098778963089
INFO:R0@tkref=1.4400: N of unsatisfied eq: 3
INFO:R0@tkref=1.4400: N of unsatisfied ieq: 7
INFO:R0@tkref=1.4400: Summary: Optimization terminated successfully. after 3 it.
DEBUG:R0@tkref=1.4400: $$$$$$$$ CONFLICT LIST $$$$$$$$: []
INFO:R0: --------------------------
INFO:R0@tkref=1.9200: Time to solve stand alone optimisation problem: 0.216560840607
INFO:R0@tkref=1.9200: N of unsatisfied eq: 2
INFO:R0@tkref=1.9200: N of unsatisfied ieq: 6
INFO:R0@tkref=1.9200: Summary: Optimization terminated successfully. after 6 it.
DEBUG:R0@tkref=1.9200: $$$$$$$$ CONFLICT LIST $$$$$$$$: []
INFO:R0: --------------------------
INFO:R0@tkref=2.4000: Time to solve stand alone optimisation problem: 0.249664068222
INFO:R0@tkref=2.4000: N of unsatisfied eq: 3
INFO:R0@tkref=2.4000: N of unsatisfied ieq: 6
INFO:R0@tkref=2.4000: Summary: Optimization terminated successfully. after 7 it.
DEBUG:R0@tkref=2.4000: $$$$$$$$ CONFLICT LIST $$$$$$$$: []
INFO:R0: --------------------------
INFO:R0@tkref=2.8800: Time to solve stand alone optimisation problem: 0.251722097397
INFO:R0@tkref=2.8800: N of unsatisfied eq: 3
INFO:R0@tkref=2.8800: N of unsatisfied ieq: 5
INFO:R0@tkref=2.8800: Summary: Optimization terminated successfully. after 7 it.
DEBUG:R0@tkref=2.8800: $$$$$$$$ CONFLICT LIST $$$$$$$$: []
INFO:R0: --------------------------
INFO:R0@tkref=3.3600: Time to solve stand alone optimisation problem: 0.177095174789
INFO:R0@tkref=3.3600: N of unsatisfied eq: 3
INFO:R0@tkref=3.3600: N of unsatisfied ieq: 6
INFO:R0@tkref=3.3600: Summary: Optimization terminated successfully. after 5 it.
DEBUG:R0@tkref=3.3600: $$$$$$$$ CONFLICT LIST $$$$$$$$: []
INFO:R0: --------------------------
INFO:R0@tkref=3.8400: Time to solve stand alone optimisation problem: 0.278946876526
INFO:R0@tkref=3.8400: N of unsatisfied eq: 3
INFO:R0@tkref=3.8400: N of unsatisfied ieq: 6
INFO:R0@tkref=3.8400: Summary: Optimization terminated successfully. after 7 it.
DEBUG:R0@tkref=3.8400: $$$$$$$$ CONFLICT LIST $$$$$$$$: []
INFO:R0: --------------------------
INFO:R0@tkref=4.3200: Time to solve stand alone optimisation problem: 0.250328063965
INFO:R0@tkref=4.3200: N of unsatisfied eq: 3
INFO:R0@tkref=4.3200: N of unsatisfied ieq: 5
INFO:R0@tkref=4.3200: Summary: Optimization terminated successfully. after 7 it.
DEBUG:R0@tkref=4.3200: $$$$$$$$ CONFLICT LIST $$$$$$$$: []
INFO:R0: --------------------------
INFO:R0@tkref=4.8000: Time to solve stand alone optimisation problem: 0.182238101959
INFO:R0@tkref=4.8000: N of unsatisfied eq: 3
INFO:R0@tkref=4.8000: N of unsatisfied ieq: 6
INFO:R0@tkref=4.8000: Summary: Optimization terminated successfully. after 5 it.
DEBUG:R0@tkref=4.8000: $$$$$$$$ CONFLICT LIST $$$$$$$$: []
INFO:R0: --------------------------
INFO:R0@tkref=5.2800: Time to solve stand alone optimisation problem: 0.0635850429535
INFO:R0@tkref=5.2800: N of unsatisfied eq: 3
INFO:R0@tkref=5.2800: N of unsatisfied ieq: 8
INFO:R0@tkref=5.2800: Summary: Optimization terminated successfully. after 2 it.
DEBUG:R0@tkref=5.2800: $$$$$$$$ CONFLICT LIST $$$$$$$$: []
INFO:R0: --------------------------
INFO:R0@tkref=5.7600: Time to solve stand alone optimisation problem: 0.034989118576
INFO:R0@tkref=5.7600: N of unsatisfied eq: 3
INFO:R0@tkref=5.7600: N of unsatisfied ieq: 7
INFO:R0@tkref=5.7600: Summary: Optimization terminated successfully. after 1 it.
DEBUG:R0@tkref=5.7600: $$$$$$$$ CONFLICT LIST $$$$$$$$: []
INFO:R0: --------------------------
INFO:R0@tkref=6.2400: Time to solve stand alone optimisation problem: 0.0333859920502
INFO:R0@tkref=6.2400: N of unsatisfied eq: 3
INFO:R0@tkref=6.2400: N of unsatisfied ieq: 8
INFO:R0@tkref=6.2400: Summary: Optimization terminated successfully. after 1 it.
DEBUG:R0@tkref=6.2400: $$$$$$$$ CONFLICT LIST $$$$$$$$: []
INFO:R0: --------------------------
INFO:R0@tkref=6.7200: Time to solve stand alone optimisation problem: 0.0336580276489
INFO:R0@tkref=6.7200: N of unsatisfied eq: 3
INFO:R0@tkref=6.7200: N of unsatisfied ieq: 7
INFO:R0@tkref=6.7200: Summary: Optimization terminated successfully. after 1 it.
DEBUG:R0@tkref=6.7200: $$$$$$$$ CONFLICT LIST $$$$$$$$: []
INFO:R0: --------------------------
DEBUG:R0: LAST STEP
DEBUG:R0: Approx remaining dist: 0.192249804371
DEBUG:R0: Usual approx plan dist: 1.6
DEBUG:R0: Approx gain in dist: 1.40775019563
DEBUG:R0: Last step min dist: 0.0
INFO:R0: scale 0.120156127732 Ns 7 Nk 3
INFO:R0@tkref=7.2000: Time to solve stand alone optimisation problem: 0.357887983322
INFO:R0@tkref=7.2000: N of unsatisfied eq: 10
INFO:R0@tkref=7.2000: N of unsatisfied ieq: 4
INFO:R0@tkref=7.2000: Summary: Iteration limit exceeded after 21 it.
DEBUG:R0@tkref=7.2000: $$$$$$$$ CONFLICT LIST $$$$$$$$: []
INFO:R0: Finished motion planning
INFO:R0: --------------------------
INFO:R0: TOT: 7.41588064274
INFO:R0: NSE: 16
INFO:R0: FIR: 1.06854391098
INFO:R0: LAS: 0.35871219635
INFO:R0: LMA: 1
INFO:R0: MAX: 0.279739141464
INFO:R0: MIN: 0.0341789722443
INFO:R0: AVG: 0.144420300211
INFO:R0: RMP: 0.546365510672
INFO:R0: RMG: 0.700609758496
