INFO:R0: Init motion planning
INFO:R0@tkref=0.0000: Time to solve stand alone optimisation problem: 1.25523996353
INFO:R0@tkref=0.0000: N of unsatisfied eq: 4
INFO:R0@tkref=0.0000: N of unsatisfied ieq: 5
INFO:R0@tkref=0.0000: Summary: Iteration limit exceeded after 41 it.
DEBUG:R0@tkref=0.0000: $$$$$$$$ CONFLICT LIST $$$$$$$$: []
INFO:R0: --------------------------
INFO:R0@tkref=2.0571: Time to solve stand alone optimisation problem: 0.580414056778
INFO:R0@tkref=2.0571: N of unsatisfied eq: 1
INFO:R0@tkref=2.0571: N of unsatisfied ieq: 4
INFO:R0@tkref=2.0571: Summary: Iteration limit exceeded after 16 it.
DEBUG:R0@tkref=2.0571: $$$$$$$$ CONFLICT LIST $$$$$$$$: []
INFO:R0: --------------------------
INFO:R0@tkref=4.1143: Time to solve stand alone optimisation problem: 0.475569963455
INFO:R0@tkref=4.1143: N of unsatisfied eq: 3
INFO:R0@tkref=4.1143: N of unsatisfied ieq: 5
INFO:R0@tkref=4.1143: Summary: Optimization terminated successfully. after 12 it.
DEBUG:R0@tkref=4.1143: $$$$$$$$ CONFLICT LIST $$$$$$$$: []
INFO:R0: --------------------------
DEBUG:R0: LAST STEP
DEBUG:R0: Approx remaining dist: 1.89462888751
DEBUG:R0: Usual approx plan dist: 3.6
DEBUG:R0: Approx gain in dist: 1.70537111249
DEBUG:R0: Last step min dist: 0.5
INFO:R0: scale 0.526285802086 Ns 7 Nk 3
INFO:R0@tkref=6.1714: Time to solve stand alone optimisation problem: 0.545040130615
INFO:R0@tkref=6.1714: N of unsatisfied eq: 10
INFO:R0@tkref=6.1714: N of unsatisfied ieq: 4
INFO:R0@tkref=6.1714: Summary: Iteration limit exceeded after 21 it.
DEBUG:R0@tkref=6.1714: $$$$$$$$ CONFLICT LIST $$$$$$$$: []
INFO:R0: Finished motion planning
INFO:R0: --------------------------
INFO:R0: TOT: 8.27835872738
INFO:R0: NSE: 4
INFO:R0: FIR: 1.25657987595
INFO:R0: LAS: 0.545938968658
INFO:R0: LMA: 0
INFO:R0: MAX: 0.581297159195
INFO:R0: MIN: 0.47643995285
INFO:R0: AVG: 0.528868556023
INFO:R0: RMP: 0.29744737678
INFO:R0: RMG: 0.29744737678
