INFO:R0: Init motion planning
INFO:R0@tkref=0.0000: Time to solve stand alone optimisation problem: 2.51023507118
INFO:R0@tkref=0.0000: N of unsatisfied eq: 4
INFO:R0@tkref=0.0000: N of unsatisfied ieq: 7
INFO:R0@tkref=0.0000: Summary: Iteration limit exceeded after 41 it.
DEBUG:R0@tkref=0.0000: $$$$$$$$ CONFLICT LIST $$$$$$$$: []
INFO:R0: --------------------------
INFO:R0@tkref=2.3692: Time to solve stand alone optimisation problem: 0.863708972931
INFO:R0@tkref=2.3692: N of unsatisfied eq: 3
INFO:R0@tkref=2.3692: N of unsatisfied ieq: 7
INFO:R0@tkref=2.3692: Summary: Optimization terminated successfully. after 10 it.
DEBUG:R0@tkref=2.3692: $$$$$$$$ CONFLICT LIST $$$$$$$$: []
INFO:R0: --------------------------
INFO:R0@tkref=4.7385: Time to solve stand alone optimisation problem: 0.887695074081
INFO:R0@tkref=4.7385: N of unsatisfied eq: 3
INFO:R0@tkref=4.7385: N of unsatisfied ieq: 7
INFO:R0@tkref=4.7385: Summary: Optimization terminated successfully. after 11 it.
DEBUG:R0@tkref=4.7385: $$$$$$$$ CONFLICT LIST $$$$$$$$: []
INFO:R0: --------------------------
DEBUG:R0: LAST STEP
DEBUG:R0: Approx remaining dist: 0.918004236638
DEBUG:R0: Usual approx plan dist: 4.4
DEBUG:R0: Approx gain in dist: 3.48199576336
DEBUG:R0: Last step min dist: 0.5
INFO:R0: scale 0.208637326509 Ns 7 Nk 3
INFO:R0@tkref=7.1077: Time to solve stand alone optimisation problem: 0.55166888237
INFO:R0@tkref=7.1077: N of unsatisfied eq: 10
INFO:R0@tkref=7.1077: N of unsatisfied ieq: 3
INFO:R0@tkref=7.1077: Summary: Iteration limit exceeded after 21 it.
DEBUG:R0@tkref=7.1077: $$$$$$$$ CONFLICT LIST $$$$$$$$: []
INFO:R0: Finished motion planning
INFO:R0: --------------------------
INFO:R0: TOT: 8.15091018063
INFO:R0: NSE: 4
INFO:R0: FIR: 2.51173305511
INFO:R0: LAS: 0.552740812302
INFO:R0: LMA: 0
INFO:R0: MAX: 0.889012098312
INFO:R0: MIN: 0.864926815033
INFO:R0: AVG: 0.876969456673
INFO:R0: RMP: 0.378840382803
INFO:R0: RMG: 0.378840382803
