INFO:R0: Init motion planning
INFO:R0@tkref=0.0000: Time to solve stand alone optimisation problem: 1.43568992615
INFO:R0@tkref=0.0000: N of unsatisfied eq: 5
INFO:R0@tkref=0.0000: N of unsatisfied ieq: 6
INFO:R0@tkref=0.0000: Summary: Iteration limit exceeded after 41 it.
DEBUG:R0@tkref=0.0000: $$$$$$$$ CONFLICT LIST $$$$$$$$: []
INFO:R0: --------------------------
INFO:R0@tkref=2.6667: Time to solve stand alone optimisation problem: 0.533068180084
INFO:R0@tkref=2.6667: N of unsatisfied eq: 2
INFO:R0@tkref=2.6667: N of unsatisfied ieq: 7
INFO:R0@tkref=2.6667: Summary: Optimization terminated successfully. after 11 it.
DEBUG:R0@tkref=2.6667: $$$$$$$$ CONFLICT LIST $$$$$$$$: []
INFO:R0: --------------------------
DEBUG:R0: LAST STEP
DEBUG:R0: Approx remaining dist: 2.36490159334
DEBUG:R0: Usual approx plan dist: 4.8
DEBUG:R0: Approx gain in dist: 2.43509840666
DEBUG:R0: Last step min dist: 0.5
INFO:R0: scale 0.492687831946 Ns 7 Nk 3
INFO:R0@tkref=5.3333: Time to solve stand alone optimisation problem: 0.538602113724
INFO:R0@tkref=5.3333: N of unsatisfied eq: 10
INFO:R0@tkref=5.3333: N of unsatisfied ieq: 3
INFO:R0@tkref=5.3333: Summary: Iteration limit exceeded after 21 it.
DEBUG:R0@tkref=5.3333: $$$$$$$$ CONFLICT LIST $$$$$$$$: []
INFO:R0: Finished motion planning
INFO:R0: --------------------------
INFO:R0: TOT: 8.00198812661
INFO:R0: NSE: 3
INFO:R0: FIR: 1.43794298172
INFO:R0: LAS: 0.539807081223
INFO:R0: LMA: 1
INFO:R0: MAX: 0.534245967865
INFO:R0: MIN: 0.534245967865
INFO:R0: AVG: 0.534245967865
INFO:R0: RMP: 0.198752220188
INFO:R0: RMG: 0.200821086764
