INFO:R0: Init motion planning
INFO:R0@tkref=0.0000: Time to solve stand alone optimisation problem: 1.23135399818
INFO:R0@tkref=0.0000: N of unsatisfied eq: 4
INFO:R0@tkref=0.0000: N of unsatisfied ieq: 5
INFO:R0@tkref=0.0000: Summary: Iteration limit exceeded after 41 it.
DEBUG:R0@tkref=0.0000: $$$$$$$$ CONFLICT LIST $$$$$$$$: []
INFO:R0: --------------------------
INFO:R0@tkref=1.5000: Time to solve stand alone optimisation problem: 0.74211192131
INFO:R0@tkref=1.5000: N of unsatisfied eq: 2
INFO:R0@tkref=1.5000: N of unsatisfied ieq: 7
INFO:R0@tkref=1.5000: Summary: Iteration limit exceeded after 16 it.
DEBUG:R0@tkref=1.5000: $$$$$$$$ CONFLICT LIST $$$$$$$$: []
INFO:R0: --------------------------
INFO:R0@tkref=3.0000: Time to solve stand alone optimisation problem: 0.380601882935
INFO:R0@tkref=3.0000: N of unsatisfied eq: 3
INFO:R0@tkref=3.0000: N of unsatisfied ieq: 6
INFO:R0@tkref=3.0000: Summary: Optimization terminated successfully. after 8 it.
DEBUG:R0@tkref=3.0000: $$$$$$$$ CONFLICT LIST $$$$$$$$: []
INFO:R0: --------------------------
INFO:R0@tkref=4.5000: Time to solve stand alone optimisation problem: 0.344480037689
INFO:R0@tkref=4.5000: N of unsatisfied eq: 3
INFO:R0@tkref=4.5000: N of unsatisfied ieq: 6
INFO:R0@tkref=4.5000: Summary: Optimization terminated successfully. after 6 it.
DEBUG:R0@tkref=4.5000: $$$$$$$$ CONFLICT LIST $$$$$$$$: []
INFO:R0: --------------------------
DEBUG:R0: LAST STEP
DEBUG:R0: Approx remaining dist: 1.37364467599
DEBUG:R0: Usual approx plan dist: 2.4
DEBUG:R0: Approx gain in dist: 1.02635532401
DEBUG:R0: Last step min dist: 0.5
INFO:R0: scale 0.57235194833 Ns 7 Nk 3
INFO:R0@tkref=6.0000: Time to solve stand alone optimisation problem: 0.537750959396
INFO:R0@tkref=6.0000: N of unsatisfied eq: 7
INFO:R0@tkref=6.0000: N of unsatisfied ieq: 4
INFO:R0@tkref=6.0000: Summary: Iteration limit exceeded after 21 it.
DEBUG:R0@tkref=6.0000: $$$$$$$$ CONFLICT LIST $$$$$$$$: []
INFO:R0: Finished motion planning
INFO:R0: --------------------------
INFO:R0: TOT: 7.54333759815
INFO:R0: NSE: 5
INFO:R0: FIR: 1.23293209076
INFO:R0: LAS: 0.538790941238
INFO:R0: LMA: 0
INFO:R0: MAX: 0.743531942368
INFO:R0: MIN: 0.345889091492
INFO:R0: AVG: 0.490485032399
INFO:R0: RMP: 0.455595552921
INFO:R0: RMG: 0.455595552921
