INFO:R0: Init motion planning
INFO:R0@tkref=0.0000: Time to solve stand alone optimisation problem: 2.82843804359
INFO:R0@tkref=0.0000: N of unsatisfied eq: 4
INFO:R0@tkref=0.0000: N of unsatisfied ieq: 7
INFO:R0@tkref=0.0000: Summary: Iteration limit exceeded after 41 it.
DEBUG:R0@tkref=0.0000: $$$$$$$$ CONFLICT LIST $$$$$$$$: []
INFO:R0: --------------------------
INFO:R0@tkref=1.1733: Time to solve stand alone optimisation problem: 1.00287222862
INFO:R0@tkref=1.1733: N of unsatisfied eq: 2
INFO:R0@tkref=1.1733: N of unsatisfied ieq: 6
INFO:R0@tkref=1.1733: Summary: Optimization terminated successfully. after 14 it.
DEBUG:R0@tkref=1.1733: $$$$$$$$ CONFLICT LIST $$$$$$$$: []
INFO:R0: --------------------------
INFO:R0@tkref=2.3467: Time to solve stand alone optimisation problem: 0.645257949829
INFO:R0@tkref=2.3467: N of unsatisfied eq: 1
INFO:R0@tkref=2.3467: N of unsatisfied ieq: 10
INFO:R0@tkref=2.3467: Summary: Optimization terminated successfully. after 8 it.
DEBUG:R0@tkref=2.3467: $$$$$$$$ CONFLICT LIST $$$$$$$$: []
INFO:R0: --------------------------
INFO:R0@tkref=3.5200: Time to solve stand alone optimisation problem: 1.01879000664
INFO:R0@tkref=3.5200: N of unsatisfied eq: 2
INFO:R0@tkref=3.5200: N of unsatisfied ieq: 5
INFO:R0@tkref=3.5200: Summary: Optimization terminated successfully. after 11 it.
DEBUG:R0@tkref=3.5200: $$$$$$$$ CONFLICT LIST $$$$$$$$: []
INFO:R0: --------------------------
INFO:R0@tkref=4.6933: Time to solve stand alone optimisation problem: 1.11619901657
INFO:R0@tkref=4.6933: N of unsatisfied eq: 3
INFO:R0@tkref=4.6933: N of unsatisfied ieq: 7
INFO:R0@tkref=4.6933: Summary: Optimization terminated successfully. after 12 it.
DEBUG:R0@tkref=4.6933: $$$$$$$$ CONFLICT LIST $$$$$$$$: []
INFO:R0: --------------------------
INFO:R0@tkref=5.8667: Time to solve stand alone optimisation problem: 0.229407072067
INFO:R0@tkref=5.8667: N of unsatisfied eq: 3
INFO:R0@tkref=5.8667: N of unsatisfied ieq: 8
INFO:R0@tkref=5.8667: Summary: Optimization terminated successfully. after 3 it.
DEBUG:R0@tkref=5.8667: $$$$$$$$ CONFLICT LIST $$$$$$$$: []
INFO:R0: --------------------------
DEBUG:R0: LAST STEP
DEBUG:R0: Approx remaining dist: 1.2108655249
DEBUG:R0: Usual approx plan dist: 4.4
DEBUG:R0: Approx gain in dist: 3.1891344751
DEBUG:R0: Last step min dist: 0.5
INFO:R0: scale 0.275196710206 Ns 7 Nk 3
INFO:R0@tkref=7.0400: Time to solve stand alone optimisation problem: 0.49875497818
INFO:R0@tkref=7.0400: N of unsatisfied eq: 10
INFO:R0@tkref=7.0400: N of unsatisfied ieq: 4
INFO:R0@tkref=7.0400: Summary: Iteration limit exceeded after 21 it.
DEBUG:R0@tkref=7.0400: $$$$$$$$ CONFLICT LIST $$$$$$$$: []
INFO:R0: Finished motion planning
INFO:R0: --------------------------
INFO:R0: TOT: 8.38941073064
INFO:R0: NSE: 7
INFO:R0: FIR: 2.83040094376
INFO:R0: LAS: 0.499876976013
INFO:R0: LMA: 0
INFO:R0: MAX: 1.11712408066
INFO:R0: MIN: 0.231079101562
INFO:R0: AVG: 0.803588485718
INFO:R0: RMP: 0.952094386927
INFO:R0: RMG: 0.952094386927
