INFO:R0: Init motion planning
INFO:R0@tkref=0.0000: Time to solve stand alone optimisation problem: 0.77569103241
INFO:R0@tkref=0.0000: N of unsatisfied eq: 4
INFO:R0@tkref=0.0000: N of unsatisfied ieq: 7
INFO:R0@tkref=0.0000: Summary: Iteration limit exceeded after 41 it.
DEBUG:R0@tkref=0.0000: $$$$$$$$ CONFLICT LIST $$$$$$$$: []
INFO:R0: --------------------------
INFO:R0@tkref=1.6500: Time to solve stand alone optimisation problem: 0.0189981460571
INFO:R0@tkref=1.6500: N of unsatisfied eq: 3
INFO:R0@tkref=1.6500: N of unsatisfied ieq: 3
INFO:R0@tkref=1.6500: Summary: Optimization terminated successfully. after 1 it.
DEBUG:R0@tkref=1.6500: $$$$$$$$ CONFLICT LIST $$$$$$$$: []
INFO:R0: --------------------------
INFO:R0@tkref=3.3000: Time to solve stand alone optimisation problem: 0.0195548534393
INFO:R0@tkref=3.3000: N of unsatisfied eq: 3
INFO:R0@tkref=3.3000: N of unsatisfied ieq: 7
INFO:R0@tkref=3.3000: Summary: Optimization terminated successfully. after 1 it.
DEBUG:R0@tkref=3.3000: $$$$$$$$ CONFLICT LIST $$$$$$$$: []
INFO:R0: --------------------------
INFO:R0@tkref=4.9500: Time to solve stand alone optimisation problem: 0.019898891449
INFO:R0@tkref=4.9500: N of unsatisfied eq: 3
INFO:R0@tkref=4.9500: N of unsatisfied ieq: 4
INFO:R0@tkref=4.9500: Summary: Optimization terminated successfully. after 1 it.
DEBUG:R0@tkref=4.9500: $$$$$$$$ CONFLICT LIST $$$$$$$$: []
INFO:R0: --------------------------
DEBUG:R0: LAST STEP
DEBUG:R0: Approx remaining dist: 0.764950123148
DEBUG:R0: Usual approx plan dist: 4.4
DEBUG:R0: Approx gain in dist: 3.63504987685
DEBUG:R0: Last step min dist: 0.5
INFO:R0: scale 0.173852300716 Ns 7 Nk 3
INFO:R0@tkref=6.6000: Time to solve stand alone optimisation problem: 0.310104131699
INFO:R0@tkref=6.6000: N of unsatisfied eq: 10
INFO:R0@tkref=6.6000: N of unsatisfied ieq: 4
INFO:R0@tkref=6.6000: Summary: Iteration limit exceeded after 21 it.
DEBUG:R0@tkref=6.6000: $$$$$$$$ CONFLICT LIST $$$$$$$$: []
INFO:R0: Finished motion planning
INFO:R0: --------------------------
INFO:R0: TOT: 7.45904670689
INFO:R0: NSE: 5
INFO:R0: FIR: 0.777112007141
INFO:R0: LAS: 0.310878992081
INFO:R0: LMA: 1
INFO:R0: MAX: 0.0206830501556
INFO:R0: MIN: 0.0196669101715
INFO:R0: AVG: 0.0202392737071
INFO:R0: RMP: 0.0141020796515
INFO:R0: RMG: 0.211962949145
