INFO:R0: Init motion planning
INFO:R0@tkref=0.0000: Time to solve stand alone optimisation problem: 0.820621967316
INFO:R0@tkref=0.0000: N of unsatisfied eq: 5
INFO:R0@tkref=0.0000: N of unsatisfied ieq: 6
INFO:R0@tkref=0.0000: Summary: Iteration limit exceeded after 41 it.
DEBUG:R0@tkref=0.0000: $$$$$$$$ CONFLICT LIST $$$$$$$$: []
INFO:R0: --------------------------
INFO:R0@tkref=2.8000: Time to solve stand alone optimisation problem: 0.0313241481781
INFO:R0@tkref=2.8000: N of unsatisfied eq: 3
INFO:R0@tkref=2.8000: N of unsatisfied ieq: 5
INFO:R0@tkref=2.8000: Summary: Optimization terminated successfully. after 1 it.
DEBUG:R0@tkref=2.8000: $$$$$$$$ CONFLICT LIST $$$$$$$$: []
INFO:R0: --------------------------
DEBUG:R0: LAST STEP
DEBUG:R0: Approx remaining dist: 1.84116138258
DEBUG:R0: Usual approx plan dist: 5.6
DEBUG:R0: Approx gain in dist: 3.75883861742
DEBUG:R0: Last step min dist: 0.5
INFO:R0: scale 0.328778818317 Ns 7 Nk 3
INFO:R0@tkref=5.6000: Time to solve stand alone optimisation problem: 0.311875104904
INFO:R0@tkref=5.6000: N of unsatisfied eq: 10
INFO:R0@tkref=5.6000: N of unsatisfied ieq: 4
INFO:R0@tkref=5.6000: Summary: Iteration limit exceeded after 21 it.
DEBUG:R0@tkref=5.6000: $$$$$$$$ CONFLICT LIST $$$$$$$$: []
INFO:R0: Finished motion planning
INFO:R0: --------------------------
INFO:R0: TOT: 7.66811509586
INFO:R0: NSE: 3
INFO:R0: FIR: 0.821736097336
INFO:R0: LAS: 0.312819957733
INFO:R0: LMA: 1
INFO:R0: MAX: 0.0324759483337
INFO:R0: MIN: 0.0324759483337
INFO:R0: AVG: 0.0324759483337
INFO:R0: RMP: 0.0122677002634
INFO:R0: RMG: 0.118166879638
