INFO:R0: Init motion planning
INFO:R0@tkref=0.0000: Time to solve stand alone optimisation problem: 3.00708317757
INFO:R0@tkref=0.0000: N of unsatisfied eq: 4
INFO:R0@tkref=0.0000: N of unsatisfied ieq: 7
INFO:R0@tkref=0.0000: Summary: Iteration limit exceeded after 41 it.
DEBUG:R0@tkref=0.0000: $$$$$$$$ CONFLICT LIST $$$$$$$$: []
INFO:R0: --------------------------
INFO:R0@tkref=1.0000: Time to solve stand alone optimisation problem: 0.403645992279
INFO:R0@tkref=1.0000: N of unsatisfied eq: 2
INFO:R0@tkref=1.0000: N of unsatisfied ieq: 8
INFO:R0@tkref=1.0000: Summary: Optimization terminated successfully. after 5 it.
DEBUG:R0@tkref=1.0000: $$$$$$$$ CONFLICT LIST $$$$$$$$: []
INFO:R0: --------------------------
INFO:R0@tkref=2.0000: Time to solve stand alone optimisation problem: 0.737208843231
INFO:R0@tkref=2.0000: N of unsatisfied eq: 2
INFO:R0@tkref=2.0000: N of unsatisfied ieq: 9
INFO:R0@tkref=2.0000: Summary: Optimization terminated successfully. after 8 it.
DEBUG:R0@tkref=2.0000: $$$$$$$$ CONFLICT LIST $$$$$$$$: []
INFO:R0: --------------------------
INFO:R0@tkref=3.0000: Time to solve stand alone optimisation problem: 0.526393890381
INFO:R0@tkref=3.0000: N of unsatisfied eq: 3
INFO:R0@tkref=3.0000: N of unsatisfied ieq: 10
INFO:R0@tkref=3.0000: Summary: Optimization terminated successfully. after 5 it.
DEBUG:R0@tkref=3.0000: $$$$$$$$ CONFLICT LIST $$$$$$$$: []
INFO:R0: --------------------------
INFO:R0@tkref=4.0000: Time to solve stand alone optimisation problem: 1.04938006401
INFO:R0@tkref=4.0000: N of unsatisfied eq: 3
INFO:R0@tkref=4.0000: N of unsatisfied ieq: 10
INFO:R0@tkref=4.0000: Summary: Optimization terminated successfully. after 10 it.
DEBUG:R0@tkref=4.0000: $$$$$$$$ CONFLICT LIST $$$$$$$$: []
INFO:R0: --------------------------
INFO:R0@tkref=5.0000: Time to solve stand alone optimisation problem: 0.7981569767
INFO:R0@tkref=5.0000: N of unsatisfied eq: 3
INFO:R0@tkref=5.0000: N of unsatisfied ieq: 8
INFO:R0@tkref=5.0000: Summary: Optimization terminated successfully. after 10 it.
DEBUG:R0@tkref=5.0000: $$$$$$$$ CONFLICT LIST $$$$$$$$: []
INFO:R0: --------------------------
INFO:R0@tkref=6.0000: Time to solve stand alone optimisation problem: 0.570943117142
INFO:R0@tkref=6.0000: N of unsatisfied eq: 3
INFO:R0@tkref=6.0000: N of unsatisfied ieq: 10
INFO:R0@tkref=6.0000: Summary: Optimization terminated successfully. after 7 it.
DEBUG:R0@tkref=6.0000: $$$$$$$$ CONFLICT LIST $$$$$$$$: []
INFO:R0: --------------------------
DEBUG:R0: LAST STEP
DEBUG:R0: Approx remaining dist: 1.04194095285
DEBUG:R0: Usual approx plan dist: 2.0
DEBUG:R0: Approx gain in dist: 0.958059047152
DEBUG:R0: Last step min dist: 0.5
INFO:R0: scale 0.520970476424 Ns 10 Nk 3
INFO:R0@tkref=7.0000: Time to solve stand alone optimisation problem: 0.625034093857
INFO:R0@tkref=7.0000: N of unsatisfied eq: 10
INFO:R0@tkref=7.0000: N of unsatisfied ieq: 5
INFO:R0@tkref=7.0000: Summary: Iteration limit exceeded after 21 it.
DEBUG:R0@tkref=7.0000: $$$$$$$$ CONFLICT LIST $$$$$$$$: []
INFO:R0: Finished motion planning
INFO:R0: --------------------------
INFO:R0: TOT: 8.17120527827
INFO:R0: NSE: 8
INFO:R0: FIR: 3.00898003578
INFO:R0: LAS: 0.625914096832
INFO:R0: LMA: 0
INFO:R0: MAX: 1.05026817322
INFO:R0: MIN: 0.404513120651
INFO:R0: AVG: 0.6818318367
INFO:R0: RMP: 1.05026817322
INFO:R0: RMG: 1.05026817322
