INFO:R0: Init motion planning
INFO:R0@tkref=0.0000: Time to solve stand alone optimisation problem: 1.21013998985
INFO:R0@tkref=0.0000: N of unsatisfied eq: 4
INFO:R0@tkref=0.0000: N of unsatisfied ieq: 9
INFO:R0@tkref=0.0000: Summary: Iteration limit exceeded after 41 it.
DEBUG:R0@tkref=0.0000: $$$$$$$$ CONFLICT LIST $$$$$$$$: []
INFO:R0: --------------------------
INFO:R0@tkref=0.5714: Time to solve stand alone optimisation problem: 0.0309739112854
INFO:R0@tkref=0.5714: N of unsatisfied eq: 3
INFO:R0@tkref=0.5714: N of unsatisfied ieq: 5
INFO:R0@tkref=0.5714: Summary: Optimization terminated successfully. after 1 it.
DEBUG:R0@tkref=0.5714: $$$$$$$$ CONFLICT LIST $$$$$$$$: []
INFO:R0: --------------------------
INFO:R0@tkref=1.1429: Time to solve stand alone optimisation problem: 0.209218025208
INFO:R0@tkref=1.1429: N of unsatisfied eq: 3
INFO:R0@tkref=1.1429: N of unsatisfied ieq: 8
INFO:R0@tkref=1.1429: Summary: Optimization terminated successfully. after 7 it.
DEBUG:R0@tkref=1.1429: $$$$$$$$ CONFLICT LIST $$$$$$$$: []
INFO:R0: --------------------------
INFO:R0@tkref=1.7143: Time to solve stand alone optimisation problem: 0.0324680805206
INFO:R0@tkref=1.7143: N of unsatisfied eq: 5
INFO:R0@tkref=1.7143: N of unsatisfied ieq: 8
INFO:R0@tkref=1.7143: Summary: Optimization terminated successfully. after 1 it.
DEBUG:R0@tkref=1.7143: $$$$$$$$ CONFLICT LIST $$$$$$$$: []
INFO:R0: --------------------------
INFO:R0@tkref=2.2857: Time to solve stand alone optimisation problem: 0.0295770168304
INFO:R0@tkref=2.2857: N of unsatisfied eq: 5
INFO:R0@tkref=2.2857: N of unsatisfied ieq: 7
INFO:R0@tkref=2.2857: Summary: Optimization terminated successfully. after 1 it.
DEBUG:R0@tkref=2.2857: $$$$$$$$ CONFLICT LIST $$$$$$$$: []
INFO:R0: --------------------------
INFO:R0@tkref=2.8571: Time to solve stand alone optimisation problem: 0.0294971466064
INFO:R0@tkref=2.8571: N of unsatisfied eq: 2
INFO:R0@tkref=2.8571: N of unsatisfied ieq: 10
INFO:R0@tkref=2.8571: Summary: Optimization terminated successfully. after 1 it.
DEBUG:R0@tkref=2.8571: $$$$$$$$ CONFLICT LIST $$$$$$$$: []
INFO:R0: --------------------------
INFO:R0@tkref=3.4286: Time to solve stand alone optimisation problem: 0.0295081138611
INFO:R0@tkref=3.4286: N of unsatisfied eq: 3
INFO:R0@tkref=3.4286: N of unsatisfied ieq: 9
INFO:R0@tkref=3.4286: Summary: Optimization terminated successfully. after 1 it.
DEBUG:R0@tkref=3.4286: $$$$$$$$ CONFLICT LIST $$$$$$$$: []
INFO:R0: --------------------------
INFO:R0@tkref=4.0000: Time to solve stand alone optimisation problem: 0.0294659137726
INFO:R0@tkref=4.0000: N of unsatisfied eq: 4
INFO:R0@tkref=4.0000: N of unsatisfied ieq: 8
INFO:R0@tkref=4.0000: Summary: Optimization terminated successfully. after 1 it.
DEBUG:R0@tkref=4.0000: $$$$$$$$ CONFLICT LIST $$$$$$$$: []
INFO:R0: --------------------------
INFO:R0@tkref=4.5714: Time to solve stand alone optimisation problem: 0.0294020175934
INFO:R0@tkref=4.5714: N of unsatisfied eq: 4
INFO:R0@tkref=4.5714: N of unsatisfied ieq: 9
INFO:R0@tkref=4.5714: Summary: Optimization terminated successfully. after 1 it.
DEBUG:R0@tkref=4.5714: $$$$$$$$ CONFLICT LIST $$$$$$$$: []
INFO:R0: --------------------------
INFO:R0@tkref=5.1429: Time to solve stand alone optimisation problem: 0.0301501750946
INFO:R0@tkref=5.1429: N of unsatisfied eq: 4
INFO:R0@tkref=5.1429: N of unsatisfied ieq: 9
INFO:R0@tkref=5.1429: Summary: Optimization terminated successfully. after 1 it.
DEBUG:R0@tkref=5.1429: $$$$$$$$ CONFLICT LIST $$$$$$$$: []
INFO:R0: --------------------------
INFO:R0@tkref=5.7143: Time to solve stand alone optimisation problem: 0.0293321609497
INFO:R0@tkref=5.7143: N of unsatisfied eq: 4
INFO:R0@tkref=5.7143: N of unsatisfied ieq: 7
INFO:R0@tkref=5.7143: Summary: Optimization terminated successfully. after 1 it.
DEBUG:R0@tkref=5.7143: $$$$$$$$ CONFLICT LIST $$$$$$$$: []
INFO:R0: --------------------------
INFO:R0@tkref=6.2857: Time to solve stand alone optimisation problem: 0.0293979644775
INFO:R0@tkref=6.2857: N of unsatisfied eq: 5
INFO:R0@tkref=6.2857: N of unsatisfied ieq: 7
INFO:R0@tkref=6.2857: Summary: Optimization terminated successfully. after 1 it.
DEBUG:R0@tkref=6.2857: $$$$$$$$ CONFLICT LIST $$$$$$$$: []
INFO:R0: --------------------------
DEBUG:R0: LAST STEP
DEBUG:R0: Approx remaining dist: 0.229003167784
DEBUG:R0: Usual approx plan dist: 1.6
DEBUG:R0: Approx gain in dist: 1.37099683222
DEBUG:R0: Last step min dist: 0.0
INFO:R0: scale 0.143126979865 Ns 7 Nk 3
INFO:R0@tkref=6.8571: Time to solve stand alone optimisation problem: 0.29147195816
INFO:R0@tkref=6.8571: N of unsatisfied eq: 10
INFO:R0@tkref=6.8571: N of unsatisfied ieq: 4
INFO:R0@tkref=6.8571: Summary: Iteration limit exceeded after 21 it.
DEBUG:R0@tkref=6.8571: $$$$$$$$ CONFLICT LIST $$$$$$$$: []
INFO:R0: Finished motion planning
INFO:R0: --------------------------
INFO:R0: TOT: 7.11429703545
INFO:R0: NSE: 13
INFO:R0: FIR: 1.21127319336
INFO:R0: LAS: 0.292196035385
INFO:R0: LMA: 1
INFO:R0: MAX: 0.209943771362
INFO:R0: MIN: 0.0300090312958
INFO:R0: AVG: 0.04695278948
INFO:R0: RMP: 0.34530225553
INFO:R0: RMG: 0.480585584515
