INFO:R0: Init motion planning
INFO:R0@tkref=0.0000: Time to solve stand alone optimisation problem: 1.42083692551
INFO:R0@tkref=0.0000: N of unsatisfied eq: 4
INFO:R0@tkref=0.0000: N of unsatisfied ieq: 9
INFO:R0@tkref=0.0000: Summary: Iteration limit exceeded after 41 it.
DEBUG:R0@tkref=0.0000: $$$$$$$$ CONFLICT LIST $$$$$$$$: []
INFO:R0: --------------------------
INFO:R0@tkref=1.6000: Time to solve stand alone optimisation problem: 0.226935863495
INFO:R0@tkref=1.6000: N of unsatisfied eq: 3
INFO:R0@tkref=1.6000: N of unsatisfied ieq: 8
INFO:R0@tkref=1.6000: Summary: Optimization terminated successfully. after 6 it.
DEBUG:R0@tkref=1.6000: $$$$$$$$ CONFLICT LIST $$$$$$$$: []
INFO:R0: --------------------------
INFO:R0@tkref=3.2000: Time to solve stand alone optimisation problem: 0.0404419898987
INFO:R0@tkref=3.2000: N of unsatisfied eq: 4
INFO:R0@tkref=3.2000: N of unsatisfied ieq: 10
INFO:R0@tkref=3.2000: Summary: Optimization terminated successfully. after 1 it.
DEBUG:R0@tkref=3.2000: $$$$$$$$ CONFLICT LIST $$$$$$$$: []
INFO:R0: --------------------------
INFO:R0@tkref=4.8000: Time to solve stand alone optimisation problem: 0.0360000133514
INFO:R0@tkref=4.8000: N of unsatisfied eq: 5
INFO:R0@tkref=4.8000: N of unsatisfied ieq: 9
INFO:R0@tkref=4.8000: Summary: Optimization terminated successfully. after 1 it.
DEBUG:R0@tkref=4.8000: $$$$$$$$ CONFLICT LIST $$$$$$$$: []
INFO:R0: --------------------------
DEBUG:R0: LAST STEP
DEBUG:R0: Approx remaining dist: 0.749245031561
DEBUG:R0: Usual approx plan dist: 2.8
DEBUG:R0: Approx gain in dist: 2.05075496844
DEBUG:R0: Last step min dist: 0.5
INFO:R0: scale 0.267587511272 Ns 7 Nk 3
INFO:R0@tkref=6.4000: Time to solve stand alone optimisation problem: 0.375725030899
INFO:R0@tkref=6.4000: N of unsatisfied eq: 10
INFO:R0@tkref=6.4000: N of unsatisfied ieq: 4
INFO:R0@tkref=6.4000: Summary: Iteration limit exceeded after 21 it.
DEBUG:R0@tkref=6.4000: $$$$$$$$ CONFLICT LIST $$$$$$$$: []
INFO:R0: Finished motion planning
INFO:R0: --------------------------
INFO:R0: TOT: 7.2414105286
INFO:R0: NSE: 5
INFO:R0: FIR: 1.42215013504
INFO:R0: LAS: 0.376808166504
INFO:R0: LMA: 1
INFO:R0: MAX: 0.227813959122
INFO:R0: MIN: 0.0368418693542
INFO:R0: AVG: 0.101971626282
INFO:R0: RMP: 0.135603547096
INFO:R0: RMG: 0.2242905753
