INFO:R0: Init motion planning
INFO:R0@tkref=0.0000: Time to solve stand alone optimisation problem: 1.83337402344
INFO:R0@tkref=0.0000: N of unsatisfied eq: 4
INFO:R0@tkref=0.0000: N of unsatisfied ieq: 11
INFO:R0@tkref=0.0000: Summary: Iteration limit exceeded after 41 it.
DEBUG:R0@tkref=0.0000: $$$$$$$$ CONFLICT LIST $$$$$$$$: []
INFO:R0: --------------------------
INFO:R0@tkref=0.3750: Time to solve stand alone optimisation problem: 0.0890138149261
INFO:R0@tkref=0.3750: N of unsatisfied eq: 3
INFO:R0@tkref=0.3750: N of unsatisfied ieq: 8
INFO:R0@tkref=0.3750: Summary: Optimization terminated successfully. after 2 it.
DEBUG:R0@tkref=0.3750: $$$$$$$$ CONFLICT LIST $$$$$$$$: []
INFO:R0: --------------------------
INFO:R0@tkref=0.7500: Time to solve stand alone optimisation problem: 0.217270851135
INFO:R0@tkref=0.7500: N of unsatisfied eq: 3
INFO:R0@tkref=0.7500: N of unsatisfied ieq: 7
INFO:R0@tkref=0.7500: Summary: Optimization terminated successfully. after 5 it.
DEBUG:R0@tkref=0.7500: $$$$$$$$ CONFLICT LIST $$$$$$$$: []
INFO:R0: --------------------------
INFO:R0@tkref=1.1250: Time to solve stand alone optimisation problem: 0.164480209351
INFO:R0@tkref=1.1250: N of unsatisfied eq: 3
INFO:R0@tkref=1.1250: N of unsatisfied ieq: 14
INFO:R0@tkref=1.1250: Summary: Optimization terminated successfully. after 3 it.
DEBUG:R0@tkref=1.1250: $$$$$$$$ CONFLICT LIST $$$$$$$$: []
INFO:R0: --------------------------
INFO:R0@tkref=1.5000: Time to solve stand alone optimisation problem: 0.367817878723
INFO:R0@tkref=1.5000: N of unsatisfied eq: 1
INFO:R0@tkref=1.5000: N of unsatisfied ieq: 10
INFO:R0@tkref=1.5000: Summary: Optimization terminated successfully. after 7 it.
DEBUG:R0@tkref=1.5000: $$$$$$$$ CONFLICT LIST $$$$$$$$: []
INFO:R0: --------------------------
INFO:R0@tkref=1.8750: Time to solve stand alone optimisation problem: 0.9354159832
INFO:R0@tkref=1.8750: N of unsatisfied eq: 2
INFO:R0@tkref=1.8750: N of unsatisfied ieq: 8
INFO:R0@tkref=1.8750: Summary: Iteration limit exceeded after 16 it.
DEBUG:R0@tkref=1.8750: $$$$$$$$ CONFLICT LIST $$$$$$$$: []
INFO:R0: --------------------------
INFO:R0@tkref=2.2500: Time to solve stand alone optimisation problem: 0.565650939941
INFO:R0@tkref=2.2500: N of unsatisfied eq: 2
INFO:R0@tkref=2.2500: N of unsatisfied ieq: 7
INFO:R0@tkref=2.2500: Summary: Optimization terminated successfully. after 9 it.
DEBUG:R0@tkref=2.2500: $$$$$$$$ CONFLICT LIST $$$$$$$$: []
INFO:R0: --------------------------
INFO:R0@tkref=2.6250: Time to solve stand alone optimisation problem: 0.558420181274
INFO:R0@tkref=2.6250: N of unsatisfied eq: 2
INFO:R0@tkref=2.6250: N of unsatisfied ieq: 8
INFO:R0@tkref=2.6250: Summary: Optimization terminated successfully. after 9 it.
DEBUG:R0@tkref=2.6250: $$$$$$$$ CONFLICT LIST $$$$$$$$: []
INFO:R0: --------------------------
INFO:R0@tkref=3.0000: Time to solve stand alone optimisation problem: 1.00719189644
INFO:R0@tkref=3.0000: N of unsatisfied eq: 3
INFO:R0@tkref=3.0000: N of unsatisfied ieq: 6
INFO:R0@tkref=3.0000: Summary: Iteration limit exceeded after 16 it.
DEBUG:R0@tkref=3.0000: $$$$$$$$ CONFLICT LIST $$$$$$$$: []
INFO:R0: --------------------------
INFO:R0@tkref=3.3750: Time to solve stand alone optimisation problem: 0.481437921524
INFO:R0@tkref=3.3750: N of unsatisfied eq: 3
INFO:R0@tkref=3.3750: N of unsatisfied ieq: 7
INFO:R0@tkref=3.3750: Summary: Optimization terminated successfully. after 8 it.
DEBUG:R0@tkref=3.3750: $$$$$$$$ CONFLICT LIST $$$$$$$$: []
INFO:R0: --------------------------
INFO:R0@tkref=3.7500: Time to solve stand alone optimisation problem: 0.374748945236
INFO:R0@tkref=3.7500: N of unsatisfied eq: 2
INFO:R0@tkref=3.7500: N of unsatisfied ieq: 8
INFO:R0@tkref=3.7500: Summary: Optimization terminated successfully. after 6 it.
DEBUG:R0@tkref=3.7500: $$$$$$$$ CONFLICT LIST $$$$$$$$: []
INFO:R0: --------------------------
INFO:R0@tkref=4.1250: Time to solve stand alone optimisation problem: 0.683302879333
INFO:R0@tkref=4.1250: N of unsatisfied eq: 3
INFO:R0@tkref=4.1250: N of unsatisfied ieq: 8
INFO:R0@tkref=4.1250: Summary: Optimization terminated successfully. after 11 it.
DEBUG:R0@tkref=4.1250: $$$$$$$$ CONFLICT LIST $$$$$$$$: []
INFO:R0: --------------------------
INFO:R0@tkref=4.5000: Time to solve stand alone optimisation problem: 0.376286029816
INFO:R0@tkref=4.5000: N of unsatisfied eq: 3
INFO:R0@tkref=4.5000: N of unsatisfied ieq: 7
INFO:R0@tkref=4.5000: Summary: Optimization terminated successfully. after 6 it.
DEBUG:R0@tkref=4.5000: $$$$$$$$ CONFLICT LIST $$$$$$$$: []
INFO:R0: --------------------------
INFO:R0@tkref=4.8750: Time to solve stand alone optimisation problem: 0.309662103653
INFO:R0@tkref=4.8750: N of unsatisfied eq: 3
INFO:R0@tkref=4.8750: N of unsatisfied ieq: 9
INFO:R0@tkref=4.8750: Summary: Optimization terminated successfully. after 5 it.
DEBUG:R0@tkref=4.8750: $$$$$$$$ CONFLICT LIST $$$$$$$$: []
INFO:R0: --------------------------
INFO:R0@tkref=5.2500: Time to solve stand alone optimisation problem: 0.184406042099
INFO:R0@tkref=5.2500: N of unsatisfied eq: 3
INFO:R0@tkref=5.2500: N of unsatisfied ieq: 9
INFO:R0@tkref=5.2500: Summary: Optimization terminated successfully. after 3 it.
DEBUG:R0@tkref=5.2500: $$$$$$$$ CONFLICT LIST $$$$$$$$: []
INFO:R0: --------------------------
INFO:R0@tkref=5.6250: Time to solve stand alone optimisation problem: 0.0568070411682
INFO:R0@tkref=5.6250: N of unsatisfied eq: 3
INFO:R0@tkref=5.6250: N of unsatisfied ieq: 11
INFO:R0@tkref=5.6250: Summary: Optimization terminated successfully. after 1 it.
DEBUG:R0@tkref=5.6250: $$$$$$$$ CONFLICT LIST $$$$$$$$: []
INFO:R0: --------------------------
INFO:R0@tkref=6.0000: Time to solve stand alone optimisation problem: 0.0577359199524
INFO:R0@tkref=6.0000: N of unsatisfied eq: 3
INFO:R0@tkref=6.0000: N of unsatisfied ieq: 6
INFO:R0@tkref=6.0000: Summary: Optimization terminated successfully. after 1 it.
DEBUG:R0@tkref=6.0000: $$$$$$$$ CONFLICT LIST $$$$$$$$: []
INFO:R0: --------------------------
INFO:R0@tkref=6.3750: Time to solve stand alone optimisation problem: 0.0578310489655
INFO:R0@tkref=6.3750: N of unsatisfied eq: 3
INFO:R0@tkref=6.3750: N of unsatisfied ieq: 7
INFO:R0@tkref=6.3750: Summary: Optimization terminated successfully. after 1 it.
DEBUG:R0@tkref=6.3750: $$$$$$$$ CONFLICT LIST $$$$$$$$: []
INFO:R0: --------------------------
DEBUG:R0: LAST STEP
DEBUG:R0: Approx remaining dist: 0.760984983018
DEBUG:R0: Usual approx plan dist: 2.0
DEBUG:R0: Approx gain in dist: 1.23901501698
DEBUG:R0: Last step min dist: 0.5
INFO:R0: scale 0.380492491509 Ns 7 Nk 3
INFO:R0@tkref=6.7500: Time to solve stand alone optimisation problem: 0.438337087631
INFO:R0@tkref=6.7500: N of unsatisfied eq: 10
INFO:R0@tkref=6.7500: N of unsatisfied ieq: 4
INFO:R0@tkref=6.7500: Summary: Iteration limit exceeded after 21 it.
DEBUG:R0@tkref=6.7500: $$$$$$$$ CONFLICT LIST $$$$$$$$: []
INFO:R0: Finished motion planning
INFO:R0: --------------------------
INFO:R0: TOT: 7.60459081409
INFO:R0: NSE: 19
INFO:R0: FIR: 1.83500289917
INFO:R0: LAS: 0.439527988434
INFO:R0: LMA: 0
INFO:R0: MAX: 1.00808906555
INFO:R0: MIN: 0.0580251216888
INFO:R0: AVG: 0.382704594556
INFO:R0: RMP: 2.52022266388
INFO:R0: RMG: 2.52022266388
