INFO:R0: Init motion planning
INFO:R0@tkref=0.0000: Time to solve stand alone optimisation problem: 1.97221302986
INFO:R0@tkref=0.0000: N of unsatisfied eq: 5
INFO:R0@tkref=0.0000: N of unsatisfied ieq: 8
INFO:R0@tkref=0.0000: Summary: Iteration limit exceeded after 41 it.
DEBUG:R0@tkref=0.0000: $$$$$$$$ CONFLICT LIST $$$$$$$$: []
INFO:R0: --------------------------
INFO:R0@tkref=0.9778: Time to solve stand alone optimisation problem: 0.353018045425
INFO:R0@tkref=0.9778: N of unsatisfied eq: 3
INFO:R0@tkref=0.9778: N of unsatisfied ieq: 8
INFO:R0@tkref=0.9778: Summary: Optimization terminated successfully. after 8 it.
DEBUG:R0@tkref=0.9778: $$$$$$$$ CONFLICT LIST $$$$$$$$: []
INFO:R0: --------------------------
INFO:R0@tkref=1.9556: Time to solve stand alone optimisation problem: 0.94041800499
INFO:R0@tkref=1.9556: N of unsatisfied eq: 2
INFO:R0@tkref=1.9556: N of unsatisfied ieq: 4
INFO:R0@tkref=1.9556: Summary: Iteration limit exceeded after 16 it.
DEBUG:R0@tkref=1.9556: $$$$$$$$ CONFLICT LIST $$$$$$$$: []
INFO:R0: --------------------------
INFO:R0@tkref=2.9333: Time to solve stand alone optimisation problem: 0.52964091301
INFO:R0@tkref=2.9333: N of unsatisfied eq: 2
INFO:R0@tkref=2.9333: N of unsatisfied ieq: 7
INFO:R0@tkref=2.9333: Summary: Optimization terminated successfully. after 8 it.
DEBUG:R0@tkref=2.9333: $$$$$$$$ CONFLICT LIST $$$$$$$$: []
INFO:R0: --------------------------
INFO:R0@tkref=3.9111: Time to solve stand alone optimisation problem: 0.413501977921
INFO:R0@tkref=3.9111: N of unsatisfied eq: 3
INFO:R0@tkref=3.9111: N of unsatisfied ieq: 8
INFO:R0@tkref=3.9111: Summary: Optimization terminated successfully. after 6 it.
DEBUG:R0@tkref=3.9111: $$$$$$$$ CONFLICT LIST $$$$$$$$: []
INFO:R0: --------------------------
INFO:R0@tkref=4.8889: Time to solve stand alone optimisation problem: 0.27512383461
INFO:R0@tkref=4.8889: N of unsatisfied eq: 3
INFO:R0@tkref=4.8889: N of unsatisfied ieq: 9
INFO:R0@tkref=4.8889: Summary: Optimization terminated successfully. after 5 it.
DEBUG:R0@tkref=4.8889: $$$$$$$$ CONFLICT LIST $$$$$$$$: []
INFO:R0: --------------------------
INFO:R0@tkref=5.8667: Time to solve stand alone optimisation problem: 0.147630929947
INFO:R0@tkref=5.8667: N of unsatisfied eq: 3
INFO:R0@tkref=5.8667: N of unsatisfied ieq: 6
INFO:R0@tkref=5.8667: Summary: Optimization terminated successfully. after 3 it.
DEBUG:R0@tkref=5.8667: $$$$$$$$ CONFLICT LIST $$$$$$$$: []
INFO:R0: --------------------------
DEBUG:R0: LAST STEP
DEBUG:R0: Approx remaining dist: 0.990851115591
DEBUG:R0: Usual approx plan dist: 4.4
DEBUG:R0: Approx gain in dist: 3.40914888441
DEBUG:R0: Last step min dist: 0.5
INFO:R0: scale 0.225193435362 Ns 7 Nk 3
INFO:R0@tkref=6.8444: Time to solve stand alone optimisation problem: 0.549988985062
INFO:R0@tkref=6.8444: N of unsatisfied eq: 10
INFO:R0@tkref=6.8444: N of unsatisfied ieq: 4
INFO:R0@tkref=6.8444: Summary: Iteration limit exceeded after 21 it.
DEBUG:R0@tkref=6.8444: $$$$$$$$ CONFLICT LIST $$$$$$$$: []
INFO:R0: Finished motion planning
INFO:R0: --------------------------
INFO:R0: TOT: 7.94967139234
INFO:R0: NSE: 8
INFO:R0: FIR: 1.97475886345
INFO:R0: LAS: 0.550961017609
INFO:R0: LMA: 0
INFO:R0: MAX: 0.94170999527
INFO:R0: MIN: 0.148543119431
INFO:R0: AVG: 0.444256186485
INFO:R0: RMP: 0.802593745971
INFO:R0: RMG: 0.802593745971
