INFO:R0: Init motion planning
INFO:R0@tkref=0.0000: Time to solve stand alone optimisation problem: 1.37511610985
INFO:R0@tkref=0.0000: N of unsatisfied eq: 5
INFO:R0@tkref=0.0000: N of unsatisfied ieq: 7
INFO:R0@tkref=0.0000: Summary: Iteration limit exceeded after 41 it.
DEBUG:R0@tkref=0.0000: $$$$$$$$ CONFLICT LIST $$$$$$$$: []
INFO:R0: --------------------------
INFO:R0@tkref=0.2286: Time to solve stand alone optimisation problem: 0.166497945786
INFO:R0@tkref=0.2286: N of unsatisfied eq: 3
INFO:R0@tkref=0.2286: N of unsatisfied ieq: 5
INFO:R0@tkref=0.2286: Summary: Optimization terminated successfully. after 5 it.
DEBUG:R0@tkref=0.2286: $$$$$$$$ CONFLICT LIST $$$$$$$$: []
INFO:R0: --------------------------
INFO:R0@tkref=0.4571: Time to solve stand alone optimisation problem: 0.0347220897675
INFO:R0@tkref=0.4571: N of unsatisfied eq: 3
INFO:R0@tkref=0.4571: N of unsatisfied ieq: 8
INFO:R0@tkref=0.4571: Summary: Optimization terminated successfully. after 1 it.
DEBUG:R0@tkref=0.4571: $$$$$$$$ CONFLICT LIST $$$$$$$$: []
INFO:R0: --------------------------
INFO:R0@tkref=0.6857: Time to solve stand alone optimisation problem: 0.133707046509
INFO:R0@tkref=0.6857: N of unsatisfied eq: 3
INFO:R0@tkref=0.6857: N of unsatisfied ieq: 9
INFO:R0@tkref=0.6857: Summary: Optimization terminated successfully. after 4 it.
DEBUG:R0@tkref=0.6857: $$$$$$$$ CONFLICT LIST $$$$$$$$: []
INFO:R0: --------------------------
INFO:R0@tkref=0.9143: Time to solve stand alone optimisation problem: 0.049243927002
INFO:R0@tkref=0.9143: N of unsatisfied eq: 3
INFO:R0@tkref=0.9143: N of unsatisfied ieq: 10
INFO:R0@tkref=0.9143: Summary: Optimization terminated successfully. after 1 it.
DEBUG:R0@tkref=0.9143: $$$$$$$$ CONFLICT LIST $$$$$$$$: []
INFO:R0: --------------------------
INFO:R0@tkref=1.1429: Time to solve stand alone optimisation problem: 0.204269886017
INFO:R0@tkref=1.1429: N of unsatisfied eq: 3
INFO:R0@tkref=1.1429: N of unsatisfied ieq: 7
INFO:R0@tkref=1.1429: Summary: Optimization terminated successfully. after 5 it.
DEBUG:R0@tkref=1.1429: $$$$$$$$ CONFLICT LIST $$$$$$$$: []
INFO:R0: --------------------------
INFO:R0@tkref=1.3714: Time to solve stand alone optimisation problem: 0.0424420833588
INFO:R0@tkref=1.3714: N of unsatisfied eq: 3
INFO:R0@tkref=1.3714: N of unsatisfied ieq: 11
INFO:R0@tkref=1.3714: Summary: Optimization terminated successfully. after 1 it.
DEBUG:R0@tkref=1.3714: $$$$$$$$ CONFLICT LIST $$$$$$$$: []
INFO:R0: --------------------------
INFO:R0@tkref=1.6000: Time to solve stand alone optimisation problem: 0.208310127258
INFO:R0@tkref=1.6000: N of unsatisfied eq: 3
INFO:R0@tkref=1.6000: N of unsatisfied ieq: 6
INFO:R0@tkref=1.6000: Summary: Optimization terminated successfully. after 5 it.
DEBUG:R0@tkref=1.6000: $$$$$$$$ CONFLICT LIST $$$$$$$$: []
INFO:R0: --------------------------
INFO:R0@tkref=1.8286: Time to solve stand alone optimisation problem: 0.0500810146332
INFO:R0@tkref=1.8286: N of unsatisfied eq: 3
INFO:R0@tkref=1.8286: N of unsatisfied ieq: 11
INFO:R0@tkref=1.8286: Summary: Optimization terminated successfully. after 1 it.
DEBUG:R0@tkref=1.8286: $$$$$$$$ CONFLICT LIST $$$$$$$$: []
INFO:R0: --------------------------
INFO:R0@tkref=2.0571: Time to solve stand alone optimisation problem: 0.149108886719
INFO:R0@tkref=2.0571: N of unsatisfied eq: 4
INFO:R0@tkref=2.0571: N of unsatisfied ieq: 9
INFO:R0@tkref=2.0571: Summary: Optimization terminated successfully. after 3 it.
DEBUG:R0@tkref=2.0571: $$$$$$$$ CONFLICT LIST $$$$$$$$: []
INFO:R0: --------------------------
INFO:R0@tkref=2.2857: Time to solve stand alone optimisation problem: 0.0499260425568
INFO:R0@tkref=2.2857: N of unsatisfied eq: 3
INFO:R0@tkref=2.2857: N of unsatisfied ieq: 11
INFO:R0@tkref=2.2857: Summary: Optimization terminated successfully. after 1 it.
DEBUG:R0@tkref=2.2857: $$$$$$$$ CONFLICT LIST $$$$$$$$: []
INFO:R0: --------------------------
INFO:R0@tkref=2.5143: Time to solve stand alone optimisation problem: 0.369384050369
INFO:R0@tkref=2.5143: N of unsatisfied eq: 2
INFO:R0@tkref=2.5143: N of unsatisfied ieq: 6
INFO:R0@tkref=2.5143: Summary: Optimization terminated successfully. after 8 it.
DEBUG:R0@tkref=2.5143: $$$$$$$$ CONFLICT LIST $$$$$$$$: []
INFO:R0: --------------------------
INFO:R0@tkref=2.7429: Time to solve stand alone optimisation problem: 0.416535139084
INFO:R0@tkref=2.7429: N of unsatisfied eq: 3
INFO:R0@tkref=2.7429: N of unsatisfied ieq: 6
INFO:R0@tkref=2.7429: Summary: Optimization terminated successfully. after 9 it.
DEBUG:R0@tkref=2.7429: $$$$$$$$ CONFLICT LIST $$$$$$$$: []
INFO:R0: --------------------------
INFO:R0@tkref=2.9714: Time to solve stand alone optimisation problem: 0.748870849609
INFO:R0@tkref=2.9714: N of unsatisfied eq: 3
INFO:R0@tkref=2.9714: N of unsatisfied ieq: 22
INFO:R0@tkref=2.9714: Summary: Iteration limit exceeded after 16 it.
DEBUG:R0@tkref=2.9714: $$$$$$$$ CONFLICT LIST $$$$$$$$: []
INFO:R0: --------------------------
INFO:R0@tkref=3.2000: Time to solve stand alone optimisation problem: 0.578353881836
INFO:R0@tkref=3.2000: N of unsatisfied eq: 3
INFO:R0@tkref=3.2000: N of unsatisfied ieq: 20
INFO:R0@tkref=3.2000: Summary: Iteration limit exceeded after 16 it.
DEBUG:R0@tkref=3.2000: $$$$$$$$ CONFLICT LIST $$$$$$$$: []
INFO:R0: --------------------------
INFO:R0@tkref=3.4286: Time to solve stand alone optimisation problem: 0.856887817383
INFO:R0@tkref=3.4286: N of unsatisfied eq: 4
INFO:R0@tkref=3.4286: N of unsatisfied ieq: 18
INFO:R0@tkref=3.4286: Summary: Iteration limit exceeded after 16 it.
DEBUG:R0@tkref=3.4286: $$$$$$$$ CONFLICT LIST $$$$$$$$: []
INFO:R0: --------------------------
INFO:R0@tkref=3.6571: Time to solve stand alone optimisation problem: 0.368248939514
INFO:R0@tkref=3.6571: N of unsatisfied eq: 3
INFO:R0@tkref=3.6571: N of unsatisfied ieq: 6
INFO:R0@tkref=3.6571: Summary: Optimization terminated successfully. after 8 it.
DEBUG:R0@tkref=3.6571: $$$$$$$$ CONFLICT LIST $$$$$$$$: []
INFO:R0: --------------------------
INFO:R0@tkref=3.8857: Time to solve stand alone optimisation problem: 0.807392835617
INFO:R0@tkref=3.8857: N of unsatisfied eq: 3
INFO:R0@tkref=3.8857: N of unsatisfied ieq: 4
INFO:R0@tkref=3.8857: Summary: Iteration limit exceeded after 16 it.
DEBUG:R0@tkref=3.8857: $$$$$$$$ CONFLICT LIST $$$$$$$$: []
INFO:R0: --------------------------
INFO:R0@tkref=4.1143: Time to solve stand alone optimisation problem: 0.791815042496
INFO:R0@tkref=4.1143: N of unsatisfied eq: 3
INFO:R0@tkref=4.1143: N of unsatisfied ieq: 5
INFO:R0@tkref=4.1143: Summary: Iteration limit exceeded after 16 it.
DEBUG:R0@tkref=4.1143: $$$$$$$$ CONFLICT LIST $$$$$$$$: []
INFO:R0: --------------------------
INFO:R0@tkref=4.3429: Time to solve stand alone optimisation problem: 0.4233481884
INFO:R0@tkref=4.3429: N of unsatisfied eq: 3
INFO:R0@tkref=4.3429: N of unsatisfied ieq: 7
INFO:R0@tkref=4.3429: Summary: Optimization terminated successfully. after 9 it.
DEBUG:R0@tkref=4.3429: $$$$$$$$ CONFLICT LIST $$$$$$$$: []
INFO:R0: --------------------------
INFO:R0@tkref=4.5714: Time to solve stand alone optimisation problem: 0.526421070099
INFO:R0@tkref=4.5714: N of unsatisfied eq: 3
INFO:R0@tkref=4.5714: N of unsatisfied ieq: 8
INFO:R0@tkref=4.5714: Summary: Optimization terminated successfully. after 11 it.
DEBUG:R0@tkref=4.5714: $$$$$$$$ CONFLICT LIST $$$$$$$$: []
INFO:R0: --------------------------
INFO:R0@tkref=4.8000: Time to solve stand alone optimisation problem: 0.328322172165
INFO:R0@tkref=4.8000: N of unsatisfied eq: 3
INFO:R0@tkref=4.8000: N of unsatisfied ieq: 7
INFO:R0@tkref=4.8000: Summary: Optimization terminated successfully. after 7 it.
DEBUG:R0@tkref=4.8000: $$$$$$$$ CONFLICT LIST $$$$$$$$: []
INFO:R0: --------------------------
INFO:R0@tkref=5.0286: Time to solve stand alone optimisation problem: 0.234777927399
INFO:R0@tkref=5.0286: N of unsatisfied eq: 3
INFO:R0@tkref=5.0286: N of unsatisfied ieq: 6
INFO:R0@tkref=5.0286: Summary: Optimization terminated successfully. after 5 it.
DEBUG:R0@tkref=5.0286: $$$$$$$$ CONFLICT LIST $$$$$$$$: []
INFO:R0: --------------------------
INFO:R0@tkref=5.2571: Time to solve stand alone optimisation problem: 0.32345700264
INFO:R0@tkref=5.2571: N of unsatisfied eq: 3
INFO:R0@tkref=5.2571: N of unsatisfied ieq: 6
INFO:R0@tkref=5.2571: Summary: Optimization terminated successfully. after 7 it.
DEBUG:R0@tkref=5.2571: $$$$$$$$ CONFLICT LIST $$$$$$$$: []
INFO:R0: --------------------------
INFO:R0@tkref=5.4857: Time to solve stand alone optimisation problem: 0.234267950058
INFO:R0@tkref=5.4857: N of unsatisfied eq: 3
INFO:R0@tkref=5.4857: N of unsatisfied ieq: 6
INFO:R0@tkref=5.4857: Summary: Optimization terminated successfully. after 5 it.
DEBUG:R0@tkref=5.4857: $$$$$$$$ CONFLICT LIST $$$$$$$$: []
INFO:R0: --------------------------
INFO:R0@tkref=5.7143: Time to solve stand alone optimisation problem: 0.322655916214
INFO:R0@tkref=5.7143: N of unsatisfied eq: 3
INFO:R0@tkref=5.7143: N of unsatisfied ieq: 5
INFO:R0@tkref=5.7143: Summary: Optimization terminated successfully. after 7 it.
DEBUG:R0@tkref=5.7143: $$$$$$$$ CONFLICT LIST $$$$$$$$: []
INFO:R0: --------------------------
INFO:R0@tkref=5.9429: Time to solve stand alone optimisation problem: 0.279075860977
INFO:R0@tkref=5.9429: N of unsatisfied eq: 3
INFO:R0@tkref=5.9429: N of unsatisfied ieq: 5
INFO:R0@tkref=5.9429: Summary: Optimization terminated successfully. after 6 it.
DEBUG:R0@tkref=5.9429: $$$$$$$$ CONFLICT LIST $$$$$$$$: []
INFO:R0: --------------------------
INFO:R0@tkref=6.1714: Time to solve stand alone optimisation problem: 0.285197019577
INFO:R0@tkref=6.1714: N of unsatisfied eq: 3
INFO:R0@tkref=6.1714: N of unsatisfied ieq: 8
INFO:R0@tkref=6.1714: Summary: Optimization terminated successfully. after 6 it.
DEBUG:R0@tkref=6.1714: $$$$$$$$ CONFLICT LIST $$$$$$$$: []
INFO:R0: --------------------------
INFO:R0@tkref=6.4000: Time to solve stand alone optimisation problem: 0.192791938782
INFO:R0@tkref=6.4000: N of unsatisfied eq: 3
INFO:R0@tkref=6.4000: N of unsatisfied ieq: 7
INFO:R0@tkref=6.4000: Summary: Optimization terminated successfully. after 4 it.
DEBUG:R0@tkref=6.4000: $$$$$$$$ CONFLICT LIST $$$$$$$$: []
INFO:R0: --------------------------
INFO:R0@tkref=6.6286: Time to solve stand alone optimisation problem: 0.0851690769196
INFO:R0@tkref=6.6286: N of unsatisfied eq: 3
INFO:R0@tkref=6.6286: N of unsatisfied ieq: 8
INFO:R0@tkref=6.6286: Summary: Optimization terminated successfully. after 2 it.
DEBUG:R0@tkref=6.6286: $$$$$$$$ CONFLICT LIST $$$$$$$$: []
INFO:R0: --------------------------
INFO:R0@tkref=6.8571: Time to solve stand alone optimisation problem: 0.0429258346558
INFO:R0@tkref=6.8571: N of unsatisfied eq: 3
INFO:R0@tkref=6.8571: N of unsatisfied ieq: 11
INFO:R0@tkref=6.8571: Summary: Optimization terminated successfully. after 1 it.
DEBUG:R0@tkref=6.8571: $$$$$$$$ CONFLICT LIST $$$$$$$$: []
INFO:R0: --------------------------
INFO:R0@tkref=7.0857: Time to solve stand alone optimisation problem: 0.165307044983
INFO:R0@tkref=7.0857: N of unsatisfied eq: 3
INFO:R0@tkref=7.0857: N of unsatisfied ieq: 8
INFO:R0@tkref=7.0857: Summary: Optimization terminated successfully. after 4 it.
DEBUG:R0@tkref=7.0857: $$$$$$$$ CONFLICT LIST $$$$$$$$: []
INFO:R0: --------------------------
INFO:R0@tkref=7.3143: Time to solve stand alone optimisation problem: 0.0430061817169
INFO:R0@tkref=7.3143: N of unsatisfied eq: 3
INFO:R0@tkref=7.3143: N of unsatisfied ieq: 10
INFO:R0@tkref=7.3143: Summary: Optimization terminated successfully. after 1 it.
DEBUG:R0@tkref=7.3143: $$$$$$$$ CONFLICT LIST $$$$$$$$: []
INFO:R0: --------------------------
INFO:R0@tkref=7.5429: Time to solve stand alone optimisation problem: 0.0426509380341
INFO:R0@tkref=7.5429: N of unsatisfied eq: 3
INFO:R0@tkref=7.5429: N of unsatisfied ieq: 10
INFO:R0@tkref=7.5429: Summary: Optimization terminated successfully. after 1 it.
DEBUG:R0@tkref=7.5429: $$$$$$$$ CONFLICT LIST $$$$$$$$: []
INFO:R0: --------------------------
INFO:R0@tkref=7.7714: Time to solve stand alone optimisation problem: 0.0426499843597
INFO:R0@tkref=7.7714: N of unsatisfied eq: 3
INFO:R0@tkref=7.7714: N of unsatisfied ieq: 11
INFO:R0@tkref=7.7714: Summary: Optimization terminated successfully. after 1 it.
DEBUG:R0@tkref=7.7714: $$$$$$$$ CONFLICT LIST $$$$$$$$: []
INFO:R0: --------------------------
INFO:R0@tkref=8.0000: Time to solve stand alone optimisation problem: 0.0429508686066
INFO:R0@tkref=8.0000: N of unsatisfied eq: 3
INFO:R0@tkref=8.0000: N of unsatisfied ieq: 9
INFO:R0@tkref=8.0000: Summary: Optimization terminated successfully. after 1 it.
DEBUG:R0@tkref=8.0000: $$$$$$$$ CONFLICT LIST $$$$$$$$: []
INFO:R0: --------------------------
INFO:R0@tkref=8.2286: Time to solve stand alone optimisation problem: 0.0347101688385
INFO:R0@tkref=8.2286: N of unsatisfied eq: 3
INFO:R0@tkref=8.2286: N of unsatisfied ieq: 10
INFO:R0@tkref=8.2286: Summary: Optimization terminated successfully. after 1 it.
DEBUG:R0@tkref=8.2286: $$$$$$$$ CONFLICT LIST $$$$$$$$: []
INFO:R0: --------------------------
DEBUG:R0: LAST STEP
DEBUG:R0: Approx remaining dist: 0.115009308788
DEBUG:R0: Usual approx plan dist: 0.8
DEBUG:R0: Approx gain in dist: 0.684990691212
DEBUG:R0: Last step min dist: 0.0
INFO:R0: scale 0.143761635985 Ns 7 Nk 3
INFO:R0@tkref=8.4571: Time to solve stand alone optimisation problem: 0.36146402359
INFO:R0@tkref=8.4571: N of unsatisfied eq: 10
INFO:R0@tkref=8.4571: N of unsatisfied ieq: 4
INFO:R0@tkref=8.4571: Summary: Iteration limit exceeded after 21 it.
DEBUG:R0@tkref=8.4571: $$$$$$$$ CONFLICT LIST $$$$$$$$: []
INFO:R0: Finished motion planning
INFO:R0: --------------------------
INFO:R0: TOT: 8.58628813371
INFO:R0: NSE: 38
INFO:R0: FIR: 1.37669205666
INFO:R0: LAS: 0.36230802536
INFO:R0: LMA: 0
INFO:R0: MAX: 0.857748031616
INFO:R0: MIN: 0.0355160236359
INFO:R0: AVG: 0.26960990164
INFO:R0: RMP: 3.3505782485
INFO:R0: RMG: 3.3505782485
