INFO:R0: Init motion planning
INFO:R0@tkref=0.0000: Time to solve stand alone optimisation problem: 1.6521089077
INFO:R0@tkref=0.0000: N of unsatisfied eq: 5
INFO:R0@tkref=0.0000: N of unsatisfied ieq: 15
INFO:R0@tkref=0.0000: Summary: Iteration limit exceeded after 41 it.
DEBUG:R0@tkref=0.0000: $$$$$$$$ CONFLICT LIST $$$$$$$$: []
INFO:R0: --------------------------
INFO:R0@tkref=1.5529: Time to solve stand alone optimisation problem: 0.0844430923462
INFO:R0@tkref=1.5529: N of unsatisfied eq: 3
INFO:R0@tkref=1.5529: N of unsatisfied ieq: 6
INFO:R0@tkref=1.5529: Summary: Optimization terminated successfully. after 2 it.
DEBUG:R0@tkref=1.5529: $$$$$$$$ CONFLICT LIST $$$$$$$$: []
INFO:R0: --------------------------
INFO:R0@tkref=3.1059: Time to solve stand alone optimisation problem: 0.0406868457794
INFO:R0@tkref=3.1059: N of unsatisfied eq: 5
INFO:R0@tkref=3.1059: N of unsatisfied ieq: 10
INFO:R0@tkref=3.1059: Summary: Optimization terminated successfully. after 1 it.
DEBUG:R0@tkref=3.1059: $$$$$$$$ CONFLICT LIST $$$$$$$$: []
INFO:R0: --------------------------
INFO:R0@tkref=4.6588: Time to solve stand alone optimisation problem: 0.0367329120636
INFO:R0@tkref=4.6588: N of unsatisfied eq: 5
INFO:R0@tkref=4.6588: N of unsatisfied ieq: 10
INFO:R0@tkref=4.6588: Summary: Optimization terminated successfully. after 1 it.
DEBUG:R0@tkref=4.6588: $$$$$$$$ CONFLICT LIST $$$$$$$$: []
INFO:R0: --------------------------
DEBUG:R0: LAST STEP
DEBUG:R0: Approx remaining dist: 1.03256050853
DEBUG:R0: Usual approx plan dist: 4.4
DEBUG:R0: Approx gain in dist: 3.36743949147
DEBUG:R0: Last step min dist: 0.5
INFO:R0: scale 0.234672842847 Ns 7 Nk 3
INFO:R0@tkref=6.2118: Time to solve stand alone optimisation problem: 0.350118875504
INFO:R0@tkref=6.2118: N of unsatisfied eq: 10
INFO:R0@tkref=6.2118: N of unsatisfied ieq: 4
INFO:R0@tkref=6.2118: Summary: Iteration limit exceeded after 21 it.
DEBUG:R0@tkref=6.2118: $$$$$$$$ CONFLICT LIST $$$$$$$$: []
INFO:R0: Finished motion planning
INFO:R0: --------------------------
INFO:R0: TOT: 7.37138288503
INFO:R0: NSE: 5
INFO:R0: FIR: 1.65433216095
INFO:R0: LAS: 0.350977897644
INFO:R0: LMA: 1
INFO:R0: MAX: 0.0855691432953
INFO:R0: MIN: 0.0375220775604
INFO:R0: AVG: 0.0549070835114
INFO:R0: RMP: 0.0583425977012
INFO:R0: RMG: 0.239303112029
