INFO:R0: Init motion planning
INFO:R0@tkref=0.0000: Time to solve stand alone optimisation problem: 2.71471190453
INFO:R0@tkref=0.0000: N of unsatisfied eq: 4
INFO:R0@tkref=0.0000: N of unsatisfied ieq: 3
INFO:R0@tkref=0.0000: Summary: Iteration limit exceeded after 41 it.
DEBUG:R0@tkref=0.0000: $$$$$$$$ CONFLICT LIST $$$$$$$$: []
INFO:R0: --------------------------
INFO:R0@tkref=2.4750: Time to solve stand alone optimisation problem: 1.48927903175
INFO:R0@tkref=2.4750: N of unsatisfied eq: 3
INFO:R0@tkref=2.4750: N of unsatisfied ieq: 7
INFO:R0@tkref=2.4750: Summary: Iteration limit exceeded after 16 it.
DEBUG:R0@tkref=2.4750: $$$$$$$$ CONFLICT LIST $$$$$$$$: []
INFO:R0: --------------------------
DEBUG:R0: LAST STEP
DEBUG:R0: Approx remaining dist: 2.76936642253
DEBUG:R0: Usual approx plan dist: 3.6
DEBUG:R0: Approx gain in dist: 0.830633577474
DEBUG:R0: Last step min dist: 0.5
INFO:R0: scale 0.769268450702 Ns 13 Nk 4
INFO:R0@tkref=4.9500: Time to solve stand alone optimisation problem: 1.28402400017
INFO:R0@tkref=4.9500: N of unsatisfied eq: 10
INFO:R0@tkref=4.9500: N of unsatisfied ieq: 3
INFO:R0@tkref=4.9500: Summary: Iteration limit exceeded after 21 it.
DEBUG:R0@tkref=4.9500: $$$$$$$$ CONFLICT LIST $$$$$$$$: []
INFO:R0: Finished motion planning
INFO:R0: --------------------------
INFO:R0: TOT: 8.18715731265
INFO:R0: NSE: 3
INFO:R0: FIR: 2.71635198593
INFO:R0: LAS: 1.28494811058
INFO:R0: LMA: 0
INFO:R0: MAX: 1.4901599884
INFO:R0: MIN: 1.4901599884
INFO:R0: AVG: 1.4901599884
INFO:R0: RMP: 0.579506662157
INFO:R0: RMG: 0.579506662157
