INFO:R0: Init motion planning
INFO:R0@tkref=0.0000: Time to solve stand alone optimisation problem: 1.27242588997
INFO:R0@tkref=0.0000: N of unsatisfied eq: 4
INFO:R0@tkref=0.0000: N of unsatisfied ieq: 6
INFO:R0@tkref=0.0000: Summary: Iteration limit exceeded after 41 it.
DEBUG:R0@tkref=0.0000: $$$$$$$$ CONFLICT LIST $$$$$$$$: []
INFO:R0: --------------------------
INFO:R0@tkref=2.0571: Time to solve stand alone optimisation problem: 0.526384830475
INFO:R0@tkref=2.0571: N of unsatisfied eq: 2
INFO:R0@tkref=2.0571: N of unsatisfied ieq: 3
INFO:R0@tkref=2.0571: Summary: Iteration limit exceeded after 16 it.
DEBUG:R0@tkref=2.0571: $$$$$$$$ CONFLICT LIST $$$$$$$$: []
INFO:R0: --------------------------
INFO:R0@tkref=4.1143: Time to solve stand alone optimisation problem: 0.614733219147
INFO:R0@tkref=4.1143: N of unsatisfied eq: 2
INFO:R0@tkref=4.1143: N of unsatisfied ieq: 4
INFO:R0@tkref=4.1143: Summary: Iteration limit exceeded after 16 it.
DEBUG:R0@tkref=4.1143: $$$$$$$$ CONFLICT LIST $$$$$$$$: []
INFO:R0: --------------------------
INFO:R0@tkref=6.1714: Time to solve stand alone optimisation problem: 0.525554895401
INFO:R0@tkref=6.1714: N of unsatisfied eq: 3
INFO:R0@tkref=6.1714: N of unsatisfied ieq: 8
INFO:R0@tkref=6.1714: Summary: Iteration limit exceeded after 16 it.
DEBUG:R0@tkref=6.1714: $$$$$$$$ CONFLICT LIST $$$$$$$$: []
INFO:R0: --------------------------
DEBUG:R0: Big problem 4300280.96932
INFO:R0@tkref=8.2286: Time to solve stand alone optimisation problem: 0.58704996109
INFO:R0@tkref=8.2286: N of unsatisfied eq: 3
INFO:R0@tkref=8.2286: N of unsatisfied ieq: 7
INFO:R0@tkref=8.2286: Summary: Iteration limit exceeded after 16 it.
DEBUG:R0@tkref=8.2286: $$$$$$$$ CONFLICT LIST $$$$$$$$: []
INFO:R0: --------------------------
INFO:R0@tkref=10.2857: Time to solve stand alone optimisation problem: 0.449732065201
INFO:R0@tkref=10.2857: N of unsatisfied eq: 1
INFO:R0@tkref=10.2857: N of unsatisfied ieq: 1
INFO:R0@tkref=10.2857: Summary: Iteration limit exceeded after 16 it.
DEBUG:R0@tkref=10.2857: $$$$$$$$ CONFLICT LIST $$$$$$$$: []
INFO:R0: --------------------------
INFO:R0@tkref=12.3429: Time to solve stand alone optimisation problem: 0.253001213074
INFO:R0@tkref=12.3429: N of unsatisfied eq: 2
INFO:R0@tkref=12.3429: N of unsatisfied ieq: 4
INFO:R0@tkref=12.3429: Summary: Optimization terminated successfully. after 9 it.
DEBUG:R0@tkref=12.3429: $$$$$$$$ CONFLICT LIST $$$$$$$$: []
INFO:R0: --------------------------
INFO:R0@tkref=14.4000: Time to solve stand alone optimisation problem: 0.587546110153
INFO:R0@tkref=14.4000: N of unsatisfied eq: 3
INFO:R0@tkref=14.4000: N of unsatisfied ieq: 4
INFO:R0@tkref=14.4000: Summary: Iteration limit exceeded after 16 it.
DEBUG:R0@tkref=14.4000: $$$$$$$$ CONFLICT LIST $$$$$$$$: []
INFO:R0: --------------------------
INFO:R0@tkref=16.4571: Time to solve stand alone optimisation problem: 0.358203172684
INFO:R0@tkref=16.4571: N of unsatisfied eq: 3
INFO:R0@tkref=16.4571: N of unsatisfied ieq: 9
INFO:R0@tkref=16.4571: Summary: Optimization terminated successfully. after 13 it.
DEBUG:R0@tkref=16.4571: $$$$$$$$ CONFLICT LIST $$$$$$$$: []
INFO:R0: --------------------------
DEBUG:R0: LAST STEP
DEBUG:R0: Approx remaining dist: 1.9236993107
DEBUG:R0: Usual approx plan dist: 4.8
DEBUG:R0: Approx gain in dist: 2.8763006893
DEBUG:R0: Last step min dist: 0.5
INFO:R0: scale 0.400770689729 Ns 7 Nk 3
INFO:R0@tkref=18.5143: Time to solve stand alone optimisation problem: 0.127149105072
INFO:R0@tkref=18.5143: N of unsatisfied eq: 9
INFO:R0@tkref=18.5143: N of unsatisfied ieq: 4
INFO:R0@tkref=18.5143: Summary: Optimization terminated successfully. after 9 it.
DEBUG:R0@tkref=18.5143: $$$$$$$$ CONFLICT LIST $$$$$$$$: []
INFO:R0: Finished motion planning
INFO:R0: --------------------------
INFO:R0: TOT: 21.2638430102
INFO:R0: NSE: 10
INFO:R0: FIR: 1.27443504333
INFO:R0: LAS: 0.12806892395
INFO:R0: LMA: 0
INFO:R0: MAX: 0.615603923798
INFO:R0: MIN: 0.254000902176
INFO:R0: AVG: 0.488902509212
INFO:R0: RMP: 0.291479130586
INFO:R0: RMG: 0.291479130586
