INFO:R0: Init motion planning
INFO:R0@tkref=0.0000: Time to solve stand alone optimisation problem: 1.7177491188
INFO:R0@tkref=0.0000: N of unsatisfied eq: 3
INFO:R0@tkref=0.0000: N of unsatisfied ieq: 2
INFO:R0@tkref=0.0000: Summary: Iteration limit exceeded after 41 it.
DEBUG:R0@tkref=0.0000: $$$$$$$$ CONFLICT LIST $$$$$$$$: []
INFO:R0: --------------------------
INFO:R0@tkref=0.7273: Time to solve stand alone optimisation problem: 0.338786840439
INFO:R0@tkref=0.7273: N of unsatisfied eq: 2
INFO:R0@tkref=0.7273: N of unsatisfied ieq: 7
INFO:R0@tkref=0.7273: Summary: Optimization terminated successfully. after 8 it.
DEBUG:R0@tkref=0.7273: $$$$$$$$ CONFLICT LIST $$$$$$$$: []
INFO:R0: --------------------------
INFO:R0@tkref=1.4545: Time to solve stand alone optimisation problem: 0.364878177643
INFO:R0@tkref=1.4545: N of unsatisfied eq: 2
INFO:R0@tkref=1.4545: N of unsatisfied ieq: 7
INFO:R0@tkref=1.4545: Summary: Optimization terminated successfully. after 7 it.
DEBUG:R0@tkref=1.4545: $$$$$$$$ CONFLICT LIST $$$$$$$$: []
INFO:R0: --------------------------
INFO:R0@tkref=2.1818: Time to solve stand alone optimisation problem: 0.422890901566
INFO:R0@tkref=2.1818: N of unsatisfied eq: 3
INFO:R0@tkref=2.1818: N of unsatisfied ieq: 5
INFO:R0@tkref=2.1818: Summary: Optimization terminated successfully. after 7 it.
DEBUG:R0@tkref=2.1818: $$$$$$$$ CONFLICT LIST $$$$$$$$: []
INFO:R0: --------------------------
INFO:R0@tkref=2.9091: Time to solve stand alone optimisation problem: 0.231167078018
INFO:R0@tkref=2.9091: N of unsatisfied eq: 2
INFO:R0@tkref=2.9091: N of unsatisfied ieq: 6
INFO:R0@tkref=2.9091: Summary: Optimization terminated successfully. after 4 it.
DEBUG:R0@tkref=2.9091: $$$$$$$$ CONFLICT LIST $$$$$$$$: []
INFO:R0: --------------------------
INFO:R0@tkref=3.6364: Time to solve stand alone optimisation problem: 0.28864812851
INFO:R0@tkref=3.6364: N of unsatisfied eq: 2
INFO:R0@tkref=3.6364: N of unsatisfied ieq: 5
INFO:R0@tkref=3.6364: Summary: Optimization terminated successfully. after 5 it.
DEBUG:R0@tkref=3.6364: $$$$$$$$ CONFLICT LIST $$$$$$$$: []
INFO:R0: --------------------------
INFO:R0@tkref=4.3636: Time to solve stand alone optimisation problem: 0.891377925873
INFO:R0@tkref=4.3636: N of unsatisfied eq: 3
INFO:R0@tkref=4.3636: N of unsatisfied ieq: 6
INFO:R0@tkref=4.3636: Summary: Optimization terminated successfully. after 15 it.
DEBUG:R0@tkref=4.3636: $$$$$$$$ CONFLICT LIST $$$$$$$$: []
INFO:R0: --------------------------
INFO:R0@tkref=5.0909: Time to solve stand alone optimisation problem: 0.359356880188
INFO:R0@tkref=5.0909: N of unsatisfied eq: 3
INFO:R0@tkref=5.0909: N of unsatisfied ieq: 7
INFO:R0@tkref=5.0909: Summary: Optimization terminated successfully. after 8 it.
DEBUG:R0@tkref=5.0909: $$$$$$$$ CONFLICT LIST $$$$$$$$: []
INFO:R0: --------------------------
INFO:R0@tkref=5.8182: Time to solve stand alone optimisation problem: 0.0948641300201
INFO:R0@tkref=5.8182: N of unsatisfied eq: 3
INFO:R0@tkref=5.8182: N of unsatisfied ieq: 6
INFO:R0@tkref=5.8182: Summary: Optimization terminated successfully. after 2 it.
DEBUG:R0@tkref=5.8182: $$$$$$$$ CONFLICT LIST $$$$$$$$: []
INFO:R0: --------------------------
INFO:R0@tkref=6.5455: Time to solve stand alone optimisation problem: 0.0430769920349
INFO:R0@tkref=6.5455: N of unsatisfied eq: 3
INFO:R0@tkref=6.5455: N of unsatisfied ieq: 6
INFO:R0@tkref=6.5455: Summary: Optimization terminated successfully. after 1 it.
DEBUG:R0@tkref=6.5455: $$$$$$$$ CONFLICT LIST $$$$$$$$: []
INFO:R0: --------------------------
DEBUG:R0: LAST STEP
DEBUG:R0: Approx remaining dist: 0.34065347199
DEBUG:R0: Usual approx plan dist: 1.6
DEBUG:R0: Approx gain in dist: 1.25934652801
DEBUG:R0: Last step min dist: 0.0
INFO:R0: scale 0.212908419994 Ns 7 Nk 3
INFO:R0@tkref=7.2727: Time to solve stand alone optimisation problem: 0.427897930145
INFO:R0@tkref=7.2727: N of unsatisfied eq: 10
INFO:R0@tkref=7.2727: N of unsatisfied ieq: 4
INFO:R0@tkref=7.2727: Summary: Iteration limit exceeded after 21 it.
DEBUG:R0@tkref=7.2727: $$$$$$$$ CONFLICT LIST $$$$$$$$: []
INFO:R0: Finished motion planning
INFO:R0: --------------------------
INFO:R0: TOT: 7.65526182553
INFO:R0: NSE: 11
INFO:R0: FIR: 1.7192709446
INFO:R0: LAS: 0.428793907166
INFO:R0: LMA: 0
INFO:R0: MAX: 0.892237901688
INFO:R0: MIN: 0.0439300537109
INFO:R0: AVG: 0.338103638755
INFO:R0: RMP: 1.11529737711
INFO:R0: RMG: 1.11529737711
