INFO:R0: Init motion planning
INFO:R0@tkref=0.0000: Time to solve stand alone optimisation problem: 0.951298952103
INFO:R0@tkref=0.0000: N of unsatisfied eq: 4
INFO:R0@tkref=0.0000: N of unsatisfied ieq: 5
INFO:R0@tkref=0.0000: Summary: Iteration limit exceeded after 41 it.
DEBUG:R0@tkref=0.0000: $$$$$$$$ CONFLICT LIST $$$$$$$$: []
INFO:R0: --------------------------
INFO:R0@tkref=3.4667: Time to solve stand alone optimisation problem: 0.0224380493164
INFO:R0@tkref=3.4667: N of unsatisfied eq: 3
INFO:R0@tkref=3.4667: N of unsatisfied ieq: 2
INFO:R0@tkref=3.4667: Summary: Optimization terminated successfully. after 1 it.
DEBUG:R0@tkref=3.4667: $$$$$$$$ CONFLICT LIST $$$$$$$$: []
INFO:R0: --------------------------
DEBUG:R0: LAST STEP
DEBUG:R0: Approx remaining dist: 0.399745493778
DEBUG:R0: Usual approx plan dist: 5.2
DEBUG:R0: Approx gain in dist: 4.80025450622
DEBUG:R0: Last step min dist: 0.5
INFO:R0: scale 0.0768741334189 Ns 7 Nk 3
INFO:R0@tkref=6.9333: Time to solve stand alone optimisation problem: 0.306889057159
INFO:R0@tkref=6.9333: N of unsatisfied eq: 10
INFO:R0@tkref=6.9333: N of unsatisfied ieq: 4
INFO:R0@tkref=6.9333: Summary: Iteration limit exceeded after 21 it.
DEBUG:R0@tkref=6.9333: $$$$$$$$ CONFLICT LIST $$$$$$$$: []
INFO:R0: Finished motion planning
INFO:R0: --------------------------
INFO:R0: TOT: 7.38222941093
INFO:R0: NSE: 3
INFO:R0: FIR: 0.952542066574
INFO:R0: LAS: 0.307703971863
INFO:R0: LMA: 1
INFO:R0: MAX: 0.0231981277466
INFO:R0: MIN: 0.0231981277466
INFO:R0: AVG: 0.0231981277466
INFO:R0: RMP: 0.00719544905291
INFO:R0: RMG: 0.0954416786175
