INFO:R0: Init motion planning
INFO:R0@tkref=0.0000: Time to solve stand alone optimisation problem: 1.7733631134
INFO:R0@tkref=0.0000: N of unsatisfied eq: 5
INFO:R0@tkref=0.0000: N of unsatisfied ieq: 15
INFO:R0@tkref=0.0000: Summary: Iteration limit exceeded after 41 it.
DEBUG:R0@tkref=0.0000: $$$$$$$$ CONFLICT LIST $$$$$$$$: []
INFO:R0: --------------------------
INFO:R0@tkref=1.4118: Time to solve stand alone optimisation problem: 0.215075969696
INFO:R0@tkref=1.4118: N of unsatisfied eq: 3
INFO:R0@tkref=1.4118: N of unsatisfied ieq: 6
INFO:R0@tkref=1.4118: Summary: Optimization terminated successfully. after 5 it.
DEBUG:R0@tkref=1.4118: $$$$$$$$ CONFLICT LIST $$$$$$$$: []
INFO:R0: --------------------------
INFO:R0@tkref=2.8235: Time to solve stand alone optimisation problem: 0.0451209545135
INFO:R0@tkref=2.8235: N of unsatisfied eq: 5
INFO:R0@tkref=2.8235: N of unsatisfied ieq: 8
INFO:R0@tkref=2.8235: Summary: Optimization terminated successfully. after 1 it.
DEBUG:R0@tkref=2.8235: $$$$$$$$ CONFLICT LIST $$$$$$$$: []
INFO:R0: --------------------------
INFO:R0@tkref=4.2353: Time to solve stand alone optimisation problem: 0.0407340526581
INFO:R0@tkref=4.2353: N of unsatisfied eq: 4
INFO:R0@tkref=4.2353: N of unsatisfied ieq: 10
INFO:R0@tkref=4.2353: Summary: Optimization terminated successfully. after 1 it.
DEBUG:R0@tkref=4.2353: $$$$$$$$ CONFLICT LIST $$$$$$$$: []
INFO:R0: --------------------------
DEBUG:R0: LAST STEP
DEBUG:R0: Approx remaining dist: 1.48664883958
DEBUG:R0: Usual approx plan dist: 2.4
DEBUG:R0: Approx gain in dist: 0.913351160417
DEBUG:R0: Last step min dist: 0.5
INFO:R0: scale 0.619437016493 Ns 11 Nk 4
INFO:R0@tkref=5.6471: Time to solve stand alone optimisation problem: 0.183305978775
INFO:R0@tkref=5.6471: N of unsatisfied eq: 10
INFO:R0@tkref=5.6471: N of unsatisfied ieq: 6
INFO:R0@tkref=5.6471: Summary: Optimization terminated successfully. after 7 it.
DEBUG:R0@tkref=5.6471: $$$$$$$$ CONFLICT LIST $$$$$$$$: []
INFO:R0: Finished motion planning
INFO:R0: --------------------------
INFO:R0: TOT: 7.24552545745
INFO:R0: NSE: 5
INFO:R0: FIR: 1.77472805977
INFO:R0: LAS: 0.184467077255
INFO:R0: LMA: 0
INFO:R0: MAX: 0.215921163559
INFO:R0: MIN: 0.0418770313263
INFO:R0: AVG: 0.101246039073
INFO:R0: RMP: 0.160655627648
INFO:R0: RMG: 0.160655627648
