INFO:R0: Init motion planning
INFO:R0@tkref=0.0000: Time to solve stand alone optimisation problem: 1.79075098038
INFO:R0@tkref=0.0000: N of unsatisfied eq: 4
INFO:R0@tkref=0.0000: N of unsatisfied ieq: 9
INFO:R0@tkref=0.0000: Summary: Iteration limit exceeded after 41 it.
DEBUG:R0@tkref=0.0000: $$$$$$$$ CONFLICT LIST $$$$$$$$: []
INFO:R0: --------------------------
INFO:R0@tkref=1.2444: Time to solve stand alone optimisation problem: 0.849299907684
INFO:R0@tkref=1.2444: N of unsatisfied eq: 2
INFO:R0@tkref=1.2444: N of unsatisfied ieq: 6
INFO:R0@tkref=1.2444: Summary: Iteration limit exceeded after 16 it.
DEBUG:R0@tkref=1.2444: $$$$$$$$ CONFLICT LIST $$$$$$$$: []
INFO:R0: --------------------------
INFO:R0@tkref=2.4889: Time to solve stand alone optimisation problem: 0.656678199768
INFO:R0@tkref=2.4889: N of unsatisfied eq: 1
INFO:R0@tkref=2.4889: N of unsatisfied ieq: 8
INFO:R0@tkref=2.4889: Summary: Optimization terminated successfully. after 11 it.
DEBUG:R0@tkref=2.4889: $$$$$$$$ CONFLICT LIST $$$$$$$$: []
INFO:R0: --------------------------
INFO:R0@tkref=3.7333: Time to solve stand alone optimisation problem: 0.821533918381
INFO:R0@tkref=3.7333: N of unsatisfied eq: 2
INFO:R0@tkref=3.7333: N of unsatisfied ieq: 8
INFO:R0@tkref=3.7333: Summary: Optimization terminated successfully. after 13 it.
DEBUG:R0@tkref=3.7333: $$$$$$$$ CONFLICT LIST $$$$$$$$: []
INFO:R0: --------------------------
INFO:R0@tkref=4.9778: Time to solve stand alone optimisation problem: 0.436602830887
INFO:R0@tkref=4.9778: N of unsatisfied eq: 3
INFO:R0@tkref=4.9778: N of unsatisfied ieq: 7
INFO:R0@tkref=4.9778: Summary: Optimization terminated successfully. after 8 it.
DEBUG:R0@tkref=4.9778: $$$$$$$$ CONFLICT LIST $$$$$$$$: []
INFO:R0: --------------------------
INFO:R0@tkref=6.2222: Time to solve stand alone optimisation problem: 0.208149909973
INFO:R0@tkref=6.2222: N of unsatisfied eq: 3
INFO:R0@tkref=6.2222: N of unsatisfied ieq: 9
INFO:R0@tkref=6.2222: Summary: Optimization terminated successfully. after 4 it.
DEBUG:R0@tkref=6.2222: $$$$$$$$ CONFLICT LIST $$$$$$$$: []
INFO:R0: --------------------------
DEBUG:R0: LAST STEP
DEBUG:R0: Approx remaining dist: 0.778377765262
DEBUG:R0: Usual approx plan dist: 5.6
DEBUG:R0: Approx gain in dist: 4.82162223474
DEBUG:R0: Last step min dist: 0.5
INFO:R0: scale 0.138996029511 Ns 7 Nk 3
INFO:R0@tkref=7.4667: Time to solve stand alone optimisation problem: 0.537983179092
INFO:R0@tkref=7.4667: N of unsatisfied eq: 10
INFO:R0@tkref=7.4667: N of unsatisfied ieq: 1
INFO:R0@tkref=7.4667: Summary: Iteration limit exceeded after 21 it.
DEBUG:R0@tkref=7.4667: $$$$$$$$ CONFLICT LIST $$$$$$$$: []
INFO:R0: Finished motion planning
INFO:R0: --------------------------
INFO:R0: TOT: 8.3635784603
INFO:R0: NSE: 7
INFO:R0: FIR: 1.79211497307
INFO:R0: LAS: 0.538951873779
INFO:R0: LMA: 0
INFO:R0: MAX: 0.85060095787
INFO:R0: MIN: 0.209655046463
INFO:R0: AVG: 0.595984792709
INFO:R0: RMP: 0.759465140956
INFO:R0: RMG: 0.759465140956
