INFO:R0: Init motion planning
INFO:R0@tkref=0.0000: Time to solve stand alone optimisation problem: 1.39149022102
INFO:R0@tkref=0.0000: N of unsatisfied eq: 5
INFO:R0@tkref=0.0000: N of unsatisfied ieq: 8
INFO:R0@tkref=0.0000: Summary: Iteration limit exceeded after 41 it.
DEBUG:R0@tkref=0.0000: $$$$$$$$ CONFLICT LIST $$$$$$$$: []
INFO:R0: --------------------------
INFO:R0@tkref=2.1538: Time to solve stand alone optimisation problem: 0.0479519367218
INFO:R0@tkref=2.1538: N of unsatisfied eq: 3
INFO:R0@tkref=2.1538: N of unsatisfied ieq: 5
INFO:R0@tkref=2.1538: Summary: Optimization terminated successfully. after 2 it.
DEBUG:R0@tkref=2.1538: $$$$$$$$ CONFLICT LIST $$$$$$$$: []
INFO:R0: --------------------------
INFO:R0@tkref=4.3077: Time to solve stand alone optimisation problem: 0.0248019695282
INFO:R0@tkref=4.3077: N of unsatisfied eq: 3
INFO:R0@tkref=4.3077: N of unsatisfied ieq: 9
INFO:R0@tkref=4.3077: Summary: Optimization terminated successfully. after 1 it.
DEBUG:R0@tkref=4.3077: $$$$$$$$ CONFLICT LIST $$$$$$$$: []
INFO:R0: --------------------------
DEBUG:R0: LAST STEP
DEBUG:R0: Approx remaining dist: 0.86604904019
DEBUG:R0: Usual approx plan dist: 4.0
DEBUG:R0: Approx gain in dist: 3.13395095981
DEBUG:R0: Last step min dist: 0.5
INFO:R0: scale 0.216512260047 Ns 7 Nk 3
INFO:R0@tkref=6.4615: Time to solve stand alone optimisation problem: 0.298606872559
INFO:R0@tkref=6.4615: N of unsatisfied eq: 10
INFO:R0@tkref=6.4615: N of unsatisfied ieq: 4
INFO:R0@tkref=6.4615: Summary: Iteration limit exceeded after 21 it.
DEBUG:R0@tkref=6.4615: $$$$$$$$ CONFLICT LIST $$$$$$$$: []
INFO:R0: Finished motion planning
INFO:R0: --------------------------
INFO:R0: TOT: 7.43413370255
INFO:R0: NSE: 4
INFO:R0: FIR: 1.39262008667
INFO:R0: LAS: 0.299321889877
INFO:R0: LMA: 1
INFO:R0: MAX: 0.0486419200897
INFO:R0: MIN: 0.0254719257355
INFO:R0: AVG: 0.0370569229126
INFO:R0: RMP: 0.0243209600449
INFO:R0: RMG: 0.149660944939
