INFO:R0: Init motion planning
INFO:R0@tkref=0.0000: Time to solve stand alone optimisation problem: 1.87093281746
INFO:R0@tkref=0.0000: N of unsatisfied eq: 5
INFO:R0@tkref=0.0000: N of unsatisfied ieq: 8
INFO:R0@tkref=0.0000: Summary: Iteration limit exceeded after 41 it.
DEBUG:R0@tkref=0.0000: $$$$$$$$ CONFLICT LIST $$$$$$$$: []
INFO:R0: --------------------------
INFO:R0@tkref=2.4444: Time to solve stand alone optimisation problem: 1.05046796799
INFO:R0@tkref=2.4444: N of unsatisfied eq: 1
INFO:R0@tkref=2.4444: N of unsatisfied ieq: 8
INFO:R0@tkref=2.4444: Summary: Iteration limit exceeded after 16 it.
DEBUG:R0@tkref=2.4444: $$$$$$$$ CONFLICT LIST $$$$$$$$: []
INFO:R0: --------------------------
DEBUG:R0: LAST STEP
DEBUG:R0: Approx remaining dist: 2.63598827614
DEBUG:R0: Usual approx plan dist: 4.4
DEBUG:R0: Approx gain in dist: 1.76401172386
DEBUG:R0: Last step min dist: 0.5
INFO:R0: scale 0.599088244576 Ns 8 Nk 4
INFO:R0@tkref=4.8889: Time to solve stand alone optimisation problem: 0.711599826813
INFO:R0@tkref=4.8889: N of unsatisfied eq: 10
INFO:R0@tkref=4.8889: N of unsatisfied ieq: 4
INFO:R0@tkref=4.8889: Summary: Iteration limit exceeded after 21 it.
DEBUG:R0@tkref=4.8889: $$$$$$$$ CONFLICT LIST $$$$$$$$: []
INFO:R0: Finished motion planning
INFO:R0: --------------------------
INFO:R0: TOT: 7.94989555376
INFO:R0: NSE: 3
INFO:R0: FIR: 1.87282514572
INFO:R0: LAS: 0.712629079819
INFO:R0: LMA: 0
INFO:R0: MAX: 1.05138516426
INFO:R0: MIN: 1.05138516426
INFO:R0: AVG: 1.05138516426
INFO:R0: RMP: 0.448033450679
INFO:R0: RMG: 0.448033450679
