INFO:R0: Init motion planning
INFO:R0@tkref=0.0000: Time to solve stand alone optimisation problem: 1.59757018089
INFO:R0@tkref=0.0000: N of unsatisfied eq: 5
INFO:R0@tkref=0.0000: N of unsatisfied ieq: 8
INFO:R0@tkref=0.0000: Summary: Iteration limit exceeded after 41 it.
DEBUG:R0@tkref=0.0000: $$$$$$$$ CONFLICT LIST $$$$$$$$: []
INFO:R0: --------------------------
INFO:R0@tkref=1.7778: Time to solve stand alone optimisation problem: 0.715291023254
INFO:R0@tkref=1.7778: N of unsatisfied eq: 1
INFO:R0@tkref=1.7778: N of unsatisfied ieq: 6
INFO:R0@tkref=1.7778: Summary: Optimization terminated successfully. after 15 it.
DEBUG:R0@tkref=1.7778: $$$$$$$$ CONFLICT LIST $$$$$$$$: []
INFO:R0: --------------------------
INFO:R0@tkref=3.5556: Time to solve stand alone optimisation problem: 0.847398996353
INFO:R0@tkref=3.5556: N of unsatisfied eq: 3
INFO:R0@tkref=3.5556: N of unsatisfied ieq: 4
INFO:R0@tkref=3.5556: Summary: Iteration limit exceeded after 16 it.
DEBUG:R0@tkref=3.5556: $$$$$$$$ CONFLICT LIST $$$$$$$$: []
INFO:R0: --------------------------
INFO:R0@tkref=5.3333: Time to solve stand alone optimisation problem: 0.477030992508
INFO:R0@tkref=5.3333: N of unsatisfied eq: 2
INFO:R0@tkref=5.3333: N of unsatisfied ieq: 6
INFO:R0@tkref=5.3333: Summary: Optimization terminated successfully. after 9 it.
DEBUG:R0@tkref=5.3333: $$$$$$$$ CONFLICT LIST $$$$$$$$: []
INFO:R0: --------------------------
DEBUG:R0: LAST STEP
DEBUG:R0: Approx remaining dist: 1.54620394258
DEBUG:R0: Usual approx plan dist: 3.2
DEBUG:R0: Approx gain in dist: 1.65379605742
DEBUG:R0: Last step min dist: 0.5
INFO:R0: scale 0.483188732055 Ns 7 Nk 3
INFO:R0@tkref=7.1111: Time to solve stand alone optimisation problem: 0.520972013474
INFO:R0@tkref=7.1111: N of unsatisfied eq: 10
INFO:R0@tkref=7.1111: N of unsatisfied ieq: 3
INFO:R0@tkref=7.1111: Summary: Iteration limit exceeded after 21 it.
DEBUG:R0@tkref=7.1111: $$$$$$$$ CONFLICT LIST $$$$$$$$: []
INFO:R0: Finished motion planning
INFO:R0: --------------------------
INFO:R0: TOT: 8.85038509102
INFO:R0: NSE: 5
INFO:R0: FIR: 1.59894394875
INFO:R0: LAS: 0.52189707756
INFO:R0: LMA: 0
INFO:R0: MAX: 0.84862112999
INFO:R0: MIN: 0.478039979935
INFO:R0: AVG: 0.680953979492
INFO:R0: RMP: 0.530388206244
INFO:R0: RMG: 0.530388206244
