INFO:R0: Init motion planning
INFO:R0@tkref=0.0000: Time to solve stand alone optimisation problem: 2.76585316658
INFO:R0@tkref=0.0000: N of unsatisfied eq: 4
INFO:R0@tkref=0.0000: N of unsatisfied ieq: 6
INFO:R0@tkref=0.0000: Summary: Iteration limit exceeded after 41 it.
DEBUG:R0@tkref=0.0000: $$$$$$$$ CONFLICT LIST $$$$$$$$: []
INFO:R0: --------------------------
INFO:R0@tkref=2.5000: Time to solve stand alone optimisation problem: 1.53693914413
INFO:R0@tkref=2.5000: N of unsatisfied eq: 2
INFO:R0@tkref=2.5000: N of unsatisfied ieq: 8
INFO:R0@tkref=2.5000: Summary: Iteration limit exceeded after 16 it.
DEBUG:R0@tkref=2.5000: $$$$$$$$ CONFLICT LIST $$$$$$$$: []
INFO:R0: --------------------------
DEBUG:R0: LAST STEP
DEBUG:R0: Approx remaining dist: 2.75275843037
DEBUG:R0: Usual approx plan dist: 4.0
DEBUG:R0: Approx gain in dist: 1.24724156963
DEBUG:R0: Last step min dist: 0.5
INFO:R0: scale 0.688189607594 Ns 12 Nk 3
INFO:R0@tkref=5.0000: Time to solve stand alone optimisation problem: 0.14382314682
INFO:R0@tkref=5.0000: N of unsatisfied eq: 10
INFO:R0@tkref=5.0000: N of unsatisfied ieq: 11
INFO:R0@tkref=5.0000: Summary: Optimization terminated successfully. after 7 it.
DEBUG:R0@tkref=5.0000: $$$$$$$$ CONFLICT LIST $$$$$$$$: []
INFO:R0: Finished motion planning
INFO:R0: --------------------------
INFO:R0: TOT: 7.75275842921
INFO:R0: NSE: 3
INFO:R0: FIR: 2.76747894287
INFO:R0: LAS: 0.144941091537
INFO:R0: LMA: 0
INFO:R0: MAX: 1.53869700432
INFO:R0: MIN: 1.53869700432
INFO:R0: AVG: 1.53869700432
INFO:R0: RMP: 0.591806540122
INFO:R0: RMG: 0.591806540122
