INFO:R0: Init motion planning
INFO:R0@tkref=0.0000: Time to solve stand alone optimisation problem: 2.93229007721
INFO:R0@tkref=0.0000: N of unsatisfied eq: 4
INFO:R0@tkref=0.0000: N of unsatisfied ieq: 8
INFO:R0@tkref=0.0000: Summary: Iteration limit exceeded after 41 it.
DEBUG:R0@tkref=0.0000: $$$$$$$$ CONFLICT LIST $$$$$$$$: []
INFO:R0: --------------------------
INFO:R0@tkref=2.8889: Time to solve stand alone optimisation problem: 1.13386011124
INFO:R0@tkref=2.8889: N of unsatisfied eq: 2
INFO:R0@tkref=2.8889: N of unsatisfied ieq: 4
INFO:R0@tkref=2.8889: Summary: Optimization terminated successfully. after 11 it.
DEBUG:R0@tkref=2.8889: $$$$$$$$ CONFLICT LIST $$$$$$$$: []
INFO:R0: --------------------------
DEBUG:R0: LAST STEP
DEBUG:R0: Approx remaining dist: 2.18328078302
DEBUG:R0: Usual approx plan dist: 5.2
DEBUG:R0: Approx gain in dist: 3.01671921698
DEBUG:R0: Last step min dist: 0.5
INFO:R0: scale 0.419861689043 Ns 8 Nk 3
INFO:R0@tkref=5.7778: Time to solve stand alone optimisation problem: 0.529231071472
INFO:R0@tkref=5.7778: N of unsatisfied eq: 10
INFO:R0@tkref=5.7778: N of unsatisfied ieq: 3
INFO:R0@tkref=5.7778: Summary: Optimization terminated successfully. after 19 it.
DEBUG:R0@tkref=5.7778: $$$$$$$$ CONFLICT LIST $$$$$$$$: []
INFO:R0: Finished motion planning
INFO:R0: --------------------------
INFO:R0: TOT: 8.45808739682
INFO:R0: NSE: 3
INFO:R0: FIR: 2.93424606323
INFO:R0: LAS: 0.530165910721
INFO:R0: LMA: 0
INFO:R0: MAX: 1.13477706909
INFO:R0: MIN: 1.13477706909
INFO:R0: AVG: 1.13477706909
INFO:R0: RMP: 0.389689927573
INFO:R0: RMG: 0.389689927573
