INFO:R0: Init motion planning
INFO:R0@tkref=0.0000: Time to solve stand alone optimisation problem: 1.74939894676
INFO:R0@tkref=0.0000: N of unsatisfied eq: 5
INFO:R0@tkref=0.0000: N of unsatisfied ieq: 4
INFO:R0@tkref=0.0000: Summary: Iteration limit exceeded after 41 it.
DEBUG:R0@tkref=0.0000: $$$$$$$$ CONFLICT LIST $$$$$$$$: []
INFO:R0: --------------------------
INFO:R0@tkref=2.1818: Time to solve stand alone optimisation problem: 0.483757019043
INFO:R0@tkref=2.1818: N of unsatisfied eq: 3
INFO:R0@tkref=2.1818: N of unsatisfied ieq: 4
INFO:R0@tkref=2.1818: Summary: Optimization terminated successfully. after 9 it.
DEBUG:R0@tkref=2.1818: $$$$$$$$ CONFLICT LIST $$$$$$$$: []
INFO:R0: --------------------------
INFO:R0@tkref=4.3636: Time to solve stand alone optimisation problem: 0.931129932404
INFO:R0@tkref=4.3636: N of unsatisfied eq: 3
INFO:R0@tkref=4.3636: N of unsatisfied ieq: 3
INFO:R0@tkref=4.3636: Summary: Iteration limit exceeded after 16 it.
DEBUG:R0@tkref=4.3636: $$$$$$$$ CONFLICT LIST $$$$$$$$: []
INFO:R0: --------------------------
INFO:R0@tkref=6.5455: Time to solve stand alone optimisation problem: 0.503693819046
INFO:R0@tkref=6.5455: N of unsatisfied eq: 3
INFO:R0@tkref=6.5455: N of unsatisfied ieq: 4
INFO:R0@tkref=6.5455: Summary: Optimization terminated successfully. after 11 it.
DEBUG:R0@tkref=6.5455: $$$$$$$$ CONFLICT LIST $$$$$$$$: []
INFO:R0: --------------------------
DEBUG:R0: LAST STEP
DEBUG:R0: Approx remaining dist: 1.50168580318
DEBUG:R0: Usual approx plan dist: 4.0
DEBUG:R0: Approx gain in dist: 2.49831419682
DEBUG:R0: Last step min dist: 0.5
INFO:R0: scale 0.375421450795 Ns 7 Nk 3
INFO:R0@tkref=8.7273: Time to solve stand alone optimisation problem: 0.50720000267
INFO:R0@tkref=8.7273: N of unsatisfied eq: 10
INFO:R0@tkref=8.7273: N of unsatisfied ieq: 2
INFO:R0@tkref=8.7273: Summary: Iteration limit exceeded after 21 it.
DEBUG:R0@tkref=8.7273: $$$$$$$$ CONFLICT LIST $$$$$$$$: []
INFO:R0: Finished motion planning
INFO:R0: --------------------------
INFO:R0: TOT: 10.4935366517
INFO:R0: NSE: 5
INFO:R0: FIR: 1.75104594231
INFO:R0: LAS: 0.508368968964
INFO:R0: LMA: 0
INFO:R0: MAX: 0.931992053986
INFO:R0: MIN: 0.484676837921
INFO:R0: AVG: 0.640576283137
INFO:R0: RMP: 0.465996026993
INFO:R0: RMG: 0.465996026993
