INFO:R0: Init motion planning
INFO:R0@tkref=0.0000: Time to solve stand alone optimisation problem: 1.62451601028
INFO:R0@tkref=0.0000: N of unsatisfied eq: 4
INFO:R0@tkref=0.0000: N of unsatisfied ieq: 8
INFO:R0@tkref=0.0000: Summary: Iteration limit exceeded after 41 it.
DEBUG:R0@tkref=0.0000: $$$$$$$$ CONFLICT LIST $$$$$$$$: []
INFO:R0: --------------------------
INFO:R0@tkref=3.1500: Time to solve stand alone optimisation problem: 0.0387401580811
INFO:R0@tkref=3.1500: N of unsatisfied eq: 3
INFO:R0@tkref=3.1500: N of unsatisfied ieq: 5
INFO:R0@tkref=3.1500: Summary: Optimization terminated successfully. after 1 it.
DEBUG:R0@tkref=3.1500: $$$$$$$$ CONFLICT LIST $$$$$$$$: []
INFO:R0: --------------------------
DEBUG:R0: LAST STEP
DEBUG:R0: Approx remaining dist: 1.00108449167
DEBUG:R0: Usual approx plan dist: 5.6
DEBUG:R0: Approx gain in dist: 4.59891550833
DEBUG:R0: Last step min dist: 0.5
INFO:R0: scale 0.178765087798 Ns 7 Nk 3
INFO:R0@tkref=6.3000: Time to solve stand alone optimisation problem: 0.356517076492
INFO:R0@tkref=6.3000: N of unsatisfied eq: 10
INFO:R0@tkref=6.3000: N of unsatisfied ieq: 4
INFO:R0@tkref=6.3000: Summary: Iteration limit exceeded after 21 it.
DEBUG:R0@tkref=6.3000: $$$$$$$$ CONFLICT LIST $$$$$$$$: []
INFO:R0: Finished motion planning
INFO:R0: --------------------------
INFO:R0: TOT: 7.42426516667
INFO:R0: NSE: 3
INFO:R0: FIR: 1.62585091591
INFO:R0: LAS: 0.357326984406
INFO:R0: LMA: 1
INFO:R0: MAX: 0.0395569801331
INFO:R0: MIN: 0.0395569801331
INFO:R0: AVG: 0.0395569801331
INFO:R0: RMP: 0.012140814215
INFO:R0: RMG: 0.109670670437
