INFO:R0: Init motion planning
INFO:R0@tkref=0.0000: Time to solve stand alone optimisation problem: 1.76484012604
INFO:R0@tkref=0.0000: N of unsatisfied eq: 4
INFO:R0@tkref=0.0000: N of unsatisfied ieq: 4
INFO:R0@tkref=0.0000: Summary: Iteration limit exceeded after 41 it.
DEBUG:R0@tkref=0.0000: $$$$$$$$ CONFLICT LIST $$$$$$$$: []
INFO:R0: --------------------------
INFO:R0@tkref=1.1200: Time to solve stand alone optimisation problem: 0.262714147568
INFO:R0@tkref=1.1200: N of unsatisfied eq: 3
INFO:R0@tkref=1.1200: N of unsatisfied ieq: 8
INFO:R0@tkref=1.1200: Summary: Optimization terminated successfully. after 5 it.
DEBUG:R0@tkref=1.1200: $$$$$$$$ CONFLICT LIST $$$$$$$$: []
INFO:R0: --------------------------
INFO:R0@tkref=2.2400: Time to solve stand alone optimisation problem: 0.555638790131
INFO:R0@tkref=2.2400: N of unsatisfied eq: 3
INFO:R0@tkref=2.2400: N of unsatisfied ieq: 7
INFO:R0@tkref=2.2400: Summary: Optimization terminated successfully. after 9 it.
DEBUG:R0@tkref=2.2400: $$$$$$$$ CONFLICT LIST $$$$$$$$: []
INFO:R0: --------------------------
INFO:R0@tkref=3.3600: Time to solve stand alone optimisation problem: 0.484809875488
INFO:R0@tkref=3.3600: N of unsatisfied eq: 3
INFO:R0@tkref=3.3600: N of unsatisfied ieq: 7
INFO:R0@tkref=3.3600: Summary: Optimization terminated successfully. after 7 it.
DEBUG:R0@tkref=3.3600: $$$$$$$$ CONFLICT LIST $$$$$$$$: []
INFO:R0: --------------------------
INFO:R0@tkref=4.4800: Time to solve stand alone optimisation problem: 0.582677841187
INFO:R0@tkref=4.4800: N of unsatisfied eq: 3
INFO:R0@tkref=4.4800: N of unsatisfied ieq: 7
INFO:R0@tkref=4.4800: Summary: Optimization terminated successfully. after 11 it.
DEBUG:R0@tkref=4.4800: $$$$$$$$ CONFLICT LIST $$$$$$$$: []
INFO:R0: --------------------------
INFO:R0@tkref=5.6000: Time to solve stand alone optimisation problem: 0.281998872757
INFO:R0@tkref=5.6000: N of unsatisfied eq: 3
INFO:R0@tkref=5.6000: N of unsatisfied ieq: 7
INFO:R0@tkref=5.6000: Summary: Optimization terminated successfully. after 6 it.
DEBUG:R0@tkref=5.6000: $$$$$$$$ CONFLICT LIST $$$$$$$$: []
INFO:R0: --------------------------
DEBUG:R0: LAST STEP
DEBUG:R0: Approx remaining dist: 0.830290770659
DEBUG:R0: Usual approx plan dist: 1.6
DEBUG:R0: Approx gain in dist: 0.769709229341
DEBUG:R0: Last step min dist: 0.0
INFO:R0: scale 0.518931731662 Ns 7 Nk 3
INFO:R0@tkref=6.7200: Time to solve stand alone optimisation problem: 0.464560031891
INFO:R0@tkref=6.7200: N of unsatisfied eq: 10
INFO:R0@tkref=6.7200: N of unsatisfied ieq: 4
INFO:R0@tkref=6.7200: Summary: Iteration limit exceeded after 21 it.
DEBUG:R0@tkref=6.7200: $$$$$$$$ CONFLICT LIST $$$$$$$$: []
INFO:R0: Finished motion planning
INFO:R0: --------------------------
INFO:R0: TOT: 7.65252745356
INFO:R0: NSE: 7
INFO:R0: FIR: 1.76650094986
INFO:R0: LAS: 0.465402126312
INFO:R0: LMA: 0
INFO:R0: MAX: 0.583514928818
INFO:R0: MIN: 0.263642072678
INFO:R0: AVG: 0.434528589249
INFO:R0: RMP: 0.536318868399
INFO:R0: RMG: 0.536318868399
