INFO:R0: Init motion planning
INFO:R0@tkref=0.0000: Time to solve stand alone optimisation problem: 1.3449280262
INFO:R0@tkref=0.0000: N of unsatisfied eq: 5
INFO:R0@tkref=0.0000: N of unsatisfied ieq: 7
INFO:R0@tkref=0.0000: Summary: Iteration limit exceeded after 41 it.
DEBUG:R0@tkref=0.0000: $$$$$$$$ CONFLICT LIST $$$$$$$$: []
INFO:R0: --------------------------
INFO:R0@tkref=1.4857: Time to solve stand alone optimisation problem: 0.225080966949
INFO:R0@tkref=1.4857: N of unsatisfied eq: 2
INFO:R0@tkref=1.4857: N of unsatisfied ieq: 6
INFO:R0@tkref=1.4857: Summary: Optimization terminated successfully. after 6 it.
DEBUG:R0@tkref=1.4857: $$$$$$$$ CONFLICT LIST $$$$$$$$: []
INFO:R0: --------------------------
INFO:R0@tkref=2.9714: Time to solve stand alone optimisation problem: 0.535852909088
INFO:R0@tkref=2.9714: N of unsatisfied eq: 2
INFO:R0@tkref=2.9714: N of unsatisfied ieq: 5
INFO:R0@tkref=2.9714: Summary: Optimization terminated successfully. after 12 it.
DEBUG:R0@tkref=2.9714: $$$$$$$$ CONFLICT LIST $$$$$$$$: []
INFO:R0: --------------------------
INFO:R0@tkref=4.4571: Time to solve stand alone optimisation problem: 0.727933883667
INFO:R0@tkref=4.4571: N of unsatisfied eq: 2
INFO:R0@tkref=4.4571: N of unsatisfied ieq: 4
INFO:R0@tkref=4.4571: Summary: Iteration limit exceeded after 16 it.
DEBUG:R0@tkref=4.4571: $$$$$$$$ CONFLICT LIST $$$$$$$$: []
INFO:R0: --------------------------
INFO:R0@tkref=5.9429: Time to solve stand alone optimisation problem: 0.316444158554
INFO:R0@tkref=5.9429: N of unsatisfied eq: 3
INFO:R0@tkref=5.9429: N of unsatisfied ieq: 6
INFO:R0@tkref=5.9429: Summary: Optimization terminated successfully. after 7 it.
DEBUG:R0@tkref=5.9429: $$$$$$$$ CONFLICT LIST $$$$$$$$: []
INFO:R0: --------------------------
DEBUG:R0: LAST STEP
DEBUG:R0: Approx remaining dist: 1.41113153386
DEBUG:R0: Usual approx plan dist: 5.2
DEBUG:R0: Approx gain in dist: 3.78886846614
DEBUG:R0: Last step min dist: 0.5
INFO:R0: scale 0.271371448819 Ns 7 Nk 3
INFO:R0@tkref=7.4286: Time to solve stand alone optimisation problem: 0.40790605545
INFO:R0@tkref=7.4286: N of unsatisfied eq: 10
INFO:R0@tkref=7.4286: N of unsatisfied ieq: 4
INFO:R0@tkref=7.4286: Summary: Iteration limit exceeded after 21 it.
DEBUG:R0@tkref=7.4286: $$$$$$$$ CONFLICT LIST $$$$$$$$: []
INFO:R0: Finished motion planning
INFO:R0: --------------------------
INFO:R0: TOT: 9.00529455819
INFO:R0: NSE: 6
INFO:R0: FIR: 1.34617495537
INFO:R0: LAS: 0.40877199173
INFO:R0: LMA: 0
INFO:R0: MAX: 0.728791952133
INFO:R0: MIN: 0.225964069366
INFO:R0: AVG: 0.452195048332
INFO:R0: RMP: 0.539047301874
INFO:R0: RMG: 0.539047301874
