INFO:R0: Init motion planning
INFO:R0@tkref=0.0000: Time to solve stand alone optimisation problem: 1.6771261692
INFO:R0@tkref=0.0000: N of unsatisfied eq: 5
INFO:R0@tkref=0.0000: N of unsatisfied ieq: 13
INFO:R0@tkref=0.0000: Summary: Iteration limit exceeded after 41 it.
DEBUG:R0@tkref=0.0000: $$$$$$$$ CONFLICT LIST $$$$$$$$: []
INFO:R0: --------------------------
INFO:R0@tkref=1.1733: Time to solve stand alone optimisation problem: 0.268581151962
INFO:R0@tkref=1.1733: N of unsatisfied eq: 3
INFO:R0@tkref=1.1733: N of unsatisfied ieq: 7
INFO:R0@tkref=1.1733: Summary: Optimization terminated successfully. after 5 it.
DEBUG:R0@tkref=1.1733: $$$$$$$$ CONFLICT LIST $$$$$$$$: []
INFO:R0: --------------------------
INFO:R0@tkref=2.3467: Time to solve stand alone optimisation problem: 0.477130889893
INFO:R0@tkref=2.3467: N of unsatisfied eq: 2
INFO:R0@tkref=2.3467: N of unsatisfied ieq: 7
INFO:R0@tkref=2.3467: Summary: Optimization terminated successfully. after 8 it.
DEBUG:R0@tkref=2.3467: $$$$$$$$ CONFLICT LIST $$$$$$$$: []
INFO:R0: --------------------------
INFO:R0@tkref=3.5200: Time to solve stand alone optimisation problem: 0.33443903923
INFO:R0@tkref=3.5200: N of unsatisfied eq: 2
INFO:R0@tkref=3.5200: N of unsatisfied ieq: 6
INFO:R0@tkref=3.5200: Summary: Optimization terminated successfully. after 6 it.
DEBUG:R0@tkref=3.5200: $$$$$$$$ CONFLICT LIST $$$$$$$$: []
INFO:R0: --------------------------
INFO:R0@tkref=4.6933: Time to solve stand alone optimisation problem: 0.494961977005
INFO:R0@tkref=4.6933: N of unsatisfied eq: 3
INFO:R0@tkref=4.6933: N of unsatisfied ieq: 6
INFO:R0@tkref=4.6933: Summary: Optimization terminated successfully. after 9 it.
DEBUG:R0@tkref=4.6933: $$$$$$$$ CONFLICT LIST $$$$$$$$: []
INFO:R0: --------------------------
INFO:R0@tkref=5.8667: Time to solve stand alone optimisation problem: 0.0979969501495
INFO:R0@tkref=5.8667: N of unsatisfied eq: 3
INFO:R0@tkref=5.8667: N of unsatisfied ieq: 6
INFO:R0@tkref=5.8667: Summary: Optimization terminated successfully. after 2 it.
DEBUG:R0@tkref=5.8667: $$$$$$$$ CONFLICT LIST $$$$$$$$: []
INFO:R0: --------------------------
DEBUG:R0: LAST STEP
DEBUG:R0: Approx remaining dist: 0.52825532598
DEBUG:R0: Usual approx plan dist: 1.6
DEBUG:R0: Approx gain in dist: 1.07174467402
DEBUG:R0: Last step min dist: 0.0
INFO:R0: scale 0.330159578737 Ns 7 Nk 3
INFO:R0@tkref=7.0400: Time to solve stand alone optimisation problem: 0.423542022705
INFO:R0@tkref=7.0400: N of unsatisfied eq: 10
INFO:R0@tkref=7.0400: N of unsatisfied ieq: 3
INFO:R0@tkref=7.0400: Summary: Iteration limit exceeded after 21 it.
DEBUG:R0@tkref=7.0400: $$$$$$$$ CONFLICT LIST $$$$$$$$: []
INFO:R0: Finished motion planning
INFO:R0: --------------------------
INFO:R0: TOT: 7.63425646959
INFO:R0: NSE: 7
INFO:R0: FIR: 1.67946386337
INFO:R0: LAS: 0.42436504364
INFO:R0: LMA: 0
INFO:R0: MAX: 0.495780944824
INFO:R0: MIN: 0.0988280773163
INFO:R0: AVG: 0.335465431213
INFO:R0: RMP: 0.418733906102
INFO:R0: RMG: 0.418733906102
