INFO:R0: Init motion planning
INFO:R0@tkref=0.0000: Time to solve stand alone optimisation problem: 1.37842988968
INFO:R0@tkref=0.0000: N of unsatisfied eq: 4
INFO:R0@tkref=0.0000: N of unsatisfied ieq: 2
INFO:R0@tkref=0.0000: Summary: Iteration limit exceeded after 41 it.
DEBUG:R0@tkref=0.0000: $$$$$$$$ CONFLICT LIST $$$$$$$$: []
INFO:R0: --------------------------
INFO:R0@tkref=1.1000: Time to solve stand alone optimisation problem: 0.228647947311
INFO:R0@tkref=1.1000: N of unsatisfied eq: 2
INFO:R0@tkref=1.1000: N of unsatisfied ieq: 4
INFO:R0@tkref=1.1000: Summary: Optimization terminated successfully. after 7 it.
DEBUG:R0@tkref=1.1000: $$$$$$$$ CONFLICT LIST $$$$$$$$: []
INFO:R0: --------------------------
INFO:R0@tkref=2.2000: Time to solve stand alone optimisation problem: 0.793301105499
INFO:R0@tkref=2.2000: N of unsatisfied eq: 2
INFO:R0@tkref=2.2000: N of unsatisfied ieq: 3
INFO:R0@tkref=2.2000: Summary: Iteration limit exceeded after 16 it.
DEBUG:R0@tkref=2.2000: $$$$$$$$ CONFLICT LIST $$$$$$$$: []
INFO:R0: --------------------------
INFO:R0@tkref=3.3000: Time to solve stand alone optimisation problem: 0.428956985474
INFO:R0@tkref=3.3000: N of unsatisfied eq: 3
INFO:R0@tkref=3.3000: N of unsatisfied ieq: 4
INFO:R0@tkref=3.3000: Summary: Optimization terminated successfully. after 9 it.
DEBUG:R0@tkref=3.3000: $$$$$$$$ CONFLICT LIST $$$$$$$$: []
INFO:R0: --------------------------
INFO:R0@tkref=4.4000: Time to solve stand alone optimisation problem: 0.640406847
INFO:R0@tkref=4.4000: N of unsatisfied eq: 2
INFO:R0@tkref=4.4000: N of unsatisfied ieq: 5
INFO:R0@tkref=4.4000: Summary: Optimization terminated successfully. after 13 it.
DEBUG:R0@tkref=4.4000: $$$$$$$$ CONFLICT LIST $$$$$$$$: []
INFO:R0: --------------------------
INFO:R0@tkref=5.5000: Time to solve stand alone optimisation problem: 0.490807771683
INFO:R0@tkref=5.5000: N of unsatisfied eq: 3
INFO:R0@tkref=5.5000: N of unsatisfied ieq: 6
INFO:R0@tkref=5.5000: Summary: Optimization terminated successfully. after 11 it.
DEBUG:R0@tkref=5.5000: $$$$$$$$ CONFLICT LIST $$$$$$$$: []
INFO:R0: --------------------------
INFO:R0@tkref=6.6000: Time to solve stand alone optimisation problem: 0.105782032013
INFO:R0@tkref=6.6000: N of unsatisfied eq: 3
INFO:R0@tkref=6.6000: N of unsatisfied ieq: 5
INFO:R0@tkref=6.6000: Summary: Optimization terminated successfully. after 3 it.
DEBUG:R0@tkref=6.6000: $$$$$$$$ CONFLICT LIST $$$$$$$$: []
INFO:R0: --------------------------
DEBUG:R0: LAST STEP
DEBUG:R0: Approx remaining dist: 1.00597275073
DEBUG:R0: Usual approx plan dist: 4.4
DEBUG:R0: Approx gain in dist: 3.39402724927
DEBUG:R0: Last step min dist: 0.5
INFO:R0: scale 0.22863017062 Ns 7 Nk 3
INFO:R0@tkref=7.7000: Time to solve stand alone optimisation problem: 0.536926031113
INFO:R0@tkref=7.7000: N of unsatisfied eq: 10
INFO:R0@tkref=7.7000: N of unsatisfied ieq: 3
INFO:R0@tkref=7.7000: Summary: Iteration limit exceeded after 21 it.
DEBUG:R0@tkref=7.7000: $$$$$$$$ CONFLICT LIST $$$$$$$$: []
INFO:R0: Finished motion planning
INFO:R0: --------------------------
INFO:R0: TOT: 8.83424770928
INFO:R0: NSE: 8
INFO:R0: FIR: 1.37984514236
INFO:R0: LAS: 0.537822008133
INFO:R0: LMA: 0
INFO:R0: MAX: 0.794661998749
INFO:R0: MIN: 0.106669902802
INFO:R0: AVG: 0.449117302895
INFO:R0: RMP: 0.903024998578
INFO:R0: RMG: 0.903024998578
