INFO:R0: Init motion planning
INFO:R0@tkref=0.0000: Time to solve stand alone optimisation problem: 1.66561985016
INFO:R0@tkref=0.0000: N of unsatisfied eq: 4
INFO:R0@tkref=0.0000: N of unsatisfied ieq: 4
INFO:R0@tkref=0.0000: Summary: Iteration limit exceeded after 41 it.
DEBUG:R0@tkref=0.0000: $$$$$$$$ CONFLICT LIST $$$$$$$$: []
INFO:R0: --------------------------
INFO:R0@tkref=0.6545: Time to solve stand alone optimisation problem: 0.274496078491
INFO:R0@tkref=0.6545: N of unsatisfied eq: 2
INFO:R0@tkref=0.6545: N of unsatisfied ieq: 4
INFO:R0@tkref=0.6545: Summary: Optimization terminated successfully. after 7 it.
DEBUG:R0@tkref=0.6545: $$$$$$$$ CONFLICT LIST $$$$$$$$: []
INFO:R0: --------------------------
INFO:R0@tkref=1.3091: Time to solve stand alone optimisation problem: 0.797080039978
INFO:R0@tkref=1.3091: N of unsatisfied eq: 5
INFO:R0@tkref=1.3091: N of unsatisfied ieq: 9
INFO:R0@tkref=1.3091: Summary: Iteration limit exceeded after 16 it.
DEBUG:R0@tkref=1.3091: $$$$$$$$ CONFLICT LIST $$$$$$$$: []
INFO:R0: --------------------------
INFO:R0@tkref=1.9636: Time to solve stand alone optimisation problem: 0.690386772156
INFO:R0@tkref=1.9636: N of unsatisfied eq: 2
INFO:R0@tkref=1.9636: N of unsatisfied ieq: 4
INFO:R0@tkref=1.9636: Summary: Optimization terminated successfully. after 14 it.
DEBUG:R0@tkref=1.9636: $$$$$$$$ CONFLICT LIST $$$$$$$$: []
INFO:R0: --------------------------
INFO:R0@tkref=2.6182: Time to solve stand alone optimisation problem: 0.805165052414
INFO:R0@tkref=2.6182: N of unsatisfied eq: 2
INFO:R0@tkref=2.6182: N of unsatisfied ieq: 3
INFO:R0@tkref=2.6182: Summary: Iteration limit exceeded after 16 it.
DEBUG:R0@tkref=2.6182: $$$$$$$$ CONFLICT LIST $$$$$$$$: []
INFO:R0: --------------------------
INFO:R0@tkref=3.2727: Time to solve stand alone optimisation problem: 0.600792169571
INFO:R0@tkref=3.2727: N of unsatisfied eq: 2
INFO:R0@tkref=3.2727: N of unsatisfied ieq: 5
INFO:R0@tkref=3.2727: Summary: Optimization terminated successfully. after 11 it.
DEBUG:R0@tkref=3.2727: $$$$$$$$ CONFLICT LIST $$$$$$$$: []
INFO:R0: --------------------------
INFO:R0@tkref=3.9273: Time to solve stand alone optimisation problem: 0.599349021912
INFO:R0@tkref=3.9273: N of unsatisfied eq: 3
INFO:R0@tkref=3.9273: N of unsatisfied ieq: 5
INFO:R0@tkref=3.9273: Summary: Optimization terminated successfully. after 11 it.
DEBUG:R0@tkref=3.9273: $$$$$$$$ CONFLICT LIST $$$$$$$$: []
INFO:R0: --------------------------
INFO:R0@tkref=4.5818: Time to solve stand alone optimisation problem: 0.557107925415
INFO:R0@tkref=4.5818: N of unsatisfied eq: 2
INFO:R0@tkref=4.5818: N of unsatisfied ieq: 4
INFO:R0@tkref=4.5818: Summary: Optimization terminated successfully. after 10 it.
DEBUG:R0@tkref=4.5818: $$$$$$$$ CONFLICT LIST $$$$$$$$: []
INFO:R0: --------------------------
INFO:R0@tkref=5.2364: Time to solve stand alone optimisation problem: 0.671277046204
INFO:R0@tkref=5.2364: N of unsatisfied eq: 3
INFO:R0@tkref=5.2364: N of unsatisfied ieq: 6
INFO:R0@tkref=5.2364: Summary: Optimization terminated successfully. after 12 it.
DEBUG:R0@tkref=5.2364: $$$$$$$$ CONFLICT LIST $$$$$$$$: []
INFO:R0: --------------------------
INFO:R0@tkref=5.8909: Time to solve stand alone optimisation problem: 0.221055030823
INFO:R0@tkref=5.8909: N of unsatisfied eq: 3
INFO:R0@tkref=5.8909: N of unsatisfied ieq: 7
INFO:R0@tkref=5.8909: Summary: Optimization terminated successfully. after 5 it.
DEBUG:R0@tkref=5.8909: $$$$$$$$ CONFLICT LIST $$$$$$$$: []
INFO:R0: --------------------------
INFO:R0@tkref=6.5455: Time to solve stand alone optimisation problem: 0.180340051651
INFO:R0@tkref=6.5455: N of unsatisfied eq: 3
INFO:R0@tkref=6.5455: N of unsatisfied ieq: 6
INFO:R0@tkref=6.5455: Summary: Optimization terminated successfully. after 4 it.
DEBUG:R0@tkref=6.5455: $$$$$$$$ CONFLICT LIST $$$$$$$$: []
INFO:R0: --------------------------
INFO:R0@tkref=7.2000: Time to solve stand alone optimisation problem: 0.117066860199
INFO:R0@tkref=7.2000: N of unsatisfied eq: 3
INFO:R0@tkref=7.2000: N of unsatisfied ieq: 4
INFO:R0@tkref=7.2000: Summary: Optimization terminated successfully. after 3 it.
DEBUG:R0@tkref=7.2000: $$$$$$$$ CONFLICT LIST $$$$$$$$: []
INFO:R0: --------------------------
DEBUG:R0: LAST STEP
DEBUG:R0: Approx remaining dist: 0.860624328217
DEBUG:R0: Usual approx plan dist: 3.6
DEBUG:R0: Approx gain in dist: 2.73937567178
DEBUG:R0: Last step min dist: 0.5
INFO:R0: scale 0.239062313394 Ns 7 Nk 3
INFO:R0@tkref=7.8545: Time to solve stand alone optimisation problem: 0.47298002243
INFO:R0@tkref=7.8545: N of unsatisfied eq: 10
INFO:R0@tkref=7.8545: N of unsatisfied ieq: 4
INFO:R0@tkref=7.8545: Summary: Iteration limit exceeded after 21 it.
DEBUG:R0@tkref=7.8545: $$$$$$$$ CONFLICT LIST $$$$$$$$: []
INFO:R0: Finished motion planning
INFO:R0: --------------------------
INFO:R0: TOT: 8.81073275284
INFO:R0: NSE: 13
INFO:R0: FIR: 1.66696810722
INFO:R0: LAS: 0.473886013031
INFO:R0: LMA: 0
INFO:R0: MAX: 0.806087017059
INFO:R0: MIN: 0.117964982986
INFO:R0: AVG: 0.502289208499
INFO:R0: RMP: 1.11956530147
INFO:R0: RMG: 1.11956530147
