INFO:R0: Init motion planning
INFO:R0@tkref=0.0000: Time to solve stand alone optimisation problem: 2.19710111618
INFO:R0@tkref=0.0000: N of unsatisfied eq: 4
INFO:R0@tkref=0.0000: N of unsatisfied ieq: 7
INFO:R0@tkref=0.0000: Summary: Iteration limit exceeded after 41 it.
DEBUG:R0@tkref=0.0000: $$$$$$$$ CONFLICT LIST $$$$$$$$: []
INFO:R0: --------------------------
INFO:R0@tkref=2.3333: Time to solve stand alone optimisation problem: 1.31302690506
INFO:R0@tkref=2.3333: N of unsatisfied eq: 5
INFO:R0@tkref=2.3333: N of unsatisfied ieq: 16
INFO:R0@tkref=2.3333: Summary: Iteration limit exceeded after 16 it.
DEBUG:R0@tkref=2.3333: $$$$$$$$ CONFLICT LIST $$$$$$$$: []
INFO:R0: --------------------------
INFO:R0@tkref=4.6667: Time to solve stand alone optimisation problem: 1.24118494987
INFO:R0@tkref=4.6667: N of unsatisfied eq: 3
INFO:R0@tkref=4.6667: N of unsatisfied ieq: 13
INFO:R0@tkref=4.6667: Summary: Iteration limit exceeded after 16 it.
DEBUG:R0@tkref=4.6667: $$$$$$$$ CONFLICT LIST $$$$$$$$: []
INFO:R0: --------------------------
DEBUG:R0: LAST STEP
DEBUG:R0: Approx remaining dist: 1.46802572883
DEBUG:R0: Usual approx plan dist: 5.6
DEBUG:R0: Approx gain in dist: 4.13197427117
DEBUG:R0: Last step min dist: 0.5
INFO:R0: scale 0.262147451576 Ns 7 Nk 3
INFO:R0@tkref=7.0000: Time to solve stand alone optimisation problem: 0.376627206802
INFO:R0@tkref=7.0000: N of unsatisfied eq: 10
INFO:R0@tkref=7.0000: N of unsatisfied ieq: 1
INFO:R0@tkref=7.0000: Summary: Iteration limit exceeded after 21 it.
DEBUG:R0@tkref=7.0000: $$$$$$$$ CONFLICT LIST $$$$$$$$: []
INFO:R0: Finished motion planning
INFO:R0: --------------------------
INFO:R0: TOT: 9.65977005658
INFO:R0: NSE: 4
INFO:R0: FIR: 2.19851589203
INFO:R0: LAS: 0.377537965775
INFO:R0: LMA: 0
INFO:R0: MAX: 1.31394815445
INFO:R0: MIN: 1.24240398407
INFO:R0: AVG: 1.27817606926
INFO:R0: RMP: 0.561080345455
INFO:R0: RMG: 0.561080345455
