INFO:R0: Init motion planning
INFO:R0@tkref=0.0000: Time to solve stand alone optimisation problem: 1.46768212318
INFO:R0@tkref=0.0000: N of unsatisfied eq: 5
INFO:R0@tkref=0.0000: N of unsatisfied ieq: 8
INFO:R0@tkref=0.0000: Summary: Iteration limit exceeded after 41 it.
DEBUG:R0@tkref=0.0000: $$$$$$$$ CONFLICT LIST $$$$$$$$: []
INFO:R0: --------------------------
INFO:R0@tkref=1.8667: Time to solve stand alone optimisation problem: 0.455760955811
INFO:R0@tkref=1.8667: N of unsatisfied eq: 2
INFO:R0@tkref=1.8667: N of unsatisfied ieq: 7
INFO:R0@tkref=1.8667: Summary: Optimization terminated successfully. after 8 it.
DEBUG:R0@tkref=1.8667: $$$$$$$$ CONFLICT LIST $$$$$$$$: []
INFO:R0: --------------------------
INFO:R0@tkref=3.7333: Time to solve stand alone optimisation problem: 0.465620040894
INFO:R0@tkref=3.7333: N of unsatisfied eq: 3
INFO:R0@tkref=3.7333: N of unsatisfied ieq: 7
INFO:R0@tkref=3.7333: Summary: Optimization terminated successfully. after 8 it.
DEBUG:R0@tkref=3.7333: $$$$$$$$ CONFLICT LIST $$$$$$$$: []
INFO:R0: --------------------------
DEBUG:R0: LAST STEP
DEBUG:R0: Approx remaining dist: 1.82088920592
DEBUG:R0: Usual approx plan dist: 2.8
DEBUG:R0: Approx gain in dist: 0.979110794075
DEBUG:R0: Last step min dist: 0.5
INFO:R0: scale 0.650317573544 Ns 8 Nk 3
INFO:R0@tkref=5.6000: Time to solve stand alone optimisation problem: 0.520284891129
INFO:R0@tkref=5.6000: N of unsatisfied eq: 10
INFO:R0@tkref=5.6000: N of unsatisfied ieq: 3
INFO:R0@tkref=5.6000: Summary: Iteration limit exceeded after 21 it.
DEBUG:R0@tkref=5.6000: $$$$$$$$ CONFLICT LIST $$$$$$$$: []
INFO:R0: Finished motion planning
INFO:R0: --------------------------
INFO:R0: TOT: 7.62929672286
INFO:R0: NSE: 4
INFO:R0: FIR: 1.4690079689
INFO:R0: LAS: 0.5215280056
INFO:R0: LMA: 1
INFO:R0: MAX: 0.467328071594
INFO:R0: MIN: 0.456998109818
INFO:R0: AVG: 0.462163090706
INFO:R0: RMP: 0.238432689589
INFO:R0: RMG: 0.266085717143
