INFO:R0: Init motion planning
INFO:R0@tkref=0.0000: Time to solve stand alone optimisation problem: 1.2424030304
INFO:R0@tkref=0.0000: N of unsatisfied eq: 4
INFO:R0@tkref=0.0000: N of unsatisfied ieq: 11
INFO:R0@tkref=0.0000: Summary: Iteration limit exceeded after 41 it.
DEBUG:R0@tkref=0.0000: $$$$$$$$ CONFLICT LIST $$$$$$$$: []
INFO:R0: --------------------------
INFO:R0@tkref=3.3000: Time to solve stand alone optimisation problem: 0.0308139324188
INFO:R0@tkref=3.3000: N of unsatisfied eq: 3
INFO:R0@tkref=3.3000: N of unsatisfied ieq: 4
INFO:R0@tkref=3.3000: Summary: Optimization terminated successfully. after 1 it.
DEBUG:R0@tkref=3.3000: $$$$$$$$ CONFLICT LIST $$$$$$$$: []
INFO:R0: --------------------------
DEBUG:R0: LAST STEP
DEBUG:R0: Approx remaining dist: 0.689104279626
DEBUG:R0: Usual approx plan dist: 4.4
DEBUG:R0: Approx gain in dist: 3.71089572037
DEBUG:R0: Last step min dist: 0.5
INFO:R0: scale 0.156614609006 Ns 7 Nk 3
INFO:R0@tkref=6.6000: Time to solve stand alone optimisation problem: 0.303657054901
INFO:R0@tkref=6.6000: N of unsatisfied eq: 7
INFO:R0@tkref=6.6000: N of unsatisfied ieq: 4
INFO:R0@tkref=6.6000: Summary: Iteration limit exceeded after 21 it.
DEBUG:R0@tkref=6.6000: $$$$$$$$ CONFLICT LIST $$$$$$$$: []
INFO:R0: Finished motion planning
INFO:R0: --------------------------
INFO:R0: TOT: 7.37386406995
INFO:R0: NSE: 3
INFO:R0: FIR: 1.24359583855
INFO:R0: LAS: 0.304417133331
INFO:R0: LMA: 1
INFO:R0: MAX: 0.0315589904785
INFO:R0: MIN: 0.0315589904785
INFO:R0: AVG: 0.0315589904785
INFO:R0: RMP: 0.0097806788673
INFO:R0: RMG: 0.0943441528918
