INFO:R0: Init motion planning
INFO:R0@tkref=0.0000: Time to solve stand alone optimisation problem: 1.38614010811
INFO:R0@tkref=0.0000: N of unsatisfied eq: 5
INFO:R0@tkref=0.0000: N of unsatisfied ieq: 10
INFO:R0@tkref=0.0000: Summary: Iteration limit exceeded after 41 it.
DEBUG:R0@tkref=0.0000: $$$$$$$$ CONFLICT LIST $$$$$$$$: []
INFO:R0: --------------------------
INFO:R0@tkref=0.4615: Time to solve stand alone optimisation problem: 0.135504961014
INFO:R0@tkref=0.4615: N of unsatisfied eq: 3
INFO:R0@tkref=0.4615: N of unsatisfied ieq: 9
INFO:R0@tkref=0.4615: Summary: Optimization terminated successfully. after 4 it.
DEBUG:R0@tkref=0.4615: $$$$$$$$ CONFLICT LIST $$$$$$$$: []
INFO:R0: --------------------------
INFO:R0@tkref=0.9231: Time to solve stand alone optimisation problem: 0.0708651542664
INFO:R0@tkref=0.9231: N of unsatisfied eq: 3
INFO:R0@tkref=0.9231: N of unsatisfied ieq: 9
INFO:R0@tkref=0.9231: Summary: Optimization terminated successfully. after 2 it.
DEBUG:R0@tkref=0.9231: $$$$$$$$ CONFLICT LIST $$$$$$$$: []
INFO:R0: --------------------------
INFO:R0@tkref=1.3846: Time to solve stand alone optimisation problem: 0.202864170074
INFO:R0@tkref=1.3846: N of unsatisfied eq: 4
INFO:R0@tkref=1.3846: N of unsatisfied ieq: 8
INFO:R0@tkref=1.3846: Summary: Optimization terminated successfully. after 6 it.
DEBUG:R0@tkref=1.3846: $$$$$$$$ CONFLICT LIST $$$$$$$$: []
INFO:R0: --------------------------
INFO:R0@tkref=1.8462: Time to solve stand alone optimisation problem: 0.0726568698883
INFO:R0@tkref=1.8462: N of unsatisfied eq: 3
INFO:R0@tkref=1.8462: N of unsatisfied ieq: 10
INFO:R0@tkref=1.8462: Summary: Optimization terminated successfully. after 2 it.
DEBUG:R0@tkref=1.8462: $$$$$$$$ CONFLICT LIST $$$$$$$$: []
INFO:R0: --------------------------
INFO:R0@tkref=2.3077: Time to solve stand alone optimisation problem: 0.104779005051
INFO:R0@tkref=2.3077: N of unsatisfied eq: 3
INFO:R0@tkref=2.3077: N of unsatisfied ieq: 10
INFO:R0@tkref=2.3077: Summary: Optimization terminated successfully. after 3 it.
DEBUG:R0@tkref=2.3077: $$$$$$$$ CONFLICT LIST $$$$$$$$: []
INFO:R0: --------------------------
INFO:R0@tkref=2.7692: Time to solve stand alone optimisation problem: 0.0405449867249
INFO:R0@tkref=2.7692: N of unsatisfied eq: 5
INFO:R0@tkref=2.7692: N of unsatisfied ieq: 9
INFO:R0@tkref=2.7692: Summary: Optimization terminated successfully. after 1 it.
DEBUG:R0@tkref=2.7692: $$$$$$$$ CONFLICT LIST $$$$$$$$: []
INFO:R0: --------------------------
INFO:R0@tkref=3.2308: Time to solve stand alone optimisation problem: 0.0333340167999
INFO:R0@tkref=3.2308: N of unsatisfied eq: 4
INFO:R0@tkref=3.2308: N of unsatisfied ieq: 9
INFO:R0@tkref=3.2308: Summary: Optimization terminated successfully. after 1 it.
DEBUG:R0@tkref=3.2308: $$$$$$$$ CONFLICT LIST $$$$$$$$: []
INFO:R0: --------------------------
INFO:R0@tkref=3.6923: Time to solve stand alone optimisation problem: 0.0342559814453
INFO:R0@tkref=3.6923: N of unsatisfied eq: 4
INFO:R0@tkref=3.6923: N of unsatisfied ieq: 8
INFO:R0@tkref=3.6923: Summary: Optimization terminated successfully. after 1 it.
DEBUG:R0@tkref=3.6923: $$$$$$$$ CONFLICT LIST $$$$$$$$: []
INFO:R0: --------------------------
INFO:R0@tkref=4.1538: Time to solve stand alone optimisation problem: 0.0328838825226
INFO:R0@tkref=4.1538: N of unsatisfied eq: 4
INFO:R0@tkref=4.1538: N of unsatisfied ieq: 7
INFO:R0@tkref=4.1538: Summary: Optimization terminated successfully. after 1 it.
DEBUG:R0@tkref=4.1538: $$$$$$$$ CONFLICT LIST $$$$$$$$: []
INFO:R0: --------------------------
INFO:R0@tkref=4.6154: Time to solve stand alone optimisation problem: 0.0337409973145
INFO:R0@tkref=4.6154: N of unsatisfied eq: 4
INFO:R0@tkref=4.6154: N of unsatisfied ieq: 7
INFO:R0@tkref=4.6154: Summary: Optimization terminated successfully. after 1 it.
DEBUG:R0@tkref=4.6154: $$$$$$$$ CONFLICT LIST $$$$$$$$: []
INFO:R0: --------------------------
INFO:R0@tkref=5.0769: Time to solve stand alone optimisation problem: 0.0353519916534
INFO:R0@tkref=5.0769: N of unsatisfied eq: 4
INFO:R0@tkref=5.0769: N of unsatisfied ieq: 7
INFO:R0@tkref=5.0769: Summary: Optimization terminated successfully. after 1 it.
DEBUG:R0@tkref=5.0769: $$$$$$$$ CONFLICT LIST $$$$$$$$: []
INFO:R0: --------------------------
INFO:R0@tkref=5.5385: Time to solve stand alone optimisation problem: 0.0342679023743
INFO:R0@tkref=5.5385: N of unsatisfied eq: 4
INFO:R0@tkref=5.5385: N of unsatisfied ieq: 7
INFO:R0@tkref=5.5385: Summary: Optimization terminated successfully. after 1 it.
DEBUG:R0@tkref=5.5385: $$$$$$$$ CONFLICT LIST $$$$$$$$: []
INFO:R0: --------------------------
INFO:R0@tkref=6.0000: Time to solve stand alone optimisation problem: 0.0356080532074
INFO:R0@tkref=6.0000: N of unsatisfied eq: 5
INFO:R0@tkref=6.0000: N of unsatisfied ieq: 7
INFO:R0@tkref=6.0000: Summary: Optimization terminated successfully. after 1 it.
DEBUG:R0@tkref=6.0000: $$$$$$$$ CONFLICT LIST $$$$$$$$: []
INFO:R0: --------------------------
DEBUG:R0: LAST STEP
DEBUG:R0: Approx remaining dist: 0.648195203203
DEBUG:R0: Usual approx plan dist: 2.0
DEBUG:R0: Approx gain in dist: 1.3518047968
DEBUG:R0: Last step min dist: 0.5
INFO:R0: scale 0.324097601602 Ns 7 Nk 3
INFO:R0@tkref=6.4615: Time to solve stand alone optimisation problem: 0.353365898132
INFO:R0@tkref=6.4615: N of unsatisfied eq: 10
INFO:R0@tkref=6.4615: N of unsatisfied ieq: 4
INFO:R0@tkref=6.4615: Summary: Iteration limit exceeded after 21 it.
DEBUG:R0@tkref=6.4615: $$$$$$$$ CONFLICT LIST $$$$$$$$: []
INFO:R0: Finished motion planning
INFO:R0: --------------------------
INFO:R0: TOT: 7.18945923689
INFO:R0: NSE: 15
INFO:R0: FIR: 1.38770318031
INFO:R0: LAS: 0.35448384285
INFO:R0: LMA: 1
INFO:R0: MAX: 0.203721046448
INFO:R0: MIN: 0.0336890220642
INFO:R0: AVG: 0.0676330052889
INFO:R0: RMP: 0.509302616119
INFO:R0: RMG: 0.886209607124
