INFO:R0: Init motion planning
INFO:R0@tkref=0.0000: Time to solve stand alone optimisation problem: 1.78693509102
INFO:R0@tkref=0.0000: N of unsatisfied eq: 4
INFO:R0@tkref=0.0000: N of unsatisfied ieq: 11
INFO:R0@tkref=0.0000: Summary: Iteration limit exceeded after 41 it.
DEBUG:R0@tkref=0.0000: $$$$$$$$ CONFLICT LIST $$$$$$$$: []
INFO:R0: --------------------------
INFO:R0@tkref=2.3333: Time to solve stand alone optimisation problem: 0.655745983124
INFO:R0@tkref=2.3333: N of unsatisfied eq: 2
INFO:R0@tkref=2.3333: N of unsatisfied ieq: 7
INFO:R0@tkref=2.3333: Summary: Optimization terminated successfully. after 10 it.
DEBUG:R0@tkref=2.3333: $$$$$$$$ CONFLICT LIST $$$$$$$$: []
INFO:R0: --------------------------
INFO:R0@tkref=4.6667: Time to solve stand alone optimisation problem: 0.32727098465
INFO:R0@tkref=4.6667: N of unsatisfied eq: 3
INFO:R0@tkref=4.6667: N of unsatisfied ieq: 8
INFO:R0@tkref=4.6667: Summary: Optimization terminated successfully. after 6 it.
DEBUG:R0@tkref=4.6667: $$$$$$$$ CONFLICT LIST $$$$$$$$: []
INFO:R0: --------------------------
DEBUG:R0: LAST STEP
DEBUG:R0: Approx remaining dist: 0.707282449608
DEBUG:R0: Usual approx plan dist: 5.6
DEBUG:R0: Approx gain in dist: 4.89271755039
DEBUG:R0: Last step min dist: 0.5
INFO:R0: scale 0.12630043743 Ns 7 Nk 3
INFO:R0@tkref=7.0000: Time to solve stand alone optimisation problem: 0.491665840149
INFO:R0@tkref=7.0000: N of unsatisfied eq: 10
INFO:R0@tkref=7.0000: N of unsatisfied ieq: 3
INFO:R0@tkref=7.0000: Summary: Iteration limit exceeded after 21 it.
DEBUG:R0@tkref=7.0000: $$$$$$$$ CONFLICT LIST $$$$$$$$: []
INFO:R0: Finished motion planning
INFO:R0: --------------------------
INFO:R0: TOT: 7.81390113611
INFO:R0: NSE: 4
INFO:R0: FIR: 1.78880405426
INFO:R0: LAS: 0.493095874786
INFO:R0: LMA: 0
INFO:R0: MAX: 0.656819820404
INFO:R0: MIN: 0.328468084335
INFO:R0: AVG: 0.49264395237
INFO:R0: RMP: 0.280474302191
INFO:R0: RMG: 0.280474302191
