INFO:R0: Init motion planning
INFO:R0@tkref=0.0000: Time to solve stand alone optimisation problem: 1.33329200745
INFO:R0@tkref=0.0000: N of unsatisfied eq: 5
INFO:R0@tkref=0.0000: N of unsatisfied ieq: 8
INFO:R0@tkref=0.0000: Summary: Iteration limit exceeded after 41 it.
DEBUG:R0@tkref=0.0000: $$$$$$$$ CONFLICT LIST $$$$$$$$: []
INFO:R0: --------------------------
INFO:R0@tkref=1.9385: Time to solve stand alone optimisation problem: 0.258719921112
INFO:R0@tkref=1.9385: N of unsatisfied eq: 2
INFO:R0@tkref=1.9385: N of unsatisfied ieq: 6
INFO:R0@tkref=1.9385: Summary: Optimization terminated successfully. after 6 it.
DEBUG:R0@tkref=1.9385: $$$$$$$$ CONFLICT LIST $$$$$$$$: []
INFO:R0: --------------------------
INFO:R0@tkref=3.8769: Time to solve stand alone optimisation problem: 0.685819864273
INFO:R0@tkref=3.8769: N of unsatisfied eq: 2
INFO:R0@tkref=3.8769: N of unsatisfied ieq: 3
INFO:R0@tkref=3.8769: Summary: Iteration limit exceeded after 16 it.
DEBUG:R0@tkref=3.8769: $$$$$$$$ CONFLICT LIST $$$$$$$$: []
INFO:R0: --------------------------
INFO:R0@tkref=5.8154: Time to solve stand alone optimisation problem: 0.52392411232
INFO:R0@tkref=5.8154: N of unsatisfied eq: 3
INFO:R0@tkref=5.8154: N of unsatisfied ieq: 7
INFO:R0@tkref=5.8154: Summary: Optimization terminated successfully. after 12 it.
DEBUG:R0@tkref=5.8154: $$$$$$$$ CONFLICT LIST $$$$$$$$: []
INFO:R0: --------------------------
DEBUG:R0: LAST STEP
DEBUG:R0: Approx remaining dist: 0.909749798326
DEBUG:R0: Usual approx plan dist: 2.8
DEBUG:R0: Approx gain in dist: 1.89025020167
DEBUG:R0: Last step min dist: 0.5
INFO:R0: scale 0.324910642259 Ns 7 Nk 3
INFO:R0@tkref=7.7538: Time to solve stand alone optimisation problem: 0.46205997467
INFO:R0@tkref=7.7538: N of unsatisfied eq: 10
INFO:R0@tkref=7.7538: N of unsatisfied ieq: 3
INFO:R0@tkref=7.7538: Summary: Iteration limit exceeded after 21 it.
DEBUG:R0@tkref=7.7538: $$$$$$$$ CONFLICT LIST $$$$$$$$: []
INFO:R0: Finished motion planning
INFO:R0: --------------------------
INFO:R0: TOT: 8.77966107841
INFO:R0: NSE: 5
INFO:R0: FIR: 1.3346118927
INFO:R0: LAS: 0.463124036789
INFO:R0: LMA: 0
INFO:R0: MAX: 0.686668157578
INFO:R0: MIN: 0.259540081024
INFO:R0: AVG: 0.490460395813
INFO:R0: RMP: 0.350340896723
INFO:R0: RMG: 0.350340896723
