INFO:R0: Init motion planning
INFO:R0@tkref=0.0000: Time to solve stand alone optimisation problem: 1.46730399132
INFO:R0@tkref=0.0000: N of unsatisfied eq: 5
INFO:R0@tkref=0.0000: N of unsatisfied ieq: 6
INFO:R0@tkref=0.0000: Summary: Iteration limit exceeded after 41 it.
DEBUG:R0@tkref=0.0000: $$$$$$$$ CONFLICT LIST $$$$$$$$: []
INFO:R0: --------------------------
INFO:R0@tkref=2.1333: Time to solve stand alone optimisation problem: 0.380500078201
INFO:R0@tkref=2.1333: N of unsatisfied eq: 2
INFO:R0@tkref=2.1333: N of unsatisfied ieq: 7
INFO:R0@tkref=2.1333: Summary: Optimization terminated successfully. after 8 it.
DEBUG:R0@tkref=2.1333: $$$$$$$$ CONFLICT LIST $$$$$$$$: []
INFO:R0: --------------------------
INFO:R0@tkref=4.2667: Time to solve stand alone optimisation problem: 0.234151124954
INFO:R0@tkref=4.2667: N of unsatisfied eq: 3
INFO:R0@tkref=4.2667: N of unsatisfied ieq: 7
INFO:R0@tkref=4.2667: Summary: Optimization terminated successfully. after 5 it.
DEBUG:R0@tkref=4.2667: $$$$$$$$ CONFLICT LIST $$$$$$$$: []
INFO:R0: --------------------------
DEBUG:R0: LAST STEP
DEBUG:R0: Approx remaining dist: 1.1268705637
DEBUG:R0: Usual approx plan dist: 4.8
DEBUG:R0: Approx gain in dist: 3.6731294363
DEBUG:R0: Last step min dist: 0.5
INFO:R0: scale 0.234764700771 Ns 7 Nk 3
INFO:R0@tkref=6.4000: Time to solve stand alone optimisation problem: 0.497898101807
INFO:R0@tkref=6.4000: N of unsatisfied eq: 10
INFO:R0@tkref=6.4000: N of unsatisfied ieq: 4
INFO:R0@tkref=6.4000: Summary: Iteration limit exceeded after 21 it.
DEBUG:R0@tkref=6.4000: $$$$$$$$ CONFLICT LIST $$$$$$$$: []
INFO:R0: Finished motion planning
INFO:R0: --------------------------
INFO:R0: TOT: 7.65178622514
INFO:R0: NSE: 4
INFO:R0: FIR: 1.46887397766
INFO:R0: LAS: 0.498991966248
INFO:R0: LMA: 1
INFO:R0: MAX: 0.381607055664
INFO:R0: MIN: 0.235108852386
INFO:R0: AVG: 0.308357954025
INFO:R0: RMP: 0.180685158932
INFO:R0: RMG: 0.236265135534
