INFO:R0: Init motion planning
INFO:R0@tkref=0.0000: Time to solve stand alone optimisation problem: 1.28239202499
INFO:R0@tkref=0.0000: N of unsatisfied eq: 5
INFO:R0@tkref=0.0000: N of unsatisfied ieq: 11
INFO:R0@tkref=0.0000: Summary: Iteration limit exceeded after 41 it.
DEBUG:R0@tkref=0.0000: $$$$$$$$ CONFLICT LIST $$$$$$$$: []
INFO:R0: --------------------------
INFO:R0@tkref=0.3733: Time to solve stand alone optimisation problem: 0.127614021301
INFO:R0@tkref=0.3733: N of unsatisfied eq: 3
INFO:R0@tkref=0.3733: N of unsatisfied ieq: 9
INFO:R0@tkref=0.3733: Summary: Optimization terminated successfully. after 4 it.
DEBUG:R0@tkref=0.3733: $$$$$$$$ CONFLICT LIST $$$$$$$$: []
INFO:R0: --------------------------
INFO:R0@tkref=0.7467: Time to solve stand alone optimisation problem: 0.0647990703583
INFO:R0@tkref=0.7467: N of unsatisfied eq: 3
INFO:R0@tkref=0.7467: N of unsatisfied ieq: 12
INFO:R0@tkref=0.7467: Summary: Optimization terminated successfully. after 2 it.
DEBUG:R0@tkref=0.7467: $$$$$$$$ CONFLICT LIST $$$$$$$$: []
INFO:R0: --------------------------
INFO:R0@tkref=1.1200: Time to solve stand alone optimisation problem: 0.0644810199738
INFO:R0@tkref=1.1200: N of unsatisfied eq: 3
INFO:R0@tkref=1.1200: N of unsatisfied ieq: 12
INFO:R0@tkref=1.1200: Summary: Optimization terminated successfully. after 2 it.
DEBUG:R0@tkref=1.1200: $$$$$$$$ CONFLICT LIST $$$$$$$$: []
INFO:R0: --------------------------
INFO:R0@tkref=1.4933: Time to solve stand alone optimisation problem: 0.0313820838928
INFO:R0@tkref=1.4933: N of unsatisfied eq: 4
INFO:R0@tkref=1.4933: N of unsatisfied ieq: 8
INFO:R0@tkref=1.4933: Summary: Optimization terminated successfully. after 1 it.
DEBUG:R0@tkref=1.4933: $$$$$$$$ CONFLICT LIST $$$$$$$$: []
INFO:R0: --------------------------
INFO:R0@tkref=1.8667: Time to solve stand alone optimisation problem: 0.0316390991211
INFO:R0@tkref=1.8667: N of unsatisfied eq: 5
INFO:R0@tkref=1.8667: N of unsatisfied ieq: 9
INFO:R0@tkref=1.8667: Summary: Optimization terminated successfully. after 1 it.
DEBUG:R0@tkref=1.8667: $$$$$$$$ CONFLICT LIST $$$$$$$$: []
INFO:R0: --------------------------
INFO:R0@tkref=2.2400: Time to solve stand alone optimisation problem: 0.0314190387726
INFO:R0@tkref=2.2400: N of unsatisfied eq: 3
INFO:R0@tkref=2.2400: N of unsatisfied ieq: 8
INFO:R0@tkref=2.2400: Summary: Optimization terminated successfully. after 1 it.
DEBUG:R0@tkref=2.2400: $$$$$$$$ CONFLICT LIST $$$$$$$$: []
INFO:R0: --------------------------
INFO:R0@tkref=2.6133: Time to solve stand alone optimisation problem: 0.0312860012054
INFO:R0@tkref=2.6133: N of unsatisfied eq: 4
INFO:R0@tkref=2.6133: N of unsatisfied ieq: 10
INFO:R0@tkref=2.6133: Summary: Optimization terminated successfully. after 1 it.
DEBUG:R0@tkref=2.6133: $$$$$$$$ CONFLICT LIST $$$$$$$$: []
INFO:R0: --------------------------
INFO:R0@tkref=2.9867: Time to solve stand alone optimisation problem: 0.0312249660492
INFO:R0@tkref=2.9867: N of unsatisfied eq: 4
INFO:R0@tkref=2.9867: N of unsatisfied ieq: 7
INFO:R0@tkref=2.9867: Summary: Optimization terminated successfully. after 1 it.
DEBUG:R0@tkref=2.9867: $$$$$$$$ CONFLICT LIST $$$$$$$$: []
INFO:R0: --------------------------
INFO:R0@tkref=3.3600: Time to solve stand alone optimisation problem: 0.0317738056183
INFO:R0@tkref=3.3600: N of unsatisfied eq: 3
INFO:R0@tkref=3.3600: N of unsatisfied ieq: 11
INFO:R0@tkref=3.3600: Summary: Optimization terminated successfully. after 1 it.
DEBUG:R0@tkref=3.3600: $$$$$$$$ CONFLICT LIST $$$$$$$$: []
INFO:R0: --------------------------
INFO:R0@tkref=3.7333: Time to solve stand alone optimisation problem: 0.0313949584961
INFO:R0@tkref=3.7333: N of unsatisfied eq: 5
INFO:R0@tkref=3.7333: N of unsatisfied ieq: 9
INFO:R0@tkref=3.7333: Summary: Optimization terminated successfully. after 1 it.
DEBUG:R0@tkref=3.7333: $$$$$$$$ CONFLICT LIST $$$$$$$$: []
INFO:R0: --------------------------
INFO:R0@tkref=4.1067: Time to solve stand alone optimisation problem: 0.0313758850098
INFO:R0@tkref=4.1067: N of unsatisfied eq: 4
INFO:R0@tkref=4.1067: N of unsatisfied ieq: 9
INFO:R0@tkref=4.1067: Summary: Optimization terminated successfully. after 1 it.
DEBUG:R0@tkref=4.1067: $$$$$$$$ CONFLICT LIST $$$$$$$$: []
INFO:R0: --------------------------
INFO:R0@tkref=4.4800: Time to solve stand alone optimisation problem: 0.0314371585846
INFO:R0@tkref=4.4800: N of unsatisfied eq: 4
INFO:R0@tkref=4.4800: N of unsatisfied ieq: 9
INFO:R0@tkref=4.4800: Summary: Optimization terminated successfully. after 1 it.
DEBUG:R0@tkref=4.4800: $$$$$$$$ CONFLICT LIST $$$$$$$$: []
INFO:R0: --------------------------
INFO:R0@tkref=4.8533: Time to solve stand alone optimisation problem: 0.031464099884
INFO:R0@tkref=4.8533: N of unsatisfied eq: 3
INFO:R0@tkref=4.8533: N of unsatisfied ieq: 7
INFO:R0@tkref=4.8533: Summary: Optimization terminated successfully. after 1 it.
DEBUG:R0@tkref=4.8533: $$$$$$$$ CONFLICT LIST $$$$$$$$: []
INFO:R0: --------------------------
INFO:R0@tkref=5.2267: Time to solve stand alone optimisation problem: 0.031662940979
INFO:R0@tkref=5.2267: N of unsatisfied eq: 5
INFO:R0@tkref=5.2267: N of unsatisfied ieq: 10
INFO:R0@tkref=5.2267: Summary: Optimization terminated successfully. after 1 it.
DEBUG:R0@tkref=5.2267: $$$$$$$$ CONFLICT LIST $$$$$$$$: []
INFO:R0: --------------------------
INFO:R0@tkref=5.6000: Time to solve stand alone optimisation problem: 0.0314161777496
INFO:R0@tkref=5.6000: N of unsatisfied eq: 5
INFO:R0@tkref=5.6000: N of unsatisfied ieq: 11
INFO:R0@tkref=5.6000: Summary: Optimization terminated successfully. after 1 it.
DEBUG:R0@tkref=5.6000: $$$$$$$$ CONFLICT LIST $$$$$$$$: []
INFO:R0: --------------------------
INFO:R0@tkref=5.9733: Time to solve stand alone optimisation problem: 0.0310218334198
INFO:R0@tkref=5.9733: N of unsatisfied eq: 5
INFO:R0@tkref=5.9733: N of unsatisfied ieq: 10
INFO:R0@tkref=5.9733: Summary: Optimization terminated successfully. after 1 it.
DEBUG:R0@tkref=5.9733: $$$$$$$$ CONFLICT LIST $$$$$$$$: []
INFO:R0: --------------------------
INFO:R0@tkref=6.3467: Time to solve stand alone optimisation problem: 0.0311369895935
INFO:R0@tkref=6.3467: N of unsatisfied eq: 5
INFO:R0@tkref=6.3467: N of unsatisfied ieq: 7
INFO:R0@tkref=6.3467: Summary: Optimization terminated successfully. after 1 it.
DEBUG:R0@tkref=6.3467: $$$$$$$$ CONFLICT LIST $$$$$$$$: []
INFO:R0: --------------------------
DEBUG:R0: LAST STEP
DEBUG:R0: Approx remaining dist: 0.323523294999
DEBUG:R0: Usual approx plan dist: 0.8
DEBUG:R0: Approx gain in dist: 0.476476705001
DEBUG:R0: Last step min dist: 0.0
INFO:R0: scale 0.404404118748 Ns 7 Nk 3
INFO:R0@tkref=6.7200: Time to solve stand alone optimisation problem: 0.299165010452
INFO:R0@tkref=6.7200: N of unsatisfied eq: 10
INFO:R0@tkref=6.7200: N of unsatisfied ieq: 4
INFO:R0@tkref=6.7200: Summary: Iteration limit exceeded after 21 it.
DEBUG:R0@tkref=6.7200: $$$$$$$$ CONFLICT LIST $$$$$$$$: []
INFO:R0: Finished motion planning
INFO:R0: --------------------------
INFO:R0: TOT: 7.08329875849
INFO:R0: NSE: 19
INFO:R0: FIR: 1.28381800652
INFO:R0: LAS: 0.299947023392
INFO:R0: LMA: 1
INFO:R0: MAX: 0.128412008286
INFO:R0: MIN: 0.0317358970642
INFO:R0: AVG: 0.0416830848245
INFO:R0: RMP: 0.36480684172
INFO:R0: RMG: 0.852122225545
