INFO:R0: Init motion planning
INFO:R0@tkref=0.0000: Time to solve stand alone optimisation problem: 0.858717918396
INFO:R0@tkref=0.0000: N of unsatisfied eq: 4
INFO:R0@tkref=0.0000: N of unsatisfied ieq: 5
INFO:R0@tkref=0.0000: Summary: Iteration limit exceeded after 41 it.
DEBUG:R0@tkref=0.0000: $$$$$$$$ CONFLICT LIST $$$$$$$$: []
INFO:R0: --------------------------
INFO:R0@tkref=0.4500: Time to solve stand alone optimisation problem: 0.0635368824005
INFO:R0@tkref=0.4500: N of unsatisfied eq: 3
INFO:R0@tkref=0.4500: N of unsatisfied ieq: 6
INFO:R0@tkref=0.4500: Summary: Optimization terminated successfully. after 3 it.
DEBUG:R0@tkref=0.4500: $$$$$$$$ CONFLICT LIST $$$$$$$$: []
INFO:R0: --------------------------
INFO:R0@tkref=0.9000: Time to solve stand alone optimisation problem: 0.0213940143585
INFO:R0@tkref=0.9000: N of unsatisfied eq: 3
INFO:R0@tkref=0.9000: N of unsatisfied ieq: 6
INFO:R0@tkref=0.9000: Summary: Optimization terminated successfully. after 1 it.
DEBUG:R0@tkref=0.9000: $$$$$$$$ CONFLICT LIST $$$$$$$$: []
INFO:R0: --------------------------
INFO:R0@tkref=1.3500: Time to solve stand alone optimisation problem: 0.0434191226959
INFO:R0@tkref=1.3500: N of unsatisfied eq: 4
INFO:R0@tkref=1.3500: N of unsatisfied ieq: 6
INFO:R0@tkref=1.3500: Summary: Optimization terminated successfully. after 2 it.
DEBUG:R0@tkref=1.3500: $$$$$$$$ CONFLICT LIST $$$$$$$$: []
INFO:R0: --------------------------
INFO:R0@tkref=1.8000: Time to solve stand alone optimisation problem: 0.0208868980408
INFO:R0@tkref=1.8000: N of unsatisfied eq: 4
INFO:R0@tkref=1.8000: N of unsatisfied ieq: 6
INFO:R0@tkref=1.8000: Summary: Optimization terminated successfully. after 1 it.
DEBUG:R0@tkref=1.8000: $$$$$$$$ CONFLICT LIST $$$$$$$$: []
INFO:R0: --------------------------
INFO:R0@tkref=2.2500: Time to solve stand alone optimisation problem: 0.0203120708466
INFO:R0@tkref=2.2500: N of unsatisfied eq: 3
INFO:R0@tkref=2.2500: N of unsatisfied ieq: 4
INFO:R0@tkref=2.2500: Summary: Optimization terminated successfully. after 1 it.
DEBUG:R0@tkref=2.2500: $$$$$$$$ CONFLICT LIST $$$$$$$$: []
INFO:R0: --------------------------
INFO:R0@tkref=2.7000: Time to solve stand alone optimisation problem: 0.0206589698792
INFO:R0@tkref=2.7000: N of unsatisfied eq: 5
INFO:R0@tkref=2.7000: N of unsatisfied ieq: 5
INFO:R0@tkref=2.7000: Summary: Optimization terminated successfully. after 1 it.
DEBUG:R0@tkref=2.7000: $$$$$$$$ CONFLICT LIST $$$$$$$$: []
INFO:R0: --------------------------
INFO:R0@tkref=3.1500: Time to solve stand alone optimisation problem: 0.0202629566193
INFO:R0@tkref=3.1500: N of unsatisfied eq: 4
INFO:R0@tkref=3.1500: N of unsatisfied ieq: 4
INFO:R0@tkref=3.1500: Summary: Optimization terminated successfully. after 1 it.
DEBUG:R0@tkref=3.1500: $$$$$$$$ CONFLICT LIST $$$$$$$$: []
INFO:R0: --------------------------
INFO:R0@tkref=3.6000: Time to solve stand alone optimisation problem: 0.0203859806061
INFO:R0@tkref=3.6000: N of unsatisfied eq: 5
INFO:R0@tkref=3.6000: N of unsatisfied ieq: 5
INFO:R0@tkref=3.6000: Summary: Optimization terminated successfully. after 1 it.
DEBUG:R0@tkref=3.6000: $$$$$$$$ CONFLICT LIST $$$$$$$$: []
INFO:R0: --------------------------
INFO:R0@tkref=4.0500: Time to solve stand alone optimisation problem: 0.0206360816956
INFO:R0@tkref=4.0500: N of unsatisfied eq: 5
INFO:R0@tkref=4.0500: N of unsatisfied ieq: 5
INFO:R0@tkref=4.0500: Summary: Optimization terminated successfully. after 1 it.
DEBUG:R0@tkref=4.0500: $$$$$$$$ CONFLICT LIST $$$$$$$$: []
INFO:R0: --------------------------
INFO:R0@tkref=4.5000: Time to solve stand alone optimisation problem: 0.0201599597931
INFO:R0@tkref=4.5000: N of unsatisfied eq: 4
INFO:R0@tkref=4.5000: N of unsatisfied ieq: 5
INFO:R0@tkref=4.5000: Summary: Optimization terminated successfully. after 1 it.
DEBUG:R0@tkref=4.5000: $$$$$$$$ CONFLICT LIST $$$$$$$$: []
INFO:R0: --------------------------
INFO:R0@tkref=4.9500: Time to solve stand alone optimisation problem: 0.0210418701172
INFO:R0@tkref=4.9500: N of unsatisfied eq: 5
INFO:R0@tkref=4.9500: N of unsatisfied ieq: 4
INFO:R0@tkref=4.9500: Summary: Optimization terminated successfully. after 1 it.
DEBUG:R0@tkref=4.9500: $$$$$$$$ CONFLICT LIST $$$$$$$$: []
INFO:R0: --------------------------
INFO:R0@tkref=5.4000: Time to solve stand alone optimisation problem: 0.0197999477386
INFO:R0@tkref=5.4000: N of unsatisfied eq: 4
INFO:R0@tkref=5.4000: N of unsatisfied ieq: 5
INFO:R0@tkref=5.4000: Summary: Optimization terminated successfully. after 1 it.
DEBUG:R0@tkref=5.4000: $$$$$$$$ CONFLICT LIST $$$$$$$$: []
INFO:R0: --------------------------
INFO:R0@tkref=5.8500: Time to solve stand alone optimisation problem: 0.0207710266113
INFO:R0@tkref=5.8500: N of unsatisfied eq: 4
INFO:R0@tkref=5.8500: N of unsatisfied ieq: 5
INFO:R0@tkref=5.8500: Summary: Optimization terminated successfully. after 1 it.
DEBUG:R0@tkref=5.8500: $$$$$$$$ CONFLICT LIST $$$$$$$$: []
INFO:R0: --------------------------
INFO:R0@tkref=6.3000: Time to solve stand alone optimisation problem: 0.020026922226
INFO:R0@tkref=6.3000: N of unsatisfied eq: 5
INFO:R0@tkref=6.3000: N of unsatisfied ieq: 4
INFO:R0@tkref=6.3000: Summary: Optimization terminated successfully. after 1 it.
DEBUG:R0@tkref=6.3000: $$$$$$$$ CONFLICT LIST $$$$$$$$: []
INFO:R0: --------------------------
DEBUG:R0: LAST STEP
DEBUG:R0: Approx remaining dist: 0.313528020539
DEBUG:R0: Usual approx plan dist: 1.2
DEBUG:R0: Approx gain in dist: 0.886471979461
DEBUG:R0: Last step min dist: 0.0
INFO:R0: scale 0.26127335045 Ns 7 Nk 3
INFO:R0@tkref=6.7500: Time to solve stand alone optimisation problem: 0.308610916138
INFO:R0@tkref=6.7500: N of unsatisfied eq: 10
INFO:R0@tkref=6.7500: N of unsatisfied ieq: 4
INFO:R0@tkref=6.7500: Summary: Iteration limit exceeded after 21 it.
DEBUG:R0@tkref=6.7500: $$$$$$$$ CONFLICT LIST $$$$$$$$: []
INFO:R0: Finished motion planning
INFO:R0: --------------------------
INFO:R0: TOT: 7.10207404498
INFO:R0: NSE: 16
INFO:R0: FIR: 0.86031794548
INFO:R0: LAS: 0.309376001358
INFO:R0: LMA: 1
INFO:R0: MAX: 0.0644080638885
INFO:R0: MIN: 0.0205540657043
INFO:R0: AVG: 0.0260090146746
INFO:R0: RMP: 0.144505271545
INFO:R0: RMG: 0.69411282356
