INFO:R0: Init motion planning
INFO:R0@tkref=0.0000: Time to solve stand alone optimisation problem: 1.02053999901
INFO:R0@tkref=0.0000: N of unsatisfied eq: 5
INFO:R0@tkref=0.0000: N of unsatisfied ieq: 6
INFO:R0@tkref=0.0000: Summary: Iteration limit exceeded after 41 it.
DEBUG:R0@tkref=0.0000: $$$$$$$$ CONFLICT LIST $$$$$$$$: []
INFO:R0: --------------------------
INFO:R0@tkref=0.4444: Time to solve stand alone optimisation problem: 0.0248939990997
INFO:R0@tkref=0.4444: N of unsatisfied eq: 3
INFO:R0@tkref=0.4444: N of unsatisfied ieq: 4
INFO:R0@tkref=0.4444: Summary: Optimization terminated successfully. after 1 it.
DEBUG:R0@tkref=0.4444: $$$$$$$$ CONFLICT LIST $$$$$$$$: []
INFO:R0: --------------------------
INFO:R0@tkref=0.8889: Time to solve stand alone optimisation problem: 0.0238931179047
INFO:R0@tkref=0.8889: N of unsatisfied eq: 5
INFO:R0@tkref=0.8889: N of unsatisfied ieq: 7
INFO:R0@tkref=0.8889: Summary: Optimization terminated successfully. after 1 it.
DEBUG:R0@tkref=0.8889: $$$$$$$$ CONFLICT LIST $$$$$$$$: []
INFO:R0: --------------------------
INFO:R0@tkref=1.3333: Time to solve stand alone optimisation problem: 0.0237729549408
INFO:R0@tkref=1.3333: N of unsatisfied eq: 3
INFO:R0@tkref=1.3333: N of unsatisfied ieq: 5
INFO:R0@tkref=1.3333: Summary: Optimization terminated successfully. after 1 it.
DEBUG:R0@tkref=1.3333: $$$$$$$$ CONFLICT LIST $$$$$$$$: []
INFO:R0: --------------------------
INFO:R0@tkref=1.7778: Time to solve stand alone optimisation problem: 0.0237760543823
INFO:R0@tkref=1.7778: N of unsatisfied eq: 5
INFO:R0@tkref=1.7778: N of unsatisfied ieq: 6
INFO:R0@tkref=1.7778: Summary: Optimization terminated successfully. after 1 it.
DEBUG:R0@tkref=1.7778: $$$$$$$$ CONFLICT LIST $$$$$$$$: []
INFO:R0: --------------------------
INFO:R0@tkref=2.2222: Time to solve stand alone optimisation problem: 0.0237119197845
INFO:R0@tkref=2.2222: N of unsatisfied eq: 4
INFO:R0@tkref=2.2222: N of unsatisfied ieq: 4
INFO:R0@tkref=2.2222: Summary: Optimization terminated successfully. after 1 it.
DEBUG:R0@tkref=2.2222: $$$$$$$$ CONFLICT LIST $$$$$$$$: []
INFO:R0: --------------------------
INFO:R0@tkref=2.6667: Time to solve stand alone optimisation problem: 0.0237810611725
INFO:R0@tkref=2.6667: N of unsatisfied eq: 3
INFO:R0@tkref=2.6667: N of unsatisfied ieq: 6
INFO:R0@tkref=2.6667: Summary: Optimization terminated successfully. after 1 it.
DEBUG:R0@tkref=2.6667: $$$$$$$$ CONFLICT LIST $$$$$$$$: []
INFO:R0: --------------------------
INFO:R0@tkref=3.1111: Time to solve stand alone optimisation problem: 0.0238330364227
INFO:R0@tkref=3.1111: N of unsatisfied eq: 4
INFO:R0@tkref=3.1111: N of unsatisfied ieq: 4
INFO:R0@tkref=3.1111: Summary: Optimization terminated successfully. after 1 it.
DEBUG:R0@tkref=3.1111: $$$$$$$$ CONFLICT LIST $$$$$$$$: []
INFO:R0: --------------------------
INFO:R0@tkref=3.5556: Time to solve stand alone optimisation problem: 0.0238769054413
INFO:R0@tkref=3.5556: N of unsatisfied eq: 5
INFO:R0@tkref=3.5556: N of unsatisfied ieq: 6
INFO:R0@tkref=3.5556: Summary: Optimization terminated successfully. after 1 it.
DEBUG:R0@tkref=3.5556: $$$$$$$$ CONFLICT LIST $$$$$$$$: []
INFO:R0: --------------------------
INFO:R0@tkref=4.0000: Time to solve stand alone optimisation problem: 0.0237259864807
INFO:R0@tkref=4.0000: N of unsatisfied eq: 5
INFO:R0@tkref=4.0000: N of unsatisfied ieq: 5
INFO:R0@tkref=4.0000: Summary: Optimization terminated successfully. after 1 it.
DEBUG:R0@tkref=4.0000: $$$$$$$$ CONFLICT LIST $$$$$$$$: []
INFO:R0: --------------------------
INFO:R0@tkref=4.4444: Time to solve stand alone optimisation problem: 0.0237238407135
INFO:R0@tkref=4.4444: N of unsatisfied eq: 5
INFO:R0@tkref=4.4444: N of unsatisfied ieq: 6
INFO:R0@tkref=4.4444: Summary: Optimization terminated successfully. after 1 it.
DEBUG:R0@tkref=4.4444: $$$$$$$$ CONFLICT LIST $$$$$$$$: []
INFO:R0: --------------------------
INFO:R0@tkref=4.8889: Time to solve stand alone optimisation problem: 0.0238080024719
INFO:R0@tkref=4.8889: N of unsatisfied eq: 3
INFO:R0@tkref=4.8889: N of unsatisfied ieq: 4
INFO:R0@tkref=4.8889: Summary: Optimization terminated successfully. after 1 it.
DEBUG:R0@tkref=4.8889: $$$$$$$$ CONFLICT LIST $$$$$$$$: []
INFO:R0: --------------------------
INFO:R0@tkref=5.3333: Time to solve stand alone optimisation problem: 0.0238108634949
INFO:R0@tkref=5.3333: N of unsatisfied eq: 4
INFO:R0@tkref=5.3333: N of unsatisfied ieq: 5
INFO:R0@tkref=5.3333: Summary: Optimization terminated successfully. after 1 it.
DEBUG:R0@tkref=5.3333: $$$$$$$$ CONFLICT LIST $$$$$$$$: []
INFO:R0: --------------------------
INFO:R0@tkref=5.7778: Time to solve stand alone optimisation problem: 0.0236780643463
INFO:R0@tkref=5.7778: N of unsatisfied eq: 3
INFO:R0@tkref=5.7778: N of unsatisfied ieq: 6
INFO:R0@tkref=5.7778: Summary: Optimization terminated successfully. after 1 it.
DEBUG:R0@tkref=5.7778: $$$$$$$$ CONFLICT LIST $$$$$$$$: []
INFO:R0: --------------------------
INFO:R0@tkref=6.2222: Time to solve stand alone optimisation problem: 0.023402929306
INFO:R0@tkref=6.2222: N of unsatisfied eq: 5
INFO:R0@tkref=6.2222: N of unsatisfied ieq: 5
INFO:R0@tkref=6.2222: Summary: Optimization terminated successfully. after 1 it.
DEBUG:R0@tkref=6.2222: $$$$$$$$ CONFLICT LIST $$$$$$$$: []
INFO:R0: --------------------------
DEBUG:R0: LAST STEP
DEBUG:R0: Approx remaining dist: 0.369658011289
DEBUG:R0: Usual approx plan dist: 0.8
DEBUG:R0: Approx gain in dist: 0.430341988711
DEBUG:R0: Last step min dist: 0.0
INFO:R0: scale 0.462072514112 Ns 7 Nk 3
INFO:R0@tkref=6.6667: Time to solve stand alone optimisation problem: 0.303006887436
INFO:R0@tkref=6.6667: N of unsatisfied eq: 10
INFO:R0@tkref=6.6667: N of unsatisfied ieq: 4
INFO:R0@tkref=6.6667: Summary: Iteration limit exceeded after 21 it.
DEBUG:R0@tkref=6.6667: $$$$$$$$ CONFLICT LIST $$$$$$$$: []
INFO:R0: Finished motion planning
INFO:R0: --------------------------
INFO:R0: TOT: 7.08177501473
INFO:R0: NSE: 16
INFO:R0: FIR: 1.02177906036
INFO:R0: LAS: 0.303750991821
INFO:R0: LMA: 1
INFO:R0: MAX: 0.0255620479584
INFO:R0: MIN: 0.0240750312805
INFO:R0: AVG: 0.0245067221778
INFO:R0: RMP: 0.0570581427642
INFO:R0: RMG: 0.678015606744
