INFO:R0: Init motion planning
INFO:R0@tkref=0.0000: Time to solve stand alone optimisation problem: 1.85671210289
INFO:R0@tkref=0.0000: N of unsatisfied eq: 4
INFO:R0@tkref=0.0000: N of unsatisfied ieq: 15
INFO:R0@tkref=0.0000: Summary: Iteration limit exceeded after 41 it.
DEBUG:R0@tkref=0.0000: $$$$$$$$ CONFLICT LIST $$$$$$$$: []
INFO:R0: --------------------------
INFO:R0@tkref=0.5647: Time to solve stand alone optimisation problem: 0.13817691803
INFO:R0@tkref=0.5647: N of unsatisfied eq: 3
INFO:R0@tkref=0.5647: N of unsatisfied ieq: 7
INFO:R0@tkref=0.5647: Summary: Optimization terminated successfully. after 3 it.
DEBUG:R0@tkref=0.5647: $$$$$$$$ CONFLICT LIST $$$$$$$$: []
INFO:R0: --------------------------
INFO:R0@tkref=1.1294: Time to solve stand alone optimisation problem: 0.11829996109
INFO:R0@tkref=1.1294: N of unsatisfied eq: 4
INFO:R0@tkref=1.1294: N of unsatisfied ieq: 7
INFO:R0@tkref=1.1294: Summary: Optimization terminated successfully. after 2 it.
DEBUG:R0@tkref=1.1294: $$$$$$$$ CONFLICT LIST $$$$$$$$: []
INFO:R0: --------------------------
INFO:R0@tkref=1.6941: Time to solve stand alone optimisation problem: 0.495429039001
INFO:R0@tkref=1.6941: N of unsatisfied eq: 2
INFO:R0@tkref=1.6941: N of unsatisfied ieq: 13
INFO:R0@tkref=1.6941: Summary: Optimization terminated successfully. after 9 it.
DEBUG:R0@tkref=1.6941: $$$$$$$$ CONFLICT LIST $$$$$$$$: []
INFO:R0: --------------------------
INFO:R0@tkref=2.2588: Time to solve stand alone optimisation problem: 1.06925201416
INFO:R0@tkref=2.2588: N of unsatisfied eq: 3
INFO:R0@tkref=2.2588: N of unsatisfied ieq: 14
INFO:R0@tkref=2.2588: Summary: Iteration limit exceeded after 16 it.
DEBUG:R0@tkref=2.2588: $$$$$$$$ CONFLICT LIST $$$$$$$$: []
INFO:R0: --------------------------
INFO:R0@tkref=2.8235: Time to solve stand alone optimisation problem: 0.790392875671
INFO:R0@tkref=2.8235: N of unsatisfied eq: 3
INFO:R0@tkref=2.8235: N of unsatisfied ieq: 10
INFO:R0@tkref=2.8235: Summary: Optimization terminated successfully. after 12 it.
DEBUG:R0@tkref=2.8235: $$$$$$$$ CONFLICT LIST $$$$$$$$: []
INFO:R0: --------------------------
INFO:R0@tkref=3.3882: Time to solve stand alone optimisation problem: 0.588553190231
INFO:R0@tkref=3.3882: N of unsatisfied eq: 3
INFO:R0@tkref=3.3882: N of unsatisfied ieq: 9
INFO:R0@tkref=3.3882: Summary: Optimization terminated successfully. after 9 it.
DEBUG:R0@tkref=3.3882: $$$$$$$$ CONFLICT LIST $$$$$$$$: []
INFO:R0: --------------------------
INFO:R0@tkref=3.9529: Time to solve stand alone optimisation problem: 0.662350893021
INFO:R0@tkref=3.9529: N of unsatisfied eq: 3
INFO:R0@tkref=3.9529: N of unsatisfied ieq: 9
INFO:R0@tkref=3.9529: Summary: Optimization terminated successfully. after 10 it.
DEBUG:R0@tkref=3.9529: $$$$$$$$ CONFLICT LIST $$$$$$$$: []
INFO:R0: --------------------------
INFO:R0@tkref=4.5176: Time to solve stand alone optimisation problem: 0.396765947342
INFO:R0@tkref=4.5176: N of unsatisfied eq: 3
INFO:R0@tkref=4.5176: N of unsatisfied ieq: 10
INFO:R0@tkref=4.5176: Summary: Optimization terminated successfully. after 6 it.
DEBUG:R0@tkref=4.5176: $$$$$$$$ CONFLICT LIST $$$$$$$$: []
INFO:R0: --------------------------
INFO:R0@tkref=5.0824: Time to solve stand alone optimisation problem: 0.269535064697
INFO:R0@tkref=5.0824: N of unsatisfied eq: 3
INFO:R0@tkref=5.0824: N of unsatisfied ieq: 11
INFO:R0@tkref=5.0824: Summary: Optimization terminated successfully. after 4 it.
DEBUG:R0@tkref=5.0824: $$$$$$$$ CONFLICT LIST $$$$$$$$: []
INFO:R0: --------------------------
INFO:R0@tkref=5.6471: Time to solve stand alone optimisation problem: 0.112149953842
INFO:R0@tkref=5.6471: N of unsatisfied eq: 3
INFO:R0@tkref=5.6471: N of unsatisfied ieq: 11
INFO:R0@tkref=5.6471: Summary: Optimization terminated successfully. after 2 it.
DEBUG:R0@tkref=5.6471: $$$$$$$$ CONFLICT LIST $$$$$$$$: []
INFO:R0: --------------------------
INFO:R0@tkref=6.2118: Time to solve stand alone optimisation problem: 0.0590040683746
INFO:R0@tkref=6.2118: N of unsatisfied eq: 3
INFO:R0@tkref=6.2118: N of unsatisfied ieq: 15
INFO:R0@tkref=6.2118: Summary: Optimization terminated successfully. after 1 it.
DEBUG:R0@tkref=6.2118: $$$$$$$$ CONFLICT LIST $$$$$$$$: []
INFO:R0: --------------------------
DEBUG:R0: LAST STEP
DEBUG:R0: Approx remaining dist: 0.567925085401
DEBUG:R0: Usual approx plan dist: 1.6
DEBUG:R0: Approx gain in dist: 1.0320749146
DEBUG:R0: Last step min dist: 0.0
INFO:R0: scale 0.354953178375 Ns 7 Nk 3
INFO:R0@tkref=6.7765: Time to solve stand alone optimisation problem: 0.40594792366
INFO:R0@tkref=6.7765: N of unsatisfied eq: 10
INFO:R0@tkref=6.7765: N of unsatisfied ieq: 4
INFO:R0@tkref=6.7765: Summary: Iteration limit exceeded after 21 it.
DEBUG:R0@tkref=6.7765: $$$$$$$$ CONFLICT LIST $$$$$$$$: []
INFO:R0: Finished motion planning
INFO:R0: --------------------------
INFO:R0: TOT: 7.41423922295
INFO:R0: NSE: 13
INFO:R0: FIR: 1.8580429554
INFO:R0: LAS: 0.406746149063
INFO:R0: LMA: 0
INFO:R0: MAX: 1.07007694244
INFO:R0: MIN: 0.0597538948059
INFO:R0: AVG: 0.428066903895
INFO:R0: RMP: 1.75999497112
INFO:R0: RMG: 1.75999497112
