INFO:R0: Init motion planning
INFO:R0@tkref=0.0000: Time to solve stand alone optimisation problem: 1.38162016869
INFO:R0@tkref=0.0000: N of unsatisfied eq: 4
INFO:R0@tkref=0.0000: N of unsatisfied ieq: 10
INFO:R0@tkref=0.0000: Summary: Iteration limit exceeded after 41 it.
DEBUG:R0@tkref=0.0000: $$$$$$$$ CONFLICT LIST $$$$$$$$: []
INFO:R0: --------------------------
INFO:R0@tkref=0.7273: Time to solve stand alone optimisation problem: 0.035187959671
INFO:R0@tkref=0.7273: N of unsatisfied eq: 3
INFO:R0@tkref=0.7273: N of unsatisfied ieq: 3
INFO:R0@tkref=0.7273: Summary: Optimization terminated successfully. after 1 it.
DEBUG:R0@tkref=0.7273: $$$$$$$$ CONFLICT LIST $$$$$$$$: []
INFO:R0: --------------------------
INFO:R0@tkref=1.4545: Time to solve stand alone optimisation problem: 0.0426859855652
INFO:R0@tkref=1.4545: N of unsatisfied eq: 3
INFO:R0@tkref=1.4545: N of unsatisfied ieq: 10
INFO:R0@tkref=1.4545: Summary: Optimization terminated successfully. after 1 it.
DEBUG:R0@tkref=1.4545: $$$$$$$$ CONFLICT LIST $$$$$$$$: []
INFO:R0: --------------------------
INFO:R0@tkref=2.1818: Time to solve stand alone optimisation problem: 0.744134902954
INFO:R0@tkref=2.1818: N of unsatisfied eq: 2
INFO:R0@tkref=2.1818: N of unsatisfied ieq: 10
INFO:R0@tkref=2.1818: Summary: Iteration limit exceeded after 16 it.
DEBUG:R0@tkref=2.1818: $$$$$$$$ CONFLICT LIST $$$$$$$$: []
INFO:R0: --------------------------
INFO:R0@tkref=2.9091: Time to solve stand alone optimisation problem: 0.417196035385
INFO:R0@tkref=2.9091: N of unsatisfied eq: 2
INFO:R0@tkref=2.9091: N of unsatisfied ieq: 8
INFO:R0@tkref=2.9091: Summary: Optimization terminated successfully. after 9 it.
DEBUG:R0@tkref=2.9091: $$$$$$$$ CONFLICT LIST $$$$$$$$: []
INFO:R0: --------------------------
INFO:R0@tkref=3.6364: Time to solve stand alone optimisation problem: 0.421666145325
INFO:R0@tkref=3.6364: N of unsatisfied eq: 3
INFO:R0@tkref=3.6364: N of unsatisfied ieq: 9
INFO:R0@tkref=3.6364: Summary: Optimization terminated successfully. after 9 it.
DEBUG:R0@tkref=3.6364: $$$$$$$$ CONFLICT LIST $$$$$$$$: []
INFO:R0: --------------------------
INFO:R0@tkref=4.3636: Time to solve stand alone optimisation problem: 0.0502200126648
INFO:R0@tkref=4.3636: N of unsatisfied eq: 3
INFO:R0@tkref=4.3636: N of unsatisfied ieq: 5
INFO:R0@tkref=4.3636: Summary: Optimization terminated successfully. after 1 it.
DEBUG:R0@tkref=4.3636: $$$$$$$$ CONFLICT LIST $$$$$$$$: []
INFO:R0: --------------------------
INFO:R0@tkref=5.0909: Time to solve stand alone optimisation problem: 0.0424778461456
INFO:R0@tkref=5.0909: N of unsatisfied eq: 3
INFO:R0@tkref=5.0909: N of unsatisfied ieq: 10
INFO:R0@tkref=5.0909: Summary: Optimization terminated successfully. after 1 it.
DEBUG:R0@tkref=5.0909: $$$$$$$$ CONFLICT LIST $$$$$$$$: []
INFO:R0: --------------------------
INFO:R0@tkref=5.8182: Time to solve stand alone optimisation problem: 0.0404319763184
INFO:R0@tkref=5.8182: N of unsatisfied eq: 5
INFO:R0@tkref=5.8182: N of unsatisfied ieq: 6
INFO:R0@tkref=5.8182: Summary: Optimization terminated successfully. after 1 it.
DEBUG:R0@tkref=5.8182: $$$$$$$$ CONFLICT LIST $$$$$$$$: []
INFO:R0: --------------------------
DEBUG:R0: LAST STEP
DEBUG:R0: Approx remaining dist: 0.747060621178
DEBUG:R0: Usual approx plan dist: 1.6
DEBUG:R0: Approx gain in dist: 0.852939378822
DEBUG:R0: Last step min dist: 0.0
INFO:R0: scale 0.466912888236 Ns 7 Nk 3
INFO:R0@tkref=6.5455: Time to solve stand alone optimisation problem: 0.40437912941
INFO:R0@tkref=6.5455: N of unsatisfied eq: 7
INFO:R0@tkref=6.5455: N of unsatisfied ieq: 4
INFO:R0@tkref=6.5455: Summary: Iteration limit exceeded after 21 it.
DEBUG:R0@tkref=6.5455: $$$$$$$$ CONFLICT LIST $$$$$$$$: []
INFO:R0: Finished motion planning
INFO:R0: --------------------------
INFO:R0: TOT: 7.37511599425
INFO:R0: NSE: 10
INFO:R0: FIR: 1.38333797455
INFO:R0: LAS: 0.405161857605
INFO:R0: LMA: 0
INFO:R0: MAX: 0.744910955429
INFO:R0: MIN: 0.0359201431274
INFO:R0: AVG: 0.225004643202
INFO:R0: RMP: 0.931138694286
INFO:R0: RMG: 0.931138694286
