INFO:R0: Init motion planning
INFO:R0@tkref=0.0000: Time to solve stand alone optimisation problem: 1.03437399864
INFO:R0@tkref=0.0000: N of unsatisfied eq: 5
INFO:R0@tkref=0.0000: N of unsatisfied ieq: 8
INFO:R0@tkref=0.0000: Summary: Iteration limit exceeded after 41 it.
DEBUG:R0@tkref=0.0000: $$$$$$$$ CONFLICT LIST $$$$$$$$: []
INFO:R0: --------------------------
INFO:R0@tkref=0.8727: Time to solve stand alone optimisation problem: 0.0254800319672
INFO:R0@tkref=0.8727: N of unsatisfied eq: 3
INFO:R0@tkref=0.8727: N of unsatisfied ieq: 6
INFO:R0@tkref=0.8727: Summary: Optimization terminated successfully. after 1 it.
DEBUG:R0@tkref=0.8727: $$$$$$$$ CONFLICT LIST $$$$$$$$: []
INFO:R0: --------------------------
INFO:R0@tkref=1.7455: Time to solve stand alone optimisation problem: 0.0250039100647
INFO:R0@tkref=1.7455: N of unsatisfied eq: 4
INFO:R0@tkref=1.7455: N of unsatisfied ieq: 8
INFO:R0@tkref=1.7455: Summary: Optimization terminated successfully. after 1 it.
DEBUG:R0@tkref=1.7455: $$$$$$$$ CONFLICT LIST $$$$$$$$: []
INFO:R0: --------------------------
INFO:R0@tkref=2.6182: Time to solve stand alone optimisation problem: 0.0248770713806
INFO:R0@tkref=2.6182: N of unsatisfied eq: 5
INFO:R0@tkref=2.6182: N of unsatisfied ieq: 7
INFO:R0@tkref=2.6182: Summary: Optimization terminated successfully. after 1 it.
DEBUG:R0@tkref=2.6182: $$$$$$$$ CONFLICT LIST $$$$$$$$: []
INFO:R0: --------------------------
INFO:R0@tkref=3.4909: Time to solve stand alone optimisation problem: 0.0243561267853
INFO:R0@tkref=3.4909: N of unsatisfied eq: 5
INFO:R0@tkref=3.4909: N of unsatisfied ieq: 7
INFO:R0@tkref=3.4909: Summary: Optimization terminated successfully. after 1 it.
DEBUG:R0@tkref=3.4909: $$$$$$$$ CONFLICT LIST $$$$$$$$: []
INFO:R0: --------------------------
INFO:R0@tkref=4.3636: Time to solve stand alone optimisation problem: 0.025013923645
INFO:R0@tkref=4.3636: N of unsatisfied eq: 4
INFO:R0@tkref=4.3636: N of unsatisfied ieq: 7
INFO:R0@tkref=4.3636: Summary: Optimization terminated successfully. after 1 it.
DEBUG:R0@tkref=4.3636: $$$$$$$$ CONFLICT LIST $$$$$$$$: []
INFO:R0: --------------------------
INFO:R0@tkref=5.2364: Time to solve stand alone optimisation problem: 0.0241050720215
INFO:R0@tkref=5.2364: N of unsatisfied eq: 5
INFO:R0@tkref=5.2364: N of unsatisfied ieq: 7
INFO:R0@tkref=5.2364: Summary: Optimization terminated successfully. after 1 it.
DEBUG:R0@tkref=5.2364: $$$$$$$$ CONFLICT LIST $$$$$$$$: []
INFO:R0: --------------------------
INFO:R0@tkref=6.1091: Time to solve stand alone optimisation problem: 0.02525806427
INFO:R0@tkref=6.1091: N of unsatisfied eq: 5
INFO:R0@tkref=6.1091: N of unsatisfied ieq: 8
INFO:R0@tkref=6.1091: Summary: Optimization terminated successfully. after 1 it.
DEBUG:R0@tkref=6.1091: $$$$$$$$ CONFLICT LIST $$$$$$$$: []
INFO:R0: --------------------------
DEBUG:R0: LAST STEP
DEBUG:R0: Approx remaining dist: 0.123090624508
DEBUG:R0: Usual approx plan dist: 1.6
DEBUG:R0: Approx gain in dist: 1.47690937549
DEBUG:R0: Last step min dist: 0.0
INFO:R0: scale 0.0769316403175 Ns 7 Nk 3
INFO:R0@tkref=6.9818: Time to solve stand alone optimisation problem: 0.310401916504
INFO:R0@tkref=6.9818: N of unsatisfied eq: 10
INFO:R0@tkref=6.9818: N of unsatisfied ieq: 4
INFO:R0@tkref=6.9818: Summary: Iteration limit exceeded after 21 it.
DEBUG:R0@tkref=6.9818: $$$$$$$$ CONFLICT LIST $$$$$$$$: []
INFO:R0: Finished motion planning
INFO:R0: --------------------------
INFO:R0: TOT: 7.12003951717
INFO:R0: NSE: 9
INFO:R0: FIR: 1.03600811958
INFO:R0: LAS: 0.311172962189
INFO:R0: LMA: 1
INFO:R0: MAX: 0.0262389183044
INFO:R0: MIN: 0.0248939990997
INFO:R0: AVG: 0.0256802695138
INFO:R0: RMP: 0.0292845070362
INFO:R0: RMG: 0.347291252443
