INFO:R0: Init motion planning
INFO:R0@tkref=0.0000: Time to solve stand alone optimisation problem: 0.913913011551
INFO:R0@tkref=0.0000: N of unsatisfied eq: 4
INFO:R0@tkref=0.0000: N of unsatisfied ieq: 9
INFO:R0@tkref=0.0000: Summary: Iteration limit exceeded after 41 it.
DEBUG:R0@tkref=0.0000: $$$$$$$$ CONFLICT LIST $$$$$$$$: []
INFO:R0: --------------------------
INFO:R0@tkref=0.7273: Time to solve stand alone optimisation problem: 0.0445411205292
INFO:R0@tkref=0.7273: N of unsatisfied eq: 3
INFO:R0@tkref=0.7273: N of unsatisfied ieq: 5
INFO:R0@tkref=0.7273: Summary: Optimization terminated successfully. after 2 it.
DEBUG:R0@tkref=0.7273: $$$$$$$$ CONFLICT LIST $$$$$$$$: []
INFO:R0: --------------------------
INFO:R0@tkref=1.4545: Time to solve stand alone optimisation problem: 0.0241627693176
INFO:R0@tkref=1.4545: N of unsatisfied eq: 3
INFO:R0@tkref=1.4545: N of unsatisfied ieq: 9
INFO:R0@tkref=1.4545: Summary: Optimization terminated successfully. after 1 it.
DEBUG:R0@tkref=1.4545: $$$$$$$$ CONFLICT LIST $$$$$$$$: []
INFO:R0: --------------------------
INFO:R0@tkref=2.1818: Time to solve stand alone optimisation problem: 0.0222709178925
INFO:R0@tkref=2.1818: N of unsatisfied eq: 3
INFO:R0@tkref=2.1818: N of unsatisfied ieq: 7
INFO:R0@tkref=2.1818: Summary: Optimization terminated successfully. after 1 it.
DEBUG:R0@tkref=2.1818: $$$$$$$$ CONFLICT LIST $$$$$$$$: []
INFO:R0: --------------------------
INFO:R0@tkref=2.9091: Time to solve stand alone optimisation problem: 0.0209059715271
INFO:R0@tkref=2.9091: N of unsatisfied eq: 4
INFO:R0@tkref=2.9091: N of unsatisfied ieq: 7
INFO:R0@tkref=2.9091: Summary: Optimization terminated successfully. after 1 it.
DEBUG:R0@tkref=2.9091: $$$$$$$$ CONFLICT LIST $$$$$$$$: []
INFO:R0: --------------------------
INFO:R0@tkref=3.6364: Time to solve stand alone optimisation problem: 0.0215430259705
INFO:R0@tkref=3.6364: N of unsatisfied eq: 5
INFO:R0@tkref=3.6364: N of unsatisfied ieq: 5
INFO:R0@tkref=3.6364: Summary: Optimization terminated successfully. after 1 it.
DEBUG:R0@tkref=3.6364: $$$$$$$$ CONFLICT LIST $$$$$$$$: []
INFO:R0: --------------------------
INFO:R0@tkref=4.3636: Time to solve stand alone optimisation problem: 0.0215759277344
INFO:R0@tkref=4.3636: N of unsatisfied eq: 4
INFO:R0@tkref=4.3636: N of unsatisfied ieq: 4
INFO:R0@tkref=4.3636: Summary: Optimization terminated successfully. after 1 it.
DEBUG:R0@tkref=4.3636: $$$$$$$$ CONFLICT LIST $$$$$$$$: []
INFO:R0: --------------------------
INFO:R0@tkref=5.0909: Time to solve stand alone optimisation problem: 0.0208191871643
INFO:R0@tkref=5.0909: N of unsatisfied eq: 2
INFO:R0@tkref=5.0909: N of unsatisfied ieq: 7
INFO:R0@tkref=5.0909: Summary: Optimization terminated successfully. after 1 it.
DEBUG:R0@tkref=5.0909: $$$$$$$$ CONFLICT LIST $$$$$$$$: []
INFO:R0: --------------------------
INFO:R0@tkref=5.8182: Time to solve stand alone optimisation problem: 0.0214102268219
INFO:R0@tkref=5.8182: N of unsatisfied eq: 4
INFO:R0@tkref=5.8182: N of unsatisfied ieq: 5
INFO:R0@tkref=5.8182: Summary: Optimization terminated successfully. after 1 it.
DEBUG:R0@tkref=5.8182: $$$$$$$$ CONFLICT LIST $$$$$$$$: []
INFO:R0: --------------------------
DEBUG:R0: LAST STEP
DEBUG:R0: Approx remaining dist: 0.588191914135
DEBUG:R0: Usual approx plan dist: 1.6
DEBUG:R0: Approx gain in dist: 1.01180808587
DEBUG:R0: Last step min dist: 0.0
INFO:R0: scale 0.367619946334 Ns 7 Nk 3
INFO:R0@tkref=6.5455: Time to solve stand alone optimisation problem: 0.303497076035
INFO:R0@tkref=6.5455: N of unsatisfied eq: 10
INFO:R0@tkref=6.5455: N of unsatisfied ieq: 4
INFO:R0@tkref=6.5455: Summary: Iteration limit exceeded after 21 it.
DEBUG:R0@tkref=6.5455: $$$$$$$$ CONFLICT LIST $$$$$$$$: []
INFO:R0: Finished motion planning
INFO:R0: --------------------------
INFO:R0: TOT: 7.20598615338
INFO:R0: NSE: 10
INFO:R0: FIR: 0.915261983871
INFO:R0: LAS: 0.304258823395
INFO:R0: LMA: 1
INFO:R0: MAX: 0.0453109741211
INFO:R0: MIN: 0.0215630531311
INFO:R0: AVG: 0.0254057347775
INFO:R0: RMP: 0.0566387176514
INFO:R0: RMG: 0.380323529243
