INFO:R0: Init motion planning
INFO:R0@tkref=0.0000: Time to solve stand alone optimisation problem: 1.47078680992
INFO:R0@tkref=0.0000: N of unsatisfied eq: 4
INFO:R0@tkref=0.0000: N of unsatisfied ieq: 16
INFO:R0@tkref=0.0000: Summary: Iteration limit exceeded after 41 it.
DEBUG:R0@tkref=0.0000: $$$$$$$$ CONFLICT LIST $$$$$$$$: []
INFO:R0: --------------------------
INFO:R0@tkref=0.9778: Time to solve stand alone optimisation problem: 0.18380188942
INFO:R0@tkref=0.9778: N of unsatisfied eq: 5
INFO:R0@tkref=0.9778: N of unsatisfied ieq: 9
INFO:R0@tkref=0.9778: Summary: Optimization terminated successfully. after 5 it.
DEBUG:R0@tkref=0.9778: $$$$$$$$ CONFLICT LIST $$$$$$$$: []
INFO:R0: --------------------------
INFO:R0@tkref=1.9556: Time to solve stand alone optimisation problem: 0.109741926193
INFO:R0@tkref=1.9556: N of unsatisfied eq: 3
INFO:R0@tkref=1.9556: N of unsatisfied ieq: 14
INFO:R0@tkref=1.9556: Summary: Optimization terminated successfully. after 3 it.
DEBUG:R0@tkref=1.9556: $$$$$$$$ CONFLICT LIST $$$$$$$$: []
INFO:R0: --------------------------
INFO:R0@tkref=2.9333: Time to solve stand alone optimisation problem: 0.0452480316162
INFO:R0@tkref=2.9333: N of unsatisfied eq: 4
INFO:R0@tkref=2.9333: N of unsatisfied ieq: 10
INFO:R0@tkref=2.9333: Summary: Optimization terminated successfully. after 1 it.
DEBUG:R0@tkref=2.9333: $$$$$$$$ CONFLICT LIST $$$$$$$$: []
INFO:R0: --------------------------
INFO:R0@tkref=3.9111: Time to solve stand alone optimisation problem: 0.0365898609161
INFO:R0@tkref=3.9111: N of unsatisfied eq: 5
INFO:R0@tkref=3.9111: N of unsatisfied ieq: 12
INFO:R0@tkref=3.9111: Summary: Optimization terminated successfully. after 1 it.
DEBUG:R0@tkref=3.9111: $$$$$$$$ CONFLICT LIST $$$$$$$$: []
INFO:R0: --------------------------
INFO:R0@tkref=4.8889: Time to solve stand alone optimisation problem: 0.0371170043945
INFO:R0@tkref=4.8889: N of unsatisfied eq: 4
INFO:R0@tkref=4.8889: N of unsatisfied ieq: 12
INFO:R0@tkref=4.8889: Summary: Optimization terminated successfully. after 1 it.
DEBUG:R0@tkref=4.8889: $$$$$$$$ CONFLICT LIST $$$$$$$$: []
INFO:R0: --------------------------
INFO:R0@tkref=5.8667: Time to solve stand alone optimisation problem: 0.0361199378967
INFO:R0@tkref=5.8667: N of unsatisfied eq: 4
INFO:R0@tkref=5.8667: N of unsatisfied ieq: 12
INFO:R0@tkref=5.8667: Summary: Optimization terminated successfully. after 1 it.
DEBUG:R0@tkref=5.8667: $$$$$$$$ CONFLICT LIST $$$$$$$$: []
INFO:R0: --------------------------
DEBUG:R0: LAST STEP
DEBUG:R0: Approx remaining dist: 0.245321504787
DEBUG:R0: Usual approx plan dist: 1.6
DEBUG:R0: Approx gain in dist: 1.35467849521
DEBUG:R0: Last step min dist: 0.0
INFO:R0: scale 0.153325940492 Ns 7 Nk 3
INFO:R0@tkref=6.8444: Time to solve stand alone optimisation problem: 0.300460100174
INFO:R0@tkref=6.8444: N of unsatisfied eq: 10
INFO:R0@tkref=6.8444: N of unsatisfied ieq: 4
INFO:R0@tkref=6.8444: Summary: Iteration limit exceeded after 21 it.
DEBUG:R0@tkref=6.8444: $$$$$$$$ CONFLICT LIST $$$$$$$$: []
INFO:R0: Finished motion planning
INFO:R0: --------------------------
INFO:R0: TOT: 7.11992362326
INFO:R0: NSE: 8
INFO:R0: FIR: 1.47256422043
INFO:R0: LAS: 0.301196813583
INFO:R0: LMA: 1
INFO:R0: MAX: 0.184576034546
INFO:R0: MIN: 0.0368239879608
INFO:R0: AVG: 0.0755206743876
INFO:R0: RMP: 0.186064550954
INFO:R0: RMG: 0.303625820145
