INFO:R0: Init motion planning
INFO:R0@tkref=0.0000: Time to solve stand alone optimisation problem: 1.01403689384
INFO:R0@tkref=0.0000: N of unsatisfied eq: 4
INFO:R0@tkref=0.0000: N of unsatisfied ieq: 7
INFO:R0@tkref=0.0000: Summary: Iteration limit exceeded after 41 it.
DEBUG:R0@tkref=0.0000: $$$$$$$$ CONFLICT LIST $$$$$$$$: []
INFO:R0: --------------------------
INFO:R0@tkref=0.9143: Time to solve stand alone optimisation problem: 0.0484609603882
INFO:R0@tkref=0.9143: N of unsatisfied eq: 3
INFO:R0@tkref=0.9143: N of unsatisfied ieq: 5
INFO:R0@tkref=0.9143: Summary: Optimization terminated successfully. after 2 it.
DEBUG:R0@tkref=0.9143: $$$$$$$$ CONFLICT LIST $$$$$$$$: []
INFO:R0: --------------------------
INFO:R0@tkref=1.8286: Time to solve stand alone optimisation problem: 0.0243949890137
INFO:R0@tkref=1.8286: N of unsatisfied eq: 3
INFO:R0@tkref=1.8286: N of unsatisfied ieq: 10
INFO:R0@tkref=1.8286: Summary: Optimization terminated successfully. after 1 it.
DEBUG:R0@tkref=1.8286: $$$$$$$$ CONFLICT LIST $$$$$$$$: []
INFO:R0: --------------------------
INFO:R0@tkref=2.7429: Time to solve stand alone optimisation problem: 0.0250961780548
INFO:R0@tkref=2.7429: N of unsatisfied eq: 3
INFO:R0@tkref=2.7429: N of unsatisfied ieq: 7
INFO:R0@tkref=2.7429: Summary: Optimization terminated successfully. after 1 it.
DEBUG:R0@tkref=2.7429: $$$$$$$$ CONFLICT LIST $$$$$$$$: []
INFO:R0: --------------------------
INFO:R0@tkref=3.6571: Time to solve stand alone optimisation problem: 0.0240368843079
INFO:R0@tkref=3.6571: N of unsatisfied eq: 4
INFO:R0@tkref=3.6571: N of unsatisfied ieq: 5
INFO:R0@tkref=3.6571: Summary: Optimization terminated successfully. after 1 it.
DEBUG:R0@tkref=3.6571: $$$$$$$$ CONFLICT LIST $$$$$$$$: []
INFO:R0: --------------------------
INFO:R0@tkref=4.5714: Time to solve stand alone optimisation problem: 0.024621963501
INFO:R0@tkref=4.5714: N of unsatisfied eq: 5
INFO:R0@tkref=4.5714: N of unsatisfied ieq: 7
INFO:R0@tkref=4.5714: Summary: Optimization terminated successfully. after 1 it.
DEBUG:R0@tkref=4.5714: $$$$$$$$ CONFLICT LIST $$$$$$$$: []
INFO:R0: --------------------------
INFO:R0@tkref=5.4857: Time to solve stand alone optimisation problem: 0.0247101783752
INFO:R0@tkref=5.4857: N of unsatisfied eq: 3
INFO:R0@tkref=5.4857: N of unsatisfied ieq: 5
INFO:R0@tkref=5.4857: Summary: Optimization terminated successfully. after 1 it.
DEBUG:R0@tkref=5.4857: $$$$$$$$ CONFLICT LIST $$$$$$$$: []
INFO:R0: --------------------------
DEBUG:R0: LAST STEP
DEBUG:R0: Approx remaining dist: 0.731930251153
DEBUG:R0: Usual approx plan dist: 1.6
DEBUG:R0: Approx gain in dist: 0.868069748847
DEBUG:R0: Last step min dist: 0.0
INFO:R0: scale 0.457456406971 Ns 7 Nk 3
INFO:R0@tkref=6.4000: Time to solve stand alone optimisation problem: 0.300618171692
INFO:R0@tkref=6.4000: N of unsatisfied eq: 10
INFO:R0@tkref=6.4000: N of unsatisfied ieq: 4
INFO:R0@tkref=6.4000: Summary: Iteration limit exceeded after 21 it.
DEBUG:R0@tkref=6.4000: $$$$$$$$ CONFLICT LIST $$$$$$$$: []
INFO:R0: Finished motion planning
INFO:R0: --------------------------
INFO:R0: TOT: 7.22196411425
INFO:R0: NSE: 8
INFO:R0: FIR: 1.0153670311
INFO:R0: LAS: 0.301388978958
INFO:R0: LMA: 1
INFO:R0: MAX: 0.0493462085724
INFO:R0: MIN: 0.0250799655914
INFO:R0: AVG: 0.0294028520584
INFO:R0: RMP: 0.055073893496
INFO:R0: RMG: 0.336371628301
