INFO:R0: Init motion planning
INFO:R0@tkref=0.0000: Time to solve stand alone optimisation problem: 1.16953206062
INFO:R0@tkref=0.0000: N of unsatisfied eq: 4
INFO:R0@tkref=0.0000: N of unsatisfied ieq: 10
INFO:R0@tkref=0.0000: Summary: Iteration limit exceeded after 41 it.
DEBUG:R0@tkref=0.0000: $$$$$$$$ CONFLICT LIST $$$$$$$$: []
INFO:R0: --------------------------
INFO:R0@tkref=0.4923: Time to solve stand alone optimisation problem: 0.115360975266
INFO:R0@tkref=0.4923: N of unsatisfied eq: 3
INFO:R0@tkref=0.4923: N of unsatisfied ieq: 10
INFO:R0@tkref=0.4923: Summary: Optimization terminated successfully. after 4 it.
DEBUG:R0@tkref=0.4923: $$$$$$$$ CONFLICT LIST $$$$$$$$: []
INFO:R0: --------------------------
INFO:R0@tkref=0.9846: Time to solve stand alone optimisation problem: 0.0582408905029
INFO:R0@tkref=0.9846: N of unsatisfied eq: 3
INFO:R0@tkref=0.9846: N of unsatisfied ieq: 10
INFO:R0@tkref=0.9846: Summary: Optimization terminated successfully. after 2 it.
DEBUG:R0@tkref=0.9846: $$$$$$$$ CONFLICT LIST $$$$$$$$: []
INFO:R0: --------------------------
INFO:R0@tkref=1.4769: Time to solve stand alone optimisation problem: 0.0284161567688
INFO:R0@tkref=1.4769: N of unsatisfied eq: 5
INFO:R0@tkref=1.4769: N of unsatisfied ieq: 9
INFO:R0@tkref=1.4769: Summary: Optimization terminated successfully. after 1 it.
DEBUG:R0@tkref=1.4769: $$$$$$$$ CONFLICT LIST $$$$$$$$: []
INFO:R0: --------------------------
INFO:R0@tkref=1.9692: Time to solve stand alone optimisation problem: 0.0284059047699
INFO:R0@tkref=1.9692: N of unsatisfied eq: 4
INFO:R0@tkref=1.9692: N of unsatisfied ieq: 8
INFO:R0@tkref=1.9692: Summary: Optimization terminated successfully. after 1 it.
DEBUG:R0@tkref=1.9692: $$$$$$$$ CONFLICT LIST $$$$$$$$: []
INFO:R0: --------------------------
INFO:R0@tkref=2.4615: Time to solve stand alone optimisation problem: 0.0283930301666
INFO:R0@tkref=2.4615: N of unsatisfied eq: 3
INFO:R0@tkref=2.4615: N of unsatisfied ieq: 10
INFO:R0@tkref=2.4615: Summary: Optimization terminated successfully. after 1 it.
DEBUG:R0@tkref=2.4615: $$$$$$$$ CONFLICT LIST $$$$$$$$: []
INFO:R0: --------------------------
INFO:R0@tkref=2.9538: Time to solve stand alone optimisation problem: 0.0285460948944
INFO:R0@tkref=2.9538: N of unsatisfied eq: 4
INFO:R0@tkref=2.9538: N of unsatisfied ieq: 7
INFO:R0@tkref=2.9538: Summary: Optimization terminated successfully. after 1 it.
DEBUG:R0@tkref=2.9538: $$$$$$$$ CONFLICT LIST $$$$$$$$: []
INFO:R0: --------------------------
INFO:R0@tkref=3.4462: Time to solve stand alone optimisation problem: 0.0283579826355
INFO:R0@tkref=3.4462: N of unsatisfied eq: 3
INFO:R0@tkref=3.4462: N of unsatisfied ieq: 10
INFO:R0@tkref=3.4462: Summary: Optimization terminated successfully. after 1 it.
DEBUG:R0@tkref=3.4462: $$$$$$$$ CONFLICT LIST $$$$$$$$: []
INFO:R0: --------------------------
INFO:R0@tkref=3.9385: Time to solve stand alone optimisation problem: 0.0284821987152
INFO:R0@tkref=3.9385: N of unsatisfied eq: 5
INFO:R0@tkref=3.9385: N of unsatisfied ieq: 9
INFO:R0@tkref=3.9385: Summary: Optimization terminated successfully. after 1 it.
DEBUG:R0@tkref=3.9385: $$$$$$$$ CONFLICT LIST $$$$$$$$: []
INFO:R0: --------------------------
INFO:R0@tkref=4.4308: Time to solve stand alone optimisation problem: 0.0283229351044
INFO:R0@tkref=4.4308: N of unsatisfied eq: 4
INFO:R0@tkref=4.4308: N of unsatisfied ieq: 8
INFO:R0@tkref=4.4308: Summary: Optimization terminated successfully. after 1 it.
DEBUG:R0@tkref=4.4308: $$$$$$$$ CONFLICT LIST $$$$$$$$: []
INFO:R0: --------------------------
INFO:R0@tkref=4.9231: Time to solve stand alone optimisation problem: 0.0279901027679
INFO:R0@tkref=4.9231: N of unsatisfied eq: 4
INFO:R0@tkref=4.9231: N of unsatisfied ieq: 7
INFO:R0@tkref=4.9231: Summary: Optimization terminated successfully. after 1 it.
DEBUG:R0@tkref=4.9231: $$$$$$$$ CONFLICT LIST $$$$$$$$: []
INFO:R0: --------------------------
INFO:R0@tkref=5.4154: Time to solve stand alone optimisation problem: 0.0280039310455
INFO:R0@tkref=5.4154: N of unsatisfied eq: 4
INFO:R0@tkref=5.4154: N of unsatisfied ieq: 8
INFO:R0@tkref=5.4154: Summary: Optimization terminated successfully. after 1 it.
DEBUG:R0@tkref=5.4154: $$$$$$$$ CONFLICT LIST $$$$$$$$: []
INFO:R0: --------------------------
INFO:R0@tkref=5.9077: Time to solve stand alone optimisation problem: 0.0283210277557
INFO:R0@tkref=5.9077: N of unsatisfied eq: 3
INFO:R0@tkref=5.9077: N of unsatisfied ieq: 8
INFO:R0@tkref=5.9077: Summary: Optimization terminated successfully. after 1 it.
DEBUG:R0@tkref=5.9077: $$$$$$$$ CONFLICT LIST $$$$$$$$: []
INFO:R0: --------------------------
INFO:R0@tkref=6.4000: Time to solve stand alone optimisation problem: 0.0285351276398
INFO:R0@tkref=6.4000: N of unsatisfied eq: 5
INFO:R0@tkref=6.4000: N of unsatisfied ieq: 9
INFO:R0@tkref=6.4000: Summary: Optimization terminated successfully. after 1 it.
DEBUG:R0@tkref=6.4000: $$$$$$$$ CONFLICT LIST $$$$$$$$: []
INFO:R0: --------------------------
DEBUG:R0: LAST STEP
DEBUG:R0: Approx remaining dist: 0.196003696103
DEBUG:R0: Usual approx plan dist: 1.6
DEBUG:R0: Approx gain in dist: 1.4039963039
DEBUG:R0: Last step min dist: 0.0
INFO:R0: scale 0.122502310064 Ns 7 Nk 3
INFO:R0@tkref=6.8923: Time to solve stand alone optimisation problem: 0.293145895004
INFO:R0@tkref=6.8923: N of unsatisfied eq: 10
INFO:R0@tkref=6.8923: N of unsatisfied ieq: 4
INFO:R0@tkref=6.8923: Summary: Iteration limit exceeded after 21 it.
DEBUG:R0@tkref=6.8923: $$$$$$$$ CONFLICT LIST $$$$$$$$: []
INFO:R0: Finished motion planning
INFO:R0: --------------------------
INFO:R0: TOT: 7.11240481626
INFO:R0: NSE: 15
INFO:R0: FIR: 1.17112112045
INFO:R0: LAS: 0.293911933899
INFO:R0: LMA: 1
INFO:R0: MAX: 0.116086959839
INFO:R0: MIN: 0.0286748409271
INFO:R0: AVG: 0.0380245722257
INFO:R0: RMP: 0.226732343435
INFO:R0: RMG: 0.574046745896
