INFO:R0: Init motion planning
INFO:R0@tkref=0.0000: Time to solve stand alone optimisation problem: 1.62681508064
INFO:R0@tkref=0.0000: N of unsatisfied eq: 5
INFO:R0@tkref=0.0000: N of unsatisfied ieq: 12
INFO:R0@tkref=0.0000: Summary: Iteration limit exceeded after 41 it.
DEBUG:R0@tkref=0.0000: $$$$$$$$ CONFLICT LIST $$$$$$$$: []
INFO:R0: --------------------------
INFO:R0@tkref=1.0286: Time to solve stand alone optimisation problem: 0.2330930233
INFO:R0@tkref=1.0286: N of unsatisfied eq: 3
INFO:R0@tkref=1.0286: N of unsatisfied ieq: 6
INFO:R0@tkref=1.0286: Summary: Optimization terminated successfully. after 5 it.
DEBUG:R0@tkref=1.0286: $$$$$$$$ CONFLICT LIST $$$$$$$$: []
INFO:R0: --------------------------
INFO:R0@tkref=2.0571: Time to solve stand alone optimisation problem: 0.371672868729
INFO:R0@tkref=2.0571: N of unsatisfied eq: 2
INFO:R0@tkref=2.0571: N of unsatisfied ieq: 11
INFO:R0@tkref=2.0571: Summary: Optimization terminated successfully. after 7 it.
DEBUG:R0@tkref=2.0571: $$$$$$$$ CONFLICT LIST $$$$$$$$: []
INFO:R0: --------------------------
INFO:R0@tkref=3.0857: Time to solve stand alone optimisation problem: 0.217565059662
INFO:R0@tkref=3.0857: N of unsatisfied eq: 3
INFO:R0@tkref=3.0857: N of unsatisfied ieq: 9
INFO:R0@tkref=3.0857: Summary: Optimization terminated successfully. after 4 it.
DEBUG:R0@tkref=3.0857: $$$$$$$$ CONFLICT LIST $$$$$$$$: []
INFO:R0: --------------------------
INFO:R0@tkref=4.1143: Time to solve stand alone optimisation problem: 0.38093495369
INFO:R0@tkref=4.1143: N of unsatisfied eq: 3
INFO:R0@tkref=4.1143: N of unsatisfied ieq: 9
INFO:R0@tkref=4.1143: Summary: Optimization terminated successfully. after 7 it.
DEBUG:R0@tkref=4.1143: $$$$$$$$ CONFLICT LIST $$$$$$$$: []
INFO:R0: --------------------------
INFO:R0@tkref=5.1429: Time to solve stand alone optimisation problem: 0.275687932968
INFO:R0@tkref=5.1429: N of unsatisfied eq: 2
INFO:R0@tkref=5.1429: N of unsatisfied ieq: 10
INFO:R0@tkref=5.1429: Summary: Optimization terminated successfully. after 5 it.
DEBUG:R0@tkref=5.1429: $$$$$$$$ CONFLICT LIST $$$$$$$$: []
INFO:R0: --------------------------
INFO:R0@tkref=6.1714: Time to solve stand alone optimisation problem: 0.0489799976349
INFO:R0@tkref=6.1714: N of unsatisfied eq: 3
INFO:R0@tkref=6.1714: N of unsatisfied ieq: 11
INFO:R0@tkref=6.1714: Summary: Optimization terminated successfully. after 1 it.
DEBUG:R0@tkref=6.1714: $$$$$$$$ CONFLICT LIST $$$$$$$$: []
INFO:R0: --------------------------
DEBUG:R0: LAST STEP
DEBUG:R0: Approx remaining dist: 0.0961531213822
DEBUG:R0: Usual approx plan dist: 1.6
DEBUG:R0: Approx gain in dist: 1.50384687862
DEBUG:R0: Last step min dist: 0.0
INFO:R0: scale 0.0600957008639 Ns 7 Nk 3
INFO:R0@tkref=7.2000: Time to solve stand alone optimisation problem: 0.376991987228
INFO:R0@tkref=7.2000: N of unsatisfied eq: 10
INFO:R0@tkref=7.2000: N of unsatisfied ieq: 4
INFO:R0@tkref=7.2000: Summary: Iteration limit exceeded after 21 it.
DEBUG:R0@tkref=7.2000: $$$$$$$$ CONFLICT LIST $$$$$$$$: []
INFO:R0: Finished motion planning
INFO:R0: --------------------------
INFO:R0: TOT: 7.30797238183
INFO:R0: NSE: 8
INFO:R0: FIR: 1.62805104256
INFO:R0: LAS: 0.377937078476
INFO:R0: LMA: 0
INFO:R0: MAX: 0.38220000267
INFO:R0: MIN: 0.0498371124268
INFO:R0: AVG: 0.255606373151
INFO:R0: RMP: 0.385282260756
INFO:R0: RMG: 0.385282260756
