INFO:R0: Init motion planning
INFO:R0@tkref=0.0000: Time to solve stand alone optimisation problem: 1.27061390877
INFO:R0@tkref=0.0000: N of unsatisfied eq: 4
INFO:R0@tkref=0.0000: N of unsatisfied ieq: 11
INFO:R0@tkref=0.0000: Summary: Iteration limit exceeded after 41 it.
DEBUG:R0@tkref=0.0000: $$$$$$$$ CONFLICT LIST $$$$$$$$: []
INFO:R0: --------------------------
INFO:R0@tkref=0.2250: Time to solve stand alone optimisation problem: 0.0623331069946
INFO:R0@tkref=0.2250: N of unsatisfied eq: 3
INFO:R0@tkref=0.2250: N of unsatisfied ieq: 7
INFO:R0@tkref=0.2250: Summary: Optimization terminated successfully. after 2 it.
DEBUG:R0@tkref=0.2250: $$$$$$$$ CONFLICT LIST $$$$$$$$: []
INFO:R0: --------------------------
INFO:R0@tkref=0.4500: Time to solve stand alone optimisation problem: 0.150534152985
INFO:R0@tkref=0.4500: N of unsatisfied eq: 3
INFO:R0@tkref=0.4500: N of unsatisfied ieq: 6
INFO:R0@tkref=0.4500: Summary: Optimization terminated successfully. after 5 it.
DEBUG:R0@tkref=0.4500: $$$$$$$$ CONFLICT LIST $$$$$$$$: []
INFO:R0: --------------------------
INFO:R0@tkref=0.6750: Time to solve stand alone optimisation problem: 0.092227935791
INFO:R0@tkref=0.6750: N of unsatisfied eq: 3
INFO:R0@tkref=0.6750: N of unsatisfied ieq: 14
INFO:R0@tkref=0.6750: Summary: Optimization terminated successfully. after 3 it.
DEBUG:R0@tkref=0.6750: $$$$$$$$ CONFLICT LIST $$$$$$$$: []
INFO:R0: --------------------------
INFO:R0@tkref=0.9000: Time to solve stand alone optimisation problem: 0.0640449523926
INFO:R0@tkref=0.9000: N of unsatisfied eq: 4
INFO:R0@tkref=0.9000: N of unsatisfied ieq: 13
INFO:R0@tkref=0.9000: Summary: Optimization terminated successfully. after 2 it.
DEBUG:R0@tkref=0.9000: $$$$$$$$ CONFLICT LIST $$$$$$$$: []
INFO:R0: --------------------------
INFO:R0@tkref=1.1250: Time to solve stand alone optimisation problem: 0.0295360088348
INFO:R0@tkref=1.1250: N of unsatisfied eq: 3
INFO:R0@tkref=1.1250: N of unsatisfied ieq: 9
INFO:R0@tkref=1.1250: Summary: Optimization terminated successfully. after 1 it.
DEBUG:R0@tkref=1.1250: $$$$$$$$ CONFLICT LIST $$$$$$$$: []
INFO:R0: --------------------------
INFO:R0@tkref=1.3500: Time to solve stand alone optimisation problem: 0.0303609371185
INFO:R0@tkref=1.3500: N of unsatisfied eq: 4
INFO:R0@tkref=1.3500: N of unsatisfied ieq: 10
INFO:R0@tkref=1.3500: Summary: Optimization terminated successfully. after 1 it.
DEBUG:R0@tkref=1.3500: $$$$$$$$ CONFLICT LIST $$$$$$$$: []
INFO:R0: --------------------------
INFO:R0@tkref=1.5750: Time to solve stand alone optimisation problem: 0.0298640727997
INFO:R0@tkref=1.5750: N of unsatisfied eq: 4
INFO:R0@tkref=1.5750: N of unsatisfied ieq: 7
INFO:R0@tkref=1.5750: Summary: Optimization terminated successfully. after 1 it.
DEBUG:R0@tkref=1.5750: $$$$$$$$ CONFLICT LIST $$$$$$$$: []
INFO:R0: --------------------------
INFO:R0@tkref=1.8000: Time to solve stand alone optimisation problem: 0.0301899909973
INFO:R0@tkref=1.8000: N of unsatisfied eq: 5
INFO:R0@tkref=1.8000: N of unsatisfied ieq: 11
INFO:R0@tkref=1.8000: Summary: Optimization terminated successfully. after 1 it.
DEBUG:R0@tkref=1.8000: $$$$$$$$ CONFLICT LIST $$$$$$$$: []
INFO:R0: --------------------------
INFO:R0@tkref=2.0250: Time to solve stand alone optimisation problem: 0.0297069549561
INFO:R0@tkref=2.0250: N of unsatisfied eq: 4
INFO:R0@tkref=2.0250: N of unsatisfied ieq: 7
INFO:R0@tkref=2.0250: Summary: Optimization terminated successfully. after 1 it.
DEBUG:R0@tkref=2.0250: $$$$$$$$ CONFLICT LIST $$$$$$$$: []
INFO:R0: --------------------------
INFO:R0@tkref=2.2500: Time to solve stand alone optimisation problem: 0.029865026474
INFO:R0@tkref=2.2500: N of unsatisfied eq: 4
INFO:R0@tkref=2.2500: N of unsatisfied ieq: 11
INFO:R0@tkref=2.2500: Summary: Optimization terminated successfully. after 1 it.
DEBUG:R0@tkref=2.2500: $$$$$$$$ CONFLICT LIST $$$$$$$$: []
INFO:R0: --------------------------
INFO:R0@tkref=2.4750: Time to solve stand alone optimisation problem: 0.0298628807068
INFO:R0@tkref=2.4750: N of unsatisfied eq: 2
INFO:R0@tkref=2.4750: N of unsatisfied ieq: 6
INFO:R0@tkref=2.4750: Summary: Optimization terminated successfully. after 1 it.
DEBUG:R0@tkref=2.4750: $$$$$$$$ CONFLICT LIST $$$$$$$$: []
INFO:R0: --------------------------
INFO:R0@tkref=2.7000: Time to solve stand alone optimisation problem: 0.0293130874634
INFO:R0@tkref=2.7000: N of unsatisfied eq: 4
INFO:R0@tkref=2.7000: N of unsatisfied ieq: 11
INFO:R0@tkref=2.7000: Summary: Optimization terminated successfully. after 1 it.
DEBUG:R0@tkref=2.7000: $$$$$$$$ CONFLICT LIST $$$$$$$$: []
INFO:R0: --------------------------
INFO:R0@tkref=2.9250: Time to solve stand alone optimisation problem: 0.0296649932861
INFO:R0@tkref=2.9250: N of unsatisfied eq: 4
INFO:R0@tkref=2.9250: N of unsatisfied ieq: 10
INFO:R0@tkref=2.9250: Summary: Optimization terminated successfully. after 1 it.
DEBUG:R0@tkref=2.9250: $$$$$$$$ CONFLICT LIST $$$$$$$$: []
INFO:R0: --------------------------
INFO:R0@tkref=3.1500: Time to solve stand alone optimisation problem: 0.0297379493713
INFO:R0@tkref=3.1500: N of unsatisfied eq: 4
INFO:R0@tkref=3.1500: N of unsatisfied ieq: 7
INFO:R0@tkref=3.1500: Summary: Optimization terminated successfully. after 1 it.
DEBUG:R0@tkref=3.1500: $$$$$$$$ CONFLICT LIST $$$$$$$$: []
INFO:R0: --------------------------
INFO:R0@tkref=3.3750: Time to solve stand alone optimisation problem: 0.0299491882324
INFO:R0@tkref=3.3750: N of unsatisfied eq: 3
INFO:R0@tkref=3.3750: N of unsatisfied ieq: 10
INFO:R0@tkref=3.3750: Summary: Optimization terminated successfully. after 1 it.
DEBUG:R0@tkref=3.3750: $$$$$$$$ CONFLICT LIST $$$$$$$$: []
INFO:R0: --------------------------
INFO:R0@tkref=3.6000: Time to solve stand alone optimisation problem: 0.0297000408173
INFO:R0@tkref=3.6000: N of unsatisfied eq: 4
INFO:R0@tkref=3.6000: N of unsatisfied ieq: 8
INFO:R0@tkref=3.6000: Summary: Optimization terminated successfully. after 1 it.
DEBUG:R0@tkref=3.6000: $$$$$$$$ CONFLICT LIST $$$$$$$$: []
INFO:R0: --------------------------
INFO:R0@tkref=3.8250: Time to solve stand alone optimisation problem: 0.029492855072
INFO:R0@tkref=3.8250: N of unsatisfied eq: 5
INFO:R0@tkref=3.8250: N of unsatisfied ieq: 11
INFO:R0@tkref=3.8250: Summary: Optimization terminated successfully. after 1 it.
DEBUG:R0@tkref=3.8250: $$$$$$$$ CONFLICT LIST $$$$$$$$: []
INFO:R0: --------------------------
INFO:R0@tkref=4.0500: Time to solve stand alone optimisation problem: 0.0301089286804
INFO:R0@tkref=4.0500: N of unsatisfied eq: 4
INFO:R0@tkref=4.0500: N of unsatisfied ieq: 8
INFO:R0@tkref=4.0500: Summary: Optimization terminated successfully. after 1 it.
DEBUG:R0@tkref=4.0500: $$$$$$$$ CONFLICT LIST $$$$$$$$: []
INFO:R0: --------------------------
INFO:R0@tkref=4.2750: Time to solve stand alone optimisation problem: 0.0301508903503
INFO:R0@tkref=4.2750: N of unsatisfied eq: 5
INFO:R0@tkref=4.2750: N of unsatisfied ieq: 10
INFO:R0@tkref=4.2750: Summary: Optimization terminated successfully. after 1 it.
DEBUG:R0@tkref=4.2750: $$$$$$$$ CONFLICT LIST $$$$$$$$: []
INFO:R0: --------------------------
INFO:R0@tkref=4.5000: Time to solve stand alone optimisation problem: 0.0314879417419
INFO:R0@tkref=4.5000: N of unsatisfied eq: 4
INFO:R0@tkref=4.5000: N of unsatisfied ieq: 10
INFO:R0@tkref=4.5000: Summary: Optimization terminated successfully. after 1 it.
DEBUG:R0@tkref=4.5000: $$$$$$$$ CONFLICT LIST $$$$$$$$: []
INFO:R0: --------------------------
INFO:R0@tkref=4.7250: Time to solve stand alone optimisation problem: 0.0294439792633
INFO:R0@tkref=4.7250: N of unsatisfied eq: 3
INFO:R0@tkref=4.7250: N of unsatisfied ieq: 9
INFO:R0@tkref=4.7250: Summary: Optimization terminated successfully. after 1 it.
DEBUG:R0@tkref=4.7250: $$$$$$$$ CONFLICT LIST $$$$$$$$: []
INFO:R0: --------------------------
INFO:R0@tkref=4.9500: Time to solve stand alone optimisation problem: 0.029993057251
INFO:R0@tkref=4.9500: N of unsatisfied eq: 5
INFO:R0@tkref=4.9500: N of unsatisfied ieq: 10
INFO:R0@tkref=4.9500: Summary: Optimization terminated successfully. after 1 it.
DEBUG:R0@tkref=4.9500: $$$$$$$$ CONFLICT LIST $$$$$$$$: []
INFO:R0: --------------------------
INFO:R0@tkref=5.1750: Time to solve stand alone optimisation problem: 0.0301818847656
INFO:R0@tkref=5.1750: N of unsatisfied eq: 3
INFO:R0@tkref=5.1750: N of unsatisfied ieq: 9
INFO:R0@tkref=5.1750: Summary: Optimization terminated successfully. after 1 it.
DEBUG:R0@tkref=5.1750: $$$$$$$$ CONFLICT LIST $$$$$$$$: []
INFO:R0: --------------------------
INFO:R0@tkref=5.4000: Time to solve stand alone optimisation problem: 0.0297129154205
INFO:R0@tkref=5.4000: N of unsatisfied eq: 4
INFO:R0@tkref=5.4000: N of unsatisfied ieq: 10
INFO:R0@tkref=5.4000: Summary: Optimization terminated successfully. after 1 it.
DEBUG:R0@tkref=5.4000: $$$$$$$$ CONFLICT LIST $$$$$$$$: []
INFO:R0: --------------------------
INFO:R0@tkref=5.6250: Time to solve stand alone optimisation problem: 0.0286350250244
INFO:R0@tkref=5.6250: N of unsatisfied eq: 4
INFO:R0@tkref=5.6250: N of unsatisfied ieq: 10
INFO:R0@tkref=5.6250: Summary: Optimization terminated successfully. after 1 it.
DEBUG:R0@tkref=5.6250: $$$$$$$$ CONFLICT LIST $$$$$$$$: []
INFO:R0: --------------------------
INFO:R0@tkref=5.8500: Time to solve stand alone optimisation problem: 0.0295910835266
INFO:R0@tkref=5.8500: N of unsatisfied eq: 3
INFO:R0@tkref=5.8500: N of unsatisfied ieq: 9
INFO:R0@tkref=5.8500: Summary: Optimization terminated successfully. after 1 it.
DEBUG:R0@tkref=5.8500: $$$$$$$$ CONFLICT LIST $$$$$$$$: []
INFO:R0: --------------------------
INFO:R0@tkref=6.0750: Time to solve stand alone optimisation problem: 0.0302760601044
INFO:R0@tkref=6.0750: N of unsatisfied eq: 4
INFO:R0@tkref=6.0750: N of unsatisfied ieq: 10
INFO:R0@tkref=6.0750: Summary: Optimization terminated successfully. after 1 it.
DEBUG:R0@tkref=6.0750: $$$$$$$$ CONFLICT LIST $$$$$$$$: []
INFO:R0: --------------------------
INFO:R0@tkref=6.3000: Time to solve stand alone optimisation problem: 0.0297980308533
INFO:R0@tkref=6.3000: N of unsatisfied eq: 4
INFO:R0@tkref=6.3000: N of unsatisfied ieq: 10
INFO:R0@tkref=6.3000: Summary: Optimization terminated successfully. after 1 it.
DEBUG:R0@tkref=6.3000: $$$$$$$$ CONFLICT LIST $$$$$$$$: []
INFO:R0: --------------------------
INFO:R0@tkref=6.5250: Time to solve stand alone optimisation problem: 0.0292880535126
INFO:R0@tkref=6.5250: N of unsatisfied eq: 5
INFO:R0@tkref=6.5250: N of unsatisfied ieq: 8
INFO:R0@tkref=6.5250: Summary: Optimization terminated successfully. after 1 it.
DEBUG:R0@tkref=6.5250: $$$$$$$$ CONFLICT LIST $$$$$$$$: []
INFO:R0: --------------------------
INFO:R0@tkref=6.7500: Time to solve stand alone optimisation problem: 0.0295140743256
INFO:R0@tkref=6.7500: N of unsatisfied eq: 5
INFO:R0@tkref=6.7500: N of unsatisfied ieq: 9
INFO:R0@tkref=6.7500: Summary: Optimization terminated successfully. after 1 it.
DEBUG:R0@tkref=6.7500: $$$$$$$$ CONFLICT LIST $$$$$$$$: []
INFO:R0: --------------------------
DEBUG:R0: LAST STEP
DEBUG:R0: Approx remaining dist: 0.105071095197
DEBUG:R0: Usual approx plan dist: 1.2
DEBUG:R0: Approx gain in dist: 1.0949289048
DEBUG:R0: Last step min dist: 0.0
INFO:R0: scale 0.0875592459978 Ns 7 Nk 3
INFO:R0@tkref=6.9750: Time to solve stand alone optimisation problem: 0.301362991333
INFO:R0@tkref=6.9750: N of unsatisfied eq: 10
INFO:R0@tkref=6.9750: N of unsatisfied ieq: 4
INFO:R0@tkref=6.9750: Summary: Iteration limit exceeded after 21 it.
DEBUG:R0@tkref=6.9750: $$$$$$$$ CONFLICT LIST $$$$$$$$: []
INFO:R0: Finished motion planning
INFO:R0: --------------------------
INFO:R0: TOT: 7.09298678087
INFO:R0: NSE: 32
INFO:R0: FIR: 1.27218008041
INFO:R0: LAS: 0.302119016647
INFO:R0: LMA: 1
INFO:R0: MAX: 0.151503801346
INFO:R0: MIN: 0.0293478965759
INFO:R0: AVG: 0.0389482418696
INFO:R0: RMP: 0.631265838941
INFO:R0: RMG: 1.25882923603
