INFO:R0: Init motion planning
INFO:R0@tkref=0.0000: Time to solve stand alone optimisation problem: 2.47250080109
INFO:R0@tkref=0.0000: N of unsatisfied eq: 5
INFO:R0@tkref=0.0000: N of unsatisfied ieq: 12
INFO:R0@tkref=0.0000: Summary: Iteration limit exceeded after 41 it.
DEBUG:R0@tkref=0.0000: $$$$$$$$ CONFLICT LIST $$$$$$$$: []
INFO:R0: --------------------------
INFO:R0@tkref=0.2400: Time to solve stand alone optimisation problem: 0.876081943512
INFO:R0@tkref=0.2400: N of unsatisfied eq: 1
INFO:R0@tkref=0.2400: N of unsatisfied ieq: 11
INFO:R0@tkref=0.2400: Summary: Iteration limit exceeded after 16 it.
DEBUG:R0@tkref=0.2400: $$$$$$$$ CONFLICT LIST $$$$$$$$: []
INFO:R0: --------------------------
INFO:R0@tkref=0.4800: Time to solve stand alone optimisation problem: 0.65581703186
INFO:R0@tkref=0.4800: N of unsatisfied eq: 1
INFO:R0@tkref=0.4800: N of unsatisfied ieq: 7
INFO:R0@tkref=0.4800: Summary: Optimization terminated successfully. after 11 it.
DEBUG:R0@tkref=0.4800: $$$$$$$$ CONFLICT LIST $$$$$$$$: []
INFO:R0: --------------------------
INFO:R0@tkref=0.7200: Time to solve stand alone optimisation problem: 0.409596204758
INFO:R0@tkref=0.7200: N of unsatisfied eq: 3
INFO:R0@tkref=0.7200: N of unsatisfied ieq: 11
INFO:R0@tkref=0.7200: Summary: Optimization terminated successfully. after 7 it.
DEBUG:R0@tkref=0.7200: $$$$$$$$ CONFLICT LIST $$$$$$$$: []
INFO:R0: --------------------------
INFO:R0@tkref=0.9600: Time to solve stand alone optimisation problem: 0.582671880722
INFO:R0@tkref=0.9600: N of unsatisfied eq: 3
INFO:R0@tkref=0.9600: N of unsatisfied ieq: 8
INFO:R0@tkref=0.9600: Summary: Optimization terminated successfully. after 8 it.
DEBUG:R0@tkref=0.9600: $$$$$$$$ CONFLICT LIST $$$$$$$$: []
INFO:R0: --------------------------
INFO:R0@tkref=1.2000: Time to solve stand alone optimisation problem: 0.73135304451
INFO:R0@tkref=1.2000: N of unsatisfied eq: 3
INFO:R0@tkref=1.2000: N of unsatisfied ieq: 10
INFO:R0@tkref=1.2000: Summary: Optimization terminated successfully. after 9 it.
DEBUG:R0@tkref=1.2000: $$$$$$$$ CONFLICT LIST $$$$$$$$: []
INFO:R0: --------------------------
INFO:R0@tkref=1.4400: Time to solve stand alone optimisation problem: 0.702061891556
INFO:R0@tkref=1.4400: N of unsatisfied eq: 3
INFO:R0@tkref=1.4400: N of unsatisfied ieq: 10
INFO:R0@tkref=1.4400: Summary: Optimization terminated successfully. after 9 it.
DEBUG:R0@tkref=1.4400: $$$$$$$$ CONFLICT LIST $$$$$$$$: []
INFO:R0: --------------------------
INFO:R0@tkref=1.6800: Time to solve stand alone optimisation problem: 0.653750896454
INFO:R0@tkref=1.6800: N of unsatisfied eq: 3
INFO:R0@tkref=1.6800: N of unsatisfied ieq: 8
INFO:R0@tkref=1.6800: Summary: Optimization terminated successfully. after 8 it.
DEBUG:R0@tkref=1.6800: $$$$$$$$ CONFLICT LIST $$$$$$$$: []
INFO:R0: --------------------------
INFO:R0@tkref=1.9200: Time to solve stand alone optimisation problem: 0.463780879974
INFO:R0@tkref=1.9200: N of unsatisfied eq: 3
INFO:R0@tkref=1.9200: N of unsatisfied ieq: 9
INFO:R0@tkref=1.9200: Summary: Optimization terminated successfully. after 6 it.
DEBUG:R0@tkref=1.9200: $$$$$$$$ CONFLICT LIST $$$$$$$$: []
INFO:R0: --------------------------
INFO:R0@tkref=2.1600: Time to solve stand alone optimisation problem: 0.51921081543
INFO:R0@tkref=2.1600: N of unsatisfied eq: 3
INFO:R0@tkref=2.1600: N of unsatisfied ieq: 7
INFO:R0@tkref=2.1600: Summary: Optimization terminated successfully. after 6 it.
DEBUG:R0@tkref=2.1600: $$$$$$$$ CONFLICT LIST $$$$$$$$: []
INFO:R0: --------------------------
INFO:R0@tkref=2.4000: Time to solve stand alone optimisation problem: 0.776597976685
INFO:R0@tkref=2.4000: N of unsatisfied eq: 3
INFO:R0@tkref=2.4000: N of unsatisfied ieq: 9
INFO:R0@tkref=2.4000: Summary: Optimization terminated successfully. after 9 it.
DEBUG:R0@tkref=2.4000: $$$$$$$$ CONFLICT LIST $$$$$$$$: []
INFO:R0: --------------------------
INFO:R0@tkref=2.6400: Time to solve stand alone optimisation problem: 0.523869991302
INFO:R0@tkref=2.6400: N of unsatisfied eq: 3
INFO:R0@tkref=2.6400: N of unsatisfied ieq: 10
INFO:R0@tkref=2.6400: Summary: Optimization terminated successfully. after 6 it.
DEBUG:R0@tkref=2.6400: $$$$$$$$ CONFLICT LIST $$$$$$$$: []
INFO:R0: --------------------------
INFO:R0@tkref=2.8800: Time to solve stand alone optimisation problem: 0.650173902512
INFO:R0@tkref=2.8800: N of unsatisfied eq: 3
INFO:R0@tkref=2.8800: N of unsatisfied ieq: 8
INFO:R0@tkref=2.8800: Summary: Optimization terminated successfully. after 7 it.
DEBUG:R0@tkref=2.8800: $$$$$$$$ CONFLICT LIST $$$$$$$$: []
INFO:R0: --------------------------
INFO:R0@tkref=3.1200: Time to solve stand alone optimisation problem: 0.522360086441
INFO:R0@tkref=3.1200: N of unsatisfied eq: 2
INFO:R0@tkref=3.1200: N of unsatisfied ieq: 10
INFO:R0@tkref=3.1200: Summary: Optimization terminated successfully. after 6 it.
DEBUG:R0@tkref=3.1200: $$$$$$$$ CONFLICT LIST $$$$$$$$: []
INFO:R0: --------------------------
INFO:R0@tkref=3.3600: Time to solve stand alone optimisation problem: 0.611091852188
INFO:R0@tkref=3.3600: N of unsatisfied eq: 3
INFO:R0@tkref=3.3600: N of unsatisfied ieq: 10
INFO:R0@tkref=3.3600: Summary: Optimization terminated successfully. after 7 it.
DEBUG:R0@tkref=3.3600: $$$$$$$$ CONFLICT LIST $$$$$$$$: []
INFO:R0: --------------------------
INFO:R0@tkref=3.6000: Time to solve stand alone optimisation problem: 0.645203828812
INFO:R0@tkref=3.6000: N of unsatisfied eq: 3
INFO:R0@tkref=3.6000: N of unsatisfied ieq: 9
INFO:R0@tkref=3.6000: Summary: Optimization terminated successfully. after 7 it.
DEBUG:R0@tkref=3.6000: $$$$$$$$ CONFLICT LIST $$$$$$$$: []
INFO:R0: --------------------------
INFO:R0@tkref=3.8400: Time to solve stand alone optimisation problem: 0.550981998444
INFO:R0@tkref=3.8400: N of unsatisfied eq: 2
INFO:R0@tkref=3.8400: N of unsatisfied ieq: 8
INFO:R0@tkref=3.8400: Summary: Optimization terminated successfully. after 6 it.
DEBUG:R0@tkref=3.8400: $$$$$$$$ CONFLICT LIST $$$$$$$$: []
INFO:R0: --------------------------
INFO:R0@tkref=4.0800: Time to solve stand alone optimisation problem: 1.37015604973
INFO:R0@tkref=4.0800: N of unsatisfied eq: 3
INFO:R0@tkref=4.0800: N of unsatisfied ieq: 5
INFO:R0@tkref=4.0800: Summary: Iteration limit exceeded after 16 it.
DEBUG:R0@tkref=4.0800: $$$$$$$$ CONFLICT LIST $$$$$$$$: []
INFO:R0: --------------------------
INFO:R0@tkref=4.3200: Time to solve stand alone optimisation problem: 1.00223398209
INFO:R0@tkref=4.3200: N of unsatisfied eq: 3
INFO:R0@tkref=4.3200: N of unsatisfied ieq: 6
INFO:R0@tkref=4.3200: Summary: Optimization terminated successfully. after 11 it.
DEBUG:R0@tkref=4.3200: $$$$$$$$ CONFLICT LIST $$$$$$$$: []
INFO:R0: --------------------------
INFO:R0@tkref=4.5600: Time to solve stand alone optimisation problem: 1.25422120094
INFO:R0@tkref=4.5600: N of unsatisfied eq: 3
INFO:R0@tkref=4.5600: N of unsatisfied ieq: 4
INFO:R0@tkref=4.5600: Summary: Iteration limit exceeded after 16 it.
DEBUG:R0@tkref=4.5600: $$$$$$$$ CONFLICT LIST $$$$$$$$: []
INFO:R0: --------------------------
INFO:R0@tkref=4.8000: Time to solve stand alone optimisation problem: 0.677112817764
INFO:R0@tkref=4.8000: N of unsatisfied eq: 3
INFO:R0@tkref=4.8000: N of unsatisfied ieq: 9
INFO:R0@tkref=4.8000: Summary: Optimization terminated successfully. after 10 it.
DEBUG:R0@tkref=4.8000: $$$$$$$$ CONFLICT LIST $$$$$$$$: []
INFO:R0: --------------------------
INFO:R0@tkref=5.0400: Time to solve stand alone optimisation problem: 0.7097260952
INFO:R0@tkref=5.0400: N of unsatisfied eq: 3
INFO:R0@tkref=5.0400: N of unsatisfied ieq: 10
INFO:R0@tkref=5.0400: Summary: Optimization terminated successfully. after 10 it.
DEBUG:R0@tkref=5.0400: $$$$$$$$ CONFLICT LIST $$$$$$$$: []
INFO:R0: --------------------------
INFO:R0@tkref=5.2800: Time to solve stand alone optimisation problem: 0.420359134674
INFO:R0@tkref=5.2800: N of unsatisfied eq: 3
INFO:R0@tkref=5.2800: N of unsatisfied ieq: 12
INFO:R0@tkref=5.2800: Summary: Optimization terminated successfully. after 6 it.
DEBUG:R0@tkref=5.2800: $$$$$$$$ CONFLICT LIST $$$$$$$$: []
INFO:R0: --------------------------
INFO:R0@tkref=5.5200: Time to solve stand alone optimisation problem: 0.143119096756
INFO:R0@tkref=5.5200: N of unsatisfied eq: 3
INFO:R0@tkref=5.5200: N of unsatisfied ieq: 12
INFO:R0@tkref=5.5200: Summary: Optimization terminated successfully. after 2 it.
DEBUG:R0@tkref=5.5200: $$$$$$$$ CONFLICT LIST $$$$$$$$: []
INFO:R0: --------------------------
INFO:R0@tkref=5.7600: Time to solve stand alone optimisation problem: 0.0727598667145
INFO:R0@tkref=5.7600: N of unsatisfied eq: 3
INFO:R0@tkref=5.7600: N of unsatisfied ieq: 11
INFO:R0@tkref=5.7600: Summary: Optimization terminated successfully. after 1 it.
DEBUG:R0@tkref=5.7600: $$$$$$$$ CONFLICT LIST $$$$$$$$: []
INFO:R0: --------------------------
INFO:R0@tkref=6.0000: Time to solve stand alone optimisation problem: 0.142260789871
INFO:R0@tkref=6.0000: N of unsatisfied eq: 3
INFO:R0@tkref=6.0000: N of unsatisfied ieq: 12
INFO:R0@tkref=6.0000: Summary: Optimization terminated successfully. after 2 it.
DEBUG:R0@tkref=6.0000: $$$$$$$$ CONFLICT LIST $$$$$$$$: []
INFO:R0: --------------------------
INFO:R0@tkref=6.2400: Time to solve stand alone optimisation problem: 0.0624690055847
INFO:R0@tkref=6.2400: N of unsatisfied eq: 3
INFO:R0@tkref=6.2400: N of unsatisfied ieq: 10
INFO:R0@tkref=6.2400: Summary: Optimization terminated successfully. after 1 it.
DEBUG:R0@tkref=6.2400: $$$$$$$$ CONFLICT LIST $$$$$$$$: []
INFO:R0: --------------------------
INFO:R0@tkref=6.4800: Time to solve stand alone optimisation problem: 0.0629558563232
INFO:R0@tkref=6.4800: N of unsatisfied eq: 3
INFO:R0@tkref=6.4800: N of unsatisfied ieq: 8
INFO:R0@tkref=6.4800: Summary: Optimization terminated successfully. after 1 it.
DEBUG:R0@tkref=6.4800: $$$$$$$$ CONFLICT LIST $$$$$$$$: []
INFO:R0: --------------------------
INFO:R0@tkref=6.7200: Time to solve stand alone optimisation problem: 0.0628352165222
INFO:R0@tkref=6.7200: N of unsatisfied eq: 3
INFO:R0@tkref=6.7200: N of unsatisfied ieq: 9
INFO:R0@tkref=6.7200: Summary: Optimization terminated successfully. after 1 it.
DEBUG:R0@tkref=6.7200: $$$$$$$$ CONFLICT LIST $$$$$$$$: []
INFO:R0: --------------------------
INFO:R0@tkref=6.9600: Time to solve stand alone optimisation problem: 0.063451051712
INFO:R0@tkref=6.9600: N of unsatisfied eq: 3
INFO:R0@tkref=6.9600: N of unsatisfied ieq: 7
INFO:R0@tkref=6.9600: Summary: Optimization terminated successfully. after 1 it.
DEBUG:R0@tkref=6.9600: $$$$$$$$ CONFLICT LIST $$$$$$$$: []
INFO:R0: --------------------------
INFO:R0@tkref=7.2000: Time to solve stand alone optimisation problem: 0.052805185318
INFO:R0@tkref=7.2000: N of unsatisfied eq: 3
INFO:R0@tkref=7.2000: N of unsatisfied ieq: 7
INFO:R0@tkref=7.2000: Summary: Optimization terminated successfully. after 1 it.
DEBUG:R0@tkref=7.2000: $$$$$$$$ CONFLICT LIST $$$$$$$$: []
INFO:R0: --------------------------
DEBUG:R0: LAST STEP
DEBUG:R0: Approx remaining dist: 0.0945877330918
DEBUG:R0: Usual approx plan dist: 1.2
DEBUG:R0: Approx gain in dist: 1.10541226691
DEBUG:R0: Last step min dist: 0.0
INFO:R0: scale 0.0788231109098 Ns 7 Nk 3
INFO:R0@tkref=7.4400: Time to solve stand alone optimisation problem: 0.401856184006
INFO:R0@tkref=7.4400: N of unsatisfied eq: 10
INFO:R0@tkref=7.4400: N of unsatisfied ieq: 4
INFO:R0@tkref=7.4400: Summary: Iteration limit exceeded after 21 it.
DEBUG:R0@tkref=7.4400: $$$$$$$$ CONFLICT LIST $$$$$$$$: []
INFO:R0: Finished motion planning
INFO:R0: --------------------------
INFO:R0: TOT: 7.54621311915
INFO:R0: NSE: 32
INFO:R0: FIR: 2.47430419922
INFO:R0: LAS: 0.402684926987
INFO:R0: LMA: 0
INFO:R0: MAX: 1.37101006508
INFO:R0: MIN: 0.0535798072815
INFO:R0: AVG: 0.533217144012
INFO:R0: RMP: 5.71254193783
INFO:R0: RMG: 5.71254193783
