INFO:R0: Init motion planning
INFO:R0@tkref=0.0000: Time to solve stand alone optimisation problem: 0.964205980301
INFO:R0@tkref=0.0000: N of unsatisfied eq: 4
INFO:R0@tkref=0.0000: N of unsatisfied ieq: 8
INFO:R0@tkref=0.0000: Summary: Iteration limit exceeded after 41 it.
DEBUG:R0@tkref=0.0000: $$$$$$$$ CONFLICT LIST $$$$$$$$: []
INFO:R0: --------------------------
INFO:R0@tkref=0.3692: Time to solve stand alone optimisation problem: 0.025710105896
INFO:R0@tkref=0.3692: N of unsatisfied eq: 3
INFO:R0@tkref=0.3692: N of unsatisfied ieq: 5
INFO:R0@tkref=0.3692: Summary: Optimization terminated successfully. after 1 it.
DEBUG:R0@tkref=0.3692: $$$$$$$$ CONFLICT LIST $$$$$$$$: []
INFO:R0: --------------------------
INFO:R0@tkref=0.7385: Time to solve stand alone optimisation problem: 0.120687961578
INFO:R0@tkref=0.7385: N of unsatisfied eq: 3
INFO:R0@tkref=0.7385: N of unsatisfied ieq: 5
INFO:R0@tkref=0.7385: Summary: Optimization terminated successfully. after 5 it.
DEBUG:R0@tkref=0.7385: $$$$$$$$ CONFLICT LIST $$$$$$$$: []
INFO:R0: --------------------------
INFO:R0@tkref=1.1077: Time to solve stand alone optimisation problem: 0.0231058597565
INFO:R0@tkref=1.1077: N of unsatisfied eq: 4
INFO:R0@tkref=1.1077: N of unsatisfied ieq: 6
INFO:R0@tkref=1.1077: Summary: Optimization terminated successfully. after 1 it.
DEBUG:R0@tkref=1.1077: $$$$$$$$ CONFLICT LIST $$$$$$$$: []
INFO:R0: --------------------------
INFO:R0@tkref=1.4769: Time to solve stand alone optimisation problem: 0.0239930152893
INFO:R0@tkref=1.4769: N of unsatisfied eq: 2
INFO:R0@tkref=1.4769: N of unsatisfied ieq: 9
INFO:R0@tkref=1.4769: Summary: Optimization terminated successfully. after 1 it.
DEBUG:R0@tkref=1.4769: $$$$$$$$ CONFLICT LIST $$$$$$$$: []
INFO:R0: --------------------------
INFO:R0@tkref=1.8462: Time to solve stand alone optimisation problem: 0.0229759216309
INFO:R0@tkref=1.8462: N of unsatisfied eq: 4
INFO:R0@tkref=1.8462: N of unsatisfied ieq: 8
INFO:R0@tkref=1.8462: Summary: Optimization terminated successfully. after 1 it.
DEBUG:R0@tkref=1.8462: $$$$$$$$ CONFLICT LIST $$$$$$$$: []
INFO:R0: --------------------------
INFO:R0@tkref=2.2154: Time to solve stand alone optimisation problem: 0.02397108078
INFO:R0@tkref=2.2154: N of unsatisfied eq: 3
INFO:R0@tkref=2.2154: N of unsatisfied ieq: 8
INFO:R0@tkref=2.2154: Summary: Optimization terminated successfully. after 1 it.
DEBUG:R0@tkref=2.2154: $$$$$$$$ CONFLICT LIST $$$$$$$$: []
INFO:R0: --------------------------
INFO:R0@tkref=2.5846: Time to solve stand alone optimisation problem: 0.0239591598511
INFO:R0@tkref=2.5846: N of unsatisfied eq: 4
INFO:R0@tkref=2.5846: N of unsatisfied ieq: 9
INFO:R0@tkref=2.5846: Summary: Optimization terminated successfully. after 1 it.
DEBUG:R0@tkref=2.5846: $$$$$$$$ CONFLICT LIST $$$$$$$$: []
INFO:R0: --------------------------
INFO:R0@tkref=2.9538: Time to solve stand alone optimisation problem: 0.0247759819031
INFO:R0@tkref=2.9538: N of unsatisfied eq: 5
INFO:R0@tkref=2.9538: N of unsatisfied ieq: 9
INFO:R0@tkref=2.9538: Summary: Optimization terminated successfully. after 1 it.
DEBUG:R0@tkref=2.9538: $$$$$$$$ CONFLICT LIST $$$$$$$$: []
INFO:R0: --------------------------
INFO:R0@tkref=3.3231: Time to solve stand alone optimisation problem: 0.0240669250488
INFO:R0@tkref=3.3231: N of unsatisfied eq: 3
INFO:R0@tkref=3.3231: N of unsatisfied ieq: 6
INFO:R0@tkref=3.3231: Summary: Optimization terminated successfully. after 1 it.
DEBUG:R0@tkref=3.3231: $$$$$$$$ CONFLICT LIST $$$$$$$$: []
INFO:R0: --------------------------
INFO:R0@tkref=3.6923: Time to solve stand alone optimisation problem: 0.0234749317169
INFO:R0@tkref=3.6923: N of unsatisfied eq: 3
INFO:R0@tkref=3.6923: N of unsatisfied ieq: 6
INFO:R0@tkref=3.6923: Summary: Optimization terminated successfully. after 1 it.
DEBUG:R0@tkref=3.6923: $$$$$$$$ CONFLICT LIST $$$$$$$$: []
INFO:R0: --------------------------
INFO:R0@tkref=4.0615: Time to solve stand alone optimisation problem: 0.023647069931
INFO:R0@tkref=4.0615: N of unsatisfied eq: 2
INFO:R0@tkref=4.0615: N of unsatisfied ieq: 7
INFO:R0@tkref=4.0615: Summary: Optimization terminated successfully. after 1 it.
DEBUG:R0@tkref=4.0615: $$$$$$$$ CONFLICT LIST $$$$$$$$: []
INFO:R0: --------------------------
INFO:R0@tkref=4.4308: Time to solve stand alone optimisation problem: 0.02401304245
INFO:R0@tkref=4.4308: N of unsatisfied eq: 4
INFO:R0@tkref=4.4308: N of unsatisfied ieq: 7
INFO:R0@tkref=4.4308: Summary: Optimization terminated successfully. after 1 it.
DEBUG:R0@tkref=4.4308: $$$$$$$$ CONFLICT LIST $$$$$$$$: []
INFO:R0: --------------------------
INFO:R0@tkref=4.8000: Time to solve stand alone optimisation problem: 0.0229189395905
INFO:R0@tkref=4.8000: N of unsatisfied eq: 2
INFO:R0@tkref=4.8000: N of unsatisfied ieq: 4
INFO:R0@tkref=4.8000: Summary: Optimization terminated successfully. after 1 it.
DEBUG:R0@tkref=4.8000: $$$$$$$$ CONFLICT LIST $$$$$$$$: []
INFO:R0: --------------------------
INFO:R0@tkref=5.1692: Time to solve stand alone optimisation problem: 0.0247640609741
INFO:R0@tkref=5.1692: N of unsatisfied eq: 3
INFO:R0@tkref=5.1692: N of unsatisfied ieq: 7
INFO:R0@tkref=5.1692: Summary: Optimization terminated successfully. after 1 it.
DEBUG:R0@tkref=5.1692: $$$$$$$$ CONFLICT LIST $$$$$$$$: []
INFO:R0: --------------------------
INFO:R0@tkref=5.5385: Time to solve stand alone optimisation problem: 0.0235209465027
INFO:R0@tkref=5.5385: N of unsatisfied eq: 4
INFO:R0@tkref=5.5385: N of unsatisfied ieq: 7
INFO:R0@tkref=5.5385: Summary: Optimization terminated successfully. after 1 it.
DEBUG:R0@tkref=5.5385: $$$$$$$$ CONFLICT LIST $$$$$$$$: []
INFO:R0: --------------------------
INFO:R0@tkref=5.9077: Time to solve stand alone optimisation problem: 0.0234022140503
INFO:R0@tkref=5.9077: N of unsatisfied eq: 4
INFO:R0@tkref=5.9077: N of unsatisfied ieq: 7
INFO:R0@tkref=5.9077: Summary: Optimization terminated successfully. after 1 it.
DEBUG:R0@tkref=5.9077: $$$$$$$$ CONFLICT LIST $$$$$$$$: []
INFO:R0: --------------------------
INFO:R0@tkref=6.2769: Time to solve stand alone optimisation problem: 0.02388215065
INFO:R0@tkref=6.2769: N of unsatisfied eq: 2
INFO:R0@tkref=6.2769: N of unsatisfied ieq: 7
INFO:R0@tkref=6.2769: Summary: Optimization terminated successfully. after 1 it.
DEBUG:R0@tkref=6.2769: $$$$$$$$ CONFLICT LIST $$$$$$$$: []
INFO:R0: --------------------------
INFO:R0@tkref=6.6462: Time to solve stand alone optimisation problem: 0.023188829422
INFO:R0@tkref=6.6462: N of unsatisfied eq: 4
INFO:R0@tkref=6.6462: N of unsatisfied ieq: 7
INFO:R0@tkref=6.6462: Summary: Optimization terminated successfully. after 1 it.
DEBUG:R0@tkref=6.6462: $$$$$$$$ CONFLICT LIST $$$$$$$$: []
INFO:R0: --------------------------
DEBUG:R0: LAST STEP
DEBUG:R0: Approx remaining dist: 0.116123637441
DEBUG:R0: Usual approx plan dist: 1.6
DEBUG:R0: Approx gain in dist: 1.48387636256
DEBUG:R0: Last step min dist: 0.0
INFO:R0: scale 0.0725772734009 Ns 7 Nk 3
INFO:R0@tkref=7.0154: Time to solve stand alone optimisation problem: 0.301832914352
INFO:R0@tkref=7.0154: N of unsatisfied eq: 10
INFO:R0@tkref=7.0154: N of unsatisfied ieq: 4
INFO:R0@tkref=7.0154: Summary: Iteration limit exceeded after 21 it.
DEBUG:R0@tkref=7.0154: $$$$$$$$ CONFLICT LIST $$$$$$$$: []
INFO:R0: Finished motion planning
INFO:R0: --------------------------
INFO:R0: TOT: 7.14578254518
INFO:R0: NSE: 20
INFO:R0: FIR: 0.965709209442
INFO:R0: LAS: 0.302599906921
INFO:R0: LMA: 1
INFO:R0: MAX: 0.121438026428
INFO:R0: MIN: 0.0236818790436
INFO:R0: AVG: 0.0299829377068
INFO:R0: RMP: 0.379493832588
INFO:R0: RMG: 0.945624709129
