INFO:R0: Init motion planning
INFO:R0@tkref=0.0000: Time to solve stand alone optimisation problem: 1.20705509186
INFO:R0@tkref=0.0000: N of unsatisfied eq: 5
INFO:R0@tkref=0.0000: N of unsatisfied ieq: 10
INFO:R0@tkref=0.0000: Summary: Iteration limit exceeded after 41 it.
DEBUG:R0@tkref=0.0000: $$$$$$$$ CONFLICT LIST $$$$$$$$: []
INFO:R0: --------------------------
INFO:R0@tkref=0.4667: Time to solve stand alone optimisation problem: 0.117830038071
INFO:R0@tkref=0.4667: N of unsatisfied eq: 3
INFO:R0@tkref=0.4667: N of unsatisfied ieq: 5
INFO:R0@tkref=0.4667: Summary: Optimization terminated successfully. after 4 it.
DEBUG:R0@tkref=0.4667: $$$$$$$$ CONFLICT LIST $$$$$$$$: []
INFO:R0: --------------------------
INFO:R0@tkref=0.9333: Time to solve stand alone optimisation problem: 0.0376629829407
INFO:R0@tkref=0.9333: N of unsatisfied eq: 3
INFO:R0@tkref=0.9333: N of unsatisfied ieq: 7
INFO:R0@tkref=0.9333: Summary: Optimization terminated successfully. after 1 it.
DEBUG:R0@tkref=0.9333: $$$$$$$$ CONFLICT LIST $$$$$$$$: []
INFO:R0: --------------------------
INFO:R0@tkref=1.4000: Time to solve stand alone optimisation problem: 0.116309165955
INFO:R0@tkref=1.4000: N of unsatisfied eq: 3
INFO:R0@tkref=1.4000: N of unsatisfied ieq: 5
INFO:R0@tkref=1.4000: Summary: Optimization terminated successfully. after 3 it.
DEBUG:R0@tkref=1.4000: $$$$$$$$ CONFLICT LIST $$$$$$$$: []
INFO:R0: --------------------------
INFO:R0@tkref=1.8667: Time to solve stand alone optimisation problem: 0.0429859161377
INFO:R0@tkref=1.8667: N of unsatisfied eq: 3
INFO:R0@tkref=1.8667: N of unsatisfied ieq: 5
INFO:R0@tkref=1.8667: Summary: Optimization terminated successfully. after 1 it.
DEBUG:R0@tkref=1.8667: $$$$$$$$ CONFLICT LIST $$$$$$$$: []
INFO:R0: --------------------------
INFO:R0@tkref=2.3333: Time to solve stand alone optimisation problem: 0.0426189899445
INFO:R0@tkref=2.3333: N of unsatisfied eq: 4
INFO:R0@tkref=2.3333: N of unsatisfied ieq: 7
INFO:R0@tkref=2.3333: Summary: Optimization terminated successfully. after 1 it.
DEBUG:R0@tkref=2.3333: $$$$$$$$ CONFLICT LIST $$$$$$$$: []
INFO:R0: --------------------------
DEBUG:R0: Big problem 14043609821.6
DEBUG:R0: Big problem 140419981.517
DEBUG:R0: Big problem 1402588.95351
INFO:R0@tkref=2.8000: Time to solve stand alone optimisation problem: 0.804986000061
INFO:R0@tkref=2.8000: N of unsatisfied eq: 2
INFO:R0@tkref=2.8000: N of unsatisfied ieq: 5
INFO:R0@tkref=2.8000: Summary: Iteration limit exceeded after 16 it.
DEBUG:R0@tkref=2.8000: $$$$$$$$ CONFLICT LIST $$$$$$$$: []
INFO:R0: --------------------------
INFO:R0@tkref=3.2667: Time to solve stand alone optimisation problem: 0.68235206604
INFO:R0@tkref=3.2667: N of unsatisfied eq: 3
INFO:R0@tkref=3.2667: N of unsatisfied ieq: 3
INFO:R0@tkref=3.2667: Summary: Iteration limit exceeded after 16 it.
DEBUG:R0@tkref=3.2667: $$$$$$$$ CONFLICT LIST $$$$$$$$: []
INFO:R0: --------------------------
INFO:R0@tkref=3.7333: Time to solve stand alone optimisation problem: 0.671561956406
INFO:R0@tkref=3.7333: N of unsatisfied eq: 3
INFO:R0@tkref=3.7333: N of unsatisfied ieq: 6
INFO:R0@tkref=3.7333: Summary: Iteration limit exceeded after 16 it.
DEBUG:R0@tkref=3.7333: $$$$$$$$ CONFLICT LIST $$$$$$$$: []
INFO:R0: --------------------------
INFO:R0@tkref=4.2000: Time to solve stand alone optimisation problem: 0.286770820618
INFO:R0@tkref=4.2000: N of unsatisfied eq: 3
INFO:R0@tkref=4.2000: N of unsatisfied ieq: 4
INFO:R0@tkref=4.2000: Summary: Optimization terminated successfully. after 7 it.
DEBUG:R0@tkref=4.2000: $$$$$$$$ CONFLICT LIST $$$$$$$$: []
INFO:R0: --------------------------
INFO:R0@tkref=4.6667: Time to solve stand alone optimisation problem: 0.24146604538
INFO:R0@tkref=4.6667: N of unsatisfied eq: 3
INFO:R0@tkref=4.6667: N of unsatisfied ieq: 5
INFO:R0@tkref=4.6667: Summary: Optimization terminated successfully. after 6 it.
DEBUG:R0@tkref=4.6667: $$$$$$$$ CONFLICT LIST $$$$$$$$: []
INFO:R0: --------------------------
INFO:R0@tkref=5.1333: Time to solve stand alone optimisation problem: 0.286669015884
INFO:R0@tkref=5.1333: N of unsatisfied eq: 3
INFO:R0@tkref=5.1333: N of unsatisfied ieq: 7
INFO:R0@tkref=5.1333: Summary: Optimization terminated successfully. after 7 it.
DEBUG:R0@tkref=5.1333: $$$$$$$$ CONFLICT LIST $$$$$$$$: []
INFO:R0: --------------------------
INFO:R0@tkref=5.6000: Time to solve stand alone optimisation problem: 0.0379447937012
INFO:R0@tkref=5.6000: N of unsatisfied eq: 3
INFO:R0@tkref=5.6000: N of unsatisfied ieq: 10
INFO:R0@tkref=5.6000: Summary: Optimization terminated successfully. after 1 it.
DEBUG:R0@tkref=5.6000: $$$$$$$$ CONFLICT LIST $$$$$$$$: []
INFO:R0: --------------------------
INFO:R0@tkref=6.0667: Time to solve stand alone optimisation problem: 0.110243082047
INFO:R0@tkref=6.0667: N of unsatisfied eq: 3
INFO:R0@tkref=6.0667: N of unsatisfied ieq: 5
INFO:R0@tkref=6.0667: Summary: Optimization terminated successfully. after 3 it.
DEBUG:R0@tkref=6.0667: $$$$$$$$ CONFLICT LIST $$$$$$$$: []
INFO:R0: --------------------------
INFO:R0@tkref=6.5333: Time to solve stand alone optimisation problem: 0.0355648994446
INFO:R0@tkref=6.5333: N of unsatisfied eq: 3
INFO:R0@tkref=6.5333: N of unsatisfied ieq: 7
INFO:R0@tkref=6.5333: Summary: Optimization terminated successfully. after 1 it.
DEBUG:R0@tkref=6.5333: $$$$$$$$ CONFLICT LIST $$$$$$$$: []
INFO:R0: --------------------------
INFO:R0@tkref=7.0000: Time to solve stand alone optimisation problem: 0.0357580184937
INFO:R0@tkref=7.0000: N of unsatisfied eq: 4
INFO:R0@tkref=7.0000: N of unsatisfied ieq: 8
INFO:R0@tkref=7.0000: Summary: Optimization terminated successfully. after 1 it.
DEBUG:R0@tkref=7.0000: $$$$$$$$ CONFLICT LIST $$$$$$$$: []
INFO:R0: --------------------------
DEBUG:R0: LAST STEP
DEBUG:R0: Approx remaining dist: 0.185895153486
DEBUG:R0: Usual approx plan dist: 0.8
DEBUG:R0: Approx gain in dist: 0.614104846514
DEBUG:R0: Last step min dist: 0.0
INFO:R0: scale 0.232368941858 Ns 7 Nk 3
INFO:R0@tkref=7.4667: Time to solve stand alone optimisation problem: 0.411521911621
INFO:R0@tkref=7.4667: N of unsatisfied eq: 10
INFO:R0@tkref=7.4667: N of unsatisfied ieq: 4
INFO:R0@tkref=7.4667: Summary: Iteration limit exceeded after 21 it.
DEBUG:R0@tkref=7.4667: $$$$$$$$ CONFLICT LIST $$$$$$$$: []
INFO:R0: Finished motion planning
INFO:R0: --------------------------
INFO:R0: TOT: 7.6754112939
INFO:R0: NSE: 17
INFO:R0: FIR: 1.20850515366
INFO:R0: LAS: 0.412333011627
INFO:R0: LMA: 0
INFO:R0: MAX: 0.806157827377
INFO:R0: MIN: 0.0364000797272
INFO:R0: AVG: 0.237580013275
INFO:R0: RMP: 1.79945943611
INFO:R0: RMG: 1.79945943611
