INFO:R0: Init motion planning
INFO:R0@tkref=0.0000: Time to solve stand alone optimisation problem: 1.18949818611
INFO:R0@tkref=0.0000: N of unsatisfied eq: 4
INFO:R0@tkref=0.0000: N of unsatisfied ieq: 6
INFO:R0@tkref=0.0000: Summary: Iteration limit exceeded after 41 it.
DEBUG:R0@tkref=0.0000: $$$$$$$$ CONFLICT LIST $$$$$$$$: []
INFO:R0: --------------------------
INFO:R0@tkref=1.2444: Time to solve stand alone optimisation problem: 0.0366418361664
INFO:R0@tkref=1.2444: N of unsatisfied eq: 3
INFO:R0@tkref=1.2444: N of unsatisfied ieq: 5
INFO:R0@tkref=1.2444: Summary: Optimization terminated successfully. after 1 it.
DEBUG:R0@tkref=1.2444: $$$$$$$$ CONFLICT LIST $$$$$$$$: []
INFO:R0: --------------------------
INFO:R0@tkref=2.4889: Time to solve stand alone optimisation problem: 0.396911859512
INFO:R0@tkref=2.4889: N of unsatisfied eq: 2
INFO:R0@tkref=2.4889: N of unsatisfied ieq: 8
INFO:R0@tkref=2.4889: Summary: Optimization terminated successfully. after 10 it.
DEBUG:R0@tkref=2.4889: $$$$$$$$ CONFLICT LIST $$$$$$$$: []
INFO:R0: --------------------------
INFO:R0@tkref=3.7333: Time to solve stand alone optimisation problem: 0.352113008499
INFO:R0@tkref=3.7333: N of unsatisfied eq: 3
INFO:R0@tkref=3.7333: N of unsatisfied ieq: 8
INFO:R0@tkref=3.7333: Summary: Optimization terminated successfully. after 9 it.
DEBUG:R0@tkref=3.7333: $$$$$$$$ CONFLICT LIST $$$$$$$$: []
INFO:R0: --------------------------
INFO:R0@tkref=4.9778: Time to solve stand alone optimisation problem: 0.279604911804
INFO:R0@tkref=4.9778: N of unsatisfied eq: 3
INFO:R0@tkref=4.9778: N of unsatisfied ieq: 8
INFO:R0@tkref=4.9778: Summary: Optimization terminated successfully. after 7 it.
DEBUG:R0@tkref=4.9778: $$$$$$$$ CONFLICT LIST $$$$$$$$: []
INFO:R0: --------------------------
DEBUG:R0: LAST STEP
DEBUG:R0: Approx remaining dist: 1.15096645837
DEBUG:R0: Usual approx plan dist: 1.6
DEBUG:R0: Approx gain in dist: 0.449033541626
DEBUG:R0: Last step min dist: 0.0
INFO:R0: scale 0.719354036484 Ns 8 Nk 4
INFO:R0@tkref=6.2222: Time to solve stand alone optimisation problem: 0.28627204895
INFO:R0@tkref=6.2222: N of unsatisfied eq: 10
INFO:R0@tkref=6.2222: N of unsatisfied ieq: 3
INFO:R0@tkref=6.2222: Summary: Optimization terminated successfully. after 12 it.
DEBUG:R0@tkref=6.2222: $$$$$$$$ CONFLICT LIST $$$$$$$$: []
INFO:R0: Finished motion planning
INFO:R0: --------------------------
INFO:R0: TOT: 7.45559704237
INFO:R0: NSE: 6
INFO:R0: FIR: 1.19103884697
INFO:R0: LAS: 0.287090063095
INFO:R0: LMA: 0
INFO:R0: MAX: 0.397686004639
INFO:R0: MIN: 0.0373589992523
INFO:R0: AVG: 0.267077028751
INFO:R0: RMP: 0.335883449864
INFO:R0: RMG: 0.335883449864
