INFO:R0: Init motion planning
INFO:R0@tkref=0.0000: Time to solve stand alone optimisation problem: 1.10132288933
INFO:R0@tkref=0.0000: N of unsatisfied eq: 4
INFO:R0@tkref=0.0000: N of unsatisfied ieq: 6
INFO:R0@tkref=0.0000: Summary: Iteration limit exceeded after 41 it.
DEBUG:R0@tkref=0.0000: $$$$$$$$ CONFLICT LIST $$$$$$$$: []
INFO:R0: --------------------------
INFO:R0@tkref=0.4615: Time to solve stand alone optimisation problem: 0.145810127258
INFO:R0@tkref=0.4615: N of unsatisfied eq: 3
INFO:R0@tkref=0.4615: N of unsatisfied ieq: 6
INFO:R0@tkref=0.4615: Summary: Optimization terminated successfully. after 5 it.
DEBUG:R0@tkref=0.4615: $$$$$$$$ CONFLICT LIST $$$$$$$$: []
INFO:R0: --------------------------
INFO:R0@tkref=0.9231: Time to solve stand alone optimisation problem: 0.0279710292816
INFO:R0@tkref=0.9231: N of unsatisfied eq: 3
INFO:R0@tkref=0.9231: N of unsatisfied ieq: 5
INFO:R0@tkref=0.9231: Summary: Optimization terminated successfully. after 1 it.
DEBUG:R0@tkref=0.9231: $$$$$$$$ CONFLICT LIST $$$$$$$$: []
INFO:R0: --------------------------
INFO:R0@tkref=1.3846: Time to solve stand alone optimisation problem: 0.0822410583496
INFO:R0@tkref=1.3846: N of unsatisfied eq: 5
INFO:R0@tkref=1.3846: N of unsatisfied ieq: 6
INFO:R0@tkref=1.3846: Summary: Optimization terminated successfully. after 3 it.
DEBUG:R0@tkref=1.3846: $$$$$$$$ CONFLICT LIST $$$$$$$$: []
INFO:R0: --------------------------
INFO:R0@tkref=1.8462: Time to solve stand alone optimisation problem: 0.025768995285
INFO:R0@tkref=1.8462: N of unsatisfied eq: 5
INFO:R0@tkref=1.8462: N of unsatisfied ieq: 7
INFO:R0@tkref=1.8462: Summary: Optimization terminated successfully. after 1 it.
DEBUG:R0@tkref=1.8462: $$$$$$$$ CONFLICT LIST $$$$$$$$: []
INFO:R0: --------------------------
INFO:R0@tkref=2.3077: Time to solve stand alone optimisation problem: 0.0266869068146
INFO:R0@tkref=2.3077: N of unsatisfied eq: 5
INFO:R0@tkref=2.3077: N of unsatisfied ieq: 8
INFO:R0@tkref=2.3077: Summary: Optimization terminated successfully. after 1 it.
DEBUG:R0@tkref=2.3077: $$$$$$$$ CONFLICT LIST $$$$$$$$: []
INFO:R0: --------------------------
INFO:R0@tkref=2.7692: Time to solve stand alone optimisation problem: 0.0265738964081
INFO:R0@tkref=2.7692: N of unsatisfied eq: 3
INFO:R0@tkref=2.7692: N of unsatisfied ieq: 7
INFO:R0@tkref=2.7692: Summary: Optimization terminated successfully. after 1 it.
DEBUG:R0@tkref=2.7692: $$$$$$$$ CONFLICT LIST $$$$$$$$: []
INFO:R0: --------------------------
INFO:R0@tkref=3.2308: Time to solve stand alone optimisation problem: 0.025906085968
INFO:R0@tkref=3.2308: N of unsatisfied eq: 4
INFO:R0@tkref=3.2308: N of unsatisfied ieq: 8
INFO:R0@tkref=3.2308: Summary: Optimization terminated successfully. after 1 it.
DEBUG:R0@tkref=3.2308: $$$$$$$$ CONFLICT LIST $$$$$$$$: []
INFO:R0: --------------------------
INFO:R0@tkref=3.6923: Time to solve stand alone optimisation problem: 0.0267610549927
INFO:R0@tkref=3.6923: N of unsatisfied eq: 4
INFO:R0@tkref=3.6923: N of unsatisfied ieq: 7
INFO:R0@tkref=3.6923: Summary: Optimization terminated successfully. after 1 it.
DEBUG:R0@tkref=3.6923: $$$$$$$$ CONFLICT LIST $$$$$$$$: []
INFO:R0: --------------------------
INFO:R0@tkref=4.1538: Time to solve stand alone optimisation problem: 0.0270140171051
INFO:R0@tkref=4.1538: N of unsatisfied eq: 5
INFO:R0@tkref=4.1538: N of unsatisfied ieq: 9
INFO:R0@tkref=4.1538: Summary: Optimization terminated successfully. after 1 it.
DEBUG:R0@tkref=4.1538: $$$$$$$$ CONFLICT LIST $$$$$$$$: []
INFO:R0: --------------------------
INFO:R0@tkref=4.6154: Time to solve stand alone optimisation problem: 0.0260291099548
INFO:R0@tkref=4.6154: N of unsatisfied eq: 4
INFO:R0@tkref=4.6154: N of unsatisfied ieq: 7
INFO:R0@tkref=4.6154: Summary: Optimization terminated successfully. after 1 it.
DEBUG:R0@tkref=4.6154: $$$$$$$$ CONFLICT LIST $$$$$$$$: []
INFO:R0: --------------------------
INFO:R0@tkref=5.0769: Time to solve stand alone optimisation problem: 0.0268659591675
INFO:R0@tkref=5.0769: N of unsatisfied eq: 5
INFO:R0@tkref=5.0769: N of unsatisfied ieq: 7
INFO:R0@tkref=5.0769: Summary: Optimization terminated successfully. after 1 it.
DEBUG:R0@tkref=5.0769: $$$$$$$$ CONFLICT LIST $$$$$$$$: []
INFO:R0: --------------------------
INFO:R0@tkref=5.5385: Time to solve stand alone optimisation problem: 0.0271420478821
INFO:R0@tkref=5.5385: N of unsatisfied eq: 3
INFO:R0@tkref=5.5385: N of unsatisfied ieq: 8
INFO:R0@tkref=5.5385: Summary: Optimization terminated successfully. after 1 it.
DEBUG:R0@tkref=5.5385: $$$$$$$$ CONFLICT LIST $$$$$$$$: []
INFO:R0: --------------------------
INFO:R0@tkref=6.0000: Time to solve stand alone optimisation problem: 0.0259048938751
INFO:R0@tkref=6.0000: N of unsatisfied eq: 4
INFO:R0@tkref=6.0000: N of unsatisfied ieq: 8
INFO:R0@tkref=6.0000: Summary: Optimization terminated successfully. after 1 it.
DEBUG:R0@tkref=6.0000: $$$$$$$$ CONFLICT LIST $$$$$$$$: []
INFO:R0: --------------------------
INFO:R0@tkref=6.4615: Time to solve stand alone optimisation problem: 0.0267069339752
INFO:R0@tkref=6.4615: N of unsatisfied eq: 5
INFO:R0@tkref=6.4615: N of unsatisfied ieq: 7
INFO:R0@tkref=6.4615: Summary: Optimization terminated successfully. after 1 it.
DEBUG:R0@tkref=6.4615: $$$$$$$$ CONFLICT LIST $$$$$$$$: []
INFO:R0: --------------------------
DEBUG:R0: LAST STEP
DEBUG:R0: Approx remaining dist: 0.154456155225
DEBUG:R0: Usual approx plan dist: 1.2
DEBUG:R0: Approx gain in dist: 1.04554384478
DEBUG:R0: Last step min dist: 0.0
INFO:R0: scale 0.128713462687 Ns 7 Nk 3
INFO:R0@tkref=6.9231: Time to solve stand alone optimisation problem: 0.310521125793
INFO:R0@tkref=6.9231: N of unsatisfied eq: 10
INFO:R0@tkref=6.9231: N of unsatisfied ieq: 4
INFO:R0@tkref=6.9231: Summary: Iteration limit exceeded after 21 it.
DEBUG:R0@tkref=6.9231: $$$$$$$$ CONFLICT LIST $$$$$$$$: []
INFO:R0: Finished motion planning
INFO:R0: --------------------------
INFO:R0: TOT: 7.0965193508
INFO:R0: NSE: 16
INFO:R0: FIR: 1.10276985168
INFO:R0: LAS: 0.311302900314
INFO:R0: LMA: 1
INFO:R0: MAX: 0.146568059921
INFO:R0: MIN: 0.0264830589294
INFO:R0: AVG: 0.0398653064455
INFO:R0: RMP: 0.328838595977
INFO:R0: RMG: 0.698435994295
