INFO:R0: Init motion planning
INFO:R0@tkref=0.0000: Time to solve stand alone optimisation problem: 0.712139844894
INFO:R0@tkref=0.0000: N of unsatisfied eq: 5
INFO:R0@tkref=0.0000: N of unsatisfied ieq: 4
INFO:R0@tkref=0.0000: Summary: Iteration limit exceeded after 41 it.
DEBUG:R0@tkref=0.0000: $$$$$$$$ CONFLICT LIST $$$$$$$$: []
INFO:R0: --------------------------
INFO:R0@tkref=0.1143: Time to solve stand alone optimisation problem: 0.0184030532837
INFO:R0@tkref=0.1143: N of unsatisfied eq: 3
INFO:R0@tkref=0.1143: N of unsatisfied ieq: 5
INFO:R0@tkref=0.1143: Summary: Optimization terminated successfully. after 1 it.
DEBUG:R0@tkref=0.1143: $$$$$$$$ CONFLICT LIST $$$$$$$$: []
INFO:R0: --------------------------
INFO:R0@tkref=0.2286: Time to solve stand alone optimisation problem: 0.018944978714
INFO:R0@tkref=0.2286: N of unsatisfied eq: 3
INFO:R0@tkref=0.2286: N of unsatisfied ieq: 4
INFO:R0@tkref=0.2286: Summary: Optimization terminated successfully. after 1 it.
DEBUG:R0@tkref=0.2286: $$$$$$$$ CONFLICT LIST $$$$$$$$: []
INFO:R0: --------------------------
INFO:R0@tkref=0.3429: Time to solve stand alone optimisation problem: 0.0353529453278
INFO:R0@tkref=0.3429: N of unsatisfied eq: 3
INFO:R0@tkref=0.3429: N of unsatisfied ieq: 6
INFO:R0@tkref=0.3429: Summary: Optimization terminated successfully. after 2 it.
DEBUG:R0@tkref=0.3429: $$$$$$$$ CONFLICT LIST $$$$$$$$: []
INFO:R0: --------------------------
INFO:R0@tkref=0.4571: Time to solve stand alone optimisation problem: 0.035875082016
INFO:R0@tkref=0.4571: N of unsatisfied eq: 3
INFO:R0@tkref=0.4571: N of unsatisfied ieq: 5
INFO:R0@tkref=0.4571: Summary: Optimization terminated successfully. after 2 it.
DEBUG:R0@tkref=0.4571: $$$$$$$$ CONFLICT LIST $$$$$$$$: []
INFO:R0: --------------------------
INFO:R0@tkref=0.5714: Time to solve stand alone optimisation problem: 0.0193839073181
INFO:R0@tkref=0.5714: N of unsatisfied eq: 3
INFO:R0@tkref=0.5714: N of unsatisfied ieq: 6
INFO:R0@tkref=0.5714: Summary: Optimization terminated successfully. after 1 it.
DEBUG:R0@tkref=0.5714: $$$$$$$$ CONFLICT LIST $$$$$$$$: []
INFO:R0: --------------------------
INFO:R0@tkref=0.6857: Time to solve stand alone optimisation problem: 0.0184588432312
INFO:R0@tkref=0.6857: N of unsatisfied eq: 3
INFO:R0@tkref=0.6857: N of unsatisfied ieq: 5
INFO:R0@tkref=0.6857: Summary: Optimization terminated successfully. after 1 it.
DEBUG:R0@tkref=0.6857: $$$$$$$$ CONFLICT LIST $$$$$$$$: []
INFO:R0: --------------------------
INFO:R0@tkref=0.8000: Time to solve stand alone optimisation problem: 0.0359809398651
INFO:R0@tkref=0.8000: N of unsatisfied eq: 3
INFO:R0@tkref=0.8000: N of unsatisfied ieq: 5
INFO:R0@tkref=0.8000: Summary: Optimization terminated successfully. after 2 it.
DEBUG:R0@tkref=0.8000: $$$$$$$$ CONFLICT LIST $$$$$$$$: []
INFO:R0: --------------------------
INFO:R0@tkref=0.9143: Time to solve stand alone optimisation problem: 0.017923116684
INFO:R0@tkref=0.9143: N of unsatisfied eq: 3
INFO:R0@tkref=0.9143: N of unsatisfied ieq: 4
INFO:R0@tkref=0.9143: Summary: Optimization terminated successfully. after 1 it.
DEBUG:R0@tkref=0.9143: $$$$$$$$ CONFLICT LIST $$$$$$$$: []
INFO:R0: --------------------------
INFO:R0@tkref=1.0286: Time to solve stand alone optimisation problem: 0.0171780586243
INFO:R0@tkref=1.0286: N of unsatisfied eq: 4
INFO:R0@tkref=1.0286: N of unsatisfied ieq: 5
INFO:R0@tkref=1.0286: Summary: Optimization terminated successfully. after 1 it.
DEBUG:R0@tkref=1.0286: $$$$$$$$ CONFLICT LIST $$$$$$$$: []
INFO:R0: --------------------------
INFO:R0@tkref=1.1429: Time to solve stand alone optimisation problem: 0.0172979831696
INFO:R0@tkref=1.1429: N of unsatisfied eq: 4
INFO:R0@tkref=1.1429: N of unsatisfied ieq: 3
INFO:R0@tkref=1.1429: Summary: Optimization terminated successfully. after 1 it.
DEBUG:R0@tkref=1.1429: $$$$$$$$ CONFLICT LIST $$$$$$$$: []
INFO:R0: --------------------------
INFO:R0@tkref=1.2571: Time to solve stand alone optimisation problem: 0.0210931301117
INFO:R0@tkref=1.2571: N of unsatisfied eq: 4
INFO:R0@tkref=1.2571: N of unsatisfied ieq: 4
INFO:R0@tkref=1.2571: Summary: Optimization terminated successfully. after 1 it.
DEBUG:R0@tkref=1.2571: $$$$$$$$ CONFLICT LIST $$$$$$$$: []
INFO:R0: --------------------------
INFO:R0@tkref=1.3714: Time to solve stand alone optimisation problem: 0.0168941020966
INFO:R0@tkref=1.3714: N of unsatisfied eq: 5
INFO:R0@tkref=1.3714: N of unsatisfied ieq: 3
INFO:R0@tkref=1.3714: Summary: Optimization terminated successfully. after 1 it.
DEBUG:R0@tkref=1.3714: $$$$$$$$ CONFLICT LIST $$$$$$$$: []
INFO:R0: --------------------------
INFO:R0@tkref=1.4857: Time to solve stand alone optimisation problem: 0.0171298980713
INFO:R0@tkref=1.4857: N of unsatisfied eq: 3
INFO:R0@tkref=1.4857: N of unsatisfied ieq: 6
INFO:R0@tkref=1.4857: Summary: Optimization terminated successfully. after 1 it.
DEBUG:R0@tkref=1.4857: $$$$$$$$ CONFLICT LIST $$$$$$$$: []
INFO:R0: --------------------------
INFO:R0@tkref=1.6000: Time to solve stand alone optimisation problem: 0.0169310569763
INFO:R0@tkref=1.6000: N of unsatisfied eq: 3
INFO:R0@tkref=1.6000: N of unsatisfied ieq: 4
INFO:R0@tkref=1.6000: Summary: Optimization terminated successfully. after 1 it.
DEBUG:R0@tkref=1.6000: $$$$$$$$ CONFLICT LIST $$$$$$$$: []
INFO:R0: --------------------------
INFO:R0@tkref=1.7143: Time to solve stand alone optimisation problem: 0.017884016037
INFO:R0@tkref=1.7143: N of unsatisfied eq: 5
INFO:R0@tkref=1.7143: N of unsatisfied ieq: 5
INFO:R0@tkref=1.7143: Summary: Optimization terminated successfully. after 1 it.
DEBUG:R0@tkref=1.7143: $$$$$$$$ CONFLICT LIST $$$$$$$$: []
INFO:R0: --------------------------
INFO:R0@tkref=1.8286: Time to solve stand alone optimisation problem: 0.0169539451599
INFO:R0@tkref=1.8286: N of unsatisfied eq: 4
INFO:R0@tkref=1.8286: N of unsatisfied ieq: 5
INFO:R0@tkref=1.8286: Summary: Optimization terminated successfully. after 1 it.
DEBUG:R0@tkref=1.8286: $$$$$$$$ CONFLICT LIST $$$$$$$$: []
INFO:R0: --------------------------
INFO:R0@tkref=1.9429: Time to solve stand alone optimisation problem: 0.0178520679474
INFO:R0@tkref=1.9429: N of unsatisfied eq: 3
INFO:R0@tkref=1.9429: N of unsatisfied ieq: 2
INFO:R0@tkref=1.9429: Summary: Optimization terminated successfully. after 1 it.
DEBUG:R0@tkref=1.9429: $$$$$$$$ CONFLICT LIST $$$$$$$$: []
INFO:R0: --------------------------
INFO:R0@tkref=2.0571: Time to solve stand alone optimisation problem: 0.0169818401337
INFO:R0@tkref=2.0571: N of unsatisfied eq: 4
INFO:R0@tkref=2.0571: N of unsatisfied ieq: 3
INFO:R0@tkref=2.0571: Summary: Optimization terminated successfully. after 1 it.
DEBUG:R0@tkref=2.0571: $$$$$$$$ CONFLICT LIST $$$$$$$$: []
INFO:R0: --------------------------
INFO:R0@tkref=2.1714: Time to solve stand alone optimisation problem: 0.0177059173584
INFO:R0@tkref=2.1714: N of unsatisfied eq: 4
INFO:R0@tkref=2.1714: N of unsatisfied ieq: 3
INFO:R0@tkref=2.1714: Summary: Optimization terminated successfully. after 1 it.
DEBUG:R0@tkref=2.1714: $$$$$$$$ CONFLICT LIST $$$$$$$$: []
INFO:R0: --------------------------
INFO:R0@tkref=2.2857: Time to solve stand alone optimisation problem: 0.0169751644135
INFO:R0@tkref=2.2857: N of unsatisfied eq: 4
INFO:R0@tkref=2.2857: N of unsatisfied ieq: 4
INFO:R0@tkref=2.2857: Summary: Optimization terminated successfully. after 1 it.
DEBUG:R0@tkref=2.2857: $$$$$$$$ CONFLICT LIST $$$$$$$$: []
INFO:R0: --------------------------
INFO:R0@tkref=2.4000: Time to solve stand alone optimisation problem: 0.0171709060669
INFO:R0@tkref=2.4000: N of unsatisfied eq: 4
INFO:R0@tkref=2.4000: N of unsatisfied ieq: 4
INFO:R0@tkref=2.4000: Summary: Optimization terminated successfully. after 1 it.
DEBUG:R0@tkref=2.4000: $$$$$$$$ CONFLICT LIST $$$$$$$$: []
INFO:R0: --------------------------
INFO:R0@tkref=2.5143: Time to solve stand alone optimisation problem: 0.0174570083618
INFO:R0@tkref=2.5143: N of unsatisfied eq: 4
INFO:R0@tkref=2.5143: N of unsatisfied ieq: 3
INFO:R0@tkref=2.5143: Summary: Optimization terminated successfully. after 1 it.
DEBUG:R0@tkref=2.5143: $$$$$$$$ CONFLICT LIST $$$$$$$$: []
INFO:R0: --------------------------
INFO:R0@tkref=2.6286: Time to solve stand alone optimisation problem: 0.0169219970703
INFO:R0@tkref=2.6286: N of unsatisfied eq: 5
INFO:R0@tkref=2.6286: N of unsatisfied ieq: 3
INFO:R0@tkref=2.6286: Summary: Optimization terminated successfully. after 1 it.
DEBUG:R0@tkref=2.6286: $$$$$$$$ CONFLICT LIST $$$$$$$$: []
INFO:R0: --------------------------
INFO:R0@tkref=2.7429: Time to solve stand alone optimisation problem: 0.0176939964294
INFO:R0@tkref=2.7429: N of unsatisfied eq: 4
INFO:R0@tkref=2.7429: N of unsatisfied ieq: 4
INFO:R0@tkref=2.7429: Summary: Optimization terminated successfully. after 1 it.
DEBUG:R0@tkref=2.7429: $$$$$$$$ CONFLICT LIST $$$$$$$$: []
INFO:R0: --------------------------
INFO:R0@tkref=2.8571: Time to solve stand alone optimisation problem: 0.0170600414276
INFO:R0@tkref=2.8571: N of unsatisfied eq: 3
INFO:R0@tkref=2.8571: N of unsatisfied ieq: 4
INFO:R0@tkref=2.8571: Summary: Optimization terminated successfully. after 1 it.
DEBUG:R0@tkref=2.8571: $$$$$$$$ CONFLICT LIST $$$$$$$$: []
INFO:R0: --------------------------
INFO:R0@tkref=2.9714: Time to solve stand alone optimisation problem: 0.0168790817261
INFO:R0@tkref=2.9714: N of unsatisfied eq: 4
INFO:R0@tkref=2.9714: N of unsatisfied ieq: 2
INFO:R0@tkref=2.9714: Summary: Optimization terminated successfully. after 1 it.
DEBUG:R0@tkref=2.9714: $$$$$$$$ CONFLICT LIST $$$$$$$$: []
INFO:R0: --------------------------
INFO:R0@tkref=3.0857: Time to solve stand alone optimisation problem: 0.0169339179993
INFO:R0@tkref=3.0857: N of unsatisfied eq: 5
INFO:R0@tkref=3.0857: N of unsatisfied ieq: 4
INFO:R0@tkref=3.0857: Summary: Optimization terminated successfully. after 1 it.
DEBUG:R0@tkref=3.0857: $$$$$$$$ CONFLICT LIST $$$$$$$$: []
INFO:R0: --------------------------
INFO:R0@tkref=3.2000: Time to solve stand alone optimisation problem: 0.0176980495453
INFO:R0@tkref=3.2000: N of unsatisfied eq: 4
INFO:R0@tkref=3.2000: N of unsatisfied ieq: 3
INFO:R0@tkref=3.2000: Summary: Optimization terminated successfully. after 1 it.
DEBUG:R0@tkref=3.2000: $$$$$$$$ CONFLICT LIST $$$$$$$$: []
INFO:R0: --------------------------
INFO:R0@tkref=3.3143: Time to solve stand alone optimisation problem: 0.0168769359589
INFO:R0@tkref=3.3143: N of unsatisfied eq: 3
INFO:R0@tkref=3.3143: N of unsatisfied ieq: 3
INFO:R0@tkref=3.3143: Summary: Optimization terminated successfully. after 1 it.
DEBUG:R0@tkref=3.3143: $$$$$$$$ CONFLICT LIST $$$$$$$$: []
INFO:R0: --------------------------
INFO:R0@tkref=3.4286: Time to solve stand alone optimisation problem: 0.0166218280792
INFO:R0@tkref=3.4286: N of unsatisfied eq: 3
INFO:R0@tkref=3.4286: N of unsatisfied ieq: 5
INFO:R0@tkref=3.4286: Summary: Optimization terminated successfully. after 1 it.
DEBUG:R0@tkref=3.4286: $$$$$$$$ CONFLICT LIST $$$$$$$$: []
INFO:R0: --------------------------
INFO:R0@tkref=3.5429: Time to solve stand alone optimisation problem: 0.0168089866638
INFO:R0@tkref=3.5429: N of unsatisfied eq: 3
INFO:R0@tkref=3.5429: N of unsatisfied ieq: 7
INFO:R0@tkref=3.5429: Summary: Optimization terminated successfully. after 1 it.
DEBUG:R0@tkref=3.5429: $$$$$$$$ CONFLICT LIST $$$$$$$$: []
INFO:R0: --------------------------
INFO:R0@tkref=3.6571: Time to solve stand alone optimisation problem: 0.0166928768158
INFO:R0@tkref=3.6571: N of unsatisfied eq: 4
INFO:R0@tkref=3.6571: N of unsatisfied ieq: 4
INFO:R0@tkref=3.6571: Summary: Optimization terminated successfully. after 1 it.
DEBUG:R0@tkref=3.6571: $$$$$$$$ CONFLICT LIST $$$$$$$$: []
INFO:R0: --------------------------
INFO:R0@tkref=3.7714: Time to solve stand alone optimisation problem: 0.0173330307007
INFO:R0@tkref=3.7714: N of unsatisfied eq: 5
INFO:R0@tkref=3.7714: N of unsatisfied ieq: 5
INFO:R0@tkref=3.7714: Summary: Optimization terminated successfully. after 1 it.
DEBUG:R0@tkref=3.7714: $$$$$$$$ CONFLICT LIST $$$$$$$$: []
INFO:R0: --------------------------
INFO:R0@tkref=3.8857: Time to solve stand alone optimisation problem: 0.0166399478912
INFO:R0@tkref=3.8857: N of unsatisfied eq: 4
INFO:R0@tkref=3.8857: N of unsatisfied ieq: 6
INFO:R0@tkref=3.8857: Summary: Optimization terminated successfully. after 1 it.
DEBUG:R0@tkref=3.8857: $$$$$$$$ CONFLICT LIST $$$$$$$$: []
INFO:R0: --------------------------
INFO:R0@tkref=4.0000: Time to solve stand alone optimisation problem: 0.0176539421082
INFO:R0@tkref=4.0000: N of unsatisfied eq: 4
INFO:R0@tkref=4.0000: N of unsatisfied ieq: 6
INFO:R0@tkref=4.0000: Summary: Optimization terminated successfully. after 1 it.
DEBUG:R0@tkref=4.0000: $$$$$$$$ CONFLICT LIST $$$$$$$$: []
INFO:R0: --------------------------
INFO:R0@tkref=4.1143: Time to solve stand alone optimisation problem: 0.0174651145935
INFO:R0@tkref=4.1143: N of unsatisfied eq: 4
INFO:R0@tkref=4.1143: N of unsatisfied ieq: 5
INFO:R0@tkref=4.1143: Summary: Optimization terminated successfully. after 1 it.
DEBUG:R0@tkref=4.1143: $$$$$$$$ CONFLICT LIST $$$$$$$$: []
INFO:R0: --------------------------
INFO:R0@tkref=4.2286: Time to solve stand alone optimisation problem: 0.0173630714417
INFO:R0@tkref=4.2286: N of unsatisfied eq: 5
INFO:R0@tkref=4.2286: N of unsatisfied ieq: 5
INFO:R0@tkref=4.2286: Summary: Optimization terminated successfully. after 1 it.
DEBUG:R0@tkref=4.2286: $$$$$$$$ CONFLICT LIST $$$$$$$$: []
INFO:R0: --------------------------
INFO:R0@tkref=4.3429: Time to solve stand alone optimisation problem: 0.0171220302582
INFO:R0@tkref=4.3429: N of unsatisfied eq: 3
INFO:R0@tkref=4.3429: N of unsatisfied ieq: 5
INFO:R0@tkref=4.3429: Summary: Optimization terminated successfully. after 1 it.
DEBUG:R0@tkref=4.3429: $$$$$$$$ CONFLICT LIST $$$$$$$$: []
INFO:R0: --------------------------
INFO:R0@tkref=4.4571: Time to solve stand alone optimisation problem: 0.0166459083557
INFO:R0@tkref=4.4571: N of unsatisfied eq: 4
INFO:R0@tkref=4.4571: N of unsatisfied ieq: 5
INFO:R0@tkref=4.4571: Summary: Optimization terminated successfully. after 1 it.
DEBUG:R0@tkref=4.4571: $$$$$$$$ CONFLICT LIST $$$$$$$$: []
INFO:R0: --------------------------
INFO:R0@tkref=4.5714: Time to solve stand alone optimisation problem: 0.017215013504
INFO:R0@tkref=4.5714: N of unsatisfied eq: 4
INFO:R0@tkref=4.5714: N of unsatisfied ieq: 5
INFO:R0@tkref=4.5714: Summary: Optimization terminated successfully. after 1 it.
DEBUG:R0@tkref=4.5714: $$$$$$$$ CONFLICT LIST $$$$$$$$: []
INFO:R0: --------------------------
INFO:R0@tkref=4.6857: Time to solve stand alone optimisation problem: 0.0168540477753
INFO:R0@tkref=4.6857: N of unsatisfied eq: 4
INFO:R0@tkref=4.6857: N of unsatisfied ieq: 6
INFO:R0@tkref=4.6857: Summary: Optimization terminated successfully. after 1 it.
DEBUG:R0@tkref=4.6857: $$$$$$$$ CONFLICT LIST $$$$$$$$: []
INFO:R0: --------------------------
INFO:R0@tkref=4.8000: Time to solve stand alone optimisation problem: 0.0178439617157
INFO:R0@tkref=4.8000: N of unsatisfied eq: 3
INFO:R0@tkref=4.8000: N of unsatisfied ieq: 6
INFO:R0@tkref=4.8000: Summary: Optimization terminated successfully. after 1 it.
DEBUG:R0@tkref=4.8000: $$$$$$$$ CONFLICT LIST $$$$$$$$: []
INFO:R0: --------------------------
INFO:R0@tkref=4.9143: Time to solve stand alone optimisation problem: 0.0169160366058
INFO:R0@tkref=4.9143: N of unsatisfied eq: 4
INFO:R0@tkref=4.9143: N of unsatisfied ieq: 7
INFO:R0@tkref=4.9143: Summary: Optimization terminated successfully. after 1 it.
DEBUG:R0@tkref=4.9143: $$$$$$$$ CONFLICT LIST $$$$$$$$: []
INFO:R0: --------------------------
INFO:R0@tkref=5.0286: Time to solve stand alone optimisation problem: 0.0178020000458
INFO:R0@tkref=5.0286: N of unsatisfied eq: 5
INFO:R0@tkref=5.0286: N of unsatisfied ieq: 5
INFO:R0@tkref=5.0286: Summary: Optimization terminated successfully. after 1 it.
DEBUG:R0@tkref=5.0286: $$$$$$$$ CONFLICT LIST $$$$$$$$: []
INFO:R0: --------------------------
INFO:R0@tkref=5.1429: Time to solve stand alone optimisation problem: 0.0169730186462
INFO:R0@tkref=5.1429: N of unsatisfied eq: 4
INFO:R0@tkref=5.1429: N of unsatisfied ieq: 5
INFO:R0@tkref=5.1429: Summary: Optimization terminated successfully. after 1 it.
DEBUG:R0@tkref=5.1429: $$$$$$$$ CONFLICT LIST $$$$$$$$: []
INFO:R0: --------------------------
INFO:R0@tkref=5.2571: Time to solve stand alone optimisation problem: 0.0178990364075
INFO:R0@tkref=5.2571: N of unsatisfied eq: 3
INFO:R0@tkref=5.2571: N of unsatisfied ieq: 7
INFO:R0@tkref=5.2571: Summary: Optimization terminated successfully. after 1 it.
DEBUG:R0@tkref=5.2571: $$$$$$$$ CONFLICT LIST $$$$$$$$: []
INFO:R0: --------------------------
INFO:R0@tkref=5.3714: Time to solve stand alone optimisation problem: 0.0174570083618
INFO:R0@tkref=5.3714: N of unsatisfied eq: 4
INFO:R0@tkref=5.3714: N of unsatisfied ieq: 6
INFO:R0@tkref=5.3714: Summary: Optimization terminated successfully. after 1 it.
DEBUG:R0@tkref=5.3714: $$$$$$$$ CONFLICT LIST $$$$$$$$: []
INFO:R0: --------------------------
INFO:R0@tkref=5.4857: Time to solve stand alone optimisation problem: 0.0173399448395
INFO:R0@tkref=5.4857: N of unsatisfied eq: 5
INFO:R0@tkref=5.4857: N of unsatisfied ieq: 5
INFO:R0@tkref=5.4857: Summary: Optimization terminated successfully. after 1 it.
DEBUG:R0@tkref=5.4857: $$$$$$$$ CONFLICT LIST $$$$$$$$: []
INFO:R0: --------------------------
INFO:R0@tkref=5.6000: Time to solve stand alone optimisation problem: 0.0179240703583
INFO:R0@tkref=5.6000: N of unsatisfied eq: 4
INFO:R0@tkref=5.6000: N of unsatisfied ieq: 5
INFO:R0@tkref=5.6000: Summary: Optimization terminated successfully. after 1 it.
DEBUG:R0@tkref=5.6000: $$$$$$$$ CONFLICT LIST $$$$$$$$: []
INFO:R0: --------------------------
INFO:R0@tkref=5.7143: Time to solve stand alone optimisation problem: 0.0169870853424
INFO:R0@tkref=5.7143: N of unsatisfied eq: 3
INFO:R0@tkref=5.7143: N of unsatisfied ieq: 5
INFO:R0@tkref=5.7143: Summary: Optimization terminated successfully. after 1 it.
DEBUG:R0@tkref=5.7143: $$$$$$$$ CONFLICT LIST $$$$$$$$: []
INFO:R0: --------------------------
INFO:R0@tkref=5.8286: Time to solve stand alone optimisation problem: 0.0178380012512
INFO:R0@tkref=5.8286: N of unsatisfied eq: 3
INFO:R0@tkref=5.8286: N of unsatisfied ieq: 6
INFO:R0@tkref=5.8286: Summary: Optimization terminated successfully. after 1 it.
DEBUG:R0@tkref=5.8286: $$$$$$$$ CONFLICT LIST $$$$$$$$: []
INFO:R0: --------------------------
INFO:R0@tkref=5.9429: Time to solve stand alone optimisation problem: 0.0166358947754
INFO:R0@tkref=5.9429: N of unsatisfied eq: 3
INFO:R0@tkref=5.9429: N of unsatisfied ieq: 5
INFO:R0@tkref=5.9429: Summary: Optimization terminated successfully. after 1 it.
DEBUG:R0@tkref=5.9429: $$$$$$$$ CONFLICT LIST $$$$$$$$: []
INFO:R0: --------------------------
INFO:R0@tkref=6.0571: Time to solve stand alone optimisation problem: 0.0176029205322
INFO:R0@tkref=6.0571: N of unsatisfied eq: 4
INFO:R0@tkref=6.0571: N of unsatisfied ieq: 6
INFO:R0@tkref=6.0571: Summary: Optimization terminated successfully. after 1 it.
DEBUG:R0@tkref=6.0571: $$$$$$$$ CONFLICT LIST $$$$$$$$: []
INFO:R0: --------------------------
INFO:R0@tkref=6.1714: Time to solve stand alone optimisation problem: 0.0167210102081
INFO:R0@tkref=6.1714: N of unsatisfied eq: 5
INFO:R0@tkref=6.1714: N of unsatisfied ieq: 5
INFO:R0@tkref=6.1714: Summary: Optimization terminated successfully. after 1 it.
DEBUG:R0@tkref=6.1714: $$$$$$$$ CONFLICT LIST $$$$$$$$: []
INFO:R0: --------------------------
INFO:R0@tkref=6.2857: Time to solve stand alone optimisation problem: 0.0175611972809
INFO:R0@tkref=6.2857: N of unsatisfied eq: 5
INFO:R0@tkref=6.2857: N of unsatisfied ieq: 5
INFO:R0@tkref=6.2857: Summary: Optimization terminated successfully. after 1 it.
DEBUG:R0@tkref=6.2857: $$$$$$$$ CONFLICT LIST $$$$$$$$: []
INFO:R0: --------------------------
INFO:R0@tkref=6.4000: Time to solve stand alone optimisation problem: 0.0165870189667
INFO:R0@tkref=6.4000: N of unsatisfied eq: 2
INFO:R0@tkref=6.4000: N of unsatisfied ieq: 6
INFO:R0@tkref=6.4000: Summary: Optimization terminated successfully. after 1 it.
DEBUG:R0@tkref=6.4000: $$$$$$$$ CONFLICT LIST $$$$$$$$: []
INFO:R0: --------------------------
INFO:R0@tkref=6.5143: Time to solve stand alone optimisation problem: 0.017030954361
INFO:R0@tkref=6.5143: N of unsatisfied eq: 4
INFO:R0@tkref=6.5143: N of unsatisfied ieq: 5
INFO:R0@tkref=6.5143: Summary: Optimization terminated successfully. after 1 it.
DEBUG:R0@tkref=6.5143: $$$$$$$$ CONFLICT LIST $$$$$$$$: []
INFO:R0: --------------------------
INFO:R0@tkref=6.6286: Time to solve stand alone optimisation problem: 0.0169939994812
INFO:R0@tkref=6.6286: N of unsatisfied eq: 4
INFO:R0@tkref=6.6286: N of unsatisfied ieq: 5
INFO:R0@tkref=6.6286: Summary: Optimization terminated successfully. after 1 it.
DEBUG:R0@tkref=6.6286: $$$$$$$$ CONFLICT LIST $$$$$$$$: []
INFO:R0: --------------------------
INFO:R0@tkref=6.7429: Time to solve stand alone optimisation problem: 0.0167288780212
INFO:R0@tkref=6.7429: N of unsatisfied eq: 5
INFO:R0@tkref=6.7429: N of unsatisfied ieq: 5
INFO:R0@tkref=6.7429: Summary: Optimization terminated successfully. after 1 it.
DEBUG:R0@tkref=6.7429: $$$$$$$$ CONFLICT LIST $$$$$$$$: []
INFO:R0: --------------------------
INFO:R0@tkref=6.8571: Time to solve stand alone optimisation problem: 0.0177869796753
INFO:R0@tkref=6.8571: N of unsatisfied eq: 3
INFO:R0@tkref=6.8571: N of unsatisfied ieq: 6
INFO:R0@tkref=6.8571: Summary: Optimization terminated successfully. after 1 it.
DEBUG:R0@tkref=6.8571: $$$$$$$$ CONFLICT LIST $$$$$$$$: []
INFO:R0: --------------------------
DEBUG:R0: LAST STEP
DEBUG:R0: Approx remaining dist: 0.077249218653
DEBUG:R0: Usual approx plan dist: 0.8
DEBUG:R0: Approx gain in dist: 0.722750781347
DEBUG:R0: Last step min dist: 0.0
INFO:R0: scale 0.0965615233162 Ns 7 Nk 3
INFO:R0@tkref=6.9714: Time to solve stand alone optimisation problem: 0.302664041519
INFO:R0@tkref=6.9714: N of unsatisfied eq: 10
INFO:R0@tkref=6.9714: N of unsatisfied ieq: 4
INFO:R0@tkref=6.9714: Summary: Iteration limit exceeded after 21 it.
DEBUG:R0@tkref=6.9714: $$$$$$$$ CONFLICT LIST $$$$$$$$: []
INFO:R0: Finished motion planning
INFO:R0: --------------------------
INFO:R0: TOT: 7.05817190583
INFO:R0: NSE: 62
INFO:R0: FIR: 0.713458061218
INFO:R0: LAS: 0.303410053253
INFO:R0: LMA: 1
INFO:R0: MAX: 0.0367050170898
INFO:R0: MIN: 0.0172500610352
INFO:R0: AVG: 0.0190435290337
INFO:R0: RMP: 0.229406356812
INFO:R0: RMG: 1.89631283283
