INFO:R0: Init motion planning
INFO:R0@tkref=0.0000: Time to solve stand alone optimisation problem: 0.879798173904
INFO:R0@tkref=0.0000: N of unsatisfied eq: 5
INFO:R0@tkref=0.0000: N of unsatisfied ieq: 4
INFO:R0@tkref=0.0000: Summary: Iteration limit exceeded after 41 it.
DEBUG:R0@tkref=0.0000: $$$$$$$$ CONFLICT LIST $$$$$$$$: []
INFO:R0: --------------------------
INFO:R0@tkref=0.1714: Time to solve stand alone optimisation problem: 0.0220649242401
INFO:R0@tkref=0.1714: N of unsatisfied eq: 3
INFO:R0@tkref=0.1714: N of unsatisfied ieq: 4
INFO:R0@tkref=0.1714: Summary: Optimization terminated successfully. after 1 it.
DEBUG:R0@tkref=0.1714: $$$$$$$$ CONFLICT LIST $$$$$$$$: []
INFO:R0: --------------------------
INFO:R0@tkref=0.3429: Time to solve stand alone optimisation problem: 0.0232698917389
INFO:R0@tkref=0.3429: N of unsatisfied eq: 3
INFO:R0@tkref=0.3429: N of unsatisfied ieq: 5
INFO:R0@tkref=0.3429: Summary: Optimization terminated successfully. after 1 it.
DEBUG:R0@tkref=0.3429: $$$$$$$$ CONFLICT LIST $$$$$$$$: []
INFO:R0: --------------------------
INFO:R0@tkref=0.5143: Time to solve stand alone optimisation problem: 0.0439620018005
INFO:R0@tkref=0.5143: N of unsatisfied eq: 3
INFO:R0@tkref=0.5143: N of unsatisfied ieq: 6
INFO:R0@tkref=0.5143: Summary: Optimization terminated successfully. after 2 it.
DEBUG:R0@tkref=0.5143: $$$$$$$$ CONFLICT LIST $$$$$$$$: []
INFO:R0: --------------------------
INFO:R0@tkref=0.6857: Time to solve stand alone optimisation problem: 0.0441031455994
INFO:R0@tkref=0.6857: N of unsatisfied eq: 3
INFO:R0@tkref=0.6857: N of unsatisfied ieq: 5
INFO:R0@tkref=0.6857: Summary: Optimization terminated successfully. after 2 it.
DEBUG:R0@tkref=0.6857: $$$$$$$$ CONFLICT LIST $$$$$$$$: []
INFO:R0: --------------------------
INFO:R0@tkref=0.8571: Time to solve stand alone optimisation problem: 0.0270409584045
INFO:R0@tkref=0.8571: N of unsatisfied eq: 3
INFO:R0@tkref=0.8571: N of unsatisfied ieq: 6
INFO:R0@tkref=0.8571: Summary: Optimization terminated successfully. after 1 it.
DEBUG:R0@tkref=0.8571: $$$$$$$$ CONFLICT LIST $$$$$$$$: []
INFO:R0: --------------------------
INFO:R0@tkref=1.0286: Time to solve stand alone optimisation problem: 0.0268039703369
INFO:R0@tkref=1.0286: N of unsatisfied eq: 3
INFO:R0@tkref=1.0286: N of unsatisfied ieq: 5
INFO:R0@tkref=1.0286: Summary: Optimization terminated successfully. after 1 it.
DEBUG:R0@tkref=1.0286: $$$$$$$$ CONFLICT LIST $$$$$$$$: []
INFO:R0: --------------------------
INFO:R0@tkref=1.2000: Time to solve stand alone optimisation problem: 0.052013874054
INFO:R0@tkref=1.2000: N of unsatisfied eq: 3
INFO:R0@tkref=1.2000: N of unsatisfied ieq: 5
INFO:R0@tkref=1.2000: Summary: Optimization terminated successfully. after 2 it.
DEBUG:R0@tkref=1.2000: $$$$$$$$ CONFLICT LIST $$$$$$$$: []
INFO:R0: --------------------------
INFO:R0@tkref=1.3714: Time to solve stand alone optimisation problem: 0.0254900455475
INFO:R0@tkref=1.3714: N of unsatisfied eq: 3
INFO:R0@tkref=1.3714: N of unsatisfied ieq: 5
INFO:R0@tkref=1.3714: Summary: Optimization terminated successfully. after 1 it.
DEBUG:R0@tkref=1.3714: $$$$$$$$ CONFLICT LIST $$$$$$$$: []
INFO:R0: --------------------------
INFO:R0@tkref=1.5429: Time to solve stand alone optimisation problem: 0.0244851112366
INFO:R0@tkref=1.5429: N of unsatisfied eq: 3
INFO:R0@tkref=1.5429: N of unsatisfied ieq: 5
INFO:R0@tkref=1.5429: Summary: Optimization terminated successfully. after 1 it.
DEBUG:R0@tkref=1.5429: $$$$$$$$ CONFLICT LIST $$$$$$$$: []
INFO:R0: --------------------------
INFO:R0@tkref=1.7143: Time to solve stand alone optimisation problem: 0.0255618095398
INFO:R0@tkref=1.7143: N of unsatisfied eq: 5
INFO:R0@tkref=1.7143: N of unsatisfied ieq: 5
INFO:R0@tkref=1.7143: Summary: Optimization terminated successfully. after 1 it.
DEBUG:R0@tkref=1.7143: $$$$$$$$ CONFLICT LIST $$$$$$$$: []
INFO:R0: --------------------------
INFO:R0@tkref=1.8857: Time to solve stand alone optimisation problem: 0.029363155365
INFO:R0@tkref=1.8857: N of unsatisfied eq: 2
INFO:R0@tkref=1.8857: N of unsatisfied ieq: 4
INFO:R0@tkref=1.8857: Summary: Optimization terminated successfully. after 1 it.
DEBUG:R0@tkref=1.8857: $$$$$$$$ CONFLICT LIST $$$$$$$$: []
INFO:R0: --------------------------
INFO:R0@tkref=2.0571: Time to solve stand alone optimisation problem: 0.225248098373
INFO:R0@tkref=2.0571: N of unsatisfied eq: 2
INFO:R0@tkref=2.0571: N of unsatisfied ieq: 6
INFO:R0@tkref=2.0571: Summary: Optimization terminated successfully. after 8 it.
DEBUG:R0@tkref=2.0571: $$$$$$$$ CONFLICT LIST $$$$$$$$: []
INFO:R0: --------------------------
INFO:R0@tkref=2.2286: Time to solve stand alone optimisation problem: 0.196453094482
INFO:R0@tkref=2.2286: N of unsatisfied eq: 2
INFO:R0@tkref=2.2286: N of unsatisfied ieq: 6
INFO:R0@tkref=2.2286: Summary: Optimization terminated successfully. after 7 it.
DEBUG:R0@tkref=2.2286: $$$$$$$$ CONFLICT LIST $$$$$$$$: []
INFO:R0: --------------------------
INFO:R0@tkref=2.4000: Time to solve stand alone optimisation problem: 0.224169969559
INFO:R0@tkref=2.4000: N of unsatisfied eq: 2
INFO:R0@tkref=2.4000: N of unsatisfied ieq: 6
INFO:R0@tkref=2.4000: Summary: Optimization terminated successfully. after 8 it.
DEBUG:R0@tkref=2.4000: $$$$$$$$ CONFLICT LIST $$$$$$$$: []
INFO:R0: --------------------------
INFO:R0@tkref=2.5714: Time to solve stand alone optimisation problem: 0.451060056686
INFO:R0@tkref=2.5714: N of unsatisfied eq: 3
INFO:R0@tkref=2.5714: N of unsatisfied ieq: 6
INFO:R0@tkref=2.5714: Summary: Iteration limit exceeded after 16 it.
DEBUG:R0@tkref=2.5714: $$$$$$$$ CONFLICT LIST $$$$$$$$: []
INFO:R0: --------------------------
INFO:R0@tkref=2.7429: Time to solve stand alone optimisation problem: 0.281555175781
INFO:R0@tkref=2.7429: N of unsatisfied eq: 3
INFO:R0@tkref=2.7429: N of unsatisfied ieq: 5
INFO:R0@tkref=2.7429: Summary: Optimization terminated successfully. after 10 it.
DEBUG:R0@tkref=2.7429: $$$$$$$$ CONFLICT LIST $$$$$$$$: []
INFO:R0: --------------------------
INFO:R0@tkref=2.9143: Time to solve stand alone optimisation problem: 0.225263118744
INFO:R0@tkref=2.9143: N of unsatisfied eq: 3
INFO:R0@tkref=2.9143: N of unsatisfied ieq: 6
INFO:R0@tkref=2.9143: Summary: Optimization terminated successfully. after 8 it.
DEBUG:R0@tkref=2.9143: $$$$$$$$ CONFLICT LIST $$$$$$$$: []
INFO:R0: --------------------------
INFO:R0@tkref=3.0857: Time to solve stand alone optimisation problem: 0.254777193069
INFO:R0@tkref=3.0857: N of unsatisfied eq: 3
INFO:R0@tkref=3.0857: N of unsatisfied ieq: 5
INFO:R0@tkref=3.0857: Summary: Optimization terminated successfully. after 9 it.
DEBUG:R0@tkref=3.0857: $$$$$$$$ CONFLICT LIST $$$$$$$$: []
INFO:R0: --------------------------
INFO:R0@tkref=3.2571: Time to solve stand alone optimisation problem: 0.17174911499
INFO:R0@tkref=3.2571: N of unsatisfied eq: 3
INFO:R0@tkref=3.2571: N of unsatisfied ieq: 5
INFO:R0@tkref=3.2571: Summary: Optimization terminated successfully. after 6 it.
DEBUG:R0@tkref=3.2571: $$$$$$$$ CONFLICT LIST $$$$$$$$: []
INFO:R0: --------------------------
INFO:R0@tkref=3.4286: Time to solve stand alone optimisation problem: 0.169718980789
INFO:R0@tkref=3.4286: N of unsatisfied eq: 3
INFO:R0@tkref=3.4286: N of unsatisfied ieq: 5
INFO:R0@tkref=3.4286: Summary: Optimization terminated successfully. after 6 it.
DEBUG:R0@tkref=3.4286: $$$$$$$$ CONFLICT LIST $$$$$$$$: []
INFO:R0: --------------------------
INFO:R0@tkref=3.6000: Time to solve stand alone optimisation problem: 0.167191982269
INFO:R0@tkref=3.6000: N of unsatisfied eq: 2
INFO:R0@tkref=3.6000: N of unsatisfied ieq: 5
INFO:R0@tkref=3.6000: Summary: Optimization terminated successfully. after 6 it.
DEBUG:R0@tkref=3.6000: $$$$$$$$ CONFLICT LIST $$$$$$$$: []
INFO:R0: --------------------------
INFO:R0@tkref=3.7714: Time to solve stand alone optimisation problem: 0.169782161713
INFO:R0@tkref=3.7714: N of unsatisfied eq: 2
INFO:R0@tkref=3.7714: N of unsatisfied ieq: 6
INFO:R0@tkref=3.7714: Summary: Optimization terminated successfully. after 6 it.
DEBUG:R0@tkref=3.7714: $$$$$$$$ CONFLICT LIST $$$$$$$$: []
INFO:R0: --------------------------
INFO:R0@tkref=3.9429: Time to solve stand alone optimisation problem: 0.168992996216
INFO:R0@tkref=3.9429: N of unsatisfied eq: 3
INFO:R0@tkref=3.9429: N of unsatisfied ieq: 6
INFO:R0@tkref=3.9429: Summary: Optimization terminated successfully. after 6 it.
DEBUG:R0@tkref=3.9429: $$$$$$$$ CONFLICT LIST $$$$$$$$: []
INFO:R0: --------------------------
INFO:R0@tkref=4.1143: Time to solve stand alone optimisation problem: 0.169008970261
INFO:R0@tkref=4.1143: N of unsatisfied eq: 3
INFO:R0@tkref=4.1143: N of unsatisfied ieq: 6
INFO:R0@tkref=4.1143: Summary: Optimization terminated successfully. after 6 it.
DEBUG:R0@tkref=4.1143: $$$$$$$$ CONFLICT LIST $$$$$$$$: []
INFO:R0: --------------------------
INFO:R0@tkref=4.2857: Time to solve stand alone optimisation problem: 0.201095819473
INFO:R0@tkref=4.2857: N of unsatisfied eq: 3
INFO:R0@tkref=4.2857: N of unsatisfied ieq: 6
INFO:R0@tkref=4.2857: Summary: Optimization terminated successfully. after 7 it.
DEBUG:R0@tkref=4.2857: $$$$$$$$ CONFLICT LIST $$$$$$$$: []
INFO:R0: --------------------------
INFO:R0@tkref=4.4571: Time to solve stand alone optimisation problem: 0.17133808136
INFO:R0@tkref=4.4571: N of unsatisfied eq: 3
INFO:R0@tkref=4.4571: N of unsatisfied ieq: 6
INFO:R0@tkref=4.4571: Summary: Optimization terminated successfully. after 6 it.
DEBUG:R0@tkref=4.4571: $$$$$$$$ CONFLICT LIST $$$$$$$$: []
INFO:R0: --------------------------
INFO:R0@tkref=4.6286: Time to solve stand alone optimisation problem: 0.223968982697
INFO:R0@tkref=4.6286: N of unsatisfied eq: 3
INFO:R0@tkref=4.6286: N of unsatisfied ieq: 6
INFO:R0@tkref=4.6286: Summary: Optimization terminated successfully. after 8 it.
DEBUG:R0@tkref=4.6286: $$$$$$$$ CONFLICT LIST $$$$$$$$: []
INFO:R0: --------------------------
INFO:R0@tkref=4.8000: Time to solve stand alone optimisation problem: 0.142727851868
INFO:R0@tkref=4.8000: N of unsatisfied eq: 3
INFO:R0@tkref=4.8000: N of unsatisfied ieq: 5
INFO:R0@tkref=4.8000: Summary: Optimization terminated successfully. after 5 it.
DEBUG:R0@tkref=4.8000: $$$$$$$$ CONFLICT LIST $$$$$$$$: []
INFO:R0: --------------------------
INFO:R0@tkref=4.9714: Time to solve stand alone optimisation problem: 0.155053138733
INFO:R0@tkref=4.9714: N of unsatisfied eq: 3
INFO:R0@tkref=4.9714: N of unsatisfied ieq: 5
INFO:R0@tkref=4.9714: Summary: Optimization terminated successfully. after 5 it.
DEBUG:R0@tkref=4.9714: $$$$$$$$ CONFLICT LIST $$$$$$$$: []
INFO:R0: --------------------------
INFO:R0@tkref=5.1429: Time to solve stand alone optimisation problem: 0.0537168979645
INFO:R0@tkref=5.1429: N of unsatisfied eq: 3
INFO:R0@tkref=5.1429: N of unsatisfied ieq: 5
INFO:R0@tkref=5.1429: Summary: Optimization terminated successfully. after 2 it.
DEBUG:R0@tkref=5.1429: $$$$$$$$ CONFLICT LIST $$$$$$$$: []
INFO:R0: --------------------------
INFO:R0@tkref=5.3143: Time to solve stand alone optimisation problem: 0.0560598373413
INFO:R0@tkref=5.3143: N of unsatisfied eq: 3
INFO:R0@tkref=5.3143: N of unsatisfied ieq: 5
INFO:R0@tkref=5.3143: Summary: Optimization terminated successfully. after 2 it.
DEBUG:R0@tkref=5.3143: $$$$$$$$ CONFLICT LIST $$$$$$$$: []
INFO:R0: --------------------------
INFO:R0@tkref=5.4857: Time to solve stand alone optimisation problem: 0.0341439247131
INFO:R0@tkref=5.4857: N of unsatisfied eq: 3
INFO:R0@tkref=5.4857: N of unsatisfied ieq: 4
INFO:R0@tkref=5.4857: Summary: Optimization terminated successfully. after 1 it.
DEBUG:R0@tkref=5.4857: $$$$$$$$ CONFLICT LIST $$$$$$$$: []
INFO:R0: --------------------------
INFO:R0@tkref=5.6571: Time to solve stand alone optimisation problem: 0.0261421203613
INFO:R0@tkref=5.6571: N of unsatisfied eq: 3
INFO:R0@tkref=5.6571: N of unsatisfied ieq: 4
INFO:R0@tkref=5.6571: Summary: Optimization terminated successfully. after 1 it.
DEBUG:R0@tkref=5.6571: $$$$$$$$ CONFLICT LIST $$$$$$$$: []
INFO:R0: --------------------------
INFO:R0@tkref=5.8286: Time to solve stand alone optimisation problem: 0.0258371829987
INFO:R0@tkref=5.8286: N of unsatisfied eq: 3
INFO:R0@tkref=5.8286: N of unsatisfied ieq: 5
INFO:R0@tkref=5.8286: Summary: Optimization terminated successfully. after 1 it.
DEBUG:R0@tkref=5.8286: $$$$$$$$ CONFLICT LIST $$$$$$$$: []
INFO:R0: --------------------------
INFO:R0@tkref=6.0000: Time to solve stand alone optimisation problem: 0.0264959335327
INFO:R0@tkref=6.0000: N of unsatisfied eq: 3
INFO:R0@tkref=6.0000: N of unsatisfied ieq: 4
INFO:R0@tkref=6.0000: Summary: Optimization terminated successfully. after 1 it.
DEBUG:R0@tkref=6.0000: $$$$$$$$ CONFLICT LIST $$$$$$$$: []
INFO:R0: --------------------------
INFO:R0@tkref=6.1714: Time to solve stand alone optimisation problem: 0.0267350673676
INFO:R0@tkref=6.1714: N of unsatisfied eq: 3
INFO:R0@tkref=6.1714: N of unsatisfied ieq: 4
INFO:R0@tkref=6.1714: Summary: Optimization terminated successfully. after 1 it.
DEBUG:R0@tkref=6.1714: $$$$$$$$ CONFLICT LIST $$$$$$$$: []
INFO:R0: --------------------------
INFO:R0@tkref=6.3429: Time to solve stand alone optimisation problem: 0.02578997612
INFO:R0@tkref=6.3429: N of unsatisfied eq: 3
INFO:R0@tkref=6.3429: N of unsatisfied ieq: 4
INFO:R0@tkref=6.3429: Summary: Optimization terminated successfully. after 1 it.
DEBUG:R0@tkref=6.3429: $$$$$$$$ CONFLICT LIST $$$$$$$$: []
INFO:R0: --------------------------
INFO:R0@tkref=6.5143: Time to solve stand alone optimisation problem: 0.0267889499664
INFO:R0@tkref=6.5143: N of unsatisfied eq: 3
INFO:R0@tkref=6.5143: N of unsatisfied ieq: 5
INFO:R0@tkref=6.5143: Summary: Optimization terminated successfully. after 1 it.
DEBUG:R0@tkref=6.5143: $$$$$$$$ CONFLICT LIST $$$$$$$$: []
INFO:R0: --------------------------
INFO:R0@tkref=6.6857: Time to solve stand alone optimisation problem: 0.0247461795807
INFO:R0@tkref=6.6857: N of unsatisfied eq: 4
INFO:R0@tkref=6.6857: N of unsatisfied ieq: 5
INFO:R0@tkref=6.6857: Summary: Optimization terminated successfully. after 1 it.
DEBUG:R0@tkref=6.6857: $$$$$$$$ CONFLICT LIST $$$$$$$$: []
INFO:R0: --------------------------
INFO:R0@tkref=6.8571: Time to solve stand alone optimisation problem: 0.0244588851929
INFO:R0@tkref=6.8571: N of unsatisfied eq: 4
INFO:R0@tkref=6.8571: N of unsatisfied ieq: 5
INFO:R0@tkref=6.8571: Summary: Optimization terminated successfully. after 1 it.
DEBUG:R0@tkref=6.8571: $$$$$$$$ CONFLICT LIST $$$$$$$$: []
INFO:R0: --------------------------
INFO:R0@tkref=7.0286: Time to solve stand alone optimisation problem: 0.0214169025421
INFO:R0@tkref=7.0286: N of unsatisfied eq: 4
INFO:R0@tkref=7.0286: N of unsatisfied ieq: 5
INFO:R0@tkref=7.0286: Summary: Optimization terminated successfully. after 1 it.
DEBUG:R0@tkref=7.0286: $$$$$$$$ CONFLICT LIST $$$$$$$$: []
INFO:R0: --------------------------
DEBUG:R0: LAST STEP
DEBUG:R0: Approx remaining dist: 0.0778863828172
DEBUG:R0: Usual approx plan dist: 1.2
DEBUG:R0: Approx gain in dist: 1.12211361718
DEBUG:R0: Last step min dist: 0.0
INFO:R0: scale 0.0649053190143 Ns 7 Nk 3
INFO:R0@tkref=7.2000: Time to solve stand alone optimisation problem: 0.358238935471
INFO:R0@tkref=7.2000: N of unsatisfied eq: 10
INFO:R0@tkref=7.2000: N of unsatisfied ieq: 4
INFO:R0@tkref=7.2000: Summary: Iteration limit exceeded after 21 it.
DEBUG:R0@tkref=7.2000: $$$$$$$$ CONFLICT LIST $$$$$$$$: []
INFO:R0: Finished motion planning
INFO:R0: --------------------------
INFO:R0: TOT: 7.28745928079
INFO:R0: NSE: 43
INFO:R0: FIR: 0.881020069122
INFO:R0: LAS: 0.359059095383
INFO:R0: LMA: 0
INFO:R0: MAX: 0.451851844788
INFO:R0: MIN: 0.0221991539001
INFO:R0: AVG: 0.1102390173
INFO:R0: RMP: 1.88271601995
INFO:R0: RMG: 1.88271601995
