INFO:R0: Init motion planning
INFO:R0@tkref=0.0000: Time to solve stand alone optimisation problem: 2.05375599861
INFO:R0@tkref=0.0000: N of unsatisfied eq: 4
INFO:R0@tkref=0.0000: N of unsatisfied ieq: 6
INFO:R0@tkref=0.0000: Summary: Iteration limit exceeded after 41 it.
DEBUG:R0@tkref=0.0000: $$$$$$$$ CONFLICT LIST $$$$$$$$: []
INFO:R0: --------------------------
INFO:R0@tkref=0.1846: Time to solve stand alone optimisation problem: 0.38386797905
INFO:R0@tkref=0.1846: N of unsatisfied eq: 1
INFO:R0@tkref=0.1846: N of unsatisfied ieq: 11
INFO:R0@tkref=0.1846: Summary: Optimization terminated successfully. after 8 it.
DEBUG:R0@tkref=0.1846: $$$$$$$$ CONFLICT LIST $$$$$$$$: []
INFO:R0: --------------------------
INFO:R0@tkref=0.3692: Time to solve stand alone optimisation problem: 0.411731958389
INFO:R0@tkref=0.3692: N of unsatisfied eq: 2
INFO:R0@tkref=0.3692: N of unsatisfied ieq: 11
INFO:R0@tkref=0.3692: Summary: Optimization terminated successfully. after 8 it.
DEBUG:R0@tkref=0.3692: $$$$$$$$ CONFLICT LIST $$$$$$$$: []
INFO:R0: --------------------------
DEBUG:R0: Big problem 1908471449.33
DEBUG:R0: Big problem 19082013.9976
INFO:R0@tkref=0.5538: Time to solve stand alone optimisation problem: 0.77081990242
INFO:R0@tkref=0.5538: N of unsatisfied eq: 3
INFO:R0@tkref=0.5538: N of unsatisfied ieq: 6
INFO:R0@tkref=0.5538: Summary: Iteration limit exceeded after 16 it.
DEBUG:R0@tkref=0.5538: $$$$$$$$ CONFLICT LIST $$$$$$$$: []
INFO:R0: --------------------------
INFO:R0@tkref=0.7385: Time to solve stand alone optimisation problem: 0.236887931824
INFO:R0@tkref=0.7385: N of unsatisfied eq: 3
INFO:R0@tkref=0.7385: N of unsatisfied ieq: 6
INFO:R0@tkref=0.7385: Summary: Optimization terminated successfully. after 5 it.
DEBUG:R0@tkref=0.7385: $$$$$$$$ CONFLICT LIST $$$$$$$$: []
INFO:R0: --------------------------
INFO:R0@tkref=0.9231: Time to solve stand alone optimisation problem: 0.334223985672
INFO:R0@tkref=0.9231: N of unsatisfied eq: 3
INFO:R0@tkref=0.9231: N of unsatisfied ieq: 7
INFO:R0@tkref=0.9231: Summary: Optimization terminated successfully. after 7 it.
DEBUG:R0@tkref=0.9231: $$$$$$$$ CONFLICT LIST $$$$$$$$: []
INFO:R0: --------------------------
INFO:R0@tkref=1.1077: Time to solve stand alone optimisation problem: 0.381552219391
INFO:R0@tkref=1.1077: N of unsatisfied eq: 3
INFO:R0@tkref=1.1077: N of unsatisfied ieq: 8
INFO:R0@tkref=1.1077: Summary: Optimization terminated successfully. after 6 it.
DEBUG:R0@tkref=1.1077: $$$$$$$$ CONFLICT LIST $$$$$$$$: []
INFO:R0: --------------------------
INFO:R0@tkref=1.2923: Time to solve stand alone optimisation problem: 0.377143859863
INFO:R0@tkref=1.2923: N of unsatisfied eq: 2
INFO:R0@tkref=1.2923: N of unsatisfied ieq: 8
INFO:R0@tkref=1.2923: Summary: Optimization terminated successfully. after 6 it.
DEBUG:R0@tkref=1.2923: $$$$$$$$ CONFLICT LIST $$$$$$$$: []
INFO:R0: --------------------------
INFO:R0@tkref=1.4769: Time to solve stand alone optimisation problem: 0.192235946655
INFO:R0@tkref=1.4769: N of unsatisfied eq: 3
INFO:R0@tkref=1.4769: N of unsatisfied ieq: 2
INFO:R0@tkref=1.4769: Summary: Optimization terminated successfully. after 3 it.
DEBUG:R0@tkref=1.4769: $$$$$$$$ CONFLICT LIST $$$$$$$$: []
INFO:R0: --------------------------
INFO:R0@tkref=1.6615: Time to solve stand alone optimisation problem: 0.936151981354
INFO:R0@tkref=1.6615: N of unsatisfied eq: 3
INFO:R0@tkref=1.6615: N of unsatisfied ieq: 7
INFO:R0@tkref=1.6615: Summary: Optimization terminated successfully. after 15 it.
DEBUG:R0@tkref=1.6615: $$$$$$$$ CONFLICT LIST $$$$$$$$: []
INFO:R0: --------------------------
INFO:R0@tkref=1.8462: Time to solve stand alone optimisation problem: 0.438889026642
INFO:R0@tkref=1.8462: N of unsatisfied eq: 2
INFO:R0@tkref=1.8462: N of unsatisfied ieq: 8
INFO:R0@tkref=1.8462: Summary: Optimization terminated successfully. after 7 it.
DEBUG:R0@tkref=1.8462: $$$$$$$$ CONFLICT LIST $$$$$$$$: []
INFO:R0: --------------------------
INFO:R0@tkref=2.0308: Time to solve stand alone optimisation problem: 0.310665130615
INFO:R0@tkref=2.0308: N of unsatisfied eq: 3
INFO:R0@tkref=2.0308: N of unsatisfied ieq: 7
INFO:R0@tkref=2.0308: Summary: Optimization terminated successfully. after 5 it.
DEBUG:R0@tkref=2.0308: $$$$$$$$ CONFLICT LIST $$$$$$$$: []
INFO:R0: --------------------------
INFO:R0@tkref=2.2154: Time to solve stand alone optimisation problem: 0.282346010208
INFO:R0@tkref=2.2154: N of unsatisfied eq: 3
INFO:R0@tkref=2.2154: N of unsatisfied ieq: 7
INFO:R0@tkref=2.2154: Summary: Optimization terminated successfully. after 4 it.
DEBUG:R0@tkref=2.2154: $$$$$$$$ CONFLICT LIST $$$$$$$$: []
INFO:R0: --------------------------
INFO:R0@tkref=2.4000: Time to solve stand alone optimisation problem: 0.496818065643
INFO:R0@tkref=2.4000: N of unsatisfied eq: 3
INFO:R0@tkref=2.4000: N of unsatisfied ieq: 8
INFO:R0@tkref=2.4000: Summary: Optimization terminated successfully. after 7 it.
DEBUG:R0@tkref=2.4000: $$$$$$$$ CONFLICT LIST $$$$$$$$: []
INFO:R0: --------------------------
INFO:R0@tkref=2.5846: Time to solve stand alone optimisation problem: 0.485672950745
INFO:R0@tkref=2.5846: N of unsatisfied eq: 2
INFO:R0@tkref=2.5846: N of unsatisfied ieq: 9
INFO:R0@tkref=2.5846: Summary: Optimization terminated successfully. after 7 it.
DEBUG:R0@tkref=2.5846: $$$$$$$$ CONFLICT LIST $$$$$$$$: []
INFO:R0: --------------------------
INFO:R0@tkref=2.7692: Time to solve stand alone optimisation problem: 0.364964008331
INFO:R0@tkref=2.7692: N of unsatisfied eq: 3
INFO:R0@tkref=2.7692: N of unsatisfied ieq: 9
INFO:R0@tkref=2.7692: Summary: Optimization terminated successfully. after 5 it.
DEBUG:R0@tkref=2.7692: $$$$$$$$ CONFLICT LIST $$$$$$$$: []
INFO:R0: --------------------------
INFO:R0@tkref=2.9538: Time to solve stand alone optimisation problem: 0.217895030975
INFO:R0@tkref=2.9538: N of unsatisfied eq: 3
INFO:R0@tkref=2.9538: N of unsatisfied ieq: 10
INFO:R0@tkref=2.9538: Summary: Optimization terminated successfully. after 3 it.
DEBUG:R0@tkref=2.9538: $$$$$$$$ CONFLICT LIST $$$$$$$$: []
INFO:R0: --------------------------
INFO:R0@tkref=3.1385: Time to solve stand alone optimisation problem: 0.352387189865
INFO:R0@tkref=3.1385: N of unsatisfied eq: 3
INFO:R0@tkref=3.1385: N of unsatisfied ieq: 8
INFO:R0@tkref=3.1385: Summary: Optimization terminated successfully. after 5 it.
DEBUG:R0@tkref=3.1385: $$$$$$$$ CONFLICT LIST $$$$$$$$: []
INFO:R0: --------------------------
INFO:R0@tkref=3.3231: Time to solve stand alone optimisation problem: 0.421316146851
INFO:R0@tkref=3.3231: N of unsatisfied eq: 3
INFO:R0@tkref=3.3231: N of unsatisfied ieq: 9
INFO:R0@tkref=3.3231: Summary: Optimization terminated successfully. after 6 it.
DEBUG:R0@tkref=3.3231: $$$$$$$$ CONFLICT LIST $$$$$$$$: []
INFO:R0: --------------------------
INFO:R0@tkref=3.5077: Time to solve stand alone optimisation problem: 0.347141981125
INFO:R0@tkref=3.5077: N of unsatisfied eq: 3
INFO:R0@tkref=3.5077: N of unsatisfied ieq: 9
INFO:R0@tkref=3.5077: Summary: Optimization terminated successfully. after 5 it.
DEBUG:R0@tkref=3.5077: $$$$$$$$ CONFLICT LIST $$$$$$$$: []
INFO:R0: --------------------------
INFO:R0@tkref=3.6923: Time to solve stand alone optimisation problem: 0.212254047394
INFO:R0@tkref=3.6923: N of unsatisfied eq: 3
INFO:R0@tkref=3.6923: N of unsatisfied ieq: 9
INFO:R0@tkref=3.6923: Summary: Optimization terminated successfully. after 3 it.
DEBUG:R0@tkref=3.6923: $$$$$$$$ CONFLICT LIST $$$$$$$$: []
INFO:R0: --------------------------
INFO:R0@tkref=3.8769: Time to solve stand alone optimisation problem: 0.434203863144
INFO:R0@tkref=3.8769: N of unsatisfied eq: 3
INFO:R0@tkref=3.8769: N of unsatisfied ieq: 8
INFO:R0@tkref=3.8769: Summary: Optimization terminated successfully. after 6 it.
DEBUG:R0@tkref=3.8769: $$$$$$$$ CONFLICT LIST $$$$$$$$: []
INFO:R0: --------------------------
INFO:R0@tkref=4.0615: Time to solve stand alone optimisation problem: 0.429004907608
INFO:R0@tkref=4.0615: N of unsatisfied eq: 3
INFO:R0@tkref=4.0615: N of unsatisfied ieq: 7
INFO:R0@tkref=4.0615: Summary: Optimization terminated successfully. after 6 it.
DEBUG:R0@tkref=4.0615: $$$$$$$$ CONFLICT LIST $$$$$$$$: []
INFO:R0: --------------------------
INFO:R0@tkref=4.2462: Time to solve stand alone optimisation problem: 0.349563837051
INFO:R0@tkref=4.2462: N of unsatisfied eq: 2
INFO:R0@tkref=4.2462: N of unsatisfied ieq: 8
INFO:R0@tkref=4.2462: Summary: Optimization terminated successfully. after 5 it.
DEBUG:R0@tkref=4.2462: $$$$$$$$ CONFLICT LIST $$$$$$$$: []
INFO:R0: --------------------------
INFO:R0@tkref=4.4308: Time to solve stand alone optimisation problem: 1.02424502373
INFO:R0@tkref=4.4308: N of unsatisfied eq: 3
INFO:R0@tkref=4.4308: N of unsatisfied ieq: 5
INFO:R0@tkref=4.4308: Summary: Iteration limit exceeded after 16 it.
DEBUG:R0@tkref=4.4308: $$$$$$$$ CONFLICT LIST $$$$$$$$: []
INFO:R0: --------------------------
INFO:R0@tkref=4.6154: Time to solve stand alone optimisation problem: 1.0586180687
INFO:R0@tkref=4.6154: N of unsatisfied eq: 3
INFO:R0@tkref=4.6154: N of unsatisfied ieq: 3
INFO:R0@tkref=4.6154: Summary: Iteration limit exceeded after 16 it.
DEBUG:R0@tkref=4.6154: $$$$$$$$ CONFLICT LIST $$$$$$$$: []
INFO:R0: --------------------------
INFO:R0@tkref=4.8000: Time to solve stand alone optimisation problem: 1.04809188843
INFO:R0@tkref=4.8000: N of unsatisfied eq: 3
INFO:R0@tkref=4.8000: N of unsatisfied ieq: 4
INFO:R0@tkref=4.8000: Summary: Iteration limit exceeded after 16 it.
DEBUG:R0@tkref=4.8000: $$$$$$$$ CONFLICT LIST $$$$$$$$: []
INFO:R0: --------------------------
INFO:R0@tkref=4.9846: Time to solve stand alone optimisation problem: 0.493531942368
INFO:R0@tkref=4.9846: N of unsatisfied eq: 3
INFO:R0@tkref=4.9846: N of unsatisfied ieq: 7
INFO:R0@tkref=4.9846: Summary: Optimization terminated successfully. after 9 it.
DEBUG:R0@tkref=4.9846: $$$$$$$$ CONFLICT LIST $$$$$$$$: []
INFO:R0: --------------------------
INFO:R0@tkref=5.1692: Time to solve stand alone optimisation problem: 0.889335155487
INFO:R0@tkref=5.1692: N of unsatisfied eq: 3
INFO:R0@tkref=5.1692: N of unsatisfied ieq: 5
INFO:R0@tkref=5.1692: Summary: Iteration limit exceeded after 16 it.
DEBUG:R0@tkref=5.1692: $$$$$$$$ CONFLICT LIST $$$$$$$$: []
INFO:R0: --------------------------
INFO:R0@tkref=5.3538: Time to solve stand alone optimisation problem: 0.432733058929
INFO:R0@tkref=5.3538: N of unsatisfied eq: 3
INFO:R0@tkref=5.3538: N of unsatisfied ieq: 8
INFO:R0@tkref=5.3538: Summary: Optimization terminated successfully. after 8 it.
DEBUG:R0@tkref=5.3538: $$$$$$$$ CONFLICT LIST $$$$$$$$: []
INFO:R0: --------------------------
INFO:R0@tkref=5.5385: Time to solve stand alone optimisation problem: 0.704767942429
INFO:R0@tkref=5.5385: N of unsatisfied eq: 3
INFO:R0@tkref=5.5385: N of unsatisfied ieq: 9
INFO:R0@tkref=5.5385: Summary: Optimization terminated successfully. after 13 it.
DEBUG:R0@tkref=5.5385: $$$$$$$$ CONFLICT LIST $$$$$$$$: []
INFO:R0: --------------------------
INFO:R0@tkref=5.7231: Time to solve stand alone optimisation problem: 0.276172876358
INFO:R0@tkref=5.7231: N of unsatisfied eq: 3
INFO:R0@tkref=5.7231: N of unsatisfied ieq: 8
INFO:R0@tkref=5.7231: Summary: Optimization terminated successfully. after 5 it.
DEBUG:R0@tkref=5.7231: $$$$$$$$ CONFLICT LIST $$$$$$$$: []
INFO:R0: --------------------------
INFO:R0@tkref=5.9077: Time to solve stand alone optimisation problem: 0.27988910675
INFO:R0@tkref=5.9077: N of unsatisfied eq: 2
INFO:R0@tkref=5.9077: N of unsatisfied ieq: 8
INFO:R0@tkref=5.9077: Summary: Optimization terminated successfully. after 5 it.
DEBUG:R0@tkref=5.9077: $$$$$$$$ CONFLICT LIST $$$$$$$$: []
INFO:R0: --------------------------
INFO:R0@tkref=6.0923: Time to solve stand alone optimisation problem: 0.279247045517
INFO:R0@tkref=6.0923: N of unsatisfied eq: 2
INFO:R0@tkref=6.0923: N of unsatisfied ieq: 8
INFO:R0@tkref=6.0923: Summary: Optimization terminated successfully. after 5 it.
DEBUG:R0@tkref=6.0923: $$$$$$$$ CONFLICT LIST $$$$$$$$: []
INFO:R0: --------------------------
INFO:R0@tkref=6.2769: Time to solve stand alone optimisation problem: 0.112554073334
INFO:R0@tkref=6.2769: N of unsatisfied eq: 3
INFO:R0@tkref=6.2769: N of unsatisfied ieq: 10
INFO:R0@tkref=6.2769: Summary: Optimization terminated successfully. after 2 it.
DEBUG:R0@tkref=6.2769: $$$$$$$$ CONFLICT LIST $$$$$$$$: []
INFO:R0: --------------------------
INFO:R0@tkref=6.4615: Time to solve stand alone optimisation problem: 0.0590541362762
INFO:R0@tkref=6.4615: N of unsatisfied eq: 3
INFO:R0@tkref=6.4615: N of unsatisfied ieq: 8
INFO:R0@tkref=6.4615: Summary: Optimization terminated successfully. after 1 it.
DEBUG:R0@tkref=6.4615: $$$$$$$$ CONFLICT LIST $$$$$$$$: []
INFO:R0: --------------------------
INFO:R0@tkref=6.6462: Time to solve stand alone optimisation problem: 0.100031137466
INFO:R0@tkref=6.6462: N of unsatisfied eq: 3
INFO:R0@tkref=6.6462: N of unsatisfied ieq: 12
INFO:R0@tkref=6.6462: Summary: Optimization terminated successfully. after 2 it.
DEBUG:R0@tkref=6.6462: $$$$$$$$ CONFLICT LIST $$$$$$$$: []
INFO:R0: --------------------------
INFO:R0@tkref=6.8308: Time to solve stand alone optimisation problem: 0.0510151386261
INFO:R0@tkref=6.8308: N of unsatisfied eq: 3
INFO:R0@tkref=6.8308: N of unsatisfied ieq: 10
INFO:R0@tkref=6.8308: Summary: Optimization terminated successfully. after 1 it.
DEBUG:R0@tkref=6.8308: $$$$$$$$ CONFLICT LIST $$$$$$$$: []
INFO:R0: --------------------------
INFO:R0@tkref=7.0154: Time to solve stand alone optimisation problem: 0.0507709980011
INFO:R0@tkref=7.0154: N of unsatisfied eq: 3
INFO:R0@tkref=7.0154: N of unsatisfied ieq: 10
INFO:R0@tkref=7.0154: Summary: Optimization terminated successfully. after 1 it.
DEBUG:R0@tkref=7.0154: $$$$$$$$ CONFLICT LIST $$$$$$$$: []
INFO:R0: --------------------------
INFO:R0@tkref=7.2000: Time to solve stand alone optimisation problem: 0.0511538982391
INFO:R0@tkref=7.2000: N of unsatisfied eq: 3
INFO:R0@tkref=7.2000: N of unsatisfied ieq: 8
INFO:R0@tkref=7.2000: Summary: Optimization terminated successfully. after 1 it.
DEBUG:R0@tkref=7.2000: $$$$$$$$ CONFLICT LIST $$$$$$$$: []
INFO:R0: --------------------------
INFO:R0@tkref=7.3846: Time to solve stand alone optimisation problem: 0.0510070323944
INFO:R0@tkref=7.3846: N of unsatisfied eq: 3
INFO:R0@tkref=7.3846: N of unsatisfied ieq: 7
INFO:R0@tkref=7.3846: Summary: Optimization terminated successfully. after 1 it.
DEBUG:R0@tkref=7.3846: $$$$$$$$ CONFLICT LIST $$$$$$$$: []
INFO:R0: --------------------------
INFO:R0@tkref=7.5692: Time to solve stand alone optimisation problem: 0.0431520938873
INFO:R0@tkref=7.5692: N of unsatisfied eq: 3
INFO:R0@tkref=7.5692: N of unsatisfied ieq: 7
INFO:R0@tkref=7.5692: Summary: Optimization terminated successfully. after 1 it.
DEBUG:R0@tkref=7.5692: $$$$$$$$ CONFLICT LIST $$$$$$$$: []
INFO:R0: --------------------------
INFO:R0@tkref=7.7538: Time to solve stand alone optimisation problem: 0.0430958271027
INFO:R0@tkref=7.7538: N of unsatisfied eq: 3
INFO:R0@tkref=7.7538: N of unsatisfied ieq: 7
INFO:R0@tkref=7.7538: Summary: Optimization terminated successfully. after 1 it.
DEBUG:R0@tkref=7.7538: $$$$$$$$ CONFLICT LIST $$$$$$$$: []
INFO:R0: --------------------------
DEBUG:R0: LAST STEP
DEBUG:R0: Approx remaining dist: 0.0595648451356
DEBUG:R0: Usual approx plan dist: 0.8
DEBUG:R0: Approx gain in dist: 0.740435154864
DEBUG:R0: Last step min dist: 0.0
INFO:R0: scale 0.0744560564195 Ns 7 Nk 3
INFO:R0@tkref=7.9385: Time to solve stand alone optimisation problem: 0.401149988174
INFO:R0@tkref=7.9385: N of unsatisfied eq: 10
INFO:R0@tkref=7.9385: N of unsatisfied ieq: 4
INFO:R0@tkref=7.9385: Summary: Iteration limit exceeded after 21 it.
DEBUG:R0@tkref=7.9385: $$$$$$$$ CONFLICT LIST $$$$$$$$: []
INFO:R0: Finished motion planning
INFO:R0: --------------------------
INFO:R0: TOT: 8.0053467552
INFO:R0: NSE: 44
INFO:R0: FIR: 2.05620408058
INFO:R0: LAS: 0.401985883713
INFO:R0: LMA: 0
INFO:R0: MAX: 1.05946111679
INFO:R0: MIN: 0.0438599586487
INFO:R0: AVG: 0.386961000306
INFO:R0: RMP: 6.62163197994
INFO:R0: RMG: 6.62163197994
