INFO:R0: Init motion planning
INFO:R0@tkref=0.0000: Time to solve stand alone optimisation problem: 1.82261300087
INFO:R0@tkref=0.0000: N of unsatisfied eq: 5
INFO:R0@tkref=0.0000: N of unsatisfied ieq: 8
INFO:R0@tkref=0.0000: Summary: Iteration limit exceeded after 41 it.
DEBUG:R0@tkref=0.0000: $$$$$$$$ CONFLICT LIST $$$$$$$$: []
INFO:R0: --------------------------
INFO:R0@tkref=0.4500: Time to solve stand alone optimisation problem: 0.229108095169
INFO:R0@tkref=0.4500: N of unsatisfied eq: 3
INFO:R0@tkref=0.4500: N of unsatisfied ieq: 7
INFO:R0@tkref=0.4500: Summary: Optimization terminated successfully. after 5 it.
DEBUG:R0@tkref=0.4500: $$$$$$$$ CONFLICT LIST $$$$$$$$: []
INFO:R0: --------------------------
INFO:R0@tkref=0.9000: Time to solve stand alone optimisation problem: 0.333579063416
INFO:R0@tkref=0.9000: N of unsatisfied eq: 3
INFO:R0@tkref=0.9000: N of unsatisfied ieq: 7
INFO:R0@tkref=0.9000: Summary: Optimization terminated successfully. after 6 it.
DEBUG:R0@tkref=0.9000: $$$$$$$$ CONFLICT LIST $$$$$$$$: []
INFO:R0: --------------------------
INFO:R0@tkref=1.3500: Time to solve stand alone optimisation problem: 0.281992912292
INFO:R0@tkref=1.3500: N of unsatisfied eq: 3
INFO:R0@tkref=1.3500: N of unsatisfied ieq: 8
INFO:R0@tkref=1.3500: Summary: Optimization terminated successfully. after 5 it.
DEBUG:R0@tkref=1.3500: $$$$$$$$ CONFLICT LIST $$$$$$$$: []
INFO:R0: --------------------------
INFO:R0@tkref=1.8000: Time to solve stand alone optimisation problem: 0.0656199455261
INFO:R0@tkref=1.8000: N of unsatisfied eq: 5
INFO:R0@tkref=1.8000: N of unsatisfied ieq: 10
INFO:R0@tkref=1.8000: Summary: Optimization terminated successfully. after 1 it.
DEBUG:R0@tkref=1.8000: $$$$$$$$ CONFLICT LIST $$$$$$$$: []
INFO:R0: --------------------------
INFO:R0@tkref=2.2500: Time to solve stand alone optimisation problem: 0.572458028793
INFO:R0@tkref=2.2500: N of unsatisfied eq: 3
INFO:R0@tkref=2.2500: N of unsatisfied ieq: 8
INFO:R0@tkref=2.2500: Summary: Optimization terminated successfully. after 9 it.
DEBUG:R0@tkref=2.2500: $$$$$$$$ CONFLICT LIST $$$$$$$$: []
INFO:R0: --------------------------
INFO:R0@tkref=2.7000: Time to solve stand alone optimisation problem: 0.71991109848
INFO:R0@tkref=2.7000: N of unsatisfied eq: 3
INFO:R0@tkref=2.7000: N of unsatisfied ieq: 9
INFO:R0@tkref=2.7000: Summary: Optimization terminated successfully. after 11 it.
DEBUG:R0@tkref=2.7000: $$$$$$$$ CONFLICT LIST $$$$$$$$: []
INFO:R0: --------------------------
INFO:R0@tkref=3.1500: Time to solve stand alone optimisation problem: 0.706640958786
INFO:R0@tkref=3.1500: N of unsatisfied eq: 3
INFO:R0@tkref=3.1500: N of unsatisfied ieq: 9
INFO:R0@tkref=3.1500: Summary: Optimization terminated successfully. after 11 it.
DEBUG:R0@tkref=3.1500: $$$$$$$$ CONFLICT LIST $$$$$$$$: []
INFO:R0: --------------------------
INFO:R0@tkref=3.6000: Time to solve stand alone optimisation problem: 0.444036960602
INFO:R0@tkref=3.6000: N of unsatisfied eq: 3
INFO:R0@tkref=3.6000: N of unsatisfied ieq: 9
INFO:R0@tkref=3.6000: Summary: Optimization terminated successfully. after 7 it.
DEBUG:R0@tkref=3.6000: $$$$$$$$ CONFLICT LIST $$$$$$$$: []
INFO:R0: --------------------------
INFO:R0@tkref=4.0500: Time to solve stand alone optimisation problem: 0.510447978973
INFO:R0@tkref=4.0500: N of unsatisfied eq: 3
INFO:R0@tkref=4.0500: N of unsatisfied ieq: 9
INFO:R0@tkref=4.0500: Summary: Optimization terminated successfully. after 8 it.
DEBUG:R0@tkref=4.0500: $$$$$$$$ CONFLICT LIST $$$$$$$$: []
INFO:R0: --------------------------
INFO:R0@tkref=4.5000: Time to solve stand alone optimisation problem: 0.639781951904
INFO:R0@tkref=4.5000: N of unsatisfied eq: 3
INFO:R0@tkref=4.5000: N of unsatisfied ieq: 9
INFO:R0@tkref=4.5000: Summary: Optimization terminated successfully. after 10 it.
DEBUG:R0@tkref=4.5000: $$$$$$$$ CONFLICT LIST $$$$$$$$: []
INFO:R0: --------------------------
INFO:R0@tkref=4.9500: Time to solve stand alone optimisation problem: 0.463819980621
INFO:R0@tkref=4.9500: N of unsatisfied eq: 3
INFO:R0@tkref=4.9500: N of unsatisfied ieq: 8
INFO:R0@tkref=4.9500: Summary: Optimization terminated successfully. after 7 it.
DEBUG:R0@tkref=4.9500: $$$$$$$$ CONFLICT LIST $$$$$$$$: []
INFO:R0: --------------------------
INFO:R0@tkref=5.4000: Time to solve stand alone optimisation problem: 0.0573120117188
INFO:R0@tkref=5.4000: N of unsatisfied eq: 3
INFO:R0@tkref=5.4000: N of unsatisfied ieq: 6
INFO:R0@tkref=5.4000: Summary: Optimization terminated successfully. after 1 it.
DEBUG:R0@tkref=5.4000: $$$$$$$$ CONFLICT LIST $$$$$$$$: []
INFO:R0: --------------------------
INFO:R0@tkref=5.8500: Time to solve stand alone optimisation problem: 0.111644029617
INFO:R0@tkref=5.8500: N of unsatisfied eq: 3
INFO:R0@tkref=5.8500: N of unsatisfied ieq: 9
INFO:R0@tkref=5.8500: Summary: Optimization terminated successfully. after 2 it.
DEBUG:R0@tkref=5.8500: $$$$$$$$ CONFLICT LIST $$$$$$$$: []
INFO:R0: --------------------------
INFO:R0@tkref=6.3000: Time to solve stand alone optimisation problem: 0.0574688911438
INFO:R0@tkref=6.3000: N of unsatisfied eq: 3
INFO:R0@tkref=6.3000: N of unsatisfied ieq: 9
INFO:R0@tkref=6.3000: Summary: Optimization terminated successfully. after 1 it.
DEBUG:R0@tkref=6.3000: $$$$$$$$ CONFLICT LIST $$$$$$$$: []
INFO:R0: --------------------------
INFO:R0@tkref=6.7500: Time to solve stand alone optimisation problem: 0.0573930740356
INFO:R0@tkref=6.7500: N of unsatisfied eq: 3
INFO:R0@tkref=6.7500: N of unsatisfied ieq: 5
INFO:R0@tkref=6.7500: Summary: Optimization terminated successfully. after 1 it.
DEBUG:R0@tkref=6.7500: $$$$$$$$ CONFLICT LIST $$$$$$$$: []
INFO:R0: --------------------------
DEBUG:R0: LAST STEP
DEBUG:R0: Approx remaining dist: 0.14786597782
DEBUG:R0: Usual approx plan dist: 1.2
DEBUG:R0: Approx gain in dist: 1.05213402218
DEBUG:R0: Last step min dist: 0.0
INFO:R0: scale 0.123221648183 Ns 7 Nk 3
INFO:R0@tkref=7.2000: Time to solve stand alone optimisation problem: 0.357203960419
INFO:R0@tkref=7.2000: N of unsatisfied eq: 10
INFO:R0@tkref=7.2000: N of unsatisfied ieq: 4
INFO:R0@tkref=7.2000: Summary: Iteration limit exceeded after 21 it.
DEBUG:R0@tkref=7.2000: $$$$$$$$ CONFLICT LIST $$$$$$$$: []
INFO:R0: Finished motion planning
INFO:R0: --------------------------
INFO:R0: TOT: 7.36603998265
INFO:R0: NSE: 17
INFO:R0: FIR: 1.82543611526
INFO:R0: LAS: 0.358008861542
INFO:R0: LMA: 0
INFO:R0: MAX: 0.720718860626
INFO:R0: MIN: 0.0581500530243
INFO:R0: AVG: 0.350925254822
INFO:R0: RMP: 1.61699744371
INFO:R0: RMG: 1.61699744371
