INFO:R0: Init motion planning
INFO:R0@tkref=0.0000: Time to solve stand alone optimisation problem: 1.66528105736
INFO:R0@tkref=0.0000: N of unsatisfied eq: 4
INFO:R0@tkref=0.0000: N of unsatisfied ieq: 9
INFO:R0@tkref=0.0000: Summary: Iteration limit exceeded after 41 it.
DEBUG:R0@tkref=0.0000: $$$$$$$$ CONFLICT LIST $$$$$$$$: []
INFO:R0: --------------------------
INFO:R0@tkref=0.7111: Time to solve stand alone optimisation problem: 0.633861064911
INFO:R0@tkref=0.7111: N of unsatisfied eq: 2
INFO:R0@tkref=0.7111: N of unsatisfied ieq: 8
INFO:R0@tkref=0.7111: Summary: Iteration limit exceeded after 16 it.
DEBUG:R0@tkref=0.7111: $$$$$$$$ CONFLICT LIST $$$$$$$$: []
INFO:R0: --------------------------
INFO:R0@tkref=1.4222: Time to solve stand alone optimisation problem: 0.670577049255
INFO:R0@tkref=1.4222: N of unsatisfied eq: 2
INFO:R0@tkref=1.4222: N of unsatisfied ieq: 8
INFO:R0@tkref=1.4222: Summary: Optimization terminated successfully. after 13 it.
DEBUG:R0@tkref=1.4222: $$$$$$$$ CONFLICT LIST $$$$$$$$: []
INFO:R0: --------------------------
INFO:R0@tkref=2.1333: Time to solve stand alone optimisation problem: 0.566484928131
INFO:R0@tkref=2.1333: N of unsatisfied eq: 3
INFO:R0@tkref=2.1333: N of unsatisfied ieq: 7
INFO:R0@tkref=2.1333: Summary: Optimization terminated successfully. after 10 it.
DEBUG:R0@tkref=2.1333: $$$$$$$$ CONFLICT LIST $$$$$$$$: []
INFO:R0: --------------------------
INFO:R0@tkref=2.8444: Time to solve stand alone optimisation problem: 0.395805120468
INFO:R0@tkref=2.8444: N of unsatisfied eq: 3
INFO:R0@tkref=2.8444: N of unsatisfied ieq: 8
INFO:R0@tkref=2.8444: Summary: Optimization terminated successfully. after 7 it.
DEBUG:R0@tkref=2.8444: $$$$$$$$ CONFLICT LIST $$$$$$$$: []
INFO:R0: --------------------------
INFO:R0@tkref=3.5556: Time to solve stand alone optimisation problem: 0.614279031754
INFO:R0@tkref=3.5556: N of unsatisfied eq: 2
INFO:R0@tkref=3.5556: N of unsatisfied ieq: 9
INFO:R0@tkref=3.5556: Summary: Optimization terminated successfully. after 11 it.
DEBUG:R0@tkref=3.5556: $$$$$$$$ CONFLICT LIST $$$$$$$$: []
INFO:R0: --------------------------
INFO:R0@tkref=4.2667: Time to solve stand alone optimisation problem: 0.913117170334
INFO:R0@tkref=4.2667: N of unsatisfied eq: 2
INFO:R0@tkref=4.2667: N of unsatisfied ieq: 8
INFO:R0@tkref=4.2667: Summary: Iteration limit exceeded after 16 it.
DEBUG:R0@tkref=4.2667: $$$$$$$$ CONFLICT LIST $$$$$$$$: []
INFO:R0: --------------------------
INFO:R0@tkref=4.9778: Time to solve stand alone optimisation problem: 0.321784973145
INFO:R0@tkref=4.9778: N of unsatisfied eq: 3
INFO:R0@tkref=4.9778: N of unsatisfied ieq: 7
INFO:R0@tkref=4.9778: Summary: Optimization terminated successfully. after 7 it.
DEBUG:R0@tkref=4.9778: $$$$$$$$ CONFLICT LIST $$$$$$$$: []
INFO:R0: --------------------------
INFO:R0@tkref=5.6889: Time to solve stand alone optimisation problem: 0.0925779342651
INFO:R0@tkref=5.6889: N of unsatisfied eq: 3
INFO:R0@tkref=5.6889: N of unsatisfied ieq: 9
INFO:R0@tkref=5.6889: Summary: Optimization terminated successfully. after 2 it.
DEBUG:R0@tkref=5.6889: $$$$$$$$ CONFLICT LIST $$$$$$$$: []
INFO:R0: --------------------------
INFO:R0@tkref=6.4000: Time to solve stand alone optimisation problem: 0.0423369407654
INFO:R0@tkref=6.4000: N of unsatisfied eq: 3
INFO:R0@tkref=6.4000: N of unsatisfied ieq: 6
INFO:R0@tkref=6.4000: Summary: Optimization terminated successfully. after 1 it.
DEBUG:R0@tkref=6.4000: $$$$$$$$ CONFLICT LIST $$$$$$$$: []
INFO:R0: --------------------------
DEBUG:R0: LAST STEP
DEBUG:R0: Approx remaining dist: 0.376152364304
DEBUG:R0: Usual approx plan dist: 1.6
DEBUG:R0: Approx gain in dist: 1.2238476357
DEBUG:R0: Last step min dist: 0.0
INFO:R0: scale 0.23509522769 Ns 7 Nk 3
INFO:R0@tkref=7.1111: Time to solve stand alone optimisation problem: 0.39533495903
INFO:R0@tkref=7.1111: N of unsatisfied eq: 10
INFO:R0@tkref=7.1111: N of unsatisfied ieq: 4
INFO:R0@tkref=7.1111: Summary: Iteration limit exceeded after 21 it.
DEBUG:R0@tkref=7.1111: $$$$$$$$ CONFLICT LIST $$$$$$$$: []
INFO:R0: Finished motion planning
INFO:R0: --------------------------
INFO:R0: TOT: 7.53351164053
INFO:R0: NSE: 11
INFO:R0: FIR: 1.6665160656
INFO:R0: LAS: 0.39617395401
INFO:R0: LMA: 0
INFO:R0: MAX: 0.91393494606
INFO:R0: MIN: 0.0431249141693
INFO:R0: AVG: 0.473187181685
INFO:R0: RMP: 1.29820304838
INFO:R0: RMG: 1.29820304838
