INFO:R0: Init motion planning
INFO:R0@tkref=0.0000: Time to solve stand alone optimisation problem: 1.40898013115
INFO:R0@tkref=0.0000: N of unsatisfied eq: 4
INFO:R0@tkref=0.0000: N of unsatisfied ieq: 8
INFO:R0@tkref=0.0000: Summary: Iteration limit exceeded after 41 it.
DEBUG:R0@tkref=0.0000: $$$$$$$$ CONFLICT LIST $$$$$$$$: []
INFO:R0: --------------------------
INFO:R0@tkref=0.3000: Time to solve stand alone optimisation problem: 0.199321985245
INFO:R0@tkref=0.3000: N of unsatisfied eq: 3
INFO:R0@tkref=0.3000: N of unsatisfied ieq: 6
INFO:R0@tkref=0.3000: Summary: Optimization terminated successfully. after 6 it.
DEBUG:R0@tkref=0.3000: $$$$$$$$ CONFLICT LIST $$$$$$$$: []
INFO:R0: --------------------------
INFO:R0@tkref=0.6000: Time to solve stand alone optimisation problem: 0.0344421863556
INFO:R0@tkref=0.6000: N of unsatisfied eq: 3
INFO:R0@tkref=0.6000: N of unsatisfied ieq: 9
INFO:R0@tkref=0.6000: Summary: Optimization terminated successfully. after 1 it.
DEBUG:R0@tkref=0.6000: $$$$$$$$ CONFLICT LIST $$$$$$$$: []
INFO:R0: --------------------------
INFO:R0@tkref=0.9000: Time to solve stand alone optimisation problem: 0.122820138931
INFO:R0@tkref=0.9000: N of unsatisfied eq: 3
INFO:R0@tkref=0.9000: N of unsatisfied ieq: 9
INFO:R0@tkref=0.9000: Summary: Optimization terminated successfully. after 3 it.
DEBUG:R0@tkref=0.9000: $$$$$$$$ CONFLICT LIST $$$$$$$$: []
INFO:R0: --------------------------
INFO:R0@tkref=1.2000: Time to solve stand alone optimisation problem: 0.0424470901489
INFO:R0@tkref=1.2000: N of unsatisfied eq: 3
INFO:R0@tkref=1.2000: N of unsatisfied ieq: 9
INFO:R0@tkref=1.2000: Summary: Optimization terminated successfully. after 1 it.
DEBUG:R0@tkref=1.2000: $$$$$$$$ CONFLICT LIST $$$$$$$$: []
INFO:R0: --------------------------
INFO:R0@tkref=1.5000: Time to solve stand alone optimisation problem: 0.1231508255
INFO:R0@tkref=1.5000: N of unsatisfied eq: 3
INFO:R0@tkref=1.5000: N of unsatisfied ieq: 9
INFO:R0@tkref=1.5000: Summary: Optimization terminated successfully. after 3 it.
DEBUG:R0@tkref=1.5000: $$$$$$$$ CONFLICT LIST $$$$$$$$: []
INFO:R0: --------------------------
INFO:R0@tkref=1.8000: Time to solve stand alone optimisation problem: 0.0502901077271
INFO:R0@tkref=1.8000: N of unsatisfied eq: 3
INFO:R0@tkref=1.8000: N of unsatisfied ieq: 9
INFO:R0@tkref=1.8000: Summary: Optimization terminated successfully. after 1 it.
DEBUG:R0@tkref=1.8000: $$$$$$$$ CONFLICT LIST $$$$$$$$: []
INFO:R0: --------------------------
INFO:R0@tkref=2.1000: Time to solve stand alone optimisation problem: 0.37629699707
INFO:R0@tkref=2.1000: N of unsatisfied eq: 2
INFO:R0@tkref=2.1000: N of unsatisfied ieq: 8
INFO:R0@tkref=2.1000: Summary: Optimization terminated successfully. after 8 it.
DEBUG:R0@tkref=2.1000: $$$$$$$$ CONFLICT LIST $$$$$$$$: []
INFO:R0: --------------------------
INFO:R0@tkref=2.4000: Time to solve stand alone optimisation problem: 0.33184504509
INFO:R0@tkref=2.4000: N of unsatisfied eq: 3
INFO:R0@tkref=2.4000: N of unsatisfied ieq: 9
INFO:R0@tkref=2.4000: Summary: Optimization terminated successfully. after 7 it.
DEBUG:R0@tkref=2.4000: $$$$$$$$ CONFLICT LIST $$$$$$$$: []
INFO:R0: --------------------------
INFO:R0@tkref=2.7000: Time to solve stand alone optimisation problem: 0.648651838303
INFO:R0@tkref=2.7000: N of unsatisfied eq: 3
INFO:R0@tkref=2.7000: N of unsatisfied ieq: 6
INFO:R0@tkref=2.7000: Summary: Optimization terminated successfully. after 14 it.
DEBUG:R0@tkref=2.7000: $$$$$$$$ CONFLICT LIST $$$$$$$$: []
INFO:R0: --------------------------
INFO:R0@tkref=3.0000: Time to solve stand alone optimisation problem: 0.752998828888
INFO:R0@tkref=3.0000: N of unsatisfied eq: 3
INFO:R0@tkref=3.0000: N of unsatisfied ieq: 5
INFO:R0@tkref=3.0000: Summary: Iteration limit exceeded after 16 it.
DEBUG:R0@tkref=3.0000: $$$$$$$$ CONFLICT LIST $$$$$$$$: []
INFO:R0: --------------------------
INFO:R0@tkref=3.3000: Time to solve stand alone optimisation problem: 0.281466960907
INFO:R0@tkref=3.3000: N of unsatisfied eq: 3
INFO:R0@tkref=3.3000: N of unsatisfied ieq: 8
INFO:R0@tkref=3.3000: Summary: Optimization terminated successfully. after 6 it.
DEBUG:R0@tkref=3.3000: $$$$$$$$ CONFLICT LIST $$$$$$$$: []
INFO:R0: --------------------------
INFO:R0@tkref=3.6000: Time to solve stand alone optimisation problem: 0.279779911041
INFO:R0@tkref=3.6000: N of unsatisfied eq: 3
INFO:R0@tkref=3.6000: N of unsatisfied ieq: 7
INFO:R0@tkref=3.6000: Summary: Optimization terminated successfully. after 6 it.
DEBUG:R0@tkref=3.6000: $$$$$$$$ CONFLICT LIST $$$$$$$$: []
INFO:R0: --------------------------
INFO:R0@tkref=3.9000: Time to solve stand alone optimisation problem: 0.325488090515
INFO:R0@tkref=3.9000: N of unsatisfied eq: 2
INFO:R0@tkref=3.9000: N of unsatisfied ieq: 7
INFO:R0@tkref=3.9000: Summary: Optimization terminated successfully. after 7 it.
DEBUG:R0@tkref=3.9000: $$$$$$$$ CONFLICT LIST $$$$$$$$: []
INFO:R0: --------------------------
INFO:R0@tkref=4.2000: Time to solve stand alone optimisation problem: 0.368665933609
INFO:R0@tkref=4.2000: N of unsatisfied eq: 3
INFO:R0@tkref=4.2000: N of unsatisfied ieq: 8
INFO:R0@tkref=4.2000: Summary: Optimization terminated successfully. after 8 it.
DEBUG:R0@tkref=4.2000: $$$$$$$$ CONFLICT LIST $$$$$$$$: []
INFO:R0: --------------------------
INFO:R0@tkref=4.5000: Time to solve stand alone optimisation problem: 0.36830496788
INFO:R0@tkref=4.5000: N of unsatisfied eq: 3
INFO:R0@tkref=4.5000: N of unsatisfied ieq: 8
INFO:R0@tkref=4.5000: Summary: Optimization terminated successfully. after 8 it.
DEBUG:R0@tkref=4.5000: $$$$$$$$ CONFLICT LIST $$$$$$$$: []
INFO:R0: --------------------------
INFO:R0@tkref=4.8000: Time to solve stand alone optimisation problem: 0.281989812851
INFO:R0@tkref=4.8000: N of unsatisfied eq: 3
INFO:R0@tkref=4.8000: N of unsatisfied ieq: 9
INFO:R0@tkref=4.8000: Summary: Optimization terminated successfully. after 6 it.
DEBUG:R0@tkref=4.8000: $$$$$$$$ CONFLICT LIST $$$$$$$$: []
INFO:R0: --------------------------
INFO:R0@tkref=5.1000: Time to solve stand alone optimisation problem: 0.0958120822906
INFO:R0@tkref=5.1000: N of unsatisfied eq: 3
INFO:R0@tkref=5.1000: N of unsatisfied ieq: 10
INFO:R0@tkref=5.1000: Summary: Optimization terminated successfully. after 2 it.
DEBUG:R0@tkref=5.1000: $$$$$$$$ CONFLICT LIST $$$$$$$$: []
INFO:R0: --------------------------
INFO:R0@tkref=5.4000: Time to solve stand alone optimisation problem: 0.0419499874115
INFO:R0@tkref=5.4000: N of unsatisfied eq: 3
INFO:R0@tkref=5.4000: N of unsatisfied ieq: 10
INFO:R0@tkref=5.4000: Summary: Optimization terminated successfully. after 1 it.
DEBUG:R0@tkref=5.4000: $$$$$$$$ CONFLICT LIST $$$$$$$$: []
INFO:R0: --------------------------
INFO:R0@tkref=5.7000: Time to solve stand alone optimisation problem: 0.0814661979675
INFO:R0@tkref=5.7000: N of unsatisfied eq: 3
INFO:R0@tkref=5.7000: N of unsatisfied ieq: 7
INFO:R0@tkref=5.7000: Summary: Optimization terminated successfully. after 2 it.
DEBUG:R0@tkref=5.7000: $$$$$$$$ CONFLICT LIST $$$$$$$$: []
INFO:R0: --------------------------
INFO:R0@tkref=6.0000: Time to solve stand alone optimisation problem: 0.0418961048126
INFO:R0@tkref=6.0000: N of unsatisfied eq: 3
INFO:R0@tkref=6.0000: N of unsatisfied ieq: 9
INFO:R0@tkref=6.0000: Summary: Optimization terminated successfully. after 1 it.
DEBUG:R0@tkref=6.0000: $$$$$$$$ CONFLICT LIST $$$$$$$$: []
INFO:R0: --------------------------
INFO:R0@tkref=6.3000: Time to solve stand alone optimisation problem: 0.0430181026459
INFO:R0@tkref=6.3000: N of unsatisfied eq: 3
INFO:R0@tkref=6.3000: N of unsatisfied ieq: 8
INFO:R0@tkref=6.3000: Summary: Optimization terminated successfully. after 1 it.
DEBUG:R0@tkref=6.3000: $$$$$$$$ CONFLICT LIST $$$$$$$$: []
INFO:R0: --------------------------
INFO:R0@tkref=6.6000: Time to solve stand alone optimisation problem: 0.0513660907745
INFO:R0@tkref=6.6000: N of unsatisfied eq: 3
INFO:R0@tkref=6.6000: N of unsatisfied ieq: 6
INFO:R0@tkref=6.6000: Summary: Optimization terminated successfully. after 1 it.
DEBUG:R0@tkref=6.6000: $$$$$$$$ CONFLICT LIST $$$$$$$$: []
INFO:R0: --------------------------
INFO:R0@tkref=6.9000: Time to solve stand alone optimisation problem: 0.0420320034027
INFO:R0@tkref=6.9000: N of unsatisfied eq: 3
INFO:R0@tkref=6.9000: N of unsatisfied ieq: 7
INFO:R0@tkref=6.9000: Summary: Optimization terminated successfully. after 1 it.
DEBUG:R0@tkref=6.9000: $$$$$$$$ CONFLICT LIST $$$$$$$$: []
INFO:R0: --------------------------
DEBUG:R0: LAST STEP
DEBUG:R0: Approx remaining dist: 0.0898345839555
DEBUG:R0: Usual approx plan dist: 1.2
DEBUG:R0: Approx gain in dist: 1.11016541604
DEBUG:R0: Last step min dist: 0.0
INFO:R0: scale 0.0748621532963 Ns 7 Nk 3
INFO:R0@tkref=7.2000: Time to solve stand alone optimisation problem: 0.362318992615
INFO:R0@tkref=7.2000: N of unsatisfied eq: 10
INFO:R0@tkref=7.2000: N of unsatisfied ieq: 4
INFO:R0@tkref=7.2000: Summary: Iteration limit exceeded after 21 it.
DEBUG:R0@tkref=7.2000: $$$$$$$$ CONFLICT LIST $$$$$$$$: []
INFO:R0: Finished motion planning
INFO:R0: --------------------------
INFO:R0: TOT: 7.30087651194
INFO:R0: NSE: 25
INFO:R0: FIR: 1.41043806076
INFO:R0: LAS: 0.363137960434
INFO:R0: LMA: 0
INFO:R0: MAX: 0.75380396843
INFO:R0: MIN: 0.035343170166
INFO:R0: AVG: 0.217596116273
INFO:R0: RMP: 2.19859490792
INFO:R0: RMG: 2.19859490792
