INFO:R0: Init motion planning
INFO:R0@tkref=0.0000: Time to solve stand alone optimisation problem: 1.16349005699
INFO:R0@tkref=0.0000: N of unsatisfied eq: 5
INFO:R0@tkref=0.0000: N of unsatisfied ieq: 10
INFO:R0@tkref=0.0000: Summary: Iteration limit exceeded after 41 it.
DEBUG:R0@tkref=0.0000: $$$$$$$$ CONFLICT LIST $$$$$$$$: []
INFO:R0: --------------------------
INFO:R0@tkref=0.4308: Time to solve stand alone optimisation problem: 0.0298261642456
INFO:R0@tkref=0.4308: N of unsatisfied eq: 3
INFO:R0@tkref=0.4308: N of unsatisfied ieq: 5
INFO:R0@tkref=0.4308: Summary: Optimization terminated successfully. after 1 it.
DEBUG:R0@tkref=0.4308: $$$$$$$$ CONFLICT LIST $$$$$$$$: []
INFO:R0: --------------------------
INFO:R0@tkref=0.8615: Time to solve stand alone optimisation problem: 0.0284888744354
INFO:R0@tkref=0.8615: N of unsatisfied eq: 3
INFO:R0@tkref=0.8615: N of unsatisfied ieq: 6
INFO:R0@tkref=0.8615: Summary: Optimization terminated successfully. after 1 it.
DEBUG:R0@tkref=0.8615: $$$$$$$$ CONFLICT LIST $$$$$$$$: []
INFO:R0: --------------------------
INFO:R0@tkref=1.2923: Time to solve stand alone optimisation problem: 0.0284130573273
INFO:R0@tkref=1.2923: N of unsatisfied eq: 4
INFO:R0@tkref=1.2923: N of unsatisfied ieq: 8
INFO:R0@tkref=1.2923: Summary: Optimization terminated successfully. after 1 it.
DEBUG:R0@tkref=1.2923: $$$$$$$$ CONFLICT LIST $$$$$$$$: []
INFO:R0: --------------------------
INFO:R0@tkref=1.7231: Time to solve stand alone optimisation problem: 0.0284299850464
INFO:R0@tkref=1.7231: N of unsatisfied eq: 5
INFO:R0@tkref=1.7231: N of unsatisfied ieq: 6
INFO:R0@tkref=1.7231: Summary: Optimization terminated successfully. after 1 it.
DEBUG:R0@tkref=1.7231: $$$$$$$$ CONFLICT LIST $$$$$$$$: []
INFO:R0: --------------------------
INFO:R0@tkref=2.1538: Time to solve stand alone optimisation problem: 0.0283870697021
INFO:R0@tkref=2.1538: N of unsatisfied eq: 5
INFO:R0@tkref=2.1538: N of unsatisfied ieq: 8
INFO:R0@tkref=2.1538: Summary: Optimization terminated successfully. after 1 it.
DEBUG:R0@tkref=2.1538: $$$$$$$$ CONFLICT LIST $$$$$$$$: []
INFO:R0: --------------------------
INFO:R0@tkref=2.5846: Time to solve stand alone optimisation problem: 0.0284008979797
INFO:R0@tkref=2.5846: N of unsatisfied eq: 4
INFO:R0@tkref=2.5846: N of unsatisfied ieq: 8
INFO:R0@tkref=2.5846: Summary: Optimization terminated successfully. after 1 it.
DEBUG:R0@tkref=2.5846: $$$$$$$$ CONFLICT LIST $$$$$$$$: []
INFO:R0: --------------------------
INFO:R0@tkref=3.0154: Time to solve stand alone optimisation problem: 0.0283780097961
INFO:R0@tkref=3.0154: N of unsatisfied eq: 4
INFO:R0@tkref=3.0154: N of unsatisfied ieq: 9
INFO:R0@tkref=3.0154: Summary: Optimization terminated successfully. after 1 it.
DEBUG:R0@tkref=3.0154: $$$$$$$$ CONFLICT LIST $$$$$$$$: []
INFO:R0: --------------------------
INFO:R0@tkref=3.4462: Time to solve stand alone optimisation problem: 0.0285930633545
INFO:R0@tkref=3.4462: N of unsatisfied eq: 5
INFO:R0@tkref=3.4462: N of unsatisfied ieq: 9
INFO:R0@tkref=3.4462: Summary: Optimization terminated successfully. after 1 it.
DEBUG:R0@tkref=3.4462: $$$$$$$$ CONFLICT LIST $$$$$$$$: []
INFO:R0: --------------------------
INFO:R0@tkref=3.8769: Time to solve stand alone optimisation problem: 0.0284140110016
INFO:R0@tkref=3.8769: N of unsatisfied eq: 5
INFO:R0@tkref=3.8769: N of unsatisfied ieq: 8
INFO:R0@tkref=3.8769: Summary: Optimization terminated successfully. after 1 it.
DEBUG:R0@tkref=3.8769: $$$$$$$$ CONFLICT LIST $$$$$$$$: []
INFO:R0: --------------------------
INFO:R0@tkref=4.3077: Time to solve stand alone optimisation problem: 0.0283880233765
INFO:R0@tkref=4.3077: N of unsatisfied eq: 4
INFO:R0@tkref=4.3077: N of unsatisfied ieq: 7
INFO:R0@tkref=4.3077: Summary: Optimization terminated successfully. after 1 it.
DEBUG:R0@tkref=4.3077: $$$$$$$$ CONFLICT LIST $$$$$$$$: []
INFO:R0: --------------------------
INFO:R0@tkref=4.7385: Time to solve stand alone optimisation problem: 0.028370141983
INFO:R0@tkref=4.7385: N of unsatisfied eq: 3
INFO:R0@tkref=4.7385: N of unsatisfied ieq: 8
INFO:R0@tkref=4.7385: Summary: Optimization terminated successfully. after 1 it.
DEBUG:R0@tkref=4.7385: $$$$$$$$ CONFLICT LIST $$$$$$$$: []
INFO:R0: --------------------------
INFO:R0@tkref=5.1692: Time to solve stand alone optimisation problem: 0.0283110141754
INFO:R0@tkref=5.1692: N of unsatisfied eq: 4
INFO:R0@tkref=5.1692: N of unsatisfied ieq: 8
INFO:R0@tkref=5.1692: Summary: Optimization terminated successfully. after 1 it.
DEBUG:R0@tkref=5.1692: $$$$$$$$ CONFLICT LIST $$$$$$$$: []
INFO:R0: --------------------------
INFO:R0@tkref=5.6000: Time to solve stand alone optimisation problem: 0.0283789634705
INFO:R0@tkref=5.6000: N of unsatisfied eq: 4
INFO:R0@tkref=5.6000: N of unsatisfied ieq: 8
INFO:R0@tkref=5.6000: Summary: Optimization terminated successfully. after 1 it.
DEBUG:R0@tkref=5.6000: $$$$$$$$ CONFLICT LIST $$$$$$$$: []
INFO:R0: --------------------------
INFO:R0@tkref=6.0308: Time to solve stand alone optimisation problem: 0.0279622077942
INFO:R0@tkref=6.0308: N of unsatisfied eq: 4
INFO:R0@tkref=6.0308: N of unsatisfied ieq: 7
INFO:R0@tkref=6.0308: Summary: Optimization terminated successfully. after 1 it.
DEBUG:R0@tkref=6.0308: $$$$$$$$ CONFLICT LIST $$$$$$$$: []
INFO:R0: --------------------------
INFO:R0@tkref=6.4615: Time to solve stand alone optimisation problem: 0.0281999111176
INFO:R0@tkref=6.4615: N of unsatisfied eq: 4
INFO:R0@tkref=6.4615: N of unsatisfied ieq: 7
INFO:R0@tkref=6.4615: Summary: Optimization terminated successfully. after 1 it.
DEBUG:R0@tkref=6.4615: $$$$$$$$ CONFLICT LIST $$$$$$$$: []
INFO:R0: --------------------------
DEBUG:R0: LAST STEP
DEBUG:R0: Approx remaining dist: 0.152592801172
DEBUG:R0: Usual approx plan dist: 0.8
DEBUG:R0: Approx gain in dist: 0.647407198828
DEBUG:R0: Last step min dist: 0.0
INFO:R0: scale 0.190741001465 Ns 7 Nk 3
INFO:R0@tkref=6.8923: Time to solve stand alone optimisation problem: 0.29344701767
INFO:R0@tkref=6.8923: N of unsatisfied eq: 10
INFO:R0@tkref=6.8923: N of unsatisfied ieq: 4
INFO:R0@tkref=6.8923: Summary: Iteration limit exceeded after 21 it.
DEBUG:R0@tkref=6.8923: $$$$$$$$ CONFLICT LIST $$$$$$$$: []
INFO:R0: Finished motion planning
INFO:R0: --------------------------
INFO:R0: TOT: 7.06365771649
INFO:R0: NSE: 17
INFO:R0: FIR: 1.16465306282
INFO:R0: LAS: 0.294164180756
INFO:R0: LMA: 1
INFO:R0: MAX: 0.030727148056
INFO:R0: MIN: 0.0286211967468
INFO:R0: AVG: 0.0291524092356
INFO:R0: RMP: 0.0685873840536
INFO:R0: RMG: 0.656616474901
