INFO:R0: Init motion planning
INFO:R0@tkref=0.0000: Time to solve stand alone optimisation problem: 1.64822912216
INFO:R0@tkref=0.0000: N of unsatisfied eq: 5
INFO:R0@tkref=0.0000: N of unsatisfied ieq: 9
INFO:R0@tkref=0.0000: Summary: Iteration limit exceeded after 41 it.
DEBUG:R0@tkref=0.0000: $$$$$$$$ CONFLICT LIST $$$$$$$$: []
INFO:R0: --------------------------
INFO:R0@tkref=0.7636: Time to solve stand alone optimisation problem: 0.450178146362
INFO:R0@tkref=0.7636: N of unsatisfied eq: 3
INFO:R0@tkref=0.7636: N of unsatisfied ieq: 7
INFO:R0@tkref=0.7636: Summary: Optimization terminated successfully. after 11 it.
DEBUG:R0@tkref=0.7636: $$$$$$$$ CONFLICT LIST $$$$$$$$: []
INFO:R0: --------------------------
INFO:R0@tkref=1.5273: Time to solve stand alone optimisation problem: 0.404387950897
INFO:R0@tkref=1.5273: N of unsatisfied eq: 2
INFO:R0@tkref=1.5273: N of unsatisfied ieq: 6
INFO:R0@tkref=1.5273: Summary: Optimization terminated successfully. after 7 it.
DEBUG:R0@tkref=1.5273: $$$$$$$$ CONFLICT LIST $$$$$$$$: []
INFO:R0: --------------------------
INFO:R0@tkref=2.2909: Time to solve stand alone optimisation problem: 0.511729955673
INFO:R0@tkref=2.2909: N of unsatisfied eq: 2
INFO:R0@tkref=2.2909: N of unsatisfied ieq: 6
INFO:R0@tkref=2.2909: Summary: Optimization terminated successfully. after 9 it.
DEBUG:R0@tkref=2.2909: $$$$$$$$ CONFLICT LIST $$$$$$$$: []
INFO:R0: --------------------------
INFO:R0@tkref=3.0545: Time to solve stand alone optimisation problem: 0.276527881622
INFO:R0@tkref=3.0545: N of unsatisfied eq: 3
INFO:R0@tkref=3.0545: N of unsatisfied ieq: 7
INFO:R0@tkref=3.0545: Summary: Optimization terminated successfully. after 5 it.
DEBUG:R0@tkref=3.0545: $$$$$$$$ CONFLICT LIST $$$$$$$$: []
INFO:R0: --------------------------
INFO:R0@tkref=3.8182: Time to solve stand alone optimisation problem: 0.274685144424
INFO:R0@tkref=3.8182: N of unsatisfied eq: 2
INFO:R0@tkref=3.8182: N of unsatisfied ieq: 5
INFO:R0@tkref=3.8182: Summary: Optimization terminated successfully. after 5 it.
DEBUG:R0@tkref=3.8182: $$$$$$$$ CONFLICT LIST $$$$$$$$: []
INFO:R0: --------------------------
INFO:R0@tkref=4.5818: Time to solve stand alone optimisation problem: 0.716754198074
INFO:R0@tkref=4.5818: N of unsatisfied eq: 3
INFO:R0@tkref=4.5818: N of unsatisfied ieq: 8
INFO:R0@tkref=4.5818: Summary: Optimization terminated successfully. after 14 it.
DEBUG:R0@tkref=4.5818: $$$$$$$$ CONFLICT LIST $$$$$$$$: []
INFO:R0: --------------------------
INFO:R0@tkref=5.3455: Time to solve stand alone optimisation problem: 0.270729064941
INFO:R0@tkref=5.3455: N of unsatisfied eq: 3
INFO:R0@tkref=5.3455: N of unsatisfied ieq: 7
INFO:R0@tkref=5.3455: Summary: Optimization terminated successfully. after 6 it.
DEBUG:R0@tkref=5.3455: $$$$$$$$ CONFLICT LIST $$$$$$$$: []
INFO:R0: --------------------------
INFO:R0@tkref=6.1091: Time to solve stand alone optimisation problem: 0.0807349681854
INFO:R0@tkref=6.1091: N of unsatisfied eq: 3
INFO:R0@tkref=6.1091: N of unsatisfied ieq: 6
INFO:R0@tkref=6.1091: Summary: Optimization terminated successfully. after 2 it.
DEBUG:R0@tkref=6.1091: $$$$$$$$ CONFLICT LIST $$$$$$$$: []
INFO:R0: --------------------------
DEBUG:R0: LAST STEP
DEBUG:R0: Approx remaining dist: 0.688627082176
DEBUG:R0: Usual approx plan dist: 1.2
DEBUG:R0: Approx gain in dist: 0.511372917824
DEBUG:R0: Last step min dist: 0.0
INFO:R0: scale 0.573855901813 Ns 7 Nk 3
INFO:R0@tkref=6.8727: Time to solve stand alone optimisation problem: 0.465781927109
INFO:R0@tkref=6.8727: N of unsatisfied eq: 10
INFO:R0@tkref=6.8727: N of unsatisfied ieq: 4
INFO:R0@tkref=6.8727: Summary: Iteration limit exceeded after 21 it.
DEBUG:R0@tkref=6.8727: $$$$$$$$ CONFLICT LIST $$$$$$$$: []
INFO:R0: Finished motion planning
INFO:R0: --------------------------
INFO:R0: TOT: 7.64605650407
INFO:R0: NSE: 10
INFO:R0: FIR: 1.65018105507
INFO:R0: LAS: 0.466840982437
INFO:R0: LMA: 0
INFO:R0: MAX: 0.717632055283
INFO:R0: MIN: 0.0815789699554
INFO:R0: AVG: 0.374326109886
INFO:R0: RMP: 0.951406133897
INFO:R0: RMG: 0.951406133897
