INFO:R0: Init motion planning
INFO:R0@tkref=0.0000: Time to solve stand alone optimisation problem: 1.11523199081
INFO:R0@tkref=0.0000: N of unsatisfied eq: 4
INFO:R0@tkref=0.0000: N of unsatisfied ieq: 6
INFO:R0@tkref=0.0000: Summary: Iteration limit exceeded after 41 it.
DEBUG:R0@tkref=0.0000: $$$$$$$$ CONFLICT LIST $$$$$$$$: []
INFO:R0: --------------------------
INFO:R0@tkref=0.8308: Time to solve stand alone optimisation problem: 0.0351140499115
INFO:R0@tkref=0.8308: N of unsatisfied eq: 3
INFO:R0@tkref=0.8308: N of unsatisfied ieq: 5
INFO:R0@tkref=0.8308: Summary: Optimization terminated successfully. after 1 it.
DEBUG:R0@tkref=0.8308: $$$$$$$$ CONFLICT LIST $$$$$$$$: []
INFO:R0: --------------------------
INFO:R0@tkref=1.6615: Time to solve stand alone optimisation problem: 0.0263159275055
INFO:R0@tkref=1.6615: N of unsatisfied eq: 4
INFO:R0@tkref=1.6615: N of unsatisfied ieq: 8
INFO:R0@tkref=1.6615: Summary: Optimization terminated successfully. after 1 it.
DEBUG:R0@tkref=1.6615: $$$$$$$$ CONFLICT LIST $$$$$$$$: []
INFO:R0: --------------------------
INFO:R0@tkref=2.4923: Time to solve stand alone optimisation problem: 0.0264449119568
INFO:R0@tkref=2.4923: N of unsatisfied eq: 4
INFO:R0@tkref=2.4923: N of unsatisfied ieq: 7
INFO:R0@tkref=2.4923: Summary: Optimization terminated successfully. after 1 it.
DEBUG:R0@tkref=2.4923: $$$$$$$$ CONFLICT LIST $$$$$$$$: []
INFO:R0: --------------------------
INFO:R0@tkref=3.3231: Time to solve stand alone optimisation problem: 0.0268590450287
INFO:R0@tkref=3.3231: N of unsatisfied eq: 5
INFO:R0@tkref=3.3231: N of unsatisfied ieq: 8
INFO:R0@tkref=3.3231: Summary: Optimization terminated successfully. after 1 it.
DEBUG:R0@tkref=3.3231: $$$$$$$$ CONFLICT LIST $$$$$$$$: []
INFO:R0: --------------------------
INFO:R0@tkref=4.1538: Time to solve stand alone optimisation problem: 0.0263221263885
INFO:R0@tkref=4.1538: N of unsatisfied eq: 4
INFO:R0@tkref=4.1538: N of unsatisfied ieq: 8
INFO:R0@tkref=4.1538: Summary: Optimization terminated successfully. after 1 it.
DEBUG:R0@tkref=4.1538: $$$$$$$$ CONFLICT LIST $$$$$$$$: []
INFO:R0: --------------------------
INFO:R0@tkref=4.9846: Time to solve stand alone optimisation problem: 0.026417016983
INFO:R0@tkref=4.9846: N of unsatisfied eq: 4
INFO:R0@tkref=4.9846: N of unsatisfied ieq: 8
INFO:R0@tkref=4.9846: Summary: Optimization terminated successfully. after 1 it.
DEBUG:R0@tkref=4.9846: $$$$$$$$ CONFLICT LIST $$$$$$$$: []
INFO:R0: --------------------------
INFO:R0@tkref=5.8154: Time to solve stand alone optimisation problem: 0.0263941287994
INFO:R0@tkref=5.8154: N of unsatisfied eq: 4
INFO:R0@tkref=5.8154: N of unsatisfied ieq: 8
INFO:R0@tkref=5.8154: Summary: Optimization terminated successfully. after 1 it.
DEBUG:R0@tkref=5.8154: $$$$$$$$ CONFLICT LIST $$$$$$$$: []
INFO:R0: --------------------------
DEBUG:R0: LAST STEP
DEBUG:R0: Approx remaining dist: 0.431237001688
DEBUG:R0: Usual approx plan dist: 1.2
DEBUG:R0: Approx gain in dist: 0.768762998312
DEBUG:R0: Last step min dist: 0.0
INFO:R0: scale 0.359364168073 Ns 7 Nk 3
INFO:R0@tkref=6.6462: Time to solve stand alone optimisation problem: 0.30600810051
INFO:R0@tkref=6.6462: N of unsatisfied eq: 10
INFO:R0@tkref=6.6462: N of unsatisfied ieq: 4
INFO:R0@tkref=6.6462: Summary: Iteration limit exceeded after 21 it.
DEBUG:R0@tkref=6.6462: $$$$$$$$ CONFLICT LIST $$$$$$$$: []
INFO:R0: Finished motion planning
INFO:R0: --------------------------
INFO:R0: TOT: 7.1304166665
INFO:R0: NSE: 9
INFO:R0: FIR: 1.11773395538
INFO:R0: LAS: 0.306777954102
INFO:R0: LMA: 1
INFO:R0: MAX: 0.036031961441
INFO:R0: MIN: 0.0270190238953
INFO:R0: AVG: 0.0284941877638
INFO:R0: RMP: 0.0420372883479
INFO:R0: RMG: 0.357907613118
