INFO:R0: Init motion planning
INFO:R0@tkref=0.0000: Time to solve stand alone optimisation problem: 2.01608490944
INFO:R0@tkref=0.0000: N of unsatisfied eq: 3
INFO:R0@tkref=0.0000: N of unsatisfied ieq: 3
INFO:R0@tkref=0.0000: Summary: Iteration limit exceeded after 41 it.
DEBUG:R0@tkref=0.0000: $$$$$$$$ CONFLICT LIST $$$$$$$$: []
INFO:R0: --------------------------
INFO:R0@tkref=0.6154: Time to solve stand alone optimisation problem: 0.423334121704
INFO:R0@tkref=0.6154: N of unsatisfied eq: 3
INFO:R0@tkref=0.6154: N of unsatisfied ieq: 7
INFO:R0@tkref=0.6154: Summary: Optimization terminated successfully. after 9 it.
DEBUG:R0@tkref=0.6154: $$$$$$$$ CONFLICT LIST $$$$$$$$: []
INFO:R0: --------------------------
INFO:R0@tkref=1.2308: Time to solve stand alone optimisation problem: 0.439715862274
INFO:R0@tkref=1.2308: N of unsatisfied eq: 3
INFO:R0@tkref=1.2308: N of unsatisfied ieq: 6
INFO:R0@tkref=1.2308: Summary: Optimization terminated successfully. after 7 it.
DEBUG:R0@tkref=1.2308: $$$$$$$$ CONFLICT LIST $$$$$$$$: []
INFO:R0: --------------------------
INFO:R0@tkref=1.8462: Time to solve stand alone optimisation problem: 0.829215049744
INFO:R0@tkref=1.8462: N of unsatisfied eq: 3
INFO:R0@tkref=1.8462: N of unsatisfied ieq: 8
INFO:R0@tkref=1.8462: Summary: Optimization terminated successfully. after 13 it.
DEBUG:R0@tkref=1.8462: $$$$$$$$ CONFLICT LIST $$$$$$$$: []
INFO:R0: --------------------------
INFO:R0@tkref=2.4615: Time to solve stand alone optimisation problem: 0.55526304245
INFO:R0@tkref=2.4615: N of unsatisfied eq: 3
INFO:R0@tkref=2.4615: N of unsatisfied ieq: 7
INFO:R0@tkref=2.4615: Summary: Optimization terminated successfully. after 8 it.
DEBUG:R0@tkref=2.4615: $$$$$$$$ CONFLICT LIST $$$$$$$$: []
INFO:R0: --------------------------
INFO:R0@tkref=3.0769: Time to solve stand alone optimisation problem: 0.453518867493
INFO:R0@tkref=3.0769: N of unsatisfied eq: 2
INFO:R0@tkref=3.0769: N of unsatisfied ieq: 8
INFO:R0@tkref=3.0769: Summary: Optimization terminated successfully. after 6 it.
DEBUG:R0@tkref=3.0769: $$$$$$$$ CONFLICT LIST $$$$$$$$: []
INFO:R0: --------------------------
INFO:R0@tkref=3.6923: Time to solve stand alone optimisation problem: 0.417005062103
INFO:R0@tkref=3.6923: N of unsatisfied eq: 3
INFO:R0@tkref=3.6923: N of unsatisfied ieq: 6
INFO:R0@tkref=3.6923: Summary: Optimization terminated successfully. after 6 it.
DEBUG:R0@tkref=3.6923: $$$$$$$$ CONFLICT LIST $$$$$$$$: []
INFO:R0: --------------------------
INFO:R0@tkref=4.3077: Time to solve stand alone optimisation problem: 0.854187965393
INFO:R0@tkref=4.3077: N of unsatisfied eq: 3
INFO:R0@tkref=4.3077: N of unsatisfied ieq: 8
INFO:R0@tkref=4.3077: Summary: Optimization terminated successfully. after 12 it.
DEBUG:R0@tkref=4.3077: $$$$$$$$ CONFLICT LIST $$$$$$$$: []
INFO:R0: --------------------------
INFO:R0@tkref=4.9231: Time to solve stand alone optimisation problem: 0.941759824753
INFO:R0@tkref=4.9231: N of unsatisfied eq: 3
INFO:R0@tkref=4.9231: N of unsatisfied ieq: 7
INFO:R0@tkref=4.9231: Summary: Iteration limit exceeded after 16 it.
DEBUG:R0@tkref=4.9231: $$$$$$$$ CONFLICT LIST $$$$$$$$: []
INFO:R0: --------------------------
INFO:R0@tkref=5.5385: Time to solve stand alone optimisation problem: 0.276347875595
INFO:R0@tkref=5.5385: N of unsatisfied eq: 2
INFO:R0@tkref=5.5385: N of unsatisfied ieq: 8
INFO:R0@tkref=5.5385: Summary: Optimization terminated successfully. after 5 it.
DEBUG:R0@tkref=5.5385: $$$$$$$$ CONFLICT LIST $$$$$$$$: []
INFO:R0: --------------------------
INFO:R0@tkref=6.1538: Time to solve stand alone optimisation problem: 0.097461938858
INFO:R0@tkref=6.1538: N of unsatisfied eq: 3
INFO:R0@tkref=6.1538: N of unsatisfied ieq: 6
INFO:R0@tkref=6.1538: Summary: Optimization terminated successfully. after 2 it.
DEBUG:R0@tkref=6.1538: $$$$$$$$ CONFLICT LIST $$$$$$$$: []
INFO:R0: --------------------------
INFO:R0@tkref=6.7692: Time to solve stand alone optimisation problem: 0.0511908531189
INFO:R0@tkref=6.7692: N of unsatisfied eq: 3
INFO:R0@tkref=6.7692: N of unsatisfied ieq: 8
INFO:R0@tkref=6.7692: Summary: Optimization terminated successfully. after 1 it.
DEBUG:R0@tkref=6.7692: $$$$$$$$ CONFLICT LIST $$$$$$$$: []
INFO:R0: --------------------------
DEBUG:R0: LAST STEP
DEBUG:R0: Approx remaining dist: 0.219398516922
DEBUG:R0: Usual approx plan dist: 1.6
DEBUG:R0: Approx gain in dist: 1.38060148308
DEBUG:R0: Last step min dist: 0.0
INFO:R0: scale 0.137124073077 Ns 7 Nk 3
INFO:R0@tkref=7.3846: Time to solve stand alone optimisation problem: 0.402257919312
INFO:R0@tkref=7.3846: N of unsatisfied eq: 10
INFO:R0@tkref=7.3846: N of unsatisfied ieq: 4
INFO:R0@tkref=7.3846: Summary: Iteration limit exceeded after 21 it.
DEBUG:R0@tkref=7.3846: $$$$$$$$ CONFLICT LIST $$$$$$$$: []
INFO:R0: Finished motion planning
INFO:R0: --------------------------
INFO:R0: TOT: 7.63098361078
INFO:R0: NSE: 13
INFO:R0: FIR: 2.01749205589
INFO:R0: LAS: 0.403092861176
INFO:R0: LMA: 0
INFO:R0: MAX: 0.942604064941
INFO:R0: MIN: 0.0519740581512
INFO:R0: AVG: 0.486292470585
INFO:R0: RMP: 1.55033563313
INFO:R0: RMG: 1.55033563313
