INFO:R0: Init motion planning
INFO:R0@tkref=0.0000: Time to solve stand alone optimisation problem: 0.913339853287
INFO:R0@tkref=0.0000: N of unsatisfied eq: 4
INFO:R0@tkref=0.0000: N of unsatisfied ieq: 4
INFO:R0@tkref=0.0000: Summary: Iteration limit exceeded after 41 it.
DEBUG:R0@tkref=0.0000: $$$$$$$$ CONFLICT LIST $$$$$$$$: []
INFO:R0: --------------------------
INFO:R0@tkref=1.1429: Time to solve stand alone optimisation problem: 0.0277400016785
INFO:R0@tkref=1.1429: N of unsatisfied eq: 3
INFO:R0@tkref=1.1429: N of unsatisfied ieq: 3
INFO:R0@tkref=1.1429: Summary: Optimization terminated successfully. after 1 it.
DEBUG:R0@tkref=1.1429: $$$$$$$$ CONFLICT LIST $$$$$$$$: []
INFO:R0: --------------------------
INFO:R0@tkref=2.2857: Time to solve stand alone optimisation problem: 0.404946088791
INFO:R0@tkref=2.2857: N of unsatisfied eq: 2
INFO:R0@tkref=2.2857: N of unsatisfied ieq: 5
INFO:R0@tkref=2.2857: Summary: Optimization terminated successfully. after 14 it.
DEBUG:R0@tkref=2.2857: $$$$$$$$ CONFLICT LIST $$$$$$$$: []
INFO:R0: --------------------------
INFO:R0@tkref=3.4286: Time to solve stand alone optimisation problem: 0.20464515686
INFO:R0@tkref=3.4286: N of unsatisfied eq: 3
INFO:R0@tkref=3.4286: N of unsatisfied ieq: 5
INFO:R0@tkref=3.4286: Summary: Optimization terminated successfully. after 7 it.
DEBUG:R0@tkref=3.4286: $$$$$$$$ CONFLICT LIST $$$$$$$$: []
INFO:R0: --------------------------
INFO:R0@tkref=4.5714: Time to solve stand alone optimisation problem: 0.483435153961
INFO:R0@tkref=4.5714: N of unsatisfied eq: 3
INFO:R0@tkref=4.5714: N of unsatisfied ieq: 6
INFO:R0@tkref=4.5714: Summary: Iteration limit exceeded after 16 it.
DEBUG:R0@tkref=4.5714: $$$$$$$$ CONFLICT LIST $$$$$$$$: []
INFO:R0: --------------------------
INFO:R0@tkref=5.7143: Time to solve stand alone optimisation problem: 0.17830991745
INFO:R0@tkref=5.7143: N of unsatisfied eq: 3
INFO:R0@tkref=5.7143: N of unsatisfied ieq: 5
INFO:R0@tkref=5.7143: Summary: Optimization terminated successfully. after 6 it.
DEBUG:R0@tkref=5.7143: $$$$$$$$ CONFLICT LIST $$$$$$$$: []
INFO:R0: --------------------------
INFO:R0@tkref=6.8571: Time to solve stand alone optimisation problem: 0.0353260040283
INFO:R0@tkref=6.8571: N of unsatisfied eq: 3
INFO:R0@tkref=6.8571: N of unsatisfied ieq: 5
INFO:R0@tkref=6.8571: Summary: Optimization terminated successfully. after 1 it.
DEBUG:R0@tkref=6.8571: $$$$$$$$ CONFLICT LIST $$$$$$$$: []
INFO:R0: --------------------------
DEBUG:R0: LAST STEP
DEBUG:R0: Approx remaining dist: 0.267364162938
DEBUG:R0: Usual approx plan dist: 1.6
DEBUG:R0: Approx gain in dist: 1.33263583706
DEBUG:R0: Last step min dist: 0.0
INFO:R0: scale 0.167102601836 Ns 7 Nk 3
INFO:R0@tkref=8.0000: Time to solve stand alone optimisation problem: 0.380304098129
INFO:R0@tkref=8.0000: N of unsatisfied eq: 10
INFO:R0@tkref=8.0000: N of unsatisfied ieq: 1
INFO:R0@tkref=8.0000: Summary: Iteration limit exceeded after 21 it.
DEBUG:R0@tkref=8.0000: $$$$$$$$ CONFLICT LIST $$$$$$$$: []
INFO:R0: Finished motion planning
INFO:R0: --------------------------
INFO:R0: TOT: 8.32940075806
INFO:R0: NSE: 8
INFO:R0: FIR: 0.915420055389
INFO:R0: LAS: 0.381143093109
INFO:R0: LMA: 0
INFO:R0: MAX: 0.484246015549
INFO:R0: MIN: 0.0285439491272
INFO:R0: AVG: 0.223315358162
INFO:R0: RMP: 0.408991567186
INFO:R0: RMG: 0.408991567186
