INFO:R0: Init motion planning
INFO:R0@tkref=0.0000: Time to solve stand alone optimisation problem: 0.916262865067
INFO:R0@tkref=0.0000: N of unsatisfied eq: 4
INFO:R0@tkref=0.0000: N of unsatisfied ieq: 9
INFO:R0@tkref=0.0000: Summary: Iteration limit exceeded after 41 it.
DEBUG:R0@tkref=0.0000: $$$$$$$$ CONFLICT LIST $$$$$$$$: []
INFO:R0: --------------------------
INFO:R0@tkref=0.5818: Time to solve stand alone optimisation problem: 0.091068983078
INFO:R0@tkref=0.5818: N of unsatisfied eq: 3
INFO:R0@tkref=0.5818: N of unsatisfied ieq: 5
INFO:R0@tkref=0.5818: Summary: Optimization terminated successfully. after 4 it.
DEBUG:R0@tkref=0.5818: $$$$$$$$ CONFLICT LIST $$$$$$$$: []
INFO:R0: --------------------------
INFO:R0@tkref=1.1636: Time to solve stand alone optimisation problem: 0.0230028629303
INFO:R0@tkref=1.1636: N of unsatisfied eq: 3
INFO:R0@tkref=1.1636: N of unsatisfied ieq: 8
INFO:R0@tkref=1.1636: Summary: Optimization terminated successfully. after 1 it.
DEBUG:R0@tkref=1.1636: $$$$$$$$ CONFLICT LIST $$$$$$$$: []
INFO:R0: --------------------------
INFO:R0@tkref=1.7455: Time to solve stand alone optimisation problem: 0.0906190872192
INFO:R0@tkref=1.7455: N of unsatisfied eq: 3
INFO:R0@tkref=1.7455: N of unsatisfied ieq: 8
INFO:R0@tkref=1.7455: Summary: Optimization terminated successfully. after 4 it.
DEBUG:R0@tkref=1.7455: $$$$$$$$ CONFLICT LIST $$$$$$$$: []
INFO:R0: --------------------------
INFO:R0@tkref=2.3273: Time to solve stand alone optimisation problem: 0.023020029068
INFO:R0@tkref=2.3273: N of unsatisfied eq: 3
INFO:R0@tkref=2.3273: N of unsatisfied ieq: 9
INFO:R0@tkref=2.3273: Summary: Optimization terminated successfully. after 1 it.
DEBUG:R0@tkref=2.3273: $$$$$$$$ CONFLICT LIST $$$$$$$$: []
INFO:R0: --------------------------
INFO:R0@tkref=2.9091: Time to solve stand alone optimisation problem: 0.0697770118713
INFO:R0@tkref=2.9091: N of unsatisfied eq: 4
INFO:R0@tkref=2.9091: N of unsatisfied ieq: 7
INFO:R0@tkref=2.9091: Summary: Optimization terminated successfully. after 3 it.
DEBUG:R0@tkref=2.9091: $$$$$$$$ CONFLICT LIST $$$$$$$$: []
INFO:R0: --------------------------
INFO:R0@tkref=3.4909: Time to solve stand alone optimisation problem: 0.0238778591156
INFO:R0@tkref=3.4909: N of unsatisfied eq: 3
INFO:R0@tkref=3.4909: N of unsatisfied ieq: 10
INFO:R0@tkref=3.4909: Summary: Optimization terminated successfully. after 1 it.
DEBUG:R0@tkref=3.4909: $$$$$$$$ CONFLICT LIST $$$$$$$$: []
INFO:R0: --------------------------
INFO:R0@tkref=4.0727: Time to solve stand alone optimisation problem: 0.0217452049255
INFO:R0@tkref=4.0727: N of unsatisfied eq: 4
INFO:R0@tkref=4.0727: N of unsatisfied ieq: 4
INFO:R0@tkref=4.0727: Summary: Optimization terminated successfully. after 1 it.
DEBUG:R0@tkref=4.0727: $$$$$$$$ CONFLICT LIST $$$$$$$$: []
INFO:R0: --------------------------
INFO:R0@tkref=4.6545: Time to solve stand alone optimisation problem: 0.0226378440857
INFO:R0@tkref=4.6545: N of unsatisfied eq: 4
INFO:R0@tkref=4.6545: N of unsatisfied ieq: 5
INFO:R0@tkref=4.6545: Summary: Optimization terminated successfully. after 1 it.
DEBUG:R0@tkref=4.6545: $$$$$$$$ CONFLICT LIST $$$$$$$$: []
INFO:R0: --------------------------
INFO:R0@tkref=5.2364: Time to solve stand alone optimisation problem: 0.0230281352997
INFO:R0@tkref=5.2364: N of unsatisfied eq: 4
INFO:R0@tkref=5.2364: N of unsatisfied ieq: 5
INFO:R0@tkref=5.2364: Summary: Optimization terminated successfully. after 1 it.
DEBUG:R0@tkref=5.2364: $$$$$$$$ CONFLICT LIST $$$$$$$$: []
INFO:R0: --------------------------
INFO:R0@tkref=5.8182: Time to solve stand alone optimisation problem: 0.022253036499
INFO:R0@tkref=5.8182: N of unsatisfied eq: 2
INFO:R0@tkref=5.8182: N of unsatisfied ieq: 5
INFO:R0@tkref=5.8182: Summary: Optimization terminated successfully. after 1 it.
DEBUG:R0@tkref=5.8182: $$$$$$$$ CONFLICT LIST $$$$$$$$: []
INFO:R0: --------------------------
INFO:R0@tkref=6.4000: Time to solve stand alone optimisation problem: 0.0218870639801
INFO:R0@tkref=6.4000: N of unsatisfied eq: 4
INFO:R0@tkref=6.4000: N of unsatisfied ieq: 7
INFO:R0@tkref=6.4000: Summary: Optimization terminated successfully. after 1 it.
DEBUG:R0@tkref=6.4000: $$$$$$$$ CONFLICT LIST $$$$$$$$: []
INFO:R0: --------------------------
DEBUG:R0: LAST STEP
DEBUG:R0: Approx remaining dist: 0.15195457071
DEBUG:R0: Usual approx plan dist: 1.6
DEBUG:R0: Approx gain in dist: 1.44804542929
DEBUG:R0: Last step min dist: 0.0
INFO:R0: scale 0.0949716066939 Ns 7 Nk 3
INFO:R0@tkref=6.9818: Time to solve stand alone optimisation problem: 0.310409069061
INFO:R0@tkref=6.9818: N of unsatisfied eq: 10
INFO:R0@tkref=6.9818: N of unsatisfied ieq: 4
INFO:R0@tkref=6.9818: Summary: Iteration limit exceeded after 21 it.
DEBUG:R0@tkref=6.9818: $$$$$$$$ CONFLICT LIST $$$$$$$$: []
INFO:R0: Finished motion planning
INFO:R0: --------------------------
INFO:R0: TOT: 7.15245153121
INFO:R0: NSE: 13
INFO:R0: FIR: 0.917669057846
INFO:R0: LAS: 0.311199188232
INFO:R0: LMA: 1
INFO:R0: MAX: 0.0918171405792
INFO:R0: MIN: 0.0224609375
INFO:R0: AVG: 0.040116331794
INFO:R0: RMP: 0.179330352694
INFO:R0: RMG: 0.607810914516
