INFO:R0: Init motion planning
INFO:R0@tkref=0.0000: Time to solve stand alone optimisation problem: 0.861499071121
INFO:R0@tkref=0.0000: N of unsatisfied eq: 5
INFO:R0@tkref=0.0000: N of unsatisfied ieq: 6
INFO:R0@tkref=0.0000: Summary: Iteration limit exceeded after 41 it.
DEBUG:R0@tkref=0.0000: $$$$$$$$ CONFLICT LIST $$$$$$$$: []
INFO:R0: --------------------------
INFO:R0@tkref=0.1600: Time to solve stand alone optimisation problem: 0.021054983139
INFO:R0@tkref=0.1600: N of unsatisfied eq: 3
INFO:R0@tkref=0.1600: N of unsatisfied ieq: 5
INFO:R0@tkref=0.1600: Summary: Optimization terminated successfully. after 1 it.
DEBUG:R0@tkref=0.1600: $$$$$$$$ CONFLICT LIST $$$$$$$$: []
INFO:R0: --------------------------
INFO:R0@tkref=0.3200: Time to solve stand alone optimisation problem: 0.0220189094543
INFO:R0@tkref=0.3200: N of unsatisfied eq: 3
INFO:R0@tkref=0.3200: N of unsatisfied ieq: 5
INFO:R0@tkref=0.3200: Summary: Optimization terminated successfully. after 1 it.
DEBUG:R0@tkref=0.3200: $$$$$$$$ CONFLICT LIST $$$$$$$$: []
INFO:R0: --------------------------
INFO:R0@tkref=0.4800: Time to solve stand alone optimisation problem: 0.0210649967194
INFO:R0@tkref=0.4800: N of unsatisfied eq: 3
INFO:R0@tkref=0.4800: N of unsatisfied ieq: 5
INFO:R0@tkref=0.4800: Summary: Optimization terminated successfully. after 1 it.
DEBUG:R0@tkref=0.4800: $$$$$$$$ CONFLICT LIST $$$$$$$$: []
INFO:R0: --------------------------
INFO:R0@tkref=0.6400: Time to solve stand alone optimisation problem: 0.0219650268555
INFO:R0@tkref=0.6400: N of unsatisfied eq: 3
INFO:R0@tkref=0.6400: N of unsatisfied ieq: 8
INFO:R0@tkref=0.6400: Summary: Optimization terminated successfully. after 1 it.
DEBUG:R0@tkref=0.6400: $$$$$$$$ CONFLICT LIST $$$$$$$$: []
INFO:R0: --------------------------
INFO:R0@tkref=0.8000: Time to solve stand alone optimisation problem: 0.0420551300049
INFO:R0@tkref=0.8000: N of unsatisfied eq: 3
INFO:R0@tkref=0.8000: N of unsatisfied ieq: 4
INFO:R0@tkref=0.8000: Summary: Optimization terminated successfully. after 2 it.
DEBUG:R0@tkref=0.8000: $$$$$$$$ CONFLICT LIST $$$$$$$$: []
INFO:R0: --------------------------
INFO:R0@tkref=0.9600: Time to solve stand alone optimisation problem: 0.0203990936279
INFO:R0@tkref=0.9600: N of unsatisfied eq: 5
INFO:R0@tkref=0.9600: N of unsatisfied ieq: 8
INFO:R0@tkref=0.9600: Summary: Optimization terminated successfully. after 1 it.
DEBUG:R0@tkref=0.9600: $$$$$$$$ CONFLICT LIST $$$$$$$$: []
INFO:R0: --------------------------
INFO:R0@tkref=1.1200: Time to solve stand alone optimisation problem: 0.0199160575867
INFO:R0@tkref=1.1200: N of unsatisfied eq: 3
INFO:R0@tkref=1.1200: N of unsatisfied ieq: 7
INFO:R0@tkref=1.1200: Summary: Optimization terminated successfully. after 1 it.
DEBUG:R0@tkref=1.1200: $$$$$$$$ CONFLICT LIST $$$$$$$$: []
INFO:R0: --------------------------
INFO:R0@tkref=1.2800: Time to solve stand alone optimisation problem: 0.0211420059204
INFO:R0@tkref=1.2800: N of unsatisfied eq: 4
INFO:R0@tkref=1.2800: N of unsatisfied ieq: 7
INFO:R0@tkref=1.2800: Summary: Optimization terminated successfully. after 1 it.
DEBUG:R0@tkref=1.2800: $$$$$$$$ CONFLICT LIST $$$$$$$$: []
INFO:R0: --------------------------
INFO:R0@tkref=1.4400: Time to solve stand alone optimisation problem: 0.0204060077667
INFO:R0@tkref=1.4400: N of unsatisfied eq: 3
INFO:R0@tkref=1.4400: N of unsatisfied ieq: 6
INFO:R0@tkref=1.4400: Summary: Optimization terminated successfully. after 1 it.
DEBUG:R0@tkref=1.4400: $$$$$$$$ CONFLICT LIST $$$$$$$$: []
INFO:R0: --------------------------
INFO:R0@tkref=1.6000: Time to solve stand alone optimisation problem: 0.0208609104156
INFO:R0@tkref=1.6000: N of unsatisfied eq: 2
INFO:R0@tkref=1.6000: N of unsatisfied ieq: 7
INFO:R0@tkref=1.6000: Summary: Optimization terminated successfully. after 1 it.
DEBUG:R0@tkref=1.6000: $$$$$$$$ CONFLICT LIST $$$$$$$$: []
INFO:R0: --------------------------
INFO:R0@tkref=1.7600: Time to solve stand alone optimisation problem: 0.0200321674347
INFO:R0@tkref=1.7600: N of unsatisfied eq: 3
INFO:R0@tkref=1.7600: N of unsatisfied ieq: 6
INFO:R0@tkref=1.7600: Summary: Optimization terminated successfully. after 1 it.
DEBUG:R0@tkref=1.7600: $$$$$$$$ CONFLICT LIST $$$$$$$$: []
INFO:R0: --------------------------
INFO:R0@tkref=1.9200: Time to solve stand alone optimisation problem: 0.0223920345306
INFO:R0@tkref=1.9200: N of unsatisfied eq: 4
INFO:R0@tkref=1.9200: N of unsatisfied ieq: 6
INFO:R0@tkref=1.9200: Summary: Optimization terminated successfully. after 1 it.
DEBUG:R0@tkref=1.9200: $$$$$$$$ CONFLICT LIST $$$$$$$$: []
INFO:R0: --------------------------
INFO:R0@tkref=2.0800: Time to solve stand alone optimisation problem: 0.0199239253998
INFO:R0@tkref=2.0800: N of unsatisfied eq: 4
INFO:R0@tkref=2.0800: N of unsatisfied ieq: 4
INFO:R0@tkref=2.0800: Summary: Optimization terminated successfully. after 1 it.
DEBUG:R0@tkref=2.0800: $$$$$$$$ CONFLICT LIST $$$$$$$$: []
INFO:R0: --------------------------
INFO:R0@tkref=2.2400: Time to solve stand alone optimisation problem: 0.0216081142426
INFO:R0@tkref=2.2400: N of unsatisfied eq: 4
INFO:R0@tkref=2.2400: N of unsatisfied ieq: 5
INFO:R0@tkref=2.2400: Summary: Optimization terminated successfully. after 1 it.
DEBUG:R0@tkref=2.2400: $$$$$$$$ CONFLICT LIST $$$$$$$$: []
INFO:R0: --------------------------
INFO:R0@tkref=2.4000: Time to solve stand alone optimisation problem: 0.0205268859863
INFO:R0@tkref=2.4000: N of unsatisfied eq: 3
INFO:R0@tkref=2.4000: N of unsatisfied ieq: 5
INFO:R0@tkref=2.4000: Summary: Optimization terminated successfully. after 1 it.
DEBUG:R0@tkref=2.4000: $$$$$$$$ CONFLICT LIST $$$$$$$$: []
INFO:R0: --------------------------
INFO:R0@tkref=2.5600: Time to solve stand alone optimisation problem: 0.021008014679
INFO:R0@tkref=2.5600: N of unsatisfied eq: 5
INFO:R0@tkref=2.5600: N of unsatisfied ieq: 5
INFO:R0@tkref=2.5600: Summary: Optimization terminated successfully. after 1 it.
DEBUG:R0@tkref=2.5600: $$$$$$$$ CONFLICT LIST $$$$$$$$: []
INFO:R0: --------------------------
INFO:R0@tkref=2.7200: Time to solve stand alone optimisation problem: 0.0198609828949
INFO:R0@tkref=2.7200: N of unsatisfied eq: 5
INFO:R0@tkref=2.7200: N of unsatisfied ieq: 5
INFO:R0@tkref=2.7200: Summary: Optimization terminated successfully. after 1 it.
DEBUG:R0@tkref=2.7200: $$$$$$$$ CONFLICT LIST $$$$$$$$: []
INFO:R0: --------------------------
INFO:R0@tkref=2.8800: Time to solve stand alone optimisation problem: 0.0204110145569
INFO:R0@tkref=2.8800: N of unsatisfied eq: 4
INFO:R0@tkref=2.8800: N of unsatisfied ieq: 5
INFO:R0@tkref=2.8800: Summary: Optimization terminated successfully. after 1 it.
DEBUG:R0@tkref=2.8800: $$$$$$$$ CONFLICT LIST $$$$$$$$: []
INFO:R0: --------------------------
INFO:R0@tkref=3.0400: Time to solve stand alone optimisation problem: 0.0237619876862
INFO:R0@tkref=3.0400: N of unsatisfied eq: 4
INFO:R0@tkref=3.0400: N of unsatisfied ieq: 6
INFO:R0@tkref=3.0400: Summary: Optimization terminated successfully. after 1 it.
DEBUG:R0@tkref=3.0400: $$$$$$$$ CONFLICT LIST $$$$$$$$: []
INFO:R0: --------------------------
INFO:R0@tkref=3.2000: Time to solve stand alone optimisation problem: 0.0200531482697
INFO:R0@tkref=3.2000: N of unsatisfied eq: 4
INFO:R0@tkref=3.2000: N of unsatisfied ieq: 6
INFO:R0@tkref=3.2000: Summary: Optimization terminated successfully. after 1 it.
DEBUG:R0@tkref=3.2000: $$$$$$$$ CONFLICT LIST $$$$$$$$: []
INFO:R0: --------------------------
INFO:R0@tkref=3.3600: Time to solve stand alone optimisation problem: 0.0206210613251
INFO:R0@tkref=3.3600: N of unsatisfied eq: 4
INFO:R0@tkref=3.3600: N of unsatisfied ieq: 5
INFO:R0@tkref=3.3600: Summary: Optimization terminated successfully. after 1 it.
DEBUG:R0@tkref=3.3600: $$$$$$$$ CONFLICT LIST $$$$$$$$: []
INFO:R0: --------------------------
INFO:R0@tkref=3.5200: Time to solve stand alone optimisation problem: 0.0199809074402
INFO:R0@tkref=3.5200: N of unsatisfied eq: 4
INFO:R0@tkref=3.5200: N of unsatisfied ieq: 5
INFO:R0@tkref=3.5200: Summary: Optimization terminated successfully. after 1 it.
DEBUG:R0@tkref=3.5200: $$$$$$$$ CONFLICT LIST $$$$$$$$: []
INFO:R0: --------------------------
INFO:R0@tkref=3.6800: Time to solve stand alone optimisation problem: 0.0214791297913
INFO:R0@tkref=3.6800: N of unsatisfied eq: 4
INFO:R0@tkref=3.6800: N of unsatisfied ieq: 7
INFO:R0@tkref=3.6800: Summary: Optimization terminated successfully. after 1 it.
DEBUG:R0@tkref=3.6800: $$$$$$$$ CONFLICT LIST $$$$$$$$: []
INFO:R0: --------------------------
INFO:R0@tkref=3.8400: Time to solve stand alone optimisation problem: 0.0198891162872
INFO:R0@tkref=3.8400: N of unsatisfied eq: 3
INFO:R0@tkref=3.8400: N of unsatisfied ieq: 6
INFO:R0@tkref=3.8400: Summary: Optimization terminated successfully. after 1 it.
DEBUG:R0@tkref=3.8400: $$$$$$$$ CONFLICT LIST $$$$$$$$: []
INFO:R0: --------------------------
INFO:R0@tkref=4.0000: Time to solve stand alone optimisation problem: 0.0206861495972
INFO:R0@tkref=4.0000: N of unsatisfied eq: 4
INFO:R0@tkref=4.0000: N of unsatisfied ieq: 5
INFO:R0@tkref=4.0000: Summary: Optimization terminated successfully. after 1 it.
DEBUG:R0@tkref=4.0000: $$$$$$$$ CONFLICT LIST $$$$$$$$: []
INFO:R0: --------------------------
INFO:R0@tkref=4.1600: Time to solve stand alone optimisation problem: 0.0198240280151
INFO:R0@tkref=4.1600: N of unsatisfied eq: 3
INFO:R0@tkref=4.1600: N of unsatisfied ieq: 8
INFO:R0@tkref=4.1600: Summary: Optimization terminated successfully. after 1 it.
DEBUG:R0@tkref=4.1600: $$$$$$$$ CONFLICT LIST $$$$$$$$: []
INFO:R0: --------------------------
INFO:R0@tkref=4.3200: Time to solve stand alone optimisation problem: 0.020761013031
INFO:R0@tkref=4.3200: N of unsatisfied eq: 4
INFO:R0@tkref=4.3200: N of unsatisfied ieq: 4
INFO:R0@tkref=4.3200: Summary: Optimization terminated successfully. after 1 it.
DEBUG:R0@tkref=4.3200: $$$$$$$$ CONFLICT LIST $$$$$$$$: []
INFO:R0: --------------------------
INFO:R0@tkref=4.4800: Time to solve stand alone optimisation problem: 0.020770072937
INFO:R0@tkref=4.4800: N of unsatisfied eq: 3
INFO:R0@tkref=4.4800: N of unsatisfied ieq: 5
INFO:R0@tkref=4.4800: Summary: Optimization terminated successfully. after 1 it.
DEBUG:R0@tkref=4.4800: $$$$$$$$ CONFLICT LIST $$$$$$$$: []
INFO:R0: --------------------------
INFO:R0@tkref=4.6400: Time to solve stand alone optimisation problem: 0.0199439525604
INFO:R0@tkref=4.6400: N of unsatisfied eq: 4
INFO:R0@tkref=4.6400: N of unsatisfied ieq: 5
INFO:R0@tkref=4.6400: Summary: Optimization terminated successfully. after 1 it.
DEBUG:R0@tkref=4.6400: $$$$$$$$ CONFLICT LIST $$$$$$$$: []
INFO:R0: --------------------------
INFO:R0@tkref=4.8000: Time to solve stand alone optimisation problem: 0.0250279903412
INFO:R0@tkref=4.8000: N of unsatisfied eq: 4
INFO:R0@tkref=4.8000: N of unsatisfied ieq: 6
INFO:R0@tkref=4.8000: Summary: Optimization terminated successfully. after 1 it.
DEBUG:R0@tkref=4.8000: $$$$$$$$ CONFLICT LIST $$$$$$$$: []
INFO:R0: --------------------------
INFO:R0@tkref=4.9600: Time to solve stand alone optimisation problem: 0.020416021347
INFO:R0@tkref=4.9600: N of unsatisfied eq: 5
INFO:R0@tkref=4.9600: N of unsatisfied ieq: 6
INFO:R0@tkref=4.9600: Summary: Optimization terminated successfully. after 1 it.
DEBUG:R0@tkref=4.9600: $$$$$$$$ CONFLICT LIST $$$$$$$$: []
INFO:R0: --------------------------
INFO:R0@tkref=5.1200: Time to solve stand alone optimisation problem: 0.0200850963593
INFO:R0@tkref=5.1200: N of unsatisfied eq: 3
INFO:R0@tkref=5.1200: N of unsatisfied ieq: 7
INFO:R0@tkref=5.1200: Summary: Optimization terminated successfully. after 1 it.
DEBUG:R0@tkref=5.1200: $$$$$$$$ CONFLICT LIST $$$$$$$$: []
INFO:R0: --------------------------
INFO:R0@tkref=5.2800: Time to solve stand alone optimisation problem: 0.0201089382172
INFO:R0@tkref=5.2800: N of unsatisfied eq: 3
INFO:R0@tkref=5.2800: N of unsatisfied ieq: 5
INFO:R0@tkref=5.2800: Summary: Optimization terminated successfully. after 1 it.
DEBUG:R0@tkref=5.2800: $$$$$$$$ CONFLICT LIST $$$$$$$$: []
INFO:R0: --------------------------
INFO:R0@tkref=5.4400: Time to solve stand alone optimisation problem: 0.0200419425964
INFO:R0@tkref=5.4400: N of unsatisfied eq: 4
INFO:R0@tkref=5.4400: N of unsatisfied ieq: 6
INFO:R0@tkref=5.4400: Summary: Optimization terminated successfully. after 1 it.
DEBUG:R0@tkref=5.4400: $$$$$$$$ CONFLICT LIST $$$$$$$$: []
INFO:R0: --------------------------
INFO:R0@tkref=5.6000: Time to solve stand alone optimisation problem: 0.0263760089874
INFO:R0@tkref=5.6000: N of unsatisfied eq: 3
INFO:R0@tkref=5.6000: N of unsatisfied ieq: 4
INFO:R0@tkref=5.6000: Summary: Optimization terminated successfully. after 1 it.
DEBUG:R0@tkref=5.6000: $$$$$$$$ CONFLICT LIST $$$$$$$$: []
INFO:R0: --------------------------
INFO:R0@tkref=5.7600: Time to solve stand alone optimisation problem: 0.0204739570618
INFO:R0@tkref=5.7600: N of unsatisfied eq: 4
INFO:R0@tkref=5.7600: N of unsatisfied ieq: 5
INFO:R0@tkref=5.7600: Summary: Optimization terminated successfully. after 1 it.
DEBUG:R0@tkref=5.7600: $$$$$$$$ CONFLICT LIST $$$$$$$$: []
INFO:R0: --------------------------
INFO:R0@tkref=5.9200: Time to solve stand alone optimisation problem: 0.020092010498
INFO:R0@tkref=5.9200: N of unsatisfied eq: 3
INFO:R0@tkref=5.9200: N of unsatisfied ieq: 6
INFO:R0@tkref=5.9200: Summary: Optimization terminated successfully. after 1 it.
DEBUG:R0@tkref=5.9200: $$$$$$$$ CONFLICT LIST $$$$$$$$: []
INFO:R0: --------------------------
INFO:R0@tkref=6.0800: Time to solve stand alone optimisation problem: 0.0202698707581
INFO:R0@tkref=6.0800: N of unsatisfied eq: 3
INFO:R0@tkref=6.0800: N of unsatisfied ieq: 7
INFO:R0@tkref=6.0800: Summary: Optimization terminated successfully. after 1 it.
DEBUG:R0@tkref=6.0800: $$$$$$$$ CONFLICT LIST $$$$$$$$: []
INFO:R0: --------------------------
INFO:R0@tkref=6.2400: Time to solve stand alone optimisation problem: 0.0201530456543
INFO:R0@tkref=6.2400: N of unsatisfied eq: 4
INFO:R0@tkref=6.2400: N of unsatisfied ieq: 5
INFO:R0@tkref=6.2400: Summary: Optimization terminated successfully. after 1 it.
DEBUG:R0@tkref=6.2400: $$$$$$$$ CONFLICT LIST $$$$$$$$: []
INFO:R0: --------------------------
INFO:R0@tkref=6.4000: Time to solve stand alone optimisation problem: 0.0199339389801
INFO:R0@tkref=6.4000: N of unsatisfied eq: 5
INFO:R0@tkref=6.4000: N of unsatisfied ieq: 7
INFO:R0@tkref=6.4000: Summary: Optimization terminated successfully. after 1 it.
DEBUG:R0@tkref=6.4000: $$$$$$$$ CONFLICT LIST $$$$$$$$: []
INFO:R0: --------------------------
INFO:R0@tkref=6.5600: Time to solve stand alone optimisation problem: 0.019816160202
INFO:R0@tkref=6.5600: N of unsatisfied eq: 5
INFO:R0@tkref=6.5600: N of unsatisfied ieq: 5
INFO:R0@tkref=6.5600: Summary: Optimization terminated successfully. after 1 it.
DEBUG:R0@tkref=6.5600: $$$$$$$$ CONFLICT LIST $$$$$$$$: []
INFO:R0: --------------------------
INFO:R0@tkref=6.7200: Time to solve stand alone optimisation problem: 0.020467042923
INFO:R0@tkref=6.7200: N of unsatisfied eq: 3
INFO:R0@tkref=6.7200: N of unsatisfied ieq: 6
INFO:R0@tkref=6.7200: Summary: Optimization terminated successfully. after 1 it.
DEBUG:R0@tkref=6.7200: $$$$$$$$ CONFLICT LIST $$$$$$$$: []
INFO:R0: --------------------------
INFO:R0@tkref=6.8800: Time to solve stand alone optimisation problem: 0.0197579860687
INFO:R0@tkref=6.8800: N of unsatisfied eq: 3
INFO:R0@tkref=6.8800: N of unsatisfied ieq: 6
INFO:R0@tkref=6.8800: Summary: Optimization terminated successfully. after 1 it.
DEBUG:R0@tkref=6.8800: $$$$$$$$ CONFLICT LIST $$$$$$$$: []
INFO:R0: --------------------------
DEBUG:R0: LAST STEP
DEBUG:R0: Approx remaining dist: 0.0216861282887
DEBUG:R0: Usual approx plan dist: 0.8
DEBUG:R0: Approx gain in dist: 0.778313871711
DEBUG:R0: Last step min dist: 0.0
INFO:R0: scale 0.0271076603609 Ns 7 Nk 3
INFO:R0@tkref=7.0400: Time to solve stand alone optimisation problem: 0.30094909668
INFO:R0@tkref=7.0400: N of unsatisfied eq: 10
INFO:R0@tkref=7.0400: N of unsatisfied ieq: 4
INFO:R0@tkref=7.0400: Summary: Iteration limit exceeded after 21 it.
DEBUG:R0@tkref=7.0400: $$$$$$$$ CONFLICT LIST $$$$$$$$: []
INFO:R0: Finished motion planning
INFO:R0: --------------------------
INFO:R0: TOT: 7.06435119812
INFO:R0: NSE: 45
INFO:R0: FIR: 0.862826108932
INFO:R0: LAS: 0.301706075668
INFO:R0: LMA: 1
INFO:R0: MAX: 0.0427739620209
INFO:R0: MIN: 0.0204231739044
INFO:R0: AVG: 0.0220711009447
INFO:R0: RMP: 0.26733726263
INFO:R0: RMG: 1.88566297293
