INFO:R0: Init motion planning
INFO:R0@tkref=0.0000: Time to solve stand alone optimisation problem: 1.93334197998
INFO:R0@tkref=0.0000: N of unsatisfied eq: 5
INFO:R0@tkref=0.0000: N of unsatisfied ieq: 8
INFO:R0@tkref=0.0000: Summary: Iteration limit exceeded after 41 it.
DEBUG:R0@tkref=0.0000: $$$$$$$$ CONFLICT LIST $$$$$$$$: []
INFO:R0: --------------------------
INFO:R0@tkref=0.3692: Time to solve stand alone optimisation problem: 0.393866062164
INFO:R0@tkref=0.3692: N of unsatisfied eq: 1
INFO:R0@tkref=0.3692: N of unsatisfied ieq: 7
INFO:R0@tkref=0.3692: Summary: Optimization terminated successfully. after 9 it.
DEBUG:R0@tkref=0.3692: $$$$$$$$ CONFLICT LIST $$$$$$$$: []
INFO:R0: --------------------------
INFO:R0@tkref=0.7385: Time to solve stand alone optimisation problem: 0.220450878143
INFO:R0@tkref=0.7385: N of unsatisfied eq: 3
INFO:R0@tkref=0.7385: N of unsatisfied ieq: 7
INFO:R0@tkref=0.7385: Summary: Optimization terminated successfully. after 5 it.
DEBUG:R0@tkref=0.7385: $$$$$$$$ CONFLICT LIST $$$$$$$$: []
INFO:R0: --------------------------
INFO:R0@tkref=1.1077: Time to solve stand alone optimisation problem: 0.456883907318
INFO:R0@tkref=1.1077: N of unsatisfied eq: 3
INFO:R0@tkref=1.1077: N of unsatisfied ieq: 5
INFO:R0@tkref=1.1077: Summary: Optimization terminated successfully. after 8 it.
DEBUG:R0@tkref=1.1077: $$$$$$$$ CONFLICT LIST $$$$$$$$: []
INFO:R0: --------------------------
INFO:R0@tkref=1.4769: Time to solve stand alone optimisation problem: 0.119759082794
INFO:R0@tkref=1.4769: N of unsatisfied eq: 3
INFO:R0@tkref=1.4769: N of unsatisfied ieq: 1
INFO:R0@tkref=1.4769: Summary: Optimization terminated successfully. after 2 it.
DEBUG:R0@tkref=1.4769: $$$$$$$$ CONFLICT LIST $$$$$$$$: []
INFO:R0: --------------------------
INFO:R0@tkref=1.8462: Time to solve stand alone optimisation problem: 0.348033905029
INFO:R0@tkref=1.8462: N of unsatisfied eq: 2
INFO:R0@tkref=1.8462: N of unsatisfied ieq: 4
INFO:R0@tkref=1.8462: Summary: Optimization terminated successfully. after 6 it.
DEBUG:R0@tkref=1.8462: $$$$$$$$ CONFLICT LIST $$$$$$$$: []
INFO:R0: --------------------------
INFO:R0@tkref=2.2154: Time to solve stand alone optimisation problem: 0.452888011932
INFO:R0@tkref=2.2154: N of unsatisfied eq: 3
INFO:R0@tkref=2.2154: N of unsatisfied ieq: 5
INFO:R0@tkref=2.2154: Summary: Optimization terminated successfully. after 7 it.
DEBUG:R0@tkref=2.2154: $$$$$$$$ CONFLICT LIST $$$$$$$$: []
INFO:R0: --------------------------
INFO:R0@tkref=2.5846: Time to solve stand alone optimisation problem: 0.331355810165
INFO:R0@tkref=2.5846: N of unsatisfied eq: 3
INFO:R0@tkref=2.5846: N of unsatisfied ieq: 6
INFO:R0@tkref=2.5846: Summary: Optimization terminated successfully. after 5 it.
DEBUG:R0@tkref=2.5846: $$$$$$$$ CONFLICT LIST $$$$$$$$: []
INFO:R0: --------------------------
INFO:R0@tkref=2.9538: Time to solve stand alone optimisation problem: 0.407874107361
INFO:R0@tkref=2.9538: N of unsatisfied eq: 3
INFO:R0@tkref=2.9538: N of unsatisfied ieq: 6
INFO:R0@tkref=2.9538: Summary: Optimization terminated successfully. after 6 it.
DEBUG:R0@tkref=2.9538: $$$$$$$$ CONFLICT LIST $$$$$$$$: []
INFO:R0: --------------------------
INFO:R0@tkref=3.3231: Time to solve stand alone optimisation problem: 0.326980829239
INFO:R0@tkref=3.3231: N of unsatisfied eq: 3
INFO:R0@tkref=3.3231: N of unsatisfied ieq: 7
INFO:R0@tkref=3.3231: Summary: Optimization terminated successfully. after 5 it.
DEBUG:R0@tkref=3.3231: $$$$$$$$ CONFLICT LIST $$$$$$$$: []
INFO:R0: --------------------------
INFO:R0@tkref=3.6923: Time to solve stand alone optimisation problem: 0.197149991989
INFO:R0@tkref=3.6923: N of unsatisfied eq: 3
INFO:R0@tkref=3.6923: N of unsatisfied ieq: 8
INFO:R0@tkref=3.6923: Summary: Optimization terminated successfully. after 3 it.
DEBUG:R0@tkref=3.6923: $$$$$$$$ CONFLICT LIST $$$$$$$$: []
INFO:R0: --------------------------
INFO:R0@tkref=4.0615: Time to solve stand alone optimisation problem: 0.327483892441
INFO:R0@tkref=4.0615: N of unsatisfied eq: 3
INFO:R0@tkref=4.0615: N of unsatisfied ieq: 5
INFO:R0@tkref=4.0615: Summary: Optimization terminated successfully. after 5 it.
DEBUG:R0@tkref=4.0615: $$$$$$$$ CONFLICT LIST $$$$$$$$: []
INFO:R0: --------------------------
INFO:R0@tkref=4.4308: Time to solve stand alone optimisation problem: 0.381505966187
INFO:R0@tkref=4.4308: N of unsatisfied eq: 2
INFO:R0@tkref=4.4308: N of unsatisfied ieq: 6
INFO:R0@tkref=4.4308: Summary: Optimization terminated successfully. after 6 it.
DEBUG:R0@tkref=4.4308: $$$$$$$$ CONFLICT LIST $$$$$$$$: []
INFO:R0: --------------------------
INFO:R0@tkref=4.8000: Time to solve stand alone optimisation problem: 0.950287818909
INFO:R0@tkref=4.8000: N of unsatisfied eq: 3
INFO:R0@tkref=4.8000: N of unsatisfied ieq: 4
INFO:R0@tkref=4.8000: Summary: Iteration limit exceeded after 16 it.
DEBUG:R0@tkref=4.8000: $$$$$$$$ CONFLICT LIST $$$$$$$$: []
INFO:R0: --------------------------
INFO:R0@tkref=5.1692: Time to solve stand alone optimisation problem: 0.405773162842
INFO:R0@tkref=5.1692: N of unsatisfied eq: 3
INFO:R0@tkref=5.1692: N of unsatisfied ieq: 5
INFO:R0@tkref=5.1692: Summary: Optimization terminated successfully. after 8 it.
DEBUG:R0@tkref=5.1692: $$$$$$$$ CONFLICT LIST $$$$$$$$: []
INFO:R0: --------------------------
INFO:R0@tkref=5.5385: Time to solve stand alone optimisation problem: 0.30757689476
INFO:R0@tkref=5.5385: N of unsatisfied eq: 3
INFO:R0@tkref=5.5385: N of unsatisfied ieq: 5
INFO:R0@tkref=5.5385: Summary: Optimization terminated successfully. after 6 it.
DEBUG:R0@tkref=5.5385: $$$$$$$$ CONFLICT LIST $$$$$$$$: []
INFO:R0: --------------------------
INFO:R0@tkref=5.9077: Time to solve stand alone optimisation problem: 0.305342197418
INFO:R0@tkref=5.9077: N of unsatisfied eq: 3
INFO:R0@tkref=5.9077: N of unsatisfied ieq: 8
INFO:R0@tkref=5.9077: Summary: Optimization terminated successfully. after 6 it.
DEBUG:R0@tkref=5.9077: $$$$$$$$ CONFLICT LIST $$$$$$$$: []
INFO:R0: --------------------------
INFO:R0@tkref=6.2769: Time to solve stand alone optimisation problem: 0.137806892395
INFO:R0@tkref=6.2769: N of unsatisfied eq: 3
INFO:R0@tkref=6.2769: N of unsatisfied ieq: 7
INFO:R0@tkref=6.2769: Summary: Optimization terminated successfully. after 3 it.
DEBUG:R0@tkref=6.2769: $$$$$$$$ CONFLICT LIST $$$$$$$$: []
INFO:R0: --------------------------
INFO:R0@tkref=6.6462: Time to solve stand alone optimisation problem: 0.0928158760071
INFO:R0@tkref=6.6462: N of unsatisfied eq: 3
INFO:R0@tkref=6.6462: N of unsatisfied ieq: 10
INFO:R0@tkref=6.6462: Summary: Optimization terminated successfully. after 2 it.
DEBUG:R0@tkref=6.6462: $$$$$$$$ CONFLICT LIST $$$$$$$$: []
INFO:R0: --------------------------
INFO:R0@tkref=7.0154: Time to solve stand alone optimisation problem: 0.0493221282959
INFO:R0@tkref=7.0154: N of unsatisfied eq: 3
INFO:R0@tkref=7.0154: N of unsatisfied ieq: 4
INFO:R0@tkref=7.0154: Summary: Optimization terminated successfully. after 1 it.
DEBUG:R0@tkref=7.0154: $$$$$$$$ CONFLICT LIST $$$$$$$$: []
INFO:R0: --------------------------
DEBUG:R0: LAST STEP
DEBUG:R0: Approx remaining dist: 0.3365998582
DEBUG:R0: Usual approx plan dist: 0.8
DEBUG:R0: Approx gain in dist: 0.4634001418
DEBUG:R0: Last step min dist: 0.0
INFO:R0: scale 0.42074982275 Ns 7 Nk 3
INFO:R0@tkref=7.3846: Time to solve stand alone optimisation problem: 0.416749954224
INFO:R0@tkref=7.3846: N of unsatisfied eq: 7
INFO:R0@tkref=7.3846: N of unsatisfied ieq: 4
INFO:R0@tkref=7.3846: Summary: Iteration limit exceeded after 21 it.
DEBUG:R0@tkref=7.3846: $$$$$$$$ CONFLICT LIST $$$$$$$$: []
INFO:R0: Finished motion planning
INFO:R0: --------------------------
INFO:R0: TOT: 7.76326687051
INFO:R0: NSE: 21
INFO:R0: FIR: 1.93504405022
INFO:R0: LAS: 0.417659044266
INFO:R0: LMA: 0
INFO:R0: MAX: 0.951180934906
INFO:R0: MIN: 0.0502569675446
INFO:R0: AVG: 0.327913158818
INFO:R0: RMP: 2.70221856507
INFO:R0: RMG: 2.70221856507
