INFO:R0: Init motion planning
INFO:R0@tkref=0.0000: Time to solve stand alone optimisation problem: 1.02961587906
INFO:R0@tkref=0.0000: N of unsatisfied eq: 5
INFO:R0@tkref=0.0000: N of unsatisfied ieq: 8
INFO:R0@tkref=0.0000: Summary: Iteration limit exceeded after 41 it.
DEBUG:R0@tkref=0.0000: $$$$$$$$ CONFLICT LIST $$$$$$$$: []
INFO:R0: --------------------------
INFO:R0@tkref=0.5818: Time to solve stand alone optimisation problem: 0.126632928848
INFO:R0@tkref=0.5818: N of unsatisfied eq: 3
INFO:R0@tkref=0.5818: N of unsatisfied ieq: 6
INFO:R0@tkref=0.5818: Summary: Optimization terminated successfully. after 5 it.
DEBUG:R0@tkref=0.5818: $$$$$$$$ CONFLICT LIST $$$$$$$$: []
INFO:R0: --------------------------
INFO:R0@tkref=1.1636: Time to solve stand alone optimisation problem: 0.0505130290985
INFO:R0@tkref=1.1636: N of unsatisfied eq: 3
INFO:R0@tkref=1.1636: N of unsatisfied ieq: 9
INFO:R0@tkref=1.1636: Summary: Optimization terminated successfully. after 2 it.
DEBUG:R0@tkref=1.1636: $$$$$$$$ CONFLICT LIST $$$$$$$$: []
INFO:R0: --------------------------
INFO:R0@tkref=1.7455: Time to solve stand alone optimisation problem: 0.0249269008636
INFO:R0@tkref=1.7455: N of unsatisfied eq: 4
INFO:R0@tkref=1.7455: N of unsatisfied ieq: 7
INFO:R0@tkref=1.7455: Summary: Optimization terminated successfully. after 1 it.
DEBUG:R0@tkref=1.7455: $$$$$$$$ CONFLICT LIST $$$$$$$$: []
INFO:R0: --------------------------
INFO:R0@tkref=2.3273: Time to solve stand alone optimisation problem: 0.0241420269012
INFO:R0@tkref=2.3273: N of unsatisfied eq: 2
INFO:R0@tkref=2.3273: N of unsatisfied ieq: 8
INFO:R0@tkref=2.3273: Summary: Optimization terminated successfully. after 1 it.
DEBUG:R0@tkref=2.3273: $$$$$$$$ CONFLICT LIST $$$$$$$$: []
INFO:R0: --------------------------
INFO:R0@tkref=2.9091: Time to solve stand alone optimisation problem: 0.0250639915466
INFO:R0@tkref=2.9091: N of unsatisfied eq: 3
INFO:R0@tkref=2.9091: N of unsatisfied ieq: 7
INFO:R0@tkref=2.9091: Summary: Optimization terminated successfully. after 1 it.
DEBUG:R0@tkref=2.9091: $$$$$$$$ CONFLICT LIST $$$$$$$$: []
INFO:R0: --------------------------
INFO:R0@tkref=3.4909: Time to solve stand alone optimisation problem: 0.0249090194702
INFO:R0@tkref=3.4909: N of unsatisfied eq: 4
INFO:R0@tkref=3.4909: N of unsatisfied ieq: 8
INFO:R0@tkref=3.4909: Summary: Optimization terminated successfully. after 1 it.
DEBUG:R0@tkref=3.4909: $$$$$$$$ CONFLICT LIST $$$$$$$$: []
INFO:R0: --------------------------
INFO:R0@tkref=4.0727: Time to solve stand alone optimisation problem: 0.0240499973297
INFO:R0@tkref=4.0727: N of unsatisfied eq: 4
INFO:R0@tkref=4.0727: N of unsatisfied ieq: 7
INFO:R0@tkref=4.0727: Summary: Optimization terminated successfully. after 1 it.
DEBUG:R0@tkref=4.0727: $$$$$$$$ CONFLICT LIST $$$$$$$$: []
INFO:R0: --------------------------
INFO:R0@tkref=4.6545: Time to solve stand alone optimisation problem: 0.0251741409302
INFO:R0@tkref=4.6545: N of unsatisfied eq: 5
INFO:R0@tkref=4.6545: N of unsatisfied ieq: 6
INFO:R0@tkref=4.6545: Summary: Optimization terminated successfully. after 1 it.
DEBUG:R0@tkref=4.6545: $$$$$$$$ CONFLICT LIST $$$$$$$$: []
INFO:R0: --------------------------
INFO:R0@tkref=5.2364: Time to solve stand alone optimisation problem: 0.0238749980927
INFO:R0@tkref=5.2364: N of unsatisfied eq: 5
INFO:R0@tkref=5.2364: N of unsatisfied ieq: 6
INFO:R0@tkref=5.2364: Summary: Optimization terminated successfully. after 1 it.
DEBUG:R0@tkref=5.2364: $$$$$$$$ CONFLICT LIST $$$$$$$$: []
INFO:R0: --------------------------
INFO:R0@tkref=5.8182: Time to solve stand alone optimisation problem: 0.0251619815826
INFO:R0@tkref=5.8182: N of unsatisfied eq: 4
INFO:R0@tkref=5.8182: N of unsatisfied ieq: 7
INFO:R0@tkref=5.8182: Summary: Optimization terminated successfully. after 1 it.
DEBUG:R0@tkref=5.8182: $$$$$$$$ CONFLICT LIST $$$$$$$$: []
INFO:R0: --------------------------
INFO:R0@tkref=6.4000: Time to solve stand alone optimisation problem: 0.0246691703796
INFO:R0@tkref=6.4000: N of unsatisfied eq: 4
INFO:R0@tkref=6.4000: N of unsatisfied ieq: 8
INFO:R0@tkref=6.4000: Summary: Optimization terminated successfully. after 1 it.
DEBUG:R0@tkref=6.4000: $$$$$$$$ CONFLICT LIST $$$$$$$$: []
INFO:R0: --------------------------
DEBUG:R0: LAST STEP
DEBUG:R0: Approx remaining dist: 0.123138290959
DEBUG:R0: Usual approx plan dist: 1.6
DEBUG:R0: Approx gain in dist: 1.47686170904
DEBUG:R0: Last step min dist: 0.0
INFO:R0: scale 0.0769614318491 Ns 7 Nk 3
INFO:R0@tkref=6.9818: Time to solve stand alone optimisation problem: 0.309724092484
INFO:R0@tkref=6.9818: N of unsatisfied eq: 10
INFO:R0@tkref=6.9818: N of unsatisfied ieq: 4
INFO:R0@tkref=6.9818: Summary: Iteration limit exceeded after 21 it.
DEBUG:R0@tkref=6.9818: $$$$$$$$ CONFLICT LIST $$$$$$$$: []
INFO:R0: Finished motion planning
INFO:R0: --------------------------
INFO:R0: TOT: 7.12009304134
INFO:R0: NSE: 13
INFO:R0: FIR: 1.0312359333
INFO:R0: LAS: 0.310531139374
INFO:R0: LMA: 1
INFO:R0: MAX: 0.127431869507
INFO:R0: MIN: 0.024689912796
INFO:R0: AVG: 0.0370494885878
INFO:R0: RMP: 0.209591890636
INFO:R0: RMG: 0.510742005549
