INFO:R0: Init motion planning
INFO:R0@tkref=0.0000: Time to solve stand alone optimisation problem: 1.99015212059
INFO:R0@tkref=0.0000: N of unsatisfied eq: 4
INFO:R0@tkref=0.0000: N of unsatisfied ieq: 11
INFO:R0@tkref=0.0000: Summary: Iteration limit exceeded after 41 it.
DEBUG:R0@tkref=0.0000: $$$$$$$$ CONFLICT LIST $$$$$$$$: []
INFO:R0: --------------------------
INFO:R0@tkref=0.5818: Time to solve stand alone optimisation problem: 0.327264070511
INFO:R0@tkref=0.5818: N of unsatisfied eq: 2
INFO:R0@tkref=0.5818: N of unsatisfied ieq: 9
INFO:R0@tkref=0.5818: Summary: Optimization terminated successfully. after 7 it.
DEBUG:R0@tkref=0.5818: $$$$$$$$ CONFLICT LIST $$$$$$$$: []
INFO:R0: --------------------------
INFO:R0@tkref=1.1636: Time to solve stand alone optimisation problem: 0.610622882843
INFO:R0@tkref=1.1636: N of unsatisfied eq: 3
INFO:R0@tkref=1.1636: N of unsatisfied ieq: 7
INFO:R0@tkref=1.1636: Summary: Optimization terminated successfully. after 10 it.
DEBUG:R0@tkref=1.1636: $$$$$$$$ CONFLICT LIST $$$$$$$$: []
INFO:R0: --------------------------
INFO:R0@tkref=1.7455: Time to solve stand alone optimisation problem: 0.607648134232
INFO:R0@tkref=1.7455: N of unsatisfied eq: 2
INFO:R0@tkref=1.7455: N of unsatisfied ieq: 8
INFO:R0@tkref=1.7455: Summary: Optimization terminated successfully. after 10 it.
DEBUG:R0@tkref=1.7455: $$$$$$$$ CONFLICT LIST $$$$$$$$: []
INFO:R0: --------------------------
INFO:R0@tkref=2.3273: Time to solve stand alone optimisation problem: 0.611403942108
INFO:R0@tkref=2.3273: N of unsatisfied eq: 3
INFO:R0@tkref=2.3273: N of unsatisfied ieq: 8
INFO:R0@tkref=2.3273: Summary: Optimization terminated successfully. after 9 it.
DEBUG:R0@tkref=2.3273: $$$$$$$$ CONFLICT LIST $$$$$$$$: []
INFO:R0: --------------------------
INFO:R0@tkref=2.9091: Time to solve stand alone optimisation problem: 0.412166833878
INFO:R0@tkref=2.9091: N of unsatisfied eq: 3
INFO:R0@tkref=2.9091: N of unsatisfied ieq: 9
INFO:R0@tkref=2.9091: Summary: Optimization terminated successfully. after 6 it.
DEBUG:R0@tkref=2.9091: $$$$$$$$ CONFLICT LIST $$$$$$$$: []
INFO:R0: --------------------------
INFO:R0@tkref=3.4909: Time to solve stand alone optimisation problem: 0.404452085495
INFO:R0@tkref=3.4909: N of unsatisfied eq: 3
INFO:R0@tkref=3.4909: N of unsatisfied ieq: 8
INFO:R0@tkref=3.4909: Summary: Optimization terminated successfully. after 6 it.
DEBUG:R0@tkref=3.4909: $$$$$$$$ CONFLICT LIST $$$$$$$$: []
INFO:R0: --------------------------
INFO:R0@tkref=4.0727: Time to solve stand alone optimisation problem: 0.55305314064
INFO:R0@tkref=4.0727: N of unsatisfied eq: 3
INFO:R0@tkref=4.0727: N of unsatisfied ieq: 7
INFO:R0@tkref=4.0727: Summary: Optimization terminated successfully. after 8 it.
DEBUG:R0@tkref=4.0727: $$$$$$$$ CONFLICT LIST $$$$$$$$: []
INFO:R0: --------------------------
INFO:R0@tkref=4.6545: Time to solve stand alone optimisation problem: 0.667721033096
INFO:R0@tkref=4.6545: N of unsatisfied eq: 3
INFO:R0@tkref=4.6545: N of unsatisfied ieq: 9
INFO:R0@tkref=4.6545: Summary: Optimization terminated successfully. after 11 it.
DEBUG:R0@tkref=4.6545: $$$$$$$$ CONFLICT LIST $$$$$$$$: []
INFO:R0: --------------------------
INFO:R0@tkref=5.2364: Time to solve stand alone optimisation problem: 0.384304046631
INFO:R0@tkref=5.2364: N of unsatisfied eq: 3
INFO:R0@tkref=5.2364: N of unsatisfied ieq: 7
INFO:R0@tkref=5.2364: Summary: Optimization terminated successfully. after 7 it.
DEBUG:R0@tkref=5.2364: $$$$$$$$ CONFLICT LIST $$$$$$$$: []
INFO:R0: --------------------------
INFO:R0@tkref=5.8182: Time to solve stand alone optimisation problem: 0.0576510429382
INFO:R0@tkref=5.8182: N of unsatisfied eq: 3
INFO:R0@tkref=5.8182: N of unsatisfied ieq: 7
INFO:R0@tkref=5.8182: Summary: Optimization terminated successfully. after 1 it.
DEBUG:R0@tkref=5.8182: $$$$$$$$ CONFLICT LIST $$$$$$$$: []
INFO:R0: --------------------------
INFO:R0@tkref=6.4000: Time to solve stand alone optimisation problem: 0.0503079891205
INFO:R0@tkref=6.4000: N of unsatisfied eq: 3
INFO:R0@tkref=6.4000: N of unsatisfied ieq: 3
INFO:R0@tkref=6.4000: Summary: Optimization terminated successfully. after 1 it.
DEBUG:R0@tkref=6.4000: $$$$$$$$ CONFLICT LIST $$$$$$$$: []
INFO:R0: --------------------------
DEBUG:R0: LAST STEP
DEBUG:R0: Approx remaining dist: 0.499233645627
DEBUG:R0: Usual approx plan dist: 1.6
DEBUG:R0: Approx gain in dist: 1.10076635437
DEBUG:R0: Last step min dist: 0.0
INFO:R0: scale 0.312021028517 Ns 7 Nk 3
INFO:R0@tkref=6.9818: Time to solve stand alone optimisation problem: 0.403283119202
INFO:R0@tkref=6.9818: N of unsatisfied eq: 10
INFO:R0@tkref=6.9818: N of unsatisfied ieq: 4
INFO:R0@tkref=6.9818: Summary: Iteration limit exceeded after 21 it.
DEBUG:R0@tkref=6.9818: $$$$$$$$ CONFLICT LIST $$$$$$$$: []
INFO:R0: Finished motion planning
INFO:R0: --------------------------
INFO:R0: TOT: 7.54244237439
INFO:R0: NSE: 13
INFO:R0: FIR: 1.99200797081
INFO:R0: LAS: 0.404126882553
INFO:R0: LMA: 0
INFO:R0: MAX: 0.668534040451
INFO:R0: MIN: 0.0511529445648
INFO:R0: AVG: 0.426882917231
INFO:R0: RMP: 1.30573054776
INFO:R0: RMG: 1.30573054776
