INFO:R0: Init motion planning
INFO:R0@tkref=0.0000: Time to solve stand alone optimisation problem: 2.09817099571
INFO:R0@tkref=0.0000: N of unsatisfied eq: 4
INFO:R0@tkref=0.0000: N of unsatisfied ieq: 10
INFO:R0@tkref=0.0000: Summary: Iteration limit exceeded after 41 it.
DEBUG:R0@tkref=0.0000: $$$$$$$$ CONFLICT LIST $$$$$$$$: []
INFO:R0: --------------------------
INFO:R0@tkref=0.2571: Time to solve stand alone optimisation problem: 0.395704984665
INFO:R0@tkref=0.2571: N of unsatisfied eq: 1
INFO:R0@tkref=0.2571: N of unsatisfied ieq: 9
INFO:R0@tkref=0.2571: Summary: Optimization terminated successfully. after 8 it.
DEBUG:R0@tkref=0.2571: $$$$$$$$ CONFLICT LIST $$$$$$$$: []
INFO:R0: --------------------------
INFO:R0@tkref=0.5143: Time to solve stand alone optimisation problem: 0.506228923798
INFO:R0@tkref=0.5143: N of unsatisfied eq: 1
INFO:R0@tkref=0.5143: N of unsatisfied ieq: 7
INFO:R0@tkref=0.5143: Summary: Optimization terminated successfully. after 10 it.
DEBUG:R0@tkref=0.5143: $$$$$$$$ CONFLICT LIST $$$$$$$$: []
INFO:R0: --------------------------
INFO:R0@tkref=0.7714: Time to solve stand alone optimisation problem: 0.350361824036
INFO:R0@tkref=0.7714: N of unsatisfied eq: 2
INFO:R0@tkref=0.7714: N of unsatisfied ieq: 8
INFO:R0@tkref=0.7714: Summary: Optimization terminated successfully. after 7 it.
DEBUG:R0@tkref=0.7714: $$$$$$$$ CONFLICT LIST $$$$$$$$: []
INFO:R0: --------------------------
INFO:R0@tkref=1.0286: Time to solve stand alone optimisation problem: 0.51459312439
INFO:R0@tkref=1.0286: N of unsatisfied eq: 2
INFO:R0@tkref=1.0286: N of unsatisfied ieq: 8
INFO:R0@tkref=1.0286: Summary: Optimization terminated successfully. after 9 it.
DEBUG:R0@tkref=1.0286: $$$$$$$$ CONFLICT LIST $$$$$$$$: []
INFO:R0: --------------------------
INFO:R0@tkref=1.2857: Time to solve stand alone optimisation problem: 0.459083080292
INFO:R0@tkref=1.2857: N of unsatisfied eq: 3
INFO:R0@tkref=1.2857: N of unsatisfied ieq: 9
INFO:R0@tkref=1.2857: Summary: Optimization terminated successfully. after 7 it.
DEBUG:R0@tkref=1.2857: $$$$$$$$ CONFLICT LIST $$$$$$$$: []
INFO:R0: --------------------------
INFO:R0@tkref=1.5429: Time to solve stand alone optimisation problem: 0.453846931458
INFO:R0@tkref=1.5429: N of unsatisfied eq: 2
INFO:R0@tkref=1.5429: N of unsatisfied ieq: 8
INFO:R0@tkref=1.5429: Summary: Optimization terminated successfully. after 7 it.
DEBUG:R0@tkref=1.5429: $$$$$$$$ CONFLICT LIST $$$$$$$$: []
INFO:R0: --------------------------
INFO:R0@tkref=1.8000: Time to solve stand alone optimisation problem: 0.399318933487
INFO:R0@tkref=1.8000: N of unsatisfied eq: 3
INFO:R0@tkref=1.8000: N of unsatisfied ieq: 8
INFO:R0@tkref=1.8000: Summary: Optimization terminated successfully. after 6 it.
DEBUG:R0@tkref=1.8000: $$$$$$$$ CONFLICT LIST $$$$$$$$: []
INFO:R0: --------------------------
INFO:R0@tkref=2.0571: Time to solve stand alone optimisation problem: 0.32949590683
INFO:R0@tkref=2.0571: N of unsatisfied eq: 1
INFO:R0@tkref=2.0571: N of unsatisfied ieq: 8
INFO:R0@tkref=2.0571: Summary: Optimization terminated successfully. after 5 it.
DEBUG:R0@tkref=2.0571: $$$$$$$$ CONFLICT LIST $$$$$$$$: []
INFO:R0: --------------------------
INFO:R0@tkref=2.3143: Time to solve stand alone optimisation problem: 0.367031097412
INFO:R0@tkref=2.3143: N of unsatisfied eq: 3
INFO:R0@tkref=2.3143: N of unsatisfied ieq: 8
INFO:R0@tkref=2.3143: Summary: Optimization terminated successfully. after 5 it.
DEBUG:R0@tkref=2.3143: $$$$$$$$ CONFLICT LIST $$$$$$$$: []
INFO:R0: --------------------------
INFO:R0@tkref=2.5714: Time to solve stand alone optimisation problem: 0.588822841644
INFO:R0@tkref=2.5714: N of unsatisfied eq: 2
INFO:R0@tkref=2.5714: N of unsatisfied ieq: 7
INFO:R0@tkref=2.5714: Summary: Optimization terminated successfully. after 8 it.
DEBUG:R0@tkref=2.5714: $$$$$$$$ CONFLICT LIST $$$$$$$$: []
INFO:R0: --------------------------
INFO:R0@tkref=2.8286: Time to solve stand alone optimisation problem: 0.447082996368
INFO:R0@tkref=2.8286: N of unsatisfied eq: 3
INFO:R0@tkref=2.8286: N of unsatisfied ieq: 8
INFO:R0@tkref=2.8286: Summary: Optimization terminated successfully. after 6 it.
DEBUG:R0@tkref=2.8286: $$$$$$$$ CONFLICT LIST $$$$$$$$: []
INFO:R0: --------------------------
INFO:R0@tkref=3.0857: Time to solve stand alone optimisation problem: 0.443420171738
INFO:R0@tkref=3.0857: N of unsatisfied eq: 3
INFO:R0@tkref=3.0857: N of unsatisfied ieq: 7
INFO:R0@tkref=3.0857: Summary: Optimization terminated successfully. after 6 it.
DEBUG:R0@tkref=3.0857: $$$$$$$$ CONFLICT LIST $$$$$$$$: []
INFO:R0: --------------------------
INFO:R0@tkref=3.3429: Time to solve stand alone optimisation problem: 0.436513900757
INFO:R0@tkref=3.3429: N of unsatisfied eq: 2
INFO:R0@tkref=3.3429: N of unsatisfied ieq: 7
INFO:R0@tkref=3.3429: Summary: Optimization terminated successfully. after 6 it.
DEBUG:R0@tkref=3.3429: $$$$$$$$ CONFLICT LIST $$$$$$$$: []
INFO:R0: --------------------------
INFO:R0@tkref=3.6000: Time to solve stand alone optimisation problem: 0.306433916092
INFO:R0@tkref=3.6000: N of unsatisfied eq: 3
INFO:R0@tkref=3.6000: N of unsatisfied ieq: 8
INFO:R0@tkref=3.6000: Summary: Optimization terminated successfully. after 4 it.
DEBUG:R0@tkref=3.6000: $$$$$$$$ CONFLICT LIST $$$$$$$$: []
INFO:R0: --------------------------
INFO:R0@tkref=3.8571: Time to solve stand alone optimisation problem: 0.36923122406
INFO:R0@tkref=3.8571: N of unsatisfied eq: 3
INFO:R0@tkref=3.8571: N of unsatisfied ieq: 7
INFO:R0@tkref=3.8571: Summary: Optimization terminated successfully. after 5 it.
DEBUG:R0@tkref=3.8571: $$$$$$$$ CONFLICT LIST $$$$$$$$: []
INFO:R0: --------------------------
INFO:R0@tkref=4.1143: Time to solve stand alone optimisation problem: 0.508078098297
INFO:R0@tkref=4.1143: N of unsatisfied eq: 2
INFO:R0@tkref=4.1143: N of unsatisfied ieq: 6
INFO:R0@tkref=4.1143: Summary: Optimization terminated successfully. after 7 it.
DEBUG:R0@tkref=4.1143: $$$$$$$$ CONFLICT LIST $$$$$$$$: []
INFO:R0: --------------------------
INFO:R0@tkref=4.3714: Time to solve stand alone optimisation problem: 1.23426103592
INFO:R0@tkref=4.3714: N of unsatisfied eq: 3
INFO:R0@tkref=4.3714: N of unsatisfied ieq: 4
INFO:R0@tkref=4.3714: Summary: Iteration limit exceeded after 16 it.
DEBUG:R0@tkref=4.3714: $$$$$$$$ CONFLICT LIST $$$$$$$$: []
INFO:R0: --------------------------
INFO:R0@tkref=4.6286: Time to solve stand alone optimisation problem: 0.465768098831
INFO:R0@tkref=4.6286: N of unsatisfied eq: 3
INFO:R0@tkref=4.6286: N of unsatisfied ieq: 7
INFO:R0@tkref=4.6286: Summary: Optimization terminated successfully. after 7 it.
DEBUG:R0@tkref=4.6286: $$$$$$$$ CONFLICT LIST $$$$$$$$: []
INFO:R0: --------------------------
INFO:R0@tkref=4.8857: Time to solve stand alone optimisation problem: 0.689079999924
INFO:R0@tkref=4.8857: N of unsatisfied eq: 3
INFO:R0@tkref=4.8857: N of unsatisfied ieq: 9
INFO:R0@tkref=4.8857: Summary: Optimization terminated successfully. after 12 it.
DEBUG:R0@tkref=4.8857: $$$$$$$$ CONFLICT LIST $$$$$$$$: []
INFO:R0: --------------------------
INFO:R0@tkref=5.1429: Time to solve stand alone optimisation problem: 0.292368173599
INFO:R0@tkref=5.1429: N of unsatisfied eq: 3
INFO:R0@tkref=5.1429: N of unsatisfied ieq: 9
INFO:R0@tkref=5.1429: Summary: Optimization terminated successfully. after 5 it.
DEBUG:R0@tkref=5.1429: $$$$$$$$ CONFLICT LIST $$$$$$$$: []
INFO:R0: --------------------------
INFO:R0@tkref=5.4000: Time to solve stand alone optimisation problem: 0.297659873962
INFO:R0@tkref=5.4000: N of unsatisfied eq: 3
INFO:R0@tkref=5.4000: N of unsatisfied ieq: 8
INFO:R0@tkref=5.4000: Summary: Optimization terminated successfully. after 5 it.
DEBUG:R0@tkref=5.4000: $$$$$$$$ CONFLICT LIST $$$$$$$$: []
INFO:R0: --------------------------
INFO:R0@tkref=5.6571: Time to solve stand alone optimisation problem: 0.181985855103
INFO:R0@tkref=5.6571: N of unsatisfied eq: 3
INFO:R0@tkref=5.6571: N of unsatisfied ieq: 9
INFO:R0@tkref=5.6571: Summary: Optimization terminated successfully. after 3 it.
DEBUG:R0@tkref=5.6571: $$$$$$$$ CONFLICT LIST $$$$$$$$: []
INFO:R0: --------------------------
INFO:R0@tkref=5.9143: Time to solve stand alone optimisation problem: 0.0619208812714
INFO:R0@tkref=5.9143: N of unsatisfied eq: 3
INFO:R0@tkref=5.9143: N of unsatisfied ieq: 7
INFO:R0@tkref=5.9143: Summary: Optimization terminated successfully. after 1 it.
DEBUG:R0@tkref=5.9143: $$$$$$$$ CONFLICT LIST $$$$$$$$: []
INFO:R0: --------------------------
INFO:R0@tkref=6.1714: Time to solve stand alone optimisation problem: 0.053041934967
INFO:R0@tkref=6.1714: N of unsatisfied eq: 3
INFO:R0@tkref=6.1714: N of unsatisfied ieq: 9
INFO:R0@tkref=6.1714: Summary: Optimization terminated successfully. after 1 it.
DEBUG:R0@tkref=6.1714: $$$$$$$$ CONFLICT LIST $$$$$$$$: []
INFO:R0: --------------------------
INFO:R0@tkref=6.4286: Time to solve stand alone optimisation problem: 0.0532870292664
INFO:R0@tkref=6.4286: N of unsatisfied eq: 3
INFO:R0@tkref=6.4286: N of unsatisfied ieq: 10
INFO:R0@tkref=6.4286: Summary: Optimization terminated successfully. after 1 it.
DEBUG:R0@tkref=6.4286: $$$$$$$$ CONFLICT LIST $$$$$$$$: []
INFO:R0: --------------------------
INFO:R0@tkref=6.6857: Time to solve stand alone optimisation problem: 0.0533249378204
INFO:R0@tkref=6.6857: N of unsatisfied eq: 3
INFO:R0@tkref=6.6857: N of unsatisfied ieq: 9
INFO:R0@tkref=6.6857: Summary: Optimization terminated successfully. after 1 it.
DEBUG:R0@tkref=6.6857: $$$$$$$$ CONFLICT LIST $$$$$$$$: []
INFO:R0: --------------------------
INFO:R0@tkref=6.9429: Time to solve stand alone optimisation problem: 0.0533289909363
INFO:R0@tkref=6.9429: N of unsatisfied eq: 3
INFO:R0@tkref=6.9429: N of unsatisfied ieq: 9
INFO:R0@tkref=6.9429: Summary: Optimization terminated successfully. after 1 it.
DEBUG:R0@tkref=6.9429: $$$$$$$$ CONFLICT LIST $$$$$$$$: []
INFO:R0: --------------------------
INFO:R0@tkref=7.2000: Time to solve stand alone optimisation problem: 0.0448219776154
INFO:R0@tkref=7.2000: N of unsatisfied eq: 3
INFO:R0@tkref=7.2000: N of unsatisfied ieq: 6
INFO:R0@tkref=7.2000: Summary: Optimization terminated successfully. after 1 it.
DEBUG:R0@tkref=7.2000: $$$$$$$$ CONFLICT LIST $$$$$$$$: []
INFO:R0: --------------------------
DEBUG:R0: LAST STEP
DEBUG:R0: Approx remaining dist: 0.0545221604158
DEBUG:R0: Usual approx plan dist: 1.2
DEBUG:R0: Approx gain in dist: 1.14547783958
DEBUG:R0: Last step min dist: 0.0
INFO:R0: scale 0.0454351336798 Ns 7 Nk 3
INFO:R0@tkref=7.4571: Time to solve stand alone optimisation problem: 0.39613699913
INFO:R0@tkref=7.4571: N of unsatisfied eq: 10
INFO:R0@tkref=7.4571: N of unsatisfied ieq: 4
INFO:R0@tkref=7.4571: Summary: Iteration limit exceeded after 21 it.
DEBUG:R0@tkref=7.4571: $$$$$$$$ CONFLICT LIST $$$$$$$$: []
INFO:R0: Finished motion planning
INFO:R0: --------------------------
INFO:R0: TOT: 7.51836577317
INFO:R0: NSE: 30
INFO:R0: FIR: 2.09986114502
INFO:R0: LAS: 0.396975040436
INFO:R0: LMA: 0
INFO:R0: MAX: 1.23518490791
INFO:R0: MIN: 0.045578956604
INFO:R0: AVG: 0.370748358113
INFO:R0: RMP: 5.14660378297
INFO:R0: RMG: 5.14660378297
