INFO:R0: Init motion planning
INFO:R0@tkref=0.0000: Time to solve stand alone optimisation problem: 0.886371850967
INFO:R0@tkref=0.0000: N of unsatisfied eq: 5
INFO:R0@tkref=0.0000: N of unsatisfied ieq: 4
INFO:R0@tkref=0.0000: Summary: Iteration limit exceeded after 41 it.
DEBUG:R0@tkref=0.0000: $$$$$$$$ CONFLICT LIST $$$$$$$$: []
INFO:R0: --------------------------
INFO:R0@tkref=0.3429: Time to solve stand alone optimisation problem: 0.0231559276581
INFO:R0@tkref=0.3429: N of unsatisfied eq: 3
INFO:R0@tkref=0.3429: N of unsatisfied ieq: 3
INFO:R0@tkref=0.3429: Summary: Optimization terminated successfully. after 1 it.
DEBUG:R0@tkref=0.3429: $$$$$$$$ CONFLICT LIST $$$$$$$$: []
INFO:R0: --------------------------
INFO:R0@tkref=0.6857: Time to solve stand alone optimisation problem: 0.0222101211548
INFO:R0@tkref=0.6857: N of unsatisfied eq: 3
INFO:R0@tkref=0.6857: N of unsatisfied ieq: 6
INFO:R0@tkref=0.6857: Summary: Optimization terminated successfully. after 1 it.
DEBUG:R0@tkref=0.6857: $$$$$$$$ CONFLICT LIST $$$$$$$$: []
INFO:R0: --------------------------
INFO:R0@tkref=1.0286: Time to solve stand alone optimisation problem: 0.0528860092163
INFO:R0@tkref=1.0286: N of unsatisfied eq: 3
INFO:R0@tkref=1.0286: N of unsatisfied ieq: 6
INFO:R0@tkref=1.0286: Summary: Optimization terminated successfully. after 2 it.
DEBUG:R0@tkref=1.0286: $$$$$$$$ CONFLICT LIST $$$$$$$$: []
INFO:R0: --------------------------
INFO:R0@tkref=1.3714: Time to solve stand alone optimisation problem: 0.0262219905853
INFO:R0@tkref=1.3714: N of unsatisfied eq: 3
INFO:R0@tkref=1.3714: N of unsatisfied ieq: 7
INFO:R0@tkref=1.3714: Summary: Optimization terminated successfully. after 1 it.
DEBUG:R0@tkref=1.3714: $$$$$$$$ CONFLICT LIST $$$$$$$$: []
INFO:R0: --------------------------
INFO:R0@tkref=1.7143: Time to solve stand alone optimisation problem: 0.0528509616852
INFO:R0@tkref=1.7143: N of unsatisfied eq: 3
INFO:R0@tkref=1.7143: N of unsatisfied ieq: 6
INFO:R0@tkref=1.7143: Summary: Optimization terminated successfully. after 2 it.
DEBUG:R0@tkref=1.7143: $$$$$$$$ CONFLICT LIST $$$$$$$$: []
INFO:R0: --------------------------
INFO:R0@tkref=2.0571: Time to solve stand alone optimisation problem: 0.193056821823
INFO:R0@tkref=2.0571: N of unsatisfied eq: 2
INFO:R0@tkref=2.0571: N of unsatisfied ieq: 6
INFO:R0@tkref=2.0571: Summary: Optimization terminated successfully. after 7 it.
DEBUG:R0@tkref=2.0571: $$$$$$$$ CONFLICT LIST $$$$$$$$: []
INFO:R0: --------------------------
INFO:R0@tkref=2.4000: Time to solve stand alone optimisation problem: 0.226807117462
INFO:R0@tkref=2.4000: N of unsatisfied eq: 3
INFO:R0@tkref=2.4000: N of unsatisfied ieq: 6
INFO:R0@tkref=2.4000: Summary: Optimization terminated successfully. after 8 it.
DEBUG:R0@tkref=2.4000: $$$$$$$$ CONFLICT LIST $$$$$$$$: []
INFO:R0: --------------------------
INFO:R0@tkref=2.7429: Time to solve stand alone optimisation problem: 0.263320922852
INFO:R0@tkref=2.7429: N of unsatisfied eq: 3
INFO:R0@tkref=2.7429: N of unsatisfied ieq: 5
INFO:R0@tkref=2.7429: Summary: Optimization terminated successfully. after 9 it.
DEBUG:R0@tkref=2.7429: $$$$$$$$ CONFLICT LIST $$$$$$$$: []
INFO:R0: --------------------------
INFO:R0@tkref=3.0857: Time to solve stand alone optimisation problem: 0.25158905983
INFO:R0@tkref=3.0857: N of unsatisfied eq: 3
INFO:R0@tkref=3.0857: N of unsatisfied ieq: 5
INFO:R0@tkref=3.0857: Summary: Optimization terminated successfully. after 9 it.
DEBUG:R0@tkref=3.0857: $$$$$$$$ CONFLICT LIST $$$$$$$$: []
INFO:R0: --------------------------
INFO:R0@tkref=3.4286: Time to solve stand alone optimisation problem: 0.452830076218
INFO:R0@tkref=3.4286: N of unsatisfied eq: 3
INFO:R0@tkref=3.4286: N of unsatisfied ieq: 5
INFO:R0@tkref=3.4286: Summary: Iteration limit exceeded after 16 it.
DEBUG:R0@tkref=3.4286: $$$$$$$$ CONFLICT LIST $$$$$$$$: []
INFO:R0: --------------------------
INFO:R0@tkref=3.7714: Time to solve stand alone optimisation problem: 0.14226603508
INFO:R0@tkref=3.7714: N of unsatisfied eq: 3
INFO:R0@tkref=3.7714: N of unsatisfied ieq: 6
INFO:R0@tkref=3.7714: Summary: Optimization terminated successfully. after 5 it.
DEBUG:R0@tkref=3.7714: $$$$$$$$ CONFLICT LIST $$$$$$$$: []
INFO:R0: --------------------------
INFO:R0@tkref=4.1143: Time to solve stand alone optimisation problem: 0.225234031677
INFO:R0@tkref=4.1143: N of unsatisfied eq: 3
INFO:R0@tkref=4.1143: N of unsatisfied ieq: 6
INFO:R0@tkref=4.1143: Summary: Optimization terminated successfully. after 8 it.
DEBUG:R0@tkref=4.1143: $$$$$$$$ CONFLICT LIST $$$$$$$$: []
INFO:R0: --------------------------
INFO:R0@tkref=4.4571: Time to solve stand alone optimisation problem: 0.196476221085
INFO:R0@tkref=4.4571: N of unsatisfied eq: 3
INFO:R0@tkref=4.4571: N of unsatisfied ieq: 6
INFO:R0@tkref=4.4571: Summary: Optimization terminated successfully. after 7 it.
DEBUG:R0@tkref=4.4571: $$$$$$$$ CONFLICT LIST $$$$$$$$: []
INFO:R0: --------------------------
INFO:R0@tkref=4.8000: Time to solve stand alone optimisation problem: 0.177762985229
INFO:R0@tkref=4.8000: N of unsatisfied eq: 3
INFO:R0@tkref=4.8000: N of unsatisfied ieq: 5
INFO:R0@tkref=4.8000: Summary: Optimization terminated successfully. after 6 it.
DEBUG:R0@tkref=4.8000: $$$$$$$$ CONFLICT LIST $$$$$$$$: []
INFO:R0: --------------------------
INFO:R0@tkref=5.1429: Time to solve stand alone optimisation problem: 0.0919110774994
INFO:R0@tkref=5.1429: N of unsatisfied eq: 3
INFO:R0@tkref=5.1429: N of unsatisfied ieq: 5
INFO:R0@tkref=5.1429: Summary: Optimization terminated successfully. after 3 it.
DEBUG:R0@tkref=5.1429: $$$$$$$$ CONFLICT LIST $$$$$$$$: []
INFO:R0: --------------------------
INFO:R0@tkref=5.4857: Time to solve stand alone optimisation problem: 0.0261149406433
INFO:R0@tkref=5.4857: N of unsatisfied eq: 3
INFO:R0@tkref=5.4857: N of unsatisfied ieq: 6
INFO:R0@tkref=5.4857: Summary: Optimization terminated successfully. after 1 it.
DEBUG:R0@tkref=5.4857: $$$$$$$$ CONFLICT LIST $$$$$$$$: []
INFO:R0: --------------------------
INFO:R0@tkref=5.8286: Time to solve stand alone optimisation problem: 0.0267260074615
INFO:R0@tkref=5.8286: N of unsatisfied eq: 3
INFO:R0@tkref=5.8286: N of unsatisfied ieq: 7
INFO:R0@tkref=5.8286: Summary: Optimization terminated successfully. after 1 it.
DEBUG:R0@tkref=5.8286: $$$$$$$$ CONFLICT LIST $$$$$$$$: []
INFO:R0: --------------------------
INFO:R0@tkref=6.1714: Time to solve stand alone optimisation problem: 0.0275049209595
INFO:R0@tkref=6.1714: N of unsatisfied eq: 3
INFO:R0@tkref=6.1714: N of unsatisfied ieq: 5
INFO:R0@tkref=6.1714: Summary: Optimization terminated successfully. after 1 it.
DEBUG:R0@tkref=6.1714: $$$$$$$$ CONFLICT LIST $$$$$$$$: []
INFO:R0: --------------------------
INFO:R0@tkref=6.5143: Time to solve stand alone optimisation problem: 0.0264828205109
INFO:R0@tkref=6.5143: N of unsatisfied eq: 3
INFO:R0@tkref=6.5143: N of unsatisfied ieq: 4
INFO:R0@tkref=6.5143: Summary: Optimization terminated successfully. after 1 it.
DEBUG:R0@tkref=6.5143: $$$$$$$$ CONFLICT LIST $$$$$$$$: []
INFO:R0: --------------------------
INFO:R0@tkref=6.8571: Time to solve stand alone optimisation problem: 0.0270528793335
INFO:R0@tkref=6.8571: N of unsatisfied eq: 3
INFO:R0@tkref=6.8571: N of unsatisfied ieq: 5
INFO:R0@tkref=6.8571: Summary: Optimization terminated successfully. after 1 it.
DEBUG:R0@tkref=6.8571: $$$$$$$$ CONFLICT LIST $$$$$$$$: []
INFO:R0: --------------------------
DEBUG:R0: LAST STEP
DEBUG:R0: Approx remaining dist: 0.115482601408
DEBUG:R0: Usual approx plan dist: 1.2
DEBUG:R0: Approx gain in dist: 1.08451739859
DEBUG:R0: Last step min dist: 0.0
INFO:R0: scale 0.0962355011736 Ns 7 Nk 3
INFO:R0@tkref=7.2000: Time to solve stand alone optimisation problem: 0.366235017776
INFO:R0@tkref=7.2000: N of unsatisfied eq: 10
INFO:R0@tkref=7.2000: N of unsatisfied ieq: 4
INFO:R0@tkref=7.2000: Summary: Iteration limit exceeded after 21 it.
DEBUG:R0@tkref=7.2000: $$$$$$$$ CONFLICT LIST $$$$$$$$: []
INFO:R0: Finished motion planning
INFO:R0: --------------------------
INFO:R0: TOT: 7.32967669979
INFO:R0: NSE: 22
INFO:R0: FIR: 0.888180017471
INFO:R0: LAS: 0.367053985596
INFO:R0: LMA: 0
INFO:R0: MAX: 0.453625202179
INFO:R0: MIN: 0.0229749679565
INFO:R0: AVG: 0.127472567558
INFO:R0: RMP: 1.32307350636
INFO:R0: RMG: 1.32307350636
