INFO:R0: Init motion planning
INFO:R0@tkref=0.0000: Time to solve stand alone optimisation problem: 1.02584886551
INFO:R0@tkref=0.0000: N of unsatisfied eq: 4
INFO:R0@tkref=0.0000: N of unsatisfied ieq: 8
INFO:R0@tkref=0.0000: Summary: Iteration limit exceeded after 41 it.
DEBUG:R0@tkref=0.0000: $$$$$$$$ CONFLICT LIST $$$$$$$$: []
INFO:R0: --------------------------
INFO:R0@tkref=0.6545: Time to solve stand alone optimisation problem: 0.0250990390778
INFO:R0@tkref=0.6545: N of unsatisfied eq: 3
INFO:R0@tkref=0.6545: N of unsatisfied ieq: 5
INFO:R0@tkref=0.6545: Summary: Optimization terminated successfully. after 1 it.
DEBUG:R0@tkref=0.6545: $$$$$$$$ CONFLICT LIST $$$$$$$$: []
INFO:R0: --------------------------
INFO:R0@tkref=1.3091: Time to solve stand alone optimisation problem: 0.024393081665
INFO:R0@tkref=1.3091: N of unsatisfied eq: 4
INFO:R0@tkref=1.3091: N of unsatisfied ieq: 7
INFO:R0@tkref=1.3091: Summary: Optimization terminated successfully. after 1 it.
DEBUG:R0@tkref=1.3091: $$$$$$$$ CONFLICT LIST $$$$$$$$: []
INFO:R0: --------------------------
INFO:R0@tkref=1.9636: Time to solve stand alone optimisation problem: 0.0244119167328
INFO:R0@tkref=1.9636: N of unsatisfied eq: 4
INFO:R0@tkref=1.9636: N of unsatisfied ieq: 7
INFO:R0@tkref=1.9636: Summary: Optimization terminated successfully. after 1 it.
DEBUG:R0@tkref=1.9636: $$$$$$$$ CONFLICT LIST $$$$$$$$: []
INFO:R0: --------------------------
INFO:R0@tkref=2.6182: Time to solve stand alone optimisation problem: 0.0240480899811
INFO:R0@tkref=2.6182: N of unsatisfied eq: 4
INFO:R0@tkref=2.6182: N of unsatisfied ieq: 6
INFO:R0@tkref=2.6182: Summary: Optimization terminated successfully. after 1 it.
DEBUG:R0@tkref=2.6182: $$$$$$$$ CONFLICT LIST $$$$$$$$: []
INFO:R0: --------------------------
INFO:R0@tkref=3.2727: Time to solve stand alone optimisation problem: 0.023973941803
INFO:R0@tkref=3.2727: N of unsatisfied eq: 4
INFO:R0@tkref=3.2727: N of unsatisfied ieq: 7
INFO:R0@tkref=3.2727: Summary: Optimization terminated successfully. after 1 it.
DEBUG:R0@tkref=3.2727: $$$$$$$$ CONFLICT LIST $$$$$$$$: []
INFO:R0: --------------------------
INFO:R0@tkref=3.9273: Time to solve stand alone optimisation problem: 0.0236611366272
INFO:R0@tkref=3.9273: N of unsatisfied eq: 3
INFO:R0@tkref=3.9273: N of unsatisfied ieq: 7
INFO:R0@tkref=3.9273: Summary: Optimization terminated successfully. after 1 it.
DEBUG:R0@tkref=3.9273: $$$$$$$$ CONFLICT LIST $$$$$$$$: []
INFO:R0: --------------------------
INFO:R0@tkref=4.5818: Time to solve stand alone optimisation problem: 0.0244219303131
INFO:R0@tkref=4.5818: N of unsatisfied eq: 5
INFO:R0@tkref=4.5818: N of unsatisfied ieq: 7
INFO:R0@tkref=4.5818: Summary: Optimization terminated successfully. after 1 it.
DEBUG:R0@tkref=4.5818: $$$$$$$$ CONFLICT LIST $$$$$$$$: []
INFO:R0: --------------------------
INFO:R0@tkref=5.2364: Time to solve stand alone optimisation problem: 0.0247130393982
INFO:R0@tkref=5.2364: N of unsatisfied eq: 4
INFO:R0@tkref=5.2364: N of unsatisfied ieq: 7
INFO:R0@tkref=5.2364: Summary: Optimization terminated successfully. after 1 it.
DEBUG:R0@tkref=5.2364: $$$$$$$$ CONFLICT LIST $$$$$$$$: []
INFO:R0: --------------------------
INFO:R0@tkref=5.8909: Time to solve stand alone optimisation problem: 0.0236999988556
INFO:R0@tkref=5.8909: N of unsatisfied eq: 5
INFO:R0@tkref=5.8909: N of unsatisfied ieq: 7
INFO:R0@tkref=5.8909: Summary: Optimization terminated successfully. after 1 it.
DEBUG:R0@tkref=5.8909: $$$$$$$$ CONFLICT LIST $$$$$$$$: []
INFO:R0: --------------------------
DEBUG:R0: LAST STEP
DEBUG:R0: Approx remaining dist: 0.53362878732
DEBUG:R0: Usual approx plan dist: 1.2
DEBUG:R0: Approx gain in dist: 0.66637121268
DEBUG:R0: Last step min dist: 0.0
INFO:R0: scale 0.4446906561 Ns 7 Nk 3
INFO:R0@tkref=6.5455: Time to solve stand alone optimisation problem: 0.307306051254
INFO:R0@tkref=6.5455: N of unsatisfied eq: 10
INFO:R0@tkref=6.5455: N of unsatisfied ieq: 4
INFO:R0@tkref=6.5455: Summary: Iteration limit exceeded after 21 it.
DEBUG:R0@tkref=6.5455: $$$$$$$$ CONFLICT LIST $$$$$$$$: []
INFO:R0: Finished motion planning
INFO:R0: --------------------------
INFO:R0: TOT: 7.14470825561
INFO:R0: NSE: 11
INFO:R0: FIR: 1.02743315697
INFO:R0: LAS: 0.308073043823
INFO:R0: LMA: 1
INFO:R0: MAX: 0.0258021354675
INFO:R0: MIN: 0.0244030952454
INFO:R0: AVG: 0.0250314606561
INFO:R0: RMP: 0.0396085412878
INFO:R0: RMG: 0.47291914622
