DEBUG:R0: Using Tc_p = 0.445454545455
DEBUG:R0: Using Tc_d = 0.445454545455
INFO:R0: Init motion planning
INFO:R0@tkref=0.0000: Time to solve stand alone optimization problem: 1.0370631218
INFO:R0@tkref=0.0000: N of unsatisfied eq: 5
INFO:R0@tkref=0.0000: N of unsatisfied ieq: 10
INFO:R0@tkref=0.0000: Summary: Iteration limit exceeded after 41 it.
DEBUG:R0@tkref=0.0000: $$$$$$$$ CONFLICT LIST $$$$$$$$: []
INFO:R0: --------------------------
INFO:R0@tkref=0.4455: Time to solve stand alone optimization problem: 0.0507640838623
INFO:R0@tkref=0.4455: N of unsatisfied eq: 3
INFO:R0@tkref=0.4455: N of unsatisfied ieq: 9
INFO:R0@tkref=0.4455: Summary: Optimization terminated successfully. after 2 it.
DEBUG:R0@tkref=0.4455: $$$$$$$$ CONFLICT LIST $$$$$$$$: []
INFO:R0: --------------------------
INFO:R0@tkref=0.8909: Time to solve stand alone optimization problem: 0.075788974762
INFO:R0@tkref=0.8909: N of unsatisfied eq: 3
INFO:R0@tkref=0.8909: N of unsatisfied ieq: 9
INFO:R0@tkref=0.8909: Summary: Optimization terminated successfully. after 3 it.
DEBUG:R0@tkref=0.8909: $$$$$$$$ CONFLICT LIST $$$$$$$$: []
INFO:R0: --------------------------
INFO:R0@tkref=1.3364: Time to solve stand alone optimization problem: 0.0492777824402
INFO:R0@tkref=1.3364: N of unsatisfied eq: 3
INFO:R0@tkref=1.3364: N of unsatisfied ieq: 7
INFO:R0@tkref=1.3364: Summary: Optimization terminated successfully. after 2 it.
DEBUG:R0@tkref=1.3364: $$$$$$$$ CONFLICT LIST $$$$$$$$: []
INFO:R0: --------------------------
INFO:R0@tkref=1.7818: Time to solve stand alone optimization problem: 0.0266439914703
INFO:R0@tkref=1.7818: N of unsatisfied eq: 3
INFO:R0@tkref=1.7818: N of unsatisfied ieq: 8
INFO:R0@tkref=1.7818: Summary: Optimization terminated successfully. after 1 it.
DEBUG:R0@tkref=1.7818: $$$$$$$$ CONFLICT LIST $$$$$$$$: []
INFO:R0: --------------------------
INFO:R0@tkref=2.2273: Time to solve stand alone optimization problem: 0.0272059440613
INFO:R0@tkref=2.2273: N of unsatisfied eq: 3
INFO:R0@tkref=2.2273: N of unsatisfied ieq: 6
INFO:R0@tkref=2.2273: Summary: Optimization terminated successfully. after 1 it.
DEBUG:R0@tkref=2.2273: $$$$$$$$ CONFLICT LIST $$$$$$$$: []
INFO:R0: --------------------------
INFO:R0@tkref=2.6727: Time to solve stand alone optimization problem: 0.0272800922394
INFO:R0@tkref=2.6727: N of unsatisfied eq: 3
INFO:R0@tkref=2.6727: N of unsatisfied ieq: 5
INFO:R0@tkref=2.6727: Summary: Optimization terminated successfully. after 1 it.
DEBUG:R0@tkref=2.6727: $$$$$$$$ CONFLICT LIST $$$$$$$$: []
INFO:R0: --------------------------
INFO:R0@tkref=3.1182: Time to solve stand alone optimization problem: 0.0269320011139
INFO:R0@tkref=3.1182: N of unsatisfied eq: 3
INFO:R0@tkref=3.1182: N of unsatisfied ieq: 4
INFO:R0@tkref=3.1182: Summary: Optimization terminated successfully. after 1 it.
DEBUG:R0@tkref=3.1182: $$$$$$$$ CONFLICT LIST $$$$$$$$: []
INFO:R0: --------------------------
INFO:R0@tkref=3.5636: Time to solve stand alone optimization problem: 0.0257089138031
INFO:R0@tkref=3.5636: N of unsatisfied eq: 5
INFO:R0@tkref=3.5636: N of unsatisfied ieq: 7
INFO:R0@tkref=3.5636: Summary: Optimization terminated successfully. after 1 it.
DEBUG:R0@tkref=3.5636: $$$$$$$$ CONFLICT LIST $$$$$$$$: []
INFO:R0: --------------------------
INFO:R0@tkref=4.0091: Time to solve stand alone optimization problem: 0.025661945343
INFO:R0@tkref=4.0091: N of unsatisfied eq: 4
INFO:R0@tkref=4.0091: N of unsatisfied ieq: 8
INFO:R0@tkref=4.0091: Summary: Optimization terminated successfully. after 1 it.
DEBUG:R0@tkref=4.0091: $$$$$$$$ CONFLICT LIST $$$$$$$$: []
INFO:R0: --------------------------
INFO:R0@tkref=4.4545: Time to solve stand alone optimization problem: 0.0256929397583
INFO:R0@tkref=4.4545: N of unsatisfied eq: 4
INFO:R0@tkref=4.4545: N of unsatisfied ieq: 5
INFO:R0@tkref=4.4545: Summary: Optimization terminated successfully. after 1 it.
DEBUG:R0@tkref=4.4545: $$$$$$$$ CONFLICT LIST $$$$$$$$: []
INFO:R0: --------------------------
INFO:R0@tkref=4.9000: Time to solve stand alone optimization problem: 0.0257089138031
INFO:R0@tkref=4.9000: N of unsatisfied eq: 5
INFO:R0@tkref=4.9000: N of unsatisfied ieq: 6
INFO:R0@tkref=4.9000: Summary: Optimization terminated successfully. after 1 it.
DEBUG:R0@tkref=4.9000: $$$$$$$$ CONFLICT LIST $$$$$$$$: []
INFO:R0: --------------------------
INFO:R0@tkref=5.3455: Time to solve stand alone optimization problem: 0.0254700183868
INFO:R0@tkref=5.3455: N of unsatisfied eq: 5
INFO:R0@tkref=5.3455: N of unsatisfied ieq: 7
INFO:R0@tkref=5.3455: Summary: Optimization terminated successfully. after 1 it.
DEBUG:R0@tkref=5.3455: $$$$$$$$ CONFLICT LIST $$$$$$$$: []
INFO:R0: --------------------------
INFO:R0@tkref=5.7909: Time to solve stand alone optimization problem: 0.0256719589233
INFO:R0@tkref=5.7909: N of unsatisfied eq: 5
INFO:R0@tkref=5.7909: N of unsatisfied ieq: 7
INFO:R0@tkref=5.7909: Summary: Optimization terminated successfully. after 1 it.
DEBUG:R0@tkref=5.7909: $$$$$$$$ CONFLICT LIST $$$$$$$$: []
INFO:R0: --------------------------
DEBUG:R0: LAST STEP
DEBUG:R0: Approx remaining dist: 1.07417813069
DEBUG:R0: Usual approx plan dist: 4.9
DEBUG:R0: Approx gain in dist: 3.82582186931
DEBUG:R0: Last step min dist: 0.5
INFO:R0: scale 0.219220026672 Ns 7 Nk 3
INFO:R0@tkref=6.2364: Time to solve stand alone optimization problem: 0.359639883041
INFO:R0@tkref=6.2364: N of unsatisfied eq: 10
INFO:R0@tkref=6.2364: N of unsatisfied ieq: 4
INFO:R0@tkref=6.2364: Summary: Iteration limit exceeded after 26 it.
DEBUG:R0@tkref=6.2364: $$$$$$$$ CONFLICT LIST $$$$$$$$: []
INFO:R0: Finished motion planning
INFO:R0: --------------------------
INFO:R0: TOT: 7.44358419045
INFO:R0: NSE: 15
INFO:R0: FIR: 1.03823494911
INFO:R0: LAS: 0.360381126404
INFO:R0: LMA: 1
INFO:R0: MAX: 0.0764420032501
INFO:R0: MIN: 0.0261290073395
INFO:R0: AVG: 0.0343482127556
INFO:R0: RMP: 0.171604497092
INFO:R0: RMG: 0.809018855192
