DEBUG:R0: Using Tc_p = 1.01818181818
DEBUG:R0: Using Tc_d = 1.01818181818
INFO:R0: Init motion planning
INFO:R0@tkref=0.0000: Time to solve stand alone optimization problem: 0.977540016174
INFO:R0@tkref=0.0000: N of unsatisfied eq: 5
INFO:R0@tkref=0.0000: N of unsatisfied ieq: 8
INFO:R0@tkref=0.0000: Summary: Iteration limit exceeded after 41 it.
DEBUG:R0@tkref=0.0000: $$$$$$$$ CONFLICT LIST $$$$$$$$: []
INFO:R0: --------------------------
INFO:R0@tkref=1.0182: Time to solve stand alone optimization problem: 0.120661973953
INFO:R0@tkref=1.0182: N of unsatisfied eq: 3
INFO:R0@tkref=1.0182: N of unsatisfied ieq: 6
INFO:R0@tkref=1.0182: Summary: Optimization terminated successfully. after 5 it.
DEBUG:R0@tkref=1.0182: $$$$$$$$ CONFLICT LIST $$$$$$$$: []
INFO:R0: --------------------------
INFO:R0@tkref=2.0364: Time to solve stand alone optimization problem: 0.0490660667419
INFO:R0@tkref=2.0364: N of unsatisfied eq: 3
INFO:R0@tkref=2.0364: N of unsatisfied ieq: 9
INFO:R0@tkref=2.0364: Summary: Optimization terminated successfully. after 2 it.
DEBUG:R0@tkref=2.0364: $$$$$$$$ CONFLICT LIST $$$$$$$$: []
INFO:R0: --------------------------
INFO:R0@tkref=3.0545: Time to solve stand alone optimization problem: 0.0234060287476
INFO:R0@tkref=3.0545: N of unsatisfied eq: 4
INFO:R0@tkref=3.0545: N of unsatisfied ieq: 7
INFO:R0@tkref=3.0545: Summary: Optimization terminated successfully. after 1 it.
DEBUG:R0@tkref=3.0545: $$$$$$$$ CONFLICT LIST $$$$$$$$: []
INFO:R0: --------------------------
INFO:R0@tkref=4.0727: Time to solve stand alone optimization problem: 0.0233581066132
INFO:R0@tkref=4.0727: N of unsatisfied eq: 3
INFO:R0@tkref=4.0727: N of unsatisfied ieq: 5
INFO:R0@tkref=4.0727: Summary: Optimization terminated successfully. after 1 it.
DEBUG:R0@tkref=4.0727: $$$$$$$$ CONFLICT LIST $$$$$$$$: []
INFO:R0: --------------------------
INFO:R0@tkref=5.0909: Time to solve stand alone optimization problem: 0.0235660076141
INFO:R0@tkref=5.0909: N of unsatisfied eq: 4
INFO:R0@tkref=5.0909: N of unsatisfied ieq: 7
INFO:R0@tkref=5.0909: Summary: Optimization terminated successfully. after 1 it.
DEBUG:R0@tkref=5.0909: $$$$$$$$ CONFLICT LIST $$$$$$$$: []
INFO:R0: --------------------------
DEBUG:R0: LAST STEP
DEBUG:R0: Approx remaining dist: 1.07337776985
DEBUG:R0: Usual approx plan dist: 2.8
DEBUG:R0: Approx gain in dist: 1.72662223015
DEBUG:R0: Last step min dist: 0.5
INFO:R0: scale 0.383349203518 Ns 7 Nk 3
INFO:R0@tkref=6.1091: Time to solve stand alone optimization problem: 0.368538856506
INFO:R0@tkref=6.1091: N of unsatisfied eq: 10
INFO:R0@tkref=6.1091: N of unsatisfied ieq: 4
INFO:R0@tkref=6.1091: Summary: Iteration limit exceeded after 26 it.
DEBUG:R0@tkref=6.1091: $$$$$$$$ CONFLICT LIST $$$$$$$$: []
INFO:R0: Finished motion planning
INFO:R0: --------------------------
INFO:R0: TOT: 7.31541304137
INFO:R0: NSE: 7
INFO:R0: FIR: 0.978971004486
INFO:R0: LAS: 0.369342088699
INFO:R0: LMA: 1
INFO:R0: MAX: 0.121454000473
INFO:R0: MIN: 0.0240218639374
INFO:R0: AVG: 0.0487260341644
INFO:R0: RMP: 0.119285179036
INFO:R0: RMG: 0.362746694258
