DEBUG:R0: Using Tc_p = 0.755555555556
DEBUG:R0: Using Tc_d = 0.755555555556
INFO:R0: Init motion planning
INFO:R0@tkref=0.0000: Time to solve stand alone optimization problem: 1.46031880379
INFO:R0@tkref=0.0000: N of unsatisfied eq: 5
INFO:R0@tkref=0.0000: N of unsatisfied ieq: 7
INFO:R0@tkref=0.0000: Summary: Iteration limit exceeded after 41 it.
DEBUG:R0@tkref=0.0000: $$$$$$$$ CONFLICT LIST $$$$$$$$: []
INFO:R0: --------------------------
INFO:R0@tkref=0.7556: Time to solve stand alone optimization problem: 0.55383181572
INFO:R0@tkref=0.7556: N of unsatisfied eq: 1
INFO:R0@tkref=0.7556: N of unsatisfied ieq: 8
INFO:R0@tkref=0.7556: Summary: Iteration limit exceeded after 16 it.
DEBUG:R0@tkref=0.7556: $$$$$$$$ CONFLICT LIST $$$$$$$$: []
INFO:R0: --------------------------
INFO:R0@tkref=1.5111: Time to solve stand alone optimization problem: 0.358836889267
INFO:R0@tkref=1.5111: N of unsatisfied eq: 2
INFO:R0@tkref=1.5111: N of unsatisfied ieq: 8
INFO:R0@tkref=1.5111: Summary: Optimization terminated successfully. after 9 it.
DEBUG:R0@tkref=1.5111: $$$$$$$$ CONFLICT LIST $$$$$$$$: []
INFO:R0: --------------------------
INFO:R0@tkref=2.2667: Time to solve stand alone optimization problem: 0.328973054886
INFO:R0@tkref=2.2667: N of unsatisfied eq: 3
INFO:R0@tkref=2.2667: N of unsatisfied ieq: 8
INFO:R0@tkref=2.2667: Summary: Optimization terminated successfully. after 8 it.
DEBUG:R0@tkref=2.2667: $$$$$$$$ CONFLICT LIST $$$$$$$$: []
INFO:R0: --------------------------
INFO:R0@tkref=3.0222: Time to solve stand alone optimization problem: 0.285444021225
INFO:R0@tkref=3.0222: N of unsatisfied eq: 3
INFO:R0@tkref=3.0222: N of unsatisfied ieq: 8
INFO:R0@tkref=3.0222: Summary: Optimization terminated successfully. after 7 it.
DEBUG:R0@tkref=3.0222: $$$$$$$$ CONFLICT LIST $$$$$$$$: []
INFO:R0: --------------------------
INFO:R0@tkref=3.7778: Time to solve stand alone optimization problem: 0.314682006836
INFO:R0@tkref=3.7778: N of unsatisfied eq: 2
INFO:R0@tkref=3.7778: N of unsatisfied ieq: 7
INFO:R0@tkref=3.7778: Summary: Optimization terminated successfully. after 8 it.
DEBUG:R0@tkref=3.7778: $$$$$$$$ CONFLICT LIST $$$$$$$$: []
INFO:R0: --------------------------
INFO:R0@tkref=4.5333: Time to solve stand alone optimization problem: 0.120694875717
INFO:R0@tkref=4.5333: N of unsatisfied eq: 3
INFO:R0@tkref=4.5333: N of unsatisfied ieq: 8
INFO:R0@tkref=4.5333: Summary: Optimization terminated successfully. after 3 it.
DEBUG:R0@tkref=4.5333: $$$$$$$$ CONFLICT LIST $$$$$$$$: []
INFO:R0: --------------------------
INFO:R0@tkref=5.2889: Time to solve stand alone optimization problem: 0.0835580825806
INFO:R0@tkref=5.2889: N of unsatisfied eq: 3
INFO:R0@tkref=5.2889: N of unsatisfied ieq: 5
INFO:R0@tkref=5.2889: Summary: Optimization terminated successfully. after 2 it.
DEBUG:R0@tkref=5.2889: $$$$$$$$ CONFLICT LIST $$$$$$$$: []
INFO:R0: --------------------------
INFO:R0@tkref=6.0444: Time to solve stand alone optimization problem: 0.0831871032715
INFO:R0@tkref=6.0444: N of unsatisfied eq: 3
INFO:R0@tkref=6.0444: N of unsatisfied ieq: 5
INFO:R0@tkref=6.0444: Summary: Optimization terminated successfully. after 2 it.
DEBUG:R0@tkref=6.0444: $$$$$$$$ CONFLICT LIST $$$$$$$$: []
INFO:R0: --------------------------
DEBUG:R0: LAST STEP
DEBUG:R0: Approx remaining dist: 0.528940373636
DEBUG:R0: Usual approx plan dist: 3.4
DEBUG:R0: Approx gain in dist: 2.87105962636
DEBUG:R0: Last step min dist: 0.5
INFO:R0: scale 0.155570698128 Ns 7 Nk 3
INFO:R0@tkref=6.8000: Time to solve stand alone optimization problem: 0.500597000122
INFO:R0@tkref=6.8000: N of unsatisfied eq: 10
INFO:R0@tkref=6.8000: N of unsatisfied ieq: 4
INFO:R0@tkref=6.8000: Summary: Iteration limit exceeded after 26 it.
DEBUG:R0@tkref=6.8000: $$$$$$$$ CONFLICT LIST $$$$$$$$: []
INFO:R0: Finished motion planning
INFO:R0: --------------------------
INFO:R0: TOT: 7.39255673585
INFO:R0: NSE: 10
INFO:R0: FIR: 1.46159505844
INFO:R0: LAS: 0.501430034637
INFO:R0: LMA: 0
INFO:R0: MAX: 0.554659128189
INFO:R0: MIN: 0.083976984024
INFO:R0: AVG: 0.266958147287
INFO:R0: RMP: 0.734107669662
INFO:R0: RMG: 0.734107669662
