DEBUG:R0: Using Tc_p = 1.11
DEBUG:R0: Using Tc_d = 1.11
INFO:R0: Init motion planning
INFO:R0@tkref=0.0000: Time to solve stand alone optimization problem: 1.00901985168
INFO:R0@tkref=0.0000: N of unsatisfied eq: 4
INFO:R0@tkref=0.0000: N of unsatisfied ieq: 6
INFO:R0@tkref=0.0000: Summary: Iteration limit exceeded after 41 it.
DEBUG:R0@tkref=0.0000: $$$$$$$$ CONFLICT LIST $$$$$$$$: []
INFO:R0: --------------------------
INFO:R0@tkref=1.1100: Time to solve stand alone optimization problem: 0.146068096161
INFO:R0@tkref=1.1100: N of unsatisfied eq: 3
INFO:R0@tkref=1.1100: N of unsatisfied ieq: 6
INFO:R0@tkref=1.1100: Summary: Optimization terminated successfully. after 6 it.
DEBUG:R0@tkref=1.1100: $$$$$$$$ CONFLICT LIST $$$$$$$$: []
INFO:R0: --------------------------
INFO:R0@tkref=2.2200: Time to solve stand alone optimization problem: 0.0469181537628
INFO:R0@tkref=2.2200: N of unsatisfied eq: 3
INFO:R0@tkref=2.2200: N of unsatisfied ieq: 7
INFO:R0@tkref=2.2200: Summary: Optimization terminated successfully. after 2 it.
DEBUG:R0@tkref=2.2200: $$$$$$$$ CONFLICT LIST $$$$$$$$: []
INFO:R0: --------------------------
INFO:R0@tkref=3.3300: Time to solve stand alone optimization problem: 0.0250561237335
INFO:R0@tkref=3.3300: N of unsatisfied eq: 3
INFO:R0@tkref=3.3300: N of unsatisfied ieq: 4
INFO:R0@tkref=3.3300: Summary: Optimization terminated successfully. after 1 it.
DEBUG:R0@tkref=3.3300: $$$$$$$$ CONFLICT LIST $$$$$$$$: []
INFO:R0: --------------------------
INFO:R0@tkref=4.4400: Time to solve stand alone optimization problem: 0.0253579616547
INFO:R0@tkref=4.4400: N of unsatisfied eq: 3
INFO:R0@tkref=4.4400: N of unsatisfied ieq: 5
INFO:R0@tkref=4.4400: Summary: Optimization terminated successfully. after 1 it.
DEBUG:R0@tkref=4.4400: $$$$$$$$ CONFLICT LIST $$$$$$$$: []
INFO:R0: --------------------------
INFO:R0@tkref=5.5500: Time to solve stand alone optimization problem: 0.0241749286652
INFO:R0@tkref=5.5500: N of unsatisfied eq: 5
INFO:R0@tkref=5.5500: N of unsatisfied ieq: 5
INFO:R0@tkref=5.5500: Summary: Optimization terminated successfully. after 1 it.
DEBUG:R0@tkref=5.5500: $$$$$$$$ CONFLICT LIST $$$$$$$$: []
INFO:R0: --------------------------
DEBUG:R0: LAST STEP
DEBUG:R0: Approx remaining dist: 0.501484685399
DEBUG:R0: Usual approx plan dist: 3.7
DEBUG:R0: Approx gain in dist: 3.1985153146
DEBUG:R0: Last step min dist: 0.5
INFO:R0: scale 0.135536401459 Ns 7 Nk 3
INFO:R0@tkref=6.6600: Time to solve stand alone optimization problem: 0.361486196518
INFO:R0@tkref=6.6600: N of unsatisfied eq: 10
INFO:R0@tkref=6.6600: N of unsatisfied ieq: 4
INFO:R0@tkref=6.6600: Summary: Iteration limit exceeded after 26 it.
DEBUG:R0@tkref=6.6600: $$$$$$$$ CONFLICT LIST $$$$$$$$: []
INFO:R0: Finished motion planning
INFO:R0: --------------------------
INFO:R0: TOT: 7.22357124913
INFO:R0: NSE: 7
INFO:R0: FIR: 1.01021814346
INFO:R0: LAS: 0.362257957458
INFO:R0: LMA: 1
INFO:R0: MAX: 0.146741867065
INFO:R0: MIN: 0.0248248577118
INFO:R0: AVG: 0.0541713237762
INFO:R0: RMP: 0.132199880239
INFO:R0: RMG: 0.326358520233
