DEBUG:R0: Using Tc_p = 1.78181818182
DEBUG:R0: Using Tc_d = 1.78181818182
INFO:R0: Init motion planning
INFO:R0@tkref=0.0000: Time to solve stand alone optimization problem: 0.978088855743
INFO:R0@tkref=0.0000: N of unsatisfied eq: 5
INFO:R0@tkref=0.0000: N of unsatisfied ieq: 8
INFO:R0@tkref=0.0000: Summary: Iteration limit exceeded after 41 it.
DEBUG:R0@tkref=0.0000: $$$$$$$$ CONFLICT LIST $$$$$$$$: []
INFO:R0: --------------------------
INFO:R0@tkref=1.7818: Time to solve stand alone optimization problem: 0.0310490131378
INFO:R0@tkref=1.7818: N of unsatisfied eq: 3
INFO:R0@tkref=1.7818: N of unsatisfied ieq: 5
INFO:R0@tkref=1.7818: Summary: Optimization terminated successfully. after 1 it.
DEBUG:R0@tkref=1.7818: $$$$$$$$ CONFLICT LIST $$$$$$$$: []
INFO:R0: --------------------------
INFO:R0@tkref=3.5636: Time to solve stand alone optimization problem: 0.0252511501312
INFO:R0@tkref=3.5636: N of unsatisfied eq: 3
INFO:R0@tkref=3.5636: N of unsatisfied ieq: 7
INFO:R0@tkref=3.5636: Summary: Optimization terminated successfully. after 1 it.
DEBUG:R0@tkref=3.5636: $$$$$$$$ CONFLICT LIST $$$$$$$$: []
INFO:R0: --------------------------
DEBUG:R0: LAST STEP
DEBUG:R0: Approx remaining dist: 1.97265179051
DEBUG:R0: Usual approx plan dist: 4.9
DEBUG:R0: Approx gain in dist: 2.92734820949
DEBUG:R0: Last step min dist: 0.5
INFO:R0: scale 0.402581998062 Ns 7 Nk 3
INFO:R0@tkref=5.3455: Time to solve stand alone optimization problem: 0.373003959656
INFO:R0@tkref=5.3455: N of unsatisfied eq: 10
INFO:R0@tkref=5.3455: N of unsatisfied ieq: 4
INFO:R0@tkref=5.3455: Summary: Iteration limit exceeded after 26 it.
DEBUG:R0@tkref=5.3455: $$$$$$$$ CONFLICT LIST $$$$$$$$: []
INFO:R0: Finished motion planning
INFO:R0: --------------------------
INFO:R0: TOT: 7.56265652336
INFO:R0: NSE: 4
INFO:R0: FIR: 0.980527877808
INFO:R0: LAS: 0.373805999756
INFO:R0: LMA: 1
INFO:R0: MAX: 0.0319049358368
INFO:R0: MIN: 0.0259160995483
INFO:R0: AVG: 0.0289105176926
INFO:R0: RMP: 0.017905831337
INFO:R0: RMG: 0.209789081496
