DEBUG:R0: Using Tc_p = 0.52
DEBUG:R0: Using Tc_d = 0.52
INFO:R0: Init motion planning
INFO:R0@tkref=0.0000: Time to solve stand alone optimization problem: 0.920757055283
INFO:R0@tkref=0.0000: N of unsatisfied eq: 5
INFO:R0@tkref=0.0000: N of unsatisfied ieq: 9
INFO:R0@tkref=0.0000: Summary: Iteration limit exceeded after 41 it.
DEBUG:R0@tkref=0.0000: $$$$$$$$ CONFLICT LIST $$$$$$$$: []
INFO:R0: --------------------------
INFO:R0@tkref=0.5200: Time to solve stand alone optimization problem: 0.0240671634674
INFO:R0@tkref=0.5200: N of unsatisfied eq: 3
INFO:R0@tkref=0.5200: N of unsatisfied ieq: 4
INFO:R0@tkref=0.5200: Summary: Optimization terminated successfully. after 1 it.
DEBUG:R0@tkref=0.5200: $$$$$$$$ CONFLICT LIST $$$$$$$$: []
INFO:R0: --------------------------
INFO:R0@tkref=1.0400: Time to solve stand alone optimization problem: 0.0239379405975
INFO:R0@tkref=1.0400: N of unsatisfied eq: 3
INFO:R0@tkref=1.0400: N of unsatisfied ieq: 6
INFO:R0@tkref=1.0400: Summary: Optimization terminated successfully. after 1 it.
DEBUG:R0@tkref=1.0400: $$$$$$$$ CONFLICT LIST $$$$$$$$: []
INFO:R0: --------------------------
INFO:R0@tkref=1.5600: Time to solve stand alone optimization problem: 0.0459117889404
INFO:R0@tkref=1.5600: N of unsatisfied eq: 3
INFO:R0@tkref=1.5600: N of unsatisfied ieq: 9
INFO:R0@tkref=1.5600: Summary: Optimization terminated successfully. after 2 it.
DEBUG:R0@tkref=1.5600: $$$$$$$$ CONFLICT LIST $$$$$$$$: []
INFO:R0: --------------------------
INFO:R0@tkref=2.0800: Time to solve stand alone optimization problem: 0.135231971741
INFO:R0@tkref=2.0800: N of unsatisfied eq: 3
INFO:R0@tkref=2.0800: N of unsatisfied ieq: 7
INFO:R0@tkref=2.0800: Summary: Optimization terminated successfully. after 6 it.
DEBUG:R0@tkref=2.0800: $$$$$$$$ CONFLICT LIST $$$$$$$$: []
INFO:R0: --------------------------
INFO:R0@tkref=2.6000: Time to solve stand alone optimization problem: 0.0457530021667
INFO:R0@tkref=2.6000: N of unsatisfied eq: 3
INFO:R0@tkref=2.6000: N of unsatisfied ieq: 10
INFO:R0@tkref=2.6000: Summary: Optimization terminated successfully. after 2 it.
DEBUG:R0@tkref=2.6000: $$$$$$$$ CONFLICT LIST $$$$$$$$: []
INFO:R0: --------------------------
INFO:R0@tkref=3.1200: Time to solve stand alone optimization problem: 0.0234010219574
INFO:R0@tkref=3.1200: N of unsatisfied eq: 3
INFO:R0@tkref=3.1200: N of unsatisfied ieq: 8
INFO:R0@tkref=3.1200: Summary: Optimization terminated successfully. after 1 it.
DEBUG:R0@tkref=3.1200: $$$$$$$$ CONFLICT LIST $$$$$$$$: []
INFO:R0: --------------------------
INFO:R0@tkref=3.6400: Time to solve stand alone optimization problem: 0.0218749046326
INFO:R0@tkref=3.6400: N of unsatisfied eq: 5
INFO:R0@tkref=3.6400: N of unsatisfied ieq: 6
INFO:R0@tkref=3.6400: Summary: Optimization terminated successfully. after 1 it.
DEBUG:R0@tkref=3.6400: $$$$$$$$ CONFLICT LIST $$$$$$$$: []
INFO:R0: --------------------------
INFO:R0@tkref=4.1600: Time to solve stand alone optimization problem: 0.0219459533691
INFO:R0@tkref=4.1600: N of unsatisfied eq: 3
INFO:R0@tkref=4.1600: N of unsatisfied ieq: 6
INFO:R0@tkref=4.1600: Summary: Optimization terminated successfully. after 1 it.
DEBUG:R0@tkref=4.1600: $$$$$$$$ CONFLICT LIST $$$$$$$$: []
INFO:R0: --------------------------
INFO:R0@tkref=4.6800: Time to solve stand alone optimization problem: 0.0221040248871
INFO:R0@tkref=4.6800: N of unsatisfied eq: 4
INFO:R0@tkref=4.6800: N of unsatisfied ieq: 7
INFO:R0@tkref=4.6800: Summary: Optimization terminated successfully. after 1 it.
DEBUG:R0@tkref=4.6800: $$$$$$$$ CONFLICT LIST $$$$$$$$: []
INFO:R0: --------------------------
INFO:R0@tkref=5.2000: Time to solve stand alone optimization problem: 0.0220789909363
INFO:R0@tkref=5.2000: N of unsatisfied eq: 5
INFO:R0@tkref=5.2000: N of unsatisfied ieq: 7
INFO:R0@tkref=5.2000: Summary: Optimization terminated successfully. after 1 it.
DEBUG:R0@tkref=5.2000: $$$$$$$$ CONFLICT LIST $$$$$$$$: []
INFO:R0: --------------------------
INFO:R0@tkref=5.7200: Time to solve stand alone optimization problem: 0.0220620632172
INFO:R0@tkref=5.7200: N of unsatisfied eq: 3
INFO:R0@tkref=5.7200: N of unsatisfied ieq: 8
INFO:R0@tkref=5.7200: Summary: Optimization terminated successfully. after 1 it.
DEBUG:R0@tkref=5.7200: $$$$$$$$ CONFLICT LIST $$$$$$$$: []
INFO:R0: --------------------------
DEBUG:R0: LAST STEP
DEBUG:R0: Approx remaining dist: 0.933685688429
DEBUG:R0: Usual approx plan dist: 2.6
DEBUG:R0: Approx gain in dist: 1.66631431157
DEBUG:R0: Last step min dist: 0.5
INFO:R0: scale 0.359109880165 Ns 7 Nk 3
INFO:R0@tkref=6.2400: Time to solve stand alone optimization problem: 0.364192008972
INFO:R0@tkref=6.2400: N of unsatisfied eq: 10
INFO:R0@tkref=6.2400: N of unsatisfied ieq: 4
INFO:R0@tkref=6.2400: Summary: Iteration limit exceeded after 26 it.
DEBUG:R0@tkref=6.2400: $$$$$$$$ CONFLICT LIST $$$$$$$$: []
INFO:R0: Finished motion planning
INFO:R0: --------------------------
INFO:R0: TOT: 7.28931734301
INFO:R0: NSE: 13
INFO:R0: FIR: 0.921875953674
INFO:R0: LAS: 0.364929914474
INFO:R0: LMA: 1
INFO:R0: MAX: 0.135901927948
INFO:R0: MIN: 0.0225169658661
INFO:R0: AVG: 0.0377938747406
INFO:R0: RMP: 0.261349861438
INFO:R0: RMG: 0.701788297066
