DEBUG:R0: Using Tc_p = 0.155555555556
DEBUG:R0: Using Tc_d = 0.155555555556
INFO:R0: Init motion planning
INFO:R0@tkref=0.0000: Time to solve stand alone optimization problem: 0.868340015411
INFO:R0@tkref=0.0000: N of unsatisfied eq: 4
INFO:R0@tkref=0.0000: N of unsatisfied ieq: 5
INFO:R0@tkref=0.0000: Summary: Iteration limit exceeded after 41 it.
DEBUG:R0@tkref=0.0000: $$$$$$$$ CONFLICT LIST $$$$$$$$: []
INFO:R0: --------------------------
INFO:R0@tkref=0.1556: Time to solve stand alone optimization problem: 0.13214302063
INFO:R0@tkref=0.1556: N of unsatisfied eq: 3
INFO:R0@tkref=0.1556: N of unsatisfied ieq: 6
INFO:R0@tkref=0.1556: Summary: Optimization terminated successfully. after 6 it.
DEBUG:R0@tkref=0.1556: $$$$$$$$ CONFLICT LIST $$$$$$$$: []
INFO:R0: --------------------------
INFO:R0@tkref=0.3111: Time to solve stand alone optimization problem: 0.0225281715393
INFO:R0@tkref=0.3111: N of unsatisfied eq: 3
INFO:R0@tkref=0.3111: N of unsatisfied ieq: 8
INFO:R0@tkref=0.3111: Summary: Optimization terminated successfully. after 1 it.
DEBUG:R0@tkref=0.3111: $$$$$$$$ CONFLICT LIST $$$$$$$$: []
INFO:R0: --------------------------
INFO:R0@tkref=0.4667: Time to solve stand alone optimization problem: 0.0432860851288
INFO:R0@tkref=0.4667: N of unsatisfied eq: 3
INFO:R0@tkref=0.4667: N of unsatisfied ieq: 7
INFO:R0@tkref=0.4667: Summary: Optimization terminated successfully. after 2 it.
DEBUG:R0@tkref=0.4667: $$$$$$$$ CONFLICT LIST $$$$$$$$: []
INFO:R0: --------------------------
INFO:R0@tkref=0.6222: Time to solve stand alone optimization problem: 0.065239906311
INFO:R0@tkref=0.6222: N of unsatisfied eq: 3
INFO:R0@tkref=0.6222: N of unsatisfied ieq: 6
INFO:R0@tkref=0.6222: Summary: Optimization terminated successfully. after 3 it.
DEBUG:R0@tkref=0.6222: $$$$$$$$ CONFLICT LIST $$$$$$$$: []
INFO:R0: --------------------------
INFO:R0@tkref=0.7778: Time to solve stand alone optimization problem: 0.0433928966522
INFO:R0@tkref=0.7778: N of unsatisfied eq: 3
INFO:R0@tkref=0.7778: N of unsatisfied ieq: 7
INFO:R0@tkref=0.7778: Summary: Optimization terminated successfully. after 2 it.
DEBUG:R0@tkref=0.7778: $$$$$$$$ CONFLICT LIST $$$$$$$$: []
INFO:R0: --------------------------
INFO:R0@tkref=0.9333: Time to solve stand alone optimization problem: 0.0222520828247
INFO:R0@tkref=0.9333: N of unsatisfied eq: 3
INFO:R0@tkref=0.9333: N of unsatisfied ieq: 6
INFO:R0@tkref=0.9333: Summary: Optimization terminated successfully. after 1 it.
DEBUG:R0@tkref=0.9333: $$$$$$$$ CONFLICT LIST $$$$$$$$: []
INFO:R0: --------------------------
INFO:R0@tkref=1.0889: Time to solve stand alone optimization problem: 0.0223450660706
INFO:R0@tkref=1.0889: N of unsatisfied eq: 3
INFO:R0@tkref=1.0889: N of unsatisfied ieq: 6
INFO:R0@tkref=1.0889: Summary: Optimization terminated successfully. after 1 it.
DEBUG:R0@tkref=1.0889: $$$$$$$$ CONFLICT LIST $$$$$$$$: []
INFO:R0: --------------------------
INFO:R0@tkref=1.2444: Time to solve stand alone optimization problem: 0.044625043869
INFO:R0@tkref=1.2444: N of unsatisfied eq: 5
INFO:R0@tkref=1.2444: N of unsatisfied ieq: 7
INFO:R0@tkref=1.2444: Summary: Optimization terminated successfully. after 2 it.
DEBUG:R0@tkref=1.2444: $$$$$$$$ CONFLICT LIST $$$$$$$$: []
INFO:R0: --------------------------
INFO:R0@tkref=1.4000: Time to solve stand alone optimization problem: 0.0214991569519
INFO:R0@tkref=1.4000: N of unsatisfied eq: 5
INFO:R0@tkref=1.4000: N of unsatisfied ieq: 6
INFO:R0@tkref=1.4000: Summary: Optimization terminated successfully. after 1 it.
DEBUG:R0@tkref=1.4000: $$$$$$$$ CONFLICT LIST $$$$$$$$: []
INFO:R0: --------------------------
INFO:R0@tkref=1.5556: Time to solve stand alone optimization problem: 0.0211329460144
INFO:R0@tkref=1.5556: N of unsatisfied eq: 3
INFO:R0@tkref=1.5556: N of unsatisfied ieq: 5
INFO:R0@tkref=1.5556: Summary: Optimization terminated successfully. after 1 it.
DEBUG:R0@tkref=1.5556: $$$$$$$$ CONFLICT LIST $$$$$$$$: []
INFO:R0: --------------------------
INFO:R0@tkref=1.7111: Time to solve stand alone optimization problem: 0.0211210250854
INFO:R0@tkref=1.7111: N of unsatisfied eq: 5
INFO:R0@tkref=1.7111: N of unsatisfied ieq: 5
INFO:R0@tkref=1.7111: Summary: Optimization terminated successfully. after 1 it.
DEBUG:R0@tkref=1.7111: $$$$$$$$ CONFLICT LIST $$$$$$$$: []
INFO:R0: --------------------------
INFO:R0@tkref=1.8667: Time to solve stand alone optimization problem: 0.0211179256439
INFO:R0@tkref=1.8667: N of unsatisfied eq: 3
INFO:R0@tkref=1.8667: N of unsatisfied ieq: 5
INFO:R0@tkref=1.8667: Summary: Optimization terminated successfully. after 1 it.
DEBUG:R0@tkref=1.8667: $$$$$$$$ CONFLICT LIST $$$$$$$$: []
INFO:R0: --------------------------
INFO:R0@tkref=2.0222: Time to solve stand alone optimization problem: 0.0218851566315
INFO:R0@tkref=2.0222: N of unsatisfied eq: 4
INFO:R0@tkref=2.0222: N of unsatisfied ieq: 6
INFO:R0@tkref=2.0222: Summary: Optimization terminated successfully. after 1 it.
DEBUG:R0@tkref=2.0222: $$$$$$$$ CONFLICT LIST $$$$$$$$: []
INFO:R0: --------------------------
INFO:R0@tkref=2.1778: Time to solve stand alone optimization problem: 0.021320104599
INFO:R0@tkref=2.1778: N of unsatisfied eq: 3
INFO:R0@tkref=2.1778: N of unsatisfied ieq: 6
INFO:R0@tkref=2.1778: Summary: Optimization terminated successfully. after 1 it.
DEBUG:R0@tkref=2.1778: $$$$$$$$ CONFLICT LIST $$$$$$$$: []
INFO:R0: --------------------------
INFO:R0@tkref=2.3333: Time to solve stand alone optimization problem: 0.0218381881714
INFO:R0@tkref=2.3333: N of unsatisfied eq: 3
INFO:R0@tkref=2.3333: N of unsatisfied ieq: 7
INFO:R0@tkref=2.3333: Summary: Optimization terminated successfully. after 1 it.
DEBUG:R0@tkref=2.3333: $$$$$$$$ CONFLICT LIST $$$$$$$$: []
INFO:R0: --------------------------
INFO:R0@tkref=2.4889: Time to solve stand alone optimization problem: 0.0208978652954
INFO:R0@tkref=2.4889: N of unsatisfied eq: 4
INFO:R0@tkref=2.4889: N of unsatisfied ieq: 6
INFO:R0@tkref=2.4889: Summary: Optimization terminated successfully. after 1 it.
DEBUG:R0@tkref=2.4889: $$$$$$$$ CONFLICT LIST $$$$$$$$: []
INFO:R0: --------------------------
INFO:R0@tkref=2.6444: Time to solve stand alone optimization problem: 0.0208370685577
INFO:R0@tkref=2.6444: N of unsatisfied eq: 3
INFO:R0@tkref=2.6444: N of unsatisfied ieq: 5
INFO:R0@tkref=2.6444: Summary: Optimization terminated successfully. after 1 it.
DEBUG:R0@tkref=2.6444: $$$$$$$$ CONFLICT LIST $$$$$$$$: []
INFO:R0: --------------------------
INFO:R0@tkref=2.8000: Time to solve stand alone optimization problem: 0.0208549499512
INFO:R0@tkref=2.8000: N of unsatisfied eq: 4
INFO:R0@tkref=2.8000: N of unsatisfied ieq: 4
INFO:R0@tkref=2.8000: Summary: Optimization terminated successfully. after 1 it.
DEBUG:R0@tkref=2.8000: $$$$$$$$ CONFLICT LIST $$$$$$$$: []
INFO:R0: --------------------------
INFO:R0@tkref=2.9556: Time to solve stand alone optimization problem: 0.0211899280548
INFO:R0@tkref=2.9556: N of unsatisfied eq: 4
INFO:R0@tkref=2.9556: N of unsatisfied ieq: 7
INFO:R0@tkref=2.9556: Summary: Optimization terminated successfully. after 1 it.
DEBUG:R0@tkref=2.9556: $$$$$$$$ CONFLICT LIST $$$$$$$$: []
INFO:R0: --------------------------
INFO:R0@tkref=3.1111: Time to solve stand alone optimization problem: 0.0208899974823
INFO:R0@tkref=3.1111: N of unsatisfied eq: 3
INFO:R0@tkref=3.1111: N of unsatisfied ieq: 7
INFO:R0@tkref=3.1111: Summary: Optimization terminated successfully. after 1 it.
DEBUG:R0@tkref=3.1111: $$$$$$$$ CONFLICT LIST $$$$$$$$: []
INFO:R0: --------------------------
INFO:R0@tkref=3.2667: Time to solve stand alone optimization problem: 0.0208737850189
INFO:R0@tkref=3.2667: N of unsatisfied eq: 3
INFO:R0@tkref=3.2667: N of unsatisfied ieq: 6
INFO:R0@tkref=3.2667: Summary: Optimization terminated successfully. after 1 it.
DEBUG:R0@tkref=3.2667: $$$$$$$$ CONFLICT LIST $$$$$$$$: []
INFO:R0: --------------------------
INFO:R0@tkref=3.4222: Time to solve stand alone optimization problem: 0.0208580493927
INFO:R0@tkref=3.4222: N of unsatisfied eq: 4
INFO:R0@tkref=3.4222: N of unsatisfied ieq: 6
INFO:R0@tkref=3.4222: Summary: Optimization terminated successfully. after 1 it.
DEBUG:R0@tkref=3.4222: $$$$$$$$ CONFLICT LIST $$$$$$$$: []
INFO:R0: --------------------------
INFO:R0@tkref=3.5778: Time to solve stand alone optimization problem: 0.0212709903717
INFO:R0@tkref=3.5778: N of unsatisfied eq: 4
INFO:R0@tkref=3.5778: N of unsatisfied ieq: 5
INFO:R0@tkref=3.5778: Summary: Optimization terminated successfully. after 1 it.
DEBUG:R0@tkref=3.5778: $$$$$$$$ CONFLICT LIST $$$$$$$$: []
INFO:R0: --------------------------
INFO:R0@tkref=3.7333: Time to solve stand alone optimization problem: 0.0211520195007
INFO:R0@tkref=3.7333: N of unsatisfied eq: 4
INFO:R0@tkref=3.7333: N of unsatisfied ieq: 5
INFO:R0@tkref=3.7333: Summary: Optimization terminated successfully. after 1 it.
DEBUG:R0@tkref=3.7333: $$$$$$$$ CONFLICT LIST $$$$$$$$: []
INFO:R0: --------------------------
INFO:R0@tkref=3.8889: Time to solve stand alone optimization problem: 0.02090883255
INFO:R0@tkref=3.8889: N of unsatisfied eq: 3
INFO:R0@tkref=3.8889: N of unsatisfied ieq: 4
INFO:R0@tkref=3.8889: Summary: Optimization terminated successfully. after 1 it.
DEBUG:R0@tkref=3.8889: $$$$$$$$ CONFLICT LIST $$$$$$$$: []
INFO:R0: --------------------------
INFO:R0@tkref=4.0444: Time to solve stand alone optimization problem: 0.0209028720856
INFO:R0@tkref=4.0444: N of unsatisfied eq: 4
INFO:R0@tkref=4.0444: N of unsatisfied ieq: 4
INFO:R0@tkref=4.0444: Summary: Optimization terminated successfully. after 1 it.
DEBUG:R0@tkref=4.0444: $$$$$$$$ CONFLICT LIST $$$$$$$$: []
INFO:R0: --------------------------
INFO:R0@tkref=4.2000: Time to solve stand alone optimization problem: 0.020879983902
INFO:R0@tkref=4.2000: N of unsatisfied eq: 5
INFO:R0@tkref=4.2000: N of unsatisfied ieq: 4
INFO:R0@tkref=4.2000: Summary: Optimization terminated successfully. after 1 it.
DEBUG:R0@tkref=4.2000: $$$$$$$$ CONFLICT LIST $$$$$$$$: []
INFO:R0: --------------------------
INFO:R0@tkref=4.3556: Time to solve stand alone optimization problem: 0.0208749771118
INFO:R0@tkref=4.3556: N of unsatisfied eq: 4
INFO:R0@tkref=4.3556: N of unsatisfied ieq: 5
INFO:R0@tkref=4.3556: Summary: Optimization terminated successfully. after 1 it.
DEBUG:R0@tkref=4.3556: $$$$$$$$ CONFLICT LIST $$$$$$$$: []
INFO:R0: --------------------------
INFO:R0@tkref=4.5111: Time to solve stand alone optimization problem: 0.0208659172058
INFO:R0@tkref=4.5111: N of unsatisfied eq: 5
INFO:R0@tkref=4.5111: N of unsatisfied ieq: 5
INFO:R0@tkref=4.5111: Summary: Optimization terminated successfully. after 1 it.
DEBUG:R0@tkref=4.5111: $$$$$$$$ CONFLICT LIST $$$$$$$$: []
INFO:R0: --------------------------
INFO:R0@tkref=4.6667: Time to solve stand alone optimization problem: 0.0210931301117
INFO:R0@tkref=4.6667: N of unsatisfied eq: 5
INFO:R0@tkref=4.6667: N of unsatisfied ieq: 4
INFO:R0@tkref=4.6667: Summary: Optimization terminated successfully. after 1 it.
DEBUG:R0@tkref=4.6667: $$$$$$$$ CONFLICT LIST $$$$$$$$: []
INFO:R0: --------------------------
INFO:R0@tkref=4.8222: Time to solve stand alone optimization problem: 0.0209670066833
INFO:R0@tkref=4.8222: N of unsatisfied eq: 5
INFO:R0@tkref=4.8222: N of unsatisfied ieq: 5
INFO:R0@tkref=4.8222: Summary: Optimization terminated successfully. after 1 it.
DEBUG:R0@tkref=4.8222: $$$$$$$$ CONFLICT LIST $$$$$$$$: []
INFO:R0: --------------------------
INFO:R0@tkref=4.9778: Time to solve stand alone optimization problem: 0.0205719470978
INFO:R0@tkref=4.9778: N of unsatisfied eq: 5
INFO:R0@tkref=4.9778: N of unsatisfied ieq: 3
INFO:R0@tkref=4.9778: Summary: Optimization terminated successfully. after 1 it.
DEBUG:R0@tkref=4.9778: $$$$$$$$ CONFLICT LIST $$$$$$$$: []
INFO:R0: --------------------------
INFO:R0@tkref=5.1333: Time to solve stand alone optimization problem: 0.0205800533295
INFO:R0@tkref=5.1333: N of unsatisfied eq: 3
INFO:R0@tkref=5.1333: N of unsatisfied ieq: 5
INFO:R0@tkref=5.1333: Summary: Optimization terminated successfully. after 1 it.
DEBUG:R0@tkref=5.1333: $$$$$$$$ CONFLICT LIST $$$$$$$$: []
INFO:R0: --------------------------
INFO:R0@tkref=5.2889: Time to solve stand alone optimization problem: 0.0205409526825
INFO:R0@tkref=5.2889: N of unsatisfied eq: 3
INFO:R0@tkref=5.2889: N of unsatisfied ieq: 4
INFO:R0@tkref=5.2889: Summary: Optimization terminated successfully. after 1 it.
DEBUG:R0@tkref=5.2889: $$$$$$$$ CONFLICT LIST $$$$$$$$: []
INFO:R0: --------------------------
INFO:R0@tkref=5.4444: Time to solve stand alone optimization problem: 0.0206100940704
INFO:R0@tkref=5.4444: N of unsatisfied eq: 4
INFO:R0@tkref=5.4444: N of unsatisfied ieq: 5
INFO:R0@tkref=5.4444: Summary: Optimization terminated successfully. after 1 it.
DEBUG:R0@tkref=5.4444: $$$$$$$$ CONFLICT LIST $$$$$$$$: []
INFO:R0: --------------------------
INFO:R0@tkref=5.6000: Time to solve stand alone optimization problem: 0.0214519500732
INFO:R0@tkref=5.6000: N of unsatisfied eq: 4
INFO:R0@tkref=5.6000: N of unsatisfied ieq: 4
INFO:R0@tkref=5.6000: Summary: Optimization terminated successfully. after 1 it.
DEBUG:R0@tkref=5.6000: $$$$$$$$ CONFLICT LIST $$$$$$$$: []
INFO:R0: --------------------------
INFO:R0@tkref=5.7556: Time to solve stand alone optimization problem: 0.0209910869598
INFO:R0@tkref=5.7556: N of unsatisfied eq: 3
INFO:R0@tkref=5.7556: N of unsatisfied ieq: 5
INFO:R0@tkref=5.7556: Summary: Optimization terminated successfully. after 1 it.
DEBUG:R0@tkref=5.7556: $$$$$$$$ CONFLICT LIST $$$$$$$$: []
INFO:R0: --------------------------
INFO:R0@tkref=5.9111: Time to solve stand alone optimization problem: 0.0212030410767
INFO:R0@tkref=5.9111: N of unsatisfied eq: 4
INFO:R0@tkref=5.9111: N of unsatisfied ieq: 5
INFO:R0@tkref=5.9111: Summary: Optimization terminated successfully. after 1 it.
DEBUG:R0@tkref=5.9111: $$$$$$$$ CONFLICT LIST $$$$$$$$: []
INFO:R0: --------------------------
INFO:R0@tkref=6.0667: Time to solve stand alone optimization problem: 0.0226261615753
INFO:R0@tkref=6.0667: N of unsatisfied eq: 5
INFO:R0@tkref=6.0667: N of unsatisfied ieq: 5
INFO:R0@tkref=6.0667: Summary: Optimization terminated successfully. after 1 it.
DEBUG:R0@tkref=6.0667: $$$$$$$$ CONFLICT LIST $$$$$$$$: []
INFO:R0: --------------------------
INFO:R0@tkref=6.2222: Time to solve stand alone optimization problem: 0.0222570896149
INFO:R0@tkref=6.2222: N of unsatisfied eq: 5
INFO:R0@tkref=6.2222: N of unsatisfied ieq: 5
INFO:R0@tkref=6.2222: Summary: Optimization terminated successfully. after 1 it.
DEBUG:R0@tkref=6.2222: $$$$$$$$ CONFLICT LIST $$$$$$$$: []
INFO:R0: --------------------------
DEBUG:R0: LAST STEP
DEBUG:R0: Approx remaining dist: 0.68817127353
DEBUG:R0: Usual approx plan dist: 1.4
DEBUG:R0: Approx gain in dist: 0.71182872647
DEBUG:R0: Last step min dist: 0.5
INFO:R0: scale 0.491550909664 Ns 7 Nk 3
INFO:R0@tkref=6.3778: Time to solve stand alone optimization problem: 0.383598089218
INFO:R0@tkref=6.3778: N of unsatisfied eq: 7
INFO:R0@tkref=6.3778: N of unsatisfied ieq: 4
INFO:R0@tkref=6.3778: Summary: Iteration limit exceeded after 26 it.
DEBUG:R0@tkref=6.3778: $$$$$$$$ CONFLICT LIST $$$$$$$$: []
INFO:R0: Finished motion planning
INFO:R0: --------------------------
INFO:R0: TOT: 7.1511608755
INFO:R0: NSE: 42
INFO:R0: FIR: 0.869608163834
INFO:R0: LAS: 0.38441991806
INFO:R0: LMA: 1
INFO:R0: MAX: 0.132901191711
INFO:R0: MIN: 0.0212230682373
INFO:R0: AVG: 0.027501308918
INFO:R0: RMP: 0.854364803859
INFO:R0: RMG: 2.47127090182
