DEBUG:R0: Using Tc_p = 1.78181818182
DEBUG:R0: Using Tc_d = 1.78181818182
INFO:R0: Init motion planning
INFO:R0@tkref=0.0000: Time to solve stand alone optimization problem: 1.06537485123
INFO:R0@tkref=0.0000: N of unsatisfied eq: 4
INFO:R0@tkref=0.0000: N of unsatisfied ieq: 10
INFO:R0@tkref=0.0000: Summary: Iteration limit exceeded after 41 it.
DEBUG:R0@tkref=0.0000: $$$$$$$$ CONFLICT LIST $$$$$$$$: []
INFO:R0: --------------------------
INFO:R0@tkref=1.7818: Time to solve stand alone optimization problem: 0.0269351005554
INFO:R0@tkref=1.7818: N of unsatisfied eq: 3
INFO:R0@tkref=1.7818: N of unsatisfied ieq: 5
INFO:R0@tkref=1.7818: Summary: Optimization terminated successfully. after 1 it.
DEBUG:R0@tkref=1.7818: $$$$$$$$ CONFLICT LIST $$$$$$$$: []
INFO:R0: --------------------------
INFO:R0@tkref=3.5636: Time to solve stand alone optimization problem: 0.0252900123596
INFO:R0@tkref=3.5636: N of unsatisfied eq: 4
INFO:R0@tkref=3.5636: N of unsatisfied ieq: 6
INFO:R0@tkref=3.5636: Summary: Optimization terminated successfully. after 1 it.
DEBUG:R0@tkref=3.5636: $$$$$$$$ CONFLICT LIST $$$$$$$$: []
INFO:R0: --------------------------
DEBUG:R0: LAST STEP
DEBUG:R0: Approx remaining dist: 1.8100881964
DEBUG:R0: Usual approx plan dist: 2.8
DEBUG:R0: Approx gain in dist: 0.989911803597
DEBUG:R0: Last step min dist: 0.5
INFO:R0: scale 0.646460070144 Ns 8 Nk 4
INFO:R0@tkref=5.3455: Time to solve stand alone optimization problem: 0.439116001129
INFO:R0@tkref=5.3455: N of unsatisfied eq: 10
INFO:R0@tkref=5.3455: N of unsatisfied ieq: 3
INFO:R0@tkref=5.3455: Summary: Iteration limit exceeded after 26 it.
DEBUG:R0@tkref=5.3455: $$$$$$$$ CONFLICT LIST $$$$$$$$: []
INFO:R0: Finished motion planning
INFO:R0: --------------------------
INFO:R0: TOT: 7.30493157128
INFO:R0: NSE: 4
INFO:R0: FIR: 1.06655597687
INFO:R0: LAS: 0.439910888672
INFO:R0: LMA: 1
INFO:R0: MAX: 0.0276131629944
INFO:R0: MIN: 0.0259490013123
INFO:R0: AVG: 0.0267810821533
INFO:R0: RMP: 0.0154971833132
INFO:R0: RMG: 0.246888764051
