DEBUG:R0: Using Tc_p = 1.77777777778
DEBUG:R0: Using Tc_d = 1.77777777778
INFO:R0: Init motion planning
INFO:R0@tkref=0.0000: Time to solve stand alone optimization problem: 0.95281291008
INFO:R0@tkref=0.0000: N of unsatisfied eq: 4
INFO:R0@tkref=0.0000: N of unsatisfied ieq: 6
INFO:R0@tkref=0.0000: Summary: Iteration limit exceeded after 41 it.
DEBUG:R0@tkref=0.0000: $$$$$$$$ CONFLICT LIST $$$$$$$$: []
INFO:R0: --------------------------
INFO:R0@tkref=1.7778: Time to solve stand alone optimization problem: 0.0238101482391
INFO:R0@tkref=1.7778: N of unsatisfied eq: 3
INFO:R0@tkref=1.7778: N of unsatisfied ieq: 3
INFO:R0@tkref=1.7778: Summary: Optimization terminated successfully. after 1 it.
DEBUG:R0@tkref=1.7778: $$$$$$$$ CONFLICT LIST $$$$$$$$: []
INFO:R0: --------------------------
INFO:R0@tkref=3.5556: Time to solve stand alone optimization problem: 0.0229399204254
INFO:R0@tkref=3.5556: N of unsatisfied eq: 5
INFO:R0@tkref=3.5556: N of unsatisfied ieq: 5
INFO:R0@tkref=3.5556: Summary: Optimization terminated successfully. after 1 it.
DEBUG:R0@tkref=3.5556: $$$$$$$$ CONFLICT LIST $$$$$$$$: []
INFO:R0: --------------------------
DEBUG:R0: LAST STEP
DEBUG:R0: Approx remaining dist: 1.84259083621
DEBUG:R0: Usual approx plan dist: 4.0
DEBUG:R0: Approx gain in dist: 2.15740916379
DEBUG:R0: Last step min dist: 0.5
INFO:R0: scale 0.460647709052 Ns 7 Nk 3
INFO:R0@tkref=5.3333: Time to solve stand alone optimization problem: 0.364088058472
INFO:R0@tkref=5.3333: N of unsatisfied eq: 10
INFO:R0@tkref=5.3333: N of unsatisfied ieq: 4
INFO:R0@tkref=5.3333: Summary: Iteration limit exceeded after 26 it.
DEBUG:R0@tkref=5.3333: $$$$$$$$ CONFLICT LIST $$$$$$$$: []
INFO:R0: Finished motion planning
INFO:R0: --------------------------
INFO:R0: TOT: 7.40434925734
INFO:R0: NSE: 4
INFO:R0: FIR: 0.954792976379
INFO:R0: LAS: 0.364866018295
INFO:R0: LMA: 1
INFO:R0: MAX: 0.0244901180267
INFO:R0: MIN: 0.0235910415649
INFO:R0: AVG: 0.0240405797958
INFO:R0: RMP: 0.01377569139
INFO:R0: RMG: 0.205237135291
