DEBUG:R0: Using Tc_p = 3.46666666667
DEBUG:R0: Using Tc_d = 3.46666666667
INFO:R0: Init motion planning
INFO:R0@tkref=0.0000: Time to solve stand alone optimization problem: 2.11991715431
INFO:R0@tkref=0.0000: N of unsatisfied eq: 4
INFO:R0@tkref=0.0000: N of unsatisfied ieq: 9
INFO:R0@tkref=0.0000: Summary: Iteration limit exceeded after 41 it.
DEBUG:R0@tkref=0.0000: $$$$$$$$ CONFLICT LIST $$$$$$$$: []
INFO:R0: --------------------------
INFO:R0@tkref=3.4667: Time to solve stand alone optimization problem: 0.717826128006
INFO:R0@tkref=3.4667: N of unsatisfied eq: 3
INFO:R0@tkref=3.4667: N of unsatisfied ieq: 7
INFO:R0@tkref=3.4667: Summary: Optimization terminated successfully. after 13 it.
DEBUG:R0@tkref=3.4667: $$$$$$$$ CONFLICT LIST $$$$$$$$: []
INFO:R0: --------------------------
DEBUG:R0: LAST STEP
DEBUG:R0: Approx remaining dist: 0.932510065951
DEBUG:R0: Usual approx plan dist: 3.9
DEBUG:R0: Approx gain in dist: 2.96748993405
DEBUG:R0: Last step min dist: 0.5
INFO:R0: scale 0.239105145116 Ns 7 Nk 3
INFO:R0@tkref=6.9333: Time to solve stand alone optimization problem: 0.611401081085
INFO:R0@tkref=6.9333: N of unsatisfied eq: 10
INFO:R0@tkref=6.9333: N of unsatisfied ieq: 4
INFO:R0@tkref=6.9333: Summary: Iteration limit exceeded after 26 it.
DEBUG:R0@tkref=6.9333: $$$$$$$$ CONFLICT LIST $$$$$$$$: []
INFO:R0: Finished motion planning
INFO:R0: --------------------------
INFO:R0: TOT: 7.98145223571
INFO:R0: NSE: 3
INFO:R0: FIR: 2.12124300003
INFO:R0: LAS: 0.612240076065
INFO:R0: LMA: 0
INFO:R0: MAX: 0.718642950058
INFO:R0: MIN: 0.718642950058
INFO:R0: AVG: 0.718642950058
INFO:R0: RMP: 0.207300850978
INFO:R0: RMG: 0.207300850978
