DEBUG:R0: Using Tc_p = 1.49090909091
DEBUG:R0: Using Tc_d = 1.49090909091
INFO:R0: Init motion planning
INFO:R0@tkref=0.0000: Time to solve stand alone optimization problem: 1.6500480175
INFO:R0@tkref=0.0000: N of unsatisfied eq: 3
INFO:R0@tkref=0.0000: N of unsatisfied ieq: 9
INFO:R0@tkref=0.0000: Summary: Iteration limit exceeded after 41 it.
DEBUG:R0@tkref=0.0000: $$$$$$$$ CONFLICT LIST $$$$$$$$: []
INFO:R0: --------------------------
INFO:R0@tkref=1.4909: Time to solve stand alone optimization problem: 0.417163133621
INFO:R0@tkref=1.4909: N of unsatisfied eq: 2
INFO:R0@tkref=1.4909: N of unsatisfied ieq: 8
INFO:R0@tkref=1.4909: Summary: Optimization terminated successfully. after 9 it.
DEBUG:R0@tkref=1.4909: $$$$$$$$ CONFLICT LIST $$$$$$$$: []
INFO:R0: --------------------------
INFO:R0@tkref=2.9818: Time to solve stand alone optimization problem: 0.273775100708
INFO:R0@tkref=2.9818: N of unsatisfied eq: 2
INFO:R0@tkref=2.9818: N of unsatisfied ieq: 8
INFO:R0@tkref=2.9818: Summary: Optimization terminated successfully. after 6 it.
DEBUG:R0@tkref=2.9818: $$$$$$$$ CONFLICT LIST $$$$$$$$: []
INFO:R0: --------------------------
INFO:R0@tkref=4.4727: Time to solve stand alone optimization problem: 0.408999204636
INFO:R0@tkref=4.4727: N of unsatisfied eq: 3
INFO:R0@tkref=4.4727: N of unsatisfied ieq: 8
INFO:R0@tkref=4.4727: Summary: Optimization terminated successfully. after 9 it.
DEBUG:R0@tkref=4.4727: $$$$$$$$ CONFLICT LIST $$$$$$$$: []
INFO:R0: --------------------------
DEBUG:R0: LAST STEP
DEBUG:R0: Approx remaining dist: 1.4950032981
DEBUG:R0: Usual approx plan dist: 4.1
DEBUG:R0: Approx gain in dist: 2.6049967019
DEBUG:R0: Last step min dist: 0.5
INFO:R0: scale 0.364634950755 Ns 7 Nk 3
INFO:R0@tkref=5.9636: Time to solve stand alone optimization problem: 0.558407068253
INFO:R0@tkref=5.9636: N of unsatisfied eq: 10
INFO:R0@tkref=5.9636: N of unsatisfied ieq: 3
INFO:R0@tkref=5.9636: Summary: Iteration limit exceeded after 26 it.
DEBUG:R0@tkref=5.9636: $$$$$$$$ CONFLICT LIST $$$$$$$$: []
INFO:R0: Finished motion planning
INFO:R0: --------------------------
INFO:R0: TOT: 7.65132471406
INFO:R0: NSE: 5
INFO:R0: FIR: 1.65138602257
INFO:R0: LAS: 0.559242010117
INFO:R0: LMA: 1
INFO:R0: MAX: 0.417969942093
INFO:R0: MIN: 0.274589061737
INFO:R0: AVG: 0.367457389832
INFO:R0: RMP: 0.280345692867
INFO:R0: RMG: 0.375101348249
