DEBUG:R0: Using Tc_p = 1.3
DEBUG:R0: Using Tc_d = 1.3
INFO:R0: Init motion planning
INFO:R0@tkref=0.0000: Time to solve stand alone optimization problem: 1.43898701668
INFO:R0@tkref=0.0000: N of unsatisfied eq: 4
INFO:R0@tkref=0.0000: N of unsatisfied ieq: 8
INFO:R0@tkref=0.0000: Summary: Iteration limit exceeded after 41 it.
DEBUG:R0@tkref=0.0000: $$$$$$$$ CONFLICT LIST $$$$$$$$: []
INFO:R0: --------------------------
INFO:R0@tkref=1.3000: Time to solve stand alone optimization problem: 0.280816078186
INFO:R0@tkref=1.3000: N of unsatisfied eq: 2
INFO:R0@tkref=1.3000: N of unsatisfied ieq: 7
INFO:R0@tkref=1.3000: Summary: Optimization terminated successfully. after 7 it.
DEBUG:R0@tkref=1.3000: $$$$$$$$ CONFLICT LIST $$$$$$$$: []
INFO:R0: --------------------------
INFO:R0@tkref=2.6000: Time to solve stand alone optimization problem: 0.275418996811
INFO:R0@tkref=2.6000: N of unsatisfied eq: 3
INFO:R0@tkref=2.6000: N of unsatisfied ieq: 7
INFO:R0@tkref=2.6000: Summary: Optimization terminated successfully. after 7 it.
DEBUG:R0@tkref=2.6000: $$$$$$$$ CONFLICT LIST $$$$$$$$: []
INFO:R0: --------------------------
INFO:R0@tkref=3.9000: Time to solve stand alone optimization problem: 0.584784030914
INFO:R0@tkref=3.9000: N of unsatisfied eq: 2
INFO:R0@tkref=3.9000: N of unsatisfied ieq: 7
INFO:R0@tkref=3.9000: Summary: Optimization terminated successfully. after 15 it.
DEBUG:R0@tkref=3.9000: $$$$$$$$ CONFLICT LIST $$$$$$$$: []
INFO:R0: --------------------------
INFO:R0@tkref=5.2000: Time to solve stand alone optimization problem: 0.0811538696289
INFO:R0@tkref=5.2000: N of unsatisfied eq: 3
INFO:R0@tkref=5.2000: N of unsatisfied ieq: 6
INFO:R0@tkref=5.2000: Summary: Optimization terminated successfully. after 2 it.
DEBUG:R0@tkref=5.2000: $$$$$$$$ CONFLICT LIST $$$$$$$$: []
INFO:R0: --------------------------
DEBUG:R0: LAST STEP
DEBUG:R0: Approx remaining dist: 0.857973640101
DEBUG:R0: Usual approx plan dist: 3.9
DEBUG:R0: Approx gain in dist: 3.0420263599
DEBUG:R0: Last step min dist: 0.5
INFO:R0: scale 0.219993241051 Ns 7 Nk 3
INFO:R0@tkref=6.5000: Time to solve stand alone optimization problem: 0.494132041931
INFO:R0@tkref=6.5000: N of unsatisfied eq: 10
INFO:R0@tkref=6.5000: N of unsatisfied ieq: 4
INFO:R0@tkref=6.5000: Summary: Iteration limit exceeded after 26 it.
DEBUG:R0@tkref=6.5000: $$$$$$$$ CONFLICT LIST $$$$$$$$: []
INFO:R0: Finished motion planning
INFO:R0: --------------------------
INFO:R0: TOT: 7.4642534238
INFO:R0: NSE: 6
INFO:R0: FIR: 1.44063186646
INFO:R0: LAS: 0.494967222214
INFO:R0: LMA: 0
INFO:R0: MAX: 0.585594892502
INFO:R0: MIN: 0.0818989276886
INFO:R0: AVG: 0.306324899197
INFO:R0: RMP: 0.450457609617
INFO:R0: RMG: 0.450457609617
