DEBUG:R0: Using Tc_p = 2.61111111111
DEBUG:R0: Using Tc_d = 2.61111111111
INFO:R0: Init motion planning
INFO:R0@tkref=0.0000: Time to solve stand alone optimization problem: 1.32653903961
INFO:R0@tkref=0.0000: N of unsatisfied eq: 5
INFO:R0@tkref=0.0000: N of unsatisfied ieq: 6
INFO:R0@tkref=0.0000: Summary: Iteration limit exceeded after 41 it.
DEBUG:R0@tkref=0.0000: $$$$$$$$ CONFLICT LIST $$$$$$$$: []
INFO:R0: --------------------------
INFO:R0@tkref=2.6111: Time to solve stand alone optimization problem: 0.300280094147
INFO:R0@tkref=2.6111: N of unsatisfied eq: 2
INFO:R0@tkref=2.6111: N of unsatisfied ieq: 6
INFO:R0@tkref=2.6111: Summary: Optimization terminated successfully. after 8 it.
DEBUG:R0@tkref=2.6111: $$$$$$$$ CONFLICT LIST $$$$$$$$: []
INFO:R0: --------------------------
DEBUG:R0: LAST STEP
DEBUG:R0: Approx remaining dist: 2.24923473007
DEBUG:R0: Usual approx plan dist: 4.7
DEBUG:R0: Approx gain in dist: 2.45076526993
DEBUG:R0: Last step min dist: 0.5
INFO:R0: scale 0.478560580865 Ns 7 Nk 3
INFO:R0@tkref=5.2222: Time to solve stand alone optimization problem: 0.580765962601
INFO:R0@tkref=5.2222: N of unsatisfied eq: 10
INFO:R0@tkref=5.2222: N of unsatisfied ieq: 3
INFO:R0@tkref=5.2222: Summary: Iteration limit exceeded after 26 it.
DEBUG:R0@tkref=5.2222: $$$$$$$$ CONFLICT LIST $$$$$$$$: []
INFO:R0: Finished motion planning
INFO:R0: --------------------------
INFO:R0: TOT: 7.81568096726
INFO:R0: NSE: 3
INFO:R0: FIR: 1.3280749321
INFO:R0: LAS: 0.581582069397
INFO:R0: LMA: 1
INFO:R0: MAX: 0.301102876663
INFO:R0: MIN: 0.301102876663
INFO:R0: AVG: 0.301102876663
INFO:R0: RMP: 0.115315995318
INFO:R0: RMG: 0.222733558492
