DEBUG:R0: Using Tc_p = 0.488888888889
DEBUG:R0: Using Tc_d = 0.488888888889
INFO:R0: Init motion planning
INFO:R0@tkref=0.0000: Time to solve stand alone optimization problem: 1.46449899673
INFO:R0@tkref=0.0000: N of unsatisfied eq: 4
INFO:R0@tkref=0.0000: N of unsatisfied ieq: 6
INFO:R0@tkref=0.0000: Summary: Iteration limit exceeded after 41 it.
DEBUG:R0@tkref=0.0000: $$$$$$$$ CONFLICT LIST $$$$$$$$: []
INFO:R0: --------------------------
INFO:R0@tkref=0.4889: Time to solve stand alone optimization problem: 0.0370590686798
INFO:R0@tkref=0.4889: N of unsatisfied eq: 3
INFO:R0@tkref=0.4889: N of unsatisfied ieq: 4
INFO:R0@tkref=0.4889: Summary: Optimization terminated successfully. after 1 it.
DEBUG:R0@tkref=0.4889: $$$$$$$$ CONFLICT LIST $$$$$$$$: []
INFO:R0: --------------------------
INFO:R0@tkref=0.9778: Time to solve stand alone optimization problem: 0.253284215927
INFO:R0@tkref=0.9778: N of unsatisfied eq: 3
INFO:R0@tkref=0.9778: N of unsatisfied ieq: 8
INFO:R0@tkref=0.9778: Summary: Optimization terminated successfully. after 6 it.
DEBUG:R0@tkref=0.9778: $$$$$$$$ CONFLICT LIST $$$$$$$$: []
INFO:R0: --------------------------
INFO:R0@tkref=1.4667: Time to solve stand alone optimization problem: 0.444015979767
INFO:R0@tkref=1.4667: N of unsatisfied eq: 1
INFO:R0@tkref=1.4667: N of unsatisfied ieq: 8
INFO:R0@tkref=1.4667: Summary: Optimization terminated successfully. after 11 it.
DEBUG:R0@tkref=1.4667: $$$$$$$$ CONFLICT LIST $$$$$$$$: []
INFO:R0: --------------------------
INFO:R0@tkref=1.9556: Time to solve stand alone optimization problem: 0.676192045212
INFO:R0@tkref=1.9556: N of unsatisfied eq: 3
INFO:R0@tkref=1.9556: N of unsatisfied ieq: 6
INFO:R0@tkref=1.9556: Summary: Iteration limit exceeded after 16 it.
DEBUG:R0@tkref=1.9556: $$$$$$$$ CONFLICT LIST $$$$$$$$: []
INFO:R0: --------------------------
INFO:R0@tkref=2.4444: Time to solve stand alone optimization problem: 0.564535856247
INFO:R0@tkref=2.4444: N of unsatisfied eq: 3
INFO:R0@tkref=2.4444: N of unsatisfied ieq: 7
INFO:R0@tkref=2.4444: Summary: Optimization terminated successfully. after 14 it.
DEBUG:R0@tkref=2.4444: $$$$$$$$ CONFLICT LIST $$$$$$$$: []
INFO:R0: --------------------------
INFO:R0@tkref=2.9333: Time to solve stand alone optimization problem: 0.561069965363
INFO:R0@tkref=2.9333: N of unsatisfied eq: 3
INFO:R0@tkref=2.9333: N of unsatisfied ieq: 8
INFO:R0@tkref=2.9333: Summary: Optimization terminated successfully. after 14 it.
DEBUG:R0@tkref=2.9333: $$$$$$$$ CONFLICT LIST $$$$$$$$: []
INFO:R0: --------------------------
INFO:R0@tkref=3.4222: Time to solve stand alone optimization problem: 0.366731882095
INFO:R0@tkref=3.4222: N of unsatisfied eq: 3
INFO:R0@tkref=3.4222: N of unsatisfied ieq: 8
INFO:R0@tkref=3.4222: Summary: Optimization terminated successfully. after 9 it.
DEBUG:R0@tkref=3.4222: $$$$$$$$ CONFLICT LIST $$$$$$$$: []
INFO:R0: --------------------------
INFO:R0@tkref=3.9111: Time to solve stand alone optimization problem: 0.443995952606
INFO:R0@tkref=3.9111: N of unsatisfied eq: 3
INFO:R0@tkref=3.9111: N of unsatisfied ieq: 9
INFO:R0@tkref=3.9111: Summary: Optimization terminated successfully. after 11 it.
DEBUG:R0@tkref=3.9111: $$$$$$$$ CONFLICT LIST $$$$$$$$: []
INFO:R0: --------------------------
INFO:R0@tkref=4.4000: Time to solve stand alone optimization problem: 0.321797847748
INFO:R0@tkref=4.4000: N of unsatisfied eq: 3
INFO:R0@tkref=4.4000: N of unsatisfied ieq: 8
INFO:R0@tkref=4.4000: Summary: Optimization terminated successfully. after 8 it.
DEBUG:R0@tkref=4.4000: $$$$$$$$ CONFLICT LIST $$$$$$$$: []
INFO:R0: --------------------------
INFO:R0@tkref=4.8889: Time to solve stand alone optimization problem: 0.126021146774
INFO:R0@tkref=4.8889: N of unsatisfied eq: 3
INFO:R0@tkref=4.8889: N of unsatisfied ieq: 7
INFO:R0@tkref=4.8889: Summary: Optimization terminated successfully. after 3 it.
DEBUG:R0@tkref=4.8889: $$$$$$$$ CONFLICT LIST $$$$$$$$: []
INFO:R0: --------------------------
INFO:R0@tkref=5.3778: Time to solve stand alone optimization problem: 0.0430707931519
INFO:R0@tkref=5.3778: N of unsatisfied eq: 3
INFO:R0@tkref=5.3778: N of unsatisfied ieq: 5
INFO:R0@tkref=5.3778: Summary: Optimization terminated successfully. after 1 it.
DEBUG:R0@tkref=5.3778: $$$$$$$$ CONFLICT LIST $$$$$$$$: []
INFO:R0: --------------------------
INFO:R0@tkref=5.8667: Time to solve stand alone optimization problem: 0.0429949760437
INFO:R0@tkref=5.8667: N of unsatisfied eq: 3
INFO:R0@tkref=5.8667: N of unsatisfied ieq: 3
INFO:R0@tkref=5.8667: Summary: Optimization terminated successfully. after 1 it.
DEBUG:R0@tkref=5.8667: $$$$$$$$ CONFLICT LIST $$$$$$$$: []
INFO:R0: --------------------------
DEBUG:R0: LAST STEP
DEBUG:R0: Approx remaining dist: 0.959143742414
DEBUG:R0: Usual approx plan dist: 2.2
DEBUG:R0: Approx gain in dist: 1.24085625759
DEBUG:R0: Last step min dist: 0.5
INFO:R0: scale 0.43597442837 Ns 7 Nk 3
INFO:R0@tkref=6.3556: Time to solve stand alone optimization problem: 0.499186038971
INFO:R0@tkref=6.3556: N of unsatisfied eq: 10
INFO:R0@tkref=6.3556: N of unsatisfied ieq: 4
INFO:R0@tkref=6.3556: Summary: Iteration limit exceeded after 26 it.
DEBUG:R0@tkref=6.3556: $$$$$$$$ CONFLICT LIST $$$$$$$$: []
INFO:R0: Finished motion planning
INFO:R0: --------------------------
INFO:R0: TOT: 7.4334924861
INFO:R0: NSE: 14
INFO:R0: FIR: 1.46591997147
INFO:R0: LAS: 0.500020027161
INFO:R0: LMA: 0
INFO:R0: MAX: 0.677006006241
INFO:R0: MIN: 0.0377900600433
INFO:R0: AVG: 0.324201325576
INFO:R0: RMP: 1.38478501277
INFO:R0: RMG: 1.38478501277
