DEBUG:R0: Using Tc_p = 0.2
DEBUG:R0: Using Tc_d = 0.2
INFO:R0: Init motion planning
INFO:R0@tkref=0.0000: Time to solve stand alone optimization problem: 0.965645074844
INFO:R0@tkref=0.0000: N of unsatisfied eq: 5
INFO:R0@tkref=0.0000: N of unsatisfied ieq: 8
INFO:R0@tkref=0.0000: Summary: Iteration limit exceeded after 41 it.
DEBUG:R0@tkref=0.0000: $$$$$$$$ CONFLICT LIST $$$$$$$$: []
INFO:R0: --------------------------
INFO:R0@tkref=0.2000: Time to solve stand alone optimization problem: 0.0698339939117
INFO:R0@tkref=0.2000: N of unsatisfied eq: 3
INFO:R0@tkref=0.2000: N of unsatisfied ieq: 6
INFO:R0@tkref=0.2000: Summary: Optimization terminated successfully. after 3 it.
DEBUG:R0@tkref=0.2000: $$$$$$$$ CONFLICT LIST $$$$$$$$: []
INFO:R0: --------------------------
INFO:R0@tkref=0.4000: Time to solve stand alone optimization problem: 0.0700991153717
INFO:R0@tkref=0.4000: N of unsatisfied eq: 3
INFO:R0@tkref=0.4000: N of unsatisfied ieq: 6
INFO:R0@tkref=0.4000: Summary: Optimization terminated successfully. after 3 it.
DEBUG:R0@tkref=0.4000: $$$$$$$$ CONFLICT LIST $$$$$$$$: []
INFO:R0: --------------------------
INFO:R0@tkref=0.6000: Time to solve stand alone optimization problem: 0.0710461139679
INFO:R0@tkref=0.6000: N of unsatisfied eq: 3
INFO:R0@tkref=0.6000: N of unsatisfied ieq: 6
INFO:R0@tkref=0.6000: Summary: Optimization terminated successfully. after 3 it.
DEBUG:R0@tkref=0.6000: $$$$$$$$ CONFLICT LIST $$$$$$$$: []
INFO:R0: --------------------------
INFO:R0@tkref=0.8000: Time to solve stand alone optimization problem: 0.0451581478119
INFO:R0@tkref=0.8000: N of unsatisfied eq: 3
INFO:R0@tkref=0.8000: N of unsatisfied ieq: 6
INFO:R0@tkref=0.8000: Summary: Optimization terminated successfully. after 2 it.
DEBUG:R0@tkref=0.8000: $$$$$$$$ CONFLICT LIST $$$$$$$$: []
INFO:R0: --------------------------
INFO:R0@tkref=1.0000: Time to solve stand alone optimization problem: 0.0245790481567
INFO:R0@tkref=1.0000: N of unsatisfied eq: 3
INFO:R0@tkref=1.0000: N of unsatisfied ieq: 6
INFO:R0@tkref=1.0000: Summary: Optimization terminated successfully. after 1 it.
DEBUG:R0@tkref=1.0000: $$$$$$$$ CONFLICT LIST $$$$$$$$: []
INFO:R0: --------------------------
INFO:R0@tkref=1.2000: Time to solve stand alone optimization problem: 0.0248098373413
INFO:R0@tkref=1.2000: N of unsatisfied eq: 3
INFO:R0@tkref=1.2000: N of unsatisfied ieq: 6
INFO:R0@tkref=1.2000: Summary: Optimization terminated successfully. after 1 it.
DEBUG:R0@tkref=1.2000: $$$$$$$$ CONFLICT LIST $$$$$$$$: []
INFO:R0: --------------------------
INFO:R0@tkref=1.4000: Time to solve stand alone optimization problem: 0.049232006073
INFO:R0@tkref=1.4000: N of unsatisfied eq: 4
INFO:R0@tkref=1.4000: N of unsatisfied ieq: 6
INFO:R0@tkref=1.4000: Summary: Optimization terminated successfully. after 2 it.
DEBUG:R0@tkref=1.4000: $$$$$$$$ CONFLICT LIST $$$$$$$$: []
INFO:R0: --------------------------
INFO:R0@tkref=1.6000: Time to solve stand alone optimization problem: 0.0281980037689
INFO:R0@tkref=1.6000: N of unsatisfied eq: 5
INFO:R0@tkref=1.6000: N of unsatisfied ieq: 5
INFO:R0@tkref=1.6000: Summary: Optimization terminated successfully. after 1 it.
DEBUG:R0@tkref=1.6000: $$$$$$$$ CONFLICT LIST $$$$$$$$: []
INFO:R0: --------------------------
INFO:R0@tkref=1.8000: Time to solve stand alone optimization problem: 0.0244610309601
INFO:R0@tkref=1.8000: N of unsatisfied eq: 3
INFO:R0@tkref=1.8000: N of unsatisfied ieq: 5
INFO:R0@tkref=1.8000: Summary: Optimization terminated successfully. after 1 it.
DEBUG:R0@tkref=1.8000: $$$$$$$$ CONFLICT LIST $$$$$$$$: []
INFO:R0: --------------------------
INFO:R0@tkref=2.0000: Time to solve stand alone optimization problem: 0.0234560966492
INFO:R0@tkref=2.0000: N of unsatisfied eq: 4
INFO:R0@tkref=2.0000: N of unsatisfied ieq: 5
INFO:R0@tkref=2.0000: Summary: Optimization terminated successfully. after 1 it.
DEBUG:R0@tkref=2.0000: $$$$$$$$ CONFLICT LIST $$$$$$$$: []
INFO:R0: --------------------------
INFO:R0@tkref=2.2000: Time to solve stand alone optimization problem: 0.0233819484711
INFO:R0@tkref=2.2000: N of unsatisfied eq: 3
INFO:R0@tkref=2.2000: N of unsatisfied ieq: 5
INFO:R0@tkref=2.2000: Summary: Optimization terminated successfully. after 1 it.
DEBUG:R0@tkref=2.2000: $$$$$$$$ CONFLICT LIST $$$$$$$$: []
INFO:R0: --------------------------
INFO:R0@tkref=2.4000: Time to solve stand alone optimization problem: 0.0231969356537
INFO:R0@tkref=2.4000: N of unsatisfied eq: 4
INFO:R0@tkref=2.4000: N of unsatisfied ieq: 7
INFO:R0@tkref=2.4000: Summary: Optimization terminated successfully. after 1 it.
DEBUG:R0@tkref=2.4000: $$$$$$$$ CONFLICT LIST $$$$$$$$: []
INFO:R0: --------------------------
INFO:R0@tkref=2.6000: Time to solve stand alone optimization problem: 0.0231139659882
INFO:R0@tkref=2.6000: N of unsatisfied eq: 4
INFO:R0@tkref=2.6000: N of unsatisfied ieq: 6
INFO:R0@tkref=2.6000: Summary: Optimization terminated successfully. after 1 it.
DEBUG:R0@tkref=2.6000: $$$$$$$$ CONFLICT LIST $$$$$$$$: []
INFO:R0: --------------------------
INFO:R0@tkref=2.8000: Time to solve stand alone optimization problem: 0.023059129715
INFO:R0@tkref=2.8000: N of unsatisfied eq: 3
INFO:R0@tkref=2.8000: N of unsatisfied ieq: 6
INFO:R0@tkref=2.8000: Summary: Optimization terminated successfully. after 1 it.
DEBUG:R0@tkref=2.8000: $$$$$$$$ CONFLICT LIST $$$$$$$$: []
INFO:R0: --------------------------
INFO:R0@tkref=3.0000: Time to solve stand alone optimization problem: 0.0230898857117
INFO:R0@tkref=3.0000: N of unsatisfied eq: 2
INFO:R0@tkref=3.0000: N of unsatisfied ieq: 4
INFO:R0@tkref=3.0000: Summary: Optimization terminated successfully. after 1 it.
DEBUG:R0@tkref=3.0000: $$$$$$$$ CONFLICT LIST $$$$$$$$: []
INFO:R0: --------------------------
INFO:R0@tkref=3.2000: Time to solve stand alone optimization problem: 0.0231359004974
INFO:R0@tkref=3.2000: N of unsatisfied eq: 5
INFO:R0@tkref=3.2000: N of unsatisfied ieq: 5
INFO:R0@tkref=3.2000: Summary: Optimization terminated successfully. after 1 it.
DEBUG:R0@tkref=3.2000: $$$$$$$$ CONFLICT LIST $$$$$$$$: []
INFO:R0: --------------------------
INFO:R0@tkref=3.4000: Time to solve stand alone optimization problem: 0.0231049060822
INFO:R0@tkref=3.4000: N of unsatisfied eq: 4
INFO:R0@tkref=3.4000: N of unsatisfied ieq: 7
INFO:R0@tkref=3.4000: Summary: Optimization terminated successfully. after 1 it.
DEBUG:R0@tkref=3.4000: $$$$$$$$ CONFLICT LIST $$$$$$$$: []
INFO:R0: --------------------------
INFO:R0@tkref=3.6000: Time to solve stand alone optimization problem: 0.0231680870056
INFO:R0@tkref=3.6000: N of unsatisfied eq: 4
INFO:R0@tkref=3.6000: N of unsatisfied ieq: 6
INFO:R0@tkref=3.6000: Summary: Optimization terminated successfully. after 1 it.
DEBUG:R0@tkref=3.6000: $$$$$$$$ CONFLICT LIST $$$$$$$$: []
INFO:R0: --------------------------
INFO:R0@tkref=3.8000: Time to solve stand alone optimization problem: 0.0231750011444
INFO:R0@tkref=3.8000: N of unsatisfied eq: 4
INFO:R0@tkref=3.8000: N of unsatisfied ieq: 7
INFO:R0@tkref=3.8000: Summary: Optimization terminated successfully. after 1 it.
DEBUG:R0@tkref=3.8000: $$$$$$$$ CONFLICT LIST $$$$$$$$: []
INFO:R0: --------------------------
INFO:R0@tkref=4.0000: Time to solve stand alone optimization problem: 0.0228359699249
INFO:R0@tkref=4.0000: N of unsatisfied eq: 5
INFO:R0@tkref=4.0000: N of unsatisfied ieq: 6
INFO:R0@tkref=4.0000: Summary: Optimization terminated successfully. after 1 it.
DEBUG:R0@tkref=4.0000: $$$$$$$$ CONFLICT LIST $$$$$$$$: []
INFO:R0: --------------------------
INFO:R0@tkref=4.2000: Time to solve stand alone optimization problem: 0.0227930545807
INFO:R0@tkref=4.2000: N of unsatisfied eq: 5
INFO:R0@tkref=4.2000: N of unsatisfied ieq: 7
INFO:R0@tkref=4.2000: Summary: Optimization terminated successfully. after 1 it.
DEBUG:R0@tkref=4.2000: $$$$$$$$ CONFLICT LIST $$$$$$$$: []
INFO:R0: --------------------------
INFO:R0@tkref=4.4000: Time to solve stand alone optimization problem: 0.0227580070496
INFO:R0@tkref=4.4000: N of unsatisfied eq: 3
INFO:R0@tkref=4.4000: N of unsatisfied ieq: 6
INFO:R0@tkref=4.4000: Summary: Optimization terminated successfully. after 1 it.
DEBUG:R0@tkref=4.4000: $$$$$$$$ CONFLICT LIST $$$$$$$$: []
INFO:R0: --------------------------
INFO:R0@tkref=4.6000: Time to solve stand alone optimization problem: 0.0228099822998
INFO:R0@tkref=4.6000: N of unsatisfied eq: 4
INFO:R0@tkref=4.6000: N of unsatisfied ieq: 6
INFO:R0@tkref=4.6000: Summary: Optimization terminated successfully. after 1 it.
DEBUG:R0@tkref=4.6000: $$$$$$$$ CONFLICT LIST $$$$$$$$: []
INFO:R0: --------------------------
INFO:R0@tkref=4.8000: Time to solve stand alone optimization problem: 0.0228078365326
INFO:R0@tkref=4.8000: N of unsatisfied eq: 5
INFO:R0@tkref=4.8000: N of unsatisfied ieq: 6
INFO:R0@tkref=4.8000: Summary: Optimization terminated successfully. after 1 it.
DEBUG:R0@tkref=4.8000: $$$$$$$$ CONFLICT LIST $$$$$$$$: []
INFO:R0: --------------------------
INFO:R0@tkref=5.0000: Time to solve stand alone optimization problem: 0.0230488777161
INFO:R0@tkref=5.0000: N of unsatisfied eq: 5
INFO:R0@tkref=5.0000: N of unsatisfied ieq: 6
INFO:R0@tkref=5.0000: Summary: Optimization terminated successfully. after 1 it.
DEBUG:R0@tkref=5.0000: $$$$$$$$ CONFLICT LIST $$$$$$$$: []
INFO:R0: --------------------------
INFO:R0@tkref=5.2000: Time to solve stand alone optimization problem: 0.0229778289795
INFO:R0@tkref=5.2000: N of unsatisfied eq: 5
INFO:R0@tkref=5.2000: N of unsatisfied ieq: 7
INFO:R0@tkref=5.2000: Summary: Optimization terminated successfully. after 1 it.
DEBUG:R0@tkref=5.2000: $$$$$$$$ CONFLICT LIST $$$$$$$$: []
INFO:R0: --------------------------
INFO:R0@tkref=5.4000: Time to solve stand alone optimization problem: 0.022989988327
INFO:R0@tkref=5.4000: N of unsatisfied eq: 3
INFO:R0@tkref=5.4000: N of unsatisfied ieq: 6
INFO:R0@tkref=5.4000: Summary: Optimization terminated successfully. after 1 it.
DEBUG:R0@tkref=5.4000: $$$$$$$$ CONFLICT LIST $$$$$$$$: []
INFO:R0: --------------------------
INFO:R0@tkref=5.6000: Time to solve stand alone optimization problem: 0.0231440067291
INFO:R0@tkref=5.6000: N of unsatisfied eq: 2
INFO:R0@tkref=5.6000: N of unsatisfied ieq: 5
INFO:R0@tkref=5.6000: Summary: Optimization terminated successfully. after 1 it.
DEBUG:R0@tkref=5.6000: $$$$$$$$ CONFLICT LIST $$$$$$$$: []
INFO:R0: --------------------------
INFO:R0@tkref=5.8000: Time to solve stand alone optimization problem: 0.0267860889435
INFO:R0@tkref=5.8000: N of unsatisfied eq: 3
INFO:R0@tkref=5.8000: N of unsatisfied ieq: 7
INFO:R0@tkref=5.8000: Summary: Optimization terminated successfully. after 1 it.
DEBUG:R0@tkref=5.8000: $$$$$$$$ CONFLICT LIST $$$$$$$$: []
INFO:R0: --------------------------
INFO:R0@tkref=6.0000: Time to solve stand alone optimization problem: 0.0231428146362
INFO:R0@tkref=6.0000: N of unsatisfied eq: 4
INFO:R0@tkref=6.0000: N of unsatisfied ieq: 7
INFO:R0@tkref=6.0000: Summary: Optimization terminated successfully. after 1 it.
DEBUG:R0@tkref=6.0000: $$$$$$$$ CONFLICT LIST $$$$$$$$: []
INFO:R0: --------------------------
INFO:R0@tkref=6.2000: Time to solve stand alone optimization problem: 0.0232911109924
INFO:R0@tkref=6.2000: N of unsatisfied eq: 5
INFO:R0@tkref=6.2000: N of unsatisfied ieq: 6
INFO:R0@tkref=6.2000: Summary: Optimization terminated successfully. after 1 it.
DEBUG:R0@tkref=6.2000: $$$$$$$$ CONFLICT LIST $$$$$$$$: []
INFO:R0: --------------------------
DEBUG:R0: LAST STEP
DEBUG:R0: Approx remaining dist: 0.77120050001
DEBUG:R0: Usual approx plan dist: 2.2
DEBUG:R0: Approx gain in dist: 1.42879949999
DEBUG:R0: Last step min dist: 0.5
INFO:R0: scale 0.350545681823 Ns 7 Nk 3
INFO:R0@tkref=6.4000: Time to solve stand alone optimization problem: 0.361637830734
INFO:R0@tkref=6.4000: N of unsatisfied eq: 10
INFO:R0@tkref=6.4000: N of unsatisfied ieq: 4
INFO:R0@tkref=6.4000: Summary: Iteration limit exceeded after 26 it.
DEBUG:R0@tkref=6.4000: $$$$$$$$ CONFLICT LIST $$$$$$$$: []
INFO:R0: Finished motion planning
INFO:R0: --------------------------
INFO:R0: TOT: 7.26669843265
INFO:R0: NSE: 33
INFO:R0: FIR: 0.966841936111
INFO:R0: LAS: 0.362365007401
INFO:R0: LMA: 1
INFO:R0: MAX: 0.0716931819916
INFO:R0: MIN: 0.0234081745148
INFO:R0: AVG: 0.0303065930643
INFO:R0: RMP: 0.358465909958
INFO:R0: RMG: 1.811825037
