DEBUG:R0: Using Tc_p = 2.4
DEBUG:R0: Using Tc_d = 2.4
INFO:R0: Init motion planning
INFO:R0@tkref=0.0000: Time to solve stand alone optimization problem: 1.39260292053
INFO:R0@tkref=0.0000: N of unsatisfied eq: 4
INFO:R0@tkref=0.0000: N of unsatisfied ieq: 8
INFO:R0@tkref=0.0000: Summary: Iteration limit exceeded after 41 it.
DEBUG:R0@tkref=0.0000: $$$$$$$$ CONFLICT LIST $$$$$$$$: []
INFO:R0: --------------------------
INFO:R0@tkref=2.4000: Time to solve stand alone optimization problem: 0.269250154495
INFO:R0@tkref=2.4000: N of unsatisfied eq: 2
INFO:R0@tkref=2.4000: N of unsatisfied ieq: 5
INFO:R0@tkref=2.4000: Summary: Optimization terminated successfully. after 7 it.
DEBUG:R0@tkref=2.4000: $$$$$$$$ CONFLICT LIST $$$$$$$$: []
INFO:R0: --------------------------
DEBUG:R0: LAST STEP
DEBUG:R0: Approx remaining dist: 2.67934840017
DEBUG:R0: Usual approx plan dist: 4.8
DEBUG:R0: Approx gain in dist: 2.12065159983
DEBUG:R0: Last step min dist: 0.5
INFO:R0: scale 0.558197583369 Ns 7 Nk 3
INFO:R0@tkref=4.8000: Time to solve stand alone optimization problem: 0.563876152039
INFO:R0@tkref=4.8000: N of unsatisfied eq: 7
INFO:R0@tkref=4.8000: N of unsatisfied ieq: 3
INFO:R0@tkref=4.8000: Summary: Iteration limit exceeded after 26 it.
DEBUG:R0@tkref=4.8000: $$$$$$$$ CONFLICT LIST $$$$$$$$: []
INFO:R0: Finished motion planning
INFO:R0: --------------------------
INFO:R0: TOT: 7.95545059664
INFO:R0: NSE: 3
INFO:R0: FIR: 1.39388489723
INFO:R0: LAS: 0.564693212509
INFO:R0: LMA: 1
INFO:R0: MAX: 0.270075082779
INFO:R0: MIN: 0.270075082779
INFO:R0: AVG: 0.270075082779
INFO:R0: RMP: 0.112531284491
INFO:R0: RMG: 0.235288838545
