DEBUG:R0: Using Tc_p = 2.88
DEBUG:R0: Using Tc_d = 2.88
INFO:R0: Init motion planning
INFO:R0@tkref=0.0000: Time to solve stand alone optimization problem: 1.04544901848
INFO:R0@tkref=0.0000: N of unsatisfied eq: 4
INFO:R0@tkref=0.0000: N of unsatisfied ieq: 6
INFO:R0@tkref=0.0000: Summary: Iteration limit exceeded after 41 it.
DEBUG:R0@tkref=0.0000: $$$$$$$$ CONFLICT LIST $$$$$$$$: []
INFO:R0: --------------------------
INFO:R0@tkref=2.8800: Time to solve stand alone optimization problem: 0.026319026947
INFO:R0@tkref=2.8800: N of unsatisfied eq: 3
INFO:R0@tkref=2.8800: N of unsatisfied ieq: 5
INFO:R0@tkref=2.8800: Summary: Optimization terminated successfully. after 1 it.
DEBUG:R0@tkref=2.8800: $$$$$$$$ CONFLICT LIST $$$$$$$$: []
INFO:R0: --------------------------
DEBUG:R0: LAST STEP
DEBUG:R0: Approx remaining dist: 1.3901825943
DEBUG:R0: Usual approx plan dist: 3.2
DEBUG:R0: Approx gain in dist: 1.8098174057
DEBUG:R0: Last step min dist: 0.5
INFO:R0: scale 0.434432060719 Ns 7 Nk 3
INFO:R0@tkref=5.7600: Time to solve stand alone optimization problem: 0.373754024506
INFO:R0@tkref=5.7600: N of unsatisfied eq: 8
INFO:R0@tkref=5.7600: N of unsatisfied ieq: 4
INFO:R0@tkref=5.7600: Summary: Iteration limit exceeded after 26 it.
DEBUG:R0@tkref=5.7600: $$$$$$$$ CONFLICT LIST $$$$$$$$: []
INFO:R0: Finished motion planning
INFO:R0: --------------------------
INFO:R0: TOT: 7.32252274456
INFO:R0: NSE: 3
INFO:R0: FIR: 1.0476269722
INFO:R0: LAS: 0.374526977539
INFO:R0: LMA: 1
INFO:R0: MAX: 0.026997089386
INFO:R0: MIN: 0.026997089386
INFO:R0: AVG: 0.026997089386
INFO:R0: RMP: 0.00937398937013
INFO:R0: RMG: 0.130044089423
