DEBUG:R0: Using Tc_p = 0.245454545455
DEBUG:R0: Using Tc_d = 0.245454545455
INFO:R0: Init motion planning
INFO:R0@tkref=0.0000: Time to solve stand alone optimization problem: 0.950212001801
INFO:R0@tkref=0.0000: N of unsatisfied eq: 5
INFO:R0@tkref=0.0000: N of unsatisfied ieq: 8
INFO:R0@tkref=0.0000: Summary: Iteration limit exceeded after 41 it.
DEBUG:R0@tkref=0.0000: $$$$$$$$ CONFLICT LIST $$$$$$$$: []
INFO:R0: --------------------------
INFO:R0@tkref=0.2455: Time to solve stand alone optimization problem: 0.0694468021393
INFO:R0@tkref=0.2455: N of unsatisfied eq: 3
INFO:R0@tkref=0.2455: N of unsatisfied ieq: 6
INFO:R0@tkref=0.2455: Summary: Optimization terminated successfully. after 3 it.
DEBUG:R0@tkref=0.2455: $$$$$$$$ CONFLICT LIST $$$$$$$$: []
INFO:R0: --------------------------
INFO:R0@tkref=0.4909: Time to solve stand alone optimization problem: 0.0694489479065
INFO:R0@tkref=0.4909: N of unsatisfied eq: 3
INFO:R0@tkref=0.4909: N of unsatisfied ieq: 7
INFO:R0@tkref=0.4909: Summary: Optimization terminated successfully. after 3 it.
DEBUG:R0@tkref=0.4909: $$$$$$$$ CONFLICT LIST $$$$$$$$: []
INFO:R0: --------------------------
INFO:R0@tkref=0.7364: Time to solve stand alone optimization problem: 0.0474901199341
INFO:R0@tkref=0.7364: N of unsatisfied eq: 3
INFO:R0@tkref=0.7364: N of unsatisfied ieq: 6
INFO:R0@tkref=0.7364: Summary: Optimization terminated successfully. after 2 it.
DEBUG:R0@tkref=0.7364: $$$$$$$$ CONFLICT LIST $$$$$$$$: []
INFO:R0: --------------------------
INFO:R0@tkref=0.9818: Time to solve stand alone optimization problem: 0.0449409484863
INFO:R0@tkref=0.9818: N of unsatisfied eq: 3
INFO:R0@tkref=0.9818: N of unsatisfied ieq: 6
INFO:R0@tkref=0.9818: Summary: Optimization terminated successfully. after 2 it.
DEBUG:R0@tkref=0.9818: $$$$$$$$ CONFLICT LIST $$$$$$$$: []
INFO:R0: --------------------------
INFO:R0@tkref=1.2273: Time to solve stand alone optimization problem: 0.024307012558
INFO:R0@tkref=1.2273: N of unsatisfied eq: 3
INFO:R0@tkref=1.2273: N of unsatisfied ieq: 6
INFO:R0@tkref=1.2273: Summary: Optimization terminated successfully. after 1 it.
DEBUG:R0@tkref=1.2273: $$$$$$$$ CONFLICT LIST $$$$$$$$: []
INFO:R0: --------------------------
INFO:R0@tkref=1.4727: Time to solve stand alone optimization problem: 0.0242900848389
INFO:R0@tkref=1.4727: N of unsatisfied eq: 3
INFO:R0@tkref=1.4727: N of unsatisfied ieq: 6
INFO:R0@tkref=1.4727: Summary: Optimization terminated successfully. after 1 it.
DEBUG:R0@tkref=1.4727: $$$$$$$$ CONFLICT LIST $$$$$$$$: []
INFO:R0: --------------------------
INFO:R0@tkref=1.7182: Time to solve stand alone optimization problem: 0.048800945282
INFO:R0@tkref=1.7182: N of unsatisfied eq: 5
INFO:R0@tkref=1.7182: N of unsatisfied ieq: 6
INFO:R0@tkref=1.7182: Summary: Optimization terminated successfully. after 2 it.
DEBUG:R0@tkref=1.7182: $$$$$$$$ CONFLICT LIST $$$$$$$$: []
INFO:R0: --------------------------
INFO:R0@tkref=1.9636: Time to solve stand alone optimization problem: 0.0255391597748
INFO:R0@tkref=1.9636: N of unsatisfied eq: 4
INFO:R0@tkref=1.9636: N of unsatisfied ieq: 4
INFO:R0@tkref=1.9636: Summary: Optimization terminated successfully. after 1 it.
DEBUG:R0@tkref=1.9636: $$$$$$$$ CONFLICT LIST $$$$$$$$: []
INFO:R0: --------------------------
INFO:R0@tkref=2.2091: Time to solve stand alone optimization problem: 0.0230431556702
INFO:R0@tkref=2.2091: N of unsatisfied eq: 4
INFO:R0@tkref=2.2091: N of unsatisfied ieq: 6
INFO:R0@tkref=2.2091: Summary: Optimization terminated successfully. after 1 it.
DEBUG:R0@tkref=2.2091: $$$$$$$$ CONFLICT LIST $$$$$$$$: []
INFO:R0: --------------------------
INFO:R0@tkref=2.4545: Time to solve stand alone optimization problem: 0.0232648849487
INFO:R0@tkref=2.4545: N of unsatisfied eq: 5
INFO:R0@tkref=2.4545: N of unsatisfied ieq: 7
INFO:R0@tkref=2.4545: Summary: Optimization terminated successfully. after 1 it.
DEBUG:R0@tkref=2.4545: $$$$$$$$ CONFLICT LIST $$$$$$$$: []
INFO:R0: --------------------------
INFO:R0@tkref=2.7000: Time to solve stand alone optimization problem: 0.0232532024384
INFO:R0@tkref=2.7000: N of unsatisfied eq: 4
INFO:R0@tkref=2.7000: N of unsatisfied ieq: 9
INFO:R0@tkref=2.7000: Summary: Optimization terminated successfully. after 1 it.
DEBUG:R0@tkref=2.7000: $$$$$$$$ CONFLICT LIST $$$$$$$$: []
INFO:R0: --------------------------
INFO:R0@tkref=2.9455: Time to solve stand alone optimization problem: 0.0230431556702
INFO:R0@tkref=2.9455: N of unsatisfied eq: 5
INFO:R0@tkref=2.9455: N of unsatisfied ieq: 6
INFO:R0@tkref=2.9455: Summary: Optimization terminated successfully. after 1 it.
DEBUG:R0@tkref=2.9455: $$$$$$$$ CONFLICT LIST $$$$$$$$: []
INFO:R0: --------------------------
INFO:R0@tkref=3.1909: Time to solve stand alone optimization problem: 0.0226910114288
INFO:R0@tkref=3.1909: N of unsatisfied eq: 3
INFO:R0@tkref=3.1909: N of unsatisfied ieq: 8
INFO:R0@tkref=3.1909: Summary: Optimization terminated successfully. after 1 it.
DEBUG:R0@tkref=3.1909: $$$$$$$$ CONFLICT LIST $$$$$$$$: []
INFO:R0: --------------------------
INFO:R0@tkref=3.4364: Time to solve stand alone optimization problem: 0.0226411819458
INFO:R0@tkref=3.4364: N of unsatisfied eq: 5
INFO:R0@tkref=3.4364: N of unsatisfied ieq: 7
INFO:R0@tkref=3.4364: Summary: Optimization terminated successfully. after 1 it.
DEBUG:R0@tkref=3.4364: $$$$$$$$ CONFLICT LIST $$$$$$$$: []
INFO:R0: --------------------------
INFO:R0@tkref=3.6818: Time to solve stand alone optimization problem: 0.0226790904999
INFO:R0@tkref=3.6818: N of unsatisfied eq: 4
INFO:R0@tkref=3.6818: N of unsatisfied ieq: 8
INFO:R0@tkref=3.6818: Summary: Optimization terminated successfully. after 1 it.
DEBUG:R0@tkref=3.6818: $$$$$$$$ CONFLICT LIST $$$$$$$$: []
INFO:R0: --------------------------
INFO:R0@tkref=3.9273: Time to solve stand alone optimization problem: 0.0226459503174
INFO:R0@tkref=3.9273: N of unsatisfied eq: 4
INFO:R0@tkref=3.9273: N of unsatisfied ieq: 7
INFO:R0@tkref=3.9273: Summary: Optimization terminated successfully. after 1 it.
DEBUG:R0@tkref=3.9273: $$$$$$$$ CONFLICT LIST $$$$$$$$: []
INFO:R0: --------------------------
INFO:R0@tkref=4.1727: Time to solve stand alone optimization problem: 0.0226690769196
INFO:R0@tkref=4.1727: N of unsatisfied eq: 5
INFO:R0@tkref=4.1727: N of unsatisfied ieq: 7
INFO:R0@tkref=4.1727: Summary: Optimization terminated successfully. after 1 it.
DEBUG:R0@tkref=4.1727: $$$$$$$$ CONFLICT LIST $$$$$$$$: []
INFO:R0: --------------------------
INFO:R0@tkref=4.4182: Time to solve stand alone optimization problem: 0.022696018219
INFO:R0@tkref=4.4182: N of unsatisfied eq: 5
INFO:R0@tkref=4.4182: N of unsatisfied ieq: 7
INFO:R0@tkref=4.4182: Summary: Optimization terminated successfully. after 1 it.
DEBUG:R0@tkref=4.4182: $$$$$$$$ CONFLICT LIST $$$$$$$$: []
INFO:R0: --------------------------
INFO:R0@tkref=4.6636: Time to solve stand alone optimization problem: 0.0228960514069
INFO:R0@tkref=4.6636: N of unsatisfied eq: 4
INFO:R0@tkref=4.6636: N of unsatisfied ieq: 7
INFO:R0@tkref=4.6636: Summary: Optimization terminated successfully. after 1 it.
DEBUG:R0@tkref=4.6636: $$$$$$$$ CONFLICT LIST $$$$$$$$: []
INFO:R0: --------------------------
INFO:R0@tkref=4.9091: Time to solve stand alone optimization problem: 0.0229918956757
INFO:R0@tkref=4.9091: N of unsatisfied eq: 4
INFO:R0@tkref=4.9091: N of unsatisfied ieq: 7
INFO:R0@tkref=4.9091: Summary: Optimization terminated successfully. after 1 it.
DEBUG:R0@tkref=4.9091: $$$$$$$$ CONFLICT LIST $$$$$$$$: []
INFO:R0: --------------------------
INFO:R0@tkref=5.1545: Time to solve stand alone optimization problem: 0.0231471061707
INFO:R0@tkref=5.1545: N of unsatisfied eq: 4
INFO:R0@tkref=5.1545: N of unsatisfied ieq: 7
INFO:R0@tkref=5.1545: Summary: Optimization terminated successfully. after 1 it.
DEBUG:R0@tkref=5.1545: $$$$$$$$ CONFLICT LIST $$$$$$$$: []
INFO:R0: --------------------------
INFO:R0@tkref=5.4000: Time to solve stand alone optimization problem: 0.0229330062866
INFO:R0@tkref=5.4000: N of unsatisfied eq: 5
INFO:R0@tkref=5.4000: N of unsatisfied ieq: 7
INFO:R0@tkref=5.4000: Summary: Optimization terminated successfully. after 1 it.
DEBUG:R0@tkref=5.4000: $$$$$$$$ CONFLICT LIST $$$$$$$$: []
INFO:R0: --------------------------
INFO:R0@tkref=5.6455: Time to solve stand alone optimization problem: 0.0230920314789
INFO:R0@tkref=5.6455: N of unsatisfied eq: 4
INFO:R0@tkref=5.6455: N of unsatisfied ieq: 9
INFO:R0@tkref=5.6455: Summary: Optimization terminated successfully. after 1 it.
DEBUG:R0@tkref=5.6455: $$$$$$$$ CONFLICT LIST $$$$$$$$: []
INFO:R0: --------------------------
INFO:R0@tkref=5.8909: Time to solve stand alone optimization problem: 0.0231349468231
INFO:R0@tkref=5.8909: N of unsatisfied eq: 4
INFO:R0@tkref=5.8909: N of unsatisfied ieq: 7
INFO:R0@tkref=5.8909: Summary: Optimization terminated successfully. after 1 it.
DEBUG:R0@tkref=5.8909: $$$$$$$$ CONFLICT LIST $$$$$$$$: []
INFO:R0: --------------------------
INFO:R0@tkref=6.1364: Time to solve stand alone optimization problem: 0.0231220722198
INFO:R0@tkref=6.1364: N of unsatisfied eq: 4
INFO:R0@tkref=6.1364: N of unsatisfied ieq: 9
INFO:R0@tkref=6.1364: Summary: Optimization terminated successfully. after 1 it.
DEBUG:R0@tkref=6.1364: $$$$$$$$ CONFLICT LIST $$$$$$$$: []
INFO:R0: --------------------------
INFO:R0@tkref=6.3818: Time to solve stand alone optimization problem: 0.0231330394745
INFO:R0@tkref=6.3818: N of unsatisfied eq: 3
INFO:R0@tkref=6.3818: N of unsatisfied ieq: 5
INFO:R0@tkref=6.3818: Summary: Optimization terminated successfully. after 1 it.
DEBUG:R0@tkref=6.3818: $$$$$$$$ CONFLICT LIST $$$$$$$$: []
INFO:R0: --------------------------
DEBUG:R0: LAST STEP
DEBUG:R0: Approx remaining dist: 0.582471188112
DEBUG:R0: Usual approx plan dist: 2.7
DEBUG:R0: Approx gain in dist: 2.11752881189
DEBUG:R0: Last step min dist: 0.5
INFO:R0: scale 0.215730069671 Ns 7 Nk 3
INFO:R0@tkref=6.6273: Time to solve stand alone optimization problem: 0.358821153641
INFO:R0@tkref=6.6273: N of unsatisfied eq: 10
INFO:R0@tkref=6.6273: N of unsatisfied ieq: 4
INFO:R0@tkref=6.6273: Summary: Iteration limit exceeded after 26 it.
DEBUG:R0@tkref=6.6273: $$$$$$$$ CONFLICT LIST $$$$$$$$: []
INFO:R0: Finished motion planning
INFO:R0: --------------------------
INFO:R0: TOT: 7.28186134041
INFO:R0: NSE: 28
INFO:R0: FIR: 0.951351165771
INFO:R0: LAS: 0.359554052353
INFO:R0: LMA: 1
INFO:R0: MAX: 0.070111989975
INFO:R0: MIN: 0.0232899188995
INFO:R0: AVG: 0.030173430076
INFO:R0: RMP: 0.285641440639
INFO:R0: RMG: 1.46484984292
