DEBUG:R0: Using Tc_p = 0.7
DEBUG:R0: Using Tc_d = 0.7
INFO:R0: Init motion planning
INFO:R0@tkref=0.0000: Time to solve stand alone optimization problem: 0.950296878815
INFO:R0@tkref=0.0000: N of unsatisfied eq: 5
INFO:R0@tkref=0.0000: N of unsatisfied ieq: 6
INFO:R0@tkref=0.0000: Summary: Iteration limit exceeded after 41 it.
DEBUG:R0@tkref=0.0000: $$$$$$$$ CONFLICT LIST $$$$$$$$: []
INFO:R0: --------------------------
INFO:R0@tkref=0.7000: Time to solve stand alone optimization problem: 0.0704748630524
INFO:R0@tkref=0.7000: N of unsatisfied eq: 3
INFO:R0@tkref=0.7000: N of unsatisfied ieq: 7
INFO:R0@tkref=0.7000: Summary: Optimization terminated successfully. after 3 it.
DEBUG:R0@tkref=0.7000: $$$$$$$$ CONFLICT LIST $$$$$$$$: []
INFO:R0: --------------------------
INFO:R0@tkref=1.4000: Time to solve stand alone optimization problem: 0.0241169929504
INFO:R0@tkref=1.4000: N of unsatisfied eq: 3
INFO:R0@tkref=1.4000: N of unsatisfied ieq: 4
INFO:R0@tkref=1.4000: Summary: Optimization terminated successfully. after 1 it.
DEBUG:R0@tkref=1.4000: $$$$$$$$ CONFLICT LIST $$$$$$$$: []
INFO:R0: --------------------------
INFO:R0@tkref=2.1000: Time to solve stand alone optimization problem: 0.0253269672394
INFO:R0@tkref=2.1000: N of unsatisfied eq: 4
INFO:R0@tkref=2.1000: N of unsatisfied ieq: 6
INFO:R0@tkref=2.1000: Summary: Optimization terminated successfully. after 1 it.
DEBUG:R0@tkref=2.1000: $$$$$$$$ CONFLICT LIST $$$$$$$$: []
INFO:R0: --------------------------
INFO:R0@tkref=2.8000: Time to solve stand alone optimization problem: 0.0232579708099
INFO:R0@tkref=2.8000: N of unsatisfied eq: 5
INFO:R0@tkref=2.8000: N of unsatisfied ieq: 6
INFO:R0@tkref=2.8000: Summary: Optimization terminated successfully. after 1 it.
DEBUG:R0@tkref=2.8000: $$$$$$$$ CONFLICT LIST $$$$$$$$: []
INFO:R0: --------------------------
INFO:R0@tkref=3.5000: Time to solve stand alone optimization problem: 0.0229449272156
INFO:R0@tkref=3.5000: N of unsatisfied eq: 5
INFO:R0@tkref=3.5000: N of unsatisfied ieq: 5
INFO:R0@tkref=3.5000: Summary: Optimization terminated successfully. after 1 it.
DEBUG:R0@tkref=3.5000: $$$$$$$$ CONFLICT LIST $$$$$$$$: []
INFO:R0: --------------------------
INFO:R0@tkref=4.2000: Time to solve stand alone optimization problem: 0.0226328372955
INFO:R0@tkref=4.2000: N of unsatisfied eq: 2
INFO:R0@tkref=4.2000: N of unsatisfied ieq: 7
INFO:R0@tkref=4.2000: Summary: Optimization terminated successfully. after 1 it.
DEBUG:R0@tkref=4.2000: $$$$$$$$ CONFLICT LIST $$$$$$$$: []
INFO:R0: --------------------------
INFO:R0@tkref=4.9000: Time to solve stand alone optimization problem: 0.0229289531708
INFO:R0@tkref=4.9000: N of unsatisfied eq: 5
INFO:R0@tkref=4.9000: N of unsatisfied ieq: 6
INFO:R0@tkref=4.9000: Summary: Optimization terminated successfully. after 1 it.
DEBUG:R0@tkref=4.9000: $$$$$$$$ CONFLICT LIST $$$$$$$$: []
INFO:R0: --------------------------
INFO:R0@tkref=5.6000: Time to solve stand alone optimization problem: 0.0231850147247
INFO:R0@tkref=5.6000: N of unsatisfied eq: 4
INFO:R0@tkref=5.6000: N of unsatisfied ieq: 5
INFO:R0@tkref=5.6000: Summary: Optimization terminated successfully. after 1 it.
DEBUG:R0@tkref=5.6000: $$$$$$$$ CONFLICT LIST $$$$$$$$: []
INFO:R0: --------------------------
DEBUG:R0: LAST STEP
DEBUG:R0: Approx remaining dist: 0.793189759484
DEBUG:R0: Usual approx plan dist: 2.1
DEBUG:R0: Approx gain in dist: 1.30681024052
DEBUG:R0: Last step min dist: 0.5
INFO:R0: scale 0.377709409278 Ns 7 Nk 3
INFO:R0@tkref=6.3000: Time to solve stand alone optimization problem: 0.360047101974
INFO:R0@tkref=6.3000: N of unsatisfied eq: 10
INFO:R0@tkref=6.3000: N of unsatisfied ieq: 4
INFO:R0@tkref=6.3000: Summary: Iteration limit exceeded after 26 it.
DEBUG:R0@tkref=6.3000: $$$$$$$$ CONFLICT LIST $$$$$$$$: []
INFO:R0: Finished motion planning
INFO:R0: --------------------------
INFO:R0: TOT: 7.19141264182
INFO:R0: NSE: 10
INFO:R0: FIR: 0.951788902283
INFO:R0: LAS: 0.360813140869
INFO:R0: LMA: 1
INFO:R0: MAX: 0.0711479187012
INFO:R0: MIN: 0.0232670307159
INFO:R0: AVG: 0.0300031900406
INFO:R0: RMP: 0.101639883859
INFO:R0: RMG: 0.515447344099
