DEBUG:R0: Using Tc_p = 0.88
DEBUG:R0: Using Tc_d = 0.88
INFO:R0: Init motion planning
INFO:R0@tkref=0.0000: Time to solve stand alone optimization problem: 0.924366950989
INFO:R0@tkref=0.0000: N of unsatisfied eq: 5
INFO:R0@tkref=0.0000: N of unsatisfied ieq: 9
INFO:R0@tkref=0.0000: Summary: Iteration limit exceeded after 41 it.
DEBUG:R0@tkref=0.0000: $$$$$$$$ CONFLICT LIST $$$$$$$$: []
INFO:R0: --------------------------
INFO:R0@tkref=0.8800: Time to solve stand alone optimization problem: 0.0238349437714
INFO:R0@tkref=0.8800: N of unsatisfied eq: 3
INFO:R0@tkref=0.8800: N of unsatisfied ieq: 3
INFO:R0@tkref=0.8800: Summary: Optimization terminated successfully. after 1 it.
DEBUG:R0@tkref=0.8800: $$$$$$$$ CONFLICT LIST $$$$$$$$: []
INFO:R0: --------------------------
INFO:R0@tkref=1.7600: Time to solve stand alone optimization problem: 0.0245389938354
INFO:R0@tkref=1.7600: N of unsatisfied eq: 3
INFO:R0@tkref=1.7600: N of unsatisfied ieq: 8
INFO:R0@tkref=1.7600: Summary: Optimization terminated successfully. after 1 it.
DEBUG:R0@tkref=1.7600: $$$$$$$$ CONFLICT LIST $$$$$$$$: []
INFO:R0: --------------------------
INFO:R0@tkref=2.6400: Time to solve stand alone optimization problem: 0.0225579738617
INFO:R0@tkref=2.6400: N of unsatisfied eq: 5
INFO:R0@tkref=2.6400: N of unsatisfied ieq: 5
INFO:R0@tkref=2.6400: Summary: Optimization terminated successfully. after 1 it.
DEBUG:R0@tkref=2.6400: $$$$$$$$ CONFLICT LIST $$$$$$$$: []
INFO:R0: --------------------------
INFO:R0@tkref=3.5200: Time to solve stand alone optimization problem: 0.0225961208344
INFO:R0@tkref=3.5200: N of unsatisfied eq: 3
INFO:R0@tkref=3.5200: N of unsatisfied ieq: 6
INFO:R0@tkref=3.5200: Summary: Optimization terminated successfully. after 1 it.
DEBUG:R0@tkref=3.5200: $$$$$$$$ CONFLICT LIST $$$$$$$$: []
INFO:R0: --------------------------
INFO:R0@tkref=4.4000: Time to solve stand alone optimization problem: 0.0222680568695
INFO:R0@tkref=4.4000: N of unsatisfied eq: 5
INFO:R0@tkref=4.4000: N of unsatisfied ieq: 5
INFO:R0@tkref=4.4000: Summary: Optimization terminated successfully. after 1 it.
DEBUG:R0@tkref=4.4000: $$$$$$$$ CONFLICT LIST $$$$$$$$: []
INFO:R0: --------------------------
INFO:R0@tkref=5.2800: Time to solve stand alone optimization problem: 0.0222539901733
INFO:R0@tkref=5.2800: N of unsatisfied eq: 5
INFO:R0@tkref=5.2800: N of unsatisfied ieq: 4
INFO:R0@tkref=5.2800: Summary: Optimization terminated successfully. after 1 it.
DEBUG:R0@tkref=5.2800: $$$$$$$$ CONFLICT LIST $$$$$$$$: []
INFO:R0: --------------------------
DEBUG:R0: LAST STEP
DEBUG:R0: Approx remaining dist: 0.986947853594
DEBUG:R0: Usual approx plan dist: 2.2
DEBUG:R0: Approx gain in dist: 1.21305214641
DEBUG:R0: Last step min dist: 0.5
INFO:R0: scale 0.448612660725 Ns 7 Nk 3
INFO:R0@tkref=6.1600: Time to solve stand alone optimization problem: 0.366344928741
INFO:R0@tkref=6.1600: N of unsatisfied eq: 10
INFO:R0@tkref=6.1600: N of unsatisfied ieq: 4
INFO:R0@tkref=6.1600: Summary: Iteration limit exceeded after 26 it.
DEBUG:R0@tkref=6.1600: $$$$$$$$ CONFLICT LIST $$$$$$$$: []
INFO:R0: Finished motion planning
INFO:R0: --------------------------
INFO:R0: TOT: 7.26918051483
INFO:R0: NSE: 8
INFO:R0: FIR: 0.925487995148
INFO:R0: LAS: 0.367087125778
INFO:R0: LMA: 1
INFO:R0: MAX: 0.0252599716187
INFO:R0: MIN: 0.0229020118713
INFO:R0: AVG: 0.0236765940984
INFO:R0: RMP: 0.028704513203
INFO:R0: RMG: 0.417144461112
