DEBUG:R0: Using Tc_p = 0.727272727273
DEBUG:R0: Using Tc_d = 0.727272727273
INFO:R0: Init motion planning
INFO:R0@tkref=0.0000: Time to solve stand alone optimization problem: 1.77342891693
INFO:R0@tkref=0.0000: N of unsatisfied eq: 4
INFO:R0@tkref=0.0000: N of unsatisfied ieq: 10
INFO:R0@tkref=0.0000: Summary: Iteration limit exceeded after 41 it.
DEBUG:R0@tkref=0.0000: $$$$$$$$ CONFLICT LIST $$$$$$$$: []
INFO:R0: --------------------------
INFO:R0@tkref=0.7273: Time to solve stand alone optimization problem: 0.337085008621
INFO:R0@tkref=0.7273: N of unsatisfied eq: 2
INFO:R0@tkref=0.7273: N of unsatisfied ieq: 9
INFO:R0@tkref=0.7273: Summary: Optimization terminated successfully. after 8 it.
DEBUG:R0@tkref=0.7273: $$$$$$$$ CONFLICT LIST $$$$$$$$: []
INFO:R0: --------------------------
INFO:R0@tkref=1.4545: Time to solve stand alone optimization problem: 0.299703121185
INFO:R0@tkref=1.4545: N of unsatisfied eq: 2
INFO:R0@tkref=1.4545: N of unsatisfied ieq: 9
INFO:R0@tkref=1.4545: Summary: Optimization terminated successfully. after 6 it.
DEBUG:R0@tkref=1.4545: $$$$$$$$ CONFLICT LIST $$$$$$$$: []
INFO:R0: --------------------------
INFO:R0@tkref=2.1818: Time to solve stand alone optimization problem: 0.387064933777
INFO:R0@tkref=2.1818: N of unsatisfied eq: 2
INFO:R0@tkref=2.1818: N of unsatisfied ieq: 9
INFO:R0@tkref=2.1818: Summary: Optimization terminated successfully. after 8 it.
DEBUG:R0@tkref=2.1818: $$$$$$$$ CONFLICT LIST $$$$$$$$: []
INFO:R0: --------------------------
INFO:R0@tkref=2.9091: Time to solve stand alone optimization problem: 0.296005010605
INFO:R0@tkref=2.9091: N of unsatisfied eq: 3
INFO:R0@tkref=2.9091: N of unsatisfied ieq: 6
INFO:R0@tkref=2.9091: Summary: Optimization terminated successfully. after 6 it.
DEBUG:R0@tkref=2.9091: $$$$$$$$ CONFLICT LIST $$$$$$$$: []
INFO:R0: --------------------------
INFO:R0@tkref=3.6364: Time to solve stand alone optimization problem: 0.683453083038
INFO:R0@tkref=3.6364: N of unsatisfied eq: 2
INFO:R0@tkref=3.6364: N of unsatisfied ieq: 7
INFO:R0@tkref=3.6364: Summary: Optimization terminated successfully. after 14 it.
DEBUG:R0@tkref=3.6364: $$$$$$$$ CONFLICT LIST $$$$$$$$: []
INFO:R0: --------------------------
INFO:R0@tkref=4.3636: Time to solve stand alone optimization problem: 0.346255064011
INFO:R0@tkref=4.3636: N of unsatisfied eq: 3
INFO:R0@tkref=4.3636: N of unsatisfied ieq: 7
INFO:R0@tkref=4.3636: Summary: Optimization terminated successfully. after 7 it.
DEBUG:R0@tkref=4.3636: $$$$$$$$ CONFLICT LIST $$$$$$$$: []
INFO:R0: --------------------------
INFO:R0@tkref=5.0909: Time to solve stand alone optimization problem: 0.101862192154
INFO:R0@tkref=5.0909: N of unsatisfied eq: 3
INFO:R0@tkref=5.0909: N of unsatisfied ieq: 6
INFO:R0@tkref=5.0909: Summary: Optimization terminated successfully. after 2 it.
DEBUG:R0@tkref=5.0909: $$$$$$$$ CONFLICT LIST $$$$$$$$: []
INFO:R0: --------------------------
INFO:R0@tkref=5.8182: Time to solve stand alone optimization problem: 0.0532929897308
INFO:R0@tkref=5.8182: N of unsatisfied eq: 3
INFO:R0@tkref=5.8182: N of unsatisfied ieq: 6
INFO:R0@tkref=5.8182: Summary: Optimization terminated successfully. after 1 it.
DEBUG:R0@tkref=5.8182: $$$$$$$$ CONFLICT LIST $$$$$$$$: []
INFO:R0: --------------------------
DEBUG:R0: LAST STEP
DEBUG:R0: Approx remaining dist: 0.858558215807
DEBUG:R0: Usual approx plan dist: 4.0
DEBUG:R0: Approx gain in dist: 3.14144178419
DEBUG:R0: Last step min dist: 0.5
INFO:R0: scale 0.214639553952 Ns 7 Nk 3
INFO:R0@tkref=6.5455: Time to solve stand alone optimization problem: 0.530055999756
INFO:R0@tkref=6.5455: N of unsatisfied eq: 10
INFO:R0@tkref=6.5455: N of unsatisfied ieq: 4
INFO:R0@tkref=6.5455: Summary: Iteration limit exceeded after 26 it.
DEBUG:R0@tkref=6.5455: $$$$$$$$ CONFLICT LIST $$$$$$$$: []
INFO:R0: Finished motion planning
INFO:R0: --------------------------
INFO:R0: TOT: 7.51035060678
INFO:R0: NSE: 10
INFO:R0: FIR: 1.77493309975
INFO:R0: LAS: 0.530915975571
INFO:R0: LMA: 0
INFO:R0: MAX: 0.684825897217
INFO:R0: MIN: 0.0540480613708
INFO:R0: AVG: 0.313977897167
INFO:R0: RMP: 0.941635608673
INFO:R0: RMG: 0.941635608673
