DEBUG:R0: Using Tc_p = 3.36
DEBUG:R0: Using Tc_d = 3.36
INFO:R0: Init motion planning
INFO:R0@tkref=0.0000: Time to solve stand alone optimization problem: 2.41882991791
INFO:R0@tkref=0.0000: N of unsatisfied eq: 5
INFO:R0@tkref=0.0000: N of unsatisfied ieq: 9
INFO:R0@tkref=0.0000: Summary: Iteration limit exceeded after 41 it.
DEBUG:R0@tkref=0.0000: $$$$$$$$ CONFLICT LIST $$$$$$$$: []
INFO:R0: --------------------------
INFO:R0@tkref=3.3600: Time to solve stand alone optimization problem: 0.3797519207
INFO:R0@tkref=3.3600: N of unsatisfied eq: 3
INFO:R0@tkref=3.3600: N of unsatisfied ieq: 6
INFO:R0@tkref=3.3600: Summary: Optimization terminated successfully. after 6 it.
DEBUG:R0@tkref=3.3600: $$$$$$$$ CONFLICT LIST $$$$$$$$: []
INFO:R0: --------------------------
DEBUG:R0: LAST STEP
DEBUG:R0: Approx remaining dist: 1.00454115756
DEBUG:R0: Usual approx plan dist: 4.2
DEBUG:R0: Approx gain in dist: 3.19545884244
DEBUG:R0: Last step min dist: 0.5
INFO:R0: scale 0.239176466085 Ns 7 Nk 3
INFO:R0@tkref=6.7200: Time to solve stand alone optimization problem: 0.658699035645
INFO:R0@tkref=6.7200: N of unsatisfied eq: 10
INFO:R0@tkref=6.7200: N of unsatisfied ieq: 3
INFO:R0@tkref=6.7200: Summary: Iteration limit exceeded after 26 it.
DEBUG:R0@tkref=6.7200: $$$$$$$$ CONFLICT LIST $$$$$$$$: []
INFO:R0: Finished motion planning
INFO:R0: --------------------------
INFO:R0: TOT: 7.84989832742
INFO:R0: NSE: 3
INFO:R0: FIR: 2.4201271534
INFO:R0: LAS: 0.659727096558
INFO:R0: LMA: 1
INFO:R0: MAX: 0.381243944168
INFO:R0: MIN: 0.381243944168
INFO:R0: AVG: 0.381243944168
INFO:R0: RMP: 0.113465459574
INFO:R0: RMG: 0.196347350166
