DEBUG:R0: Using Tc_p = 1.68
DEBUG:R0: Using Tc_d = 1.68
INFO:R0: Init motion planning
INFO:R0@tkref=0.0000: Time to solve stand alone optimization problem: 1.01781392097
INFO:R0@tkref=0.0000: N of unsatisfied eq: 5
INFO:R0@tkref=0.0000: N of unsatisfied ieq: 6
INFO:R0@tkref=0.0000: Summary: Iteration limit exceeded after 41 it.
DEBUG:R0@tkref=0.0000: $$$$$$$$ CONFLICT LIST $$$$$$$$: []
INFO:R0: --------------------------
INFO:R0@tkref=1.6800: Time to solve stand alone optimization problem: 0.0259780883789
INFO:R0@tkref=1.6800: N of unsatisfied eq: 3
INFO:R0@tkref=1.6800: N of unsatisfied ieq: 3
INFO:R0@tkref=1.6800: Summary: Optimization terminated successfully. after 1 it.
DEBUG:R0@tkref=1.6800: $$$$$$$$ CONFLICT LIST $$$$$$$$: []
INFO:R0: --------------------------
INFO:R0@tkref=3.3600: Time to solve stand alone optimization problem: 0.0245549678802
INFO:R0@tkref=3.3600: N of unsatisfied eq: 5
INFO:R0@tkref=3.3600: N of unsatisfied ieq: 7
INFO:R0@tkref=3.3600: Summary: Optimization terminated successfully. after 1 it.
DEBUG:R0@tkref=3.3600: $$$$$$$$ CONFLICT LIST $$$$$$$$: []
INFO:R0: --------------------------
DEBUG:R0: LAST STEP
DEBUG:R0: Approx remaining dist: 2.0592738295
DEBUG:R0: Usual approx plan dist: 2.1
DEBUG:R0: Approx gain in dist: 0.0407261705032
DEBUG:R0: Last step min dist: 0.5
INFO:R0: scale 0.980606585475 Ns 11 Nk 6
INFO:R0@tkref=5.0400: Time to solve stand alone optimization problem: 0.648077964783
INFO:R0@tkref=5.0400: N of unsatisfied eq: 10
INFO:R0@tkref=5.0400: N of unsatisfied ieq: 5
INFO:R0@tkref=5.0400: Summary: Iteration limit exceeded after 26 it.
DEBUG:R0@tkref=5.0400: $$$$$$$$ CONFLICT LIST $$$$$$$$: []
INFO:R0: Finished motion planning
INFO:R0: --------------------------
INFO:R0: TOT: 7.19745577797
INFO:R0: NSE: 4
INFO:R0: FIR: 1.01957893372
INFO:R0: LAS: 0.648866891861
INFO:R0: LMA: 1
INFO:R0: MAX: 0.0266561508179
INFO:R0: MIN: 0.0252280235291
INFO:R0: AVG: 0.0259420871735
INFO:R0: RMP: 0.0158667564392
INFO:R0: RMG: 0.386230292774
