DEBUG:R0: Using Tc_p = 2.34545454545
DEBUG:R0: Using Tc_d = 2.34545454545
INFO:R0: Init motion planning
INFO:R0@tkref=0.0000: Time to solve stand alone optimization problem: 1.6337928772
INFO:R0@tkref=0.0000: N of unsatisfied eq: 5
INFO:R0@tkref=0.0000: N of unsatisfied ieq: 9
INFO:R0@tkref=0.0000: Summary: Iteration limit exceeded after 41 it.
DEBUG:R0@tkref=0.0000: $$$$$$$$ CONFLICT LIST $$$$$$$$: []
INFO:R0: --------------------------
INFO:R0@tkref=2.3455: Time to solve stand alone optimization problem: 0.273540019989
INFO:R0@tkref=2.3455: N of unsatisfied eq: 2
INFO:R0@tkref=2.3455: N of unsatisfied ieq: 8
INFO:R0@tkref=2.3455: Summary: Optimization terminated successfully. after 6 it.
DEBUG:R0@tkref=2.3455: $$$$$$$$ CONFLICT LIST $$$$$$$$: []
INFO:R0: --------------------------
DEBUG:R0: LAST STEP
DEBUG:R0: Approx remaining dist: 2.68600990391
DEBUG:R0: Usual approx plan dist: 4.3
DEBUG:R0: Approx gain in dist: 1.61399009609
DEBUG:R0: Last step min dist: 0.5
INFO:R0: scale 0.624653466027 Ns 8 Nk 4
INFO:R0@tkref=4.6909: Time to solve stand alone optimization problem: 0.692049980164
INFO:R0@tkref=4.6909: N of unsatisfied eq: 10
INFO:R0@tkref=4.6909: N of unsatisfied ieq: 3
INFO:R0@tkref=4.6909: Summary: Iteration limit exceeded after 26 it.
DEBUG:R0@tkref=4.6909: $$$$$$$$ CONFLICT LIST $$$$$$$$: []
INFO:R0: Finished motion planning
INFO:R0: --------------------------
INFO:R0: TOT: 7.64065667902
INFO:R0: NSE: 3
INFO:R0: FIR: 1.63501191139
INFO:R0: LAS: 0.692862033844
INFO:R0: LMA: 1
INFO:R0: MAX: 0.274309873581
INFO:R0: MIN: 0.274309873581
INFO:R0: AVG: 0.274309873581
INFO:R0: RMP: 0.116953822069
INFO:R0: RMG: 0.295406293499
