DEBUG:R0: Using Tc_p = 0.96
DEBUG:R0: Using Tc_d = 0.96
INFO:R0: Init motion planning
INFO:R0@tkref=0.0000: Time to solve stand alone optimization problem: 1.006098032
INFO:R0@tkref=0.0000: N of unsatisfied eq: 4
INFO:R0@tkref=0.0000: N of unsatisfied ieq: 6
INFO:R0@tkref=0.0000: Summary: Iteration limit exceeded after 41 it.
DEBUG:R0@tkref=0.0000: $$$$$$$$ CONFLICT LIST $$$$$$$$: []
INFO:R0: --------------------------
INFO:R0@tkref=0.9600: Time to solve stand alone optimization problem: 0.0496990680695
INFO:R0@tkref=0.9600: N of unsatisfied eq: 3
INFO:R0@tkref=0.9600: N of unsatisfied ieq: 7
INFO:R0@tkref=0.9600: Summary: Optimization terminated successfully. after 2 it.
DEBUG:R0@tkref=0.9600: $$$$$$$$ CONFLICT LIST $$$$$$$$: []
INFO:R0: --------------------------
INFO:R0@tkref=1.9200: Time to solve stand alone optimization problem: 0.025386095047
INFO:R0@tkref=1.9200: N of unsatisfied eq: 3
INFO:R0@tkref=1.9200: N of unsatisfied ieq: 5
INFO:R0@tkref=1.9200: Summary: Optimization terminated successfully. after 1 it.
DEBUG:R0@tkref=1.9200: $$$$$$$$ CONFLICT LIST $$$$$$$$: []
INFO:R0: --------------------------
INFO:R0@tkref=2.8800: Time to solve stand alone optimization problem: 0.0242710113525
INFO:R0@tkref=2.8800: N of unsatisfied eq: 4
INFO:R0@tkref=2.8800: N of unsatisfied ieq: 5
INFO:R0@tkref=2.8800: Summary: Optimization terminated successfully. after 1 it.
DEBUG:R0@tkref=2.8800: $$$$$$$$ CONFLICT LIST $$$$$$$$: []
INFO:R0: --------------------------
INFO:R0@tkref=3.8400: Time to solve stand alone optimization problem: 0.0242099761963
INFO:R0@tkref=3.8400: N of unsatisfied eq: 4
INFO:R0@tkref=3.8400: N of unsatisfied ieq: 6
INFO:R0@tkref=3.8400: Summary: Optimization terminated successfully. after 1 it.
DEBUG:R0@tkref=3.8400: $$$$$$$$ CONFLICT LIST $$$$$$$$: []
INFO:R0: --------------------------
INFO:R0@tkref=4.8000: Time to solve stand alone optimization problem: 0.0238320827484
INFO:R0@tkref=4.8000: N of unsatisfied eq: 5
INFO:R0@tkref=4.8000: N of unsatisfied ieq: 6
INFO:R0@tkref=4.8000: Summary: Optimization terminated successfully. after 1 it.
DEBUG:R0@tkref=4.8000: $$$$$$$$ CONFLICT LIST $$$$$$$$: []
INFO:R0: --------------------------
DEBUG:R0: LAST STEP
DEBUG:R0: Approx remaining dist: 1.31412890985
DEBUG:R0: Usual approx plan dist: 1.6
DEBUG:R0: Approx gain in dist: 0.285871090149
DEBUG:R0: Last step min dist: 0.5
INFO:R0: scale 0.821330568657 Ns 9 Nk 5
INFO:R0@tkref=5.7600: Time to solve stand alone optimization problem: 0.51504611969
INFO:R0@tkref=5.7600: N of unsatisfied eq: 10
INFO:R0@tkref=5.7600: N of unsatisfied ieq: 4
INFO:R0@tkref=5.7600: Summary: Iteration limit exceeded after 26 it.
DEBUG:R0@tkref=5.7600: $$$$$$$$ CONFLICT LIST $$$$$$$$: []
INFO:R0: Finished motion planning
INFO:R0: --------------------------
INFO:R0: TOT: 7.14499899755
INFO:R0: NSE: 7
INFO:R0: FIR: 1.00734615326
INFO:R0: LAS: 0.515799999237
INFO:R0: LMA: 1
INFO:R0: MAX: 0.0503530502319
INFO:R0: MIN: 0.0244908332825
INFO:R0: AVG: 0.0301299571991
INFO:R0: RMP: 0.0524510939916
INFO:R0: RMG: 0.537291665872
