DEBUG:R0: Using Tc_p = 0.254545454545
DEBUG:R0: Using Tc_d = 0.254545454545
INFO:R0: Init motion planning
INFO:R0@tkref=0.0000: Time to solve stand alone optimization problem: 1.1126999855
INFO:R0@tkref=0.0000: N of unsatisfied eq: 4
INFO:R0@tkref=0.0000: N of unsatisfied ieq: 10
INFO:R0@tkref=0.0000: Summary: Iteration limit exceeded after 41 it.
DEBUG:R0@tkref=0.0000: $$$$$$$$ CONFLICT LIST $$$$$$$$: []
INFO:R0: --------------------------
INFO:R0@tkref=0.2545: Time to solve stand alone optimization problem: 0.0789251327515
INFO:R0@tkref=0.2545: N of unsatisfied eq: 3
INFO:R0@tkref=0.2545: N of unsatisfied ieq: 9
INFO:R0@tkref=0.2545: Summary: Optimization terminated successfully. after 3 it.
DEBUG:R0@tkref=0.2545: $$$$$$$$ CONFLICT LIST $$$$$$$$: []
INFO:R0: --------------------------
INFO:R0@tkref=0.5091: Time to solve stand alone optimization problem: 0.0789129734039
INFO:R0@tkref=0.5091: N of unsatisfied eq: 3
INFO:R0@tkref=0.5091: N of unsatisfied ieq: 10
INFO:R0@tkref=0.5091: Summary: Optimization terminated successfully. after 3 it.
DEBUG:R0@tkref=0.5091: $$$$$$$$ CONFLICT LIST $$$$$$$$: []
INFO:R0: --------------------------
INFO:R0@tkref=0.7636: Time to solve stand alone optimization problem: 0.0509190559387
INFO:R0@tkref=0.7636: N of unsatisfied eq: 3
INFO:R0@tkref=0.7636: N of unsatisfied ieq: 10
INFO:R0@tkref=0.7636: Summary: Optimization terminated successfully. after 2 it.
DEBUG:R0@tkref=0.7636: $$$$$$$$ CONFLICT LIST $$$$$$$$: []
INFO:R0: --------------------------
INFO:R0@tkref=1.0182: Time to solve stand alone optimization problem: 0.0280628204346
INFO:R0@tkref=1.0182: N of unsatisfied eq: 3
INFO:R0@tkref=1.0182: N of unsatisfied ieq: 10
INFO:R0@tkref=1.0182: Summary: Optimization terminated successfully. after 1 it.
DEBUG:R0@tkref=1.0182: $$$$$$$$ CONFLICT LIST $$$$$$$$: []
INFO:R0: --------------------------
INFO:R0@tkref=1.2727: Time to solve stand alone optimization problem: 0.0299890041351
INFO:R0@tkref=1.2727: N of unsatisfied eq: 3
INFO:R0@tkref=1.2727: N of unsatisfied ieq: 8
INFO:R0@tkref=1.2727: Summary: Optimization terminated successfully. after 1 it.
DEBUG:R0@tkref=1.2727: $$$$$$$$ CONFLICT LIST $$$$$$$$: []
INFO:R0: --------------------------
INFO:R0@tkref=1.5273: Time to solve stand alone optimization problem: 0.0286929607391
INFO:R0@tkref=1.5273: N of unsatisfied eq: 4
INFO:R0@tkref=1.5273: N of unsatisfied ieq: 8
INFO:R0@tkref=1.5273: Summary: Optimization terminated successfully. after 1 it.
DEBUG:R0@tkref=1.5273: $$$$$$$$ CONFLICT LIST $$$$$$$$: []
INFO:R0: --------------------------
INFO:R0@tkref=1.7818: Time to solve stand alone optimization problem: 0.0262289047241
INFO:R0@tkref=1.7818: N of unsatisfied eq: 4
INFO:R0@tkref=1.7818: N of unsatisfied ieq: 5
INFO:R0@tkref=1.7818: Summary: Optimization terminated successfully. after 1 it.
DEBUG:R0@tkref=1.7818: $$$$$$$$ CONFLICT LIST $$$$$$$$: []
INFO:R0: --------------------------
INFO:R0@tkref=2.0364: Time to solve stand alone optimization problem: 0.0260820388794
INFO:R0@tkref=2.0364: N of unsatisfied eq: 5
INFO:R0@tkref=2.0364: N of unsatisfied ieq: 6
INFO:R0@tkref=2.0364: Summary: Optimization terminated successfully. after 1 it.
DEBUG:R0@tkref=2.0364: $$$$$$$$ CONFLICT LIST $$$$$$$$: []
INFO:R0: --------------------------
INFO:R0@tkref=2.2909: Time to solve stand alone optimization problem: 0.0262930393219
INFO:R0@tkref=2.2909: N of unsatisfied eq: 5
INFO:R0@tkref=2.2909: N of unsatisfied ieq: 6
INFO:R0@tkref=2.2909: Summary: Optimization terminated successfully. after 1 it.
DEBUG:R0@tkref=2.2909: $$$$$$$$ CONFLICT LIST $$$$$$$$: []
INFO:R0: --------------------------
INFO:R0@tkref=2.5455: Time to solve stand alone optimization problem: 0.0272381305695
INFO:R0@tkref=2.5455: N of unsatisfied eq: 5
INFO:R0@tkref=2.5455: N of unsatisfied ieq: 5
INFO:R0@tkref=2.5455: Summary: Optimization terminated successfully. after 1 it.
DEBUG:R0@tkref=2.5455: $$$$$$$$ CONFLICT LIST $$$$$$$$: []
INFO:R0: --------------------------
INFO:R0@tkref=2.8000: Time to solve stand alone optimization problem: 0.0274307727814
INFO:R0@tkref=2.8000: N of unsatisfied eq: 4
INFO:R0@tkref=2.8000: N of unsatisfied ieq: 7
INFO:R0@tkref=2.8000: Summary: Optimization terminated successfully. after 1 it.
DEBUG:R0@tkref=2.8000: $$$$$$$$ CONFLICT LIST $$$$$$$$: []
INFO:R0: --------------------------
INFO:R0@tkref=3.0545: Time to solve stand alone optimization problem: 0.0387258529663
INFO:R0@tkref=3.0545: N of unsatisfied eq: 4
INFO:R0@tkref=3.0545: N of unsatisfied ieq: 5
INFO:R0@tkref=3.0545: Summary: Optimization terminated successfully. after 1 it.
DEBUG:R0@tkref=3.0545: $$$$$$$$ CONFLICT LIST $$$$$$$$: []
INFO:R0: --------------------------
INFO:R0@tkref=3.3091: Time to solve stand alone optimization problem: 0.03080701828
INFO:R0@tkref=3.3091: N of unsatisfied eq: 4
INFO:R0@tkref=3.3091: N of unsatisfied ieq: 5
INFO:R0@tkref=3.3091: Summary: Optimization terminated successfully. after 1 it.
DEBUG:R0@tkref=3.3091: $$$$$$$$ CONFLICT LIST $$$$$$$$: []
INFO:R0: --------------------------
INFO:R0@tkref=3.5636: Time to solve stand alone optimization problem: 0.0268740653992
INFO:R0@tkref=3.5636: N of unsatisfied eq: 5
INFO:R0@tkref=3.5636: N of unsatisfied ieq: 5
INFO:R0@tkref=3.5636: Summary: Optimization terminated successfully. after 1 it.
DEBUG:R0@tkref=3.5636: $$$$$$$$ CONFLICT LIST $$$$$$$$: []
INFO:R0: --------------------------
INFO:R0@tkref=3.8182: Time to solve stand alone optimization problem: 0.0269198417664
INFO:R0@tkref=3.8182: N of unsatisfied eq: 5
INFO:R0@tkref=3.8182: N of unsatisfied ieq: 6
INFO:R0@tkref=3.8182: Summary: Optimization terminated successfully. after 1 it.
DEBUG:R0@tkref=3.8182: $$$$$$$$ CONFLICT LIST $$$$$$$$: []
INFO:R0: --------------------------
INFO:R0@tkref=4.0727: Time to solve stand alone optimization problem: 0.0268740653992
INFO:R0@tkref=4.0727: N of unsatisfied eq: 4
INFO:R0@tkref=4.0727: N of unsatisfied ieq: 4
INFO:R0@tkref=4.0727: Summary: Optimization terminated successfully. after 1 it.
DEBUG:R0@tkref=4.0727: $$$$$$$$ CONFLICT LIST $$$$$$$$: []
INFO:R0: --------------------------
INFO:R0@tkref=4.3273: Time to solve stand alone optimization problem: 0.0263071060181
INFO:R0@tkref=4.3273: N of unsatisfied eq: 5
INFO:R0@tkref=4.3273: N of unsatisfied ieq: 5
INFO:R0@tkref=4.3273: Summary: Optimization terminated successfully. after 1 it.
DEBUG:R0@tkref=4.3273: $$$$$$$$ CONFLICT LIST $$$$$$$$: []
INFO:R0: --------------------------
INFO:R0@tkref=4.5818: Time to solve stand alone optimization problem: 0.0261518955231
INFO:R0@tkref=4.5818: N of unsatisfied eq: 4
INFO:R0@tkref=4.5818: N of unsatisfied ieq: 4
INFO:R0@tkref=4.5818: Summary: Optimization terminated successfully. after 1 it.
DEBUG:R0@tkref=4.5818: $$$$$$$$ CONFLICT LIST $$$$$$$$: []
INFO:R0: --------------------------
INFO:R0@tkref=4.8364: Time to solve stand alone optimization problem: 0.0262360572815
INFO:R0@tkref=4.8364: N of unsatisfied eq: 4
INFO:R0@tkref=4.8364: N of unsatisfied ieq: 6
INFO:R0@tkref=4.8364: Summary: Optimization terminated successfully. after 1 it.
DEBUG:R0@tkref=4.8364: $$$$$$$$ CONFLICT LIST $$$$$$$$: []
INFO:R0: --------------------------
INFO:R0@tkref=5.0909: Time to solve stand alone optimization problem: 0.0261108875275
INFO:R0@tkref=5.0909: N of unsatisfied eq: 4
INFO:R0@tkref=5.0909: N of unsatisfied ieq: 5
INFO:R0@tkref=5.0909: Summary: Optimization terminated successfully. after 1 it.
DEBUG:R0@tkref=5.0909: $$$$$$$$ CONFLICT LIST $$$$$$$$: []
INFO:R0: --------------------------
INFO:R0@tkref=5.3455: Time to solve stand alone optimization problem: 0.0263769626617
INFO:R0@tkref=5.3455: N of unsatisfied eq: 4
INFO:R0@tkref=5.3455: N of unsatisfied ieq: 6
INFO:R0@tkref=5.3455: Summary: Optimization terminated successfully. after 1 it.
DEBUG:R0@tkref=5.3455: $$$$$$$$ CONFLICT LIST $$$$$$$$: []
INFO:R0: --------------------------
INFO:R0@tkref=5.6000: Time to solve stand alone optimization problem: 0.0269148349762
INFO:R0@tkref=5.6000: N of unsatisfied eq: 5
INFO:R0@tkref=5.6000: N of unsatisfied ieq: 5
INFO:R0@tkref=5.6000: Summary: Optimization terminated successfully. after 1 it.
DEBUG:R0@tkref=5.6000: $$$$$$$$ CONFLICT LIST $$$$$$$$: []
INFO:R0: --------------------------
INFO:R0@tkref=5.8545: Time to solve stand alone optimization problem: 0.0261788368225
INFO:R0@tkref=5.8545: N of unsatisfied eq: 3
INFO:R0@tkref=5.8545: N of unsatisfied ieq: 5
INFO:R0@tkref=5.8545: Summary: Optimization terminated successfully. after 1 it.
DEBUG:R0@tkref=5.8545: $$$$$$$$ CONFLICT LIST $$$$$$$$: []
INFO:R0: --------------------------
INFO:R0@tkref=6.1091: Time to solve stand alone optimization problem: 0.0259099006653
INFO:R0@tkref=6.1091: N of unsatisfied eq: 3
INFO:R0@tkref=6.1091: N of unsatisfied ieq: 6
INFO:R0@tkref=6.1091: Summary: Optimization terminated successfully. after 1 it.
DEBUG:R0@tkref=6.1091: $$$$$$$$ CONFLICT LIST $$$$$$$$: []
INFO:R0: --------------------------
INFO:R0@tkref=6.3636: Time to solve stand alone optimization problem: 0.0261950492859
INFO:R0@tkref=6.3636: N of unsatisfied eq: 4
INFO:R0@tkref=6.3636: N of unsatisfied ieq: 8
INFO:R0@tkref=6.3636: Summary: Optimization terminated successfully. after 1 it.
DEBUG:R0@tkref=6.3636: $$$$$$$$ CONFLICT LIST $$$$$$$$: []
INFO:R0: --------------------------
DEBUG:R0: LAST STEP
DEBUG:R0: Approx remaining dist: 0.559984410131
DEBUG:R0: Usual approx plan dist: 2.8
DEBUG:R0: Approx gain in dist: 2.24001558987
DEBUG:R0: Last step min dist: 0.5
INFO:R0: scale 0.19999443219 Ns 7 Nk 3
INFO:R0@tkref=6.6182: Time to solve stand alone optimization problem: 0.366234064102
INFO:R0@tkref=6.6182: N of unsatisfied eq: 10
INFO:R0@tkref=6.6182: N of unsatisfied ieq: 4
INFO:R0@tkref=6.6182: Summary: Iteration limit exceeded after 26 it.
DEBUG:R0@tkref=6.6182: $$$$$$$$ CONFLICT LIST $$$$$$$$: []
INFO:R0: Finished motion planning
INFO:R0: --------------------------
INFO:R0: TOT: 7.24749841766
INFO:R0: NSE: 27
INFO:R0: FIR: 1.1138920784
INFO:R0: LAS: 0.366990089417
INFO:R0: LMA: 1
INFO:R0: MAX: 0.0796988010406
INFO:R0: MIN: 0.026654958725
INFO:R0: AVG: 0.0333787727356
INFO:R0: RMP: 0.31310243266
INFO:R0: RMG: 1.44174677985
