DEBUG:R0: Using Tc_p = 0.977777777778
DEBUG:R0: Using Tc_d = 0.977777777778
INFO:R0: Init motion planning
INFO:R0@tkref=0.0000: Time to solve stand alone optimization problem: 1.33316993713
INFO:R0@tkref=0.0000: N of unsatisfied eq: 4
INFO:R0@tkref=0.0000: N of unsatisfied ieq: 5
INFO:R0@tkref=0.0000: Summary: Iteration limit exceeded after 41 it.
DEBUG:R0@tkref=0.0000: $$$$$$$$ CONFLICT LIST $$$$$$$$: []
INFO:R0: --------------------------
INFO:R0@tkref=0.9778: Time to solve stand alone optimization problem: 0.0396189689636
INFO:R0@tkref=0.9778: N of unsatisfied eq: 3
INFO:R0@tkref=0.9778: N of unsatisfied ieq: 3
INFO:R0@tkref=0.9778: Summary: Optimization terminated successfully. after 1 it.
DEBUG:R0@tkref=0.9778: $$$$$$$$ CONFLICT LIST $$$$$$$$: []
INFO:R0: --------------------------
INFO:R0@tkref=1.9556: Time to solve stand alone optimization problem: 0.0375409126282
INFO:R0@tkref=1.9556: N of unsatisfied eq: 5
INFO:R0@tkref=1.9556: N of unsatisfied ieq: 5
INFO:R0@tkref=1.9556: Summary: Optimization terminated successfully. after 1 it.
DEBUG:R0@tkref=1.9556: $$$$$$$$ CONFLICT LIST $$$$$$$$: []
INFO:R0: --------------------------
INFO:R0@tkref=2.9333: Time to solve stand alone optimization problem: 0.575453042984
INFO:R0@tkref=2.9333: N of unsatisfied eq: 2
INFO:R0@tkref=2.9333: N of unsatisfied ieq: 3
INFO:R0@tkref=2.9333: Summary: Iteration limit exceeded after 16 it.
DEBUG:R0@tkref=2.9333: $$$$$$$$ CONFLICT LIST $$$$$$$$: []
INFO:R0: --------------------------
INFO:R0@tkref=3.9111: Time to solve stand alone optimization problem: 0.290217161179
INFO:R0@tkref=3.9111: N of unsatisfied eq: 3
INFO:R0@tkref=3.9111: N of unsatisfied ieq: 6
INFO:R0@tkref=3.9111: Summary: Optimization terminated successfully. after 8 it.
DEBUG:R0@tkref=3.9111: $$$$$$$$ CONFLICT LIST $$$$$$$$: []
INFO:R0: --------------------------
INFO:R0@tkref=4.8889: Time to solve stand alone optimization problem: 0.332491874695
INFO:R0@tkref=4.8889: N of unsatisfied eq: 3
INFO:R0@tkref=4.8889: N of unsatisfied ieq: 5
INFO:R0@tkref=4.8889: Summary: Optimization terminated successfully. after 9 it.
DEBUG:R0@tkref=4.8889: $$$$$$$$ CONFLICT LIST $$$$$$$$: []
INFO:R0: --------------------------
INFO:R0@tkref=5.8667: Time to solve stand alone optimization problem: 0.188721895218
INFO:R0@tkref=5.8667: N of unsatisfied eq: 3
INFO:R0@tkref=5.8667: N of unsatisfied ieq: 6
INFO:R0@tkref=5.8667: Summary: Optimization terminated successfully. after 5 it.
DEBUG:R0@tkref=5.8667: $$$$$$$$ CONFLICT LIST $$$$$$$$: []
INFO:R0: --------------------------
DEBUG:R0: LAST STEP
DEBUG:R0: Approx remaining dist: 0.994006527652
DEBUG:R0: Usual approx plan dist: 1.1
DEBUG:R0: Approx gain in dist: 0.105993472348
DEBUG:R0: Last step min dist: 0.5
INFO:R0: scale 0.903642297865 Ns 9 Nk 5
INFO:R0@tkref=6.8444: Time to solve stand alone optimization problem: 0.761408090591
INFO:R0@tkref=6.8444: N of unsatisfied eq: 10
INFO:R0@tkref=6.8444: N of unsatisfied ieq: 4
INFO:R0@tkref=6.8444: Summary: Iteration limit exceeded after 26 it.
DEBUG:R0@tkref=6.8444: $$$$$$$$ CONFLICT LIST $$$$$$$$: []
INFO:R0: Finished motion planning
INFO:R0: --------------------------
INFO:R0: TOT: 7.8933723388
INFO:R0: NSE: 8
INFO:R0: FIR: 1.3345708847
INFO:R0: LAS: 0.762274026871
INFO:R0: LMA: 1
INFO:R0: MAX: 0.576277971268
INFO:R0: MIN: 0.0382618904114
INFO:R0: AVG: 0.244867126147
INFO:R0: RMP: 0.589375197887
INFO:R0: RMG: 0.779598436572
