DEBUG:R0: Using Tc_p = 0.43
DEBUG:R0: Using Tc_d = 0.43
INFO:R0: Init motion planning
INFO:R0@tkref=0.0000: Time to solve stand alone optimization problem: 2.45638585091
INFO:R0@tkref=0.0000: N of unsatisfied eq: 5
INFO:R0@tkref=0.0000: N of unsatisfied ieq: 9
INFO:R0@tkref=0.0000: Summary: Iteration limit exceeded after 41 it.
DEBUG:R0@tkref=0.0000: $$$$$$$$ CONFLICT LIST $$$$$$$$: []
INFO:R0: --------------------------
INFO:R0@tkref=0.4300: Time to solve stand alone optimization problem: 0.459427118301
INFO:R0@tkref=0.4300: N of unsatisfied eq: 1
INFO:R0@tkref=0.4300: N of unsatisfied ieq: 6
INFO:R0@tkref=0.4300: Summary: Optimization terminated successfully. after 7 it.
DEBUG:R0@tkref=0.4300: $$$$$$$$ CONFLICT LIST $$$$$$$$: []
INFO:R0: --------------------------
INFO:R0@tkref=0.8600: Time to solve stand alone optimization problem: 0.673336982727
INFO:R0@tkref=0.8600: N of unsatisfied eq: 2
INFO:R0@tkref=0.8600: N of unsatisfied ieq: 5
INFO:R0@tkref=0.8600: Summary: Optimization terminated successfully. after 12 it.
DEBUG:R0@tkref=0.8600: $$$$$$$$ CONFLICT LIST $$$$$$$$: []
INFO:R0: --------------------------
INFO:R0@tkref=1.2900: Time to solve stand alone optimization problem: 0.996265888214
INFO:R0@tkref=1.2900: N of unsatisfied eq: 2
INFO:R0@tkref=1.2900: N of unsatisfied ieq: 6
INFO:R0@tkref=1.2900: Summary: Iteration limit exceeded after 16 it.
DEBUG:R0@tkref=1.2900: $$$$$$$$ CONFLICT LIST $$$$$$$$: []
INFO:R0: --------------------------
INFO:R0@tkref=1.7200: Time to solve stand alone optimization problem: 1.05381703377
INFO:R0@tkref=1.7200: N of unsatisfied eq: 2
INFO:R0@tkref=1.7200: N of unsatisfied ieq: 8
INFO:R0@tkref=1.7200: Summary: Iteration limit exceeded after 16 it.
DEBUG:R0@tkref=1.7200: $$$$$$$$ CONFLICT LIST $$$$$$$$: []
INFO:R0: --------------------------
INFO:R0@tkref=2.1500: Time to solve stand alone optimization problem: 0.936424970627
INFO:R0@tkref=2.1500: N of unsatisfied eq: 3
INFO:R0@tkref=2.1500: N of unsatisfied ieq: 5
INFO:R0@tkref=2.1500: Summary: Optimization terminated successfully. after 15 it.
DEBUG:R0@tkref=2.1500: $$$$$$$$ CONFLICT LIST $$$$$$$$: []
INFO:R0: --------------------------
INFO:R0@tkref=2.5800: Time to solve stand alone optimization problem: 0.933433055878
INFO:R0@tkref=2.5800: N of unsatisfied eq: 3
INFO:R0@tkref=2.5800: N of unsatisfied ieq: 7
INFO:R0@tkref=2.5800: Summary: Optimization terminated successfully. after 15 it.
DEBUG:R0@tkref=2.5800: $$$$$$$$ CONFLICT LIST $$$$$$$$: []
INFO:R0: --------------------------
INFO:R0@tkref=3.0100: Time to solve stand alone optimization problem: 0.49724316597
INFO:R0@tkref=3.0100: N of unsatisfied eq: 2
INFO:R0@tkref=3.0100: N of unsatisfied ieq: 7
INFO:R0@tkref=3.0100: Summary: Optimization terminated successfully. after 8 it.
DEBUG:R0@tkref=3.0100: $$$$$$$$ CONFLICT LIST $$$$$$$$: []
INFO:R0: --------------------------
INFO:R0@tkref=3.4400: Time to solve stand alone optimization problem: 0.623996973038
INFO:R0@tkref=3.4400: N of unsatisfied eq: 1
INFO:R0@tkref=3.4400: N of unsatisfied ieq: 8
INFO:R0@tkref=3.4400: Summary: Optimization terminated successfully. after 10 it.
DEBUG:R0@tkref=3.4400: $$$$$$$$ CONFLICT LIST $$$$$$$$: []
INFO:R0: --------------------------
INFO:R0@tkref=3.8700: Time to solve stand alone optimization problem: 0.375781059265
INFO:R0@tkref=3.8700: N of unsatisfied eq: 3
INFO:R0@tkref=3.8700: N of unsatisfied ieq: 7
INFO:R0@tkref=3.8700: Summary: Optimization terminated successfully. after 6 it.
DEBUG:R0@tkref=3.8700: $$$$$$$$ CONFLICT LIST $$$$$$$$: []
INFO:R0: --------------------------
INFO:R0@tkref=4.3000: Time to solve stand alone optimization problem: 0.561199903488
INFO:R0@tkref=4.3000: N of unsatisfied eq: 1
INFO:R0@tkref=4.3000: N of unsatisfied ieq: 8
INFO:R0@tkref=4.3000: Summary: Optimization terminated successfully. after 9 it.
DEBUG:R0@tkref=4.3000: $$$$$$$$ CONFLICT LIST $$$$$$$$: []
INFO:R0: --------------------------
INFO:R0@tkref=4.7300: Time to solve stand alone optimization problem: 0.499191999435
INFO:R0@tkref=4.7300: N of unsatisfied eq: 3
INFO:R0@tkref=4.7300: N of unsatisfied ieq: 8
INFO:R0@tkref=4.7300: Summary: Optimization terminated successfully. after 8 it.
DEBUG:R0@tkref=4.7300: $$$$$$$$ CONFLICT LIST $$$$$$$$: []
INFO:R0: --------------------------
INFO:R0@tkref=5.1600: Time to solve stand alone optimization problem: 0.500961780548
INFO:R0@tkref=5.1600: N of unsatisfied eq: 3
INFO:R0@tkref=5.1600: N of unsatisfied ieq: 7
INFO:R0@tkref=5.1600: Summary: Optimization terminated successfully. after 8 it.
DEBUG:R0@tkref=5.1600: $$$$$$$$ CONFLICT LIST $$$$$$$$: []
INFO:R0: --------------------------
INFO:R0@tkref=5.5900: Time to solve stand alone optimization problem: 0.379003047943
INFO:R0@tkref=5.5900: N of unsatisfied eq: 3
INFO:R0@tkref=5.5900: N of unsatisfied ieq: 8
INFO:R0@tkref=5.5900: Summary: Optimization terminated successfully. after 6 it.
DEBUG:R0@tkref=5.5900: $$$$$$$$ CONFLICT LIST $$$$$$$$: []
INFO:R0: --------------------------
INFO:R0@tkref=6.0200: Time to solve stand alone optimization problem: 0.438967943192
INFO:R0@tkref=6.0200: N of unsatisfied eq: 3
INFO:R0@tkref=6.0200: N of unsatisfied ieq: 7
INFO:R0@tkref=6.0200: Summary: Optimization terminated successfully. after 7 it.
DEBUG:R0@tkref=6.0200: $$$$$$$$ CONFLICT LIST $$$$$$$$: []
INFO:R0: --------------------------
INFO:R0@tkref=6.4500: Time to solve stand alone optimization problem: 0.200759887695
INFO:R0@tkref=6.4500: N of unsatisfied eq: 3
INFO:R0@tkref=6.4500: N of unsatisfied ieq: 7
INFO:R0@tkref=6.4500: Summary: Optimization terminated successfully. after 4 it.
DEBUG:R0@tkref=6.4500: $$$$$$$$ CONFLICT LIST $$$$$$$$: []
INFO:R0: --------------------------
INFO:R0@tkref=6.8800: Time to solve stand alone optimization problem: 0.152659893036
INFO:R0@tkref=6.8800: N of unsatisfied eq: 3
INFO:R0@tkref=6.8800: N of unsatisfied ieq: 8
INFO:R0@tkref=6.8800: Summary: Optimization terminated successfully. after 3 it.
DEBUG:R0@tkref=6.8800: $$$$$$$$ CONFLICT LIST $$$$$$$$: []
INFO:R0: --------------------------
DEBUG:R0: LAST STEP
DEBUG:R0: Approx remaining dist: 1.01737114591
DEBUG:R0: Usual approx plan dist: 4.3
DEBUG:R0: Approx gain in dist: 3.28262885409
DEBUG:R0: Last step min dist: 0.5
INFO:R0: scale 0.236597940908 Ns 7 Nk 3
INFO:R0@tkref=7.3100: Time to solve stand alone optimization problem: 0.636895895004
INFO:R0@tkref=7.3100: N of unsatisfied eq: 10
INFO:R0@tkref=7.3100: N of unsatisfied ieq: 2
INFO:R0@tkref=7.3100: Summary: Iteration limit exceeded after 26 it.
DEBUG:R0@tkref=7.3100: $$$$$$$$ CONFLICT LIST $$$$$$$$: []
INFO:R0: Finished motion planning
INFO:R0: --------------------------
INFO:R0: TOT: 8.47040125236
INFO:R0: NSE: 18
INFO:R0: FIR: 2.4576830864
INFO:R0: LAS: 0.63774895668
INFO:R0: LMA: 0
INFO:R0: MAX: 1.05467700958
INFO:R0: MIN: 0.153507947922
INFO:R0: AVG: 0.581013858318
INFO:R0: RMP: 2.45273723159
INFO:R0: RMG: 2.45273723159
