DEBUG:R0: Using Tc_p = 1.62
DEBUG:R0: Using Tc_d = 1.62
INFO:R0: Init motion planning
INFO:R0@tkref=0.0000: Time to solve stand alone optimization problem: 1.00228309631
INFO:R0@tkref=0.0000: N of unsatisfied eq: 3
INFO:R0@tkref=0.0000: N of unsatisfied ieq: 6
INFO:R0@tkref=0.0000: Summary: Iteration limit exceeded after 41 it.
DEBUG:R0@tkref=0.0000: $$$$$$$$ CONFLICT LIST $$$$$$$$: []
INFO:R0: --------------------------
INFO:R0@tkref=1.6200: Time to solve stand alone optimization problem: 0.0475058555603
INFO:R0@tkref=1.6200: N of unsatisfied eq: 3
INFO:R0@tkref=1.6200: N of unsatisfied ieq: 6
INFO:R0@tkref=1.6200: Summary: Optimization terminated successfully. after 2 it.
DEBUG:R0@tkref=1.6200: $$$$$$$$ CONFLICT LIST $$$$$$$$: []
INFO:R0: --------------------------
INFO:R0@tkref=3.2400: Time to solve stand alone optimization problem: 0.0238018035889
INFO:R0@tkref=3.2400: N of unsatisfied eq: 5
INFO:R0@tkref=3.2400: N of unsatisfied ieq: 6
INFO:R0@tkref=3.2400: Summary: Optimization terminated successfully. after 1 it.
DEBUG:R0@tkref=3.2400: $$$$$$$$ CONFLICT LIST $$$$$$$$: []
INFO:R0: --------------------------
INFO:R0@tkref=4.8600: Time to solve stand alone optimization problem: 0.0243358612061
INFO:R0@tkref=4.8600: N of unsatisfied eq: 3
INFO:R0@tkref=4.8600: N of unsatisfied ieq: 5
INFO:R0@tkref=4.8600: Summary: Optimization terminated successfully. after 1 it.
DEBUG:R0@tkref=4.8600: $$$$$$$$ CONFLICT LIST $$$$$$$$: []
INFO:R0: --------------------------
DEBUG:R0: LAST STEP
DEBUG:R0: Approx remaining dist: 0.643919525928
DEBUG:R0: Usual approx plan dist: 2.7
DEBUG:R0: Approx gain in dist: 2.05608047407
DEBUG:R0: Last step min dist: 0.5
INFO:R0: scale 0.238488713307 Ns 7 Nk 3
INFO:R0@tkref=6.4800: Time to solve stand alone optimization problem: 0.362244129181
INFO:R0@tkref=6.4800: N of unsatisfied eq: 10
INFO:R0@tkref=6.4800: N of unsatisfied ieq: 4
INFO:R0@tkref=6.4800: Summary: Iteration limit exceeded after 26 it.
DEBUG:R0@tkref=6.4800: $$$$$$$$ CONFLICT LIST $$$$$$$$: []
INFO:R0: Finished motion planning
INFO:R0: --------------------------
INFO:R0: TOT: 7.20364898264
INFO:R0: NSE: 5
INFO:R0: FIR: 1.00347089767
INFO:R0: LAS: 0.363018035889
INFO:R0: LMA: 1
INFO:R0: MAX: 0.0481832027435
INFO:R0: MIN: 0.0244541168213
INFO:R0: AVG: 0.0325407981873
INFO:R0: RMP: 0.0297427177429
INFO:R0: RMG: 0.224085207339
