DEBUG:R0: Using Tc_p = 2.94
DEBUG:R0: Using Tc_d = 2.94
INFO:R0: Init motion planning
INFO:R0@tkref=0.0000: Time to solve stand alone optimization problem: 1.02556800842
INFO:R0@tkref=0.0000: N of unsatisfied eq: 5
INFO:R0@tkref=0.0000: N of unsatisfied ieq: 6
INFO:R0@tkref=0.0000: Summary: Iteration limit exceeded after 41 it.
DEBUG:R0@tkref=0.0000: $$$$$$$$ CONFLICT LIST $$$$$$$$: []
INFO:R0: --------------------------
INFO:R0@tkref=2.9400: Time to solve stand alone optimization problem: 0.0258190631866
INFO:R0@tkref=2.9400: N of unsatisfied eq: 3
INFO:R0@tkref=2.9400: N of unsatisfied ieq: 5
INFO:R0@tkref=2.9400: Summary: Optimization terminated successfully. after 1 it.
DEBUG:R0@tkref=2.9400: $$$$$$$$ CONFLICT LIST $$$$$$$$: []
INFO:R0: --------------------------
DEBUG:R0: LAST STEP
DEBUG:R0: Approx remaining dist: 1.31746822496
DEBUG:R0: Usual approx plan dist: 4.2
DEBUG:R0: Approx gain in dist: 2.88253177504
DEBUG:R0: Last step min dist: 0.5
INFO:R0: scale 0.313682910706 Ns 7 Nk 3
INFO:R0@tkref=5.8800: Time to solve stand alone optimization problem: 0.372047185898
INFO:R0@tkref=5.8800: N of unsatisfied eq: 10
INFO:R0@tkref=5.8800: N of unsatisfied ieq: 4
INFO:R0@tkref=5.8800: Summary: Iteration limit exceeded after 26 it.
DEBUG:R0@tkref=5.8800: $$$$$$$$ CONFLICT LIST $$$$$$$$: []
INFO:R0: Finished motion planning
INFO:R0: --------------------------
INFO:R0: TOT: 7.3606809437
INFO:R0: NSE: 3
INFO:R0: FIR: 1.02730917931
INFO:R0: LAS: 0.372832775116
INFO:R0: LMA: 1
INFO:R0: MAX: 0.0265500545502
INFO:R0: MIN: 0.0265500545502
INFO:R0: AVG: 0.0265500545502
INFO:R0: RMP: 0.00903063079938
INFO:R0: RMG: 0.126813869087
