DEBUG:R0: Using Tc_p = 0.354545454545
DEBUG:R0: Using Tc_d = 0.354545454545
INFO:R0: Init motion planning
INFO:R0@tkref=0.0000: Time to solve stand alone optimization problem: 1.63186001778
INFO:R0@tkref=0.0000: N of unsatisfied eq: 4
INFO:R0@tkref=0.0000: N of unsatisfied ieq: 9
INFO:R0@tkref=0.0000: Summary: Iteration limit exceeded after 41 it.
DEBUG:R0@tkref=0.0000: $$$$$$$$ CONFLICT LIST $$$$$$$$: []
INFO:R0: --------------------------
INFO:R0@tkref=0.3545: Time to solve stand alone optimization problem: 0.640017986298
INFO:R0@tkref=0.3545: N of unsatisfied eq: 2
INFO:R0@tkref=0.3545: N of unsatisfied ieq: 7
INFO:R0@tkref=0.3545: Summary: Iteration limit exceeded after 16 it.
DEBUG:R0@tkref=0.3545: $$$$$$$$ CONFLICT LIST $$$$$$$$: []
INFO:R0: --------------------------
INFO:R0@tkref=0.7091: Time to solve stand alone optimization problem: 0.498123168945
INFO:R0@tkref=0.7091: N of unsatisfied eq: 1
INFO:R0@tkref=0.7091: N of unsatisfied ieq: 9
INFO:R0@tkref=0.7091: Summary: Optimization terminated successfully. after 13 it.
DEBUG:R0@tkref=0.7091: $$$$$$$$ CONFLICT LIST $$$$$$$$: []
INFO:R0: --------------------------
INFO:R0@tkref=1.0636: Time to solve stand alone optimization problem: 0.322074890137
INFO:R0@tkref=1.0636: N of unsatisfied eq: 3
INFO:R0@tkref=1.0636: N of unsatisfied ieq: 8
INFO:R0@tkref=1.0636: Summary: Optimization terminated successfully. after 7 it.
DEBUG:R0@tkref=1.0636: $$$$$$$$ CONFLICT LIST $$$$$$$$: []
INFO:R0: --------------------------
INFO:R0@tkref=1.4182: Time to solve stand alone optimization problem: 0.405323028564
INFO:R0@tkref=1.4182: N of unsatisfied eq: 2
INFO:R0@tkref=1.4182: N of unsatisfied ieq: 8
INFO:R0@tkref=1.4182: Summary: Optimization terminated successfully. after 9 it.
DEBUG:R0@tkref=1.4182: $$$$$$$$ CONFLICT LIST $$$$$$$$: []
INFO:R0: --------------------------
INFO:R0@tkref=1.7727: Time to solve stand alone optimization problem: 0.317820072174
INFO:R0@tkref=1.7727: N of unsatisfied eq: 2
INFO:R0@tkref=1.7727: N of unsatisfied ieq: 7
INFO:R0@tkref=1.7727: Summary: Optimization terminated successfully. after 7 it.
DEBUG:R0@tkref=1.7727: $$$$$$$$ CONFLICT LIST $$$$$$$$: []
INFO:R0: --------------------------
INFO:R0@tkref=2.1273: Time to solve stand alone optimization problem: 0.452754974365
INFO:R0@tkref=2.1273: N of unsatisfied eq: 2
INFO:R0@tkref=2.1273: N of unsatisfied ieq: 8
INFO:R0@tkref=2.1273: Summary: Optimization terminated successfully. after 10 it.
DEBUG:R0@tkref=2.1273: $$$$$$$$ CONFLICT LIST $$$$$$$$: []
INFO:R0: --------------------------
INFO:R0@tkref=2.4818: Time to solve stand alone optimization problem: 0.401520013809
INFO:R0@tkref=2.4818: N of unsatisfied eq: 2
INFO:R0@tkref=2.4818: N of unsatisfied ieq: 8
INFO:R0@tkref=2.4818: Summary: Optimization terminated successfully. after 9 it.
DEBUG:R0@tkref=2.4818: $$$$$$$$ CONFLICT LIST $$$$$$$$: []
INFO:R0: --------------------------
INFO:R0@tkref=2.8364: Time to solve stand alone optimization problem: 0.357113838196
INFO:R0@tkref=2.8364: N of unsatisfied eq: 3
INFO:R0@tkref=2.8364: N of unsatisfied ieq: 9
INFO:R0@tkref=2.8364: Summary: Optimization terminated successfully. after 8 it.
DEBUG:R0@tkref=2.8364: $$$$$$$$ CONFLICT LIST $$$$$$$$: []
INFO:R0: --------------------------
INFO:R0@tkref=3.1909: Time to solve stand alone optimization problem: 0.269104003906
INFO:R0@tkref=3.1909: N of unsatisfied eq: 3
INFO:R0@tkref=3.1909: N of unsatisfied ieq: 7
INFO:R0@tkref=3.1909: Summary: Optimization terminated successfully. after 6 it.
DEBUG:R0@tkref=3.1909: $$$$$$$$ CONFLICT LIST $$$$$$$$: []
INFO:R0: --------------------------
INFO:R0@tkref=3.5455: Time to solve stand alone optimization problem: 0.270857810974
INFO:R0@tkref=3.5455: N of unsatisfied eq: 3
INFO:R0@tkref=3.5455: N of unsatisfied ieq: 7
INFO:R0@tkref=3.5455: Summary: Optimization terminated successfully. after 6 it.
DEBUG:R0@tkref=3.5455: $$$$$$$$ CONFLICT LIST $$$$$$$$: []
INFO:R0: --------------------------
INFO:R0@tkref=3.9000: Time to solve stand alone optimization problem: 0.226449012756
INFO:R0@tkref=3.9000: N of unsatisfied eq: 2
INFO:R0@tkref=3.9000: N of unsatisfied ieq: 7
INFO:R0@tkref=3.9000: Summary: Optimization terminated successfully. after 5 it.
DEBUG:R0@tkref=3.9000: $$$$$$$$ CONFLICT LIST $$$$$$$$: []
INFO:R0: --------------------------
INFO:R0@tkref=4.2545: Time to solve stand alone optimization problem: 0.316696882248
INFO:R0@tkref=4.2545: N of unsatisfied eq: 3
INFO:R0@tkref=4.2545: N of unsatisfied ieq: 7
INFO:R0@tkref=4.2545: Summary: Optimization terminated successfully. after 7 it.
DEBUG:R0@tkref=4.2545: $$$$$$$$ CONFLICT LIST $$$$$$$$: []
INFO:R0: --------------------------
INFO:R0@tkref=4.6091: Time to solve stand alone optimization problem: 0.403902053833
INFO:R0@tkref=4.6091: N of unsatisfied eq: 3
INFO:R0@tkref=4.6091: N of unsatisfied ieq: 7
INFO:R0@tkref=4.6091: Summary: Optimization terminated successfully. after 9 it.
DEBUG:R0@tkref=4.6091: $$$$$$$$ CONFLICT LIST $$$$$$$$: []
INFO:R0: --------------------------
INFO:R0@tkref=4.9636: Time to solve stand alone optimization problem: 0.270016908646
INFO:R0@tkref=4.9636: N of unsatisfied eq: 3
INFO:R0@tkref=4.9636: N of unsatisfied ieq: 9
INFO:R0@tkref=4.9636: Summary: Optimization terminated successfully. after 6 it.
DEBUG:R0@tkref=4.9636: $$$$$$$$ CONFLICT LIST $$$$$$$$: []
INFO:R0: --------------------------
INFO:R0@tkref=5.3182: Time to solve stand alone optimization problem: 0.269773960114
INFO:R0@tkref=5.3182: N of unsatisfied eq: 3
INFO:R0@tkref=5.3182: N of unsatisfied ieq: 8
INFO:R0@tkref=5.3182: Summary: Optimization terminated successfully. after 6 it.
DEBUG:R0@tkref=5.3182: $$$$$$$$ CONFLICT LIST $$$$$$$$: []
INFO:R0: --------------------------
INFO:R0@tkref=5.6727: Time to solve stand alone optimization problem: 0.137609958649
INFO:R0@tkref=5.6727: N of unsatisfied eq: 3
INFO:R0@tkref=5.6727: N of unsatisfied ieq: 7
INFO:R0@tkref=5.6727: Summary: Optimization terminated successfully. after 3 it.
DEBUG:R0@tkref=5.6727: $$$$$$$$ CONFLICT LIST $$$$$$$$: []
INFO:R0: --------------------------
INFO:R0@tkref=6.0273: Time to solve stand alone optimization problem: 0.137110948563
INFO:R0@tkref=6.0273: N of unsatisfied eq: 3
INFO:R0@tkref=6.0273: N of unsatisfied ieq: 5
INFO:R0@tkref=6.0273: Summary: Optimization terminated successfully. after 3 it.
DEBUG:R0@tkref=6.0273: $$$$$$$$ CONFLICT LIST $$$$$$$$: []
INFO:R0: --------------------------
INFO:R0@tkref=6.3818: Time to solve stand alone optimization problem: 0.0787880420685
INFO:R0@tkref=6.3818: N of unsatisfied eq: 3
INFO:R0@tkref=6.3818: N of unsatisfied ieq: 7
INFO:R0@tkref=6.3818: Summary: Optimization terminated successfully. after 2 it.
DEBUG:R0@tkref=6.3818: $$$$$$$$ CONFLICT LIST $$$$$$$$: []
INFO:R0: --------------------------
INFO:R0@tkref=6.7364: Time to solve stand alone optimization problem: 0.0411849021912
INFO:R0@tkref=6.7364: N of unsatisfied eq: 3
INFO:R0@tkref=6.7364: N of unsatisfied ieq: 6
INFO:R0@tkref=6.7364: Summary: Optimization terminated successfully. after 1 it.
DEBUG:R0@tkref=6.7364: $$$$$$$$ CONFLICT LIST $$$$$$$$: []
INFO:R0: --------------------------
DEBUG:R0: LAST STEP
DEBUG:R0: Approx remaining dist: 0.484015980418
DEBUG:R0: Usual approx plan dist: 3.9
DEBUG:R0: Approx gain in dist: 3.41598401958
DEBUG:R0: Last step min dist: 0.5
INFO:R0: scale 0.124106661646 Ns 7 Nk 3
INFO:R0@tkref=7.0909: Time to solve stand alone optimization problem: 0.485881090164
INFO:R0@tkref=7.0909: N of unsatisfied eq: 10
INFO:R0@tkref=7.0909: N of unsatisfied ieq: 0
INFO:R0@tkref=7.0909: Summary: Iteration limit exceeded after 26 it.
DEBUG:R0@tkref=7.0909: $$$$$$$$ CONFLICT LIST $$$$$$$$: []
INFO:R0: Finished motion planning
INFO:R0: --------------------------
INFO:R0: TOT: 7.6724896664
INFO:R0: NSE: 21
INFO:R0: FIR: 1.63311982155
INFO:R0: LAS: 0.48682308197
INFO:R0: LMA: 0
INFO:R0: MAX: 0.640832185745
INFO:R0: MIN: 0.0418860912323
INFO:R0: AVG: 0.306928847965
INFO:R0: RMP: 1.80747539569
INFO:R0: RMG: 1.80747539569
