DEBUG:R0: Using Tc_p = 0.777777777778
DEBUG:R0: Using Tc_d = 0.777777777778
INFO:R0: Init motion planning
INFO:R0@tkref=0.0000: Time to solve stand alone optimization problem: 1.50631594658
INFO:R0@tkref=0.0000: N of unsatisfied eq: 5
INFO:R0@tkref=0.0000: N of unsatisfied ieq: 8
INFO:R0@tkref=0.0000: Summary: Iteration limit exceeded after 41 it.
DEBUG:R0@tkref=0.0000: $$$$$$$$ CONFLICT LIST $$$$$$$$: []
INFO:R0: --------------------------
INFO:R0@tkref=0.7778: Time to solve stand alone optimization problem: 0.357846021652
INFO:R0@tkref=0.7778: N of unsatisfied eq: 2
INFO:R0@tkref=0.7778: N of unsatisfied ieq: 7
INFO:R0@tkref=0.7778: Summary: Optimization terminated successfully. after 10 it.
DEBUG:R0@tkref=0.7778: $$$$$$$$ CONFLICT LIST $$$$$$$$: []
INFO:R0: --------------------------
INFO:R0@tkref=1.5556: Time to solve stand alone optimization problem: 0.286861896515
INFO:R0@tkref=1.5556: N of unsatisfied eq: 2
INFO:R0@tkref=1.5556: N of unsatisfied ieq: 8
INFO:R0@tkref=1.5556: Summary: Optimization terminated successfully. after 7 it.
DEBUG:R0@tkref=1.5556: $$$$$$$$ CONFLICT LIST $$$$$$$$: []
INFO:R0: --------------------------
INFO:R0@tkref=2.3333: Time to solve stand alone optimization problem: 0.280772924423
INFO:R0@tkref=2.3333: N of unsatisfied eq: 3
INFO:R0@tkref=2.3333: N of unsatisfied ieq: 8
INFO:R0@tkref=2.3333: Summary: Optimization terminated successfully. after 7 it.
DEBUG:R0@tkref=2.3333: $$$$$$$$ CONFLICT LIST $$$$$$$$: []
INFO:R0: --------------------------
INFO:R0@tkref=3.1111: Time to solve stand alone optimization problem: 0.282183885574
INFO:R0@tkref=3.1111: N of unsatisfied eq: 3
INFO:R0@tkref=3.1111: N of unsatisfied ieq: 7
INFO:R0@tkref=3.1111: Summary: Optimization terminated successfully. after 7 it.
DEBUG:R0@tkref=3.1111: $$$$$$$$ CONFLICT LIST $$$$$$$$: []
INFO:R0: --------------------------
INFO:R0@tkref=3.8889: Time to solve stand alone optimization problem: 0.594006061554
INFO:R0@tkref=3.8889: N of unsatisfied eq: 2
INFO:R0@tkref=3.8889: N of unsatisfied ieq: 6
INFO:R0@tkref=3.8889: Summary: Optimization terminated successfully. after 15 it.
DEBUG:R0@tkref=3.8889: $$$$$$$$ CONFLICT LIST $$$$$$$$: []
INFO:R0: --------------------------
INFO:R0@tkref=4.6667: Time to solve stand alone optimization problem: 0.120881795883
INFO:R0@tkref=4.6667: N of unsatisfied eq: 3
INFO:R0@tkref=4.6667: N of unsatisfied ieq: 8
INFO:R0@tkref=4.6667: Summary: Optimization terminated successfully. after 3 it.
DEBUG:R0@tkref=4.6667: $$$$$$$$ CONFLICT LIST $$$$$$$$: []
INFO:R0: --------------------------
INFO:R0@tkref=5.4444: Time to solve stand alone optimization problem: 0.0845499038696
INFO:R0@tkref=5.4444: N of unsatisfied eq: 3
INFO:R0@tkref=5.4444: N of unsatisfied ieq: 5
INFO:R0@tkref=5.4444: Summary: Optimization terminated successfully. after 2 it.
DEBUG:R0@tkref=5.4444: $$$$$$$$ CONFLICT LIST $$$$$$$$: []
INFO:R0: --------------------------
DEBUG:R0: LAST STEP
DEBUG:R0: Approx remaining dist: 1.11615950563
DEBUG:R0: Usual approx plan dist: 3.5
DEBUG:R0: Approx gain in dist: 2.38384049437
DEBUG:R0: Last step min dist: 0.5
INFO:R0: scale 0.318902715895 Ns 7 Nk 3
INFO:R0@tkref=6.2222: Time to solve stand alone optimization problem: 0.56587100029
INFO:R0@tkref=6.2222: N of unsatisfied eq: 10
INFO:R0@tkref=6.2222: N of unsatisfied ieq: 3
INFO:R0@tkref=6.2222: Summary: Iteration limit exceeded after 26 it.
DEBUG:R0@tkref=6.2222: $$$$$$$$ CONFLICT LIST $$$$$$$$: []
INFO:R0: Finished motion planning
INFO:R0: --------------------------
INFO:R0: TOT: 7.47962815944
INFO:R0: NSE: 9
INFO:R0: FIR: 1.50848793983
INFO:R0: LAS: 0.566767930984
INFO:R0: LMA: 0
INFO:R0: MAX: 0.594840049744
INFO:R0: MIN: 0.0860040187836
INFO:R0: AVG: 0.287648371288
INFO:R0: RMP: 0.76479434967
INFO:R0: RMG: 0.76479434967
