DEBUG:R0: Using Tc_p = 0.836363636364
DEBUG:R0: Using Tc_d = 0.836363636364
INFO:R0: Init motion planning
INFO:R0@tkref=0.0000: Time to solve stand alone optimization problem: 2.88360309601
INFO:R0@tkref=0.0000: N of unsatisfied eq: 5
INFO:R0@tkref=0.0000: N of unsatisfied ieq: 9
INFO:R0@tkref=0.0000: Summary: Iteration limit exceeded after 41 it.
DEBUG:R0@tkref=0.0000: $$$$$$$$ CONFLICT LIST $$$$$$$$: []
INFO:R0: --------------------------
INFO:R0@tkref=0.8364: Time to solve stand alone optimization problem: 0.682588100433
INFO:R0@tkref=0.8364: N of unsatisfied eq: 3
INFO:R0@tkref=0.8364: N of unsatisfied ieq: 7
INFO:R0@tkref=0.8364: Summary: Optimization terminated successfully. after 10 it.
DEBUG:R0@tkref=0.8364: $$$$$$$$ CONFLICT LIST $$$$$$$$: []
INFO:R0: --------------------------
INFO:R0@tkref=1.6727: Time to solve stand alone optimization problem: 1.1453268528
INFO:R0@tkref=1.6727: N of unsatisfied eq: 2
INFO:R0@tkref=1.6727: N of unsatisfied ieq: 7
INFO:R0@tkref=1.6727: Summary: Iteration limit exceeded after 16 it.
DEBUG:R0@tkref=1.6727: $$$$$$$$ CONFLICT LIST $$$$$$$$: []
INFO:R0: --------------------------
INFO:R0@tkref=2.5091: Time to solve stand alone optimization problem: 1.14173388481
INFO:R0@tkref=2.5091: N of unsatisfied eq: 3
INFO:R0@tkref=2.5091: N of unsatisfied ieq: 8
INFO:R0@tkref=2.5091: Summary: Iteration limit exceeded after 16 it.
DEBUG:R0@tkref=2.5091: $$$$$$$$ CONFLICT LIST $$$$$$$$: []
INFO:R0: --------------------------
INFO:R0@tkref=3.3455: Time to solve stand alone optimization problem: 0.478749990463
INFO:R0@tkref=3.3455: N of unsatisfied eq: 2
INFO:R0@tkref=3.3455: N of unsatisfied ieq: 9
INFO:R0@tkref=3.3455: Summary: Optimization terminated successfully. after 6 it.
DEBUG:R0@tkref=3.3455: $$$$$$$$ CONFLICT LIST $$$$$$$$: []
INFO:R0: --------------------------
INFO:R0@tkref=4.1818: Time to solve stand alone optimization problem: 0.478041172028
INFO:R0@tkref=4.1818: N of unsatisfied eq: 2
INFO:R0@tkref=4.1818: N of unsatisfied ieq: 7
INFO:R0@tkref=4.1818: Summary: Optimization terminated successfully. after 7 it.
DEBUG:R0@tkref=4.1818: $$$$$$$$ CONFLICT LIST $$$$$$$$: []
INFO:R0: --------------------------
INFO:R0@tkref=5.0182: Time to solve stand alone optimization problem: 0.476773023605
INFO:R0@tkref=5.0182: N of unsatisfied eq: 3
INFO:R0@tkref=5.0182: N of unsatisfied ieq: 9
INFO:R0@tkref=5.0182: Summary: Optimization terminated successfully. after 7 it.
DEBUG:R0@tkref=5.0182: $$$$$$$$ CONFLICT LIST $$$$$$$$: []
INFO:R0: --------------------------
INFO:R0@tkref=5.8545: Time to solve stand alone optimization problem: 0.209311962128
INFO:R0@tkref=5.8545: N of unsatisfied eq: 3
INFO:R0@tkref=5.8545: N of unsatisfied ieq: 6
INFO:R0@tkref=5.8545: Summary: Optimization terminated successfully. after 3 it.
DEBUG:R0@tkref=5.8545: $$$$$$$$ CONFLICT LIST $$$$$$$$: []
INFO:R0: --------------------------
DEBUG:R0: LAST STEP
DEBUG:R0: Approx remaining dist: 1.18541181598
DEBUG:R0: Usual approx plan dist: 4.6
DEBUG:R0: Approx gain in dist: 3.41458818402
DEBUG:R0: Last step min dist: 0.5
INFO:R0: scale 0.257698220864 Ns 7 Nk 3
INFO:R0@tkref=6.6909: Time to solve stand alone optimization problem: 0.709545850754
INFO:R0@tkref=6.6909: N of unsatisfied eq: 10
INFO:R0@tkref=6.6909: N of unsatisfied ieq: 3
INFO:R0@tkref=6.6909: Summary: Iteration limit exceeded after 26 it.
DEBUG:R0@tkref=6.6909: $$$$$$$$ CONFLICT LIST $$$$$$$$: []
INFO:R0: Finished motion planning
INFO:R0: --------------------------
INFO:R0: TOT: 8.02356157906
INFO:R0: NSE: 9
INFO:R0: FIR: 2.8850440979
INFO:R0: LAS: 0.710417985916
INFO:R0: LMA: 0
INFO:R0: MAX: 1.14617919922
INFO:R0: MIN: 0.210164070129
INFO:R0: AVG: 0.659866162709
INFO:R0: RMP: 1.37043165124
INFO:R0: RMG: 1.37043165124
