DEBUG:R0: Using Tc_p = 1.28
DEBUG:R0: Using Tc_d = 1.28
INFO:R0: Init motion planning
INFO:R0@tkref=0.0000: Time to solve stand alone optimization problem: 1.00096797943
INFO:R0@tkref=0.0000: N of unsatisfied eq: 4
INFO:R0@tkref=0.0000: N of unsatisfied ieq: 6
INFO:R0@tkref=0.0000: Summary: Iteration limit exceeded after 41 it.
DEBUG:R0@tkref=0.0000: $$$$$$$$ CONFLICT LIST $$$$$$$$: []
INFO:R0: --------------------------
INFO:R0@tkref=1.2800: Time to solve stand alone optimization problem: 0.0257279872894
INFO:R0@tkref=1.2800: N of unsatisfied eq: 3
INFO:R0@tkref=1.2800: N of unsatisfied ieq: 3
INFO:R0@tkref=1.2800: Summary: Optimization terminated successfully. after 1 it.
DEBUG:R0@tkref=1.2800: $$$$$$$$ CONFLICT LIST $$$$$$$$: []
INFO:R0: --------------------------
INFO:R0@tkref=2.5600: Time to solve stand alone optimization problem: 0.0250380039215
INFO:R0@tkref=2.5600: N of unsatisfied eq: 3
INFO:R0@tkref=2.5600: N of unsatisfied ieq: 5
INFO:R0@tkref=2.5600: Summary: Optimization terminated successfully. after 1 it.
DEBUG:R0@tkref=2.5600: $$$$$$$$ CONFLICT LIST $$$$$$$$: []
INFO:R0: --------------------------
INFO:R0@tkref=3.8400: Time to solve stand alone optimization problem: 0.0240700244904
INFO:R0@tkref=3.8400: N of unsatisfied eq: 4
INFO:R0@tkref=3.8400: N of unsatisfied ieq: 7
INFO:R0@tkref=3.8400: Summary: Optimization terminated successfully. after 1 it.
DEBUG:R0@tkref=3.8400: $$$$$$$$ CONFLICT LIST $$$$$$$$: []
INFO:R0: --------------------------
INFO:R0@tkref=5.1200: Time to solve stand alone optimization problem: 0.0244009494781
INFO:R0@tkref=5.1200: N of unsatisfied eq: 4
INFO:R0@tkref=5.1200: N of unsatisfied ieq: 7
INFO:R0@tkref=5.1200: Summary: Optimization terminated successfully. after 1 it.
DEBUG:R0@tkref=5.1200: $$$$$$$$ CONFLICT LIST $$$$$$$$: []
INFO:R0: --------------------------
DEBUG:R0: LAST STEP
DEBUG:R0: Approx remaining dist: 0.740996537324
DEBUG:R0: Usual approx plan dist: 3.2
DEBUG:R0: Approx gain in dist: 2.45900346268
DEBUG:R0: Last step min dist: 0.5
INFO:R0: scale 0.231561417914 Ns 7 Nk 3
INFO:R0@tkref=6.4000: Time to solve stand alone optimization problem: 0.360656023026
INFO:R0@tkref=6.4000: N of unsatisfied eq: 10
INFO:R0@tkref=6.4000: N of unsatisfied ieq: 4
INFO:R0@tkref=6.4000: Summary: Iteration limit exceeded after 26 it.
DEBUG:R0@tkref=6.4000: $$$$$$$$ CONFLICT LIST $$$$$$$$: []
INFO:R0: Finished motion planning
INFO:R0: --------------------------
INFO:R0: TOT: 7.23275243808
INFO:R0: NSE: 6
INFO:R0: FIR: 1.00213193893
INFO:R0: LAS: 0.361368179321
INFO:R0: LMA: 1
INFO:R0: MAX: 0.0263860225677
INFO:R0: MIN: 0.0247139930725
INFO:R0: AVG: 0.0254562497139
INFO:R0: RMP: 0.0206140801311
INFO:R0: RMG: 0.282318890095
