DEBUG:R0: Using Tc_p = 1.64444444444
DEBUG:R0: Using Tc_d = 1.64444444444
INFO:R0: Init motion planning
INFO:R0@tkref=0.0000: Time to solve stand alone optimization problem: 0.965124130249
INFO:R0@tkref=0.0000: N of unsatisfied eq: 4
INFO:R0@tkref=0.0000: N of unsatisfied ieq: 6
INFO:R0@tkref=0.0000: Summary: Iteration limit exceeded after 41 it.
DEBUG:R0@tkref=0.0000: $$$$$$$$ CONFLICT LIST $$$$$$$$: []
INFO:R0: --------------------------
INFO:R0@tkref=1.6444: Time to solve stand alone optimization problem: 0.0245268344879
INFO:R0@tkref=1.6444: N of unsatisfied eq: 3
INFO:R0@tkref=1.6444: N of unsatisfied ieq: 4
INFO:R0@tkref=1.6444: Summary: Optimization terminated successfully. after 1 it.
DEBUG:R0@tkref=1.6444: $$$$$$$$ CONFLICT LIST $$$$$$$$: []
INFO:R0: --------------------------
INFO:R0@tkref=3.2889: Time to solve stand alone optimization problem: 0.0232880115509
INFO:R0@tkref=3.2889: N of unsatisfied eq: 4
INFO:R0@tkref=3.2889: N of unsatisfied ieq: 5
INFO:R0@tkref=3.2889: Summary: Optimization terminated successfully. after 1 it.
DEBUG:R0@tkref=3.2889: $$$$$$$$ CONFLICT LIST $$$$$$$$: []
INFO:R0: --------------------------
INFO:R0@tkref=4.9333: Time to solve stand alone optimization problem: 0.0232951641083
INFO:R0@tkref=4.9333: N of unsatisfied eq: 3
INFO:R0@tkref=4.9333: N of unsatisfied ieq: 5
INFO:R0@tkref=4.9333: Summary: Optimization terminated successfully. after 1 it.
DEBUG:R0@tkref=4.9333: $$$$$$$$ CONFLICT LIST $$$$$$$$: []
INFO:R0: --------------------------
DEBUG:R0: LAST STEP
DEBUG:R0: Approx remaining dist: 0.585072512336
DEBUG:R0: Usual approx plan dist: 3.7
DEBUG:R0: Approx gain in dist: 3.11492748766
DEBUG:R0: Last step min dist: 0.5
INFO:R0: scale 0.158127706037 Ns 7 Nk 3
INFO:R0@tkref=6.5778: Time to solve stand alone optimization problem: 0.366839885712
INFO:R0@tkref=6.5778: N of unsatisfied eq: 10
INFO:R0@tkref=6.5778: N of unsatisfied ieq: 4
INFO:R0@tkref=6.5778: Summary: Iteration limit exceeded after 26 it.
DEBUG:R0@tkref=6.5778: $$$$$$$$ CONFLICT LIST $$$$$$$$: []
INFO:R0: Finished motion planning
INFO:R0: --------------------------
INFO:R0: TOT: 7.23529003949
INFO:R0: NSE: 5
INFO:R0: FIR: 0.967006206512
INFO:R0: LAS: 0.367611885071
INFO:R0: LMA: 1
INFO:R0: MAX: 0.025209903717
INFO:R0: MIN: 0.0239479541779
INFO:R0: AVG: 0.0243706703186
INFO:R0: RMP: 0.015330346855
INFO:R0: RMG: 0.223547767948
