DEBUG:R0: Using Tc_p = 0.455555555556
DEBUG:R0: Using Tc_d = 0.455555555556
INFO:R0: Init motion planning
INFO:R0@tkref=0.0000: Time to solve stand alone optimization problem: 0.984868049622
INFO:R0@tkref=0.0000: N of unsatisfied eq: 3
INFO:R0@tkref=0.0000: N of unsatisfied ieq: 6
INFO:R0@tkref=0.0000: Summary: Iteration limit exceeded after 41 it.
DEBUG:R0@tkref=0.0000: $$$$$$$$ CONFLICT LIST $$$$$$$$: []
INFO:R0: --------------------------
INFO:R0@tkref=0.4556: Time to solve stand alone optimization problem: 0.0730381011963
INFO:R0@tkref=0.4556: N of unsatisfied eq: 3
INFO:R0@tkref=0.4556: N of unsatisfied ieq: 8
INFO:R0@tkref=0.4556: Summary: Optimization terminated successfully. after 3 it.
DEBUG:R0@tkref=0.4556: $$$$$$$$ CONFLICT LIST $$$$$$$$: []
INFO:R0: --------------------------
INFO:R0@tkref=0.9111: Time to solve stand alone optimization problem: 0.0491139888763
INFO:R0@tkref=0.9111: N of unsatisfied eq: 3
INFO:R0@tkref=0.9111: N of unsatisfied ieq: 8
INFO:R0@tkref=0.9111: Summary: Optimization terminated successfully. after 2 it.
DEBUG:R0@tkref=0.9111: $$$$$$$$ CONFLICT LIST $$$$$$$$: []
INFO:R0: --------------------------
INFO:R0@tkref=1.3667: Time to solve stand alone optimization problem: 0.0483829975128
INFO:R0@tkref=1.3667: N of unsatisfied eq: 3
INFO:R0@tkref=1.3667: N of unsatisfied ieq: 9
INFO:R0@tkref=1.3667: Summary: Optimization terminated successfully. after 2 it.
DEBUG:R0@tkref=1.3667: $$$$$$$$ CONFLICT LIST $$$$$$$$: []
INFO:R0: --------------------------
INFO:R0@tkref=1.8222: Time to solve stand alone optimization problem: 0.0248761177063
INFO:R0@tkref=1.8222: N of unsatisfied eq: 3
INFO:R0@tkref=1.8222: N of unsatisfied ieq: 7
INFO:R0@tkref=1.8222: Summary: Optimization terminated successfully. after 1 it.
DEBUG:R0@tkref=1.8222: $$$$$$$$ CONFLICT LIST $$$$$$$$: []
INFO:R0: --------------------------
INFO:R0@tkref=2.2778: Time to solve stand alone optimization problem: 0.0251340866089
INFO:R0@tkref=2.2778: N of unsatisfied eq: 3
INFO:R0@tkref=2.2778: N of unsatisfied ieq: 7
INFO:R0@tkref=2.2778: Summary: Optimization terminated successfully. after 1 it.
DEBUG:R0@tkref=2.2778: $$$$$$$$ CONFLICT LIST $$$$$$$$: []
INFO:R0: --------------------------
INFO:R0@tkref=2.7333: Time to solve stand alone optimization problem: 0.0236818790436
INFO:R0@tkref=2.7333: N of unsatisfied eq: 5
INFO:R0@tkref=2.7333: N of unsatisfied ieq: 5
INFO:R0@tkref=2.7333: Summary: Optimization terminated successfully. after 1 it.
DEBUG:R0@tkref=2.7333: $$$$$$$$ CONFLICT LIST $$$$$$$$: []
INFO:R0: --------------------------
INFO:R0@tkref=3.1889: Time to solve stand alone optimization problem: 0.0237629413605
INFO:R0@tkref=3.1889: N of unsatisfied eq: 3
INFO:R0@tkref=3.1889: N of unsatisfied ieq: 5
INFO:R0@tkref=3.1889: Summary: Optimization terminated successfully. after 1 it.
DEBUG:R0@tkref=3.1889: $$$$$$$$ CONFLICT LIST $$$$$$$$: []
INFO:R0: --------------------------
INFO:R0@tkref=3.6444: Time to solve stand alone optimization problem: 0.0237557888031
INFO:R0@tkref=3.6444: N of unsatisfied eq: 4
INFO:R0@tkref=3.6444: N of unsatisfied ieq: 5
INFO:R0@tkref=3.6444: Summary: Optimization terminated successfully. after 1 it.
DEBUG:R0@tkref=3.6444: $$$$$$$$ CONFLICT LIST $$$$$$$$: []
INFO:R0: --------------------------
INFO:R0@tkref=4.1000: Time to solve stand alone optimization problem: 0.0240938663483
INFO:R0@tkref=4.1000: N of unsatisfied eq: 5
INFO:R0@tkref=4.1000: N of unsatisfied ieq: 4
INFO:R0@tkref=4.1000: Summary: Optimization terminated successfully. after 1 it.
DEBUG:R0@tkref=4.1000: $$$$$$$$ CONFLICT LIST $$$$$$$$: []
INFO:R0: --------------------------
INFO:R0@tkref=4.5556: Time to solve stand alone optimization problem: 0.0239269733429
INFO:R0@tkref=4.5556: N of unsatisfied eq: 5
INFO:R0@tkref=4.5556: N of unsatisfied ieq: 5
INFO:R0@tkref=4.5556: Summary: Optimization terminated successfully. after 1 it.
DEBUG:R0@tkref=4.5556: $$$$$$$$ CONFLICT LIST $$$$$$$$: []
INFO:R0: --------------------------
INFO:R0@tkref=5.0111: Time to solve stand alone optimization problem: 0.0239939689636
INFO:R0@tkref=5.0111: N of unsatisfied eq: 5
INFO:R0@tkref=5.0111: N of unsatisfied ieq: 5
INFO:R0@tkref=5.0111: Summary: Optimization terminated successfully. after 1 it.
DEBUG:R0@tkref=5.0111: $$$$$$$$ CONFLICT LIST $$$$$$$$: []
INFO:R0: --------------------------
INFO:R0@tkref=5.4667: Time to solve stand alone optimization problem: 0.0239610671997
INFO:R0@tkref=5.4667: N of unsatisfied eq: 5
INFO:R0@tkref=5.4667: N of unsatisfied ieq: 5
INFO:R0@tkref=5.4667: Summary: Optimization terminated successfully. after 1 it.
DEBUG:R0@tkref=5.4667: $$$$$$$$ CONFLICT LIST $$$$$$$$: []
INFO:R0: --------------------------
INFO:R0@tkref=5.9222: Time to solve stand alone optimization problem: 0.0237989425659
INFO:R0@tkref=5.9222: N of unsatisfied eq: 4
INFO:R0@tkref=5.9222: N of unsatisfied ieq: 7
INFO:R0@tkref=5.9222: Summary: Optimization terminated successfully. after 1 it.
DEBUG:R0@tkref=5.9222: $$$$$$$$ CONFLICT LIST $$$$$$$$: []
INFO:R0: --------------------------
DEBUG:R0: LAST STEP
DEBUG:R0: Approx remaining dist: 0.806791392179
DEBUG:R0: Usual approx plan dist: 4.1
DEBUG:R0: Approx gain in dist: 3.29320860782
DEBUG:R0: Last step min dist: 0.5
INFO:R0: scale 0.196778388336 Ns 7 Nk 3
INFO:R0@tkref=6.3778: Time to solve stand alone optimization problem: 0.373963117599
INFO:R0@tkref=6.3778: N of unsatisfied eq: 10
INFO:R0@tkref=6.3778: N of unsatisfied ieq: 4
INFO:R0@tkref=6.3778: Summary: Iteration limit exceeded after 26 it.
DEBUG:R0@tkref=6.3778: $$$$$$$$ CONFLICT LIST $$$$$$$$: []
INFO:R0: Finished motion planning
INFO:R0: --------------------------
INFO:R0: TOT: 7.28447694627
INFO:R0: NSE: 15
INFO:R0: FIR: 0.986304998398
INFO:R0: LAS: 0.374743938446
INFO:R0: LMA: 1
INFO:R0: MAX: 0.0737371444702
INFO:R0: MIN: 0.024365901947
INFO:R0: AVG: 0.0323417553535
INFO:R0: RMP: 0.161862024447
INFO:R0: RMG: 0.822608645369
