DEBUG:R0: Using Tc_p = 0.29
DEBUG:R0: Using Tc_d = 0.29
INFO:R0: Init motion planning
INFO:R0@tkref=0.0000: Time to solve stand alone optimization problem: 0.910977840424
INFO:R0@tkref=0.0000: N of unsatisfied eq: 5
INFO:R0@tkref=0.0000: N of unsatisfied ieq: 9
INFO:R0@tkref=0.0000: Summary: Iteration limit exceeded after 41 it.
DEBUG:R0@tkref=0.0000: $$$$$$$$ CONFLICT LIST $$$$$$$$: []
INFO:R0: --------------------------
INFO:R0@tkref=0.2900: Time to solve stand alone optimization problem: 0.0445919036865
INFO:R0@tkref=0.2900: N of unsatisfied eq: 3
INFO:R0@tkref=0.2900: N of unsatisfied ieq: 9
INFO:R0@tkref=0.2900: Summary: Optimization terminated successfully. after 2 it.
DEBUG:R0@tkref=0.2900: $$$$$$$$ CONFLICT LIST $$$$$$$$: []
INFO:R0: --------------------------
INFO:R0@tkref=0.5800: Time to solve stand alone optimization problem: 0.0444571971893
INFO:R0@tkref=0.5800: N of unsatisfied eq: 3
INFO:R0@tkref=0.5800: N of unsatisfied ieq: 9
INFO:R0@tkref=0.5800: Summary: Optimization terminated successfully. after 2 it.
DEBUG:R0@tkref=0.5800: $$$$$$$$ CONFLICT LIST $$$$$$$$: []
INFO:R0: --------------------------
INFO:R0@tkref=0.8700: Time to solve stand alone optimization problem: 0.0433709621429
INFO:R0@tkref=0.8700: N of unsatisfied eq: 3
INFO:R0@tkref=0.8700: N of unsatisfied ieq: 7
INFO:R0@tkref=0.8700: Summary: Optimization terminated successfully. after 2 it.
DEBUG:R0@tkref=0.8700: $$$$$$$$ CONFLICT LIST $$$$$$$$: []
INFO:R0: --------------------------
INFO:R0@tkref=1.1600: Time to solve stand alone optimization problem: 0.0433521270752
INFO:R0@tkref=1.1600: N of unsatisfied eq: 3
INFO:R0@tkref=1.1600: N of unsatisfied ieq: 9
INFO:R0@tkref=1.1600: Summary: Optimization terminated successfully. after 2 it.
DEBUG:R0@tkref=1.1600: $$$$$$$$ CONFLICT LIST $$$$$$$$: []
INFO:R0: --------------------------
INFO:R0@tkref=1.4500: Time to solve stand alone optimization problem: 0.0234398841858
INFO:R0@tkref=1.4500: N of unsatisfied eq: 3
INFO:R0@tkref=1.4500: N of unsatisfied ieq: 6
INFO:R0@tkref=1.4500: Summary: Optimization terminated successfully. after 1 it.
DEBUG:R0@tkref=1.4500: $$$$$$$$ CONFLICT LIST $$$$$$$$: []
INFO:R0: --------------------------
INFO:R0@tkref=1.7400: Time to solve stand alone optimization problem: 0.0249149799347
INFO:R0@tkref=1.7400: N of unsatisfied eq: 3
INFO:R0@tkref=1.7400: N of unsatisfied ieq: 9
INFO:R0@tkref=1.7400: Summary: Optimization terminated successfully. after 1 it.
DEBUG:R0@tkref=1.7400: $$$$$$$$ CONFLICT LIST $$$$$$$$: []
INFO:R0: --------------------------
INFO:R0@tkref=2.0300: Time to solve stand alone optimization problem: 0.0247650146484
INFO:R0@tkref=2.0300: N of unsatisfied eq: 4
INFO:R0@tkref=2.0300: N of unsatisfied ieq: 7
INFO:R0@tkref=2.0300: Summary: Optimization terminated successfully. after 1 it.
DEBUG:R0@tkref=2.0300: $$$$$$$$ CONFLICT LIST $$$$$$$$: []
INFO:R0: --------------------------
INFO:R0@tkref=2.3200: Time to solve stand alone optimization problem: 0.0223488807678
INFO:R0@tkref=2.3200: N of unsatisfied eq: 5
INFO:R0@tkref=2.3200: N of unsatisfied ieq: 4
INFO:R0@tkref=2.3200: Summary: Optimization terminated successfully. after 1 it.
DEBUG:R0@tkref=2.3200: $$$$$$$$ CONFLICT LIST $$$$$$$$: []
INFO:R0: --------------------------
INFO:R0@tkref=2.6100: Time to solve stand alone optimization problem: 0.0223059654236
INFO:R0@tkref=2.6100: N of unsatisfied eq: 3
INFO:R0@tkref=2.6100: N of unsatisfied ieq: 6
INFO:R0@tkref=2.6100: Summary: Optimization terminated successfully. after 1 it.
DEBUG:R0@tkref=2.6100: $$$$$$$$ CONFLICT LIST $$$$$$$$: []
INFO:R0: --------------------------
INFO:R0@tkref=2.9000: Time to solve stand alone optimization problem: 0.0227048397064
INFO:R0@tkref=2.9000: N of unsatisfied eq: 3
INFO:R0@tkref=2.9000: N of unsatisfied ieq: 6
INFO:R0@tkref=2.9000: Summary: Optimization terminated successfully. after 1 it.
DEBUG:R0@tkref=2.9000: $$$$$$$$ CONFLICT LIST $$$$$$$$: []
INFO:R0: --------------------------
INFO:R0@tkref=3.1900: Time to solve stand alone optimization problem: 0.0218150615692
INFO:R0@tkref=3.1900: N of unsatisfied eq: 3
INFO:R0@tkref=3.1900: N of unsatisfied ieq: 5
INFO:R0@tkref=3.1900: Summary: Optimization terminated successfully. after 1 it.
DEBUG:R0@tkref=3.1900: $$$$$$$$ CONFLICT LIST $$$$$$$$: []
INFO:R0: --------------------------
INFO:R0@tkref=3.4800: Time to solve stand alone optimization problem: 0.0217571258545
INFO:R0@tkref=3.4800: N of unsatisfied eq: 5
INFO:R0@tkref=3.4800: N of unsatisfied ieq: 4
INFO:R0@tkref=3.4800: Summary: Optimization terminated successfully. after 1 it.
DEBUG:R0@tkref=3.4800: $$$$$$$$ CONFLICT LIST $$$$$$$$: []
INFO:R0: --------------------------
INFO:R0@tkref=3.7700: Time to solve stand alone optimization problem: 0.021733045578
INFO:R0@tkref=3.7700: N of unsatisfied eq: 5
INFO:R0@tkref=3.7700: N of unsatisfied ieq: 6
INFO:R0@tkref=3.7700: Summary: Optimization terminated successfully. after 1 it.
DEBUG:R0@tkref=3.7700: $$$$$$$$ CONFLICT LIST $$$$$$$$: []
INFO:R0: --------------------------
INFO:R0@tkref=4.0600: Time to solve stand alone optimization problem: 0.0216979980469
INFO:R0@tkref=4.0600: N of unsatisfied eq: 2
INFO:R0@tkref=4.0600: N of unsatisfied ieq: 6
INFO:R0@tkref=4.0600: Summary: Optimization terminated successfully. after 1 it.
DEBUG:R0@tkref=4.0600: $$$$$$$$ CONFLICT LIST $$$$$$$$: []
INFO:R0: --------------------------
INFO:R0@tkref=4.3500: Time to solve stand alone optimization problem: 0.0220189094543
INFO:R0@tkref=4.3500: N of unsatisfied eq: 4
INFO:R0@tkref=4.3500: N of unsatisfied ieq: 6
INFO:R0@tkref=4.3500: Summary: Optimization terminated successfully. after 1 it.
DEBUG:R0@tkref=4.3500: $$$$$$$$ CONFLICT LIST $$$$$$$$: []
INFO:R0: --------------------------
INFO:R0@tkref=4.6400: Time to solve stand alone optimization problem: 0.0221021175385
INFO:R0@tkref=4.6400: N of unsatisfied eq: 5
INFO:R0@tkref=4.6400: N of unsatisfied ieq: 6
INFO:R0@tkref=4.6400: Summary: Optimization terminated successfully. after 1 it.
DEBUG:R0@tkref=4.6400: $$$$$$$$ CONFLICT LIST $$$$$$$$: []
INFO:R0: --------------------------
INFO:R0@tkref=4.9300: Time to solve stand alone optimization problem: 0.0219449996948
INFO:R0@tkref=4.9300: N of unsatisfied eq: 4
INFO:R0@tkref=4.9300: N of unsatisfied ieq: 5
INFO:R0@tkref=4.9300: Summary: Optimization terminated successfully. after 1 it.
DEBUG:R0@tkref=4.9300: $$$$$$$$ CONFLICT LIST $$$$$$$$: []
INFO:R0: --------------------------
INFO:R0@tkref=5.2200: Time to solve stand alone optimization problem: 0.02205991745
INFO:R0@tkref=5.2200: N of unsatisfied eq: 5
INFO:R0@tkref=5.2200: N of unsatisfied ieq: 6
INFO:R0@tkref=5.2200: Summary: Optimization terminated successfully. after 1 it.
DEBUG:R0@tkref=5.2200: $$$$$$$$ CONFLICT LIST $$$$$$$$: []
INFO:R0: --------------------------
INFO:R0@tkref=5.5100: Time to solve stand alone optimization problem: 0.0220000743866
INFO:R0@tkref=5.5100: N of unsatisfied eq: 4
INFO:R0@tkref=5.5100: N of unsatisfied ieq: 7
INFO:R0@tkref=5.5100: Summary: Optimization terminated successfully. after 1 it.
DEBUG:R0@tkref=5.5100: $$$$$$$$ CONFLICT LIST $$$$$$$$: []
INFO:R0: --------------------------
INFO:R0@tkref=5.8000: Time to solve stand alone optimization problem: 0.0219461917877
INFO:R0@tkref=5.8000: N of unsatisfied eq: 4
INFO:R0@tkref=5.8000: N of unsatisfied ieq: 5
INFO:R0@tkref=5.8000: Summary: Optimization terminated successfully. after 1 it.
DEBUG:R0@tkref=5.8000: $$$$$$$$ CONFLICT LIST $$$$$$$$: []
INFO:R0: --------------------------
INFO:R0@tkref=6.0900: Time to solve stand alone optimization problem: 0.0219559669495
INFO:R0@tkref=6.0900: N of unsatisfied eq: 5
INFO:R0@tkref=6.0900: N of unsatisfied ieq: 6
INFO:R0@tkref=6.0900: Summary: Optimization terminated successfully. after 1 it.
DEBUG:R0@tkref=6.0900: $$$$$$$$ CONFLICT LIST $$$$$$$$: []
INFO:R0: --------------------------
INFO:R0@tkref=6.3800: Time to solve stand alone optimization problem: 0.0219459533691
INFO:R0@tkref=6.3800: N of unsatisfied eq: 5
INFO:R0@tkref=6.3800: N of unsatisfied ieq: 7
INFO:R0@tkref=6.3800: Summary: Optimization terminated successfully. after 1 it.
DEBUG:R0@tkref=6.3800: $$$$$$$$ CONFLICT LIST $$$$$$$$: []
INFO:R0: --------------------------
DEBUG:R0: LAST STEP
DEBUG:R0: Approx remaining dist: 0.55564584114
DEBUG:R0: Usual approx plan dist: 2.9
DEBUG:R0: Approx gain in dist: 2.34435415886
DEBUG:R0: Last step min dist: 0.5
INFO:R0: scale 0.191602014186 Ns 7 Nk 3
INFO:R0@tkref=6.6700: Time to solve stand alone optimization problem: 0.363900899887
INFO:R0@tkref=6.6700: N of unsatisfied eq: 10
INFO:R0@tkref=6.6700: N of unsatisfied ieq: 4
INFO:R0@tkref=6.6700: Summary: Iteration limit exceeded after 26 it.
DEBUG:R0@tkref=6.6700: $$$$$$$$ CONFLICT LIST $$$$$$$$: []
INFO:R0: Finished motion planning
INFO:R0: --------------------------
INFO:R0: TOT: 7.2944405081
INFO:R0: NSE: 24
INFO:R0: FIR: 0.912068128586
INFO:R0: LAS: 0.364633798599
INFO:R0: LMA: 1
INFO:R0: MAX: 0.0452561378479
INFO:R0: MIN: 0.0223350524902
INFO:R0: AVG: 0.0270069404082
INFO:R0: RMP: 0.156055647751
INFO:R0: RMG: 1.2573579262
