DEBUG:R0: Using Tc_p = 1.64
DEBUG:R0: Using Tc_d = 1.64
INFO:R0: Init motion planning
INFO:R0@tkref=0.0000: Time to solve stand alone optimization problem: 2.4663310051
INFO:R0@tkref=0.0000: N of unsatisfied eq: 3
INFO:R0@tkref=0.0000: N of unsatisfied ieq: 10
INFO:R0@tkref=0.0000: Summary: Iteration limit exceeded after 41 it.
DEBUG:R0@tkref=0.0000: $$$$$$$$ CONFLICT LIST $$$$$$$$: []
INFO:R0: --------------------------
INFO:R0@tkref=1.6400: Time to solve stand alone optimization problem: 1.01766180992
INFO:R0@tkref=1.6400: N of unsatisfied eq: 2
INFO:R0@tkref=1.6400: N of unsatisfied ieq: 7
INFO:R0@tkref=1.6400: Summary: Iteration limit exceeded after 16 it.
DEBUG:R0@tkref=1.6400: $$$$$$$$ CONFLICT LIST $$$$$$$$: []
INFO:R0: --------------------------
INFO:R0@tkref=3.2800: Time to solve stand alone optimization problem: 0.874851942062
INFO:R0@tkref=3.2800: N of unsatisfied eq: 3
INFO:R0@tkref=3.2800: N of unsatisfied ieq: 6
INFO:R0@tkref=3.2800: Summary: Optimization terminated successfully. after 14 it.
DEBUG:R0@tkref=3.2800: $$$$$$$$ CONFLICT LIST $$$$$$$$: []
INFO:R0: --------------------------
DEBUG:R0: Big problem 1.33107143705e+14
DEBUG:R0: Big problem 1.33107055932e+12
DEBUG:R0: Big problem 13310617819.3
DEBUG:R0: Big problem 133097400.981
DEBUG:R0: Big problem 1330096.45741
DEBUG:R0: Big problem 9.3309311056e+17
DEBUG:R0: Big problem 9.33093103231e+15
DEBUG:R0: Big problem 9.33093029942e+13
DEBUG:R0: Big problem 9.3309229705e+11
DEBUG:R0: Big problem 9330849681.42
DEBUG:R0: Big problem 93301168.0749
INFO:R0@tkref=4.9200: Time to solve stand alone optimization problem: 1.12264204025
INFO:R0@tkref=4.9200: N of unsatisfied eq: 3
INFO:R0@tkref=4.9200: N of unsatisfied ieq: 9
INFO:R0@tkref=4.9200: Summary: Iteration limit exceeded after 16 it.
DEBUG:R0@tkref=4.9200: $$$$$$$$ CONFLICT LIST $$$$$$$$: []
INFO:R0: --------------------------
INFO:R0@tkref=6.5600: Time to solve stand alone optimization problem: 0.21729183197
INFO:R0@tkref=6.5600: N of unsatisfied eq: 3
INFO:R0@tkref=6.5600: N of unsatisfied ieq: 7
INFO:R0@tkref=6.5600: Summary: Optimization terminated successfully. after 3 it.
DEBUG:R0@tkref=6.5600: $$$$$$$$ CONFLICT LIST $$$$$$$$: []
INFO:R0: --------------------------
DEBUG:R0: LAST STEP
DEBUG:R0: Approx remaining dist: 0.75765348311
DEBUG:R0: Usual approx plan dist: 4.1
DEBUG:R0: Approx gain in dist: 3.34234651689
DEBUG:R0: Last step min dist: 0.5
INFO:R0: scale 0.184793532466 Ns 7 Nk 3
INFO:R0@tkref=8.2000: Time to solve stand alone optimization problem: 0.676091909409
INFO:R0@tkref=8.2000: N of unsatisfied eq: 10
INFO:R0@tkref=8.2000: N of unsatisfied ieq: 4
INFO:R0@tkref=8.2000: Summary: Iteration limit exceeded after 26 it.
DEBUG:R0@tkref=8.2000: $$$$$$$$ CONFLICT LIST $$$$$$$$: []
INFO:R0: Finished motion planning
INFO:R0: --------------------------
INFO:R0: TOT: 9.05185162487
INFO:R0: NSE: 6
INFO:R0: FIR: 2.46761584282
INFO:R0: LAS: 0.677109956741
INFO:R0: LMA: 0
INFO:R0: MAX: 1.12348508835
INFO:R0: MIN: 0.218403100967
INFO:R0: AVG: 0.809025526047
INFO:R0: RMP: 0.685051883139
INFO:R0: RMG: 0.685051883139
