DEBUG:R0: Using Tc_p = 0.954545454545
DEBUG:R0: Using Tc_d = 0.954545454545
INFO:R0: Init motion planning
INFO:R0@tkref=0.0000: Time to solve stand alone optimization problem: 1.52176690102
INFO:R0@tkref=0.0000: N of unsatisfied eq: 5
INFO:R0@tkref=0.0000: N of unsatisfied ieq: 8
INFO:R0@tkref=0.0000: Summary: Iteration limit exceeded after 41 it.
DEBUG:R0@tkref=0.0000: $$$$$$$$ CONFLICT LIST $$$$$$$$: []
INFO:R0: --------------------------
INFO:R0@tkref=0.9545: Time to solve stand alone optimization problem: 0.0450201034546
INFO:R0@tkref=0.9545: N of unsatisfied eq: 3
INFO:R0@tkref=0.9545: N of unsatisfied ieq: 6
INFO:R0@tkref=0.9545: Summary: Optimization terminated successfully. after 1 it.
DEBUG:R0@tkref=0.9545: $$$$$$$$ CONFLICT LIST $$$$$$$$: []
INFO:R0: --------------------------
INFO:R0@tkref=1.9091: Time to solve stand alone optimization problem: 0.373555898666
INFO:R0@tkref=1.9091: N of unsatisfied eq: 2
INFO:R0@tkref=1.9091: N of unsatisfied ieq: 9
INFO:R0@tkref=1.9091: Summary: Optimization terminated successfully. after 9 it.
DEBUG:R0@tkref=1.9091: $$$$$$$$ CONFLICT LIST $$$$$$$$: []
INFO:R0: --------------------------
INFO:R0@tkref=2.8636: Time to solve stand alone optimization problem: 0.329238891602
INFO:R0@tkref=2.8636: N of unsatisfied eq: 3
INFO:R0@tkref=2.8636: N of unsatisfied ieq: 8
INFO:R0@tkref=2.8636: Summary: Optimization terminated successfully. after 8 it.
DEBUG:R0@tkref=2.8636: $$$$$$$$ CONFLICT LIST $$$$$$$$: []
INFO:R0: --------------------------
INFO:R0@tkref=3.8182: Time to solve stand alone optimization problem: 0.341685771942
INFO:R0@tkref=3.8182: N of unsatisfied eq: 3
INFO:R0@tkref=3.8182: N of unsatisfied ieq: 7
INFO:R0@tkref=3.8182: Summary: Optimization terminated successfully. after 8 it.
DEBUG:R0@tkref=3.8182: $$$$$$$$ CONFLICT LIST $$$$$$$$: []
INFO:R0: --------------------------
INFO:R0@tkref=4.7727: Time to solve stand alone optimization problem: 0.262963056564
INFO:R0@tkref=4.7727: N of unsatisfied eq: 3
INFO:R0@tkref=4.7727: N of unsatisfied ieq: 8
INFO:R0@tkref=4.7727: Summary: Optimization terminated successfully. after 6 it.
DEBUG:R0@tkref=4.7727: $$$$$$$$ CONFLICT LIST $$$$$$$$: []
INFO:R0: --------------------------
INFO:R0@tkref=5.7273: Time to solve stand alone optimization problem: 0.0446169376373
INFO:R0@tkref=5.7273: N of unsatisfied eq: 3
INFO:R0@tkref=5.7273: N of unsatisfied ieq: 8
INFO:R0@tkref=5.7273: Summary: Optimization terminated successfully. after 1 it.
DEBUG:R0@tkref=5.7273: $$$$$$$$ CONFLICT LIST $$$$$$$$: []
INFO:R0: --------------------------
DEBUG:R0: LAST STEP
DEBUG:R0: Approx remaining dist: 0.608777608382
DEBUG:R0: Usual approx plan dist: 1.5
DEBUG:R0: Approx gain in dist: 0.891222391618
DEBUG:R0: Last step min dist: 0.5
INFO:R0: scale 0.405851738921 Ns 7 Nk 3
INFO:R0@tkref=6.6818: Time to solve stand alone optimization problem: 0.496585845947
INFO:R0@tkref=6.6818: N of unsatisfied eq: 10
INFO:R0@tkref=6.6818: N of unsatisfied ieq: 4
INFO:R0@tkref=6.6818: Summary: Iteration limit exceeded after 26 it.
DEBUG:R0@tkref=6.6818: $$$$$$$$ CONFLICT LIST $$$$$$$$: []
INFO:R0: Finished motion planning
INFO:R0: --------------------------
INFO:R0: TOT: 7.36597641073
INFO:R0: NSE: 8
INFO:R0: FIR: 1.5231461525
INFO:R0: LAS: 0.497417926788
INFO:R0: LMA: 1
INFO:R0: MAX: 0.374495983124
INFO:R0: MIN: 0.0453660488129
INFO:R0: AVG: 0.233674486478
INFO:R0: RMP: 0.392329125177
INFO:R0: RMG: 0.521104494731
