DEBUG:R0: Using Tc_p = 0.9
DEBUG:R0: Using Tc_d = 0.9
INFO:R0: Init motion planning
INFO:R0@tkref=0.0000: Time to solve stand alone optimization problem: 1.01745319366
INFO:R0@tkref=0.0000: N of unsatisfied eq: 5
INFO:R0@tkref=0.0000: N of unsatisfied ieq: 6
INFO:R0@tkref=0.0000: Summary: Iteration limit exceeded after 41 it.
DEBUG:R0@tkref=0.0000: $$$$$$$$ CONFLICT LIST $$$$$$$$: []
INFO:R0: --------------------------
INFO:R0@tkref=0.9000: Time to solve stand alone optimization problem: 0.152426958084
INFO:R0@tkref=0.9000: N of unsatisfied eq: 3
INFO:R0@tkref=0.9000: N of unsatisfied ieq: 6
INFO:R0@tkref=0.9000: Summary: Optimization terminated successfully. after 6 it.
DEBUG:R0@tkref=0.9000: $$$$$$$$ CONFLICT LIST $$$$$$$$: []
INFO:R0: --------------------------
INFO:R0@tkref=1.8000: Time to solve stand alone optimization problem: 0.0482380390167
INFO:R0@tkref=1.8000: N of unsatisfied eq: 3
INFO:R0@tkref=1.8000: N of unsatisfied ieq: 7
INFO:R0@tkref=1.8000: Summary: Optimization terminated successfully. after 2 it.
DEBUG:R0@tkref=1.8000: $$$$$$$$ CONFLICT LIST $$$$$$$$: []
INFO:R0: --------------------------
INFO:R0@tkref=2.7000: Time to solve stand alone optimization problem: 0.0753901004791
INFO:R0@tkref=2.7000: N of unsatisfied eq: 5
INFO:R0@tkref=2.7000: N of unsatisfied ieq: 7
INFO:R0@tkref=2.7000: Summary: Optimization terminated successfully. after 3 it.
DEBUG:R0@tkref=2.7000: $$$$$$$$ CONFLICT LIST $$$$$$$$: []
INFO:R0: --------------------------
INFO:R0@tkref=3.6000: Time to solve stand alone optimization problem: 0.0244498252869
INFO:R0@tkref=3.6000: N of unsatisfied eq: 4
INFO:R0@tkref=3.6000: N of unsatisfied ieq: 6
INFO:R0@tkref=3.6000: Summary: Optimization terminated successfully. after 1 it.
DEBUG:R0@tkref=3.6000: $$$$$$$$ CONFLICT LIST $$$$$$$$: []
INFO:R0: --------------------------
INFO:R0@tkref=4.5000: Time to solve stand alone optimization problem: 0.0247731208801
INFO:R0@tkref=4.5000: N of unsatisfied eq: 4
INFO:R0@tkref=4.5000: N of unsatisfied ieq: 5
INFO:R0@tkref=4.5000: Summary: Optimization terminated successfully. after 1 it.
DEBUG:R0@tkref=4.5000: $$$$$$$$ CONFLICT LIST $$$$$$$$: []
INFO:R0: --------------------------
INFO:R0@tkref=5.4000: Time to solve stand alone optimization problem: 0.0247061252594
INFO:R0@tkref=5.4000: N of unsatisfied eq: 4
INFO:R0@tkref=5.4000: N of unsatisfied ieq: 7
INFO:R0@tkref=5.4000: Summary: Optimization terminated successfully. after 1 it.
DEBUG:R0@tkref=5.4000: $$$$$$$$ CONFLICT LIST $$$$$$$$: []
INFO:R0: --------------------------
DEBUG:R0: LAST STEP
DEBUG:R0: Approx remaining dist: 0.831221154064
DEBUG:R0: Usual approx plan dist: 3.0
DEBUG:R0: Approx gain in dist: 2.16877884594
DEBUG:R0: Last step min dist: 0.5
INFO:R0: scale 0.277073718021 Ns 7 Nk 3
INFO:R0@tkref=6.3000: Time to solve stand alone optimization problem: 0.365576982498
INFO:R0@tkref=6.3000: N of unsatisfied eq: 10
INFO:R0@tkref=6.3000: N of unsatisfied ieq: 4
INFO:R0@tkref=6.3000: Summary: Iteration limit exceeded after 26 it.
DEBUG:R0@tkref=6.3000: $$$$$$$$ CONFLICT LIST $$$$$$$$: []
INFO:R0: Finished motion planning
INFO:R0: --------------------------
INFO:R0: TOT: 7.23415609028
INFO:R0: NSE: 8
INFO:R0: FIR: 1.01921987534
INFO:R0: LAS: 0.366314172745
INFO:R0: LMA: 1
INFO:R0: MAX: 0.153167009354
INFO:R0: MIN: 0.0251059532166
INFO:R0: AVG: 0.0590043465296
INFO:R0: RMP: 0.170185565948
INFO:R0: RMG: 0.407015747494
