DEBUG:R0: Using Tc_p = 0.8
DEBUG:R0: Using Tc_d = 0.8
INFO:R0: Init motion planning
INFO:R0@tkref=0.0000: Time to solve stand alone optimization problem: 1.46166801453
INFO:R0@tkref=0.0000: N of unsatisfied eq: 5
INFO:R0@tkref=0.0000: N of unsatisfied ieq: 9
INFO:R0@tkref=0.0000: Summary: Iteration limit exceeded after 41 it.
DEBUG:R0@tkref=0.0000: $$$$$$$$ CONFLICT LIST $$$$$$$$: []
INFO:R0: --------------------------
INFO:R0@tkref=0.8000: Time to solve stand alone optimization problem: 0.0434379577637
INFO:R0@tkref=0.8000: N of unsatisfied eq: 3
INFO:R0@tkref=0.8000: N of unsatisfied ieq: 3
INFO:R0@tkref=0.8000: Summary: Optimization terminated successfully. after 1 it.
DEBUG:R0@tkref=0.8000: $$$$$$$$ CONFLICT LIST $$$$$$$$: []
INFO:R0: --------------------------
INFO:R0@tkref=1.6000: Time to solve stand alone optimization problem: 0.040314912796
INFO:R0@tkref=1.6000: N of unsatisfied eq: 3
INFO:R0@tkref=1.6000: N of unsatisfied ieq: 7
INFO:R0@tkref=1.6000: Summary: Optimization terminated successfully. after 1 it.
DEBUG:R0@tkref=1.6000: $$$$$$$$ CONFLICT LIST $$$$$$$$: []
INFO:R0: --------------------------
INFO:R0@tkref=2.4000: Time to solve stand alone optimization problem: 0.435731887817
INFO:R0@tkref=2.4000: N of unsatisfied eq: 2
INFO:R0@tkref=2.4000: N of unsatisfied ieq: 8
INFO:R0@tkref=2.4000: Summary: Optimization terminated successfully. after 11 it.
DEBUG:R0@tkref=2.4000: $$$$$$$$ CONFLICT LIST $$$$$$$$: []
INFO:R0: --------------------------
INFO:R0@tkref=3.2000: Time to solve stand alone optimization problem: 0.232579946518
INFO:R0@tkref=3.2000: N of unsatisfied eq: 3
INFO:R0@tkref=3.2000: N of unsatisfied ieq: 6
INFO:R0@tkref=3.2000: Summary: Optimization terminated successfully. after 6 it.
DEBUG:R0@tkref=3.2000: $$$$$$$$ CONFLICT LIST $$$$$$$$: []
INFO:R0: --------------------------
INFO:R0@tkref=4.0000: Time to solve stand alone optimization problem: 0.39862704277
INFO:R0@tkref=4.0000: N of unsatisfied eq: 2
INFO:R0@tkref=4.0000: N of unsatisfied ieq: 8
INFO:R0@tkref=4.0000: Summary: Optimization terminated successfully. after 10 it.
DEBUG:R0@tkref=4.0000: $$$$$$$$ CONFLICT LIST $$$$$$$$: []
INFO:R0: --------------------------
INFO:R0@tkref=4.8000: Time to solve stand alone optimization problem: 0.277549028397
INFO:R0@tkref=4.8000: N of unsatisfied eq: 1
INFO:R0@tkref=4.8000: N of unsatisfied ieq: 7
INFO:R0@tkref=4.8000: Summary: Optimization terminated successfully. after 7 it.
DEBUG:R0@tkref=4.8000: $$$$$$$$ CONFLICT LIST $$$$$$$$: []
INFO:R0: --------------------------
INFO:R0@tkref=5.6000: Time to solve stand alone optimization problem: 0.0864870548248
INFO:R0@tkref=5.6000: N of unsatisfied eq: 3
INFO:R0@tkref=5.6000: N of unsatisfied ieq: 9
INFO:R0@tkref=5.6000: Summary: Optimization terminated successfully. after 2 it.
DEBUG:R0@tkref=5.6000: $$$$$$$$ CONFLICT LIST $$$$$$$$: []
INFO:R0: --------------------------
DEBUG:R0: LAST STEP
DEBUG:R0: Approx remaining dist: 0.873040988929
DEBUG:R0: Usual approx plan dist: 1.0
DEBUG:R0: Approx gain in dist: 0.126959011071
DEBUG:R0: Last step min dist: 0.5
INFO:R0: scale 0.873040988929 Ns 10 Nk 4
INFO:R0@tkref=6.4000: Time to solve stand alone optimization problem: 0.750179052353
INFO:R0@tkref=6.4000: N of unsatisfied eq: 10
INFO:R0@tkref=6.4000: N of unsatisfied ieq: 6
INFO:R0@tkref=6.4000: Summary: Iteration limit exceeded after 26 it.
DEBUG:R0@tkref=6.4000: $$$$$$$$ CONFLICT LIST $$$$$$$$: []
INFO:R0: Finished motion planning
INFO:R0: --------------------------
INFO:R0: TOT: 7.34610678872
INFO:R0: NSE: 9
INFO:R0: FIR: 1.46375393867
INFO:R0: LAS: 0.751154899597
INFO:R0: LMA: 1
INFO:R0: MAX: 0.436839103699
INFO:R0: MIN: 0.0411438941956
INFO:R0: AVG: 0.21727841241
INFO:R0: RMP: 0.546048879623
INFO:R0: RMG: 0.938943624496
