DEBUG:R0: Using Tc_p = 1.22222222222
DEBUG:R0: Using Tc_d = 1.22222222222
INFO:R0: Init motion planning
INFO:R0@tkref=0.0000: Time to solve stand alone optimization problem: 1.29056215286
INFO:R0@tkref=0.0000: N of unsatisfied eq: 5
INFO:R0@tkref=0.0000: N of unsatisfied ieq: 5
INFO:R0@tkref=0.0000: Summary: Iteration limit exceeded after 41 it.
DEBUG:R0@tkref=0.0000: $$$$$$$$ CONFLICT LIST $$$$$$$$: []
INFO:R0: --------------------------
INFO:R0@tkref=1.2222: Time to solve stand alone optimization problem: 0.215916872025
INFO:R0@tkref=1.2222: N of unsatisfied eq: 2
INFO:R0@tkref=1.2222: N of unsatisfied ieq: 6
INFO:R0@tkref=1.2222: Summary: Optimization terminated successfully. after 6 it.
DEBUG:R0@tkref=1.2222: $$$$$$$$ CONFLICT LIST $$$$$$$$: []
INFO:R0: --------------------------
INFO:R0@tkref=2.4444: Time to solve stand alone optimization problem: 0.245988845825
INFO:R0@tkref=2.4444: N of unsatisfied eq: 3
INFO:R0@tkref=2.4444: N of unsatisfied ieq: 7
INFO:R0@tkref=2.4444: Summary: Optimization terminated successfully. after 7 it.
DEBUG:R0@tkref=2.4444: $$$$$$$$ CONFLICT LIST $$$$$$$$: []
INFO:R0: --------------------------
INFO:R0@tkref=3.6667: Time to solve stand alone optimization problem: 0.322030067444
INFO:R0@tkref=3.6667: N of unsatisfied eq: 2
INFO:R0@tkref=3.6667: N of unsatisfied ieq: 7
INFO:R0@tkref=3.6667: Summary: Optimization terminated successfully. after 9 it.
DEBUG:R0@tkref=3.6667: $$$$$$$$ CONFLICT LIST $$$$$$$$: []
INFO:R0: --------------------------
INFO:R0@tkref=4.8889: Time to solve stand alone optimization problem: 0.106696844101
INFO:R0@tkref=4.8889: N of unsatisfied eq: 3
INFO:R0@tkref=4.8889: N of unsatisfied ieq: 7
INFO:R0@tkref=4.8889: Summary: Optimization terminated successfully. after 3 it.
DEBUG:R0@tkref=4.8889: $$$$$$$$ CONFLICT LIST $$$$$$$$: []
INFO:R0: --------------------------
DEBUG:R0: LAST STEP
DEBUG:R0: Approx remaining dist: 1.21638130885
DEBUG:R0: Usual approx plan dist: 2.2
DEBUG:R0: Approx gain in dist: 0.983618691154
DEBUG:R0: Last step min dist: 0.5
INFO:R0: scale 0.55290059493 Ns 7 Nk 3
INFO:R0@tkref=6.1111: Time to solve stand alone optimization problem: 0.551953792572
INFO:R0@tkref=6.1111: N of unsatisfied eq: 10
INFO:R0@tkref=6.1111: N of unsatisfied ieq: 4
INFO:R0@tkref=6.1111: Summary: Iteration limit exceeded after 26 it.
DEBUG:R0@tkref=6.1111: $$$$$$$$ CONFLICT LIST $$$$$$$$: []
INFO:R0: Finished motion planning
INFO:R0: --------------------------
INFO:R0: TOT: 7.47817994517
INFO:R0: NSE: 6
INFO:R0: FIR: 1.29228496552
INFO:R0: LAS: 0.552795171738
INFO:R0: LMA: 1
INFO:R0: MAX: 0.322837114334
INFO:R0: MIN: 0.107500076294
INFO:R0: AVG: 0.223454594612
INFO:R0: RMP: 0.264139457182
INFO:R0: RMG: 0.452286958694
