DEBUG:R0: Using Tc_p = 0.44
DEBUG:R0: Using Tc_d = 0.44
INFO:R0: Init motion planning
INFO:R0@tkref=0.0000: Time to solve stand alone optimization problem: 0.92711687088
INFO:R0@tkref=0.0000: N of unsatisfied eq: 4
INFO:R0@tkref=0.0000: N of unsatisfied ieq: 9
INFO:R0@tkref=0.0000: Summary: Iteration limit exceeded after 41 it.
DEBUG:R0@tkref=0.0000: $$$$$$$$ CONFLICT LIST $$$$$$$$: []
INFO:R0: --------------------------
INFO:R0@tkref=0.4400: Time to solve stand alone optimization problem: 0.0452101230621
INFO:R0@tkref=0.4400: N of unsatisfied eq: 3
INFO:R0@tkref=0.4400: N of unsatisfied ieq: 9
INFO:R0@tkref=0.4400: Summary: Optimization terminated successfully. after 2 it.
DEBUG:R0@tkref=0.4400: $$$$$$$$ CONFLICT LIST $$$$$$$$: []
INFO:R0: --------------------------
INFO:R0@tkref=0.8800: Time to solve stand alone optimization problem: 0.0451979637146
INFO:R0@tkref=0.8800: N of unsatisfied eq: 3
INFO:R0@tkref=0.8800: N of unsatisfied ieq: 9
INFO:R0@tkref=0.8800: Summary: Optimization terminated successfully. after 2 it.
DEBUG:R0@tkref=0.8800: $$$$$$$$ CONFLICT LIST $$$$$$$$: []
INFO:R0: --------------------------
INFO:R0@tkref=1.3200: Time to solve stand alone optimization problem: 0.0434119701385
INFO:R0@tkref=1.3200: N of unsatisfied eq: 3
INFO:R0@tkref=1.3200: N of unsatisfied ieq: 6
INFO:R0@tkref=1.3200: Summary: Optimization terminated successfully. after 2 it.
DEBUG:R0@tkref=1.3200: $$$$$$$$ CONFLICT LIST $$$$$$$$: []
INFO:R0: --------------------------
INFO:R0@tkref=1.7600: Time to solve stand alone optimization problem: 0.0430998802185
INFO:R0@tkref=1.7600: N of unsatisfied eq: 3
INFO:R0@tkref=1.7600: N of unsatisfied ieq: 9
INFO:R0@tkref=1.7600: Summary: Optimization terminated successfully. after 2 it.
DEBUG:R0@tkref=1.7600: $$$$$$$$ CONFLICT LIST $$$$$$$$: []
INFO:R0: --------------------------
INFO:R0@tkref=2.2000: Time to solve stand alone optimization problem: 0.0233719348907
INFO:R0@tkref=2.2000: N of unsatisfied eq: 3
INFO:R0@tkref=2.2000: N of unsatisfied ieq: 9
INFO:R0@tkref=2.2000: Summary: Optimization terminated successfully. after 1 it.
DEBUG:R0@tkref=2.2000: $$$$$$$$ CONFLICT LIST $$$$$$$$: []
INFO:R0: --------------------------
INFO:R0@tkref=2.6400: Time to solve stand alone optimization problem: 0.0233488082886
INFO:R0@tkref=2.6400: N of unsatisfied eq: 3
INFO:R0@tkref=2.6400: N of unsatisfied ieq: 6
INFO:R0@tkref=2.6400: Summary: Optimization terminated successfully. after 1 it.
DEBUG:R0@tkref=2.6400: $$$$$$$$ CONFLICT LIST $$$$$$$$: []
INFO:R0: --------------------------
INFO:R0@tkref=3.0800: Time to solve stand alone optimization problem: 0.0235679149628
INFO:R0@tkref=3.0800: N of unsatisfied eq: 3
INFO:R0@tkref=3.0800: N of unsatisfied ieq: 5
INFO:R0@tkref=3.0800: Summary: Optimization terminated successfully. after 1 it.
DEBUG:R0@tkref=3.0800: $$$$$$$$ CONFLICT LIST $$$$$$$$: []
INFO:R0: --------------------------
INFO:R0@tkref=3.5200: Time to solve stand alone optimization problem: 0.0235731601715
INFO:R0@tkref=3.5200: N of unsatisfied eq: 3
INFO:R0@tkref=3.5200: N of unsatisfied ieq: 6
INFO:R0@tkref=3.5200: Summary: Optimization terminated successfully. after 1 it.
DEBUG:R0@tkref=3.5200: $$$$$$$$ CONFLICT LIST $$$$$$$$: []
INFO:R0: --------------------------
INFO:R0@tkref=3.9600: Time to solve stand alone optimization problem: 0.0224430561066
INFO:R0@tkref=3.9600: N of unsatisfied eq: 4
INFO:R0@tkref=3.9600: N of unsatisfied ieq: 5
INFO:R0@tkref=3.9600: Summary: Optimization terminated successfully. after 1 it.
DEBUG:R0@tkref=3.9600: $$$$$$$$ CONFLICT LIST $$$$$$$$: []
INFO:R0: --------------------------
INFO:R0@tkref=4.4000: Time to solve stand alone optimization problem: 0.0223581790924
INFO:R0@tkref=4.4000: N of unsatisfied eq: 2
INFO:R0@tkref=4.4000: N of unsatisfied ieq: 6
INFO:R0@tkref=4.4000: Summary: Optimization terminated successfully. after 1 it.
DEBUG:R0@tkref=4.4000: $$$$$$$$ CONFLICT LIST $$$$$$$$: []
INFO:R0: --------------------------
INFO:R0@tkref=4.8400: Time to solve stand alone optimization problem: 0.0224268436432
INFO:R0@tkref=4.8400: N of unsatisfied eq: 2
INFO:R0@tkref=4.8400: N of unsatisfied ieq: 5
INFO:R0@tkref=4.8400: Summary: Optimization terminated successfully. after 1 it.
DEBUG:R0@tkref=4.8400: $$$$$$$$ CONFLICT LIST $$$$$$$$: []
INFO:R0: --------------------------
INFO:R0@tkref=5.2800: Time to solve stand alone optimization problem: 0.0223639011383
INFO:R0@tkref=5.2800: N of unsatisfied eq: 3
INFO:R0@tkref=5.2800: N of unsatisfied ieq: 6
INFO:R0@tkref=5.2800: Summary: Optimization terminated successfully. after 1 it.
DEBUG:R0@tkref=5.2800: $$$$$$$$ CONFLICT LIST $$$$$$$$: []
INFO:R0: --------------------------
INFO:R0@tkref=5.7200: Time to solve stand alone optimization problem: 0.0224189758301
INFO:R0@tkref=5.7200: N of unsatisfied eq: 3
INFO:R0@tkref=5.7200: N of unsatisfied ieq: 6
INFO:R0@tkref=5.7200: Summary: Optimization terminated successfully. after 1 it.
DEBUG:R0@tkref=5.7200: $$$$$$$$ CONFLICT LIST $$$$$$$$: []
INFO:R0: --------------------------
INFO:R0@tkref=6.1600: Time to solve stand alone optimization problem: 0.0223281383514
INFO:R0@tkref=6.1600: N of unsatisfied eq: 4
INFO:R0@tkref=6.1600: N of unsatisfied ieq: 6
INFO:R0@tkref=6.1600: Summary: Optimization terminated successfully. after 1 it.
DEBUG:R0@tkref=6.1600: $$$$$$$$ CONFLICT LIST $$$$$$$$: []
INFO:R0: --------------------------
INFO:R0@tkref=6.6000: Time to solve stand alone optimization problem: 0.0223479270935
INFO:R0@tkref=6.6000: N of unsatisfied eq: 3
INFO:R0@tkref=6.6000: N of unsatisfied ieq: 6
INFO:R0@tkref=6.6000: Summary: Optimization terminated successfully. after 1 it.
DEBUG:R0@tkref=6.6000: $$$$$$$$ CONFLICT LIST $$$$$$$$: []
INFO:R0: --------------------------
DEBUG:R0: LAST STEP
DEBUG:R0: Approx remaining dist: 0.301574838797
DEBUG:R0: Usual approx plan dist: 4.4
DEBUG:R0: Approx gain in dist: 4.0984251612
DEBUG:R0: Last step min dist: 0.5
INFO:R0: scale 0.0685397360903 Ns 7 Nk 3
INFO:R0@tkref=7.0400: Time to solve stand alone optimization problem: 0.370176076889
INFO:R0@tkref=7.0400: N of unsatisfied eq: 10
INFO:R0@tkref=7.0400: N of unsatisfied ieq: 4
INFO:R0@tkref=7.0400: Summary: Iteration limit exceeded after 26 it.
DEBUG:R0@tkref=7.0400: $$$$$$$$ CONFLICT LIST $$$$$$$$: []
INFO:R0: Finished motion planning
INFO:R0: --------------------------
INFO:R0: TOT: 7.37890556312
INFO:R0: NSE: 17
INFO:R0: FIR: 0.928627967834
INFO:R0: LAS: 0.370913028717
INFO:R0: LMA: 1
INFO:R0: MAX: 0.0459160804749
INFO:R0: MIN: 0.0229749679565
INFO:R0: AVG: 0.0291935443878
INFO:R0: RMP: 0.104354728352
INFO:R0: RMG: 0.842984156175
