DEBUG:R0: Using Tc_p = 2.24
DEBUG:R0: Using Tc_d = 2.24
INFO:R0: Init motion planning
INFO:R0@tkref=0.0000: Time to solve stand alone optimization problem: 0.926890850067
INFO:R0@tkref=0.0000: N of unsatisfied eq: 5
INFO:R0@tkref=0.0000: N of unsatisfied ieq: 9
INFO:R0@tkref=0.0000: Summary: Iteration limit exceeded after 41 it.
DEBUG:R0@tkref=0.0000: $$$$$$$$ CONFLICT LIST $$$$$$$$: []
INFO:R0: --------------------------
INFO:R0@tkref=2.2400: Time to solve stand alone optimization problem: 0.0236411094666
INFO:R0@tkref=2.2400: N of unsatisfied eq: 3
INFO:R0@tkref=2.2400: N of unsatisfied ieq: 4
INFO:R0@tkref=2.2400: Summary: Optimization terminated successfully. after 1 it.
DEBUG:R0@tkref=2.2400: $$$$$$$$ CONFLICT LIST $$$$$$$$: []
INFO:R0: --------------------------
DEBUG:R0: LAST STEP
DEBUG:R0: Approx remaining dist: 2.70592111765
DEBUG:R0: Usual approx plan dist: 2.8
DEBUG:R0: Approx gain in dist: 0.0940788823509
DEBUG:R0: Last step min dist: 0.5
INFO:R0: scale 0.96640039916 Ns 11 Nk 5
INFO:R0@tkref=4.4800: Time to solve stand alone optimization problem: 0.592704057693
INFO:R0@tkref=4.4800: N of unsatisfied eq: 10
INFO:R0@tkref=4.4800: N of unsatisfied ieq: 8
INFO:R0@tkref=4.4800: Summary: Iteration limit exceeded after 26 it.
DEBUG:R0@tkref=4.4800: $$$$$$$$ CONFLICT LIST $$$$$$$$: []
INFO:R0: Finished motion planning
INFO:R0: --------------------------
INFO:R0: TOT: 7.37448022908
INFO:R0: NSE: 3
INFO:R0: FIR: 0.928099155426
INFO:R0: LAS: 0.594063043594
INFO:R0: LMA: 1
INFO:R0: MAX: 0.0243158340454
INFO:R0: MIN: 0.0243158340454
INFO:R0: AVG: 0.0243158340454
INFO:R0: RMP: 0.010855283056
INFO:R0: RMG: 0.26520671589
