DEBUG:R0: Using Tc_p = 3.34545454545
DEBUG:R0: Using Tc_d = 3.34545454545
INFO:R0: Init motion planning
INFO:R0@tkref=0.0000: Time to solve stand alone optimization problem: 1.51439905167
INFO:R0@tkref=0.0000: N of unsatisfied eq: 3
INFO:R0@tkref=0.0000: N of unsatisfied ieq: 4
INFO:R0@tkref=0.0000: Summary: Iteration limit exceeded after 41 it.
DEBUG:R0@tkref=0.0000: $$$$$$$$ CONFLICT LIST $$$$$$$$: []
INFO:R0: --------------------------
INFO:R0@tkref=3.3455: Time to solve stand alone optimization problem: 0.491881132126
INFO:R0@tkref=3.3455: N of unsatisfied eq: 3
INFO:R0@tkref=3.3455: N of unsatisfied ieq: 6
INFO:R0@tkref=3.3455: Summary: Optimization terminated successfully. after 12 it.
DEBUG:R0@tkref=3.3455: $$$$$$$$ CONFLICT LIST $$$$$$$$: []
INFO:R0: --------------------------
DEBUG:R0: LAST STEP
DEBUG:R0: Approx remaining dist: 1.09756131243
DEBUG:R0: Usual approx plan dist: 4.6
DEBUG:R0: Approx gain in dist: 3.50243868757
DEBUG:R0: Last step min dist: 0.5
INFO:R0: scale 0.238600285312 Ns 7 Nk 3
INFO:R0@tkref=6.6909: Time to solve stand alone optimization problem: 0.498667001724
INFO:R0@tkref=6.6909: N of unsatisfied eq: 10
INFO:R0@tkref=6.6909: N of unsatisfied ieq: 4
INFO:R0@tkref=6.6909: Summary: Iteration limit exceeded after 26 it.
DEBUG:R0@tkref=6.6909: $$$$$$$$ CONFLICT LIST $$$$$$$$: []
INFO:R0: Finished motion planning
INFO:R0: --------------------------
INFO:R0: TOT: 7.91857857925
INFO:R0: NSE: 3
INFO:R0: FIR: 1.51625585556
INFO:R0: LAS: 0.499495983124
INFO:R0: LMA: 1
INFO:R0: MAX: 0.492697954178
INFO:R0: MIN: 0.492697954178
INFO:R0: AVG: 0.492697954178
INFO:R0: RMP: 0.147273844999
INFO:R0: RMG: 0.149305864521
