DEBUG:R0: Using Tc_p = 0.24
DEBUG:R0: Using Tc_d = 0.24
INFO:R0: Init motion planning
INFO:R0@tkref=0.0000: Time to solve stand alone optimization problem: 1.03016901016
INFO:R0@tkref=0.0000: N of unsatisfied eq: 5
INFO:R0@tkref=0.0000: N of unsatisfied ieq: 6
INFO:R0@tkref=0.0000: Summary: Iteration limit exceeded after 41 it.
DEBUG:R0@tkref=0.0000: $$$$$$$$ CONFLICT LIST $$$$$$$$: []
INFO:R0: --------------------------
INFO:R0@tkref=0.2400: Time to solve stand alone optimization problem: 0.151414871216
INFO:R0@tkref=0.2400: N of unsatisfied eq: 3
INFO:R0@tkref=0.2400: N of unsatisfied ieq: 7
INFO:R0@tkref=0.2400: Summary: Optimization terminated successfully. after 6 it.
DEBUG:R0@tkref=0.2400: $$$$$$$$ CONFLICT LIST $$$$$$$$: []
INFO:R0: --------------------------
INFO:R0@tkref=0.4800: Time to solve stand alone optimization problem: 0.0514099597931
INFO:R0@tkref=0.4800: N of unsatisfied eq: 3
INFO:R0@tkref=0.4800: N of unsatisfied ieq: 9
INFO:R0@tkref=0.4800: Summary: Optimization terminated successfully. after 2 it.
DEBUG:R0@tkref=0.4800: $$$$$$$$ CONFLICT LIST $$$$$$$$: []
INFO:R0: --------------------------
INFO:R0@tkref=0.7200: Time to solve stand alone optimization problem: 0.0514109134674
INFO:R0@tkref=0.7200: N of unsatisfied eq: 3
INFO:R0@tkref=0.7200: N of unsatisfied ieq: 9
INFO:R0@tkref=0.7200: Summary: Optimization terminated successfully. after 2 it.
DEBUG:R0@tkref=0.7200: $$$$$$$$ CONFLICT LIST $$$$$$$$: []
INFO:R0: --------------------------
INFO:R0@tkref=0.9600: Time to solve stand alone optimization problem: 0.0794031620026
INFO:R0@tkref=0.9600: N of unsatisfied eq: 5
INFO:R0@tkref=0.9600: N of unsatisfied ieq: 9
INFO:R0@tkref=0.9600: Summary: Optimization terminated successfully. after 3 it.
DEBUG:R0@tkref=0.9600: $$$$$$$$ CONFLICT LIST $$$$$$$$: []
INFO:R0: --------------------------
INFO:R0@tkref=1.2000: Time to solve stand alone optimization problem: 0.0275540351868
INFO:R0@tkref=1.2000: N of unsatisfied eq: 4
INFO:R0@tkref=1.2000: N of unsatisfied ieq: 7
INFO:R0@tkref=1.2000: Summary: Optimization terminated successfully. after 1 it.
DEBUG:R0@tkref=1.2000: $$$$$$$$ CONFLICT LIST $$$$$$$$: []
INFO:R0: --------------------------
INFO:R0@tkref=1.4400: Time to solve stand alone optimization problem: 0.0251572132111
INFO:R0@tkref=1.4400: N of unsatisfied eq: 5
INFO:R0@tkref=1.4400: N of unsatisfied ieq: 6
INFO:R0@tkref=1.4400: Summary: Optimization terminated successfully. after 1 it.
DEBUG:R0@tkref=1.4400: $$$$$$$$ CONFLICT LIST $$$$$$$$: []
INFO:R0: --------------------------
INFO:R0@tkref=1.6800: Time to solve stand alone optimization problem: 0.024847984314
INFO:R0@tkref=1.6800: N of unsatisfied eq: 4
INFO:R0@tkref=1.6800: N of unsatisfied ieq: 5
INFO:R0@tkref=1.6800: Summary: Optimization terminated successfully. after 1 it.
DEBUG:R0@tkref=1.6800: $$$$$$$$ CONFLICT LIST $$$$$$$$: []
INFO:R0: --------------------------
INFO:R0@tkref=1.9200: Time to solve stand alone optimization problem: 0.0248699188232
INFO:R0@tkref=1.9200: N of unsatisfied eq: 3
INFO:R0@tkref=1.9200: N of unsatisfied ieq: 3
INFO:R0@tkref=1.9200: Summary: Optimization terminated successfully. after 1 it.
DEBUG:R0@tkref=1.9200: $$$$$$$$ CONFLICT LIST $$$$$$$$: []
INFO:R0: --------------------------
INFO:R0@tkref=2.1600: Time to solve stand alone optimization problem: 0.0251350402832
INFO:R0@tkref=2.1600: N of unsatisfied eq: 5
INFO:R0@tkref=2.1600: N of unsatisfied ieq: 6
INFO:R0@tkref=2.1600: Summary: Optimization terminated successfully. after 1 it.
DEBUG:R0@tkref=2.1600: $$$$$$$$ CONFLICT LIST $$$$$$$$: []
INFO:R0: --------------------------
INFO:R0@tkref=2.4000: Time to solve stand alone optimization problem: 0.025120973587
INFO:R0@tkref=2.4000: N of unsatisfied eq: 3
INFO:R0@tkref=2.4000: N of unsatisfied ieq: 5
INFO:R0@tkref=2.4000: Summary: Optimization terminated successfully. after 1 it.
DEBUG:R0@tkref=2.4000: $$$$$$$$ CONFLICT LIST $$$$$$$$: []
INFO:R0: --------------------------
INFO:R0@tkref=2.6400: Time to solve stand alone optimization problem: 0.0252389907837
INFO:R0@tkref=2.6400: N of unsatisfied eq: 5
INFO:R0@tkref=2.6400: N of unsatisfied ieq: 6
INFO:R0@tkref=2.6400: Summary: Optimization terminated successfully. after 1 it.
DEBUG:R0@tkref=2.6400: $$$$$$$$ CONFLICT LIST $$$$$$$$: []
INFO:R0: --------------------------
INFO:R0@tkref=2.8800: Time to solve stand alone optimization problem: 0.0248630046844
INFO:R0@tkref=2.8800: N of unsatisfied eq: 5
INFO:R0@tkref=2.8800: N of unsatisfied ieq: 5
INFO:R0@tkref=2.8800: Summary: Optimization terminated successfully. after 1 it.
DEBUG:R0@tkref=2.8800: $$$$$$$$ CONFLICT LIST $$$$$$$$: []
INFO:R0: --------------------------
INFO:R0@tkref=3.1200: Time to solve stand alone optimization problem: 0.0250940322876
INFO:R0@tkref=3.1200: N of unsatisfied eq: 4
INFO:R0@tkref=3.1200: N of unsatisfied ieq: 6
INFO:R0@tkref=3.1200: Summary: Optimization terminated successfully. after 1 it.
DEBUG:R0@tkref=3.1200: $$$$$$$$ CONFLICT LIST $$$$$$$$: []
INFO:R0: --------------------------
INFO:R0@tkref=3.3600: Time to solve stand alone optimization problem: 0.0248219966888
INFO:R0@tkref=3.3600: N of unsatisfied eq: 3
INFO:R0@tkref=3.3600: N of unsatisfied ieq: 5
INFO:R0@tkref=3.3600: Summary: Optimization terminated successfully. after 1 it.
DEBUG:R0@tkref=3.3600: $$$$$$$$ CONFLICT LIST $$$$$$$$: []
INFO:R0: --------------------------
INFO:R0@tkref=3.6000: Time to solve stand alone optimization problem: 0.0246698856354
INFO:R0@tkref=3.6000: N of unsatisfied eq: 4
INFO:R0@tkref=3.6000: N of unsatisfied ieq: 5
INFO:R0@tkref=3.6000: Summary: Optimization terminated successfully. after 1 it.
DEBUG:R0@tkref=3.6000: $$$$$$$$ CONFLICT LIST $$$$$$$$: []
INFO:R0: --------------------------
INFO:R0@tkref=3.8400: Time to solve stand alone optimization problem: 0.0246911048889
INFO:R0@tkref=3.8400: N of unsatisfied eq: 4
INFO:R0@tkref=3.8400: N of unsatisfied ieq: 5
INFO:R0@tkref=3.8400: Summary: Optimization terminated successfully. after 1 it.
DEBUG:R0@tkref=3.8400: $$$$$$$$ CONFLICT LIST $$$$$$$$: []
INFO:R0: --------------------------
INFO:R0@tkref=4.0800: Time to solve stand alone optimization problem: 0.0247042179108
INFO:R0@tkref=4.0800: N of unsatisfied eq: 5
INFO:R0@tkref=4.0800: N of unsatisfied ieq: 6
INFO:R0@tkref=4.0800: Summary: Optimization terminated successfully. after 1 it.
DEBUG:R0@tkref=4.0800: $$$$$$$$ CONFLICT LIST $$$$$$$$: []
INFO:R0: --------------------------
INFO:R0@tkref=4.3200: Time to solve stand alone optimization problem: 0.0244390964508
INFO:R0@tkref=4.3200: N of unsatisfied eq: 4
INFO:R0@tkref=4.3200: N of unsatisfied ieq: 6
INFO:R0@tkref=4.3200: Summary: Optimization terminated successfully. after 1 it.
DEBUG:R0@tkref=4.3200: $$$$$$$$ CONFLICT LIST $$$$$$$$: []
INFO:R0: --------------------------
INFO:R0@tkref=4.5600: Time to solve stand alone optimization problem: 0.0246949195862
INFO:R0@tkref=4.5600: N of unsatisfied eq: 5
INFO:R0@tkref=4.5600: N of unsatisfied ieq: 7
INFO:R0@tkref=4.5600: Summary: Optimization terminated successfully. after 1 it.
DEBUG:R0@tkref=4.5600: $$$$$$$$ CONFLICT LIST $$$$$$$$: []
INFO:R0: --------------------------
INFO:R0@tkref=4.8000: Time to solve stand alone optimization problem: 0.0249798297882
INFO:R0@tkref=4.8000: N of unsatisfied eq: 5
INFO:R0@tkref=4.8000: N of unsatisfied ieq: 6
INFO:R0@tkref=4.8000: Summary: Optimization terminated successfully. after 1 it.
DEBUG:R0@tkref=4.8000: $$$$$$$$ CONFLICT LIST $$$$$$$$: []
INFO:R0: --------------------------
INFO:R0@tkref=5.0400: Time to solve stand alone optimization problem: 0.0249710083008
INFO:R0@tkref=5.0400: N of unsatisfied eq: 5
INFO:R0@tkref=5.0400: N of unsatisfied ieq: 6
INFO:R0@tkref=5.0400: Summary: Optimization terminated successfully. after 1 it.
DEBUG:R0@tkref=5.0400: $$$$$$$$ CONFLICT LIST $$$$$$$$: []
INFO:R0: --------------------------
INFO:R0@tkref=5.2800: Time to solve stand alone optimization problem: 0.0258939266205
INFO:R0@tkref=5.2800: N of unsatisfied eq: 4
INFO:R0@tkref=5.2800: N of unsatisfied ieq: 5
INFO:R0@tkref=5.2800: Summary: Optimization terminated successfully. after 1 it.
DEBUG:R0@tkref=5.2800: $$$$$$$$ CONFLICT LIST $$$$$$$$: []
INFO:R0: --------------------------
INFO:R0@tkref=5.5200: Time to solve stand alone optimization problem: 0.0257580280304
INFO:R0@tkref=5.5200: N of unsatisfied eq: 4
INFO:R0@tkref=5.5200: N of unsatisfied ieq: 4
INFO:R0@tkref=5.5200: Summary: Optimization terminated successfully. after 1 it.
DEBUG:R0@tkref=5.5200: $$$$$$$$ CONFLICT LIST $$$$$$$$: []
INFO:R0: --------------------------
INFO:R0@tkref=5.7600: Time to solve stand alone optimization problem: 0.0249559879303
INFO:R0@tkref=5.7600: N of unsatisfied eq: 3
INFO:R0@tkref=5.7600: N of unsatisfied ieq: 8
INFO:R0@tkref=5.7600: Summary: Optimization terminated successfully. after 1 it.
DEBUG:R0@tkref=5.7600: $$$$$$$$ CONFLICT LIST $$$$$$$$: []
INFO:R0: --------------------------
INFO:R0@tkref=6.0000: Time to solve stand alone optimization problem: 0.02494597435
INFO:R0@tkref=6.0000: N of unsatisfied eq: 3
INFO:R0@tkref=6.0000: N of unsatisfied ieq: 6
INFO:R0@tkref=6.0000: Summary: Optimization terminated successfully. after 1 it.
DEBUG:R0@tkref=6.0000: $$$$$$$$ CONFLICT LIST $$$$$$$$: []
INFO:R0: --------------------------
INFO:R0@tkref=6.2400: Time to solve stand alone optimization problem: 0.0246951580048
INFO:R0@tkref=6.2400: N of unsatisfied eq: 4
INFO:R0@tkref=6.2400: N of unsatisfied ieq: 6
INFO:R0@tkref=6.2400: Summary: Optimization terminated successfully. after 1 it.
DEBUG:R0@tkref=6.2400: $$$$$$$$ CONFLICT LIST $$$$$$$$: []
INFO:R0: --------------------------
DEBUG:R0: LAST STEP
DEBUG:R0: Approx remaining dist: 0.619936534748
DEBUG:R0: Usual approx plan dist: 2.4
DEBUG:R0: Approx gain in dist: 1.78006346525
DEBUG:R0: Last step min dist: 0.5
INFO:R0: scale 0.258306889479 Ns 7 Nk 3
INFO:R0@tkref=6.4800: Time to solve stand alone optimization problem: 0.367171049118
INFO:R0@tkref=6.4800: N of unsatisfied eq: 10
INFO:R0@tkref=6.4800: N of unsatisfied ieq: 4
INFO:R0@tkref=6.4800: Summary: Iteration limit exceeded after 26 it.
DEBUG:R0@tkref=6.4800: $$$$$$$$ CONFLICT LIST $$$$$$$$: []
INFO:R0: Finished motion planning
INFO:R0: --------------------------
INFO:R0: TOT: 7.17669528421
INFO:R0: NSE: 28
INFO:R0: FIR: 1.03133797646
INFO:R0: LAS: 0.367885112762
INFO:R0: LMA: 1
INFO:R0: MAX: 0.152085065842
INFO:R0: MIN: 0.0250911712646
INFO:R0: AVG: 0.0347409064953
INFO:R0: RMP: 0.63368777434
INFO:R0: RMG: 1.53285463651
