DEBUG:R0: Using Tc_p = 3.42222222222
DEBUG:R0: Using Tc_d = 3.42222222222
INFO:R0: Init motion planning
INFO:R0@tkref=0.0000: Time to solve stand alone optimization problem: 2.15157604218
INFO:R0@tkref=0.0000: N of unsatisfied eq: 5
INFO:R0@tkref=0.0000: N of unsatisfied ieq: 8
INFO:R0@tkref=0.0000: Summary: Iteration limit exceeded after 41 it.
DEBUG:R0@tkref=0.0000: $$$$$$$$ CONFLICT LIST $$$$$$$$: []
INFO:R0: --------------------------
INFO:R0@tkref=3.4222: Time to solve stand alone optimization problem: 0.338783025742
INFO:R0@tkref=3.4222: N of unsatisfied eq: 3
INFO:R0@tkref=3.4222: N of unsatisfied ieq: 8
INFO:R0@tkref=3.4222: Summary: Optimization terminated successfully. after 6 it.
DEBUG:R0@tkref=3.4222: $$$$$$$$ CONFLICT LIST $$$$$$$$: []
INFO:R0: --------------------------
DEBUG:R0: LAST STEP
DEBUG:R0: Approx remaining dist: 0.910051420068
DEBUG:R0: Usual approx plan dist: 4.4
DEBUG:R0: Approx gain in dist: 3.48994857993
DEBUG:R0: Last step min dist: 0.5
INFO:R0: scale 0.206829868197 Ns 7 Nk 3
INFO:R0@tkref=6.8444: Time to solve stand alone optimization problem: 0.618206977844
INFO:R0@tkref=6.8444: N of unsatisfied eq: 10
INFO:R0@tkref=6.8444: N of unsatisfied ieq: 3
INFO:R0@tkref=6.8444: Summary: Iteration limit exceeded after 26 it.
DEBUG:R0@tkref=6.8444: $$$$$$$$ CONFLICT LIST $$$$$$$$: []
INFO:R0: Finished motion planning
INFO:R0: --------------------------
INFO:R0: TOT: 7.8875356695
INFO:R0: NSE: 3
INFO:R0: FIR: 2.1528980732
INFO:R0: LAS: 0.61906504631
INFO:R0: LMA: 1
INFO:R0: MAX: 0.339637994766
INFO:R0: MIN: 0.339637994766
INFO:R0: AVG: 0.339637994766
INFO:R0: RMP: 0.0992448686005
INFO:R0: RMG: 0.180895630415
