DEBUG:R0: Using Tc_p = 1.04444444444
DEBUG:R0: Using Tc_d = 1.04444444444
INFO:R0: Init motion planning
INFO:R0@tkref=0.0000: Time to solve stand alone optimization problem: 0.955952167511
INFO:R0@tkref=0.0000: N of unsatisfied eq: 5
INFO:R0@tkref=0.0000: N of unsatisfied ieq: 6
INFO:R0@tkref=0.0000: Summary: Iteration limit exceeded after 41 it.
DEBUG:R0@tkref=0.0000: $$$$$$$$ CONFLICT LIST $$$$$$$$: []
INFO:R0: --------------------------
INFO:R0@tkref=1.0444: Time to solve stand alone optimization problem: 0.024276971817
INFO:R0@tkref=1.0444: N of unsatisfied eq: 3
INFO:R0@tkref=1.0444: N of unsatisfied ieq: 4
INFO:R0@tkref=1.0444: Summary: Optimization terminated successfully. after 1 it.
DEBUG:R0@tkref=1.0444: $$$$$$$$ CONFLICT LIST $$$$$$$$: []
INFO:R0: --------------------------
INFO:R0@tkref=2.0889: Time to solve stand alone optimization problem: 0.0244479179382
INFO:R0@tkref=2.0889: N of unsatisfied eq: 3
INFO:R0@tkref=2.0889: N of unsatisfied ieq: 5
INFO:R0@tkref=2.0889: Summary: Optimization terminated successfully. after 1 it.
DEBUG:R0@tkref=2.0889: $$$$$$$$ CONFLICT LIST $$$$$$$$: []
INFO:R0: --------------------------
INFO:R0@tkref=3.1333: Time to solve stand alone optimization problem: 0.0247650146484
INFO:R0@tkref=3.1333: N of unsatisfied eq: 3
INFO:R0@tkref=3.1333: N of unsatisfied ieq: 5
INFO:R0@tkref=3.1333: Summary: Optimization terminated successfully. after 1 it.
DEBUG:R0@tkref=3.1333: $$$$$$$$ CONFLICT LIST $$$$$$$$: []
INFO:R0: --------------------------
INFO:R0@tkref=4.1778: Time to solve stand alone optimization problem: 0.0246689319611
INFO:R0@tkref=4.1778: N of unsatisfied eq: 3
INFO:R0@tkref=4.1778: N of unsatisfied ieq: 4
INFO:R0@tkref=4.1778: Summary: Optimization terminated successfully. after 1 it.
DEBUG:R0@tkref=4.1778: $$$$$$$$ CONFLICT LIST $$$$$$$$: []
INFO:R0: --------------------------
INFO:R0@tkref=5.2222: Time to solve stand alone optimization problem: 0.0247189998627
INFO:R0@tkref=5.2222: N of unsatisfied eq: 3
INFO:R0@tkref=5.2222: N of unsatisfied ieq: 5
INFO:R0@tkref=5.2222: Summary: Optimization terminated successfully. after 1 it.
DEBUG:R0@tkref=5.2222: $$$$$$$$ CONFLICT LIST $$$$$$$$: []
INFO:R0: --------------------------
DEBUG:R0: LAST STEP
DEBUG:R0: Approx remaining dist: 0.922268593151
DEBUG:R0: Usual approx plan dist: 4.7
DEBUG:R0: Approx gain in dist: 3.77773140685
DEBUG:R0: Last step min dist: 0.5
INFO:R0: scale 0.196227360245 Ns 7 Nk 3
INFO:R0@tkref=6.2667: Time to solve stand alone optimization problem: 0.36935710907
INFO:R0@tkref=6.2667: N of unsatisfied eq: 10
INFO:R0@tkref=6.2667: N of unsatisfied ieq: 4
INFO:R0@tkref=6.2667: Summary: Iteration limit exceeded after 26 it.
DEBUG:R0@tkref=6.2667: $$$$$$$$ CONFLICT LIST $$$$$$$$: []
INFO:R0: Finished motion planning
INFO:R0: --------------------------
INFO:R0: TOT: 7.30315157665
INFO:R0: NSE: 7
INFO:R0: FIR: 0.957944154739
INFO:R0: LAS: 0.370105981827
INFO:R0: LMA: 1
INFO:R0: MAX: 0.0254149436951
INFO:R0: MIN: 0.0249528884888
INFO:R0: AVG: 0.0252307415009
INFO:R0: RMP: 0.0243334567293
INFO:R0: RMG: 0.354356791111
