DEBUG:R0: Using Tc_p = 1.52
DEBUG:R0: Using Tc_d = 1.52
INFO:R0: Init motion planning
INFO:R0@tkref=0.0000: Time to solve stand alone optimization problem: 2.42795014381
INFO:R0@tkref=0.0000: N of unsatisfied eq: 3
INFO:R0@tkref=0.0000: N of unsatisfied ieq: 5
INFO:R0@tkref=0.0000: Summary: Iteration limit exceeded after 41 it.
DEBUG:R0@tkref=0.0000: $$$$$$$$ CONFLICT LIST $$$$$$$$: []
INFO:R0: --------------------------
INFO:R0@tkref=1.5200: Time to solve stand alone optimization problem: 1.08180093765
INFO:R0@tkref=1.5200: N of unsatisfied eq: 2
INFO:R0@tkref=1.5200: N of unsatisfied ieq: 8
INFO:R0@tkref=1.5200: Summary: Iteration limit exceeded after 16 it.
DEBUG:R0@tkref=1.5200: $$$$$$$$ CONFLICT LIST $$$$$$$$: []
INFO:R0: --------------------------
INFO:R0@tkref=3.0400: Time to solve stand alone optimization problem: 1.00244402885
INFO:R0@tkref=3.0400: N of unsatisfied eq: 1
INFO:R0@tkref=3.0400: N of unsatisfied ieq: 5
INFO:R0@tkref=3.0400: Summary: Iteration limit exceeded after 16 it.
DEBUG:R0@tkref=3.0400: $$$$$$$$ CONFLICT LIST $$$$$$$$: []
INFO:R0: --------------------------
INFO:R0@tkref=4.5600: Time to solve stand alone optimization problem: 0.493460178375
INFO:R0@tkref=4.5600: N of unsatisfied eq: 3
INFO:R0@tkref=4.5600: N of unsatisfied ieq: 6
INFO:R0@tkref=4.5600: Summary: Optimization terminated successfully. after 8 it.
DEBUG:R0@tkref=4.5600: $$$$$$$$ CONFLICT LIST $$$$$$$$: []
INFO:R0: --------------------------
DEBUG:R0: LAST STEP
DEBUG:R0: Approx remaining dist: 1.75580067387
DEBUG:R0: Usual approx plan dist: 3.8
DEBUG:R0: Approx gain in dist: 2.04419932613
DEBUG:R0: Last step min dist: 0.5
INFO:R0: scale 0.462052808914 Ns 7 Nk 3
INFO:R0@tkref=6.0800: Time to solve stand alone optimization problem: 0.693926095963
INFO:R0@tkref=6.0800: N of unsatisfied eq: 10
INFO:R0@tkref=6.0800: N of unsatisfied ieq: 4
INFO:R0@tkref=6.0800: Summary: Iteration limit exceeded after 26 it.
DEBUG:R0@tkref=6.0800: $$$$$$$$ CONFLICT LIST $$$$$$$$: []
INFO:R0: Finished motion planning
INFO:R0: --------------------------
INFO:R0: TOT: 8.04850363145
INFO:R0: NSE: 5
INFO:R0: FIR: 2.42924404144
INFO:R0: LAS: 0.694801807404
INFO:R0: LMA: 0
INFO:R0: MAX: 1.08266711235
INFO:R0: MIN: 0.494297981262
INFO:R0: AVG: 0.860084692637
INFO:R0: RMP: 0.712280994967
INFO:R0: RMG: 0.712280994967
