DEBUG:R0: Using Tc_p = 1.74545454545
DEBUG:R0: Using Tc_d = 1.74545454545
INFO:R0: Init motion planning
INFO:R0@tkref=0.0000: Time to solve stand alone optimization problem: 0.976147890091
INFO:R0@tkref=0.0000: N of unsatisfied eq: 5
INFO:R0@tkref=0.0000: N of unsatisfied ieq: 8
INFO:R0@tkref=0.0000: Summary: Iteration limit exceeded after 41 it.
DEBUG:R0@tkref=0.0000: $$$$$$$$ CONFLICT LIST $$$$$$$$: []
INFO:R0: --------------------------
INFO:R0@tkref=1.7455: Time to solve stand alone optimization problem: 0.0249559879303
INFO:R0@tkref=1.7455: N of unsatisfied eq: 3
INFO:R0@tkref=1.7455: N of unsatisfied ieq: 3
INFO:R0@tkref=1.7455: Summary: Optimization terminated successfully. after 1 it.
DEBUG:R0@tkref=1.7455: $$$$$$$$ CONFLICT LIST $$$$$$$$: []
INFO:R0: --------------------------
INFO:R0@tkref=3.4909: Time to solve stand alone optimization problem: 0.0235738754272
INFO:R0@tkref=3.4909: N of unsatisfied eq: 5
INFO:R0@tkref=3.4909: N of unsatisfied ieq: 8
INFO:R0@tkref=3.4909: Summary: Optimization terminated successfully. after 1 it.
DEBUG:R0@tkref=3.4909: $$$$$$$$ CONFLICT LIST $$$$$$$$: []
INFO:R0: --------------------------
DEBUG:R0: LAST STEP
DEBUG:R0: Approx remaining dist: 1.97184716523
DEBUG:R0: Usual approx plan dist: 3.2
DEBUG:R0: Approx gain in dist: 1.22815283477
DEBUG:R0: Last step min dist: 0.5
INFO:R0: scale 0.616202239136 Ns 7 Nk 3
INFO:R0@tkref=5.2364: Time to solve stand alone optimization problem: 0.368294000626
INFO:R0@tkref=5.2364: N of unsatisfied eq: 10
INFO:R0@tkref=5.2364: N of unsatisfied ieq: 4
INFO:R0@tkref=5.2364: Summary: Iteration limit exceeded after 26 it.
DEBUG:R0@tkref=5.2364: $$$$$$$$ CONFLICT LIST $$$$$$$$: []
INFO:R0: Finished motion planning
INFO:R0: --------------------------
INFO:R0: TOT: 7.45265962145
INFO:R0: NSE: 4
INFO:R0: FIR: 0.977367162704
INFO:R0: LAS: 0.369036912918
INFO:R0: LMA: 1
INFO:R0: MAX: 0.0256168842316
INFO:R0: MIN: 0.0242371559143
INFO:R0: AVG: 0.0249270200729
INFO:R0: RMP: 0.0146763399243
INFO:R0: RMG: 0.211427398026
