DEBUG:R0: Using Tc_p = 0.522222222222
DEBUG:R0: Using Tc_d = 0.522222222222
INFO:R0: Init motion planning
INFO:R0@tkref=0.0000: Time to solve stand alone optimization problem: 0.848882198334
INFO:R0@tkref=0.0000: N of unsatisfied eq: 5
INFO:R0@tkref=0.0000: N of unsatisfied ieq: 5
INFO:R0@tkref=0.0000: Summary: Iteration limit exceeded after 41 it.
DEBUG:R0@tkref=0.0000: $$$$$$$$ CONFLICT LIST $$$$$$$$: []
INFO:R0: --------------------------
INFO:R0@tkref=0.5222: Time to solve stand alone optimization problem: 0.0403850078583
INFO:R0@tkref=0.5222: N of unsatisfied eq: 3
INFO:R0@tkref=0.5222: N of unsatisfied ieq: 6
INFO:R0@tkref=0.5222: Summary: Optimization terminated successfully. after 2 it.
DEBUG:R0@tkref=0.5222: $$$$$$$$ CONFLICT LIST $$$$$$$$: []
INFO:R0: --------------------------
INFO:R0@tkref=1.0444: Time to solve stand alone optimization problem: 0.021821975708
INFO:R0@tkref=1.0444: N of unsatisfied eq: 3
INFO:R0@tkref=1.0444: N of unsatisfied ieq: 5
INFO:R0@tkref=1.0444: Summary: Optimization terminated successfully. after 1 it.
DEBUG:R0@tkref=1.0444: $$$$$$$$ CONFLICT LIST $$$$$$$$: []
INFO:R0: --------------------------
INFO:R0@tkref=1.5667: Time to solve stand alone optimization problem: 0.0217859745026
INFO:R0@tkref=1.5667: N of unsatisfied eq: 3
INFO:R0@tkref=1.5667: N of unsatisfied ieq: 5
INFO:R0@tkref=1.5667: Summary: Optimization terminated successfully. after 1 it.
DEBUG:R0@tkref=1.5667: $$$$$$$$ CONFLICT LIST $$$$$$$$: []
INFO:R0: --------------------------
INFO:R0@tkref=2.0889: Time to solve stand alone optimization problem: 0.0219871997833
INFO:R0@tkref=2.0889: N of unsatisfied eq: 3
INFO:R0@tkref=2.0889: N of unsatisfied ieq: 4
INFO:R0@tkref=2.0889: Summary: Optimization terminated successfully. after 1 it.
DEBUG:R0@tkref=2.0889: $$$$$$$$ CONFLICT LIST $$$$$$$$: []
INFO:R0: --------------------------
INFO:R0@tkref=2.6111: Time to solve stand alone optimization problem: 0.0220420360565
INFO:R0@tkref=2.6111: N of unsatisfied eq: 3
INFO:R0@tkref=2.6111: N of unsatisfied ieq: 5
INFO:R0@tkref=2.6111: Summary: Optimization terminated successfully. after 1 it.
DEBUG:R0@tkref=2.6111: $$$$$$$$ CONFLICT LIST $$$$$$$$: []
INFO:R0: --------------------------
INFO:R0@tkref=3.1333: Time to solve stand alone optimization problem: 0.0220639705658
INFO:R0@tkref=3.1333: N of unsatisfied eq: 3
INFO:R0@tkref=3.1333: N of unsatisfied ieq: 3
INFO:R0@tkref=3.1333: Summary: Optimization terminated successfully. after 1 it.
DEBUG:R0@tkref=3.1333: $$$$$$$$ CONFLICT LIST $$$$$$$$: []
INFO:R0: --------------------------
INFO:R0@tkref=3.6556: Time to solve stand alone optimization problem: 0.0222480297089
INFO:R0@tkref=3.6556: N of unsatisfied eq: 3
INFO:R0@tkref=3.6556: N of unsatisfied ieq: 5
INFO:R0@tkref=3.6556: Summary: Optimization terminated successfully. after 1 it.
DEBUG:R0@tkref=3.6556: $$$$$$$$ CONFLICT LIST $$$$$$$$: []
INFO:R0: --------------------------
INFO:R0@tkref=4.1778: Time to solve stand alone optimization problem: 0.0210838317871
INFO:R0@tkref=4.1778: N of unsatisfied eq: 4
INFO:R0@tkref=4.1778: N of unsatisfied ieq: 4
INFO:R0@tkref=4.1778: Summary: Optimization terminated successfully. after 1 it.
DEBUG:R0@tkref=4.1778: $$$$$$$$ CONFLICT LIST $$$$$$$$: []
INFO:R0: --------------------------
INFO:R0@tkref=4.7000: Time to solve stand alone optimization problem: 0.0210859775543
INFO:R0@tkref=4.7000: N of unsatisfied eq: 4
INFO:R0@tkref=4.7000: N of unsatisfied ieq: 6
INFO:R0@tkref=4.7000: Summary: Optimization terminated successfully. after 1 it.
DEBUG:R0@tkref=4.7000: $$$$$$$$ CONFLICT LIST $$$$$$$$: []
INFO:R0: --------------------------
INFO:R0@tkref=5.2222: Time to solve stand alone optimization problem: 0.0211329460144
INFO:R0@tkref=5.2222: N of unsatisfied eq: 4
INFO:R0@tkref=5.2222: N of unsatisfied ieq: 6
INFO:R0@tkref=5.2222: Summary: Optimization terminated successfully. after 1 it.
DEBUG:R0@tkref=5.2222: $$$$$$$$ CONFLICT LIST $$$$$$$$: []
INFO:R0: --------------------------
INFO:R0@tkref=5.7444: Time to solve stand alone optimization problem: 0.0211091041565
INFO:R0@tkref=5.7444: N of unsatisfied eq: 2
INFO:R0@tkref=5.7444: N of unsatisfied ieq: 6
INFO:R0@tkref=5.7444: Summary: Optimization terminated successfully. after 1 it.
DEBUG:R0@tkref=5.7444: $$$$$$$$ CONFLICT LIST $$$$$$$$: []
INFO:R0: --------------------------
DEBUG:R0: LAST STEP
DEBUG:R0: Approx remaining dist: 0.950904452982
DEBUG:R0: Usual approx plan dist: 4.7
DEBUG:R0: Approx gain in dist: 3.74909554702
DEBUG:R0: Last step min dist: 0.5
INFO:R0: scale 0.202320096379 Ns 7 Nk 3
INFO:R0@tkref=6.2667: Time to solve stand alone optimization problem: 0.365755081177
INFO:R0@tkref=6.2667: N of unsatisfied eq: 10
INFO:R0@tkref=6.2667: N of unsatisfied ieq: 4
INFO:R0@tkref=6.2667: Summary: Iteration limit exceeded after 26 it.
DEBUG:R0@tkref=6.2667: $$$$$$$$ CONFLICT LIST $$$$$$$$: []
INFO:R0: Finished motion planning
INFO:R0: --------------------------
INFO:R0: TOT: 7.33533663383
INFO:R0: NSE: 13
INFO:R0: FIR: 0.849990129471
INFO:R0: LAS: 0.366488933563
INFO:R0: LMA: 1
INFO:R0: MAX: 0.0410540103912
INFO:R0: MIN: 0.021721124649
INFO:R0: AVG: 0.0239831317555
INFO:R0: RMP: 0.0786140624513
INFO:R0: RMG: 0.701787319589
