DEBUG:R0: Using Tc_p = 1.46666666667
DEBUG:R0: Using Tc_d = 1.46666666667
INFO:R0: Init motion planning
INFO:R0@tkref=0.0000: Time to solve stand alone optimization problem: 1.31944203377
INFO:R0@tkref=0.0000: N of unsatisfied eq: 4
INFO:R0@tkref=0.0000: N of unsatisfied ieq: 7
INFO:R0@tkref=0.0000: Summary: Iteration limit exceeded after 41 it.
DEBUG:R0@tkref=0.0000: $$$$$$$$ CONFLICT LIST $$$$$$$$: []
INFO:R0: --------------------------
INFO:R0@tkref=1.4667: Time to solve stand alone optimization problem: 0.213319063187
INFO:R0@tkref=1.4667: N of unsatisfied eq: 2
INFO:R0@tkref=1.4667: N of unsatisfied ieq: 5
INFO:R0@tkref=1.4667: Summary: Optimization terminated successfully. after 6 it.
DEBUG:R0@tkref=1.4667: $$$$$$$$ CONFLICT LIST $$$$$$$$: []
INFO:R0: --------------------------
INFO:R0@tkref=2.9333: Time to solve stand alone optimization problem: 0.321520090103
INFO:R0@tkref=2.9333: N of unsatisfied eq: 3
INFO:R0@tkref=2.9333: N of unsatisfied ieq: 6
INFO:R0@tkref=2.9333: Summary: Optimization terminated successfully. after 9 it.
DEBUG:R0@tkref=2.9333: $$$$$$$$ CONFLICT LIST $$$$$$$$: []
INFO:R0: --------------------------
INFO:R0@tkref=4.4000: Time to solve stand alone optimization problem: 0.254432916641
INFO:R0@tkref=4.4000: N of unsatisfied eq: 1
INFO:R0@tkref=4.4000: N of unsatisfied ieq: 5
INFO:R0@tkref=4.4000: Summary: Optimization terminated successfully. after 7 it.
DEBUG:R0@tkref=4.4000: $$$$$$$$ CONFLICT LIST $$$$$$$$: []
INFO:R0: --------------------------
INFO:R0@tkref=5.8667: Time to solve stand alone optimization problem: 0.287688016891
INFO:R0@tkref=5.8667: N of unsatisfied eq: 3
INFO:R0@tkref=5.8667: N of unsatisfied ieq: 5
INFO:R0@tkref=5.8667: Summary: Optimization terminated successfully. after 8 it.
DEBUG:R0@tkref=5.8667: $$$$$$$$ CONFLICT LIST $$$$$$$$: []
INFO:R0: --------------------------
DEBUG:R0: LAST STEP
DEBUG:R0: Approx remaining dist: 1.26665807925
DEBUG:R0: Usual approx plan dist: 4.4
DEBUG:R0: Approx gain in dist: 3.13334192075
DEBUG:R0: Last step min dist: 0.5
INFO:R0: scale 0.287876836194 Ns 7 Nk 3
INFO:R0@tkref=7.3333: Time to solve stand alone optimization problem: 0.499819993973
INFO:R0@tkref=7.3333: N of unsatisfied eq: 10
INFO:R0@tkref=7.3333: N of unsatisfied ieq: 2
INFO:R0@tkref=7.3333: Summary: Iteration limit exceeded after 26 it.
DEBUG:R0@tkref=7.3333: $$$$$$$$ CONFLICT LIST $$$$$$$$: []
INFO:R0: Finished motion planning
INFO:R0: --------------------------
INFO:R0: TOT: 8.83226896078
INFO:R0: NSE: 6
INFO:R0: FIR: 1.32071709633
INFO:R0: LAS: 0.500663042068
INFO:R0: LMA: 1
INFO:R0: MAX: 0.322311878204
INFO:R0: MIN: 0.21408200264
INFO:R0: AVG: 0.270021796227
INFO:R0: RMP: 0.219758098776
INFO:R0: RMG: 0.341361165047
