DEBUG:R0: Using Tc_p = 1.33333333333
DEBUG:R0: Using Tc_d = 1.33333333333
INFO:R0: Init motion planning
INFO:R0@tkref=0.0000: Time to solve stand alone optimization problem: 1.3148598671
INFO:R0@tkref=0.0000: N of unsatisfied eq: 5
INFO:R0@tkref=0.0000: N of unsatisfied ieq: 7
INFO:R0@tkref=0.0000: Summary: Iteration limit exceeded after 41 it.
DEBUG:R0@tkref=0.0000: $$$$$$$$ CONFLICT LIST $$$$$$$$: []
INFO:R0: --------------------------
INFO:R0@tkref=1.3333: Time to solve stand alone optimization problem: 0.252055883408
INFO:R0@tkref=1.3333: N of unsatisfied eq: 2
INFO:R0@tkref=1.3333: N of unsatisfied ieq: 8
INFO:R0@tkref=1.3333: Summary: Optimization terminated successfully. after 7 it.
DEBUG:R0@tkref=1.3333: $$$$$$$$ CONFLICT LIST $$$$$$$$: []
INFO:R0: --------------------------
INFO:R0@tkref=2.6667: Time to solve stand alone optimization problem: 0.249019145966
INFO:R0@tkref=2.6667: N of unsatisfied eq: 2
INFO:R0@tkref=2.6667: N of unsatisfied ieq: 7
INFO:R0@tkref=2.6667: Summary: Optimization terminated successfully. after 7 it.
DEBUG:R0@tkref=2.6667: $$$$$$$$ CONFLICT LIST $$$$$$$$: []
INFO:R0: --------------------------
INFO:R0@tkref=4.0000: Time to solve stand alone optimization problem: 0.251873016357
INFO:R0@tkref=4.0000: N of unsatisfied eq: 2
INFO:R0@tkref=4.0000: N of unsatisfied ieq: 6
INFO:R0@tkref=4.0000: Summary: Optimization terminated successfully. after 7 it.
DEBUG:R0@tkref=4.0000: $$$$$$$$ CONFLICT LIST $$$$$$$$: []
INFO:R0: --------------------------
INFO:R0@tkref=5.3333: Time to solve stand alone optimization problem: 0.108698129654
INFO:R0@tkref=5.3333: N of unsatisfied eq: 3
INFO:R0@tkref=5.3333: N of unsatisfied ieq: 6
INFO:R0@tkref=5.3333: Summary: Optimization terminated successfully. after 3 it.
DEBUG:R0@tkref=5.3333: $$$$$$$$ CONFLICT LIST $$$$$$$$: []
INFO:R0: --------------------------
DEBUG:R0: LAST STEP
DEBUG:R0: Approx remaining dist: 0.955489973152
DEBUG:R0: Usual approx plan dist: 4.0
DEBUG:R0: Approx gain in dist: 3.04451002685
DEBUG:R0: Last step min dist: 0.5
INFO:R0: scale 0.238872493288 Ns 7 Nk 3
INFO:R0@tkref=6.6667: Time to solve stand alone optimization problem: 0.498378038406
INFO:R0@tkref=6.6667: N of unsatisfied eq: 10
INFO:R0@tkref=6.6667: N of unsatisfied ieq: 4
INFO:R0@tkref=6.6667: Summary: Iteration limit exceeded after 26 it.
DEBUG:R0@tkref=6.6667: $$$$$$$$ CONFLICT LIST $$$$$$$$: []
INFO:R0: Finished motion planning
INFO:R0: --------------------------
INFO:R0: TOT: 7.73670615092
INFO:R0: NSE: 6
INFO:R0: FIR: 1.31620192528
INFO:R0: LAS: 0.499202013016
INFO:R0: LMA: 1
INFO:R0: MAX: 0.252889871597
INFO:R0: MIN: 0.109452009201
INFO:R0: AVG: 0.21621543169
INFO:R0: RMP: 0.189667403698
INFO:R0: RMG: 0.374401509762
