DEBUG:R0: Using Tc_p = 1.4
DEBUG:R0: Using Tc_d = 1.4
INFO:R0: Init motion planning
INFO:R0@tkref=0.0000: Time to solve stand alone optimization problem: 0.979238986969
INFO:R0@tkref=0.0000: N of unsatisfied eq: 5
INFO:R0@tkref=0.0000: N of unsatisfied ieq: 6
INFO:R0@tkref=0.0000: Summary: Iteration limit exceeded after 41 it.
DEBUG:R0@tkref=0.0000: $$$$$$$$ CONFLICT LIST $$$$$$$$: []
INFO:R0: --------------------------
INFO:R0@tkref=1.4000: Time to solve stand alone optimization problem: 0.0723848342896
INFO:R0@tkref=1.4000: N of unsatisfied eq: 3
INFO:R0@tkref=1.4000: N of unsatisfied ieq: 7
INFO:R0@tkref=1.4000: Summary: Optimization terminated successfully. after 3 it.
DEBUG:R0@tkref=1.4000: $$$$$$$$ CONFLICT LIST $$$$$$$$: []
INFO:R0: --------------------------
INFO:R0@tkref=2.8000: Time to solve stand alone optimization problem: 0.0266048908234
INFO:R0@tkref=2.8000: N of unsatisfied eq: 5
INFO:R0@tkref=2.8000: N of unsatisfied ieq: 5
INFO:R0@tkref=2.8000: Summary: Optimization terminated successfully. after 1 it.
DEBUG:R0@tkref=2.8000: $$$$$$$$ CONFLICT LIST $$$$$$$$: []
INFO:R0: --------------------------
INFO:R0@tkref=4.2000: Time to solve stand alone optimization problem: 0.0234780311584
INFO:R0@tkref=4.2000: N of unsatisfied eq: 5
INFO:R0@tkref=4.2000: N of unsatisfied ieq: 5
INFO:R0@tkref=4.2000: Summary: Optimization terminated successfully. after 1 it.
DEBUG:R0@tkref=4.2000: $$$$$$$$ CONFLICT LIST $$$$$$$$: []
INFO:R0: --------------------------
DEBUG:R0: LAST STEP
DEBUG:R0: Approx remaining dist: 1.49282119099
DEBUG:R0: Usual approx plan dist: 2.1
DEBUG:R0: Approx gain in dist: 0.60717880901
DEBUG:R0: Last step min dist: 0.5
INFO:R0: scale 0.710867233805 Ns 8 Nk 4
INFO:R0@tkref=5.6000: Time to solve stand alone optimization problem: 0.446240901947
INFO:R0@tkref=5.6000: N of unsatisfied eq: 10
INFO:R0@tkref=5.6000: N of unsatisfied ieq: 3
INFO:R0@tkref=5.6000: Summary: Iteration limit exceeded after 26 it.
DEBUG:R0@tkref=5.6000: $$$$$$$$ CONFLICT LIST $$$$$$$$: []
INFO:R0: Finished motion planning
INFO:R0: --------------------------
INFO:R0: TOT: 7.21421663714
INFO:R0: NSE: 5
INFO:R0: FIR: 0.980621099472
INFO:R0: LAS: 0.447022914886
INFO:R0: LMA: 1
INFO:R0: MAX: 0.0730721950531
INFO:R0: MIN: 0.024160861969
INFO:R0: AVG: 0.0415366490682
INFO:R0: RMP: 0.0521944250379
INFO:R0: RMG: 0.319302082062
