DEBUG:R0: Using Tc_p = 0.8
DEBUG:R0: Using Tc_d = 0.8
INFO:R0: Init motion planning
INFO:R0@tkref=0.0000: Time to solve stand alone optimization problem: 1.33393502235
INFO:R0@tkref=0.0000: N of unsatisfied eq: 5
INFO:R0@tkref=0.0000: N of unsatisfied ieq: 7
INFO:R0@tkref=0.0000: Summary: Iteration limit exceeded after 41 it.
DEBUG:R0@tkref=0.0000: $$$$$$$$ CONFLICT LIST $$$$$$$$: []
INFO:R0: --------------------------
INFO:R0@tkref=0.8000: Time to solve stand alone optimization problem: 0.379898071289
INFO:R0@tkref=0.8000: N of unsatisfied eq: 1
INFO:R0@tkref=0.8000: N of unsatisfied ieq: 6
INFO:R0@tkref=0.8000: Summary: Optimization terminated successfully. after 12 it.
DEBUG:R0@tkref=0.8000: $$$$$$$$ CONFLICT LIST $$$$$$$$: []
INFO:R0: --------------------------
INFO:R0@tkref=1.6000: Time to solve stand alone optimization problem: 0.397004842758
INFO:R0@tkref=1.6000: N of unsatisfied eq: 3
INFO:R0@tkref=1.6000: N of unsatisfied ieq: 7
INFO:R0@tkref=1.6000: Summary: Optimization terminated successfully. after 11 it.
DEBUG:R0@tkref=1.6000: $$$$$$$$ CONFLICT LIST $$$$$$$$: []
INFO:R0: --------------------------
INFO:R0@tkref=2.4000: Time to solve stand alone optimization problem: 0.346858024597
INFO:R0@tkref=2.4000: N of unsatisfied eq: 3
INFO:R0@tkref=2.4000: N of unsatisfied ieq: 6
INFO:R0@tkref=2.4000: Summary: Optimization terminated successfully. after 9 it.
DEBUG:R0@tkref=2.4000: $$$$$$$$ CONFLICT LIST $$$$$$$$: []
INFO:R0: --------------------------
INFO:R0@tkref=3.2000: Time to solve stand alone optimization problem: 0.2159678936
INFO:R0@tkref=3.2000: N of unsatisfied eq: 3
INFO:R0@tkref=3.2000: N of unsatisfied ieq: 6
INFO:R0@tkref=3.2000: Summary: Optimization terminated successfully. after 6 it.
DEBUG:R0@tkref=3.2000: $$$$$$$$ CONFLICT LIST $$$$$$$$: []
INFO:R0: --------------------------
INFO:R0@tkref=4.0000: Time to solve stand alone optimization problem: 0.398581981659
INFO:R0@tkref=4.0000: N of unsatisfied eq: 2
INFO:R0@tkref=4.0000: N of unsatisfied ieq: 6
INFO:R0@tkref=4.0000: Summary: Optimization terminated successfully. after 11 it.
DEBUG:R0@tkref=4.0000: $$$$$$$$ CONFLICT LIST $$$$$$$$: []
INFO:R0: --------------------------
INFO:R0@tkref=4.8000: Time to solve stand alone optimization problem: 0.110726118088
INFO:R0@tkref=4.8000: N of unsatisfied eq: 3
INFO:R0@tkref=4.8000: N of unsatisfied ieq: 6
INFO:R0@tkref=4.8000: Summary: Optimization terminated successfully. after 3 it.
DEBUG:R0@tkref=4.8000: $$$$$$$$ CONFLICT LIST $$$$$$$$: []
INFO:R0: --------------------------
INFO:R0@tkref=5.6000: Time to solve stand alone optimization problem: 0.0761270523071
INFO:R0@tkref=5.6000: N of unsatisfied eq: 3
INFO:R0@tkref=5.6000: N of unsatisfied ieq: 6
INFO:R0@tkref=5.6000: Summary: Optimization terminated successfully. after 2 it.
DEBUG:R0@tkref=5.6000: $$$$$$$$ CONFLICT LIST $$$$$$$$: []
INFO:R0: --------------------------
DEBUG:R0: LAST STEP
DEBUG:R0: Approx remaining dist: 1.00557465536
DEBUG:R0: Usual approx plan dist: 3.6
DEBUG:R0: Approx gain in dist: 2.59442534464
DEBUG:R0: Last step min dist: 0.5
INFO:R0: scale 0.279326293154 Ns 7 Nk 3
INFO:R0@tkref=6.4000: Time to solve stand alone optimization problem: 0.500924110413
INFO:R0@tkref=6.4000: N of unsatisfied eq: 10
INFO:R0@tkref=6.4000: N of unsatisfied ieq: 3
INFO:R0@tkref=6.4000: Summary: Iteration limit exceeded after 26 it.
DEBUG:R0@tkref=6.4000: $$$$$$$$ CONFLICT LIST $$$$$$$$: []
INFO:R0: Finished motion planning
INFO:R0: --------------------------
INFO:R0: TOT: 7.53138388145
INFO:R0: NSE: 9
INFO:R0: FIR: 1.33526492119
INFO:R0: LAS: 0.501745939255
INFO:R0: LMA: 1
INFO:R0: MAX: 0.399426937103
INFO:R0: MIN: 0.0769329071045
INFO:R0: AVG: 0.275903838021
INFO:R0: RMP: 0.499283671379
INFO:R0: RMG: 0.627182424068
