DEBUG:R0: Using Tc_p = 1.41
DEBUG:R0: Using Tc_d = 1.41
INFO:R0: Init motion planning
INFO:R0@tkref=0.0000: Time to solve stand alone optimization problem: 1.4544479847
INFO:R0@tkref=0.0000: N of unsatisfied eq: 3
INFO:R0@tkref=0.0000: N of unsatisfied ieq: 3
INFO:R0@tkref=0.0000: Summary: Iteration limit exceeded after 41 it.
DEBUG:R0@tkref=0.0000: $$$$$$$$ CONFLICT LIST $$$$$$$$: []
INFO:R0: --------------------------
INFO:R0@tkref=1.4100: Time to solve stand alone optimization problem: 0.268743991852
INFO:R0@tkref=1.4100: N of unsatisfied eq: 2
INFO:R0@tkref=1.4100: N of unsatisfied ieq: 8
INFO:R0@tkref=1.4100: Summary: Optimization terminated successfully. after 7 it.
DEBUG:R0@tkref=1.4100: $$$$$$$$ CONFLICT LIST $$$$$$$$: []
INFO:R0: --------------------------
INFO:R0@tkref=2.8200: Time to solve stand alone optimization problem: 0.238436937332
INFO:R0@tkref=2.8200: N of unsatisfied eq: 2
INFO:R0@tkref=2.8200: N of unsatisfied ieq: 6
INFO:R0@tkref=2.8200: Summary: Optimization terminated successfully. after 6 it.
DEBUG:R0@tkref=2.8200: $$$$$$$$ CONFLICT LIST $$$$$$$$: []
INFO:R0: --------------------------
INFO:R0@tkref=4.2300: Time to solve stand alone optimization problem: 0.502953052521
INFO:R0@tkref=4.2300: N of unsatisfied eq: 2
INFO:R0@tkref=4.2300: N of unsatisfied ieq: 7
INFO:R0@tkref=4.2300: Summary: Optimization terminated successfully. after 13 it.
DEBUG:R0@tkref=4.2300: $$$$$$$$ CONFLICT LIST $$$$$$$$: []
INFO:R0: --------------------------
INFO:R0@tkref=5.6400: Time to solve stand alone optimization problem: 0.118477106094
INFO:R0@tkref=5.6400: N of unsatisfied eq: 3
INFO:R0@tkref=5.6400: N of unsatisfied ieq: 7
INFO:R0@tkref=5.6400: Summary: Optimization terminated successfully. after 3 it.
DEBUG:R0@tkref=5.6400: $$$$$$$$ CONFLICT LIST $$$$$$$$: []
INFO:R0: --------------------------
DEBUG:R0: LAST STEP
DEBUG:R0: Approx remaining dist: 0.953591236507
DEBUG:R0: Usual approx plan dist: 4.7
DEBUG:R0: Approx gain in dist: 3.74640876349
DEBUG:R0: Last step min dist: 0.5
INFO:R0: scale 0.202891752448 Ns 7 Nk 3
INFO:R0@tkref=7.0500: Time to solve stand alone optimization problem: 0.510881900787
INFO:R0@tkref=7.0500: N of unsatisfied eq: 10
INFO:R0@tkref=7.0500: N of unsatisfied ieq: 4
INFO:R0@tkref=7.0500: Summary: Iteration limit exceeded after 26 it.
DEBUG:R0@tkref=7.0500: $$$$$$$$ CONFLICT LIST $$$$$$$$: []
INFO:R0: Finished motion planning
INFO:R0: --------------------------
INFO:R0: TOT: 8.11541834184
INFO:R0: NSE: 6
INFO:R0: FIR: 1.45587897301
INFO:R0: LAS: 0.511728048325
INFO:R0: LMA: 1
INFO:R0: MAX: 0.503781080246
INFO:R0: MIN: 0.119240045547
INFO:R0: AVG: 0.282950043678
INFO:R0: RMP: 0.357291546274
INFO:R0: RMG: 0.362927693847
