DEBUG:R0: Using Tc_p = 2.66666666667
DEBUG:R0: Using Tc_d = 2.66666666667
INFO:R0: Init motion planning
INFO:R0@tkref=0.0000: Time to solve stand alone optimization problem: 2.24970412254
INFO:R0@tkref=0.0000: N of unsatisfied eq: 5
INFO:R0@tkref=0.0000: N of unsatisfied ieq: 9
INFO:R0@tkref=0.0000: Summary: Iteration limit exceeded after 41 it.
DEBUG:R0@tkref=0.0000: $$$$$$$$ CONFLICT LIST $$$$$$$$: []
INFO:R0: --------------------------
INFO:R0@tkref=2.6667: Time to solve stand alone optimization problem: 0.397001981735
INFO:R0@tkref=2.6667: N of unsatisfied eq: 3
INFO:R0@tkref=2.6667: N of unsatisfied ieq: 7
INFO:R0@tkref=2.6667: Summary: Optimization terminated successfully. after 7 it.
DEBUG:R0@tkref=2.6667: $$$$$$$$ CONFLICT LIST $$$$$$$$: []
INFO:R0: --------------------------
DEBUG:R0: LAST STEP
DEBUG:R0: Approx remaining dist: 2.35551626157
DEBUG:R0: Usual approx plan dist: 4.8
DEBUG:R0: Approx gain in dist: 2.44448373843
DEBUG:R0: Last step min dist: 0.5
INFO:R0: scale 0.490732554495 Ns 7 Nk 3
INFO:R0@tkref=5.3333: Time to solve stand alone optimization problem: 0.746928930283
INFO:R0@tkref=5.3333: N of unsatisfied eq: 10
INFO:R0@tkref=5.3333: N of unsatisfied ieq: 3
INFO:R0@tkref=5.3333: Summary: Iteration limit exceeded after 26 it.
DEBUG:R0@tkref=5.3333: $$$$$$$$ CONFLICT LIST $$$$$$$$: []
INFO:R0: Finished motion planning
INFO:R0: --------------------------
INFO:R0: TOT: 8.50666757467
INFO:R0: NSE: 3
INFO:R0: FIR: 2.2510330677
INFO:R0: LAS: 0.747776985168
INFO:R0: LMA: 1
INFO:R0: MAX: 0.397840976715
INFO:R0: MIN: 0.397840976715
INFO:R0: AVG: 0.397840976715
INFO:R0: RMP: 0.149190366268
INFO:R0: RMG: 0.280416369438
