DEBUG:R0: Using Tc_p = 2.61818181818
DEBUG:R0: Using Tc_d = 2.61818181818
INFO:R0: Init motion planning
INFO:R0@tkref=0.0000: Time to solve stand alone optimization problem: 0.947737932205
INFO:R0@tkref=0.0000: N of unsatisfied eq: 5
INFO:R0@tkref=0.0000: N of unsatisfied ieq: 8
INFO:R0@tkref=0.0000: Summary: Iteration limit exceeded after 41 it.
DEBUG:R0@tkref=0.0000: $$$$$$$$ CONFLICT LIST $$$$$$$$: []
INFO:R0: --------------------------
INFO:R0@tkref=2.6182: Time to solve stand alone optimization problem: 0.0238769054413
INFO:R0@tkref=2.6182: N of unsatisfied eq: 3
INFO:R0@tkref=2.6182: N of unsatisfied ieq: 4
INFO:R0@tkref=2.6182: Summary: Optimization terminated successfully. after 1 it.
DEBUG:R0@tkref=2.6182: $$$$$$$$ CONFLICT LIST $$$$$$$$: []
INFO:R0: --------------------------
DEBUG:R0: LAST STEP
DEBUG:R0: Approx remaining dist: 1.9713399525
DEBUG:R0: Usual approx plan dist: 3.2
DEBUG:R0: Approx gain in dist: 1.2286600475
DEBUG:R0: Last step min dist: 0.5
INFO:R0: scale 0.616043735156 Ns 7 Nk 3
INFO:R0@tkref=5.2364: Time to solve stand alone optimization problem: 0.357982158661
INFO:R0@tkref=5.2364: N of unsatisfied eq: 10
INFO:R0@tkref=5.2364: N of unsatisfied ieq: 4
INFO:R0@tkref=5.2364: Summary: Iteration limit exceeded after 26 it.
DEBUG:R0@tkref=5.2364: $$$$$$$$ CONFLICT LIST $$$$$$$$: []
INFO:R0: Finished motion planning
INFO:R0: --------------------------
INFO:R0: TOT: 7.45208950148
INFO:R0: NSE: 3
INFO:R0: FIR: 0.948973894119
INFO:R0: LAS: 0.358705997467
INFO:R0: LMA: 1
INFO:R0: MAX: 0.0245299339294
INFO:R0: MIN: 0.0245299339294
INFO:R0: AVG: 0.0245299339294
INFO:R0: RMP: 0.00936907198694
INFO:R0: RMG: 0.137005762921
