DEBUG:R0: Using Tc_p = 3.12727272727
DEBUG:R0: Using Tc_d = 3.12727272727
INFO:R0: Init motion planning
INFO:R0@tkref=0.0000: Time to solve stand alone optimization problem: 0.942003965378
INFO:R0@tkref=0.0000: N of unsatisfied eq: 5
INFO:R0@tkref=0.0000: N of unsatisfied ieq: 8
INFO:R0@tkref=0.0000: Summary: Iteration limit exceeded after 41 it.
DEBUG:R0@tkref=0.0000: $$$$$$$$ CONFLICT LIST $$$$$$$$: []
INFO:R0: --------------------------
INFO:R0@tkref=3.1273: Time to solve stand alone optimization problem: 0.0240330696106
INFO:R0@tkref=3.1273: N of unsatisfied eq: 3
INFO:R0@tkref=3.1273: N of unsatisfied ieq: 2
INFO:R0@tkref=3.1273: Summary: Optimization terminated successfully. after 1 it.
DEBUG:R0@tkref=3.1273: $$$$$$$$ CONFLICT LIST $$$$$$$$: []
INFO:R0: --------------------------
DEBUG:R0: LAST STEP
DEBUG:R0: Approx remaining dist: 1.02421390026
DEBUG:R0: Usual approx plan dist: 4.3
DEBUG:R0: Approx gain in dist: 3.27578609974
DEBUG:R0: Last step min dist: 0.5
INFO:R0: scale 0.23818927913 Ns 7 Nk 3
INFO:R0@tkref=6.2545: Time to solve stand alone optimization problem: 0.356199979782
INFO:R0@tkref=6.2545: N of unsatisfied eq: 10
INFO:R0@tkref=6.2545: N of unsatisfied ieq: 4
INFO:R0@tkref=6.2545: Summary: Iteration limit exceeded after 26 it.
DEBUG:R0@tkref=6.2545: $$$$$$$$ CONFLICT LIST $$$$$$$$: []
INFO:R0: Finished motion planning
INFO:R0: --------------------------
INFO:R0: TOT: 7.40560908514
INFO:R0: NSE: 3
INFO:R0: FIR: 0.943202018738
INFO:R0: LAS: 0.356956005096
INFO:R0: LMA: 1
INFO:R0: MAX: 0.0246810913086
INFO:R0: MIN: 0.0246810913086
INFO:R0: AVG: 0.0246810913086
INFO:R0: RMP: 0.00789220943007
INFO:R0: RMG: 0.114142908606
