DEBUG:R0: Using Tc_p = 2.04444444444
DEBUG:R0: Using Tc_d = 2.04444444444
INFO:R0: Init motion planning
INFO:R0@tkref=0.0000: Time to solve stand alone optimization problem: 0.965271949768
INFO:R0@tkref=0.0000: N of unsatisfied eq: 5
INFO:R0@tkref=0.0000: N of unsatisfied ieq: 6
INFO:R0@tkref=0.0000: Summary: Iteration limit exceeded after 41 it.
DEBUG:R0@tkref=0.0000: $$$$$$$$ CONFLICT LIST $$$$$$$$: []
INFO:R0: --------------------------
INFO:R0@tkref=2.0444: Time to solve stand alone optimization problem: 0.0248310565948
INFO:R0@tkref=2.0444: N of unsatisfied eq: 3
INFO:R0@tkref=2.0444: N of unsatisfied ieq: 3
INFO:R0@tkref=2.0444: Summary: Optimization terminated successfully. after 1 it.
DEBUG:R0@tkref=2.0444: $$$$$$$$ CONFLICT LIST $$$$$$$$: []
INFO:R0: --------------------------
INFO:R0@tkref=4.0889: Time to solve stand alone optimization problem: 0.0237219333649
INFO:R0@tkref=4.0889: N of unsatisfied eq: 5
INFO:R0@tkref=4.0889: N of unsatisfied ieq: 5
INFO:R0@tkref=4.0889: Summary: Optimization terminated successfully. after 1 it.
DEBUG:R0@tkref=4.0889: $$$$$$$$ CONFLICT LIST $$$$$$$$: []
INFO:R0: --------------------------
DEBUG:R0: LAST STEP
DEBUG:R0: Approx remaining dist: 1.06873865371
DEBUG:R0: Usual approx plan dist: 4.6
DEBUG:R0: Approx gain in dist: 3.53126134629
DEBUG:R0: Last step min dist: 0.5
INFO:R0: scale 0.232334489937 Ns 7 Nk 3
INFO:R0@tkref=6.1333: Time to solve stand alone optimization problem: 0.36661696434
INFO:R0@tkref=6.1333: N of unsatisfied eq: 10
INFO:R0@tkref=6.1333: N of unsatisfied ieq: 4
INFO:R0@tkref=6.1333: Summary: Iteration limit exceeded after 26 it.
DEBUG:R0@tkref=6.1333: $$$$$$$$ CONFLICT LIST $$$$$$$$: []
INFO:R0: Finished motion planning
INFO:R0: --------------------------
INFO:R0: TOT: 7.33444125489
INFO:R0: NSE: 4
INFO:R0: FIR: 0.966662883759
INFO:R0: LAS: 0.367322921753
INFO:R0: LMA: 1
INFO:R0: MAX: 0.0256769657135
INFO:R0: MIN: 0.0244710445404
INFO:R0: AVG: 0.025074005127
INFO:R0: RMP: 0.0125593854033
INFO:R0: RMG: 0.179668820423
