DEBUG:R0: Using Tc_p = 1.08888888889
DEBUG:R0: Using Tc_d = 1.08888888889
INFO:R0: Init motion planning
INFO:R0@tkref=0.0000: Time to solve stand alone optimization problem: 1.43410396576
INFO:R0@tkref=0.0000: N of unsatisfied eq: 5
INFO:R0@tkref=0.0000: N of unsatisfied ieq: 8
INFO:R0@tkref=0.0000: Summary: Iteration limit exceeded after 41 it.
DEBUG:R0@tkref=0.0000: $$$$$$$$ CONFLICT LIST $$$$$$$$: []
INFO:R0: --------------------------
INFO:R0@tkref=1.0889: Time to solve stand alone optimization problem: 0.278967857361
INFO:R0@tkref=1.0889: N of unsatisfied eq: 2
INFO:R0@tkref=1.0889: N of unsatisfied ieq: 8
INFO:R0@tkref=1.0889: Summary: Optimization terminated successfully. after 7 it.
DEBUG:R0@tkref=1.0889: $$$$$$$$ CONFLICT LIST $$$$$$$$: []
INFO:R0: --------------------------
INFO:R0@tkref=2.1778: Time to solve stand alone optimization problem: 0.273948192596
INFO:R0@tkref=2.1778: N of unsatisfied eq: 1
INFO:R0@tkref=2.1778: N of unsatisfied ieq: 7
INFO:R0@tkref=2.1778: Summary: Optimization terminated successfully. after 7 it.
DEBUG:R0@tkref=2.1778: $$$$$$$$ CONFLICT LIST $$$$$$$$: []
INFO:R0: --------------------------
INFO:R0@tkref=3.2667: Time to solve stand alone optimization problem: 0.160333871841
INFO:R0@tkref=3.2667: N of unsatisfied eq: 3
INFO:R0@tkref=3.2667: N of unsatisfied ieq: 7
INFO:R0@tkref=3.2667: Summary: Optimization terminated successfully. after 4 it.
DEBUG:R0@tkref=3.2667: $$$$$$$$ CONFLICT LIST $$$$$$$$: []
INFO:R0: --------------------------
INFO:R0@tkref=4.3556: Time to solve stand alone optimization problem: 0.19994187355
INFO:R0@tkref=4.3556: N of unsatisfied eq: 2
INFO:R0@tkref=4.3556: N of unsatisfied ieq: 8
INFO:R0@tkref=4.3556: Summary: Optimization terminated successfully. after 5 it.
DEBUG:R0@tkref=4.3556: $$$$$$$$ CONFLICT LIST $$$$$$$$: []
INFO:R0: --------------------------
INFO:R0@tkref=5.4444: Time to solve stand alone optimization problem: 0.11953997612
INFO:R0@tkref=5.4444: N of unsatisfied eq: 3
INFO:R0@tkref=5.4444: N of unsatisfied ieq: 6
INFO:R0@tkref=5.4444: Summary: Optimization terminated successfully. after 3 it.
DEBUG:R0@tkref=5.4444: $$$$$$$$ CONFLICT LIST $$$$$$$$: []
INFO:R0: --------------------------
DEBUG:R0: LAST STEP
DEBUG:R0: Approx remaining dist: 0.921740875257
DEBUG:R0: Usual approx plan dist: 4.9
DEBUG:R0: Approx gain in dist: 3.97825912474
DEBUG:R0: Last step min dist: 0.5
INFO:R0: scale 0.188110382706 Ns 7 Nk 3
INFO:R0@tkref=6.5333: Time to solve stand alone optimization problem: 0.499392986298
INFO:R0@tkref=6.5333: N of unsatisfied eq: 10
INFO:R0@tkref=6.5333: N of unsatisfied ieq: 4
INFO:R0@tkref=6.5333: Summary: Iteration limit exceeded after 26 it.
DEBUG:R0@tkref=6.5333: $$$$$$$$ CONFLICT LIST $$$$$$$$: []
INFO:R0: Finished motion planning
INFO:R0: --------------------------
INFO:R0: TOT: 7.56546112162
INFO:R0: NSE: 7
INFO:R0: FIR: 1.43591499329
INFO:R0: LAS: 0.500664949417
INFO:R0: LMA: 1
INFO:R0: MAX: 0.279766082764
INFO:R0: MIN: 0.120361804962
INFO:R0: AVG: 0.207340908051
INFO:R0: RMP: 0.256928035191
INFO:R0: RMG: 0.459794341301
