DEBUG:R0: Using Tc_p = 1.65454545455
DEBUG:R0: Using Tc_d = 1.65454545455
INFO:R0: Init motion planning
INFO:R0@tkref=0.0000: Time to solve stand alone optimization problem: 1.08189702034
INFO:R0@tkref=0.0000: N of unsatisfied eq: 5
INFO:R0@tkref=0.0000: N of unsatisfied ieq: 10
INFO:R0@tkref=0.0000: Summary: Iteration limit exceeded after 41 it.
DEBUG:R0@tkref=0.0000: $$$$$$$$ CONFLICT LIST $$$$$$$$: []
INFO:R0: --------------------------
INFO:R0@tkref=1.6545: Time to solve stand alone optimization problem: 0.0274140834808
INFO:R0@tkref=1.6545: N of unsatisfied eq: 3
INFO:R0@tkref=1.6545: N of unsatisfied ieq: 4
INFO:R0@tkref=1.6545: Summary: Optimization terminated successfully. after 1 it.
DEBUG:R0@tkref=1.6545: $$$$$$$$ CONFLICT LIST $$$$$$$$: []
INFO:R0: --------------------------
INFO:R0@tkref=3.3091: Time to solve stand alone optimization problem: 0.0259799957275
INFO:R0@tkref=3.3091: N of unsatisfied eq: 4
INFO:R0@tkref=3.3091: N of unsatisfied ieq: 6
INFO:R0@tkref=3.3091: Summary: Optimization terminated successfully. after 1 it.
DEBUG:R0@tkref=3.3091: $$$$$$$$ CONFLICT LIST $$$$$$$$: []
INFO:R0: --------------------------
DEBUG:R0: LAST STEP
DEBUG:R0: Approx remaining dist: 2.18083028996
DEBUG:R0: Usual approx plan dist: 2.6
DEBUG:R0: Approx gain in dist: 0.419169710039
DEBUG:R0: Last step min dist: 0.5
INFO:R0: scale 0.838780880754 Ns 10 Nk 5
INFO:R0@tkref=4.9636: Time to solve stand alone optimization problem: 0.559066057205
INFO:R0@tkref=4.9636: N of unsatisfied eq: 10
INFO:R0@tkref=4.9636: N of unsatisfied ieq: 4
INFO:R0@tkref=4.9636: Summary: Iteration limit exceeded after 26 it.
DEBUG:R0@tkref=4.9636: $$$$$$$$ CONFLICT LIST $$$$$$$$: []
INFO:R0: Finished motion planning
INFO:R0: --------------------------
INFO:R0: TOT: 7.2932121771
INFO:R0: NSE: 4
INFO:R0: FIR: 1.08330798149
INFO:R0: LAS: 0.559854984283
INFO:R0: LMA: 1
INFO:R0: MAX: 0.028107881546
INFO:R0: MIN: 0.0266489982605
INFO:R0: AVG: 0.0273784399033
INFO:R0: RMP: 0.0169882800553
INFO:R0: RMG: 0.3383738916
