DEBUG:R0: Using Tc_p = 0.43
DEBUG:R0: Using Tc_d = 0.43
INFO:R0: Init motion planning
INFO:R0@tkref=0.0000: Time to solve stand alone optimization problem: 1.41384005547
INFO:R0@tkref=0.0000: N of unsatisfied eq: 5
INFO:R0@tkref=0.0000: N of unsatisfied ieq: 8
INFO:R0@tkref=0.0000: Summary: Iteration limit exceeded after 41 it.
DEBUG:R0@tkref=0.0000: $$$$$$$$ CONFLICT LIST $$$$$$$$: []
INFO:R0: --------------------------
INFO:R0@tkref=0.4300: Time to solve stand alone optimization problem: 0.431616067886
INFO:R0@tkref=0.4300: N of unsatisfied eq: 1
INFO:R0@tkref=0.4300: N of unsatisfied ieq: 7
INFO:R0@tkref=0.4300: Summary: Optimization terminated successfully. after 13 it.
DEBUG:R0@tkref=0.4300: $$$$$$$$ CONFLICT LIST $$$$$$$$: []
INFO:R0: --------------------------
INFO:R0@tkref=0.8600: Time to solve stand alone optimization problem: 0.335653066635
INFO:R0@tkref=0.8600: N of unsatisfied eq: 1
INFO:R0@tkref=0.8600: N of unsatisfied ieq: 7
INFO:R0@tkref=0.8600: Summary: Optimization terminated successfully. after 10 it.
DEBUG:R0@tkref=0.8600: $$$$$$$$ CONFLICT LIST $$$$$$$$: []
INFO:R0: --------------------------
INFO:R0@tkref=1.2900: Time to solve stand alone optimization problem: 0.353887081146
INFO:R0@tkref=1.2900: N of unsatisfied eq: 2
INFO:R0@tkref=1.2900: N of unsatisfied ieq: 5
INFO:R0@tkref=1.2900: Summary: Optimization terminated successfully. after 9 it.
DEBUG:R0@tkref=1.2900: $$$$$$$$ CONFLICT LIST $$$$$$$$: []
INFO:R0: --------------------------
INFO:R0@tkref=1.7200: Time to solve stand alone optimization problem: 0.30756020546
INFO:R0@tkref=1.7200: N of unsatisfied eq: 2
INFO:R0@tkref=1.7200: N of unsatisfied ieq: 8
INFO:R0@tkref=1.7200: Summary: Optimization terminated successfully. after 8 it.
DEBUG:R0@tkref=1.7200: $$$$$$$$ CONFLICT LIST $$$$$$$$: []
INFO:R0: --------------------------
INFO:R0@tkref=2.1500: Time to solve stand alone optimization problem: 0.270462036133
INFO:R0@tkref=2.1500: N of unsatisfied eq: 3
INFO:R0@tkref=2.1500: N of unsatisfied ieq: 5
INFO:R0@tkref=2.1500: Summary: Optimization terminated successfully. after 7 it.
DEBUG:R0@tkref=2.1500: $$$$$$$$ CONFLICT LIST $$$$$$$$: []
INFO:R0: --------------------------
INFO:R0@tkref=2.5800: Time to solve stand alone optimization problem: 0.231981039047
INFO:R0@tkref=2.5800: N of unsatisfied eq: 3
INFO:R0@tkref=2.5800: N of unsatisfied ieq: 6
INFO:R0@tkref=2.5800: Summary: Optimization terminated successfully. after 6 it.
DEBUG:R0@tkref=2.5800: $$$$$$$$ CONFLICT LIST $$$$$$$$: []
INFO:R0: --------------------------
INFO:R0@tkref=3.0100: Time to solve stand alone optimization problem: 0.192550897598
INFO:R0@tkref=3.0100: N of unsatisfied eq: 2
INFO:R0@tkref=3.0100: N of unsatisfied ieq: 5
INFO:R0@tkref=3.0100: Summary: Optimization terminated successfully. after 5 it.
DEBUG:R0@tkref=3.0100: $$$$$$$$ CONFLICT LIST $$$$$$$$: []
INFO:R0: --------------------------
INFO:R0@tkref=3.4400: Time to solve stand alone optimization problem: 0.533534049988
INFO:R0@tkref=3.4400: N of unsatisfied eq: 2
INFO:R0@tkref=3.4400: N of unsatisfied ieq: 5
INFO:R0@tkref=3.4400: Summary: Optimization terminated successfully. after 14 it.
DEBUG:R0@tkref=3.4400: $$$$$$$$ CONFLICT LIST $$$$$$$$: []
INFO:R0: --------------------------
INFO:R0@tkref=3.8700: Time to solve stand alone optimization problem: 0.271008014679
INFO:R0@tkref=3.8700: N of unsatisfied eq: 2
INFO:R0@tkref=3.8700: N of unsatisfied ieq: 7
INFO:R0@tkref=3.8700: Summary: Optimization terminated successfully. after 7 it.
DEBUG:R0@tkref=3.8700: $$$$$$$$ CONFLICT LIST $$$$$$$$: []
INFO:R0: --------------------------
INFO:R0@tkref=4.3000: Time to solve stand alone optimization problem: 0.494954109192
INFO:R0@tkref=4.3000: N of unsatisfied eq: 3
INFO:R0@tkref=4.3000: N of unsatisfied ieq: 7
INFO:R0@tkref=4.3000: Summary: Optimization terminated successfully. after 13 it.
DEBUG:R0@tkref=4.3000: $$$$$$$$ CONFLICT LIST $$$$$$$$: []
INFO:R0: --------------------------
INFO:R0@tkref=4.7300: Time to solve stand alone optimization problem: 0.502668142319
INFO:R0@tkref=4.7300: N of unsatisfied eq: 3
INFO:R0@tkref=4.7300: N of unsatisfied ieq: 6
INFO:R0@tkref=4.7300: Summary: Optimization terminated successfully. after 13 it.
DEBUG:R0@tkref=4.7300: $$$$$$$$ CONFLICT LIST $$$$$$$$: []
INFO:R0: --------------------------
INFO:R0@tkref=5.1600: Time to solve stand alone optimization problem: 0.270933866501
INFO:R0@tkref=5.1600: N of unsatisfied eq: 3
INFO:R0@tkref=5.1600: N of unsatisfied ieq: 7
INFO:R0@tkref=5.1600: Summary: Optimization terminated successfully. after 7 it.
DEBUG:R0@tkref=5.1600: $$$$$$$$ CONFLICT LIST $$$$$$$$: []
INFO:R0: --------------------------
INFO:R0@tkref=5.5900: Time to solve stand alone optimization problem: 0.272613048553
INFO:R0@tkref=5.5900: N of unsatisfied eq: 3
INFO:R0@tkref=5.5900: N of unsatisfied ieq: 8
INFO:R0@tkref=5.5900: Summary: Optimization terminated successfully. after 7 it.
DEBUG:R0@tkref=5.5900: $$$$$$$$ CONFLICT LIST $$$$$$$$: []
INFO:R0: --------------------------
INFO:R0@tkref=6.0200: Time to solve stand alone optimization problem: 0.116983890533
INFO:R0@tkref=6.0200: N of unsatisfied eq: 3
INFO:R0@tkref=6.0200: N of unsatisfied ieq: 6
INFO:R0@tkref=6.0200: Summary: Optimization terminated successfully. after 3 it.
DEBUG:R0@tkref=6.0200: $$$$$$$$ CONFLICT LIST $$$$$$$$: []
INFO:R0: --------------------------
INFO:R0@tkref=6.4500: Time to solve stand alone optimization problem: 0.11633682251
INFO:R0@tkref=6.4500: N of unsatisfied eq: 3
INFO:R0@tkref=6.4500: N of unsatisfied ieq: 6
INFO:R0@tkref=6.4500: Summary: Optimization terminated successfully. after 3 it.
DEBUG:R0@tkref=6.4500: $$$$$$$$ CONFLICT LIST $$$$$$$$: []
INFO:R0: --------------------------
INFO:R0@tkref=6.8800: Time to solve stand alone optimization problem: 0.0683510303497
INFO:R0@tkref=6.8800: N of unsatisfied eq: 3
INFO:R0@tkref=6.8800: N of unsatisfied ieq: 6
INFO:R0@tkref=6.8800: Summary: Optimization terminated successfully. after 2 it.
DEBUG:R0@tkref=6.8800: $$$$$$$$ CONFLICT LIST $$$$$$$$: []
INFO:R0: --------------------------
DEBUG:R0: LAST STEP
DEBUG:R0: Approx remaining dist: 0.730842405141
DEBUG:R0: Usual approx plan dist: 4.3
DEBUG:R0: Approx gain in dist: 3.56915759486
DEBUG:R0: Last step min dist: 0.5
INFO:R0: scale 0.169963350033 Ns 7 Nk 3
INFO:R0@tkref=7.3100: Time to solve stand alone optimization problem: 0.494340181351
INFO:R0@tkref=7.3100: N of unsatisfied eq: 10
INFO:R0@tkref=7.3100: N of unsatisfied ieq: 2
INFO:R0@tkref=7.3100: Summary: Iteration limit exceeded after 26 it.
DEBUG:R0@tkref=7.3100: $$$$$$$$ CONFLICT LIST $$$$$$$$: []
INFO:R0: Finished motion planning
INFO:R0: --------------------------
INFO:R0: TOT: 8.18405461284
INFO:R0: NSE: 18
INFO:R0: FIR: 1.41528701782
INFO:R0: LAS: 0.495150089264
INFO:R0: LMA: 0
INFO:R0: MAX: 0.53431892395
INFO:R0: MIN: 0.0691270828247
INFO:R0: AVG: 0.299035847187
INFO:R0: RMP: 1.24260214872
INFO:R0: RMG: 1.24260214872
