DEBUG:R0: Using Tc_p = 3.72727272727
DEBUG:R0: Using Tc_d = 3.72727272727
INFO:R0: Init motion planning
INFO:R0@tkref=0.0000: Time to solve stand alone optimization problem: 1.08865094185
INFO:R0@tkref=0.0000: N of unsatisfied eq: 3
INFO:R0@tkref=0.0000: N of unsatisfied ieq: 10
INFO:R0@tkref=0.0000: Summary: Iteration limit exceeded after 41 it.
DEBUG:R0@tkref=0.0000: $$$$$$$$ CONFLICT LIST $$$$$$$$: []
INFO:R0: --------------------------
DEBUG:R0: LAST STEP
DEBUG:R0: Approx remaining dist: 3.49909804746
DEBUG:R0: Usual approx plan dist: 4.1
DEBUG:R0: Approx gain in dist: 0.600901952541
DEBUG:R0: Last step min dist: 0.5
INFO:R0: scale 0.853438548161 Ns 10 Nk 5
INFO:R0@tkref=3.7273: Time to solve stand alone optimization problem: 0.56599187851
INFO:R0@tkref=3.7273: N of unsatisfied eq: 10
INFO:R0@tkref=3.7273: N of unsatisfied ieq: 4
INFO:R0@tkref=3.7273: Summary: Iteration limit exceeded after 26 it.
DEBUG:R0@tkref=3.7273: $$$$$$$$ CONFLICT LIST $$$$$$$$: []
INFO:R0: Finished motion planning
INFO:R0: --------------------------
INFO:R0: TOT: 7.46649579303
INFO:R0: NSE: 2
INFO:R0: FIR: 1.09004402161
INFO:R0: LAS: 0.566787004471
INFO:R0: LMA: 1
INFO:R0: MAX: 0.566787004471
INFO:R0: MIN: 0.566787004471
INFO:R0: AVG: 0.566787004471
INFO:R0: RMP: 0.152064806078
INFO:R0: RMG: 0.152064806078
