DEBUG:R0: Using Tc_p = 1.55555555556
DEBUG:R0: Using Tc_d = 1.55555555556
INFO:R0: Init motion planning
INFO:R0@tkref=0.0000: Time to solve stand alone optimization problem: 1.47138094902
INFO:R0@tkref=0.0000: N of unsatisfied eq: 5
INFO:R0@tkref=0.0000: N of unsatisfied ieq: 5
INFO:R0@tkref=0.0000: Summary: Iteration limit exceeded after 41 it.
DEBUG:R0@tkref=0.0000: $$$$$$$$ CONFLICT LIST $$$$$$$$: []
INFO:R0: --------------------------
INFO:R0@tkref=1.5556: Time to solve stand alone optimization problem: 0.47797703743
INFO:R0@tkref=1.5556: N of unsatisfied eq: 1
INFO:R0@tkref=1.5556: N of unsatisfied ieq: 6
INFO:R0@tkref=1.5556: Summary: Optimization terminated successfully. after 12 it.
DEBUG:R0@tkref=1.5556: $$$$$$$$ CONFLICT LIST $$$$$$$$: []
INFO:R0: --------------------------
INFO:R0@tkref=3.1111: Time to solve stand alone optimization problem: 0.255009889603
INFO:R0@tkref=3.1111: N of unsatisfied eq: 2
INFO:R0@tkref=3.1111: N of unsatisfied ieq: 7
INFO:R0@tkref=3.1111: Summary: Optimization terminated successfully. after 7 it.
DEBUG:R0@tkref=3.1111: $$$$$$$$ CONFLICT LIST $$$$$$$$: []
INFO:R0: --------------------------
INFO:R0@tkref=4.6667: Time to solve stand alone optimization problem: 0.29610991478
INFO:R0@tkref=4.6667: N of unsatisfied eq: 3
INFO:R0@tkref=4.6667: N of unsatisfied ieq: 7
INFO:R0@tkref=4.6667: Summary: Optimization terminated successfully. after 7 it.
DEBUG:R0@tkref=4.6667: $$$$$$$$ CONFLICT LIST $$$$$$$$: []
INFO:R0: --------------------------
DEBUG:R0: LAST STEP
DEBUG:R0: Approx remaining dist: 1.21544244742
DEBUG:R0: Usual approx plan dist: 2.8
DEBUG:R0: Approx gain in dist: 1.58455755258
DEBUG:R0: Last step min dist: 0.5
INFO:R0: scale 0.434086588364 Ns 7 Nk 3
INFO:R0@tkref=6.2222: Time to solve stand alone optimization problem: 0.65625500679
INFO:R0@tkref=6.2222: N of unsatisfied eq: 10
INFO:R0@tkref=6.2222: N of unsatisfied ieq: 4
INFO:R0@tkref=6.2222: Summary: Iteration limit exceeded after 26 it.
DEBUG:R0@tkref=6.2222: $$$$$$$$ CONFLICT LIST $$$$$$$$: []
INFO:R0: Finished motion planning
INFO:R0: --------------------------
INFO:R0: TOT: 7.58842949038
INFO:R0: NSE: 5
INFO:R0: FIR: 1.47263002396
INFO:R0: LAS: 0.657109975815
INFO:R0: LMA: 1
INFO:R0: MAX: 0.479147911072
INFO:R0: MIN: 0.255914926529
INFO:R0: AVG: 0.344035307566
INFO:R0: RMP: 0.308023657118
INFO:R0: RMG: 0.422427841595
