DEBUG:R0: Using Tc_p = 1.66666666667
DEBUG:R0: Using Tc_d = 1.66666666667
INFO:R0: Init motion planning
INFO:R0@tkref=0.0000: Time to solve stand alone optimization problem: 0.939363956451
INFO:R0@tkref=0.0000: N of unsatisfied eq: 5
INFO:R0@tkref=0.0000: N of unsatisfied ieq: 6
INFO:R0@tkref=0.0000: Summary: Iteration limit exceeded after 41 it.
DEBUG:R0@tkref=0.0000: $$$$$$$$ CONFLICT LIST $$$$$$$$: []
INFO:R0: --------------------------
INFO:R0@tkref=1.6667: Time to solve stand alone optimization problem: 0.0445950031281
INFO:R0@tkref=1.6667: N of unsatisfied eq: 3
INFO:R0@tkref=1.6667: N of unsatisfied ieq: 6
INFO:R0@tkref=1.6667: Summary: Optimization terminated successfully. after 2 it.
DEBUG:R0@tkref=1.6667: $$$$$$$$ CONFLICT LIST $$$$$$$$: []
INFO:R0: --------------------------
INFO:R0@tkref=3.3333: Time to solve stand alone optimization problem: 0.0242218971252
INFO:R0@tkref=3.3333: N of unsatisfied eq: 3
INFO:R0@tkref=3.3333: N of unsatisfied ieq: 6
INFO:R0@tkref=3.3333: Summary: Optimization terminated successfully. after 1 it.
DEBUG:R0@tkref=3.3333: $$$$$$$$ CONFLICT LIST $$$$$$$$: []
INFO:R0: --------------------------
DEBUG:R0: LAST STEP
DEBUG:R0: Approx remaining dist: 2.21965980406
DEBUG:R0: Usual approx plan dist: 5.0
DEBUG:R0: Approx gain in dist: 2.78034019594
DEBUG:R0: Last step min dist: 0.5
INFO:R0: scale 0.443931960812 Ns 7 Nk 3
INFO:R0@tkref=5.0000: Time to solve stand alone optimization problem: 0.362993955612
INFO:R0@tkref=5.0000: N of unsatisfied eq: 10
INFO:R0@tkref=5.0000: N of unsatisfied ieq: 4
INFO:R0@tkref=5.0000: Summary: Iteration limit exceeded after 26 it.
DEBUG:R0@tkref=5.0000: $$$$$$$$ CONFLICT LIST $$$$$$$$: []
INFO:R0: Finished motion planning
INFO:R0: --------------------------
INFO:R0: TOT: 7.49483269617
INFO:R0: NSE: 4
INFO:R0: FIR: 0.940525054932
INFO:R0: LAS: 0.363744020462
INFO:R0: LMA: 1
INFO:R0: MAX: 0.0452558994293
INFO:R0: MIN: 0.0248589515686
INFO:R0: AVG: 0.035057425499
INFO:R0: RMP: 0.0271535396576
INFO:R0: RMG: 0.218246412277
