DEBUG:R0: Using Tc_p = 2.52
DEBUG:R0: Using Tc_d = 2.52
INFO:R0: Init motion planning
INFO:R0@tkref=0.0000: Time to solve stand alone optimization problem: 0.996752977371
INFO:R0@tkref=0.0000: N of unsatisfied eq: 4
INFO:R0@tkref=0.0000: N of unsatisfied ieq: 6
INFO:R0@tkref=0.0000: Summary: Iteration limit exceeded after 41 it.
DEBUG:R0@tkref=0.0000: $$$$$$$$ CONFLICT LIST $$$$$$$$: []
INFO:R0: --------------------------
INFO:R0@tkref=2.5200: Time to solve stand alone optimization problem: 0.0255889892578
INFO:R0@tkref=2.5200: N of unsatisfied eq: 3
INFO:R0@tkref=2.5200: N of unsatisfied ieq: 5
INFO:R0@tkref=2.5200: Summary: Optimization terminated successfully. after 1 it.
DEBUG:R0@tkref=2.5200: $$$$$$$$ CONFLICT LIST $$$$$$$$: []
INFO:R0: --------------------------
DEBUG:R0: LAST STEP
DEBUG:R0: Approx remaining dist: 2.09161062569
DEBUG:R0: Usual approx plan dist: 2.8
DEBUG:R0: Approx gain in dist: 0.708389374308
DEBUG:R0: Last step min dist: 0.5
INFO:R0: scale 0.74700379489 Ns 8 Nk 4
INFO:R0@tkref=5.0400: Time to solve stand alone optimization problem: 0.433963060379
INFO:R0@tkref=5.0400: N of unsatisfied eq: 10
INFO:R0@tkref=5.0400: N of unsatisfied ieq: 3
INFO:R0@tkref=5.0400: Summary: Iteration limit exceeded after 26 it.
DEBUG:R0@tkref=5.0400: $$$$$$$$ CONFLICT LIST $$$$$$$$: []
INFO:R0: Finished motion planning
INFO:R0: --------------------------
INFO:R0: TOT: 7.30304278927
INFO:R0: NSE: 3
INFO:R0: FIR: 0.997951030731
INFO:R0: LAS: 0.4347448349
INFO:R0: LMA: 1
INFO:R0: MAX: 0.026251077652
INFO:R0: MIN: 0.026251077652
INFO:R0: AVG: 0.026251077652
INFO:R0: RMP: 0.0104170943063
INFO:R0: RMG: 0.172517791627
