DEBUG:R0: Using Tc_p = 1.55555555556
DEBUG:R0: Using Tc_d = 1.55555555556
INFO:R0: Init motion planning
INFO:R0@tkref=0.0000: Time to solve stand alone optimization problem: 0.945571184158
INFO:R0@tkref=0.0000: N of unsatisfied eq: 4
INFO:R0@tkref=0.0000: N of unsatisfied ieq: 6
INFO:R0@tkref=0.0000: Summary: Iteration limit exceeded after 41 it.
DEBUG:R0@tkref=0.0000: $$$$$$$$ CONFLICT LIST $$$$$$$$: []
INFO:R0: --------------------------
INFO:R0@tkref=1.5556: Time to solve stand alone optimization problem: 0.0246319770813
INFO:R0@tkref=1.5556: N of unsatisfied eq: 3
INFO:R0@tkref=1.5556: N of unsatisfied ieq: 6
INFO:R0@tkref=1.5556: Summary: Optimization terminated successfully. after 1 it.
DEBUG:R0@tkref=1.5556: $$$$$$$$ CONFLICT LIST $$$$$$$$: []
INFO:R0: --------------------------
INFO:R0@tkref=3.1111: Time to solve stand alone optimization problem: 0.0225260257721
INFO:R0@tkref=3.1111: N of unsatisfied eq: 4
INFO:R0@tkref=3.1111: N of unsatisfied ieq: 7
INFO:R0@tkref=3.1111: Summary: Optimization terminated successfully. after 1 it.
DEBUG:R0@tkref=3.1111: $$$$$$$$ CONFLICT LIST $$$$$$$$: []
INFO:R0: --------------------------
INFO:R0@tkref=4.6667: Time to solve stand alone optimization problem: 0.0227241516113
INFO:R0@tkref=4.6667: N of unsatisfied eq: 4
INFO:R0@tkref=4.6667: N of unsatisfied ieq: 6
INFO:R0@tkref=4.6667: Summary: Optimization terminated successfully. after 1 it.
DEBUG:R0@tkref=4.6667: $$$$$$$$ CONFLICT LIST $$$$$$$$: []
INFO:R0: --------------------------
DEBUG:R0: LAST STEP
DEBUG:R0: Approx remaining dist: 0.900897075504
DEBUG:R0: Usual approx plan dist: 2.8
DEBUG:R0: Approx gain in dist: 1.8991029245
DEBUG:R0: Last step min dist: 0.5
INFO:R0: scale 0.321748955537 Ns 7 Nk 3
INFO:R0@tkref=6.2222: Time to solve stand alone optimization problem: 0.35808300972
INFO:R0@tkref=6.2222: N of unsatisfied eq: 10
INFO:R0@tkref=6.2222: N of unsatisfied ieq: 4
INFO:R0@tkref=6.2222: Summary: Iteration limit exceeded after 26 it.
DEBUG:R0@tkref=6.2222: $$$$$$$$ CONFLICT LIST $$$$$$$$: []
INFO:R0: Finished motion planning
INFO:R0: --------------------------
INFO:R0: TOT: 7.23468820821
INFO:R0: NSE: 5
INFO:R0: FIR: 0.947030067444
INFO:R0: LAS: 0.358798980713
INFO:R0: LMA: 1
INFO:R0: MAX: 0.0253748893738
INFO:R0: MIN: 0.0231850147247
INFO:R0: AVG: 0.0239766438802
INFO:R0: RMP: 0.0163124288831
INFO:R0: RMG: 0.230656487601
