DEBUG:R0: Using Tc_p = 0.644444444444
DEBUG:R0: Using Tc_d = 0.644444444444
INFO:R0: Init motion planning
INFO:R0@tkref=0.0000: Time to solve stand alone optimization problem: 1.44760107994
INFO:R0@tkref=0.0000: N of unsatisfied eq: 5
INFO:R0@tkref=0.0000: N of unsatisfied ieq: 6
INFO:R0@tkref=0.0000: Summary: Iteration limit exceeded after 41 it.
DEBUG:R0@tkref=0.0000: $$$$$$$$ CONFLICT LIST $$$$$$$$: []
INFO:R0: --------------------------
INFO:R0@tkref=0.6444: Time to solve stand alone optimization problem: 0.276532173157
INFO:R0@tkref=0.6444: N of unsatisfied eq: 2
INFO:R0@tkref=0.6444: N of unsatisfied ieq: 8
INFO:R0@tkref=0.6444: Summary: Optimization terminated successfully. after 8 it.
DEBUG:R0@tkref=0.6444: $$$$$$$$ CONFLICT LIST $$$$$$$$: []
INFO:R0: --------------------------
INFO:R0@tkref=1.2889: Time to solve stand alone optimization problem: 0.645000934601
INFO:R0@tkref=1.2889: N of unsatisfied eq: 2
INFO:R0@tkref=1.2889: N of unsatisfied ieq: 8
INFO:R0@tkref=1.2889: Summary: Iteration limit exceeded after 16 it.
DEBUG:R0@tkref=1.2889: $$$$$$$$ CONFLICT LIST $$$$$$$$: []
INFO:R0: --------------------------
INFO:R0@tkref=1.9333: Time to solve stand alone optimization problem: 0.636789083481
INFO:R0@tkref=1.9333: N of unsatisfied eq: 2
INFO:R0@tkref=1.9333: N of unsatisfied ieq: 7
INFO:R0@tkref=1.9333: Summary: Iteration limit exceeded after 16 it.
DEBUG:R0@tkref=1.9333: $$$$$$$$ CONFLICT LIST $$$$$$$$: []
INFO:R0: --------------------------
INFO:R0@tkref=2.5778: Time to solve stand alone optimization problem: 0.357600927353
INFO:R0@tkref=2.5778: N of unsatisfied eq: 3
INFO:R0@tkref=2.5778: N of unsatisfied ieq: 8
INFO:R0@tkref=2.5778: Summary: Optimization terminated successfully. after 9 it.
DEBUG:R0@tkref=2.5778: $$$$$$$$ CONFLICT LIST $$$$$$$$: []
INFO:R0: --------------------------
INFO:R0@tkref=3.2222: Time to solve stand alone optimization problem: 0.285050868988
INFO:R0@tkref=3.2222: N of unsatisfied eq: 3
INFO:R0@tkref=3.2222: N of unsatisfied ieq: 8
INFO:R0@tkref=3.2222: Summary: Optimization terminated successfully. after 7 it.
DEBUG:R0@tkref=3.2222: $$$$$$$$ CONFLICT LIST $$$$$$$$: []
INFO:R0: --------------------------
INFO:R0@tkref=3.8667: Time to solve stand alone optimization problem: 0.31573009491
INFO:R0@tkref=3.8667: N of unsatisfied eq: 3
INFO:R0@tkref=3.8667: N of unsatisfied ieq: 7
INFO:R0@tkref=3.8667: Summary: Optimization terminated successfully. after 8 it.
DEBUG:R0@tkref=3.8667: $$$$$$$$ CONFLICT LIST $$$$$$$$: []
INFO:R0: --------------------------
INFO:R0@tkref=4.5111: Time to solve stand alone optimization problem: 0.159425020218
INFO:R0@tkref=4.5111: N of unsatisfied eq: 3
INFO:R0@tkref=4.5111: N of unsatisfied ieq: 7
INFO:R0@tkref=4.5111: Summary: Optimization terminated successfully. after 4 it.
DEBUG:R0@tkref=4.5111: $$$$$$$$ CONFLICT LIST $$$$$$$$: []
INFO:R0: --------------------------
INFO:R0@tkref=5.1556: Time to solve stand alone optimization problem: 0.0814869403839
INFO:R0@tkref=5.1556: N of unsatisfied eq: 3
INFO:R0@tkref=5.1556: N of unsatisfied ieq: 6
INFO:R0@tkref=5.1556: Summary: Optimization terminated successfully. after 2 it.
DEBUG:R0@tkref=5.1556: $$$$$$$$ CONFLICT LIST $$$$$$$$: []
INFO:R0: --------------------------
INFO:R0@tkref=5.8000: Time to solve stand alone optimization problem: 0.0807571411133
INFO:R0@tkref=5.8000: N of unsatisfied eq: 3
INFO:R0@tkref=5.8000: N of unsatisfied ieq: 5
INFO:R0@tkref=5.8000: Summary: Optimization terminated successfully. after 2 it.
DEBUG:R0@tkref=5.8000: $$$$$$$$ CONFLICT LIST $$$$$$$$: []
INFO:R0: --------------------------
DEBUG:R0: LAST STEP
DEBUG:R0: Approx remaining dist: 0.918821856512
DEBUG:R0: Usual approx plan dist: 2.9
DEBUG:R0: Approx gain in dist: 1.98117814349
DEBUG:R0: Last step min dist: 0.5
INFO:R0: scale 0.316835122935 Ns 7 Nk 3
INFO:R0@tkref=6.4444: Time to solve stand alone optimization problem: 0.497010946274
INFO:R0@tkref=6.4444: N of unsatisfied eq: 10
INFO:R0@tkref=6.4444: N of unsatisfied ieq: 4
INFO:R0@tkref=6.4444: Summary: Iteration limit exceeded after 26 it.
DEBUG:R0@tkref=6.4444: $$$$$$$$ CONFLICT LIST $$$$$$$$: []
INFO:R0: Finished motion planning
INFO:R0: --------------------------
INFO:R0: TOT: 7.47731760683
INFO:R0: NSE: 11
INFO:R0: FIR: 1.44917798042
INFO:R0: LAS: 0.497820138931
INFO:R0: LMA: 0
INFO:R0: MAX: 0.645812034607
INFO:R0: MIN: 0.0814700126648
INFO:R0: AVG: 0.316199117237
INFO:R0: RMP: 1.00212212267
INFO:R0: RMG: 1.00212212267
