DEBUG:R0: Using Tc_p = 4.0
DEBUG:R0: Using Tc_d = 4.0
INFO:R0: Init motion planning
INFO:R0@tkref=0.0000: Time to solve stand alone optimization problem: 2.36206817627
INFO:R0@tkref=0.0000: N of unsatisfied eq: 5
INFO:R0@tkref=0.0000: N of unsatisfied ieq: 7
INFO:R0@tkref=0.0000: Summary: Iteration limit exceeded after 41 it.
DEBUG:R0@tkref=0.0000: $$$$$$$$ CONFLICT LIST $$$$$$$$: []
INFO:R0: --------------------------
DEBUG:R0: LAST STEP
DEBUG:R0: Approx remaining dist: 3.55859127172
DEBUG:R0: Usual approx plan dist: 5.0
DEBUG:R0: Approx gain in dist: 1.44140872828
DEBUG:R0: Last step min dist: 0.5
INFO:R0: scale 0.711718254344 Ns 8 Nk 4
INFO:R0@tkref=4.0000: Time to solve stand alone optimization problem: 0.973379135132
INFO:R0@tkref=4.0000: N of unsatisfied eq: 10
INFO:R0@tkref=4.0000: N of unsatisfied ieq: 0
INFO:R0@tkref=4.0000: Summary: Iteration limit exceeded after 26 it.
DEBUG:R0@tkref=4.0000: $$$$$$$$ CONFLICT LIST $$$$$$$$: []
INFO:R0: Finished motion planning
INFO:R0: --------------------------
INFO:R0: TOT: 8.55114470215
INFO:R0: NSE: 2
INFO:R0: FIR: 2.3633980751
INFO:R0: LAS: 0.974283218384
INFO:R0: LMA: 1
INFO:R0: MAX: 0.974283218384
INFO:R0: MIN: 0.974283218384
INFO:R0: AVG: 0.974283218384
INFO:R0: RMP: 0.243570804596
INFO:R0: RMG: 0.243570804596
