DEBUG:R0: Using Tc_p = 3.2
DEBUG:R0: Using Tc_d = 3.2
INFO:R0: Init motion planning
INFO:R0@tkref=0.0000: Time to solve stand alone optimization problem: 2.90731620789
INFO:R0@tkref=0.0000: N of unsatisfied eq: 3
INFO:R0@tkref=0.0000: N of unsatisfied ieq: 4
INFO:R0@tkref=0.0000: Summary: Iteration limit exceeded after 41 it.
DEBUG:R0@tkref=0.0000: $$$$$$$$ CONFLICT LIST $$$$$$$$: []
INFO:R0: --------------------------
INFO:R0@tkref=3.2000: Time to solve stand alone optimization problem: 0.398979902267
INFO:R0@tkref=3.2000: N of unsatisfied eq: 2
INFO:R0@tkref=3.2000: N of unsatisfied ieq: 8
INFO:R0@tkref=3.2000: Summary: Optimization terminated successfully. after 6 it.
DEBUG:R0@tkref=3.2000: $$$$$$$$ CONFLICT LIST $$$$$$$$: []
INFO:R0: --------------------------
DEBUG:R0: LAST STEP
DEBUG:R0: Approx remaining dist: 1.36725804923
DEBUG:R0: Usual approx plan dist: 4.4
DEBUG:R0: Approx gain in dist: 3.03274195077
DEBUG:R0: Last step min dist: 0.5
INFO:R0: scale 0.310740465734 Ns 7 Nk 3
INFO:R0@tkref=6.4000: Time to solve stand alone optimization problem: 0.631480932236
INFO:R0@tkref=6.4000: N of unsatisfied eq: 8
INFO:R0@tkref=6.4000: N of unsatisfied ieq: 3
INFO:R0@tkref=6.4000: Summary: Iteration limit exceeded after 26 it.
DEBUG:R0@tkref=6.4000: $$$$$$$$ CONFLICT LIST $$$$$$$$: []
INFO:R0: Finished motion planning
INFO:R0: --------------------------
INFO:R0: TOT: 7.9374022073
INFO:R0: NSE: 3
INFO:R0: FIR: 2.90858888626
INFO:R0: LAS: 0.632344007492
INFO:R0: LMA: 1
INFO:R0: MAX: 0.399869918823
INFO:R0: MIN: 0.399869918823
INFO:R0: AVG: 0.399869918823
INFO:R0: RMP: 0.124959349632
INFO:R0: RMG: 0.197607502341
