DEBUG:R0: Using Tc_p = 1.84
DEBUG:R0: Using Tc_d = 1.84
INFO:R0: Init motion planning
INFO:R0@tkref=0.0000: Time to solve stand alone optimization problem: 1.50593900681
INFO:R0@tkref=0.0000: N of unsatisfied eq: 3
INFO:R0@tkref=0.0000: N of unsatisfied ieq: 5
INFO:R0@tkref=0.0000: Summary: Iteration limit exceeded after 41 it.
DEBUG:R0@tkref=0.0000: $$$$$$$$ CONFLICT LIST $$$$$$$$: []
INFO:R0: --------------------------
INFO:R0@tkref=1.8400: Time to solve stand alone optimization problem: 0.280823945999
INFO:R0@tkref=1.8400: N of unsatisfied eq: 2
INFO:R0@tkref=1.8400: N of unsatisfied ieq: 7
INFO:R0@tkref=1.8400: Summary: Optimization terminated successfully. after 7 it.
DEBUG:R0@tkref=1.8400: $$$$$$$$ CONFLICT LIST $$$$$$$$: []
INFO:R0: --------------------------
INFO:R0@tkref=3.6800: Time to solve stand alone optimization problem: 0.237998962402
INFO:R0@tkref=3.6800: N of unsatisfied eq: 3
INFO:R0@tkref=3.6800: N of unsatisfied ieq: 6
INFO:R0@tkref=3.6800: Summary: Optimization terminated successfully. after 6 it.
DEBUG:R0@tkref=3.6800: $$$$$$$$ CONFLICT LIST $$$$$$$$: []
INFO:R0: --------------------------
DEBUG:R0: LAST STEP
DEBUG:R0: Approx remaining dist: 2.06450227965
DEBUG:R0: Usual approx plan dist: 4.6
DEBUG:R0: Approx gain in dist: 2.53549772035
DEBUG:R0: Last step min dist: 0.5
INFO:R0: scale 0.448804843402 Ns 7 Nk 3
INFO:R0@tkref=5.5200: Time to solve stand alone optimization problem: 0.587012052536
INFO:R0@tkref=5.5200: N of unsatisfied eq: 10
INFO:R0@tkref=5.5200: N of unsatisfied ieq: 3
INFO:R0@tkref=5.5200: Summary: Iteration limit exceeded after 26 it.
DEBUG:R0@tkref=5.5200: $$$$$$$$ CONFLICT LIST $$$$$$$$: []
INFO:R0: Finished motion planning
INFO:R0: --------------------------
INFO:R0: TOT: 7.85558505231
INFO:R0: NSE: 4
INFO:R0: FIR: 1.50735902786
INFO:R0: LAS: 0.5878469944
INFO:R0: LMA: 1
INFO:R0: MAX: 0.281653165817
INFO:R0: MIN: 0.238834142685
INFO:R0: AVG: 0.260243654251
INFO:R0: RMP: 0.153072372727
INFO:R0: RMG: 0.319482062174
