DEBUG:R0: Using Tc_p = 0.345454545455
DEBUG:R0: Using Tc_d = 0.345454545455
INFO:R0: Init motion planning
INFO:R0@tkref=0.0000: Time to solve stand alone optimization problem: 1.66006398201
INFO:R0@tkref=0.0000: N of unsatisfied eq: 4
INFO:R0@tkref=0.0000: N of unsatisfied ieq: 9
INFO:R0@tkref=0.0000: Summary: Iteration limit exceeded after 41 it.
DEBUG:R0@tkref=0.0000: $$$$$$$$ CONFLICT LIST $$$$$$$$: []
INFO:R0: --------------------------
INFO:R0@tkref=0.3455: Time to solve stand alone optimization problem: 0.393300771713
INFO:R0@tkref=0.3455: N of unsatisfied eq: 2
INFO:R0@tkref=0.3455: N of unsatisfied ieq: 7
INFO:R0@tkref=0.3455: Summary: Optimization terminated successfully. after 10 it.
DEBUG:R0@tkref=0.3455: $$$$$$$$ CONFLICT LIST $$$$$$$$: []
INFO:R0: --------------------------
INFO:R0@tkref=0.6909: Time to solve stand alone optimization problem: 0.642300128937
INFO:R0@tkref=0.6909: N of unsatisfied eq: 2
INFO:R0@tkref=0.6909: N of unsatisfied ieq: 9
INFO:R0@tkref=0.6909: Summary: Iteration limit exceeded after 16 it.
DEBUG:R0@tkref=0.6909: $$$$$$$$ CONFLICT LIST $$$$$$$$: []
INFO:R0: --------------------------
INFO:R0@tkref=1.0364: Time to solve stand alone optimization problem: 0.368772029877
INFO:R0@tkref=1.0364: N of unsatisfied eq: 1
INFO:R0@tkref=1.0364: N of unsatisfied ieq: 8
INFO:R0@tkref=1.0364: Summary: Optimization terminated successfully. after 8 it.
DEBUG:R0@tkref=1.0364: $$$$$$$$ CONFLICT LIST $$$$$$$$: []
INFO:R0: --------------------------
INFO:R0@tkref=1.3818: Time to solve stand alone optimization problem: 0.283733129501
INFO:R0@tkref=1.3818: N of unsatisfied eq: 2
INFO:R0@tkref=1.3818: N of unsatisfied ieq: 8
INFO:R0@tkref=1.3818: Summary: Optimization terminated successfully. after 6 it.
DEBUG:R0@tkref=1.3818: $$$$$$$$ CONFLICT LIST $$$$$$$$: []
INFO:R0: --------------------------
INFO:R0@tkref=1.7273: Time to solve stand alone optimization problem: 0.324292898178
INFO:R0@tkref=1.7273: N of unsatisfied eq: 2
INFO:R0@tkref=1.7273: N of unsatisfied ieq: 7
INFO:R0@tkref=1.7273: Summary: Optimization terminated successfully. after 7 it.
DEBUG:R0@tkref=1.7273: $$$$$$$$ CONFLICT LIST $$$$$$$$: []
INFO:R0: --------------------------
INFO:R0@tkref=2.0727: Time to solve stand alone optimization problem: 0.415514945984
INFO:R0@tkref=2.0727: N of unsatisfied eq: 2
INFO:R0@tkref=2.0727: N of unsatisfied ieq: 7
INFO:R0@tkref=2.0727: Summary: Optimization terminated successfully. after 9 it.
DEBUG:R0@tkref=2.0727: $$$$$$$$ CONFLICT LIST $$$$$$$$: []
INFO:R0: --------------------------
INFO:R0@tkref=2.4182: Time to solve stand alone optimization problem: 0.326074123383
INFO:R0@tkref=2.4182: N of unsatisfied eq: 3
INFO:R0@tkref=2.4182: N of unsatisfied ieq: 8
INFO:R0@tkref=2.4182: Summary: Optimization terminated successfully. after 7 it.
DEBUG:R0@tkref=2.4182: $$$$$$$$ CONFLICT LIST $$$$$$$$: []
INFO:R0: --------------------------
INFO:R0@tkref=2.7636: Time to solve stand alone optimization problem: 0.361209154129
INFO:R0@tkref=2.7636: N of unsatisfied eq: 3
INFO:R0@tkref=2.7636: N of unsatisfied ieq: 9
INFO:R0@tkref=2.7636: Summary: Optimization terminated successfully. after 8 it.
DEBUG:R0@tkref=2.7636: $$$$$$$$ CONFLICT LIST $$$$$$$$: []
INFO:R0: --------------------------
INFO:R0@tkref=3.1091: Time to solve stand alone optimization problem: 0.322829008102
INFO:R0@tkref=3.1091: N of unsatisfied eq: 3
INFO:R0@tkref=3.1091: N of unsatisfied ieq: 7
INFO:R0@tkref=3.1091: Summary: Optimization terminated successfully. after 7 it.
DEBUG:R0@tkref=3.1091: $$$$$$$$ CONFLICT LIST $$$$$$$$: []
INFO:R0: --------------------------
INFO:R0@tkref=3.4545: Time to solve stand alone optimization problem: 0.273885965347
INFO:R0@tkref=3.4545: N of unsatisfied eq: 3
INFO:R0@tkref=3.4545: N of unsatisfied ieq: 8
INFO:R0@tkref=3.4545: Summary: Optimization terminated successfully. after 6 it.
DEBUG:R0@tkref=3.4545: $$$$$$$$ CONFLICT LIST $$$$$$$$: []
INFO:R0: --------------------------
INFO:R0@tkref=3.8000: Time to solve stand alone optimization problem: 0.275260925293
INFO:R0@tkref=3.8000: N of unsatisfied eq: 2
INFO:R0@tkref=3.8000: N of unsatisfied ieq: 7
INFO:R0@tkref=3.8000: Summary: Optimization terminated successfully. after 6 it.
DEBUG:R0@tkref=3.8000: $$$$$$$$ CONFLICT LIST $$$$$$$$: []
INFO:R0: --------------------------
INFO:R0@tkref=4.1455: Time to solve stand alone optimization problem: 0.230106115341
INFO:R0@tkref=4.1455: N of unsatisfied eq: 3
INFO:R0@tkref=4.1455: N of unsatisfied ieq: 7
INFO:R0@tkref=4.1455: Summary: Optimization terminated successfully. after 5 it.
DEBUG:R0@tkref=4.1455: $$$$$$$$ CONFLICT LIST $$$$$$$$: []
INFO:R0: --------------------------
INFO:R0@tkref=4.4909: Time to solve stand alone optimization problem: 0.320053815842
INFO:R0@tkref=4.4909: N of unsatisfied eq: 3
INFO:R0@tkref=4.4909: N of unsatisfied ieq: 7
INFO:R0@tkref=4.4909: Summary: Optimization terminated successfully. after 7 it.
DEBUG:R0@tkref=4.4909: $$$$$$$$ CONFLICT LIST $$$$$$$$: []
INFO:R0: --------------------------
INFO:R0@tkref=4.8364: Time to solve stand alone optimization problem: 0.139461994171
INFO:R0@tkref=4.8364: N of unsatisfied eq: 3
INFO:R0@tkref=4.8364: N of unsatisfied ieq: 7
INFO:R0@tkref=4.8364: Summary: Optimization terminated successfully. after 3 it.
DEBUG:R0@tkref=4.8364: $$$$$$$$ CONFLICT LIST $$$$$$$$: []
INFO:R0: --------------------------
INFO:R0@tkref=5.1818: Time to solve stand alone optimization problem: 0.13942694664
INFO:R0@tkref=5.1818: N of unsatisfied eq: 3
INFO:R0@tkref=5.1818: N of unsatisfied ieq: 7
INFO:R0@tkref=5.1818: Summary: Optimization terminated successfully. after 3 it.
DEBUG:R0@tkref=5.1818: $$$$$$$$ CONFLICT LIST $$$$$$$$: []
INFO:R0: --------------------------
INFO:R0@tkref=5.5273: Time to solve stand alone optimization problem: 0.139517068863
INFO:R0@tkref=5.5273: N of unsatisfied eq: 3
INFO:R0@tkref=5.5273: N of unsatisfied ieq: 5
INFO:R0@tkref=5.5273: Summary: Optimization terminated successfully. after 3 it.
DEBUG:R0@tkref=5.5273: $$$$$$$$ CONFLICT LIST $$$$$$$$: []
INFO:R0: --------------------------
INFO:R0@tkref=5.8727: Time to solve stand alone optimization problem: 0.0945570468903
INFO:R0@tkref=5.8727: N of unsatisfied eq: 3
INFO:R0@tkref=5.8727: N of unsatisfied ieq: 7
INFO:R0@tkref=5.8727: Summary: Optimization terminated successfully. after 2 it.
DEBUG:R0@tkref=5.8727: $$$$$$$$ CONFLICT LIST $$$$$$$$: []
INFO:R0: --------------------------
INFO:R0@tkref=6.2182: Time to solve stand alone optimization problem: 0.0944840908051
INFO:R0@tkref=6.2182: N of unsatisfied eq: 3
INFO:R0@tkref=6.2182: N of unsatisfied ieq: 7
INFO:R0@tkref=6.2182: Summary: Optimization terminated successfully. after 2 it.
DEBUG:R0@tkref=6.2182: $$$$$$$$ CONFLICT LIST $$$$$$$$: []
INFO:R0: --------------------------
INFO:R0@tkref=6.5636: Time to solve stand alone optimization problem: 0.0800681114197
INFO:R0@tkref=6.5636: N of unsatisfied eq: 3
INFO:R0@tkref=6.5636: N of unsatisfied ieq: 7
INFO:R0@tkref=6.5636: Summary: Optimization terminated successfully. after 2 it.
DEBUG:R0@tkref=6.5636: $$$$$$$$ CONFLICT LIST $$$$$$$$: []
INFO:R0: --------------------------
DEBUG:R0: LAST STEP
DEBUG:R0: Approx remaining dist: 0.61656740993
DEBUG:R0: Usual approx plan dist: 3.8
DEBUG:R0: Approx gain in dist: 3.18343259007
DEBUG:R0: Last step min dist: 0.5
INFO:R0: scale 0.162254581561 Ns 7 Nk 3
INFO:R0@tkref=6.9091: Time to solve stand alone optimization problem: 0.495481967926
INFO:R0@tkref=6.9091: N of unsatisfied eq: 10
INFO:R0@tkref=6.9091: N of unsatisfied ieq: 4
INFO:R0@tkref=6.9091: Summary: Iteration limit exceeded after 26 it.
DEBUG:R0@tkref=6.9091: $$$$$$$$ CONFLICT LIST $$$$$$$$: []
INFO:R0: Finished motion planning
INFO:R0: --------------------------
INFO:R0: TOT: 7.59952749304
INFO:R0: NSE: 21
INFO:R0: FIR: 1.66139483452
INFO:R0: LAS: 0.496311903
INFO:R0: LMA: 0
INFO:R0: MAX: 0.643126964569
INFO:R0: MIN: 0.0808110237122
INFO:R0: AVG: 0.275810417376
INFO:R0: RMP: 1.86168331849
INFO:R0: RMG: 1.86168331849
