DEBUG:R0: Using Tc_p = 1.64
DEBUG:R0: Using Tc_d = 1.64
INFO:R0: Init motion planning
INFO:R0@tkref=0.0000: Time to solve stand alone optimization problem: 1.5677549839
INFO:R0@tkref=0.0000: N of unsatisfied eq: 3
INFO:R0@tkref=0.0000: N of unsatisfied ieq: 9
INFO:R0@tkref=0.0000: Summary: Iteration limit exceeded after 41 it.
DEBUG:R0@tkref=0.0000: $$$$$$$$ CONFLICT LIST $$$$$$$$: []
INFO:R0: --------------------------
INFO:R0@tkref=1.6400: Time to solve stand alone optimization problem: 0.389466047287
INFO:R0@tkref=1.6400: N of unsatisfied eq: 2
INFO:R0@tkref=1.6400: N of unsatisfied ieq: 8
INFO:R0@tkref=1.6400: Summary: Optimization terminated successfully. after 9 it.
DEBUG:R0@tkref=1.6400: $$$$$$$$ CONFLICT LIST $$$$$$$$: []
INFO:R0: --------------------------
INFO:R0@tkref=3.2800: Time to solve stand alone optimization problem: 0.260809898376
INFO:R0@tkref=3.2800: N of unsatisfied eq: 2
INFO:R0@tkref=3.2800: N of unsatisfied ieq: 7
INFO:R0@tkref=3.2800: Summary: Optimization terminated successfully. after 6 it.
DEBUG:R0@tkref=3.2800: $$$$$$$$ CONFLICT LIST $$$$$$$$: []
INFO:R0: --------------------------
INFO:R0@tkref=4.9200: Time to solve stand alone optimization problem: 0.132580041885
INFO:R0@tkref=4.9200: N of unsatisfied eq: 3
INFO:R0@tkref=4.9200: N of unsatisfied ieq: 7
INFO:R0@tkref=4.9200: Summary: Optimization terminated successfully. after 3 it.
DEBUG:R0@tkref=4.9200: $$$$$$$$ CONFLICT LIST $$$$$$$$: []
INFO:R0: --------------------------
DEBUG:R0: LAST STEP
DEBUG:R0: Approx remaining dist: 0.885803117956
DEBUG:R0: Usual approx plan dist: 4.1
DEBUG:R0: Approx gain in dist: 3.21419688204
DEBUG:R0: Last step min dist: 0.5
INFO:R0: scale 0.216049540965 Ns 7 Nk 3
INFO:R0@tkref=6.5600: Time to solve stand alone optimization problem: 0.501978158951
INFO:R0@tkref=6.5600: N of unsatisfied eq: 10
INFO:R0@tkref=6.5600: N of unsatisfied ieq: 3
INFO:R0@tkref=6.5600: Summary: Iteration limit exceeded after 26 it.
DEBUG:R0@tkref=6.5600: $$$$$$$$ CONFLICT LIST $$$$$$$$: []
INFO:R0: Finished motion planning
INFO:R0: --------------------------
INFO:R0: TOT: 7.55331588977
INFO:R0: NSE: 5
INFO:R0: FIR: 1.56900715828
INFO:R0: LAS: 0.503261089325
INFO:R0: LMA: 1
INFO:R0: MAX: 0.390269994736
INFO:R0: MIN: 0.133370876312
INFO:R0: AVG: 0.261748234431
INFO:R0: RMP: 0.237969508985
INFO:R0: RMG: 0.306866517881
