DEBUG:R0: Using Tc_p = 0.427272727273
DEBUG:R0: Using Tc_d = 0.427272727273
INFO:R0: Init motion planning
INFO:R0@tkref=0.0000: Time to solve stand alone optimization problem: 0.935832023621
INFO:R0@tkref=0.0000: N of unsatisfied eq: 5
INFO:R0@tkref=0.0000: N of unsatisfied ieq: 8
INFO:R0@tkref=0.0000: Summary: Iteration limit exceeded after 41 it.
DEBUG:R0@tkref=0.0000: $$$$$$$$ CONFLICT LIST $$$$$$$$: []
INFO:R0: --------------------------
INFO:R0@tkref=0.4273: Time to solve stand alone optimization problem: 0.0455830097198
INFO:R0@tkref=0.4273: N of unsatisfied eq: 3
INFO:R0@tkref=0.4273: N of unsatisfied ieq: 6
INFO:R0@tkref=0.4273: Summary: Optimization terminated successfully. after 2 it.
DEBUG:R0@tkref=0.4273: $$$$$$$$ CONFLICT LIST $$$$$$$$: []
INFO:R0: --------------------------
INFO:R0@tkref=0.8545: Time to solve stand alone optimization problem: 0.0690190792084
INFO:R0@tkref=0.8545: N of unsatisfied eq: 3
INFO:R0@tkref=0.8545: N of unsatisfied ieq: 6
INFO:R0@tkref=0.8545: Summary: Optimization terminated successfully. after 3 it.
DEBUG:R0@tkref=0.8545: $$$$$$$$ CONFLICT LIST $$$$$$$$: []
INFO:R0: --------------------------
INFO:R0@tkref=1.2818: Time to solve stand alone optimization problem: 0.04763007164
INFO:R0@tkref=1.2818: N of unsatisfied eq: 3
INFO:R0@tkref=1.2818: N of unsatisfied ieq: 6
INFO:R0@tkref=1.2818: Summary: Optimization terminated successfully. after 2 it.
DEBUG:R0@tkref=1.2818: $$$$$$$$ CONFLICT LIST $$$$$$$$: []
INFO:R0: --------------------------
INFO:R0@tkref=1.7091: Time to solve stand alone optimization problem: 0.0448110103607
INFO:R0@tkref=1.7091: N of unsatisfied eq: 3
INFO:R0@tkref=1.7091: N of unsatisfied ieq: 6
INFO:R0@tkref=1.7091: Summary: Optimization terminated successfully. after 2 it.
DEBUG:R0@tkref=1.7091: $$$$$$$$ CONFLICT LIST $$$$$$$$: []
INFO:R0: --------------------------
INFO:R0@tkref=2.1364: Time to solve stand alone optimization problem: 0.0241990089417
INFO:R0@tkref=2.1364: N of unsatisfied eq: 3
INFO:R0@tkref=2.1364: N of unsatisfied ieq: 5
INFO:R0@tkref=2.1364: Summary: Optimization terminated successfully. after 1 it.
DEBUG:R0@tkref=2.1364: $$$$$$$$ CONFLICT LIST $$$$$$$$: []
INFO:R0: --------------------------
INFO:R0@tkref=2.5636: Time to solve stand alone optimization problem: 0.0241701602936
INFO:R0@tkref=2.5636: N of unsatisfied eq: 3
INFO:R0@tkref=2.5636: N of unsatisfied ieq: 5
INFO:R0@tkref=2.5636: Summary: Optimization terminated successfully. after 1 it.
DEBUG:R0@tkref=2.5636: $$$$$$$$ CONFLICT LIST $$$$$$$$: []
INFO:R0: --------------------------
INFO:R0@tkref=2.9909: Time to solve stand alone optimization problem: 0.0245039463043
INFO:R0@tkref=2.9909: N of unsatisfied eq: 3
INFO:R0@tkref=2.9909: N of unsatisfied ieq: 5
INFO:R0@tkref=2.9909: Summary: Optimization terminated successfully. after 1 it.
DEBUG:R0@tkref=2.9909: $$$$$$$$ CONFLICT LIST $$$$$$$$: []
INFO:R0: --------------------------
INFO:R0@tkref=3.4182: Time to solve stand alone optimization problem: 0.0243999958038
INFO:R0@tkref=3.4182: N of unsatisfied eq: 3
INFO:R0@tkref=3.4182: N of unsatisfied ieq: 5
INFO:R0@tkref=3.4182: Summary: Optimization terminated successfully. after 1 it.
DEBUG:R0@tkref=3.4182: $$$$$$$$ CONFLICT LIST $$$$$$$$: []
INFO:R0: --------------------------
INFO:R0@tkref=3.8455: Time to solve stand alone optimization problem: 0.0244710445404
INFO:R0@tkref=3.8455: N of unsatisfied eq: 3
INFO:R0@tkref=3.8455: N of unsatisfied ieq: 5
INFO:R0@tkref=3.8455: Summary: Optimization terminated successfully. after 1 it.
DEBUG:R0@tkref=3.8455: $$$$$$$$ CONFLICT LIST $$$$$$$$: []
INFO:R0: --------------------------
INFO:R0@tkref=4.2727: Time to solve stand alone optimization problem: 0.0244460105896
INFO:R0@tkref=4.2727: N of unsatisfied eq: 3
INFO:R0@tkref=4.2727: N of unsatisfied ieq: 4
INFO:R0@tkref=4.2727: Summary: Optimization terminated successfully. after 1 it.
DEBUG:R0@tkref=4.2727: $$$$$$$$ CONFLICT LIST $$$$$$$$: []
INFO:R0: --------------------------
INFO:R0@tkref=4.7000: Time to solve stand alone optimization problem: 0.0229420661926
INFO:R0@tkref=4.7000: N of unsatisfied eq: 4
INFO:R0@tkref=4.7000: N of unsatisfied ieq: 7
INFO:R0@tkref=4.7000: Summary: Optimization terminated successfully. after 1 it.
DEBUG:R0@tkref=4.7000: $$$$$$$$ CONFLICT LIST $$$$$$$$: []
INFO:R0: --------------------------
INFO:R0@tkref=5.1273: Time to solve stand alone optimization problem: 0.0231740474701
INFO:R0@tkref=5.1273: N of unsatisfied eq: 3
INFO:R0@tkref=5.1273: N of unsatisfied ieq: 8
INFO:R0@tkref=5.1273: Summary: Optimization terminated successfully. after 1 it.
DEBUG:R0@tkref=5.1273: $$$$$$$$ CONFLICT LIST $$$$$$$$: []
INFO:R0: --------------------------
INFO:R0@tkref=5.5545: Time to solve stand alone optimization problem: 0.0229170322418
INFO:R0@tkref=5.5545: N of unsatisfied eq: 5
INFO:R0@tkref=5.5545: N of unsatisfied ieq: 7
INFO:R0@tkref=5.5545: Summary: Optimization terminated successfully. after 1 it.
DEBUG:R0@tkref=5.5545: $$$$$$$$ CONFLICT LIST $$$$$$$$: []
INFO:R0: --------------------------
INFO:R0@tkref=5.9818: Time to solve stand alone optimization problem: 0.0231580734253
INFO:R0@tkref=5.9818: N of unsatisfied eq: 3
INFO:R0@tkref=5.9818: N of unsatisfied ieq: 7
INFO:R0@tkref=5.9818: Summary: Optimization terminated successfully. after 1 it.
DEBUG:R0@tkref=5.9818: $$$$$$$$ CONFLICT LIST $$$$$$$$: []
INFO:R0: --------------------------
DEBUG:R0: LAST STEP
DEBUG:R0: Approx remaining dist: 0.95487432937
DEBUG:R0: Usual approx plan dist: 4.7
DEBUG:R0: Approx gain in dist: 3.74512567063
DEBUG:R0: Last step min dist: 0.5
INFO:R0: scale 0.20316475093 Ns 7 Nk 3
INFO:R0@tkref=6.4091: Time to solve stand alone optimization problem: 0.360248088837
INFO:R0@tkref=6.4091: N of unsatisfied eq: 10
INFO:R0@tkref=6.4091: N of unsatisfied ieq: 4
INFO:R0@tkref=6.4091: Summary: Iteration limit exceeded after 26 it.
DEBUG:R0@tkref=6.4091: $$$$$$$$ CONFLICT LIST $$$$$$$$: []
INFO:R0: Finished motion planning
INFO:R0: --------------------------
INFO:R0: TOT: 7.48222140949
INFO:R0: NSE: 16
INFO:R0: FIR: 0.937255859375
INFO:R0: LAS: 0.360980033875
INFO:R0: LMA: 1
INFO:R0: MAX: 0.0697090625763
INFO:R0: MIN: 0.0235629081726
INFO:R0: AVG: 0.0324846165521
INFO:R0: RMP: 0.163148869859
INFO:R0: RMG: 0.844846887791
