DEBUG:R0: Using Tc_p = 1.04444444444
DEBUG:R0: Using Tc_d = 1.04444444444
INFO:R0: Init motion planning
INFO:R0@tkref=0.0000: Time to solve stand alone optimization problem: 1.31735014915
INFO:R0@tkref=0.0000: N of unsatisfied eq: 5
INFO:R0@tkref=0.0000: N of unsatisfied ieq: 6
INFO:R0@tkref=0.0000: Summary: Iteration limit exceeded after 41 it.
DEBUG:R0@tkref=0.0000: $$$$$$$$ CONFLICT LIST $$$$$$$$: []
INFO:R0: --------------------------
INFO:R0@tkref=1.0444: Time to solve stand alone optimization problem: 0.398045063019
INFO:R0@tkref=1.0444: N of unsatisfied eq: 2
INFO:R0@tkref=1.0444: N of unsatisfied ieq: 6
INFO:R0@tkref=1.0444: Summary: Optimization terminated successfully. after 11 it.
DEBUG:R0@tkref=1.0444: $$$$$$$$ CONFLICT LIST $$$$$$$$: []
INFO:R0: --------------------------
INFO:R0@tkref=2.0889: Time to solve stand alone optimization problem: 0.283283948898
INFO:R0@tkref=2.0889: N of unsatisfied eq: 2
INFO:R0@tkref=2.0889: N of unsatisfied ieq: 5
INFO:R0@tkref=2.0889: Summary: Optimization terminated successfully. after 8 it.
DEBUG:R0@tkref=2.0889: $$$$$$$$ CONFLICT LIST $$$$$$$$: []
INFO:R0: --------------------------
INFO:R0@tkref=3.1333: Time to solve stand alone optimization problem: 0.500256061554
INFO:R0@tkref=3.1333: N of unsatisfied eq: 3
INFO:R0@tkref=3.1333: N of unsatisfied ieq: 7
INFO:R0@tkref=3.1333: Summary: Optimization terminated successfully. after 14 it.
DEBUG:R0@tkref=3.1333: $$$$$$$$ CONFLICT LIST $$$$$$$$: []
INFO:R0: --------------------------
INFO:R0@tkref=4.1778: Time to solve stand alone optimization problem: 0.361945867538
INFO:R0@tkref=4.1778: N of unsatisfied eq: 3
INFO:R0@tkref=4.1778: N of unsatisfied ieq: 7
INFO:R0@tkref=4.1778: Summary: Optimization terminated successfully. after 10 it.
DEBUG:R0@tkref=4.1778: $$$$$$$$ CONFLICT LIST $$$$$$$$: []
INFO:R0: --------------------------
INFO:R0@tkref=5.2222: Time to solve stand alone optimization problem: 0.109425067902
INFO:R0@tkref=5.2222: N of unsatisfied eq: 3
INFO:R0@tkref=5.2222: N of unsatisfied ieq: 6
INFO:R0@tkref=5.2222: Summary: Optimization terminated successfully. after 3 it.
DEBUG:R0@tkref=5.2222: $$$$$$$$ CONFLICT LIST $$$$$$$$: []
INFO:R0: --------------------------
DEBUG:R0: LAST STEP
DEBUG:R0: Approx remaining dist: 1.18065551386
DEBUG:R0: Usual approx plan dist: 4.7
DEBUG:R0: Approx gain in dist: 3.51934448614
DEBUG:R0: Last step min dist: 0.5
INFO:R0: scale 0.251203300821 Ns 7 Nk 3
INFO:R0@tkref=6.2667: Time to solve stand alone optimization problem: 0.570764780045
INFO:R0@tkref=6.2667: N of unsatisfied eq: 10
INFO:R0@tkref=6.2667: N of unsatisfied ieq: 4
INFO:R0@tkref=6.2667: Summary: Iteration limit exceeded after 26 it.
DEBUG:R0@tkref=6.2667: $$$$$$$$ CONFLICT LIST $$$$$$$$: []
INFO:R0: Finished motion planning
INFO:R0: --------------------------
INFO:R0: TOT: 7.59374676292
INFO:R0: NSE: 7
INFO:R0: FIR: 1.31891512871
INFO:R0: LAS: 0.571609020233
INFO:R0: LMA: 1
INFO:R0: MAX: 0.501077890396
INFO:R0: MIN: 0.11020898819
INFO:R0: AVG: 0.331501579285
INFO:R0: RMP: 0.479755426975
INFO:R0: RMG: 0.547285232138
