DEBUG:R0: Using Tc_p = 0.5
DEBUG:R0: Using Tc_d = 0.5
INFO:R0: Init motion planning
INFO:R0@tkref=0.0000: Time to solve stand alone optimization problem: 2.37849712372
INFO:R0@tkref=0.0000: N of unsatisfied eq: 5
INFO:R0@tkref=0.0000: N of unsatisfied ieq: 7
INFO:R0@tkref=0.0000: Summary: Iteration limit exceeded after 41 it.
DEBUG:R0@tkref=0.0000: $$$$$$$$ CONFLICT LIST $$$$$$$$: []
INFO:R0: --------------------------
INFO:R0@tkref=0.5000: Time to solve stand alone optimization problem: 0.670600891113
INFO:R0@tkref=0.5000: N of unsatisfied eq: 3
INFO:R0@tkref=0.5000: N of unsatisfied ieq: 7
INFO:R0@tkref=0.5000: Summary: Optimization terminated successfully. after 12 it.
DEBUG:R0@tkref=0.5000: $$$$$$$$ CONFLICT LIST $$$$$$$$: []
INFO:R0: --------------------------
INFO:R0@tkref=1.0000: Time to solve stand alone optimization problem: 0.925406932831
INFO:R0@tkref=1.0000: N of unsatisfied eq: 3
INFO:R0@tkref=1.0000: N of unsatisfied ieq: 6
INFO:R0@tkref=1.0000: Summary: Optimization terminated successfully. after 14 it.
DEBUG:R0@tkref=1.0000: $$$$$$$$ CONFLICT LIST $$$$$$$$: []
INFO:R0: --------------------------
INFO:R0@tkref=1.5000: Time to solve stand alone optimization problem: 0.806950092316
INFO:R0@tkref=1.5000: N of unsatisfied eq: 2
INFO:R0@tkref=1.5000: N of unsatisfied ieq: 8
INFO:R0@tkref=1.5000: Summary: Optimization terminated successfully. after 13 it.
DEBUG:R0@tkref=1.5000: $$$$$$$$ CONFLICT LIST $$$$$$$$: []
INFO:R0: --------------------------
INFO:R0@tkref=2.0000: Time to solve stand alone optimization problem: 1.20544695854
INFO:R0@tkref=2.0000: N of unsatisfied eq: 1
INFO:R0@tkref=2.0000: N of unsatisfied ieq: 6
INFO:R0@tkref=2.0000: Summary: Iteration limit exceeded after 16 it.
DEBUG:R0@tkref=2.0000: $$$$$$$$ CONFLICT LIST $$$$$$$$: []
INFO:R0: --------------------------
INFO:R0@tkref=2.5000: Time to solve stand alone optimization problem: 0.991866111755
INFO:R0@tkref=2.5000: N of unsatisfied eq: 3
INFO:R0@tkref=2.5000: N of unsatisfied ieq: 6
INFO:R0@tkref=2.5000: Summary: Iteration limit exceeded after 16 it.
DEBUG:R0@tkref=2.5000: $$$$$$$$ CONFLICT LIST $$$$$$$$: []
INFO:R0: --------------------------
INFO:R0@tkref=3.0000: Time to solve stand alone optimization problem: 0.9819419384
INFO:R0@tkref=3.0000: N of unsatisfied eq: 2
INFO:R0@tkref=3.0000: N of unsatisfied ieq: 5
INFO:R0@tkref=3.0000: Summary: Iteration limit exceeded after 16 it.
DEBUG:R0@tkref=3.0000: $$$$$$$$ CONFLICT LIST $$$$$$$$: []
INFO:R0: --------------------------
INFO:R0@tkref=3.5000: Time to solve stand alone optimization problem: 0.990478992462
INFO:R0@tkref=3.5000: N of unsatisfied eq: 3
INFO:R0@tkref=3.5000: N of unsatisfied ieq: 6
INFO:R0@tkref=3.5000: Summary: Iteration limit exceeded after 16 it.
DEBUG:R0@tkref=3.5000: $$$$$$$$ CONFLICT LIST $$$$$$$$: []
INFO:R0: --------------------------
INFO:R0@tkref=4.0000: Time to solve stand alone optimization problem: 0.864560127258
INFO:R0@tkref=4.0000: N of unsatisfied eq: 3
INFO:R0@tkref=4.0000: N of unsatisfied ieq: 7
INFO:R0@tkref=4.0000: Summary: Optimization terminated successfully. after 14 it.
DEBUG:R0@tkref=4.0000: $$$$$$$$ CONFLICT LIST $$$$$$$$: []
INFO:R0: --------------------------
INFO:R0@tkref=4.5000: Time to solve stand alone optimization problem: 0.372585773468
INFO:R0@tkref=4.5000: N of unsatisfied eq: 2
INFO:R0@tkref=4.5000: N of unsatisfied ieq: 8
INFO:R0@tkref=4.5000: Summary: Optimization terminated successfully. after 6 it.
DEBUG:R0@tkref=4.5000: $$$$$$$$ CONFLICT LIST $$$$$$$$: []
INFO:R0: --------------------------
INFO:R0@tkref=5.0000: Time to solve stand alone optimization problem: 0.43581199646
INFO:R0@tkref=5.0000: N of unsatisfied eq: 3
INFO:R0@tkref=5.0000: N of unsatisfied ieq: 9
INFO:R0@tkref=5.0000: Summary: Optimization terminated successfully. after 7 it.
DEBUG:R0@tkref=5.0000: $$$$$$$$ CONFLICT LIST $$$$$$$$: []
INFO:R0: --------------------------
INFO:R0@tkref=5.5000: Time to solve stand alone optimization problem: 0.433391094208
INFO:R0@tkref=5.5000: N of unsatisfied eq: 3
INFO:R0@tkref=5.5000: N of unsatisfied ieq: 5
INFO:R0@tkref=5.5000: Summary: Optimization terminated successfully. after 7 it.
DEBUG:R0@tkref=5.5000: $$$$$$$$ CONFLICT LIST $$$$$$$$: []
INFO:R0: --------------------------
INFO:R0@tkref=6.0000: Time to solve stand alone optimization problem: 0.497658014297
INFO:R0@tkref=6.0000: N of unsatisfied eq: 2
INFO:R0@tkref=6.0000: N of unsatisfied ieq: 7
INFO:R0@tkref=6.0000: Summary: Optimization terminated successfully. after 8 it.
DEBUG:R0@tkref=6.0000: $$$$$$$$ CONFLICT LIST $$$$$$$$: []
INFO:R0: --------------------------
INFO:R0@tkref=6.5000: Time to solve stand alone optimization problem: 0.556324958801
INFO:R0@tkref=6.5000: N of unsatisfied eq: 3
INFO:R0@tkref=6.5000: N of unsatisfied ieq: 8
INFO:R0@tkref=6.5000: Summary: Optimization terminated successfully. after 9 it.
DEBUG:R0@tkref=6.5000: $$$$$$$$ CONFLICT LIST $$$$$$$$: []
INFO:R0: --------------------------
INFO:R0@tkref=7.0000: Time to solve stand alone optimization problem: 0.169600009918
INFO:R0@tkref=7.0000: N of unsatisfied eq: 3
INFO:R0@tkref=7.0000: N of unsatisfied ieq: 7
INFO:R0@tkref=7.0000: Summary: Optimization terminated successfully. after 3 it.
DEBUG:R0@tkref=7.0000: $$$$$$$$ CONFLICT LIST $$$$$$$$: []
INFO:R0: --------------------------
INFO:R0@tkref=7.5000: Time to solve stand alone optimization problem: 0.150613069534
INFO:R0@tkref=7.5000: N of unsatisfied eq: 3
INFO:R0@tkref=7.5000: N of unsatisfied ieq: 7
INFO:R0@tkref=7.5000: Summary: Optimization terminated successfully. after 3 it.
DEBUG:R0@tkref=7.5000: $$$$$$$$ CONFLICT LIST $$$$$$$$: []
INFO:R0: --------------------------
INFO:R0@tkref=8.0000: Time to solve stand alone optimization problem: 0.149949073792
INFO:R0@tkref=8.0000: N of unsatisfied eq: 3
INFO:R0@tkref=8.0000: N of unsatisfied ieq: 5
INFO:R0@tkref=8.0000: Summary: Optimization terminated successfully. after 3 it.
DEBUG:R0@tkref=8.0000: $$$$$$$$ CONFLICT LIST $$$$$$$$: []
INFO:R0: --------------------------
INFO:R0@tkref=8.5000: Time to solve stand alone optimization problem: 0.131542921066
INFO:R0@tkref=8.5000: N of unsatisfied eq: 3
INFO:R0@tkref=8.5000: N of unsatisfied ieq: 5
INFO:R0@tkref=8.5000: Summary: Optimization terminated successfully. after 3 it.
DEBUG:R0@tkref=8.5000: $$$$$$$$ CONFLICT LIST $$$$$$$$: []
INFO:R0: --------------------------
DEBUG:R0: LAST STEP
DEBUG:R0: Approx remaining dist: 0.255929276033
DEBUG:R0: Usual approx plan dist: 5.0
DEBUG:R0: Approx gain in dist: 4.74407072397
DEBUG:R0: Last step min dist: 0.5
INFO:R0: scale 0.0511858552066 Ns 7 Nk 3
INFO:R0@tkref=9.0000: Time to solve stand alone optimization problem: 0.563276052475
INFO:R0@tkref=9.0000: N of unsatisfied eq: 7
INFO:R0@tkref=9.0000: N of unsatisfied ieq: 1
INFO:R0@tkref=9.0000: Summary: Iteration limit exceeded after 26 it.
DEBUG:R0@tkref=9.0000: $$$$$$$$ CONFLICT LIST $$$$$$$$: []
INFO:R0: Finished motion planning
INFO:R0: --------------------------
INFO:R0: TOT: 9.37654081645
INFO:R0: NSE: 19
INFO:R0: FIR: 2.37976408005
INFO:R0: LAS: 0.564408063889
INFO:R0: LMA: 0
INFO:R0: MAX: 1.20634698868
INFO:R0: MIN: 0.132388114929
INFO:R0: AVG: 0.608849904116
INFO:R0: RMP: 2.41269397736
INFO:R0: RMG: 2.41269397736
