DEBUG:R0: Using Tc_p = 0.945454545455
DEBUG:R0: Using Tc_d = 0.945454545455
INFO:R0: Init motion planning
INFO:R0@tkref=0.0000: Time to solve stand alone optimization problem: 1.54369616508
INFO:R0@tkref=0.0000: N of unsatisfied eq: 5
INFO:R0@tkref=0.0000: N of unsatisfied ieq: 8
INFO:R0@tkref=0.0000: Summary: Iteration limit exceeded after 41 it.
DEBUG:R0@tkref=0.0000: $$$$$$$$ CONFLICT LIST $$$$$$$$: []
INFO:R0: --------------------------
INFO:R0@tkref=0.9455: Time to solve stand alone optimization problem: 0.0490000247955
INFO:R0@tkref=0.9455: N of unsatisfied eq: 3
INFO:R0@tkref=0.9455: N of unsatisfied ieq: 5
INFO:R0@tkref=0.9455: Summary: Optimization terminated successfully. after 1 it.
DEBUG:R0@tkref=0.9455: $$$$$$$$ CONFLICT LIST $$$$$$$$: []
INFO:R0: --------------------------
INFO:R0@tkref=1.8909: Time to solve stand alone optimization problem: 0.0440399646759
INFO:R0@tkref=1.8909: N of unsatisfied eq: 5
INFO:R0@tkref=1.8909: N of unsatisfied ieq: 7
INFO:R0@tkref=1.8909: Summary: Optimization terminated successfully. after 1 it.
DEBUG:R0@tkref=1.8909: $$$$$$$$ CONFLICT LIST $$$$$$$$: []
INFO:R0: --------------------------
INFO:R0@tkref=2.8364: Time to solve stand alone optimization problem: 0.475198030472
INFO:R0@tkref=2.8364: N of unsatisfied eq: 2
INFO:R0@tkref=2.8364: N of unsatisfied ieq: 6
INFO:R0@tkref=2.8364: Summary: Optimization terminated successfully. after 11 it.
DEBUG:R0@tkref=2.8364: $$$$$$$$ CONFLICT LIST $$$$$$$$: []
INFO:R0: --------------------------
INFO:R0@tkref=3.7818: Time to solve stand alone optimization problem: 0.255109071732
INFO:R0@tkref=3.7818: N of unsatisfied eq: 3
INFO:R0@tkref=3.7818: N of unsatisfied ieq: 6
INFO:R0@tkref=3.7818: Summary: Optimization terminated successfully. after 6 it.
DEBUG:R0@tkref=3.7818: $$$$$$$$ CONFLICT LIST $$$$$$$$: []
INFO:R0: --------------------------
INFO:R0@tkref=4.7273: Time to solve stand alone optimization problem: 0.306149959564
INFO:R0@tkref=4.7273: N of unsatisfied eq: 3
INFO:R0@tkref=4.7273: N of unsatisfied ieq: 6
INFO:R0@tkref=4.7273: Summary: Optimization terminated successfully. after 7 it.
DEBUG:R0@tkref=4.7273: $$$$$$$$ CONFLICT LIST $$$$$$$$: []
INFO:R0: --------------------------
INFO:R0@tkref=5.6727: Time to solve stand alone optimization problem: 0.220869064331
INFO:R0@tkref=5.6727: N of unsatisfied eq: 3
INFO:R0@tkref=5.6727: N of unsatisfied ieq: 9
INFO:R0@tkref=5.6727: Summary: Optimization terminated successfully. after 5 it.
DEBUG:R0@tkref=5.6727: $$$$$$$$ CONFLICT LIST $$$$$$$$: []
INFO:R0: --------------------------
DEBUG:R0: LAST STEP
DEBUG:R0: Approx remaining dist: 0.996396344288
DEBUG:R0: Usual approx plan dist: 1.3
DEBUG:R0: Approx gain in dist: 0.303603655712
DEBUG:R0: Last step min dist: 0.5
INFO:R0: scale 0.766458726375 Ns 9 Nk 4
INFO:R0@tkref=6.6182: Time to solve stand alone optimization problem: 0.698184013367
INFO:R0@tkref=6.6182: N of unsatisfied eq: 10
INFO:R0@tkref=6.6182: N of unsatisfied ieq: 6
INFO:R0@tkref=6.6182: Summary: Iteration limit exceeded after 26 it.
DEBUG:R0@tkref=6.6182: $$$$$$$$ CONFLICT LIST $$$$$$$$: []
INFO:R0: Finished motion planning
INFO:R0: --------------------------
INFO:R0: TOT: 7.70039896922
INFO:R0: NSE: 8
INFO:R0: FIR: 1.54519104958
INFO:R0: LAS: 0.699001073837
INFO:R0: LMA: 1
INFO:R0: MAX: 0.476022958755
INFO:R0: MIN: 0.0447840690613
INFO:R0: AVG: 0.225940028826
INFO:R0: RMP: 0.503485821761
INFO:R0: RMG: 0.739328058866
