DEBUG:R0: Using Tc_p = 0.777777777778
DEBUG:R0: Using Tc_d = 0.777777777778
INFO:R0: Init motion planning
INFO:R0@tkref=0.0000: Time to solve stand alone optimization problem: 0.991752147675
INFO:R0@tkref=0.0000: N of unsatisfied eq: 5
INFO:R0@tkref=0.0000: N of unsatisfied ieq: 6
INFO:R0@tkref=0.0000: Summary: Iteration limit exceeded after 41 it.
DEBUG:R0@tkref=0.0000: $$$$$$$$ CONFLICT LIST $$$$$$$$: []
INFO:R0: --------------------------
INFO:R0@tkref=0.7778: Time to solve stand alone optimization problem: 0.0251579284668
INFO:R0@tkref=0.7778: N of unsatisfied eq: 3
INFO:R0@tkref=0.7778: N of unsatisfied ieq: 5
INFO:R0@tkref=0.7778: Summary: Optimization terminated successfully. after 1 it.
DEBUG:R0@tkref=0.7778: $$$$$$$$ CONFLICT LIST $$$$$$$$: []
INFO:R0: --------------------------
INFO:R0@tkref=1.5556: Time to solve stand alone optimization problem: 0.147159814835
INFO:R0@tkref=1.5556: N of unsatisfied eq: 3
INFO:R0@tkref=1.5556: N of unsatisfied ieq: 8
INFO:R0@tkref=1.5556: Summary: Optimization terminated successfully. after 6 it.
DEBUG:R0@tkref=1.5556: $$$$$$$$ CONFLICT LIST $$$$$$$$: []
INFO:R0: --------------------------
INFO:R0@tkref=2.3333: Time to solve stand alone optimization problem: 0.146362066269
INFO:R0@tkref=2.3333: N of unsatisfied eq: 4
INFO:R0@tkref=2.3333: N of unsatisfied ieq: 8
INFO:R0@tkref=2.3333: Summary: Optimization terminated successfully. after 6 it.
DEBUG:R0@tkref=2.3333: $$$$$$$$ CONFLICT LIST $$$$$$$$: []
INFO:R0: --------------------------
INFO:R0@tkref=3.1111: Time to solve stand alone optimization problem: 0.0249791145325
INFO:R0@tkref=3.1111: N of unsatisfied eq: 3
INFO:R0@tkref=3.1111: N of unsatisfied ieq: 6
INFO:R0@tkref=3.1111: Summary: Optimization terminated successfully. after 1 it.
DEBUG:R0@tkref=3.1111: $$$$$$$$ CONFLICT LIST $$$$$$$$: []
INFO:R0: --------------------------
INFO:R0@tkref=3.8889: Time to solve stand alone optimization problem: 0.0250508785248
INFO:R0@tkref=3.8889: N of unsatisfied eq: 3
INFO:R0@tkref=3.8889: N of unsatisfied ieq: 5
INFO:R0@tkref=3.8889: Summary: Optimization terminated successfully. after 1 it.
DEBUG:R0@tkref=3.8889: $$$$$$$$ CONFLICT LIST $$$$$$$$: []
INFO:R0: --------------------------
INFO:R0@tkref=4.6667: Time to solve stand alone optimization problem: 0.0252799987793
INFO:R0@tkref=4.6667: N of unsatisfied eq: 3
INFO:R0@tkref=4.6667: N of unsatisfied ieq: 5
INFO:R0@tkref=4.6667: Summary: Optimization terminated successfully. after 1 it.
DEBUG:R0@tkref=4.6667: $$$$$$$$ CONFLICT LIST $$$$$$$$: []
INFO:R0: --------------------------
INFO:R0@tkref=5.4444: Time to solve stand alone optimization problem: 0.0253419876099
INFO:R0@tkref=5.4444: N of unsatisfied eq: 3
INFO:R0@tkref=5.4444: N of unsatisfied ieq: 6
INFO:R0@tkref=5.4444: Summary: Optimization terminated successfully. after 1 it.
DEBUG:R0@tkref=5.4444: $$$$$$$$ CONFLICT LIST $$$$$$$$: []
INFO:R0: --------------------------
DEBUG:R0: LAST STEP
DEBUG:R0: Approx remaining dist: 0.918892240998
DEBUG:R0: Usual approx plan dist: 3.5
DEBUG:R0: Approx gain in dist: 2.581107759
DEBUG:R0: Last step min dist: 0.5
INFO:R0: scale 0.262540640285 Ns 7 Nk 3
INFO:R0@tkref=6.2222: Time to solve stand alone optimization problem: 0.377215147018
INFO:R0@tkref=6.2222: N of unsatisfied eq: 10
INFO:R0@tkref=6.2222: N of unsatisfied ieq: 4
INFO:R0@tkref=6.2222: Summary: Iteration limit exceeded after 26 it.
DEBUG:R0@tkref=6.2222: $$$$$$$$ CONFLICT LIST $$$$$$$$: []
INFO:R0: Finished motion planning
INFO:R0: --------------------------
INFO:R0: TOT: 7.25491291625
INFO:R0: NSE: 9
INFO:R0: FIR: 0.993051052094
INFO:R0: LAS: 0.377999067307
INFO:R0: LMA: 1
INFO:R0: MAX: 0.147875070572
INFO:R0: MIN: 0.0256631374359
INFO:R0: AVG: 0.0605987140111
INFO:R0: RMP: 0.190125090735
INFO:R0: RMG: 0.485998800823
