DEBUG:R0: Using Tc_p = 1.72
DEBUG:R0: Using Tc_d = 1.72
INFO:R0: Init motion planning
INFO:R0@tkref=0.0000: Time to solve stand alone optimization problem: 2.37843894958
INFO:R0@tkref=0.0000: N of unsatisfied eq: 5
INFO:R0@tkref=0.0000: N of unsatisfied ieq: 9
INFO:R0@tkref=0.0000: Summary: Iteration limit exceeded after 41 it.
DEBUG:R0@tkref=0.0000: $$$$$$$$ CONFLICT LIST $$$$$$$$: []
INFO:R0: --------------------------
INFO:R0@tkref=1.7200: Time to solve stand alone optimization problem: 0.732915878296
INFO:R0@tkref=1.7200: N of unsatisfied eq: 2
INFO:R0@tkref=1.7200: N of unsatisfied ieq: 7
INFO:R0@tkref=1.7200: Summary: Optimization terminated successfully. after 12 it.
DEBUG:R0@tkref=1.7200: $$$$$$$$ CONFLICT LIST $$$$$$$$: []
INFO:R0: --------------------------
INFO:R0@tkref=3.4400: Time to solve stand alone optimization problem: 1.02744889259
INFO:R0@tkref=3.4400: N of unsatisfied eq: 2
INFO:R0@tkref=3.4400: N of unsatisfied ieq: 5
INFO:R0@tkref=3.4400: Summary: Iteration limit exceeded after 16 it.
DEBUG:R0@tkref=3.4400: $$$$$$$$ CONFLICT LIST $$$$$$$$: []
INFO:R0: --------------------------
INFO:R0@tkref=5.1600: Time to solve stand alone optimization problem: 0.661126852036
INFO:R0@tkref=5.1600: N of unsatisfied eq: 3
INFO:R0@tkref=5.1600: N of unsatisfied ieq: 9
INFO:R0@tkref=5.1600: Summary: Optimization terminated successfully. after 11 it.
DEBUG:R0@tkref=5.1600: $$$$$$$$ CONFLICT LIST $$$$$$$$: []
INFO:R0: --------------------------
DEBUG:R0: LAST STEP
DEBUG:R0: Approx remaining dist: 1.33416875918
DEBUG:R0: Usual approx plan dist: 4.3
DEBUG:R0: Approx gain in dist: 2.96583124082
DEBUG:R0: Last step min dist: 0.5
INFO:R0: scale 0.310271804461 Ns 7 Nk 3
INFO:R0@tkref=6.8800: Time to solve stand alone optimization problem: 0.619385004044
INFO:R0@tkref=6.8800: N of unsatisfied eq: 7
INFO:R0@tkref=6.8800: N of unsatisfied ieq: 3
INFO:R0@tkref=6.8800: Summary: Iteration limit exceeded after 26 it.
DEBUG:R0@tkref=6.8800: $$$$$$$$ CONFLICT LIST $$$$$$$$: []
INFO:R0: Finished motion planning
INFO:R0: --------------------------
INFO:R0: TOT: 8.39703218099
INFO:R0: NSE: 5
INFO:R0: FIR: 2.37974286079
INFO:R0: LAS: 0.620234966278
INFO:R0: LMA: 0
INFO:R0: MAX: 1.02829217911
INFO:R0: MIN: 0.661983013153
INFO:R0: AVG: 0.808010101318
INFO:R0: RMP: 0.597844290179
INFO:R0: RMG: 0.597844290179
