DEBUG:R0: Using Tc_p = 0.18
DEBUG:R0: Using Tc_d = 0.18
INFO:R0: Init motion planning
INFO:R0@tkref=0.0000: Time to solve stand alone optimization problem: 1.51563405991
INFO:R0@tkref=0.0000: N of unsatisfied eq: 5
INFO:R0@tkref=0.0000: N of unsatisfied ieq: 9
INFO:R0@tkref=0.0000: Summary: Iteration limit exceeded after 41 it.
DEBUG:R0@tkref=0.0000: $$$$$$$$ CONFLICT LIST $$$$$$$$: []
INFO:R0: --------------------------
INFO:R0@tkref=0.1800: Time to solve stand alone optimization problem: 0.0432229042053
INFO:R0@tkref=0.1800: N of unsatisfied eq: 3
INFO:R0@tkref=0.1800: N of unsatisfied ieq: 5
INFO:R0@tkref=0.1800: Summary: Optimization terminated successfully. after 1 it.
DEBUG:R0@tkref=0.1800: $$$$$$$$ CONFLICT LIST $$$$$$$$: []
INFO:R0: --------------------------
INFO:R0@tkref=0.3600: Time to solve stand alone optimization problem: 0.0401391983032
INFO:R0@tkref=0.3600: N of unsatisfied eq: 3
INFO:R0@tkref=0.3600: N of unsatisfied ieq: 7
INFO:R0@tkref=0.3600: Summary: Optimization terminated successfully. after 1 it.
DEBUG:R0@tkref=0.3600: $$$$$$$$ CONFLICT LIST $$$$$$$$: []
INFO:R0: --------------------------
INFO:R0@tkref=0.5400: Time to solve stand alone optimization problem: 0.0881581306458
INFO:R0@tkref=0.5400: N of unsatisfied eq: 3
INFO:R0@tkref=0.5400: N of unsatisfied ieq: 9
INFO:R0@tkref=0.5400: Summary: Optimization terminated successfully. after 2 it.
DEBUG:R0@tkref=0.5400: $$$$$$$$ CONFLICT LIST $$$$$$$$: []
INFO:R0: --------------------------
INFO:R0@tkref=0.7200: Time to solve stand alone optimization problem: 0.224943876266
INFO:R0@tkref=0.7200: N of unsatisfied eq: 3
INFO:R0@tkref=0.7200: N of unsatisfied ieq: 5
INFO:R0@tkref=0.7200: Summary: Optimization terminated successfully. after 6 it.
DEBUG:R0@tkref=0.7200: $$$$$$$$ CONFLICT LIST $$$$$$$$: []
INFO:R0: --------------------------
INFO:R0@tkref=0.9000: Time to solve stand alone optimization problem: 0.0843868255615
INFO:R0@tkref=0.9000: N of unsatisfied eq: 3
INFO:R0@tkref=0.9000: N of unsatisfied ieq: 10
INFO:R0@tkref=0.9000: Summary: Optimization terminated successfully. after 2 it.
DEBUG:R0@tkref=0.9000: $$$$$$$$ CONFLICT LIST $$$$$$$$: []
INFO:R0: --------------------------
INFO:R0@tkref=1.0800: Time to solve stand alone optimization problem: 0.0469751358032
INFO:R0@tkref=1.0800: N of unsatisfied eq: 3
INFO:R0@tkref=1.0800: N of unsatisfied ieq: 9
INFO:R0@tkref=1.0800: Summary: Optimization terminated successfully. after 1 it.
DEBUG:R0@tkref=1.0800: $$$$$$$$ CONFLICT LIST $$$$$$$$: []
INFO:R0: --------------------------
INFO:R0@tkref=1.2600: Time to solve stand alone optimization problem: 0.041601896286
INFO:R0@tkref=1.2600: N of unsatisfied eq: 3
INFO:R0@tkref=1.2600: N of unsatisfied ieq: 7
INFO:R0@tkref=1.2600: Summary: Optimization terminated successfully. after 1 it.
DEBUG:R0@tkref=1.2600: $$$$$$$$ CONFLICT LIST $$$$$$$$: []
INFO:R0: --------------------------
INFO:R0@tkref=1.4400: Time to solve stand alone optimization problem: 0.0437469482422
INFO:R0@tkref=1.4400: N of unsatisfied eq: 5
INFO:R0@tkref=1.4400: N of unsatisfied ieq: 7
INFO:R0@tkref=1.4400: Summary: Optimization terminated successfully. after 1 it.
DEBUG:R0@tkref=1.4400: $$$$$$$$ CONFLICT LIST $$$$$$$$: []
INFO:R0: --------------------------
INFO:R0@tkref=1.6200: Time to solve stand alone optimization problem: 0.042062997818
INFO:R0@tkref=1.6200: N of unsatisfied eq: 5
INFO:R0@tkref=1.6200: N of unsatisfied ieq: 4
INFO:R0@tkref=1.6200: Summary: Optimization terminated successfully. after 1 it.
DEBUG:R0@tkref=1.6200: $$$$$$$$ CONFLICT LIST $$$$$$$$: []
INFO:R0: --------------------------
INFO:R0@tkref=1.8000: Time to solve stand alone optimization problem: 0.0398600101471
INFO:R0@tkref=1.8000: N of unsatisfied eq: 5
INFO:R0@tkref=1.8000: N of unsatisfied ieq: 5
INFO:R0@tkref=1.8000: Summary: Optimization terminated successfully. after 1 it.
DEBUG:R0@tkref=1.8000: $$$$$$$$ CONFLICT LIST $$$$$$$$: []
INFO:R0: --------------------------
INFO:R0@tkref=1.9800: Time to solve stand alone optimization problem: 0.0412309169769
INFO:R0@tkref=1.9800: N of unsatisfied eq: 4
INFO:R0@tkref=1.9800: N of unsatisfied ieq: 5
INFO:R0@tkref=1.9800: Summary: Optimization terminated successfully. after 1 it.
DEBUG:R0@tkref=1.9800: $$$$$$$$ CONFLICT LIST $$$$$$$$: []
INFO:R0: --------------------------
INFO:R0@tkref=2.1600: Time to solve stand alone optimization problem: 0.0397901535034
INFO:R0@tkref=2.1600: N of unsatisfied eq: 4
INFO:R0@tkref=2.1600: N of unsatisfied ieq: 4
INFO:R0@tkref=2.1600: Summary: Optimization terminated successfully. after 1 it.
DEBUG:R0@tkref=2.1600: $$$$$$$$ CONFLICT LIST $$$$$$$$: []
INFO:R0: --------------------------
INFO:R0@tkref=2.3400: Time to solve stand alone optimization problem: 0.332259893417
INFO:R0@tkref=2.3400: N of unsatisfied eq: 2
INFO:R0@tkref=2.3400: N of unsatisfied ieq: 8
INFO:R0@tkref=2.3400: Summary: Optimization terminated successfully. after 8 it.
DEBUG:R0@tkref=2.3400: $$$$$$$$ CONFLICT LIST $$$$$$$$: []
INFO:R0: --------------------------
INFO:R0@tkref=2.5200: Time to solve stand alone optimization problem: 0.346615076065
INFO:R0@tkref=2.5200: N of unsatisfied eq: 3
INFO:R0@tkref=2.5200: N of unsatisfied ieq: 10
INFO:R0@tkref=2.5200: Summary: Optimization terminated successfully. after 8 it.
DEBUG:R0@tkref=2.5200: $$$$$$$$ CONFLICT LIST $$$$$$$$: []
INFO:R0: --------------------------
INFO:R0@tkref=2.7000: Time to solve stand alone optimization problem: 0.475727081299
INFO:R0@tkref=2.7000: N of unsatisfied eq: 3
INFO:R0@tkref=2.7000: N of unsatisfied ieq: 8
INFO:R0@tkref=2.7000: Summary: Optimization terminated successfully. after 11 it.
DEBUG:R0@tkref=2.7000: $$$$$$$$ CONFLICT LIST $$$$$$$$: []
INFO:R0: --------------------------
INFO:R0@tkref=2.8800: Time to solve stand alone optimization problem: 0.676019191742
INFO:R0@tkref=2.8800: N of unsatisfied eq: 3
INFO:R0@tkref=2.8800: N of unsatisfied ieq: 1
INFO:R0@tkref=2.8800: Summary: Iteration limit exceeded after 16 it.
DEBUG:R0@tkref=2.8800: $$$$$$$$ CONFLICT LIST $$$$$$$$: []
INFO:R0: --------------------------
INFO:R0@tkref=3.0600: Time to solve stand alone optimization problem: 0.668407917023
INFO:R0@tkref=3.0600: N of unsatisfied eq: 3
INFO:R0@tkref=3.0600: N of unsatisfied ieq: 8
INFO:R0@tkref=3.0600: Summary: Iteration limit exceeded after 16 it.
DEBUG:R0@tkref=3.0600: $$$$$$$$ CONFLICT LIST $$$$$$$$: []
INFO:R0: --------------------------
INFO:R0@tkref=3.2400: Time to solve stand alone optimization problem: 0.546724081039
INFO:R0@tkref=3.2400: N of unsatisfied eq: 3
INFO:R0@tkref=3.2400: N of unsatisfied ieq: 7
INFO:R0@tkref=3.2400: Summary: Optimization terminated successfully. after 13 it.
DEBUG:R0@tkref=3.2400: $$$$$$$$ CONFLICT LIST $$$$$$$$: []
INFO:R0: --------------------------
INFO:R0@tkref=3.4200: Time to solve stand alone optimization problem: 0.380943059921
INFO:R0@tkref=3.4200: N of unsatisfied eq: 3
INFO:R0@tkref=3.4200: N of unsatisfied ieq: 6
INFO:R0@tkref=3.4200: Summary: Optimization terminated successfully. after 9 it.
DEBUG:R0@tkref=3.4200: $$$$$$$$ CONFLICT LIST $$$$$$$$: []
INFO:R0: --------------------------
INFO:R0@tkref=3.6000: Time to solve stand alone optimization problem: 0.324704885483
INFO:R0@tkref=3.6000: N of unsatisfied eq: 3
INFO:R0@tkref=3.6000: N of unsatisfied ieq: 7
INFO:R0@tkref=3.6000: Summary: Optimization terminated successfully. after 8 it.
DEBUG:R0@tkref=3.6000: $$$$$$$$ CONFLICT LIST $$$$$$$$: []
INFO:R0: --------------------------
INFO:R0@tkref=3.7800: Time to solve stand alone optimization problem: 0.40092086792
INFO:R0@tkref=3.7800: N of unsatisfied eq: 3
INFO:R0@tkref=3.7800: N of unsatisfied ieq: 7
INFO:R0@tkref=3.7800: Summary: Optimization terminated successfully. after 10 it.
DEBUG:R0@tkref=3.7800: $$$$$$$$ CONFLICT LIST $$$$$$$$: []
INFO:R0: --------------------------
INFO:R0@tkref=3.9600: Time to solve stand alone optimization problem: 0.378182888031
INFO:R0@tkref=3.9600: N of unsatisfied eq: 3
INFO:R0@tkref=3.9600: N of unsatisfied ieq: 6
INFO:R0@tkref=3.9600: Summary: Optimization terminated successfully. after 9 it.
DEBUG:R0@tkref=3.9600: $$$$$$$$ CONFLICT LIST $$$$$$$$: []
INFO:R0: --------------------------
INFO:R0@tkref=4.1400: Time to solve stand alone optimization problem: 0.30597615242
INFO:R0@tkref=4.1400: N of unsatisfied eq: 3
INFO:R0@tkref=4.1400: N of unsatisfied ieq: 7
INFO:R0@tkref=4.1400: Summary: Optimization terminated successfully. after 7 it.
DEBUG:R0@tkref=4.1400: $$$$$$$$ CONFLICT LIST $$$$$$$$: []
INFO:R0: --------------------------
INFO:R0@tkref=4.3200: Time to solve stand alone optimization problem: 0.39328789711
INFO:R0@tkref=4.3200: N of unsatisfied eq: 3
INFO:R0@tkref=4.3200: N of unsatisfied ieq: 8
INFO:R0@tkref=4.3200: Summary: Optimization terminated successfully. after 9 it.
DEBUG:R0@tkref=4.3200: $$$$$$$$ CONFLICT LIST $$$$$$$$: []
INFO:R0: --------------------------
INFO:R0@tkref=4.5000: Time to solve stand alone optimization problem: 0.378101825714
INFO:R0@tkref=4.5000: N of unsatisfied eq: 3
INFO:R0@tkref=4.5000: N of unsatisfied ieq: 8
INFO:R0@tkref=4.5000: Summary: Optimization terminated successfully. after 9 it.
DEBUG:R0@tkref=4.5000: $$$$$$$$ CONFLICT LIST $$$$$$$$: []
INFO:R0: --------------------------
INFO:R0@tkref=4.6800: Time to solve stand alone optimization problem: 0.273753881454
INFO:R0@tkref=4.6800: N of unsatisfied eq: 3
INFO:R0@tkref=4.6800: N of unsatisfied ieq: 8
INFO:R0@tkref=4.6800: Summary: Optimization terminated successfully. after 7 it.
DEBUG:R0@tkref=4.6800: $$$$$$$$ CONFLICT LIST $$$$$$$$: []
INFO:R0: --------------------------
INFO:R0@tkref=4.8600: Time to solve stand alone optimization problem: 0.234401941299
INFO:R0@tkref=4.8600: N of unsatisfied eq: 3
INFO:R0@tkref=4.8600: N of unsatisfied ieq: 7
INFO:R0@tkref=4.8600: Summary: Optimization terminated successfully. after 6 it.
DEBUG:R0@tkref=4.8600: $$$$$$$$ CONFLICT LIST $$$$$$$$: []
INFO:R0: --------------------------
INFO:R0@tkref=5.0400: Time to solve stand alone optimization problem: 0.294745922089
INFO:R0@tkref=5.0400: N of unsatisfied eq: 3
INFO:R0@tkref=5.0400: N of unsatisfied ieq: 6
INFO:R0@tkref=5.0400: Summary: Optimization terminated successfully. after 7 it.
DEBUG:R0@tkref=5.0400: $$$$$$$$ CONFLICT LIST $$$$$$$$: []
INFO:R0: --------------------------
INFO:R0@tkref=5.2200: Time to solve stand alone optimization problem: 0.33974313736
INFO:R0@tkref=5.2200: N of unsatisfied eq: 3
INFO:R0@tkref=5.2200: N of unsatisfied ieq: 8
INFO:R0@tkref=5.2200: Summary: Optimization terminated successfully. after 8 it.
DEBUG:R0@tkref=5.2200: $$$$$$$$ CONFLICT LIST $$$$$$$$: []
INFO:R0: --------------------------
INFO:R0@tkref=5.4000: Time to solve stand alone optimization problem: 0.0868890285492
INFO:R0@tkref=5.4000: N of unsatisfied eq: 3
INFO:R0@tkref=5.4000: N of unsatisfied ieq: 10
INFO:R0@tkref=5.4000: Summary: Optimization terminated successfully. after 2 it.
DEBUG:R0@tkref=5.4000: $$$$$$$$ CONFLICT LIST $$$$$$$$: []
INFO:R0: --------------------------
INFO:R0@tkref=5.5800: Time to solve stand alone optimization problem: 0.137362957001
INFO:R0@tkref=5.5800: N of unsatisfied eq: 3
INFO:R0@tkref=5.5800: N of unsatisfied ieq: 10
INFO:R0@tkref=5.5800: Summary: Optimization terminated successfully. after 3 it.
DEBUG:R0@tkref=5.5800: $$$$$$$$ CONFLICT LIST $$$$$$$$: []
INFO:R0: --------------------------
INFO:R0@tkref=5.7600: Time to solve stand alone optimization problem: 0.0990760326385
INFO:R0@tkref=5.7600: N of unsatisfied eq: 3
INFO:R0@tkref=5.7600: N of unsatisfied ieq: 7
INFO:R0@tkref=5.7600: Summary: Optimization terminated successfully. after 2 it.
DEBUG:R0@tkref=5.7600: $$$$$$$$ CONFLICT LIST $$$$$$$$: []
INFO:R0: --------------------------
INFO:R0@tkref=5.9400: Time to solve stand alone optimization problem: 0.0666761398315
INFO:R0@tkref=5.9400: N of unsatisfied eq: 3
INFO:R0@tkref=5.9400: N of unsatisfied ieq: 8
INFO:R0@tkref=5.9400: Summary: Optimization terminated successfully. after 1 it.
DEBUG:R0@tkref=5.9400: $$$$$$$$ CONFLICT LIST $$$$$$$$: []
INFO:R0: --------------------------
INFO:R0@tkref=6.1200: Time to solve stand alone optimization problem: 0.0970890522003
INFO:R0@tkref=6.1200: N of unsatisfied eq: 3
INFO:R0@tkref=6.1200: N of unsatisfied ieq: 9
INFO:R0@tkref=6.1200: Summary: Optimization terminated successfully. after 2 it.
DEBUG:R0@tkref=6.1200: $$$$$$$$ CONFLICT LIST $$$$$$$$: []
INFO:R0: --------------------------
INFO:R0@tkref=6.3000: Time to solve stand alone optimization problem: 0.288130998611
INFO:R0@tkref=6.3000: N of unsatisfied eq: 3
INFO:R0@tkref=6.3000: N of unsatisfied ieq: 6
INFO:R0@tkref=6.3000: Summary: Optimization terminated successfully. after 6 it.
DEBUG:R0@tkref=6.3000: $$$$$$$$ CONFLICT LIST $$$$$$$$: []
INFO:R0: --------------------------
INFO:R0@tkref=6.4800: Time to solve stand alone optimization problem: 0.0879349708557
INFO:R0@tkref=6.4800: N of unsatisfied eq: 3
INFO:R0@tkref=6.4800: N of unsatisfied ieq: 9
INFO:R0@tkref=6.4800: Summary: Optimization terminated successfully. after 2 it.
DEBUG:R0@tkref=6.4800: $$$$$$$$ CONFLICT LIST $$$$$$$$: []
INFO:R0: --------------------------
INFO:R0@tkref=6.6600: Time to solve stand alone optimization problem: 0.036171913147
INFO:R0@tkref=6.6600: N of unsatisfied eq: 3
INFO:R0@tkref=6.6600: N of unsatisfied ieq: 8
INFO:R0@tkref=6.6600: Summary: Optimization terminated successfully. after 1 it.
DEBUG:R0@tkref=6.6600: $$$$$$$$ CONFLICT LIST $$$$$$$$: []
INFO:R0: --------------------------
INFO:R0@tkref=6.8400: Time to solve stand alone optimization problem: 0.0377740859985
INFO:R0@tkref=6.8400: N of unsatisfied eq: 3
INFO:R0@tkref=6.8400: N of unsatisfied ieq: 6
INFO:R0@tkref=6.8400: Summary: Optimization terminated successfully. after 1 it.
DEBUG:R0@tkref=6.8400: $$$$$$$$ CONFLICT LIST $$$$$$$$: []
INFO:R0: --------------------------
INFO:R0@tkref=7.0200: Time to solve stand alone optimization problem: 0.0354540348053
INFO:R0@tkref=7.0200: N of unsatisfied eq: 3
INFO:R0@tkref=7.0200: N of unsatisfied ieq: 6
INFO:R0@tkref=7.0200: Summary: Optimization terminated successfully. after 1 it.
DEBUG:R0@tkref=7.0200: $$$$$$$$ CONFLICT LIST $$$$$$$$: []
INFO:R0: --------------------------
DEBUG:R0: LAST STEP
DEBUG:R0: Approx remaining dist: 0.557456719285
DEBUG:R0: Usual approx plan dist: 0.9
DEBUG:R0: Approx gain in dist: 0.342543280715
DEBUG:R0: Last step min dist: 0.5
INFO:R0: scale 0.619396354761 Ns 7 Nk 3
INFO:R0@tkref=7.2000: Time to solve stand alone optimization problem: 0.506219863892
INFO:R0@tkref=7.2000: N of unsatisfied eq: 10
INFO:R0@tkref=7.2000: N of unsatisfied ieq: 4
INFO:R0@tkref=7.2000: Summary: Iteration limit exceeded after 26 it.
DEBUG:R0@tkref=7.2000: $$$$$$$$ CONFLICT LIST $$$$$$$$: []
INFO:R0: Finished motion planning
INFO:R0: --------------------------
INFO:R0: TOT: 7.82647614453
INFO:R0: NSE: 41
INFO:R0: FIR: 1.51741194725
INFO:R0: LAS: 0.507058143616
INFO:R0: LMA: 0
INFO:R0: MAX: 0.676841020584
INFO:R0: MIN: 0.0361888408661
INFO:R0: AVG: 0.218808663197
INFO:R0: RMP: 3.76022789213
INFO:R0: RMG: 3.76022789213
