DEBUG:R0: Using Tc_p = 3.15
DEBUG:R0: Using Tc_d = 3.15
INFO:R0: Init motion planning
INFO:R0@tkref=0.0000: Time to solve stand alone optimization problem: 0.984313964844
INFO:R0@tkref=0.0000: N of unsatisfied eq: 5
INFO:R0@tkref=0.0000: N of unsatisfied ieq: 6
INFO:R0@tkref=0.0000: Summary: Iteration limit exceeded after 41 it.
DEBUG:R0@tkref=0.0000: $$$$$$$$ CONFLICT LIST $$$$$$$$: []
INFO:R0: --------------------------
INFO:R0@tkref=3.1500: Time to solve stand alone optimization problem: 0.0314919948578
INFO:R0@tkref=3.1500: N of unsatisfied eq: 3
INFO:R0@tkref=3.1500: N of unsatisfied ieq: 4
INFO:R0@tkref=3.1500: Summary: Optimization terminated successfully. after 1 it.
DEBUG:R0@tkref=3.1500: $$$$$$$$ CONFLICT LIST $$$$$$$$: []
INFO:R0: --------------------------
DEBUG:R0: LAST STEP
DEBUG:R0: Approx remaining dist: 0.864111574815
DEBUG:R0: Usual approx plan dist: 3.5
DEBUG:R0: Approx gain in dist: 2.63588842518
DEBUG:R0: Last step min dist: 0.5
INFO:R0: scale 0.246889021376 Ns 7 Nk 3
INFO:R0@tkref=6.3000: Time to solve stand alone optimization problem: 0.352046012878
INFO:R0@tkref=6.3000: N of unsatisfied eq: 10
INFO:R0@tkref=6.3000: N of unsatisfied ieq: 4
INFO:R0@tkref=6.3000: Summary: Iteration limit exceeded after 26 it.
DEBUG:R0@tkref=6.3000: $$$$$$$$ CONFLICT LIST $$$$$$$$: []
INFO:R0: Finished motion planning
INFO:R0: --------------------------
INFO:R0: TOT: 7.27112168197
INFO:R0: NSE: 3
INFO:R0: FIR: 0.986300945282
INFO:R0: LAS: 0.352736949921
INFO:R0: LMA: 1
INFO:R0: MAX: 0.0322530269623
INFO:R0: MIN: 0.0322530269623
INFO:R0: AVG: 0.0322530269623
INFO:R0: RMP: 0.0102390561785
INFO:R0: RMG: 0.111979984102
