DEBUG:R0: Using Tc_p = 2.4
DEBUG:R0: Using Tc_d = 2.4
INFO:R0: Init motion planning
INFO:R0@tkref=0.0000: Time to solve stand alone optimization problem: 0.858906984329
INFO:R0@tkref=0.0000: N of unsatisfied eq: 4
INFO:R0@tkref=0.0000: N of unsatisfied ieq: 5
INFO:R0@tkref=0.0000: Summary: Iteration limit exceeded after 41 it.
DEBUG:R0@tkref=0.0000: $$$$$$$$ CONFLICT LIST $$$$$$$$: []
INFO:R0: --------------------------
INFO:R0@tkref=2.4000: Time to solve stand alone optimization problem: 0.0220160484314
INFO:R0@tkref=2.4000: N of unsatisfied eq: 3
INFO:R0@tkref=2.4000: N of unsatisfied ieq: 4
INFO:R0@tkref=2.4000: Summary: Optimization terminated successfully. after 1 it.
DEBUG:R0@tkref=2.4000: $$$$$$$$ CONFLICT LIST $$$$$$$$: []
INFO:R0: --------------------------
DEBUG:R0: LAST STEP
DEBUG:R0: Approx remaining dist: 2.35451832802
DEBUG:R0: Usual approx plan dist: 2.4
DEBUG:R0: Approx gain in dist: 0.0454816719846
DEBUG:R0: Last step min dist: 0.5
INFO:R0: scale 0.98104930334 Ns 10 Nk 5
INFO:R0@tkref=4.8000: Time to solve stand alone optimization problem: 0.549674987793
INFO:R0@tkref=4.8000: N of unsatisfied eq: 10
INFO:R0@tkref=4.8000: N of unsatisfied ieq: 4
INFO:R0@tkref=4.8000: Summary: Iteration limit exceeded after 26 it.
DEBUG:R0@tkref=4.8000: $$$$$$$$ CONFLICT LIST $$$$$$$$: []
INFO:R0: Finished motion planning
INFO:R0: --------------------------
INFO:R0: TOT: 7.31509327132
INFO:R0: NSE: 3
INFO:R0: FIR: 0.860316991806
INFO:R0: LAS: 0.550442218781
INFO:R0: LMA: 1
INFO:R0: MAX: 0.0226640701294
INFO:R0: MIN: 0.0226640701294
INFO:R0: AVG: 0.0226640701294
INFO:R0: RMP: 0.00944336255391
INFO:R0: RMG: 0.229350924492
