DEBUG:R0: Using Tc_p = 0.51
DEBUG:R0: Using Tc_d = 0.51
INFO:R0: Init motion planning
INFO:R0@tkref=0.0000: Time to solve stand alone optimization problem: 1.55215907097
INFO:R0@tkref=0.0000: N of unsatisfied eq: 5
INFO:R0@tkref=0.0000: N of unsatisfied ieq: 9
INFO:R0@tkref=0.0000: Summary: Iteration limit exceeded after 41 it.
DEBUG:R0@tkref=0.0000: $$$$$$$$ CONFLICT LIST $$$$$$$$: []
INFO:R0: --------------------------
INFO:R0@tkref=0.5100: Time to solve stand alone optimization problem: 0.03568816185
INFO:R0@tkref=0.5100: N of unsatisfied eq: 3
INFO:R0@tkref=0.5100: N of unsatisfied ieq: 5
INFO:R0@tkref=0.5100: Summary: Optimization terminated successfully. after 1 it.
DEBUG:R0@tkref=0.5100: $$$$$$$$ CONFLICT LIST $$$$$$$$: []
INFO:R0: --------------------------
INFO:R0@tkref=1.0200: Time to solve stand alone optimization problem: 0.303838014603
INFO:R0@tkref=1.0200: N of unsatisfied eq: 3
INFO:R0@tkref=1.0200: N of unsatisfied ieq: 8
INFO:R0@tkref=1.0200: Summary: Optimization terminated successfully. after 5 it.
DEBUG:R0@tkref=1.0200: $$$$$$$$ CONFLICT LIST $$$$$$$$: []
INFO:R0: --------------------------
INFO:R0@tkref=1.5300: Time to solve stand alone optimization problem: 0.152204036713
INFO:R0@tkref=1.5300: N of unsatisfied eq: 3
INFO:R0@tkref=1.5300: N of unsatisfied ieq: 9
INFO:R0@tkref=1.5300: Summary: Optimization terminated successfully. after 3 it.
DEBUG:R0@tkref=1.5300: $$$$$$$$ CONFLICT LIST $$$$$$$$: []
INFO:R0: --------------------------
INFO:R0@tkref=2.0400: Time to solve stand alone optimization problem: 0.406994104385
INFO:R0@tkref=2.0400: N of unsatisfied eq: 2
INFO:R0@tkref=2.0400: N of unsatisfied ieq: 7
INFO:R0@tkref=2.0400: Summary: Optimization terminated successfully. after 10 it.
DEBUG:R0@tkref=2.0400: $$$$$$$$ CONFLICT LIST $$$$$$$$: []
INFO:R0: --------------------------
INFO:R0@tkref=2.5500: Time to solve stand alone optimization problem: 0.429022073746
INFO:R0@tkref=2.5500: N of unsatisfied eq: 3
INFO:R0@tkref=2.5500: N of unsatisfied ieq: 7
INFO:R0@tkref=2.5500: Summary: Optimization terminated successfully. after 8 it.
DEBUG:R0@tkref=2.5500: $$$$$$$$ CONFLICT LIST $$$$$$$$: []
INFO:R0: --------------------------
INFO:R0@tkref=3.0600: Time to solve stand alone optimization problem: 0.590695142746
INFO:R0@tkref=3.0600: N of unsatisfied eq: 3
INFO:R0@tkref=3.0600: N of unsatisfied ieq: 6
INFO:R0@tkref=3.0600: Summary: Optimization terminated successfully. after 11 it.
DEBUG:R0@tkref=3.0600: $$$$$$$$ CONFLICT LIST $$$$$$$$: []
INFO:R0: --------------------------
INFO:R0@tkref=3.5700: Time to solve stand alone optimization problem: 0.376374006271
INFO:R0@tkref=3.5700: N of unsatisfied eq: 3
INFO:R0@tkref=3.5700: N of unsatisfied ieq: 9
INFO:R0@tkref=3.5700: Summary: Optimization terminated successfully. after 7 it.
DEBUG:R0@tkref=3.5700: $$$$$$$$ CONFLICT LIST $$$$$$$$: []
INFO:R0: --------------------------
INFO:R0@tkref=4.0800: Time to solve stand alone optimization problem: 0.541473865509
INFO:R0@tkref=4.0800: N of unsatisfied eq: 3
INFO:R0@tkref=4.0800: N of unsatisfied ieq: 8
INFO:R0@tkref=4.0800: Summary: Optimization terminated successfully. after 11 it.
DEBUG:R0@tkref=4.0800: $$$$$$$$ CONFLICT LIST $$$$$$$$: []
INFO:R0: --------------------------
INFO:R0@tkref=4.5900: Time to solve stand alone optimization problem: 0.371569871902
INFO:R0@tkref=4.5900: N of unsatisfied eq: 3
INFO:R0@tkref=4.5900: N of unsatisfied ieq: 7
INFO:R0@tkref=4.5900: Summary: Optimization terminated successfully. after 7 it.
DEBUG:R0@tkref=4.5900: $$$$$$$$ CONFLICT LIST $$$$$$$$: []
INFO:R0: --------------------------
INFO:R0@tkref=5.1000: Time to solve stand alone optimization problem: 0.214598178864
INFO:R0@tkref=5.1000: N of unsatisfied eq: 3
INFO:R0@tkref=5.1000: N of unsatisfied ieq: 9
INFO:R0@tkref=5.1000: Summary: Optimization terminated successfully. after 5 it.
DEBUG:R0@tkref=5.1000: $$$$$$$$ CONFLICT LIST $$$$$$$$: []
INFO:R0: --------------------------
INFO:R0@tkref=5.6100: Time to solve stand alone optimization problem: 0.0423669815063
INFO:R0@tkref=5.6100: N of unsatisfied eq: 3
INFO:R0@tkref=5.6100: N of unsatisfied ieq: 5
INFO:R0@tkref=5.6100: Summary: Optimization terminated successfully. after 1 it.
DEBUG:R0@tkref=5.6100: $$$$$$$$ CONFLICT LIST $$$$$$$$: []
INFO:R0: --------------------------
INFO:R0@tkref=6.1200: Time to solve stand alone optimization problem: 0.0423710346222
INFO:R0@tkref=6.1200: N of unsatisfied eq: 3
INFO:R0@tkref=6.1200: N of unsatisfied ieq: 5
INFO:R0@tkref=6.1200: Summary: Optimization terminated successfully. after 1 it.
DEBUG:R0@tkref=6.1200: $$$$$$$$ CONFLICT LIST $$$$$$$$: []
INFO:R0: --------------------------
DEBUG:R0: LAST STEP
DEBUG:R0: Approx remaining dist: 0.865100305146
DEBUG:R0: Usual approx plan dist: 1.7
DEBUG:R0: Approx gain in dist: 0.834899694854
DEBUG:R0: Last step min dist: 0.5
INFO:R0: scale 0.508882532439 Ns 7 Nk 3
INFO:R0@tkref=6.6300: Time to solve stand alone optimization problem: 0.505774021149
INFO:R0@tkref=6.6300: N of unsatisfied eq: 10
INFO:R0@tkref=6.6300: N of unsatisfied ieq: 4
INFO:R0@tkref=6.6300: Summary: Iteration limit exceeded after 26 it.
DEBUG:R0@tkref=6.6300: $$$$$$$$ CONFLICT LIST $$$$$$$$: []
INFO:R0: Finished motion planning
INFO:R0: --------------------------
INFO:R0: TOT: 7.59644730557
INFO:R0: NSE: 14
INFO:R0: FIR: 1.55369091034
INFO:R0: LAS: 0.506627082825
INFO:R0: LMA: 0
INFO:R0: MAX: 0.591738939285
INFO:R0: MIN: 0.0364620685577
INFO:R0: AVG: 0.293247799079
INFO:R0: RMP: 1.16027242997
INFO:R0: RMG: 1.16027242997
