DEBUG:R0: Using Tc_p = 0.3
DEBUG:R0: Using Tc_d = 0.3
INFO:R0: Init motion planning
INFO:R0@tkref=0.0000: Time to solve stand alone optimization problem: 1.49997496605
INFO:R0@tkref=0.0000: N of unsatisfied eq: 4
INFO:R0@tkref=0.0000: N of unsatisfied ieq: 8
INFO:R0@tkref=0.0000: Summary: Iteration limit exceeded after 41 it.
DEBUG:R0@tkref=0.0000: $$$$$$$$ CONFLICT LIST $$$$$$$$: []
INFO:R0: --------------------------
INFO:R0@tkref=0.3000: Time to solve stand alone optimization problem: 0.284088134766
INFO:R0@tkref=0.3000: N of unsatisfied eq: 2
INFO:R0@tkref=0.3000: N of unsatisfied ieq: 8
INFO:R0@tkref=0.3000: Summary: Optimization terminated successfully. after 8 it.
DEBUG:R0@tkref=0.3000: $$$$$$$$ CONFLICT LIST $$$$$$$$: []
INFO:R0: --------------------------
INFO:R0@tkref=0.6000: Time to solve stand alone optimization problem: 0.251246929169
INFO:R0@tkref=0.6000: N of unsatisfied eq: 2
INFO:R0@tkref=0.6000: N of unsatisfied ieq: 7
INFO:R0@tkref=0.6000: Summary: Optimization terminated successfully. after 7 it.
DEBUG:R0@tkref=0.6000: $$$$$$$$ CONFLICT LIST $$$$$$$$: []
INFO:R0: --------------------------
INFO:R0@tkref=0.9000: Time to solve stand alone optimization problem: 0.28879904747
INFO:R0@tkref=0.9000: N of unsatisfied eq: 2
INFO:R0@tkref=0.9000: N of unsatisfied ieq: 6
INFO:R0@tkref=0.9000: Summary: Optimization terminated successfully. after 8 it.
DEBUG:R0@tkref=0.9000: $$$$$$$$ CONFLICT LIST $$$$$$$$: []
INFO:R0: --------------------------
INFO:R0@tkref=1.2000: Time to solve stand alone optimization problem: 0.342894077301
INFO:R0@tkref=1.2000: N of unsatisfied eq: 2
INFO:R0@tkref=1.2000: N of unsatisfied ieq: 8
INFO:R0@tkref=1.2000: Summary: Optimization terminated successfully. after 8 it.
DEBUG:R0@tkref=1.2000: $$$$$$$$ CONFLICT LIST $$$$$$$$: []
INFO:R0: --------------------------
INFO:R0@tkref=1.5000: Time to solve stand alone optimization problem: 0.250934839249
INFO:R0@tkref=1.5000: N of unsatisfied eq: 2
INFO:R0@tkref=1.5000: N of unsatisfied ieq: 7
INFO:R0@tkref=1.5000: Summary: Optimization terminated successfully. after 6 it.
DEBUG:R0@tkref=1.5000: $$$$$$$$ CONFLICT LIST $$$$$$$$: []
INFO:R0: --------------------------
INFO:R0@tkref=1.8000: Time to solve stand alone optimization problem: 0.250725030899
INFO:R0@tkref=1.8000: N of unsatisfied eq: 2
INFO:R0@tkref=1.8000: N of unsatisfied ieq: 6
INFO:R0@tkref=1.8000: Summary: Optimization terminated successfully. after 6 it.
DEBUG:R0@tkref=1.8000: $$$$$$$$ CONFLICT LIST $$$$$$$$: []
INFO:R0: --------------------------
INFO:R0@tkref=2.1000: Time to solve stand alone optimization problem: 0.248298883438
INFO:R0@tkref=2.1000: N of unsatisfied eq: 2
INFO:R0@tkref=2.1000: N of unsatisfied ieq: 5
INFO:R0@tkref=2.1000: Summary: Optimization terminated successfully. after 6 it.
DEBUG:R0@tkref=2.1000: $$$$$$$$ CONFLICT LIST $$$$$$$$: []
INFO:R0: --------------------------
INFO:R0@tkref=2.4000: Time to solve stand alone optimization problem: 0.249146938324
INFO:R0@tkref=2.4000: N of unsatisfied eq: 3
INFO:R0@tkref=2.4000: N of unsatisfied ieq: 7
INFO:R0@tkref=2.4000: Summary: Optimization terminated successfully. after 6 it.
DEBUG:R0@tkref=2.4000: $$$$$$$$ CONFLICT LIST $$$$$$$$: []
INFO:R0: --------------------------
INFO:R0@tkref=2.7000: Time to solve stand alone optimization problem: 0.294599056244
INFO:R0@tkref=2.7000: N of unsatisfied eq: 3
INFO:R0@tkref=2.7000: N of unsatisfied ieq: 7
INFO:R0@tkref=2.7000: Summary: Optimization terminated successfully. after 7 it.
DEBUG:R0@tkref=2.7000: $$$$$$$$ CONFLICT LIST $$$$$$$$: []
INFO:R0: --------------------------
INFO:R0@tkref=3.0000: Time to solve stand alone optimization problem: 0.32720708847
INFO:R0@tkref=3.0000: N of unsatisfied eq: 3
INFO:R0@tkref=3.0000: N of unsatisfied ieq: 6
INFO:R0@tkref=3.0000: Summary: Optimization terminated successfully. after 8 it.
DEBUG:R0@tkref=3.0000: $$$$$$$$ CONFLICT LIST $$$$$$$$: []
INFO:R0: --------------------------
INFO:R0@tkref=3.3000: Time to solve stand alone optimization problem: 0.328401088715
INFO:R0@tkref=3.3000: N of unsatisfied eq: 3
INFO:R0@tkref=3.3000: N of unsatisfied ieq: 5
INFO:R0@tkref=3.3000: Summary: Optimization terminated successfully. after 8 it.
DEBUG:R0@tkref=3.3000: $$$$$$$$ CONFLICT LIST $$$$$$$$: []
INFO:R0: --------------------------
INFO:R0@tkref=3.6000: Time to solve stand alone optimization problem: 0.283490180969
INFO:R0@tkref=3.6000: N of unsatisfied eq: 3
INFO:R0@tkref=3.6000: N of unsatisfied ieq: 7
INFO:R0@tkref=3.6000: Summary: Optimization terminated successfully. after 7 it.
DEBUG:R0@tkref=3.6000: $$$$$$$$ CONFLICT LIST $$$$$$$$: []
INFO:R0: --------------------------
INFO:R0@tkref=3.9000: Time to solve stand alone optimization problem: 0.247044086456
INFO:R0@tkref=3.9000: N of unsatisfied eq: 2
INFO:R0@tkref=3.9000: N of unsatisfied ieq: 5
INFO:R0@tkref=3.9000: Summary: Optimization terminated successfully. after 6 it.
DEBUG:R0@tkref=3.9000: $$$$$$$$ CONFLICT LIST $$$$$$$$: []
INFO:R0: --------------------------
INFO:R0@tkref=4.2000: Time to solve stand alone optimization problem: 0.207860946655
INFO:R0@tkref=4.2000: N of unsatisfied eq: 3
INFO:R0@tkref=4.2000: N of unsatisfied ieq: 5
INFO:R0@tkref=4.2000: Summary: Optimization terminated successfully. after 5 it.
DEBUG:R0@tkref=4.2000: $$$$$$$$ CONFLICT LIST $$$$$$$$: []
INFO:R0: --------------------------
INFO:R0@tkref=4.5000: Time to solve stand alone optimization problem: 0.206227064133
INFO:R0@tkref=4.5000: N of unsatisfied eq: 3
INFO:R0@tkref=4.5000: N of unsatisfied ieq: 6
INFO:R0@tkref=4.5000: Summary: Optimization terminated successfully. after 5 it.
DEBUG:R0@tkref=4.5000: $$$$$$$$ CONFLICT LIST $$$$$$$$: []
INFO:R0: --------------------------
INFO:R0@tkref=4.8000: Time to solve stand alone optimization problem: 0.290006160736
INFO:R0@tkref=4.8000: N of unsatisfied eq: 3
INFO:R0@tkref=4.8000: N of unsatisfied ieq: 6
INFO:R0@tkref=4.8000: Summary: Optimization terminated successfully. after 7 it.
DEBUG:R0@tkref=4.8000: $$$$$$$$ CONFLICT LIST $$$$$$$$: []
INFO:R0: --------------------------
INFO:R0@tkref=5.1000: Time to solve stand alone optimization problem: 0.131175994873
INFO:R0@tkref=5.1000: N of unsatisfied eq: 3
INFO:R0@tkref=5.1000: N of unsatisfied ieq: 6
INFO:R0@tkref=5.1000: Summary: Optimization terminated successfully. after 3 it.
DEBUG:R0@tkref=5.1000: $$$$$$$$ CONFLICT LIST $$$$$$$$: []
INFO:R0: --------------------------
INFO:R0@tkref=5.4000: Time to solve stand alone optimization problem: 0.125327825546
INFO:R0@tkref=5.4000: N of unsatisfied eq: 3
INFO:R0@tkref=5.4000: N of unsatisfied ieq: 6
INFO:R0@tkref=5.4000: Summary: Optimization terminated successfully. after 3 it.
DEBUG:R0@tkref=5.4000: $$$$$$$$ CONFLICT LIST $$$$$$$$: []
INFO:R0: --------------------------
INFO:R0@tkref=5.7000: Time to solve stand alone optimization problem: 0.126538038254
INFO:R0@tkref=5.7000: N of unsatisfied eq: 3
INFO:R0@tkref=5.7000: N of unsatisfied ieq: 6
INFO:R0@tkref=5.7000: Summary: Optimization terminated successfully. after 3 it.
DEBUG:R0@tkref=5.7000: $$$$$$$$ CONFLICT LIST $$$$$$$$: []
INFO:R0: --------------------------
INFO:R0@tkref=6.0000: Time to solve stand alone optimization problem: 0.0849690437317
INFO:R0@tkref=6.0000: N of unsatisfied eq: 3
INFO:R0@tkref=6.0000: N of unsatisfied ieq: 6
INFO:R0@tkref=6.0000: Summary: Optimization terminated successfully. after 2 it.
DEBUG:R0@tkref=6.0000: $$$$$$$$ CONFLICT LIST $$$$$$$$: []
INFO:R0: --------------------------
INFO:R0@tkref=6.3000: Time to solve stand alone optimization problem: 0.0864670276642
INFO:R0@tkref=6.3000: N of unsatisfied eq: 3
INFO:R0@tkref=6.3000: N of unsatisfied ieq: 6
INFO:R0@tkref=6.3000: Summary: Optimization terminated successfully. after 2 it.
DEBUG:R0@tkref=6.3000: $$$$$$$$ CONFLICT LIST $$$$$$$$: []
INFO:R0: --------------------------
INFO:R0@tkref=6.6000: Time to solve stand alone optimization problem: 0.0732429027557
INFO:R0@tkref=6.6000: N of unsatisfied eq: 3
INFO:R0@tkref=6.6000: N of unsatisfied ieq: 6
INFO:R0@tkref=6.6000: Summary: Optimization terminated successfully. after 2 it.
DEBUG:R0@tkref=6.6000: $$$$$$$$ CONFLICT LIST $$$$$$$$: []
INFO:R0: --------------------------
DEBUG:R0: LAST STEP
DEBUG:R0: Approx remaining dist: 0.700653749583
DEBUG:R0: Usual approx plan dist: 3.3
DEBUG:R0: Approx gain in dist: 2.59934625042
DEBUG:R0: Last step min dist: 0.5
INFO:R0: scale 0.212319318055 Ns 7 Nk 3
INFO:R0@tkref=6.9000: Time to solve stand alone optimization problem: 0.495759010315
INFO:R0@tkref=6.9000: N of unsatisfied eq: 10
INFO:R0@tkref=6.9000: N of unsatisfied ieq: 4
INFO:R0@tkref=6.9000: Summary: Iteration limit exceeded after 26 it.
DEBUG:R0@tkref=6.9000: $$$$$$$$ CONFLICT LIST $$$$$$$$: []
INFO:R0: Finished motion planning
INFO:R0: --------------------------
INFO:R0: TOT: 7.68294091471
INFO:R0: NSE: 24
INFO:R0: FIR: 1.50141310692
INFO:R0: LAS: 0.496831893921
INFO:R0: LMA: 1
INFO:R0: MAX: 0.343729972839
INFO:R0: MIN: 0.0740580558777
INFO:R0: AVG: 0.227166446772
INFO:R0: RMP: 1.14576657613
INFO:R0: RMG: 1.65610631307
