DEBUG:R0: Using Tc_p = 0.33
DEBUG:R0: Using Tc_d = 0.33
INFO:R0: Init motion planning
INFO:R0@tkref=0.0000: Time to solve stand alone optimization problem: 0.9894490242
INFO:R0@tkref=0.0000: N of unsatisfied eq: 4
INFO:R0@tkref=0.0000: N of unsatisfied ieq: 6
INFO:R0@tkref=0.0000: Summary: Iteration limit exceeded after 41 it.
DEBUG:R0@tkref=0.0000: $$$$$$$$ CONFLICT LIST $$$$$$$$: []
INFO:R0: --------------------------
INFO:R0@tkref=0.3300: Time to solve stand alone optimization problem: 0.146176099777
INFO:R0@tkref=0.3300: N of unsatisfied eq: 3
INFO:R0@tkref=0.3300: N of unsatisfied ieq: 7
INFO:R0@tkref=0.3300: Summary: Optimization terminated successfully. after 6 it.
DEBUG:R0@tkref=0.3300: $$$$$$$$ CONFLICT LIST $$$$$$$$: []
INFO:R0: --------------------------
INFO:R0@tkref=0.6600: Time to solve stand alone optimization problem: 0.0495021343231
INFO:R0@tkref=0.6600: N of unsatisfied eq: 3
INFO:R0@tkref=0.6600: N of unsatisfied ieq: 9
INFO:R0@tkref=0.6600: Summary: Optimization terminated successfully. after 2 it.
DEBUG:R0@tkref=0.6600: $$$$$$$$ CONFLICT LIST $$$$$$$$: []
INFO:R0: --------------------------
INFO:R0@tkref=0.9900: Time to solve stand alone optimization problem: 0.0494120121002
INFO:R0@tkref=0.9900: N of unsatisfied eq: 3
INFO:R0@tkref=0.9900: N of unsatisfied ieq: 9
INFO:R0@tkref=0.9900: Summary: Optimization terminated successfully. after 2 it.
DEBUG:R0@tkref=0.9900: $$$$$$$$ CONFLICT LIST $$$$$$$$: []
INFO:R0: --------------------------
INFO:R0@tkref=1.3200: Time to solve stand alone optimization problem: 0.074863910675
INFO:R0@tkref=1.3200: N of unsatisfied eq: 4
INFO:R0@tkref=1.3200: N of unsatisfied ieq: 9
INFO:R0@tkref=1.3200: Summary: Optimization terminated successfully. after 3 it.
DEBUG:R0@tkref=1.3200: $$$$$$$$ CONFLICT LIST $$$$$$$$: []
INFO:R0: --------------------------
INFO:R0@tkref=1.6500: Time to solve stand alone optimization problem: 0.0263810157776
INFO:R0@tkref=1.6500: N of unsatisfied eq: 4
INFO:R0@tkref=1.6500: N of unsatisfied ieq: 6
INFO:R0@tkref=1.6500: Summary: Optimization terminated successfully. after 1 it.
DEBUG:R0@tkref=1.6500: $$$$$$$$ CONFLICT LIST $$$$$$$$: []
INFO:R0: --------------------------
INFO:R0@tkref=1.9800: Time to solve stand alone optimization problem: 0.0240697860718
INFO:R0@tkref=1.9800: N of unsatisfied eq: 5
INFO:R0@tkref=1.9800: N of unsatisfied ieq: 6
INFO:R0@tkref=1.9800: Summary: Optimization terminated successfully. after 1 it.
DEBUG:R0@tkref=1.9800: $$$$$$$$ CONFLICT LIST $$$$$$$$: []
INFO:R0: --------------------------
INFO:R0@tkref=2.3100: Time to solve stand alone optimization problem: 0.0238749980927
INFO:R0@tkref=2.3100: N of unsatisfied eq: 4
INFO:R0@tkref=2.3100: N of unsatisfied ieq: 6
INFO:R0@tkref=2.3100: Summary: Optimization terminated successfully. after 1 it.
DEBUG:R0@tkref=2.3100: $$$$$$$$ CONFLICT LIST $$$$$$$$: []
INFO:R0: --------------------------
INFO:R0@tkref=2.6400: Time to solve stand alone optimization problem: 0.0236608982086
INFO:R0@tkref=2.6400: N of unsatisfied eq: 4
INFO:R0@tkref=2.6400: N of unsatisfied ieq: 6
INFO:R0@tkref=2.6400: Summary: Optimization terminated successfully. after 1 it.
DEBUG:R0@tkref=2.6400: $$$$$$$$ CONFLICT LIST $$$$$$$$: []
INFO:R0: --------------------------
INFO:R0@tkref=2.9700: Time to solve stand alone optimization problem: 0.0236549377441
INFO:R0@tkref=2.9700: N of unsatisfied eq: 3
INFO:R0@tkref=2.9700: N of unsatisfied ieq: 6
INFO:R0@tkref=2.9700: Summary: Optimization terminated successfully. after 1 it.
DEBUG:R0@tkref=2.9700: $$$$$$$$ CONFLICT LIST $$$$$$$$: []
INFO:R0: --------------------------
INFO:R0@tkref=3.3000: Time to solve stand alone optimization problem: 0.0239379405975
INFO:R0@tkref=3.3000: N of unsatisfied eq: 4
INFO:R0@tkref=3.3000: N of unsatisfied ieq: 6
INFO:R0@tkref=3.3000: Summary: Optimization terminated successfully. after 1 it.
DEBUG:R0@tkref=3.3000: $$$$$$$$ CONFLICT LIST $$$$$$$$: []
INFO:R0: --------------------------
INFO:R0@tkref=3.6300: Time to solve stand alone optimization problem: 0.0239109992981
INFO:R0@tkref=3.6300: N of unsatisfied eq: 3
INFO:R0@tkref=3.6300: N of unsatisfied ieq: 7
INFO:R0@tkref=3.6300: Summary: Optimization terminated successfully. after 1 it.
DEBUG:R0@tkref=3.6300: $$$$$$$$ CONFLICT LIST $$$$$$$$: []
INFO:R0: --------------------------
INFO:R0@tkref=3.9600: Time to solve stand alone optimization problem: 0.0241658687592
INFO:R0@tkref=3.9600: N of unsatisfied eq: 4
INFO:R0@tkref=3.9600: N of unsatisfied ieq: 8
INFO:R0@tkref=3.9600: Summary: Optimization terminated successfully. after 1 it.
DEBUG:R0@tkref=3.9600: $$$$$$$$ CONFLICT LIST $$$$$$$$: []
INFO:R0: --------------------------
INFO:R0@tkref=4.2900: Time to solve stand alone optimization problem: 0.0240762233734
INFO:R0@tkref=4.2900: N of unsatisfied eq: 5
INFO:R0@tkref=4.2900: N of unsatisfied ieq: 5
INFO:R0@tkref=4.2900: Summary: Optimization terminated successfully. after 1 it.
DEBUG:R0@tkref=4.2900: $$$$$$$$ CONFLICT LIST $$$$$$$$: []
INFO:R0: --------------------------
INFO:R0@tkref=4.6200: Time to solve stand alone optimization problem: 0.0242400169373
INFO:R0@tkref=4.6200: N of unsatisfied eq: 3
INFO:R0@tkref=4.6200: N of unsatisfied ieq: 8
INFO:R0@tkref=4.6200: Summary: Optimization terminated successfully. after 1 it.
DEBUG:R0@tkref=4.6200: $$$$$$$$ CONFLICT LIST $$$$$$$$: []
INFO:R0: --------------------------
INFO:R0@tkref=4.9500: Time to solve stand alone optimization problem: 0.0241820812225
INFO:R0@tkref=4.9500: N of unsatisfied eq: 3
INFO:R0@tkref=4.9500: N of unsatisfied ieq: 5
INFO:R0@tkref=4.9500: Summary: Optimization terminated successfully. after 1 it.
DEBUG:R0@tkref=4.9500: $$$$$$$$ CONFLICT LIST $$$$$$$$: []
INFO:R0: --------------------------
INFO:R0@tkref=5.2800: Time to solve stand alone optimization problem: 0.0242199897766
INFO:R0@tkref=5.2800: N of unsatisfied eq: 5
INFO:R0@tkref=5.2800: N of unsatisfied ieq: 7
INFO:R0@tkref=5.2800: Summary: Optimization terminated successfully. after 1 it.
DEBUG:R0@tkref=5.2800: $$$$$$$$ CONFLICT LIST $$$$$$$$: []
INFO:R0: --------------------------
INFO:R0@tkref=5.6100: Time to solve stand alone optimization problem: 0.0238931179047
INFO:R0@tkref=5.6100: N of unsatisfied eq: 4
INFO:R0@tkref=5.6100: N of unsatisfied ieq: 5
INFO:R0@tkref=5.6100: Summary: Optimization terminated successfully. after 1 it.
DEBUG:R0@tkref=5.6100: $$$$$$$$ CONFLICT LIST $$$$$$$$: []
INFO:R0: --------------------------
INFO:R0@tkref=5.9400: Time to solve stand alone optimization problem: 0.0241379737854
INFO:R0@tkref=5.9400: N of unsatisfied eq: 2
INFO:R0@tkref=5.9400: N of unsatisfied ieq: 7
INFO:R0@tkref=5.9400: Summary: Optimization terminated successfully. after 1 it.
DEBUG:R0@tkref=5.9400: $$$$$$$$ CONFLICT LIST $$$$$$$$: []
INFO:R0: --------------------------
INFO:R0@tkref=6.2700: Time to solve stand alone optimization problem: 0.0241639614105
INFO:R0@tkref=6.2700: N of unsatisfied eq: 4
INFO:R0@tkref=6.2700: N of unsatisfied ieq: 6
INFO:R0@tkref=6.2700: Summary: Optimization terminated successfully. after 1 it.
DEBUG:R0@tkref=6.2700: $$$$$$$$ CONFLICT LIST $$$$$$$$: []
INFO:R0: --------------------------
DEBUG:R0: LAST STEP
DEBUG:R0: Approx remaining dist: 0.53681141761
DEBUG:R0: Usual approx plan dist: 3.3
DEBUG:R0: Approx gain in dist: 2.76318858239
DEBUG:R0: Last step min dist: 0.5
INFO:R0: scale 0.162670126548 Ns 7 Nk 3
INFO:R0@tkref=6.6000: Time to solve stand alone optimization problem: 0.357784986496
INFO:R0@tkref=6.6000: N of unsatisfied eq: 10
INFO:R0@tkref=6.6000: N of unsatisfied ieq: 4
INFO:R0@tkref=6.6000: Summary: Iteration limit exceeded after 26 it.
DEBUG:R0@tkref=6.6000: $$$$$$$$ CONFLICT LIST $$$$$$$$: []
INFO:R0: Finished motion planning
INFO:R0: --------------------------
INFO:R0: TOT: 7.20327361091
INFO:R0: NSE: 21
INFO:R0: FIR: 0.990802049637
INFO:R0: LAS: 0.358561038971
INFO:R0: LMA: 1
INFO:R0: MAX: 0.146928071976
INFO:R0: MIN: 0.0243141651154
INFO:R0: AVG: 0.036594604191
INFO:R0: RMP: 0.445236581745
INFO:R0: RMG: 1.08654860294
