DEBUG:R0: Using Tc_p = 3.05454545455
DEBUG:R0: Using Tc_d = 3.05454545455
INFO:R0: Init motion planning
INFO:R0@tkref=0.0000: Time to solve stand alone optimization problem: 2.76881313324
INFO:R0@tkref=0.0000: N of unsatisfied eq: 5
INFO:R0@tkref=0.0000: N of unsatisfied ieq: 7
INFO:R0@tkref=0.0000: Summary: Iteration limit exceeded after 41 it.
DEBUG:R0@tkref=0.0000: $$$$$$$$ CONFLICT LIST $$$$$$$$: []
INFO:R0: --------------------------
INFO:R0@tkref=3.0545: Time to solve stand alone optimization problem: 0.806157827377
INFO:R0@tkref=3.0545: N of unsatisfied eq: 3
INFO:R0@tkref=3.0545: N of unsatisfied ieq: 6
INFO:R0@tkref=3.0545: Summary: Optimization terminated successfully. after 12 it.
DEBUG:R0@tkref=3.0545: $$$$$$$$ CONFLICT LIST $$$$$$$$: []
INFO:R0: --------------------------
DEBUG:R0: LAST STEP
DEBUG:R0: Approx remaining dist: 1.70465141731
DEBUG:R0: Usual approx plan dist: 4.8
DEBUG:R0: Approx gain in dist: 3.09534858269
DEBUG:R0: Last step min dist: 0.5
INFO:R0: scale 0.355135711939 Ns 7 Nk 3
INFO:R0@tkref=6.1091: Time to solve stand alone optimization problem: 0.766885042191
INFO:R0@tkref=6.1091: N of unsatisfied eq: 10
INFO:R0@tkref=6.1091: N of unsatisfied ieq: 3
INFO:R0@tkref=6.1091: Summary: Iteration limit exceeded after 26 it.
DEBUG:R0@tkref=6.1091: $$$$$$$$ CONFLICT LIST $$$$$$$$: []
INFO:R0: Finished motion planning
INFO:R0: --------------------------
INFO:R0: TOT: 8.0261172535
INFO:R0: NSE: 3
INFO:R0: FIR: 2.77012300491
INFO:R0: LAS: 0.767745018005
INFO:R0: LMA: 0
INFO:R0: MAX: 0.807016134262
INFO:R0: MIN: 0.807016134262
INFO:R0: AVG: 0.807016134262
INFO:R0: RMP: 0.264201710622
INFO:R0: RMG: 0.264201710622
