DEBUG:R0: Using Tc_p = 0.433333333333
DEBUG:R0: Using Tc_d = 0.433333333333
INFO:R0: Init motion planning
INFO:R0@tkref=0.0000: Time to solve stand alone optimization problem: 0.863156080246
INFO:R0@tkref=0.0000: N of unsatisfied eq: 5
INFO:R0@tkref=0.0000: N of unsatisfied ieq: 5
INFO:R0@tkref=0.0000: Summary: Iteration limit exceeded after 41 it.
DEBUG:R0@tkref=0.0000: $$$$$$$$ CONFLICT LIST $$$$$$$$: []
INFO:R0: --------------------------
INFO:R0@tkref=0.4333: Time to solve stand alone optimization problem: 0.127724885941
INFO:R0@tkref=0.4333: N of unsatisfied eq: 3
INFO:R0@tkref=0.4333: N of unsatisfied ieq: 6
INFO:R0@tkref=0.4333: Summary: Optimization terminated successfully. after 6 it.
DEBUG:R0@tkref=0.4333: $$$$$$$$ CONFLICT LIST $$$$$$$$: []
INFO:R0: --------------------------
INFO:R0@tkref=0.8667: Time to solve stand alone optimization problem: 0.022087097168
INFO:R0@tkref=0.8667: N of unsatisfied eq: 3
INFO:R0@tkref=0.8667: N of unsatisfied ieq: 6
INFO:R0@tkref=0.8667: Summary: Optimization terminated successfully. after 1 it.
DEBUG:R0@tkref=0.8667: $$$$$$$$ CONFLICT LIST $$$$$$$$: []
INFO:R0: --------------------------
INFO:R0@tkref=1.3000: Time to solve stand alone optimization problem: 0.0220758914948
INFO:R0@tkref=1.3000: N of unsatisfied eq: 3
INFO:R0@tkref=1.3000: N of unsatisfied ieq: 6
INFO:R0@tkref=1.3000: Summary: Optimization terminated successfully. after 1 it.
DEBUG:R0@tkref=1.3000: $$$$$$$$ CONFLICT LIST $$$$$$$$: []
INFO:R0: --------------------------
INFO:R0@tkref=1.7333: Time to solve stand alone optimization problem: 0.0635240077972
INFO:R0@tkref=1.7333: N of unsatisfied eq: 3
INFO:R0@tkref=1.7333: N of unsatisfied ieq: 8
INFO:R0@tkref=1.7333: Summary: Optimization terminated successfully. after 3 it.
DEBUG:R0@tkref=1.7333: $$$$$$$$ CONFLICT LIST $$$$$$$$: []
INFO:R0: --------------------------
INFO:R0@tkref=2.1667: Time to solve stand alone optimization problem: 0.0423710346222
INFO:R0@tkref=2.1667: N of unsatisfied eq: 3
INFO:R0@tkref=2.1667: N of unsatisfied ieq: 6
INFO:R0@tkref=2.1667: Summary: Optimization terminated successfully. after 2 it.
DEBUG:R0@tkref=2.1667: $$$$$$$$ CONFLICT LIST $$$$$$$$: []
INFO:R0: --------------------------
INFO:R0@tkref=2.6000: Time to solve stand alone optimization problem: 0.0225739479065
INFO:R0@tkref=2.6000: N of unsatisfied eq: 3
INFO:R0@tkref=2.6000: N of unsatisfied ieq: 7
INFO:R0@tkref=2.6000: Summary: Optimization terminated successfully. after 1 it.
DEBUG:R0@tkref=2.6000: $$$$$$$$ CONFLICT LIST $$$$$$$$: []
INFO:R0: --------------------------
INFO:R0@tkref=3.0333: Time to solve stand alone optimization problem: 0.0220770835876
INFO:R0@tkref=3.0333: N of unsatisfied eq: 3
INFO:R0@tkref=3.0333: N of unsatisfied ieq: 4
INFO:R0@tkref=3.0333: Summary: Optimization terminated successfully. after 1 it.
DEBUG:R0@tkref=3.0333: $$$$$$$$ CONFLICT LIST $$$$$$$$: []
INFO:R0: --------------------------
INFO:R0@tkref=3.4667: Time to solve stand alone optimization problem: 0.0207889080048
INFO:R0@tkref=3.4667: N of unsatisfied eq: 4
INFO:R0@tkref=3.4667: N of unsatisfied ieq: 5
INFO:R0@tkref=3.4667: Summary: Optimization terminated successfully. after 1 it.
DEBUG:R0@tkref=3.4667: $$$$$$$$ CONFLICT LIST $$$$$$$$: []
INFO:R0: --------------------------
INFO:R0@tkref=3.9000: Time to solve stand alone optimization problem: 0.0209541320801
INFO:R0@tkref=3.9000: N of unsatisfied eq: 4
INFO:R0@tkref=3.9000: N of unsatisfied ieq: 5
INFO:R0@tkref=3.9000: Summary: Optimization terminated successfully. after 1 it.
DEBUG:R0@tkref=3.9000: $$$$$$$$ CONFLICT LIST $$$$$$$$: []
INFO:R0: --------------------------
INFO:R0@tkref=4.3333: Time to solve stand alone optimization problem: 0.0209767818451
INFO:R0@tkref=4.3333: N of unsatisfied eq: 5
INFO:R0@tkref=4.3333: N of unsatisfied ieq: 7
INFO:R0@tkref=4.3333: Summary: Optimization terminated successfully. after 1 it.
DEBUG:R0@tkref=4.3333: $$$$$$$$ CONFLICT LIST $$$$$$$$: []
INFO:R0: --------------------------
INFO:R0@tkref=4.7667: Time to solve stand alone optimization problem: 0.0210199356079
INFO:R0@tkref=4.7667: N of unsatisfied eq: 4
INFO:R0@tkref=4.7667: N of unsatisfied ieq: 6
INFO:R0@tkref=4.7667: Summary: Optimization terminated successfully. after 1 it.
DEBUG:R0@tkref=4.7667: $$$$$$$$ CONFLICT LIST $$$$$$$$: []
INFO:R0: --------------------------
INFO:R0@tkref=5.2000: Time to solve stand alone optimization problem: 0.0211508274078
INFO:R0@tkref=5.2000: N of unsatisfied eq: 3
INFO:R0@tkref=5.2000: N of unsatisfied ieq: 6
INFO:R0@tkref=5.2000: Summary: Optimization terminated successfully. after 1 it.
DEBUG:R0@tkref=5.2000: $$$$$$$$ CONFLICT LIST $$$$$$$$: []
INFO:R0: --------------------------
INFO:R0@tkref=5.6333: Time to solve stand alone optimization problem: 0.0210070610046
INFO:R0@tkref=5.6333: N of unsatisfied eq: 3
INFO:R0@tkref=5.6333: N of unsatisfied ieq: 6
INFO:R0@tkref=5.6333: Summary: Optimization terminated successfully. after 1 it.
DEBUG:R0@tkref=5.6333: $$$$$$$$ CONFLICT LIST $$$$$$$$: []
INFO:R0: --------------------------
INFO:R0@tkref=6.0667: Time to solve stand alone optimization problem: 0.0208051204681
INFO:R0@tkref=6.0667: N of unsatisfied eq: 4
INFO:R0@tkref=6.0667: N of unsatisfied ieq: 6
INFO:R0@tkref=6.0667: Summary: Optimization terminated successfully. after 1 it.
DEBUG:R0@tkref=6.0667: $$$$$$$$ CONFLICT LIST $$$$$$$$: []
INFO:R0: --------------------------
DEBUG:R0: LAST STEP
DEBUG:R0: Approx remaining dist: 0.680850215045
DEBUG:R0: Usual approx plan dist: 3.9
DEBUG:R0: Approx gain in dist: 3.21914978495
DEBUG:R0: Last step min dist: 0.5
INFO:R0: scale 0.174576978217 Ns 7 Nk 3
INFO:R0@tkref=6.5000: Time to solve stand alone optimization problem: 0.36451292038
INFO:R0@tkref=6.5000: N of unsatisfied eq: 10
INFO:R0@tkref=6.5000: N of unsatisfied ieq: 4
INFO:R0@tkref=6.5000: Summary: Iteration limit exceeded after 26 it.
DEBUG:R0@tkref=6.5000: $$$$$$$$ CONFLICT LIST $$$$$$$$: []
INFO:R0: Finished motion planning
INFO:R0: --------------------------
INFO:R0: TOT: 7.2651546075
INFO:R0: NSE: 16
INFO:R0: FIR: 0.864361047745
INFO:R0: LAS: 0.365257024765
INFO:R0: LMA: 1
INFO:R0: MAX: 0.128393888474
INFO:R0: MIN: 0.0214490890503
INFO:R0: AVG: 0.0341758898326
INFO:R0: RMP: 0.296293588785
INFO:R0: RMG: 0.842900826381
