DEBUG:R0: Using Tc_p = 0.3
DEBUG:R0: Using Tc_d = 0.3
INFO:R0: Init motion planning
INFO:R0@tkref=0.0000: Time to solve stand alone optimization problem: 1.5013589859
INFO:R0@tkref=0.0000: N of unsatisfied eq: 4
INFO:R0@tkref=0.0000: N of unsatisfied ieq: 8
INFO:R0@tkref=0.0000: Summary: Iteration limit exceeded after 41 it.
DEBUG:R0@tkref=0.0000: $$$$$$$$ CONFLICT LIST $$$$$$$$: []
INFO:R0: --------------------------
INFO:R0@tkref=0.3000: Time to solve stand alone optimization problem: 0.285062074661
INFO:R0@tkref=0.3000: N of unsatisfied eq: 2
INFO:R0@tkref=0.3000: N of unsatisfied ieq: 8
INFO:R0@tkref=0.3000: Summary: Optimization terminated successfully. after 8 it.
DEBUG:R0@tkref=0.3000: $$$$$$$$ CONFLICT LIST $$$$$$$$: []
INFO:R0: --------------------------
INFO:R0@tkref=0.6000: Time to solve stand alone optimization problem: 0.24881696701
INFO:R0@tkref=0.6000: N of unsatisfied eq: 2
INFO:R0@tkref=0.6000: N of unsatisfied ieq: 7
INFO:R0@tkref=0.6000: Summary: Optimization terminated successfully. after 7 it.
DEBUG:R0@tkref=0.6000: $$$$$$$$ CONFLICT LIST $$$$$$$$: []
INFO:R0: --------------------------
INFO:R0@tkref=0.9000: Time to solve stand alone optimization problem: 0.290589094162
INFO:R0@tkref=0.9000: N of unsatisfied eq: 2
INFO:R0@tkref=0.9000: N of unsatisfied ieq: 6
INFO:R0@tkref=0.9000: Summary: Optimization terminated successfully. after 8 it.
DEBUG:R0@tkref=0.9000: $$$$$$$$ CONFLICT LIST $$$$$$$$: []
INFO:R0: --------------------------
INFO:R0@tkref=1.2000: Time to solve stand alone optimization problem: 0.345434904099
INFO:R0@tkref=1.2000: N of unsatisfied eq: 2
INFO:R0@tkref=1.2000: N of unsatisfied ieq: 8
INFO:R0@tkref=1.2000: Summary: Optimization terminated successfully. after 8 it.
DEBUG:R0@tkref=1.2000: $$$$$$$$ CONFLICT LIST $$$$$$$$: []
INFO:R0: --------------------------
INFO:R0@tkref=1.5000: Time to solve stand alone optimization problem: 0.250633955002
INFO:R0@tkref=1.5000: N of unsatisfied eq: 2
INFO:R0@tkref=1.5000: N of unsatisfied ieq: 7
INFO:R0@tkref=1.5000: Summary: Optimization terminated successfully. after 6 it.
DEBUG:R0@tkref=1.5000: $$$$$$$$ CONFLICT LIST $$$$$$$$: []
INFO:R0: --------------------------
INFO:R0@tkref=1.8000: Time to solve stand alone optimization problem: 0.253617048264
INFO:R0@tkref=1.8000: N of unsatisfied eq: 2
INFO:R0@tkref=1.8000: N of unsatisfied ieq: 6
INFO:R0@tkref=1.8000: Summary: Optimization terminated successfully. after 6 it.
DEBUG:R0@tkref=1.8000: $$$$$$$$ CONFLICT LIST $$$$$$$$: []
INFO:R0: --------------------------
INFO:R0@tkref=2.1000: Time to solve stand alone optimization problem: 0.24774312973
INFO:R0@tkref=2.1000: N of unsatisfied eq: 2
INFO:R0@tkref=2.1000: N of unsatisfied ieq: 5
INFO:R0@tkref=2.1000: Summary: Optimization terminated successfully. after 6 it.
DEBUG:R0@tkref=2.1000: $$$$$$$$ CONFLICT LIST $$$$$$$$: []
INFO:R0: --------------------------
INFO:R0@tkref=2.4000: Time to solve stand alone optimization problem: 0.250069856644
INFO:R0@tkref=2.4000: N of unsatisfied eq: 3
INFO:R0@tkref=2.4000: N of unsatisfied ieq: 7
INFO:R0@tkref=2.4000: Summary: Optimization terminated successfully. after 6 it.
DEBUG:R0@tkref=2.4000: $$$$$$$$ CONFLICT LIST $$$$$$$$: []
INFO:R0: --------------------------
INFO:R0@tkref=2.7000: Time to solve stand alone optimization problem: 0.292417049408
INFO:R0@tkref=2.7000: N of unsatisfied eq: 3
INFO:R0@tkref=2.7000: N of unsatisfied ieq: 7
INFO:R0@tkref=2.7000: Summary: Optimization terminated successfully. after 7 it.
DEBUG:R0@tkref=2.7000: $$$$$$$$ CONFLICT LIST $$$$$$$$: []
INFO:R0: --------------------------
INFO:R0@tkref=3.0000: Time to solve stand alone optimization problem: 0.329025030136
INFO:R0@tkref=3.0000: N of unsatisfied eq: 3
INFO:R0@tkref=3.0000: N of unsatisfied ieq: 6
INFO:R0@tkref=3.0000: Summary: Optimization terminated successfully. after 8 it.
DEBUG:R0@tkref=3.0000: $$$$$$$$ CONFLICT LIST $$$$$$$$: []
INFO:R0: --------------------------
INFO:R0@tkref=3.3000: Time to solve stand alone optimization problem: 0.327903032303
INFO:R0@tkref=3.3000: N of unsatisfied eq: 3
INFO:R0@tkref=3.3000: N of unsatisfied ieq: 5
INFO:R0@tkref=3.3000: Summary: Optimization terminated successfully. after 8 it.
DEBUG:R0@tkref=3.3000: $$$$$$$$ CONFLICT LIST $$$$$$$$: []
INFO:R0: --------------------------
INFO:R0@tkref=3.6000: Time to solve stand alone optimization problem: 0.285370111465
INFO:R0@tkref=3.6000: N of unsatisfied eq: 3
INFO:R0@tkref=3.6000: N of unsatisfied ieq: 7
INFO:R0@tkref=3.6000: Summary: Optimization terminated successfully. after 7 it.
DEBUG:R0@tkref=3.6000: $$$$$$$$ CONFLICT LIST $$$$$$$$: []
INFO:R0: --------------------------
INFO:R0@tkref=3.9000: Time to solve stand alone optimization problem: 0.24720287323
INFO:R0@tkref=3.9000: N of unsatisfied eq: 2
INFO:R0@tkref=3.9000: N of unsatisfied ieq: 5
INFO:R0@tkref=3.9000: Summary: Optimization terminated successfully. after 6 it.
DEBUG:R0@tkref=3.9000: $$$$$$$$ CONFLICT LIST $$$$$$$$: []
INFO:R0: --------------------------
INFO:R0@tkref=4.2000: Time to solve stand alone optimization problem: 0.208817005157
INFO:R0@tkref=4.2000: N of unsatisfied eq: 3
INFO:R0@tkref=4.2000: N of unsatisfied ieq: 5
INFO:R0@tkref=4.2000: Summary: Optimization terminated successfully. after 5 it.
DEBUG:R0@tkref=4.2000: $$$$$$$$ CONFLICT LIST $$$$$$$$: []
INFO:R0: --------------------------
INFO:R0@tkref=4.5000: Time to solve stand alone optimization problem: 0.206924915314
INFO:R0@tkref=4.5000: N of unsatisfied eq: 3
INFO:R0@tkref=4.5000: N of unsatisfied ieq: 6
INFO:R0@tkref=4.5000: Summary: Optimization terminated successfully. after 5 it.
DEBUG:R0@tkref=4.5000: $$$$$$$$ CONFLICT LIST $$$$$$$$: []
INFO:R0: --------------------------
INFO:R0@tkref=4.8000: Time to solve stand alone optimization problem: 0.290776014328
INFO:R0@tkref=4.8000: N of unsatisfied eq: 3
INFO:R0@tkref=4.8000: N of unsatisfied ieq: 6
INFO:R0@tkref=4.8000: Summary: Optimization terminated successfully. after 7 it.
DEBUG:R0@tkref=4.8000: $$$$$$$$ CONFLICT LIST $$$$$$$$: []
INFO:R0: --------------------------
INFO:R0@tkref=5.1000: Time to solve stand alone optimization problem: 0.125513076782
INFO:R0@tkref=5.1000: N of unsatisfied eq: 3
INFO:R0@tkref=5.1000: N of unsatisfied ieq: 6
INFO:R0@tkref=5.1000: Summary: Optimization terminated successfully. after 3 it.
DEBUG:R0@tkref=5.1000: $$$$$$$$ CONFLICT LIST $$$$$$$$: []
INFO:R0: --------------------------
INFO:R0@tkref=5.4000: Time to solve stand alone optimization problem: 0.12647819519
INFO:R0@tkref=5.4000: N of unsatisfied eq: 3
INFO:R0@tkref=5.4000: N of unsatisfied ieq: 6
INFO:R0@tkref=5.4000: Summary: Optimization terminated successfully. after 3 it.
DEBUG:R0@tkref=5.4000: $$$$$$$$ CONFLICT LIST $$$$$$$$: []
INFO:R0: --------------------------
INFO:R0@tkref=5.7000: Time to solve stand alone optimization problem: 0.127210855484
INFO:R0@tkref=5.7000: N of unsatisfied eq: 3
INFO:R0@tkref=5.7000: N of unsatisfied ieq: 6
INFO:R0@tkref=5.7000: Summary: Optimization terminated successfully. after 3 it.
DEBUG:R0@tkref=5.7000: $$$$$$$$ CONFLICT LIST $$$$$$$$: []
INFO:R0: --------------------------
INFO:R0@tkref=6.0000: Time to solve stand alone optimization problem: 0.0853378772736
INFO:R0@tkref=6.0000: N of unsatisfied eq: 3
INFO:R0@tkref=6.0000: N of unsatisfied ieq: 6
INFO:R0@tkref=6.0000: Summary: Optimization terminated successfully. after 2 it.
DEBUG:R0@tkref=6.0000: $$$$$$$$ CONFLICT LIST $$$$$$$$: []
INFO:R0: --------------------------
INFO:R0@tkref=6.3000: Time to solve stand alone optimization problem: 0.0851640701294
INFO:R0@tkref=6.3000: N of unsatisfied eq: 3
INFO:R0@tkref=6.3000: N of unsatisfied ieq: 6
INFO:R0@tkref=6.3000: Summary: Optimization terminated successfully. after 2 it.
DEBUG:R0@tkref=6.3000: $$$$$$$$ CONFLICT LIST $$$$$$$$: []
INFO:R0: --------------------------
INFO:R0@tkref=6.6000: Time to solve stand alone optimization problem: 0.0738480091095
INFO:R0@tkref=6.6000: N of unsatisfied eq: 3
INFO:R0@tkref=6.6000: N of unsatisfied ieq: 6
INFO:R0@tkref=6.6000: Summary: Optimization terminated successfully. after 2 it.
DEBUG:R0@tkref=6.6000: $$$$$$$$ CONFLICT LIST $$$$$$$$: []
INFO:R0: --------------------------
DEBUG:R0: LAST STEP
DEBUG:R0: Approx remaining dist: 0.700653749583
DEBUG:R0: Usual approx plan dist: 3.3
DEBUG:R0: Approx gain in dist: 2.59934625042
DEBUG:R0: Last step min dist: 0.5
INFO:R0: scale 0.212319318055 Ns 7 Nk 3
INFO:R0@tkref=6.9000: Time to solve stand alone optimization problem: 0.493981838226
INFO:R0@tkref=6.9000: N of unsatisfied eq: 10
INFO:R0@tkref=6.9000: N of unsatisfied ieq: 4
INFO:R0@tkref=6.9000: Summary: Iteration limit exceeded after 26 it.
DEBUG:R0@tkref=6.9000: $$$$$$$$ CONFLICT LIST $$$$$$$$: []
INFO:R0: Finished motion planning
INFO:R0: --------------------------
INFO:R0: TOT: 7.68294091471
INFO:R0: NSE: 24
INFO:R0: FIR: 1.50303387642
INFO:R0: LAS: 0.494809150696
INFO:R0: LMA: 1
INFO:R0: MAX: 0.346276044846
INFO:R0: MIN: 0.0746359825134
INFO:R0: AVG: 0.227365038612
INFO:R0: RMP: 1.15425348282
INFO:R0: RMG: 1.64936383565
