DEBUG:R0: Using Tc_p = 0.318181818182
DEBUG:R0: Using Tc_d = 0.318181818182
INFO:R0: Init motion planning
INFO:R0@tkref=0.0000: Time to solve stand alone optimization problem: 1.06647205353
INFO:R0@tkref=0.0000: N of unsatisfied eq: 5
INFO:R0@tkref=0.0000: N of unsatisfied ieq: 10
INFO:R0@tkref=0.0000: Summary: Iteration limit exceeded after 41 it.
DEBUG:R0@tkref=0.0000: $$$$$$$$ CONFLICT LIST $$$$$$$$: []
INFO:R0: --------------------------
INFO:R0@tkref=0.3182: Time to solve stand alone optimization problem: 0.0778250694275
INFO:R0@tkref=0.3182: N of unsatisfied eq: 3
INFO:R0@tkref=0.3182: N of unsatisfied ieq: 9
INFO:R0@tkref=0.3182: Summary: Optimization terminated successfully. after 3 it.
DEBUG:R0@tkref=0.3182: $$$$$$$$ CONFLICT LIST $$$$$$$$: []
INFO:R0: --------------------------
INFO:R0@tkref=0.6364: Time to solve stand alone optimization problem: 0.0782811641693
INFO:R0@tkref=0.6364: N of unsatisfied eq: 3
INFO:R0@tkref=0.6364: N of unsatisfied ieq: 10
INFO:R0@tkref=0.6364: Summary: Optimization terminated successfully. after 3 it.
DEBUG:R0@tkref=0.6364: $$$$$$$$ CONFLICT LIST $$$$$$$$: []
INFO:R0: --------------------------
INFO:R0@tkref=0.9545: Time to solve stand alone optimization problem: 0.0519390106201
INFO:R0@tkref=0.9545: N of unsatisfied eq: 3
INFO:R0@tkref=0.9545: N of unsatisfied ieq: 8
INFO:R0@tkref=0.9545: Summary: Optimization terminated successfully. after 2 it.
DEBUG:R0@tkref=0.9545: $$$$$$$$ CONFLICT LIST $$$$$$$$: []
INFO:R0: --------------------------
INFO:R0@tkref=1.2727: Time to solve stand alone optimization problem: 0.0505399703979
INFO:R0@tkref=1.2727: N of unsatisfied eq: 3
INFO:R0@tkref=1.2727: N of unsatisfied ieq: 6
INFO:R0@tkref=1.2727: Summary: Optimization terminated successfully. after 2 it.
DEBUG:R0@tkref=1.2727: $$$$$$$$ CONFLICT LIST $$$$$$$$: []
INFO:R0: --------------------------
INFO:R0@tkref=1.5909: Time to solve stand alone optimization problem: 0.02827501297
INFO:R0@tkref=1.5909: N of unsatisfied eq: 5
INFO:R0@tkref=1.5909: N of unsatisfied ieq: 9
INFO:R0@tkref=1.5909: Summary: Optimization terminated successfully. after 1 it.
DEBUG:R0@tkref=1.5909: $$$$$$$$ CONFLICT LIST $$$$$$$$: []
INFO:R0: --------------------------
INFO:R0@tkref=1.9091: Time to solve stand alone optimization problem: 0.0283529758453
INFO:R0@tkref=1.9091: N of unsatisfied eq: 5
INFO:R0@tkref=1.9091: N of unsatisfied ieq: 6
INFO:R0@tkref=1.9091: Summary: Optimization terminated successfully. after 1 it.
DEBUG:R0@tkref=1.9091: $$$$$$$$ CONFLICT LIST $$$$$$$$: []
INFO:R0: --------------------------
INFO:R0@tkref=2.2273: Time to solve stand alone optimization problem: 0.0254018306732
INFO:R0@tkref=2.2273: N of unsatisfied eq: 3
INFO:R0@tkref=2.2273: N of unsatisfied ieq: 6
INFO:R0@tkref=2.2273: Summary: Optimization terminated successfully. after 1 it.
DEBUG:R0@tkref=2.2273: $$$$$$$$ CONFLICT LIST $$$$$$$$: []
INFO:R0: --------------------------
INFO:R0@tkref=2.5455: Time to solve stand alone optimization problem: 0.0253880023956
INFO:R0@tkref=2.5455: N of unsatisfied eq: 2
INFO:R0@tkref=2.5455: N of unsatisfied ieq: 6
INFO:R0@tkref=2.5455: Summary: Optimization terminated successfully. after 1 it.
DEBUG:R0@tkref=2.5455: $$$$$$$$ CONFLICT LIST $$$$$$$$: []
INFO:R0: --------------------------
INFO:R0@tkref=2.8636: Time to solve stand alone optimization problem: 0.0253648757935
INFO:R0@tkref=2.8636: N of unsatisfied eq: 4
INFO:R0@tkref=2.8636: N of unsatisfied ieq: 4
INFO:R0@tkref=2.8636: Summary: Optimization terminated successfully. after 1 it.
DEBUG:R0@tkref=2.8636: $$$$$$$$ CONFLICT LIST $$$$$$$$: []
INFO:R0: --------------------------
INFO:R0@tkref=3.1818: Time to solve stand alone optimization problem: 0.0254271030426
INFO:R0@tkref=3.1818: N of unsatisfied eq: 4
INFO:R0@tkref=3.1818: N of unsatisfied ieq: 6
INFO:R0@tkref=3.1818: Summary: Optimization terminated successfully. after 1 it.
DEBUG:R0@tkref=3.1818: $$$$$$$$ CONFLICT LIST $$$$$$$$: []
INFO:R0: --------------------------
INFO:R0@tkref=3.5000: Time to solve stand alone optimization problem: 0.0254909992218
INFO:R0@tkref=3.5000: N of unsatisfied eq: 5
INFO:R0@tkref=3.5000: N of unsatisfied ieq: 5
INFO:R0@tkref=3.5000: Summary: Optimization terminated successfully. after 1 it.
DEBUG:R0@tkref=3.5000: $$$$$$$$ CONFLICT LIST $$$$$$$$: []
INFO:R0: --------------------------
INFO:R0@tkref=3.8182: Time to solve stand alone optimization problem: 0.0258460044861
INFO:R0@tkref=3.8182: N of unsatisfied eq: 5
INFO:R0@tkref=3.8182: N of unsatisfied ieq: 4
INFO:R0@tkref=3.8182: Summary: Optimization terminated successfully. after 1 it.
DEBUG:R0@tkref=3.8182: $$$$$$$$ CONFLICT LIST $$$$$$$$: []
INFO:R0: --------------------------
INFO:R0@tkref=4.1364: Time to solve stand alone optimization problem: 0.0258958339691
INFO:R0@tkref=4.1364: N of unsatisfied eq: 5
INFO:R0@tkref=4.1364: N of unsatisfied ieq: 5
INFO:R0@tkref=4.1364: Summary: Optimization terminated successfully. after 1 it.
DEBUG:R0@tkref=4.1364: $$$$$$$$ CONFLICT LIST $$$$$$$$: []
INFO:R0: --------------------------
INFO:R0@tkref=4.4545: Time to solve stand alone optimization problem: 0.025897026062
INFO:R0@tkref=4.4545: N of unsatisfied eq: 4
INFO:R0@tkref=4.4545: N of unsatisfied ieq: 7
INFO:R0@tkref=4.4545: Summary: Optimization terminated successfully. after 1 it.
DEBUG:R0@tkref=4.4545: $$$$$$$$ CONFLICT LIST $$$$$$$$: []
INFO:R0: --------------------------
INFO:R0@tkref=4.7727: Time to solve stand alone optimization problem: 0.0259780883789
INFO:R0@tkref=4.7727: N of unsatisfied eq: 4
INFO:R0@tkref=4.7727: N of unsatisfied ieq: 6
INFO:R0@tkref=4.7727: Summary: Optimization terminated successfully. after 1 it.
DEBUG:R0@tkref=4.7727: $$$$$$$$ CONFLICT LIST $$$$$$$$: []
INFO:R0: --------------------------
INFO:R0@tkref=5.0909: Time to solve stand alone optimization problem: 0.0260410308838
INFO:R0@tkref=5.0909: N of unsatisfied eq: 4
INFO:R0@tkref=5.0909: N of unsatisfied ieq: 7
INFO:R0@tkref=5.0909: Summary: Optimization terminated successfully. after 1 it.
DEBUG:R0@tkref=5.0909: $$$$$$$$ CONFLICT LIST $$$$$$$$: []
INFO:R0: --------------------------
INFO:R0@tkref=5.4091: Time to solve stand alone optimization problem: 0.0259580612183
INFO:R0@tkref=5.4091: N of unsatisfied eq: 5
INFO:R0@tkref=5.4091: N of unsatisfied ieq: 6
INFO:R0@tkref=5.4091: Summary: Optimization terminated successfully. after 1 it.
DEBUG:R0@tkref=5.4091: $$$$$$$$ CONFLICT LIST $$$$$$$$: []
INFO:R0: --------------------------
INFO:R0@tkref=5.7273: Time to solve stand alone optimization problem: 0.0259671211243
INFO:R0@tkref=5.7273: N of unsatisfied eq: 5
INFO:R0@tkref=5.7273: N of unsatisfied ieq: 6
INFO:R0@tkref=5.7273: Summary: Optimization terminated successfully. after 1 it.
DEBUG:R0@tkref=5.7273: $$$$$$$$ CONFLICT LIST $$$$$$$$: []
INFO:R0: --------------------------
INFO:R0@tkref=6.0455: Time to solve stand alone optimization problem: 0.0270001888275
INFO:R0@tkref=6.0455: N of unsatisfied eq: 4
INFO:R0@tkref=6.0455: N of unsatisfied ieq: 6
INFO:R0@tkref=6.0455: Summary: Optimization terminated successfully. after 1 it.
DEBUG:R0@tkref=6.0455: $$$$$$$$ CONFLICT LIST $$$$$$$$: []
INFO:R0: --------------------------
DEBUG:R0: LAST STEP
DEBUG:R0: Approx remaining dist: 0.858601288314
DEBUG:R0: Usual approx plan dist: 3.5
DEBUG:R0: Approx gain in dist: 2.64139871169
DEBUG:R0: Last step min dist: 0.5
INFO:R0: scale 0.245314653804 Ns 7 Nk 3
INFO:R0@tkref=6.3636: Time to solve stand alone optimization problem: 0.364175081253
INFO:R0@tkref=6.3636: N of unsatisfied eq: 10
INFO:R0@tkref=6.3636: N of unsatisfied ieq: 4
INFO:R0@tkref=6.3636: Summary: Iteration limit exceeded after 26 it.
DEBUG:R0@tkref=6.3636: $$$$$$$$ CONFLICT LIST $$$$$$$$: []
INFO:R0: Finished motion planning
INFO:R0: --------------------------
INFO:R0: TOT: 7.32856467406
INFO:R0: NSE: 21
INFO:R0: FIR: 1.06787800789
INFO:R0: LAS: 0.364948987961
INFO:R0: LMA: 1
INFO:R0: MAX: 0.0792949199677
INFO:R0: MIN: 0.0260119438171
INFO:R0: AVG: 0.0349543220118
INFO:R0: RMP: 0.249212605613
INFO:R0: RMG: 1.14698253359
