DEBUG:R0: Using Tc_p = 1.88181818182
DEBUG:R0: Using Tc_d = 1.88181818182
INFO:R0: Init motion planning
INFO:R0@tkref=0.0000: Time to solve stand alone optimization problem: 1.49748802185
INFO:R0@tkref=0.0000: N of unsatisfied eq: 5
INFO:R0@tkref=0.0000: N of unsatisfied ieq: 8
INFO:R0@tkref=0.0000: Summary: Iteration limit exceeded after 41 it.
DEBUG:R0@tkref=0.0000: $$$$$$$$ CONFLICT LIST $$$$$$$$: []
INFO:R0: --------------------------
INFO:R0@tkref=1.8818: Time to solve stand alone optimization problem: 0.705696105957
INFO:R0@tkref=1.8818: N of unsatisfied eq: 2
INFO:R0@tkref=1.8818: N of unsatisfied ieq: 6
INFO:R0@tkref=1.8818: Summary: Iteration limit exceeded after 16 it.
DEBUG:R0@tkref=1.8818: $$$$$$$$ CONFLICT LIST $$$$$$$$: []
INFO:R0: --------------------------
INFO:R0@tkref=3.7636: Time to solve stand alone optimization problem: 0.347774028778
INFO:R0@tkref=3.7636: N of unsatisfied eq: 2
INFO:R0@tkref=3.7636: N of unsatisfied ieq: 7
INFO:R0@tkref=3.7636: Summary: Optimization terminated successfully. after 8 it.
DEBUG:R0@tkref=3.7636: $$$$$$$$ CONFLICT LIST $$$$$$$$: []
INFO:R0: --------------------------
DEBUG:R0: LAST STEP
DEBUG:R0: Approx remaining dist: 2.12369044521
DEBUG:R0: Usual approx plan dist: 2.3
DEBUG:R0: Approx gain in dist: 0.176309554792
DEBUG:R0: Last step min dist: 0.5
INFO:R0: scale 0.923343671829 Ns 11 Nk 5
INFO:R0@tkref=5.6455: Time to solve stand alone optimization problem: 1.04467105865
INFO:R0@tkref=5.6455: N of unsatisfied eq: 10
INFO:R0@tkref=5.6455: N of unsatisfied ieq: 8
INFO:R0@tkref=5.6455: Summary: Iteration limit exceeded after 26 it.
DEBUG:R0@tkref=5.6455: $$$$$$$$ CONFLICT LIST $$$$$$$$: []
INFO:R0: Finished motion planning
INFO:R0: --------------------------
INFO:R0: TOT: 7.9167004562
INFO:R0: NSE: 4
INFO:R0: FIR: 1.4990260601
INFO:R0: LAS: 1.04567289352
INFO:R0: LMA: 1
INFO:R0: MAX: 0.706504821777
INFO:R0: MIN: 0.348565816879
INFO:R0: AVG: 0.527535319328
INFO:R0: RMP: 0.375437344906
INFO:R0: RMG: 0.555671585931
