DEBUG:R0: Using Tc_p = 2.4
DEBUG:R0: Using Tc_d = 2.4
INFO:R0: Init motion planning
INFO:R0@tkref=0.0000: Time to solve stand alone optimization problem: 1.34049892426
INFO:R0@tkref=0.0000: N of unsatisfied eq: 5
INFO:R0@tkref=0.0000: N of unsatisfied ieq: 5
INFO:R0@tkref=0.0000: Summary: Iteration limit exceeded after 41 it.
DEBUG:R0@tkref=0.0000: $$$$$$$$ CONFLICT LIST $$$$$$$$: []
INFO:R0: --------------------------
INFO:R0@tkref=2.4000: Time to solve stand alone optimization problem: 0.268379926682
INFO:R0@tkref=2.4000: N of unsatisfied eq: 2
INFO:R0@tkref=2.4000: N of unsatisfied ieq: 7
INFO:R0@tkref=2.4000: Summary: Optimization terminated successfully. after 7 it.
DEBUG:R0@tkref=2.4000: $$$$$$$$ CONFLICT LIST $$$$$$$$: []
INFO:R0: --------------------------
DEBUG:R0: LAST STEP
DEBUG:R0: Approx remaining dist: 2.57503363525
DEBUG:R0: Usual approx plan dist: 2.7
DEBUG:R0: Approx gain in dist: 0.124966364753
DEBUG:R0: Last step min dist: 0.5
INFO:R0: scale 0.953716161202 Ns 10 Nk 5
INFO:R0@tkref=4.8000: Time to solve stand alone optimization problem: 0.941732168198
INFO:R0@tkref=4.8000: N of unsatisfied eq: 10
INFO:R0@tkref=4.8000: N of unsatisfied ieq: 4
INFO:R0@tkref=4.8000: Summary: Iteration limit exceeded after 26 it.
DEBUG:R0@tkref=4.8000: $$$$$$$$ CONFLICT LIST $$$$$$$$: []
INFO:R0: Finished motion planning
INFO:R0: --------------------------
INFO:R0: TOT: 7.57814831126
INFO:R0: NSE: 3
INFO:R0: FIR: 1.34186887741
INFO:R0: LAS: 0.942596912384
INFO:R0: LMA: 1
INFO:R0: MAX: 0.269246101379
INFO:R0: MIN: 0.269246101379
INFO:R0: AVG: 0.269246101379
INFO:R0: RMP: 0.112185875575
INFO:R0: RMG: 0.392748713493
