DEBUG:R0: Using Tc_p = 1.52727272727
DEBUG:R0: Using Tc_d = 1.52727272727
INFO:R0: Init motion planning
INFO:R0@tkref=0.0000: Time to solve stand alone optimization problem: 1.5887389183
INFO:R0@tkref=0.0000: N of unsatisfied eq: 4
INFO:R0@tkref=0.0000: N of unsatisfied ieq: 8
INFO:R0@tkref=0.0000: Summary: Iteration limit exceeded after 41 it.
DEBUG:R0@tkref=0.0000: $$$$$$$$ CONFLICT LIST $$$$$$$$: []
INFO:R0: --------------------------
INFO:R0@tkref=1.5273: Time to solve stand alone optimization problem: 0.682802915573
INFO:R0@tkref=1.5273: N of unsatisfied eq: 2
INFO:R0@tkref=1.5273: N of unsatisfied ieq: 10
INFO:R0@tkref=1.5273: Summary: Iteration limit exceeded after 16 it.
DEBUG:R0@tkref=1.5273: $$$$$$$$ CONFLICT LIST $$$$$$$$: []
INFO:R0: --------------------------
INFO:R0@tkref=3.0545: Time to solve stand alone optimization problem: 0.29792881012
INFO:R0@tkref=3.0545: N of unsatisfied eq: 3
INFO:R0@tkref=3.0545: N of unsatisfied ieq: 7
INFO:R0@tkref=3.0545: Summary: Optimization terminated successfully. after 7 it.
DEBUG:R0@tkref=3.0545: $$$$$$$$ CONFLICT LIST $$$$$$$$: []
INFO:R0: --------------------------
INFO:R0@tkref=4.5818: Time to solve stand alone optimization problem: 0.255497932434
INFO:R0@tkref=4.5818: N of unsatisfied eq: 3
INFO:R0@tkref=4.5818: N of unsatisfied ieq: 7
INFO:R0@tkref=4.5818: Summary: Optimization terminated successfully. after 6 it.
DEBUG:R0@tkref=4.5818: $$$$$$$$ CONFLICT LIST $$$$$$$$: []
INFO:R0: --------------------------
DEBUG:R0: LAST STEP
DEBUG:R0: Approx remaining dist: 1.30616832447
DEBUG:R0: Usual approx plan dist: 2.4
DEBUG:R0: Approx gain in dist: 1.09383167553
DEBUG:R0: Last step min dist: 0.5
INFO:R0: scale 0.544236801865 Ns 7 Nk 3
INFO:R0@tkref=6.1091: Time to solve stand alone optimization problem: 0.568742036819
INFO:R0@tkref=6.1091: N of unsatisfied eq: 10
INFO:R0@tkref=6.1091: N of unsatisfied ieq: 3
INFO:R0@tkref=6.1091: Summary: Iteration limit exceeded after 26 it.
DEBUG:R0@tkref=6.1091: $$$$$$$$ CONFLICT LIST $$$$$$$$: []
INFO:R0: Finished motion planning
INFO:R0: --------------------------
INFO:R0: TOT: 7.57825093137
INFO:R0: NSE: 5
INFO:R0: FIR: 1.59013009071
INFO:R0: LAS: 0.569564819336
INFO:R0: LMA: 0
INFO:R0: MAX: 0.683609962463
INFO:R0: MIN: 0.256380081177
INFO:R0: AVG: 0.412961403529
INFO:R0: RMP: 0.447601761137
INFO:R0: RMG: 0.447601761137
