DEBUG:R0: Using Tc_p = 1.32
DEBUG:R0: Using Tc_d = 1.32
INFO:R0: Init motion planning
INFO:R0@tkref=0.0000: Time to solve stand alone optimization problem: 1.43369197845
INFO:R0@tkref=0.0000: N of unsatisfied eq: 4
INFO:R0@tkref=0.0000: N of unsatisfied ieq: 7
INFO:R0@tkref=0.0000: Summary: Iteration limit exceeded after 41 it.
DEBUG:R0@tkref=0.0000: $$$$$$$$ CONFLICT LIST $$$$$$$$: []
INFO:R0: --------------------------
INFO:R0@tkref=1.3200: Time to solve stand alone optimization problem: 0.397439002991
INFO:R0@tkref=1.3200: N of unsatisfied eq: 2
INFO:R0@tkref=1.3200: N of unsatisfied ieq: 6
INFO:R0@tkref=1.3200: Summary: Optimization terminated successfully. after 10 it.
DEBUG:R0@tkref=1.3200: $$$$$$$$ CONFLICT LIST $$$$$$$$: []
INFO:R0: --------------------------
INFO:R0@tkref=2.6400: Time to solve stand alone optimization problem: 0.270925998688
INFO:R0@tkref=2.6400: N of unsatisfied eq: 3
INFO:R0@tkref=2.6400: N of unsatisfied ieq: 5
INFO:R0@tkref=2.6400: Summary: Optimization terminated successfully. after 7 it.
DEBUG:R0@tkref=2.6400: $$$$$$$$ CONFLICT LIST $$$$$$$$: []
INFO:R0: --------------------------
INFO:R0@tkref=3.9600: Time to solve stand alone optimization problem: 0.234417915344
INFO:R0@tkref=3.9600: N of unsatisfied eq: 2
INFO:R0@tkref=3.9600: N of unsatisfied ieq: 6
INFO:R0@tkref=3.9600: Summary: Optimization terminated successfully. after 6 it.
DEBUG:R0@tkref=3.9600: $$$$$$$$ CONFLICT LIST $$$$$$$$: []
INFO:R0: --------------------------
INFO:R0@tkref=5.2800: Time to solve stand alone optimization problem: 0.120371103287
INFO:R0@tkref=5.2800: N of unsatisfied eq: 3
INFO:R0@tkref=5.2800: N of unsatisfied ieq: 7
INFO:R0@tkref=5.2800: Summary: Optimization terminated successfully. after 3 it.
DEBUG:R0@tkref=5.2800: $$$$$$$$ CONFLICT LIST $$$$$$$$: []
INFO:R0: --------------------------
DEBUG:R0: LAST STEP
DEBUG:R0: Approx remaining dist: 1.07830955519
DEBUG:R0: Usual approx plan dist: 4.4
DEBUG:R0: Approx gain in dist: 3.32169044481
DEBUG:R0: Last step min dist: 0.5
INFO:R0: scale 0.245070353453 Ns 7 Nk 3
INFO:R0@tkref=6.6000: Time to solve stand alone optimization problem: 0.505894899368
INFO:R0@tkref=6.6000: N of unsatisfied eq: 10
INFO:R0@tkref=6.6000: N of unsatisfied ieq: 4
INFO:R0@tkref=6.6000: Summary: Iteration limit exceeded after 26 it.
DEBUG:R0@tkref=6.6000: $$$$$$$$ CONFLICT LIST $$$$$$$$: []
INFO:R0: Finished motion planning
INFO:R0: --------------------------
INFO:R0: TOT: 7.80619778003
INFO:R0: NSE: 6
INFO:R0: FIR: 1.4350130558
INFO:R0: LAS: 0.5067050457
INFO:R0: LMA: 1
INFO:R0: MAX: 0.398262023926
INFO:R0: MIN: 0.121190071106
INFO:R0: AVG: 0.256603002548
INFO:R0: RMP: 0.301713654489
INFO:R0: RMG: 0.383867458864
