DEBUG:R0: Using Tc_p = 3.87
DEBUG:R0: Using Tc_d = 3.87
INFO:R0: Init motion planning
INFO:R0@tkref=0.0000: Time to solve stand alone optimization problem: 0.902750015259
INFO:R0@tkref=0.0000: N of unsatisfied eq: 5
INFO:R0@tkref=0.0000: N of unsatisfied ieq: 9
INFO:R0@tkref=0.0000: Summary: Iteration limit exceeded after 41 it.
DEBUG:R0@tkref=0.0000: $$$$$$$$ CONFLICT LIST $$$$$$$$: []
INFO:R0: --------------------------
DEBUG:R0: LAST STEP
DEBUG:R0: Approx remaining dist: 3.41443968287
DEBUG:R0: Usual approx plan dist: 4.3
DEBUG:R0: Approx gain in dist: 0.885560317131
DEBUG:R0: Last step min dist: 0.5
INFO:R0: scale 0.794055740202 Ns 9 Nk 4
INFO:R0@tkref=3.8700: Time to solve stand alone optimization problem: 0.464635848999
INFO:R0@tkref=3.8700: N of unsatisfied eq: 10
INFO:R0@tkref=3.8700: N of unsatisfied ieq: 5
INFO:R0@tkref=3.8700: Summary: Iteration limit exceeded after 26 it.
DEBUG:R0@tkref=3.8700: $$$$$$$$ CONFLICT LIST $$$$$$$$: []
INFO:R0: Finished motion planning
INFO:R0: --------------------------
INFO:R0: TOT: 7.59201778405
INFO:R0: NSE: 2
INFO:R0: FIR: 0.903867006302
INFO:R0: LAS: 0.465393066406
INFO:R0: LMA: 1
INFO:R0: MAX: 0.465393066406
INFO:R0: MIN: 0.465393066406
INFO:R0: AVG: 0.465393066406
INFO:R0: RMP: 0.120256606307
INFO:R0: RMG: 0.120256606307
