DEBUG:R0: Using Tc_p = 2.26666666667
DEBUG:R0: Using Tc_d = 2.26666666667
INFO:R0: Init motion planning
INFO:R0@tkref=0.0000: Time to solve stand alone optimization problem: 1.97090482712
INFO:R0@tkref=0.0000: N of unsatisfied eq: 5
INFO:R0@tkref=0.0000: N of unsatisfied ieq: 7
INFO:R0@tkref=0.0000: Summary: Iteration limit exceeded after 41 it.
DEBUG:R0@tkref=0.0000: $$$$$$$$ CONFLICT LIST $$$$$$$$: []
INFO:R0: --------------------------
INFO:R0@tkref=2.2667: Time to solve stand alone optimization problem: 0.4564909935
INFO:R0@tkref=2.2667: N of unsatisfied eq: 3
INFO:R0@tkref=2.2667: N of unsatisfied ieq: 8
INFO:R0@tkref=2.2667: Summary: Optimization terminated successfully. after 8 it.
DEBUG:R0@tkref=2.2667: $$$$$$$$ CONFLICT LIST $$$$$$$$: []
INFO:R0: --------------------------
DEBUG:R0: LAST STEP
DEBUG:R0: Approx remaining dist: 2.72557878604
DEBUG:R0: Usual approx plan dist: 3.4
DEBUG:R0: Approx gain in dist: 0.674421213962
DEBUG:R0: Last step min dist: 0.5
INFO:R0: scale 0.801640819423 Ns 9 Nk 5
INFO:R0@tkref=4.5333: Time to solve stand alone optimization problem: 1.37115192413
INFO:R0@tkref=4.5333: N of unsatisfied eq: 10
INFO:R0@tkref=4.5333: N of unsatisfied ieq: 4
INFO:R0@tkref=4.5333: Summary: Iteration limit exceeded after 26 it.
DEBUG:R0@tkref=4.5333: $$$$$$$$ CONFLICT LIST $$$$$$$$: []
INFO:R0: Finished motion planning
INFO:R0: --------------------------
INFO:R0: TOT: 7.47554646545
INFO:R0: NSE: 3
INFO:R0: FIR: 1.9729321003
INFO:R0: LAS: 1.37234520912
INFO:R0: LMA: 1
INFO:R0: MAX: 0.45801615715
INFO:R0: MIN: 0.45801615715
INFO:R0: AVG: 0.45801615715
INFO:R0: RMP: 0.202065951684
INFO:R0: RMG: 0.605446415789
