DEBUG:R0: Using Tc_p = 0.72
DEBUG:R0: Using Tc_d = 0.72
INFO:R0: Init motion planning
INFO:R0@tkref=0.0000: Time to solve stand alone optimization problem: 0.91335606575
INFO:R0@tkref=0.0000: N of unsatisfied eq: 4
INFO:R0@tkref=0.0000: N of unsatisfied ieq: 9
INFO:R0@tkref=0.0000: Summary: Iteration limit exceeded after 41 it.
DEBUG:R0@tkref=0.0000: $$$$$$$$ CONFLICT LIST $$$$$$$$: []
INFO:R0: --------------------------
INFO:R0@tkref=0.7200: Time to solve stand alone optimization problem: 0.0232760906219
INFO:R0@tkref=0.7200: N of unsatisfied eq: 3
INFO:R0@tkref=0.7200: N of unsatisfied ieq: 4
INFO:R0@tkref=0.7200: Summary: Optimization terminated successfully. after 1 it.
DEBUG:R0@tkref=0.7200: $$$$$$$$ CONFLICT LIST $$$$$$$$: []
INFO:R0: --------------------------
INFO:R0@tkref=1.4400: Time to solve stand alone optimization problem: 0.113044977188
INFO:R0@tkref=1.4400: N of unsatisfied eq: 3
INFO:R0@tkref=1.4400: N of unsatisfied ieq: 8
INFO:R0@tkref=1.4400: Summary: Optimization terminated successfully. after 5 it.
DEBUG:R0@tkref=1.4400: $$$$$$$$ CONFLICT LIST $$$$$$$$: []
INFO:R0: --------------------------
INFO:R0@tkref=2.1600: Time to solve stand alone optimization problem: 0.067843914032
INFO:R0@tkref=2.1600: N of unsatisfied eq: 3
INFO:R0@tkref=2.1600: N of unsatisfied ieq: 8
INFO:R0@tkref=2.1600: Summary: Optimization terminated successfully. after 3 it.
DEBUG:R0@tkref=2.1600: $$$$$$$$ CONFLICT LIST $$$$$$$$: []
INFO:R0: --------------------------
INFO:R0@tkref=2.8800: Time to solve stand alone optimization problem: 0.0675890445709
INFO:R0@tkref=2.8800: N of unsatisfied eq: 3
INFO:R0@tkref=2.8800: N of unsatisfied ieq: 9
INFO:R0@tkref=2.8800: Summary: Optimization terminated successfully. after 3 it.
DEBUG:R0@tkref=2.8800: $$$$$$$$ CONFLICT LIST $$$$$$$$: []
INFO:R0: --------------------------
INFO:R0@tkref=3.6000: Time to solve stand alone optimization problem: 0.0460488796234
INFO:R0@tkref=3.6000: N of unsatisfied eq: 3
INFO:R0@tkref=3.6000: N of unsatisfied ieq: 8
INFO:R0@tkref=3.6000: Summary: Optimization terminated successfully. after 2 it.
DEBUG:R0@tkref=3.6000: $$$$$$$$ CONFLICT LIST $$$$$$$$: []
INFO:R0: --------------------------
INFO:R0@tkref=4.3200: Time to solve stand alone optimization problem: 0.0218939781189
INFO:R0@tkref=4.3200: N of unsatisfied eq: 4
INFO:R0@tkref=4.3200: N of unsatisfied ieq: 6
INFO:R0@tkref=4.3200: Summary: Optimization terminated successfully. after 1 it.
DEBUG:R0@tkref=4.3200: $$$$$$$$ CONFLICT LIST $$$$$$$$: []
INFO:R0: --------------------------
INFO:R0@tkref=5.0400: Time to solve stand alone optimization problem: 0.0221519470215
INFO:R0@tkref=5.0400: N of unsatisfied eq: 3
INFO:R0@tkref=5.0400: N of unsatisfied ieq: 6
INFO:R0@tkref=5.0400: Summary: Optimization terminated successfully. after 1 it.
DEBUG:R0@tkref=5.0400: $$$$$$$$ CONFLICT LIST $$$$$$$$: []
INFO:R0: --------------------------
INFO:R0@tkref=5.7600: Time to solve stand alone optimization problem: 0.0219581127167
INFO:R0@tkref=5.7600: N of unsatisfied eq: 4
INFO:R0@tkref=5.7600: N of unsatisfied ieq: 4
INFO:R0@tkref=5.7600: Summary: Optimization terminated successfully. after 1 it.
DEBUG:R0@tkref=5.7600: $$$$$$$$ CONFLICT LIST $$$$$$$$: []
INFO:R0: --------------------------
DEBUG:R0: LAST STEP
DEBUG:R0: Approx remaining dist: 0.680307810584
DEBUG:R0: Usual approx plan dist: 2.4
DEBUG:R0: Approx gain in dist: 1.71969218942
DEBUG:R0: Last step min dist: 0.5
INFO:R0: scale 0.283461587743 Ns 7 Nk 3
INFO:R0@tkref=6.4800: Time to solve stand alone optimization problem: 0.362654209137
INFO:R0@tkref=6.4800: N of unsatisfied eq: 10
INFO:R0@tkref=6.4800: N of unsatisfied ieq: 4
INFO:R0@tkref=6.4800: Summary: Iteration limit exceeded after 26 it.
DEBUG:R0@tkref=6.4800: $$$$$$$$ CONFLICT LIST $$$$$$$$: []
INFO:R0: Finished motion planning
INFO:R0: --------------------------
INFO:R0: TOT: 7.24454487425
INFO:R0: NSE: 10
INFO:R0: FIR: 0.914769172668
INFO:R0: LAS: 0.36342382431
INFO:R0: LMA: 1
INFO:R0: MAX: 0.113798141479
INFO:R0: MIN: 0.0225470066071
INFO:R0: AVG: 0.0486469268799
INFO:R0: RMP: 0.158052974277
INFO:R0: RMG: 0.504755311542
