DEBUG:R0: Using Tc_p = 3.49090909091
DEBUG:R0: Using Tc_d = 3.49090909091
INFO:R0: Init motion planning
INFO:R0@tkref=0.0000: Time to solve stand alone optimization problem: 2.79113483429
INFO:R0@tkref=0.0000: N of unsatisfied eq: 5
INFO:R0@tkref=0.0000: N of unsatisfied ieq: 7
INFO:R0@tkref=0.0000: Summary: Iteration limit exceeded after 41 it.
DEBUG:R0@tkref=0.0000: $$$$$$$$ CONFLICT LIST $$$$$$$$: []
INFO:R0: --------------------------
DEBUG:R0: LAST STEP
DEBUG:R0: Approx remaining dist: 4.06899521018
DEBUG:R0: Usual approx plan dist: 4.8
DEBUG:R0: Approx gain in dist: 0.731004789818
DEBUG:R0: Last step min dist: 0.5
INFO:R0: scale 0.847707335455 Ns 10 Nk 5
INFO:R0@tkref=3.4909: Time to solve stand alone optimization problem: 1.50130319595
INFO:R0@tkref=3.4909: N of unsatisfied eq: 10
INFO:R0@tkref=3.4909: N of unsatisfied ieq: 0
INFO:R0@tkref=3.4909: Summary: Iteration limit exceeded after 26 it.
DEBUG:R0@tkref=3.4909: $$$$$$$$ CONFLICT LIST $$$$$$$$: []
INFO:R0: Finished motion planning
INFO:R0: --------------------------
INFO:R0: TOT: 10.176569938
INFO:R0: NSE: 2
INFO:R0: FIR: 2.79269218445
INFO:R0: LAS: 1.50255012512
INFO:R0: LMA: 1
INFO:R0: MAX: 1.50255012512
INFO:R0: MIN: 1.50255012512
INFO:R0: AVG: 1.50255012512
INFO:R0: RMP: 0.430418004592
INFO:R0: RMG: 0.430418004592
