DEBUG:R0: Using Tc_p = 0.49
DEBUG:R0: Using Tc_d = 0.49
INFO:R0: Init motion planning
INFO:R0@tkref=0.0000: Time to solve stand alone optimization problem: 1.60533285141
INFO:R0@tkref=0.0000: N of unsatisfied eq: 5
INFO:R0@tkref=0.0000: N of unsatisfied ieq: 8
INFO:R0@tkref=0.0000: Summary: Iteration limit exceeded after 41 it.
DEBUG:R0@tkref=0.0000: $$$$$$$$ CONFLICT LIST $$$$$$$$: []
INFO:R0: --------------------------
INFO:R0@tkref=0.4900: Time to solve stand alone optimization problem: 0.201337099075
INFO:R0@tkref=0.4900: N of unsatisfied eq: 2
INFO:R0@tkref=0.4900: N of unsatisfied ieq: 7
INFO:R0@tkref=0.4900: Summary: Optimization terminated successfully. after 6 it.
DEBUG:R0@tkref=0.4900: $$$$$$$$ CONFLICT LIST $$$$$$$$: []
INFO:R0: --------------------------
INFO:R0@tkref=0.9800: Time to solve stand alone optimization problem: 0.347529888153
INFO:R0@tkref=0.9800: N of unsatisfied eq: 1
INFO:R0@tkref=0.9800: N of unsatisfied ieq: 6
INFO:R0@tkref=0.9800: Summary: Optimization terminated successfully. after 10 it.
DEBUG:R0@tkref=0.9800: $$$$$$$$ CONFLICT LIST $$$$$$$$: []
INFO:R0: --------------------------
INFO:R0@tkref=1.4700: Time to solve stand alone optimization problem: 0.318992137909
INFO:R0@tkref=1.4700: N of unsatisfied eq: 2
INFO:R0@tkref=1.4700: N of unsatisfied ieq: 5
INFO:R0@tkref=1.4700: Summary: Optimization terminated successfully. after 8 it.
DEBUG:R0@tkref=1.4700: $$$$$$$$ CONFLICT LIST $$$$$$$$: []
INFO:R0: --------------------------
INFO:R0@tkref=1.9600: Time to solve stand alone optimization problem: 0.354885816574
INFO:R0@tkref=1.9600: N of unsatisfied eq: 1
INFO:R0@tkref=1.9600: N of unsatisfied ieq: 6
INFO:R0@tkref=1.9600: Summary: Optimization terminated successfully. after 9 it.
DEBUG:R0@tkref=1.9600: $$$$$$$$ CONFLICT LIST $$$$$$$$: []
INFO:R0: --------------------------
INFO:R0@tkref=2.4500: Time to solve stand alone optimization problem: 0.23561501503
INFO:R0@tkref=2.4500: N of unsatisfied eq: 2
INFO:R0@tkref=2.4500: N of unsatisfied ieq: 4
INFO:R0@tkref=2.4500: Summary: Optimization terminated successfully. after 6 it.
DEBUG:R0@tkref=2.4500: $$$$$$$$ CONFLICT LIST $$$$$$$$: []
INFO:R0: --------------------------
INFO:R0@tkref=2.9400: Time to solve stand alone optimization problem: 0.364163160324
INFO:R0@tkref=2.9400: N of unsatisfied eq: 3
INFO:R0@tkref=2.9400: N of unsatisfied ieq: 5
INFO:R0@tkref=2.9400: Summary: Optimization terminated successfully. after 8 it.
DEBUG:R0@tkref=2.9400: $$$$$$$$ CONFLICT LIST $$$$$$$$: []
INFO:R0: --------------------------
INFO:R0@tkref=3.4300: Time to solve stand alone optimization problem: 0.703840970993
INFO:R0@tkref=3.4300: N of unsatisfied eq: 3
INFO:R0@tkref=3.4300: N of unsatisfied ieq: 5
INFO:R0@tkref=3.4300: Summary: Iteration limit exceeded after 16 it.
DEBUG:R0@tkref=3.4300: $$$$$$$$ CONFLICT LIST $$$$$$$$: []
INFO:R0: --------------------------
INFO:R0@tkref=3.9200: Time to solve stand alone optimization problem: 0.245031833649
INFO:R0@tkref=3.9200: N of unsatisfied eq: 1
INFO:R0@tkref=3.9200: N of unsatisfied ieq: 6
INFO:R0@tkref=3.9200: Summary: Optimization terminated successfully. after 6 it.
DEBUG:R0@tkref=3.9200: $$$$$$$$ CONFLICT LIST $$$$$$$$: []
INFO:R0: --------------------------
INFO:R0@tkref=4.4100: Time to solve stand alone optimization problem: 0.32100892067
INFO:R0@tkref=4.4100: N of unsatisfied eq: 2
INFO:R0@tkref=4.4100: N of unsatisfied ieq: 7
INFO:R0@tkref=4.4100: Summary: Optimization terminated successfully. after 8 it.
DEBUG:R0@tkref=4.4100: $$$$$$$$ CONFLICT LIST $$$$$$$$: []
INFO:R0: --------------------------
INFO:R0@tkref=4.9000: Time to solve stand alone optimization problem: 0.62832903862
INFO:R0@tkref=4.9000: N of unsatisfied eq: 2
INFO:R0@tkref=4.9000: N of unsatisfied ieq: 6
INFO:R0@tkref=4.9000: Summary: Iteration limit exceeded after 16 it.
DEBUG:R0@tkref=4.9000: $$$$$$$$ CONFLICT LIST $$$$$$$$: []
INFO:R0: --------------------------
INFO:R0@tkref=5.3900: Time to solve stand alone optimization problem: 0.279428958893
INFO:R0@tkref=5.3900: N of unsatisfied eq: 3
INFO:R0@tkref=5.3900: N of unsatisfied ieq: 7
INFO:R0@tkref=5.3900: Summary: Optimization terminated successfully. after 7 it.
DEBUG:R0@tkref=5.3900: $$$$$$$$ CONFLICT LIST $$$$$$$$: []
INFO:R0: --------------------------
INFO:R0@tkref=5.8800: Time to solve stand alone optimization problem: 0.310894966125
INFO:R0@tkref=5.8800: N of unsatisfied eq: 3
INFO:R0@tkref=5.8800: N of unsatisfied ieq: 6
INFO:R0@tkref=5.8800: Summary: Optimization terminated successfully. after 8 it.
DEBUG:R0@tkref=5.8800: $$$$$$$$ CONFLICT LIST $$$$$$$$: []
INFO:R0: --------------------------
INFO:R0@tkref=6.3700: Time to solve stand alone optimization problem: 0.278738975525
INFO:R0@tkref=6.3700: N of unsatisfied eq: 3
INFO:R0@tkref=6.3700: N of unsatisfied ieq: 6
INFO:R0@tkref=6.3700: Summary: Optimization terminated successfully. after 7 it.
DEBUG:R0@tkref=6.3700: $$$$$$$$ CONFLICT LIST $$$$$$$$: []
INFO:R0: --------------------------
INFO:R0@tkref=6.8600: Time to solve stand alone optimization problem: 0.232815027237
INFO:R0@tkref=6.8600: N of unsatisfied eq: 2
INFO:R0@tkref=6.8600: N of unsatisfied ieq: 7
INFO:R0@tkref=6.8600: Summary: Optimization terminated successfully. after 7 it.
DEBUG:R0@tkref=6.8600: $$$$$$$$ CONFLICT LIST $$$$$$$$: []
INFO:R0: --------------------------
INFO:R0@tkref=7.3500: Time to solve stand alone optimization problem: 0.235867023468
INFO:R0@tkref=7.3500: N of unsatisfied eq: 2
INFO:R0@tkref=7.3500: N of unsatisfied ieq: 8
INFO:R0@tkref=7.3500: Summary: Optimization terminated successfully. after 7 it.
DEBUG:R0@tkref=7.3500: $$$$$$$$ CONFLICT LIST $$$$$$$$: []
INFO:R0: --------------------------
DEBUG:R0: LAST STEP
DEBUG:R0: Approx remaining dist: 0.98847330767
DEBUG:R0: Usual approx plan dist: 4.9
DEBUG:R0: Approx gain in dist: 3.91152669233
DEBUG:R0: Last step min dist: 0.5
INFO:R0: scale 0.201729246463 Ns 7 Nk 3
INFO:R0@tkref=7.8400: Time to solve stand alone optimization problem: 0.526058912277
INFO:R0@tkref=7.8400: N of unsatisfied eq: 10
INFO:R0@tkref=7.8400: N of unsatisfied ieq: 2
INFO:R0@tkref=7.8400: Summary: Iteration limit exceeded after 26 it.
DEBUG:R0@tkref=7.8400: $$$$$$$$ CONFLICT LIST $$$$$$$$: []
INFO:R0: Finished motion planning
INFO:R0: --------------------------
INFO:R0: TOT: 9.35341334215
INFO:R0: NSE: 17
INFO:R0: FIR: 1.60686993599
INFO:R0: LAS: 0.526896953583
INFO:R0: LMA: 0
INFO:R0: MAX: 0.704856157303
INFO:R0: MIN: 0.202126979828
INFO:R0: AVG: 0.338061761856
INFO:R0: RMP: 1.43848195368
INFO:R0: RMG: 1.43848195368
