DEBUG:R0: Using Tc_p = 3.0
DEBUG:R0: Using Tc_d = 3.0
INFO:R0: Init motion planning
INFO:R0@tkref=0.0000: Time to solve stand alone optimization problem: 0.959692955017
INFO:R0@tkref=0.0000: N of unsatisfied eq: 5
INFO:R0@tkref=0.0000: N of unsatisfied ieq: 8
INFO:R0@tkref=0.0000: Summary: Iteration limit exceeded after 41 it.
DEBUG:R0@tkref=0.0000: $$$$$$$$ CONFLICT LIST $$$$$$$$: []
INFO:R0: --------------------------
INFO:R0@tkref=3.0000: Time to solve stand alone optimization problem: 0.0239949226379
INFO:R0@tkref=3.0000: N of unsatisfied eq: 3
INFO:R0@tkref=3.0000: N of unsatisfied ieq: 3
INFO:R0@tkref=3.0000: Summary: Optimization terminated successfully. after 1 it.
DEBUG:R0@tkref=3.0000: $$$$$$$$ CONFLICT LIST $$$$$$$$: []
INFO:R0: --------------------------
DEBUG:R0: LAST STEP
DEBUG:R0: Approx remaining dist: 1.19448946889
DEBUG:R0: Usual approx plan dist: 3.0
DEBUG:R0: Approx gain in dist: 1.80551053111
DEBUG:R0: Last step min dist: 0.5
INFO:R0: scale 0.398163156297 Ns 7 Nk 3
INFO:R0@tkref=6.0000: Time to solve stand alone optimization problem: 0.36003613472
INFO:R0@tkref=6.0000: N of unsatisfied eq: 10
INFO:R0@tkref=6.0000: N of unsatisfied ieq: 4
INFO:R0@tkref=6.0000: Summary: Iteration limit exceeded after 26 it.
DEBUG:R0@tkref=6.0000: $$$$$$$$ CONFLICT LIST $$$$$$$$: []
INFO:R0: Finished motion planning
INFO:R0: --------------------------
INFO:R0: TOT: 7.34244604997
INFO:R0: NSE: 3
INFO:R0: FIR: 0.961276769638
INFO:R0: LAS: 0.361052036285
INFO:R0: LMA: 1
INFO:R0: MAX: 0.0246710777283
INFO:R0: MIN: 0.0246710777283
INFO:R0: AVG: 0.0246710777283
INFO:R0: RMP: 0.00822369257609
INFO:R0: RMG: 0.120350678762
