DEBUG:R0: Using Tc_p = 0.533333333333
DEBUG:R0: Using Tc_d = 0.533333333333
INFO:R0: Init motion planning
INFO:R0@tkref=0.0000: Time to solve stand alone optimization problem: 0.964900970459
INFO:R0@tkref=0.0000: N of unsatisfied eq: 5
INFO:R0@tkref=0.0000: N of unsatisfied ieq: 6
INFO:R0@tkref=0.0000: Summary: Iteration limit exceeded after 41 it.
DEBUG:R0@tkref=0.0000: $$$$$$$$ CONFLICT LIST $$$$$$$$: []
INFO:R0: --------------------------
INFO:R0@tkref=0.5333: Time to solve stand alone optimization problem: 0.0977330207825
INFO:R0@tkref=0.5333: N of unsatisfied eq: 3
INFO:R0@tkref=0.5333: N of unsatisfied ieq: 7
INFO:R0@tkref=0.5333: Summary: Optimization terminated successfully. after 4 it.
DEBUG:R0@tkref=0.5333: $$$$$$$$ CONFLICT LIST $$$$$$$$: []
INFO:R0: --------------------------
INFO:R0@tkref=1.0667: Time to solve stand alone optimization problem: 0.0231750011444
INFO:R0@tkref=1.0667: N of unsatisfied eq: 4
INFO:R0@tkref=1.0667: N of unsatisfied ieq: 6
INFO:R0@tkref=1.0667: Summary: Optimization terminated successfully. after 1 it.
DEBUG:R0@tkref=1.0667: $$$$$$$$ CONFLICT LIST $$$$$$$$: []
INFO:R0: --------------------------
INFO:R0@tkref=1.6000: Time to solve stand alone optimization problem: 0.0232510566711
INFO:R0@tkref=1.6000: N of unsatisfied eq: 3
INFO:R0@tkref=1.6000: N of unsatisfied ieq: 6
INFO:R0@tkref=1.6000: Summary: Optimization terminated successfully. after 1 it.
DEBUG:R0@tkref=1.6000: $$$$$$$$ CONFLICT LIST $$$$$$$$: []
INFO:R0: --------------------------
INFO:R0@tkref=2.1333: Time to solve stand alone optimization problem: 0.0233130455017
INFO:R0@tkref=2.1333: N of unsatisfied eq: 4
INFO:R0@tkref=2.1333: N of unsatisfied ieq: 4
INFO:R0@tkref=2.1333: Summary: Optimization terminated successfully. after 1 it.
DEBUG:R0@tkref=2.1333: $$$$$$$$ CONFLICT LIST $$$$$$$$: []
INFO:R0: --------------------------
INFO:R0@tkref=2.6667: Time to solve stand alone optimization problem: 0.0232870578766
INFO:R0@tkref=2.6667: N of unsatisfied eq: 4
INFO:R0@tkref=2.6667: N of unsatisfied ieq: 5
INFO:R0@tkref=2.6667: Summary: Optimization terminated successfully. after 1 it.
DEBUG:R0@tkref=2.6667: $$$$$$$$ CONFLICT LIST $$$$$$$$: []
INFO:R0: --------------------------
INFO:R0@tkref=3.2000: Time to solve stand alone optimization problem: 0.0232419967651
INFO:R0@tkref=3.2000: N of unsatisfied eq: 3
INFO:R0@tkref=3.2000: N of unsatisfied ieq: 6
INFO:R0@tkref=3.2000: Summary: Optimization terminated successfully. after 1 it.
DEBUG:R0@tkref=3.2000: $$$$$$$$ CONFLICT LIST $$$$$$$$: []
INFO:R0: --------------------------
INFO:R0@tkref=3.7333: Time to solve stand alone optimization problem: 0.0234160423279
INFO:R0@tkref=3.7333: N of unsatisfied eq: 4
INFO:R0@tkref=3.7333: N of unsatisfied ieq: 5
INFO:R0@tkref=3.7333: Summary: Optimization terminated successfully. after 1 it.
DEBUG:R0@tkref=3.7333: $$$$$$$$ CONFLICT LIST $$$$$$$$: []
INFO:R0: --------------------------
INFO:R0@tkref=4.2667: Time to solve stand alone optimization problem: 0.023500919342
INFO:R0@tkref=4.2667: N of unsatisfied eq: 5
INFO:R0@tkref=4.2667: N of unsatisfied ieq: 6
INFO:R0@tkref=4.2667: Summary: Optimization terminated successfully. after 1 it.
DEBUG:R0@tkref=4.2667: $$$$$$$$ CONFLICT LIST $$$$$$$$: []
INFO:R0: --------------------------
INFO:R0@tkref=4.8000: Time to solve stand alone optimization problem: 0.0235109329224
INFO:R0@tkref=4.8000: N of unsatisfied eq: 4
INFO:R0@tkref=4.8000: N of unsatisfied ieq: 3
INFO:R0@tkref=4.8000: Summary: Optimization terminated successfully. after 1 it.
DEBUG:R0@tkref=4.8000: $$$$$$$$ CONFLICT LIST $$$$$$$$: []
INFO:R0: --------------------------
INFO:R0@tkref=5.3333: Time to solve stand alone optimization problem: 0.0232288837433
INFO:R0@tkref=5.3333: N of unsatisfied eq: 5
INFO:R0@tkref=5.3333: N of unsatisfied ieq: 6
INFO:R0@tkref=5.3333: Summary: Optimization terminated successfully. after 1 it.
DEBUG:R0@tkref=5.3333: $$$$$$$$ CONFLICT LIST $$$$$$$$: []
INFO:R0: --------------------------
INFO:R0@tkref=5.8667: Time to solve stand alone optimization problem: 0.0227720737457
INFO:R0@tkref=5.8667: N of unsatisfied eq: 3
INFO:R0@tkref=5.8667: N of unsatisfied ieq: 5
INFO:R0@tkref=5.8667: Summary: Optimization terminated successfully. after 1 it.
DEBUG:R0@tkref=5.8667: $$$$$$$$ CONFLICT LIST $$$$$$$$: []
INFO:R0: --------------------------
DEBUG:R0: LAST STEP
DEBUG:R0: Approx remaining dist: 0.636354505548
DEBUG:R0: Usual approx plan dist: 0.8
DEBUG:R0: Approx gain in dist: 0.163645494452
DEBUG:R0: Last step min dist: 0.5
INFO:R0: scale 0.795443131935 Ns 9 Nk 5
INFO:R0@tkref=6.4000: Time to solve stand alone optimization problem: 0.525665044785
INFO:R0@tkref=6.4000: N of unsatisfied eq: 10
INFO:R0@tkref=6.4000: N of unsatisfied ieq: 4
INFO:R0@tkref=6.4000: Summary: Iteration limit exceeded after 26 it.
DEBUG:R0@tkref=6.4000: $$$$$$$$ CONFLICT LIST $$$$$$$$: []
INFO:R0: Finished motion planning
INFO:R0: --------------------------
INFO:R0: TOT: 7.0713601344
INFO:R0: NSE: 13
INFO:R0: FIR: 0.966066122055
INFO:R0: LAS: 0.526415109634
INFO:R0: LMA: 1
INFO:R0: MAX: 0.09845495224
INFO:R0: MIN: 0.0234241485596
INFO:R0: AVG: 0.0306960235942
INFO:R0: RMP: 0.18460303545
INFO:R0: RMG: 0.987028330564
