DEBUG:R0: Using Tc_p = 1.63333333333
DEBUG:R0: Using Tc_d = 1.63333333333
INFO:R0: Init motion planning
INFO:R0@tkref=0.0000: Time to solve stand alone optimization problem: 1.59741091728
INFO:R0@tkref=0.0000: N of unsatisfied eq: 5
INFO:R0@tkref=0.0000: N of unsatisfied ieq: 6
INFO:R0@tkref=0.0000: Summary: Iteration limit exceeded after 41 it.
DEBUG:R0@tkref=0.0000: $$$$$$$$ CONFLICT LIST $$$$$$$$: []
INFO:R0: --------------------------
INFO:R0@tkref=1.6333: Time to solve stand alone optimization problem: 0.505576133728
INFO:R0@tkref=1.6333: N of unsatisfied eq: 2
INFO:R0@tkref=1.6333: N of unsatisfied ieq: 5
INFO:R0@tkref=1.6333: Summary: Optimization terminated successfully. after 13 it.
DEBUG:R0@tkref=1.6333: $$$$$$$$ CONFLICT LIST $$$$$$$$: []
INFO:R0: --------------------------
INFO:R0@tkref=3.2667: Time to solve stand alone optimization problem: 0.184746980667
INFO:R0@tkref=3.2667: N of unsatisfied eq: 2
INFO:R0@tkref=3.2667: N of unsatisfied ieq: 6
INFO:R0@tkref=3.2667: Summary: Optimization terminated successfully. after 5 it.
DEBUG:R0@tkref=3.2667: $$$$$$$$ CONFLICT LIST $$$$$$$$: []
INFO:R0: --------------------------
INFO:R0@tkref=4.9000: Time to solve stand alone optimization problem: 0.123354911804
INFO:R0@tkref=4.9000: N of unsatisfied eq: 3
INFO:R0@tkref=4.9000: N of unsatisfied ieq: 6
INFO:R0@tkref=4.9000: Summary: Optimization terminated successfully. after 3 it.
DEBUG:R0@tkref=4.9000: $$$$$$$$ CONFLICT LIST $$$$$$$$: []
INFO:R0: --------------------------
DEBUG:R0: LAST STEP
DEBUG:R0: Approx remaining dist: 1.06456428857
DEBUG:R0: Usual approx plan dist: 4.9
DEBUG:R0: Approx gain in dist: 3.83543571143
DEBUG:R0: Last step min dist: 0.5
INFO:R0: scale 0.217258018076 Ns 7 Nk 3
INFO:R0@tkref=6.5333: Time to solve stand alone optimization problem: 0.545764923096
INFO:R0@tkref=6.5333: N of unsatisfied eq: 10
INFO:R0@tkref=6.5333: N of unsatisfied ieq: 4
INFO:R0@tkref=6.5333: Summary: Iteration limit exceeded after 26 it.
DEBUG:R0@tkref=6.5333: $$$$$$$$ CONFLICT LIST $$$$$$$$: []
INFO:R0: Finished motion planning
INFO:R0: --------------------------
INFO:R0: TOT: 7.72340606216
INFO:R0: NSE: 5
INFO:R0: FIR: 1.59895300865
INFO:R0: LAS: 0.546709060669
INFO:R0: LMA: 1
INFO:R0: MAX: 0.506367921829
INFO:R0: MIN: 0.124177932739
INFO:R0: AVG: 0.272022247314
INFO:R0: RMP: 0.31002117663
INFO:R0: RMG: 0.334719833063
