DEBUG:R0: Using Tc_p = 1.66666666667
DEBUG:R0: Using Tc_d = 1.66666666667
INFO:R0: Init motion planning
INFO:R0@tkref=0.0000: Time to solve stand alone optimization problem: 0.936251878738
INFO:R0@tkref=0.0000: N of unsatisfied eq: 5
INFO:R0@tkref=0.0000: N of unsatisfied ieq: 6
INFO:R0@tkref=0.0000: Summary: Iteration limit exceeded after 41 it.
DEBUG:R0@tkref=0.0000: $$$$$$$$ CONFLICT LIST $$$$$$$$: []
INFO:R0: --------------------------
INFO:R0@tkref=1.6667: Time to solve stand alone optimization problem: 0.0240571498871
INFO:R0@tkref=1.6667: N of unsatisfied eq: 3
INFO:R0@tkref=1.6667: N of unsatisfied ieq: 5
INFO:R0@tkref=1.6667: Summary: Optimization terminated successfully. after 1 it.
DEBUG:R0@tkref=1.6667: $$$$$$$$ CONFLICT LIST $$$$$$$$: []
INFO:R0: --------------------------
INFO:R0@tkref=3.3333: Time to solve stand alone optimization problem: 0.0225920677185
INFO:R0@tkref=3.3333: N of unsatisfied eq: 4
INFO:R0@tkref=3.3333: N of unsatisfied ieq: 6
INFO:R0@tkref=3.3333: Summary: Optimization terminated successfully. after 1 it.
DEBUG:R0@tkref=3.3333: $$$$$$$$ CONFLICT LIST $$$$$$$$: []
INFO:R0: --------------------------
INFO:R0@tkref=5.0000: Time to solve stand alone optimization problem: 0.022656917572
INFO:R0@tkref=5.0000: N of unsatisfied eq: 4
INFO:R0@tkref=5.0000: N of unsatisfied ieq: 6
INFO:R0@tkref=5.0000: Summary: Optimization terminated successfully. after 1 it.
DEBUG:R0@tkref=5.0000: $$$$$$$$ CONFLICT LIST $$$$$$$$: []
INFO:R0: --------------------------
DEBUG:R0: LAST STEP
DEBUG:R0: Approx remaining dist: 0.465132125303
DEBUG:R0: Usual approx plan dist: 3.0
DEBUG:R0: Approx gain in dist: 2.5348678747
DEBUG:R0: Last step min dist: 0.5
INFO:R0: scale 0.155044041768 Ns 7 Nk 3
INFO:R0@tkref=6.6667: Time to solve stand alone optimization problem: 0.356351137161
INFO:R0@tkref=6.6667: N of unsatisfied eq: 10
INFO:R0@tkref=6.6667: N of unsatisfied ieq: 4
INFO:R0@tkref=6.6667: Summary: Iteration limit exceeded after 26 it.
DEBUG:R0@tkref=6.6667: $$$$$$$$ CONFLICT LIST $$$$$$$$: []
INFO:R0: Finished motion planning
INFO:R0: --------------------------
INFO:R0: TOT: 7.18938318012
INFO:R0: NSE: 5
INFO:R0: FIR: 0.937494039536
INFO:R0: LAS: 0.35712313652
INFO:R0: LMA: 1
INFO:R0: MAX: 0.024729013443
INFO:R0: MIN: 0.0232379436493
INFO:R0: AVG: 0.0237543582916
INFO:R0: RMP: 0.0148374080658
INFO:R0: RMG: 0.214273881912
