DEBUG:R0: Using Tc_p = 2.72
DEBUG:R0: Using Tc_d = 2.72
INFO:R0: Init motion planning
INFO:R0@tkref=0.0000: Time to solve stand alone optimization problem: 0.907356023788
INFO:R0@tkref=0.0000: N of unsatisfied eq: 5
INFO:R0@tkref=0.0000: N of unsatisfied ieq: 9
INFO:R0@tkref=0.0000: Summary: Iteration limit exceeded after 41 it.
DEBUG:R0@tkref=0.0000: $$$$$$$$ CONFLICT LIST $$$$$$$$: []
INFO:R0: --------------------------
INFO:R0@tkref=2.7200: Time to solve stand alone optimization problem: 0.0227241516113
INFO:R0@tkref=2.7200: N of unsatisfied eq: 3
INFO:R0@tkref=2.7200: N of unsatisfied ieq: 3
INFO:R0@tkref=2.7200: Summary: Optimization terminated successfully. after 1 it.
DEBUG:R0@tkref=2.7200: $$$$$$$$ CONFLICT LIST $$$$$$$$: []
INFO:R0: --------------------------
DEBUG:R0: LAST STEP
DEBUG:R0: Approx remaining dist: 1.78541703267
DEBUG:R0: Usual approx plan dist: 3.4
DEBUG:R0: Approx gain in dist: 1.61458296733
DEBUG:R0: Last step min dist: 0.5
INFO:R0: scale 0.525122656667 Ns 7 Nk 3
INFO:R0@tkref=5.4400: Time to solve stand alone optimization problem: 0.359612941742
INFO:R0@tkref=5.4400: N of unsatisfied eq: 10
INFO:R0@tkref=5.4400: N of unsatisfied ieq: 4
INFO:R0@tkref=5.4400: Summary: Iteration limit exceeded after 26 it.
DEBUG:R0@tkref=5.4400: $$$$$$$$ CONFLICT LIST $$$$$$$$: []
INFO:R0: Finished motion planning
INFO:R0: --------------------------
INFO:R0: TOT: 7.44675417522
INFO:R0: NSE: 3
INFO:R0: FIR: 0.90861582756
INFO:R0: LAS: 0.360357999802
INFO:R0: LMA: 1
INFO:R0: MAX: 0.0233881473541
INFO:R0: MIN: 0.0233881473541
INFO:R0: AVG: 0.0233881473541
INFO:R0: RMP: 0.00859858358608
INFO:R0: RMG: 0.132484558751
