DEBUG:R0: Using Tc_p = 2.46666666667
DEBUG:R0: Using Tc_d = 2.46666666667
INFO:R0: Init motion planning
INFO:R0@tkref=0.0000: Time to solve stand alone optimization problem: 1.5204410553
INFO:R0@tkref=0.0000: N of unsatisfied eq: 4
INFO:R0@tkref=0.0000: N of unsatisfied ieq: 8
INFO:R0@tkref=0.0000: Summary: Iteration limit exceeded after 41 it.
DEBUG:R0@tkref=0.0000: $$$$$$$$ CONFLICT LIST $$$$$$$$: []
INFO:R0: --------------------------
INFO:R0@tkref=2.4667: Time to solve stand alone optimization problem: 0.362241029739
INFO:R0@tkref=2.4667: N of unsatisfied eq: 3
INFO:R0@tkref=2.4667: N of unsatisfied ieq: 7
INFO:R0@tkref=2.4667: Summary: Optimization terminated successfully. after 8 it.
DEBUG:R0@tkref=2.4667: $$$$$$$$ CONFLICT LIST $$$$$$$$: []
INFO:R0: --------------------------
DEBUG:R0: LAST STEP
DEBUG:R0: Approx remaining dist: 2.38002420382
DEBUG:R0: Usual approx plan dist: 3.7
DEBUG:R0: Approx gain in dist: 1.31997579618
DEBUG:R0: Last step min dist: 0.5
INFO:R0: scale 0.643249784816 Ns 8 Nk 4
INFO:R0@tkref=4.9333: Time to solve stand alone optimization problem: 0.742043972015
INFO:R0@tkref=4.9333: N of unsatisfied eq: 10
INFO:R0@tkref=4.9333: N of unsatisfied ieq: 3
INFO:R0@tkref=4.9333: Summary: Iteration limit exceeded after 26 it.
DEBUG:R0@tkref=4.9333: $$$$$$$$ CONFLICT LIST $$$$$$$$: []
INFO:R0: Finished motion planning
INFO:R0: --------------------------
INFO:R0: TOT: 7.53570476567
INFO:R0: NSE: 3
INFO:R0: FIR: 1.52232694626
INFO:R0: LAS: 0.744648933411
INFO:R0: LMA: 1
INFO:R0: MAX: 0.363194227219
INFO:R0: MIN: 0.363194227219
INFO:R0: AVG: 0.363194227219
INFO:R0: RMP: 0.147240902926
INFO:R0: RMG: 0.301884702734
