DEBUG:R0: Using Tc_p = 1.33333333333
DEBUG:R0: Using Tc_d = 1.33333333333
INFO:R0: Init motion planning
INFO:R0@tkref=0.0000: Time to solve stand alone optimization problem: 1.43537712097
INFO:R0@tkref=0.0000: N of unsatisfied eq: 4
INFO:R0@tkref=0.0000: N of unsatisfied ieq: 9
INFO:R0@tkref=0.0000: Summary: Iteration limit exceeded after 41 it.
DEBUG:R0@tkref=0.0000: $$$$$$$$ CONFLICT LIST $$$$$$$$: []
INFO:R0: --------------------------
INFO:R0@tkref=1.3333: Time to solve stand alone optimization problem: 0.354820013046
INFO:R0@tkref=1.3333: N of unsatisfied eq: 2
INFO:R0@tkref=1.3333: N of unsatisfied ieq: 7
INFO:R0@tkref=1.3333: Summary: Optimization terminated successfully. after 9 it.
DEBUG:R0@tkref=1.3333: $$$$$$$$ CONFLICT LIST $$$$$$$$: []
INFO:R0: --------------------------
INFO:R0@tkref=2.6667: Time to solve stand alone optimization problem: 0.308069944382
INFO:R0@tkref=2.6667: N of unsatisfied eq: 1
INFO:R0@tkref=2.6667: N of unsatisfied ieq: 8
INFO:R0@tkref=2.6667: Summary: Optimization terminated successfully. after 8 it.
DEBUG:R0@tkref=2.6667: $$$$$$$$ CONFLICT LIST $$$$$$$$: []
INFO:R0: --------------------------
INFO:R0@tkref=4.0000: Time to solve stand alone optimization problem: 0.196686983109
INFO:R0@tkref=4.0000: N of unsatisfied eq: 3
INFO:R0@tkref=4.0000: N of unsatisfied ieq: 7
INFO:R0@tkref=4.0000: Summary: Optimization terminated successfully. after 5 it.
DEBUG:R0@tkref=4.0000: $$$$$$$$ CONFLICT LIST $$$$$$$$: []
INFO:R0: --------------------------
INFO:R0@tkref=5.3333: Time to solve stand alone optimization problem: 0.0807588100433
INFO:R0@tkref=5.3333: N of unsatisfied eq: 3
INFO:R0@tkref=5.3333: N of unsatisfied ieq: 6
INFO:R0@tkref=5.3333: Summary: Optimization terminated successfully. after 2 it.
DEBUG:R0@tkref=5.3333: $$$$$$$$ CONFLICT LIST $$$$$$$$: []
INFO:R0: --------------------------
DEBUG:R0: LAST STEP
DEBUG:R0: Approx remaining dist: 0.716692168369
DEBUG:R0: Usual approx plan dist: 4.0
DEBUG:R0: Approx gain in dist: 3.28330783163
DEBUG:R0: Last step min dist: 0.5
INFO:R0: scale 0.179173042092 Ns 7 Nk 3
INFO:R0@tkref=6.6667: Time to solve stand alone optimization problem: 0.49189209938
INFO:R0@tkref=6.6667: N of unsatisfied eq: 8
INFO:R0@tkref=6.6667: N of unsatisfied ieq: 4
INFO:R0@tkref=6.6667: Summary: Iteration limit exceeded after 26 it.
DEBUG:R0@tkref=6.6667: $$$$$$$$ CONFLICT LIST $$$$$$$$: []
INFO:R0: Finished motion planning
INFO:R0: --------------------------
INFO:R0: TOT: 7.47211491697
INFO:R0: NSE: 6
INFO:R0: FIR: 1.43688178062
INFO:R0: LAS: 0.492717027664
INFO:R0: LMA: 1
INFO:R0: MAX: 0.355655908585
INFO:R0: MIN: 0.0814838409424
INFO:R0: AVG: 0.235866189003
INFO:R0: RMP: 0.266741931438
INFO:R0: RMG: 0.369537770748
