DEBUG:R0: Using Tc_p = 1.02
DEBUG:R0: Using Tc_d = 1.02
INFO:R0: Init motion planning
INFO:R0@tkref=0.0000: Time to solve stand alone optimization problem: 0.922474861145
INFO:R0@tkref=0.0000: N of unsatisfied eq: 5
INFO:R0@tkref=0.0000: N of unsatisfied ieq: 9
INFO:R0@tkref=0.0000: Summary: Iteration limit exceeded after 41 it.
DEBUG:R0@tkref=0.0000: $$$$$$$$ CONFLICT LIST $$$$$$$$: []
INFO:R0: --------------------------
INFO:R0@tkref=1.0200: Time to solve stand alone optimization problem: 0.0240910053253
INFO:R0@tkref=1.0200: N of unsatisfied eq: 3
INFO:R0@tkref=1.0200: N of unsatisfied ieq: 5
INFO:R0@tkref=1.0200: Summary: Optimization terminated successfully. after 1 it.
DEBUG:R0@tkref=1.0200: $$$$$$$$ CONFLICT LIST $$$$$$$$: []
INFO:R0: --------------------------
INFO:R0@tkref=2.0400: Time to solve stand alone optimization problem: 0.0234189033508
INFO:R0@tkref=2.0400: N of unsatisfied eq: 3
INFO:R0@tkref=2.0400: N of unsatisfied ieq: 8
INFO:R0@tkref=2.0400: Summary: Optimization terminated successfully. after 1 it.
DEBUG:R0@tkref=2.0400: $$$$$$$$ CONFLICT LIST $$$$$$$$: []
INFO:R0: --------------------------
INFO:R0@tkref=3.0600: Time to solve stand alone optimization problem: 0.0451049804688
INFO:R0@tkref=3.0600: N of unsatisfied eq: 3
INFO:R0@tkref=3.0600: N of unsatisfied ieq: 9
INFO:R0@tkref=3.0600: Summary: Optimization terminated successfully. after 2 it.
DEBUG:R0@tkref=3.0600: $$$$$$$$ CONFLICT LIST $$$$$$$$: []
INFO:R0: --------------------------
INFO:R0@tkref=4.0800: Time to solve stand alone optimization problem: 0.0234708786011
INFO:R0@tkref=4.0800: N of unsatisfied eq: 3
INFO:R0@tkref=4.0800: N of unsatisfied ieq: 4
INFO:R0@tkref=4.0800: Summary: Optimization terminated successfully. after 1 it.
DEBUG:R0@tkref=4.0800: $$$$$$$$ CONFLICT LIST $$$$$$$$: []
INFO:R0: --------------------------
INFO:R0@tkref=5.1000: Time to solve stand alone optimization problem: 0.0233461856842
INFO:R0@tkref=5.1000: N of unsatisfied eq: 3
INFO:R0@tkref=5.1000: N of unsatisfied ieq: 4
INFO:R0@tkref=5.1000: Summary: Optimization terminated successfully. after 1 it.
DEBUG:R0@tkref=5.1000: $$$$$$$$ CONFLICT LIST $$$$$$$$: []
INFO:R0: --------------------------
DEBUG:R0: LAST STEP
DEBUG:R0: Approx remaining dist: 1.10642517635
DEBUG:R0: Usual approx plan dist: 3.4
DEBUG:R0: Approx gain in dist: 2.29357482365
DEBUG:R0: Last step min dist: 0.5
INFO:R0: scale 0.325419169515 Ns 7 Nk 3
INFO:R0@tkref=6.1200: Time to solve stand alone optimization problem: 0.369816064835
INFO:R0@tkref=6.1200: N of unsatisfied eq: 10
INFO:R0@tkref=6.1200: N of unsatisfied ieq: 4
INFO:R0@tkref=6.1200: Summary: Iteration limit exceeded after 26 it.
DEBUG:R0@tkref=6.1200: $$$$$$$$ CONFLICT LIST $$$$$$$$: []
INFO:R0: Finished motion planning
INFO:R0: --------------------------
INFO:R0: TOT: 7.36346438369
INFO:R0: NSE: 7
INFO:R0: FIR: 0.924543857574
INFO:R0: LAS: 0.370589017868
INFO:R0: LMA: 1
INFO:R0: MAX: 0.0457692146301
INFO:R0: MIN: 0.0239970684052
INFO:R0: AVG: 0.028547668457
INFO:R0: RMP: 0.0448717790491
INFO:R0: RMG: 0.363322566537
