DEBUG:R0: Using Tc_p = 2.2
DEBUG:R0: Using Tc_d = 2.2
INFO:R0: Init motion planning
INFO:R0@tkref=0.0000: Time to solve stand alone optimization problem: 0.953684091568
INFO:R0@tkref=0.0000: N of unsatisfied eq: 5
INFO:R0@tkref=0.0000: N of unsatisfied ieq: 8
INFO:R0@tkref=0.0000: Summary: Iteration limit exceeded after 41 it.
DEBUG:R0@tkref=0.0000: $$$$$$$$ CONFLICT LIST $$$$$$$$: []
INFO:R0: --------------------------
INFO:R0@tkref=2.2000: Time to solve stand alone optimization problem: 0.0242338180542
INFO:R0@tkref=2.2000: N of unsatisfied eq: 3
INFO:R0@tkref=2.2000: N of unsatisfied ieq: 4
INFO:R0@tkref=2.2000: Summary: Optimization terminated successfully. after 1 it.
DEBUG:R0@tkref=2.2000: $$$$$$$$ CONFLICT LIST $$$$$$$$: []
INFO:R0: --------------------------
INFO:R0@tkref=4.4000: Time to solve stand alone optimization problem: 0.0226588249207
INFO:R0@tkref=4.4000: N of unsatisfied eq: 5
INFO:R0@tkref=4.4000: N of unsatisfied ieq: 5
INFO:R0@tkref=4.4000: Summary: Optimization terminated successfully. after 1 it.
DEBUG:R0@tkref=4.4000: $$$$$$$$ CONFLICT LIST $$$$$$$$: []
INFO:R0: --------------------------
DEBUG:R0: LAST STEP
DEBUG:R0: Approx remaining dist: 0.543054112533
DEBUG:R0: Usual approx plan dist: 2.2
DEBUG:R0: Approx gain in dist: 1.65694588747
DEBUG:R0: Last step min dist: 0.5
INFO:R0: scale 0.246842778424 Ns 7 Nk 3
INFO:R0@tkref=6.6000: Time to solve stand alone optimization problem: 0.358126163483
INFO:R0@tkref=6.6000: N of unsatisfied eq: 10
INFO:R0@tkref=6.6000: N of unsatisfied ieq: 4
INFO:R0@tkref=6.6000: Summary: Iteration limit exceeded after 26 it.
DEBUG:R0@tkref=6.6000: $$$$$$$$ CONFLICT LIST $$$$$$$$: []
INFO:R0: Finished motion planning
INFO:R0: --------------------------
INFO:R0: TOT: 7.21028931419
INFO:R0: NSE: 4
INFO:R0: FIR: 0.954949855804
INFO:R0: LAS: 0.358831882477
INFO:R0: LMA: 1
INFO:R0: MAX: 0.0248899459839
INFO:R0: MIN: 0.0233001708984
INFO:R0: AVG: 0.0240950584412
INFO:R0: RMP: 0.0113136118109
INFO:R0: RMG: 0.163105401126
