DEBUG:R0: Using Tc_p = 2.05555555556
DEBUG:R0: Using Tc_d = 2.05555555556
INFO:R0: Init motion planning
INFO:R0@tkref=0.0000: Time to solve stand alone optimization problem: 0.862961053848
INFO:R0@tkref=0.0000: N of unsatisfied eq: 5
INFO:R0@tkref=0.0000: N of unsatisfied ieq: 5
INFO:R0@tkref=0.0000: Summary: Iteration limit exceeded after 41 it.
DEBUG:R0@tkref=0.0000: $$$$$$$$ CONFLICT LIST $$$$$$$$: []
INFO:R0: --------------------------
INFO:R0@tkref=2.0556: Time to solve stand alone optimization problem: 0.0216679573059
INFO:R0@tkref=2.0556: N of unsatisfied eq: 3
INFO:R0@tkref=2.0556: N of unsatisfied ieq: 4
INFO:R0@tkref=2.0556: Summary: Optimization terminated successfully. after 1 it.
DEBUG:R0@tkref=2.0556: $$$$$$$$ CONFLICT LIST $$$$$$$$: []
INFO:R0: --------------------------
INFO:R0@tkref=4.1111: Time to solve stand alone optimization problem: 0.0209970474243
INFO:R0@tkref=4.1111: N of unsatisfied eq: 3
INFO:R0@tkref=4.1111: N of unsatisfied ieq: 6
INFO:R0@tkref=4.1111: Summary: Optimization terminated successfully. after 1 it.
DEBUG:R0@tkref=4.1111: $$$$$$$$ CONFLICT LIST $$$$$$$$: []
INFO:R0: --------------------------
DEBUG:R0: LAST STEP
DEBUG:R0: Approx remaining dist: 1.07182737914
DEBUG:R0: Usual approx plan dist: 3.7
DEBUG:R0: Approx gain in dist: 2.62817262086
DEBUG:R0: Last step min dist: 0.5
INFO:R0: scale 0.289683075442 Ns 7 Nk 3
INFO:R0@tkref=6.1667: Time to solve stand alone optimization problem: 0.362304925919
INFO:R0@tkref=6.1667: N of unsatisfied eq: 10
INFO:R0@tkref=6.1667: N of unsatisfied ieq: 4
INFO:R0@tkref=6.1667: Summary: Iteration limit exceeded after 26 it.
DEBUG:R0@tkref=6.1667: $$$$$$$$ CONFLICT LIST $$$$$$$$: []
INFO:R0: Finished motion planning
INFO:R0: --------------------------
INFO:R0: TOT: 7.37124540988
INFO:R0: NSE: 4
INFO:R0: FIR: 0.86451292038
INFO:R0: LAS: 0.363034009933
INFO:R0: LMA: 1
INFO:R0: MAX: 0.0223228931427
INFO:R0: MIN: 0.0216319561005
INFO:R0: AVG: 0.0219774246216
INFO:R0: RMP: 0.0108597858532
INFO:R0: RMG: 0.176611139968
