DEBUG:R0: Using Tc_p = 0.933333333333
DEBUG:R0: Using Tc_d = 0.933333333333
INFO:R0: Init motion planning
INFO:R0@tkref=0.0000: Time to solve stand alone optimization problem: 1.42141413689
INFO:R0@tkref=0.0000: N of unsatisfied eq: 5
INFO:R0@tkref=0.0000: N of unsatisfied ieq: 8
INFO:R0@tkref=0.0000: Summary: Iteration limit exceeded after 41 it.
DEBUG:R0@tkref=0.0000: $$$$$$$$ CONFLICT LIST $$$$$$$$: []
INFO:R0: --------------------------
INFO:R0@tkref=0.9333: Time to solve stand alone optimization problem: 0.3507168293
INFO:R0@tkref=0.9333: N of unsatisfied eq: 2
INFO:R0@tkref=0.9333: N of unsatisfied ieq: 7
INFO:R0@tkref=0.9333: Summary: Optimization terminated successfully. after 9 it.
DEBUG:R0@tkref=0.9333: $$$$$$$$ CONFLICT LIST $$$$$$$$: []
INFO:R0: --------------------------
INFO:R0@tkref=1.8667: Time to solve stand alone optimization problem: 0.311918973923
INFO:R0@tkref=1.8667: N of unsatisfied eq: 2
INFO:R0@tkref=1.8667: N of unsatisfied ieq: 8
INFO:R0@tkref=1.8667: Summary: Optimization terminated successfully. after 8 it.
DEBUG:R0@tkref=1.8667: $$$$$$$$ CONFLICT LIST $$$$$$$$: []
INFO:R0: --------------------------
INFO:R0@tkref=2.8000: Time to solve stand alone optimization problem: 0.200372934341
INFO:R0@tkref=2.8000: N of unsatisfied eq: 3
INFO:R0@tkref=2.8000: N of unsatisfied ieq: 7
INFO:R0@tkref=2.8000: Summary: Optimization terminated successfully. after 5 it.
DEBUG:R0@tkref=2.8000: $$$$$$$$ CONFLICT LIST $$$$$$$$: []
INFO:R0: --------------------------
INFO:R0@tkref=3.7333: Time to solve stand alone optimization problem: 0.501504898071
INFO:R0@tkref=3.7333: N of unsatisfied eq: 2
INFO:R0@tkref=3.7333: N of unsatisfied ieq: 6
INFO:R0@tkref=3.7333: Summary: Optimization terminated successfully. after 13 it.
DEBUG:R0@tkref=3.7333: $$$$$$$$ CONFLICT LIST $$$$$$$$: []
INFO:R0: --------------------------
INFO:R0@tkref=4.6667: Time to solve stand alone optimization problem: 0.118605136871
INFO:R0@tkref=4.6667: N of unsatisfied eq: 3
INFO:R0@tkref=4.6667: N of unsatisfied ieq: 8
INFO:R0@tkref=4.6667: Summary: Optimization terminated successfully. after 3 it.
DEBUG:R0@tkref=4.6667: $$$$$$$$ CONFLICT LIST $$$$$$$$: []
INFO:R0: --------------------------
INFO:R0@tkref=5.6000: Time to solve stand alone optimization problem: 0.0798089504242
INFO:R0@tkref=5.6000: N of unsatisfied eq: 3
INFO:R0@tkref=5.6000: N of unsatisfied ieq: 5
INFO:R0@tkref=5.6000: Summary: Optimization terminated successfully. after 2 it.
DEBUG:R0@tkref=5.6000: $$$$$$$$ CONFLICT LIST $$$$$$$$: []
INFO:R0: --------------------------
DEBUG:R0: LAST STEP
DEBUG:R0: Approx remaining dist: 0.84663568223
DEBUG:R0: Usual approx plan dist: 4.2
DEBUG:R0: Approx gain in dist: 3.35336431777
DEBUG:R0: Last step min dist: 0.5
INFO:R0: scale 0.20157992434 Ns 7 Nk 3
INFO:R0@tkref=6.5333: Time to solve stand alone optimization problem: 0.4839220047
INFO:R0@tkref=6.5333: N of unsatisfied eq: 10
INFO:R0@tkref=6.5333: N of unsatisfied ieq: 4
INFO:R0@tkref=6.5333: Summary: Iteration limit exceeded after 26 it.
DEBUG:R0@tkref=6.5333: $$$$$$$$ CONFLICT LIST $$$$$$$$: []
INFO:R0: Finished motion planning
INFO:R0: --------------------------
INFO:R0: TOT: 7.48380564216
INFO:R0: NSE: 8
INFO:R0: FIR: 1.42267203331
INFO:R0: LAS: 0.484711170197
INFO:R0: LMA: 0
INFO:R0: MAX: 0.502285957336
INFO:R0: MIN: 0.0805380344391
INFO:R0: AVG: 0.261334458987
INFO:R0: RMP: 0.538163525718
INFO:R0: RMG: 0.538163525718
