DEBUG:R0: Using Tc_p = 1.51111111111
DEBUG:R0: Using Tc_d = 1.51111111111
INFO:R0: Init motion planning
INFO:R0@tkref=0.0000: Time to solve stand alone optimization problem: 0.944036960602
INFO:R0@tkref=0.0000: N of unsatisfied eq: 5
INFO:R0@tkref=0.0000: N of unsatisfied ieq: 6
INFO:R0@tkref=0.0000: Summary: Iteration limit exceeded after 41 it.
DEBUG:R0@tkref=0.0000: $$$$$$$$ CONFLICT LIST $$$$$$$$: []
INFO:R0: --------------------------
INFO:R0@tkref=1.5111: Time to solve stand alone optimization problem: 0.0240271091461
INFO:R0@tkref=1.5111: N of unsatisfied eq: 3
INFO:R0@tkref=1.5111: N of unsatisfied ieq: 3
INFO:R0@tkref=1.5111: Summary: Optimization terminated successfully. after 1 it.
DEBUG:R0@tkref=1.5111: $$$$$$$$ CONFLICT LIST $$$$$$$$: []
INFO:R0: --------------------------
INFO:R0@tkref=3.0222: Time to solve stand alone optimization problem: 0.0226669311523
INFO:R0@tkref=3.0222: N of unsatisfied eq: 4
INFO:R0@tkref=3.0222: N of unsatisfied ieq: 6
INFO:R0@tkref=3.0222: Summary: Optimization terminated successfully. after 1 it.
DEBUG:R0@tkref=3.0222: $$$$$$$$ CONFLICT LIST $$$$$$$$: []
INFO:R0: --------------------------
INFO:R0@tkref=4.5333: Time to solve stand alone optimization problem: 0.0229089260101
INFO:R0@tkref=4.5333: N of unsatisfied eq: 4
INFO:R0@tkref=4.5333: N of unsatisfied ieq: 5
INFO:R0@tkref=4.5333: Summary: Optimization terminated successfully. after 1 it.
DEBUG:R0@tkref=4.5333: $$$$$$$$ CONFLICT LIST $$$$$$$$: []
INFO:R0: --------------------------
DEBUG:R0: LAST STEP
DEBUG:R0: Approx remaining dist: 1.10533198404
DEBUG:R0: Usual approx plan dist: 3.4
DEBUG:R0: Approx gain in dist: 2.29466801596
DEBUG:R0: Last step min dist: 0.5
INFO:R0: scale 0.325097642364 Ns 7 Nk 3
INFO:R0@tkref=6.0444: Time to solve stand alone optimization problem: 0.358789205551
INFO:R0@tkref=6.0444: N of unsatisfied eq: 10
INFO:R0@tkref=6.0444: N of unsatisfied ieq: 4
INFO:R0@tkref=6.0444: Summary: Iteration limit exceeded after 26 it.
DEBUG:R0@tkref=6.0444: $$$$$$$$ CONFLICT LIST $$$$$$$$: []
INFO:R0: Finished motion planning
INFO:R0: --------------------------
INFO:R0: TOT: 7.28668202617
INFO:R0: NSE: 5
INFO:R0: FIR: 0.946175098419
INFO:R0: LAS: 0.359560966492
INFO:R0: LMA: 1
INFO:R0: MAX: 0.0246958732605
INFO:R0: MIN: 0.0233159065247
INFO:R0: AVG: 0.0238545735677
INFO:R0: RMP: 0.0163428573047
INFO:R0: RMG: 0.237944757237
