DEBUG:R0: Using Tc_p = 0.888888888889
DEBUG:R0: Using Tc_d = 0.888888888889
INFO:R0: Init motion planning
INFO:R0@tkref=0.0000: Time to solve stand alone optimization problem: 1.29007005692
INFO:R0@tkref=0.0000: N of unsatisfied eq: 5
INFO:R0@tkref=0.0000: N of unsatisfied ieq: 5
INFO:R0@tkref=0.0000: Summary: Iteration limit exceeded after 41 it.
DEBUG:R0@tkref=0.0000: $$$$$$$$ CONFLICT LIST $$$$$$$$: []
INFO:R0: --------------------------
INFO:R0@tkref=0.8889: Time to solve stand alone optimization problem: 0.0383849143982
INFO:R0@tkref=0.8889: N of unsatisfied eq: 3
INFO:R0@tkref=0.8889: N of unsatisfied ieq: 3
INFO:R0@tkref=0.8889: Summary: Optimization terminated successfully. after 1 it.
DEBUG:R0@tkref=0.8889: $$$$$$$$ CONFLICT LIST $$$$$$$$: []
INFO:R0: --------------------------
INFO:R0@tkref=1.7778: Time to solve stand alone optimization problem: 0.0363931655884
INFO:R0@tkref=1.7778: N of unsatisfied eq: 4
INFO:R0@tkref=1.7778: N of unsatisfied ieq: 5
INFO:R0@tkref=1.7778: Summary: Optimization terminated successfully. after 1 it.
DEBUG:R0@tkref=1.7778: $$$$$$$$ CONFLICT LIST $$$$$$$$: []
INFO:R0: --------------------------
INFO:R0@tkref=2.6667: Time to solve stand alone optimization problem: 0.537378072739
INFO:R0@tkref=2.6667: N of unsatisfied eq: 2
INFO:R0@tkref=2.6667: N of unsatisfied ieq: 5
INFO:R0@tkref=2.6667: Summary: Optimization terminated successfully. after 15 it.
DEBUG:R0@tkref=2.6667: $$$$$$$$ CONFLICT LIST $$$$$$$$: []
INFO:R0: --------------------------
INFO:R0@tkref=3.5556: Time to solve stand alone optimization problem: 0.214083909988
INFO:R0@tkref=3.5556: N of unsatisfied eq: 3
INFO:R0@tkref=3.5556: N of unsatisfied ieq: 6
INFO:R0@tkref=3.5556: Summary: Optimization terminated successfully. after 6 it.
DEBUG:R0@tkref=3.5556: $$$$$$$$ CONFLICT LIST $$$$$$$$: []
INFO:R0: --------------------------
INFO:R0@tkref=4.4444: Time to solve stand alone optimization problem: 0.567039012909
INFO:R0@tkref=4.4444: N of unsatisfied eq: 3
INFO:R0@tkref=4.4444: N of unsatisfied ieq: 3
INFO:R0@tkref=4.4444: Summary: Iteration limit exceeded after 16 it.
DEBUG:R0@tkref=4.4444: $$$$$$$$ CONFLICT LIST $$$$$$$$: []
INFO:R0: --------------------------
DEBUG:R0: Big problem 1.77119405049e+15
DEBUG:R0: Big problem 1.77119380666e+13
DEBUG:R0: Big problem 1.77119136838e+11
DEBUG:R0: Big problem 1771166985.64
DEBUG:R0: Big problem 17709231.676
INFO:R0@tkref=5.3333: Time to solve stand alone optimization problem: 0.32572221756
INFO:R0@tkref=5.3333: N of unsatisfied eq: 3
INFO:R0@tkref=5.3333: N of unsatisfied ieq: 13
INFO:R0@tkref=5.3333: Summary: Positive directional derivative for linesearch after 12 it.
DEBUG:R0@tkref=5.3333: $$$$$$$$ CONFLICT LIST $$$$$$$$: []
INFO:R0: --------------------------
INFO:R0@tkref=6.2222: Time to solve stand alone optimization problem: 0.392210960388
INFO:R0@tkref=6.2222: N of unsatisfied eq: 3
INFO:R0@tkref=6.2222: N of unsatisfied ieq: 6
INFO:R0@tkref=6.2222: Summary: Optimization terminated successfully. after 11 it.
DEBUG:R0@tkref=6.2222: $$$$$$$$ CONFLICT LIST $$$$$$$$: []
INFO:R0: --------------------------
DEBUG:R0: LAST STEP
DEBUG:R0: Approx remaining dist: 0.806350360841
DEBUG:R0: Usual approx plan dist: 1.0
DEBUG:R0: Approx gain in dist: 0.193649639159
DEBUG:R0: Last step min dist: 0.5
INFO:R0: scale 0.806350360841 Ns 8 Nk 4
INFO:R0@tkref=7.1111: Time to solve stand alone optimization problem: 0.612920045853
INFO:R0@tkref=7.1111: N of unsatisfied eq: 10
INFO:R0@tkref=7.1111: N of unsatisfied ieq: 3
INFO:R0@tkref=7.1111: Summary: Iteration limit exceeded after 26 it.
DEBUG:R0@tkref=7.1111: $$$$$$$$ CONFLICT LIST $$$$$$$$: []
INFO:R0: Finished motion planning
INFO:R0: --------------------------
INFO:R0: TOT: 7.98078075769
INFO:R0: NSE: 9
INFO:R0: FIR: 1.29177999496
INFO:R0: LAS: 0.6137778759
INFO:R0: LMA: 1
INFO:R0: MAX: 0.567857027054
INFO:R0: MIN: 0.0370969772339
INFO:R0: AVG: 0.302384376526
INFO:R0: RMP: 0.638839155436
INFO:R0: RMG: 0.690500110388
