DEBUG:R0: Using Tc_p = 0.3
DEBUG:R0: Using Tc_d = 0.3
INFO:R0: Init motion planning
INFO:R0@tkref=0.0000: Time to solve stand alone optimization problem: 1.08479189873
INFO:R0@tkref=0.0000: N of unsatisfied eq: 5
INFO:R0@tkref=0.0000: N of unsatisfied ieq: 10
INFO:R0@tkref=0.0000: Summary: Iteration limit exceeded after 41 it.
DEBUG:R0@tkref=0.0000: $$$$$$$$ CONFLICT LIST $$$$$$$$: []
INFO:R0: --------------------------
INFO:R0@tkref=0.3000: Time to solve stand alone optimization problem: 0.0273640155792
INFO:R0@tkref=0.3000: N of unsatisfied eq: 3
INFO:R0@tkref=0.3000: N of unsatisfied ieq: 4
INFO:R0@tkref=0.3000: Summary: Optimization terminated successfully. after 1 it.
DEBUG:R0@tkref=0.3000: $$$$$$$$ CONFLICT LIST $$$$$$$$: []
INFO:R0: --------------------------
INFO:R0@tkref=0.6000: Time to solve stand alone optimization problem: 0.158905982971
INFO:R0@tkref=0.6000: N of unsatisfied eq: 3
INFO:R0@tkref=0.6000: N of unsatisfied ieq: 9
INFO:R0@tkref=0.6000: Summary: Optimization terminated successfully. after 6 it.
DEBUG:R0@tkref=0.6000: $$$$$$$$ CONFLICT LIST $$$$$$$$: []
INFO:R0: --------------------------
INFO:R0@tkref=0.9000: Time to solve stand alone optimization problem: 0.159152984619
INFO:R0@tkref=0.9000: N of unsatisfied eq: 3
INFO:R0@tkref=0.9000: N of unsatisfied ieq: 8
INFO:R0@tkref=0.9000: Summary: Optimization terminated successfully. after 6 it.
DEBUG:R0@tkref=0.9000: $$$$$$$$ CONFLICT LIST $$$$$$$$: []
INFO:R0: --------------------------
INFO:R0@tkref=1.2000: Time to solve stand alone optimization problem: 0.0830647945404
INFO:R0@tkref=1.2000: N of unsatisfied eq: 4
INFO:R0@tkref=1.2000: N of unsatisfied ieq: 10
INFO:R0@tkref=1.2000: Summary: Optimization terminated successfully. after 3 it.
DEBUG:R0@tkref=1.2000: $$$$$$$$ CONFLICT LIST $$$$$$$$: []
INFO:R0: --------------------------
INFO:R0@tkref=1.5000: Time to solve stand alone optimization problem: 0.0261788368225
INFO:R0@tkref=1.5000: N of unsatisfied eq: 3
INFO:R0@tkref=1.5000: N of unsatisfied ieq: 7
INFO:R0@tkref=1.5000: Summary: Optimization terminated successfully. after 1 it.
DEBUG:R0@tkref=1.5000: $$$$$$$$ CONFLICT LIST $$$$$$$$: []
INFO:R0: --------------------------
INFO:R0@tkref=1.8000: Time to solve stand alone optimization problem: 0.0261127948761
INFO:R0@tkref=1.8000: N of unsatisfied eq: 5
INFO:R0@tkref=1.8000: N of unsatisfied ieq: 7
INFO:R0@tkref=1.8000: Summary: Optimization terminated successfully. after 1 it.
DEBUG:R0@tkref=1.8000: $$$$$$$$ CONFLICT LIST $$$$$$$$: []
INFO:R0: --------------------------
INFO:R0@tkref=2.1000: Time to solve stand alone optimization problem: 0.02610206604
INFO:R0@tkref=2.1000: N of unsatisfied eq: 3
INFO:R0@tkref=2.1000: N of unsatisfied ieq: 7
INFO:R0@tkref=2.1000: Summary: Optimization terminated successfully. after 1 it.
DEBUG:R0@tkref=2.1000: $$$$$$$$ CONFLICT LIST $$$$$$$$: []
INFO:R0: --------------------------
INFO:R0@tkref=2.4000: Time to solve stand alone optimization problem: 0.0261299610138
INFO:R0@tkref=2.4000: N of unsatisfied eq: 5
INFO:R0@tkref=2.4000: N of unsatisfied ieq: 8
INFO:R0@tkref=2.4000: Summary: Optimization terminated successfully. after 1 it.
DEBUG:R0@tkref=2.4000: $$$$$$$$ CONFLICT LIST $$$$$$$$: []
INFO:R0: --------------------------
INFO:R0@tkref=2.7000: Time to solve stand alone optimization problem: 0.0264039039612
INFO:R0@tkref=2.7000: N of unsatisfied eq: 4
INFO:R0@tkref=2.7000: N of unsatisfied ieq: 8
INFO:R0@tkref=2.7000: Summary: Optimization terminated successfully. after 1 it.
DEBUG:R0@tkref=2.7000: $$$$$$$$ CONFLICT LIST $$$$$$$$: []
INFO:R0: --------------------------
INFO:R0@tkref=3.0000: Time to solve stand alone optimization problem: 0.0261988639832
INFO:R0@tkref=3.0000: N of unsatisfied eq: 4
INFO:R0@tkref=3.0000: N of unsatisfied ieq: 8
INFO:R0@tkref=3.0000: Summary: Optimization terminated successfully. after 1 it.
DEBUG:R0@tkref=3.0000: $$$$$$$$ CONFLICT LIST $$$$$$$$: []
INFO:R0: --------------------------
INFO:R0@tkref=3.3000: Time to solve stand alone optimization problem: 0.0264179706573
INFO:R0@tkref=3.3000: N of unsatisfied eq: 5
INFO:R0@tkref=3.3000: N of unsatisfied ieq: 7
INFO:R0@tkref=3.3000: Summary: Optimization terminated successfully. after 1 it.
DEBUG:R0@tkref=3.3000: $$$$$$$$ CONFLICT LIST $$$$$$$$: []
INFO:R0: --------------------------
INFO:R0@tkref=3.6000: Time to solve stand alone optimization problem: 0.0264389514923
INFO:R0@tkref=3.6000: N of unsatisfied eq: 5
INFO:R0@tkref=3.6000: N of unsatisfied ieq: 8
INFO:R0@tkref=3.6000: Summary: Optimization terminated successfully. after 1 it.
DEBUG:R0@tkref=3.6000: $$$$$$$$ CONFLICT LIST $$$$$$$$: []
INFO:R0: --------------------------
INFO:R0@tkref=3.9000: Time to solve stand alone optimization problem: 0.0263910293579
INFO:R0@tkref=3.9000: N of unsatisfied eq: 5
INFO:R0@tkref=3.9000: N of unsatisfied ieq: 8
INFO:R0@tkref=3.9000: Summary: Optimization terminated successfully. after 1 it.
DEBUG:R0@tkref=3.9000: $$$$$$$$ CONFLICT LIST $$$$$$$$: []
INFO:R0: --------------------------
INFO:R0@tkref=4.2000: Time to solve stand alone optimization problem: 0.0263419151306
INFO:R0@tkref=4.2000: N of unsatisfied eq: 5
INFO:R0@tkref=4.2000: N of unsatisfied ieq: 8
INFO:R0@tkref=4.2000: Summary: Optimization terminated successfully. after 1 it.
DEBUG:R0@tkref=4.2000: $$$$$$$$ CONFLICT LIST $$$$$$$$: []
INFO:R0: --------------------------
INFO:R0@tkref=4.5000: Time to solve stand alone optimization problem: 0.0263750553131
INFO:R0@tkref=4.5000: N of unsatisfied eq: 5
INFO:R0@tkref=4.5000: N of unsatisfied ieq: 8
INFO:R0@tkref=4.5000: Summary: Optimization terminated successfully. after 1 it.
DEBUG:R0@tkref=4.5000: $$$$$$$$ CONFLICT LIST $$$$$$$$: []
INFO:R0: --------------------------
INFO:R0@tkref=4.8000: Time to solve stand alone optimization problem: 0.0265049934387
INFO:R0@tkref=4.8000: N of unsatisfied eq: 4
INFO:R0@tkref=4.8000: N of unsatisfied ieq: 8
INFO:R0@tkref=4.8000: Summary: Optimization terminated successfully. after 1 it.
DEBUG:R0@tkref=4.8000: $$$$$$$$ CONFLICT LIST $$$$$$$$: []
INFO:R0: --------------------------
INFO:R0@tkref=5.1000: Time to solve stand alone optimization problem: 0.0262100696564
INFO:R0@tkref=5.1000: N of unsatisfied eq: 4
INFO:R0@tkref=5.1000: N of unsatisfied ieq: 8
INFO:R0@tkref=5.1000: Summary: Optimization terminated successfully. after 1 it.
DEBUG:R0@tkref=5.1000: $$$$$$$$ CONFLICT LIST $$$$$$$$: []
INFO:R0: --------------------------
INFO:R0@tkref=5.4000: Time to solve stand alone optimization problem: 0.026615858078
INFO:R0@tkref=5.4000: N of unsatisfied eq: 4
INFO:R0@tkref=5.4000: N of unsatisfied ieq: 7
INFO:R0@tkref=5.4000: Summary: Optimization terminated successfully. after 1 it.
DEBUG:R0@tkref=5.4000: $$$$$$$$ CONFLICT LIST $$$$$$$$: []
INFO:R0: --------------------------
INFO:R0@tkref=5.7000: Time to solve stand alone optimization problem: 0.0260529518127
INFO:R0@tkref=5.7000: N of unsatisfied eq: 4
INFO:R0@tkref=5.7000: N of unsatisfied ieq: 7
INFO:R0@tkref=5.7000: Summary: Optimization terminated successfully. after 1 it.
DEBUG:R0@tkref=5.7000: $$$$$$$$ CONFLICT LIST $$$$$$$$: []
INFO:R0: --------------------------
INFO:R0@tkref=6.0000: Time to solve stand alone optimization problem: 0.026330947876
INFO:R0@tkref=6.0000: N of unsatisfied eq: 5
INFO:R0@tkref=6.0000: N of unsatisfied ieq: 8
INFO:R0@tkref=6.0000: Summary: Optimization terminated successfully. after 1 it.
DEBUG:R0@tkref=6.0000: $$$$$$$$ CONFLICT LIST $$$$$$$$: []
INFO:R0: --------------------------
DEBUG:R0: LAST STEP
DEBUG:R0: Approx remaining dist: 0.762246509227
DEBUG:R0: Usual approx plan dist: 1.1
DEBUG:R0: Approx gain in dist: 0.337753490773
DEBUG:R0: Last step min dist: 0.5
INFO:R0: scale 0.692951372024 Ns 8 Nk 4
INFO:R0@tkref=6.3000: Time to solve stand alone optimization problem: 0.446535825729
INFO:R0@tkref=6.3000: N of unsatisfied eq: 10
INFO:R0@tkref=6.3000: N of unsatisfied ieq: 3
INFO:R0@tkref=6.3000: Summary: Iteration limit exceeded after 26 it.
DEBUG:R0@tkref=6.3000: $$$$$$$$ CONFLICT LIST $$$$$$$$: []
INFO:R0: Finished motion planning
INFO:R0: --------------------------
INFO:R0: TOT: 7.12509001666
INFO:R0: NSE: 22
INFO:R0: FIR: 1.08615994453
INFO:R0: LAS: 0.447314977646
INFO:R0: LMA: 1
INFO:R0: MAX: 0.159882068634
INFO:R0: MIN: 0.02672290802
INFO:R0: AVG: 0.0431390166283
INFO:R0: RMP: 0.53294022878
INFO:R0: RMG: 1.49104992549
