DEBUG:R0: Using Tc_p = 0.4
DEBUG:R0: Using Tc_d = 0.4
INFO:R0: Init motion planning
INFO:R0@tkref=0.0000: Time to solve stand alone optimization problem: 2.74778199196
INFO:R0@tkref=0.0000: N of unsatisfied eq: 3
INFO:R0@tkref=0.0000: N of unsatisfied ieq: 4
INFO:R0@tkref=0.0000: Summary: Iteration limit exceeded after 41 it.
DEBUG:R0@tkref=0.0000: $$$$$$$$ CONFLICT LIST $$$$$$$$: []
INFO:R0: --------------------------
INFO:R0@tkref=0.4000: Time to solve stand alone optimization problem: 0.478235006332
INFO:R0@tkref=0.4000: N of unsatisfied eq: 2
INFO:R0@tkref=0.4000: N of unsatisfied ieq: 8
INFO:R0@tkref=0.4000: Summary: Optimization terminated successfully. after 8 it.
DEBUG:R0@tkref=0.4000: $$$$$$$$ CONFLICT LIST $$$$$$$$: []
INFO:R0: --------------------------
INFO:R0@tkref=0.8000: Time to solve stand alone optimization problem: 0.655273914337
INFO:R0@tkref=0.8000: N of unsatisfied eq: 1
INFO:R0@tkref=0.8000: N of unsatisfied ieq: 8
INFO:R0@tkref=0.8000: Summary: Optimization terminated successfully. after 10 it.
DEBUG:R0@tkref=0.8000: $$$$$$$$ CONFLICT LIST $$$$$$$$: []
INFO:R0: --------------------------
INFO:R0@tkref=1.2000: Time to solve stand alone optimization problem: 1.19457197189
INFO:R0@tkref=1.2000: N of unsatisfied eq: 2
INFO:R0@tkref=1.2000: N of unsatisfied ieq: 7
INFO:R0@tkref=1.2000: Summary: Iteration limit exceeded after 16 it.
DEBUG:R0@tkref=1.2000: $$$$$$$$ CONFLICT LIST $$$$$$$$: []
INFO:R0: --------------------------
INFO:R0@tkref=1.6000: Time to solve stand alone optimization problem: 1.12355208397
INFO:R0@tkref=1.6000: N of unsatisfied eq: 1
INFO:R0@tkref=1.6000: N of unsatisfied ieq: 7
INFO:R0@tkref=1.6000: Summary: Iteration limit exceeded after 16 it.
DEBUG:R0@tkref=1.6000: $$$$$$$$ CONFLICT LIST $$$$$$$$: []
INFO:R0: --------------------------
INFO:R0@tkref=2.0000: Time to solve stand alone optimization problem: 1.06182098389
INFO:R0@tkref=2.0000: N of unsatisfied eq: 2
INFO:R0@tkref=2.0000: N of unsatisfied ieq: 7
INFO:R0@tkref=2.0000: Summary: Iteration limit exceeded after 16 it.
DEBUG:R0@tkref=2.0000: $$$$$$$$ CONFLICT LIST $$$$$$$$: []
INFO:R0: --------------------------
INFO:R0@tkref=2.4000: Time to solve stand alone optimization problem: 0.465497970581
INFO:R0@tkref=2.4000: N of unsatisfied eq: 5
INFO:R0@tkref=2.4000: N of unsatisfied ieq: 17
INFO:R0@tkref=2.4000: Summary: Optimization terminated successfully. after 11 it.
DEBUG:R0@tkref=2.4000: $$$$$$$$ CONFLICT LIST $$$$$$$$: []
INFO:R0: --------------------------
INFO:R0@tkref=2.8000: Time to solve stand alone optimization problem: 1.11423397064
INFO:R0@tkref=2.8000: N of unsatisfied eq: 4
INFO:R0@tkref=2.8000: N of unsatisfied ieq: 10
INFO:R0@tkref=2.8000: Summary: Iteration limit exceeded after 16 it.
DEBUG:R0@tkref=2.8000: $$$$$$$$ CONFLICT LIST $$$$$$$$: []
INFO:R0: --------------------------
INFO:R0@tkref=3.2000: Time to solve stand alone optimization problem: 1.05027413368
INFO:R0@tkref=3.2000: N of unsatisfied eq: 4
INFO:R0@tkref=3.2000: N of unsatisfied ieq: 10
INFO:R0@tkref=3.2000: Summary: Iteration limit exceeded after 16 it.
DEBUG:R0@tkref=3.2000: $$$$$$$$ CONFLICT LIST $$$$$$$$: []
INFO:R0: --------------------------
INFO:R0@tkref=3.6000: Time to solve stand alone optimization problem: 0.934577941895
INFO:R0@tkref=3.6000: N of unsatisfied eq: 3
INFO:R0@tkref=3.6000: N of unsatisfied ieq: 7
INFO:R0@tkref=3.6000: Summary: Optimization terminated successfully. after 13 it.
DEBUG:R0@tkref=3.6000: $$$$$$$$ CONFLICT LIST $$$$$$$$: []
INFO:R0: --------------------------
INFO:R0@tkref=4.0000: Time to solve stand alone optimization problem: 0.656499147415
INFO:R0@tkref=4.0000: N of unsatisfied eq: 1
INFO:R0@tkref=4.0000: N of unsatisfied ieq: 6
INFO:R0@tkref=4.0000: Summary: Optimization terminated successfully. after 9 it.
DEBUG:R0@tkref=4.0000: $$$$$$$$ CONFLICT LIST $$$$$$$$: []
INFO:R0: --------------------------
INFO:R0@tkref=4.4000: Time to solve stand alone optimization problem: 0.68839097023
INFO:R0@tkref=4.4000: N of unsatisfied eq: 3
INFO:R0@tkref=4.4000: N of unsatisfied ieq: 7
INFO:R0@tkref=4.4000: Summary: Optimization terminated successfully. after 9 it.
DEBUG:R0@tkref=4.4000: $$$$$$$$ CONFLICT LIST $$$$$$$$: []
INFO:R0: --------------------------
INFO:R0@tkref=4.8000: Time to solve stand alone optimization problem: 0.974953889847
INFO:R0@tkref=4.8000: N of unsatisfied eq: 2
INFO:R0@tkref=4.8000: N of unsatisfied ieq: 9
INFO:R0@tkref=4.8000: Summary: Optimization terminated successfully. after 13 it.
DEBUG:R0@tkref=4.8000: $$$$$$$$ CONFLICT LIST $$$$$$$$: []
INFO:R0: --------------------------
INFO:R0@tkref=5.2000: Time to solve stand alone optimization problem: 1.06444001198
INFO:R0@tkref=5.2000: N of unsatisfied eq: 3
INFO:R0@tkref=5.2000: N of unsatisfied ieq: 3
INFO:R0@tkref=5.2000: Summary: Iteration limit exceeded after 16 it.
DEBUG:R0@tkref=5.2000: $$$$$$$$ CONFLICT LIST $$$$$$$$: []
INFO:R0: --------------------------
INFO:R0@tkref=5.6000: Time to solve stand alone optimization problem: 0.39774107933
INFO:R0@tkref=5.6000: N of unsatisfied eq: 3
INFO:R0@tkref=5.6000: N of unsatisfied ieq: 14
INFO:R0@tkref=5.6000: Summary: Inequality constraints incompatible after 6 it.
DEBUG:R0@tkref=5.6000: $$$$$$$$ CONFLICT LIST $$$$$$$$: []
INFO:R0: --------------------------
INFO:R0@tkref=6.0000: Time to solve stand alone optimization problem: 0.652989864349
INFO:R0@tkref=6.0000: N of unsatisfied eq: 2
INFO:R0@tkref=6.0000: N of unsatisfied ieq: 7
INFO:R0@tkref=6.0000: Summary: Optimization terminated successfully. after 10 it.
DEBUG:R0@tkref=6.0000: $$$$$$$$ CONFLICT LIST $$$$$$$$: []
INFO:R0: --------------------------
INFO:R0@tkref=6.4000: Time to solve stand alone optimization problem: 0.991253137589
INFO:R0@tkref=6.4000: N of unsatisfied eq: 2
INFO:R0@tkref=6.4000: N of unsatisfied ieq: 6
INFO:R0@tkref=6.4000: Summary: Optimization terminated successfully. after 13 it.
DEBUG:R0@tkref=6.4000: $$$$$$$$ CONFLICT LIST $$$$$$$$: []
INFO:R0: --------------------------
INFO:R0@tkref=6.8000: Time to solve stand alone optimization problem: 0.981513977051
INFO:R0@tkref=6.8000: N of unsatisfied eq: 3
INFO:R0@tkref=6.8000: N of unsatisfied ieq: 7
INFO:R0@tkref=6.8000: Summary: Optimization terminated successfully. after 12 it.
DEBUG:R0@tkref=6.8000: $$$$$$$$ CONFLICT LIST $$$$$$$$: []
INFO:R0: --------------------------
INFO:R0@tkref=7.2000: Time to solve stand alone optimization problem: 0.459129095078
INFO:R0@tkref=7.2000: N of unsatisfied eq: 3
INFO:R0@tkref=7.2000: N of unsatisfied ieq: 9
INFO:R0@tkref=7.2000: Summary: Optimization terminated successfully. after 7 it.
DEBUG:R0@tkref=7.2000: $$$$$$$$ CONFLICT LIST $$$$$$$$: []
INFO:R0: --------------------------
INFO:R0@tkref=7.6000: Time to solve stand alone optimization problem: 0.2796189785
INFO:R0@tkref=7.6000: N of unsatisfied eq: 3
INFO:R0@tkref=7.6000: N of unsatisfied ieq: 8
INFO:R0@tkref=7.6000: Summary: Optimization terminated successfully. after 4 it.
DEBUG:R0@tkref=7.6000: $$$$$$$$ CONFLICT LIST $$$$$$$$: []
INFO:R0: --------------------------
INFO:R0@tkref=8.0000: Time to solve stand alone optimization problem: 0.160683870316
INFO:R0@tkref=8.0000: N of unsatisfied eq: 3
INFO:R0@tkref=8.0000: N of unsatisfied ieq: 6
INFO:R0@tkref=8.0000: Summary: Optimization terminated successfully. after 3 it.
DEBUG:R0@tkref=8.0000: $$$$$$$$ CONFLICT LIST $$$$$$$$: []
INFO:R0: --------------------------
INFO:R0@tkref=8.4000: Time to solve stand alone optimization problem: 0.10882806778
INFO:R0@tkref=8.4000: N of unsatisfied eq: 3
INFO:R0@tkref=8.4000: N of unsatisfied ieq: 6
INFO:R0@tkref=8.4000: Summary: Optimization terminated successfully. after 2 it.
DEBUG:R0@tkref=8.4000: $$$$$$$$ CONFLICT LIST $$$$$$$$: []
INFO:R0: --------------------------
DEBUG:R0: LAST STEP
DEBUG:R0: Approx remaining dist: 0.914594667412
DEBUG:R0: Usual approx plan dist: 4.4
DEBUG:R0: Approx gain in dist: 3.48540533259
DEBUG:R0: Last step min dist: 0.5
INFO:R0: scale 0.207862424412 Ns 7 Nk 3
INFO:R0@tkref=8.8000: Time to solve stand alone optimization problem: 0.620963811874
INFO:R0@tkref=8.8000: N of unsatisfied eq: 10
INFO:R0@tkref=8.8000: N of unsatisfied ieq: 0
INFO:R0@tkref=8.8000: Summary: Iteration limit exceeded after 26 it.
DEBUG:R0@tkref=8.8000: $$$$$$$$ CONFLICT LIST $$$$$$$$: []
INFO:R0: Finished motion planning
INFO:R0: --------------------------
INFO:R0: TOT: 9.85622595366
INFO:R0: NSE: 23
INFO:R0: FIR: 2.74935388565
INFO:R0: LAS: 0.621855974197
INFO:R0: LMA: 0
INFO:R0: MAX: 1.1954240799
INFO:R0: MIN: 0.109659910202
INFO:R0: AVG: 0.738725923357
INFO:R0: RMP: 2.98856019974
INFO:R0: RMG: 2.98856019974
