DEBUG:R0: Using Tc_p = 4.09090909091
DEBUG:R0: Using Tc_d = 4.09090909091
INFO:R0: Init motion planning
INFO:R0@tkref=0.0000: Time to solve stand alone optimization problem: 1.50924086571
INFO:R0@tkref=0.0000: N of unsatisfied eq: 5
INFO:R0@tkref=0.0000: N of unsatisfied ieq: 7
INFO:R0@tkref=0.0000: Summary: Iteration limit exceeded after 41 it.
DEBUG:R0@tkref=0.0000: $$$$$$$$ CONFLICT LIST $$$$$$$$: []
INFO:R0: --------------------------
DEBUG:R0: LAST STEP
DEBUG:R0: Approx remaining dist: 3.26191287919
DEBUG:R0: Usual approx plan dist: 4.5
DEBUG:R0: Approx gain in dist: 1.23808712081
DEBUG:R0: Last step min dist: 0.5
INFO:R0: scale 0.724869528709 Ns 9 Nk 4
INFO:R0@tkref=4.0909: Time to solve stand alone optimization problem: 0.780243873596
INFO:R0@tkref=4.0909: N of unsatisfied eq: 7
INFO:R0@tkref=4.0909: N of unsatisfied ieq: 2
INFO:R0@tkref=4.0909: Summary: Iteration limit exceeded after 26 it.
DEBUG:R0@tkref=4.0909: $$$$$$$$ CONFLICT LIST $$$$$$$$: []
INFO:R0: Finished motion planning
INFO:R0: --------------------------
INFO:R0: TOT: 8.34563355471
INFO:R0: NSE: 2
INFO:R0: FIR: 1.51126384735
INFO:R0: LAS: 0.781060934067
INFO:R0: LMA: 1
INFO:R0: MAX: 0.781060934067
INFO:R0: MIN: 0.781060934067
INFO:R0: AVG: 0.781060934067
INFO:R0: RMP: 0.190926006105
INFO:R0: RMG: 0.190926006105
