DEBUG:R0: Using Tc_p = 1.62
DEBUG:R0: Using Tc_d = 1.62
INFO:R0: Init motion planning
INFO:R0@tkref=0.0000: Time to solve stand alone optimization problem: 0.905555009842
INFO:R0@tkref=0.0000: N of unsatisfied eq: 5
INFO:R0@tkref=0.0000: N of unsatisfied ieq: 9
INFO:R0@tkref=0.0000: Summary: Iteration limit exceeded after 41 it.
DEBUG:R0@tkref=0.0000: $$$$$$$$ CONFLICT LIST $$$$$$$$: []
INFO:R0: --------------------------
INFO:R0@tkref=1.6200: Time to solve stand alone optimization problem: 0.0230150222778
INFO:R0@tkref=1.6200: N of unsatisfied eq: 3
INFO:R0@tkref=1.6200: N of unsatisfied ieq: 4
INFO:R0@tkref=1.6200: Summary: Optimization terminated successfully. after 1 it.
DEBUG:R0@tkref=1.6200: $$$$$$$$ CONFLICT LIST $$$$$$$$: []
INFO:R0: --------------------------
INFO:R0@tkref=3.2400: Time to solve stand alone optimization problem: 0.0214920043945
INFO:R0@tkref=3.2400: N of unsatisfied eq: 3
INFO:R0@tkref=3.2400: N of unsatisfied ieq: 5
INFO:R0@tkref=3.2400: Summary: Optimization terminated successfully. after 1 it.
DEBUG:R0@tkref=3.2400: $$$$$$$$ CONFLICT LIST $$$$$$$$: []
INFO:R0: --------------------------
INFO:R0@tkref=4.8600: Time to solve stand alone optimization problem: 0.0216989517212
INFO:R0@tkref=4.8600: N of unsatisfied eq: 4
INFO:R0@tkref=4.8600: N of unsatisfied ieq: 6
INFO:R0@tkref=4.8600: Summary: Optimization terminated successfully. after 1 it.
DEBUG:R0@tkref=4.8600: $$$$$$$$ CONFLICT LIST $$$$$$$$: []
INFO:R0: --------------------------
DEBUG:R0: LAST STEP
DEBUG:R0: Approx remaining dist: 0.699658330279
DEBUG:R0: Usual approx plan dist: 2.7
DEBUG:R0: Approx gain in dist: 2.00034166972
DEBUG:R0: Last step min dist: 0.5
INFO:R0: scale 0.259132714918 Ns 7 Nk 3
INFO:R0@tkref=6.4800: Time to solve stand alone optimization problem: 0.358278989792
INFO:R0@tkref=6.4800: N of unsatisfied eq: 10
INFO:R0@tkref=6.4800: N of unsatisfied ieq: 4
INFO:R0@tkref=6.4800: Summary: Iteration limit exceeded after 26 it.
DEBUG:R0@tkref=6.4800: $$$$$$$$ CONFLICT LIST $$$$$$$$: []
INFO:R0: Finished motion planning
INFO:R0: --------------------------
INFO:R0: TOT: 7.26629250973
INFO:R0: NSE: 5
INFO:R0: FIR: 0.906900167465
INFO:R0: LAS: 0.359014987946
INFO:R0: LMA: 1
INFO:R0: MAX: 0.0236871242523
INFO:R0: MIN: 0.0221498012543
INFO:R0: AVG: 0.0227239926656
INFO:R0: RMP: 0.0146216816372
INFO:R0: RMG: 0.22161419009
