DEBUG:R0: Using Tc_p = 1.82222222222
DEBUG:R0: Using Tc_d = 1.82222222222
INFO:R0: Init motion planning
INFO:R0@tkref=0.0000: Time to solve stand alone optimization problem: 2.16531801224
INFO:R0@tkref=0.0000: N of unsatisfied eq: 3
INFO:R0@tkref=0.0000: N of unsatisfied ieq: 10
INFO:R0@tkref=0.0000: Summary: Iteration limit exceeded after 41 it.
DEBUG:R0@tkref=0.0000: $$$$$$$$ CONFLICT LIST $$$$$$$$: []
INFO:R0: --------------------------
INFO:R0@tkref=1.8222: Time to solve stand alone optimization problem: 0.912968873978
INFO:R0@tkref=1.8222: N of unsatisfied eq: 3
INFO:R0@tkref=1.8222: N of unsatisfied ieq: 5
INFO:R0@tkref=1.8222: Summary: Iteration limit exceeded after 16 it.
DEBUG:R0@tkref=1.8222: $$$$$$$$ CONFLICT LIST $$$$$$$$: []
INFO:R0: --------------------------
INFO:R0@tkref=3.6444: Time to solve stand alone optimization problem: 0.90030503273
INFO:R0@tkref=3.6444: N of unsatisfied eq: 3
INFO:R0@tkref=3.6444: N of unsatisfied ieq: 6
INFO:R0@tkref=3.6444: Summary: Iteration limit exceeded after 16 it.
DEBUG:R0@tkref=3.6444: $$$$$$$$ CONFLICT LIST $$$$$$$$: []
INFO:R0: --------------------------
INFO:R0@tkref=5.4667: Time to solve stand alone optimization problem: 0.228635072708
INFO:R0@tkref=5.4667: N of unsatisfied eq: 3
INFO:R0@tkref=5.4667: N of unsatisfied ieq: 8
INFO:R0@tkref=5.4667: Summary: Optimization terminated successfully. after 4 it.
DEBUG:R0@tkref=5.4667: $$$$$$$$ CONFLICT LIST $$$$$$$$: []
INFO:R0: --------------------------
DEBUG:R0: LAST STEP
DEBUG:R0: Approx remaining dist: 0.973221978201
DEBUG:R0: Usual approx plan dist: 4.1
DEBUG:R0: Approx gain in dist: 3.1267780218
DEBUG:R0: Last step min dist: 0.5
INFO:R0: scale 0.237371214195 Ns 7 Nk 3
INFO:R0@tkref=7.2889: Time to solve stand alone optimization problem: 0.623965024948
INFO:R0@tkref=7.2889: N of unsatisfied eq: 10
INFO:R0@tkref=7.2889: N of unsatisfied ieq: 3
INFO:R0@tkref=7.2889: Summary: Iteration limit exceeded after 26 it.
DEBUG:R0@tkref=7.2889: $$$$$$$$ CONFLICT LIST $$$$$$$$: []
INFO:R0: Finished motion planning
INFO:R0: --------------------------
INFO:R0: TOT: 8.39711799496
INFO:R0: NSE: 5
INFO:R0: FIR: 2.16764903069
INFO:R0: LAS: 0.624825000763
INFO:R0: LMA: 0
INFO:R0: MAX: 0.91380906105
INFO:R0: MIN: 0.229462862015
INFO:R0: AVG: 0.681468645732
INFO:R0: RMP: 0.501480582284
INFO:R0: RMG: 0.501480582284
