DEBUG:R0: Using Tc_p = 0.509090909091
DEBUG:R0: Using Tc_d = 0.509090909091
INFO:R0: Init motion planning
INFO:R0@tkref=0.0000: Time to solve stand alone optimization problem: 1.60008907318
INFO:R0@tkref=0.0000: N of unsatisfied eq: 5
INFO:R0@tkref=0.0000: N of unsatisfied ieq: 8
INFO:R0@tkref=0.0000: Summary: Iteration limit exceeded after 41 it.
DEBUG:R0@tkref=0.0000: $$$$$$$$ CONFLICT LIST $$$$$$$$: []
INFO:R0: --------------------------
INFO:R0@tkref=0.5091: Time to solve stand alone optimization problem: 0.0468399524689
INFO:R0@tkref=0.5091: N of unsatisfied eq: 3
INFO:R0@tkref=0.5091: N of unsatisfied ieq: 5
INFO:R0@tkref=0.5091: Summary: Optimization terminated successfully. after 1 it.
DEBUG:R0@tkref=0.5091: $$$$$$$$ CONFLICT LIST $$$$$$$$: []
INFO:R0: --------------------------
INFO:R0@tkref=1.0182: Time to solve stand alone optimization problem: 0.374714851379
INFO:R0@tkref=1.0182: N of unsatisfied eq: 2
INFO:R0@tkref=1.0182: N of unsatisfied ieq: 8
INFO:R0@tkref=1.0182: Summary: Optimization terminated successfully. after 8 it.
DEBUG:R0@tkref=1.0182: $$$$$$$$ CONFLICT LIST $$$$$$$$: []
INFO:R0: --------------------------
INFO:R0@tkref=1.5273: Time to solve stand alone optimization problem: 0.313438177109
INFO:R0@tkref=1.5273: N of unsatisfied eq: 2
INFO:R0@tkref=1.5273: N of unsatisfied ieq: 7
INFO:R0@tkref=1.5273: Summary: Optimization terminated successfully. after 7 it.
DEBUG:R0@tkref=1.5273: $$$$$$$$ CONFLICT LIST $$$$$$$$: []
INFO:R0: --------------------------
INFO:R0@tkref=2.0364: Time to solve stand alone optimization problem: 0.303915977478
INFO:R0@tkref=2.0364: N of unsatisfied eq: 2
INFO:R0@tkref=2.0364: N of unsatisfied ieq: 7
INFO:R0@tkref=2.0364: Summary: Optimization terminated successfully. after 7 it.
DEBUG:R0@tkref=2.0364: $$$$$$$$ CONFLICT LIST $$$$$$$$: []
INFO:R0: --------------------------
INFO:R0@tkref=2.5455: Time to solve stand alone optimization problem: 0.304151058197
INFO:R0@tkref=2.5455: N of unsatisfied eq: 3
INFO:R0@tkref=2.5455: N of unsatisfied ieq: 7
INFO:R0@tkref=2.5455: Summary: Optimization terminated successfully. after 7 it.
DEBUG:R0@tkref=2.5455: $$$$$$$$ CONFLICT LIST $$$$$$$$: []
INFO:R0: --------------------------
INFO:R0@tkref=3.0545: Time to solve stand alone optimization problem: 0.312874078751
INFO:R0@tkref=3.0545: N of unsatisfied eq: 3
INFO:R0@tkref=3.0545: N of unsatisfied ieq: 6
INFO:R0@tkref=3.0545: Summary: Optimization terminated successfully. after 7 it.
DEBUG:R0@tkref=3.0545: $$$$$$$$ CONFLICT LIST $$$$$$$$: []
INFO:R0: --------------------------
INFO:R0@tkref=3.5636: Time to solve stand alone optimization problem: 0.266033887863
INFO:R0@tkref=3.5636: N of unsatisfied eq: 1
INFO:R0@tkref=3.5636: N of unsatisfied ieq: 6
INFO:R0@tkref=3.5636: Summary: Optimization terminated successfully. after 6 it.
DEBUG:R0@tkref=3.5636: $$$$$$$$ CONFLICT LIST $$$$$$$$: []
INFO:R0: --------------------------
INFO:R0@tkref=4.0727: Time to solve stand alone optimization problem: 0.312606096268
INFO:R0@tkref=4.0727: N of unsatisfied eq: 3
INFO:R0@tkref=4.0727: N of unsatisfied ieq: 6
INFO:R0@tkref=4.0727: Summary: Optimization terminated successfully. after 7 it.
DEBUG:R0@tkref=4.0727: $$$$$$$$ CONFLICT LIST $$$$$$$$: []
INFO:R0: --------------------------
INFO:R0@tkref=4.5818: Time to solve stand alone optimization problem: 0.134744167328
INFO:R0@tkref=4.5818: N of unsatisfied eq: 3
INFO:R0@tkref=4.5818: N of unsatisfied ieq: 6
INFO:R0@tkref=4.5818: Summary: Optimization terminated successfully. after 3 it.
DEBUG:R0@tkref=4.5818: $$$$$$$$ CONFLICT LIST $$$$$$$$: []
INFO:R0: --------------------------
INFO:R0@tkref=5.0909: Time to solve stand alone optimization problem: 0.0984480381012
INFO:R0@tkref=5.0909: N of unsatisfied eq: 3
INFO:R0@tkref=5.0909: N of unsatisfied ieq: 6
INFO:R0@tkref=5.0909: Summary: Optimization terminated successfully. after 2 it.
DEBUG:R0@tkref=5.0909: $$$$$$$$ CONFLICT LIST $$$$$$$$: []
INFO:R0: --------------------------
INFO:R0@tkref=5.6000: Time to solve stand alone optimization problem: 0.0889899730682
INFO:R0@tkref=5.6000: N of unsatisfied eq: 3
INFO:R0@tkref=5.6000: N of unsatisfied ieq: 5
INFO:R0@tkref=5.6000: Summary: Optimization terminated successfully. after 2 it.
DEBUG:R0@tkref=5.6000: $$$$$$$$ CONFLICT LIST $$$$$$$$: []
INFO:R0: --------------------------
INFO:R0@tkref=6.1091: Time to solve stand alone optimization problem: 0.046835899353
INFO:R0@tkref=6.1091: N of unsatisfied eq: 3
INFO:R0@tkref=6.1091: N of unsatisfied ieq: 6
INFO:R0@tkref=6.1091: Summary: Optimization terminated successfully. after 1 it.
DEBUG:R0@tkref=6.1091: $$$$$$$$ CONFLICT LIST $$$$$$$$: []
INFO:R0: --------------------------
DEBUG:R0: LAST STEP
DEBUG:R0: Approx remaining dist: 0.77221875535
DEBUG:R0: Usual approx plan dist: 2.8
DEBUG:R0: Approx gain in dist: 2.02778124465
DEBUG:R0: Last step min dist: 0.5
INFO:R0: scale 0.275792412625 Ns 7 Nk 3
INFO:R0@tkref=6.6182: Time to solve stand alone optimization problem: 0.533517122269
INFO:R0@tkref=6.6182: N of unsatisfied eq: 10
INFO:R0@tkref=6.6182: N of unsatisfied ieq: 4
INFO:R0@tkref=6.6182: Summary: Iteration limit exceeded after 26 it.
DEBUG:R0@tkref=6.6182: $$$$$$$$ CONFLICT LIST $$$$$$$$: []
INFO:R0: Finished motion planning
INFO:R0: --------------------------
INFO:R0: TOT: 7.48603127604
INFO:R0: NSE: 14
INFO:R0: FIR: 1.60185980797
INFO:R0: LAS: 0.534373044968
INFO:R0: LMA: 1
INFO:R0: MAX: 0.375550985336
INFO:R0: MIN: 0.0477170944214
INFO:R0: AVG: 0.217867136002
INFO:R0: RMP: 0.737689435482
INFO:R0: RMG: 1.04966133833
