DEBUG:R0: Using Tc_p = 0.6
DEBUG:R0: Using Tc_d = 0.6
INFO:R0: Init motion planning
INFO:R0@tkref=0.0000: Time to solve stand alone optimization problem: 1.03800487518
INFO:R0@tkref=0.0000: N of unsatisfied eq: 5
INFO:R0@tkref=0.0000: N of unsatisfied ieq: 6
INFO:R0@tkref=0.0000: Summary: Iteration limit exceeded after 41 it.
DEBUG:R0@tkref=0.0000: $$$$$$$$ CONFLICT LIST $$$$$$$$: []
INFO:R0: --------------------------
INFO:R0@tkref=0.6000: Time to solve stand alone optimization problem: 0.027028799057
INFO:R0@tkref=0.6000: N of unsatisfied eq: 3
INFO:R0@tkref=0.6000: N of unsatisfied ieq: 4
INFO:R0@tkref=0.6000: Summary: Optimization terminated successfully. after 1 it.
DEBUG:R0@tkref=0.6000: $$$$$$$$ CONFLICT LIST $$$$$$$$: []
INFO:R0: --------------------------
INFO:R0@tkref=1.2000: Time to solve stand alone optimization problem: 0.026643037796
INFO:R0@tkref=1.2000: N of unsatisfied eq: 3
INFO:R0@tkref=1.2000: N of unsatisfied ieq: 8
INFO:R0@tkref=1.2000: Summary: Optimization terminated successfully. after 1 it.
DEBUG:R0@tkref=1.2000: $$$$$$$$ CONFLICT LIST $$$$$$$$: []
INFO:R0: --------------------------
INFO:R0@tkref=1.8000: Time to solve stand alone optimization problem: 0.153307914734
INFO:R0@tkref=1.8000: N of unsatisfied eq: 3
INFO:R0@tkref=1.8000: N of unsatisfied ieq: 9
INFO:R0@tkref=1.8000: Summary: Optimization terminated successfully. after 6 it.
DEBUG:R0@tkref=1.8000: $$$$$$$$ CONFLICT LIST $$$$$$$$: []
INFO:R0: --------------------------
INFO:R0@tkref=2.4000: Time to solve stand alone optimization problem: 0.0265817642212
INFO:R0@tkref=2.4000: N of unsatisfied eq: 3
INFO:R0@tkref=2.4000: N of unsatisfied ieq: 8
INFO:R0@tkref=2.4000: Summary: Optimization terminated successfully. after 1 it.
DEBUG:R0@tkref=2.4000: $$$$$$$$ CONFLICT LIST $$$$$$$$: []
INFO:R0: --------------------------
INFO:R0@tkref=3.0000: Time to solve stand alone optimization problem: 0.051244020462
INFO:R0@tkref=3.0000: N of unsatisfied eq: 3
INFO:R0@tkref=3.0000: N of unsatisfied ieq: 9
INFO:R0@tkref=3.0000: Summary: Optimization terminated successfully. after 2 it.
DEBUG:R0@tkref=3.0000: $$$$$$$$ CONFLICT LIST $$$$$$$$: []
INFO:R0: --------------------------
INFO:R0@tkref=3.6000: Time to solve stand alone optimization problem: 0.026153087616
INFO:R0@tkref=3.6000: N of unsatisfied eq: 3
INFO:R0@tkref=3.6000: N of unsatisfied ieq: 8
INFO:R0@tkref=3.6000: Summary: Optimization terminated successfully. after 1 it.
DEBUG:R0@tkref=3.6000: $$$$$$$$ CONFLICT LIST $$$$$$$$: []
INFO:R0: --------------------------
INFO:R0@tkref=4.2000: Time to solve stand alone optimization problem: 0.0266180038452
INFO:R0@tkref=4.2000: N of unsatisfied eq: 3
INFO:R0@tkref=4.2000: N of unsatisfied ieq: 6
INFO:R0@tkref=4.2000: Summary: Optimization terminated successfully. after 1 it.
DEBUG:R0@tkref=4.2000: $$$$$$$$ CONFLICT LIST $$$$$$$$: []
INFO:R0: --------------------------
INFO:R0@tkref=4.8000: Time to solve stand alone optimization problem: 0.0265829563141
INFO:R0@tkref=4.8000: N of unsatisfied eq: 3
INFO:R0@tkref=4.8000: N of unsatisfied ieq: 6
INFO:R0@tkref=4.8000: Summary: Optimization terminated successfully. after 1 it.
DEBUG:R0@tkref=4.8000: $$$$$$$$ CONFLICT LIST $$$$$$$$: []
INFO:R0: --------------------------
INFO:R0@tkref=5.4000: Time to solve stand alone optimization problem: 0.0252878665924
INFO:R0@tkref=5.4000: N of unsatisfied eq: 4
INFO:R0@tkref=5.4000: N of unsatisfied ieq: 6
INFO:R0@tkref=5.4000: Summary: Optimization terminated successfully. after 1 it.
DEBUG:R0@tkref=5.4000: $$$$$$$$ CONFLICT LIST $$$$$$$$: []
INFO:R0: --------------------------
DEBUG:R0: LAST STEP
DEBUG:R0: Approx remaining dist: 1.1060888215
DEBUG:R0: Usual approx plan dist: 3.0
DEBUG:R0: Approx gain in dist: 1.8939111785
DEBUG:R0: Last step min dist: 0.5
INFO:R0: scale 0.368696273832 Ns 7 Nk 3
INFO:R0@tkref=6.0000: Time to solve stand alone optimization problem: 0.375806093216
INFO:R0@tkref=6.0000: N of unsatisfied eq: 10
INFO:R0@tkref=6.0000: N of unsatisfied ieq: 4
INFO:R0@tkref=6.0000: Summary: Iteration limit exceeded after 26 it.
DEBUG:R0@tkref=6.0000: $$$$$$$$ CONFLICT LIST $$$$$$$$: []
INFO:R0: Finished motion planning
INFO:R0: --------------------------
INFO:R0: TOT: 7.24308883815
INFO:R0: NSE: 11
INFO:R0: FIR: 1.03946709633
INFO:R0: LAS: 0.376566886902
INFO:R0: LMA: 1
INFO:R0: MAX: 0.15399813652
INFO:R0: MIN: 0.0259590148926
INFO:R0: AVG: 0.0439558823903
INFO:R0: RMP: 0.256663560867
INFO:R0: RMG: 0.62761147817
