DEBUG:R0: Using Tc_p = 1.81818181818
DEBUG:R0: Using Tc_d = 1.81818181818
INFO:R0: Init motion planning
INFO:R0@tkref=0.0000: Time to solve stand alone optimization problem: 0.94180893898
INFO:R0@tkref=0.0000: N of unsatisfied eq: 5
INFO:R0@tkref=0.0000: N of unsatisfied ieq: 8
INFO:R0@tkref=0.0000: Summary: Iteration limit exceeded after 41 it.
DEBUG:R0@tkref=0.0000: $$$$$$$$ CONFLICT LIST $$$$$$$$: []
INFO:R0: --------------------------
INFO:R0@tkref=1.8182: Time to solve stand alone optimization problem: 0.0241060256958
INFO:R0@tkref=1.8182: N of unsatisfied eq: 3
INFO:R0@tkref=1.8182: N of unsatisfied ieq: 4
INFO:R0@tkref=1.8182: Summary: Optimization terminated successfully. after 1 it.
DEBUG:R0@tkref=1.8182: $$$$$$$$ CONFLICT LIST $$$$$$$$: []
INFO:R0: --------------------------
INFO:R0@tkref=3.6364: Time to solve stand alone optimization problem: 0.0244188308716
INFO:R0@tkref=3.6364: N of unsatisfied eq: 3
INFO:R0@tkref=3.6364: N of unsatisfied ieq: 5
INFO:R0@tkref=3.6364: Summary: Optimization terminated successfully. after 1 it.
DEBUG:R0@tkref=3.6364: $$$$$$$$ CONFLICT LIST $$$$$$$$: []
INFO:R0: --------------------------
DEBUG:R0: LAST STEP
DEBUG:R0: Approx remaining dist: 1.80550620483
DEBUG:R0: Usual approx plan dist: 4.0
DEBUG:R0: Approx gain in dist: 2.19449379517
DEBUG:R0: Last step min dist: 0.5
INFO:R0: scale 0.451376551208 Ns 7 Nk 3
INFO:R0@tkref=5.4545: Time to solve stand alone optimization problem: 0.355274915695
INFO:R0@tkref=5.4545: N of unsatisfied eq: 10
INFO:R0@tkref=5.4545: N of unsatisfied ieq: 4
INFO:R0@tkref=5.4545: Summary: Iteration limit exceeded after 26 it.
DEBUG:R0@tkref=5.4545: $$$$$$$$ CONFLICT LIST $$$$$$$$: []
INFO:R0: Finished motion planning
INFO:R0: --------------------------
INFO:R0: TOT: 7.483879335
INFO:R0: NSE: 4
INFO:R0: FIR: 0.943549156189
INFO:R0: LAS: 0.356001853943
INFO:R0: LMA: 1
INFO:R0: MAX: 0.0250670909882
INFO:R0: MIN: 0.02476811409
INFO:R0: AVG: 0.0249176025391
INFO:R0: RMP: 0.0137869000435
INFO:R0: RMG: 0.195801019669
