DEBUG:R0: Using Tc_p = 1.27777777778
DEBUG:R0: Using Tc_d = 1.27777777778
INFO:R0: Init motion planning
INFO:R0@tkref=0.0000: Time to solve stand alone optimization problem: 1.51311302185
INFO:R0@tkref=0.0000: N of unsatisfied eq: 5
INFO:R0@tkref=0.0000: N of unsatisfied ieq: 5
INFO:R0@tkref=0.0000: Summary: Iteration limit exceeded after 41 it.
DEBUG:R0@tkref=0.0000: $$$$$$$$ CONFLICT LIST $$$$$$$$: []
INFO:R0: --------------------------
INFO:R0@tkref=1.2778: Time to solve stand alone optimization problem: 0.447140216827
INFO:R0@tkref=1.2778: N of unsatisfied eq: 1
INFO:R0@tkref=1.2778: N of unsatisfied ieq: 7
INFO:R0@tkref=1.2778: Summary: Optimization terminated successfully. after 8 it.
DEBUG:R0@tkref=1.2778: $$$$$$$$ CONFLICT LIST $$$$$$$$: []
INFO:R0: --------------------------
INFO:R0@tkref=2.5556: Time to solve stand alone optimization problem: 0.371561050415
INFO:R0@tkref=2.5556: N of unsatisfied eq: 2
INFO:R0@tkref=2.5556: N of unsatisfied ieq: 7
INFO:R0@tkref=2.5556: Summary: Optimization terminated successfully. after 7 it.
DEBUG:R0@tkref=2.5556: $$$$$$$$ CONFLICT LIST $$$$$$$$: []
INFO:R0: --------------------------
INFO:R0@tkref=3.8333: Time to solve stand alone optimization problem: 0.407815933228
INFO:R0@tkref=3.8333: N of unsatisfied eq: 3
INFO:R0@tkref=3.8333: N of unsatisfied ieq: 8
INFO:R0@tkref=3.8333: Summary: Optimization terminated successfully. after 10 it.
DEBUG:R0@tkref=3.8333: $$$$$$$$ CONFLICT LIST $$$$$$$$: []
INFO:R0: --------------------------
INFO:R0@tkref=5.1111: Time to solve stand alone optimization problem: 0.0861599445343
INFO:R0@tkref=5.1111: N of unsatisfied eq: 3
INFO:R0@tkref=5.1111: N of unsatisfied ieq: 4
INFO:R0@tkref=5.1111: Summary: Optimization terminated successfully. after 2 it.
DEBUG:R0@tkref=5.1111: $$$$$$$$ CONFLICT LIST $$$$$$$$: []
INFO:R0: --------------------------
DEBUG:R0: LAST STEP
DEBUG:R0: Approx remaining dist: 0.931326020974
DEBUG:R0: Usual approx plan dist: 2.3
DEBUG:R0: Approx gain in dist: 1.36867397903
DEBUG:R0: Last step min dist: 0.5
INFO:R0: scale 0.404924356945 Ns 7 Nk 3
INFO:R0@tkref=6.3889: Time to solve stand alone optimization problem: 0.710702896118
INFO:R0@tkref=6.3889: N of unsatisfied eq: 10
INFO:R0@tkref=6.3889: N of unsatisfied ieq: 4
INFO:R0@tkref=6.3889: Summary: Iteration limit exceeded after 26 it.
DEBUG:R0@tkref=6.3889: $$$$$$$$ CONFLICT LIST $$$$$$$$: []
INFO:R0: Finished motion planning
INFO:R0: --------------------------
INFO:R0: TOT: 7.4355752277
INFO:R0: NSE: 6
INFO:R0: FIR: 1.5144109726
INFO:R0: LAS: 0.71199798584
INFO:R0: LMA: 1
INFO:R0: MAX: 0.452456951141
INFO:R0: MIN: 0.0871629714966
INFO:R0: AVG: 0.340161502361
INFO:R0: RMP: 0.354096744371
INFO:R0: RMG: 0.557215815005
