DEBUG:R0: Using Tc_p = 0.454545454545
DEBUG:R0: Using Tc_d = 0.454545454545
INFO:R0: Init motion planning
INFO:R0@tkref=0.0000: Time to solve stand alone optimization problem: 1.52753615379
INFO:R0@tkref=0.0000: N of unsatisfied eq: 4
INFO:R0@tkref=0.0000: N of unsatisfied ieq: 8
INFO:R0@tkref=0.0000: Summary: Iteration limit exceeded after 41 it.
DEBUG:R0@tkref=0.0000: $$$$$$$$ CONFLICT LIST $$$$$$$$: []
INFO:R0: --------------------------
INFO:R0@tkref=0.4545: Time to solve stand alone optimization problem: 0.0384571552277
INFO:R0@tkref=0.4545: N of unsatisfied eq: 3
INFO:R0@tkref=0.4545: N of unsatisfied ieq: 3
INFO:R0@tkref=0.4545: Summary: Optimization terminated successfully. after 1 it.
DEBUG:R0@tkref=0.4545: $$$$$$$$ CONFLICT LIST $$$$$$$$: []
INFO:R0: --------------------------
INFO:R0@tkref=0.9091: Time to solve stand alone optimization problem: 0.265789031982
INFO:R0@tkref=0.9091: N of unsatisfied eq: 2
INFO:R0@tkref=0.9091: N of unsatisfied ieq: 9
INFO:R0@tkref=0.9091: Summary: Optimization terminated successfully. after 6 it.
DEBUG:R0@tkref=0.9091: $$$$$$$$ CONFLICT LIST $$$$$$$$: []
INFO:R0: --------------------------
INFO:R0@tkref=1.3636: Time to solve stand alone optimization problem: 0.373495101929
INFO:R0@tkref=1.3636: N of unsatisfied eq: 2
INFO:R0@tkref=1.3636: N of unsatisfied ieq: 7
INFO:R0@tkref=1.3636: Summary: Optimization terminated successfully. after 9 it.
DEBUG:R0@tkref=1.3636: $$$$$$$$ CONFLICT LIST $$$$$$$$: []
INFO:R0: --------------------------
INFO:R0@tkref=1.8182: Time to solve stand alone optimization problem: 0.518342971802
INFO:R0@tkref=1.8182: N of unsatisfied eq: 2
INFO:R0@tkref=1.8182: N of unsatisfied ieq: 7
INFO:R0@tkref=1.8182: Summary: Optimization terminated successfully. after 11 it.
DEBUG:R0@tkref=1.8182: $$$$$$$$ CONFLICT LIST $$$$$$$$: []
INFO:R0: --------------------------
INFO:R0@tkref=2.2727: Time to solve stand alone optimization problem: 0.299864053726
INFO:R0@tkref=2.2727: N of unsatisfied eq: 2
INFO:R0@tkref=2.2727: N of unsatisfied ieq: 8
INFO:R0@tkref=2.2727: Summary: Optimization terminated successfully. after 7 it.
DEBUG:R0@tkref=2.2727: $$$$$$$$ CONFLICT LIST $$$$$$$$: []
INFO:R0: --------------------------
INFO:R0@tkref=2.7273: Time to solve stand alone optimization problem: 0.263449907303
INFO:R0@tkref=2.7273: N of unsatisfied eq: 3
INFO:R0@tkref=2.7273: N of unsatisfied ieq: 7
INFO:R0@tkref=2.7273: Summary: Optimization terminated successfully. after 6 it.
DEBUG:R0@tkref=2.7273: $$$$$$$$ CONFLICT LIST $$$$$$$$: []
INFO:R0: --------------------------
INFO:R0@tkref=3.1818: Time to solve stand alone optimization problem: 0.337389945984
INFO:R0@tkref=3.1818: N of unsatisfied eq: 1
INFO:R0@tkref=3.1818: N of unsatisfied ieq: 6
INFO:R0@tkref=3.1818: Summary: Optimization terminated successfully. after 8 it.
DEBUG:R0@tkref=3.1818: $$$$$$$$ CONFLICT LIST $$$$$$$$: []
INFO:R0: --------------------------
INFO:R0@tkref=3.6364: Time to solve stand alone optimization problem: 0.26545882225
INFO:R0@tkref=3.6364: N of unsatisfied eq: 3
INFO:R0@tkref=3.6364: N of unsatisfied ieq: 6
INFO:R0@tkref=3.6364: Summary: Optimization terminated successfully. after 6 it.
DEBUG:R0@tkref=3.6364: $$$$$$$$ CONFLICT LIST $$$$$$$$: []
INFO:R0: --------------------------
INFO:R0@tkref=4.0909: Time to solve stand alone optimization problem: 0.333552122116
INFO:R0@tkref=4.0909: N of unsatisfied eq: 3
INFO:R0@tkref=4.0909: N of unsatisfied ieq: 7
INFO:R0@tkref=4.0909: Summary: Optimization terminated successfully. after 8 it.
DEBUG:R0@tkref=4.0909: $$$$$$$$ CONFLICT LIST $$$$$$$$: []
INFO:R0: --------------------------
INFO:R0@tkref=4.5455: Time to solve stand alone optimization problem: 0.291377067566
INFO:R0@tkref=4.5455: N of unsatisfied eq: 3
INFO:R0@tkref=4.5455: N of unsatisfied ieq: 6
INFO:R0@tkref=4.5455: Summary: Optimization terminated successfully. after 7 it.
DEBUG:R0@tkref=4.5455: $$$$$$$$ CONFLICT LIST $$$$$$$$: []
INFO:R0: --------------------------
INFO:R0@tkref=5.0000: Time to solve stand alone optimization problem: 0.0871069431305
INFO:R0@tkref=5.0000: N of unsatisfied eq: 3
INFO:R0@tkref=5.0000: N of unsatisfied ieq: 6
INFO:R0@tkref=5.0000: Summary: Optimization terminated successfully. after 2 it.
DEBUG:R0@tkref=5.0000: $$$$$$$$ CONFLICT LIST $$$$$$$$: []
INFO:R0: --------------------------
INFO:R0@tkref=5.4545: Time to solve stand alone optimization problem: 0.0949771404266
INFO:R0@tkref=5.4545: N of unsatisfied eq: 3
INFO:R0@tkref=5.4545: N of unsatisfied ieq: 6
INFO:R0@tkref=5.4545: Summary: Optimization terminated successfully. after 2 it.
DEBUG:R0@tkref=5.4545: $$$$$$$$ CONFLICT LIST $$$$$$$$: []
INFO:R0: --------------------------
INFO:R0@tkref=5.9091: Time to solve stand alone optimization problem: 0.0503370761871
INFO:R0@tkref=5.9091: N of unsatisfied eq: 3
INFO:R0@tkref=5.9091: N of unsatisfied ieq: 7
INFO:R0@tkref=5.9091: Summary: Optimization terminated successfully. after 1 it.
DEBUG:R0@tkref=5.9091: $$$$$$$$ CONFLICT LIST $$$$$$$$: []
INFO:R0: --------------------------
DEBUG:R0: LAST STEP
DEBUG:R0: Approx remaining dist: 0.98423990661
DEBUG:R0: Usual approx plan dist: 2.5
DEBUG:R0: Approx gain in dist: 1.51576009339
DEBUG:R0: Last step min dist: 0.5
INFO:R0: scale 0.393695962644 Ns 7 Nk 3
INFO:R0@tkref=6.3636: Time to solve stand alone optimization problem: 0.565989017487
INFO:R0@tkref=6.3636: N of unsatisfied eq: 10
INFO:R0@tkref=6.3636: N of unsatisfied ieq: 4
INFO:R0@tkref=6.3636: Summary: Iteration limit exceeded after 26 it.
DEBUG:R0@tkref=6.3636: $$$$$$$$ CONFLICT LIST $$$$$$$$: []
INFO:R0: Finished motion planning
INFO:R0: --------------------------
INFO:R0: TOT: 7.46978173835
INFO:R0: NSE: 15
INFO:R0: FIR: 1.52983689308
INFO:R0: LAS: 0.56720995903
INFO:R0: LMA: 1
INFO:R0: MAX: 0.51923584938
INFO:R0: MIN: 0.0392169952393
INFO:R0: AVG: 0.248523161961
INFO:R0: RMP: 1.14231886864
INFO:R0: RMG: 1.24786190987
