DEBUG:R0: Using Tc_p = 0.32
DEBUG:R0: Using Tc_d = 0.32
INFO:R0: Init motion planning
INFO:R0@tkref=0.0000: Time to solve stand alone optimization problem: 0.933798074722
INFO:R0@tkref=0.0000: N of unsatisfied eq: 5
INFO:R0@tkref=0.0000: N of unsatisfied ieq: 9
INFO:R0@tkref=0.0000: Summary: Iteration limit exceeded after 41 it.
DEBUG:R0@tkref=0.0000: $$$$$$$$ CONFLICT LIST $$$$$$$$: []
INFO:R0: --------------------------
INFO:R0@tkref=0.3200: Time to solve stand alone optimization problem: 0.049033164978
INFO:R0@tkref=0.3200: N of unsatisfied eq: 3
INFO:R0@tkref=0.3200: N of unsatisfied ieq: 9
INFO:R0@tkref=0.3200: Summary: Optimization terminated successfully. after 2 it.
DEBUG:R0@tkref=0.3200: $$$$$$$$ CONFLICT LIST $$$$$$$$: []
INFO:R0: --------------------------
INFO:R0@tkref=0.6400: Time to solve stand alone optimization problem: 0.0461981296539
INFO:R0@tkref=0.6400: N of unsatisfied eq: 3
INFO:R0@tkref=0.6400: N of unsatisfied ieq: 9
INFO:R0@tkref=0.6400: Summary: Optimization terminated successfully. after 2 it.
DEBUG:R0@tkref=0.6400: $$$$$$$$ CONFLICT LIST $$$$$$$$: []
INFO:R0: --------------------------
INFO:R0@tkref=0.9600: Time to solve stand alone optimization problem: 0.0442008972168
INFO:R0@tkref=0.9600: N of unsatisfied eq: 3
INFO:R0@tkref=0.9600: N of unsatisfied ieq: 9
INFO:R0@tkref=0.9600: Summary: Optimization terminated successfully. after 2 it.
DEBUG:R0@tkref=0.9600: $$$$$$$$ CONFLICT LIST $$$$$$$$: []
INFO:R0: --------------------------
INFO:R0@tkref=1.2800: Time to solve stand alone optimization problem: 0.0441780090332
INFO:R0@tkref=1.2800: N of unsatisfied eq: 3
INFO:R0@tkref=1.2800: N of unsatisfied ieq: 9
INFO:R0@tkref=1.2800: Summary: Optimization terminated successfully. after 2 it.
DEBUG:R0@tkref=1.2800: $$$$$$$$ CONFLICT LIST $$$$$$$$: []
INFO:R0: --------------------------
INFO:R0@tkref=1.6000: Time to solve stand alone optimization problem: 0.0241069793701
INFO:R0@tkref=1.6000: N of unsatisfied eq: 3
INFO:R0@tkref=1.6000: N of unsatisfied ieq: 9
INFO:R0@tkref=1.6000: Summary: Optimization terminated successfully. after 1 it.
DEBUG:R0@tkref=1.6000: $$$$$$$$ CONFLICT LIST $$$$$$$$: []
INFO:R0: --------------------------
INFO:R0@tkref=1.9200: Time to solve stand alone optimization problem: 0.0249030590057
INFO:R0@tkref=1.9200: N of unsatisfied eq: 4
INFO:R0@tkref=1.9200: N of unsatisfied ieq: 9
INFO:R0@tkref=1.9200: Summary: Optimization terminated successfully. after 1 it.
DEBUG:R0@tkref=1.9200: $$$$$$$$ CONFLICT LIST $$$$$$$$: []
INFO:R0: --------------------------
INFO:R0@tkref=2.2400: Time to solve stand alone optimization problem: 0.0248520374298
INFO:R0@tkref=2.2400: N of unsatisfied eq: 4
INFO:R0@tkref=2.2400: N of unsatisfied ieq: 8
INFO:R0@tkref=2.2400: Summary: Optimization terminated successfully. after 1 it.
DEBUG:R0@tkref=2.2400: $$$$$$$$ CONFLICT LIST $$$$$$$$: []
INFO:R0: --------------------------
INFO:R0@tkref=2.5600: Time to solve stand alone optimization problem: 0.0221431255341
INFO:R0@tkref=2.5600: N of unsatisfied eq: 4
INFO:R0@tkref=2.5600: N of unsatisfied ieq: 7
INFO:R0@tkref=2.5600: Summary: Optimization terminated successfully. after 1 it.
DEBUG:R0@tkref=2.5600: $$$$$$$$ CONFLICT LIST $$$$$$$$: []
INFO:R0: --------------------------
INFO:R0@tkref=2.8800: Time to solve stand alone optimization problem: 0.0221700668335
INFO:R0@tkref=2.8800: N of unsatisfied eq: 2
INFO:R0@tkref=2.8800: N of unsatisfied ieq: 7
INFO:R0@tkref=2.8800: Summary: Optimization terminated successfully. after 1 it.
DEBUG:R0@tkref=2.8800: $$$$$$$$ CONFLICT LIST $$$$$$$$: []
INFO:R0: --------------------------
INFO:R0@tkref=3.2000: Time to solve stand alone optimization problem: 0.0220551490784
INFO:R0@tkref=3.2000: N of unsatisfied eq: 4
INFO:R0@tkref=3.2000: N of unsatisfied ieq: 6
INFO:R0@tkref=3.2000: Summary: Optimization terminated successfully. after 1 it.
DEBUG:R0@tkref=3.2000: $$$$$$$$ CONFLICT LIST $$$$$$$$: []
INFO:R0: --------------------------
INFO:R0@tkref=3.5200: Time to solve stand alone optimization problem: 0.0220999717712
INFO:R0@tkref=3.5200: N of unsatisfied eq: 5
INFO:R0@tkref=3.5200: N of unsatisfied ieq: 5
INFO:R0@tkref=3.5200: Summary: Optimization terminated successfully. after 1 it.
DEBUG:R0@tkref=3.5200: $$$$$$$$ CONFLICT LIST $$$$$$$$: []
INFO:R0: --------------------------
INFO:R0@tkref=3.8400: Time to solve stand alone optimization problem: 0.0220890045166
INFO:R0@tkref=3.8400: N of unsatisfied eq: 4
INFO:R0@tkref=3.8400: N of unsatisfied ieq: 3
INFO:R0@tkref=3.8400: Summary: Optimization terminated successfully. after 1 it.
DEBUG:R0@tkref=3.8400: $$$$$$$$ CONFLICT LIST $$$$$$$$: []
INFO:R0: --------------------------
INFO:R0@tkref=4.1600: Time to solve stand alone optimization problem: 0.0223569869995
INFO:R0@tkref=4.1600: N of unsatisfied eq: 5
INFO:R0@tkref=4.1600: N of unsatisfied ieq: 4
INFO:R0@tkref=4.1600: Summary: Optimization terminated successfully. after 1 it.
DEBUG:R0@tkref=4.1600: $$$$$$$$ CONFLICT LIST $$$$$$$$: []
INFO:R0: --------------------------
INFO:R0@tkref=4.4800: Time to solve stand alone optimization problem: 0.0224170684814
INFO:R0@tkref=4.4800: N of unsatisfied eq: 3
INFO:R0@tkref=4.4800: N of unsatisfied ieq: 6
INFO:R0@tkref=4.4800: Summary: Optimization terminated successfully. after 1 it.
DEBUG:R0@tkref=4.4800: $$$$$$$$ CONFLICT LIST $$$$$$$$: []
INFO:R0: --------------------------
INFO:R0@tkref=4.8000: Time to solve stand alone optimization problem: 0.0222859382629
INFO:R0@tkref=4.8000: N of unsatisfied eq: 2
INFO:R0@tkref=4.8000: N of unsatisfied ieq: 6
INFO:R0@tkref=4.8000: Summary: Optimization terminated successfully. after 1 it.
DEBUG:R0@tkref=4.8000: $$$$$$$$ CONFLICT LIST $$$$$$$$: []
INFO:R0: --------------------------
INFO:R0@tkref=5.1200: Time to solve stand alone optimization problem: 0.0226230621338
INFO:R0@tkref=5.1200: N of unsatisfied eq: 4
INFO:R0@tkref=5.1200: N of unsatisfied ieq: 5
INFO:R0@tkref=5.1200: Summary: Optimization terminated successfully. after 1 it.
DEBUG:R0@tkref=5.1200: $$$$$$$$ CONFLICT LIST $$$$$$$$: []
INFO:R0: --------------------------
INFO:R0@tkref=5.4400: Time to solve stand alone optimization problem: 0.0223679542542
INFO:R0@tkref=5.4400: N of unsatisfied eq: 3
INFO:R0@tkref=5.4400: N of unsatisfied ieq: 3
INFO:R0@tkref=5.4400: Summary: Optimization terminated successfully. after 1 it.
DEBUG:R0@tkref=5.4400: $$$$$$$$ CONFLICT LIST $$$$$$$$: []
INFO:R0: --------------------------
INFO:R0@tkref=5.7600: Time to solve stand alone optimization problem: 0.0224010944366
INFO:R0@tkref=5.7600: N of unsatisfied eq: 4
INFO:R0@tkref=5.7600: N of unsatisfied ieq: 5
INFO:R0@tkref=5.7600: Summary: Optimization terminated successfully. after 1 it.
DEBUG:R0@tkref=5.7600: $$$$$$$$ CONFLICT LIST $$$$$$$$: []
INFO:R0: --------------------------
INFO:R0@tkref=6.0800: Time to solve stand alone optimization problem: 0.0222818851471
INFO:R0@tkref=6.0800: N of unsatisfied eq: 5
INFO:R0@tkref=6.0800: N of unsatisfied ieq: 5
INFO:R0@tkref=6.0800: Summary: Optimization terminated successfully. after 1 it.
DEBUG:R0@tkref=6.0800: $$$$$$$$ CONFLICT LIST $$$$$$$$: []
INFO:R0: --------------------------
INFO:R0@tkref=6.4000: Time to solve stand alone optimization problem: 0.0229859352112
INFO:R0@tkref=6.4000: N of unsatisfied eq: 3
INFO:R0@tkref=6.4000: N of unsatisfied ieq: 5
INFO:R0@tkref=6.4000: Summary: Optimization terminated successfully. after 1 it.
DEBUG:R0@tkref=6.4000: $$$$$$$$ CONFLICT LIST $$$$$$$$: []
INFO:R0: --------------------------
DEBUG:R0: LAST STEP
DEBUG:R0: Approx remaining dist: 0.528820887625
DEBUG:R0: Usual approx plan dist: 3.2
DEBUG:R0: Approx gain in dist: 2.67117911238
DEBUG:R0: Last step min dist: 0.5
INFO:R0: scale 0.165256527383 Ns 7 Nk 3
INFO:R0@tkref=6.7200: Time to solve stand alone optimization problem: 0.368860006332
INFO:R0@tkref=6.7200: N of unsatisfied eq: 10
INFO:R0@tkref=6.7200: N of unsatisfied ieq: 4
INFO:R0@tkref=6.7200: Summary: Iteration limit exceeded after 26 it.
DEBUG:R0@tkref=6.7200: $$$$$$$$ CONFLICT LIST $$$$$$$$: []
INFO:R0: Finished motion planning
INFO:R0: --------------------------
INFO:R0: TOT: 7.31429297491
INFO:R0: NSE: 22
INFO:R0: FIR: 0.935694932938
INFO:R0: LAS: 0.369640111923
INFO:R0: LMA: 1
INFO:R0: MAX: 0.0497710704803
INFO:R0: MIN: 0.0227131843567
INFO:R0: AVG: 0.0280590176582
INFO:R0: RMP: 0.155534595251
INFO:R0: RMG: 1.15512534976
