DEBUG:R0: Using Tc_p = 0.34
DEBUG:R0: Using Tc_d = 0.34
INFO:R0: Init motion planning
INFO:R0@tkref=0.0000: Time to solve stand alone optimization problem: 0.929934978485
INFO:R0@tkref=0.0000: N of unsatisfied eq: 5
INFO:R0@tkref=0.0000: N of unsatisfied ieq: 9
INFO:R0@tkref=0.0000: Summary: Iteration limit exceeded after 41 it.
DEBUG:R0@tkref=0.0000: $$$$$$$$ CONFLICT LIST $$$$$$$$: []
INFO:R0: --------------------------
INFO:R0@tkref=0.3400: Time to solve stand alone optimization problem: 0.0450088977814
INFO:R0@tkref=0.3400: N of unsatisfied eq: 3
INFO:R0@tkref=0.3400: N of unsatisfied ieq: 9
INFO:R0@tkref=0.3400: Summary: Optimization terminated successfully. after 2 it.
DEBUG:R0@tkref=0.3400: $$$$$$$$ CONFLICT LIST $$$$$$$$: []
INFO:R0: --------------------------
INFO:R0@tkref=0.6800: Time to solve stand alone optimization problem: 0.0456109046936
INFO:R0@tkref=0.6800: N of unsatisfied eq: 3
INFO:R0@tkref=0.6800: N of unsatisfied ieq: 9
INFO:R0@tkref=0.6800: Summary: Optimization terminated successfully. after 2 it.
DEBUG:R0@tkref=0.6800: $$$$$$$$ CONFLICT LIST $$$$$$$$: []
INFO:R0: --------------------------
INFO:R0@tkref=1.0200: Time to solve stand alone optimization problem: 0.0438549518585
INFO:R0@tkref=1.0200: N of unsatisfied eq: 3
INFO:R0@tkref=1.0200: N of unsatisfied ieq: 6
INFO:R0@tkref=1.0200: Summary: Optimization terminated successfully. after 2 it.
DEBUG:R0@tkref=1.0200: $$$$$$$$ CONFLICT LIST $$$$$$$$: []
INFO:R0: --------------------------
INFO:R0@tkref=1.3600: Time to solve stand alone optimization problem: 0.0438199043274
INFO:R0@tkref=1.3600: N of unsatisfied eq: 3
INFO:R0@tkref=1.3600: N of unsatisfied ieq: 6
INFO:R0@tkref=1.3600: Summary: Optimization terminated successfully. after 2 it.
DEBUG:R0@tkref=1.3600: $$$$$$$$ CONFLICT LIST $$$$$$$$: []
INFO:R0: --------------------------
INFO:R0@tkref=1.7000: Time to solve stand alone optimization problem: 0.0237069129944
INFO:R0@tkref=1.7000: N of unsatisfied eq: 3
INFO:R0@tkref=1.7000: N of unsatisfied ieq: 7
INFO:R0@tkref=1.7000: Summary: Optimization terminated successfully. after 1 it.
DEBUG:R0@tkref=1.7000: $$$$$$$$ CONFLICT LIST $$$$$$$$: []
INFO:R0: --------------------------
INFO:R0@tkref=2.0400: Time to solve stand alone optimization problem: 0.0248529911041
INFO:R0@tkref=2.0400: N of unsatisfied eq: 3
INFO:R0@tkref=2.0400: N of unsatisfied ieq: 5
INFO:R0@tkref=2.0400: Summary: Optimization terminated successfully. after 1 it.
DEBUG:R0@tkref=2.0400: $$$$$$$$ CONFLICT LIST $$$$$$$$: []
INFO:R0: --------------------------
INFO:R0@tkref=2.3800: Time to solve stand alone optimization problem: 0.024521112442
INFO:R0@tkref=2.3800: N of unsatisfied eq: 3
INFO:R0@tkref=2.3800: N of unsatisfied ieq: 8
INFO:R0@tkref=2.3800: Summary: Optimization terminated successfully. after 1 it.
DEBUG:R0@tkref=2.3800: $$$$$$$$ CONFLICT LIST $$$$$$$$: []
INFO:R0: --------------------------
INFO:R0@tkref=2.7200: Time to solve stand alone optimization problem: 0.0223400592804
INFO:R0@tkref=2.7200: N of unsatisfied eq: 4
INFO:R0@tkref=2.7200: N of unsatisfied ieq: 5
INFO:R0@tkref=2.7200: Summary: Optimization terminated successfully. after 1 it.
DEBUG:R0@tkref=2.7200: $$$$$$$$ CONFLICT LIST $$$$$$$$: []
INFO:R0: --------------------------
INFO:R0@tkref=3.0600: Time to solve stand alone optimization problem: 0.0221171379089
INFO:R0@tkref=3.0600: N of unsatisfied eq: 4
INFO:R0@tkref=3.0600: N of unsatisfied ieq: 6
INFO:R0@tkref=3.0600: Summary: Optimization terminated successfully. after 1 it.
DEBUG:R0@tkref=3.0600: $$$$$$$$ CONFLICT LIST $$$$$$$$: []
INFO:R0: --------------------------
INFO:R0@tkref=3.4000: Time to solve stand alone optimization problem: 0.0222940444946
INFO:R0@tkref=3.4000: N of unsatisfied eq: 4
INFO:R0@tkref=3.4000: N of unsatisfied ieq: 8
INFO:R0@tkref=3.4000: Summary: Optimization terminated successfully. after 1 it.
DEBUG:R0@tkref=3.4000: $$$$$$$$ CONFLICT LIST $$$$$$$$: []
INFO:R0: --------------------------
INFO:R0@tkref=3.7400: Time to solve stand alone optimization problem: 0.0223100185394
INFO:R0@tkref=3.7400: N of unsatisfied eq: 4
INFO:R0@tkref=3.7400: N of unsatisfied ieq: 6
INFO:R0@tkref=3.7400: Summary: Optimization terminated successfully. after 1 it.
DEBUG:R0@tkref=3.7400: $$$$$$$$ CONFLICT LIST $$$$$$$$: []
INFO:R0: --------------------------
INFO:R0@tkref=4.0800: Time to solve stand alone optimization problem: 0.0226151943207
INFO:R0@tkref=4.0800: N of unsatisfied eq: 5
INFO:R0@tkref=4.0800: N of unsatisfied ieq: 5
INFO:R0@tkref=4.0800: Summary: Optimization terminated successfully. after 1 it.
DEBUG:R0@tkref=4.0800: $$$$$$$$ CONFLICT LIST $$$$$$$$: []
INFO:R0: --------------------------
INFO:R0@tkref=4.4200: Time to solve stand alone optimization problem: 0.0223610401154
INFO:R0@tkref=4.4200: N of unsatisfied eq: 5
INFO:R0@tkref=4.4200: N of unsatisfied ieq: 5
INFO:R0@tkref=4.4200: Summary: Optimization terminated successfully. after 1 it.
DEBUG:R0@tkref=4.4200: $$$$$$$$ CONFLICT LIST $$$$$$$$: []
INFO:R0: --------------------------
INFO:R0@tkref=4.7600: Time to solve stand alone optimization problem: 0.0227491855621
INFO:R0@tkref=4.7600: N of unsatisfied eq: 4
INFO:R0@tkref=4.7600: N of unsatisfied ieq: 5
INFO:R0@tkref=4.7600: Summary: Optimization terminated successfully. after 1 it.
DEBUG:R0@tkref=4.7600: $$$$$$$$ CONFLICT LIST $$$$$$$$: []
INFO:R0: --------------------------
INFO:R0@tkref=5.1000: Time to solve stand alone optimization problem: 0.0225479602814
INFO:R0@tkref=5.1000: N of unsatisfied eq: 4
INFO:R0@tkref=5.1000: N of unsatisfied ieq: 7
INFO:R0@tkref=5.1000: Summary: Optimization terminated successfully. after 1 it.
DEBUG:R0@tkref=5.1000: $$$$$$$$ CONFLICT LIST $$$$$$$$: []
INFO:R0: --------------------------
INFO:R0@tkref=5.4400: Time to solve stand alone optimization problem: 0.0226411819458
INFO:R0@tkref=5.4400: N of unsatisfied eq: 5
INFO:R0@tkref=5.4400: N of unsatisfied ieq: 5
INFO:R0@tkref=5.4400: Summary: Optimization terminated successfully. after 1 it.
DEBUG:R0@tkref=5.4400: $$$$$$$$ CONFLICT LIST $$$$$$$$: []
INFO:R0: --------------------------
INFO:R0@tkref=5.7800: Time to solve stand alone optimization problem: 0.0226590633392
INFO:R0@tkref=5.7800: N of unsatisfied eq: 2
INFO:R0@tkref=5.7800: N of unsatisfied ieq: 5
INFO:R0@tkref=5.7800: Summary: Optimization terminated successfully. after 1 it.
DEBUG:R0@tkref=5.7800: $$$$$$$$ CONFLICT LIST $$$$$$$$: []
INFO:R0: --------------------------
INFO:R0@tkref=6.1200: Time to solve stand alone optimization problem: 0.0225920677185
INFO:R0@tkref=6.1200: N of unsatisfied eq: 4
INFO:R0@tkref=6.1200: N of unsatisfied ieq: 7
INFO:R0@tkref=6.1200: Summary: Optimization terminated successfully. after 1 it.
DEBUG:R0@tkref=6.1200: $$$$$$$$ CONFLICT LIST $$$$$$$$: []
INFO:R0: --------------------------
DEBUG:R0: LAST STEP
DEBUG:R0: Approx remaining dist: 0.804273681339
DEBUG:R0: Usual approx plan dist: 3.4
DEBUG:R0: Approx gain in dist: 2.59572631866
DEBUG:R0: Last step min dist: 0.5
INFO:R0: scale 0.236551082747 Ns 7 Nk 3
INFO:R0@tkref=6.4600: Time to solve stand alone optimization problem: 0.369434833527
INFO:R0@tkref=6.4600: N of unsatisfied eq: 10
INFO:R0@tkref=6.4600: N of unsatisfied ieq: 4
INFO:R0@tkref=6.4600: Summary: Iteration limit exceeded after 26 it.
DEBUG:R0@tkref=6.4600: $$$$$$$$ CONFLICT LIST $$$$$$$$: []
INFO:R0: Finished motion planning
INFO:R0: --------------------------
INFO:R0: TOT: 7.36386882917
INFO:R0: NSE: 20
INFO:R0: FIR: 0.931341171265
INFO:R0: LAS: 0.370215177536
INFO:R0: LMA: 1
INFO:R0: MAX: 0.0463988780975
INFO:R0: MIN: 0.0227711200714
INFO:R0: AVG: 0.028402182791
INFO:R0: RMP: 0.136467288522
INFO:R0: RMG: 1.08886816922
