DEBUG:R0: Using Tc_p = 1.33333333333
DEBUG:R0: Using Tc_d = 1.33333333333
INFO:R0: Init motion planning
INFO:R0@tkref=0.0000: Time to solve stand alone optimization problem: 0.955034971237
INFO:R0@tkref=0.0000: N of unsatisfied eq: 5
INFO:R0@tkref=0.0000: N of unsatisfied ieq: 6
INFO:R0@tkref=0.0000: Summary: Iteration limit exceeded after 41 it.
DEBUG:R0@tkref=0.0000: $$$$$$$$ CONFLICT LIST $$$$$$$$: []
INFO:R0: --------------------------
INFO:R0@tkref=1.3333: Time to solve stand alone optimization problem: 0.0244269371033
INFO:R0@tkref=1.3333: N of unsatisfied eq: 3
INFO:R0@tkref=1.3333: N of unsatisfied ieq: 5
INFO:R0@tkref=1.3333: Summary: Optimization terminated successfully. after 1 it.
DEBUG:R0@tkref=1.3333: $$$$$$$$ CONFLICT LIST $$$$$$$$: []
INFO:R0: --------------------------
INFO:R0@tkref=2.6667: Time to solve stand alone optimization problem: 0.0228810310364
INFO:R0@tkref=2.6667: N of unsatisfied eq: 3
INFO:R0@tkref=2.6667: N of unsatisfied ieq: 8
INFO:R0@tkref=2.6667: Summary: Optimization terminated successfully. after 1 it.
DEBUG:R0@tkref=2.6667: $$$$$$$$ CONFLICT LIST $$$$$$$$: []
INFO:R0: --------------------------
INFO:R0@tkref=4.0000: Time to solve stand alone optimization problem: 0.02281498909
INFO:R0@tkref=4.0000: N of unsatisfied eq: 4
INFO:R0@tkref=4.0000: N of unsatisfied ieq: 5
INFO:R0@tkref=4.0000: Summary: Optimization terminated successfully. after 1 it.
DEBUG:R0@tkref=4.0000: $$$$$$$$ CONFLICT LIST $$$$$$$$: []
INFO:R0: --------------------------
DEBUG:R0: LAST STEP
DEBUG:R0: Approx remaining dist: 1.79901130549
DEBUG:R0: Usual approx plan dist: 3.0
DEBUG:R0: Approx gain in dist: 1.20098869451
DEBUG:R0: Last step min dist: 0.5
INFO:R0: scale 0.599670435164 Ns 8 Nk 4
INFO:R0@tkref=5.3333: Time to solve stand alone optimization problem: 0.437245845795
INFO:R0@tkref=5.3333: N of unsatisfied eq: 10
INFO:R0@tkref=5.3333: N of unsatisfied ieq: 3
INFO:R0@tkref=5.3333: Summary: Iteration limit exceeded after 26 it.
DEBUG:R0@tkref=5.3333: $$$$$$$$ CONFLICT LIST $$$$$$$$: []
INFO:R0: Finished motion planning
INFO:R0: --------------------------
INFO:R0: TOT: 7.28083895562
INFO:R0: NSE: 5
INFO:R0: FIR: 0.956285953522
INFO:R0: LAS: 0.438020944595
INFO:R0: LMA: 1
INFO:R0: MAX: 0.0250828266144
INFO:R0: MIN: 0.0234570503235
INFO:R0: AVG: 0.0240199565887
INFO:R0: RMP: 0.0188121199608
INFO:R0: RMG: 0.328515708447
