DEBUG:R0: Using Tc_p = 1.06363636364
DEBUG:R0: Using Tc_d = 1.06363636364
INFO:R0: Init motion planning
INFO:R0@tkref=0.0000: Time to solve stand alone optimization problem: 2.67815303802
INFO:R0@tkref=0.0000: N of unsatisfied eq: 4
INFO:R0@tkref=0.0000: N of unsatisfied ieq: 11
INFO:R0@tkref=0.0000: Summary: Iteration limit exceeded after 41 it.
DEBUG:R0@tkref=0.0000: $$$$$$$$ CONFLICT LIST $$$$$$$$: []
INFO:R0: --------------------------
INFO:R0@tkref=1.0636: Time to solve stand alone optimization problem: 1.03956389427
INFO:R0@tkref=1.0636: N of unsatisfied eq: 1
INFO:R0@tkref=1.0636: N of unsatisfied ieq: 5
INFO:R0@tkref=1.0636: Summary: Iteration limit exceeded after 16 it.
DEBUG:R0@tkref=1.0636: $$$$$$$$ CONFLICT LIST $$$$$$$$: []
INFO:R0: --------------------------
INFO:R0@tkref=2.1273: Time to solve stand alone optimization problem: 0.881859064102
INFO:R0@tkref=2.1273: N of unsatisfied eq: 3
INFO:R0@tkref=2.1273: N of unsatisfied ieq: 7
INFO:R0@tkref=2.1273: Summary: Optimization terminated successfully. after 13 it.
DEBUG:R0@tkref=2.1273: $$$$$$$$ CONFLICT LIST $$$$$$$$: []
INFO:R0: --------------------------
INFO:R0@tkref=3.1909: Time to solve stand alone optimization problem: 0.607197999954
INFO:R0@tkref=3.1909: N of unsatisfied eq: 3
INFO:R0@tkref=3.1909: N of unsatisfied ieq: 7
INFO:R0@tkref=3.1909: Summary: Optimization terminated successfully. after 9 it.
DEBUG:R0@tkref=3.1909: $$$$$$$$ CONFLICT LIST $$$$$$$$: []
INFO:R0: --------------------------
INFO:R0@tkref=4.2545: Time to solve stand alone optimization problem: 0.412355899811
INFO:R0@tkref=4.2545: N of unsatisfied eq: 3
INFO:R0@tkref=4.2545: N of unsatisfied ieq: 8
INFO:R0@tkref=4.2545: Summary: Optimization terminated successfully. after 6 it.
DEBUG:R0@tkref=4.2545: $$$$$$$$ CONFLICT LIST $$$$$$$$: []
INFO:R0: --------------------------
INFO:R0@tkref=5.3182: Time to solve stand alone optimization problem: 0.480026006699
INFO:R0@tkref=5.3182: N of unsatisfied eq: 3
INFO:R0@tkref=5.3182: N of unsatisfied ieq: 8
INFO:R0@tkref=5.3182: Summary: Optimization terminated successfully. after 7 it.
DEBUG:R0@tkref=5.3182: $$$$$$$$ CONFLICT LIST $$$$$$$$: []
INFO:R0: --------------------------
DEBUG:R0: LAST STEP
DEBUG:R0: Approx remaining dist: 1.49654070807
DEBUG:R0: Usual approx plan dist: 3.9
DEBUG:R0: Approx gain in dist: 2.40345929193
DEBUG:R0: Last step min dist: 0.5
INFO:R0: scale 0.383728386684 Ns 7 Nk 3
INFO:R0@tkref=6.3818: Time to solve stand alone optimization problem: 0.636528015137
INFO:R0@tkref=6.3818: N of unsatisfied eq: 10
INFO:R0@tkref=6.3818: N of unsatisfied ieq: 4
INFO:R0@tkref=6.3818: Summary: Iteration limit exceeded after 26 it.
DEBUG:R0@tkref=6.3818: $$$$$$$$ CONFLICT LIST $$$$$$$$: []
INFO:R0: Finished motion planning
INFO:R0: --------------------------
INFO:R0: TOT: 8.05449739353
INFO:R0: NSE: 7
INFO:R0: FIR: 2.67997694016
INFO:R0: LAS: 0.637387990952
INFO:R0: LMA: 0
INFO:R0: MAX: 1.04041600227
INFO:R0: MIN: 0.413203954697
INFO:R0: AVG: 0.685057973862
INFO:R0: RMP: 0.978168891026
INFO:R0: RMG: 0.978168891026
