DEBUG:R0: Using Tc_p = 2.0
DEBUG:R0: Using Tc_d = 2.0
INFO:R0: Init motion planning
INFO:R0@tkref=0.0000: Time to solve stand alone optimization problem: 1.43051505089
INFO:R0@tkref=0.0000: N of unsatisfied eq: 4
INFO:R0@tkref=0.0000: N of unsatisfied ieq: 9
INFO:R0@tkref=0.0000: Summary: Iteration limit exceeded after 41 it.
DEBUG:R0@tkref=0.0000: $$$$$$$$ CONFLICT LIST $$$$$$$$: []
INFO:R0: --------------------------
INFO:R0@tkref=2.0000: Time to solve stand alone optimization problem: 0.573544025421
INFO:R0@tkref=2.0000: N of unsatisfied eq: 2
INFO:R0@tkref=2.0000: N of unsatisfied ieq: 7
INFO:R0@tkref=2.0000: Summary: Optimization terminated successfully. after 12 it.
DEBUG:R0@tkref=2.0000: $$$$$$$$ CONFLICT LIST $$$$$$$$: []
INFO:R0: --------------------------
INFO:R0@tkref=4.0000: Time to solve stand alone optimization problem: 0.401983976364
INFO:R0@tkref=4.0000: N of unsatisfied eq: 2
INFO:R0@tkref=4.0000: N of unsatisfied ieq: 7
INFO:R0@tkref=4.0000: Summary: Optimization terminated successfully. after 9 it.
DEBUG:R0@tkref=4.0000: $$$$$$$$ CONFLICT LIST $$$$$$$$: []
INFO:R0: --------------------------
DEBUG:R0: LAST STEP
DEBUG:R0: Approx remaining dist: 1.41510240952
DEBUG:R0: Usual approx plan dist: 2.5
DEBUG:R0: Approx gain in dist: 1.08489759048
DEBUG:R0: Last step min dist: 0.5
INFO:R0: scale 0.566040963806 Ns 7 Nk 3
INFO:R0@tkref=6.0000: Time to solve stand alone optimization problem: 0.578248977661
INFO:R0@tkref=6.0000: N of unsatisfied eq: 10
INFO:R0@tkref=6.0000: N of unsatisfied ieq: 3
INFO:R0@tkref=6.0000: Summary: Iteration limit exceeded after 26 it.
DEBUG:R0@tkref=6.0000: $$$$$$$$ CONFLICT LIST $$$$$$$$: []
INFO:R0: Finished motion planning
INFO:R0: --------------------------
INFO:R0: TOT: 7.59027482691
INFO:R0: NSE: 4
INFO:R0: FIR: 1.43227696419
INFO:R0: LAS: 0.580031871796
INFO:R0: LMA: 1
INFO:R0: MAX: 0.575021028519
INFO:R0: MIN: 0.402988910675
INFO:R0: AVG: 0.489004969597
INFO:R0: RMP: 0.287510514259
INFO:R0: RMG: 0.290015935898
