DEBUG:R0: Using Tc_p = 0.327272727273
DEBUG:R0: Using Tc_d = 0.327272727273
INFO:R0: Init motion planning
INFO:R0@tkref=0.0000: Time to solve stand alone optimization problem: 0.973113059998
INFO:R0@tkref=0.0000: N of unsatisfied eq: 5
INFO:R0@tkref=0.0000: N of unsatisfied ieq: 8
INFO:R0@tkref=0.0000: Summary: Iteration limit exceeded after 41 it.
DEBUG:R0@tkref=0.0000: $$$$$$$$ CONFLICT LIST $$$$$$$$: []
INFO:R0: --------------------------
INFO:R0@tkref=0.3273: Time to solve stand alone optimization problem: 0.119426012039
INFO:R0@tkref=0.3273: N of unsatisfied eq: 3
INFO:R0@tkref=0.3273: N of unsatisfied ieq: 6
INFO:R0@tkref=0.3273: Summary: Optimization terminated successfully. after 5 it.
DEBUG:R0@tkref=0.3273: $$$$$$$$ CONFLICT LIST $$$$$$$$: []
INFO:R0: --------------------------
INFO:R0@tkref=0.6545: Time to solve stand alone optimization problem: 0.048378944397
INFO:R0@tkref=0.6545: N of unsatisfied eq: 3
INFO:R0@tkref=0.6545: N of unsatisfied ieq: 9
INFO:R0@tkref=0.6545: Summary: Optimization terminated successfully. after 2 it.
DEBUG:R0@tkref=0.6545: $$$$$$$$ CONFLICT LIST $$$$$$$$: []
INFO:R0: --------------------------
INFO:R0@tkref=0.9818: Time to solve stand alone optimization problem: 0.0234808921814
INFO:R0@tkref=0.9818: N of unsatisfied eq: 4
INFO:R0@tkref=0.9818: N of unsatisfied ieq: 5
INFO:R0@tkref=0.9818: Summary: Optimization terminated successfully. after 1 it.
DEBUG:R0@tkref=0.9818: $$$$$$$$ CONFLICT LIST $$$$$$$$: []
INFO:R0: --------------------------
INFO:R0@tkref=1.3091: Time to solve stand alone optimization problem: 0.0237200260162
INFO:R0@tkref=1.3091: N of unsatisfied eq: 3
INFO:R0@tkref=1.3091: N of unsatisfied ieq: 8
INFO:R0@tkref=1.3091: Summary: Optimization terminated successfully. after 1 it.
DEBUG:R0@tkref=1.3091: $$$$$$$$ CONFLICT LIST $$$$$$$$: []
INFO:R0: --------------------------
INFO:R0@tkref=1.6364: Time to solve stand alone optimization problem: 0.0236940383911
INFO:R0@tkref=1.6364: N of unsatisfied eq: 3
INFO:R0@tkref=1.6364: N of unsatisfied ieq: 8
INFO:R0@tkref=1.6364: Summary: Optimization terminated successfully. after 1 it.
DEBUG:R0@tkref=1.6364: $$$$$$$$ CONFLICT LIST $$$$$$$$: []
INFO:R0: --------------------------
INFO:R0@tkref=1.9636: Time to solve stand alone optimization problem: 0.0237469673157
INFO:R0@tkref=1.9636: N of unsatisfied eq: 4
INFO:R0@tkref=1.9636: N of unsatisfied ieq: 6
INFO:R0@tkref=1.9636: Summary: Optimization terminated successfully. after 1 it.
DEBUG:R0@tkref=1.9636: $$$$$$$$ CONFLICT LIST $$$$$$$$: []
INFO:R0: --------------------------
INFO:R0@tkref=2.2909: Time to solve stand alone optimization problem: 0.0237081050873
INFO:R0@tkref=2.2909: N of unsatisfied eq: 4
INFO:R0@tkref=2.2909: N of unsatisfied ieq: 7
INFO:R0@tkref=2.2909: Summary: Optimization terminated successfully. after 1 it.
DEBUG:R0@tkref=2.2909: $$$$$$$$ CONFLICT LIST $$$$$$$$: []
INFO:R0: --------------------------
INFO:R0@tkref=2.6182: Time to solve stand alone optimization problem: 0.0237140655518
INFO:R0@tkref=2.6182: N of unsatisfied eq: 4
INFO:R0@tkref=2.6182: N of unsatisfied ieq: 7
INFO:R0@tkref=2.6182: Summary: Optimization terminated successfully. after 1 it.
DEBUG:R0@tkref=2.6182: $$$$$$$$ CONFLICT LIST $$$$$$$$: []
INFO:R0: --------------------------
INFO:R0@tkref=2.9455: Time to solve stand alone optimization problem: 0.0234808921814
INFO:R0@tkref=2.9455: N of unsatisfied eq: 5
INFO:R0@tkref=2.9455: N of unsatisfied ieq: 7
INFO:R0@tkref=2.9455: Summary: Optimization terminated successfully. after 1 it.
DEBUG:R0@tkref=2.9455: $$$$$$$$ CONFLICT LIST $$$$$$$$: []
INFO:R0: --------------------------
INFO:R0@tkref=3.2727: Time to solve stand alone optimization problem: 0.0237381458282
INFO:R0@tkref=3.2727: N of unsatisfied eq: 5
INFO:R0@tkref=3.2727: N of unsatisfied ieq: 7
INFO:R0@tkref=3.2727: Summary: Optimization terminated successfully. after 1 it.
DEBUG:R0@tkref=3.2727: $$$$$$$$ CONFLICT LIST $$$$$$$$: []
INFO:R0: --------------------------
INFO:R0@tkref=3.6000: Time to solve stand alone optimization problem: 0.0240118503571
INFO:R0@tkref=3.6000: N of unsatisfied eq: 5
INFO:R0@tkref=3.6000: N of unsatisfied ieq: 7
INFO:R0@tkref=3.6000: Summary: Optimization terminated successfully. after 1 it.
DEBUG:R0@tkref=3.6000: $$$$$$$$ CONFLICT LIST $$$$$$$$: []
INFO:R0: --------------------------
INFO:R0@tkref=3.9273: Time to solve stand alone optimization problem: 0.0237159729004
INFO:R0@tkref=3.9273: N of unsatisfied eq: 4
INFO:R0@tkref=3.9273: N of unsatisfied ieq: 7
INFO:R0@tkref=3.9273: Summary: Optimization terminated successfully. after 1 it.
DEBUG:R0@tkref=3.9273: $$$$$$$$ CONFLICT LIST $$$$$$$$: []
INFO:R0: --------------------------
INFO:R0@tkref=4.2545: Time to solve stand alone optimization problem: 0.0237019062042
INFO:R0@tkref=4.2545: N of unsatisfied eq: 4
INFO:R0@tkref=4.2545: N of unsatisfied ieq: 7
INFO:R0@tkref=4.2545: Summary: Optimization terminated successfully. after 1 it.
DEBUG:R0@tkref=4.2545: $$$$$$$$ CONFLICT LIST $$$$$$$$: []
INFO:R0: --------------------------
INFO:R0@tkref=4.5818: Time to solve stand alone optimization problem: 0.0234260559082
INFO:R0@tkref=4.5818: N of unsatisfied eq: 5
INFO:R0@tkref=4.5818: N of unsatisfied ieq: 8
INFO:R0@tkref=4.5818: Summary: Optimization terminated successfully. after 1 it.
DEBUG:R0@tkref=4.5818: $$$$$$$$ CONFLICT LIST $$$$$$$$: []
INFO:R0: --------------------------
INFO:R0@tkref=4.9091: Time to solve stand alone optimization problem: 0.0241670608521
INFO:R0@tkref=4.9091: N of unsatisfied eq: 4
INFO:R0@tkref=4.9091: N of unsatisfied ieq: 7
INFO:R0@tkref=4.9091: Summary: Optimization terminated successfully. after 1 it.
DEBUG:R0@tkref=4.9091: $$$$$$$$ CONFLICT LIST $$$$$$$$: []
INFO:R0: --------------------------
INFO:R0@tkref=5.2364: Time to solve stand alone optimization problem: 0.0238749980927
INFO:R0@tkref=5.2364: N of unsatisfied eq: 4
INFO:R0@tkref=5.2364: N of unsatisfied ieq: 6
INFO:R0@tkref=5.2364: Summary: Optimization terminated successfully. after 1 it.
DEBUG:R0@tkref=5.2364: $$$$$$$$ CONFLICT LIST $$$$$$$$: []
INFO:R0: --------------------------
INFO:R0@tkref=5.5636: Time to solve stand alone optimization problem: 0.0234620571136
INFO:R0@tkref=5.5636: N of unsatisfied eq: 4
INFO:R0@tkref=5.5636: N of unsatisfied ieq: 8
INFO:R0@tkref=5.5636: Summary: Optimization terminated successfully. after 1 it.
DEBUG:R0@tkref=5.5636: $$$$$$$$ CONFLICT LIST $$$$$$$$: []
INFO:R0: --------------------------
INFO:R0@tkref=5.8909: Time to solve stand alone optimization problem: 0.0231459140778
INFO:R0@tkref=5.8909: N of unsatisfied eq: 5
INFO:R0@tkref=5.8909: N of unsatisfied ieq: 9
INFO:R0@tkref=5.8909: Summary: Optimization terminated successfully. after 1 it.
DEBUG:R0@tkref=5.8909: $$$$$$$$ CONFLICT LIST $$$$$$$$: []
INFO:R0: --------------------------
INFO:R0@tkref=6.2182: Time to solve stand alone optimization problem: 0.0233600139618
INFO:R0@tkref=6.2182: N of unsatisfied eq: 3
INFO:R0@tkref=6.2182: N of unsatisfied ieq: 9
INFO:R0@tkref=6.2182: Summary: Optimization terminated successfully. after 1 it.
DEBUG:R0@tkref=6.2182: $$$$$$$$ CONFLICT LIST $$$$$$$$: []
INFO:R0: --------------------------
DEBUG:R0: LAST STEP
DEBUG:R0: Approx remaining dist: 0.514286503529
DEBUG:R0: Usual approx plan dist: 0.9
DEBUG:R0: Approx gain in dist: 0.385713496471
DEBUG:R0: Last step min dist: 0.5
INFO:R0: scale 0.571429448366 Ns 7 Nk 3
INFO:R0@tkref=6.5455: Time to solve stand alone optimization problem: 0.366146087646
INFO:R0@tkref=6.5455: N of unsatisfied eq: 10
INFO:R0@tkref=6.5455: N of unsatisfied ieq: 4
INFO:R0@tkref=6.5455: Summary: Iteration limit exceeded after 26 it.
DEBUG:R0@tkref=6.5455: $$$$$$$$ CONFLICT LIST $$$$$$$$: []
INFO:R0: Finished motion planning
INFO:R0: --------------------------
INFO:R0: TOT: 7.12341345316
INFO:R0: NSE: 21
INFO:R0: FIR: 0.974577903748
INFO:R0: LAS: 0.366868019104
INFO:R0: LMA: 1
INFO:R0: MAX: 0.120094060898
INFO:R0: MIN: 0.0237941741943
INFO:R0: AVG: 0.0306639796809
INFO:R0: RMP: 0.366954074966
INFO:R0: RMG: 1.12098561393
