DEBUG:R0: Using Tc_p = 3.29
DEBUG:R0: Using Tc_d = 3.29
INFO:R0: Init motion planning
INFO:R0@tkref=0.0000: Time to solve stand alone optimization problem: 1.49462509155
INFO:R0@tkref=0.0000: N of unsatisfied eq: 5
INFO:R0@tkref=0.0000: N of unsatisfied ieq: 8
INFO:R0@tkref=0.0000: Summary: Iteration limit exceeded after 41 it.
DEBUG:R0@tkref=0.0000: $$$$$$$$ CONFLICT LIST $$$$$$$$: []
INFO:R0: --------------------------
DEBUG:R0: LAST STEP
DEBUG:R0: Approx remaining dist: 3.96587806915
DEBUG:R0: Usual approx plan dist: 4.7
DEBUG:R0: Approx gain in dist: 0.734121930849
DEBUG:R0: Last step min dist: 0.5
INFO:R0: scale 0.8438038445 Ns 9 Nk 5
INFO:R0@tkref=3.2900: Time to solve stand alone optimization problem: 0.846584796906
INFO:R0@tkref=3.2900: N of unsatisfied eq: 10
INFO:R0@tkref=3.2900: N of unsatisfied ieq: 1
INFO:R0@tkref=3.2900: Summary: Iteration limit exceeded after 26 it.
DEBUG:R0@tkref=3.2900: $$$$$$$$ CONFLICT LIST $$$$$$$$: []
INFO:R0: Finished motion planning
INFO:R0: --------------------------
INFO:R0: TOT: 18.2880044146
INFO:R0: NSE: 2
INFO:R0: FIR: 1.49582409859
INFO:R0: LAS: 0.847409009933
INFO:R0: LMA: 1
INFO:R0: MAX: 0.847409009933
INFO:R0: MIN: 0.847409009933
INFO:R0: AVG: 0.847409009933
INFO:R0: RMP: 0.257571127639
INFO:R0: RMG: 0.257571127639
