DEBUG:R0: Using Tc_p = 2.60909090909
DEBUG:R0: Using Tc_d = 2.60909090909
INFO:R0: Init motion planning
INFO:R0@tkref=0.0000: Time to solve stand alone optimization problem: 1.64804697037
INFO:R0@tkref=0.0000: N of unsatisfied eq: 3
INFO:R0@tkref=0.0000: N of unsatisfied ieq: 9
INFO:R0@tkref=0.0000: Summary: Iteration limit exceeded after 41 it.
DEBUG:R0@tkref=0.0000: $$$$$$$$ CONFLICT LIST $$$$$$$$: []
INFO:R0: --------------------------
INFO:R0@tkref=2.6091: Time to solve stand alone optimization problem: 0.359288930893
INFO:R0@tkref=2.6091: N of unsatisfied eq: 3
INFO:R0@tkref=2.6091: N of unsatisfied ieq: 9
INFO:R0@tkref=2.6091: Summary: Optimization terminated successfully. after 8 it.
DEBUG:R0@tkref=2.6091: $$$$$$$$ CONFLICT LIST $$$$$$$$: []
INFO:R0: --------------------------
DEBUG:R0: LAST STEP
DEBUG:R0: Approx remaining dist: 2.22696357407
DEBUG:R0: Usual approx plan dist: 4.1
DEBUG:R0: Approx gain in dist: 1.87303642593
DEBUG:R0: Last step min dist: 0.5
INFO:R0: scale 0.543161847334 Ns 7 Nk 3
INFO:R0@tkref=5.2182: Time to solve stand alone optimization problem: 0.555610179901
INFO:R0@tkref=5.2182: N of unsatisfied eq: 10
INFO:R0@tkref=5.2182: N of unsatisfied ieq: 3
INFO:R0@tkref=5.2182: Summary: Iteration limit exceeded after 26 it.
DEBUG:R0@tkref=5.2182: $$$$$$$$ CONFLICT LIST $$$$$$$$: []
INFO:R0: Finished motion planning
INFO:R0: --------------------------
INFO:R0: TOT: 7.72346870246
INFO:R0: NSE: 3
INFO:R0: FIR: 1.64928984642
INFO:R0: LAS: 0.556462049484
INFO:R0: LMA: 1
INFO:R0: MAX: 0.360070943832
INFO:R0: MIN: 0.360070943832
INFO:R0: AVG: 0.360070943832
INFO:R0: RMP: 0.138006285093
INFO:R0: RMG: 0.213278137433
