DEBUG:R0: Using Tc_p = 0.690909090909
DEBUG:R0: Using Tc_d = 0.690909090909
INFO:R0: Init motion planning
INFO:R0@tkref=0.0000: Time to solve stand alone optimization problem: 1.54281902313
INFO:R0@tkref=0.0000: N of unsatisfied eq: 4
INFO:R0@tkref=0.0000: N of unsatisfied ieq: 9
INFO:R0@tkref=0.0000: Summary: Iteration limit exceeded after 41 it.
DEBUG:R0@tkref=0.0000: $$$$$$$$ CONFLICT LIST $$$$$$$$: []
INFO:R0: --------------------------
INFO:R0@tkref=0.6909: Time to solve stand alone optimization problem: 0.219502210617
INFO:R0@tkref=0.6909: N of unsatisfied eq: 2
INFO:R0@tkref=0.6909: N of unsatisfied ieq: 7
INFO:R0@tkref=0.6909: Summary: Optimization terminated successfully. after 6 it.
DEBUG:R0@tkref=0.6909: $$$$$$$$ CONFLICT LIST $$$$$$$$: []
INFO:R0: --------------------------
INFO:R0@tkref=1.3818: Time to solve stand alone optimization problem: 0.300445079803
INFO:R0@tkref=1.3818: N of unsatisfied eq: 2
INFO:R0@tkref=1.3818: N of unsatisfied ieq: 6
INFO:R0@tkref=1.3818: Summary: Optimization terminated successfully. after 7 it.
DEBUG:R0@tkref=1.3818: $$$$$$$$ CONFLICT LIST $$$$$$$$: []
INFO:R0: --------------------------
INFO:R0@tkref=2.0727: Time to solve stand alone optimization problem: 0.253380775452
INFO:R0@tkref=2.0727: N of unsatisfied eq: 3
INFO:R0@tkref=2.0727: N of unsatisfied ieq: 8
INFO:R0@tkref=2.0727: Summary: Optimization terminated successfully. after 6 it.
DEBUG:R0@tkref=2.0727: $$$$$$$$ CONFLICT LIST $$$$$$$$: []
INFO:R0: --------------------------
INFO:R0@tkref=2.7636: Time to solve stand alone optimization problem: 0.254463911057
INFO:R0@tkref=2.7636: N of unsatisfied eq: 3
INFO:R0@tkref=2.7636: N of unsatisfied ieq: 6
INFO:R0@tkref=2.7636: Summary: Optimization terminated successfully. after 6 it.
DEBUG:R0@tkref=2.7636: $$$$$$$$ CONFLICT LIST $$$$$$$$: []
INFO:R0: --------------------------
INFO:R0@tkref=3.4545: Time to solve stand alone optimization problem: 0.341756105423
INFO:R0@tkref=3.4545: N of unsatisfied eq: 3
INFO:R0@tkref=3.4545: N of unsatisfied ieq: 5
INFO:R0@tkref=3.4545: Summary: Optimization terminated successfully. after 8 it.
DEBUG:R0@tkref=3.4545: $$$$$$$$ CONFLICT LIST $$$$$$$$: []
INFO:R0: --------------------------
INFO:R0@tkref=4.1455: Time to solve stand alone optimization problem: 0.213627815247
INFO:R0@tkref=4.1455: N of unsatisfied eq: 2
INFO:R0@tkref=4.1455: N of unsatisfied ieq: 6
INFO:R0@tkref=4.1455: Summary: Optimization terminated successfully. after 5 it.
DEBUG:R0@tkref=4.1455: $$$$$$$$ CONFLICT LIST $$$$$$$$: []
INFO:R0: --------------------------
INFO:R0@tkref=4.8364: Time to solve stand alone optimization problem: 0.13071513176
INFO:R0@tkref=4.8364: N of unsatisfied eq: 3
INFO:R0@tkref=4.8364: N of unsatisfied ieq: 6
INFO:R0@tkref=4.8364: Summary: Optimization terminated successfully. after 3 it.
DEBUG:R0@tkref=4.8364: $$$$$$$$ CONFLICT LIST $$$$$$$$: []
INFO:R0: --------------------------
INFO:R0@tkref=5.5273: Time to solve stand alone optimization problem: 0.0878400802612
INFO:R0@tkref=5.5273: N of unsatisfied eq: 3
INFO:R0@tkref=5.5273: N of unsatisfied ieq: 6
INFO:R0@tkref=5.5273: Summary: Optimization terminated successfully. after 2 it.
DEBUG:R0@tkref=5.5273: $$$$$$$$ CONFLICT LIST $$$$$$$$: []
INFO:R0: --------------------------
INFO:R0@tkref=6.2182: Time to solve stand alone optimization problem: 0.0900619029999
INFO:R0@tkref=6.2182: N of unsatisfied eq: 3
INFO:R0@tkref=6.2182: N of unsatisfied ieq: 6
INFO:R0@tkref=6.2182: Summary: Optimization terminated successfully. after 2 it.
DEBUG:R0@tkref=6.2182: $$$$$$$$ CONFLICT LIST $$$$$$$$: []
INFO:R0: --------------------------
DEBUG:R0: LAST STEP
DEBUG:R0: Approx remaining dist: 0.64089799523
DEBUG:R0: Usual approx plan dist: 3.8
DEBUG:R0: Approx gain in dist: 3.15910200477
DEBUG:R0: Last step min dist: 0.5
INFO:R0: scale 0.168657367166 Ns 7 Nk 3
INFO:R0@tkref=6.9091: Time to solve stand alone optimization problem: 0.506500005722
INFO:R0@tkref=6.9091: N of unsatisfied eq: 10
INFO:R0@tkref=6.9091: N of unsatisfied ieq: 4
INFO:R0@tkref=6.9091: Summary: Iteration limit exceeded after 26 it.
DEBUG:R0@tkref=6.9091: $$$$$$$$ CONFLICT LIST $$$$$$$$: []
INFO:R0: Finished motion planning
INFO:R0: --------------------------
INFO:R0: TOT: 7.62945855734
INFO:R0: NSE: 11
INFO:R0: FIR: 1.54465198517
INFO:R0: LAS: 0.507364034653
INFO:R0: LMA: 1
INFO:R0: MAX: 0.342772960663
INFO:R0: MIN: 0.0886149406433
INFO:R0: AVG: 0.21113509602
INFO:R0: RMP: 0.496118758854
INFO:R0: RMG: 0.734342681734
