DEBUG:R0: Using Tc_p = 0.836363636364
DEBUG:R0: Using Tc_d = 0.836363636364
INFO:R0: Init motion planning
INFO:R0@tkref=0.0000: Time to solve stand alone optimization problem: 1.05014014244
INFO:R0@tkref=0.0000: N of unsatisfied eq: 5
INFO:R0@tkref=0.0000: N of unsatisfied ieq: 10
INFO:R0@tkref=0.0000: Summary: Iteration limit exceeded after 41 it.
DEBUG:R0@tkref=0.0000: $$$$$$$$ CONFLICT LIST $$$$$$$$: []
INFO:R0: --------------------------
INFO:R0@tkref=0.8364: Time to solve stand alone optimization problem: 0.0270259380341
INFO:R0@tkref=0.8364: N of unsatisfied eq: 3
INFO:R0@tkref=0.8364: N of unsatisfied ieq: 4
INFO:R0@tkref=0.8364: Summary: Optimization terminated successfully. after 1 it.
DEBUG:R0@tkref=0.8364: $$$$$$$$ CONFLICT LIST $$$$$$$$: []
INFO:R0: --------------------------
INFO:R0@tkref=1.6727: Time to solve stand alone optimization problem: 0.0254240036011
INFO:R0@tkref=1.6727: N of unsatisfied eq: 4
INFO:R0@tkref=1.6727: N of unsatisfied ieq: 6
INFO:R0@tkref=1.6727: Summary: Optimization terminated successfully. after 1 it.
DEBUG:R0@tkref=1.6727: $$$$$$$$ CONFLICT LIST $$$$$$$$: []
INFO:R0: --------------------------
INFO:R0@tkref=2.5091: Time to solve stand alone optimization problem: 0.0253851413727
INFO:R0@tkref=2.5091: N of unsatisfied eq: 5
INFO:R0@tkref=2.5091: N of unsatisfied ieq: 6
INFO:R0@tkref=2.5091: Summary: Optimization terminated successfully. after 1 it.
DEBUG:R0@tkref=2.5091: $$$$$$$$ CONFLICT LIST $$$$$$$$: []
INFO:R0: --------------------------
INFO:R0@tkref=3.3455: Time to solve stand alone optimization problem: 0.0258119106293
INFO:R0@tkref=3.3455: N of unsatisfied eq: 3
INFO:R0@tkref=3.3455: N of unsatisfied ieq: 6
INFO:R0@tkref=3.3455: Summary: Optimization terminated successfully. after 1 it.
DEBUG:R0@tkref=3.3455: $$$$$$$$ CONFLICT LIST $$$$$$$$: []
INFO:R0: --------------------------
INFO:R0@tkref=4.1818: Time to solve stand alone optimization problem: 0.025463104248
INFO:R0@tkref=4.1818: N of unsatisfied eq: 4
INFO:R0@tkref=4.1818: N of unsatisfied ieq: 7
INFO:R0@tkref=4.1818: Summary: Optimization terminated successfully. after 1 it.
DEBUG:R0@tkref=4.1818: $$$$$$$$ CONFLICT LIST $$$$$$$$: []
INFO:R0: --------------------------
INFO:R0@tkref=5.0182: Time to solve stand alone optimization problem: 0.025318145752
INFO:R0@tkref=5.0182: N of unsatisfied eq: 5
INFO:R0@tkref=5.0182: N of unsatisfied ieq: 8
INFO:R0@tkref=5.0182: Summary: Optimization terminated successfully. after 1 it.
DEBUG:R0@tkref=5.0182: $$$$$$$$ CONFLICT LIST $$$$$$$$: []
INFO:R0: --------------------------
DEBUG:R0: LAST STEP
DEBUG:R0: Approx remaining dist: 1.27374988195
DEBUG:R0: Usual approx plan dist: 2.3
DEBUG:R0: Approx gain in dist: 1.02625011805
DEBUG:R0: Last step min dist: 0.5
INFO:R0: scale 0.553804296501 Ns 7 Nk 3
INFO:R0@tkref=5.8545: Time to solve stand alone optimization problem: 0.359169006348
INFO:R0@tkref=5.8545: N of unsatisfied eq: 10
INFO:R0@tkref=5.8545: N of unsatisfied ieq: 4
INFO:R0@tkref=5.8545: Summary: Iteration limit exceeded after 26 it.
DEBUG:R0@tkref=5.8545: $$$$$$$$ CONFLICT LIST $$$$$$$$: []
INFO:R0: Finished motion planning
INFO:R0: --------------------------
INFO:R0: TOT: 7.28607898426
INFO:R0: NSE: 8
INFO:R0: FIR: 1.05182385445
INFO:R0: LAS: 0.359927892685
INFO:R0: LMA: 1
INFO:R0: MAX: 0.0277090072632
INFO:R0: MIN: 0.0259709358215
INFO:R0: AVG: 0.0263956785202
INFO:R0: RMP: 0.0331303347712
INFO:R0: RMG: 0.430348567341
