DEBUG:R0: Using Tc_p = 4.5
DEBUG:R0: Using Tc_d = 4.5
INFO:R0: Init motion planning
INFO:R0@tkref=0.0000: Time to solve stand alone optimization problem: 2.64621496201
INFO:R0@tkref=0.0000: N of unsatisfied eq: 5
INFO:R0@tkref=0.0000: N of unsatisfied ieq: 7
INFO:R0@tkref=0.0000: Summary: Iteration limit exceeded after 41 it.
DEBUG:R0@tkref=0.0000: $$$$$$$$ CONFLICT LIST $$$$$$$$: []
INFO:R0: --------------------------
DEBUG:R0: LAST STEP
DEBUG:R0: Approx remaining dist: 3.06040775439
DEBUG:R0: Usual approx plan dist: 5.0
DEBUG:R0: Approx gain in dist: 1.93959224561
DEBUG:R0: Last step min dist: 0.5
INFO:R0: scale 0.612081550878 Ns 8 Nk 4
INFO:R0@tkref=4.5000: Time to solve stand alone optimization problem: 1.14436984062
INFO:R0@tkref=4.5000: N of unsatisfied eq: 10
INFO:R0@tkref=4.5000: N of unsatisfied ieq: 3
INFO:R0@tkref=4.5000: Summary: Iteration limit exceeded after 26 it.
DEBUG:R0@tkref=4.5000: $$$$$$$$ CONFLICT LIST $$$$$$$$: []
INFO:R0: Finished motion planning
INFO:R0: --------------------------
INFO:R0: TOT: 9.05397449792
INFO:R0: NSE: 2
INFO:R0: FIR: 2.64753603935
INFO:R0: LAS: 1.14524698257
INFO:R0: LMA: 1
INFO:R0: MAX: 1.14524698257
INFO:R0: MIN: 1.14524698257
INFO:R0: AVG: 1.14524698257
INFO:R0: RMP: 0.254499329461
INFO:R0: RMG: 0.254499329461
