DEBUG:R0: Using Tc_p = 1.77272727273
DEBUG:R0: Using Tc_d = 1.77272727273
INFO:R0: Init motion planning
INFO:R0@tkref=0.0000: Time to solve stand alone optimization problem: 0.965246200562
INFO:R0@tkref=0.0000: N of unsatisfied eq: 5
INFO:R0@tkref=0.0000: N of unsatisfied ieq: 8
INFO:R0@tkref=0.0000: Summary: Iteration limit exceeded after 41 it.
DEBUG:R0@tkref=0.0000: $$$$$$$$ CONFLICT LIST $$$$$$$$: []
INFO:R0: --------------------------
INFO:R0@tkref=1.7727: Time to solve stand alone optimization problem: 0.140909910202
INFO:R0@tkref=1.7727: N of unsatisfied eq: 3
INFO:R0@tkref=1.7727: N of unsatisfied ieq: 6
INFO:R0@tkref=1.7727: Summary: Optimization terminated successfully. after 6 it.
DEBUG:R0@tkref=1.7727: $$$$$$$$ CONFLICT LIST $$$$$$$$: []
INFO:R0: --------------------------
INFO:R0@tkref=3.5455: Time to solve stand alone optimization problem: 0.0248148441315
INFO:R0@tkref=3.5455: N of unsatisfied eq: 3
INFO:R0@tkref=3.5455: N of unsatisfied ieq: 5
INFO:R0@tkref=3.5455: Summary: Optimization terminated successfully. after 1 it.
DEBUG:R0@tkref=3.5455: $$$$$$$$ CONFLICT LIST $$$$$$$$: []
INFO:R0: --------------------------
DEBUG:R0: LAST STEP
DEBUG:R0: Approx remaining dist: 1.93540962672
DEBUG:R0: Usual approx plan dist: 3.9
DEBUG:R0: Approx gain in dist: 1.96459037328
DEBUG:R0: Last step min dist: 0.5
INFO:R0: scale 0.496258878646 Ns 7 Nk 3
INFO:R0@tkref=5.3182: Time to solve stand alone optimization problem: 0.363765001297
INFO:R0@tkref=5.3182: N of unsatisfied eq: 10
INFO:R0@tkref=5.3182: N of unsatisfied ieq: 4
INFO:R0@tkref=5.3182: Summary: Iteration limit exceeded after 26 it.
DEBUG:R0@tkref=5.3182: $$$$$$$$ CONFLICT LIST $$$$$$$$: []
INFO:R0: Finished motion planning
INFO:R0: --------------------------
INFO:R0: TOT: 7.49352314237
INFO:R0: NSE: 4
INFO:R0: FIR: 0.966424942017
INFO:R0: LAS: 0.364497900009
INFO:R0: LMA: 1
INFO:R0: MAX: 0.141673088074
INFO:R0: MIN: 0.0255110263824
INFO:R0: AVG: 0.0835920572281
INFO:R0: RMP: 0.0799181522467
INFO:R0: RMG: 0.205614200005
