DEBUG:R0: Using Tc_p = 1.01818181818
DEBUG:R0: Using Tc_d = 1.01818181818
INFO:R0: Init motion planning
INFO:R0@tkref=0.0000: Time to solve stand alone optimization problem: 0.954716920853
INFO:R0@tkref=0.0000: N of unsatisfied eq: 5
INFO:R0@tkref=0.0000: N of unsatisfied ieq: 8
INFO:R0@tkref=0.0000: Summary: Iteration limit exceeded after 41 it.
DEBUG:R0@tkref=0.0000: $$$$$$$$ CONFLICT LIST $$$$$$$$: []
INFO:R0: --------------------------
INFO:R0@tkref=1.0182: Time to solve stand alone optimization problem: 0.117839097977
INFO:R0@tkref=1.0182: N of unsatisfied eq: 3
INFO:R0@tkref=1.0182: N of unsatisfied ieq: 6
INFO:R0@tkref=1.0182: Summary: Optimization terminated successfully. after 5 it.
DEBUG:R0@tkref=1.0182: $$$$$$$$ CONFLICT LIST $$$$$$$$: []
INFO:R0: --------------------------
INFO:R0@tkref=2.0364: Time to solve stand alone optimization problem: 0.0477731227875
INFO:R0@tkref=2.0364: N of unsatisfied eq: 3
INFO:R0@tkref=2.0364: N of unsatisfied ieq: 9
INFO:R0@tkref=2.0364: Summary: Optimization terminated successfully. after 2 it.
DEBUG:R0@tkref=2.0364: $$$$$$$$ CONFLICT LIST $$$$$$$$: []
INFO:R0: --------------------------
INFO:R0@tkref=3.0545: Time to solve stand alone optimization problem: 0.0229120254517
INFO:R0@tkref=3.0545: N of unsatisfied eq: 4
INFO:R0@tkref=3.0545: N of unsatisfied ieq: 7
INFO:R0@tkref=3.0545: Summary: Optimization terminated successfully. after 1 it.
DEBUG:R0@tkref=3.0545: $$$$$$$$ CONFLICT LIST $$$$$$$$: []
INFO:R0: --------------------------
INFO:R0@tkref=4.0727: Time to solve stand alone optimization problem: 0.0228710174561
INFO:R0@tkref=4.0727: N of unsatisfied eq: 3
INFO:R0@tkref=4.0727: N of unsatisfied ieq: 5
INFO:R0@tkref=4.0727: Summary: Optimization terminated successfully. after 1 it.
DEBUG:R0@tkref=4.0727: $$$$$$$$ CONFLICT LIST $$$$$$$$: []
INFO:R0: --------------------------
INFO:R0@tkref=5.0909: Time to solve stand alone optimization problem: 0.023097038269
INFO:R0@tkref=5.0909: N of unsatisfied eq: 4
INFO:R0@tkref=5.0909: N of unsatisfied ieq: 7
INFO:R0@tkref=5.0909: Summary: Optimization terminated successfully. after 1 it.
DEBUG:R0@tkref=5.0909: $$$$$$$$ CONFLICT LIST $$$$$$$$: []
INFO:R0: --------------------------
DEBUG:R0: LAST STEP
DEBUG:R0: Approx remaining dist: 1.07337776985
DEBUG:R0: Usual approx plan dist: 2.8
DEBUG:R0: Approx gain in dist: 1.72662223015
DEBUG:R0: Last step min dist: 0.5
INFO:R0: scale 0.383349203518 Ns 7 Nk 3
INFO:R0@tkref=6.1091: Time to solve stand alone optimization problem: 0.363619804382
INFO:R0@tkref=6.1091: N of unsatisfied eq: 10
INFO:R0@tkref=6.1091: N of unsatisfied ieq: 4
INFO:R0@tkref=6.1091: Summary: Iteration limit exceeded after 26 it.
DEBUG:R0@tkref=6.1091: $$$$$$$$ CONFLICT LIST $$$$$$$$: []
INFO:R0: Finished motion planning
INFO:R0: --------------------------
INFO:R0: TOT: 7.31541304137
INFO:R0: NSE: 7
INFO:R0: FIR: 0.956689119339
INFO:R0: LAS: 0.364351987839
INFO:R0: LMA: 1
INFO:R0: MAX: 0.11851477623
INFO:R0: MIN: 0.0235199928284
INFO:R0: AVG: 0.0475532054901
INFO:R0: RMP: 0.11639844094
INFO:R0: RMG: 0.357845702342
