DEBUG:R0: Using Tc_p = 3.68181818182
DEBUG:R0: Using Tc_d = 3.68181818182
INFO:R0: Init motion planning
INFO:R0@tkref=0.0000: Time to solve stand alone optimization problem: 0.946754932404
INFO:R0@tkref=0.0000: N of unsatisfied eq: 5
INFO:R0@tkref=0.0000: N of unsatisfied ieq: 8
INFO:R0@tkref=0.0000: Summary: Iteration limit exceeded after 41 it.
DEBUG:R0@tkref=0.0000: $$$$$$$$ CONFLICT LIST $$$$$$$$: []
INFO:R0: --------------------------
DEBUG:R0: LAST STEP
DEBUG:R0: Approx remaining dist: 3.60961772593
DEBUG:R0: Usual approx plan dist: 4.5
DEBUG:R0: Approx gain in dist: 0.890382274072
DEBUG:R0: Last step min dist: 0.5
INFO:R0: scale 0.802137272428 Ns 10 Nk 4
INFO:R0@tkref=3.6818: Time to solve stand alone optimization problem: 0.486852884293
INFO:R0@tkref=3.6818: N of unsatisfied eq: 10
INFO:R0@tkref=3.6818: N of unsatisfied ieq: 5
INFO:R0@tkref=3.6818: Summary: Iteration limit exceeded after 26 it.
DEBUG:R0@tkref=3.6818: $$$$$$$$ CONFLICT LIST $$$$$$$$: []
INFO:R0: Finished motion planning
INFO:R0: --------------------------
INFO:R0: TOT: 7.60701991874
INFO:R0: NSE: 2
INFO:R0: FIR: 0.948581933975
INFO:R0: LAS: 0.487622976303
INFO:R0: LMA: 1
INFO:R0: MAX: 0.487622976303
INFO:R0: MIN: 0.487622976303
INFO:R0: AVG: 0.487622976303
INFO:R0: RMP: 0.132440808379
INFO:R0: RMG: 0.132440808379
