DEBUG:R0: Using Tc_p = 0.855555555556
DEBUG:R0: Using Tc_d = 0.855555555556
INFO:R0: Init motion planning
INFO:R0@tkref=0.0000: Time to solve stand alone optimization problem: 1.29355096817
INFO:R0@tkref=0.0000: N of unsatisfied eq: 5
INFO:R0@tkref=0.0000: N of unsatisfied ieq: 6
INFO:R0@tkref=0.0000: Summary: Iteration limit exceeded after 41 it.
DEBUG:R0@tkref=0.0000: $$$$$$$$ CONFLICT LIST $$$$$$$$: []
INFO:R0: --------------------------
INFO:R0@tkref=0.8556: Time to solve stand alone optimization problem: 0.0257289409637
INFO:R0@tkref=0.8556: N of unsatisfied eq: 3
INFO:R0@tkref=0.8556: N of unsatisfied ieq: 3
INFO:R0@tkref=0.8556: Summary: Optimization terminated successfully. after 1 it.
DEBUG:R0@tkref=0.8556: $$$$$$$$ CONFLICT LIST $$$$$$$$: []
INFO:R0: --------------------------
INFO:R0@tkref=1.7111: Time to solve stand alone optimization problem: 0.0244860649109
INFO:R0@tkref=1.7111: N of unsatisfied eq: 4
INFO:R0@tkref=1.7111: N of unsatisfied ieq: 6
INFO:R0@tkref=1.7111: Summary: Optimization terminated successfully. after 1 it.
DEBUG:R0@tkref=1.7111: $$$$$$$$ CONFLICT LIST $$$$$$$$: []
INFO:R0: --------------------------
INFO:R0@tkref=2.5667: Time to solve stand alone optimization problem: 0.024621963501
INFO:R0@tkref=2.5667: N of unsatisfied eq: 5
INFO:R0@tkref=2.5667: N of unsatisfied ieq: 5
INFO:R0@tkref=2.5667: Summary: Optimization terminated successfully. after 1 it.
DEBUG:R0@tkref=2.5667: $$$$$$$$ CONFLICT LIST $$$$$$$$: []
INFO:R0: --------------------------
INFO:R0@tkref=3.4222: Time to solve stand alone optimization problem: 0.0249500274658
INFO:R0@tkref=3.4222: N of unsatisfied eq: 5
INFO:R0@tkref=3.4222: N of unsatisfied ieq: 7
INFO:R0@tkref=3.4222: Summary: Optimization terminated successfully. after 1 it.
DEBUG:R0@tkref=3.4222: $$$$$$$$ CONFLICT LIST $$$$$$$$: []
INFO:R0: --------------------------
INFO:R0@tkref=4.2778: Time to solve stand alone optimization problem: 0.025239944458
INFO:R0@tkref=4.2778: N of unsatisfied eq: 5
INFO:R0@tkref=4.2778: N of unsatisfied ieq: 5
INFO:R0@tkref=4.2778: Summary: Optimization terminated successfully. after 1 it.
DEBUG:R0@tkref=4.2778: $$$$$$$$ CONFLICT LIST $$$$$$$$: []
INFO:R0: --------------------------
INFO:R0@tkref=5.1333: Time to solve stand alone optimization problem: 0.0253310203552
INFO:R0@tkref=5.1333: N of unsatisfied eq: 4
INFO:R0@tkref=5.1333: N of unsatisfied ieq: 5
INFO:R0@tkref=5.1333: Summary: Optimization terminated successfully. after 1 it.
DEBUG:R0@tkref=5.1333: $$$$$$$$ CONFLICT LIST $$$$$$$$: []
INFO:R0: --------------------------
DEBUG:R0: LAST STEP
DEBUG:R0: Approx remaining dist: 1.06043689068
DEBUG:R0: Usual approx plan dist: 1.1
DEBUG:R0: Approx gain in dist: 0.039563109324
DEBUG:R0: Last step min dist: 0.5
INFO:R0: scale 0.964033536978 Ns 10 Nk 6
INFO:R0@tkref=5.9889: Time to solve stand alone optimization problem: 0.650008916855
INFO:R0@tkref=5.9889: N of unsatisfied eq: 10
INFO:R0@tkref=5.9889: N of unsatisfied ieq: 6
INFO:R0@tkref=5.9889: Summary: Iteration limit exceeded after 26 it.
DEBUG:R0@tkref=5.9889: $$$$$$$$ CONFLICT LIST $$$$$$$$: []
INFO:R0: Finished motion planning
INFO:R0: --------------------------
INFO:R0: TOT: 7.09579790347
INFO:R0: NSE: 8
INFO:R0: FIR: 1.29495096207
INFO:R0: LAS: 0.650834798813
INFO:R0: LMA: 1
INFO:R0: MAX: 0.026477098465
INFO:R0: MIN: 0.0252280235291
INFO:R0: AVG: 0.025803565979
INFO:R0: RMP: 0.0309472579461
INFO:R0: RMG: 0.760715998612
