DEBUG:R0: Using Tc_p = 2.41818181818
DEBUG:R0: Using Tc_d = 2.41818181818
INFO:R0: Init motion planning
INFO:R0@tkref=0.0000: Time to solve stand alone optimization problem: 1.06694602966
INFO:R0@tkref=0.0000: N of unsatisfied eq: 4
INFO:R0@tkref=0.0000: N of unsatisfied ieq: 10
INFO:R0@tkref=0.0000: Summary: Iteration limit exceeded after 41 it.
DEBUG:R0@tkref=0.0000: $$$$$$$$ CONFLICT LIST $$$$$$$$: []
INFO:R0: --------------------------
INFO:R0@tkref=2.4182: Time to solve stand alone optimization problem: 0.0269079208374
INFO:R0@tkref=2.4182: N of unsatisfied eq: 3
INFO:R0@tkref=2.4182: N of unsatisfied ieq: 2
INFO:R0@tkref=2.4182: Summary: Optimization terminated successfully. after 1 it.
DEBUG:R0@tkref=2.4182: $$$$$$$$ CONFLICT LIST $$$$$$$$: []
INFO:R0: --------------------------
DEBUG:R0: LAST STEP
DEBUG:R0: Approx remaining dist: 2.37403825963
DEBUG:R0: Usual approx plan dist: 3.8
DEBUG:R0: Approx gain in dist: 1.42596174037
DEBUG:R0: Last step min dist: 0.5
INFO:R0: scale 0.624746910429 Ns 8 Nk 4
INFO:R0@tkref=4.8364: Time to solve stand alone optimization problem: 0.438497066498
INFO:R0@tkref=4.8364: N of unsatisfied eq: 10
INFO:R0@tkref=4.8364: N of unsatisfied ieq: 3
INFO:R0@tkref=4.8364: Summary: Iteration limit exceeded after 26 it.
DEBUG:R0@tkref=4.8364: $$$$$$$$ CONFLICT LIST $$$$$$$$: []
INFO:R0: Finished motion planning
INFO:R0: --------------------------
INFO:R0: TOT: 7.40512903279
INFO:R0: NSE: 3
INFO:R0: FIR: 1.06893110275
INFO:R0: LAS: 0.439265012741
INFO:R0: LMA: 1
INFO:R0: MAX: 0.0276670455933
INFO:R0: MIN: 0.0276670455933
INFO:R0: AVG: 0.0276670455933
INFO:R0: RMP: 0.0114412594559
INFO:R0: RMG: 0.181650945118
