DEBUG:R0: Using Tc_p = 0.45
DEBUG:R0: Using Tc_d = 0.45
INFO:R0: Init motion planning
INFO:R0@tkref=0.0000: Time to solve stand alone optimization problem: 0.918783903122
INFO:R0@tkref=0.0000: N of unsatisfied eq: 5
INFO:R0@tkref=0.0000: N of unsatisfied ieq: 9
INFO:R0@tkref=0.0000: Summary: Iteration limit exceeded after 41 it.
DEBUG:R0@tkref=0.0000: $$$$$$$$ CONFLICT LIST $$$$$$$$: []
INFO:R0: --------------------------
INFO:R0@tkref=0.4500: Time to solve stand alone optimization problem: 0.0234081745148
INFO:R0@tkref=0.4500: N of unsatisfied eq: 3
INFO:R0@tkref=0.4500: N of unsatisfied ieq: 4
INFO:R0@tkref=0.4500: Summary: Optimization terminated successfully. after 1 it.
DEBUG:R0@tkref=0.4500: $$$$$$$$ CONFLICT LIST $$$$$$$$: []
INFO:R0: --------------------------
INFO:R0@tkref=0.9000: Time to solve stand alone optimization problem: 0.113149166107
INFO:R0@tkref=0.9000: N of unsatisfied eq: 3
INFO:R0@tkref=0.9000: N of unsatisfied ieq: 8
INFO:R0@tkref=0.9000: Summary: Optimization terminated successfully. after 5 it.
DEBUG:R0@tkref=0.9000: $$$$$$$$ CONFLICT LIST $$$$$$$$: []
INFO:R0: --------------------------
INFO:R0@tkref=1.3500: Time to solve stand alone optimization problem: 0.0685179233551
INFO:R0@tkref=1.3500: N of unsatisfied eq: 3
INFO:R0@tkref=1.3500: N of unsatisfied ieq: 9
INFO:R0@tkref=1.3500: Summary: Optimization terminated successfully. after 3 it.
DEBUG:R0@tkref=1.3500: $$$$$$$$ CONFLICT LIST $$$$$$$$: []
INFO:R0: --------------------------
INFO:R0@tkref=1.8000: Time to solve stand alone optimization problem: 0.068060874939
INFO:R0@tkref=1.8000: N of unsatisfied eq: 3
INFO:R0@tkref=1.8000: N of unsatisfied ieq: 9
INFO:R0@tkref=1.8000: Summary: Optimization terminated successfully. after 3 it.
DEBUG:R0@tkref=1.8000: $$$$$$$$ CONFLICT LIST $$$$$$$$: []
INFO:R0: --------------------------
INFO:R0@tkref=2.2500: Time to solve stand alone optimization problem: 0.0683059692383
INFO:R0@tkref=2.2500: N of unsatisfied eq: 3
INFO:R0@tkref=2.2500: N of unsatisfied ieq: 9
INFO:R0@tkref=2.2500: Summary: Optimization terminated successfully. after 3 it.
DEBUG:R0@tkref=2.2500: $$$$$$$$ CONFLICT LIST $$$$$$$$: []
INFO:R0: --------------------------
INFO:R0@tkref=2.7000: Time to solve stand alone optimization problem: 0.0246360301971
INFO:R0@tkref=2.7000: N of unsatisfied eq: 4
INFO:R0@tkref=2.7000: N of unsatisfied ieq: 6
INFO:R0@tkref=2.7000: Summary: Optimization terminated successfully. after 1 it.
DEBUG:R0@tkref=2.7000: $$$$$$$$ CONFLICT LIST $$$$$$$$: []
INFO:R0: --------------------------
INFO:R0@tkref=3.1500: Time to solve stand alone optimization problem: 0.0224401950836
INFO:R0@tkref=3.1500: N of unsatisfied eq: 4
INFO:R0@tkref=3.1500: N of unsatisfied ieq: 6
INFO:R0@tkref=3.1500: Summary: Optimization terminated successfully. after 1 it.
DEBUG:R0@tkref=3.1500: $$$$$$$$ CONFLICT LIST $$$$$$$$: []
INFO:R0: --------------------------
INFO:R0@tkref=3.6000: Time to solve stand alone optimization problem: 0.0224478244781
INFO:R0@tkref=3.6000: N of unsatisfied eq: 4
INFO:R0@tkref=3.6000: N of unsatisfied ieq: 6
INFO:R0@tkref=3.6000: Summary: Optimization terminated successfully. after 1 it.
DEBUG:R0@tkref=3.6000: $$$$$$$$ CONFLICT LIST $$$$$$$$: []
INFO:R0: --------------------------
INFO:R0@tkref=4.0500: Time to solve stand alone optimization problem: 0.0223529338837
INFO:R0@tkref=4.0500: N of unsatisfied eq: 4
INFO:R0@tkref=4.0500: N of unsatisfied ieq: 5
INFO:R0@tkref=4.0500: Summary: Optimization terminated successfully. after 1 it.
DEBUG:R0@tkref=4.0500: $$$$$$$$ CONFLICT LIST $$$$$$$$: []
INFO:R0: --------------------------
INFO:R0@tkref=4.5000: Time to solve stand alone optimization problem: 0.022567987442
INFO:R0@tkref=4.5000: N of unsatisfied eq: 3
INFO:R0@tkref=4.5000: N of unsatisfied ieq: 6
INFO:R0@tkref=4.5000: Summary: Optimization terminated successfully. after 1 it.
DEBUG:R0@tkref=4.5000: $$$$$$$$ CONFLICT LIST $$$$$$$$: []
INFO:R0: --------------------------
INFO:R0@tkref=4.9500: Time to solve stand alone optimization problem: 0.0220980644226
INFO:R0@tkref=4.9500: N of unsatisfied eq: 5
INFO:R0@tkref=4.9500: N of unsatisfied ieq: 5
INFO:R0@tkref=4.9500: Summary: Optimization terminated successfully. after 1 it.
DEBUG:R0@tkref=4.9500: $$$$$$$$ CONFLICT LIST $$$$$$$$: []
INFO:R0: --------------------------
INFO:R0@tkref=5.4000: Time to solve stand alone optimization problem: 0.0221471786499
INFO:R0@tkref=5.4000: N of unsatisfied eq: 4
INFO:R0@tkref=5.4000: N of unsatisfied ieq: 5
INFO:R0@tkref=5.4000: Summary: Optimization terminated successfully. after 1 it.
DEBUG:R0@tkref=5.4000: $$$$$$$$ CONFLICT LIST $$$$$$$$: []
INFO:R0: --------------------------
INFO:R0@tkref=5.8500: Time to solve stand alone optimization problem: 0.022469997406
INFO:R0@tkref=5.8500: N of unsatisfied eq: 4
INFO:R0@tkref=5.8500: N of unsatisfied ieq: 6
INFO:R0@tkref=5.8500: Summary: Optimization terminated successfully. after 1 it.
DEBUG:R0@tkref=5.8500: $$$$$$$$ CONFLICT LIST $$$$$$$$: []
INFO:R0: --------------------------
DEBUG:R0: LAST STEP
DEBUG:R0: Approx remaining dist: 0.800795338375
DEBUG:R0: Usual approx plan dist: 1.5
DEBUG:R0: Approx gain in dist: 0.699204661625
DEBUG:R0: Last step min dist: 0.5
INFO:R0: scale 0.533863558917 Ns 7 Nk 3
INFO:R0@tkref=6.3000: Time to solve stand alone optimization problem: 0.364954948425
INFO:R0@tkref=6.3000: N of unsatisfied eq: 10
INFO:R0@tkref=6.3000: N of unsatisfied ieq: 4
INFO:R0@tkref=6.3000: Summary: Iteration limit exceeded after 26 it.
DEBUG:R0@tkref=6.3000: $$$$$$$$ CONFLICT LIST $$$$$$$$: []
INFO:R0: Finished motion planning
INFO:R0: --------------------------
INFO:R0: TOT: 7.19996050471
INFO:R0: NSE: 15
INFO:R0: FIR: 0.920216083527
INFO:R0: LAS: 0.365717887878
INFO:R0: LMA: 1
INFO:R0: MAX: 0.113914012909
INFO:R0: MIN: 0.0227570533752
INFO:R0: AVG: 0.04087132674
INFO:R0: RMP: 0.253142250909
INFO:R0: RMG: 0.812706417508
