DEBUG:R0: Using Tc_p = 2.29090909091
DEBUG:R0: Using Tc_d = 2.29090909091
INFO:R0: Init motion planning
INFO:R0@tkref=0.0000: Time to solve stand alone optimization problem: 2.82799482346
INFO:R0@tkref=0.0000: N of unsatisfied eq: 3
INFO:R0@tkref=0.0000: N of unsatisfied ieq: 3
INFO:R0@tkref=0.0000: Summary: Iteration limit exceeded after 41 it.
DEBUG:R0@tkref=0.0000: $$$$$$$$ CONFLICT LIST $$$$$$$$: []
INFO:R0: --------------------------
INFO:R0@tkref=2.2909: Time to solve stand alone optimization problem: 0.821807861328
INFO:R0@tkref=2.2909: N of unsatisfied eq: 3
INFO:R0@tkref=2.2909: N of unsatisfied ieq: 7
INFO:R0@tkref=2.2909: Summary: Optimization terminated successfully. after 11 it.
DEBUG:R0@tkref=2.2909: $$$$$$$$ CONFLICT LIST $$$$$$$$: []
INFO:R0: --------------------------
INFO:R0@tkref=4.5818: Time to solve stand alone optimization problem: 0.555355072021
INFO:R0@tkref=4.5818: N of unsatisfied eq: 3
INFO:R0@tkref=4.5818: N of unsatisfied ieq: 7
INFO:R0@tkref=4.5818: Summary: Optimization terminated successfully. after 8 it.
DEBUG:R0@tkref=4.5818: $$$$$$$$ CONFLICT LIST $$$$$$$$: []
INFO:R0: --------------------------
DEBUG:R0: LAST STEP
DEBUG:R0: Approx remaining dist: 1.20426817174
DEBUG:R0: Usual approx plan dist: 4.2
DEBUG:R0: Approx gain in dist: 2.99573182826
DEBUG:R0: Last step min dist: 0.5
INFO:R0: scale 0.286730517081 Ns 7 Nk 3
INFO:R0@tkref=6.8727: Time to solve stand alone optimization problem: 0.684183120728
INFO:R0@tkref=6.8727: N of unsatisfied eq: 10
INFO:R0@tkref=6.8727: N of unsatisfied ieq: 3
INFO:R0@tkref=6.8727: Summary: Iteration limit exceeded after 26 it.
DEBUG:R0@tkref=6.8727: $$$$$$$$ CONFLICT LIST $$$$$$$$: []
INFO:R0: Finished motion planning
INFO:R0: --------------------------
INFO:R0: TOT: 8.23459823595
INFO:R0: NSE: 4
INFO:R0: FIR: 2.82929706573
INFO:R0: LAS: 0.685423135757
INFO:R0: LMA: 0
INFO:R0: MAX: 0.822660923004
INFO:R0: MIN: 0.556407213211
INFO:R0: AVG: 0.689534068108
INFO:R0: RMP: 0.359098021946
INFO:R0: RMG: 0.359098021946
