DEBUG:R0: Using Tc_p = 1.14
DEBUG:R0: Using Tc_d = 1.14
INFO:R0: Init motion planning
INFO:R0@tkref=0.0000: Time to solve stand alone optimization problem: 1.39599084854
INFO:R0@tkref=0.0000: N of unsatisfied eq: 4
INFO:R0@tkref=0.0000: N of unsatisfied ieq: 8
INFO:R0@tkref=0.0000: Summary: Iteration limit exceeded after 41 it.
DEBUG:R0@tkref=0.0000: $$$$$$$$ CONFLICT LIST $$$$$$$$: []
INFO:R0: --------------------------
INFO:R0@tkref=1.1400: Time to solve stand alone optimization problem: 0.231950998306
INFO:R0@tkref=1.1400: N of unsatisfied eq: 2
INFO:R0@tkref=1.1400: N of unsatisfied ieq: 7
INFO:R0@tkref=1.1400: Summary: Optimization terminated successfully. after 6 it.
DEBUG:R0@tkref=1.1400: $$$$$$$$ CONFLICT LIST $$$$$$$$: []
INFO:R0: --------------------------
INFO:R0@tkref=2.2800: Time to solve stand alone optimization problem: 0.268037080765
INFO:R0@tkref=2.2800: N of unsatisfied eq: 2
INFO:R0@tkref=2.2800: N of unsatisfied ieq: 6
INFO:R0@tkref=2.2800: Summary: Optimization terminated successfully. after 7 it.
DEBUG:R0@tkref=2.2800: $$$$$$$$ CONFLICT LIST $$$$$$$$: []
INFO:R0: --------------------------
INFO:R0@tkref=3.4200: Time to solve stand alone optimization problem: 0.226022958755
INFO:R0@tkref=3.4200: N of unsatisfied eq: 3
INFO:R0@tkref=3.4200: N of unsatisfied ieq: 7
INFO:R0@tkref=3.4200: Summary: Optimization terminated successfully. after 6 it.
DEBUG:R0@tkref=3.4200: $$$$$$$$ CONFLICT LIST $$$$$$$$: []
INFO:R0: --------------------------
INFO:R0@tkref=4.5600: Time to solve stand alone optimization problem: 0.151602983475
INFO:R0@tkref=4.5600: N of unsatisfied eq: 3
INFO:R0@tkref=4.5600: N of unsatisfied ieq: 7
INFO:R0@tkref=4.5600: Summary: Optimization terminated successfully. after 4 it.
DEBUG:R0@tkref=4.5600: $$$$$$$$ CONFLICT LIST $$$$$$$$: []
INFO:R0: --------------------------
DEBUG:R0: LAST STEP
DEBUG:R0: Approx remaining dist: 1.78895221297
DEBUG:R0: Usual approx plan dist: 3.8
DEBUG:R0: Approx gain in dist: 2.01104778703
DEBUG:R0: Last step min dist: 0.5
INFO:R0: scale 0.470776898149 Ns 7 Nk 3
INFO:R0@tkref=5.7000: Time to solve stand alone optimization problem: 0.563276052475
INFO:R0@tkref=5.7000: N of unsatisfied eq: 10
INFO:R0@tkref=5.7000: N of unsatisfied ieq: 3
INFO:R0@tkref=5.7000: Summary: Iteration limit exceeded after 26 it.
DEBUG:R0@tkref=5.7000: $$$$$$$$ CONFLICT LIST $$$$$$$$: []
INFO:R0: Finished motion planning
INFO:R0: --------------------------
INFO:R0: TOT: 7.72390902979
INFO:R0: NSE: 6
INFO:R0: FIR: 1.39752912521
INFO:R0: LAS: 0.564116001129
INFO:R0: LMA: 1
INFO:R0: MAX: 0.268847942352
INFO:R0: MIN: 0.152390956879
INFO:R0: AVG: 0.220210492611
INFO:R0: RMP: 0.235831528379
INFO:R0: RMG: 0.494838597482
