DEBUG:R0: Using Tc_p = 3.42
DEBUG:R0: Using Tc_d = 3.42
INFO:R0: Init motion planning
INFO:R0@tkref=0.0000: Time to solve stand alone optimization problem: 0.913018941879
INFO:R0@tkref=0.0000: N of unsatisfied eq: 4
INFO:R0@tkref=0.0000: N of unsatisfied ieq: 9
INFO:R0@tkref=0.0000: Summary: Iteration limit exceeded after 41 it.
DEBUG:R0@tkref=0.0000: $$$$$$$$ CONFLICT LIST $$$$$$$$: []
INFO:R0: --------------------------
DEBUG:R0: LAST STEP
DEBUG:R0: Approx remaining dist: 3.83155213998
DEBUG:R0: Usual approx plan dist: 3.8
DEBUG:R0: Approx gain in dist: -0.0315521399777
DEBUG:R0: Last step min dist: 0.5
INFO:R0: scale 1.0 Ns 11 Nk 5
INFO:R0@tkref=3.4200: Time to solve stand alone optimization problem: 0.583885192871
INFO:R0@tkref=3.4200: N of unsatisfied eq: 10
INFO:R0@tkref=3.4200: N of unsatisfied ieq: 7
INFO:R0@tkref=3.4200: Summary: Iteration limit exceeded after 26 it.
DEBUG:R0@tkref=3.4200: $$$$$$$$ CONFLICT LIST $$$$$$$$: []
INFO:R0: Finished motion planning
INFO:R0: --------------------------
INFO:R0: TOT: 7.52492883737
INFO:R0: NSE: 2
INFO:R0: FIR: 0.914453029633
INFO:R0: LAS: 0.585160970688
INFO:R0: LMA: 1
INFO:R0: MAX: 0.585160970688
INFO:R0: MIN: 0.585160970688
INFO:R0: AVG: 0.585160970688
INFO:R0: RMP: 0.171099699032
INFO:R0: RMG: 0.171099699032
