DEBUG:R0: Using Tc_p = 2.22727272727
DEBUG:R0: Using Tc_d = 2.22727272727
INFO:R0: Init motion planning
INFO:R0@tkref=0.0000: Time to solve stand alone optimization problem: 1.05669903755
INFO:R0@tkref=0.0000: N of unsatisfied eq: 5
INFO:R0@tkref=0.0000: N of unsatisfied ieq: 10
INFO:R0@tkref=0.0000: Summary: Iteration limit exceeded after 41 it.
DEBUG:R0@tkref=0.0000: $$$$$$$$ CONFLICT LIST $$$$$$$$: []
INFO:R0: --------------------------
INFO:R0@tkref=2.2273: Time to solve stand alone optimization problem: 0.0269510746002
INFO:R0@tkref=2.2273: N of unsatisfied eq: 3
INFO:R0@tkref=2.2273: N of unsatisfied ieq: 4
INFO:R0@tkref=2.2273: Summary: Optimization terminated successfully. after 1 it.
DEBUG:R0@tkref=2.2273: $$$$$$$$ CONFLICT LIST $$$$$$$$: []
INFO:R0: --------------------------
DEBUG:R0: LAST STEP
DEBUG:R0: Approx remaining dist: 2.8167728381
DEBUG:R0: Usual approx plan dist: 4.9
DEBUG:R0: Approx gain in dist: 2.0832271619
DEBUG:R0: Last step min dist: 0.5
INFO:R0: scale 0.574851599612 Ns 7 Nk 3
INFO:R0@tkref=4.4545: Time to solve stand alone optimization problem: 0.36658000946
INFO:R0@tkref=4.4545: N of unsatisfied eq: 9
INFO:R0@tkref=4.4545: N of unsatisfied ieq: 4
INFO:R0@tkref=4.4545: Summary: Iteration limit exceeded after 26 it.
DEBUG:R0@tkref=4.4545: $$$$$$$$ CONFLICT LIST $$$$$$$$: []
INFO:R0: Finished motion planning
INFO:R0: --------------------------
INFO:R0: TOT: 7.62056927725
INFO:R0: NSE: 3
INFO:R0: FIR: 1.05794501305
INFO:R0: LAS: 0.367349863052
INFO:R0: LMA: 1
INFO:R0: MAX: 0.0276339054108
INFO:R0: MIN: 0.0276339054108
INFO:R0: AVG: 0.0276339054108
INFO:R0: RMP: 0.0124070595722
INFO:R0: RMG: 0.164932591575
