DEBUG:R0: Using Tc_p = 1.11111111111
DEBUG:R0: Using Tc_d = 1.11111111111
INFO:R0: Init motion planning
INFO:R0@tkref=0.0000: Time to solve stand alone optimization problem: 1.54015493393
INFO:R0@tkref=0.0000: N of unsatisfied eq: 3
INFO:R0@tkref=0.0000: N of unsatisfied ieq: 6
INFO:R0@tkref=0.0000: Summary: Iteration limit exceeded after 41 it.
DEBUG:R0@tkref=0.0000: $$$$$$$$ CONFLICT LIST $$$$$$$$: []
INFO:R0: --------------------------
INFO:R0@tkref=1.1111: Time to solve stand alone optimization problem: 0.249660015106
INFO:R0@tkref=1.1111: N of unsatisfied eq: 2
INFO:R0@tkref=1.1111: N of unsatisfied ieq: 6
INFO:R0@tkref=1.1111: Summary: Optimization terminated successfully. after 6 it.
DEBUG:R0@tkref=1.1111: $$$$$$$$ CONFLICT LIST $$$$$$$$: []
INFO:R0: --------------------------
INFO:R0@tkref=2.2222: Time to solve stand alone optimization problem: 0.198735952377
INFO:R0@tkref=2.2222: N of unsatisfied eq: 3
INFO:R0@tkref=2.2222: N of unsatisfied ieq: 7
INFO:R0@tkref=2.2222: Summary: Optimization terminated successfully. after 5 it.
DEBUG:R0@tkref=2.2222: $$$$$$$$ CONFLICT LIST $$$$$$$$: []
INFO:R0: --------------------------
INFO:R0@tkref=3.3333: Time to solve stand alone optimization problem: 0.223389148712
INFO:R0@tkref=3.3333: N of unsatisfied eq: 2
INFO:R0@tkref=3.3333: N of unsatisfied ieq: 7
INFO:R0@tkref=3.3333: Summary: Optimization terminated successfully. after 6 it.
DEBUG:R0@tkref=3.3333: $$$$$$$$ CONFLICT LIST $$$$$$$$: []
INFO:R0: --------------------------
INFO:R0@tkref=4.4444: Time to solve stand alone optimization problem: 0.384160995483
INFO:R0@tkref=4.4444: N of unsatisfied eq: 3
INFO:R0@tkref=4.4444: N of unsatisfied ieq: 7
INFO:R0@tkref=4.4444: Summary: Optimization terminated successfully. after 10 it.
DEBUG:R0@tkref=4.4444: $$$$$$$$ CONFLICT LIST $$$$$$$$: []
INFO:R0: --------------------------
INFO:R0@tkref=5.5556: Time to solve stand alone optimization problem: 0.123521089554
INFO:R0@tkref=5.5556: N of unsatisfied eq: 3
INFO:R0@tkref=5.5556: N of unsatisfied ieq: 5
INFO:R0@tkref=5.5556: Summary: Optimization terminated successfully. after 3 it.
DEBUG:R0@tkref=5.5556: $$$$$$$$ CONFLICT LIST $$$$$$$$: []
INFO:R0: --------------------------
DEBUG:R0: LAST STEP
DEBUG:R0: Approx remaining dist: 0.888216144117
DEBUG:R0: Usual approx plan dist: 5.0
DEBUG:R0: Approx gain in dist: 4.11178385588
DEBUG:R0: Last step min dist: 0.5
INFO:R0: scale 0.177643228823 Ns 7 Nk 3
INFO:R0@tkref=6.6667: Time to solve stand alone optimization problem: 0.523087978363
INFO:R0@tkref=6.6667: N of unsatisfied eq: 10
INFO:R0@tkref=6.6667: N of unsatisfied ieq: 4
INFO:R0@tkref=6.6667: Summary: Iteration limit exceeded after 26 it.
DEBUG:R0@tkref=6.6667: $$$$$$$$ CONFLICT LIST $$$$$$$$: []
INFO:R0: Finished motion planning
INFO:R0: --------------------------
INFO:R0: TOT: 7.65973459231
INFO:R0: NSE: 7
INFO:R0: FIR: 1.54194998741
INFO:R0: LAS: 0.523936986923
INFO:R0: LMA: 1
INFO:R0: MAX: 0.38497710228
INFO:R0: MIN: 0.124319076538
INFO:R0: AVG: 0.236746835709
INFO:R0: RMP: 0.346479392052
INFO:R0: RMG: 0.471543288231
