DEBUG:R0: Using Tc_p = 3.68181818182
DEBUG:R0: Using Tc_d = 3.68181818182
INFO:R0: Init motion planning
INFO:R0@tkref=0.0000: Time to solve stand alone optimization problem: 1.64234900475
INFO:R0@tkref=0.0000: N of unsatisfied eq: 4
INFO:R0@tkref=0.0000: N of unsatisfied ieq: 8
INFO:R0@tkref=0.0000: Summary: Iteration limit exceeded after 41 it.
DEBUG:R0@tkref=0.0000: $$$$$$$$ CONFLICT LIST $$$$$$$$: []
INFO:R0: --------------------------
DEBUG:R0: LAST STEP
DEBUG:R0: Approx remaining dist: 3.61376715961
DEBUG:R0: Usual approx plan dist: 4.5
DEBUG:R0: Approx gain in dist: 0.886232840392
DEBUG:R0: Last step min dist: 0.5
INFO:R0: scale 0.803059368802 Ns 10 Nk 5
INFO:R0@tkref=3.6818: Time to solve stand alone optimization problem: 0.932641983032
INFO:R0@tkref=3.6818: N of unsatisfied eq: 10
INFO:R0@tkref=3.6818: N of unsatisfied ieq: 4
INFO:R0@tkref=3.6818: Summary: Iteration limit exceeded after 26 it.
DEBUG:R0@tkref=3.6818: $$$$$$$$ CONFLICT LIST $$$$$$$$: []
INFO:R0: Finished motion planning
INFO:R0: --------------------------
INFO:R0: TOT: 7.68427073379
INFO:R0: NSE: 2
INFO:R0: FIR: 1.64368796349
INFO:R0: LAS: 0.933464050293
INFO:R0: LMA: 1
INFO:R0: MAX: 0.933464050293
INFO:R0: MIN: 0.933464050293
INFO:R0: AVG: 0.933464050293
INFO:R0: RMP: 0.253533445759
INFO:R0: RMG: 0.253533445759
