DEBUG:R0: Using Tc_p = 0.35
DEBUG:R0: Using Tc_d = 0.35
INFO:R0: Init motion planning
INFO:R0@tkref=0.0000: Time to solve stand alone optimization problem: 0.903911828995
INFO:R0@tkref=0.0000: N of unsatisfied eq: 5
INFO:R0@tkref=0.0000: N of unsatisfied ieq: 9
INFO:R0@tkref=0.0000: Summary: Iteration limit exceeded after 41 it.
DEBUG:R0@tkref=0.0000: $$$$$$$$ CONFLICT LIST $$$$$$$$: []
INFO:R0: --------------------------
INFO:R0@tkref=0.3500: Time to solve stand alone optimization problem: 0.0440821647644
INFO:R0@tkref=0.3500: N of unsatisfied eq: 3
INFO:R0@tkref=0.3500: N of unsatisfied ieq: 9
INFO:R0@tkref=0.3500: Summary: Optimization terminated successfully. after 2 it.
DEBUG:R0@tkref=0.3500: $$$$$$$$ CONFLICT LIST $$$$$$$$: []
INFO:R0: --------------------------
INFO:R0@tkref=0.7000: Time to solve stand alone optimization problem: 0.0439128875732
INFO:R0@tkref=0.7000: N of unsatisfied eq: 3
INFO:R0@tkref=0.7000: N of unsatisfied ieq: 9
INFO:R0@tkref=0.7000: Summary: Optimization terminated successfully. after 2 it.
DEBUG:R0@tkref=0.7000: $$$$$$$$ CONFLICT LIST $$$$$$$$: []
INFO:R0: --------------------------
INFO:R0@tkref=1.0500: Time to solve stand alone optimization problem: 0.0428028106689
INFO:R0@tkref=1.0500: N of unsatisfied eq: 3
INFO:R0@tkref=1.0500: N of unsatisfied ieq: 7
INFO:R0@tkref=1.0500: Summary: Optimization terminated successfully. after 2 it.
DEBUG:R0@tkref=1.0500: $$$$$$$$ CONFLICT LIST $$$$$$$$: []
INFO:R0: --------------------------
INFO:R0@tkref=1.4000: Time to solve stand alone optimization problem: 0.0427529811859
INFO:R0@tkref=1.4000: N of unsatisfied eq: 3
INFO:R0@tkref=1.4000: N of unsatisfied ieq: 6
INFO:R0@tkref=1.4000: Summary: Optimization terminated successfully. after 2 it.
DEBUG:R0@tkref=1.4000: $$$$$$$$ CONFLICT LIST $$$$$$$$: []
INFO:R0: --------------------------
INFO:R0@tkref=1.7500: Time to solve stand alone optimization problem: 0.0232229232788
INFO:R0@tkref=1.7500: N of unsatisfied eq: 3
INFO:R0@tkref=1.7500: N of unsatisfied ieq: 4
INFO:R0@tkref=1.7500: Summary: Optimization terminated successfully. after 1 it.
DEBUG:R0@tkref=1.7500: $$$$$$$$ CONFLICT LIST $$$$$$$$: []
INFO:R0: --------------------------
INFO:R0@tkref=2.1000: Time to solve stand alone optimization problem: 0.02401304245
INFO:R0@tkref=2.1000: N of unsatisfied eq: 3
INFO:R0@tkref=2.1000: N of unsatisfied ieq: 9
INFO:R0@tkref=2.1000: Summary: Optimization terminated successfully. after 1 it.
DEBUG:R0@tkref=2.1000: $$$$$$$$ CONFLICT LIST $$$$$$$$: []
INFO:R0: --------------------------
INFO:R0@tkref=2.4500: Time to solve stand alone optimization problem: 0.0226788520813
INFO:R0@tkref=2.4500: N of unsatisfied eq: 3
INFO:R0@tkref=2.4500: N of unsatisfied ieq: 6
INFO:R0@tkref=2.4500: Summary: Optimization terminated successfully. after 1 it.
DEBUG:R0@tkref=2.4500: $$$$$$$$ CONFLICT LIST $$$$$$$$: []
INFO:R0: --------------------------
INFO:R0@tkref=2.8000: Time to solve stand alone optimization problem: 0.0215210914612
INFO:R0@tkref=2.8000: N of unsatisfied eq: 4
INFO:R0@tkref=2.8000: N of unsatisfied ieq: 6
INFO:R0@tkref=2.8000: Summary: Optimization terminated successfully. after 1 it.
DEBUG:R0@tkref=2.8000: $$$$$$$$ CONFLICT LIST $$$$$$$$: []
INFO:R0: --------------------------
INFO:R0@tkref=3.1500: Time to solve stand alone optimization problem: 0.0216910839081
INFO:R0@tkref=3.1500: N of unsatisfied eq: 4
INFO:R0@tkref=3.1500: N of unsatisfied ieq: 7
INFO:R0@tkref=3.1500: Summary: Optimization terminated successfully. after 1 it.
DEBUG:R0@tkref=3.1500: $$$$$$$$ CONFLICT LIST $$$$$$$$: []
INFO:R0: --------------------------
INFO:R0@tkref=3.5000: Time to solve stand alone optimization problem: 0.0217781066895
INFO:R0@tkref=3.5000: N of unsatisfied eq: 4
INFO:R0@tkref=3.5000: N of unsatisfied ieq: 7
INFO:R0@tkref=3.5000: Summary: Optimization terminated successfully. after 1 it.
DEBUG:R0@tkref=3.5000: $$$$$$$$ CONFLICT LIST $$$$$$$$: []
INFO:R0: --------------------------
INFO:R0@tkref=3.8500: Time to solve stand alone optimization problem: 0.0219712257385
INFO:R0@tkref=3.8500: N of unsatisfied eq: 4
INFO:R0@tkref=3.8500: N of unsatisfied ieq: 7
INFO:R0@tkref=3.8500: Summary: Optimization terminated successfully. after 1 it.
DEBUG:R0@tkref=3.8500: $$$$$$$$ CONFLICT LIST $$$$$$$$: []
INFO:R0: --------------------------
INFO:R0@tkref=4.2000: Time to solve stand alone optimization problem: 0.0219068527222
INFO:R0@tkref=4.2000: N of unsatisfied eq: 4
INFO:R0@tkref=4.2000: N of unsatisfied ieq: 7
INFO:R0@tkref=4.2000: Summary: Optimization terminated successfully. after 1 it.
DEBUG:R0@tkref=4.2000: $$$$$$$$ CONFLICT LIST $$$$$$$$: []
INFO:R0: --------------------------
INFO:R0@tkref=4.5500: Time to solve stand alone optimization problem: 0.0217289924622
INFO:R0@tkref=4.5500: N of unsatisfied eq: 5
INFO:R0@tkref=4.5500: N of unsatisfied ieq: 6
INFO:R0@tkref=4.5500: Summary: Optimization terminated successfully. after 1 it.
DEBUG:R0@tkref=4.5500: $$$$$$$$ CONFLICT LIST $$$$$$$$: []
INFO:R0: --------------------------
INFO:R0@tkref=4.9000: Time to solve stand alone optimization problem: 0.0217220783234
INFO:R0@tkref=4.9000: N of unsatisfied eq: 3
INFO:R0@tkref=4.9000: N of unsatisfied ieq: 6
INFO:R0@tkref=4.9000: Summary: Optimization terminated successfully. after 1 it.
DEBUG:R0@tkref=4.9000: $$$$$$$$ CONFLICT LIST $$$$$$$$: []
INFO:R0: --------------------------
INFO:R0@tkref=5.2500: Time to solve stand alone optimization problem: 0.0218920707703
INFO:R0@tkref=5.2500: N of unsatisfied eq: 4
INFO:R0@tkref=5.2500: N of unsatisfied ieq: 7
INFO:R0@tkref=5.2500: Summary: Optimization terminated successfully. after 1 it.
DEBUG:R0@tkref=5.2500: $$$$$$$$ CONFLICT LIST $$$$$$$$: []
INFO:R0: --------------------------
INFO:R0@tkref=5.6000: Time to solve stand alone optimization problem: 0.0218849182129
INFO:R0@tkref=5.6000: N of unsatisfied eq: 4
INFO:R0@tkref=5.6000: N of unsatisfied ieq: 5
INFO:R0@tkref=5.6000: Summary: Optimization terminated successfully. after 1 it.
DEBUG:R0@tkref=5.6000: $$$$$$$$ CONFLICT LIST $$$$$$$$: []
INFO:R0: --------------------------
INFO:R0@tkref=5.9500: Time to solve stand alone optimization problem: 0.0222868919373
INFO:R0@tkref=5.9500: N of unsatisfied eq: 5
INFO:R0@tkref=5.9500: N of unsatisfied ieq: 7
INFO:R0@tkref=5.9500: Summary: Optimization terminated successfully. after 1 it.
DEBUG:R0@tkref=5.9500: $$$$$$$$ CONFLICT LIST $$$$$$$$: []
INFO:R0: --------------------------
DEBUG:R0: LAST STEP
DEBUG:R0: Approx remaining dist: 0.972002148289
DEBUG:R0: Usual approx plan dist: 3.5
DEBUG:R0: Approx gain in dist: 2.52799785171
DEBUG:R0: Last step min dist: 0.5
INFO:R0: scale 0.277714899511 Ns 7 Nk 3
INFO:R0@tkref=6.3000: Time to solve stand alone optimization problem: 0.359186172485
INFO:R0@tkref=6.3000: N of unsatisfied eq: 10
INFO:R0@tkref=6.3000: N of unsatisfied ieq: 4
INFO:R0@tkref=6.3000: Summary: Iteration limit exceeded after 26 it.
DEBUG:R0@tkref=6.3000: $$$$$$$$ CONFLICT LIST $$$$$$$$: []
INFO:R0: Finished motion planning
INFO:R0: --------------------------
INFO:R0: TOT: 7.39238153006
INFO:R0: NSE: 19
INFO:R0: FIR: 0.905121088028
INFO:R0: LAS: 0.359943151474
INFO:R0: LMA: 1
INFO:R0: MAX: 0.0448188781738
INFO:R0: MIN: 0.0221619606018
INFO:R0: AVG: 0.0278357758242
INFO:R0: RMP: 0.12805393764
INFO:R0: RMG: 1.02840900421
