DEBUG:R0: Using Tc_p = 0.93
DEBUG:R0: Using Tc_d = 0.93
INFO:R0: Init motion planning
INFO:R0@tkref=0.0000: Time to solve stand alone optimization problem: 0.910984992981
INFO:R0@tkref=0.0000: N of unsatisfied eq: 5
INFO:R0@tkref=0.0000: N of unsatisfied ieq: 9
INFO:R0@tkref=0.0000: Summary: Iteration limit exceeded after 41 it.
DEBUG:R0@tkref=0.0000: $$$$$$$$ CONFLICT LIST $$$$$$$$: []
INFO:R0: --------------------------
INFO:R0@tkref=0.9300: Time to solve stand alone optimization problem: 0.023325920105
INFO:R0@tkref=0.9300: N of unsatisfied eq: 3
INFO:R0@tkref=0.9300: N of unsatisfied ieq: 4
INFO:R0@tkref=0.9300: Summary: Optimization terminated successfully. after 1 it.
DEBUG:R0@tkref=0.9300: $$$$$$$$ CONFLICT LIST $$$$$$$$: []
INFO:R0: --------------------------
INFO:R0@tkref=1.8600: Time to solve stand alone optimization problem: 0.0232629776001
INFO:R0@tkref=1.8600: N of unsatisfied eq: 3
INFO:R0@tkref=1.8600: N of unsatisfied ieq: 6
INFO:R0@tkref=1.8600: Summary: Optimization terminated successfully. after 1 it.
DEBUG:R0@tkref=1.8600: $$$$$$$$ CONFLICT LIST $$$$$$$$: []
INFO:R0: --------------------------
INFO:R0@tkref=2.7900: Time to solve stand alone optimization problem: 0.0447630882263
INFO:R0@tkref=2.7900: N of unsatisfied eq: 3
INFO:R0@tkref=2.7900: N of unsatisfied ieq: 8
INFO:R0@tkref=2.7900: Summary: Optimization terminated successfully. after 2 it.
DEBUG:R0@tkref=2.7900: $$$$$$$$ CONFLICT LIST $$$$$$$$: []
INFO:R0: --------------------------
INFO:R0@tkref=3.7200: Time to solve stand alone optimization problem: 0.0231239795685
INFO:R0@tkref=3.7200: N of unsatisfied eq: 3
INFO:R0@tkref=3.7200: N of unsatisfied ieq: 6
INFO:R0@tkref=3.7200: Summary: Optimization terminated successfully. after 1 it.
DEBUG:R0@tkref=3.7200: $$$$$$$$ CONFLICT LIST $$$$$$$$: []
INFO:R0: --------------------------
INFO:R0@tkref=4.6500: Time to solve stand alone optimization problem: 0.0231380462646
INFO:R0@tkref=4.6500: N of unsatisfied eq: 3
INFO:R0@tkref=4.6500: N of unsatisfied ieq: 6
INFO:R0@tkref=4.6500: Summary: Optimization terminated successfully. after 1 it.
DEBUG:R0@tkref=4.6500: $$$$$$$$ CONFLICT LIST $$$$$$$$: []
INFO:R0: --------------------------
INFO:R0@tkref=5.5800: Time to solve stand alone optimization problem: 0.0230860710144
INFO:R0@tkref=5.5800: N of unsatisfied eq: 3
INFO:R0@tkref=5.5800: N of unsatisfied ieq: 4
INFO:R0@tkref=5.5800: Summary: Optimization terminated successfully. after 1 it.
DEBUG:R0@tkref=5.5800: $$$$$$$$ CONFLICT LIST $$$$$$$$: []
INFO:R0: --------------------------
DEBUG:R0: LAST STEP
DEBUG:R0: Approx remaining dist: 0.696586507009
DEBUG:R0: Usual approx plan dist: 3.1
DEBUG:R0: Approx gain in dist: 2.40341349299
DEBUG:R0: Last step min dist: 0.5
INFO:R0: scale 0.224705324842 Ns 7 Nk 3
INFO:R0@tkref=6.5100: Time to solve stand alone optimization problem: 0.361885070801
INFO:R0@tkref=6.5100: N of unsatisfied eq: 10
INFO:R0@tkref=6.5100: N of unsatisfied ieq: 4
INFO:R0@tkref=6.5100: Summary: Iteration limit exceeded after 26 it.
DEBUG:R0@tkref=6.5100: $$$$$$$$ CONFLICT LIST $$$$$$$$: []
INFO:R0: Finished motion planning
INFO:R0: --------------------------
INFO:R0: TOT: 7.29284010323
INFO:R0: NSE: 8
INFO:R0: FIR: 0.912573099136
INFO:R0: LAS: 0.362636089325
INFO:R0: LMA: 1
INFO:R0: MAX: 0.0454080104828
INFO:R0: MIN: 0.0237319469452
INFO:R0: AVG: 0.0274320443471
INFO:R0: RMP: 0.0488258177234
INFO:R0: RMG: 0.389931278844
