DEBUG:R0: Using Tc_p = 0.845454545455
DEBUG:R0: Using Tc_d = 0.845454545455
INFO:R0: Init motion planning
INFO:R0@tkref=0.0000: Time to solve stand alone optimization problem: 0.991899013519
INFO:R0@tkref=0.0000: N of unsatisfied eq: 5
INFO:R0@tkref=0.0000: N of unsatisfied ieq: 8
INFO:R0@tkref=0.0000: Summary: Iteration limit exceeded after 41 it.
DEBUG:R0@tkref=0.0000: $$$$$$$$ CONFLICT LIST $$$$$$$$: []
INFO:R0: --------------------------
INFO:R0@tkref=0.8455: Time to solve stand alone optimization problem: 0.0732510089874
INFO:R0@tkref=0.8455: N of unsatisfied eq: 3
INFO:R0@tkref=0.8455: N of unsatisfied ieq: 8
INFO:R0@tkref=0.8455: Summary: Optimization terminated successfully. after 3 it.
DEBUG:R0@tkref=0.8455: $$$$$$$$ CONFLICT LIST $$$$$$$$: []
INFO:R0: --------------------------
INFO:R0@tkref=1.6909: Time to solve stand alone optimization problem: 0.025160074234
INFO:R0@tkref=1.6909: N of unsatisfied eq: 3
INFO:R0@tkref=1.6909: N of unsatisfied ieq: 7
INFO:R0@tkref=1.6909: Summary: Optimization terminated successfully. after 1 it.
DEBUG:R0@tkref=1.6909: $$$$$$$$ CONFLICT LIST $$$$$$$$: []
INFO:R0: --------------------------
INFO:R0@tkref=2.5364: Time to solve stand alone optimization problem: 0.120684146881
INFO:R0@tkref=2.5364: N of unsatisfied eq: 3
INFO:R0@tkref=2.5364: N of unsatisfied ieq: 9
INFO:R0@tkref=2.5364: Summary: Optimization terminated successfully. after 5 it.
DEBUG:R0@tkref=2.5364: $$$$$$$$ CONFLICT LIST $$$$$$$$: []
INFO:R0: --------------------------
INFO:R0@tkref=3.3818: Time to solve stand alone optimization problem: 0.0247039794922
INFO:R0@tkref=3.3818: N of unsatisfied eq: 3
INFO:R0@tkref=3.3818: N of unsatisfied ieq: 6
INFO:R0@tkref=3.3818: Summary: Optimization terminated successfully. after 1 it.
DEBUG:R0@tkref=3.3818: $$$$$$$$ CONFLICT LIST $$$$$$$$: []
INFO:R0: --------------------------
INFO:R0@tkref=4.2273: Time to solve stand alone optimization problem: 0.0249371528625
INFO:R0@tkref=4.2273: N of unsatisfied eq: 3
INFO:R0@tkref=4.2273: N of unsatisfied ieq: 7
INFO:R0@tkref=4.2273: Summary: Optimization terminated successfully. after 1 it.
DEBUG:R0@tkref=4.2273: $$$$$$$$ CONFLICT LIST $$$$$$$$: []
INFO:R0: --------------------------
INFO:R0@tkref=5.0727: Time to solve stand alone optimization problem: 0.0251889228821
INFO:R0@tkref=5.0727: N of unsatisfied eq: 3
INFO:R0@tkref=5.0727: N of unsatisfied ieq: 5
INFO:R0@tkref=5.0727: Summary: Optimization terminated successfully. after 1 it.
DEBUG:R0@tkref=5.0727: $$$$$$$$ CONFLICT LIST $$$$$$$$: []
INFO:R0: --------------------------
DEBUG:R0: LAST STEP
DEBUG:R0: Approx remaining dist: 1.28290130803
DEBUG:R0: Usual approx plan dist: 3.1
DEBUG:R0: Approx gain in dist: 1.81709869197
DEBUG:R0: Last step min dist: 0.5
INFO:R0: scale 0.413839131622 Ns 7 Nk 3
INFO:R0@tkref=5.9182: Time to solve stand alone optimization problem: 0.37125992775
INFO:R0@tkref=5.9182: N of unsatisfied eq: 10
INFO:R0@tkref=5.9182: N of unsatisfied ieq: 4
INFO:R0@tkref=5.9182: Summary: Iteration limit exceeded after 26 it.
DEBUG:R0@tkref=5.9182: $$$$$$$$ CONFLICT LIST $$$$$$$$: []
INFO:R0: Finished motion planning
INFO:R0: --------------------------
INFO:R0: TOT: 7.36000032011
INFO:R0: NSE: 8
INFO:R0: FIR: 0.993137836456
INFO:R0: LAS: 0.371999025345
INFO:R0: LMA: 1
INFO:R0: MAX: 0.121341943741
INFO:R0: MIN: 0.0253629684448
INFO:R0: AVG: 0.0496960878372
INFO:R0: RMP: 0.143522729156
INFO:R0: RMG: 0.439998847182
