DEBUG:R0: Using Tc_p = 0.733333333333
DEBUG:R0: Using Tc_d = 0.733333333333
INFO:R0: Init motion planning
INFO:R0@tkref=0.0000: Time to solve stand alone optimization problem: 0.971046924591
INFO:R0@tkref=0.0000: N of unsatisfied eq: 4
INFO:R0@tkref=0.0000: N of unsatisfied ieq: 6
INFO:R0@tkref=0.0000: Summary: Iteration limit exceeded after 41 it.
DEBUG:R0@tkref=0.0000: $$$$$$$$ CONFLICT LIST $$$$$$$$: []
INFO:R0: --------------------------
INFO:R0@tkref=0.7333: Time to solve stand alone optimization problem: 0.0719799995422
INFO:R0@tkref=0.7333: N of unsatisfied eq: 3
INFO:R0@tkref=0.7333: N of unsatisfied ieq: 7
INFO:R0@tkref=0.7333: Summary: Optimization terminated successfully. after 3 it.
DEBUG:R0@tkref=0.7333: $$$$$$$$ CONFLICT LIST $$$$$$$$: []
INFO:R0: --------------------------
INFO:R0@tkref=1.4667: Time to solve stand alone optimization problem: 0.0249409675598
INFO:R0@tkref=1.4667: N of unsatisfied eq: 3
INFO:R0@tkref=1.4667: N of unsatisfied ieq: 6
INFO:R0@tkref=1.4667: Summary: Optimization terminated successfully. after 1 it.
DEBUG:R0@tkref=1.4667: $$$$$$$$ CONFLICT LIST $$$$$$$$: []
INFO:R0: --------------------------
INFO:R0@tkref=2.2000: Time to solve stand alone optimization problem: 0.0237481594086
INFO:R0@tkref=2.2000: N of unsatisfied eq: 3
INFO:R0@tkref=2.2000: N of unsatisfied ieq: 5
INFO:R0@tkref=2.2000: Summary: Optimization terminated successfully. after 1 it.
DEBUG:R0@tkref=2.2000: $$$$$$$$ CONFLICT LIST $$$$$$$$: []
INFO:R0: --------------------------
INFO:R0@tkref=2.9333: Time to solve stand alone optimization problem: 0.0236611366272
INFO:R0@tkref=2.9333: N of unsatisfied eq: 5
INFO:R0@tkref=2.9333: N of unsatisfied ieq: 7
INFO:R0@tkref=2.9333: Summary: Optimization terminated successfully. after 1 it.
DEBUG:R0@tkref=2.9333: $$$$$$$$ CONFLICT LIST $$$$$$$$: []
INFO:R0: --------------------------
INFO:R0@tkref=3.6667: Time to solve stand alone optimization problem: 0.0235891342163
INFO:R0@tkref=3.6667: N of unsatisfied eq: 4
INFO:R0@tkref=3.6667: N of unsatisfied ieq: 5
INFO:R0@tkref=3.6667: Summary: Optimization terminated successfully. after 1 it.
DEBUG:R0@tkref=3.6667: $$$$$$$$ CONFLICT LIST $$$$$$$$: []
INFO:R0: --------------------------
INFO:R0@tkref=4.4000: Time to solve stand alone optimization problem: 0.0238120555878
INFO:R0@tkref=4.4000: N of unsatisfied eq: 5
INFO:R0@tkref=4.4000: N of unsatisfied ieq: 5
INFO:R0@tkref=4.4000: Summary: Optimization terminated successfully. after 1 it.
DEBUG:R0@tkref=4.4000: $$$$$$$$ CONFLICT LIST $$$$$$$$: []
INFO:R0: --------------------------
INFO:R0@tkref=5.1333: Time to solve stand alone optimization problem: 0.0242719650269
INFO:R0@tkref=5.1333: N of unsatisfied eq: 5
INFO:R0@tkref=5.1333: N of unsatisfied ieq: 5
INFO:R0@tkref=5.1333: Summary: Optimization terminated successfully. after 1 it.
DEBUG:R0@tkref=5.1333: $$$$$$$$ CONFLICT LIST $$$$$$$$: []
INFO:R0: --------------------------
INFO:R0@tkref=5.8667: Time to solve stand alone optimization problem: 0.0235648155212
INFO:R0@tkref=5.8667: N of unsatisfied eq: 4
INFO:R0@tkref=5.8667: N of unsatisfied ieq: 6
INFO:R0@tkref=5.8667: Summary: Optimization terminated successfully. after 1 it.
DEBUG:R0@tkref=5.8667: $$$$$$$$ CONFLICT LIST $$$$$$$$: []
INFO:R0: --------------------------
DEBUG:R0: LAST STEP
DEBUG:R0: Approx remaining dist: 0.497550312128
DEBUG:R0: Usual approx plan dist: 2.2
DEBUG:R0: Approx gain in dist: 1.70244968787
DEBUG:R0: Last step min dist: 0.5
INFO:R0: scale 0.226159232786 Ns 7 Nk 3
INFO:R0@tkref=6.6000: Time to solve stand alone optimization problem: 0.368268013
INFO:R0@tkref=6.6000: N of unsatisfied eq: 10
INFO:R0@tkref=6.6000: N of unsatisfied ieq: 4
INFO:R0@tkref=6.6000: Summary: Iteration limit exceeded after 26 it.
DEBUG:R0@tkref=6.6000: $$$$$$$$ CONFLICT LIST $$$$$$$$: []
INFO:R0: Finished motion planning
INFO:R0: --------------------------
INFO:R0: TOT: 7.15914976909
INFO:R0: NSE: 10
INFO:R0: FIR: 0.972250938416
INFO:R0: LAS: 0.369014024734
INFO:R0: LMA: 1
INFO:R0: MAX: 0.0726671218872
INFO:R0: MIN: 0.0242369174957
INFO:R0: AVG: 0.0306529700756
INFO:R0: RMP: 0.0990915298462
INFO:R0: RMG: 0.50320094282
