DEBUG:R0: Using Tc_p = 0.409090909091
DEBUG:R0: Using Tc_d = 0.409090909091
INFO:R0: Init motion planning
INFO:R0@tkref=0.0000: Time to solve stand alone optimization problem: 1.06616187096
INFO:R0@tkref=0.0000: N of unsatisfied eq: 4
INFO:R0@tkref=0.0000: N of unsatisfied ieq: 10
INFO:R0@tkref=0.0000: Summary: Iteration limit exceeded after 41 it.
DEBUG:R0@tkref=0.0000: $$$$$$$$ CONFLICT LIST $$$$$$$$: []
INFO:R0: --------------------------
INFO:R0@tkref=0.4091: Time to solve stand alone optimization problem: 0.0778930187225
INFO:R0@tkref=0.4091: N of unsatisfied eq: 3
INFO:R0@tkref=0.4091: N of unsatisfied ieq: 9
INFO:R0@tkref=0.4091: Summary: Optimization terminated successfully. after 3 it.
DEBUG:R0@tkref=0.4091: $$$$$$$$ CONFLICT LIST $$$$$$$$: []
INFO:R0: --------------------------
INFO:R0@tkref=0.8182: Time to solve stand alone optimization problem: 0.0769150257111
INFO:R0@tkref=0.8182: N of unsatisfied eq: 3
INFO:R0@tkref=0.8182: N of unsatisfied ieq: 10
INFO:R0@tkref=0.8182: Summary: Optimization terminated successfully. after 3 it.
DEBUG:R0@tkref=0.8182: $$$$$$$$ CONFLICT LIST $$$$$$$$: []
INFO:R0: --------------------------
INFO:R0@tkref=1.2273: Time to solve stand alone optimization problem: 0.050616979599
INFO:R0@tkref=1.2273: N of unsatisfied eq: 3
INFO:R0@tkref=1.2273: N of unsatisfied ieq: 9
INFO:R0@tkref=1.2273: Summary: Optimization terminated successfully. after 2 it.
DEBUG:R0@tkref=1.2273: $$$$$$$$ CONFLICT LIST $$$$$$$$: []
INFO:R0: --------------------------
INFO:R0@tkref=1.6364: Time to solve stand alone optimization problem: 0.0507888793945
INFO:R0@tkref=1.6364: N of unsatisfied eq: 3
INFO:R0@tkref=1.6364: N of unsatisfied ieq: 9
INFO:R0@tkref=1.6364: Summary: Optimization terminated successfully. after 2 it.
DEBUG:R0@tkref=1.6364: $$$$$$$$ CONFLICT LIST $$$$$$$$: []
INFO:R0: --------------------------
INFO:R0@tkref=2.0455: Time to solve stand alone optimization problem: 0.0268721580505
INFO:R0@tkref=2.0455: N of unsatisfied eq: 3
INFO:R0@tkref=2.0455: N of unsatisfied ieq: 7
INFO:R0@tkref=2.0455: Summary: Optimization terminated successfully. after 1 it.
DEBUG:R0@tkref=2.0455: $$$$$$$$ CONFLICT LIST $$$$$$$$: []
INFO:R0: --------------------------
INFO:R0@tkref=2.4545: Time to solve stand alone optimization problem: 0.026652097702
INFO:R0@tkref=2.4545: N of unsatisfied eq: 3
INFO:R0@tkref=2.4545: N of unsatisfied ieq: 7
INFO:R0@tkref=2.4545: Summary: Optimization terminated successfully. after 1 it.
DEBUG:R0@tkref=2.4545: $$$$$$$$ CONFLICT LIST $$$$$$$$: []
INFO:R0: --------------------------
INFO:R0@tkref=2.8636: Time to solve stand alone optimization problem: 0.0272500514984
INFO:R0@tkref=2.8636: N of unsatisfied eq: 3
INFO:R0@tkref=2.8636: N of unsatisfied ieq: 6
INFO:R0@tkref=2.8636: Summary: Optimization terminated successfully. after 1 it.
DEBUG:R0@tkref=2.8636: $$$$$$$$ CONFLICT LIST $$$$$$$$: []
INFO:R0: --------------------------
INFO:R0@tkref=3.2727: Time to solve stand alone optimization problem: 0.0258460044861
INFO:R0@tkref=3.2727: N of unsatisfied eq: 5
INFO:R0@tkref=3.2727: N of unsatisfied ieq: 8
INFO:R0@tkref=3.2727: Summary: Optimization terminated successfully. after 1 it.
DEBUG:R0@tkref=3.2727: $$$$$$$$ CONFLICT LIST $$$$$$$$: []
INFO:R0: --------------------------
INFO:R0@tkref=3.6818: Time to solve stand alone optimization problem: 0.0258960723877
INFO:R0@tkref=3.6818: N of unsatisfied eq: 5
INFO:R0@tkref=3.6818: N of unsatisfied ieq: 7
INFO:R0@tkref=3.6818: Summary: Optimization terminated successfully. after 1 it.
DEBUG:R0@tkref=3.6818: $$$$$$$$ CONFLICT LIST $$$$$$$$: []
INFO:R0: --------------------------
INFO:R0@tkref=4.0909: Time to solve stand alone optimization problem: 0.025918006897
INFO:R0@tkref=4.0909: N of unsatisfied eq: 5
INFO:R0@tkref=4.0909: N of unsatisfied ieq: 7
INFO:R0@tkref=4.0909: Summary: Optimization terminated successfully. after 1 it.
DEBUG:R0@tkref=4.0909: $$$$$$$$ CONFLICT LIST $$$$$$$$: []
INFO:R0: --------------------------
INFO:R0@tkref=4.5000: Time to solve stand alone optimization problem: 0.0262789726257
INFO:R0@tkref=4.5000: N of unsatisfied eq: 4
INFO:R0@tkref=4.5000: N of unsatisfied ieq: 7
INFO:R0@tkref=4.5000: Summary: Optimization terminated successfully. after 1 it.
DEBUG:R0@tkref=4.5000: $$$$$$$$ CONFLICT LIST $$$$$$$$: []
INFO:R0: --------------------------
INFO:R0@tkref=4.9091: Time to solve stand alone optimization problem: 0.0258369445801
INFO:R0@tkref=4.9091: N of unsatisfied eq: 3
INFO:R0@tkref=4.9091: N of unsatisfied ieq: 8
INFO:R0@tkref=4.9091: Summary: Optimization terminated successfully. after 1 it.
DEBUG:R0@tkref=4.9091: $$$$$$$$ CONFLICT LIST $$$$$$$$: []
INFO:R0: --------------------------
INFO:R0@tkref=5.3182: Time to solve stand alone optimization problem: 0.0258898735046
INFO:R0@tkref=5.3182: N of unsatisfied eq: 4
INFO:R0@tkref=5.3182: N of unsatisfied ieq: 8
INFO:R0@tkref=5.3182: Summary: Optimization terminated successfully. after 1 it.
DEBUG:R0@tkref=5.3182: $$$$$$$$ CONFLICT LIST $$$$$$$$: []
INFO:R0: --------------------------
INFO:R0@tkref=5.7273: Time to solve stand alone optimization problem: 0.0256128311157
INFO:R0@tkref=5.7273: N of unsatisfied eq: 2
INFO:R0@tkref=5.7273: N of unsatisfied ieq: 6
INFO:R0@tkref=5.7273: Summary: Optimization terminated successfully. after 1 it.
DEBUG:R0@tkref=5.7273: $$$$$$$$ CONFLICT LIST $$$$$$$$: []
INFO:R0: --------------------------
INFO:R0@tkref=6.1364: Time to solve stand alone optimization problem: 0.0257320404053
INFO:R0@tkref=6.1364: N of unsatisfied eq: 3
INFO:R0@tkref=6.1364: N of unsatisfied ieq: 8
INFO:R0@tkref=6.1364: Summary: Optimization terminated successfully. after 1 it.
DEBUG:R0@tkref=6.1364: $$$$$$$$ CONFLICT LIST $$$$$$$$: []
INFO:R0: --------------------------
DEBUG:R0: LAST STEP
DEBUG:R0: Approx remaining dist: 0.739965721374
DEBUG:R0: Usual approx plan dist: 4.5
DEBUG:R0: Approx gain in dist: 3.76003427863
DEBUG:R0: Last step min dist: 0.5
INFO:R0: scale 0.164436826972 Ns 7 Nk 3
INFO:R0@tkref=6.5455: Time to solve stand alone optimization problem: 0.36532497406
INFO:R0@tkref=6.5455: N of unsatisfied eq: 10
INFO:R0@tkref=6.5455: N of unsatisfied ieq: 4
INFO:R0@tkref=6.5455: Summary: Iteration limit exceeded after 26 it.
DEBUG:R0@tkref=6.5455: $$$$$$$$ CONFLICT LIST $$$$$$$$: []
INFO:R0: Finished motion planning
INFO:R0: --------------------------
INFO:R0: TOT: 7.37704765693
INFO:R0: NSE: 17
INFO:R0: FIR: 1.06736516953
INFO:R0: LAS: 0.366086006165
INFO:R0: LMA: 1
INFO:R0: MAX: 0.0785758495331
INFO:R0: MIN: 0.0262730121613
INFO:R0: AVG: 0.036961889267
INFO:R0: RMP: 0.192074298859
INFO:R0: RMG: 0.894876903958
