DEBUG:R0: Using Tc_p = 1.01111111111
DEBUG:R0: Using Tc_d = 1.01111111111
INFO:R0: Init motion planning
INFO:R0@tkref=0.0000: Time to solve stand alone optimization problem: 0.964231967926
INFO:R0@tkref=0.0000: N of unsatisfied eq: 5
INFO:R0@tkref=0.0000: N of unsatisfied ieq: 6
INFO:R0@tkref=0.0000: Summary: Iteration limit exceeded after 41 it.
DEBUG:R0@tkref=0.0000: $$$$$$$$ CONFLICT LIST $$$$$$$$: []
INFO:R0: --------------------------
INFO:R0@tkref=1.0111: Time to solve stand alone optimization problem: 0.0243852138519
INFO:R0@tkref=1.0111: N of unsatisfied eq: 3
INFO:R0@tkref=1.0111: N of unsatisfied ieq: 5
INFO:R0@tkref=1.0111: Summary: Optimization terminated successfully. after 1 it.
DEBUG:R0@tkref=1.0111: $$$$$$$$ CONFLICT LIST $$$$$$$$: []
INFO:R0: --------------------------
INFO:R0@tkref=2.0222: Time to solve stand alone optimization problem: 0.0231261253357
INFO:R0@tkref=2.0222: N of unsatisfied eq: 5
INFO:R0@tkref=2.0222: N of unsatisfied ieq: 6
INFO:R0@tkref=2.0222: Summary: Optimization terminated successfully. after 1 it.
DEBUG:R0@tkref=2.0222: $$$$$$$$ CONFLICT LIST $$$$$$$$: []
INFO:R0: --------------------------
INFO:R0@tkref=3.0333: Time to solve stand alone optimization problem: 0.0232508182526
INFO:R0@tkref=3.0333: N of unsatisfied eq: 3
INFO:R0@tkref=3.0333: N of unsatisfied ieq: 6
INFO:R0@tkref=3.0333: Summary: Optimization terminated successfully. after 1 it.
DEBUG:R0@tkref=3.0333: $$$$$$$$ CONFLICT LIST $$$$$$$$: []
INFO:R0: --------------------------
INFO:R0@tkref=4.0444: Time to solve stand alone optimization problem: 0.0230720043182
INFO:R0@tkref=4.0444: N of unsatisfied eq: 4
INFO:R0@tkref=4.0444: N of unsatisfied ieq: 6
INFO:R0@tkref=4.0444: Summary: Optimization terminated successfully. after 1 it.
DEBUG:R0@tkref=4.0444: $$$$$$$$ CONFLICT LIST $$$$$$$$: []
INFO:R0: --------------------------
INFO:R0@tkref=5.0556: Time to solve stand alone optimization problem: 0.0231971740723
INFO:R0@tkref=5.0556: N of unsatisfied eq: 5
INFO:R0@tkref=5.0556: N of unsatisfied ieq: 5
INFO:R0@tkref=5.0556: Summary: Optimization terminated successfully. after 1 it.
DEBUG:R0@tkref=5.0556: $$$$$$$$ CONFLICT LIST $$$$$$$$: []
INFO:R0: --------------------------
DEBUG:R0: LAST STEP
DEBUG:R0: Approx remaining dist: 0.991335270209
DEBUG:R0: Usual approx plan dist: 1.3
DEBUG:R0: Approx gain in dist: 0.308664729791
DEBUG:R0: Last step min dist: 0.5
INFO:R0: scale 0.762565592468 Ns 9 Nk 5
INFO:R0@tkref=6.0667: Time to solve stand alone optimization problem: 0.52003288269
INFO:R0@tkref=6.0667: N of unsatisfied eq: 10
INFO:R0@tkref=6.0667: N of unsatisfied ieq: 4
INFO:R0@tkref=6.0667: Summary: Iteration limit exceeded after 26 it.
DEBUG:R0@tkref=6.0667: $$$$$$$$ CONFLICT LIST $$$$$$$$: []
INFO:R0: Finished motion planning
INFO:R0: --------------------------
INFO:R0: TOT: 7.11172784866
INFO:R0: NSE: 7
INFO:R0: FIR: 0.965939998627
INFO:R0: LAS: 0.520781993866
INFO:R0: LMA: 1
INFO:R0: MAX: 0.0250589847565
INFO:R0: MIN: 0.0237181186676
INFO:R0: AVG: 0.0240571975708
INFO:R0: RMP: 0.0247836112976
INFO:R0: RMG: 0.515059114812
