DEBUG:R0: Using Tc_p = 0.92
DEBUG:R0: Using Tc_d = 0.92
INFO:R0: Init motion planning
INFO:R0@tkref=0.0000: Time to solve stand alone optimization problem: 2.45617294312
INFO:R0@tkref=0.0000: N of unsatisfied eq: 5
INFO:R0@tkref=0.0000: N of unsatisfied ieq: 9
INFO:R0@tkref=0.0000: Summary: Iteration limit exceeded after 41 it.
DEBUG:R0@tkref=0.0000: $$$$$$$$ CONFLICT LIST $$$$$$$$: []
INFO:R0: --------------------------
INFO:R0@tkref=0.9200: Time to solve stand alone optimization problem: 0.572504043579
INFO:R0@tkref=0.9200: N of unsatisfied eq: 1
INFO:R0@tkref=0.9200: N of unsatisfied ieq: 7
INFO:R0@tkref=0.9200: Summary: Optimization terminated successfully. after 10 it.
DEBUG:R0@tkref=0.9200: $$$$$$$$ CONFLICT LIST $$$$$$$$: []
INFO:R0: --------------------------
INFO:R0@tkref=1.8400: Time to solve stand alone optimization problem: 1.02482891083
INFO:R0@tkref=1.8400: N of unsatisfied eq: 3
INFO:R0@tkref=1.8400: N of unsatisfied ieq: 8
INFO:R0@tkref=1.8400: Summary: Iteration limit exceeded after 16 it.
DEBUG:R0@tkref=1.8400: $$$$$$$$ CONFLICT LIST $$$$$$$$: []
INFO:R0: --------------------------
INFO:R0@tkref=2.7600: Time to solve stand alone optimization problem: 0.576080083847
INFO:R0@tkref=2.7600: N of unsatisfied eq: 2
INFO:R0@tkref=2.7600: N of unsatisfied ieq: 7
INFO:R0@tkref=2.7600: Summary: Optimization terminated successfully. after 9 it.
DEBUG:R0@tkref=2.7600: $$$$$$$$ CONFLICT LIST $$$$$$$$: []
INFO:R0: --------------------------
INFO:R0@tkref=3.6800: Time to solve stand alone optimization problem: 0.512444972992
INFO:R0@tkref=3.6800: N of unsatisfied eq: 2
INFO:R0@tkref=3.6800: N of unsatisfied ieq: 7
INFO:R0@tkref=3.6800: Summary: Optimization terminated successfully. after 8 it.
DEBUG:R0@tkref=3.6800: $$$$$$$$ CONFLICT LIST $$$$$$$$: []
INFO:R0: --------------------------
INFO:R0@tkref=4.6000: Time to solve stand alone optimization problem: 0.95441699028
INFO:R0@tkref=4.6000: N of unsatisfied eq: 3
INFO:R0@tkref=4.6000: N of unsatisfied ieq: 9
INFO:R0@tkref=4.6000: Summary: Optimization terminated successfully. after 15 it.
DEBUG:R0@tkref=4.6000: $$$$$$$$ CONFLICT LIST $$$$$$$$: []
INFO:R0: --------------------------
INFO:R0@tkref=5.5200: Time to solve stand alone optimization problem: 0.19388794899
INFO:R0@tkref=5.5200: N of unsatisfied eq: 3
INFO:R0@tkref=5.5200: N of unsatisfied ieq: 7
INFO:R0@tkref=5.5200: Summary: Optimization terminated successfully. after 3 it.
DEBUG:R0@tkref=5.5200: $$$$$$$$ CONFLICT LIST $$$$$$$$: []
INFO:R0: --------------------------
DEBUG:R0: LAST STEP
DEBUG:R0: Approx remaining dist: 1.25307040526
DEBUG:R0: Usual approx plan dist: 4.6
DEBUG:R0: Approx gain in dist: 3.34692959474
DEBUG:R0: Last step min dist: 0.5
INFO:R0: scale 0.272406609838 Ns 7 Nk 3
INFO:R0@tkref=6.4400: Time to solve stand alone optimization problem: 0.655344963074
INFO:R0@tkref=6.4400: N of unsatisfied eq: 10
INFO:R0@tkref=6.4400: N of unsatisfied ieq: 3
INFO:R0@tkref=6.4400: Summary: Iteration limit exceeded after 26 it.
DEBUG:R0@tkref=6.4400: $$$$$$$$ CONFLICT LIST $$$$$$$$: []
INFO:R0: Finished motion planning
INFO:R0: --------------------------
INFO:R0: TOT: 7.84860588716
INFO:R0: NSE: 8
INFO:R0: FIR: 2.45753598213
INFO:R0: LAS: 0.656220912933
INFO:R0: LMA: 0
INFO:R0: MAX: 1.02573895454
INFO:R0: MIN: 0.194782018661
INFO:R0: AVG: 0.639926989873
INFO:R0: RMP: 1.11493364624
INFO:R0: RMG: 1.11493364624
