DEBUG:R0: Using Tc_p = 3.57777777778
DEBUG:R0: Using Tc_d = 3.57777777778
INFO:R0: Init motion planning
INFO:R0@tkref=0.0000: Time to solve stand alone optimization problem: 2.18961405754
INFO:R0@tkref=0.0000: N of unsatisfied eq: 4
INFO:R0@tkref=0.0000: N of unsatisfied ieq: 6
INFO:R0@tkref=0.0000: Summary: Iteration limit exceeded after 41 it.
DEBUG:R0@tkref=0.0000: $$$$$$$$ CONFLICT LIST $$$$$$$$: []
INFO:R0: --------------------------
INFO:R0@tkref=3.5778: Time to solve stand alone optimization problem: 0.398985147476
INFO:R0@tkref=3.5778: N of unsatisfied eq: 2
INFO:R0@tkref=3.5778: N of unsatisfied ieq: 7
INFO:R0@tkref=3.5778: Summary: Optimization terminated successfully. after 7 it.
DEBUG:R0@tkref=3.5778: $$$$$$$$ CONFLICT LIST $$$$$$$$: []
INFO:R0: --------------------------
DEBUG:R0: LAST STEP
DEBUG:R0: Approx remaining dist: 0.796271667878
DEBUG:R0: Usual approx plan dist: 4.6
DEBUG:R0: Approx gain in dist: 3.80372833212
DEBUG:R0: Last step min dist: 0.5
INFO:R0: scale 0.173102536495 Ns 7 Nk 3
INFO:R0@tkref=7.1556: Time to solve stand alone optimization problem: 0.628393888474
INFO:R0@tkref=7.1556: N of unsatisfied eq: 10
INFO:R0@tkref=7.1556: N of unsatisfied ieq: 3
INFO:R0@tkref=7.1556: Summary: Iteration limit exceeded after 26 it.
DEBUG:R0@tkref=7.1556: $$$$$$$$ CONFLICT LIST $$$$$$$$: []
INFO:R0: Finished motion planning
INFO:R0: --------------------------
INFO:R0: TOT: 8.08321470926
INFO:R0: NSE: 3
INFO:R0: FIR: 2.19091105461
INFO:R0: LAS: 0.62925195694
INFO:R0: LMA: 1
INFO:R0: MAX: 0.399821043015
INFO:R0: MIN: 0.399821043015
INFO:R0: AVG: 0.399821043015
INFO:R0: RMP: 0.111751223203
INFO:R0: RMG: 0.175877876163
