DEBUG:R0: Using Tc_p = 1.46666666667
DEBUG:R0: Using Tc_d = 1.46666666667
INFO:R0: Init motion planning
INFO:R0@tkref=0.0000: Time to solve stand alone optimization problem: 2.16015791893
INFO:R0@tkref=0.0000: N of unsatisfied eq: 5
INFO:R0@tkref=0.0000: N of unsatisfied ieq: 8
INFO:R0@tkref=0.0000: Summary: Iteration limit exceeded after 41 it.
DEBUG:R0@tkref=0.0000: $$$$$$$$ CONFLICT LIST $$$$$$$$: []
INFO:R0: --------------------------
INFO:R0@tkref=1.4667: Time to solve stand alone optimization problem: 0.896622896194
INFO:R0@tkref=1.4667: N of unsatisfied eq: 2
INFO:R0@tkref=1.4667: N of unsatisfied ieq: 7
INFO:R0@tkref=1.4667: Summary: Iteration limit exceeded after 16 it.
DEBUG:R0@tkref=1.4667: $$$$$$$$ CONFLICT LIST $$$$$$$$: []
INFO:R0: --------------------------
INFO:R0@tkref=2.9333: Time to solve stand alone optimization problem: 0.389731884003
INFO:R0@tkref=2.9333: N of unsatisfied eq: 2
INFO:R0@tkref=2.9333: N of unsatisfied ieq: 7
INFO:R0@tkref=2.9333: Summary: Optimization terminated successfully. after 7 it.
DEBUG:R0@tkref=2.9333: $$$$$$$$ CONFLICT LIST $$$$$$$$: []
INFO:R0: --------------------------
INFO:R0@tkref=4.4000: Time to solve stand alone optimization problem: 0.394715070724
INFO:R0@tkref=4.4000: N of unsatisfied eq: 3
INFO:R0@tkref=4.4000: N of unsatisfied ieq: 6
INFO:R0@tkref=4.4000: Summary: Optimization terminated successfully. after 7 it.
DEBUG:R0@tkref=4.4000: $$$$$$$$ CONFLICT LIST $$$$$$$$: []
INFO:R0: --------------------------
DEBUG:R0: LAST STEP
DEBUG:R0: Approx remaining dist: 1.85157737074
DEBUG:R0: Usual approx plan dist: 4.4
DEBUG:R0: Approx gain in dist: 2.54842262926
DEBUG:R0: Last step min dist: 0.5
INFO:R0: scale 0.420813038805 Ns 7 Nk 3
INFO:R0@tkref=5.8667: Time to solve stand alone optimization problem: 0.755984067917
INFO:R0@tkref=5.8667: N of unsatisfied eq: 10
INFO:R0@tkref=5.8667: N of unsatisfied ieq: 3
INFO:R0@tkref=5.8667: Summary: Iteration limit exceeded after 26 it.
DEBUG:R0@tkref=5.8667: $$$$$$$$ CONFLICT LIST $$$$$$$$: []
INFO:R0: Finished motion planning
INFO:R0: --------------------------
INFO:R0: TOT: 7.97731471585
INFO:R0: NSE: 5
INFO:R0: FIR: 2.16150999069
INFO:R0: LAS: 0.75701212883
INFO:R0: LMA: 0
INFO:R0: MAX: 0.897459030151
INFO:R0: MIN: 0.390566110611
INFO:R0: AVG: 0.56119966507
INFO:R0: RMP: 0.611903884194
INFO:R0: RMG: 0.611903884194
