DEBUG:R0: Using Tc_p = 1.76
DEBUG:R0: Using Tc_d = 1.76
INFO:R0: Init motion planning
INFO:R0@tkref=0.0000: Time to solve stand alone optimization problem: 1.47447109222
INFO:R0@tkref=0.0000: N of unsatisfied eq: 5
INFO:R0@tkref=0.0000: N of unsatisfied ieq: 9
INFO:R0@tkref=0.0000: Summary: Iteration limit exceeded after 41 it.
DEBUG:R0@tkref=0.0000: $$$$$$$$ CONFLICT LIST $$$$$$$$: []
INFO:R0: --------------------------
INFO:R0@tkref=1.7600: Time to solve stand alone optimization problem: 0.28959608078
INFO:R0@tkref=1.7600: N of unsatisfied eq: 2
INFO:R0@tkref=1.7600: N of unsatisfied ieq: 7
INFO:R0@tkref=1.7600: Summary: Optimization terminated successfully. after 7 it.
DEBUG:R0@tkref=1.7600: $$$$$$$$ CONFLICT LIST $$$$$$$$: []
INFO:R0: --------------------------
INFO:R0@tkref=3.5200: Time to solve stand alone optimization problem: 0.479423046112
INFO:R0@tkref=3.5200: N of unsatisfied eq: 2
INFO:R0@tkref=3.5200: N of unsatisfied ieq: 5
INFO:R0@tkref=3.5200: Summary: Optimization terminated successfully. after 12 it.
DEBUG:R0@tkref=3.5200: $$$$$$$$ CONFLICT LIST $$$$$$$$: []
INFO:R0: --------------------------
INFO:R0@tkref=5.2800: Time to solve stand alone optimization problem: 0.114150047302
INFO:R0@tkref=5.2800: N of unsatisfied eq: 3
INFO:R0@tkref=5.2800: N of unsatisfied ieq: 8
INFO:R0@tkref=5.2800: Summary: Optimization terminated successfully. after 3 it.
DEBUG:R0@tkref=5.2800: $$$$$$$$ CONFLICT LIST $$$$$$$$: []
INFO:R0: --------------------------
DEBUG:R0: LAST STEP
DEBUG:R0: Approx remaining dist: 0.609469802031
DEBUG:R0: Usual approx plan dist: 2.2
DEBUG:R0: Approx gain in dist: 1.59053019797
DEBUG:R0: Last step min dist: 0.5
INFO:R0: scale 0.277031728196 Ns 7 Nk 3
INFO:R0@tkref=7.0400: Time to solve stand alone optimization problem: 0.518315076828
INFO:R0@tkref=7.0400: N of unsatisfied eq: 10
INFO:R0@tkref=7.0400: N of unsatisfied ieq: 4
INFO:R0@tkref=7.0400: Summary: Iteration limit exceeded after 26 it.
DEBUG:R0@tkref=7.0400: $$$$$$$$ CONFLICT LIST $$$$$$$$: []
INFO:R0: Finished motion planning
INFO:R0: --------------------------
INFO:R0: TOT: 7.72494425426
INFO:R0: NSE: 5
INFO:R0: FIR: 1.47607398033
INFO:R0: LAS: 0.519118070602
INFO:R0: LMA: 1
INFO:R0: MAX: 0.480216026306
INFO:R0: MIN: 0.114938020706
INFO:R0: AVG: 0.295226017634
INFO:R0: RMP: 0.272850014947
INFO:R0: RMG: 0.294953449206
