DEBUG:R0: Using Tc_p = 2.67272727273
DEBUG:R0: Using Tc_d = 2.67272727273
INFO:R0: Init motion planning
INFO:R0@tkref=0.0000: Time to solve stand alone optimization problem: 1.53787112236
INFO:R0@tkref=0.0000: N of unsatisfied eq: 5
INFO:R0@tkref=0.0000: N of unsatisfied ieq: 9
INFO:R0@tkref=0.0000: Summary: Iteration limit exceeded after 41 it.
DEBUG:R0@tkref=0.0000: $$$$$$$$ CONFLICT LIST $$$$$$$$: []
INFO:R0: --------------------------
INFO:R0@tkref=2.6727: Time to solve stand alone optimization problem: 0.340188026428
INFO:R0@tkref=2.6727: N of unsatisfied eq: 2
INFO:R0@tkref=2.6727: N of unsatisfied ieq: 5
INFO:R0@tkref=2.6727: Summary: Optimization terminated successfully. after 8 it.
DEBUG:R0@tkref=2.6727: $$$$$$$$ CONFLICT LIST $$$$$$$$: []
INFO:R0: --------------------------
DEBUG:R0: LAST STEP
DEBUG:R0: Approx remaining dist: 2.32297831082
DEBUG:R0: Usual approx plan dist: 4.9
DEBUG:R0: Approx gain in dist: 2.57702168918
DEBUG:R0: Last step min dist: 0.5
INFO:R0: scale 0.47407720629 Ns 7 Nk 3
INFO:R0@tkref=5.3455: Time to solve stand alone optimization problem: 0.578166007996
INFO:R0@tkref=5.3455: N of unsatisfied eq: 10
INFO:R0@tkref=5.3455: N of unsatisfied ieq: 3
INFO:R0@tkref=5.3455: Summary: Iteration limit exceeded after 26 it.
DEBUG:R0@tkref=5.3455: $$$$$$$$ CONFLICT LIST $$$$$$$$: []
INFO:R0: Finished motion planning
INFO:R0: --------------------------
INFO:R0: TOT: 8.03335886418
INFO:R0: NSE: 3
INFO:R0: FIR: 1.53938698769
INFO:R0: LAS: 0.579166889191
INFO:R0: LMA: 1
INFO:R0: MAX: 0.341120004654
INFO:R0: MIN: 0.341120004654
INFO:R0: AVG: 0.341120004654
INFO:R0: RMP: 0.127629933714
INFO:R0: RMG: 0.216695094595
