DEBUG:R0: Using Tc_p = 0.288888888889
DEBUG:R0: Using Tc_d = 0.288888888889
INFO:R0: Init motion planning
INFO:R0@tkref=0.0000: Time to solve stand alone optimization problem: 0.849291086197
INFO:R0@tkref=0.0000: N of unsatisfied eq: 5
INFO:R0@tkref=0.0000: N of unsatisfied ieq: 5
INFO:R0@tkref=0.0000: Summary: Iteration limit exceeded after 41 it.
DEBUG:R0@tkref=0.0000: $$$$$$$$ CONFLICT LIST $$$$$$$$: []
INFO:R0: --------------------------
INFO:R0@tkref=0.2889: Time to solve stand alone optimization problem: 0.125107049942
INFO:R0@tkref=0.2889: N of unsatisfied eq: 3
INFO:R0@tkref=0.2889: N of unsatisfied ieq: 6
INFO:R0@tkref=0.2889: Summary: Optimization terminated successfully. after 6 it.
DEBUG:R0@tkref=0.2889: $$$$$$$$ CONFLICT LIST $$$$$$$$: []
INFO:R0: --------------------------
INFO:R0@tkref=0.5778: Time to solve stand alone optimization problem: 0.0216929912567
INFO:R0@tkref=0.5778: N of unsatisfied eq: 3
INFO:R0@tkref=0.5778: N of unsatisfied ieq: 8
INFO:R0@tkref=0.5778: Summary: Optimization terminated successfully. after 1 it.
DEBUG:R0@tkref=0.5778: $$$$$$$$ CONFLICT LIST $$$$$$$$: []
INFO:R0: --------------------------
INFO:R0@tkref=0.8667: Time to solve stand alone optimization problem: 0.0216929912567
INFO:R0@tkref=0.8667: N of unsatisfied eq: 3
INFO:R0@tkref=0.8667: N of unsatisfied ieq: 6
INFO:R0@tkref=0.8667: Summary: Optimization terminated successfully. after 1 it.
DEBUG:R0@tkref=0.8667: $$$$$$$$ CONFLICT LIST $$$$$$$$: []
INFO:R0: --------------------------
INFO:R0@tkref=1.1556: Time to solve stand alone optimization problem: 0.0632569789886
INFO:R0@tkref=1.1556: N of unsatisfied eq: 3
INFO:R0@tkref=1.1556: N of unsatisfied ieq: 8
INFO:R0@tkref=1.1556: Summary: Optimization terminated successfully. after 3 it.
DEBUG:R0@tkref=1.1556: $$$$$$$$ CONFLICT LIST $$$$$$$$: []
INFO:R0: --------------------------
INFO:R0@tkref=1.4444: Time to solve stand alone optimization problem: 0.0425372123718
INFO:R0@tkref=1.4444: N of unsatisfied eq: 3
INFO:R0@tkref=1.4444: N of unsatisfied ieq: 8
INFO:R0@tkref=1.4444: Summary: Optimization terminated successfully. after 2 it.
DEBUG:R0@tkref=1.4444: $$$$$$$$ CONFLICT LIST $$$$$$$$: []
INFO:R0: --------------------------
INFO:R0@tkref=1.7333: Time to solve stand alone optimization problem: 0.0217061042786
INFO:R0@tkref=1.7333: N of unsatisfied eq: 3
INFO:R0@tkref=1.7333: N of unsatisfied ieq: 6
INFO:R0@tkref=1.7333: Summary: Optimization terminated successfully. after 1 it.
DEBUG:R0@tkref=1.7333: $$$$$$$$ CONFLICT LIST $$$$$$$$: []
INFO:R0: --------------------------
INFO:R0@tkref=2.0222: Time to solve stand alone optimization problem: 0.0218980312347
INFO:R0@tkref=2.0222: N of unsatisfied eq: 3
INFO:R0@tkref=2.0222: N of unsatisfied ieq: 6
INFO:R0@tkref=2.0222: Summary: Optimization terminated successfully. after 1 it.
DEBUG:R0@tkref=2.0222: $$$$$$$$ CONFLICT LIST $$$$$$$$: []
INFO:R0: --------------------------
INFO:R0@tkref=2.3111: Time to solve stand alone optimization problem: 0.0207641124725
INFO:R0@tkref=2.3111: N of unsatisfied eq: 4
INFO:R0@tkref=2.3111: N of unsatisfied ieq: 7
INFO:R0@tkref=2.3111: Summary: Optimization terminated successfully. after 1 it.
DEBUG:R0@tkref=2.3111: $$$$$$$$ CONFLICT LIST $$$$$$$$: []
INFO:R0: --------------------------
INFO:R0@tkref=2.6000: Time to solve stand alone optimization problem: 0.0207619667053
INFO:R0@tkref=2.6000: N of unsatisfied eq: 3
INFO:R0@tkref=2.6000: N of unsatisfied ieq: 6
INFO:R0@tkref=2.6000: Summary: Optimization terminated successfully. after 1 it.
DEBUG:R0@tkref=2.6000: $$$$$$$$ CONFLICT LIST $$$$$$$$: []
INFO:R0: --------------------------
INFO:R0@tkref=2.8889: Time to solve stand alone optimization problem: 0.0207970142365
INFO:R0@tkref=2.8889: N of unsatisfied eq: 3
INFO:R0@tkref=2.8889: N of unsatisfied ieq: 5
INFO:R0@tkref=2.8889: Summary: Optimization terminated successfully. after 1 it.
DEBUG:R0@tkref=2.8889: $$$$$$$$ CONFLICT LIST $$$$$$$$: []
INFO:R0: --------------------------
INFO:R0@tkref=3.1778: Time to solve stand alone optimization problem: 0.0208549499512
INFO:R0@tkref=3.1778: N of unsatisfied eq: 3
INFO:R0@tkref=3.1778: N of unsatisfied ieq: 4
INFO:R0@tkref=3.1778: Summary: Optimization terminated successfully. after 1 it.
DEBUG:R0@tkref=3.1778: $$$$$$$$ CONFLICT LIST $$$$$$$$: []
INFO:R0: --------------------------
INFO:R0@tkref=3.4667: Time to solve stand alone optimization problem: 0.0205380916595
INFO:R0@tkref=3.4667: N of unsatisfied eq: 3
INFO:R0@tkref=3.4667: N of unsatisfied ieq: 7
INFO:R0@tkref=3.4667: Summary: Optimization terminated successfully. after 1 it.
DEBUG:R0@tkref=3.4667: $$$$$$$$ CONFLICT LIST $$$$$$$$: []
INFO:R0: --------------------------
INFO:R0@tkref=3.7556: Time to solve stand alone optimization problem: 0.0204138755798
INFO:R0@tkref=3.7556: N of unsatisfied eq: 5
INFO:R0@tkref=3.7556: N of unsatisfied ieq: 5
INFO:R0@tkref=3.7556: Summary: Optimization terminated successfully. after 1 it.
DEBUG:R0@tkref=3.7556: $$$$$$$$ CONFLICT LIST $$$$$$$$: []
INFO:R0: --------------------------
INFO:R0@tkref=4.0444: Time to solve stand alone optimization problem: 0.0206618309021
INFO:R0@tkref=4.0444: N of unsatisfied eq: 4
INFO:R0@tkref=4.0444: N of unsatisfied ieq: 4
INFO:R0@tkref=4.0444: Summary: Optimization terminated successfully. after 1 it.
DEBUG:R0@tkref=4.0444: $$$$$$$$ CONFLICT LIST $$$$$$$$: []
INFO:R0: --------------------------
INFO:R0@tkref=4.3333: Time to solve stand alone optimization problem: 0.020476102829
INFO:R0@tkref=4.3333: N of unsatisfied eq: 3
INFO:R0@tkref=4.3333: N of unsatisfied ieq: 5
INFO:R0@tkref=4.3333: Summary: Optimization terminated successfully. after 1 it.
DEBUG:R0@tkref=4.3333: $$$$$$$$ CONFLICT LIST $$$$$$$$: []
INFO:R0: --------------------------
INFO:R0@tkref=4.6222: Time to solve stand alone optimization problem: 0.0204539299011
INFO:R0@tkref=4.6222: N of unsatisfied eq: 4
INFO:R0@tkref=4.6222: N of unsatisfied ieq: 5
INFO:R0@tkref=4.6222: Summary: Optimization terminated successfully. after 1 it.
DEBUG:R0@tkref=4.6222: $$$$$$$$ CONFLICT LIST $$$$$$$$: []
INFO:R0: --------------------------
INFO:R0@tkref=4.9111: Time to solve stand alone optimization problem: 0.0206418037415
INFO:R0@tkref=4.9111: N of unsatisfied eq: 4
INFO:R0@tkref=4.9111: N of unsatisfied ieq: 5
INFO:R0@tkref=4.9111: Summary: Optimization terminated successfully. after 1 it.
DEBUG:R0@tkref=4.9111: $$$$$$$$ CONFLICT LIST $$$$$$$$: []
INFO:R0: --------------------------
INFO:R0@tkref=5.2000: Time to solve stand alone optimization problem: 0.0206470489502
INFO:R0@tkref=5.2000: N of unsatisfied eq: 3
INFO:R0@tkref=5.2000: N of unsatisfied ieq: 7
INFO:R0@tkref=5.2000: Summary: Optimization terminated successfully. after 1 it.
DEBUG:R0@tkref=5.2000: $$$$$$$$ CONFLICT LIST $$$$$$$$: []
INFO:R0: --------------------------
INFO:R0@tkref=5.4889: Time to solve stand alone optimization problem: 0.0206551551819
INFO:R0@tkref=5.4889: N of unsatisfied eq: 4
INFO:R0@tkref=5.4889: N of unsatisfied ieq: 6
INFO:R0@tkref=5.4889: Summary: Optimization terminated successfully. after 1 it.
DEBUG:R0@tkref=5.4889: $$$$$$$$ CONFLICT LIST $$$$$$$$: []
INFO:R0: --------------------------
INFO:R0@tkref=5.7778: Time to solve stand alone optimization problem: 0.0206761360168
INFO:R0@tkref=5.7778: N of unsatisfied eq: 4
INFO:R0@tkref=5.7778: N of unsatisfied ieq: 5
INFO:R0@tkref=5.7778: Summary: Optimization terminated successfully. after 1 it.
DEBUG:R0@tkref=5.7778: $$$$$$$$ CONFLICT LIST $$$$$$$$: []
INFO:R0: --------------------------
INFO:R0@tkref=6.0667: Time to solve stand alone optimization problem: 0.0206739902496
INFO:R0@tkref=6.0667: N of unsatisfied eq: 3
INFO:R0@tkref=6.0667: N of unsatisfied ieq: 6
INFO:R0@tkref=6.0667: Summary: Optimization terminated successfully. after 1 it.
DEBUG:R0@tkref=6.0667: $$$$$$$$ CONFLICT LIST $$$$$$$$: []
INFO:R0: --------------------------
DEBUG:R0: LAST STEP
DEBUG:R0: Approx remaining dist: 0.76554502498
DEBUG:R0: Usual approx plan dist: 2.6
DEBUG:R0: Approx gain in dist: 1.83445497502
DEBUG:R0: Last step min dist: 0.5
INFO:R0: scale 0.294440394223 Ns 7 Nk 3
INFO:R0@tkref=6.3556: Time to solve stand alone optimization problem: 0.356889009476
INFO:R0@tkref=6.3556: N of unsatisfied eq: 10
INFO:R0@tkref=6.3556: N of unsatisfied ieq: 4
INFO:R0@tkref=6.3556: Summary: Iteration limit exceeded after 26 it.
DEBUG:R0@tkref=6.3556: $$$$$$$$ CONFLICT LIST $$$$$$$$: []
INFO:R0: Finished motion planning
INFO:R0: --------------------------
INFO:R0: TOT: 7.21589820589
INFO:R0: NSE: 23
INFO:R0: FIR: 0.850723981857
INFO:R0: LAS: 0.357633113861
INFO:R0: LMA: 1
INFO:R0: MAX: 0.125785112381
INFO:R0: MIN: 0.0210909843445
INFO:R0: AVG: 0.0295572507949
INFO:R0: RMP: 0.435410004396
INFO:R0: RMG: 1.23796077875
