DEBUG:R0: Using Tc_p = 1.24444444444
DEBUG:R0: Using Tc_d = 1.24444444444
INFO:R0: Init motion planning
INFO:R0@tkref=0.0000: Time to solve stand alone optimization problem: 1.37920093536
INFO:R0@tkref=0.0000: N of unsatisfied eq: 5
INFO:R0@tkref=0.0000: N of unsatisfied ieq: 5
INFO:R0@tkref=0.0000: Summary: Iteration limit exceeded after 41 it.
DEBUG:R0@tkref=0.0000: $$$$$$$$ CONFLICT LIST $$$$$$$$: []
INFO:R0: --------------------------
INFO:R0@tkref=1.2444: Time to solve stand alone optimization problem: 0.2506711483
INFO:R0@tkref=1.2444: N of unsatisfied eq: 3
INFO:R0@tkref=1.2444: N of unsatisfied ieq: 7
INFO:R0@tkref=1.2444: Summary: Optimization terminated successfully. after 5 it.
DEBUG:R0@tkref=1.2444: $$$$$$$$ CONFLICT LIST $$$$$$$$: []
INFO:R0: --------------------------
INFO:R0@tkref=2.4889: Time to solve stand alone optimization problem: 0.27655005455
INFO:R0@tkref=2.4889: N of unsatisfied eq: 3
INFO:R0@tkref=2.4889: N of unsatisfied ieq: 7
INFO:R0@tkref=2.4889: Summary: Optimization terminated successfully. after 6 it.
DEBUG:R0@tkref=2.4889: $$$$$$$$ CONFLICT LIST $$$$$$$$: []
INFO:R0: --------------------------
INFO:R0@tkref=3.7333: Time to solve stand alone optimization problem: 0.358840942383
INFO:R0@tkref=3.7333: N of unsatisfied eq: 2
INFO:R0@tkref=3.7333: N of unsatisfied ieq: 7
INFO:R0@tkref=3.7333: Summary: Optimization terminated successfully. after 8 it.
DEBUG:R0@tkref=3.7333: $$$$$$$$ CONFLICT LIST $$$$$$$$: []
INFO:R0: --------------------------
INFO:R0@tkref=4.9778: Time to solve stand alone optimization problem: 0.127181053162
INFO:R0@tkref=4.9778: N of unsatisfied eq: 3
INFO:R0@tkref=4.9778: N of unsatisfied ieq: 6
INFO:R0@tkref=4.9778: Summary: Optimization terminated successfully. after 3 it.
DEBUG:R0@tkref=4.9778: $$$$$$$$ CONFLICT LIST $$$$$$$$: []
INFO:R0: --------------------------
DEBUG:R0: LAST STEP
DEBUG:R0: Approx remaining dist: 1.14358174515
DEBUG:R0: Usual approx plan dist: 2.8
DEBUG:R0: Approx gain in dist: 1.65641825485
DEBUG:R0: Last step min dist: 0.5
INFO:R0: scale 0.408422051839 Ns 7 Nk 3
INFO:R0@tkref=6.2222: Time to solve stand alone optimization problem: 0.639664888382
INFO:R0@tkref=6.2222: N of unsatisfied eq: 10
INFO:R0@tkref=6.2222: N of unsatisfied ieq: 3
INFO:R0@tkref=6.2222: Summary: Iteration limit exceeded after 26 it.
DEBUG:R0@tkref=6.2222: $$$$$$$$ CONFLICT LIST $$$$$$$$: []
INFO:R0: Finished motion planning
INFO:R0: --------------------------
INFO:R0: TOT: 7.50787880519
INFO:R0: NSE: 6
INFO:R0: FIR: 1.38062000275
INFO:R0: LAS: 0.641922950745
INFO:R0: LMA: 1
INFO:R0: MAX: 0.359806060791
INFO:R0: MIN: 0.128560066223
INFO:R0: AVG: 0.254374027252
INFO:R0: RMP: 0.289129870278
INFO:R0: RMG: 0.515830942563
