DEBUG:R0: Using Tc_p = 1.33333333333
DEBUG:R0: Using Tc_d = 1.33333333333
INFO:R0: Init motion planning
INFO:R0@tkref=0.0000: Time to solve stand alone optimization problem: 0.975540161133
INFO:R0@tkref=0.0000: N of unsatisfied eq: 4
INFO:R0@tkref=0.0000: N of unsatisfied ieq: 6
INFO:R0@tkref=0.0000: Summary: Iteration limit exceeded after 41 it.
DEBUG:R0@tkref=0.0000: $$$$$$$$ CONFLICT LIST $$$$$$$$: []
INFO:R0: --------------------------
INFO:R0@tkref=1.3333: Time to solve stand alone optimization problem: 0.0477991104126
INFO:R0@tkref=1.3333: N of unsatisfied eq: 3
INFO:R0@tkref=1.3333: N of unsatisfied ieq: 7
INFO:R0@tkref=1.3333: Summary: Optimization terminated successfully. after 2 it.
DEBUG:R0@tkref=1.3333: $$$$$$$$ CONFLICT LIST $$$$$$$$: []
INFO:R0: --------------------------
INFO:R0@tkref=2.6667: Time to solve stand alone optimization problem: 0.0243639945984
INFO:R0@tkref=2.6667: N of unsatisfied eq: 3
INFO:R0@tkref=2.6667: N of unsatisfied ieq: 6
INFO:R0@tkref=2.6667: Summary: Optimization terminated successfully. after 1 it.
DEBUG:R0@tkref=2.6667: $$$$$$$$ CONFLICT LIST $$$$$$$$: []
INFO:R0: --------------------------
INFO:R0@tkref=4.0000: Time to solve stand alone optimization problem: 0.0246670246124
INFO:R0@tkref=4.0000: N of unsatisfied eq: 3
INFO:R0@tkref=4.0000: N of unsatisfied ieq: 5
INFO:R0@tkref=4.0000: Summary: Optimization terminated successfully. after 1 it.
DEBUG:R0@tkref=4.0000: $$$$$$$$ CONFLICT LIST $$$$$$$$: []
INFO:R0: --------------------------
INFO:R0@tkref=5.3333: Time to solve stand alone optimization problem: 0.0234968662262
INFO:R0@tkref=5.3333: N of unsatisfied eq: 3
INFO:R0@tkref=5.3333: N of unsatisfied ieq: 5
INFO:R0@tkref=5.3333: Summary: Optimization terminated successfully. after 1 it.
DEBUG:R0@tkref=5.3333: $$$$$$$$ CONFLICT LIST $$$$$$$$: []
INFO:R0: --------------------------
DEBUG:R0: LAST STEP
DEBUG:R0: Approx remaining dist: 0.509385403541
DEBUG:R0: Usual approx plan dist: 4.0
DEBUG:R0: Approx gain in dist: 3.49061459646
DEBUG:R0: Last step min dist: 0.5
INFO:R0: scale 0.127346350885 Ns 7 Nk 3
INFO:R0@tkref=6.6667: Time to solve stand alone optimization problem: 0.369314908981
INFO:R0@tkref=6.6667: N of unsatisfied eq: 10
INFO:R0@tkref=6.6667: N of unsatisfied ieq: 4
INFO:R0@tkref=6.6667: Summary: Iteration limit exceeded after 26 it.
DEBUG:R0@tkref=6.6667: $$$$$$$$ CONFLICT LIST $$$$$$$$: []
INFO:R0: Finished motion planning
INFO:R0: --------------------------
INFO:R0: TOT: 7.23911713145
INFO:R0: NSE: 6
INFO:R0: FIR: 0.976803064346
INFO:R0: LAS: 0.370058059692
INFO:R0: LMA: 1
INFO:R0: MAX: 0.0484719276428
INFO:R0: MIN: 0.0241479873657
INFO:R0: AVG: 0.0307369828224
INFO:R0: RMP: 0.0363539457321
INFO:R0: RMG: 0.277543544769
