DEBUG:R0: Using Tc_p = 3.26666666667
DEBUG:R0: Using Tc_d = 3.26666666667
INFO:R0: Init motion planning
INFO:R0@tkref=0.0000: Time to solve stand alone optimization problem: 1.4688770771
INFO:R0@tkref=0.0000: N of unsatisfied eq: 5
INFO:R0@tkref=0.0000: N of unsatisfied ieq: 6
INFO:R0@tkref=0.0000: Summary: Iteration limit exceeded after 41 it.
DEBUG:R0@tkref=0.0000: $$$$$$$$ CONFLICT LIST $$$$$$$$: []
INFO:R0: --------------------------
INFO:R0@tkref=3.2667: Time to solve stand alone optimization problem: 0.39191699028
INFO:R0@tkref=3.2667: N of unsatisfied eq: 3
INFO:R0@tkref=3.2667: N of unsatisfied ieq: 4
INFO:R0@tkref=3.2667: Summary: Optimization terminated successfully. after 10 it.
DEBUG:R0@tkref=3.2667: $$$$$$$$ CONFLICT LIST $$$$$$$$: []
INFO:R0: --------------------------
DEBUG:R0: LAST STEP
DEBUG:R0: Approx remaining dist: 1.11866900983
DEBUG:R0: Usual approx plan dist: 4.9
DEBUG:R0: Approx gain in dist: 3.78133099017
DEBUG:R0: Last step min dist: 0.5
INFO:R0: scale 0.228299797925 Ns 7 Nk 3
INFO:R0@tkref=6.5333: Time to solve stand alone optimization problem: 0.564877986908
INFO:R0@tkref=6.5333: N of unsatisfied eq: 10
INFO:R0@tkref=6.5333: N of unsatisfied ieq: 4
INFO:R0@tkref=6.5333: Summary: Iteration limit exceeded after 26 it.
DEBUG:R0@tkref=6.5333: $$$$$$$$ CONFLICT LIST $$$$$$$$: []
INFO:R0: Finished motion planning
INFO:R0: --------------------------
INFO:R0: TOT: 7.78484773265
INFO:R0: NSE: 3
INFO:R0: FIR: 1.47062492371
INFO:R0: LAS: 0.56578707695
INFO:R0: LMA: 1
INFO:R0: MAX: 0.392791986465
INFO:R0: MIN: 0.392791986465
INFO:R0: AVG: 0.392791986465
INFO:R0: RMP: 0.120242444836
INFO:R0: RMG: 0.173200125597
