DEBUG:R0: Using Tc_p = 0.733333333333
DEBUG:R0: Using Tc_d = 0.733333333333
INFO:R0: Init motion planning
INFO:R0@tkref=0.0000: Time to solve stand alone optimization problem: 1.41462111473
INFO:R0@tkref=0.0000: N of unsatisfied eq: 4
INFO:R0@tkref=0.0000: N of unsatisfied ieq: 5
INFO:R0@tkref=0.0000: Summary: Iteration limit exceeded after 41 it.
DEBUG:R0@tkref=0.0000: $$$$$$$$ CONFLICT LIST $$$$$$$$: []
INFO:R0: --------------------------
INFO:R0@tkref=0.7333: Time to solve stand alone optimization problem: 0.265554189682
INFO:R0@tkref=0.7333: N of unsatisfied eq: 2
INFO:R0@tkref=0.7333: N of unsatisfied ieq: 7
INFO:R0@tkref=0.7333: Summary: Optimization terminated successfully. after 8 it.
DEBUG:R0@tkref=0.7333: $$$$$$$$ CONFLICT LIST $$$$$$$$: []
INFO:R0: --------------------------
INFO:R0@tkref=1.4667: Time to solve stand alone optimization problem: 0.204282999039
INFO:R0@tkref=1.4667: N of unsatisfied eq: 2
INFO:R0@tkref=1.4667: N of unsatisfied ieq: 6
INFO:R0@tkref=1.4667: Summary: Optimization terminated successfully. after 5 it.
DEBUG:R0@tkref=1.4667: $$$$$$$$ CONFLICT LIST $$$$$$$$: []
INFO:R0: --------------------------
INFO:R0@tkref=2.2000: Time to solve stand alone optimization problem: 0.325986862183
INFO:R0@tkref=2.2000: N of unsatisfied eq: 3
INFO:R0@tkref=2.2000: N of unsatisfied ieq: 6
INFO:R0@tkref=2.2000: Summary: Optimization terminated successfully. after 8 it.
DEBUG:R0@tkref=2.2000: $$$$$$$$ CONFLICT LIST $$$$$$$$: []
INFO:R0: --------------------------
INFO:R0@tkref=2.9333: Time to solve stand alone optimization problem: 0.310725927353
INFO:R0@tkref=2.9333: N of unsatisfied eq: 2
INFO:R0@tkref=2.9333: N of unsatisfied ieq: 8
INFO:R0@tkref=2.9333: Summary: Optimization terminated successfully. after 8 it.
DEBUG:R0@tkref=2.9333: $$$$$$$$ CONFLICT LIST $$$$$$$$: []
INFO:R0: --------------------------
INFO:R0@tkref=3.6667: Time to solve stand alone optimization problem: 0.231002092361
INFO:R0@tkref=3.6667: N of unsatisfied eq: 2
INFO:R0@tkref=3.6667: N of unsatisfied ieq: 6
INFO:R0@tkref=3.6667: Summary: Optimization terminated successfully. after 6 it.
DEBUG:R0@tkref=3.6667: $$$$$$$$ CONFLICT LIST $$$$$$$$: []
INFO:R0: --------------------------
INFO:R0@tkref=4.4000: Time to solve stand alone optimization problem: 0.310331106186
INFO:R0@tkref=4.4000: N of unsatisfied eq: 3
INFO:R0@tkref=4.4000: N of unsatisfied ieq: 7
INFO:R0@tkref=4.4000: Summary: Optimization terminated successfully. after 8 it.
DEBUG:R0@tkref=4.4000: $$$$$$$$ CONFLICT LIST $$$$$$$$: []
INFO:R0: --------------------------
INFO:R0@tkref=5.1333: Time to solve stand alone optimization problem: 0.111081123352
INFO:R0@tkref=5.1333: N of unsatisfied eq: 3
INFO:R0@tkref=5.1333: N of unsatisfied ieq: 6
INFO:R0@tkref=5.1333: Summary: Optimization terminated successfully. after 3 it.
DEBUG:R0@tkref=5.1333: $$$$$$$$ CONFLICT LIST $$$$$$$$: []
INFO:R0: --------------------------
INFO:R0@tkref=5.8667: Time to solve stand alone optimization problem: 0.0755870342255
INFO:R0@tkref=5.8667: N of unsatisfied eq: 3
INFO:R0@tkref=5.8667: N of unsatisfied ieq: 6
INFO:R0@tkref=5.8667: Summary: Optimization terminated successfully. after 2 it.
DEBUG:R0@tkref=5.8667: $$$$$$$$ CONFLICT LIST $$$$$$$$: []
INFO:R0: --------------------------
DEBUG:R0: LAST STEP
DEBUG:R0: Approx remaining dist: 0.771864202066
DEBUG:R0: Usual approx plan dist: 3.3
DEBUG:R0: Approx gain in dist: 2.52813579793
DEBUG:R0: Last step min dist: 0.5
INFO:R0: scale 0.23389824305 Ns 7 Nk 3
INFO:R0@tkref=6.6000: Time to solve stand alone optimization problem: 0.523320913315
INFO:R0@tkref=6.6000: N of unsatisfied eq: 10
INFO:R0@tkref=6.6000: N of unsatisfied ieq: 4
INFO:R0@tkref=6.6000: Summary: Iteration limit exceeded after 26 it.
DEBUG:R0@tkref=6.6000: $$$$$$$$ CONFLICT LIST $$$$$$$$: []
INFO:R0: Finished motion planning
INFO:R0: --------------------------
INFO:R0: TOT: 7.46553071003
INFO:R0: NSE: 10
INFO:R0: FIR: 1.41591119766
INFO:R0: LAS: 0.524209022522
INFO:R0: LMA: 1
INFO:R0: MAX: 0.326852083206
INFO:R0: MIN: 0.0764050483704
INFO:R0: AVG: 0.230160325766
INFO:R0: RMP: 0.44570738619
INFO:R0: RMG: 0.714830485257
