DEBUG:R0: Using Tc_p = 0.288888888889
DEBUG:R0: Using Tc_d = 0.288888888889
INFO:R0: Init motion planning
INFO:R0@tkref=0.0000: Time to solve stand alone optimization problem: 0.988554000854
INFO:R0@tkref=0.0000: N of unsatisfied eq: 5
INFO:R0@tkref=0.0000: N of unsatisfied ieq: 6
INFO:R0@tkref=0.0000: Summary: Iteration limit exceeded after 41 it.
DEBUG:R0@tkref=0.0000: $$$$$$$$ CONFLICT LIST $$$$$$$$: []
INFO:R0: --------------------------
INFO:R0@tkref=0.2889: Time to solve stand alone optimization problem: 0.0253188610077
INFO:R0@tkref=0.2889: N of unsatisfied eq: 3
INFO:R0@tkref=0.2889: N of unsatisfied ieq: 4
INFO:R0@tkref=0.2889: Summary: Optimization terminated successfully. after 1 it.
DEBUG:R0@tkref=0.2889: $$$$$$$$ CONFLICT LIST $$$$$$$$: []
INFO:R0: --------------------------
INFO:R0@tkref=0.5778: Time to solve stand alone optimization problem: 0.147356033325
INFO:R0@tkref=0.5778: N of unsatisfied eq: 3
INFO:R0@tkref=0.5778: N of unsatisfied ieq: 8
INFO:R0@tkref=0.5778: Summary: Optimization terminated successfully. after 6 it.
DEBUG:R0@tkref=0.5778: $$$$$$$$ CONFLICT LIST $$$$$$$$: []
INFO:R0: --------------------------
INFO:R0@tkref=0.8667: Time to solve stand alone optimization problem: 0.14601111412
INFO:R0@tkref=0.8667: N of unsatisfied eq: 3
INFO:R0@tkref=0.8667: N of unsatisfied ieq: 8
INFO:R0@tkref=0.8667: Summary: Optimization terminated successfully. after 6 it.
DEBUG:R0@tkref=0.8667: $$$$$$$$ CONFLICT LIST $$$$$$$$: []
INFO:R0: --------------------------
INFO:R0@tkref=1.1556: Time to solve stand alone optimization problem: 0.144691944122
INFO:R0@tkref=1.1556: N of unsatisfied eq: 3
INFO:R0@tkref=1.1556: N of unsatisfied ieq: 8
INFO:R0@tkref=1.1556: Summary: Optimization terminated successfully. after 6 it.
DEBUG:R0@tkref=1.1556: $$$$$$$$ CONFLICT LIST $$$$$$$$: []
INFO:R0: --------------------------
INFO:R0@tkref=1.4444: Time to solve stand alone optimization problem: 0.144902229309
INFO:R0@tkref=1.4444: N of unsatisfied eq: 3
INFO:R0@tkref=1.4444: N of unsatisfied ieq: 8
INFO:R0@tkref=1.4444: Summary: Optimization terminated successfully. after 6 it.
DEBUG:R0@tkref=1.4444: $$$$$$$$ CONFLICT LIST $$$$$$$$: []
INFO:R0: --------------------------
INFO:R0@tkref=1.7333: Time to solve stand alone optimization problem: 0.146201848984
INFO:R0@tkref=1.7333: N of unsatisfied eq: 3
INFO:R0@tkref=1.7333: N of unsatisfied ieq: 8
INFO:R0@tkref=1.7333: Summary: Optimization terminated successfully. after 6 it.
DEBUG:R0@tkref=1.7333: $$$$$$$$ CONFLICT LIST $$$$$$$$: []
INFO:R0: --------------------------
INFO:R0@tkref=2.0222: Time to solve stand alone optimization problem: 0.149107933044
INFO:R0@tkref=2.0222: N of unsatisfied eq: 3
INFO:R0@tkref=2.0222: N of unsatisfied ieq: 8
INFO:R0@tkref=2.0222: Summary: Optimization terminated successfully. after 6 it.
DEBUG:R0@tkref=2.0222: $$$$$$$$ CONFLICT LIST $$$$$$$$: []
INFO:R0: --------------------------
INFO:R0@tkref=2.3111: Time to solve stand alone optimization problem: 0.144705057144
INFO:R0@tkref=2.3111: N of unsatisfied eq: 3
INFO:R0@tkref=2.3111: N of unsatisfied ieq: 8
INFO:R0@tkref=2.3111: Summary: Optimization terminated successfully. after 6 it.
DEBUG:R0@tkref=2.3111: $$$$$$$$ CONFLICT LIST $$$$$$$$: []
INFO:R0: --------------------------
INFO:R0@tkref=2.6000: Time to solve stand alone optimization problem: 0.0979599952698
INFO:R0@tkref=2.6000: N of unsatisfied eq: 5
INFO:R0@tkref=2.6000: N of unsatisfied ieq: 9
INFO:R0@tkref=2.6000: Summary: Optimization terminated successfully. after 4 it.
DEBUG:R0@tkref=2.6000: $$$$$$$$ CONFLICT LIST $$$$$$$$: []
INFO:R0: --------------------------
INFO:R0@tkref=2.8889: Time to solve stand alone optimization problem: 0.074138879776
INFO:R0@tkref=2.8889: N of unsatisfied eq: 5
INFO:R0@tkref=2.8889: N of unsatisfied ieq: 9
INFO:R0@tkref=2.8889: Summary: Optimization terminated successfully. after 3 it.
DEBUG:R0@tkref=2.8889: $$$$$$$$ CONFLICT LIST $$$$$$$$: []
INFO:R0: --------------------------
INFO:R0@tkref=3.1778: Time to solve stand alone optimization problem: 0.0263278484344
INFO:R0@tkref=3.1778: N of unsatisfied eq: 4
INFO:R0@tkref=3.1778: N of unsatisfied ieq: 6
INFO:R0@tkref=3.1778: Summary: Optimization terminated successfully. after 1 it.
DEBUG:R0@tkref=3.1778: $$$$$$$$ CONFLICT LIST $$$$$$$$: []
INFO:R0: --------------------------
INFO:R0@tkref=3.4667: Time to solve stand alone optimization problem: 0.0241141319275
INFO:R0@tkref=3.4667: N of unsatisfied eq: 4
INFO:R0@tkref=3.4667: N of unsatisfied ieq: 5
INFO:R0@tkref=3.4667: Summary: Optimization terminated successfully. after 1 it.
DEBUG:R0@tkref=3.4667: $$$$$$$$ CONFLICT LIST $$$$$$$$: []
INFO:R0: --------------------------
INFO:R0@tkref=3.7556: Time to solve stand alone optimization problem: 0.0248930454254
INFO:R0@tkref=3.7556: N of unsatisfied eq: 4
INFO:R0@tkref=3.7556: N of unsatisfied ieq: 5
INFO:R0@tkref=3.7556: Summary: Optimization terminated successfully. after 1 it.
DEBUG:R0@tkref=3.7556: $$$$$$$$ CONFLICT LIST $$$$$$$$: []
INFO:R0: --------------------------
INFO:R0@tkref=4.0444: Time to solve stand alone optimization problem: 0.0239279270172
INFO:R0@tkref=4.0444: N of unsatisfied eq: 5
INFO:R0@tkref=4.0444: N of unsatisfied ieq: 5
INFO:R0@tkref=4.0444: Summary: Optimization terminated successfully. after 1 it.
DEBUG:R0@tkref=4.0444: $$$$$$$$ CONFLICT LIST $$$$$$$$: []
INFO:R0: --------------------------
INFO:R0@tkref=4.3333: Time to solve stand alone optimization problem: 0.0243818759918
INFO:R0@tkref=4.3333: N of unsatisfied eq: 4
INFO:R0@tkref=4.3333: N of unsatisfied ieq: 7
INFO:R0@tkref=4.3333: Summary: Optimization terminated successfully. after 1 it.
DEBUG:R0@tkref=4.3333: $$$$$$$$ CONFLICT LIST $$$$$$$$: []
INFO:R0: --------------------------
INFO:R0@tkref=4.6222: Time to solve stand alone optimization problem: 0.0240480899811
INFO:R0@tkref=4.6222: N of unsatisfied eq: 4
INFO:R0@tkref=4.6222: N of unsatisfied ieq: 5
INFO:R0@tkref=4.6222: Summary: Optimization terminated successfully. after 1 it.
DEBUG:R0@tkref=4.6222: $$$$$$$$ CONFLICT LIST $$$$$$$$: []
INFO:R0: --------------------------
INFO:R0@tkref=4.9111: Time to solve stand alone optimization problem: 0.0244591236115
INFO:R0@tkref=4.9111: N of unsatisfied eq: 4
INFO:R0@tkref=4.9111: N of unsatisfied ieq: 5
INFO:R0@tkref=4.9111: Summary: Optimization terminated successfully. after 1 it.
DEBUG:R0@tkref=4.9111: $$$$$$$$ CONFLICT LIST $$$$$$$$: []
INFO:R0: --------------------------
INFO:R0@tkref=5.2000: Time to solve stand alone optimization problem: 0.023668050766
INFO:R0@tkref=5.2000: N of unsatisfied eq: 5
INFO:R0@tkref=5.2000: N of unsatisfied ieq: 5
INFO:R0@tkref=5.2000: Summary: Optimization terminated successfully. after 1 it.
DEBUG:R0@tkref=5.2000: $$$$$$$$ CONFLICT LIST $$$$$$$$: []
INFO:R0: --------------------------
INFO:R0@tkref=5.4889: Time to solve stand alone optimization problem: 0.0241289138794
INFO:R0@tkref=5.4889: N of unsatisfied eq: 4
INFO:R0@tkref=5.4889: N of unsatisfied ieq: 6
INFO:R0@tkref=5.4889: Summary: Optimization terminated successfully. after 1 it.
DEBUG:R0@tkref=5.4889: $$$$$$$$ CONFLICT LIST $$$$$$$$: []
INFO:R0: --------------------------
INFO:R0@tkref=5.7778: Time to solve stand alone optimization problem: 0.0241861343384
INFO:R0@tkref=5.7778: N of unsatisfied eq: 3
INFO:R0@tkref=5.7778: N of unsatisfied ieq: 5
INFO:R0@tkref=5.7778: Summary: Optimization terminated successfully. after 1 it.
DEBUG:R0@tkref=5.7778: $$$$$$$$ CONFLICT LIST $$$$$$$$: []
INFO:R0: --------------------------
INFO:R0@tkref=6.0667: Time to solve stand alone optimization problem: 0.0240800380707
INFO:R0@tkref=6.0667: N of unsatisfied eq: 5
INFO:R0@tkref=6.0667: N of unsatisfied ieq: 6
INFO:R0@tkref=6.0667: Summary: Optimization terminated successfully. after 1 it.
DEBUG:R0@tkref=6.0667: $$$$$$$$ CONFLICT LIST $$$$$$$$: []
INFO:R0: --------------------------
DEBUG:R0: LAST STEP
DEBUG:R0: Approx remaining dist: 0.697869939503
DEBUG:R0: Usual approx plan dist: 1.3
DEBUG:R0: Approx gain in dist: 0.602130060497
DEBUG:R0: Last step min dist: 0.5
INFO:R0: scale 0.536823030387 Ns 7 Nk 3
INFO:R0@tkref=6.3556: Time to solve stand alone optimization problem: 0.37539601326
INFO:R0@tkref=6.3556: N of unsatisfied eq: 10
INFO:R0@tkref=6.3556: N of unsatisfied ieq: 4
INFO:R0@tkref=6.3556: Summary: Iteration limit exceeded after 26 it.
DEBUG:R0@tkref=6.3556: $$$$$$$$ CONFLICT LIST $$$$$$$$: []
INFO:R0: Finished motion planning
INFO:R0: --------------------------
INFO:R0: TOT: 7.13983888751
INFO:R0: NSE: 23
INFO:R0: FIR: 0.990570068359
INFO:R0: LAS: 0.376190185547
INFO:R0: LMA: 1
INFO:R0: MAX: 0.149898052216
INFO:R0: MIN: 0.0243399143219
INFO:R0: AVG: 0.0715990407126
INFO:R0: RMP: 0.518877873054
INFO:R0: RMG: 1.30219679612
