DEBUG:R0: Using Tc_p = 1.70909090909
DEBUG:R0: Using Tc_d = 1.70909090909
INFO:R0: Init motion planning
INFO:R0@tkref=0.0000: Time to solve stand alone optimization problem: 0.939865112305
INFO:R0@tkref=0.0000: N of unsatisfied eq: 5
INFO:R0@tkref=0.0000: N of unsatisfied ieq: 8
INFO:R0@tkref=0.0000: Summary: Iteration limit exceeded after 41 it.
DEBUG:R0@tkref=0.0000: $$$$$$$$ CONFLICT LIST $$$$$$$$: []
INFO:R0: --------------------------
INFO:R0@tkref=1.7091: Time to solve stand alone optimization problem: 0.0451729297638
INFO:R0@tkref=1.7091: N of unsatisfied eq: 3
INFO:R0@tkref=1.7091: N of unsatisfied ieq: 5
INFO:R0@tkref=1.7091: Summary: Optimization terminated successfully. after 2 it.
DEBUG:R0@tkref=1.7091: $$$$$$$$ CONFLICT LIST $$$$$$$$: []
INFO:R0: --------------------------
INFO:R0@tkref=3.4182: Time to solve stand alone optimization problem: 0.0244340896606
INFO:R0@tkref=3.4182: N of unsatisfied eq: 3
INFO:R0@tkref=3.4182: N of unsatisfied ieq: 8
INFO:R0@tkref=3.4182: Summary: Optimization terminated successfully. after 1 it.
DEBUG:R0@tkref=3.4182: $$$$$$$$ CONFLICT LIST $$$$$$$$: []
INFO:R0: --------------------------
INFO:R0@tkref=5.1273: Time to solve stand alone optimization problem: 0.0243499279022
INFO:R0@tkref=5.1273: N of unsatisfied eq: 3
INFO:R0@tkref=5.1273: N of unsatisfied ieq: 5
INFO:R0@tkref=5.1273: Summary: Optimization terminated successfully. after 1 it.
DEBUG:R0@tkref=5.1273: $$$$$$$$ CONFLICT LIST $$$$$$$$: []
INFO:R0: --------------------------
DEBUG:R0: LAST STEP
DEBUG:R0: Approx remaining dist: 0.468823475287
DEBUG:R0: Usual approx plan dist: 4.7
DEBUG:R0: Approx gain in dist: 4.23117652471
DEBUG:R0: Last step min dist: 0.5
INFO:R0: scale 0.099749675593 Ns 7 Nk 3
INFO:R0@tkref=6.8364: Time to solve stand alone optimization problem: 0.358157873154
INFO:R0@tkref=6.8364: N of unsatisfied eq: 10
INFO:R0@tkref=6.8364: N of unsatisfied ieq: 4
INFO:R0@tkref=6.8364: Summary: Iteration limit exceeded after 26 it.
DEBUG:R0@tkref=6.8364: $$$$$$$$ CONFLICT LIST $$$$$$$$: []
INFO:R0: Finished motion planning
INFO:R0: --------------------------
INFO:R0: TOT: 7.36322814969
INFO:R0: NSE: 5
INFO:R0: FIR: 0.941331863403
INFO:R0: LAS: 0.358862161636
INFO:R0: LMA: 1
INFO:R0: MAX: 0.0459349155426
INFO:R0: MIN: 0.0250051021576
INFO:R0: AVG: 0.0320099989573
INFO:R0: RMP: 0.0268768122856
INFO:R0: RMG: 0.209972541383
