DEBUG:R0: Using Tc_p = 0.544444444444
DEBUG:R0: Using Tc_d = 0.544444444444
INFO:R0: Init motion planning
INFO:R0@tkref=0.0000: Time to solve stand alone optimization problem: 2.1959130764
INFO:R0@tkref=0.0000: N of unsatisfied eq: 5
INFO:R0@tkref=0.0000: N of unsatisfied ieq: 9
INFO:R0@tkref=0.0000: Summary: Iteration limit exceeded after 41 it.
DEBUG:R0@tkref=0.0000: $$$$$$$$ CONFLICT LIST $$$$$$$$: []
INFO:R0: --------------------------
INFO:R0@tkref=0.5444: Time to solve stand alone optimization problem: 0.556874036789
INFO:R0@tkref=0.5444: N of unsatisfied eq: 2
INFO:R0@tkref=0.5444: N of unsatisfied ieq: 8
INFO:R0@tkref=0.5444: Summary: Optimization terminated successfully. after 11 it.
DEBUG:R0@tkref=0.5444: $$$$$$$$ CONFLICT LIST $$$$$$$$: []
INFO:R0: --------------------------
INFO:R0@tkref=1.0889: Time to solve stand alone optimization problem: 0.842067956924
INFO:R0@tkref=1.0889: N of unsatisfied eq: 1
INFO:R0@tkref=1.0889: N of unsatisfied ieq: 7
INFO:R0@tkref=1.0889: Summary: Optimization terminated successfully. after 14 it.
DEBUG:R0@tkref=1.0889: $$$$$$$$ CONFLICT LIST $$$$$$$$: []
INFO:R0: --------------------------
INFO:R0@tkref=1.6333: Time to solve stand alone optimization problem: 0.890658855438
INFO:R0@tkref=1.6333: N of unsatisfied eq: 1
INFO:R0@tkref=1.6333: N of unsatisfied ieq: 6
INFO:R0@tkref=1.6333: Summary: Iteration limit exceeded after 16 it.
DEBUG:R0@tkref=1.6333: $$$$$$$$ CONFLICT LIST $$$$$$$$: []
INFO:R0: --------------------------
INFO:R0@tkref=2.1778: Time to solve stand alone optimization problem: 0.864832162857
INFO:R0@tkref=2.1778: N of unsatisfied eq: 1
INFO:R0@tkref=2.1778: N of unsatisfied ieq: 8
INFO:R0@tkref=2.1778: Summary: Optimization terminated successfully. after 15 it.
DEBUG:R0@tkref=2.1778: $$$$$$$$ CONFLICT LIST $$$$$$$$: []
INFO:R0: --------------------------
INFO:R0@tkref=2.7222: Time to solve stand alone optimization problem: 0.946842908859
INFO:R0@tkref=2.7222: N of unsatisfied eq: 2
INFO:R0@tkref=2.7222: N of unsatisfied ieq: 7
INFO:R0@tkref=2.7222: Summary: Optimization terminated successfully. after 14 it.
DEBUG:R0@tkref=2.7222: $$$$$$$$ CONFLICT LIST $$$$$$$$: []
INFO:R0: --------------------------
INFO:R0@tkref=3.2667: Time to solve stand alone optimization problem: 0.226691007614
INFO:R0@tkref=3.2667: N of unsatisfied eq: 3
INFO:R0@tkref=3.2667: N of unsatisfied ieq: 7
INFO:R0@tkref=3.2667: Summary: Optimization terminated successfully. after 4 it.
DEBUG:R0@tkref=3.2667: $$$$$$$$ CONFLICT LIST $$$$$$$$: []
INFO:R0: --------------------------
INFO:R0@tkref=3.8111: Time to solve stand alone optimization problem: 0.668622016907
INFO:R0@tkref=3.8111: N of unsatisfied eq: 3
INFO:R0@tkref=3.8111: N of unsatisfied ieq: 7
INFO:R0@tkref=3.8111: Summary: Optimization terminated successfully. after 12 it.
DEBUG:R0@tkref=3.8111: $$$$$$$$ CONFLICT LIST $$$$$$$$: []
INFO:R0: --------------------------
INFO:R0@tkref=4.3556: Time to solve stand alone optimization problem: 0.394922971725
INFO:R0@tkref=4.3556: N of unsatisfied eq: 3
INFO:R0@tkref=4.3556: N of unsatisfied ieq: 6
INFO:R0@tkref=4.3556: Summary: Optimization terminated successfully. after 7 it.
DEBUG:R0@tkref=4.3556: $$$$$$$$ CONFLICT LIST $$$$$$$$: []
INFO:R0: --------------------------
INFO:R0@tkref=4.9000: Time to solve stand alone optimization problem: 0.90401506424
INFO:R0@tkref=4.9000: N of unsatisfied eq: 2
INFO:R0@tkref=4.9000: N of unsatisfied ieq: 6
INFO:R0@tkref=4.9000: Summary: Iteration limit exceeded after 16 it.
DEBUG:R0@tkref=4.9000: $$$$$$$$ CONFLICT LIST $$$$$$$$: []
INFO:R0: --------------------------
DEBUG:R0: Big problem 2.23487315274e+11
DEBUG:R0: Big problem 2234779516.87
DEBUG:R0: Big problem 22338483.4692
DEBUG:R0: Big problem 3.13579310916e+12
DEBUG:R0: Big problem 31357577255.0
DEBUG:R0: Big problem 313540392.328
DEBUG:R0: Big problem 3131869.34361
INFO:R0@tkref=5.4444: Time to solve stand alone optimization problem: 0.940582990646
INFO:R0@tkref=5.4444: N of unsatisfied eq: 5
INFO:R0@tkref=5.4444: N of unsatisfied ieq: 9
INFO:R0@tkref=5.4444: Summary: Iteration limit exceeded after 16 it.
DEBUG:R0@tkref=5.4444: $$$$$$$$ CONFLICT LIST $$$$$$$$: []
INFO:R0: --------------------------
DEBUG:R0: Big problem 20871651.66
INFO:R0@tkref=5.9889: Time to solve stand alone optimization problem: 0.885828018188
INFO:R0@tkref=5.9889: N of unsatisfied eq: 1
INFO:R0@tkref=5.9889: N of unsatisfied ieq: 8
INFO:R0@tkref=5.9889: Summary: Iteration limit exceeded after 16 it.
DEBUG:R0@tkref=5.9889: $$$$$$$$ CONFLICT LIST $$$$$$$$: []
INFO:R0: --------------------------
INFO:R0@tkref=6.5333: Time to solve stand alone optimization problem: 0.154612064362
INFO:R0@tkref=6.5333: N of unsatisfied eq: 3
INFO:R0@tkref=6.5333: N of unsatisfied ieq: 8
INFO:R0@tkref=6.5333: Summary: Optimization terminated successfully. after 3 it.
DEBUG:R0@tkref=6.5333: $$$$$$$$ CONFLICT LIST $$$$$$$$: []
INFO:R0: --------------------------
INFO:R0@tkref=7.0778: Time to solve stand alone optimization problem: 0.136913061142
INFO:R0@tkref=7.0778: N of unsatisfied eq: 3
INFO:R0@tkref=7.0778: N of unsatisfied ieq: 7
INFO:R0@tkref=7.0778: Summary: Optimization terminated successfully. after 3 it.
DEBUG:R0@tkref=7.0778: $$$$$$$$ CONFLICT LIST $$$$$$$$: []
INFO:R0: --------------------------
INFO:R0@tkref=7.6222: Time to solve stand alone optimization problem: 0.136783838272
INFO:R0@tkref=7.6222: N of unsatisfied eq: 3
INFO:R0@tkref=7.6222: N of unsatisfied ieq: 7
INFO:R0@tkref=7.6222: Summary: Optimization terminated successfully. after 3 it.
DEBUG:R0@tkref=7.6222: $$$$$$$$ CONFLICT LIST $$$$$$$$: []
INFO:R0: --------------------------
DEBUG:R0: LAST STEP
DEBUG:R0: Approx remaining dist: 0.369696486474
DEBUG:R0: Usual approx plan dist: 4.9
DEBUG:R0: Approx gain in dist: 4.53030351353
DEBUG:R0: Last step min dist: 0.5
INFO:R0: scale 0.0754482625458 Ns 7 Nk 3
INFO:R0@tkref=8.1667: Time to solve stand alone optimization problem: 0.555469036102
INFO:R0@tkref=8.1667: N of unsatisfied eq: 10
INFO:R0@tkref=8.1667: N of unsatisfied ieq: 2
INFO:R0@tkref=8.1667: Summary: Iteration limit exceeded after 26 it.
DEBUG:R0@tkref=8.1667: $$$$$$$$ CONFLICT LIST $$$$$$$$: []
INFO:R0: Finished motion planning
INFO:R0: --------------------------
INFO:R0: TOT: 8.70397129924
INFO:R0: NSE: 16
INFO:R0: FIR: 2.19719791412
INFO:R0: LAS: 0.556318044662
INFO:R0: LMA: 0
INFO:R0: MAX: 0.947778940201
INFO:R0: MIN: 0.137609004974
INFO:R0: AVG: 0.611622946603
INFO:R0: RMP: 1.74081846159
INFO:R0: RMG: 1.74081846159
