DEBUG:R0: Using Tc_p = 4.9
DEBUG:R0: Using Tc_d = 4.9
INFO:R0: Init motion planning
INFO:R0@tkref=0.0000: Time to solve stand alone optimization problem: 0.893773794174
INFO:R0@tkref=0.0000: N of unsatisfied eq: 5
INFO:R0@tkref=0.0000: N of unsatisfied ieq: 9
INFO:R0@tkref=0.0000: Summary: Iteration limit exceeded after 41 it.
DEBUG:R0@tkref=0.0000: $$$$$$$$ CONFLICT LIST $$$$$$$$: []
INFO:R0: --------------------------
DEBUG:R0: LAST STEP
DEBUG:R0: Approx remaining dist: 2.42359092871
DEBUG:R0: Usual approx plan dist: 4.9
DEBUG:R0: Approx gain in dist: 2.47640907129
DEBUG:R0: Last step min dist: 0.5
INFO:R0: scale 0.494610393614 Ns 7 Nk 3
INFO:R0@tkref=4.9000: Time to solve stand alone optimization problem: 0.360436916351
INFO:R0@tkref=4.9000: N of unsatisfied eq: 10
INFO:R0@tkref=4.9000: N of unsatisfied ieq: 4
INFO:R0@tkref=4.9000: Summary: Iteration limit exceeded after 26 it.
DEBUG:R0@tkref=4.9000: $$$$$$$$ CONFLICT LIST $$$$$$$$: []
INFO:R0: Finished motion planning
INFO:R0: --------------------------
INFO:R0: TOT: 7.6239914015
INFO:R0: NSE: 2
INFO:R0: FIR: 0.89528799057
INFO:R0: LAS: 0.361173868179
INFO:R0: LMA: 1
INFO:R0: MAX: 0.361173868179
INFO:R0: MIN: 0.361173868179
INFO:R0: AVG: 0.361173868179
INFO:R0: RMP: 0.0737089526897
INFO:R0: RMG: 0.0737089526897
