DEBUG:R0: Using Tc_p = 2.29090909091
DEBUG:R0: Using Tc_d = 2.29090909091
INFO:R0: Init motion planning
INFO:R0@tkref=0.0000: Time to solve stand alone optimization problem: 1.55143594742
INFO:R0@tkref=0.0000: N of unsatisfied eq: 4
INFO:R0@tkref=0.0000: N of unsatisfied ieq: 9
INFO:R0@tkref=0.0000: Summary: Iteration limit exceeded after 41 it.
DEBUG:R0@tkref=0.0000: $$$$$$$$ CONFLICT LIST $$$$$$$$: []
INFO:R0: --------------------------
INFO:R0@tkref=2.2909: Time to solve stand alone optimization problem: 0.427853822708
INFO:R0@tkref=2.2909: N of unsatisfied eq: 2
INFO:R0@tkref=2.2909: N of unsatisfied ieq: 7
INFO:R0@tkref=2.2909: Summary: Optimization terminated successfully. after 10 it.
DEBUG:R0@tkref=2.2909: $$$$$$$$ CONFLICT LIST $$$$$$$$: []
INFO:R0: --------------------------
INFO:R0@tkref=4.5818: Time to solve stand alone optimization problem: 0.132386922836
INFO:R0@tkref=4.5818: N of unsatisfied eq: 3
INFO:R0@tkref=4.5818: N of unsatisfied ieq: 8
INFO:R0@tkref=4.5818: Summary: Optimization terminated successfully. after 3 it.
DEBUG:R0@tkref=4.5818: $$$$$$$$ CONFLICT LIST $$$$$$$$: []
INFO:R0: --------------------------
DEBUG:R0: LAST STEP
DEBUG:R0: Approx remaining dist: 0.703657393629
DEBUG:R0: Usual approx plan dist: 4.2
DEBUG:R0: Approx gain in dist: 3.49634260637
DEBUG:R0: Last step min dist: 0.5
INFO:R0: scale 0.167537474674 Ns 7 Nk 3
INFO:R0@tkref=6.8727: Time to solve stand alone optimization problem: 0.512220859528
INFO:R0@tkref=6.8727: N of unsatisfied eq: 10
INFO:R0@tkref=6.8727: N of unsatisfied ieq: 4
INFO:R0@tkref=6.8727: Summary: Iteration limit exceeded after 26 it.
DEBUG:R0@tkref=6.8727: $$$$$$$$ CONFLICT LIST $$$$$$$$: []
INFO:R0: Finished motion planning
INFO:R0: --------------------------
INFO:R0: TOT: 7.66355418376
INFO:R0: NSE: 4
INFO:R0: FIR: 1.5528857708
INFO:R0: LAS: 0.513073921204
INFO:R0: LMA: 1
INFO:R0: MAX: 0.428689956665
INFO:R0: MIN: 0.133224010468
INFO:R0: AVG: 0.280956983566
INFO:R0: RMP: 0.187126568386
INFO:R0: RMG: 0.223960838621
