DEBUG:R0: Using Tc_p = 1.17
DEBUG:R0: Using Tc_d = 1.17
INFO:R0: Init motion planning
INFO:R0@tkref=0.0000: Time to solve stand alone optimization problem: 1.44187116623
INFO:R0@tkref=0.0000: N of unsatisfied eq: 5
INFO:R0@tkref=0.0000: N of unsatisfied ieq: 9
INFO:R0@tkref=0.0000: Summary: Iteration limit exceeded after 41 it.
DEBUG:R0@tkref=0.0000: $$$$$$$$ CONFLICT LIST $$$$$$$$: []
INFO:R0: --------------------------
INFO:R0@tkref=1.1700: Time to solve stand alone optimization problem: 0.0415589809418
INFO:R0@tkref=1.1700: N of unsatisfied eq: 3
INFO:R0@tkref=1.1700: N of unsatisfied ieq: 5
INFO:R0@tkref=1.1700: Summary: Optimization terminated successfully. after 1 it.
DEBUG:R0@tkref=1.1700: $$$$$$$$ CONFLICT LIST $$$$$$$$: []
INFO:R0: --------------------------
INFO:R0@tkref=2.3400: Time to solve stand alone optimization problem: 0.347681045532
INFO:R0@tkref=2.3400: N of unsatisfied eq: 2
INFO:R0@tkref=2.3400: N of unsatisfied ieq: 7
INFO:R0@tkref=2.3400: Summary: Optimization terminated successfully. after 9 it.
DEBUG:R0@tkref=2.3400: $$$$$$$$ CONFLICT LIST $$$$$$$$: []
INFO:R0: --------------------------
INFO:R0@tkref=3.5100: Time to solve stand alone optimization problem: 0.534226894379
INFO:R0@tkref=3.5100: N of unsatisfied eq: 3
INFO:R0@tkref=3.5100: N of unsatisfied ieq: 5
INFO:R0@tkref=3.5100: Summary: Optimization terminated successfully. after 13 it.
DEBUG:R0@tkref=3.5100: $$$$$$$$ CONFLICT LIST $$$$$$$$: []
INFO:R0: --------------------------
INFO:R0@tkref=4.6800: Time to solve stand alone optimization problem: 0.30916595459
INFO:R0@tkref=4.6800: N of unsatisfied eq: 3
INFO:R0@tkref=4.6800: N of unsatisfied ieq: 6
INFO:R0@tkref=4.6800: Summary: Optimization terminated successfully. after 8 it.
DEBUG:R0@tkref=4.6800: $$$$$$$$ CONFLICT LIST $$$$$$$$: []
INFO:R0: --------------------------
DEBUG:R0: LAST STEP
DEBUG:R0: Approx remaining dist: 1.62318798359
DEBUG:R0: Usual approx plan dist: 1.3
DEBUG:R0: Approx gain in dist: -0.323187983591
DEBUG:R0: Last step min dist: 0.5
INFO:R0: scale 1.0 Ns 11 Nk 5
INFO:R0@tkref=5.8500: Time to solve stand alone optimization problem: 1.03568387032
INFO:R0@tkref=5.8500: N of unsatisfied eq: 10
INFO:R0@tkref=5.8500: N of unsatisfied ieq: 8
INFO:R0@tkref=5.8500: Summary: Iteration limit exceeded after 26 it.
DEBUG:R0@tkref=5.8500: $$$$$$$$ CONFLICT LIST $$$$$$$$: []
INFO:R0: Finished motion planning
INFO:R0: --------------------------
INFO:R0: TOT: 7.58485859499
INFO:R0: NSE: 6
INFO:R0: FIR: 1.4434530735
INFO:R0: LAS: 1.03652405739
INFO:R0: LMA: 1
INFO:R0: MAX: 0.535048007965
INFO:R0: MIN: 0.0423099994659
INFO:R0: AVG: 0.308942258358
INFO:R0: RMP: 0.457305989714
INFO:R0: RMG: 0.885917997768
