DEBUG:R0: Using Tc_p = 0.777777777778
DEBUG:R0: Using Tc_d = 0.777777777778
INFO:R0: Init motion planning
INFO:R0@tkref=0.0000: Time to solve stand alone optimization problem: 1.31781005859
INFO:R0@tkref=0.0000: N of unsatisfied eq: 5
INFO:R0@tkref=0.0000: N of unsatisfied ieq: 7
INFO:R0@tkref=0.0000: Summary: Iteration limit exceeded after 41 it.
DEBUG:R0@tkref=0.0000: $$$$$$$$ CONFLICT LIST $$$$$$$$: []
INFO:R0: --------------------------
INFO:R0@tkref=0.7778: Time to solve stand alone optimization problem: 0.517259836197
INFO:R0@tkref=0.7778: N of unsatisfied eq: 2
INFO:R0@tkref=0.7778: N of unsatisfied ieq: 8
INFO:R0@tkref=0.7778: Summary: Iteration limit exceeded after 16 it.
DEBUG:R0@tkref=0.7778: $$$$$$$$ CONFLICT LIST $$$$$$$$: []
INFO:R0: --------------------------
INFO:R0@tkref=1.5556: Time to solve stand alone optimization problem: 0.288418054581
INFO:R0@tkref=1.5556: N of unsatisfied eq: 2
INFO:R0@tkref=1.5556: N of unsatisfied ieq: 7
INFO:R0@tkref=1.5556: Summary: Optimization terminated successfully. after 8 it.
DEBUG:R0@tkref=1.5556: $$$$$$$$ CONFLICT LIST $$$$$$$$: []
INFO:R0: --------------------------
INFO:R0@tkref=2.3333: Time to solve stand alone optimization problem: 0.357531070709
INFO:R0@tkref=2.3333: N of unsatisfied eq: 3
INFO:R0@tkref=2.3333: N of unsatisfied ieq: 6
INFO:R0@tkref=2.3333: Summary: Optimization terminated successfully. after 10 it.
DEBUG:R0@tkref=2.3333: $$$$$$$$ CONFLICT LIST $$$$$$$$: []
INFO:R0: --------------------------
INFO:R0@tkref=3.1111: Time to solve stand alone optimization problem: 0.284290075302
INFO:R0@tkref=3.1111: N of unsatisfied eq: 2
INFO:R0@tkref=3.1111: N of unsatisfied ieq: 6
INFO:R0@tkref=3.1111: Summary: Optimization terminated successfully. after 8 it.
DEBUG:R0@tkref=3.1111: $$$$$$$$ CONFLICT LIST $$$$$$$$: []
INFO:R0: --------------------------
INFO:R0@tkref=3.8889: Time to solve stand alone optimization problem: 0.217319011688
INFO:R0@tkref=3.8889: N of unsatisfied eq: 2
INFO:R0@tkref=3.8889: N of unsatisfied ieq: 6
INFO:R0@tkref=3.8889: Summary: Optimization terminated successfully. after 6 it.
DEBUG:R0@tkref=3.8889: $$$$$$$$ CONFLICT LIST $$$$$$$$: []
INFO:R0: --------------------------
INFO:R0@tkref=4.6667: Time to solve stand alone optimization problem: 0.143676996231
INFO:R0@tkref=4.6667: N of unsatisfied eq: 3
INFO:R0@tkref=4.6667: N of unsatisfied ieq: 7
INFO:R0@tkref=4.6667: Summary: Optimization terminated successfully. after 4 it.
DEBUG:R0@tkref=4.6667: $$$$$$$$ CONFLICT LIST $$$$$$$$: []
INFO:R0: --------------------------
INFO:R0@tkref=5.4444: Time to solve stand alone optimization problem: 0.123350858688
INFO:R0@tkref=5.4444: N of unsatisfied eq: 3
INFO:R0@tkref=5.4444: N of unsatisfied ieq: 6
INFO:R0@tkref=5.4444: Summary: Optimization terminated successfully. after 3 it.
DEBUG:R0@tkref=5.4444: $$$$$$$$ CONFLICT LIST $$$$$$$$: []
INFO:R0: --------------------------
INFO:R0@tkref=6.2222: Time to solve stand alone optimization problem: 0.0738830566406
INFO:R0@tkref=6.2222: N of unsatisfied eq: 3
INFO:R0@tkref=6.2222: N of unsatisfied ieq: 6
INFO:R0@tkref=6.2222: Summary: Optimization terminated successfully. after 2 it.
DEBUG:R0@tkref=6.2222: $$$$$$$$ CONFLICT LIST $$$$$$$$: []
INFO:R0: --------------------------
DEBUG:R0: LAST STEP
DEBUG:R0: Approx remaining dist: 0.504378429181
DEBUG:R0: Usual approx plan dist: 3.5
DEBUG:R0: Approx gain in dist: 2.99562157082
DEBUG:R0: Last step min dist: 0.5
INFO:R0: scale 0.144108122623 Ns 7 Nk 3
INFO:R0@tkref=7.0000: Time to solve stand alone optimization problem: 0.504272937775
INFO:R0@tkref=7.0000: N of unsatisfied eq: 10
INFO:R0@tkref=7.0000: N of unsatisfied ieq: 4
INFO:R0@tkref=7.0000: Summary: Iteration limit exceeded after 26 it.
DEBUG:R0@tkref=7.0000: $$$$$$$$ CONFLICT LIST $$$$$$$$: []
INFO:R0: Finished motion planning
INFO:R0: --------------------------
INFO:R0: TOT: 7.56506907544
INFO:R0: NSE: 10
INFO:R0: FIR: 1.31910085678
INFO:R0: LAS: 0.505471944809
INFO:R0: LMA: 0
INFO:R0: MAX: 0.518226146698
INFO:R0: MIN: 0.0747361183167
INFO:R0: AVG: 0.251555651426
INFO:R0: RMP: 0.66629076004
INFO:R0: RMG: 0.66629076004
