DEBUG:R0: Using Tc_p = 0.618181818182
DEBUG:R0: Using Tc_d = 0.618181818182
INFO:R0: Init motion planning
INFO:R0@tkref=0.0000: Time to solve stand alone optimization problem: 0.938524007797
INFO:R0@tkref=0.0000: N of unsatisfied eq: 5
INFO:R0@tkref=0.0000: N of unsatisfied ieq: 8
INFO:R0@tkref=0.0000: Summary: Iteration limit exceeded after 41 it.
DEBUG:R0@tkref=0.0000: $$$$$$$$ CONFLICT LIST $$$$$$$$: []
INFO:R0: --------------------------
INFO:R0@tkref=0.6182: Time to solve stand alone optimization problem: 0.0240619182587
INFO:R0@tkref=0.6182: N of unsatisfied eq: 3
INFO:R0@tkref=0.6182: N of unsatisfied ieq: 3
INFO:R0@tkref=0.6182: Summary: Optimization terminated successfully. after 1 it.
DEBUG:R0@tkref=0.6182: $$$$$$$$ CONFLICT LIST $$$$$$$$: []
INFO:R0: --------------------------
INFO:R0@tkref=1.2364: Time to solve stand alone optimization problem: 0.0943021774292
INFO:R0@tkref=1.2364: N of unsatisfied eq: 3
INFO:R0@tkref=1.2364: N of unsatisfied ieq: 7
INFO:R0@tkref=1.2364: Summary: Optimization terminated successfully. after 4 it.
DEBUG:R0@tkref=1.2364: $$$$$$$$ CONFLICT LIST $$$$$$$$: []
INFO:R0: --------------------------
INFO:R0@tkref=1.8545: Time to solve stand alone optimization problem: 0.0470111370087
INFO:R0@tkref=1.8545: N of unsatisfied eq: 3
INFO:R0@tkref=1.8545: N of unsatisfied ieq: 10
INFO:R0@tkref=1.8545: Summary: Optimization terminated successfully. after 2 it.
DEBUG:R0@tkref=1.8545: $$$$$$$$ CONFLICT LIST $$$$$$$$: []
INFO:R0: --------------------------
INFO:R0@tkref=2.4727: Time to solve stand alone optimization problem: 0.0237739086151
INFO:R0@tkref=2.4727: N of unsatisfied eq: 3
INFO:R0@tkref=2.4727: N of unsatisfied ieq: 6
INFO:R0@tkref=2.4727: Summary: Optimization terminated successfully. after 1 it.
DEBUG:R0@tkref=2.4727: $$$$$$$$ CONFLICT LIST $$$$$$$$: []
INFO:R0: --------------------------
INFO:R0@tkref=3.0909: Time to solve stand alone optimization problem: 0.0225169658661
INFO:R0@tkref=3.0909: N of unsatisfied eq: 5
INFO:R0@tkref=3.0909: N of unsatisfied ieq: 8
INFO:R0@tkref=3.0909: Summary: Optimization terminated successfully. after 1 it.
DEBUG:R0@tkref=3.0909: $$$$$$$$ CONFLICT LIST $$$$$$$$: []
INFO:R0: --------------------------
INFO:R0@tkref=3.7091: Time to solve stand alone optimization problem: 0.0227100849152
INFO:R0@tkref=3.7091: N of unsatisfied eq: 3
INFO:R0@tkref=3.7091: N of unsatisfied ieq: 7
INFO:R0@tkref=3.7091: Summary: Optimization terminated successfully. after 1 it.
DEBUG:R0@tkref=3.7091: $$$$$$$$ CONFLICT LIST $$$$$$$$: []
INFO:R0: --------------------------
INFO:R0@tkref=4.3273: Time to solve stand alone optimization problem: 0.0227129459381
INFO:R0@tkref=4.3273: N of unsatisfied eq: 4
INFO:R0@tkref=4.3273: N of unsatisfied ieq: 8
INFO:R0@tkref=4.3273: Summary: Optimization terminated successfully. after 1 it.
DEBUG:R0@tkref=4.3273: $$$$$$$$ CONFLICT LIST $$$$$$$$: []
INFO:R0: --------------------------
INFO:R0@tkref=4.9455: Time to solve stand alone optimization problem: 0.0229570865631
INFO:R0@tkref=4.9455: N of unsatisfied eq: 4
INFO:R0@tkref=4.9455: N of unsatisfied ieq: 8
INFO:R0@tkref=4.9455: Summary: Optimization terminated successfully. after 1 it.
DEBUG:R0@tkref=4.9455: $$$$$$$$ CONFLICT LIST $$$$$$$$: []
INFO:R0: --------------------------
INFO:R0@tkref=5.5636: Time to solve stand alone optimization problem: 0.0229971408844
INFO:R0@tkref=5.5636: N of unsatisfied eq: 3
INFO:R0@tkref=5.5636: N of unsatisfied ieq: 7
INFO:R0@tkref=5.5636: Summary: Optimization terminated successfully. after 1 it.
DEBUG:R0@tkref=5.5636: $$$$$$$$ CONFLICT LIST $$$$$$$$: []
INFO:R0: --------------------------
DEBUG:R0: LAST STEP
DEBUG:R0: Approx remaining dist: 1.03972590282
DEBUG:R0: Usual approx plan dist: 3.4
DEBUG:R0: Approx gain in dist: 2.36027409718
DEBUG:R0: Last step min dist: 0.5
INFO:R0: scale 0.305801736125 Ns 7 Nk 3
INFO:R0@tkref=6.1818: Time to solve stand alone optimization problem: 0.35614991188
INFO:R0@tkref=6.1818: N of unsatisfied eq: 10
INFO:R0@tkref=6.1818: N of unsatisfied ieq: 4
INFO:R0@tkref=6.1818: Summary: Iteration limit exceeded after 26 it.
DEBUG:R0@tkref=6.1818: $$$$$$$$ CONFLICT LIST $$$$$$$$: []
INFO:R0: Finished motion planning
INFO:R0: --------------------------
INFO:R0: TOT: 7.35031717486
INFO:R0: NSE: 11
INFO:R0: FIR: 0.939697027206
INFO:R0: LAS: 0.356881141663
INFO:R0: LMA: 1
INFO:R0: MAX: 0.0949461460114
INFO:R0: MIN: 0.0231711864471
INFO:R0: AVG: 0.0343192418416
INFO:R0: RMP: 0.153589353842
INFO:R0: RMG: 0.57730772916
