DEBUG:R0: Using Tc_p = 1.38181818182
DEBUG:R0: Using Tc_d = 1.38181818182
INFO:R0: Init motion planning
INFO:R0@tkref=0.0000: Time to solve stand alone optimization problem: 1.48668384552
INFO:R0@tkref=0.0000: N of unsatisfied eq: 4
INFO:R0@tkref=0.0000: N of unsatisfied ieq: 9
INFO:R0@tkref=0.0000: Summary: Iteration limit exceeded after 41 it.
DEBUG:R0@tkref=0.0000: $$$$$$$$ CONFLICT LIST $$$$$$$$: []
INFO:R0: --------------------------
INFO:R0@tkref=1.3818: Time to solve stand alone optimization problem: 0.285551071167
INFO:R0@tkref=1.3818: N of unsatisfied eq: 1
INFO:R0@tkref=1.3818: N of unsatisfied ieq: 6
INFO:R0@tkref=1.3818: Summary: Optimization terminated successfully. after 7 it.
DEBUG:R0@tkref=1.3818: $$$$$$$$ CONFLICT LIST $$$$$$$$: []
INFO:R0: --------------------------
INFO:R0@tkref=2.7636: Time to solve stand alone optimization problem: 0.255394220352
INFO:R0@tkref=2.7636: N of unsatisfied eq: 3
INFO:R0@tkref=2.7636: N of unsatisfied ieq: 6
INFO:R0@tkref=2.7636: Summary: Optimization terminated successfully. after 6 it.
DEBUG:R0@tkref=2.7636: $$$$$$$$ CONFLICT LIST $$$$$$$$: []
INFO:R0: --------------------------
INFO:R0@tkref=4.1455: Time to solve stand alone optimization problem: 0.242816925049
INFO:R0@tkref=4.1455: N of unsatisfied eq: 3
INFO:R0@tkref=4.1455: N of unsatisfied ieq: 7
INFO:R0@tkref=4.1455: Summary: Optimization terminated successfully. after 6 it.
DEBUG:R0@tkref=4.1455: $$$$$$$$ CONFLICT LIST $$$$$$$$: []
INFO:R0: --------------------------
INFO:R0@tkref=5.5273: Time to solve stand alone optimization problem: 0.124473810196
INFO:R0@tkref=5.5273: N of unsatisfied eq: 3
INFO:R0@tkref=5.5273: N of unsatisfied ieq: 6
INFO:R0@tkref=5.5273: Summary: Optimization terminated successfully. after 3 it.
DEBUG:R0@tkref=5.5273: $$$$$$$$ CONFLICT LIST $$$$$$$$: []
INFO:R0: --------------------------
DEBUG:R0: LAST STEP
DEBUG:R0: Approx remaining dist: 0.63534804697
DEBUG:R0: Usual approx plan dist: 3.8
DEBUG:R0: Approx gain in dist: 3.16465195303
DEBUG:R0: Last step min dist: 0.5
INFO:R0: scale 0.167196854466 Ns 7 Nk 3
INFO:R0@tkref=6.9091: Time to solve stand alone optimization problem: 0.487310886383
INFO:R0@tkref=6.9091: N of unsatisfied eq: 10
INFO:R0@tkref=6.9091: N of unsatisfied ieq: 4
INFO:R0@tkref=6.9091: Summary: Iteration limit exceeded after 26 it.
DEBUG:R0@tkref=6.9091: $$$$$$$$ CONFLICT LIST $$$$$$$$: []
INFO:R0: Finished motion planning
INFO:R0: --------------------------
INFO:R0: TOT: 7.61924621152
INFO:R0: NSE: 6
INFO:R0: FIR: 1.48797702789
INFO:R0: LAS: 0.488656044006
INFO:R0: LMA: 1
INFO:R0: MAX: 0.286358118057
INFO:R0: MIN: 0.12526011467
INFO:R0: AVG: 0.227885305882
INFO:R0: RMP: 0.207232848594
INFO:R0: RMG: 0.353632663426
