DEBUG:R0: Using Tc_p = 1.41818181818
DEBUG:R0: Using Tc_d = 1.41818181818
INFO:R0: Init motion planning
INFO:R0@tkref=0.0000: Time to solve stand alone optimization problem: 1.52034306526
INFO:R0@tkref=0.0000: N of unsatisfied eq: 5
INFO:R0@tkref=0.0000: N of unsatisfied ieq: 8
INFO:R0@tkref=0.0000: Summary: Iteration limit exceeded after 41 it.
DEBUG:R0@tkref=0.0000: $$$$$$$$ CONFLICT LIST $$$$$$$$: []
INFO:R0: --------------------------
INFO:R0@tkref=1.4182: Time to solve stand alone optimization problem: 0.375804901123
INFO:R0@tkref=1.4182: N of unsatisfied eq: 2
INFO:R0@tkref=1.4182: N of unsatisfied ieq: 7
INFO:R0@tkref=1.4182: Summary: Optimization terminated successfully. after 9 it.
DEBUG:R0@tkref=1.4182: $$$$$$$$ CONFLICT LIST $$$$$$$$: []
INFO:R0: --------------------------
INFO:R0@tkref=2.8364: Time to solve stand alone optimization problem: 0.290311098099
INFO:R0@tkref=2.8364: N of unsatisfied eq: 1
INFO:R0@tkref=2.8364: N of unsatisfied ieq: 6
INFO:R0@tkref=2.8364: Summary: Optimization terminated successfully. after 7 it.
DEBUG:R0@tkref=2.8364: $$$$$$$$ CONFLICT LIST $$$$$$$$: []
INFO:R0: --------------------------
INFO:R0@tkref=4.2545: Time to solve stand alone optimization problem: 0.209082126617
INFO:R0@tkref=4.2545: N of unsatisfied eq: 3
INFO:R0@tkref=4.2545: N of unsatisfied ieq: 7
INFO:R0@tkref=4.2545: Summary: Optimization terminated successfully. after 5 it.
DEBUG:R0@tkref=4.2545: $$$$$$$$ CONFLICT LIST $$$$$$$$: []
INFO:R0: --------------------------
DEBUG:R0: LAST STEP
DEBUG:R0: Approx remaining dist: 1.97927268635
DEBUG:R0: Usual approx plan dist: 3.9
DEBUG:R0: Approx gain in dist: 1.92072731365
DEBUG:R0: Last step min dist: 0.5
INFO:R0: scale 0.507505817014 Ns 7 Nk 3
INFO:R0@tkref=5.6727: Time to solve stand alone optimization problem: 0.577148914337
INFO:R0@tkref=5.6727: N of unsatisfied eq: 10
INFO:R0@tkref=5.6727: N of unsatisfied ieq: 3
INFO:R0@tkref=5.6727: Summary: Iteration limit exceeded after 26 it.
DEBUG:R0@tkref=5.6727: $$$$$$$$ CONFLICT LIST $$$$$$$$: []
INFO:R0: Finished motion planning
INFO:R0: --------------------------
INFO:R0: TOT: 7.95504207049
INFO:R0: NSE: 5
INFO:R0: FIR: 1.52181220055
INFO:R0: LAS: 0.578418016434
INFO:R0: LMA: 1
INFO:R0: MAX: 0.376627922058
INFO:R0: MIN: 0.211098909378
INFO:R0: AVG: 0.292953252792
INFO:R0: RMP: 0.265570970682
INFO:R0: RMG: 0.407858857742
