DEBUG:R0: Using Tc_p = 1.86363636364
DEBUG:R0: Using Tc_d = 1.86363636364
INFO:R0: Init motion planning
INFO:R0@tkref=0.0000: Time to solve stand alone optimization problem: 1.53142595291
INFO:R0@tkref=0.0000: N of unsatisfied eq: 5
INFO:R0@tkref=0.0000: N of unsatisfied ieq: 9
INFO:R0@tkref=0.0000: Summary: Iteration limit exceeded after 41 it.
DEBUG:R0@tkref=0.0000: $$$$$$$$ CONFLICT LIST $$$$$$$$: []
INFO:R0: --------------------------
INFO:R0@tkref=1.8636: Time to solve stand alone optimization problem: 0.291281938553
INFO:R0@tkref=1.8636: N of unsatisfied eq: 2
INFO:R0@tkref=1.8636: N of unsatisfied ieq: 7
INFO:R0@tkref=1.8636: Summary: Optimization terminated successfully. after 7 it.
DEBUG:R0@tkref=1.8636: $$$$$$$$ CONFLICT LIST $$$$$$$$: []
INFO:R0: --------------------------
INFO:R0@tkref=3.7273: Time to solve stand alone optimization problem: 0.671685934067
INFO:R0@tkref=3.7273: N of unsatisfied eq: 2
INFO:R0@tkref=3.7273: N of unsatisfied ieq: 6
INFO:R0@tkref=3.7273: Summary: Iteration limit exceeded after 16 it.
DEBUG:R0@tkref=3.7273: $$$$$$$$ CONFLICT LIST $$$$$$$$: []
INFO:R0: --------------------------
DEBUG:R0: LAST STEP
DEBUG:R0: Approx remaining dist: 1.99419659983
DEBUG:R0: Usual approx plan dist: 4.1
DEBUG:R0: Approx gain in dist: 2.10580340017
DEBUG:R0: Last step min dist: 0.5
INFO:R0: scale 0.486389414593 Ns 7 Nk 3
INFO:R0@tkref=5.5909: Time to solve stand alone optimization problem: 0.573909044266
INFO:R0@tkref=5.5909: N of unsatisfied eq: 10
INFO:R0@tkref=5.5909: N of unsatisfied ieq: 3
INFO:R0@tkref=5.5909: Summary: Iteration limit exceeded after 26 it.
DEBUG:R0@tkref=5.5909: $$$$$$$$ CONFLICT LIST $$$$$$$$: []
INFO:R0: Finished motion planning
INFO:R0: --------------------------
INFO:R0: TOT: 7.83584702579
INFO:R0: NSE: 4
INFO:R0: FIR: 1.53288292885
INFO:R0: LAS: 0.574741840363
INFO:R0: LMA: 0
INFO:R0: MAX: 0.672492980957
INFO:R0: MIN: 0.292093992233
INFO:R0: AVG: 0.482293486595
INFO:R0: RMP: 0.360849892221
INFO:R0: RMG: 0.360849892221
