DEBUG:R0: Using Tc_p = 0.527272727273
DEBUG:R0: Using Tc_d = 0.527272727273
INFO:R0: Init motion planning
INFO:R0@tkref=0.0000: Time to solve stand alone optimization problem: 1.61727285385
INFO:R0@tkref=0.0000: N of unsatisfied eq: 5
INFO:R0@tkref=0.0000: N of unsatisfied ieq: 8
INFO:R0@tkref=0.0000: Summary: Iteration limit exceeded after 41 it.
DEBUG:R0@tkref=0.0000: $$$$$$$$ CONFLICT LIST $$$$$$$$: []
INFO:R0: --------------------------
INFO:R0@tkref=0.5273: Time to solve stand alone optimization problem: 0.230888128281
INFO:R0@tkref=0.5273: N of unsatisfied eq: 2
INFO:R0@tkref=0.5273: N of unsatisfied ieq: 8
INFO:R0@tkref=0.5273: Summary: Optimization terminated successfully. after 6 it.
DEBUG:R0@tkref=0.5273: $$$$$$$$ CONFLICT LIST $$$$$$$$: []
INFO:R0: --------------------------
INFO:R0@tkref=1.0545: Time to solve stand alone optimization problem: 0.682243108749
INFO:R0@tkref=1.0545: N of unsatisfied eq: 3
INFO:R0@tkref=1.0545: N of unsatisfied ieq: 8
INFO:R0@tkref=1.0545: Summary: Iteration limit exceeded after 16 it.
DEBUG:R0@tkref=1.0545: $$$$$$$$ CONFLICT LIST $$$$$$$$: []
INFO:R0: --------------------------
INFO:R0@tkref=1.5818: Time to solve stand alone optimization problem: 0.47944021225
INFO:R0@tkref=1.5818: N of unsatisfied eq: 2
INFO:R0@tkref=1.5818: N of unsatisfied ieq: 6
INFO:R0@tkref=1.5818: Summary: Optimization terminated successfully. after 11 it.
DEBUG:R0@tkref=1.5818: $$$$$$$$ CONFLICT LIST $$$$$$$$: []
INFO:R0: --------------------------
INFO:R0@tkref=2.1091: Time to solve stand alone optimization problem: 0.295874834061
INFO:R0@tkref=2.1091: N of unsatisfied eq: 2
INFO:R0@tkref=2.1091: N of unsatisfied ieq: 7
INFO:R0@tkref=2.1091: Summary: Optimization terminated successfully. after 7 it.
DEBUG:R0@tkref=2.1091: $$$$$$$$ CONFLICT LIST $$$$$$$$: []
INFO:R0: --------------------------
INFO:R0@tkref=2.6364: Time to solve stand alone optimization problem: 0.25794506073
INFO:R0@tkref=2.6364: N of unsatisfied eq: 3
INFO:R0@tkref=2.6364: N of unsatisfied ieq: 7
INFO:R0@tkref=2.6364: Summary: Optimization terminated successfully. after 6 it.
DEBUG:R0@tkref=2.6364: $$$$$$$$ CONFLICT LIST $$$$$$$$: []
INFO:R0: --------------------------
INFO:R0@tkref=3.1636: Time to solve stand alone optimization problem: 0.301039934158
INFO:R0@tkref=3.1636: N of unsatisfied eq: 3
INFO:R0@tkref=3.1636: N of unsatisfied ieq: 7
INFO:R0@tkref=3.1636: Summary: Optimization terminated successfully. after 7 it.
DEBUG:R0@tkref=3.1636: $$$$$$$$ CONFLICT LIST $$$$$$$$: []
INFO:R0: --------------------------
INFO:R0@tkref=3.6909: Time to solve stand alone optimization problem: 0.299325942993
INFO:R0@tkref=3.6909: N of unsatisfied eq: 2
INFO:R0@tkref=3.6909: N of unsatisfied ieq: 6
INFO:R0@tkref=3.6909: Summary: Optimization terminated successfully. after 7 it.
DEBUG:R0@tkref=3.6909: $$$$$$$$ CONFLICT LIST $$$$$$$$: []
INFO:R0: --------------------------
INFO:R0@tkref=4.2182: Time to solve stand alone optimization problem: 0.21347284317
INFO:R0@tkref=4.2182: N of unsatisfied eq: 3
INFO:R0@tkref=4.2182: N of unsatisfied ieq: 7
INFO:R0@tkref=4.2182: Summary: Optimization terminated successfully. after 5 it.
DEBUG:R0@tkref=4.2182: $$$$$$$$ CONFLICT LIST $$$$$$$$: []
INFO:R0: --------------------------
INFO:R0@tkref=4.7455: Time to solve stand alone optimization problem: 0.136652946472
INFO:R0@tkref=4.7455: N of unsatisfied eq: 3
INFO:R0@tkref=4.7455: N of unsatisfied ieq: 6
INFO:R0@tkref=4.7455: Summary: Optimization terminated successfully. after 3 it.
DEBUG:R0@tkref=4.7455: $$$$$$$$ CONFLICT LIST $$$$$$$$: []
INFO:R0: --------------------------
INFO:R0@tkref=5.2727: Time to solve stand alone optimization problem: 0.0870368480682
INFO:R0@tkref=5.2727: N of unsatisfied eq: 3
INFO:R0@tkref=5.2727: N of unsatisfied ieq: 6
INFO:R0@tkref=5.2727: Summary: Optimization terminated successfully. after 2 it.
DEBUG:R0@tkref=5.2727: $$$$$$$$ CONFLICT LIST $$$$$$$$: []
INFO:R0: --------------------------
INFO:R0@tkref=5.8000: Time to solve stand alone optimization problem: 0.0866708755493
INFO:R0@tkref=5.8000: N of unsatisfied eq: 3
INFO:R0@tkref=5.8000: N of unsatisfied ieq: 5
INFO:R0@tkref=5.8000: Summary: Optimization terminated successfully. after 2 it.
DEBUG:R0@tkref=5.8000: $$$$$$$$ CONFLICT LIST $$$$$$$$: []
INFO:R0: --------------------------
DEBUG:R0: LAST STEP
DEBUG:R0: Approx remaining dist: 1.07528040815
DEBUG:R0: Usual approx plan dist: 2.9
DEBUG:R0: Approx gain in dist: 1.82471959185
DEBUG:R0: Last step min dist: 0.5
INFO:R0: scale 0.370786347638 Ns 7 Nk 3
INFO:R0@tkref=6.3273: Time to solve stand alone optimization problem: 0.521790027618
INFO:R0@tkref=6.3273: N of unsatisfied eq: 10
INFO:R0@tkref=6.3273: N of unsatisfied ieq: 4
INFO:R0@tkref=6.3273: Summary: Iteration limit exceeded after 26 it.
DEBUG:R0@tkref=6.3273: $$$$$$$$ CONFLICT LIST $$$$$$$$: []
INFO:R0: Finished motion planning
INFO:R0: --------------------------
INFO:R0: TOT: 7.53574739563
INFO:R0: NSE: 13
INFO:R0: FIR: 1.61871099472
INFO:R0: LAS: 0.522627830505
INFO:R0: LMA: 0
INFO:R0: MAX: 0.683088779449
INFO:R0: MIN: 0.0874590873718
INFO:R0: AVG: 0.280007275668
INFO:R0: RMP: 1.2955132024
INFO:R0: RMG: 1.2955132024
