DEBUG:R0: Using Tc_p = 1.16666666667
DEBUG:R0: Using Tc_d = 1.16666666667
INFO:R0: Init motion planning
INFO:R0@tkref=0.0000: Time to solve stand alone optimization problem: 0.968648910522
INFO:R0@tkref=0.0000: N of unsatisfied eq: 5
INFO:R0@tkref=0.0000: N of unsatisfied ieq: 6
INFO:R0@tkref=0.0000: Summary: Iteration limit exceeded after 41 it.
DEBUG:R0@tkref=0.0000: $$$$$$$$ CONFLICT LIST $$$$$$$$: []
INFO:R0: --------------------------
INFO:R0@tkref=1.1667: Time to solve stand alone optimization problem: 0.0719819068909
INFO:R0@tkref=1.1667: N of unsatisfied eq: 3
INFO:R0@tkref=1.1667: N of unsatisfied ieq: 7
INFO:R0@tkref=1.1667: Summary: Optimization terminated successfully. after 3 it.
DEBUG:R0@tkref=1.1667: $$$$$$$$ CONFLICT LIST $$$$$$$$: []
INFO:R0: --------------------------
INFO:R0@tkref=2.3333: Time to solve stand alone optimization problem: 0.0242218971252
INFO:R0@tkref=2.3333: N of unsatisfied eq: 3
INFO:R0@tkref=2.3333: N of unsatisfied ieq: 6
INFO:R0@tkref=2.3333: Summary: Optimization terminated successfully. after 1 it.
DEBUG:R0@tkref=2.3333: $$$$$$$$ CONFLICT LIST $$$$$$$$: []
INFO:R0: --------------------------
INFO:R0@tkref=3.5000: Time to solve stand alone optimization problem: 0.0232050418854
INFO:R0@tkref=3.5000: N of unsatisfied eq: 5
INFO:R0@tkref=3.5000: N of unsatisfied ieq: 6
INFO:R0@tkref=3.5000: Summary: Optimization terminated successfully. after 1 it.
DEBUG:R0@tkref=3.5000: $$$$$$$$ CONFLICT LIST $$$$$$$$: []
INFO:R0: --------------------------
INFO:R0@tkref=4.6667: Time to solve stand alone optimization problem: 0.0234777927399
INFO:R0@tkref=4.6667: N of unsatisfied eq: 4
INFO:R0@tkref=4.6667: N of unsatisfied ieq: 5
INFO:R0@tkref=4.6667: Summary: Optimization terminated successfully. after 1 it.
DEBUG:R0@tkref=4.6667: $$$$$$$$ CONFLICT LIST $$$$$$$$: []
INFO:R0: --------------------------
DEBUG:R0: LAST STEP
DEBUG:R0: Approx remaining dist: 1.32091123817
DEBUG:R0: Usual approx plan dist: 3.5
DEBUG:R0: Approx gain in dist: 2.17908876183
DEBUG:R0: Last step min dist: 0.5
INFO:R0: scale 0.377403210907 Ns 7 Nk 3
INFO:R0@tkref=5.8333: Time to solve stand alone optimization problem: 0.366701841354
INFO:R0@tkref=5.8333: N of unsatisfied eq: 10
INFO:R0@tkref=5.8333: N of unsatisfied ieq: 4
INFO:R0@tkref=5.8333: Summary: Iteration limit exceeded after 26 it.
DEBUG:R0@tkref=5.8333: $$$$$$$$ CONFLICT LIST $$$$$$$$: []
INFO:R0: Finished motion planning
INFO:R0: --------------------------
INFO:R0: TOT: 7.31799727548
INFO:R0: NSE: 6
INFO:R0: FIR: 0.969959974289
INFO:R0: LAS: 0.36745095253
INFO:R0: LMA: 1
INFO:R0: MAX: 0.0727097988129
INFO:R0: MIN: 0.0240271091461
INFO:R0: AVG: 0.0364649295807
INFO:R0: RMP: 0.0623226846967
INFO:R0: RMG: 0.314957959311
