DEBUG:R0: Using Tc_p = 0.87
DEBUG:R0: Using Tc_d = 0.87
INFO:R0: Init motion planning
INFO:R0@tkref=0.0000: Time to solve stand alone optimization problem: 0.993114948273
INFO:R0@tkref=0.0000: N of unsatisfied eq: 5
INFO:R0@tkref=0.0000: N of unsatisfied ieq: 6
INFO:R0@tkref=0.0000: Summary: Iteration limit exceeded after 41 it.
DEBUG:R0@tkref=0.0000: $$$$$$$$ CONFLICT LIST $$$$$$$$: []
INFO:R0: --------------------------
INFO:R0@tkref=0.8700: Time to solve stand alone optimization problem: 0.145131111145
INFO:R0@tkref=0.8700: N of unsatisfied eq: 3
INFO:R0@tkref=0.8700: N of unsatisfied ieq: 6
INFO:R0@tkref=0.8700: Summary: Optimization terminated successfully. after 6 it.
DEBUG:R0@tkref=0.8700: $$$$$$$$ CONFLICT LIST $$$$$$$$: []
INFO:R0: --------------------------
INFO:R0@tkref=1.7400: Time to solve stand alone optimization problem: 0.047168970108
INFO:R0@tkref=1.7400: N of unsatisfied eq: 3
INFO:R0@tkref=1.7400: N of unsatisfied ieq: 6
INFO:R0@tkref=1.7400: Summary: Optimization terminated successfully. after 2 it.
DEBUG:R0@tkref=1.7400: $$$$$$$$ CONFLICT LIST $$$$$$$$: []
INFO:R0: --------------------------
INFO:R0@tkref=2.6100: Time to solve stand alone optimization problem: 0.0750200748444
INFO:R0@tkref=2.6100: N of unsatisfied eq: 5
INFO:R0@tkref=2.6100: N of unsatisfied ieq: 7
INFO:R0@tkref=2.6100: Summary: Optimization terminated successfully. after 3 it.
DEBUG:R0@tkref=2.6100: $$$$$$$$ CONFLICT LIST $$$$$$$$: []
INFO:R0: --------------------------
INFO:R0@tkref=3.4800: Time to solve stand alone optimization problem: 0.0239689350128
INFO:R0@tkref=3.4800: N of unsatisfied eq: 4
INFO:R0@tkref=3.4800: N of unsatisfied ieq: 6
INFO:R0@tkref=3.4800: Summary: Optimization terminated successfully. after 1 it.
DEBUG:R0@tkref=3.4800: $$$$$$$$ CONFLICT LIST $$$$$$$$: []
INFO:R0: --------------------------
INFO:R0@tkref=4.3500: Time to solve stand alone optimization problem: 0.0240700244904
INFO:R0@tkref=4.3500: N of unsatisfied eq: 2
INFO:R0@tkref=4.3500: N of unsatisfied ieq: 6
INFO:R0@tkref=4.3500: Summary: Optimization terminated successfully. after 1 it.
DEBUG:R0@tkref=4.3500: $$$$$$$$ CONFLICT LIST $$$$$$$$: []
INFO:R0: --------------------------
INFO:R0@tkref=5.2200: Time to solve stand alone optimization problem: 0.0240309238434
INFO:R0@tkref=5.2200: N of unsatisfied eq: 4
INFO:R0@tkref=5.2200: N of unsatisfied ieq: 6
INFO:R0@tkref=5.2200: Summary: Optimization terminated successfully. after 1 it.
DEBUG:R0@tkref=5.2200: $$$$$$$$ CONFLICT LIST $$$$$$$$: []
INFO:R0: --------------------------
DEBUG:R0: LAST STEP
DEBUG:R0: Approx remaining dist: 1.03689977623
DEBUG:R0: Usual approx plan dist: 2.9
DEBUG:R0: Approx gain in dist: 1.86310022377
DEBUG:R0: Last step min dist: 0.5
INFO:R0: scale 0.357551646975 Ns 7 Nk 3
INFO:R0@tkref=6.0900: Time to solve stand alone optimization problem: 0.357836961746
INFO:R0@tkref=6.0900: N of unsatisfied eq: 10
INFO:R0@tkref=6.0900: N of unsatisfied ieq: 4
INFO:R0@tkref=6.0900: Summary: Iteration limit exceeded after 26 it.
DEBUG:R0@tkref=6.0900: $$$$$$$$ CONFLICT LIST $$$$$$$$: []
INFO:R0: Finished motion planning
INFO:R0: --------------------------
INFO:R0: TOT: 7.25532366671
INFO:R0: NSE: 8
INFO:R0: FIR: 0.994775056839
INFO:R0: LAS: 0.358602046967
INFO:R0: LMA: 1
INFO:R0: MAX: 0.145810127258
INFO:R0: MIN: 0.0246980190277
INFO:R0: AVG: 0.0572431882222
INFO:R0: RMP: 0.167597847423
INFO:R0: RMG: 0.412186260881
