DEBUG:R0: Using Tc_p = 0.43
DEBUG:R0: Using Tc_d = 0.43
INFO:R0: Init motion planning
INFO:R0@tkref=0.0000: Time to solve stand alone optimization problem: 1.54039812088
INFO:R0@tkref=0.0000: N of unsatisfied eq: 5
INFO:R0@tkref=0.0000: N of unsatisfied ieq: 8
INFO:R0@tkref=0.0000: Summary: Iteration limit exceeded after 41 it.
DEBUG:R0@tkref=0.0000: $$$$$$$$ CONFLICT LIST $$$$$$$$: []
INFO:R0: --------------------------
INFO:R0@tkref=0.4300: Time to solve stand alone optimization problem: 0.255125999451
INFO:R0@tkref=0.4300: N of unsatisfied eq: 2
INFO:R0@tkref=0.4300: N of unsatisfied ieq: 9
INFO:R0@tkref=0.4300: Summary: Optimization terminated successfully. after 7 it.
DEBUG:R0@tkref=0.4300: $$$$$$$$ CONFLICT LIST $$$$$$$$: []
INFO:R0: --------------------------
INFO:R0@tkref=0.8600: Time to solve stand alone optimization problem: 0.301379919052
INFO:R0@tkref=0.8600: N of unsatisfied eq: 1
INFO:R0@tkref=0.8600: N of unsatisfied ieq: 8
INFO:R0@tkref=0.8600: Summary: Optimization terminated successfully. after 7 it.
DEBUG:R0@tkref=0.8600: $$$$$$$$ CONFLICT LIST $$$$$$$$: []
INFO:R0: --------------------------
INFO:R0@tkref=1.2900: Time to solve stand alone optimization problem: 0.298948049545
INFO:R0@tkref=1.2900: N of unsatisfied eq: 2
INFO:R0@tkref=1.2900: N of unsatisfied ieq: 9
INFO:R0@tkref=1.2900: Summary: Optimization terminated successfully. after 7 it.
DEBUG:R0@tkref=1.2900: $$$$$$$$ CONFLICT LIST $$$$$$$$: []
INFO:R0: --------------------------
INFO:R0@tkref=1.7200: Time to solve stand alone optimization problem: 0.335599184036
INFO:R0@tkref=1.7200: N of unsatisfied eq: 2
INFO:R0@tkref=1.7200: N of unsatisfied ieq: 7
INFO:R0@tkref=1.7200: Summary: Optimization terminated successfully. after 8 it.
DEBUG:R0@tkref=1.7200: $$$$$$$$ CONFLICT LIST $$$$$$$$: []
INFO:R0: --------------------------
INFO:R0@tkref=2.1500: Time to solve stand alone optimization problem: 0.334925889969
INFO:R0@tkref=2.1500: N of unsatisfied eq: 2
INFO:R0@tkref=2.1500: N of unsatisfied ieq: 7
INFO:R0@tkref=2.1500: Summary: Optimization terminated successfully. after 8 it.
DEBUG:R0@tkref=2.1500: $$$$$$$$ CONFLICT LIST $$$$$$$$: []
INFO:R0: --------------------------
INFO:R0@tkref=2.5800: Time to solve stand alone optimization problem: 0.294970989227
INFO:R0@tkref=2.5800: N of unsatisfied eq: 3
INFO:R0@tkref=2.5800: N of unsatisfied ieq: 7
INFO:R0@tkref=2.5800: Summary: Optimization terminated successfully. after 7 it.
DEBUG:R0@tkref=2.5800: $$$$$$$$ CONFLICT LIST $$$$$$$$: []
INFO:R0: --------------------------
INFO:R0@tkref=3.0100: Time to solve stand alone optimization problem: 0.254884004593
INFO:R0@tkref=3.0100: N of unsatisfied eq: 1
INFO:R0@tkref=3.0100: N of unsatisfied ieq: 6
INFO:R0@tkref=3.0100: Summary: Optimization terminated successfully. after 6 it.
DEBUG:R0@tkref=3.0100: $$$$$$$$ CONFLICT LIST $$$$$$$$: []
INFO:R0: --------------------------
INFO:R0@tkref=3.4400: Time to solve stand alone optimization problem: 0.171364068985
INFO:R0@tkref=3.4400: N of unsatisfied eq: 3
INFO:R0@tkref=3.4400: N of unsatisfied ieq: 7
INFO:R0@tkref=3.4400: Summary: Optimization terminated successfully. after 4 it.
DEBUG:R0@tkref=3.4400: $$$$$$$$ CONFLICT LIST $$$$$$$$: []
INFO:R0: --------------------------
INFO:R0@tkref=3.8700: Time to solve stand alone optimization problem: 0.25550198555
INFO:R0@tkref=3.8700: N of unsatisfied eq: 2
INFO:R0@tkref=3.8700: N of unsatisfied ieq: 8
INFO:R0@tkref=3.8700: Summary: Optimization terminated successfully. after 6 it.
DEBUG:R0@tkref=3.8700: $$$$$$$$ CONFLICT LIST $$$$$$$$: []
INFO:R0: --------------------------
INFO:R0@tkref=4.3000: Time to solve stand alone optimization problem: 0.254930973053
INFO:R0@tkref=4.3000: N of unsatisfied eq: 3
INFO:R0@tkref=4.3000: N of unsatisfied ieq: 8
INFO:R0@tkref=4.3000: Summary: Optimization terminated successfully. after 6 it.
DEBUG:R0@tkref=4.3000: $$$$$$$$ CONFLICT LIST $$$$$$$$: []
INFO:R0: --------------------------
INFO:R0@tkref=4.7300: Time to solve stand alone optimization problem: 0.130004882812
INFO:R0@tkref=4.7300: N of unsatisfied eq: 3
INFO:R0@tkref=4.7300: N of unsatisfied ieq: 7
INFO:R0@tkref=4.7300: Summary: Optimization terminated successfully. after 3 it.
DEBUG:R0@tkref=4.7300: $$$$$$$$ CONFLICT LIST $$$$$$$$: []
INFO:R0: --------------------------
INFO:R0@tkref=5.1600: Time to solve stand alone optimization problem: 0.129274845123
INFO:R0@tkref=5.1600: N of unsatisfied eq: 3
INFO:R0@tkref=5.1600: N of unsatisfied ieq: 7
INFO:R0@tkref=5.1600: Summary: Optimization terminated successfully. after 3 it.
DEBUG:R0@tkref=5.1600: $$$$$$$$ CONFLICT LIST $$$$$$$$: []
INFO:R0: --------------------------
INFO:R0@tkref=5.5900: Time to solve stand alone optimization problem: 0.0874500274658
INFO:R0@tkref=5.5900: N of unsatisfied eq: 3
INFO:R0@tkref=5.5900: N of unsatisfied ieq: 7
INFO:R0@tkref=5.5900: Summary: Optimization terminated successfully. after 2 it.
DEBUG:R0@tkref=5.5900: $$$$$$$$ CONFLICT LIST $$$$$$$$: []
INFO:R0: --------------------------
INFO:R0@tkref=6.0200: Time to solve stand alone optimization problem: 0.045777797699
INFO:R0@tkref=6.0200: N of unsatisfied eq: 3
INFO:R0@tkref=6.0200: N of unsatisfied ieq: 6
INFO:R0@tkref=6.0200: Summary: Optimization terminated successfully. after 1 it.
DEBUG:R0@tkref=6.0200: $$$$$$$$ CONFLICT LIST $$$$$$$$: []
INFO:R0: --------------------------
INFO:R0@tkref=6.4500: Time to solve stand alone optimization problem: 0.0746800899506
INFO:R0@tkref=6.4500: N of unsatisfied eq: 3
INFO:R0@tkref=6.4500: N of unsatisfied ieq: 6
INFO:R0@tkref=6.4500: Summary: Optimization terminated successfully. after 2 it.
DEBUG:R0@tkref=6.4500: $$$$$$$$ CONFLICT LIST $$$$$$$$: []
INFO:R0: --------------------------
DEBUG:R0: LAST STEP
DEBUG:R0: Approx remaining dist: 0.566730523965
DEBUG:R0: Usual approx plan dist: 4.3
DEBUG:R0: Approx gain in dist: 3.73326947604
DEBUG:R0: Last step min dist: 0.5
INFO:R0: scale 0.131797796271 Ns 7 Nk 3
INFO:R0@tkref=6.8800: Time to solve stand alone optimization problem: 0.492630004883
INFO:R0@tkref=6.8800: N of unsatisfied eq: 10
INFO:R0@tkref=6.8800: N of unsatisfied ieq: 4
INFO:R0@tkref=6.8800: Summary: Iteration limit exceeded after 26 it.
DEBUG:R0@tkref=6.8800: $$$$$$$$ CONFLICT LIST $$$$$$$$: []
INFO:R0: Finished motion planning
INFO:R0: --------------------------
INFO:R0: TOT: 7.51478609337
INFO:R0: NSE: 17
INFO:R0: FIR: 1.54192900658
INFO:R0: LAS: 0.493463993073
INFO:R0: LMA: 1
INFO:R0: MAX: 0.336359024048
INFO:R0: MIN: 0.0464959144592
INFO:R0: AVG: 0.215771516164
INFO:R0: RMP: 0.782230288483
INFO:R0: RMG: 1.14759068156
