DEBUG:R0: Using Tc_p = 1.4
DEBUG:R0: Using Tc_d = 1.4
INFO:R0: Init motion planning
INFO:R0@tkref=0.0000: Time to solve stand alone optimization problem: 1.47370696068
INFO:R0@tkref=0.0000: N of unsatisfied eq: 4
INFO:R0@tkref=0.0000: N of unsatisfied ieq: 6
INFO:R0@tkref=0.0000: Summary: Iteration limit exceeded after 41 it.
DEBUG:R0@tkref=0.0000: $$$$$$$$ CONFLICT LIST $$$$$$$$: []
INFO:R0: --------------------------
INFO:R0@tkref=1.4000: Time to solve stand alone optimization problem: 0.042494058609
INFO:R0@tkref=1.4000: N of unsatisfied eq: 3
INFO:R0@tkref=1.4000: N of unsatisfied ieq: 3
INFO:R0@tkref=1.4000: Summary: Optimization terminated successfully. after 1 it.
DEBUG:R0@tkref=1.4000: $$$$$$$$ CONFLICT LIST $$$$$$$$: []
INFO:R0: --------------------------
INFO:R0@tkref=2.8000: Time to solve stand alone optimization problem: 0.602267026901
INFO:R0@tkref=2.8000: N of unsatisfied eq: 2
INFO:R0@tkref=2.8000: N of unsatisfied ieq: 10
INFO:R0@tkref=2.8000: Summary: Iteration limit exceeded after 16 it.
DEBUG:R0@tkref=2.8000: $$$$$$$$ CONFLICT LIST $$$$$$$$: []
INFO:R0: --------------------------
INFO:R0@tkref=4.2000: Time to solve stand alone optimization problem: 0.324196815491
INFO:R0@tkref=4.2000: N of unsatisfied eq: 1
INFO:R0@tkref=4.2000: N of unsatisfied ieq: 9
INFO:R0@tkref=4.2000: Summary: Optimization terminated successfully. after 8 it.
DEBUG:R0@tkref=4.2000: $$$$$$$$ CONFLICT LIST $$$$$$$$: []
INFO:R0: --------------------------
DEBUG:R0: LAST STEP
DEBUG:R0: Approx remaining dist: 1.7529940877
DEBUG:R0: Usual approx plan dist: 1.8
DEBUG:R0: Approx gain in dist: 0.0470059123035
DEBUG:R0: Last step min dist: 0.5
INFO:R0: scale 0.973885604276 Ns 10 Nk 6
INFO:R0@tkref=5.6000: Time to solve stand alone optimization problem: 1.04191422462
INFO:R0@tkref=5.6000: N of unsatisfied eq: 10
INFO:R0@tkref=5.6000: N of unsatisfied ieq: 6
INFO:R0@tkref=5.6000: Summary: Iteration limit exceeded after 26 it.
DEBUG:R0@tkref=5.6000: $$$$$$$$ CONFLICT LIST $$$$$$$$: []
INFO:R0: Finished motion planning
INFO:R0: --------------------------
INFO:R0: TOT: 7.42856399416
INFO:R0: NSE: 5
INFO:R0: FIR: 1.47542595863
INFO:R0: LAS: 1.04327392578
INFO:R0: LMA: 1
INFO:R0: MAX: 0.603079080582
INFO:R0: MIN: 0.0432391166687
INFO:R0: AVG: 0.323805729548
INFO:R0: RMP: 0.430770771844
INFO:R0: RMG: 0.745195661272
