DEBUG:R0: Using Tc_p = 1.1
DEBUG:R0: Using Tc_d = 1.1
INFO:R0: Init motion planning
INFO:R0@tkref=0.0000: Time to solve stand alone optimization problem: 1.61759996414
INFO:R0@tkref=0.0000: N of unsatisfied eq: 5
INFO:R0@tkref=0.0000: N of unsatisfied ieq: 9
INFO:R0@tkref=0.0000: Summary: Iteration limit exceeded after 41 it.
DEBUG:R0@tkref=0.0000: $$$$$$$$ CONFLICT LIST $$$$$$$$: []
INFO:R0: --------------------------
INFO:R0@tkref=1.1000: Time to solve stand alone optimization problem: 0.229117870331
INFO:R0@tkref=1.1000: N of unsatisfied eq: 3
INFO:R0@tkref=1.1000: N of unsatisfied ieq: 7
INFO:R0@tkref=1.1000: Summary: Optimization terminated successfully. after 5 it.
DEBUG:R0@tkref=1.1000: $$$$$$$$ CONFLICT LIST $$$$$$$$: []
INFO:R0: --------------------------
INFO:R0@tkref=2.2000: Time to solve stand alone optimization problem: 0.350728034973
INFO:R0@tkref=2.2000: N of unsatisfied eq: 2
INFO:R0@tkref=2.2000: N of unsatisfied ieq: 8
INFO:R0@tkref=2.2000: Summary: Optimization terminated successfully. after 7 it.
DEBUG:R0@tkref=2.2000: $$$$$$$$ CONFLICT LIST $$$$$$$$: []
INFO:R0: --------------------------
INFO:R0@tkref=3.3000: Time to solve stand alone optimization problem: 0.341672897339
INFO:R0@tkref=3.3000: N of unsatisfied eq: 3
INFO:R0@tkref=3.3000: N of unsatisfied ieq: 7
INFO:R0@tkref=3.3000: Summary: Optimization terminated successfully. after 7 it.
DEBUG:R0@tkref=3.3000: $$$$$$$$ CONFLICT LIST $$$$$$$$: []
INFO:R0: --------------------------
INFO:R0@tkref=4.4000: Time to solve stand alone optimization problem: 0.295741081238
INFO:R0@tkref=4.4000: N of unsatisfied eq: 3
INFO:R0@tkref=4.4000: N of unsatisfied ieq: 6
INFO:R0@tkref=4.4000: Summary: Optimization terminated successfully. after 6 it.
DEBUG:R0@tkref=4.4000: $$$$$$$$ CONFLICT LIST $$$$$$$$: []
INFO:R0: --------------------------
INFO:R0@tkref=5.5000: Time to solve stand alone optimization problem: 0.0932660102844
INFO:R0@tkref=5.5000: N of unsatisfied eq: 3
INFO:R0@tkref=5.5000: N of unsatisfied ieq: 6
INFO:R0@tkref=5.5000: Summary: Optimization terminated successfully. after 2 it.
DEBUG:R0@tkref=5.5000: $$$$$$$$ CONFLICT LIST $$$$$$$$: []
INFO:R0: --------------------------
DEBUG:R0: LAST STEP
DEBUG:R0: Approx remaining dist: 0.785996133976
DEBUG:R0: Usual approx plan dist: 2.2
DEBUG:R0: Approx gain in dist: 1.41400386602
DEBUG:R0: Last step min dist: 0.5
INFO:R0: scale 0.357270969989 Ns 7 Nk 3
INFO:R0@tkref=6.6000: Time to solve stand alone optimization problem: 0.607666015625
INFO:R0@tkref=6.6000: N of unsatisfied eq: 10
INFO:R0@tkref=6.6000: N of unsatisfied ieq: 4
INFO:R0@tkref=6.6000: Summary: Iteration limit exceeded after 26 it.
DEBUG:R0@tkref=6.6000: $$$$$$$$ CONFLICT LIST $$$$$$$$: []
INFO:R0: Finished motion planning
INFO:R0: --------------------------
INFO:R0: TOT: 7.48337022412
INFO:R0: NSE: 7
INFO:R0: FIR: 1.61907100677
INFO:R0: LAS: 0.608495950699
INFO:R0: LMA: 1
INFO:R0: MAX: 0.351744890213
INFO:R0: MIN: 0.0941519737244
INFO:R0: AVG: 0.263067770004
INFO:R0: RMP: 0.319768082012
INFO:R0: RMG: 0.553178136999
