DEBUG:R0: Using Tc_p = 0.727272727273
DEBUG:R0: Using Tc_d = 0.727272727273
INFO:R0: Init motion planning
INFO:R0@tkref=0.0000: Time to solve stand alone optimization problem: 0.980604887009
INFO:R0@tkref=0.0000: N of unsatisfied eq: 4
INFO:R0@tkref=0.0000: N of unsatisfied ieq: 8
INFO:R0@tkref=0.0000: Summary: Iteration limit exceeded after 41 it.
DEBUG:R0@tkref=0.0000: $$$$$$$$ CONFLICT LIST $$$$$$$$: []
INFO:R0: --------------------------
INFO:R0@tkref=0.7273: Time to solve stand alone optimization problem: 0.121412038803
INFO:R0@tkref=0.7273: N of unsatisfied eq: 3
INFO:R0@tkref=0.7273: N of unsatisfied ieq: 6
INFO:R0@tkref=0.7273: Summary: Optimization terminated successfully. after 5 it.
DEBUG:R0@tkref=0.7273: $$$$$$$$ CONFLICT LIST $$$$$$$$: []
INFO:R0: --------------------------
INFO:R0@tkref=1.4545: Time to solve stand alone optimization problem: 0.0492260456085
INFO:R0@tkref=1.4545: N of unsatisfied eq: 3
INFO:R0@tkref=1.4545: N of unsatisfied ieq: 9
INFO:R0@tkref=1.4545: Summary: Optimization terminated successfully. after 2 it.
DEBUG:R0@tkref=1.4545: $$$$$$$$ CONFLICT LIST $$$$$$$$: []
INFO:R0: --------------------------
INFO:R0@tkref=2.1818: Time to solve stand alone optimization problem: 0.0240640640259
INFO:R0@tkref=2.1818: N of unsatisfied eq: 3
INFO:R0@tkref=2.1818: N of unsatisfied ieq: 6
INFO:R0@tkref=2.1818: Summary: Optimization terminated successfully. after 1 it.
DEBUG:R0@tkref=2.1818: $$$$$$$$ CONFLICT LIST $$$$$$$$: []
INFO:R0: --------------------------
INFO:R0@tkref=2.9091: Time to solve stand alone optimization problem: 0.024080991745
INFO:R0@tkref=2.9091: N of unsatisfied eq: 4
INFO:R0@tkref=2.9091: N of unsatisfied ieq: 6
INFO:R0@tkref=2.9091: Summary: Optimization terminated successfully. after 1 it.
DEBUG:R0@tkref=2.9091: $$$$$$$$ CONFLICT LIST $$$$$$$$: []
INFO:R0: --------------------------
INFO:R0@tkref=3.6364: Time to solve stand alone optimization problem: 0.0240709781647
INFO:R0@tkref=3.6364: N of unsatisfied eq: 3
INFO:R0@tkref=3.6364: N of unsatisfied ieq: 7
INFO:R0@tkref=3.6364: Summary: Optimization terminated successfully. after 1 it.
DEBUG:R0@tkref=3.6364: $$$$$$$$ CONFLICT LIST $$$$$$$$: []
INFO:R0: --------------------------
INFO:R0@tkref=4.3636: Time to solve stand alone optimization problem: 0.0235300064087
INFO:R0@tkref=4.3636: N of unsatisfied eq: 5
INFO:R0@tkref=4.3636: N of unsatisfied ieq: 7
INFO:R0@tkref=4.3636: Summary: Optimization terminated successfully. after 1 it.
DEBUG:R0@tkref=4.3636: $$$$$$$$ CONFLICT LIST $$$$$$$$: []
INFO:R0: --------------------------
INFO:R0@tkref=5.0909: Time to solve stand alone optimization problem: 0.0237469673157
INFO:R0@tkref=5.0909: N of unsatisfied eq: 4
INFO:R0@tkref=5.0909: N of unsatisfied ieq: 7
INFO:R0@tkref=5.0909: Summary: Optimization terminated successfully. after 1 it.
DEBUG:R0@tkref=5.0909: $$$$$$$$ CONFLICT LIST $$$$$$$$: []
INFO:R0: --------------------------
INFO:R0@tkref=5.8182: Time to solve stand alone optimization problem: 0.0237519741058
INFO:R0@tkref=5.8182: N of unsatisfied eq: 3
INFO:R0@tkref=5.8182: N of unsatisfied ieq: 6
INFO:R0@tkref=5.8182: Summary: Optimization terminated successfully. after 1 it.
DEBUG:R0@tkref=5.8182: $$$$$$$$ CONFLICT LIST $$$$$$$$: []
INFO:R0: --------------------------
DEBUG:R0: LAST STEP
DEBUG:R0: Approx remaining dist: 0.585339320926
DEBUG:R0: Usual approx plan dist: 2.0
DEBUG:R0: Approx gain in dist: 1.41466067907
DEBUG:R0: Last step min dist: 0.5
INFO:R0: scale 0.292669660463 Ns 7 Nk 3
INFO:R0@tkref=6.5455: Time to solve stand alone optimization problem: 0.370555877686
INFO:R0@tkref=6.5455: N of unsatisfied eq: 10
INFO:R0@tkref=6.5455: N of unsatisfied ieq: 4
INFO:R0@tkref=6.5455: Summary: Iteration limit exceeded after 26 it.
DEBUG:R0@tkref=6.5455: $$$$$$$$ CONFLICT LIST $$$$$$$$: []
INFO:R0: Finished motion planning
INFO:R0: --------------------------
INFO:R0: TOT: 7.20326674686
INFO:R0: NSE: 10
INFO:R0: FIR: 0.981852769852
INFO:R0: LAS: 0.371337175369
INFO:R0: LMA: 1
INFO:R0: MAX: 0.122109889984
INFO:R0: MIN: 0.02423787117
INFO:R0: AVG: 0.0399148762226
INFO:R0: RMP: 0.167901098728
INFO:R0: RMG: 0.510588616133
