DEBUG:R0: Using Tc_p = 2.0
DEBUG:R0: Using Tc_d = 2.0
INFO:R0: Init motion planning
INFO:R0@tkref=0.0000: Time to solve stand alone optimization problem: 0.849277973175
INFO:R0@tkref=0.0000: N of unsatisfied eq: 5
INFO:R0@tkref=0.0000: N of unsatisfied ieq: 5
INFO:R0@tkref=0.0000: Summary: Iteration limit exceeded after 41 it.
DEBUG:R0@tkref=0.0000: $$$$$$$$ CONFLICT LIST $$$$$$$$: []
INFO:R0: --------------------------
INFO:R0@tkref=2.0000: Time to solve stand alone optimization problem: 0.0406827926636
INFO:R0@tkref=2.0000: N of unsatisfied eq: 3
INFO:R0@tkref=2.0000: N of unsatisfied ieq: 6
INFO:R0@tkref=2.0000: Summary: Optimization terminated successfully. after 2 it.
DEBUG:R0@tkref=2.0000: $$$$$$$$ CONFLICT LIST $$$$$$$$: []
INFO:R0: --------------------------
INFO:R0@tkref=4.0000: Time to solve stand alone optimization problem: 0.0215861797333
INFO:R0@tkref=4.0000: N of unsatisfied eq: 3
INFO:R0@tkref=4.0000: N of unsatisfied ieq: 4
INFO:R0@tkref=4.0000: Summary: Optimization terminated successfully. after 1 it.
DEBUG:R0@tkref=4.0000: $$$$$$$$ CONFLICT LIST $$$$$$$$: []
INFO:R0: --------------------------
DEBUG:R0: LAST STEP
DEBUG:R0: Approx remaining dist: 1.29623309489
DEBUG:R0: Usual approx plan dist: 4.5
DEBUG:R0: Approx gain in dist: 3.20376690511
DEBUG:R0: Last step min dist: 0.5
INFO:R0: scale 0.288051798863 Ns 7 Nk 3
INFO:R0@tkref=6.0000: Time to solve stand alone optimization problem: 0.356994152069
INFO:R0@tkref=6.0000: N of unsatisfied eq: 10
INFO:R0@tkref=6.0000: N of unsatisfied ieq: 4
INFO:R0@tkref=6.0000: Summary: Iteration limit exceeded after 26 it.
DEBUG:R0@tkref=6.0000: $$$$$$$$ CONFLICT LIST $$$$$$$$: []
INFO:R0: Finished motion planning
INFO:R0: --------------------------
INFO:R0: TOT: 7.45682502465
INFO:R0: NSE: 4
INFO:R0: FIR: 0.850509166718
INFO:R0: LAS: 0.357717037201
INFO:R0: LMA: 1
INFO:R0: MAX: 0.0413498878479
INFO:R0: MIN: 0.0222179889679
INFO:R0: AVG: 0.0317839384079
INFO:R0: RMP: 0.020674943924
INFO:R0: RMG: 0.1788585186
