DEBUG:R0: Using Tc_p = 2.41111111111
DEBUG:R0: Using Tc_d = 2.41111111111
INFO:R0: Init motion planning
INFO:R0@tkref=0.0000: Time to solve stand alone optimization problem: 0.874073982239
INFO:R0@tkref=0.0000: N of unsatisfied eq: 5
INFO:R0@tkref=0.0000: N of unsatisfied ieq: 5
INFO:R0@tkref=0.0000: Summary: Iteration limit exceeded after 41 it.
DEBUG:R0@tkref=0.0000: $$$$$$$$ CONFLICT LIST $$$$$$$$: []
INFO:R0: --------------------------
INFO:R0@tkref=2.4111: Time to solve stand alone optimization problem: 0.022383928299
INFO:R0@tkref=2.4111: N of unsatisfied eq: 3
INFO:R0@tkref=2.4111: N of unsatisfied ieq: 6
INFO:R0@tkref=2.4111: Summary: Optimization terminated successfully. after 1 it.
DEBUG:R0@tkref=2.4111: $$$$$$$$ CONFLICT LIST $$$$$$$$: []
INFO:R0: --------------------------
DEBUG:R0: LAST STEP
DEBUG:R0: Approx remaining dist: 2.37737897414
DEBUG:R0: Usual approx plan dist: 3.1
DEBUG:R0: Approx gain in dist: 0.722621025863
DEBUG:R0: Last step min dist: 0.5
INFO:R0: scale 0.76689644327 Ns 8 Nk 4
INFO:R0@tkref=4.8222: Time to solve stand alone optimization problem: 0.442800998688
INFO:R0@tkref=4.8222: N of unsatisfied eq: 10
INFO:R0@tkref=4.8222: N of unsatisfied ieq: 3
INFO:R0@tkref=4.8222: Summary: Iteration limit exceeded after 26 it.
DEBUG:R0@tkref=4.8222: $$$$$$$$ CONFLICT LIST $$$$$$$$: []
INFO:R0: Finished motion planning
INFO:R0: --------------------------
INFO:R0: TOT: 7.39460514391
INFO:R0: NSE: 3
INFO:R0: FIR: 0.875281095505
INFO:R0: LAS: 0.443561077118
INFO:R0: LMA: 1
INFO:R0: MAX: 0.0230648517609
INFO:R0: MIN: 0.0230648517609
INFO:R0: AVG: 0.0230648517609
INFO:R0: RMP: 0.00956606755059
INFO:R0: RMG: 0.183965423689
