DEBUG:R0: Using Tc_p = 0.8
DEBUG:R0: Using Tc_d = 0.8
INFO:R0: Init motion planning
INFO:R0@tkref=0.0000: Time to solve stand alone optimization problem: 2.5312230587
INFO:R0@tkref=0.0000: N of unsatisfied eq: 3
INFO:R0@tkref=0.0000: N of unsatisfied ieq: 4
INFO:R0@tkref=0.0000: Summary: Iteration limit exceeded after 41 it.
DEBUG:R0@tkref=0.0000: $$$$$$$$ CONFLICT LIST $$$$$$$$: []
INFO:R0: --------------------------
INFO:R0@tkref=0.8000: Time to solve stand alone optimization problem: 0.593310832977
INFO:R0@tkref=0.8000: N of unsatisfied eq: 1
INFO:R0@tkref=0.8000: N of unsatisfied ieq: 7
INFO:R0@tkref=0.8000: Summary: Optimization terminated successfully. after 10 it.
DEBUG:R0@tkref=0.8000: $$$$$$$$ CONFLICT LIST $$$$$$$$: []
INFO:R0: --------------------------
INFO:R0@tkref=1.6000: Time to solve stand alone optimization problem: 1.05794000626
INFO:R0@tkref=1.6000: N of unsatisfied eq: 2
INFO:R0@tkref=1.6000: N of unsatisfied ieq: 8
INFO:R0@tkref=1.6000: Summary: Iteration limit exceeded after 16 it.
DEBUG:R0@tkref=1.6000: $$$$$$$$ CONFLICT LIST $$$$$$$$: []
INFO:R0: --------------------------
INFO:R0@tkref=2.4000: Time to solve stand alone optimization problem: 0.823251962662
INFO:R0@tkref=2.4000: N of unsatisfied eq: 3
INFO:R0@tkref=2.4000: N of unsatisfied ieq: 7
INFO:R0@tkref=2.4000: Summary: Optimization terminated successfully. after 12 it.
DEBUG:R0@tkref=2.4000: $$$$$$$$ CONFLICT LIST $$$$$$$$: []
INFO:R0: --------------------------
INFO:R0@tkref=3.2000: Time to solve stand alone optimization problem: 0.400966882706
INFO:R0@tkref=3.2000: N of unsatisfied eq: 2
INFO:R0@tkref=3.2000: N of unsatisfied ieq: 8
INFO:R0@tkref=3.2000: Summary: Optimization terminated successfully. after 6 it.
DEBUG:R0@tkref=3.2000: $$$$$$$$ CONFLICT LIST $$$$$$$$: []
INFO:R0: --------------------------
INFO:R0@tkref=4.0000: Time to solve stand alone optimization problem: 0.270633935928
INFO:R0@tkref=4.0000: N of unsatisfied eq: 3
INFO:R0@tkref=4.0000: N of unsatisfied ieq: 6
INFO:R0@tkref=4.0000: Summary: Optimization terminated successfully. after 4 it.
DEBUG:R0@tkref=4.0000: $$$$$$$$ CONFLICT LIST $$$$$$$$: []
INFO:R0: --------------------------
INFO:R0@tkref=4.8000: Time to solve stand alone optimization problem: 1.09071207047
INFO:R0@tkref=4.8000: N of unsatisfied eq: 2
INFO:R0@tkref=4.8000: N of unsatisfied ieq: 9
INFO:R0@tkref=4.8000: Summary: Iteration limit exceeded after 16 it.
DEBUG:R0@tkref=4.8000: $$$$$$$$ CONFLICT LIST $$$$$$$$: []
INFO:R0: --------------------------
INFO:R0@tkref=5.6000: Time to solve stand alone optimization problem: 0.553582906723
INFO:R0@tkref=5.6000: N of unsatisfied eq: 3
INFO:R0@tkref=5.6000: N of unsatisfied ieq: 8
INFO:R0@tkref=5.6000: Summary: Optimization terminated successfully. after 8 it.
DEBUG:R0@tkref=5.6000: $$$$$$$$ CONFLICT LIST $$$$$$$$: []
INFO:R0: --------------------------
INFO:R0@tkref=6.4000: Time to solve stand alone optimization problem: 0.209876060486
INFO:R0@tkref=6.4000: N of unsatisfied eq: 3
INFO:R0@tkref=6.4000: N of unsatisfied ieq: 6
INFO:R0@tkref=6.4000: Summary: Optimization terminated successfully. after 3 it.
DEBUG:R0@tkref=6.4000: $$$$$$$$ CONFLICT LIST $$$$$$$$: []
INFO:R0: --------------------------
DEBUG:R0: LAST STEP
DEBUG:R0: Approx remaining dist: 0.967080569956
DEBUG:R0: Usual approx plan dist: 4.4
DEBUG:R0: Approx gain in dist: 3.43291943004
DEBUG:R0: Last step min dist: 0.5
INFO:R0: scale 0.219791038626 Ns 7 Nk 3
INFO:R0@tkref=7.2000: Time to solve stand alone optimization problem: 0.624495983124
INFO:R0@tkref=7.2000: N of unsatisfied eq: 10
INFO:R0@tkref=7.2000: N of unsatisfied ieq: 4
INFO:R0@tkref=7.2000: Summary: Iteration limit exceeded after 26 it.
DEBUG:R0@tkref=7.2000: $$$$$$$$ CONFLICT LIST $$$$$$$$: []
INFO:R0: Finished motion planning
INFO:R0: --------------------------
INFO:R0: TOT: 8.28049595243
INFO:R0: NSE: 10
INFO:R0: FIR: 2.53255009651
INFO:R0: LAS: 0.625413894653
INFO:R0: LMA: 0
INFO:R0: MAX: 1.09155702591
INFO:R0: MIN: 0.210878133774
INFO:R0: AVG: 0.626071542501
INFO:R0: RMP: 1.36444628239
INFO:R0: RMG: 1.36444628239
