DEBUG:R0: Using Tc_p = 0.49
DEBUG:R0: Using Tc_d = 0.49
INFO:R0: Init motion planning
INFO:R0@tkref=0.0000: Time to solve stand alone optimization problem: 2.84470081329
INFO:R0@tkref=0.0000: N of unsatisfied eq: 5
INFO:R0@tkref=0.0000: N of unsatisfied ieq: 10
INFO:R0@tkref=0.0000: Summary: Iteration limit exceeded after 41 it.
DEBUG:R0@tkref=0.0000: $$$$$$$$ CONFLICT LIST $$$$$$$$: []
INFO:R0: --------------------------
INFO:R0@tkref=0.4900: Time to solve stand alone optimization problem: 0.937144994736
INFO:R0@tkref=0.4900: N of unsatisfied eq: 2
INFO:R0@tkref=0.4900: N of unsatisfied ieq: 6
INFO:R0@tkref=0.4900: Summary: Optimization terminated successfully. after 12 it.
DEBUG:R0@tkref=0.4900: $$$$$$$$ CONFLICT LIST $$$$$$$$: []
INFO:R0: --------------------------
INFO:R0@tkref=0.9800: Time to solve stand alone optimization problem: 1.29464793205
INFO:R0@tkref=0.9800: N of unsatisfied eq: 1
INFO:R0@tkref=0.9800: N of unsatisfied ieq: 6
INFO:R0@tkref=0.9800: Summary: Iteration limit exceeded after 16 it.
DEBUG:R0@tkref=0.9800: $$$$$$$$ CONFLICT LIST $$$$$$$$: []
INFO:R0: --------------------------
INFO:R0@tkref=1.4700: Time to solve stand alone optimization problem: 1.43198800087
INFO:R0@tkref=1.4700: N of unsatisfied eq: 2
INFO:R0@tkref=1.4700: N of unsatisfied ieq: 7
INFO:R0@tkref=1.4700: Summary: Iteration limit exceeded after 16 it.
DEBUG:R0@tkref=1.4700: $$$$$$$$ CONFLICT LIST $$$$$$$$: []
INFO:R0: --------------------------
INFO:R0@tkref=1.9600: Time to solve stand alone optimization problem: 1.06640601158
INFO:R0@tkref=1.9600: N of unsatisfied eq: 2
INFO:R0@tkref=1.9600: N of unsatisfied ieq: 6
INFO:R0@tkref=1.9600: Summary: Optimization terminated successfully. after 15 it.
DEBUG:R0@tkref=1.9600: $$$$$$$$ CONFLICT LIST $$$$$$$$: []
INFO:R0: --------------------------
INFO:R0@tkref=2.4500: Time to solve stand alone optimization problem: 1.066603899
INFO:R0@tkref=2.4500: N of unsatisfied eq: 3
INFO:R0@tkref=2.4500: N of unsatisfied ieq: 6
INFO:R0@tkref=2.4500: Summary: Iteration limit exceeded after 16 it.
DEBUG:R0@tkref=2.4500: $$$$$$$$ CONFLICT LIST $$$$$$$$: []
INFO:R0: --------------------------
INFO:R0@tkref=2.9400: Time to solve stand alone optimization problem: 0.439566135406
INFO:R0@tkref=2.9400: N of unsatisfied eq: 3
INFO:R0@tkref=2.9400: N of unsatisfied ieq: 7
INFO:R0@tkref=2.9400: Summary: Optimization terminated successfully. after 7 it.
DEBUG:R0@tkref=2.9400: $$$$$$$$ CONFLICT LIST $$$$$$$$: []
INFO:R0: --------------------------
INFO:R0@tkref=3.4300: Time to solve stand alone optimization problem: 0.742016077042
INFO:R0@tkref=3.4300: N of unsatisfied eq: 3
INFO:R0@tkref=3.4300: N of unsatisfied ieq: 8
INFO:R0@tkref=3.4300: Summary: Optimization terminated successfully. after 12 it.
DEBUG:R0@tkref=3.4300: $$$$$$$$ CONFLICT LIST $$$$$$$$: []
INFO:R0: --------------------------
INFO:R0@tkref=3.9200: Time to solve stand alone optimization problem: 0.432616949081
INFO:R0@tkref=3.9200: N of unsatisfied eq: 2
INFO:R0@tkref=3.9200: N of unsatisfied ieq: 7
INFO:R0@tkref=3.9200: Summary: Optimization terminated successfully. after 7 it.
DEBUG:R0@tkref=3.9200: $$$$$$$$ CONFLICT LIST $$$$$$$$: []
INFO:R0: --------------------------
INFO:R0@tkref=4.4100: Time to solve stand alone optimization problem: 0.562806129456
INFO:R0@tkref=4.4100: N of unsatisfied eq: 2
INFO:R0@tkref=4.4100: N of unsatisfied ieq: 9
INFO:R0@tkref=4.4100: Summary: Optimization terminated successfully. after 9 it.
DEBUG:R0@tkref=4.4100: $$$$$$$$ CONFLICT LIST $$$$$$$$: []
INFO:R0: --------------------------
INFO:R0@tkref=4.9000: Time to solve stand alone optimization problem: 0.689888000488
INFO:R0@tkref=4.9000: N of unsatisfied eq: 3
INFO:R0@tkref=4.9000: N of unsatisfied ieq: 8
INFO:R0@tkref=4.9000: Summary: Optimization terminated successfully. after 11 it.
DEBUG:R0@tkref=4.9000: $$$$$$$$ CONFLICT LIST $$$$$$$$: []
INFO:R0: --------------------------
INFO:R0@tkref=5.3900: Time to solve stand alone optimization problem: 0.682371139526
INFO:R0@tkref=5.3900: N of unsatisfied eq: 3
INFO:R0@tkref=5.3900: N of unsatisfied ieq: 7
INFO:R0@tkref=5.3900: Summary: Optimization terminated successfully. after 11 it.
DEBUG:R0@tkref=5.3900: $$$$$$$$ CONFLICT LIST $$$$$$$$: []
INFO:R0: --------------------------
INFO:R0@tkref=5.8800: Time to solve stand alone optimization problem: 0.439412117004
INFO:R0@tkref=5.8800: N of unsatisfied eq: 3
INFO:R0@tkref=5.8800: N of unsatisfied ieq: 7
INFO:R0@tkref=5.8800: Summary: Optimization terminated successfully. after 7 it.
DEBUG:R0@tkref=5.8800: $$$$$$$$ CONFLICT LIST $$$$$$$$: []
INFO:R0: --------------------------
INFO:R0@tkref=6.3700: Time to solve stand alone optimization problem: 0.441490888596
INFO:R0@tkref=6.3700: N of unsatisfied eq: 3
INFO:R0@tkref=6.3700: N of unsatisfied ieq: 8
INFO:R0@tkref=6.3700: Summary: Optimization terminated successfully. after 7 it.
DEBUG:R0@tkref=6.3700: $$$$$$$$ CONFLICT LIST $$$$$$$$: []
INFO:R0: --------------------------
INFO:R0@tkref=6.8600: Time to solve stand alone optimization problem: 0.322619915009
INFO:R0@tkref=6.8600: N of unsatisfied eq: 3
INFO:R0@tkref=6.8600: N of unsatisfied ieq: 8
INFO:R0@tkref=6.8600: Summary: Optimization terminated successfully. after 6 it.
DEBUG:R0@tkref=6.8600: $$$$$$$$ CONFLICT LIST $$$$$$$$: []
INFO:R0: --------------------------
INFO:R0@tkref=7.3500: Time to solve stand alone optimization problem: 0.200954914093
INFO:R0@tkref=7.3500: N of unsatisfied eq: 3
INFO:R0@tkref=7.3500: N of unsatisfied ieq: 7
INFO:R0@tkref=7.3500: Summary: Optimization terminated successfully. after 3 it.
DEBUG:R0@tkref=7.3500: $$$$$$$$ CONFLICT LIST $$$$$$$$: []
INFO:R0: --------------------------
DEBUG:R0: LAST STEP
DEBUG:R0: Approx remaining dist: 0.794692031708
DEBUG:R0: Usual approx plan dist: 4.9
DEBUG:R0: Approx gain in dist: 4.10530796829
DEBUG:R0: Last step min dist: 0.5
INFO:R0: scale 0.162182047287 Ns 7 Nk 3
INFO:R0@tkref=7.8400: Time to solve stand alone optimization problem: 0.709411859512
INFO:R0@tkref=7.8400: N of unsatisfied eq: 10
INFO:R0@tkref=7.8400: N of unsatisfied ieq: 2
INFO:R0@tkref=7.8400: Summary: Iteration limit exceeded after 26 it.
DEBUG:R0@tkref=7.8400: $$$$$$$$ CONFLICT LIST $$$$$$$$: []
INFO:R0: Finished motion planning
INFO:R0: --------------------------
INFO:R0: TOT: 8.88504702277
INFO:R0: NSE: 17
INFO:R0: FIR: 2.84631490707
INFO:R0: LAS: 0.710279941559
INFO:R0: LMA: 0
INFO:R0: MAX: 1.43285107613
INFO:R0: MIN: 0.201930999756
INFO:R0: AVG: 0.717624791463
INFO:R0: RMP: 2.92418586965
INFO:R0: RMG: 2.92418586965
