DEBUG:R0: Using Tc_p = 1.36363636364
DEBUG:R0: Using Tc_d = 1.36363636364
INFO:R0: Init motion planning
INFO:R0@tkref=0.0000: Time to solve stand alone optimization problem: 2.73111891747
INFO:R0@tkref=0.0000: N of unsatisfied eq: 5
INFO:R0@tkref=0.0000: N of unsatisfied ieq: 9
INFO:R0@tkref=0.0000: Summary: Iteration limit exceeded after 41 it.
DEBUG:R0@tkref=0.0000: $$$$$$$$ CONFLICT LIST $$$$$$$$: []
INFO:R0: --------------------------
INFO:R0@tkref=1.3636: Time to solve stand alone optimization problem: 0.786559104919
INFO:R0@tkref=1.3636: N of unsatisfied eq: 2
INFO:R0@tkref=1.3636: N of unsatisfied ieq: 7
INFO:R0@tkref=1.3636: Summary: Optimization terminated successfully. after 12 it.
DEBUG:R0@tkref=1.3636: $$$$$$$$ CONFLICT LIST $$$$$$$$: []
INFO:R0: --------------------------
INFO:R0@tkref=2.7273: Time to solve stand alone optimization problem: 0.609168052673
INFO:R0@tkref=2.7273: N of unsatisfied eq: 1
INFO:R0@tkref=2.7273: N of unsatisfied ieq: 9
INFO:R0@tkref=2.7273: Summary: Optimization terminated successfully. after 9 it.
DEBUG:R0@tkref=2.7273: $$$$$$$$ CONFLICT LIST $$$$$$$$: []
INFO:R0: --------------------------
INFO:R0@tkref=4.0909: Time to solve stand alone optimization problem: 1.18261384964
INFO:R0@tkref=4.0909: N of unsatisfied eq: 3
INFO:R0@tkref=4.0909: N of unsatisfied ieq: 8
INFO:R0@tkref=4.0909: Summary: Iteration limit exceeded after 16 it.
DEBUG:R0@tkref=4.0909: $$$$$$$$ CONFLICT LIST $$$$$$$$: []
INFO:R0: --------------------------
INFO:R0@tkref=5.4545: Time to solve stand alone optimization problem: 0.577538013458
INFO:R0@tkref=5.4545: N of unsatisfied eq: 3
INFO:R0@tkref=5.4545: N of unsatisfied ieq: 8
INFO:R0@tkref=5.4545: Summary: Optimization terminated successfully. after 8 it.
DEBUG:R0@tkref=5.4545: $$$$$$$$ CONFLICT LIST $$$$$$$$: []
INFO:R0: --------------------------
DEBUG:R0: LAST STEP
DEBUG:R0: Approx remaining dist: 1.38445214387
DEBUG:R0: Usual approx plan dist: 5.0
DEBUG:R0: Approx gain in dist: 3.61554785613
DEBUG:R0: Last step min dist: 0.5
INFO:R0: scale 0.276890428774 Ns 7 Nk 3
INFO:R0@tkref=6.8182: Time to solve stand alone optimization problem: 0.621936798096
INFO:R0@tkref=6.8182: N of unsatisfied eq: 10
INFO:R0@tkref=6.8182: N of unsatisfied ieq: 4
INFO:R0@tkref=6.8182: Summary: Iteration limit exceeded after 26 it.
DEBUG:R0@tkref=6.8182: $$$$$$$$ CONFLICT LIST $$$$$$$$: []
INFO:R0: Finished motion planning
INFO:R0: --------------------------
INFO:R0: TOT: 8.36495746088
INFO:R0: NSE: 6
INFO:R0: FIR: 2.73245501518
INFO:R0: LAS: 0.622789144516
INFO:R0: LMA: 0
INFO:R0: MAX: 1.18412208557
INFO:R0: MIN: 0.578501939774
INFO:R0: AVG: 0.790065228939
INFO:R0: RMP: 0.868356196086
INFO:R0: RMG: 0.868356196086
