DEBUG:R0: Using Tc_p = 1.84545454545
DEBUG:R0: Using Tc_d = 1.84545454545
INFO:R0: Init motion planning
INFO:R0@tkref=0.0000: Time to solve stand alone optimization problem: 1.05201101303
INFO:R0@tkref=0.0000: N of unsatisfied eq: 5
INFO:R0@tkref=0.0000: N of unsatisfied ieq: 10
INFO:R0@tkref=0.0000: Summary: Iteration limit exceeded after 41 it.
DEBUG:R0@tkref=0.0000: $$$$$$$$ CONFLICT LIST $$$$$$$$: []
INFO:R0: --------------------------
INFO:R0@tkref=1.8455: Time to solve stand alone optimization problem: 0.0267760753632
INFO:R0@tkref=1.8455: N of unsatisfied eq: 3
INFO:R0@tkref=1.8455: N of unsatisfied ieq: 3
INFO:R0@tkref=1.8455: Summary: Optimization terminated successfully. after 1 it.
DEBUG:R0@tkref=1.8455: $$$$$$$$ CONFLICT LIST $$$$$$$$: []
INFO:R0: --------------------------
INFO:R0@tkref=3.6909: Time to solve stand alone optimization problem: 0.0251519680023
INFO:R0@tkref=3.6909: N of unsatisfied eq: 4
INFO:R0@tkref=3.6909: N of unsatisfied ieq: 6
INFO:R0@tkref=3.6909: Summary: Optimization terminated successfully. after 1 it.
DEBUG:R0@tkref=3.6909: $$$$$$$$ CONFLICT LIST $$$$$$$$: []
INFO:R0: --------------------------
DEBUG:R0: LAST STEP
DEBUG:R0: Approx remaining dist: 1.62467681955
DEBUG:R0: Usual approx plan dist: 2.9
DEBUG:R0: Approx gain in dist: 1.27532318045
DEBUG:R0: Last step min dist: 0.5
INFO:R0: scale 0.560233386052 Ns 7 Nk 3
INFO:R0@tkref=5.5364: Time to solve stand alone optimization problem: 0.360628128052
INFO:R0@tkref=5.5364: N of unsatisfied eq: 10
INFO:R0@tkref=5.5364: N of unsatisfied ieq: 4
INFO:R0@tkref=5.5364: Summary: Iteration limit exceeded after 26 it.
DEBUG:R0@tkref=5.5364: $$$$$$$$ CONFLICT LIST $$$$$$$$: []
INFO:R0: Finished motion planning
INFO:R0: --------------------------
INFO:R0: TOT: 7.36245066901
INFO:R0: NSE: 4
INFO:R0: FIR: 1.05314016342
INFO:R0: LAS: 0.361362934113
INFO:R0: LMA: 1
INFO:R0: MAX: 0.0274820327759
INFO:R0: MIN: 0.0258100032806
INFO:R0: AVG: 0.0266460180283
INFO:R0: RMP: 0.0148917418983
INFO:R0: RMG: 0.195812427352
