DEBUG:R0: Using Tc_p = 0.33
DEBUG:R0: Using Tc_d = 0.33
INFO:R0: Init motion planning
INFO:R0@tkref=0.0000: Time to solve stand alone optimization problem: 1.45488500595
INFO:R0@tkref=0.0000: N of unsatisfied eq: 4
INFO:R0@tkref=0.0000: N of unsatisfied ieq: 9
INFO:R0@tkref=0.0000: Summary: Iteration limit exceeded after 41 it.
DEBUG:R0@tkref=0.0000: $$$$$$$$ CONFLICT LIST $$$$$$$$: []
INFO:R0: --------------------------
INFO:R0@tkref=0.3300: Time to solve stand alone optimization problem: 0.0371999740601
INFO:R0@tkref=0.3300: N of unsatisfied eq: 3
INFO:R0@tkref=0.3300: N of unsatisfied ieq: 3
INFO:R0@tkref=0.3300: Summary: Optimization terminated successfully. after 1 it.
DEBUG:R0@tkref=0.3300: $$$$$$$$ CONFLICT LIST $$$$$$$$: []
INFO:R0: --------------------------
INFO:R0@tkref=0.6600: Time to solve stand alone optimization problem: 0.0429139137268
INFO:R0@tkref=0.6600: N of unsatisfied eq: 3
INFO:R0@tkref=0.6600: N of unsatisfied ieq: 8
INFO:R0@tkref=0.6600: Summary: Optimization terminated successfully. after 1 it.
DEBUG:R0@tkref=0.6600: $$$$$$$$ CONFLICT LIST $$$$$$$$: []
INFO:R0: --------------------------
INFO:R0@tkref=0.9900: Time to solve stand alone optimization problem: 0.088287115097
INFO:R0@tkref=0.9900: N of unsatisfied eq: 3
INFO:R0@tkref=0.9900: N of unsatisfied ieq: 8
INFO:R0@tkref=0.9900: Summary: Optimization terminated successfully. after 2 it.
DEBUG:R0@tkref=0.9900: $$$$$$$$ CONFLICT LIST $$$$$$$$: []
INFO:R0: --------------------------
INFO:R0@tkref=1.3200: Time to solve stand alone optimization problem: 0.127850055695
INFO:R0@tkref=1.3200: N of unsatisfied eq: 3
INFO:R0@tkref=1.3200: N of unsatisfied ieq: 9
INFO:R0@tkref=1.3200: Summary: Optimization terminated successfully. after 3 it.
DEBUG:R0@tkref=1.3200: $$$$$$$$ CONFLICT LIST $$$$$$$$: []
INFO:R0: --------------------------
INFO:R0@tkref=1.6500: Time to solve stand alone optimization problem: 0.125446081161
INFO:R0@tkref=1.6500: N of unsatisfied eq: 3
INFO:R0@tkref=1.6500: N of unsatisfied ieq: 9
INFO:R0@tkref=1.6500: Summary: Optimization terminated successfully. after 3 it.
DEBUG:R0@tkref=1.6500: $$$$$$$$ CONFLICT LIST $$$$$$$$: []
INFO:R0: --------------------------
INFO:R0@tkref=1.9800: Time to solve stand alone optimization problem: 0.0859839916229
INFO:R0@tkref=1.9800: N of unsatisfied eq: 4
INFO:R0@tkref=1.9800: N of unsatisfied ieq: 8
INFO:R0@tkref=1.9800: Summary: Optimization terminated successfully. after 2 it.
DEBUG:R0@tkref=1.9800: $$$$$$$$ CONFLICT LIST $$$$$$$$: []
INFO:R0: --------------------------
INFO:R0@tkref=2.3100: Time to solve stand alone optimization problem: 0.399270057678
INFO:R0@tkref=2.3100: N of unsatisfied eq: 2
INFO:R0@tkref=2.3100: N of unsatisfied ieq: 7
INFO:R0@tkref=2.3100: Summary: Optimization terminated successfully. after 10 it.
DEBUG:R0@tkref=2.3100: $$$$$$$$ CONFLICT LIST $$$$$$$$: []
INFO:R0: --------------------------
INFO:R0@tkref=2.6400: Time to solve stand alone optimization problem: 0.47389793396
INFO:R0@tkref=2.6400: N of unsatisfied eq: 3
INFO:R0@tkref=2.6400: N of unsatisfied ieq: 8
INFO:R0@tkref=2.6400: Summary: Optimization terminated successfully. after 12 it.
DEBUG:R0@tkref=2.6400: $$$$$$$$ CONFLICT LIST $$$$$$$$: []
INFO:R0: --------------------------
INFO:R0@tkref=2.9700: Time to solve stand alone optimization problem: 0.4417719841
INFO:R0@tkref=2.9700: N of unsatisfied eq: 3
INFO:R0@tkref=2.9700: N of unsatisfied ieq: 7
INFO:R0@tkref=2.9700: Summary: Optimization terminated successfully. after 11 it.
DEBUG:R0@tkref=2.9700: $$$$$$$$ CONFLICT LIST $$$$$$$$: []
INFO:R0: --------------------------
INFO:R0@tkref=3.3000: Time to solve stand alone optimization problem: 0.44379901886
INFO:R0@tkref=3.3000: N of unsatisfied eq: 3
INFO:R0@tkref=3.3000: N of unsatisfied ieq: 6
INFO:R0@tkref=3.3000: Summary: Optimization terminated successfully. after 11 it.
DEBUG:R0@tkref=3.3000: $$$$$$$$ CONFLICT LIST $$$$$$$$: []
INFO:R0: --------------------------
INFO:R0@tkref=3.6300: Time to solve stand alone optimization problem: 0.315834999084
INFO:R0@tkref=3.6300: N of unsatisfied eq: 3
INFO:R0@tkref=3.6300: N of unsatisfied ieq: 7
INFO:R0@tkref=3.6300: Summary: Optimization terminated successfully. after 8 it.
DEBUG:R0@tkref=3.6300: $$$$$$$$ CONFLICT LIST $$$$$$$$: []
INFO:R0: --------------------------
INFO:R0@tkref=3.9600: Time to solve stand alone optimization problem: 0.281831026077
INFO:R0@tkref=3.9600: N of unsatisfied eq: 3
INFO:R0@tkref=3.9600: N of unsatisfied ieq: 7
INFO:R0@tkref=3.9600: Summary: Optimization terminated successfully. after 7 it.
DEBUG:R0@tkref=3.9600: $$$$$$$$ CONFLICT LIST $$$$$$$$: []
INFO:R0: --------------------------
INFO:R0@tkref=4.2900: Time to solve stand alone optimization problem: 0.324449062347
INFO:R0@tkref=4.2900: N of unsatisfied eq: 3
INFO:R0@tkref=4.2900: N of unsatisfied ieq: 7
INFO:R0@tkref=4.2900: Summary: Optimization terminated successfully. after 8 it.
DEBUG:R0@tkref=4.2900: $$$$$$$$ CONFLICT LIST $$$$$$$$: []
INFO:R0: --------------------------
INFO:R0@tkref=4.6200: Time to solve stand alone optimization problem: 0.319811105728
INFO:R0@tkref=4.6200: N of unsatisfied eq: 3
INFO:R0@tkref=4.6200: N of unsatisfied ieq: 6
INFO:R0@tkref=4.6200: Summary: Optimization terminated successfully. after 8 it.
DEBUG:R0@tkref=4.6200: $$$$$$$$ CONFLICT LIST $$$$$$$$: []
INFO:R0: --------------------------
INFO:R0@tkref=4.9500: Time to solve stand alone optimization problem: 0.291854143143
INFO:R0@tkref=4.9500: N of unsatisfied eq: 3
INFO:R0@tkref=4.9500: N of unsatisfied ieq: 7
INFO:R0@tkref=4.9500: Summary: Optimization terminated successfully. after 7 it.
DEBUG:R0@tkref=4.9500: $$$$$$$$ CONFLICT LIST $$$$$$$$: []
INFO:R0: --------------------------
INFO:R0@tkref=5.2800: Time to solve stand alone optimization problem: 0.124546051025
INFO:R0@tkref=5.2800: N of unsatisfied eq: 3
INFO:R0@tkref=5.2800: N of unsatisfied ieq: 9
INFO:R0@tkref=5.2800: Summary: Optimization terminated successfully. after 3 it.
DEBUG:R0@tkref=5.2800: $$$$$$$$ CONFLICT LIST $$$$$$$$: []
INFO:R0: --------------------------
INFO:R0@tkref=5.6100: Time to solve stand alone optimization problem: 0.126085996628
INFO:R0@tkref=5.6100: N of unsatisfied eq: 3
INFO:R0@tkref=5.6100: N of unsatisfied ieq: 8
INFO:R0@tkref=5.6100: Summary: Optimization terminated successfully. after 3 it.
DEBUG:R0@tkref=5.6100: $$$$$$$$ CONFLICT LIST $$$$$$$$: []
INFO:R0: --------------------------
INFO:R0@tkref=5.9400: Time to solve stand alone optimization problem: 0.0923411846161
INFO:R0@tkref=5.9400: N of unsatisfied eq: 3
INFO:R0@tkref=5.9400: N of unsatisfied ieq: 8
INFO:R0@tkref=5.9400: Summary: Optimization terminated successfully. after 2 it.
DEBUG:R0@tkref=5.9400: $$$$$$$$ CONFLICT LIST $$$$$$$$: []
INFO:R0: --------------------------
INFO:R0@tkref=6.2700: Time to solve stand alone optimization problem: 0.0377860069275
INFO:R0@tkref=6.2700: N of unsatisfied eq: 3
INFO:R0@tkref=6.2700: N of unsatisfied ieq: 5
INFO:R0@tkref=6.2700: Summary: Optimization terminated successfully. after 1 it.
DEBUG:R0@tkref=6.2700: $$$$$$$$ CONFLICT LIST $$$$$$$$: []
INFO:R0: --------------------------
DEBUG:R0: LAST STEP
DEBUG:R0: Approx remaining dist: 0.701360752968
DEBUG:R0: Usual approx plan dist: 1.1
DEBUG:R0: Approx gain in dist: 0.398639247032
DEBUG:R0: Last step min dist: 0.5
INFO:R0: scale 0.637600684516 Ns 7 Nk 3
INFO:R0@tkref=6.6000: Time to solve stand alone optimization problem: 0.512656211853
INFO:R0@tkref=6.6000: N of unsatisfied eq: 10
INFO:R0@tkref=6.6000: N of unsatisfied ieq: 4
INFO:R0@tkref=6.6000: Summary: Iteration limit exceeded after 26 it.
DEBUG:R0@tkref=6.6000: $$$$$$$$ CONFLICT LIST $$$$$$$$: []
INFO:R0: Finished motion planning
INFO:R0: --------------------------
INFO:R0: TOT: 7.38820969395
INFO:R0: NSE: 21
INFO:R0: FIR: 1.456138134
INFO:R0: LAS: 0.513516902924
INFO:R0: LMA: 1
INFO:R0: MAX: 0.474725961685
INFO:R0: MIN: 0.0380570888519
INFO:R0: AVG: 0.220940125616
INFO:R0: RMP: 1.43856352026
INFO:R0: RMG: 1.55611182704
