DEBUG:R0: Using Tc_p = 0.98
DEBUG:R0: Using Tc_d = 0.98
INFO:R0: Init motion planning
INFO:R0@tkref=0.0000: Time to solve stand alone optimization problem: 1.54769897461
INFO:R0@tkref=0.0000: N of unsatisfied eq: 5
INFO:R0@tkref=0.0000: N of unsatisfied ieq: 9
INFO:R0@tkref=0.0000: Summary: Iteration limit exceeded after 41 it.
DEBUG:R0@tkref=0.0000: $$$$$$$$ CONFLICT LIST $$$$$$$$: []
INFO:R0: --------------------------
INFO:R0@tkref=0.9800: Time to solve stand alone optimization problem: 0.303972005844
INFO:R0@tkref=0.9800: N of unsatisfied eq: 1
INFO:R0@tkref=0.9800: N of unsatisfied ieq: 9
INFO:R0@tkref=0.9800: Summary: Optimization terminated successfully. after 7 it.
DEBUG:R0@tkref=0.9800: $$$$$$$$ CONFLICT LIST $$$$$$$$: []
INFO:R0: --------------------------
INFO:R0@tkref=1.9600: Time to solve stand alone optimization problem: 0.254801034927
INFO:R0@tkref=1.9600: N of unsatisfied eq: 2
INFO:R0@tkref=1.9600: N of unsatisfied ieq: 7
INFO:R0@tkref=1.9600: Summary: Optimization terminated successfully. after 6 it.
DEBUG:R0@tkref=1.9600: $$$$$$$$ CONFLICT LIST $$$$$$$$: []
INFO:R0: --------------------------
INFO:R0@tkref=2.9400: Time to solve stand alone optimization problem: 0.301558971405
INFO:R0@tkref=2.9400: N of unsatisfied eq: 3
INFO:R0@tkref=2.9400: N of unsatisfied ieq: 7
INFO:R0@tkref=2.9400: Summary: Optimization terminated successfully. after 7 it.
DEBUG:R0@tkref=2.9400: $$$$$$$$ CONFLICT LIST $$$$$$$$: []
INFO:R0: --------------------------
INFO:R0@tkref=3.9200: Time to solve stand alone optimization problem: 0.130136966705
INFO:R0@tkref=3.9200: N of unsatisfied eq: 3
INFO:R0@tkref=3.9200: N of unsatisfied ieq: 8
INFO:R0@tkref=3.9200: Summary: Optimization terminated successfully. after 3 it.
DEBUG:R0@tkref=3.9200: $$$$$$$$ CONFLICT LIST $$$$$$$$: []
INFO:R0: --------------------------
INFO:R0@tkref=4.9000: Time to solve stand alone optimization problem: 0.130023002625
INFO:R0@tkref=4.9000: N of unsatisfied eq: 3
INFO:R0@tkref=4.9000: N of unsatisfied ieq: 7
INFO:R0@tkref=4.9000: Summary: Optimization terminated successfully. after 3 it.
DEBUG:R0@tkref=4.9000: $$$$$$$$ CONFLICT LIST $$$$$$$$: []
INFO:R0: --------------------------
DEBUG:R0: LAST STEP
DEBUG:R0: Approx remaining dist: 1.6058917638
DEBUG:R0: Usual approx plan dist: 4.9
DEBUG:R0: Approx gain in dist: 3.2941082362
DEBUG:R0: Last step min dist: 0.5
INFO:R0: scale 0.327733013021 Ns 7 Nk 3
INFO:R0@tkref=5.8800: Time to solve stand alone optimization problem: 0.562355995178
INFO:R0@tkref=5.8800: N of unsatisfied eq: 10
INFO:R0@tkref=5.8800: N of unsatisfied ieq: 3
INFO:R0@tkref=5.8800: Summary: Iteration limit exceeded after 26 it.
DEBUG:R0@tkref=5.8800: $$$$$$$$ CONFLICT LIST $$$$$$$$: []
INFO:R0: Finished motion planning
INFO:R0: --------------------------
INFO:R0: TOT: 7.67989313956
INFO:R0: NSE: 7
INFO:R0: FIR: 1.54899811745
INFO:R0: LAS: 0.563191890717
INFO:R0: LMA: 1
INFO:R0: MAX: 0.304822921753
INFO:R0: MIN: 0.130763053894
INFO:R0: AVG: 0.224884033203
INFO:R0: RMP: 0.311043797707
INFO:R0: RMG: 0.574685602772
