DEBUG:R0: Using Tc_p = 0.5
DEBUG:R0: Using Tc_d = 0.5
INFO:R0: Init motion planning
INFO:R0@tkref=0.0000: Time to solve stand alone optimization problem: 0.892272949219
INFO:R0@tkref=0.0000: N of unsatisfied eq: 3
INFO:R0@tkref=0.0000: N of unsatisfied ieq: 9
INFO:R0@tkref=0.0000: Summary: Iteration limit exceeded after 41 it.
DEBUG:R0@tkref=0.0000: $$$$$$$$ CONFLICT LIST $$$$$$$$: []
INFO:R0: --------------------------
INFO:R0@tkref=0.5000: Time to solve stand alone optimization problem: 0.0435919761658
INFO:R0@tkref=0.5000: N of unsatisfied eq: 3
INFO:R0@tkref=0.5000: N of unsatisfied ieq: 9
INFO:R0@tkref=0.5000: Summary: Optimization terminated successfully. after 2 it.
DEBUG:R0@tkref=0.5000: $$$$$$$$ CONFLICT LIST $$$$$$$$: []
INFO:R0: --------------------------
INFO:R0@tkref=1.0000: Time to solve stand alone optimization problem: 0.0435211658478
INFO:R0@tkref=1.0000: N of unsatisfied eq: 3
INFO:R0@tkref=1.0000: N of unsatisfied ieq: 9
INFO:R0@tkref=1.0000: Summary: Optimization terminated successfully. after 2 it.
DEBUG:R0@tkref=1.0000: $$$$$$$$ CONFLICT LIST $$$$$$$$: []
INFO:R0: --------------------------
INFO:R0@tkref=1.5000: Time to solve stand alone optimization problem: 0.0425560474396
INFO:R0@tkref=1.5000: N of unsatisfied eq: 3
INFO:R0@tkref=1.5000: N of unsatisfied ieq: 8
INFO:R0@tkref=1.5000: Summary: Optimization terminated successfully. after 2 it.
DEBUG:R0@tkref=1.5000: $$$$$$$$ CONFLICT LIST $$$$$$$$: []
INFO:R0: --------------------------
INFO:R0@tkref=2.0000: Time to solve stand alone optimization problem: 0.0230669975281
INFO:R0@tkref=2.0000: N of unsatisfied eq: 3
INFO:R0@tkref=2.0000: N of unsatisfied ieq: 7
INFO:R0@tkref=2.0000: Summary: Optimization terminated successfully. after 1 it.
DEBUG:R0@tkref=2.0000: $$$$$$$$ CONFLICT LIST $$$$$$$$: []
INFO:R0: --------------------------
INFO:R0@tkref=2.5000: Time to solve stand alone optimization problem: 0.0233061313629
INFO:R0@tkref=2.5000: N of unsatisfied eq: 3
INFO:R0@tkref=2.5000: N of unsatisfied ieq: 5
INFO:R0@tkref=2.5000: Summary: Optimization terminated successfully. after 1 it.
DEBUG:R0@tkref=2.5000: $$$$$$$$ CONFLICT LIST $$$$$$$$: []
INFO:R0: --------------------------
INFO:R0@tkref=3.0000: Time to solve stand alone optimization problem: 0.0232820510864
INFO:R0@tkref=3.0000: N of unsatisfied eq: 3
INFO:R0@tkref=3.0000: N of unsatisfied ieq: 4
INFO:R0@tkref=3.0000: Summary: Optimization terminated successfully. after 1 it.
DEBUG:R0@tkref=3.0000: $$$$$$$$ CONFLICT LIST $$$$$$$$: []
INFO:R0: --------------------------
INFO:R0@tkref=3.5000: Time to solve stand alone optimization problem: 0.0235950946808
INFO:R0@tkref=3.5000: N of unsatisfied eq: 3
INFO:R0@tkref=3.5000: N of unsatisfied ieq: 8
INFO:R0@tkref=3.5000: Summary: Optimization terminated successfully. after 1 it.
DEBUG:R0@tkref=3.5000: $$$$$$$$ CONFLICT LIST $$$$$$$$: []
INFO:R0: --------------------------
INFO:R0@tkref=4.0000: Time to solve stand alone optimization problem: 0.023432970047
INFO:R0@tkref=4.0000: N of unsatisfied eq: 3
INFO:R0@tkref=4.0000: N of unsatisfied ieq: 8
INFO:R0@tkref=4.0000: Summary: Optimization terminated successfully. after 1 it.
DEBUG:R0@tkref=4.0000: $$$$$$$$ CONFLICT LIST $$$$$$$$: []
INFO:R0: --------------------------
INFO:R0@tkref=4.5000: Time to solve stand alone optimization problem: 0.0221529006958
INFO:R0@tkref=4.5000: N of unsatisfied eq: 4
INFO:R0@tkref=4.5000: N of unsatisfied ieq: 6
INFO:R0@tkref=4.5000: Summary: Optimization terminated successfully. after 1 it.
DEBUG:R0@tkref=4.5000: $$$$$$$$ CONFLICT LIST $$$$$$$$: []
INFO:R0: --------------------------
INFO:R0@tkref=5.0000: Time to solve stand alone optimization problem: 0.022155046463
INFO:R0@tkref=5.0000: N of unsatisfied eq: 3
INFO:R0@tkref=5.0000: N of unsatisfied ieq: 3
INFO:R0@tkref=5.0000: Summary: Optimization terminated successfully. after 1 it.
DEBUG:R0@tkref=5.0000: $$$$$$$$ CONFLICT LIST $$$$$$$$: []
INFO:R0: --------------------------
INFO:R0@tkref=5.5000: Time to solve stand alone optimization problem: 0.0222849845886
INFO:R0@tkref=5.5000: N of unsatisfied eq: 3
INFO:R0@tkref=5.5000: N of unsatisfied ieq: 6
INFO:R0@tkref=5.5000: Summary: Optimization terminated successfully. after 1 it.
DEBUG:R0@tkref=5.5000: $$$$$$$$ CONFLICT LIST $$$$$$$$: []
INFO:R0: --------------------------
INFO:R0@tkref=6.0000: Time to solve stand alone optimization problem: 0.0221569538116
INFO:R0@tkref=6.0000: N of unsatisfied eq: 4
INFO:R0@tkref=6.0000: N of unsatisfied ieq: 5
INFO:R0@tkref=6.0000: Summary: Optimization terminated successfully. after 1 it.
DEBUG:R0@tkref=6.0000: $$$$$$$$ CONFLICT LIST $$$$$$$$: []
INFO:R0: --------------------------
DEBUG:R0: LAST STEP
DEBUG:R0: Approx remaining dist: 0.887924559674
DEBUG:R0: Usual approx plan dist: 5.0
DEBUG:R0: Approx gain in dist: 4.11207544033
DEBUG:R0: Last step min dist: 0.5
INFO:R0: scale 0.177584911935 Ns 7 Nk 3
INFO:R0@tkref=6.5000: Time to solve stand alone optimization problem: 0.361012220383
INFO:R0@tkref=6.5000: N of unsatisfied eq: 10
INFO:R0@tkref=6.5000: N of unsatisfied ieq: 4
INFO:R0@tkref=6.5000: Summary: Iteration limit exceeded after 26 it.
DEBUG:R0@tkref=6.5000: $$$$$$$$ CONFLICT LIST $$$$$$$$: []
INFO:R0: Finished motion planning
INFO:R0: --------------------------
INFO:R0: TOT: 7.49788390074
INFO:R0: NSE: 14
INFO:R0: FIR: 0.893448114395
INFO:R0: LAS: 0.361775875092
INFO:R0: LMA: 1
INFO:R0: MAX: 0.0442759990692
INFO:R0: MIN: 0.0227959156036
INFO:R0: AVG: 0.0286095142365
INFO:R0: RMP: 0.0885519981384
INFO:R0: RMG: 0.723551750183
