DEBUG:R0: Using Tc_p = 0.355555555556
DEBUG:R0: Using Tc_d = 0.355555555556
INFO:R0: Init motion planning
INFO:R0@tkref=0.0000: Time to solve stand alone optimization problem: 0.860792160034
INFO:R0@tkref=0.0000: N of unsatisfied eq: 5
INFO:R0@tkref=0.0000: N of unsatisfied ieq: 5
INFO:R0@tkref=0.0000: Summary: Iteration limit exceeded after 41 it.
DEBUG:R0@tkref=0.0000: $$$$$$$$ CONFLICT LIST $$$$$$$$: []
INFO:R0: --------------------------
INFO:R0@tkref=0.3556: Time to solve stand alone optimization problem: 0.127067089081
INFO:R0@tkref=0.3556: N of unsatisfied eq: 3
INFO:R0@tkref=0.3556: N of unsatisfied ieq: 6
INFO:R0@tkref=0.3556: Summary: Optimization terminated successfully. after 6 it.
DEBUG:R0@tkref=0.3556: $$$$$$$$ CONFLICT LIST $$$$$$$$: []
INFO:R0: --------------------------
INFO:R0@tkref=0.7111: Time to solve stand alone optimization problem: 0.0221898555756
INFO:R0@tkref=0.7111: N of unsatisfied eq: 3
INFO:R0@tkref=0.7111: N of unsatisfied ieq: 7
INFO:R0@tkref=0.7111: Summary: Optimization terminated successfully. after 1 it.
DEBUG:R0@tkref=0.7111: $$$$$$$$ CONFLICT LIST $$$$$$$$: []
INFO:R0: --------------------------
INFO:R0@tkref=1.0667: Time to solve stand alone optimization problem: 0.0219969749451
INFO:R0@tkref=1.0667: N of unsatisfied eq: 3
INFO:R0@tkref=1.0667: N of unsatisfied ieq: 6
INFO:R0@tkref=1.0667: Summary: Optimization terminated successfully. after 1 it.
DEBUG:R0@tkref=1.0667: $$$$$$$$ CONFLICT LIST $$$$$$$$: []
INFO:R0: --------------------------
INFO:R0@tkref=1.4222: Time to solve stand alone optimization problem: 0.063915014267
INFO:R0@tkref=1.4222: N of unsatisfied eq: 3
INFO:R0@tkref=1.4222: N of unsatisfied ieq: 8
INFO:R0@tkref=1.4222: Summary: Optimization terminated successfully. after 3 it.
DEBUG:R0@tkref=1.4222: $$$$$$$$ CONFLICT LIST $$$$$$$$: []
INFO:R0: --------------------------
INFO:R0@tkref=1.7778: Time to solve stand alone optimization problem: 0.0429899692535
INFO:R0@tkref=1.7778: N of unsatisfied eq: 3
INFO:R0@tkref=1.7778: N of unsatisfied ieq: 8
INFO:R0@tkref=1.7778: Summary: Optimization terminated successfully. after 2 it.
DEBUG:R0@tkref=1.7778: $$$$$$$$ CONFLICT LIST $$$$$$$$: []
INFO:R0: --------------------------
INFO:R0@tkref=2.1333: Time to solve stand alone optimization problem: 0.0219979286194
INFO:R0@tkref=2.1333: N of unsatisfied eq: 3
INFO:R0@tkref=2.1333: N of unsatisfied ieq: 6
INFO:R0@tkref=2.1333: Summary: Optimization terminated successfully. after 1 it.
DEBUG:R0@tkref=2.1333: $$$$$$$$ CONFLICT LIST $$$$$$$$: []
INFO:R0: --------------------------
INFO:R0@tkref=2.4889: Time to solve stand alone optimization problem: 0.0217268466949
INFO:R0@tkref=2.4889: N of unsatisfied eq: 3
INFO:R0@tkref=2.4889: N of unsatisfied ieq: 6
INFO:R0@tkref=2.4889: Summary: Optimization terminated successfully. after 1 it.
DEBUG:R0@tkref=2.4889: $$$$$$$$ CONFLICT LIST $$$$$$$$: []
INFO:R0: --------------------------
INFO:R0@tkref=2.8444: Time to solve stand alone optimization problem: 0.0206668376923
INFO:R0@tkref=2.8444: N of unsatisfied eq: 4
INFO:R0@tkref=2.8444: N of unsatisfied ieq: 5
INFO:R0@tkref=2.8444: Summary: Optimization terminated successfully. after 1 it.
DEBUG:R0@tkref=2.8444: $$$$$$$$ CONFLICT LIST $$$$$$$$: []
INFO:R0: --------------------------
INFO:R0@tkref=3.2000: Time to solve stand alone optimization problem: 0.0204482078552
INFO:R0@tkref=3.2000: N of unsatisfied eq: 3
INFO:R0@tkref=3.2000: N of unsatisfied ieq: 6
INFO:R0@tkref=3.2000: Summary: Optimization terminated successfully. after 1 it.
DEBUG:R0@tkref=3.2000: $$$$$$$$ CONFLICT LIST $$$$$$$$: []
INFO:R0: --------------------------
INFO:R0@tkref=3.5556: Time to solve stand alone optimization problem: 0.0205721855164
INFO:R0@tkref=3.5556: N of unsatisfied eq: 5
INFO:R0@tkref=3.5556: N of unsatisfied ieq: 6
INFO:R0@tkref=3.5556: Summary: Optimization terminated successfully. after 1 it.
DEBUG:R0@tkref=3.5556: $$$$$$$$ CONFLICT LIST $$$$$$$$: []
INFO:R0: --------------------------
INFO:R0@tkref=3.9111: Time to solve stand alone optimization problem: 0.0205159187317
INFO:R0@tkref=3.9111: N of unsatisfied eq: 5
INFO:R0@tkref=3.9111: N of unsatisfied ieq: 4
INFO:R0@tkref=3.9111: Summary: Optimization terminated successfully. after 1 it.
DEBUG:R0@tkref=3.9111: $$$$$$$$ CONFLICT LIST $$$$$$$$: []
INFO:R0: --------------------------
INFO:R0@tkref=4.2667: Time to solve stand alone optimization problem: 0.0209369659424
INFO:R0@tkref=4.2667: N of unsatisfied eq: 3
INFO:R0@tkref=4.2667: N of unsatisfied ieq: 5
INFO:R0@tkref=4.2667: Summary: Optimization terminated successfully. after 1 it.
DEBUG:R0@tkref=4.2667: $$$$$$$$ CONFLICT LIST $$$$$$$$: []
INFO:R0: --------------------------
INFO:R0@tkref=4.6222: Time to solve stand alone optimization problem: 0.0207588672638
INFO:R0@tkref=4.6222: N of unsatisfied eq: 4
INFO:R0@tkref=4.6222: N of unsatisfied ieq: 6
INFO:R0@tkref=4.6222: Summary: Optimization terminated successfully. after 1 it.
DEBUG:R0@tkref=4.6222: $$$$$$$$ CONFLICT LIST $$$$$$$$: []
INFO:R0: --------------------------
INFO:R0@tkref=4.9778: Time to solve stand alone optimization problem: 0.020870923996
INFO:R0@tkref=4.9778: N of unsatisfied eq: 4
INFO:R0@tkref=4.9778: N of unsatisfied ieq: 6
INFO:R0@tkref=4.9778: Summary: Optimization terminated successfully. after 1 it.
DEBUG:R0@tkref=4.9778: $$$$$$$$ CONFLICT LIST $$$$$$$$: []
INFO:R0: --------------------------
INFO:R0@tkref=5.3333: Time to solve stand alone optimization problem: 0.0206949710846
INFO:R0@tkref=5.3333: N of unsatisfied eq: 3
INFO:R0@tkref=5.3333: N of unsatisfied ieq: 7
INFO:R0@tkref=5.3333: Summary: Optimization terminated successfully. after 1 it.
DEBUG:R0@tkref=5.3333: $$$$$$$$ CONFLICT LIST $$$$$$$$: []
INFO:R0: --------------------------
INFO:R0@tkref=5.6889: Time to solve stand alone optimization problem: 0.0208859443665
INFO:R0@tkref=5.6889: N of unsatisfied eq: 5
INFO:R0@tkref=5.6889: N of unsatisfied ieq: 6
INFO:R0@tkref=5.6889: Summary: Optimization terminated successfully. after 1 it.
DEBUG:R0@tkref=5.6889: $$$$$$$$ CONFLICT LIST $$$$$$$$: []
INFO:R0: --------------------------
INFO:R0@tkref=6.0444: Time to solve stand alone optimization problem: 0.0208339691162
INFO:R0@tkref=6.0444: N of unsatisfied eq: 3
INFO:R0@tkref=6.0444: N of unsatisfied ieq: 6
INFO:R0@tkref=6.0444: Summary: Optimization terminated successfully. after 1 it.
DEBUG:R0@tkref=6.0444: $$$$$$$$ CONFLICT LIST $$$$$$$$: []
INFO:R0: --------------------------
DEBUG:R0: LAST STEP
DEBUG:R0: Approx remaining dist: 0.74867701744
DEBUG:R0: Usual approx plan dist: 3.2
DEBUG:R0: Approx gain in dist: 2.45132298256
DEBUG:R0: Last step min dist: 0.5
INFO:R0: scale 0.23396156795 Ns 7 Nk 3
INFO:R0@tkref=6.4000: Time to solve stand alone optimization problem: 0.361423969269
INFO:R0@tkref=6.4000: N of unsatisfied eq: 10
INFO:R0@tkref=6.4000: N of unsatisfied ieq: 4
INFO:R0@tkref=6.4000: Summary: Iteration limit exceeded after 26 it.
DEBUG:R0@tkref=6.4000: $$$$$$$$ CONFLICT LIST $$$$$$$$: []
INFO:R0: Finished motion planning
INFO:R0: --------------------------
INFO:R0: TOT: 7.24138460376
INFO:R0: NSE: 19
INFO:R0: FIR: 0.862393856049
INFO:R0: LAS: 0.362153053284
INFO:R0: LMA: 1
INFO:R0: MAX: 0.127785921097
INFO:R0: MIN: 0.0210869312286
INFO:R0: AVG: 0.0317780691035
INFO:R0: RMP: 0.359397903085
INFO:R0: RMG: 1.01855546236
