DEBUG:R0: Using Tc_p = 1.48
DEBUG:R0: Using Tc_d = 1.48
INFO:R0: Init motion planning
INFO:R0@tkref=0.0000: Time to solve stand alone optimization problem: 0.920430898666
INFO:R0@tkref=0.0000: N of unsatisfied eq: 5
INFO:R0@tkref=0.0000: N of unsatisfied ieq: 9
INFO:R0@tkref=0.0000: Summary: Iteration limit exceeded after 41 it.
DEBUG:R0@tkref=0.0000: $$$$$$$$ CONFLICT LIST $$$$$$$$: []
INFO:R0: --------------------------
INFO:R0@tkref=1.4800: Time to solve stand alone optimization problem: 0.0234351158142
INFO:R0@tkref=1.4800: N of unsatisfied eq: 3
INFO:R0@tkref=1.4800: N of unsatisfied ieq: 7
INFO:R0@tkref=1.4800: Summary: Optimization terminated successfully. after 1 it.
DEBUG:R0@tkref=1.4800: $$$$$$$$ CONFLICT LIST $$$$$$$$: []
INFO:R0: --------------------------
INFO:R0@tkref=2.9600: Time to solve stand alone optimization problem: 0.0231561660767
INFO:R0@tkref=2.9600: N of unsatisfied eq: 3
INFO:R0@tkref=2.9600: N of unsatisfied ieq: 5
INFO:R0@tkref=2.9600: Summary: Optimization terminated successfully. after 1 it.
DEBUG:R0@tkref=2.9600: $$$$$$$$ CONFLICT LIST $$$$$$$$: []
INFO:R0: --------------------------
INFO:R0@tkref=4.4400: Time to solve stand alone optimization problem: 0.0220828056335
INFO:R0@tkref=4.4400: N of unsatisfied eq: 4
INFO:R0@tkref=4.4400: N of unsatisfied ieq: 6
INFO:R0@tkref=4.4400: Summary: Optimization terminated successfully. after 1 it.
DEBUG:R0@tkref=4.4400: $$$$$$$$ CONFLICT LIST $$$$$$$$: []
INFO:R0: --------------------------
DEBUG:R0: LAST STEP
DEBUG:R0: Approx remaining dist: 1.32604417934
DEBUG:R0: Usual approx plan dist: 3.7
DEBUG:R0: Approx gain in dist: 2.37395582066
DEBUG:R0: Last step min dist: 0.5
INFO:R0: scale 0.35839031874 Ns 7 Nk 3
INFO:R0@tkref=5.9200: Time to solve stand alone optimization problem: 0.363788843155
INFO:R0@tkref=5.9200: N of unsatisfied eq: 10
INFO:R0@tkref=5.9200: N of unsatisfied ieq: 4
INFO:R0@tkref=5.9200: Summary: Iteration limit exceeded after 26 it.
DEBUG:R0@tkref=5.9200: $$$$$$$$ CONFLICT LIST $$$$$$$$: []
INFO:R0: Finished motion planning
INFO:R0: --------------------------
INFO:R0: TOT: 7.41030922259
INFO:R0: NSE: 5
INFO:R0: FIR: 0.921607017517
INFO:R0: LAS: 0.364565849304
INFO:R0: LMA: 1
INFO:R0: MAX: 0.0241050720215
INFO:R0: MIN: 0.0227348804474
INFO:R0: AVG: 0.0235613187154
INFO:R0: RMP: 0.0162872108253
INFO:R0: RMG: 0.246328276557
