DEBUG:R0: Using Tc_p = 1.77777777778
DEBUG:R0: Using Tc_d = 1.77777777778
INFO:R0: Init motion planning
INFO:R0@tkref=0.0000: Time to solve stand alone optimization problem: 0.87636590004
INFO:R0@tkref=0.0000: N of unsatisfied eq: 4
INFO:R0@tkref=0.0000: N of unsatisfied ieq: 5
INFO:R0@tkref=0.0000: Summary: Iteration limit exceeded after 41 it.
DEBUG:R0@tkref=0.0000: $$$$$$$$ CONFLICT LIST $$$$$$$$: []
INFO:R0: --------------------------
INFO:R0@tkref=1.7778: Time to solve stand alone optimization problem: 0.0226650238037
INFO:R0@tkref=1.7778: N of unsatisfied eq: 3
INFO:R0@tkref=1.7778: N of unsatisfied ieq: 3
INFO:R0@tkref=1.7778: Summary: Optimization terminated successfully. after 1 it.
DEBUG:R0@tkref=1.7778: $$$$$$$$ CONFLICT LIST $$$$$$$$: []
INFO:R0: --------------------------
INFO:R0@tkref=3.5556: Time to solve stand alone optimization problem: 0.0215108394623
INFO:R0@tkref=3.5556: N of unsatisfied eq: 5
INFO:R0@tkref=3.5556: N of unsatisfied ieq: 4
INFO:R0@tkref=3.5556: Summary: Optimization terminated successfully. after 1 it.
DEBUG:R0@tkref=3.5556: $$$$$$$$ CONFLICT LIST $$$$$$$$: []
INFO:R0: --------------------------
DEBUG:R0: LAST STEP
DEBUG:R0: Approx remaining dist: 1.79587448797
DEBUG:R0: Usual approx plan dist: 2.0
DEBUG:R0: Approx gain in dist: 0.204125512028
DEBUG:R0: Last step min dist: 0.5
INFO:R0: scale 0.897937243986 Ns 9 Nk 4
INFO:R0@tkref=5.3333: Time to solve stand alone optimization problem: 0.472587823868
INFO:R0@tkref=5.3333: N of unsatisfied eq: 10
INFO:R0@tkref=5.3333: N of unsatisfied ieq: 6
INFO:R0@tkref=5.3333: Summary: Iteration limit exceeded after 26 it.
DEBUG:R0@tkref=5.3333: $$$$$$$$ CONFLICT LIST $$$$$$$$: []
INFO:R0: Finished motion planning
INFO:R0: --------------------------
INFO:R0: TOT: 7.2885558532
INFO:R0: NSE: 4
INFO:R0: FIR: 0.877724885941
INFO:R0: LAS: 0.473328113556
INFO:R0: LMA: 1
INFO:R0: MAX: 0.0233178138733
INFO:R0: MIN: 0.0221569538116
INFO:R0: AVG: 0.0227373838425
INFO:R0: RMP: 0.0131162703037
INFO:R0: RMG: 0.266247063875
