DEBUG:R0: Using Tc_p = 0.966666666667
DEBUG:R0: Using Tc_d = 0.966666666667
INFO:R0: Init motion planning
INFO:R0@tkref=0.0000: Time to solve stand alone optimization problem: 0.941784143448
INFO:R0@tkref=0.0000: N of unsatisfied eq: 5
INFO:R0@tkref=0.0000: N of unsatisfied ieq: 6
INFO:R0@tkref=0.0000: Summary: Iteration limit exceeded after 41 it.
DEBUG:R0@tkref=0.0000: $$$$$$$$ CONFLICT LIST $$$$$$$$: []
INFO:R0: --------------------------
INFO:R0@tkref=0.9667: Time to solve stand alone optimization problem: 0.0699529647827
INFO:R0@tkref=0.9667: N of unsatisfied eq: 3
INFO:R0@tkref=0.9667: N of unsatisfied ieq: 7
INFO:R0@tkref=0.9667: Summary: Optimization terminated successfully. after 3 it.
DEBUG:R0@tkref=0.9667: $$$$$$$$ CONFLICT LIST $$$$$$$$: []
INFO:R0: --------------------------
INFO:R0@tkref=1.9333: Time to solve stand alone optimization problem: 0.0239961147308
INFO:R0@tkref=1.9333: N of unsatisfied eq: 3
INFO:R0@tkref=1.9333: N of unsatisfied ieq: 5
INFO:R0@tkref=1.9333: Summary: Optimization terminated successfully. after 1 it.
DEBUG:R0@tkref=1.9333: $$$$$$$$ CONFLICT LIST $$$$$$$$: []
INFO:R0: --------------------------
INFO:R0@tkref=2.9000: Time to solve stand alone optimization problem: 0.0225050449371
INFO:R0@tkref=2.9000: N of unsatisfied eq: 3
INFO:R0@tkref=2.9000: N of unsatisfied ieq: 5
INFO:R0@tkref=2.9000: Summary: Optimization terminated successfully. after 1 it.
DEBUG:R0@tkref=2.9000: $$$$$$$$ CONFLICT LIST $$$$$$$$: []
INFO:R0: --------------------------
INFO:R0@tkref=3.8667: Time to solve stand alone optimization problem: 0.0224978923798
INFO:R0@tkref=3.8667: N of unsatisfied eq: 4
INFO:R0@tkref=3.8667: N of unsatisfied ieq: 4
INFO:R0@tkref=3.8667: Summary: Optimization terminated successfully. after 1 it.
DEBUG:R0@tkref=3.8667: $$$$$$$$ CONFLICT LIST $$$$$$$$: []
INFO:R0: --------------------------
INFO:R0@tkref=4.8333: Time to solve stand alone optimization problem: 0.0227999687195
INFO:R0@tkref=4.8333: N of unsatisfied eq: 3
INFO:R0@tkref=4.8333: N of unsatisfied ieq: 5
INFO:R0@tkref=4.8333: Summary: Optimization terminated successfully. after 1 it.
DEBUG:R0@tkref=4.8333: $$$$$$$$ CONFLICT LIST $$$$$$$$: []
INFO:R0: --------------------------
DEBUG:R0: LAST STEP
DEBUG:R0: Approx remaining dist: 1.32807794232
DEBUG:R0: Usual approx plan dist: 2.9
DEBUG:R0: Approx gain in dist: 1.57192205768
DEBUG:R0: Last step min dist: 0.5
INFO:R0: scale 0.457957911144 Ns 7 Nk 3
INFO:R0@tkref=5.8000: Time to solve stand alone optimization problem: 0.359045982361
INFO:R0@tkref=5.8000: N of unsatisfied eq: 10
INFO:R0@tkref=5.8000: N of unsatisfied ieq: 4
INFO:R0@tkref=5.8000: Summary: Iteration limit exceeded after 26 it.
DEBUG:R0@tkref=5.8000: $$$$$$$$ CONFLICT LIST $$$$$$$$: []
INFO:R0: Finished motion planning
INFO:R0: --------------------------
INFO:R0: TOT: 7.29271907225
INFO:R0: NSE: 7
INFO:R0: FIR: 0.942979097366
INFO:R0: LAS: 0.359782934189
INFO:R0: LMA: 1
INFO:R0: MAX: 0.0706160068512
INFO:R0: MIN: 0.0231359004974
INFO:R0: AVG: 0.032995223999
INFO:R0: RMP: 0.0730510415702
INFO:R0: RMG: 0.372189242264
