DEBUG:R0: Using Tc_p = 0.84
DEBUG:R0: Using Tc_d = 0.84
INFO:R0: Init motion planning
INFO:R0@tkref=0.0000: Time to solve stand alone optimization problem: 0.926405906677
INFO:R0@tkref=0.0000: N of unsatisfied eq: 5
INFO:R0@tkref=0.0000: N of unsatisfied ieq: 9
INFO:R0@tkref=0.0000: Summary: Iteration limit exceeded after 41 it.
DEBUG:R0@tkref=0.0000: $$$$$$$$ CONFLICT LIST $$$$$$$$: []
INFO:R0: --------------------------
INFO:R0@tkref=0.8400: Time to solve stand alone optimization problem: 0.0237219333649
INFO:R0@tkref=0.8400: N of unsatisfied eq: 3
INFO:R0@tkref=0.8400: N of unsatisfied ieq: 4
INFO:R0@tkref=0.8400: Summary: Optimization terminated successfully. after 1 it.
DEBUG:R0@tkref=0.8400: $$$$$$$$ CONFLICT LIST $$$$$$$$: []
INFO:R0: --------------------------
INFO:R0@tkref=1.6800: Time to solve stand alone optimization problem: 0.0236039161682
INFO:R0@tkref=1.6800: N of unsatisfied eq: 3
INFO:R0@tkref=1.6800: N of unsatisfied ieq: 7
INFO:R0@tkref=1.6800: Summary: Optimization terminated successfully. after 1 it.
DEBUG:R0@tkref=1.6800: $$$$$$$$ CONFLICT LIST $$$$$$$$: []
INFO:R0: --------------------------
INFO:R0@tkref=2.5200: Time to solve stand alone optimization problem: 0.0461840629578
INFO:R0@tkref=2.5200: N of unsatisfied eq: 3
INFO:R0@tkref=2.5200: N of unsatisfied ieq: 8
INFO:R0@tkref=2.5200: Summary: Optimization terminated successfully. after 2 it.
DEBUG:R0@tkref=2.5200: $$$$$$$$ CONFLICT LIST $$$$$$$$: []
INFO:R0: --------------------------
INFO:R0@tkref=3.3600: Time to solve stand alone optimization problem: 0.0457620620728
INFO:R0@tkref=3.3600: N of unsatisfied eq: 3
INFO:R0@tkref=3.3600: N of unsatisfied ieq: 8
INFO:R0@tkref=3.3600: Summary: Optimization terminated successfully. after 2 it.
DEBUG:R0@tkref=3.3600: $$$$$$$$ CONFLICT LIST $$$$$$$$: []
INFO:R0: --------------------------
INFO:R0@tkref=4.2000: Time to solve stand alone optimization problem: 0.0232579708099
INFO:R0@tkref=4.2000: N of unsatisfied eq: 3
INFO:R0@tkref=4.2000: N of unsatisfied ieq: 6
INFO:R0@tkref=4.2000: Summary: Optimization terminated successfully. after 1 it.
DEBUG:R0@tkref=4.2000: $$$$$$$$ CONFLICT LIST $$$$$$$$: []
INFO:R0: --------------------------
INFO:R0@tkref=5.0400: Time to solve stand alone optimization problem: 0.0226099491119
INFO:R0@tkref=5.0400: N of unsatisfied eq: 4
INFO:R0@tkref=5.0400: N of unsatisfied ieq: 7
INFO:R0@tkref=5.0400: Summary: Optimization terminated successfully. after 1 it.
DEBUG:R0@tkref=5.0400: $$$$$$$$ CONFLICT LIST $$$$$$$$: []
INFO:R0: --------------------------
DEBUG:R0: LAST STEP
DEBUG:R0: Approx remaining dist: 1.30674944394
DEBUG:R0: Usual approx plan dist: 2.8
DEBUG:R0: Approx gain in dist: 1.49325055606
DEBUG:R0: Last step min dist: 0.5
INFO:R0: scale 0.466696229978 Ns 7 Nk 3
INFO:R0@tkref=5.8800: Time to solve stand alone optimization problem: 0.367686986923
INFO:R0@tkref=5.8800: N of unsatisfied eq: 10
INFO:R0@tkref=5.8800: N of unsatisfied ieq: 4
INFO:R0@tkref=5.8800: Summary: Iteration limit exceeded after 26 it.
DEBUG:R0@tkref=5.8800: $$$$$$$$ CONFLICT LIST $$$$$$$$: []
INFO:R0: Finished motion planning
INFO:R0: --------------------------
INFO:R0: TOT: 7.34862330859
INFO:R0: NSE: 8
INFO:R0: FIR: 0.928224086761
INFO:R0: LAS: 0.368427991867
INFO:R0: LMA: 1
INFO:R0: MAX: 0.0468349456787
INFO:R0: MIN: 0.0233070850372
INFO:R0: AVG: 0.031519651413
INFO:R0: RMP: 0.0557558877128
INFO:R0: RMG: 0.438604752223
