DEBUG:R0: Using Tc_p = 1.66666666667
DEBUG:R0: Using Tc_d = 1.66666666667
INFO:R0: Init motion planning
INFO:R0@tkref=0.0000: Time to solve stand alone optimization problem: 1.36973810196
INFO:R0@tkref=0.0000: N of unsatisfied eq: 5
INFO:R0@tkref=0.0000: N of unsatisfied ieq: 5
INFO:R0@tkref=0.0000: Summary: Iteration limit exceeded after 41 it.
DEBUG:R0@tkref=0.0000: $$$$$$$$ CONFLICT LIST $$$$$$$$: []
INFO:R0: --------------------------
INFO:R0@tkref=1.6667: Time to solve stand alone optimization problem: 0.23529291153
INFO:R0@tkref=1.6667: N of unsatisfied eq: 1
INFO:R0@tkref=1.6667: N of unsatisfied ieq: 7
INFO:R0@tkref=1.6667: Summary: Optimization terminated successfully. after 6 it.
DEBUG:R0@tkref=1.6667: $$$$$$$$ CONFLICT LIST $$$$$$$$: []
INFO:R0: --------------------------
INFO:R0@tkref=3.3333: Time to solve stand alone optimization problem: 0.347715139389
INFO:R0@tkref=3.3333: N of unsatisfied eq: 3
INFO:R0@tkref=3.3333: N of unsatisfied ieq: 7
INFO:R0@tkref=3.3333: Summary: Optimization terminated successfully. after 9 it.
DEBUG:R0@tkref=3.3333: $$$$$$$$ CONFLICT LIST $$$$$$$$: []
INFO:R0: --------------------------
INFO:R0@tkref=5.0000: Time to solve stand alone optimization problem: 0.118348121643
INFO:R0@tkref=5.0000: N of unsatisfied eq: 3
INFO:R0@tkref=5.0000: N of unsatisfied ieq: 6
INFO:R0@tkref=5.0000: Summary: Optimization terminated successfully. after 3 it.
DEBUG:R0@tkref=5.0000: $$$$$$$$ CONFLICT LIST $$$$$$$$: []
INFO:R0: --------------------------
DEBUG:R0: LAST STEP
DEBUG:R0: Approx remaining dist: 0.771011707204
DEBUG:R0: Usual approx plan dist: 3.0
DEBUG:R0: Approx gain in dist: 2.2289882928
DEBUG:R0: Last step min dist: 0.5
INFO:R0: scale 0.257003902401 Ns 7 Nk 3
INFO:R0@tkref=6.6667: Time to solve stand alone optimization problem: 0.552830934525
INFO:R0@tkref=6.6667: N of unsatisfied eq: 10
INFO:R0@tkref=6.6667: N of unsatisfied ieq: 4
INFO:R0@tkref=6.6667: Summary: Iteration limit exceeded after 26 it.
DEBUG:R0@tkref=6.6667: $$$$$$$$ CONFLICT LIST $$$$$$$$: []
INFO:R0: Finished motion planning
INFO:R0: --------------------------
INFO:R0: TOT: 7.53316058452
INFO:R0: NSE: 5
INFO:R0: FIR: 1.37106895447
INFO:R0: LAS: 0.553654193878
INFO:R0: LMA: 1
INFO:R0: MAX: 0.348505020142
INFO:R0: MIN: 0.119272947311
INFO:R0: AVG: 0.234646638234
INFO:R0: RMP: 0.209103012085
INFO:R0: RMG: 0.332192516327
