DEBUG:R0: Using Tc_p = 2.25
DEBUG:R0: Using Tc_d = 2.25
INFO:R0: Init motion planning
INFO:R0@tkref=0.0000: Time to solve stand alone optimization problem: 1.55573892593
INFO:R0@tkref=0.0000: N of unsatisfied eq: 4
INFO:R0@tkref=0.0000: N of unsatisfied ieq: 8
INFO:R0@tkref=0.0000: Summary: Iteration limit exceeded after 41 it.
DEBUG:R0@tkref=0.0000: $$$$$$$$ CONFLICT LIST $$$$$$$$: []
INFO:R0: --------------------------
INFO:R0@tkref=2.2500: Time to solve stand alone optimization problem: 0.295527935028
INFO:R0@tkref=2.2500: N of unsatisfied eq: 3
INFO:R0@tkref=2.2500: N of unsatisfied ieq: 8
INFO:R0@tkref=2.2500: Summary: Optimization terminated successfully. after 7 it.
DEBUG:R0@tkref=2.2500: $$$$$$$$ CONFLICT LIST $$$$$$$$: []
INFO:R0: --------------------------
INFO:R0@tkref=4.5000: Time to solve stand alone optimization problem: 0.300728797913
INFO:R0@tkref=4.5000: N of unsatisfied eq: 3
INFO:R0@tkref=4.5000: N of unsatisfied ieq: 8
INFO:R0@tkref=4.5000: Summary: Optimization terminated successfully. after 7 it.
DEBUG:R0@tkref=4.5000: $$$$$$$$ CONFLICT LIST $$$$$$$$: []
INFO:R0: --------------------------
DEBUG:R0: LAST STEP
DEBUG:R0: Approx remaining dist: 0.733220214052
DEBUG:R0: Usual approx plan dist: 4.5
DEBUG:R0: Approx gain in dist: 3.76677978595
DEBUG:R0: Last step min dist: 0.5
INFO:R0: scale 0.162937825345 Ns 7 Nk 3
INFO:R0@tkref=6.7500: Time to solve stand alone optimization problem: 0.497377157211
INFO:R0@tkref=6.7500: N of unsatisfied eq: 10
INFO:R0@tkref=6.7500: N of unsatisfied ieq: 3
INFO:R0@tkref=6.7500: Summary: Iteration limit exceeded after 26 it.
DEBUG:R0@tkref=6.7500: $$$$$$$$ CONFLICT LIST $$$$$$$$: []
INFO:R0: Finished motion planning
INFO:R0: --------------------------
INFO:R0: TOT: 7.57674544094
INFO:R0: NSE: 4
INFO:R0: FIR: 1.55755996704
INFO:R0: LAS: 0.498224020004
INFO:R0: LMA: 1
INFO:R0: MAX: 0.301551103592
INFO:R0: MIN: 0.296356916428
INFO:R0: AVG: 0.29895401001
INFO:R0: RMP: 0.134022712708
INFO:R0: RMG: 0.22143289778
