DEBUG:R0: Using Tc_p = 1.54545454545
DEBUG:R0: Using Tc_d = 1.54545454545
INFO:R0: Init motion planning
INFO:R0@tkref=0.0000: Time to solve stand alone optimization problem: 1.07994103432
INFO:R0@tkref=0.0000: N of unsatisfied eq: 5
INFO:R0@tkref=0.0000: N of unsatisfied ieq: 10
INFO:R0@tkref=0.0000: Summary: Iteration limit exceeded after 41 it.
DEBUG:R0@tkref=0.0000: $$$$$$$$ CONFLICT LIST $$$$$$$$: []
INFO:R0: --------------------------
INFO:R0@tkref=1.5455: Time to solve stand alone optimization problem: 0.0275249481201
INFO:R0@tkref=1.5455: N of unsatisfied eq: 3
INFO:R0@tkref=1.5455: N of unsatisfied ieq: 4
INFO:R0@tkref=1.5455: Summary: Optimization terminated successfully. after 1 it.
DEBUG:R0@tkref=1.5455: $$$$$$$$ CONFLICT LIST $$$$$$$$: []
INFO:R0: --------------------------
INFO:R0@tkref=3.0909: Time to solve stand alone optimization problem: 0.0265190601349
INFO:R0@tkref=3.0909: N of unsatisfied eq: 4
INFO:R0@tkref=3.0909: N of unsatisfied ieq: 6
INFO:R0@tkref=3.0909: Summary: Optimization terminated successfully. after 1 it.
DEBUG:R0@tkref=3.0909: $$$$$$$$ CONFLICT LIST $$$$$$$$: []
INFO:R0: --------------------------
INFO:R0@tkref=4.6364: Time to solve stand alone optimization problem: 0.0258750915527
INFO:R0@tkref=4.6364: N of unsatisfied eq: 2
INFO:R0@tkref=4.6364: N of unsatisfied ieq: 5
INFO:R0@tkref=4.6364: Summary: Optimization terminated successfully. after 1 it.
DEBUG:R0@tkref=4.6364: $$$$$$$$ CONFLICT LIST $$$$$$$$: []
INFO:R0: --------------------------
DEBUG:R0: LAST STEP
DEBUG:R0: Approx remaining dist: 0.9129648139
DEBUG:R0: Usual approx plan dist: 1.7
DEBUG:R0: Approx gain in dist: 0.7870351861
DEBUG:R0: Last step min dist: 0.5
INFO:R0: scale 0.537038125823 Ns 7 Nk 3
INFO:R0@tkref=6.1818: Time to solve stand alone optimization problem: 0.371062994003
INFO:R0@tkref=6.1818: N of unsatisfied eq: 10
INFO:R0@tkref=6.1818: N of unsatisfied ieq: 4
INFO:R0@tkref=6.1818: Summary: Iteration limit exceeded after 26 it.
DEBUG:R0@tkref=6.1818: $$$$$$$$ CONFLICT LIST $$$$$$$$: []
INFO:R0: Finished motion planning
INFO:R0: --------------------------
INFO:R0: TOT: 7.20784753791
INFO:R0: NSE: 5
INFO:R0: FIR: 1.08116698265
INFO:R0: LAS: 0.371835947037
INFO:R0: LMA: 1
INFO:R0: MAX: 0.0282180309296
INFO:R0: MIN: 0.0265369415283
INFO:R0: AVG: 0.0273119608561
INFO:R0: RMP: 0.0182587258956
INFO:R0: RMG: 0.240599730436
