DEBUG:R0: Using Tc_p = 1.5
DEBUG:R0: Using Tc_d = 1.5
INFO:R0: Init motion planning
INFO:R0@tkref=0.0000: Time to solve stand alone optimization problem: 1.33696389198
INFO:R0@tkref=0.0000: N of unsatisfied eq: 5
INFO:R0@tkref=0.0000: N of unsatisfied ieq: 6
INFO:R0@tkref=0.0000: Summary: Iteration limit exceeded after 41 it.
DEBUG:R0@tkref=0.0000: $$$$$$$$ CONFLICT LIST $$$$$$$$: []
INFO:R0: --------------------------
INFO:R0@tkref=1.5000: Time to solve stand alone optimization problem: 0.255311965942
INFO:R0@tkref=1.5000: N of unsatisfied eq: 2
INFO:R0@tkref=1.5000: N of unsatisfied ieq: 6
INFO:R0@tkref=1.5000: Summary: Optimization terminated successfully. after 7 it.
DEBUG:R0@tkref=1.5000: $$$$$$$$ CONFLICT LIST $$$$$$$$: []
INFO:R0: --------------------------
INFO:R0@tkref=3.0000: Time to solve stand alone optimization problem: 0.575955867767
INFO:R0@tkref=3.0000: N of unsatisfied eq: 2
INFO:R0@tkref=3.0000: N of unsatisfied ieq: 6
INFO:R0@tkref=3.0000: Summary: Iteration limit exceeded after 16 it.
DEBUG:R0@tkref=3.0000: $$$$$$$$ CONFLICT LIST $$$$$$$$: []
INFO:R0: --------------------------
INFO:R0@tkref=4.5000: Time to solve stand alone optimization problem: 0.588267087936
INFO:R0@tkref=4.5000: N of unsatisfied eq: 2
INFO:R0@tkref=4.5000: N of unsatisfied ieq: 4
INFO:R0@tkref=4.5000: Summary: Iteration limit exceeded after 16 it.
DEBUG:R0@tkref=4.5000: $$$$$$$$ CONFLICT LIST $$$$$$$$: []
INFO:R0: --------------------------
INFO:R0@tkref=6.0000: Time to solve stand alone optimization problem: 0.587334871292
INFO:R0@tkref=6.0000: N of unsatisfied eq: 3
INFO:R0@tkref=6.0000: N of unsatisfied ieq: 7
INFO:R0@tkref=6.0000: Summary: Iteration limit exceeded after 16 it.
DEBUG:R0@tkref=6.0000: $$$$$$$$ CONFLICT LIST $$$$$$$$: []
INFO:R0: --------------------------
INFO:R0@tkref=7.5000: Time to solve stand alone optimization problem: 0.591419935226
INFO:R0@tkref=7.5000: N of unsatisfied eq: 2
INFO:R0@tkref=7.5000: N of unsatisfied ieq: 6
INFO:R0@tkref=7.5000: Summary: Iteration limit exceeded after 16 it.
DEBUG:R0@tkref=7.5000: $$$$$$$$ CONFLICT LIST $$$$$$$$: []
INFO:R0: --------------------------
DEBUG:R0: LAST STEP
DEBUG:R0: Approx remaining dist: 1.91236636296
DEBUG:R0: Usual approx plan dist: 4.5
DEBUG:R0: Approx gain in dist: 2.58763363704
DEBUG:R0: Last step min dist: 0.5
INFO:R0: scale 0.424970302881 Ns 7 Nk 3
INFO:R0@tkref=9.0000: Time to solve stand alone optimization problem: 0.568979024887
INFO:R0@tkref=9.0000: N of unsatisfied eq: 10
INFO:R0@tkref=9.0000: N of unsatisfied ieq: 3
INFO:R0@tkref=9.0000: Summary: Iteration limit exceeded after 26 it.
DEBUG:R0@tkref=9.0000: $$$$$$$$ CONFLICT LIST $$$$$$$$: []
INFO:R0: Finished motion planning
INFO:R0: --------------------------
INFO:R0: TOT: 11.1533594855
INFO:R0: NSE: 7
INFO:R0: FIR: 1.33836197853
INFO:R0: LAS: 0.570296049118
INFO:R0: LMA: 0
INFO:R0: MAX: 0.592247009277
INFO:R0: MIN: 0.25617480278
INFO:R0: AVG: 0.520546913147
INFO:R0: RMP: 0.394831339518
INFO:R0: RMG: 0.394831339518
