DEBUG:R0: Using Tc_p = 1.68
DEBUG:R0: Using Tc_d = 1.68
INFO:R0: Init motion planning
INFO:R0@tkref=0.0000: Time to solve stand alone optimization problem: 1.57648706436
INFO:R0@tkref=0.0000: N of unsatisfied eq: 5
INFO:R0@tkref=0.0000: N of unsatisfied ieq: 9
INFO:R0@tkref=0.0000: Summary: Iteration limit exceeded after 41 it.
DEBUG:R0@tkref=0.0000: $$$$$$$$ CONFLICT LIST $$$$$$$$: []
INFO:R0: --------------------------
INFO:R0@tkref=1.6800: Time to solve stand alone optimization problem: 0.349826097488
INFO:R0@tkref=1.6800: N of unsatisfied eq: 3
INFO:R0@tkref=1.6800: N of unsatisfied ieq: 8
INFO:R0@tkref=1.6800: Summary: Optimization terminated successfully. after 8 it.
DEBUG:R0@tkref=1.6800: $$$$$$$$ CONFLICT LIST $$$$$$$$: []
INFO:R0: --------------------------
INFO:R0@tkref=3.3600: Time to solve stand alone optimization problem: 0.261521816254
INFO:R0@tkref=3.3600: N of unsatisfied eq: 2
INFO:R0@tkref=3.3600: N of unsatisfied ieq: 7
INFO:R0@tkref=3.3600: Summary: Optimization terminated successfully. after 6 it.
DEBUG:R0@tkref=3.3600: $$$$$$$$ CONFLICT LIST $$$$$$$$: []
INFO:R0: --------------------------
DEBUG:R0: LAST STEP
DEBUG:R0: Approx remaining dist: 2.2985071793
DEBUG:R0: Usual approx plan dist: 4.2
DEBUG:R0: Approx gain in dist: 1.9014928207
DEBUG:R0: Last step min dist: 0.5
INFO:R0: scale 0.54726361412 Ns 7 Nk 3
INFO:R0@tkref=5.0400: Time to solve stand alone optimization problem: 0.566219091415
INFO:R0@tkref=5.0400: N of unsatisfied eq: 10
INFO:R0@tkref=5.0400: N of unsatisfied ieq: 3
INFO:R0@tkref=5.0400: Summary: Iteration limit exceeded after 26 it.
DEBUG:R0@tkref=5.0400: $$$$$$$$ CONFLICT LIST $$$$$$$$: []
INFO:R0: Finished motion planning
INFO:R0: --------------------------
INFO:R0: TOT: 7.70304316168
INFO:R0: NSE: 4
INFO:R0: FIR: 1.57798695564
INFO:R0: LAS: 0.567056894302
INFO:R0: LMA: 1
INFO:R0: MAX: 0.350606918335
INFO:R0: MIN: 0.262334108353
INFO:R0: AVG: 0.306470513344
INFO:R0: RMP: 0.208694594247
INFO:R0: RMG: 0.337533865656
