DEBUG:R0: Using Tc_p = 2.1
DEBUG:R0: Using Tc_d = 2.1
INFO:R0: Init motion planning
INFO:R0@tkref=0.0000: Time to solve stand alone optimization problem: 1.44204306602
INFO:R0@tkref=0.0000: N of unsatisfied eq: 3
INFO:R0@tkref=0.0000: N of unsatisfied ieq: 6
INFO:R0@tkref=0.0000: Summary: Iteration limit exceeded after 41 it.
DEBUG:R0@tkref=0.0000: $$$$$$$$ CONFLICT LIST $$$$$$$$: []
INFO:R0: --------------------------
INFO:R0@tkref=2.1000: Time to solve stand alone optimization problem: 0.556180000305
INFO:R0@tkref=2.1000: N of unsatisfied eq: 3
INFO:R0@tkref=2.1000: N of unsatisfied ieq: 8
INFO:R0@tkref=2.1000: Summary: Optimization terminated successfully. after 14 it.
DEBUG:R0@tkref=2.1000: $$$$$$$$ CONFLICT LIST $$$$$$$$: []
INFO:R0: --------------------------
INFO:R0@tkref=4.2000: Time to solve stand alone optimization problem: 0.284780979156
INFO:R0@tkref=4.2000: N of unsatisfied eq: 3
INFO:R0@tkref=4.2000: N of unsatisfied ieq: 7
INFO:R0@tkref=4.2000: Summary: Optimization terminated successfully. after 7 it.
DEBUG:R0@tkref=4.2000: $$$$$$$$ CONFLICT LIST $$$$$$$$: []
INFO:R0: --------------------------
DEBUG:R0: LAST STEP
DEBUG:R0: Approx remaining dist: 1.05649539817
DEBUG:R0: Usual approx plan dist: 2.7
DEBUG:R0: Approx gain in dist: 1.64350460183
DEBUG:R0: Last step min dist: 0.5
INFO:R0: scale 0.391294591914 Ns 7 Nk 3
INFO:R0@tkref=6.3000: Time to solve stand alone optimization problem: 0.492145061493
INFO:R0@tkref=6.3000: N of unsatisfied eq: 10
INFO:R0@tkref=6.3000: N of unsatisfied ieq: 4
INFO:R0@tkref=6.3000: Summary: Iteration limit exceeded after 26 it.
DEBUG:R0@tkref=6.3000: $$$$$$$$ CONFLICT LIST $$$$$$$$: []
INFO:R0: Finished motion planning
INFO:R0: --------------------------
INFO:R0: TOT: 7.484279138
INFO:R0: NSE: 4
INFO:R0: FIR: 1.44359493256
INFO:R0: LAS: 0.49299287796
INFO:R0: LMA: 0
INFO:R0: MAX: 0.556994915009
INFO:R0: MIN: 0.285599946976
INFO:R0: AVG: 0.421297430992
INFO:R0: RMP: 0.265235673814
INFO:R0: RMG: 0.265235673814
