DEBUG:R0: Using Tc_p = 0.377777777778
DEBUG:R0: Using Tc_d = 0.377777777778
INFO:R0: Init motion planning
INFO:R0@tkref=0.0000: Time to solve stand alone optimization problem: 0.868025064468
INFO:R0@tkref=0.0000: N of unsatisfied eq: 5
INFO:R0@tkref=0.0000: N of unsatisfied ieq: 5
INFO:R0@tkref=0.0000: Summary: Iteration limit exceeded after 41 it.
DEBUG:R0@tkref=0.0000: $$$$$$$$ CONFLICT LIST $$$$$$$$: []
INFO:R0: --------------------------
INFO:R0@tkref=0.3778: Time to solve stand alone optimization problem: 0.128240823746
INFO:R0@tkref=0.3778: N of unsatisfied eq: 3
INFO:R0@tkref=0.3778: N of unsatisfied ieq: 6
INFO:R0@tkref=0.3778: Summary: Optimization terminated successfully. after 6 it.
DEBUG:R0@tkref=0.3778: $$$$$$$$ CONFLICT LIST $$$$$$$$: []
INFO:R0: --------------------------
INFO:R0@tkref=0.7556: Time to solve stand alone optimization problem: 0.0223841667175
INFO:R0@tkref=0.7556: N of unsatisfied eq: 3
INFO:R0@tkref=0.7556: N of unsatisfied ieq: 7
INFO:R0@tkref=0.7556: Summary: Optimization terminated successfully. after 1 it.
DEBUG:R0@tkref=0.7556: $$$$$$$$ CONFLICT LIST $$$$$$$$: []
INFO:R0: --------------------------
INFO:R0@tkref=1.1333: Time to solve stand alone optimization problem: 0.0224199295044
INFO:R0@tkref=1.1333: N of unsatisfied eq: 3
INFO:R0@tkref=1.1333: N of unsatisfied ieq: 6
INFO:R0@tkref=1.1333: Summary: Optimization terminated successfully. after 1 it.
DEBUG:R0@tkref=1.1333: $$$$$$$$ CONFLICT LIST $$$$$$$$: []
INFO:R0: --------------------------
INFO:R0@tkref=1.5111: Time to solve stand alone optimization problem: 0.0646569728851
INFO:R0@tkref=1.5111: N of unsatisfied eq: 3
INFO:R0@tkref=1.5111: N of unsatisfied ieq: 8
INFO:R0@tkref=1.5111: Summary: Optimization terminated successfully. after 3 it.
DEBUG:R0@tkref=1.5111: $$$$$$$$ CONFLICT LIST $$$$$$$$: []
INFO:R0: --------------------------
INFO:R0@tkref=1.8889: Time to solve stand alone optimization problem: 0.0433778762817
INFO:R0@tkref=1.8889: N of unsatisfied eq: 3
INFO:R0@tkref=1.8889: N of unsatisfied ieq: 8
INFO:R0@tkref=1.8889: Summary: Optimization terminated successfully. after 2 it.
DEBUG:R0@tkref=1.8889: $$$$$$$$ CONFLICT LIST $$$$$$$$: []
INFO:R0: --------------------------
INFO:R0@tkref=2.2667: Time to solve stand alone optimization problem: 0.0218410491943
INFO:R0@tkref=2.2667: N of unsatisfied eq: 3
INFO:R0@tkref=2.2667: N of unsatisfied ieq: 6
INFO:R0@tkref=2.2667: Summary: Optimization terminated successfully. after 1 it.
DEBUG:R0@tkref=2.2667: $$$$$$$$ CONFLICT LIST $$$$$$$$: []
INFO:R0: --------------------------
INFO:R0@tkref=2.6444: Time to solve stand alone optimization problem: 0.0220849514008
INFO:R0@tkref=2.6444: N of unsatisfied eq: 3
INFO:R0@tkref=2.6444: N of unsatisfied ieq: 6
INFO:R0@tkref=2.6444: Summary: Optimization terminated successfully. after 1 it.
DEBUG:R0@tkref=2.6444: $$$$$$$$ CONFLICT LIST $$$$$$$$: []
INFO:R0: --------------------------
INFO:R0@tkref=3.0222: Time to solve stand alone optimization problem: 0.0209059715271
INFO:R0@tkref=3.0222: N of unsatisfied eq: 5
INFO:R0@tkref=3.0222: N of unsatisfied ieq: 6
INFO:R0@tkref=3.0222: Summary: Optimization terminated successfully. after 1 it.
DEBUG:R0@tkref=3.0222: $$$$$$$$ CONFLICT LIST $$$$$$$$: []
INFO:R0: --------------------------
INFO:R0@tkref=3.4000: Time to solve stand alone optimization problem: 0.0209591388702
INFO:R0@tkref=3.4000: N of unsatisfied eq: 5
INFO:R0@tkref=3.4000: N of unsatisfied ieq: 6
INFO:R0@tkref=3.4000: Summary: Optimization terminated successfully. after 1 it.
DEBUG:R0@tkref=3.4000: $$$$$$$$ CONFLICT LIST $$$$$$$$: []
INFO:R0: --------------------------
INFO:R0@tkref=3.7778: Time to solve stand alone optimization problem: 0.0210778713226
INFO:R0@tkref=3.7778: N of unsatisfied eq: 5
INFO:R0@tkref=3.7778: N of unsatisfied ieq: 4
INFO:R0@tkref=3.7778: Summary: Optimization terminated successfully. after 1 it.
DEBUG:R0@tkref=3.7778: $$$$$$$$ CONFLICT LIST $$$$$$$$: []
INFO:R0: --------------------------
INFO:R0@tkref=4.1556: Time to solve stand alone optimization problem: 0.0210988521576
INFO:R0@tkref=4.1556: N of unsatisfied eq: 4
INFO:R0@tkref=4.1556: N of unsatisfied ieq: 5
INFO:R0@tkref=4.1556: Summary: Optimization terminated successfully. after 1 it.
DEBUG:R0@tkref=4.1556: $$$$$$$$ CONFLICT LIST $$$$$$$$: []
INFO:R0: --------------------------
INFO:R0@tkref=4.5333: Time to solve stand alone optimization problem: 0.0211820602417
INFO:R0@tkref=4.5333: N of unsatisfied eq: 3
INFO:R0@tkref=4.5333: N of unsatisfied ieq: 5
INFO:R0@tkref=4.5333: Summary: Optimization terminated successfully. after 1 it.
DEBUG:R0@tkref=4.5333: $$$$$$$$ CONFLICT LIST $$$$$$$$: []
INFO:R0: --------------------------
INFO:R0@tkref=4.9111: Time to solve stand alone optimization problem: 0.0211901664734
INFO:R0@tkref=4.9111: N of unsatisfied eq: 2
INFO:R0@tkref=4.9111: N of unsatisfied ieq: 5
INFO:R0@tkref=4.9111: Summary: Optimization terminated successfully. after 1 it.
DEBUG:R0@tkref=4.9111: $$$$$$$$ CONFLICT LIST $$$$$$$$: []
INFO:R0: --------------------------
INFO:R0@tkref=5.2889: Time to solve stand alone optimization problem: 0.0211410522461
INFO:R0@tkref=5.2889: N of unsatisfied eq: 3
INFO:R0@tkref=5.2889: N of unsatisfied ieq: 6
INFO:R0@tkref=5.2889: Summary: Optimization terminated successfully. after 1 it.
DEBUG:R0@tkref=5.2889: $$$$$$$$ CONFLICT LIST $$$$$$$$: []
INFO:R0: --------------------------
INFO:R0@tkref=5.6667: Time to solve stand alone optimization problem: 0.0211091041565
INFO:R0@tkref=5.6667: N of unsatisfied eq: 4
INFO:R0@tkref=5.6667: N of unsatisfied ieq: 5
INFO:R0@tkref=5.6667: Summary: Optimization terminated successfully. after 1 it.
DEBUG:R0@tkref=5.6667: $$$$$$$$ CONFLICT LIST $$$$$$$$: []
INFO:R0: --------------------------
INFO:R0@tkref=6.0444: Time to solve stand alone optimization problem: 0.0211260318756
INFO:R0@tkref=6.0444: N of unsatisfied eq: 4
INFO:R0@tkref=6.0444: N of unsatisfied ieq: 5
INFO:R0@tkref=6.0444: Summary: Optimization terminated successfully. after 1 it.
DEBUG:R0@tkref=6.0444: $$$$$$$$ CONFLICT LIST $$$$$$$$: []
INFO:R0: --------------------------
INFO:R0@tkref=6.4222: Time to solve stand alone optimization problem: 0.0211350917816
INFO:R0@tkref=6.4222: N of unsatisfied eq: 3
INFO:R0@tkref=6.4222: N of unsatisfied ieq: 5
INFO:R0@tkref=6.4222: Summary: Optimization terminated successfully. after 1 it.
DEBUG:R0@tkref=6.4222: $$$$$$$$ CONFLICT LIST $$$$$$$$: []
INFO:R0: --------------------------
DEBUG:R0: LAST STEP
DEBUG:R0: Approx remaining dist: 0.357869254218
DEBUG:R0: Usual approx plan dist: 3.4
DEBUG:R0: Approx gain in dist: 3.04213074578
DEBUG:R0: Last step min dist: 0.5
INFO:R0: scale 0.105255663005 Ns 7 Nk 3
INFO:R0@tkref=6.8000: Time to solve stand alone optimization problem: 0.364360809326
INFO:R0@tkref=6.8000: N of unsatisfied eq: 10
INFO:R0@tkref=6.8000: N of unsatisfied ieq: 4
INFO:R0@tkref=6.8000: Summary: Iteration limit exceeded after 26 it.
DEBUG:R0@tkref=6.8000: $$$$$$$$ CONFLICT LIST $$$$$$$$: []
INFO:R0: Finished motion planning
INFO:R0: --------------------------
INFO:R0: TOT: 7.20217062167
INFO:R0: NSE: 19
INFO:R0: FIR: 0.869137048721
INFO:R0: LAS: 0.365073919296
INFO:R0: LMA: 1
INFO:R0: MAX: 0.128946781158
INFO:R0: MIN: 0.0215649604797
INFO:R0: AVG: 0.0321913045995
INFO:R0: RMP: 0.341329714831
INFO:R0: RMG: 0.966372139314
