DEBUG:R0: Using Tc_p = 1.88
DEBUG:R0: Using Tc_d = 1.88
INFO:R0: Init motion planning
INFO:R0@tkref=0.0000: Time to solve stand alone optimization problem: 0.908989906311
INFO:R0@tkref=0.0000: N of unsatisfied eq: 5
INFO:R0@tkref=0.0000: N of unsatisfied ieq: 9
INFO:R0@tkref=0.0000: Summary: Iteration limit exceeded after 41 it.
DEBUG:R0@tkref=0.0000: $$$$$$$$ CONFLICT LIST $$$$$$$$: []
INFO:R0: --------------------------
INFO:R0@tkref=1.8800: Time to solve stand alone optimization problem: 0.0231819152832
INFO:R0@tkref=1.8800: N of unsatisfied eq: 3
INFO:R0@tkref=1.8800: N of unsatisfied ieq: 4
INFO:R0@tkref=1.8800: Summary: Optimization terminated successfully. after 1 it.
DEBUG:R0@tkref=1.8800: $$$$$$$$ CONFLICT LIST $$$$$$$$: []
INFO:R0: --------------------------
INFO:R0@tkref=3.7600: Time to solve stand alone optimization problem: 0.0235290527344
INFO:R0@tkref=3.7600: N of unsatisfied eq: 3
INFO:R0@tkref=3.7600: N of unsatisfied ieq: 4
INFO:R0@tkref=3.7600: Summary: Optimization terminated successfully. after 1 it.
DEBUG:R0@tkref=3.7600: $$$$$$$$ CONFLICT LIST $$$$$$$$: []
INFO:R0: --------------------------
DEBUG:R0: LAST STEP
DEBUG:R0: Approx remaining dist: 1.67210736356
DEBUG:R0: Usual approx plan dist: 4.7
DEBUG:R0: Approx gain in dist: 3.02789263644
DEBUG:R0: Last step min dist: 0.5
INFO:R0: scale 0.355767524161 Ns 7 Nk 3
INFO:R0@tkref=5.6400: Time to solve stand alone optimization problem: 0.366683959961
INFO:R0@tkref=5.6400: N of unsatisfied eq: 10
INFO:R0@tkref=5.6400: N of unsatisfied ieq: 4
INFO:R0@tkref=5.6400: Summary: Iteration limit exceeded after 26 it.
DEBUG:R0@tkref=5.6400: $$$$$$$$ CONFLICT LIST $$$$$$$$: []
INFO:R0: Finished motion planning
INFO:R0: --------------------------
INFO:R0: TOT: 7.51939767078
INFO:R0: NSE: 4
INFO:R0: FIR: 0.910468101501
INFO:R0: LAS: 0.367434978485
INFO:R0: LMA: 1
INFO:R0: MAX: 0.0241780281067
INFO:R0: MIN: 0.0238440036774
INFO:R0: AVG: 0.024011015892
INFO:R0: RMP: 0.0128606532482
INFO:R0: RMG: 0.195444137492
