DEBUG:R0: Using Tc_p = 0.222222222222
DEBUG:R0: Using Tc_d = 0.222222222222
INFO:R0: Init motion planning
INFO:R0@tkref=0.0000: Time to solve stand alone optimization problem: 1.46349477768
INFO:R0@tkref=0.0000: N of unsatisfied eq: 4
INFO:R0@tkref=0.0000: N of unsatisfied ieq: 6
INFO:R0@tkref=0.0000: Summary: Iteration limit exceeded after 41 it.
DEBUG:R0@tkref=0.0000: $$$$$$$$ CONFLICT LIST $$$$$$$$: []
INFO:R0: --------------------------
INFO:R0@tkref=0.2222: Time to solve stand alone optimization problem: 0.0366778373718
INFO:R0@tkref=0.2222: N of unsatisfied eq: 3
INFO:R0@tkref=0.2222: N of unsatisfied ieq: 3
INFO:R0@tkref=0.2222: Summary: Optimization terminated successfully. after 1 it.
DEBUG:R0@tkref=0.2222: $$$$$$$$ CONFLICT LIST $$$$$$$$: []
INFO:R0: --------------------------
INFO:R0@tkref=0.4444: Time to solve stand alone optimization problem: 0.216948986053
INFO:R0@tkref=0.4444: N of unsatisfied eq: 3
INFO:R0@tkref=0.4444: N of unsatisfied ieq: 8
INFO:R0@tkref=0.4444: Summary: Optimization terminated successfully. after 6 it.
DEBUG:R0@tkref=0.4444: $$$$$$$$ CONFLICT LIST $$$$$$$$: []
INFO:R0: --------------------------
INFO:R0@tkref=0.6667: Time to solve stand alone optimization problem: 0.217883825302
INFO:R0@tkref=0.6667: N of unsatisfied eq: 3
INFO:R0@tkref=0.6667: N of unsatisfied ieq: 6
INFO:R0@tkref=0.6667: Summary: Optimization terminated successfully. after 6 it.
DEBUG:R0@tkref=0.6667: $$$$$$$$ CONFLICT LIST $$$$$$$$: []
INFO:R0: --------------------------
INFO:R0@tkref=0.8889: Time to solve stand alone optimization problem: 0.249248027802
INFO:R0@tkref=0.8889: N of unsatisfied eq: 3
INFO:R0@tkref=0.8889: N of unsatisfied ieq: 8
INFO:R0@tkref=0.8889: Summary: Optimization terminated successfully. after 6 it.
DEBUG:R0@tkref=0.8889: $$$$$$$$ CONFLICT LIST $$$$$$$$: []
INFO:R0: --------------------------
INFO:R0@tkref=1.1111: Time to solve stand alone optimization problem: 0.252512931824
INFO:R0@tkref=1.1111: N of unsatisfied eq: 3
INFO:R0@tkref=1.1111: N of unsatisfied ieq: 8
INFO:R0@tkref=1.1111: Summary: Optimization terminated successfully. after 6 it.
DEBUG:R0@tkref=1.1111: $$$$$$$$ CONFLICT LIST $$$$$$$$: []
INFO:R0: --------------------------
INFO:R0@tkref=1.3333: Time to solve stand alone optimization problem: 0.249763965607
INFO:R0@tkref=1.3333: N of unsatisfied eq: 3
INFO:R0@tkref=1.3333: N of unsatisfied ieq: 8
INFO:R0@tkref=1.3333: Summary: Optimization terminated successfully. after 6 it.
DEBUG:R0@tkref=1.3333: $$$$$$$$ CONFLICT LIST $$$$$$$$: []
INFO:R0: --------------------------
INFO:R0@tkref=1.5556: Time to solve stand alone optimization problem: 0.249909162521
INFO:R0@tkref=1.5556: N of unsatisfied eq: 3
INFO:R0@tkref=1.5556: N of unsatisfied ieq: 7
INFO:R0@tkref=1.5556: Summary: Optimization terminated successfully. after 6 it.
DEBUG:R0@tkref=1.5556: $$$$$$$$ CONFLICT LIST $$$$$$$$: []
INFO:R0: --------------------------
INFO:R0@tkref=1.7778: Time to solve stand alone optimization problem: 0.249477863312
INFO:R0@tkref=1.7778: N of unsatisfied eq: 3
INFO:R0@tkref=1.7778: N of unsatisfied ieq: 8
INFO:R0@tkref=1.7778: Summary: Optimization terminated successfully. after 6 it.
DEBUG:R0@tkref=1.7778: $$$$$$$$ CONFLICT LIST $$$$$$$$: []
INFO:R0: --------------------------
INFO:R0@tkref=2.0000: Time to solve stand alone optimization problem: 0.250608921051
INFO:R0@tkref=2.0000: N of unsatisfied eq: 3
INFO:R0@tkref=2.0000: N of unsatisfied ieq: 7
INFO:R0@tkref=2.0000: Summary: Optimization terminated successfully. after 6 it.
DEBUG:R0@tkref=2.0000: $$$$$$$$ CONFLICT LIST $$$$$$$$: []
INFO:R0: --------------------------
INFO:R0@tkref=2.2222: Time to solve stand alone optimization problem: 0.362213134766
INFO:R0@tkref=2.2222: N of unsatisfied eq: 1
INFO:R0@tkref=2.2222: N of unsatisfied ieq: 9
INFO:R0@tkref=2.2222: Summary: Optimization terminated successfully. after 9 it.
DEBUG:R0@tkref=2.2222: $$$$$$$$ CONFLICT LIST $$$$$$$$: []
INFO:R0: --------------------------
INFO:R0@tkref=2.4444: Time to solve stand alone optimization problem: 0.361741065979
INFO:R0@tkref=2.4444: N of unsatisfied eq: 3
INFO:R0@tkref=2.4444: N of unsatisfied ieq: 9
INFO:R0@tkref=2.4444: Summary: Optimization terminated successfully. after 9 it.
DEBUG:R0@tkref=2.4444: $$$$$$$$ CONFLICT LIST $$$$$$$$: []
INFO:R0: --------------------------
INFO:R0@tkref=2.6667: Time to solve stand alone optimization problem: 0.642863035202
INFO:R0@tkref=2.6667: N of unsatisfied eq: 3
INFO:R0@tkref=2.6667: N of unsatisfied ieq: 8
INFO:R0@tkref=2.6667: Summary: Iteration limit exceeded after 16 it.
DEBUG:R0@tkref=2.6667: $$$$$$$$ CONFLICT LIST $$$$$$$$: []
INFO:R0: --------------------------
INFO:R0@tkref=2.8889: Time to solve stand alone optimization problem: 0.485110044479
INFO:R0@tkref=2.8889: N of unsatisfied eq: 3
INFO:R0@tkref=2.8889: N of unsatisfied ieq: 7
INFO:R0@tkref=2.8889: Summary: Optimization terminated successfully. after 12 it.
DEBUG:R0@tkref=2.8889: $$$$$$$$ CONFLICT LIST $$$$$$$$: []
INFO:R0: --------------------------
INFO:R0@tkref=3.1111: Time to solve stand alone optimization problem: 0.492500066757
INFO:R0@tkref=3.1111: N of unsatisfied eq: 3
INFO:R0@tkref=3.1111: N of unsatisfied ieq: 7
INFO:R0@tkref=3.1111: Summary: Optimization terminated successfully. after 12 it.
DEBUG:R0@tkref=3.1111: $$$$$$$$ CONFLICT LIST $$$$$$$$: []
INFO:R0: --------------------------
INFO:R0@tkref=3.3333: Time to solve stand alone optimization problem: 0.6484811306
INFO:R0@tkref=3.3333: N of unsatisfied eq: 3
INFO:R0@tkref=3.3333: N of unsatisfied ieq: 6
INFO:R0@tkref=3.3333: Summary: Iteration limit exceeded after 16 it.
DEBUG:R0@tkref=3.3333: $$$$$$$$ CONFLICT LIST $$$$$$$$: []
INFO:R0: --------------------------
INFO:R0@tkref=3.5556: Time to solve stand alone optimization problem: 0.326672792435
INFO:R0@tkref=3.5556: N of unsatisfied eq: 3
INFO:R0@tkref=3.5556: N of unsatisfied ieq: 9
INFO:R0@tkref=3.5556: Summary: Optimization terminated successfully. after 8 it.
DEBUG:R0@tkref=3.5556: $$$$$$$$ CONFLICT LIST $$$$$$$$: []
INFO:R0: --------------------------
INFO:R0@tkref=3.7778: Time to solve stand alone optimization problem: 0.406401157379
INFO:R0@tkref=3.7778: N of unsatisfied eq: 3
INFO:R0@tkref=3.7778: N of unsatisfied ieq: 8
INFO:R0@tkref=3.7778: Summary: Optimization terminated successfully. after 10 it.
DEBUG:R0@tkref=3.7778: $$$$$$$$ CONFLICT LIST $$$$$$$$: []
INFO:R0: --------------------------
INFO:R0@tkref=4.0000: Time to solve stand alone optimization problem: 0.481539964676
INFO:R0@tkref=4.0000: N of unsatisfied eq: 3
INFO:R0@tkref=4.0000: N of unsatisfied ieq: 9
INFO:R0@tkref=4.0000: Summary: Optimization terminated successfully. after 12 it.
DEBUG:R0@tkref=4.0000: $$$$$$$$ CONFLICT LIST $$$$$$$$: []
INFO:R0: --------------------------
INFO:R0@tkref=4.2222: Time to solve stand alone optimization problem: 0.364374876022
INFO:R0@tkref=4.2222: N of unsatisfied eq: 3
INFO:R0@tkref=4.2222: N of unsatisfied ieq: 9
INFO:R0@tkref=4.2222: Summary: Optimization terminated successfully. after 9 it.
DEBUG:R0@tkref=4.2222: $$$$$$$$ CONFLICT LIST $$$$$$$$: []
INFO:R0: --------------------------
INFO:R0@tkref=4.4444: Time to solve stand alone optimization problem: 0.523149967194
INFO:R0@tkref=4.4444: N of unsatisfied eq: 3
INFO:R0@tkref=4.4444: N of unsatisfied ieq: 9
INFO:R0@tkref=4.4444: Summary: Optimization terminated successfully. after 13 it.
DEBUG:R0@tkref=4.4444: $$$$$$$$ CONFLICT LIST $$$$$$$$: []
INFO:R0: --------------------------
INFO:R0@tkref=4.6667: Time to solve stand alone optimization problem: 0.614686012268
INFO:R0@tkref=4.6667: N of unsatisfied eq: 3
INFO:R0@tkref=4.6667: N of unsatisfied ieq: 7
INFO:R0@tkref=4.6667: Summary: Optimization terminated successfully. after 15 it.
DEBUG:R0@tkref=4.6667: $$$$$$$$ CONFLICT LIST $$$$$$$$: []
INFO:R0: --------------------------
INFO:R0@tkref=4.8889: Time to solve stand alone optimization problem: 0.328773021698
INFO:R0@tkref=4.8889: N of unsatisfied eq: 3
INFO:R0@tkref=4.8889: N of unsatisfied ieq: 9
INFO:R0@tkref=4.8889: Summary: Optimization terminated successfully. after 8 it.
DEBUG:R0@tkref=4.8889: $$$$$$$$ CONFLICT LIST $$$$$$$$: []
INFO:R0: --------------------------
INFO:R0@tkref=5.1111: Time to solve stand alone optimization problem: 0.290455102921
INFO:R0@tkref=5.1111: N of unsatisfied eq: 3
INFO:R0@tkref=5.1111: N of unsatisfied ieq: 9
INFO:R0@tkref=5.1111: Summary: Optimization terminated successfully. after 7 it.
DEBUG:R0@tkref=5.1111: $$$$$$$$ CONFLICT LIST $$$$$$$$: []
INFO:R0: --------------------------
INFO:R0@tkref=5.3333: Time to solve stand alone optimization problem: 0.290776014328
INFO:R0@tkref=5.3333: N of unsatisfied eq: 3
INFO:R0@tkref=5.3333: N of unsatisfied ieq: 9
INFO:R0@tkref=5.3333: Summary: Optimization terminated successfully. after 7 it.
DEBUG:R0@tkref=5.3333: $$$$$$$$ CONFLICT LIST $$$$$$$$: []
INFO:R0: --------------------------
INFO:R0@tkref=5.5556: Time to solve stand alone optimization problem: 0.24936413765
INFO:R0@tkref=5.5556: N of unsatisfied eq: 3
INFO:R0@tkref=5.5556: N of unsatisfied ieq: 8
INFO:R0@tkref=5.5556: Summary: Optimization terminated successfully. after 6 it.
DEBUG:R0@tkref=5.5556: $$$$$$$$ CONFLICT LIST $$$$$$$$: []
INFO:R0: --------------------------
INFO:R0@tkref=5.7778: Time to solve stand alone optimization problem: 0.249604940414
INFO:R0@tkref=5.7778: N of unsatisfied eq: 3
INFO:R0@tkref=5.7778: N of unsatisfied ieq: 8
INFO:R0@tkref=5.7778: Summary: Optimization terminated successfully. after 6 it.
DEBUG:R0@tkref=5.7778: $$$$$$$$ CONFLICT LIST $$$$$$$$: []
INFO:R0: --------------------------
INFO:R0@tkref=6.0000: Time to solve stand alone optimization problem: 0.25271487236
INFO:R0@tkref=6.0000: N of unsatisfied eq: 3
INFO:R0@tkref=6.0000: N of unsatisfied ieq: 9
INFO:R0@tkref=6.0000: Summary: Optimization terminated successfully. after 6 it.
DEBUG:R0@tkref=6.0000: $$$$$$$$ CONFLICT LIST $$$$$$$$: []
INFO:R0: --------------------------
INFO:R0@tkref=6.2222: Time to solve stand alone optimization problem: 0.0838329792023
INFO:R0@tkref=6.2222: N of unsatisfied eq: 3
INFO:R0@tkref=6.2222: N of unsatisfied ieq: 8
INFO:R0@tkref=6.2222: Summary: Optimization terminated successfully. after 2 it.
DEBUG:R0@tkref=6.2222: $$$$$$$$ CONFLICT LIST $$$$$$$$: []
INFO:R0: --------------------------
INFO:R0@tkref=6.4444: Time to solve stand alone optimization problem: 0.0366778373718
INFO:R0@tkref=6.4444: N of unsatisfied eq: 3
INFO:R0@tkref=6.4444: N of unsatisfied ieq: 5
INFO:R0@tkref=6.4444: Summary: Optimization terminated successfully. after 1 it.
DEBUG:R0@tkref=6.4444: $$$$$$$$ CONFLICT LIST $$$$$$$$: []
INFO:R0: --------------------------
INFO:R0@tkref=6.6667: Time to solve stand alone optimization problem: 0.0366010665894
INFO:R0@tkref=6.6667: N of unsatisfied eq: 3
INFO:R0@tkref=6.6667: N of unsatisfied ieq: 5
INFO:R0@tkref=6.6667: Summary: Optimization terminated successfully. after 1 it.
DEBUG:R0@tkref=6.6667: $$$$$$$$ CONFLICT LIST $$$$$$$$: []
INFO:R0: --------------------------
DEBUG:R0: LAST STEP
DEBUG:R0: Approx remaining dist: 0.542320368665
DEBUG:R0: Usual approx plan dist: 1.0
DEBUG:R0: Approx gain in dist: 0.457679631335
DEBUG:R0: Last step min dist: 0.5
INFO:R0: scale 0.542320368665 Ns 7 Nk 3
INFO:R0@tkref=6.8889: Time to solve stand alone optimization problem: 0.499023914337
INFO:R0@tkref=6.8889: N of unsatisfied eq: 10
INFO:R0@tkref=6.8889: N of unsatisfied ieq: 4
INFO:R0@tkref=6.8889: Summary: Iteration limit exceeded after 26 it.
DEBUG:R0@tkref=6.8889: $$$$$$$$ CONFLICT LIST $$$$$$$$: []
INFO:R0: Finished motion planning
INFO:R0: --------------------------
INFO:R0: TOT: 7.49469787986
INFO:R0: NSE: 32
INFO:R0: FIR: 1.46538186073
INFO:R0: LAS: 0.499861955643
INFO:R0: LMA: 0
INFO:R0: MAX: 0.649305105209
INFO:R0: MIN: 0.0373270511627
INFO:R0: AVG: 0.317550404867
INFO:R0: RMP: 2.92187297344
INFO:R0: RMG: 2.92187297344
