DEBUG:R0: Using Tc_p = 2.73333333333
DEBUG:R0: Using Tc_d = 2.73333333333
INFO:R0: Init motion planning
INFO:R0@tkref=0.0000: Time to solve stand alone optimization problem: 0.954445838928
INFO:R0@tkref=0.0000: N of unsatisfied eq: 3
INFO:R0@tkref=0.0000: N of unsatisfied ieq: 6
INFO:R0@tkref=0.0000: Summary: Iteration limit exceeded after 41 it.
DEBUG:R0@tkref=0.0000: $$$$$$$$ CONFLICT LIST $$$$$$$$: []
INFO:R0: --------------------------
INFO:R0@tkref=2.7333: Time to solve stand alone optimization problem: 0.0238299369812
INFO:R0@tkref=2.7333: N of unsatisfied eq: 3
INFO:R0@tkref=2.7333: N of unsatisfied ieq: 6
INFO:R0@tkref=2.7333: Summary: Optimization terminated successfully. after 1 it.
DEBUG:R0@tkref=2.7333: $$$$$$$$ CONFLICT LIST $$$$$$$$: []
INFO:R0: --------------------------
DEBUG:R0: LAST STEP
DEBUG:R0: Approx remaining dist: 1.71302567139
DEBUG:R0: Usual approx plan dist: 4.1
DEBUG:R0: Approx gain in dist: 2.38697432861
DEBUG:R0: Last step min dist: 0.5
INFO:R0: scale 0.417811139364 Ns 7 Nk 3
INFO:R0@tkref=5.4667: Time to solve stand alone optimization problem: 0.361495018005
INFO:R0@tkref=5.4667: N of unsatisfied eq: 10
INFO:R0@tkref=5.4667: N of unsatisfied ieq: 4
INFO:R0@tkref=5.4667: Summary: Iteration limit exceeded after 26 it.
DEBUG:R0@tkref=5.4667: $$$$$$$$ CONFLICT LIST $$$$$$$$: []
INFO:R0: Finished motion planning
INFO:R0: --------------------------
INFO:R0: TOT: 7.39205530775
INFO:R0: NSE: 3
INFO:R0: FIR: 0.955631017685
INFO:R0: LAS: 0.362268924713
INFO:R0: LMA: 1
INFO:R0: MAX: 0.0245010852814
INFO:R0: MIN: 0.0245010852814
INFO:R0: AVG: 0.0245010852814
INFO:R0: RMP: 0.00896381168831
INFO:R0: RMG: 0.13253741148
