DEBUG:R0: Using Tc_p = 0.781818181818
DEBUG:R0: Using Tc_d = 0.781818181818
INFO:R0: Init motion planning
INFO:R0@tkref=0.0000: Time to solve stand alone optimization problem: 1.54572200775
INFO:R0@tkref=0.0000: N of unsatisfied eq: 5
INFO:R0@tkref=0.0000: N of unsatisfied ieq: 9
INFO:R0@tkref=0.0000: Summary: Iteration limit exceeded after 41 it.
DEBUG:R0@tkref=0.0000: $$$$$$$$ CONFLICT LIST $$$$$$$$: []
INFO:R0: --------------------------
INFO:R0@tkref=0.7818: Time to solve stand alone optimization problem: 0.293318033218
INFO:R0@tkref=0.7818: N of unsatisfied eq: 2
INFO:R0@tkref=0.7818: N of unsatisfied ieq: 7
INFO:R0@tkref=0.7818: Summary: Optimization terminated successfully. after 8 it.
DEBUG:R0@tkref=0.7818: $$$$$$$$ CONFLICT LIST $$$$$$$$: []
INFO:R0: --------------------------
INFO:R0@tkref=1.5636: Time to solve stand alone optimization problem: 0.385215044022
INFO:R0@tkref=1.5636: N of unsatisfied eq: 2
INFO:R0@tkref=1.5636: N of unsatisfied ieq: 7
INFO:R0@tkref=1.5636: Summary: Optimization terminated successfully. after 9 it.
DEBUG:R0@tkref=1.5636: $$$$$$$$ CONFLICT LIST $$$$$$$$: []
INFO:R0: --------------------------
INFO:R0@tkref=2.3455: Time to solve stand alone optimization problem: 0.341863155365
INFO:R0@tkref=2.3455: N of unsatisfied eq: 3
INFO:R0@tkref=2.3455: N of unsatisfied ieq: 8
INFO:R0@tkref=2.3455: Summary: Optimization terminated successfully. after 8 it.
DEBUG:R0@tkref=2.3455: $$$$$$$$ CONFLICT LIST $$$$$$$$: []
INFO:R0: --------------------------
INFO:R0@tkref=3.1273: Time to solve stand alone optimization problem: 0.258124828339
INFO:R0@tkref=3.1273: N of unsatisfied eq: 2
INFO:R0@tkref=3.1273: N of unsatisfied ieq: 6
INFO:R0@tkref=3.1273: Summary: Optimization terminated successfully. after 6 it.
DEBUG:R0@tkref=3.1273: $$$$$$$$ CONFLICT LIST $$$$$$$$: []
INFO:R0: --------------------------
INFO:R0@tkref=3.9091: Time to solve stand alone optimization problem: 0.172381162643
INFO:R0@tkref=3.9091: N of unsatisfied eq: 3
INFO:R0@tkref=3.9091: N of unsatisfied ieq: 7
INFO:R0@tkref=3.9091: Summary: Optimization terminated successfully. after 4 it.
DEBUG:R0@tkref=3.9091: $$$$$$$$ CONFLICT LIST $$$$$$$$: []
INFO:R0: --------------------------
INFO:R0@tkref=4.6909: Time to solve stand alone optimization problem: 0.170665979385
INFO:R0@tkref=4.6909: N of unsatisfied eq: 3
INFO:R0@tkref=4.6909: N of unsatisfied ieq: 6
INFO:R0@tkref=4.6909: Summary: Optimization terminated successfully. after 4 it.
DEBUG:R0@tkref=4.6909: $$$$$$$$ CONFLICT LIST $$$$$$$$: []
INFO:R0: --------------------------
INFO:R0@tkref=5.4727: Time to solve stand alone optimization problem: 0.129366159439
INFO:R0@tkref=5.4727: N of unsatisfied eq: 3
INFO:R0@tkref=5.4727: N of unsatisfied ieq: 6
INFO:R0@tkref=5.4727: Summary: Optimization terminated successfully. after 3 it.
DEBUG:R0@tkref=5.4727: $$$$$$$$ CONFLICT LIST $$$$$$$$: []
INFO:R0: --------------------------
INFO:R0@tkref=6.2545: Time to solve stand alone optimization problem: 0.0916600227356
INFO:R0@tkref=6.2545: N of unsatisfied eq: 3
INFO:R0@tkref=6.2545: N of unsatisfied ieq: 6
INFO:R0@tkref=6.2545: Summary: Optimization terminated successfully. after 2 it.
DEBUG:R0@tkref=6.2545: $$$$$$$$ CONFLICT LIST $$$$$$$$: []
INFO:R0: --------------------------
DEBUG:R0: LAST STEP
DEBUG:R0: Approx remaining dist: 0.616654205463
DEBUG:R0: Usual approx plan dist: 4.3
DEBUG:R0: Approx gain in dist: 3.68334579454
DEBUG:R0: Last step min dist: 0.5
INFO:R0: scale 0.143407954759 Ns 7 Nk 3
INFO:R0@tkref=7.0364: Time to solve stand alone optimization problem: 0.510859012604
INFO:R0@tkref=7.0364: N of unsatisfied eq: 10
INFO:R0@tkref=7.0364: N of unsatisfied ieq: 4
INFO:R0@tkref=7.0364: Summary: Iteration limit exceeded after 26 it.
DEBUG:R0@tkref=7.0364: $$$$$$$$ CONFLICT LIST $$$$$$$$: []
INFO:R0: Finished motion planning
INFO:R0: --------------------------
INFO:R0: TOT: 7.72587405683
INFO:R0: NSE: 10
INFO:R0: FIR: 1.54717278481
INFO:R0: LAS: 0.512357950211
INFO:R0: LMA: 1
INFO:R0: MAX: 0.3861951828
INFO:R0: MIN: 0.0924880504608
INFO:R0: AVG: 0.23117467761
INFO:R0: RMP: 0.493970582652
INFO:R0: RMG: 0.655341564223
