DEBUG:R0: Using Tc_p = 1.63333333333
DEBUG:R0: Using Tc_d = 1.63333333333
INFO:R0: Init motion planning
INFO:R0@tkref=0.0000: Time to solve stand alone optimization problem: 1.43850517273
INFO:R0@tkref=0.0000: N of unsatisfied eq: 5
INFO:R0@tkref=0.0000: N of unsatisfied ieq: 8
INFO:R0@tkref=0.0000: Summary: Iteration limit exceeded after 41 it.
DEBUG:R0@tkref=0.0000: $$$$$$$$ CONFLICT LIST $$$$$$$$: []
INFO:R0: --------------------------
INFO:R0@tkref=1.6333: Time to solve stand alone optimization problem: 0.317384958267
INFO:R0@tkref=1.6333: N of unsatisfied eq: 2
INFO:R0@tkref=1.6333: N of unsatisfied ieq: 7
INFO:R0@tkref=1.6333: Summary: Optimization terminated successfully. after 8 it.
DEBUG:R0@tkref=1.6333: $$$$$$$$ CONFLICT LIST $$$$$$$$: []
INFO:R0: --------------------------
INFO:R0@tkref=3.2667: Time to solve stand alone optimization problem: 0.122194051743
INFO:R0@tkref=3.2667: N of unsatisfied eq: 3
INFO:R0@tkref=3.2667: N of unsatisfied ieq: 7
INFO:R0@tkref=3.2667: Summary: Optimization terminated successfully. after 3 it.
DEBUG:R0@tkref=3.2667: $$$$$$$$ CONFLICT LIST $$$$$$$$: []
INFO:R0: --------------------------
INFO:R0@tkref=4.9000: Time to solve stand alone optimization problem: 0.122115850449
INFO:R0@tkref=4.9000: N of unsatisfied eq: 3
INFO:R0@tkref=4.9000: N of unsatisfied ieq: 7
INFO:R0@tkref=4.9000: Summary: Optimization terminated successfully. after 3 it.
DEBUG:R0@tkref=4.9000: $$$$$$$$ CONFLICT LIST $$$$$$$$: []
INFO:R0: --------------------------
DEBUG:R0: LAST STEP
DEBUG:R0: Approx remaining dist: 0.851750204791
DEBUG:R0: Usual approx plan dist: 4.9
DEBUG:R0: Approx gain in dist: 4.04824979521
DEBUG:R0: Last step min dist: 0.5
INFO:R0: scale 0.173826572406 Ns 7 Nk 3
INFO:R0@tkref=6.5333: Time to solve stand alone optimization problem: 0.499228954315
INFO:R0@tkref=6.5333: N of unsatisfied eq: 10
INFO:R0@tkref=6.5333: N of unsatisfied ieq: 4
INFO:R0@tkref=6.5333: Summary: Iteration limit exceeded after 26 it.
DEBUG:R0@tkref=6.5333: $$$$$$$$ CONFLICT LIST $$$$$$$$: []
INFO:R0: Finished motion planning
INFO:R0: --------------------------
INFO:R0: TOT: 7.48809669818
INFO:R0: NSE: 5
INFO:R0: FIR: 1.43986701965
INFO:R0: LAS: 0.500030040741
INFO:R0: LMA: 1
INFO:R0: MAX: 0.31819319725
INFO:R0: MIN: 0.122896909714
INFO:R0: AVG: 0.18800330162
INFO:R0: RMP: 0.194812161582
INFO:R0: RMG: 0.30614084127
