DEBUG:R0: Using Tc_p = 2.04444444444
DEBUG:R0: Using Tc_d = 2.04444444444
INFO:R0: Init motion planning
INFO:R0@tkref=0.0000: Time to solve stand alone optimization problem: 1.43235492706
INFO:R0@tkref=0.0000: N of unsatisfied eq: 5
INFO:R0@tkref=0.0000: N of unsatisfied ieq: 8
INFO:R0@tkref=0.0000: Summary: Iteration limit exceeded after 41 it.
DEBUG:R0@tkref=0.0000: $$$$$$$$ CONFLICT LIST $$$$$$$$: []
INFO:R0: --------------------------
INFO:R0@tkref=2.0444: Time to solve stand alone optimization problem: 0.273620128632
INFO:R0@tkref=2.0444: N of unsatisfied eq: 2
INFO:R0@tkref=2.0444: N of unsatisfied ieq: 7
INFO:R0@tkref=2.0444: Summary: Optimization terminated successfully. after 7 it.
DEBUG:R0@tkref=2.0444: $$$$$$$$ CONFLICT LIST $$$$$$$$: []
INFO:R0: --------------------------
INFO:R0@tkref=4.0889: Time to solve stand alone optimization problem: 0.274935007095
INFO:R0@tkref=4.0889: N of unsatisfied eq: 2
INFO:R0@tkref=4.0889: N of unsatisfied ieq: 6
INFO:R0@tkref=4.0889: Summary: Optimization terminated successfully. after 7 it.
DEBUG:R0@tkref=4.0889: $$$$$$$$ CONFLICT LIST $$$$$$$$: []
INFO:R0: --------------------------
DEBUG:R0: LAST STEP
DEBUG:R0: Approx remaining dist: 1.29818504994
DEBUG:R0: Usual approx plan dist: 4.6
DEBUG:R0: Approx gain in dist: 3.30181495006
DEBUG:R0: Last step min dist: 0.5
INFO:R0: scale 0.282214141291 Ns 7 Nk 3
INFO:R0@tkref=6.1333: Time to solve stand alone optimization problem: 0.554670095444
INFO:R0@tkref=6.1333: N of unsatisfied eq: 10
INFO:R0@tkref=6.1333: N of unsatisfied ieq: 4
INFO:R0@tkref=6.1333: Summary: Iteration limit exceeded after 26 it.
DEBUG:R0@tkref=6.1333: $$$$$$$$ CONFLICT LIST $$$$$$$$: []
INFO:R0: Finished motion planning
INFO:R0: --------------------------
INFO:R0: TOT: 7.58588946275
INFO:R0: NSE: 4
INFO:R0: FIR: 1.43401408195
INFO:R0: LAS: 0.55549788475
INFO:R0: LMA: 1
INFO:R0: MAX: 0.275687932968
INFO:R0: MIN: 0.274443864822
INFO:R0: AVG: 0.275065898895
INFO:R0: RMP: 0.134847358517
INFO:R0: RMG: 0.271710921889
