DEBUG:R0: Using Tc_p = 2.8
DEBUG:R0: Using Tc_d = 2.8
INFO:R0: Init motion planning
INFO:R0@tkref=0.0000: Time to solve stand alone optimization problem: 1.43172097206
INFO:R0@tkref=0.0000: N of unsatisfied eq: 5
INFO:R0@tkref=0.0000: N of unsatisfied ieq: 10
INFO:R0@tkref=0.0000: Summary: Iteration limit exceeded after 41 it.
DEBUG:R0@tkref=0.0000: $$$$$$$$ CONFLICT LIST $$$$$$$$: []
INFO:R0: --------------------------
INFO:R0@tkref=2.8000: Time to solve stand alone optimization problem: 0.309492826462
INFO:R0@tkref=2.8000: N of unsatisfied eq: 2
INFO:R0@tkref=2.8000: N of unsatisfied ieq: 6
INFO:R0@tkref=2.8000: Summary: Optimization terminated successfully. after 8 it.
DEBUG:R0@tkref=2.8000: $$$$$$$$ CONFLICT LIST $$$$$$$$: []
INFO:R0: --------------------------
DEBUG:R0: LAST STEP
DEBUG:R0: Approx remaining dist: 1.90024321034
DEBUG:R0: Usual approx plan dist: 3.5
DEBUG:R0: Approx gain in dist: 1.59975678966
DEBUG:R0: Last step min dist: 0.5
INFO:R0: scale 0.542926631526 Ns 7 Nk 3
INFO:R0@tkref=5.6000: Time to solve stand alone optimization problem: 0.564190864563
INFO:R0@tkref=5.6000: N of unsatisfied eq: 10
INFO:R0@tkref=5.6000: N of unsatisfied ieq: 4
INFO:R0@tkref=5.6000: Summary: Iteration limit exceeded after 26 it.
DEBUG:R0@tkref=5.6000: $$$$$$$$ CONFLICT LIST $$$$$$$$: []
INFO:R0: Finished motion planning
INFO:R0: --------------------------
INFO:R0: TOT: 7.73625037042
INFO:R0: NSE: 3
INFO:R0: FIR: 1.43317890167
INFO:R0: LAS: 0.56502699852
INFO:R0: LMA: 1
INFO:R0: MAX: 0.310323953629
INFO:R0: MIN: 0.310323953629
INFO:R0: AVG: 0.310323953629
INFO:R0: RMP: 0.110829983439
INFO:R0: RMG: 0.201795356614
