DEBUG:R0: Using Tc_p = 0.98
DEBUG:R0: Using Tc_d = 0.98
INFO:R0: Init motion planning
INFO:R0@tkref=0.0000: Time to solve stand alone optimization problem: 2.38417100906
INFO:R0@tkref=0.0000: N of unsatisfied eq: 5
INFO:R0@tkref=0.0000: N of unsatisfied ieq: 10
INFO:R0@tkref=0.0000: Summary: Iteration limit exceeded after 41 it.
DEBUG:R0@tkref=0.0000: $$$$$$$$ CONFLICT LIST $$$$$$$$: []
INFO:R0: --------------------------
INFO:R0@tkref=0.9800: Time to solve stand alone optimization problem: 0.558531999588
INFO:R0@tkref=0.9800: N of unsatisfied eq: 1
INFO:R0@tkref=0.9800: N of unsatisfied ieq: 8
INFO:R0@tkref=0.9800: Summary: Optimization terminated successfully. after 10 it.
DEBUG:R0@tkref=0.9800: $$$$$$$$ CONFLICT LIST $$$$$$$$: []
INFO:R0: --------------------------
INFO:R0@tkref=1.9600: Time to solve stand alone optimization problem: 1.00094604492
INFO:R0@tkref=1.9600: N of unsatisfied eq: 1
INFO:R0@tkref=1.9600: N of unsatisfied ieq: 7
INFO:R0@tkref=1.9600: Summary: Iteration limit exceeded after 16 it.
DEBUG:R0@tkref=1.9600: $$$$$$$$ CONFLICT LIST $$$$$$$$: []
INFO:R0: --------------------------
INFO:R0@tkref=2.9400: Time to solve stand alone optimization problem: 0.562791109085
INFO:R0@tkref=2.9400: N of unsatisfied eq: 2
INFO:R0@tkref=2.9400: N of unsatisfied ieq: 7
INFO:R0@tkref=2.9400: Summary: Optimization terminated successfully. after 9 it.
DEBUG:R0@tkref=2.9400: $$$$$$$$ CONFLICT LIST $$$$$$$$: []
INFO:R0: --------------------------
INFO:R0@tkref=3.9200: Time to solve stand alone optimization problem: 0.757346868515
INFO:R0@tkref=3.9200: N of unsatisfied eq: 2
INFO:R0@tkref=3.9200: N of unsatisfied ieq: 5
INFO:R0@tkref=3.9200: Summary: Optimization terminated successfully. after 11 it.
DEBUG:R0@tkref=3.9200: $$$$$$$$ CONFLICT LIST $$$$$$$$: []
INFO:R0: --------------------------
INFO:R0@tkref=4.9000: Time to solve stand alone optimization problem: 1.04197406769
INFO:R0@tkref=4.9000: N of unsatisfied eq: 5
INFO:R0@tkref=4.9000: N of unsatisfied ieq: 10
INFO:R0@tkref=4.9000: Summary: Iteration limit exceeded after 16 it.
DEBUG:R0@tkref=4.9000: $$$$$$$$ CONFLICT LIST $$$$$$$$: []
INFO:R0: --------------------------
INFO:R0@tkref=5.8800: Time to solve stand alone optimization problem: 0.79131102562
INFO:R0@tkref=5.8800: N of unsatisfied eq: 3
INFO:R0@tkref=5.8800: N of unsatisfied ieq: 7
INFO:R0@tkref=5.8800: Summary: Optimization terminated successfully. after 12 it.
DEBUG:R0@tkref=5.8800: $$$$$$$$ CONFLICT LIST $$$$$$$$: []
INFO:R0: --------------------------
INFO:R0@tkref=6.8600: Time to solve stand alone optimization problem: 0.220783233643
INFO:R0@tkref=6.8600: N of unsatisfied eq: 3
INFO:R0@tkref=6.8600: N of unsatisfied ieq: 7
INFO:R0@tkref=6.8600: Summary: Optimization terminated successfully. after 3 it.
DEBUG:R0@tkref=6.8600: $$$$$$$$ CONFLICT LIST $$$$$$$$: []
INFO:R0: --------------------------
DEBUG:R0: LAST STEP
DEBUG:R0: Approx remaining dist: 1.45796302771
DEBUG:R0: Usual approx plan dist: 4.9
DEBUG:R0: Approx gain in dist: 3.44203697229
DEBUG:R0: Last step min dist: 0.5
INFO:R0: scale 0.297543475044 Ns 7 Nk 3
INFO:R0@tkref=7.8400: Time to solve stand alone optimization problem: 0.761826992035
INFO:R0@tkref=7.8400: N of unsatisfied eq: 8
INFO:R0@tkref=7.8400: N of unsatisfied ieq: 3
INFO:R0@tkref=7.8400: Summary: Iteration limit exceeded after 26 it.
DEBUG:R0@tkref=7.8400: $$$$$$$$ CONFLICT LIST $$$$$$$$: []
INFO:R0: Finished motion planning
INFO:R0: --------------------------
INFO:R0: TOT: 9.48023066322
INFO:R0: NSE: 9
INFO:R0: FIR: 2.38546490669
INFO:R0: LAS: 0.762835979462
INFO:R0: LMA: 0
INFO:R0: MAX: 1.04294204712
INFO:R0: MIN: 0.221951961517
INFO:R0: AVG: 0.705831868308
INFO:R0: RMP: 1.06422657869
INFO:R0: RMG: 1.06422657869
