DEBUG:R0: Using Tc_p = 3.46666666667
DEBUG:R0: Using Tc_d = 3.46666666667
INFO:R0: Init motion planning
INFO:R0@tkref=0.0000: Time to solve stand alone optimization problem: 1.31305909157
INFO:R0@tkref=0.0000: N of unsatisfied eq: 5
INFO:R0@tkref=0.0000: N of unsatisfied ieq: 7
INFO:R0@tkref=0.0000: Summary: Iteration limit exceeded after 41 it.
DEBUG:R0@tkref=0.0000: $$$$$$$$ CONFLICT LIST $$$$$$$$: []
INFO:R0: --------------------------
DEBUG:R0: LAST STEP
DEBUG:R0: Approx remaining dist: 3.82824246525
DEBUG:R0: Usual approx plan dist: 3.9
DEBUG:R0: Approx gain in dist: 0.0717575347533
DEBUG:R0: Last step min dist: 0.5
INFO:R0: scale 0.981600632115 Ns 10 Nk 5
INFO:R0@tkref=3.4667: Time to solve stand alone optimization problem: 0.942761898041
INFO:R0@tkref=3.4667: N of unsatisfied eq: 10
INFO:R0@tkref=3.4667: N of unsatisfied ieq: 0
INFO:R0@tkref=3.4667: Summary: Iteration limit exceeded after 26 it.
DEBUG:R0@tkref=3.4667: $$$$$$$$ CONFLICT LIST $$$$$$$$: []
INFO:R0: Finished motion planning
INFO:R0: --------------------------
INFO:R0: TOT: 15.3464273451
INFO:R0: NSE: 2
INFO:R0: FIR: 1.31459593773
INFO:R0: LAS: 0.943603992462
INFO:R0: LMA: 1
INFO:R0: MAX: 0.943603992462
INFO:R0: MIN: 0.943603992462
INFO:R0: AVG: 0.943603992462
INFO:R0: RMP: 0.272193459364
INFO:R0: RMG: 0.272193459364
