DEBUG:R0: Using Tc_p = 2.7
DEBUG:R0: Using Tc_d = 2.7
INFO:R0: Init motion planning
INFO:R0@tkref=0.0000: Time to solve stand alone optimization problem: 1.43520689011
INFO:R0@tkref=0.0000: N of unsatisfied eq: 3
INFO:R0@tkref=0.0000: N of unsatisfied ieq: 4
INFO:R0@tkref=0.0000: Summary: Iteration limit exceeded after 41 it.
DEBUG:R0@tkref=0.0000: $$$$$$$$ CONFLICT LIST $$$$$$$$: []
INFO:R0: --------------------------
INFO:R0@tkref=2.7000: Time to solve stand alone optimization problem: 0.271430015564
INFO:R0@tkref=2.7000: N of unsatisfied eq: 3
INFO:R0@tkref=2.7000: N of unsatisfied ieq: 7
INFO:R0@tkref=2.7000: Summary: Optimization terminated successfully. after 7 it.
DEBUG:R0@tkref=2.7000: $$$$$$$$ CONFLICT LIST $$$$$$$$: []
INFO:R0: --------------------------
DEBUG:R0: LAST STEP
DEBUG:R0: Approx remaining dist: 2.20663852992
DEBUG:R0: Usual approx plan dist: 4.5
DEBUG:R0: Approx gain in dist: 2.29336147008
DEBUG:R0: Last step min dist: 0.5
INFO:R0: scale 0.49036411776 Ns 7 Nk 3
INFO:R0@tkref=5.4000: Time to solve stand alone optimization problem: 0.554666042328
INFO:R0@tkref=5.4000: N of unsatisfied eq: 10
INFO:R0@tkref=5.4000: N of unsatisfied ieq: 3
INFO:R0@tkref=5.4000: Summary: Iteration limit exceeded after 26 it.
DEBUG:R0@tkref=5.4000: $$$$$$$$ CONFLICT LIST $$$$$$$$: []
INFO:R0: Finished motion planning
INFO:R0: --------------------------
INFO:R0: TOT: 7.93603686445
INFO:R0: NSE: 3
INFO:R0: FIR: 1.43671298027
INFO:R0: LAS: 0.55549788475
INFO:R0: LMA: 1
INFO:R0: MAX: 0.272263050079
INFO:R0: MIN: 0.272263050079
INFO:R0: AVG: 0.272263050079
INFO:R0: RMP: 0.100838166696
INFO:R0: RMG: 0.205739957315
