DEBUG:R0: Using Tc_p = 1.4
DEBUG:R0: Using Tc_d = 1.4
INFO:R0: Init motion planning
INFO:R0@tkref=0.0000: Time to solve stand alone optimization problem: 1.45659303665
INFO:R0@tkref=0.0000: N of unsatisfied eq: 5
INFO:R0@tkref=0.0000: N of unsatisfied ieq: 10
INFO:R0@tkref=0.0000: Summary: Iteration limit exceeded after 41 it.
DEBUG:R0@tkref=0.0000: $$$$$$$$ CONFLICT LIST $$$$$$$$: []
INFO:R0: --------------------------
INFO:R0@tkref=1.4000: Time to solve stand alone optimization problem: 0.204387903214
INFO:R0@tkref=1.4000: N of unsatisfied eq: 2
INFO:R0@tkref=1.4000: N of unsatisfied ieq: 7
INFO:R0@tkref=1.4000: Summary: Optimization terminated successfully. after 5 it.
DEBUG:R0@tkref=1.4000: $$$$$$$$ CONFLICT LIST $$$$$$$$: []
INFO:R0: --------------------------
INFO:R0@tkref=2.8000: Time to solve stand alone optimization problem: 0.284181833267
INFO:R0@tkref=2.8000: N of unsatisfied eq: 2
INFO:R0@tkref=2.8000: N of unsatisfied ieq: 7
INFO:R0@tkref=2.8000: Summary: Optimization terminated successfully. after 7 it.
DEBUG:R0@tkref=2.8000: $$$$$$$$ CONFLICT LIST $$$$$$$$: []
INFO:R0: --------------------------
INFO:R0@tkref=4.2000: Time to solve stand alone optimization problem: 0.203703165054
INFO:R0@tkref=4.2000: N of unsatisfied eq: 3
INFO:R0@tkref=4.2000: N of unsatisfied ieq: 7
INFO:R0@tkref=4.2000: Summary: Optimization terminated successfully. after 5 it.
DEBUG:R0@tkref=4.2000: $$$$$$$$ CONFLICT LIST $$$$$$$$: []
INFO:R0: --------------------------
DEBUG:R0: LAST STEP
DEBUG:R0: Approx remaining dist: 1.82606766148
DEBUG:R0: Usual approx plan dist: 3.5
DEBUG:R0: Approx gain in dist: 1.67393233852
DEBUG:R0: Last step min dist: 0.5
INFO:R0: scale 0.521733617564 Ns 7 Nk 3
INFO:R0@tkref=5.6000: Time to solve stand alone optimization problem: 0.581470966339
INFO:R0@tkref=5.6000: N of unsatisfied eq: 10
INFO:R0@tkref=5.6000: N of unsatisfied ieq: 4
INFO:R0@tkref=5.6000: Summary: Iteration limit exceeded after 26 it.
DEBUG:R0@tkref=5.6000: $$$$$$$$ CONFLICT LIST $$$$$$$$: []
INFO:R0: Finished motion planning
INFO:R0: --------------------------
INFO:R0: TOT: 7.64675953265
INFO:R0: NSE: 5
INFO:R0: FIR: 1.45788216591
INFO:R0: LAS: 0.582289934158
INFO:R0: LMA: 1
INFO:R0: MAX: 0.284969091415
INFO:R0: MIN: 0.204526901245
INFO:R0: AVG: 0.231563647588
INFO:R0: RMP: 0.203549351011
INFO:R0: RMG: 0.415921381542
