DEBUG:R0: Using Tc_p = 4.0
DEBUG:R0: Using Tc_d = 4.0
INFO:R0: Init motion planning
INFO:R0@tkref=0.0000: Time to solve stand alone optimization problem: 1.337651968
INFO:R0@tkref=0.0000: N of unsatisfied eq: 5
INFO:R0@tkref=0.0000: N of unsatisfied ieq: 7
INFO:R0@tkref=0.0000: Summary: Iteration limit exceeded after 41 it.
DEBUG:R0@tkref=0.0000: $$$$$$$$ CONFLICT LIST $$$$$$$$: []
INFO:R0: --------------------------
DEBUG:R0: LAST STEP
DEBUG:R0: Approx remaining dist: 3.31636074804
DEBUG:R0: Usual approx plan dist: 4.0
DEBUG:R0: Approx gain in dist: 0.683639251964
DEBUG:R0: Last step min dist: 0.5
INFO:R0: scale 0.829090187009 Ns 8 Nk 4
INFO:R0@tkref=4.0000: Time to solve stand alone optimization problem: 0.716615915298
INFO:R0@tkref=4.0000: N of unsatisfied eq: 10
INFO:R0@tkref=4.0000: N of unsatisfied ieq: 0
INFO:R0@tkref=4.0000: Summary: Iteration limit exceeded after 26 it.
DEBUG:R0@tkref=4.0000: $$$$$$$$ CONFLICT LIST $$$$$$$$: []
INFO:R0: Finished motion planning
INFO:R0: --------------------------
INFO:R0: TOT: 12.3932238871
INFO:R0: NSE: 2
INFO:R0: FIR: 1.33906292915
INFO:R0: LAS: 0.717468976974
INFO:R0: LMA: 1
INFO:R0: MAX: 0.717468976974
INFO:R0: MIN: 0.717468976974
INFO:R0: AVG: 0.717468976974
INFO:R0: RMP: 0.179367244244
INFO:R0: RMG: 0.179367244244
