DEBUG:R0: Using Tc_p = 2.75555555556
DEBUG:R0: Using Tc_d = 2.75555555556
INFO:R0: Init motion planning
INFO:R0@tkref=0.0000: Time to solve stand alone optimization problem: 1.47467088699
INFO:R0@tkref=0.0000: N of unsatisfied eq: 5
INFO:R0@tkref=0.0000: N of unsatisfied ieq: 6
INFO:R0@tkref=0.0000: Summary: Iteration limit exceeded after 41 it.
DEBUG:R0@tkref=0.0000: $$$$$$$$ CONFLICT LIST $$$$$$$$: []
INFO:R0: --------------------------
INFO:R0@tkref=2.7556: Time to solve stand alone optimization problem: 0.483549118042
INFO:R0@tkref=2.7556: N of unsatisfied eq: 1
INFO:R0@tkref=2.7556: N of unsatisfied ieq: 9
INFO:R0@tkref=2.7556: Summary: Optimization terminated successfully. after 12 it.
DEBUG:R0@tkref=2.7556: $$$$$$$$ CONFLICT LIST $$$$$$$$: []
INFO:R0: --------------------------
DEBUG:R0: LAST STEP
DEBUG:R0: Approx remaining dist: 1.92484908727
DEBUG:R0: Usual approx plan dist: 3.1
DEBUG:R0: Approx gain in dist: 1.17515091273
DEBUG:R0: Last step min dist: 0.5
INFO:R0: scale 0.620919060409 Ns 8 Nk 4
INFO:R0@tkref=5.5111: Time to solve stand alone optimization problem: 0.72239112854
INFO:R0@tkref=5.5111: N of unsatisfied eq: 8
INFO:R0@tkref=5.5111: N of unsatisfied ieq: 3
INFO:R0@tkref=5.5111: Summary: Iteration limit exceeded after 26 it.
DEBUG:R0@tkref=5.5111: $$$$$$$$ CONFLICT LIST $$$$$$$$: []
INFO:R0: Finished motion planning
INFO:R0: --------------------------
INFO:R0: TOT: 7.59107313243
INFO:R0: NSE: 3
INFO:R0: FIR: 1.47614002228
INFO:R0: LAS: 0.723778009415
INFO:R0: LMA: 1
INFO:R0: MAX: 0.484386920929
INFO:R0: MIN: 0.484386920929
INFO:R0: AVG: 0.484386920929
INFO:R0: RMP: 0.175785576144
INFO:R0: RMG: 0.262661374384
