DEBUG:R0: Using Tc_p = 3.54545454545
DEBUG:R0: Using Tc_d = 3.54545454545
INFO:R0: Init motion planning
INFO:R0@tkref=0.0000: Time to solve stand alone optimization problem: 1.06353616714
INFO:R0@tkref=0.0000: N of unsatisfied eq: 4
INFO:R0@tkref=0.0000: N of unsatisfied ieq: 10
INFO:R0@tkref=0.0000: Summary: Iteration limit exceeded after 41 it.
DEBUG:R0@tkref=0.0000: $$$$$$$$ CONFLICT LIST $$$$$$$$: []
INFO:R0: --------------------------
DEBUG:R0: LAST STEP
DEBUG:R0: Approx remaining dist: 3.6700891889
DEBUG:R0: Usual approx plan dist: 3.9
DEBUG:R0: Approx gain in dist: 0.229910811104
DEBUG:R0: Last step min dist: 0.5
INFO:R0: scale 0.941048509973 Ns 11 Nk 6
INFO:R0@tkref=3.5455: Time to solve stand alone optimization problem: 0.642738819122
INFO:R0@tkref=3.5455: N of unsatisfied eq: 10
INFO:R0@tkref=3.5455: N of unsatisfied ieq: 5
INFO:R0@tkref=3.5455: Summary: Iteration limit exceeded after 26 it.
DEBUG:R0@tkref=3.5455: $$$$$$$$ CONFLICT LIST $$$$$$$$: []
INFO:R0: Finished motion planning
INFO:R0: --------------------------
INFO:R0: TOT: 7.39003983716
INFO:R0: NSE: 2
INFO:R0: FIR: 1.06486415863
INFO:R0: LAS: 0.643529891968
INFO:R0: LMA: 1
INFO:R0: MAX: 0.643529891968
INFO:R0: MIN: 0.643529891968
INFO:R0: AVG: 0.643529891968
INFO:R0: RMP: 0.181508431068
INFO:R0: RMG: 0.181508431068
