DEBUG:R0: Using Tc_p = 1.8
DEBUG:R0: Using Tc_d = 1.8
INFO:R0: Init motion planning
INFO:R0@tkref=0.0000: Time to solve stand alone optimization problem: 0.999346017838
INFO:R0@tkref=0.0000: N of unsatisfied eq: 4
INFO:R0@tkref=0.0000: N of unsatisfied ieq: 6
INFO:R0@tkref=0.0000: Summary: Iteration limit exceeded after 41 it.
DEBUG:R0@tkref=0.0000: $$$$$$$$ CONFLICT LIST $$$$$$$$: []
INFO:R0: --------------------------
INFO:R0@tkref=1.8000: Time to solve stand alone optimization problem: 0.0249600410461
INFO:R0@tkref=1.8000: N of unsatisfied eq: 3
INFO:R0@tkref=1.8000: N of unsatisfied ieq: 3
INFO:R0@tkref=1.8000: Summary: Optimization terminated successfully. after 1 it.
DEBUG:R0@tkref=1.8000: $$$$$$$$ CONFLICT LIST $$$$$$$$: []
INFO:R0: --------------------------
INFO:R0@tkref=3.6000: Time to solve stand alone optimization problem: 0.0240998268127
INFO:R0@tkref=3.6000: N of unsatisfied eq: 5
INFO:R0@tkref=3.6000: N of unsatisfied ieq: 7
INFO:R0@tkref=3.6000: Summary: Optimization terminated successfully. after 1 it.
DEBUG:R0@tkref=3.6000: $$$$$$$$ CONFLICT LIST $$$$$$$$: []
INFO:R0: --------------------------
DEBUG:R0: LAST STEP
DEBUG:R0: Approx remaining dist: 1.75561384408
DEBUG:R0: Usual approx plan dist: 3.6
DEBUG:R0: Approx gain in dist: 1.84438615592
DEBUG:R0: Last step min dist: 0.5
INFO:R0: scale 0.487670512245 Ns 7 Nk 3
INFO:R0@tkref=5.4000: Time to solve stand alone optimization problem: 0.358141899109
INFO:R0@tkref=5.4000: N of unsatisfied eq: 10
INFO:R0@tkref=5.4000: N of unsatisfied ieq: 4
INFO:R0@tkref=5.4000: Summary: Iteration limit exceeded after 26 it.
DEBUG:R0@tkref=5.4000: $$$$$$$$ CONFLICT LIST $$$$$$$$: []
INFO:R0: Finished motion planning
INFO:R0: --------------------------
INFO:R0: TOT: 7.37325650002
INFO:R0: NSE: 4
INFO:R0: FIR: 1.00076389313
INFO:R0: LAS: 0.358914136887
INFO:R0: LMA: 1
INFO:R0: MAX: 0.0256290435791
INFO:R0: MIN: 0.0247540473938
INFO:R0: AVG: 0.0251915454865
INFO:R0: RMP: 0.0142383575439
INFO:R0: RMG: 0.199396742715
