DEBUG:R0: Using Tc_p = 0.418181818182
DEBUG:R0: Using Tc_d = 0.418181818182
INFO:R0: Init motion planning
INFO:R0@tkref=0.0000: Time to solve stand alone optimization problem: 3.03474593163
INFO:R0@tkref=0.0000: N of unsatisfied eq: 5
INFO:R0@tkref=0.0000: N of unsatisfied ieq: 9
INFO:R0@tkref=0.0000: Summary: Iteration limit exceeded after 41 it.
DEBUG:R0@tkref=0.0000: $$$$$$$$ CONFLICT LIST $$$$$$$$: []
INFO:R0: --------------------------
INFO:R0@tkref=0.4182: Time to solve stand alone optimization problem: 0.537886142731
INFO:R0@tkref=0.4182: N of unsatisfied eq: 2
INFO:R0@tkref=0.4182: N of unsatisfied ieq: 8
INFO:R0@tkref=0.4182: Summary: Optimization terminated successfully. after 9 it.
DEBUG:R0@tkref=0.4182: $$$$$$$$ CONFLICT LIST $$$$$$$$: []
INFO:R0: --------------------------
INFO:R0@tkref=0.8364: Time to solve stand alone optimization problem: 0.533116102219
INFO:R0@tkref=0.8364: N of unsatisfied eq: 2
INFO:R0@tkref=0.8364: N of unsatisfied ieq: 8
INFO:R0@tkref=0.8364: Summary: Optimization terminated successfully. after 9 it.
DEBUG:R0@tkref=0.8364: $$$$$$$$ CONFLICT LIST $$$$$$$$: []
INFO:R0: --------------------------
DEBUG:R0: Big problem 6.23105981592e+13
DEBUG:R0: Big problem 6.23101246174e+11
DEBUG:R0: Big problem 6230538933.16
DEBUG:R0: Big problem 62258049.6173
DEBUG:R0: Big problem 1.0320047927e+15
DEBUG:R0: Big problem 1.0320028701e+13
DEBUG:R0: Big problem 1.03198364425e+11
DEBUG:R0: Big problem 1031791398.78
DEBUG:R0: Big problem 10298702.5392
DEBUG:R0: Big problem 7.5353833195e+21
DEBUG:R0: Big problem 7.53538331431e+19
DEBUG:R0: Big problem 7.53538326241e+17
DEBUG:R0: Big problem 7.5353827434e+15
DEBUG:R0: Big problem 7.53537755324e+13
DEBUG:R0: Big problem 7.53532565176e+11
DEBUG:R0: Big problem 7534806650.11
DEBUG:R0: Big problem 75296179.4147
INFO:R0@tkref=1.2545: Time to solve stand alone optimization problem: 1.17550396919
INFO:R0@tkref=1.2545: N of unsatisfied eq: 3
INFO:R0@tkref=1.2545: N of unsatisfied ieq: 9
INFO:R0@tkref=1.2545: Summary: Iteration limit exceeded after 16 it.
DEBUG:R0@tkref=1.2545: $$$$$$$$ CONFLICT LIST $$$$$$$$: []
INFO:R0: --------------------------
INFO:R0@tkref=1.6727: Time to solve stand alone optimization problem: 1.07933592796
INFO:R0@tkref=1.6727: N of unsatisfied eq: 1
INFO:R0@tkref=1.6727: N of unsatisfied ieq: 5
INFO:R0@tkref=1.6727: Summary: Iteration limit exceeded after 16 it.
DEBUG:R0@tkref=1.6727: $$$$$$$$ CONFLICT LIST $$$$$$$$: []
INFO:R0: --------------------------
INFO:R0@tkref=2.0909: Time to solve stand alone optimization problem: 1.09613490105
INFO:R0@tkref=2.0909: N of unsatisfied eq: 1
INFO:R0@tkref=2.0909: N of unsatisfied ieq: 7
INFO:R0@tkref=2.0909: Summary: Iteration limit exceeded after 16 it.
DEBUG:R0@tkref=2.0909: $$$$$$$$ CONFLICT LIST $$$$$$$$: []
INFO:R0: --------------------------
INFO:R0@tkref=2.5091: Time to solve stand alone optimization problem: 1.12406778336
INFO:R0@tkref=2.5091: N of unsatisfied eq: 3
INFO:R0@tkref=2.5091: N of unsatisfied ieq: 6
INFO:R0@tkref=2.5091: Summary: Iteration limit exceeded after 16 it.
DEBUG:R0@tkref=2.5091: $$$$$$$$ CONFLICT LIST $$$$$$$$: []
INFO:R0: --------------------------
INFO:R0@tkref=2.9273: Time to solve stand alone optimization problem: 1.07229113579
INFO:R0@tkref=2.9273: N of unsatisfied eq: 3
INFO:R0@tkref=2.9273: N of unsatisfied ieq: 7
INFO:R0@tkref=2.9273: Summary: Iteration limit exceeded after 16 it.
DEBUG:R0@tkref=2.9273: $$$$$$$$ CONFLICT LIST $$$$$$$$: []
INFO:R0: --------------------------
INFO:R0@tkref=3.3455: Time to solve stand alone optimization problem: 1.11825108528
INFO:R0@tkref=3.3455: N of unsatisfied eq: 1
INFO:R0@tkref=3.3455: N of unsatisfied ieq: 8
INFO:R0@tkref=3.3455: Summary: Iteration limit exceeded after 16 it.
DEBUG:R0@tkref=3.3455: $$$$$$$$ CONFLICT LIST $$$$$$$$: []
INFO:R0: --------------------------
INFO:R0@tkref=3.7636: Time to solve stand alone optimization problem: 1.07075786591
INFO:R0@tkref=3.7636: N of unsatisfied eq: 3
INFO:R0@tkref=3.7636: N of unsatisfied ieq: 9
INFO:R0@tkref=3.7636: Summary: Iteration limit exceeded after 16 it.
DEBUG:R0@tkref=3.7636: $$$$$$$$ CONFLICT LIST $$$$$$$$: []
INFO:R0: --------------------------
INFO:R0@tkref=4.1818: Time to solve stand alone optimization problem: 0.332579135895
INFO:R0@tkref=4.1818: N of unsatisfied eq: 3
INFO:R0@tkref=4.1818: N of unsatisfied ieq: 8
INFO:R0@tkref=4.1818: Summary: Optimization terminated successfully. after 5 it.
DEBUG:R0@tkref=4.1818: $$$$$$$$ CONFLICT LIST $$$$$$$$: []
INFO:R0: --------------------------
INFO:R0@tkref=4.6000: Time to solve stand alone optimization problem: 0.20144701004
INFO:R0@tkref=4.6000: N of unsatisfied eq: 3
INFO:R0@tkref=4.6000: N of unsatisfied ieq: 5
INFO:R0@tkref=4.6000: Summary: Optimization terminated successfully. after 3 it.
DEBUG:R0@tkref=4.6000: $$$$$$$$ CONFLICT LIST $$$$$$$$: []
INFO:R0: --------------------------
INFO:R0@tkref=5.0182: Time to solve stand alone optimization problem: 0.201364040375
INFO:R0@tkref=5.0182: N of unsatisfied eq: 3
INFO:R0@tkref=5.0182: N of unsatisfied ieq: 7
INFO:R0@tkref=5.0182: Summary: Optimization terminated successfully. after 3 it.
DEBUG:R0@tkref=5.0182: $$$$$$$$ CONFLICT LIST $$$$$$$$: []
INFO:R0: --------------------------
INFO:R0@tkref=5.4364: Time to solve stand alone optimization problem: 0.137341976166
INFO:R0@tkref=5.4364: N of unsatisfied eq: 3
INFO:R0@tkref=5.4364: N of unsatisfied ieq: 5
INFO:R0@tkref=5.4364: Summary: Optimization terminated successfully. after 2 it.
DEBUG:R0@tkref=5.4364: $$$$$$$$ CONFLICT LIST $$$$$$$$: []
INFO:R0: --------------------------
INFO:R0@tkref=5.8545: Time to solve stand alone optimization problem: 0.137904882431
INFO:R0@tkref=5.8545: N of unsatisfied eq: 3
INFO:R0@tkref=5.8545: N of unsatisfied ieq: 6
INFO:R0@tkref=5.8545: Summary: Optimization terminated successfully. after 2 it.
DEBUG:R0@tkref=5.8545: $$$$$$$$ CONFLICT LIST $$$$$$$$: []
INFO:R0: --------------------------
INFO:R0@tkref=6.2727: Time to solve stand alone optimization problem: 0.13760304451
INFO:R0@tkref=6.2727: N of unsatisfied eq: 3
INFO:R0@tkref=6.2727: N of unsatisfied ieq: 6
INFO:R0@tkref=6.2727: Summary: Optimization terminated successfully. after 2 it.
DEBUG:R0@tkref=6.2727: $$$$$$$$ CONFLICT LIST $$$$$$$$: []
INFO:R0: --------------------------
INFO:R0@tkref=6.6909: Time to solve stand alone optimization problem: 0.0637919902802
INFO:R0@tkref=6.6909: N of unsatisfied eq: 3
INFO:R0@tkref=6.6909: N of unsatisfied ieq: 6
INFO:R0@tkref=6.6909: Summary: Optimization terminated successfully. after 1 it.
DEBUG:R0@tkref=6.6909: $$$$$$$$ CONFLICT LIST $$$$$$$$: []
INFO:R0: --------------------------
INFO:R0@tkref=7.1091: Time to solve stand alone optimization problem: 0.0579972267151
INFO:R0@tkref=7.1091: N of unsatisfied eq: 3
INFO:R0@tkref=7.1091: N of unsatisfied ieq: 7
INFO:R0@tkref=7.1091: Summary: Optimization terminated successfully. after 1 it.
DEBUG:R0@tkref=7.1091: $$$$$$$$ CONFLICT LIST $$$$$$$$: []
INFO:R0: --------------------------
DEBUG:R0: LAST STEP
DEBUG:R0: Approx remaining dist: 1.08731704958
DEBUG:R0: Usual approx plan dist: 4.6
DEBUG:R0: Approx gain in dist: 3.51268295042
DEBUG:R0: Last step min dist: 0.5
INFO:R0: scale 0.236373271647 Ns 7 Nk 3
INFO:R0@tkref=7.5273: Time to solve stand alone optimization problem: 0.627398967743
INFO:R0@tkref=7.5273: N of unsatisfied eq: 10
INFO:R0@tkref=7.5273: N of unsatisfied ieq: 4
INFO:R0@tkref=7.5273: Summary: Iteration limit exceeded after 26 it.
DEBUG:R0@tkref=7.5273: $$$$$$$$ CONFLICT LIST $$$$$$$$: []
INFO:R0: Finished motion planning
INFO:R0: --------------------------
INFO:R0: TOT: 8.74344063053
INFO:R0: NSE: 19
INFO:R0: FIR: 3.03602600098
INFO:R0: LAS: 0.628258943558
INFO:R0: LMA: 0
INFO:R0: MAX: 1.17638897896
INFO:R0: MIN: 0.0588438510895
INFO:R0: AVG: 0.593695444219
INFO:R0: RMP: 2.81310408012
INFO:R0: RMG: 2.81310408012
