DEBUG:R0: Using Tc_p = 2.73636363636
DEBUG:R0: Using Tc_d = 2.73636363636
INFO:R0: Init motion planning
INFO:R0@tkref=0.0000: Time to solve stand alone optimization problem: 1.04483795166
INFO:R0@tkref=0.0000: N of unsatisfied eq: 5
INFO:R0@tkref=0.0000: N of unsatisfied ieq: 10
INFO:R0@tkref=0.0000: Summary: Iteration limit exceeded after 41 it.
DEBUG:R0@tkref=0.0000: $$$$$$$$ CONFLICT LIST $$$$$$$$: []
INFO:R0: --------------------------
INFO:R0@tkref=2.7364: Time to solve stand alone optimization problem: 0.0260269641876
INFO:R0@tkref=2.7364: N of unsatisfied eq: 3
INFO:R0@tkref=2.7364: N of unsatisfied ieq: 4
INFO:R0@tkref=2.7364: Summary: Optimization terminated successfully. after 1 it.
DEBUG:R0@tkref=2.7364: $$$$$$$$ CONFLICT LIST $$$$$$$$: []
INFO:R0: --------------------------
DEBUG:R0: LAST STEP
DEBUG:R0: Approx remaining dist: 1.76514763942
DEBUG:R0: Usual approx plan dist: 4.3
DEBUG:R0: Approx gain in dist: 2.53485236058
DEBUG:R0: Last step min dist: 0.5
INFO:R0: scale 0.410499451028 Ns 7 Nk 3
INFO:R0@tkref=5.4727: Time to solve stand alone optimization problem: 0.355737924576
INFO:R0@tkref=5.4727: N of unsatisfied eq: 10
INFO:R0@tkref=5.4727: N of unsatisfied ieq: 4
INFO:R0@tkref=5.4727: Summary: Iteration limit exceeded after 26 it.
DEBUG:R0@tkref=5.4727: $$$$$$$$ CONFLICT LIST $$$$$$$$: []
INFO:R0: Finished motion planning
INFO:R0: --------------------------
INFO:R0: TOT: 7.45669921522
INFO:R0: NSE: 3
INFO:R0: FIR: 1.04601407051
INFO:R0: LAS: 0.356494903564
INFO:R0: LMA: 1
INFO:R0: MAX: 0.0266969203949
INFO:R0: MIN: 0.0266969203949
INFO:R0: AVG: 0.0266969203949
INFO:R0: RMP: 0.00975634964598
INFO:R0: RMG: 0.130280529542
