DEBUG:R0: Using Tc_p = 1.95555555556
DEBUG:R0: Using Tc_d = 1.95555555556
INFO:R0: Init motion planning
INFO:R0@tkref=0.0000: Time to solve stand alone optimization problem: 0.855677127838
INFO:R0@tkref=0.0000: N of unsatisfied eq: 4
INFO:R0@tkref=0.0000: N of unsatisfied ieq: 5
INFO:R0@tkref=0.0000: Summary: Iteration limit exceeded after 41 it.
DEBUG:R0@tkref=0.0000: $$$$$$$$ CONFLICT LIST $$$$$$$$: []
INFO:R0: --------------------------
INFO:R0@tkref=1.9556: Time to solve stand alone optimization problem: 0.0411739349365
INFO:R0@tkref=1.9556: N of unsatisfied eq: 3
INFO:R0@tkref=1.9556: N of unsatisfied ieq: 6
INFO:R0@tkref=1.9556: Summary: Optimization terminated successfully. after 2 it.
DEBUG:R0@tkref=1.9556: $$$$$$$$ CONFLICT LIST $$$$$$$$: []
INFO:R0: --------------------------
INFO:R0@tkref=3.9111: Time to solve stand alone optimization problem: 0.0219531059265
INFO:R0@tkref=3.9111: N of unsatisfied eq: 3
INFO:R0@tkref=3.9111: N of unsatisfied ieq: 4
INFO:R0@tkref=3.9111: Summary: Optimization terminated successfully. after 1 it.
DEBUG:R0@tkref=3.9111: $$$$$$$$ CONFLICT LIST $$$$$$$$: []
INFO:R0: --------------------------
DEBUG:R0: LAST STEP
DEBUG:R0: Approx remaining dist: 1.42301886917
DEBUG:R0: Usual approx plan dist: 4.4
DEBUG:R0: Approx gain in dist: 2.97698113083
DEBUG:R0: Last step min dist: 0.5
INFO:R0: scale 0.323413379357 Ns 7 Nk 3
INFO:R0@tkref=5.8667: Time to solve stand alone optimization problem: 0.35909485817
INFO:R0@tkref=5.8667: N of unsatisfied eq: 10
INFO:R0@tkref=5.8667: N of unsatisfied ieq: 4
INFO:R0@tkref=5.8667: Summary: Iteration limit exceeded after 26 it.
DEBUG:R0@tkref=5.8667: $$$$$$$$ CONFLICT LIST $$$$$$$$: []
INFO:R0: Finished motion planning
INFO:R0: --------------------------
INFO:R0: TOT: 7.46612283785
INFO:R0: NSE: 4
INFO:R0: FIR: 0.856806993484
INFO:R0: LAS: 0.359831809998
INFO:R0: LMA: 1
INFO:R0: MAX: 0.0418341159821
INFO:R0: MIN: 0.0225939750671
INFO:R0: AVG: 0.0322140455246
INFO:R0: RMP: 0.0213924456726
INFO:R0: RMG: 0.18400490284
