DEBUG:R0: Using Tc_p = 3.34444444444
DEBUG:R0: Using Tc_d = 3.34444444444
INFO:R0: Init motion planning
INFO:R0@tkref=0.0000: Time to solve stand alone optimization problem: 2.26305198669
INFO:R0@tkref=0.0000: N of unsatisfied eq: 5
INFO:R0@tkref=0.0000: N of unsatisfied ieq: 11
INFO:R0@tkref=0.0000: Summary: Iteration limit exceeded after 41 it.
DEBUG:R0@tkref=0.0000: $$$$$$$$ CONFLICT LIST $$$$$$$$: []
INFO:R0: --------------------------
INFO:R0@tkref=3.3444: Time to solve stand alone optimization problem: 0.281220197678
INFO:R0@tkref=3.3444: N of unsatisfied eq: 2
INFO:R0@tkref=3.3444: N of unsatisfied ieq: 8
INFO:R0@tkref=3.3444: Summary: Optimization terminated successfully. after 5 it.
DEBUG:R0@tkref=3.3444: $$$$$$$$ CONFLICT LIST $$$$$$$$: []
INFO:R0: --------------------------
DEBUG:R0: LAST STEP
DEBUG:R0: Approx remaining dist: 0.958413798601
DEBUG:R0: Usual approx plan dist: 4.3
DEBUG:R0: Approx gain in dist: 3.3415862014
DEBUG:R0: Last step min dist: 0.5
INFO:R0: scale 0.222886929907 Ns 7 Nk 3
INFO:R0@tkref=6.6889: Time to solve stand alone optimization problem: 0.621776819229
INFO:R0@tkref=6.6889: N of unsatisfied eq: 10
INFO:R0@tkref=6.6889: N of unsatisfied ieq: 3
INFO:R0@tkref=6.6889: Summary: Iteration limit exceeded after 26 it.
DEBUG:R0@tkref=6.6889: $$$$$$$$ CONFLICT LIST $$$$$$$$: []
INFO:R0: Finished motion planning
INFO:R0: --------------------------
INFO:R0: TOT: 7.7888534212
INFO:R0: NSE: 3
INFO:R0: FIR: 2.26436305046
INFO:R0: LAS: 0.622670888901
INFO:R0: LMA: 1
INFO:R0: MAX: 0.282063007355
INFO:R0: MIN: 0.282063007355
INFO:R0: AVG: 0.282063007355
INFO:R0: RMP: 0.0843377762855
INFO:R0: RMG: 0.186180664455
