DEBUG:R0: Using Tc_p = 3.10909090909
DEBUG:R0: Using Tc_d = 3.10909090909
INFO:R0: Init motion planning
INFO:R0@tkref=0.0000: Time to solve stand alone optimization problem: 2.72333717346
INFO:R0@tkref=0.0000: N of unsatisfied eq: 4
INFO:R0@tkref=0.0000: N of unsatisfied ieq: 11
INFO:R0@tkref=0.0000: Summary: Iteration limit exceeded after 41 it.
DEBUG:R0@tkref=0.0000: $$$$$$$$ CONFLICT LIST $$$$$$$$: []
INFO:R0: --------------------------
INFO:R0@tkref=3.1091: Time to solve stand alone optimization problem: 0.590821027756
INFO:R0@tkref=3.1091: N of unsatisfied eq: 2
INFO:R0@tkref=3.1091: N of unsatisfied ieq: 7
INFO:R0@tkref=3.1091: Summary: Optimization terminated successfully. after 8 it.
DEBUG:R0@tkref=3.1091: $$$$$$$$ CONFLICT LIST $$$$$$$$: []
INFO:R0: --------------------------
DEBUG:R0: LAST STEP
DEBUG:R0: Approx remaining dist: 1.5613278148
DEBUG:R0: Usual approx plan dist: 3.8
DEBUG:R0: Approx gain in dist: 2.2386721852
DEBUG:R0: Last step min dist: 0.5
INFO:R0: scale 0.410875740737 Ns 7 Nk 3
INFO:R0@tkref=6.2182: Time to solve stand alone optimization problem: 0.609581947327
INFO:R0@tkref=6.2182: N of unsatisfied eq: 10
INFO:R0@tkref=6.2182: N of unsatisfied ieq: 3
INFO:R0@tkref=6.2182: Summary: Iteration limit exceeded after 26 it.
DEBUG:R0@tkref=6.2182: $$$$$$$$ CONFLICT LIST $$$$$$$$: []
INFO:R0: Finished motion planning
INFO:R0: --------------------------
INFO:R0: TOT: 7.99184807439
INFO:R0: NSE: 3
INFO:R0: FIR: 2.72464704514
INFO:R0: LAS: 0.610430955887
INFO:R0: LMA: 1
INFO:R0: MAX: 0.591660022736
INFO:R0: MIN: 0.591660022736
INFO:R0: AVG: 0.591660022736
INFO:R0: RMP: 0.190300007313
INFO:R0: RMG: 0.196337441952
