DEBUG:R0: Using Tc_p = 0.51
DEBUG:R0: Using Tc_d = 0.51
INFO:R0: Init motion planning
INFO:R0@tkref=0.0000: Time to solve stand alone optimization problem: 0.942221879959
INFO:R0@tkref=0.0000: N of unsatisfied eq: 5
INFO:R0@tkref=0.0000: N of unsatisfied ieq: 9
INFO:R0@tkref=0.0000: Summary: Iteration limit exceeded after 41 it.
DEBUG:R0@tkref=0.0000: $$$$$$$$ CONFLICT LIST $$$$$$$$: []
INFO:R0: --------------------------
INFO:R0@tkref=0.5100: Time to solve stand alone optimization problem: 0.0241889953613
INFO:R0@tkref=0.5100: N of unsatisfied eq: 3
INFO:R0@tkref=0.5100: N of unsatisfied ieq: 5
INFO:R0@tkref=0.5100: Summary: Optimization terminated successfully. after 1 it.
DEBUG:R0@tkref=0.5100: $$$$$$$$ CONFLICT LIST $$$$$$$$: []
INFO:R0: --------------------------
INFO:R0@tkref=1.0200: Time to solve stand alone optimization problem: 0.11602306366
INFO:R0@tkref=1.0200: N of unsatisfied eq: 3
INFO:R0@tkref=1.0200: N of unsatisfied ieq: 8
INFO:R0@tkref=1.0200: Summary: Optimization terminated successfully. after 5 it.
DEBUG:R0@tkref=1.0200: $$$$$$$$ CONFLICT LIST $$$$$$$$: []
INFO:R0: --------------------------
INFO:R0@tkref=1.5300: Time to solve stand alone optimization problem: 0.0698931217194
INFO:R0@tkref=1.5300: N of unsatisfied eq: 3
INFO:R0@tkref=1.5300: N of unsatisfied ieq: 9
INFO:R0@tkref=1.5300: Summary: Optimization terminated successfully. after 3 it.
DEBUG:R0@tkref=1.5300: $$$$$$$$ CONFLICT LIST $$$$$$$$: []
INFO:R0: --------------------------
INFO:R0@tkref=2.0400: Time to solve stand alone optimization problem: 0.0700750350952
INFO:R0@tkref=2.0400: N of unsatisfied eq: 3
INFO:R0@tkref=2.0400: N of unsatisfied ieq: 9
INFO:R0@tkref=2.0400: Summary: Optimization terminated successfully. after 3 it.
DEBUG:R0@tkref=2.0400: $$$$$$$$ CONFLICT LIST $$$$$$$$: []
INFO:R0: --------------------------
INFO:R0@tkref=2.5500: Time to solve stand alone optimization problem: 0.0481910705566
INFO:R0@tkref=2.5500: N of unsatisfied eq: 4
INFO:R0@tkref=2.5500: N of unsatisfied ieq: 8
INFO:R0@tkref=2.5500: Summary: Optimization terminated successfully. after 2 it.
DEBUG:R0@tkref=2.5500: $$$$$$$$ CONFLICT LIST $$$$$$$$: []
INFO:R0: --------------------------
INFO:R0@tkref=3.0600: Time to solve stand alone optimization problem: 0.0228641033173
INFO:R0@tkref=3.0600: N of unsatisfied eq: 4
INFO:R0@tkref=3.0600: N of unsatisfied ieq: 7
INFO:R0@tkref=3.0600: Summary: Optimization terminated successfully. after 1 it.
DEBUG:R0@tkref=3.0600: $$$$$$$$ CONFLICT LIST $$$$$$$$: []
INFO:R0: --------------------------
INFO:R0@tkref=3.5700: Time to solve stand alone optimization problem: 0.0227980613708
INFO:R0@tkref=3.5700: N of unsatisfied eq: 4
INFO:R0@tkref=3.5700: N of unsatisfied ieq: 7
INFO:R0@tkref=3.5700: Summary: Optimization terminated successfully. after 1 it.
DEBUG:R0@tkref=3.5700: $$$$$$$$ CONFLICT LIST $$$$$$$$: []
INFO:R0: --------------------------
INFO:R0@tkref=4.0800: Time to solve stand alone optimization problem: 0.0232198238373
INFO:R0@tkref=4.0800: N of unsatisfied eq: 4
INFO:R0@tkref=4.0800: N of unsatisfied ieq: 6
INFO:R0@tkref=4.0800: Summary: Optimization terminated successfully. after 1 it.
DEBUG:R0@tkref=4.0800: $$$$$$$$ CONFLICT LIST $$$$$$$$: []
INFO:R0: --------------------------
INFO:R0@tkref=4.5900: Time to solve stand alone optimization problem: 0.0224661827087
INFO:R0@tkref=4.5900: N of unsatisfied eq: 4
INFO:R0@tkref=4.5900: N of unsatisfied ieq: 8
INFO:R0@tkref=4.5900: Summary: Optimization terminated successfully. after 1 it.
DEBUG:R0@tkref=4.5900: $$$$$$$$ CONFLICT LIST $$$$$$$$: []
INFO:R0: --------------------------
INFO:R0@tkref=5.1000: Time to solve stand alone optimization problem: 0.0226519107819
INFO:R0@tkref=5.1000: N of unsatisfied eq: 5
INFO:R0@tkref=5.1000: N of unsatisfied ieq: 6
INFO:R0@tkref=5.1000: Summary: Optimization terminated successfully. after 1 it.
DEBUG:R0@tkref=5.1000: $$$$$$$$ CONFLICT LIST $$$$$$$$: []
INFO:R0: --------------------------
INFO:R0@tkref=5.6100: Time to solve stand alone optimization problem: 0.02268409729
INFO:R0@tkref=5.6100: N of unsatisfied eq: 4
INFO:R0@tkref=5.6100: N of unsatisfied ieq: 7
INFO:R0@tkref=5.6100: Summary: Optimization terminated successfully. after 1 it.
DEBUG:R0@tkref=5.6100: $$$$$$$$ CONFLICT LIST $$$$$$$$: []
INFO:R0: --------------------------
DEBUG:R0: LAST STEP
DEBUG:R0: Approx remaining dist: 0.994020331136
DEBUG:R0: Usual approx plan dist: 1.7
DEBUG:R0: Approx gain in dist: 0.705979668864
DEBUG:R0: Last step min dist: 0.5
INFO:R0: scale 0.584717841845 Ns 7 Nk 3
INFO:R0@tkref=6.1200: Time to solve stand alone optimization problem: 0.374376058578
INFO:R0@tkref=6.1200: N of unsatisfied eq: 10
INFO:R0@tkref=6.1200: N of unsatisfied ieq: 4
INFO:R0@tkref=6.1200: Summary: Iteration limit exceeded after 26 it.
DEBUG:R0@tkref=6.1200: $$$$$$$$ CONFLICT LIST $$$$$$$$: []
INFO:R0: Finished motion planning
INFO:R0: --------------------------
INFO:R0: TOT: 7.23712991008
INFO:R0: NSE: 13
INFO:R0: FIR: 0.94336104393
INFO:R0: LAS: 0.37512087822
INFO:R0: LMA: 1
INFO:R0: MAX: 0.116703033447
INFO:R0: MIN: 0.0231349468231
INFO:R0: AVG: 0.0429473356767
INFO:R0: RMP: 0.228829477348
INFO:R0: RMG: 0.735531133764
