DEBUG:R0: Using Tc_p = 0.836363636364
DEBUG:R0: Using Tc_d = 0.836363636364
INFO:R0: Init motion planning
INFO:R0@tkref=0.0000: Time to solve stand alone optimization problem: 1.66203188896
INFO:R0@tkref=0.0000: N of unsatisfied eq: 5
INFO:R0@tkref=0.0000: N of unsatisfied ieq: 8
INFO:R0@tkref=0.0000: Summary: Iteration limit exceeded after 41 it.
DEBUG:R0@tkref=0.0000: $$$$$$$$ CONFLICT LIST $$$$$$$$: []
INFO:R0: --------------------------
INFO:R0@tkref=0.8364: Time to solve stand alone optimization problem: 0.350406169891
INFO:R0@tkref=0.8364: N of unsatisfied eq: 2
INFO:R0@tkref=0.8364: N of unsatisfied ieq: 8
INFO:R0@tkref=0.8364: Summary: Optimization terminated successfully. after 9 it.
DEBUG:R0@tkref=0.8364: $$$$$$$$ CONFLICT LIST $$$$$$$$: []
INFO:R0: --------------------------
INFO:R0@tkref=1.6727: Time to solve stand alone optimization problem: 0.412934064865
INFO:R0@tkref=1.6727: N of unsatisfied eq: 2
INFO:R0@tkref=1.6727: N of unsatisfied ieq: 8
INFO:R0@tkref=1.6727: Summary: Optimization terminated successfully. after 9 it.
DEBUG:R0@tkref=1.6727: $$$$$$$$ CONFLICT LIST $$$$$$$$: []
INFO:R0: --------------------------
INFO:R0@tkref=2.5091: Time to solve stand alone optimization problem: 0.361247062683
INFO:R0@tkref=2.5091: N of unsatisfied eq: 2
INFO:R0@tkref=2.5091: N of unsatisfied ieq: 9
INFO:R0@tkref=2.5091: Summary: Optimization terminated successfully. after 8 it.
DEBUG:R0@tkref=2.5091: $$$$$$$$ CONFLICT LIST $$$$$$$$: []
INFO:R0: --------------------------
INFO:R0@tkref=3.3455: Time to solve stand alone optimization problem: 0.184468984604
INFO:R0@tkref=3.3455: N of unsatisfied eq: 3
INFO:R0@tkref=3.3455: N of unsatisfied ieq: 8
INFO:R0@tkref=3.3455: Summary: Optimization terminated successfully. after 4 it.
DEBUG:R0@tkref=3.3455: $$$$$$$$ CONFLICT LIST $$$$$$$$: []
INFO:R0: --------------------------
INFO:R0@tkref=4.1818: Time to solve stand alone optimization problem: 0.275021076202
INFO:R0@tkref=4.1818: N of unsatisfied eq: 3
INFO:R0@tkref=4.1818: N of unsatisfied ieq: 7
INFO:R0@tkref=4.1818: Summary: Optimization terminated successfully. after 6 it.
DEBUG:R0@tkref=4.1818: $$$$$$$$ CONFLICT LIST $$$$$$$$: []
INFO:R0: --------------------------
INFO:R0@tkref=5.0182: Time to solve stand alone optimization problem: 0.139701128006
INFO:R0@tkref=5.0182: N of unsatisfied eq: 3
INFO:R0@tkref=5.0182: N of unsatisfied ieq: 6
INFO:R0@tkref=5.0182: Summary: Optimization terminated successfully. after 3 it.
DEBUG:R0@tkref=5.0182: $$$$$$$$ CONFLICT LIST $$$$$$$$: []
INFO:R0: --------------------------
INFO:R0@tkref=5.8545: Time to solve stand alone optimization problem: 0.0944020748138
INFO:R0@tkref=5.8545: N of unsatisfied eq: 3
INFO:R0@tkref=5.8545: N of unsatisfied ieq: 5
INFO:R0@tkref=5.8545: Summary: Optimization terminated successfully. after 2 it.
DEBUG:R0@tkref=5.8545: $$$$$$$$ CONFLICT LIST $$$$$$$$: []
INFO:R0: --------------------------
DEBUG:R0: LAST STEP
DEBUG:R0: Approx remaining dist: 0.796178017851
DEBUG:R0: Usual approx plan dist: 4.6
DEBUG:R0: Approx gain in dist: 3.80382198215
DEBUG:R0: Last step min dist: 0.5
INFO:R0: scale 0.173082177794 Ns 7 Nk 3
INFO:R0@tkref=6.6909: Time to solve stand alone optimization problem: 0.494531869888
INFO:R0@tkref=6.6909: N of unsatisfied eq: 10
INFO:R0@tkref=6.6909: N of unsatisfied ieq: 4
INFO:R0@tkref=6.6909: Summary: Iteration limit exceeded after 26 it.
DEBUG:R0@tkref=6.6909: $$$$$$$$ CONFLICT LIST $$$$$$$$: []
INFO:R0: Finished motion planning
INFO:R0: --------------------------
INFO:R0: TOT: 7.58575223988
INFO:R0: NSE: 9
INFO:R0: FIR: 1.66346502304
INFO:R0: LAS: 0.495903015137
INFO:R0: LMA: 1
INFO:R0: MAX: 0.413719177246
INFO:R0: MIN: 0.0951268672943
INFO:R0: AVG: 0.260511500495
INFO:R0: RMP: 0.494664233664
INFO:R0: RMG: 0.592927518098
