DEBUG:R0: Using Tc_p = 2.1
DEBUG:R0: Using Tc_d = 2.1
INFO:R0: Init motion planning
INFO:R0@tkref=0.0000: Time to solve stand alone optimization problem: 1.44227004051
INFO:R0@tkref=0.0000: N of unsatisfied eq: 5
INFO:R0@tkref=0.0000: N of unsatisfied ieq: 9
INFO:R0@tkref=0.0000: Summary: Iteration limit exceeded after 41 it.
DEBUG:R0@tkref=0.0000: $$$$$$$$ CONFLICT LIST $$$$$$$$: []
INFO:R0: --------------------------
INFO:R0@tkref=2.1000: Time to solve stand alone optimization problem: 0.278494119644
INFO:R0@tkref=2.1000: N of unsatisfied eq: 2
INFO:R0@tkref=2.1000: N of unsatisfied ieq: 5
INFO:R0@tkref=2.1000: Summary: Optimization terminated successfully. after 7 it.
DEBUG:R0@tkref=2.1000: $$$$$$$$ CONFLICT LIST $$$$$$$$: []
INFO:R0: --------------------------
INFO:R0@tkref=4.2000: Time to solve stand alone optimization problem: 0.281440973282
INFO:R0@tkref=4.2000: N of unsatisfied eq: 3
INFO:R0@tkref=4.2000: N of unsatisfied ieq: 6
INFO:R0@tkref=4.2000: Summary: Optimization terminated successfully. after 7 it.
DEBUG:R0@tkref=4.2000: $$$$$$$$ CONFLICT LIST $$$$$$$$: []
INFO:R0: --------------------------
DEBUG:R0: LAST STEP
DEBUG:R0: Approx remaining dist: 1.15308125727
DEBUG:R0: Usual approx plan dist: 3.0
DEBUG:R0: Approx gain in dist: 1.84691874273
DEBUG:R0: Last step min dist: 0.5
INFO:R0: scale 0.384360419091 Ns 7 Nk 3
INFO:R0@tkref=6.3000: Time to solve stand alone optimization problem: 0.571753978729
INFO:R0@tkref=6.3000: N of unsatisfied eq: 10
INFO:R0@tkref=6.3000: N of unsatisfied ieq: 3
INFO:R0@tkref=6.3000: Summary: Iteration limit exceeded after 26 it.
DEBUG:R0@tkref=6.3000: $$$$$$$$ CONFLICT LIST $$$$$$$$: []
INFO:R0: Finished motion planning
INFO:R0: --------------------------
INFO:R0: TOT: 7.5969514212
INFO:R0: NSE: 4
INFO:R0: FIR: 1.44373607635
INFO:R0: LAS: 0.572599887848
INFO:R0: LMA: 1
INFO:R0: MAX: 0.282286882401
INFO:R0: MIN: 0.279325962067
INFO:R0: AVG: 0.280806422234
INFO:R0: RMP: 0.134422324953
INFO:R0: RMG: 0.272666613261
