DEBUG:R0: Using Tc_p = 1.3
DEBUG:R0: Using Tc_d = 1.3
INFO:R0: Init motion planning
INFO:R0@tkref=0.0000: Time to solve stand alone optimization problem: 1.33283209801
INFO:R0@tkref=0.0000: N of unsatisfied eq: 5
INFO:R0@tkref=0.0000: N of unsatisfied ieq: 7
INFO:R0@tkref=0.0000: Summary: Iteration limit exceeded after 41 it.
DEBUG:R0@tkref=0.0000: $$$$$$$$ CONFLICT LIST $$$$$$$$: []
INFO:R0: --------------------------
INFO:R0@tkref=1.3000: Time to solve stand alone optimization problem: 0.260231018066
INFO:R0@tkref=1.3000: N of unsatisfied eq: 2
INFO:R0@tkref=1.3000: N of unsatisfied ieq: 6
INFO:R0@tkref=1.3000: Summary: Optimization terminated successfully. after 7 it.
DEBUG:R0@tkref=1.3000: $$$$$$$$ CONFLICT LIST $$$$$$$$: []
INFO:R0: --------------------------
INFO:R0@tkref=2.6000: Time to solve stand alone optimization problem: 0.252983093262
INFO:R0@tkref=2.6000: N of unsatisfied eq: 2
INFO:R0@tkref=2.6000: N of unsatisfied ieq: 6
INFO:R0@tkref=2.6000: Summary: Optimization terminated successfully. after 7 it.
DEBUG:R0@tkref=2.6000: $$$$$$$$ CONFLICT LIST $$$$$$$$: []
INFO:R0: --------------------------
INFO:R0@tkref=3.9000: Time to solve stand alone optimization problem: 0.217288970947
INFO:R0@tkref=3.9000: N of unsatisfied eq: 3
INFO:R0@tkref=3.9000: N of unsatisfied ieq: 5
INFO:R0@tkref=3.9000: Summary: Optimization terminated successfully. after 6 it.
DEBUG:R0@tkref=3.9000: $$$$$$$$ CONFLICT LIST $$$$$$$$: []
INFO:R0: --------------------------
INFO:R0@tkref=5.2000: Time to solve stand alone optimization problem: 0.110702037811
INFO:R0@tkref=5.2000: N of unsatisfied eq: 3
INFO:R0@tkref=5.2000: N of unsatisfied ieq: 6
INFO:R0@tkref=5.2000: Summary: Optimization terminated successfully. after 3 it.
DEBUG:R0@tkref=5.2000: $$$$$$$$ CONFLICT LIST $$$$$$$$: []
INFO:R0: --------------------------
DEBUG:R0: LAST STEP
DEBUG:R0: Approx remaining dist: 1.04377837679
DEBUG:R0: Usual approx plan dist: 3.9
DEBUG:R0: Approx gain in dist: 2.85622162321
DEBUG:R0: Last step min dist: 0.5
INFO:R0: scale 0.267635481227 Ns 7 Nk 3
INFO:R0@tkref=6.5000: Time to solve stand alone optimization problem: 0.505979061127
INFO:R0@tkref=6.5000: N of unsatisfied eq: 10
INFO:R0@tkref=6.5000: N of unsatisfied ieq: 4
INFO:R0@tkref=6.5000: Summary: Iteration limit exceeded after 26 it.
DEBUG:R0@tkref=6.5000: $$$$$$$$ CONFLICT LIST $$$$$$$$: []
INFO:R0: Finished motion planning
INFO:R0: --------------------------
INFO:R0: TOT: 7.66841397245
INFO:R0: NSE: 6
INFO:R0: FIR: 1.33461284637
INFO:R0: LAS: 0.506819963455
INFO:R0: LMA: 1
INFO:R0: MAX: 0.261069059372
INFO:R0: MIN: 0.111507177353
INFO:R0: AVG: 0.21111780405
INFO:R0: RMP: 0.200822353363
INFO:R0: RMG: 0.38986151035
