DEBUG:R0: Using Tc_p = 1.78181818182
DEBUG:R0: Using Tc_d = 1.78181818182
INFO:R0: Init motion planning
INFO:R0@tkref=0.0000: Time to solve stand alone optimization problem: 0.942226886749
INFO:R0@tkref=0.0000: N of unsatisfied eq: 5
INFO:R0@tkref=0.0000: N of unsatisfied ieq: 8
INFO:R0@tkref=0.0000: Summary: Iteration limit exceeded after 41 it.
DEBUG:R0@tkref=0.0000: $$$$$$$$ CONFLICT LIST $$$$$$$$: []
INFO:R0: --------------------------
INFO:R0@tkref=1.7818: Time to solve stand alone optimization problem: 0.0296101570129
INFO:R0@tkref=1.7818: N of unsatisfied eq: 3
INFO:R0@tkref=1.7818: N of unsatisfied ieq: 3
INFO:R0@tkref=1.7818: Summary: Optimization terminated successfully. after 1 it.
DEBUG:R0@tkref=1.7818: $$$$$$$$ CONFLICT LIST $$$$$$$$: []
INFO:R0: --------------------------
INFO:R0@tkref=3.5636: Time to solve stand alone optimization problem: 0.0228788852692
INFO:R0@tkref=3.5636: N of unsatisfied eq: 4
INFO:R0@tkref=3.5636: N of unsatisfied ieq: 8
INFO:R0@tkref=3.5636: Summary: Optimization terminated successfully. after 1 it.
DEBUG:R0@tkref=3.5636: $$$$$$$$ CONFLICT LIST $$$$$$$$: []
INFO:R0: --------------------------
DEBUG:R0: LAST STEP
DEBUG:R0: Approx remaining dist: 1.83675997485
DEBUG:R0: Usual approx plan dist: 2.8
DEBUG:R0: Approx gain in dist: 0.963240025149
DEBUG:R0: Last step min dist: 0.5
INFO:R0: scale 0.655985705304 Ns 8 Nk 3
INFO:R0@tkref=5.3455: Time to solve stand alone optimization problem: 0.382735013962
INFO:R0@tkref=5.3455: N of unsatisfied eq: 10
INFO:R0@tkref=5.3455: N of unsatisfied ieq: 3
INFO:R0@tkref=5.3455: Summary: Iteration limit exceeded after 26 it.
DEBUG:R0@tkref=5.3455: $$$$$$$$ CONFLICT LIST $$$$$$$$: []
INFO:R0: Finished motion planning
INFO:R0: --------------------------
INFO:R0: TOT: 7.39894613151
INFO:R0: NSE: 4
INFO:R0: FIR: 0.944652795792
INFO:R0: LAS: 0.383466005325
INFO:R0: LMA: 1
INFO:R0: MAX: 0.0304918289185
INFO:R0: MIN: 0.0235319137573
INFO:R0: AVG: 0.0270118713379
INFO:R0: RMP: 0.0171127611277
INFO:R0: RMG: 0.215210513193
