DEBUG:R0: Using Tc_p = 0.75
DEBUG:R0: Using Tc_d = 0.75
INFO:R0: Init motion planning
INFO:R0@tkref=0.0000: Time to solve stand alone optimization problem: 1.53429889679
INFO:R0@tkref=0.0000: N of unsatisfied eq: 5
INFO:R0@tkref=0.0000: N of unsatisfied ieq: 9
INFO:R0@tkref=0.0000: Summary: Iteration limit exceeded after 41 it.
DEBUG:R0@tkref=0.0000: $$$$$$$$ CONFLICT LIST $$$$$$$$: []
INFO:R0: --------------------------
INFO:R0@tkref=0.7500: Time to solve stand alone optimization problem: 0.037055015564
INFO:R0@tkref=0.7500: N of unsatisfied eq: 3
INFO:R0@tkref=0.7500: N of unsatisfied ieq: 5
INFO:R0@tkref=0.7500: Summary: Optimization terminated successfully. after 1 it.
DEBUG:R0@tkref=0.7500: $$$$$$$$ CONFLICT LIST $$$$$$$$: []
INFO:R0: --------------------------
INFO:R0@tkref=1.5000: Time to solve stand alone optimization problem: 0.0436291694641
INFO:R0@tkref=1.5000: N of unsatisfied eq: 3
INFO:R0@tkref=1.5000: N of unsatisfied ieq: 7
INFO:R0@tkref=1.5000: Summary: Optimization terminated successfully. after 1 it.
DEBUG:R0@tkref=1.5000: $$$$$$$$ CONFLICT LIST $$$$$$$$: []
INFO:R0: --------------------------
INFO:R0@tkref=2.2500: Time to solve stand alone optimization problem: 0.491771936417
INFO:R0@tkref=2.2500: N of unsatisfied eq: 2
INFO:R0@tkref=2.2500: N of unsatisfied ieq: 8
INFO:R0@tkref=2.2500: Summary: Optimization terminated successfully. after 12 it.
DEBUG:R0@tkref=2.2500: $$$$$$$$ CONFLICT LIST $$$$$$$$: []
INFO:R0: --------------------------
INFO:R0@tkref=3.0000: Time to solve stand alone optimization problem: 0.346284151077
INFO:R0@tkref=3.0000: N of unsatisfied eq: 3
INFO:R0@tkref=3.0000: N of unsatisfied ieq: 7
INFO:R0@tkref=3.0000: Summary: Optimization terminated successfully. after 8 it.
DEBUG:R0@tkref=3.0000: $$$$$$$$ CONFLICT LIST $$$$$$$$: []
INFO:R0: --------------------------
INFO:R0@tkref=3.7500: Time to solve stand alone optimization problem: 0.372331142426
INFO:R0@tkref=3.7500: N of unsatisfied eq: 2
INFO:R0@tkref=3.7500: N of unsatisfied ieq: 7
INFO:R0@tkref=3.7500: Summary: Optimization terminated successfully. after 9 it.
DEBUG:R0@tkref=3.7500: $$$$$$$$ CONFLICT LIST $$$$$$$$: []
INFO:R0: --------------------------
INFO:R0@tkref=4.5000: Time to solve stand alone optimization problem: 0.338105916977
INFO:R0@tkref=4.5000: N of unsatisfied eq: 3
INFO:R0@tkref=4.5000: N of unsatisfied ieq: 7
INFO:R0@tkref=4.5000: Summary: Optimization terminated successfully. after 8 it.
DEBUG:R0@tkref=4.5000: $$$$$$$$ CONFLICT LIST $$$$$$$$: []
INFO:R0: --------------------------
INFO:R0@tkref=5.2500: Time to solve stand alone optimization problem: 0.14102101326
INFO:R0@tkref=5.2500: N of unsatisfied eq: 3
INFO:R0@tkref=5.2500: N of unsatisfied ieq: 8
INFO:R0@tkref=5.2500: Summary: Optimization terminated successfully. after 3 it.
DEBUG:R0@tkref=5.2500: $$$$$$$$ CONFLICT LIST $$$$$$$$: []
INFO:R0: --------------------------
DEBUG:R0: LAST STEP
DEBUG:R0: Approx remaining dist: 1.29346220831
DEBUG:R0: Usual approx plan dist: 1.5
DEBUG:R0: Approx gain in dist: 0.206537791689
DEBUG:R0: Last step min dist: 0.5
INFO:R0: scale 0.862308138874 Ns 9 Nk 4
INFO:R0@tkref=6.0000: Time to solve stand alone optimization problem: 0.878161907196
INFO:R0@tkref=6.0000: N of unsatisfied eq: 10
INFO:R0@tkref=6.0000: N of unsatisfied ieq: 6
INFO:R0@tkref=6.0000: Summary: Iteration limit exceeded after 26 it.
DEBUG:R0@tkref=6.0000: $$$$$$$$ CONFLICT LIST $$$$$$$$: []
INFO:R0: Finished motion planning
INFO:R0: --------------------------
INFO:R0: TOT: 7.40685668404
INFO:R0: NSE: 9
INFO:R0: FIR: 1.53651094437
INFO:R0: LAS: 0.879236936569
INFO:R0: LMA: 1
INFO:R0: MAX: 0.492558002472
INFO:R0: MIN: 0.0378081798553
INFO:R0: AVG: 0.253685576575
INFO:R0: RMP: 0.656744003296
INFO:R0: RMG: 1.17231591543
