DEBUG:R0: Using Tc_p = 3.28888888889
DEBUG:R0: Using Tc_d = 3.28888888889
INFO:R0: Init motion planning
INFO:R0@tkref=0.0000: Time to solve stand alone optimization problem: 0.957516908646
INFO:R0@tkref=0.0000: N of unsatisfied eq: 4
INFO:R0@tkref=0.0000: N of unsatisfied ieq: 6
INFO:R0@tkref=0.0000: Summary: Iteration limit exceeded after 41 it.
DEBUG:R0@tkref=0.0000: $$$$$$$$ CONFLICT LIST $$$$$$$$: []
INFO:R0: --------------------------
INFO:R0@tkref=3.2889: Time to solve stand alone optimization problem: 0.0252361297607
INFO:R0@tkref=3.2889: N of unsatisfied eq: 3
INFO:R0@tkref=3.2889: N of unsatisfied ieq: 4
INFO:R0@tkref=3.2889: Summary: Optimization terminated successfully. after 1 it.
DEBUG:R0@tkref=3.2889: $$$$$$$$ CONFLICT LIST $$$$$$$$: []
INFO:R0: --------------------------
DEBUG:R0: LAST STEP
DEBUG:R0: Approx remaining dist: 0.584109493283
DEBUG:R0: Usual approx plan dist: 3.7
DEBUG:R0: Approx gain in dist: 3.11589050672
DEBUG:R0: Last step min dist: 0.5
INFO:R0: scale 0.157867430617 Ns 7 Nk 3
INFO:R0@tkref=6.5778: Time to solve stand alone optimization problem: 0.36198592186
INFO:R0@tkref=6.5778: N of unsatisfied eq: 10
INFO:R0@tkref=6.5778: N of unsatisfied ieq: 4
INFO:R0@tkref=6.5778: Summary: Iteration limit exceeded after 26 it.
DEBUG:R0@tkref=6.5778: $$$$$$$$ CONFLICT LIST $$$$$$$$: []
INFO:R0: Finished motion planning
INFO:R0: --------------------------
INFO:R0: TOT: 7.23420772346
INFO:R0: NSE: 3
INFO:R0: FIR: 0.958955049515
INFO:R0: LAS: 0.362706184387
INFO:R0: LMA: 1
INFO:R0: MAX: 0.0260119438171
INFO:R0: MIN: 0.0260119438171
INFO:R0: AVG: 0.0260119438171
INFO:R0: RMP: 0.00790903697143
INFO:R0: RMG: 0.110282285793
