DEBUG:R0: Using Tc_p = 1.36363636364
DEBUG:R0: Using Tc_d = 1.36363636364
INFO:R0: Init motion planning
INFO:R0@tkref=0.0000: Time to solve stand alone optimization problem: 1.03350996971
INFO:R0@tkref=0.0000: N of unsatisfied eq: 5
INFO:R0@tkref=0.0000: N of unsatisfied ieq: 10
INFO:R0@tkref=0.0000: Summary: Iteration limit exceeded after 41 it.
DEBUG:R0@tkref=0.0000: $$$$$$$$ CONFLICT LIST $$$$$$$$: []
INFO:R0: --------------------------
INFO:R0@tkref=1.3636: Time to solve stand alone optimization problem: 0.0332460403442
INFO:R0@tkref=1.3636: N of unsatisfied eq: 3
INFO:R0@tkref=1.3636: N of unsatisfied ieq: 5
INFO:R0@tkref=1.3636: Summary: Optimization terminated successfully. after 1 it.
DEBUG:R0@tkref=1.3636: $$$$$$$$ CONFLICT LIST $$$$$$$$: []
INFO:R0: --------------------------
INFO:R0@tkref=2.7273: Time to solve stand alone optimization problem: 0.0289089679718
INFO:R0@tkref=2.7273: N of unsatisfied eq: 3
INFO:R0@tkref=2.7273: N of unsatisfied ieq: 4
INFO:R0@tkref=2.7273: Summary: Optimization terminated successfully. after 1 it.
DEBUG:R0@tkref=2.7273: $$$$$$$$ CONFLICT LIST $$$$$$$$: []
INFO:R0: --------------------------
INFO:R0@tkref=4.0909: Time to solve stand alone optimization problem: 0.0266170501709
INFO:R0@tkref=4.0909: N of unsatisfied eq: 3
INFO:R0@tkref=4.0909: N of unsatisfied ieq: 5
INFO:R0@tkref=4.0909: Summary: Optimization terminated successfully. after 1 it.
DEBUG:R0@tkref=4.0909: $$$$$$$$ CONFLICT LIST $$$$$$$$: []
INFO:R0: --------------------------
INFO:R0@tkref=5.4545: Time to solve stand alone optimization problem: 0.0268340110779
INFO:R0@tkref=5.4545: N of unsatisfied eq: 3
INFO:R0@tkref=5.4545: N of unsatisfied ieq: 5
INFO:R0@tkref=5.4545: Summary: Optimization terminated successfully. after 1 it.
DEBUG:R0@tkref=5.4545: $$$$$$$$ CONFLICT LIST $$$$$$$$: []
INFO:R0: --------------------------
DEBUG:R0: LAST STEP
DEBUG:R0: Approx remaining dist: 0.459041387564
DEBUG:R0: Usual approx plan dist: 5.0
DEBUG:R0: Approx gain in dist: 4.54095861244
DEBUG:R0: Last step min dist: 0.5
INFO:R0: scale 0.0918082775128 Ns 7 Nk 3
INFO:R0@tkref=6.8182: Time to solve stand alone optimization problem: 0.357480049133
INFO:R0@tkref=6.8182: N of unsatisfied eq: 10
INFO:R0@tkref=6.8182: N of unsatisfied ieq: 4
INFO:R0@tkref=6.8182: Summary: Iteration limit exceeded after 26 it.
DEBUG:R0@tkref=6.8182: $$$$$$$$ CONFLICT LIST $$$$$$$$: []
INFO:R0: Finished motion planning
INFO:R0: --------------------------
INFO:R0: TOT: 7.33405295347
INFO:R0: NSE: 6
INFO:R0: FIR: 1.03568291664
INFO:R0: LAS: 0.358218193054
INFO:R0: LMA: 1
INFO:R0: MAX: 0.0340909957886
INFO:R0: MIN: 0.027293920517
INFO:R0: AVG: 0.029637992382
INFO:R0: RMP: 0.0250000635783
INFO:R0: RMG: 0.262693341573
