DEBUG:R0: Using Tc_p = 2.77777777778
DEBUG:R0: Using Tc_d = 2.77777777778
INFO:R0: Init motion planning
INFO:R0@tkref=0.0000: Time to solve stand alone optimization problem: 2.11025905609
INFO:R0@tkref=0.0000: N of unsatisfied eq: 5
INFO:R0@tkref=0.0000: N of unsatisfied ieq: 9
INFO:R0@tkref=0.0000: Summary: Iteration limit exceeded after 41 it.
DEBUG:R0@tkref=0.0000: $$$$$$$$ CONFLICT LIST $$$$$$$$: []
INFO:R0: --------------------------
INFO:R0@tkref=2.7778: Time to solve stand alone optimization problem: 0.333693981171
INFO:R0@tkref=2.7778: N of unsatisfied eq: 1
INFO:R0@tkref=2.7778: N of unsatisfied ieq: 7
INFO:R0@tkref=2.7778: Summary: Optimization terminated successfully. after 6 it.
DEBUG:R0@tkref=2.7778: $$$$$$$$ CONFLICT LIST $$$$$$$$: []
INFO:R0: --------------------------
DEBUG:R0: LAST STEP
DEBUG:R0: Approx remaining dist: 2.09880579759
DEBUG:R0: Usual approx plan dist: 5.0
DEBUG:R0: Approx gain in dist: 2.90119420241
DEBUG:R0: Last step min dist: 0.5
INFO:R0: scale 0.419761159517 Ns 7 Nk 3
INFO:R0@tkref=5.5556: Time to solve stand alone optimization problem: 0.741794109344
INFO:R0@tkref=5.5556: N of unsatisfied eq: 10
INFO:R0@tkref=5.5556: N of unsatisfied ieq: 3
INFO:R0@tkref=5.5556: Summary: Iteration limit exceeded after 26 it.
DEBUG:R0@tkref=5.5556: $$$$$$$$ CONFLICT LIST $$$$$$$$: []
INFO:R0: Finished motion planning
INFO:R0: --------------------------
INFO:R0: TOT: 7.95699520472
INFO:R0: NSE: 3
INFO:R0: FIR: 2.1115500927
INFO:R0: LAS: 0.743108034134
INFO:R0: LMA: 1
INFO:R0: MAX: 0.334547996521
INFO:R0: MIN: 0.334547996521
INFO:R0: AVG: 0.334547996521
INFO:R0: RMP: 0.120437278748
INFO:R0: RMG: 0.267518892288
