DEBUG:R0: Using Tc_p = 1.36666666667
DEBUG:R0: Using Tc_d = 1.36666666667
INFO:R0: Init motion planning
INFO:R0@tkref=0.0000: Time to solve stand alone optimization problem: 1.43177008629
INFO:R0@tkref=0.0000: N of unsatisfied eq: 3
INFO:R0@tkref=0.0000: N of unsatisfied ieq: 9
INFO:R0@tkref=0.0000: Summary: Iteration limit exceeded after 41 it.
DEBUG:R0@tkref=0.0000: $$$$$$$$ CONFLICT LIST $$$$$$$$: []
INFO:R0: --------------------------
INFO:R0@tkref=1.3667: Time to solve stand alone optimization problem: 0.356596946716
INFO:R0@tkref=1.3667: N of unsatisfied eq: 2
INFO:R0@tkref=1.3667: N of unsatisfied ieq: 8
INFO:R0@tkref=1.3667: Summary: Optimization terminated successfully. after 9 it.
DEBUG:R0@tkref=1.3667: $$$$$$$$ CONFLICT LIST $$$$$$$$: []
INFO:R0: --------------------------
INFO:R0@tkref=2.7333: Time to solve stand alone optimization problem: 0.310916900635
INFO:R0@tkref=2.7333: N of unsatisfied eq: 3
INFO:R0@tkref=2.7333: N of unsatisfied ieq: 8
INFO:R0@tkref=2.7333: Summary: Optimization terminated successfully. after 8 it.
DEBUG:R0@tkref=2.7333: $$$$$$$$ CONFLICT LIST $$$$$$$$: []
INFO:R0: --------------------------
INFO:R0@tkref=4.1000: Time to solve stand alone optimization problem: 0.273522138596
INFO:R0@tkref=4.1000: N of unsatisfied eq: 3
INFO:R0@tkref=4.1000: N of unsatisfied ieq: 7
INFO:R0@tkref=4.1000: Summary: Optimization terminated successfully. after 7 it.
DEBUG:R0@tkref=4.1000: $$$$$$$$ CONFLICT LIST $$$$$$$$: []
INFO:R0: --------------------------
INFO:R0@tkref=5.4667: Time to solve stand alone optimization problem: 0.081120967865
INFO:R0@tkref=5.4667: N of unsatisfied eq: 3
INFO:R0@tkref=5.4667: N of unsatisfied ieq: 5
INFO:R0@tkref=5.4667: Summary: Optimization terminated successfully. after 2 it.
DEBUG:R0@tkref=5.4667: $$$$$$$$ CONFLICT LIST $$$$$$$$: []
INFO:R0: --------------------------
DEBUG:R0: LAST STEP
DEBUG:R0: Approx remaining dist: 0.53379677563
DEBUG:R0: Usual approx plan dist: 4.1
DEBUG:R0: Approx gain in dist: 3.56620322437
DEBUG:R0: Last step min dist: 0.5
INFO:R0: scale 0.13019433552 Ns 7 Nk 3
INFO:R0@tkref=6.8333: Time to solve stand alone optimization problem: 0.491287946701
INFO:R0@tkref=6.8333: N of unsatisfied eq: 10
INFO:R0@tkref=6.8333: N of unsatisfied ieq: 4
INFO:R0@tkref=6.8333: Summary: Iteration limit exceeded after 26 it.
DEBUG:R0@tkref=6.8333: $$$$$$$$ CONFLICT LIST $$$$$$$$: []
INFO:R0: Finished motion planning
INFO:R0: --------------------------
INFO:R0: TOT: 7.43135493142
INFO:R0: NSE: 6
INFO:R0: FIR: 1.43310379982
INFO:R0: LAS: 0.492122888565
INFO:R0: LMA: 1
INFO:R0: MAX: 0.357406139374
INFO:R0: MIN: 0.0818810462952
INFO:R0: AVG: 0.256395280361
INFO:R0: RMP: 0.261516687347
INFO:R0: RMG: 0.360089918462
