DEBUG:R0: Using Tc_p = 1.3
DEBUG:R0: Using Tc_d = 1.3
INFO:R0: Init motion planning
INFO:R0@tkref=0.0000: Time to solve stand alone optimization problem: 1.33319592476
INFO:R0@tkref=0.0000: N of unsatisfied eq: 5
INFO:R0@tkref=0.0000: N of unsatisfied ieq: 7
INFO:R0@tkref=0.0000: Summary: Iteration limit exceeded after 41 it.
DEBUG:R0@tkref=0.0000: $$$$$$$$ CONFLICT LIST $$$$$$$$: []
INFO:R0: --------------------------
INFO:R0@tkref=1.3000: Time to solve stand alone optimization problem: 0.260050058365
INFO:R0@tkref=1.3000: N of unsatisfied eq: 2
INFO:R0@tkref=1.3000: N of unsatisfied ieq: 6
INFO:R0@tkref=1.3000: Summary: Optimization terminated successfully. after 7 it.
DEBUG:R0@tkref=1.3000: $$$$$$$$ CONFLICT LIST $$$$$$$$: []
INFO:R0: --------------------------
INFO:R0@tkref=2.6000: Time to solve stand alone optimization problem: 0.251810073853
INFO:R0@tkref=2.6000: N of unsatisfied eq: 2
INFO:R0@tkref=2.6000: N of unsatisfied ieq: 6
INFO:R0@tkref=2.6000: Summary: Optimization terminated successfully. after 7 it.
DEBUG:R0@tkref=2.6000: $$$$$$$$ CONFLICT LIST $$$$$$$$: []
INFO:R0: --------------------------
INFO:R0@tkref=3.9000: Time to solve stand alone optimization problem: 0.217167854309
INFO:R0@tkref=3.9000: N of unsatisfied eq: 3
INFO:R0@tkref=3.9000: N of unsatisfied ieq: 5
INFO:R0@tkref=3.9000: Summary: Optimization terminated successfully. after 6 it.
DEBUG:R0@tkref=3.9000: $$$$$$$$ CONFLICT LIST $$$$$$$$: []
INFO:R0: --------------------------
INFO:R0@tkref=5.2000: Time to solve stand alone optimization problem: 0.113776922226
INFO:R0@tkref=5.2000: N of unsatisfied eq: 3
INFO:R0@tkref=5.2000: N of unsatisfied ieq: 6
INFO:R0@tkref=5.2000: Summary: Optimization terminated successfully. after 3 it.
DEBUG:R0@tkref=5.2000: $$$$$$$$ CONFLICT LIST $$$$$$$$: []
INFO:R0: --------------------------
DEBUG:R0: LAST STEP
DEBUG:R0: Approx remaining dist: 1.04377837679
DEBUG:R0: Usual approx plan dist: 3.9
DEBUG:R0: Approx gain in dist: 2.85622162321
DEBUG:R0: Last step min dist: 0.5
INFO:R0: scale 0.267635481227 Ns 7 Nk 3
INFO:R0@tkref=6.5000: Time to solve stand alone optimization problem: 0.506396055222
INFO:R0@tkref=6.5000: N of unsatisfied eq: 10
INFO:R0@tkref=6.5000: N of unsatisfied ieq: 4
INFO:R0@tkref=6.5000: Summary: Iteration limit exceeded after 26 it.
DEBUG:R0@tkref=6.5000: $$$$$$$$ CONFLICT LIST $$$$$$$$: []
INFO:R0: Finished motion planning
INFO:R0: --------------------------
INFO:R0: TOT: 7.66841397245
INFO:R0: NSE: 6
INFO:R0: FIR: 1.33458280563
INFO:R0: LAS: 0.507205963135
INFO:R0: LMA: 1
INFO:R0: MAX: 0.260845899582
INFO:R0: MIN: 0.114603996277
INFO:R0: AVG: 0.211498200893
INFO:R0: RMP: 0.200650691986
INFO:R0: RMG: 0.390158433181
