DEBUG:R0: Using Tc_p = 1.03333333333
DEBUG:R0: Using Tc_d = 1.03333333333
INFO:R0: Init motion planning
INFO:R0@tkref=0.0000: Time to solve stand alone optimization problem: 0.870403051376
INFO:R0@tkref=0.0000: N of unsatisfied eq: 5
INFO:R0@tkref=0.0000: N of unsatisfied ieq: 5
INFO:R0@tkref=0.0000: Summary: Iteration limit exceeded after 41 it.
DEBUG:R0@tkref=0.0000: $$$$$$$$ CONFLICT LIST $$$$$$$$: []
INFO:R0: --------------------------
INFO:R0@tkref=1.0333: Time to solve stand alone optimization problem: 0.0647490024567
INFO:R0@tkref=1.0333: N of unsatisfied eq: 3
INFO:R0@tkref=1.0333: N of unsatisfied ieq: 6
INFO:R0@tkref=1.0333: Summary: Optimization terminated successfully. after 3 it.
DEBUG:R0@tkref=1.0333: $$$$$$$$ CONFLICT LIST $$$$$$$$: []
INFO:R0: --------------------------
INFO:R0@tkref=2.0667: Time to solve stand alone optimization problem: 0.0417630672455
INFO:R0@tkref=2.0667: N of unsatisfied eq: 3
INFO:R0@tkref=2.0667: N of unsatisfied ieq: 5
INFO:R0@tkref=2.0667: Summary: Optimization terminated successfully. after 2 it.
DEBUG:R0@tkref=2.0667: $$$$$$$$ CONFLICT LIST $$$$$$$$: []
INFO:R0: --------------------------
INFO:R0@tkref=3.1000: Time to solve stand alone optimization problem: 0.0410668849945
INFO:R0@tkref=3.1000: N of unsatisfied eq: 3
INFO:R0@tkref=3.1000: N of unsatisfied ieq: 6
INFO:R0@tkref=3.1000: Summary: Optimization terminated successfully. after 2 it.
DEBUG:R0@tkref=3.1000: $$$$$$$$ CONFLICT LIST $$$$$$$$: []
INFO:R0: --------------------------
INFO:R0@tkref=4.1333: Time to solve stand alone optimization problem: 0.0223507881165
INFO:R0@tkref=4.1333: N of unsatisfied eq: 3
INFO:R0@tkref=4.1333: N of unsatisfied ieq: 6
INFO:R0@tkref=4.1333: Summary: Optimization terminated successfully. after 1 it.
DEBUG:R0@tkref=4.1333: $$$$$$$$ CONFLICT LIST $$$$$$$$: []
INFO:R0: --------------------------
INFO:R0@tkref=5.1667: Time to solve stand alone optimization problem: 0.0222759246826
INFO:R0@tkref=5.1667: N of unsatisfied eq: 3
INFO:R0@tkref=5.1667: N of unsatisfied ieq: 6
INFO:R0@tkref=5.1667: Summary: Optimization terminated successfully. after 1 it.
DEBUG:R0@tkref=5.1667: $$$$$$$$ CONFLICT LIST $$$$$$$$: []
INFO:R0: --------------------------
DEBUG:R0: LAST STEP
DEBUG:R0: Approx remaining dist: 0.977283217887
DEBUG:R0: Usual approx plan dist: 3.1
DEBUG:R0: Approx gain in dist: 2.12271678211
DEBUG:R0: Last step min dist: 0.5
INFO:R0: scale 0.315252650931 Ns 7 Nk 3
INFO:R0@tkref=6.2000: Time to solve stand alone optimization problem: 0.372907876968
INFO:R0@tkref=6.2000: N of unsatisfied eq: 10
INFO:R0@tkref=6.2000: N of unsatisfied ieq: 4
INFO:R0@tkref=6.2000: Summary: Iteration limit exceeded after 26 it.
DEBUG:R0@tkref=6.2000: $$$$$$$$ CONFLICT LIST $$$$$$$$: []
INFO:R0: Finished motion planning
INFO:R0: --------------------------
INFO:R0: TOT: 7.29831778805
INFO:R0: NSE: 7
INFO:R0: FIR: 0.874104976654
INFO:R0: LAS: 0.373638868332
INFO:R0: LMA: 1
INFO:R0: MAX: 0.0655059814453
INFO:R0: MIN: 0.0229239463806
INFO:R0: AVG: 0.039128780365
INFO:R0: RMP: 0.0633928852697
INFO:R0: RMG: 0.361586001612
