DEBUG:R0: Using Tc_p = 0.56
DEBUG:R0: Using Tc_d = 0.56
INFO:R0: Init motion planning
INFO:R0@tkref=0.0000: Time to solve stand alone optimization problem: 0.994120121002
INFO:R0@tkref=0.0000: N of unsatisfied eq: 4
INFO:R0@tkref=0.0000: N of unsatisfied ieq: 6
INFO:R0@tkref=0.0000: Summary: Iteration limit exceeded after 41 it.
DEBUG:R0@tkref=0.0000: $$$$$$$$ CONFLICT LIST $$$$$$$$: []
INFO:R0: --------------------------
INFO:R0@tkref=0.5600: Time to solve stand alone optimization problem: 0.0255389213562
INFO:R0@tkref=0.5600: N of unsatisfied eq: 3
INFO:R0@tkref=0.5600: N of unsatisfied ieq: 5
INFO:R0@tkref=0.5600: Summary: Optimization terminated successfully. after 1 it.
DEBUG:R0@tkref=0.5600: $$$$$$$$ CONFLICT LIST $$$$$$$$: []
INFO:R0: --------------------------
INFO:R0@tkref=1.1200: Time to solve stand alone optimization problem: 0.0255651473999
INFO:R0@tkref=1.1200: N of unsatisfied eq: 3
INFO:R0@tkref=1.1200: N of unsatisfied ieq: 7
INFO:R0@tkref=1.1200: Summary: Optimization terminated successfully. after 1 it.
DEBUG:R0@tkref=1.1200: $$$$$$$$ CONFLICT LIST $$$$$$$$: []
INFO:R0: --------------------------
INFO:R0@tkref=1.6800: Time to solve stand alone optimization problem: 0.146532058716
INFO:R0@tkref=1.6800: N of unsatisfied eq: 3
INFO:R0@tkref=1.6800: N of unsatisfied ieq: 9
INFO:R0@tkref=1.6800: Summary: Optimization terminated successfully. after 6 it.
DEBUG:R0@tkref=1.6800: $$$$$$$$ CONFLICT LIST $$$$$$$$: []
INFO:R0: --------------------------
INFO:R0@tkref=2.2400: Time to solve stand alone optimization problem: 0.0255451202393
INFO:R0@tkref=2.2400: N of unsatisfied eq: 3
INFO:R0@tkref=2.2400: N of unsatisfied ieq: 7
INFO:R0@tkref=2.2400: Summary: Optimization terminated successfully. after 1 it.
DEBUG:R0@tkref=2.2400: $$$$$$$$ CONFLICT LIST $$$$$$$$: []
INFO:R0: --------------------------
INFO:R0@tkref=2.8000: Time to solve stand alone optimization problem: 0.147094011307
INFO:R0@tkref=2.8000: N of unsatisfied eq: 3
INFO:R0@tkref=2.8000: N of unsatisfied ieq: 9
INFO:R0@tkref=2.8000: Summary: Optimization terminated successfully. after 6 it.
DEBUG:R0@tkref=2.8000: $$$$$$$$ CONFLICT LIST $$$$$$$$: []
INFO:R0: --------------------------
INFO:R0@tkref=3.3600: Time to solve stand alone optimization problem: 0.0251939296722
INFO:R0@tkref=3.3600: N of unsatisfied eq: 3
INFO:R0@tkref=3.3600: N of unsatisfied ieq: 8
INFO:R0@tkref=3.3600: Summary: Optimization terminated successfully. after 1 it.
DEBUG:R0@tkref=3.3600: $$$$$$$$ CONFLICT LIST $$$$$$$$: []
INFO:R0: --------------------------
INFO:R0@tkref=3.9200: Time to solve stand alone optimization problem: 0.0251469612122
INFO:R0@tkref=3.9200: N of unsatisfied eq: 3
INFO:R0@tkref=3.9200: N of unsatisfied ieq: 8
INFO:R0@tkref=3.9200: Summary: Optimization terminated successfully. after 1 it.
DEBUG:R0@tkref=3.9200: $$$$$$$$ CONFLICT LIST $$$$$$$$: []
INFO:R0: --------------------------
INFO:R0@tkref=4.4800: Time to solve stand alone optimization problem: 0.025367975235
INFO:R0@tkref=4.4800: N of unsatisfied eq: 3
INFO:R0@tkref=4.4800: N of unsatisfied ieq: 5
INFO:R0@tkref=4.4800: Summary: Optimization terminated successfully. after 1 it.
DEBUG:R0@tkref=4.4800: $$$$$$$$ CONFLICT LIST $$$$$$$$: []
INFO:R0: --------------------------
INFO:R0@tkref=5.0400: Time to solve stand alone optimization problem: 0.0242190361023
INFO:R0@tkref=5.0400: N of unsatisfied eq: 4
INFO:R0@tkref=5.0400: N of unsatisfied ieq: 6
INFO:R0@tkref=5.0400: Summary: Optimization terminated successfully. after 1 it.
DEBUG:R0@tkref=5.0400: $$$$$$$$ CONFLICT LIST $$$$$$$$: []
INFO:R0: --------------------------
INFO:R0@tkref=5.6000: Time to solve stand alone optimization problem: 0.0241661071777
INFO:R0@tkref=5.6000: N of unsatisfied eq: 5
INFO:R0@tkref=5.6000: N of unsatisfied ieq: 7
INFO:R0@tkref=5.6000: Summary: Optimization terminated successfully. after 1 it.
DEBUG:R0@tkref=5.6000: $$$$$$$$ CONFLICT LIST $$$$$$$$: []
INFO:R0: --------------------------
DEBUG:R0: LAST STEP
DEBUG:R0: Approx remaining dist: 0.939123460505
DEBUG:R0: Usual approx plan dist: 2.8
DEBUG:R0: Approx gain in dist: 1.8608765395
DEBUG:R0: Last step min dist: 0.5
INFO:R0: scale 0.335401235894 Ns 7 Nk 3
INFO:R0@tkref=6.1600: Time to solve stand alone optimization problem: 0.35800409317
INFO:R0@tkref=6.1600: N of unsatisfied eq: 10
INFO:R0@tkref=6.1600: N of unsatisfied ieq: 4
INFO:R0@tkref=6.1600: Summary: Iteration limit exceeded after 26 it.
DEBUG:R0@tkref=6.1600: $$$$$$$$ CONFLICT LIST $$$$$$$$: []
INFO:R0: Finished motion planning
INFO:R0: --------------------------
INFO:R0: TOT: 7.21542978558
INFO:R0: NSE: 12
INFO:R0: FIR: 0.995518922806
INFO:R0: LAS: 0.358764886856
INFO:R0: LMA: 1
INFO:R0: MAX: 0.147833824158
INFO:R0: MIN: 0.024806022644
INFO:R0: AVG: 0.0501004934311
INFO:R0: RMP: 0.26398897171
INFO:R0: RMG: 0.640651583672
