DEBUG:R0: Using Tc_p = 0.909090909091
DEBUG:R0: Using Tc_d = 0.909090909091
INFO:R0: Init motion planning
INFO:R0@tkref=0.0000: Time to solve stand alone optimization problem: 1.06251001358
INFO:R0@tkref=0.0000: N of unsatisfied eq: 5
INFO:R0@tkref=0.0000: N of unsatisfied ieq: 10
INFO:R0@tkref=0.0000: Summary: Iteration limit exceeded after 41 it.
DEBUG:R0@tkref=0.0000: $$$$$$$$ CONFLICT LIST $$$$$$$$: []
INFO:R0: --------------------------
INFO:R0@tkref=0.9091: Time to solve stand alone optimization problem: 0.026976108551
INFO:R0@tkref=0.9091: N of unsatisfied eq: 3
INFO:R0@tkref=0.9091: N of unsatisfied ieq: 3
INFO:R0@tkref=0.9091: Summary: Optimization terminated successfully. after 1 it.
DEBUG:R0@tkref=0.9091: $$$$$$$$ CONFLICT LIST $$$$$$$$: []
INFO:R0: --------------------------
INFO:R0@tkref=1.8182: Time to solve stand alone optimization problem: 0.0270109176636
INFO:R0@tkref=1.8182: N of unsatisfied eq: 3
INFO:R0@tkref=1.8182: N of unsatisfied ieq: 7
INFO:R0@tkref=1.8182: Summary: Optimization terminated successfully. after 1 it.
DEBUG:R0@tkref=1.8182: $$$$$$$$ CONFLICT LIST $$$$$$$$: []
INFO:R0: --------------------------
INFO:R0@tkref=2.7273: Time to solve stand alone optimization problem: 0.0276980400085
INFO:R0@tkref=2.7273: N of unsatisfied eq: 3
INFO:R0@tkref=2.7273: N of unsatisfied ieq: 7
INFO:R0@tkref=2.7273: Summary: Optimization terminated successfully. after 1 it.
DEBUG:R0@tkref=2.7273: $$$$$$$$ CONFLICT LIST $$$$$$$$: []
INFO:R0: --------------------------
INFO:R0@tkref=3.6364: Time to solve stand alone optimization problem: 0.0274710655212
INFO:R0@tkref=3.6364: N of unsatisfied eq: 3
INFO:R0@tkref=3.6364: N of unsatisfied ieq: 5
INFO:R0@tkref=3.6364: Summary: Optimization terminated successfully. after 1 it.
DEBUG:R0@tkref=3.6364: $$$$$$$$ CONFLICT LIST $$$$$$$$: []
INFO:R0: --------------------------
INFO:R0@tkref=4.5455: Time to solve stand alone optimization problem: 0.0272660255432
INFO:R0@tkref=4.5455: N of unsatisfied eq: 3
INFO:R0@tkref=4.5455: N of unsatisfied ieq: 5
INFO:R0@tkref=4.5455: Summary: Optimization terminated successfully. after 1 it.
DEBUG:R0@tkref=4.5455: $$$$$$$$ CONFLICT LIST $$$$$$$$: []
INFO:R0: --------------------------
INFO:R0@tkref=5.4545: Time to solve stand alone optimization problem: 0.0283880233765
INFO:R0@tkref=5.4545: N of unsatisfied eq: 3
INFO:R0@tkref=5.4545: N of unsatisfied ieq: 6
INFO:R0@tkref=5.4545: Summary: Optimization terminated successfully. after 1 it.
DEBUG:R0@tkref=5.4545: $$$$$$$$ CONFLICT LIST $$$$$$$$: []
INFO:R0: --------------------------
DEBUG:R0: LAST STEP
DEBUG:R0: Approx remaining dist: 0.913814194477
DEBUG:R0: Usual approx plan dist: 5.0
DEBUG:R0: Approx gain in dist: 4.08618580552
DEBUG:R0: Last step min dist: 0.5
INFO:R0: scale 0.182762838895 Ns 7 Nk 3
INFO:R0@tkref=6.3636: Time to solve stand alone optimization problem: 0.36812210083
INFO:R0@tkref=6.3636: N of unsatisfied eq: 10
INFO:R0@tkref=6.3636: N of unsatisfied ieq: 4
INFO:R0@tkref=6.3636: Summary: Iteration limit exceeded after 26 it.
DEBUG:R0@tkref=6.3636: $$$$$$$$ CONFLICT LIST $$$$$$$$: []
INFO:R0: Finished motion planning
INFO:R0: --------------------------
INFO:R0: TOT: 7.39061865864
INFO:R0: NSE: 8
INFO:R0: FIR: 1.06412696838
INFO:R0: LAS: 0.368905067444
INFO:R0: LMA: 1
INFO:R0: MAX: 0.0291619300842
INFO:R0: MIN: 0.0276529788971
INFO:R0: AVG: 0.0281527042389
INFO:R0: RMP: 0.0320781230927
INFO:R0: RMG: 0.405795574188
