DEBUG:R0: Using Tc_p = 2.23636363636
DEBUG:R0: Using Tc_d = 2.23636363636
INFO:R0: Init motion planning
INFO:R0@tkref=0.0000: Time to solve stand alone optimization problem: 1.06629610062
INFO:R0@tkref=0.0000: N of unsatisfied eq: 3
INFO:R0@tkref=0.0000: N of unsatisfied ieq: 10
INFO:R0@tkref=0.0000: Summary: Iteration limit exceeded after 41 it.
DEBUG:R0@tkref=0.0000: $$$$$$$$ CONFLICT LIST $$$$$$$$: []
INFO:R0: --------------------------
INFO:R0@tkref=2.2364: Time to solve stand alone optimization problem: 0.0264551639557
INFO:R0@tkref=2.2364: N of unsatisfied eq: 3
INFO:R0@tkref=2.2364: N of unsatisfied ieq: 4
INFO:R0@tkref=2.2364: Summary: Optimization terminated successfully. after 1 it.
DEBUG:R0@tkref=2.2364: $$$$$$$$ CONFLICT LIST $$$$$$$$: []
INFO:R0: --------------------------
DEBUG:R0: LAST STEP
DEBUG:R0: Approx remaining dist: 2.75434483036
DEBUG:R0: Usual approx plan dist: 4.1
DEBUG:R0: Approx gain in dist: 1.34565516964
DEBUG:R0: Last step min dist: 0.5
INFO:R0: scale 0.67179142204 Ns 8 Nk 4
INFO:R0@tkref=4.4727: Time to solve stand alone optimization problem: 0.435971021652
INFO:R0@tkref=4.4727: N of unsatisfied eq: 10
INFO:R0@tkref=4.4727: N of unsatisfied ieq: 3
INFO:R0@tkref=4.4727: Summary: Iteration limit exceeded after 26 it.
DEBUG:R0@tkref=4.4727: $$$$$$$$ CONFLICT LIST $$$$$$$$: []
INFO:R0: Finished motion planning
INFO:R0: --------------------------
INFO:R0: TOT: 7.45313656372
INFO:R0: NSE: 3
INFO:R0: FIR: 1.06767511368
INFO:R0: LAS: 0.436743021011
INFO:R0: LMA: 1
INFO:R0: MAX: 0.0271320343018
INFO:R0: MIN: 0.0271320343018
INFO:R0: AVG: 0.0271320343018
INFO:R0: RMP: 0.0121322104601
INFO:R0: RMG: 0.195291594761
