DEBUG:R0: Using Tc_p = 3.27272727273
DEBUG:R0: Using Tc_d = 3.27272727273
INFO:R0: Init motion planning
INFO:R0@tkref=0.0000: Time to solve stand alone optimization problem: 2.98806285858
INFO:R0@tkref=0.0000: N of unsatisfied eq: 3
INFO:R0@tkref=0.0000: N of unsatisfied ieq: 3
INFO:R0@tkref=0.0000: Summary: Iteration limit exceeded after 41 it.
DEBUG:R0@tkref=0.0000: $$$$$$$$ CONFLICT LIST $$$$$$$$: []
INFO:R0: --------------------------
INFO:R0@tkref=3.2727: Time to solve stand alone optimization problem: 0.627999782562
INFO:R0@tkref=3.2727: N of unsatisfied eq: 3
INFO:R0@tkref=3.2727: N of unsatisfied ieq: 8
INFO:R0@tkref=3.2727: Summary: Optimization terminated successfully. after 7 it.
DEBUG:R0@tkref=3.2727: $$$$$$$$ CONFLICT LIST $$$$$$$$: []
INFO:R0: --------------------------
DEBUG:R0: LAST STEP
DEBUG:R0: Approx remaining dist: 1.28486255149
DEBUG:R0: Usual approx plan dist: 4.5
DEBUG:R0: Approx gain in dist: 3.21513744851
DEBUG:R0: Last step min dist: 0.5
INFO:R0: scale 0.285525011443 Ns 7 Nk 3
INFO:R0@tkref=6.5455: Time to solve stand alone optimization problem: 0.795417070389
INFO:R0@tkref=6.5455: N of unsatisfied eq: 10
INFO:R0@tkref=6.5455: N of unsatisfied ieq: 4
INFO:R0@tkref=6.5455: Summary: Iteration limit exceeded after 26 it.
DEBUG:R0@tkref=6.5455: $$$$$$$$ CONFLICT LIST $$$$$$$$: []
INFO:R0: Finished motion planning
INFO:R0: --------------------------
INFO:R0: TOT: 7.98667305529
INFO:R0: NSE: 3
INFO:R0: FIR: 2.99018788338
INFO:R0: LAS: 0.796427965164
INFO:R0: LMA: 1
INFO:R0: MAX: 0.629172086716
INFO:R0: MIN: 0.629172086716
INFO:R0: AVG: 0.629172086716
INFO:R0: RMP: 0.192247026496
INFO:R0: RMG: 0.243352989356
