DEBUG:R0: Using Tc_p = 3.56363636364
DEBUG:R0: Using Tc_d = 3.56363636364
INFO:R0: Init motion planning
INFO:R0@tkref=0.0000: Time to solve stand alone optimization problem: 1.03079795837
INFO:R0@tkref=0.0000: N of unsatisfied eq: 5
INFO:R0@tkref=0.0000: N of unsatisfied ieq: 10
INFO:R0@tkref=0.0000: Summary: Iteration limit exceeded after 41 it.
DEBUG:R0@tkref=0.0000: $$$$$$$$ CONFLICT LIST $$$$$$$$: []
INFO:R0: --------------------------
DEBUG:R0: LAST STEP
DEBUG:R0: Approx remaining dist: 3.707073892
DEBUG:R0: Usual approx plan dist: 4.9
DEBUG:R0: Approx gain in dist: 1.192926108
DEBUG:R0: Last step min dist: 0.5
INFO:R0: scale 0.756545692246 Ns 9 Nk 5
INFO:R0@tkref=3.5636: Time to solve stand alone optimization problem: 0.512528181076
INFO:R0@tkref=3.5636: N of unsatisfied eq: 10
INFO:R0@tkref=3.5636: N of unsatisfied ieq: 4
INFO:R0@tkref=3.5636: Summary: Iteration limit exceeded after 26 it.
DEBUG:R0@tkref=3.5636: $$$$$$$$ CONFLICT LIST $$$$$$$$: []
INFO:R0: Finished motion planning
INFO:R0: --------------------------
INFO:R0: TOT: 7.46916790902
INFO:R0: NSE: 2
INFO:R0: FIR: 1.03210711479
INFO:R0: LAS: 0.513324975967
INFO:R0: LMA: 1
INFO:R0: MAX: 0.513324975967
INFO:R0: MIN: 0.513324975967
INFO:R0: AVG: 0.513324975967
INFO:R0: RMP: 0.144045273868
INFO:R0: RMG: 0.144045273868
