DEBUG:R0: Using Tc_p = 1.46666666667
DEBUG:R0: Using Tc_d = 1.46666666667
INFO:R0: Init motion planning
INFO:R0@tkref=0.0000: Time to solve stand alone optimization problem: 0.859976053238
INFO:R0@tkref=0.0000: N of unsatisfied eq: 4
INFO:R0@tkref=0.0000: N of unsatisfied ieq: 5
INFO:R0@tkref=0.0000: Summary: Iteration limit exceeded after 41 it.
DEBUG:R0@tkref=0.0000: $$$$$$$$ CONFLICT LIST $$$$$$$$: []
INFO:R0: --------------------------
INFO:R0@tkref=1.4667: Time to solve stand alone optimization problem: 0.0626740455627
INFO:R0@tkref=1.4667: N of unsatisfied eq: 3
INFO:R0@tkref=1.4667: N of unsatisfied ieq: 6
INFO:R0@tkref=1.4667: Summary: Optimization terminated successfully. after 3 it.
DEBUG:R0@tkref=1.4667: $$$$$$$$ CONFLICT LIST $$$$$$$$: []
INFO:R0: --------------------------
INFO:R0@tkref=2.9333: Time to solve stand alone optimization problem: 0.0401759147644
INFO:R0@tkref=2.9333: N of unsatisfied eq: 3
INFO:R0@tkref=2.9333: N of unsatisfied ieq: 5
INFO:R0@tkref=2.9333: Summary: Optimization terminated successfully. after 2 it.
DEBUG:R0@tkref=2.9333: $$$$$$$$ CONFLICT LIST $$$$$$$$: []
INFO:R0: --------------------------
INFO:R0@tkref=4.4000: Time to solve stand alone optimization problem: 0.0207209587097
INFO:R0@tkref=4.4000: N of unsatisfied eq: 4
INFO:R0@tkref=4.4000: N of unsatisfied ieq: 6
INFO:R0@tkref=4.4000: Summary: Optimization terminated successfully. after 1 it.
DEBUG:R0@tkref=4.4000: $$$$$$$$ CONFLICT LIST $$$$$$$$: []
INFO:R0: --------------------------
DEBUG:R0: LAST STEP
DEBUG:R0: Approx remaining dist: 1.35100028527
DEBUG:R0: Usual approx plan dist: 3.3
DEBUG:R0: Approx gain in dist: 1.94899971473
DEBUG:R0: Last step min dist: 0.5
INFO:R0: scale 0.409394025841 Ns 7 Nk 3
INFO:R0@tkref=5.8667: Time to solve stand alone optimization problem: 0.360833883286
INFO:R0@tkref=5.8667: N of unsatisfied eq: 10
INFO:R0@tkref=5.8667: N of unsatisfied ieq: 4
INFO:R0@tkref=5.8667: Summary: Iteration limit exceeded after 26 it.
DEBUG:R0@tkref=5.8667: $$$$$$$$ CONFLICT LIST $$$$$$$$: []
INFO:R0: Finished motion planning
INFO:R0: --------------------------
INFO:R0: TOT: 7.38514964201
INFO:R0: NSE: 5
INFO:R0: FIR: 0.861089944839
INFO:R0: LAS: 0.362179994583
INFO:R0: LMA: 1
INFO:R0: MAX: 0.0633358955383
INFO:R0: MIN: 0.0213749408722
INFO:R0: AVG: 0.0418439706167
INFO:R0: RMP: 0.0431835651398
INFO:R0: RMG: 0.246940905398
