DEBUG:R0: Using Tc_p = 1.35
DEBUG:R0: Using Tc_d = 1.35
INFO:R0: Init motion planning
INFO:R0@tkref=0.0000: Time to solve stand alone optimization problem: 0.943107128143
INFO:R0@tkref=0.0000: N of unsatisfied eq: 5
INFO:R0@tkref=0.0000: N of unsatisfied ieq: 9
INFO:R0@tkref=0.0000: Summary: Iteration limit exceeded after 41 it.
DEBUG:R0@tkref=0.0000: $$$$$$$$ CONFLICT LIST $$$$$$$$: []
INFO:R0: --------------------------
INFO:R0@tkref=1.3500: Time to solve stand alone optimization problem: 0.0239300727844
INFO:R0@tkref=1.3500: N of unsatisfied eq: 3
INFO:R0@tkref=1.3500: N of unsatisfied ieq: 5
INFO:R0@tkref=1.3500: Summary: Optimization terminated successfully. after 1 it.
DEBUG:R0@tkref=1.3500: $$$$$$$$ CONFLICT LIST $$$$$$$$: []
INFO:R0: --------------------------
INFO:R0@tkref=2.7000: Time to solve stand alone optimization problem: 0.0239398479462
INFO:R0@tkref=2.7000: N of unsatisfied eq: 3
INFO:R0@tkref=2.7000: N of unsatisfied ieq: 8
INFO:R0@tkref=2.7000: Summary: Optimization terminated successfully. after 1 it.
DEBUG:R0@tkref=2.7000: $$$$$$$$ CONFLICT LIST $$$$$$$$: []
INFO:R0: --------------------------
INFO:R0@tkref=4.0500: Time to solve stand alone optimization problem: 0.0243320465088
INFO:R0@tkref=4.0500: N of unsatisfied eq: 3
INFO:R0@tkref=4.0500: N of unsatisfied ieq: 5
INFO:R0@tkref=4.0500: Summary: Optimization terminated successfully. after 1 it.
DEBUG:R0@tkref=4.0500: $$$$$$$$ CONFLICT LIST $$$$$$$$: []
INFO:R0: --------------------------
INFO:R0@tkref=5.4000: Time to solve stand alone optimization problem: 0.024374961853
INFO:R0@tkref=5.4000: N of unsatisfied eq: 3
INFO:R0@tkref=5.4000: N of unsatisfied ieq: 5
INFO:R0@tkref=5.4000: Summary: Optimization terminated successfully. after 1 it.
DEBUG:R0@tkref=5.4000: $$$$$$$$ CONFLICT LIST $$$$$$$$: []
INFO:R0: --------------------------
DEBUG:R0: LAST STEP
DEBUG:R0: Approx remaining dist: 0.549158210414
DEBUG:R0: Usual approx plan dist: 4.5
DEBUG:R0: Approx gain in dist: 3.95084178959
DEBUG:R0: Last step min dist: 0.5
INFO:R0: scale 0.12203515787 Ns 7 Nk 3
INFO:R0@tkref=6.7500: Time to solve stand alone optimization problem: 0.37722492218
INFO:R0@tkref=6.7500: N of unsatisfied eq: 10
INFO:R0@tkref=6.7500: N of unsatisfied ieq: 4
INFO:R0@tkref=6.7500: Summary: Iteration limit exceeded after 26 it.
DEBUG:R0@tkref=6.7500: $$$$$$$$ CONFLICT LIST $$$$$$$$: []
INFO:R0: Finished motion planning
INFO:R0: --------------------------
INFO:R0: TOT: 7.36714900305
INFO:R0: NSE: 6
INFO:R0: FIR: 0.944267988205
INFO:R0: LAS: 0.377981185913
INFO:R0: LMA: 1
INFO:R0: MAX: 0.0250310897827
INFO:R0: MIN: 0.0246040821075
INFO:R0: AVG: 0.0248143076897
INFO:R0: RMP: 0.0185415479872
INFO:R0: RMG: 0.279986063639
