DEBUG:R0: Using Tc_p = 1.77272727273
DEBUG:R0: Using Tc_d = 1.77272727273
INFO:R0: Init motion planning
INFO:R0@tkref=0.0000: Time to solve stand alone optimization problem: 1.66575694084
INFO:R0@tkref=0.0000: N of unsatisfied eq: 4
INFO:R0@tkref=0.0000: N of unsatisfied ieq: 9
INFO:R0@tkref=0.0000: Summary: Iteration limit exceeded after 41 it.
DEBUG:R0@tkref=0.0000: $$$$$$$$ CONFLICT LIST $$$$$$$$: []
INFO:R0: --------------------------
INFO:R0@tkref=1.7727: Time to solve stand alone optimization problem: 0.370143175125
INFO:R0@tkref=1.7727: N of unsatisfied eq: 2
INFO:R0@tkref=1.7727: N of unsatisfied ieq: 8
INFO:R0@tkref=1.7727: Summary: Optimization terminated successfully. after 8 it.
DEBUG:R0@tkref=1.7727: $$$$$$$$ CONFLICT LIST $$$$$$$$: []
INFO:R0: --------------------------
INFO:R0@tkref=3.5455: Time to solve stand alone optimization problem: 0.277122974396
INFO:R0@tkref=3.5455: N of unsatisfied eq: 3
INFO:R0@tkref=3.5455: N of unsatisfied ieq: 8
INFO:R0@tkref=3.5455: Summary: Optimization terminated successfully. after 6 it.
DEBUG:R0@tkref=3.5455: $$$$$$$$ CONFLICT LIST $$$$$$$$: []
INFO:R0: --------------------------
DEBUG:R0: LAST STEP
DEBUG:R0: Approx remaining dist: 2.08092547544
DEBUG:R0: Usual approx plan dist: 3.9
DEBUG:R0: Approx gain in dist: 1.81907452456
DEBUG:R0: Last step min dist: 0.5
INFO:R0: scale 0.533570634729 Ns 7 Nk 3
INFO:R0@tkref=5.3182: Time to solve stand alone optimization problem: 0.561217784882
INFO:R0@tkref=5.3182: N of unsatisfied eq: 10
INFO:R0@tkref=5.3182: N of unsatisfied ieq: 3
INFO:R0@tkref=5.3182: Summary: Iteration limit exceeded after 26 it.
DEBUG:R0@tkref=5.3182: $$$$$$$$ CONFLICT LIST $$$$$$$$: []
INFO:R0: Finished motion planning
INFO:R0: --------------------------
INFO:R0: TOT: 7.65840368076
INFO:R0: NSE: 4
INFO:R0: FIR: 1.66724395752
INFO:R0: LAS: 0.562053918839
INFO:R0: LMA: 1
INFO:R0: MAX: 0.370938062668
INFO:R0: MIN: 0.277911901474
INFO:R0: AVG: 0.324424982071
INFO:R0: RMP: 0.209247112274
INFO:R0: RMG: 0.317056056781
