DEBUG:R0: Using Tc_p = 1.33333333333
DEBUG:R0: Using Tc_d = 1.33333333333
INFO:R0: Init motion planning
INFO:R0@tkref=0.0000: Time to solve stand alone optimization problem: 1.34824991226
INFO:R0@tkref=0.0000: N of unsatisfied eq: 5
INFO:R0@tkref=0.0000: N of unsatisfied ieq: 5
INFO:R0@tkref=0.0000: Summary: Iteration limit exceeded after 41 it.
DEBUG:R0@tkref=0.0000: $$$$$$$$ CONFLICT LIST $$$$$$$$: []
INFO:R0: --------------------------
INFO:R0@tkref=1.3333: Time to solve stand alone optimization problem: 0.33603811264
INFO:R0@tkref=1.3333: N of unsatisfied eq: 2
INFO:R0@tkref=1.3333: N of unsatisfied ieq: 6
INFO:R0@tkref=1.3333: Summary: Optimization terminated successfully. after 9 it.
DEBUG:R0@tkref=1.3333: $$$$$$$$ CONFLICT LIST $$$$$$$$: []
INFO:R0: --------------------------
INFO:R0@tkref=2.6667: Time to solve stand alone optimization problem: 0.453505992889
INFO:R0@tkref=2.6667: N of unsatisfied eq: 3
INFO:R0@tkref=2.6667: N of unsatisfied ieq: 7
INFO:R0@tkref=2.6667: Summary: Optimization terminated successfully. after 12 it.
DEBUG:R0@tkref=2.6667: $$$$$$$$ CONFLICT LIST $$$$$$$$: []
INFO:R0: --------------------------
INFO:R0@tkref=4.0000: Time to solve stand alone optimization problem: 0.288022041321
INFO:R0@tkref=4.0000: N of unsatisfied eq: 1
INFO:R0@tkref=4.0000: N of unsatisfied ieq: 6
INFO:R0@tkref=4.0000: Summary: Optimization terminated successfully. after 8 it.
DEBUG:R0@tkref=4.0000: $$$$$$$$ CONFLICT LIST $$$$$$$$: []
INFO:R0: --------------------------
INFO:R0@tkref=5.3333: Time to solve stand alone optimization problem: 0.112354040146
INFO:R0@tkref=5.3333: N of unsatisfied eq: 3
INFO:R0@tkref=5.3333: N of unsatisfied ieq: 6
INFO:R0@tkref=5.3333: Summary: Optimization terminated successfully. after 3 it.
DEBUG:R0@tkref=5.3333: $$$$$$$$ CONFLICT LIST $$$$$$$$: []
INFO:R0: --------------------------
DEBUG:R0: LAST STEP
DEBUG:R0: Approx remaining dist: 0.92839040922
DEBUG:R0: Usual approx plan dist: 3.0
DEBUG:R0: Approx gain in dist: 2.07160959078
DEBUG:R0: Last step min dist: 0.5
INFO:R0: scale 0.30946346974 Ns 7 Nk 3
INFO:R0@tkref=6.6667: Time to solve stand alone optimization problem: 0.512301921844
INFO:R0@tkref=6.6667: N of unsatisfied eq: 10
INFO:R0@tkref=6.6667: N of unsatisfied ieq: 4
INFO:R0@tkref=6.6667: Summary: Iteration limit exceeded after 26 it.
DEBUG:R0@tkref=6.6667: $$$$$$$$ CONFLICT LIST $$$$$$$$: []
INFO:R0: Finished motion planning
INFO:R0: --------------------------
INFO:R0: TOT: 7.70815701018
INFO:R0: NSE: 6
INFO:R0: FIR: 1.34948611259
INFO:R0: LAS: 0.513126850128
INFO:R0: LMA: 1
INFO:R0: MAX: 0.454297065735
INFO:R0: MIN: 0.113140821457
INFO:R0: AVG: 0.298270523548
INFO:R0: RMP: 0.340722799301
INFO:R0: RMG: 0.384845137596
