DEBUG:R0: Using Tc_p = 1.94444444444
DEBUG:R0: Using Tc_d = 1.94444444444
INFO:R0: Init motion planning
INFO:R0@tkref=0.0000: Time to solve stand alone optimization problem: 1.44342207909
INFO:R0@tkref=0.0000: N of unsatisfied eq: 4
INFO:R0@tkref=0.0000: N of unsatisfied ieq: 6
INFO:R0@tkref=0.0000: Summary: Iteration limit exceeded after 41 it.
DEBUG:R0@tkref=0.0000: $$$$$$$$ CONFLICT LIST $$$$$$$$: []
INFO:R0: --------------------------
INFO:R0@tkref=1.9444: Time to solve stand alone optimization problem: 0.395720005035
INFO:R0@tkref=1.9444: N of unsatisfied eq: 2
INFO:R0@tkref=1.9444: N of unsatisfied ieq: 9
INFO:R0@tkref=1.9444: Summary: Optimization terminated successfully. after 10 it.
DEBUG:R0@tkref=1.9444: $$$$$$$$ CONFLICT LIST $$$$$$$$: []
INFO:R0: --------------------------
INFO:R0@tkref=3.8889: Time to solve stand alone optimization problem: 0.280278205872
INFO:R0@tkref=3.8889: N of unsatisfied eq: 3
INFO:R0@tkref=3.8889: N of unsatisfied ieq: 7
INFO:R0@tkref=3.8889: Summary: Optimization terminated successfully. after 7 it.
DEBUG:R0@tkref=3.8889: $$$$$$$$ CONFLICT LIST $$$$$$$$: []
INFO:R0: --------------------------
DEBUG:R0: LAST STEP
DEBUG:R0: Approx remaining dist: 1.47560171652
DEBUG:R0: Usual approx plan dist: 2.5
DEBUG:R0: Approx gain in dist: 1.02439828348
DEBUG:R0: Last step min dist: 0.5
INFO:R0: scale 0.590240686609 Ns 8 Nk 4
INFO:R0@tkref=5.8333: Time to solve stand alone optimization problem: 0.701108932495
INFO:R0@tkref=5.8333: N of unsatisfied eq: 10
INFO:R0@tkref=5.8333: N of unsatisfied ieq: 3
INFO:R0@tkref=5.8333: Summary: Iteration limit exceeded after 26 it.
DEBUG:R0@tkref=5.8333: $$$$$$$$ CONFLICT LIST $$$$$$$$: []
INFO:R0: Finished motion planning
INFO:R0: --------------------------
INFO:R0: TOT: 7.42739953391
INFO:R0: NSE: 4
INFO:R0: FIR: 1.44492506981
INFO:R0: LAS: 0.701956033707
INFO:R0: LMA: 1
INFO:R0: MAX: 0.396543979645
INFO:R0: MIN: 0.281050920486
INFO:R0: AVG: 0.338797450066
INFO:R0: RMP: 0.203936903817
INFO:R0: RMG: 0.361005960192
