DEBUG:R0: Using Tc_p = 3.55555555556
DEBUG:R0: Using Tc_d = 3.55555555556
INFO:R0: Init motion planning
INFO:R0@tkref=0.0000: Time to solve stand alone optimization problem: 1.32447695732
INFO:R0@tkref=0.0000: N of unsatisfied eq: 5
INFO:R0@tkref=0.0000: N of unsatisfied ieq: 7
INFO:R0@tkref=0.0000: Summary: Iteration limit exceeded after 41 it.
DEBUG:R0@tkref=0.0000: $$$$$$$$ CONFLICT LIST $$$$$$$$: []
INFO:R0: --------------------------
DEBUG:R0: LAST STEP
DEBUG:R0: Approx remaining dist: 3.74460995417
DEBUG:R0: Usual approx plan dist: 4.0
DEBUG:R0: Approx gain in dist: 0.255390045828
DEBUG:R0: Last step min dist: 0.5
INFO:R0: scale 0.936152488543 Ns 9 Nk 5
INFO:R0@tkref=3.5556: Time to solve stand alone optimization problem: 0.876340150833
INFO:R0@tkref=3.5556: N of unsatisfied eq: 10
INFO:R0@tkref=3.5556: N of unsatisfied ieq: 2
INFO:R0@tkref=3.5556: Summary: Iteration limit exceeded after 26 it.
DEBUG:R0@tkref=3.5556: $$$$$$$$ CONFLICT LIST $$$$$$$$: []
INFO:R0: Finished motion planning
INFO:R0: --------------------------
INFO:R0: TOT: 7.82511564121
INFO:R0: NSE: 2
INFO:R0: FIR: 1.32581686974
INFO:R0: LAS: 0.877157926559
INFO:R0: LMA: 1
INFO:R0: MAX: 0.877157926559
INFO:R0: MIN: 0.877157926559
INFO:R0: AVG: 0.877157926559
INFO:R0: RMP: 0.246700666845
INFO:R0: RMG: 0.246700666845
