DEBUG:R0: Using Tc_p = 0.722222222222
DEBUG:R0: Using Tc_d = 0.722222222222
INFO:R0: Init motion planning
INFO:R0@tkref=0.0000: Time to solve stand alone optimization problem: 0.873189926147
INFO:R0@tkref=0.0000: N of unsatisfied eq: 5
INFO:R0@tkref=0.0000: N of unsatisfied ieq: 5
INFO:R0@tkref=0.0000: Summary: Iteration limit exceeded after 41 it.
DEBUG:R0@tkref=0.0000: $$$$$$$$ CONFLICT LIST $$$$$$$$: []
INFO:R0: --------------------------
INFO:R0@tkref=0.7222: Time to solve stand alone optimization problem: 0.0229258537292
INFO:R0@tkref=0.7222: N of unsatisfied eq: 3
INFO:R0@tkref=0.7222: N of unsatisfied ieq: 4
INFO:R0@tkref=0.7222: Summary: Optimization terminated successfully. after 1 it.
DEBUG:R0@tkref=0.7222: $$$$$$$$ CONFLICT LIST $$$$$$$$: []
INFO:R0: --------------------------
INFO:R0@tkref=1.4444: Time to solve stand alone optimization problem: 0.0235249996185
INFO:R0@tkref=1.4444: N of unsatisfied eq: 3
INFO:R0@tkref=1.4444: N of unsatisfied ieq: 4
INFO:R0@tkref=1.4444: Summary: Optimization terminated successfully. after 1 it.
DEBUG:R0@tkref=1.4444: $$$$$$$$ CONFLICT LIST $$$$$$$$: []
INFO:R0: --------------------------
INFO:R0@tkref=2.1667: Time to solve stand alone optimization problem: 0.0212819576263
INFO:R0@tkref=2.1667: N of unsatisfied eq: 4
INFO:R0@tkref=2.1667: N of unsatisfied ieq: 5
INFO:R0@tkref=2.1667: Summary: Optimization terminated successfully. after 1 it.
DEBUG:R0@tkref=2.1667: $$$$$$$$ CONFLICT LIST $$$$$$$$: []
INFO:R0: --------------------------
INFO:R0@tkref=2.8889: Time to solve stand alone optimization problem: 0.0211989879608
INFO:R0@tkref=2.8889: N of unsatisfied eq: 4
INFO:R0@tkref=2.8889: N of unsatisfied ieq: 4
INFO:R0@tkref=2.8889: Summary: Optimization terminated successfully. after 1 it.
DEBUG:R0@tkref=2.8889: $$$$$$$$ CONFLICT LIST $$$$$$$$: []
INFO:R0: --------------------------
INFO:R0@tkref=3.6111: Time to solve stand alone optimization problem: 0.0209319591522
INFO:R0@tkref=3.6111: N of unsatisfied eq: 4
INFO:R0@tkref=3.6111: N of unsatisfied ieq: 4
INFO:R0@tkref=3.6111: Summary: Optimization terminated successfully. after 1 it.
DEBUG:R0@tkref=3.6111: $$$$$$$$ CONFLICT LIST $$$$$$$$: []
INFO:R0: --------------------------
INFO:R0@tkref=4.3333: Time to solve stand alone optimization problem: 0.0215029716492
INFO:R0@tkref=4.3333: N of unsatisfied eq: 4
INFO:R0@tkref=4.3333: N of unsatisfied ieq: 4
INFO:R0@tkref=4.3333: Summary: Optimization terminated successfully. after 1 it.
DEBUG:R0@tkref=4.3333: $$$$$$$$ CONFLICT LIST $$$$$$$$: []
INFO:R0: --------------------------
INFO:R0@tkref=5.0556: Time to solve stand alone optimization problem: 0.0212149620056
INFO:R0@tkref=5.0556: N of unsatisfied eq: 4
INFO:R0@tkref=5.0556: N of unsatisfied ieq: 6
INFO:R0@tkref=5.0556: Summary: Optimization terminated successfully. after 1 it.
DEBUG:R0@tkref=5.0556: $$$$$$$$ CONFLICT LIST $$$$$$$$: []
INFO:R0: --------------------------
INFO:R0@tkref=5.7778: Time to solve stand alone optimization problem: 0.0207419395447
INFO:R0@tkref=5.7778: N of unsatisfied eq: 4
INFO:R0@tkref=5.7778: N of unsatisfied ieq: 4
INFO:R0@tkref=5.7778: Summary: Optimization terminated successfully. after 1 it.
DEBUG:R0@tkref=5.7778: $$$$$$$$ CONFLICT LIST $$$$$$$$: []
INFO:R0: --------------------------
DEBUG:R0: LAST STEP
DEBUG:R0: Approx remaining dist: 0.584837554181
DEBUG:R0: Usual approx plan dist: 1.3
DEBUG:R0: Approx gain in dist: 0.715162445819
DEBUG:R0: Last step min dist: 0.5
INFO:R0: scale 0.449875041678 Ns 7 Nk 3
INFO:R0@tkref=6.5000: Time to solve stand alone optimization problem: 0.365129947662
INFO:R0@tkref=6.5000: N of unsatisfied eq: 10
INFO:R0@tkref=6.5000: N of unsatisfied ieq: 4
INFO:R0@tkref=6.5000: Summary: Iteration limit exceeded after 26 it.
DEBUG:R0@tkref=6.5000: $$$$$$$$ CONFLICT LIST $$$$$$$$: []
INFO:R0: Finished motion planning
INFO:R0: --------------------------
INFO:R0: TOT: 7.1572484558
INFO:R0: NSE: 10
INFO:R0: FIR: 0.874555110931
INFO:R0: LAS: 0.365874052048
INFO:R0: LMA: 1
INFO:R0: MAX: 0.0243351459503
INFO:R0: MIN: 0.021420955658
INFO:R0: AVG: 0.0223797261715
INFO:R0: RMP: 0.0336948174697
INFO:R0: RMG: 0.506594841297
