DEBUG:R0: Using Tc_p = 2.11111111111
DEBUG:R0: Using Tc_d = 2.11111111111
INFO:R0: Init motion planning
INFO:R0@tkref=0.0000: Time to solve stand alone optimization problem: 1.2894051075
INFO:R0@tkref=0.0000: N of unsatisfied eq: 4
INFO:R0@tkref=0.0000: N of unsatisfied ieq: 7
INFO:R0@tkref=0.0000: Summary: Iteration limit exceeded after 41 it.
DEBUG:R0@tkref=0.0000: $$$$$$$$ CONFLICT LIST $$$$$$$$: []
INFO:R0: --------------------------
INFO:R0@tkref=2.1111: Time to solve stand alone optimization problem: 0.213000059128
INFO:R0@tkref=2.1111: N of unsatisfied eq: 3
INFO:R0@tkref=2.1111: N of unsatisfied ieq: 7
INFO:R0@tkref=2.1111: Summary: Optimization terminated successfully. after 6 it.
DEBUG:R0@tkref=2.1111: $$$$$$$$ CONFLICT LIST $$$$$$$$: []
INFO:R0: --------------------------
INFO:R0@tkref=4.2222: Time to solve stand alone optimization problem: 0.21172118187
INFO:R0@tkref=4.2222: N of unsatisfied eq: 3
INFO:R0@tkref=4.2222: N of unsatisfied ieq: 6
INFO:R0@tkref=4.2222: Summary: Optimization terminated successfully. after 6 it.
DEBUG:R0@tkref=4.2222: $$$$$$$$ CONFLICT LIST $$$$$$$$: []
INFO:R0: --------------------------
DEBUG:R0: LAST STEP
DEBUG:R0: Approx remaining dist: 1.15730223774
DEBUG:R0: Usual approx plan dist: 3.8
DEBUG:R0: Approx gain in dist: 2.64269776226
DEBUG:R0: Last step min dist: 0.5
INFO:R0: scale 0.304553220457 Ns 7 Nk 3
INFO:R0@tkref=6.3333: Time to solve stand alone optimization problem: 0.487243890762
INFO:R0@tkref=6.3333: N of unsatisfied eq: 10
INFO:R0@tkref=6.3333: N of unsatisfied ieq: 4
INFO:R0@tkref=6.3333: Summary: Iteration limit exceeded after 26 it.
DEBUG:R0@tkref=6.3333: $$$$$$$$ CONFLICT LIST $$$$$$$$: []
INFO:R0: Finished motion planning
INFO:R0: --------------------------
INFO:R0: TOT: 7.62633645633
INFO:R0: NSE: 4
INFO:R0: FIR: 1.2907409668
INFO:R0: LAS: 0.4880900383
INFO:R0: LMA: 1
INFO:R0: MAX: 0.213798999786
INFO:R0: MIN: 0.212535142899
INFO:R0: AVG: 0.213167071342
INFO:R0: RMP: 0.101273210425
INFO:R0: RMG: 0.231200544458
