DEBUG:R0: Using Tc_p = 1.72222222222
DEBUG:R0: Using Tc_d = 1.72222222222
INFO:R0: Init motion planning
INFO:R0@tkref=0.0000: Time to solve stand alone optimization problem: 0.86391711235
INFO:R0@tkref=0.0000: N of unsatisfied eq: 5
INFO:R0@tkref=0.0000: N of unsatisfied ieq: 5
INFO:R0@tkref=0.0000: Summary: Iteration limit exceeded after 41 it.
DEBUG:R0@tkref=0.0000: $$$$$$$$ CONFLICT LIST $$$$$$$$: []
INFO:R0: --------------------------
INFO:R0@tkref=1.7222: Time to solve stand alone optimization problem: 0.0226409435272
INFO:R0@tkref=1.7222: N of unsatisfied eq: 3
INFO:R0@tkref=1.7222: N of unsatisfied ieq: 4
INFO:R0@tkref=1.7222: Summary: Optimization terminated successfully. after 1 it.
DEBUG:R0@tkref=1.7222: $$$$$$$$ CONFLICT LIST $$$$$$$$: []
INFO:R0: --------------------------
INFO:R0@tkref=3.4444: Time to solve stand alone optimization problem: 0.0209848880768
INFO:R0@tkref=3.4444: N of unsatisfied eq: 4
INFO:R0@tkref=3.4444: N of unsatisfied ieq: 5
INFO:R0@tkref=3.4444: Summary: Optimization terminated successfully. after 1 it.
DEBUG:R0@tkref=3.4444: $$$$$$$$ CONFLICT LIST $$$$$$$$: []
INFO:R0: --------------------------
DEBUG:R0: LAST STEP
DEBUG:R0: Approx remaining dist: 2.03341325508
DEBUG:R0: Usual approx plan dist: 3.1
DEBUG:R0: Approx gain in dist: 1.06658674492
DEBUG:R0: Last step min dist: 0.5
INFO:R0: scale 0.655939759703 Ns 7 Nk 3
INFO:R0@tkref=5.1667: Time to solve stand alone optimization problem: 0.37255191803
INFO:R0@tkref=5.1667: N of unsatisfied eq: 10
INFO:R0@tkref=5.1667: N of unsatisfied ieq: 4
INFO:R0@tkref=5.1667: Summary: Iteration limit exceeded after 26 it.
DEBUG:R0@tkref=5.1667: $$$$$$$$ CONFLICT LIST $$$$$$$$: []
INFO:R0: Finished motion planning
INFO:R0: --------------------------
INFO:R0: TOT: 7.4521609575
INFO:R0: NSE: 4
INFO:R0: FIR: 0.877632856369
INFO:R0: LAS: 0.373279809952
INFO:R0: LMA: 1
INFO:R0: MAX: 0.0233199596405
INFO:R0: MIN: 0.0216300487518
INFO:R0: AVG: 0.0224750041962
INFO:R0: RMP: 0.0135406217267
INFO:R0: RMG: 0.216743115456
