DEBUG:R0: Using Tc_p = 2.16363636364
DEBUG:R0: Using Tc_d = 2.16363636364
INFO:R0: Init motion planning
INFO:R0@tkref=0.0000: Time to solve stand alone optimization problem: 1.57714486122
INFO:R0@tkref=0.0000: N of unsatisfied eq: 5
INFO:R0@tkref=0.0000: N of unsatisfied ieq: 9
INFO:R0@tkref=0.0000: Summary: Iteration limit exceeded after 41 it.
DEBUG:R0@tkref=0.0000: $$$$$$$$ CONFLICT LIST $$$$$$$$: []
INFO:R0: --------------------------
INFO:R0@tkref=2.1636: Time to solve stand alone optimization problem: 0.306464195251
INFO:R0@tkref=2.1636: N of unsatisfied eq: 2
INFO:R0@tkref=2.1636: N of unsatisfied ieq: 6
INFO:R0@tkref=2.1636: Summary: Optimization terminated successfully. after 7 it.
DEBUG:R0@tkref=2.1636: $$$$$$$$ CONFLICT LIST $$$$$$$$: []
INFO:R0: --------------------------
INFO:R0@tkref=4.3273: Time to solve stand alone optimization problem: 0.131487846375
INFO:R0@tkref=4.3273: N of unsatisfied eq: 3
INFO:R0@tkref=4.3273: N of unsatisfied ieq: 7
INFO:R0@tkref=4.3273: Summary: Optimization terminated successfully. after 3 it.
DEBUG:R0@tkref=4.3273: $$$$$$$$ CONFLICT LIST $$$$$$$$: []
INFO:R0: --------------------------
DEBUG:R0: LAST STEP
DEBUG:R0: Approx remaining dist: 0.962888049419
DEBUG:R0: Usual approx plan dist: 3.4
DEBUG:R0: Approx gain in dist: 2.43711195058
DEBUG:R0: Last step min dist: 0.5
INFO:R0: scale 0.283202367476 Ns 7 Nk 3
INFO:R0@tkref=6.4909: Time to solve stand alone optimization problem: 0.520557880402
INFO:R0@tkref=6.4909: N of unsatisfied eq: 10
INFO:R0@tkref=6.4909: N of unsatisfied ieq: 4
INFO:R0@tkref=6.4909: Summary: Iteration limit exceeded after 26 it.
DEBUG:R0@tkref=6.4909: $$$$$$$$ CONFLICT LIST $$$$$$$$: []
INFO:R0: Finished motion planning
INFO:R0: --------------------------
INFO:R0: TOT: 7.57306344592
INFO:R0: NSE: 4
INFO:R0: FIR: 1.57848715782
INFO:R0: LAS: 0.521463155746
INFO:R0: LMA: 1
INFO:R0: MAX: 0.307331085205
INFO:R0: MIN: 0.132295131683
INFO:R0: AVG: 0.219813108444
INFO:R0: RMP: 0.142043778876
INFO:R0: RMG: 0.241012382908
