DEBUG:R0: Using Tc_p = 2.26666666667
DEBUG:R0: Using Tc_d = 2.26666666667
INFO:R0: Init motion planning
INFO:R0@tkref=0.0000: Time to solve stand alone optimization problem: 1.49488902092
INFO:R0@tkref=0.0000: N of unsatisfied eq: 5
INFO:R0@tkref=0.0000: N of unsatisfied ieq: 7
INFO:R0@tkref=0.0000: Summary: Iteration limit exceeded after 41 it.
DEBUG:R0@tkref=0.0000: $$$$$$$$ CONFLICT LIST $$$$$$$$: []
INFO:R0: --------------------------
INFO:R0@tkref=2.2667: Time to solve stand alone optimization problem: 0.334023952484
INFO:R0@tkref=2.2667: N of unsatisfied eq: 3
INFO:R0@tkref=2.2667: N of unsatisfied ieq: 8
INFO:R0@tkref=2.2667: Summary: Optimization terminated successfully. after 8 it.
DEBUG:R0@tkref=2.2667: $$$$$$$$ CONFLICT LIST $$$$$$$$: []
INFO:R0: --------------------------
INFO:R0@tkref=4.5333: Time to solve stand alone optimization problem: 0.122463941574
INFO:R0@tkref=4.5333: N of unsatisfied eq: 3
INFO:R0@tkref=4.5333: N of unsatisfied ieq: 7
INFO:R0@tkref=4.5333: Summary: Optimization terminated successfully. after 3 it.
DEBUG:R0@tkref=4.5333: $$$$$$$$ CONFLICT LIST $$$$$$$$: []
INFO:R0: --------------------------
DEBUG:R0: LAST STEP
DEBUG:R0: Approx remaining dist: 0.51601279698
DEBUG:R0: Usual approx plan dist: 3.4
DEBUG:R0: Approx gain in dist: 2.88398720302
DEBUG:R0: Last step min dist: 0.5
INFO:R0: scale 0.1517684697 Ns 7 Nk 3
INFO:R0@tkref=6.8000: Time to solve stand alone optimization problem: 0.508449792862
INFO:R0@tkref=6.8000: N of unsatisfied eq: 10
INFO:R0@tkref=6.8000: N of unsatisfied ieq: 4
INFO:R0@tkref=6.8000: Summary: Iteration limit exceeded after 26 it.
DEBUG:R0@tkref=6.8000: $$$$$$$$ CONFLICT LIST $$$$$$$$: []
INFO:R0: Finished motion planning
INFO:R0: --------------------------
INFO:R0: TOT: 7.37994066655
INFO:R0: NSE: 4
INFO:R0: FIR: 1.496281147
INFO:R0: LAS: 0.5095911026
INFO:R0: LMA: 1
INFO:R0: MAX: 0.334911108017
INFO:R0: MIN: 0.123334884644
INFO:R0: AVG: 0.22912299633
INFO:R0: RMP: 0.147754900596
INFO:R0: RMG: 0.224819604088
