DEBUG:R0: Using Tc_p = 0.96
DEBUG:R0: Using Tc_d = 0.96
INFO:R0: Init motion planning
INFO:R0@tkref=0.0000: Time to solve stand alone optimization problem: 1.7284309864
INFO:R0@tkref=0.0000: N of unsatisfied eq: 4
INFO:R0@tkref=0.0000: N of unsatisfied ieq: 9
INFO:R0@tkref=0.0000: Summary: Iteration limit exceeded after 41 it.
DEBUG:R0@tkref=0.0000: $$$$$$$$ CONFLICT LIST $$$$$$$$: []
INFO:R0: --------------------------
INFO:R0@tkref=0.9600: Time to solve stand alone optimization problem: 0.350671052933
INFO:R0@tkref=0.9600: N of unsatisfied eq: 2
INFO:R0@tkref=0.9600: N of unsatisfied ieq: 8
INFO:R0@tkref=0.9600: Summary: Optimization terminated successfully. after 6 it.
DEBUG:R0@tkref=0.9600: $$$$$$$$ CONFLICT LIST $$$$$$$$: []
INFO:R0: --------------------------
INFO:R0@tkref=1.9200: Time to solve stand alone optimization problem: 0.460797071457
INFO:R0@tkref=1.9200: N of unsatisfied eq: 2
INFO:R0@tkref=1.9200: N of unsatisfied ieq: 7
INFO:R0@tkref=1.9200: Summary: Optimization terminated successfully. after 9 it.
DEBUG:R0@tkref=1.9200: $$$$$$$$ CONFLICT LIST $$$$$$$$: []
INFO:R0: --------------------------
INFO:R0@tkref=2.8800: Time to solve stand alone optimization problem: 0.353012800217
INFO:R0@tkref=2.8800: N of unsatisfied eq: 3
INFO:R0@tkref=2.8800: N of unsatisfied ieq: 8
INFO:R0@tkref=2.8800: Summary: Optimization terminated successfully. after 8 it.
DEBUG:R0@tkref=2.8800: $$$$$$$$ CONFLICT LIST $$$$$$$$: []
INFO:R0: --------------------------
INFO:R0@tkref=3.8400: Time to solve stand alone optimization problem: 0.336529016495
INFO:R0@tkref=3.8400: N of unsatisfied eq: 1
INFO:R0@tkref=3.8400: N of unsatisfied ieq: 8
INFO:R0@tkref=3.8400: Summary: Optimization terminated successfully. after 8 it.
DEBUG:R0@tkref=3.8400: $$$$$$$$ CONFLICT LIST $$$$$$$$: []
INFO:R0: --------------------------
INFO:R0@tkref=4.8000: Time to solve stand alone optimization problem: 0.273487091064
INFO:R0@tkref=4.8000: N of unsatisfied eq: 3
INFO:R0@tkref=4.8000: N of unsatisfied ieq: 10
INFO:R0@tkref=4.8000: Summary: Optimization terminated successfully. after 6 it.
DEBUG:R0@tkref=4.8000: $$$$$$$$ CONFLICT LIST $$$$$$$$: []
INFO:R0: --------------------------
INFO:R0@tkref=5.7600: Time to solve stand alone optimization problem: 0.0840451717377
INFO:R0@tkref=5.7600: N of unsatisfied eq: 3
INFO:R0@tkref=5.7600: N of unsatisfied ieq: 6
INFO:R0@tkref=5.7600: Summary: Optimization terminated successfully. after 2 it.
DEBUG:R0@tkref=5.7600: $$$$$$$$ CONFLICT LIST $$$$$$$$: []
INFO:R0: --------------------------
DEBUG:R0: LAST STEP
DEBUG:R0: Approx remaining dist: 0.771481324665
DEBUG:R0: Usual approx plan dist: 2.4
DEBUG:R0: Approx gain in dist: 1.62851867534
DEBUG:R0: Last step min dist: 0.5
INFO:R0: scale 0.321450551944 Ns 7 Nk 3
INFO:R0@tkref=6.7200: Time to solve stand alone optimization problem: 0.545043945312
INFO:R0@tkref=6.7200: N of unsatisfied eq: 10
INFO:R0@tkref=6.7200: N of unsatisfied ieq: 4
INFO:R0@tkref=6.7200: Summary: Iteration limit exceeded after 26 it.
DEBUG:R0@tkref=6.7200: $$$$$$$$ CONFLICT LIST $$$$$$$$: []
INFO:R0: Finished motion planning
INFO:R0: --------------------------
INFO:R0: TOT: 7.58703548235
INFO:R0: NSE: 8
INFO:R0: FIR: 1.73019599915
INFO:R0: LAS: 0.545863866806
INFO:R0: LMA: 1
INFO:R0: MAX: 0.46222782135
INFO:R0: MIN: 0.0848770141602
INFO:R0: AVG: 0.310905138652
INFO:R0: RMP: 0.481487313906
INFO:R0: RMG: 0.56860819459
