DEBUG:R0: Using Tc_p = 0.418181818182
DEBUG:R0: Using Tc_d = 0.418181818182
INFO:R0: Init motion planning
INFO:R0@tkref=0.0000: Time to solve stand alone optimization problem: 1.67752790451
INFO:R0@tkref=0.0000: N of unsatisfied eq: 5
INFO:R0@tkref=0.0000: N of unsatisfied ieq: 8
INFO:R0@tkref=0.0000: Summary: Iteration limit exceeded after 41 it.
DEBUG:R0@tkref=0.0000: $$$$$$$$ CONFLICT LIST $$$$$$$$: []
INFO:R0: --------------------------
INFO:R0@tkref=0.4182: Time to solve stand alone optimization problem: 0.392506122589
INFO:R0@tkref=0.4182: N of unsatisfied eq: 2
INFO:R0@tkref=0.4182: N of unsatisfied ieq: 8
INFO:R0@tkref=0.4182: Summary: Optimization terminated successfully. after 10 it.
DEBUG:R0@tkref=0.4182: $$$$$$$$ CONFLICT LIST $$$$$$$$: []
INFO:R0: --------------------------
INFO:R0@tkref=0.8364: Time to solve stand alone optimization problem: 0.314669132233
INFO:R0@tkref=0.8364: N of unsatisfied eq: 2
INFO:R0@tkref=0.8364: N of unsatisfied ieq: 8
INFO:R0@tkref=0.8364: Summary: Optimization terminated successfully. after 8 it.
DEBUG:R0@tkref=0.8364: $$$$$$$$ CONFLICT LIST $$$$$$$$: []
INFO:R0: --------------------------
INFO:R0@tkref=1.2545: Time to solve stand alone optimization problem: 0.324088811874
INFO:R0@tkref=1.2545: N of unsatisfied eq: 1
INFO:R0@tkref=1.2545: N of unsatisfied ieq: 7
INFO:R0@tkref=1.2545: Summary: Optimization terminated successfully. after 7 it.
DEBUG:R0@tkref=1.2545: $$$$$$$$ CONFLICT LIST $$$$$$$$: []
INFO:R0: --------------------------
INFO:R0@tkref=1.6727: Time to solve stand alone optimization problem: 0.45596408844
INFO:R0@tkref=1.6727: N of unsatisfied eq: 2
INFO:R0@tkref=1.6727: N of unsatisfied ieq: 8
INFO:R0@tkref=1.6727: Summary: Optimization terminated successfully. after 10 it.
DEBUG:R0@tkref=1.6727: $$$$$$$$ CONFLICT LIST $$$$$$$$: []
INFO:R0: --------------------------
INFO:R0@tkref=2.0909: Time to solve stand alone optimization problem: 0.410478830338
INFO:R0@tkref=2.0909: N of unsatisfied eq: 2
INFO:R0@tkref=2.0909: N of unsatisfied ieq: 8
INFO:R0@tkref=2.0909: Summary: Optimization terminated successfully. after 9 it.
DEBUG:R0@tkref=2.0909: $$$$$$$$ CONFLICT LIST $$$$$$$$: []
INFO:R0: --------------------------
INFO:R0@tkref=2.5091: Time to solve stand alone optimization problem: 0.458416938782
INFO:R0@tkref=2.5091: N of unsatisfied eq: 1
INFO:R0@tkref=2.5091: N of unsatisfied ieq: 9
INFO:R0@tkref=2.5091: Summary: Optimization terminated successfully. after 10 it.
DEBUG:R0@tkref=2.5091: $$$$$$$$ CONFLICT LIST $$$$$$$$: []
INFO:R0: --------------------------
INFO:R0@tkref=2.9273: Time to solve stand alone optimization problem: 0.232970952988
INFO:R0@tkref=2.9273: N of unsatisfied eq: 2
INFO:R0@tkref=2.9273: N of unsatisfied ieq: 7
INFO:R0@tkref=2.9273: Summary: Optimization terminated successfully. after 5 it.
DEBUG:R0@tkref=2.9273: $$$$$$$$ CONFLICT LIST $$$$$$$$: []
INFO:R0: --------------------------
INFO:R0@tkref=3.3455: Time to solve stand alone optimization problem: 0.279845952988
INFO:R0@tkref=3.3455: N of unsatisfied eq: 3
INFO:R0@tkref=3.3455: N of unsatisfied ieq: 7
INFO:R0@tkref=3.3455: Summary: Optimization terminated successfully. after 6 it.
DEBUG:R0@tkref=3.3455: $$$$$$$$ CONFLICT LIST $$$$$$$$: []
INFO:R0: --------------------------
INFO:R0@tkref=3.7636: Time to solve stand alone optimization problem: 0.232685089111
INFO:R0@tkref=3.7636: N of unsatisfied eq: 2
INFO:R0@tkref=3.7636: N of unsatisfied ieq: 7
INFO:R0@tkref=3.7636: Summary: Optimization terminated successfully. after 5 it.
DEBUG:R0@tkref=3.7636: $$$$$$$$ CONFLICT LIST $$$$$$$$: []
INFO:R0: --------------------------
INFO:R0@tkref=4.1818: Time to solve stand alone optimization problem: 0.508360147476
INFO:R0@tkref=4.1818: N of unsatisfied eq: 2
INFO:R0@tkref=4.1818: N of unsatisfied ieq: 8
INFO:R0@tkref=4.1818: Summary: Optimization terminated successfully. after 11 it.
DEBUG:R0@tkref=4.1818: $$$$$$$$ CONFLICT LIST $$$$$$$$: []
INFO:R0: --------------------------
INFO:R0@tkref=4.6000: Time to solve stand alone optimization problem: 0.417280197144
INFO:R0@tkref=4.6000: N of unsatisfied eq: 3
INFO:R0@tkref=4.6000: N of unsatisfied ieq: 7
INFO:R0@tkref=4.6000: Summary: Optimization terminated successfully. after 9 it.
DEBUG:R0@tkref=4.6000: $$$$$$$$ CONFLICT LIST $$$$$$$$: []
INFO:R0: --------------------------
INFO:R0@tkref=5.0182: Time to solve stand alone optimization problem: 0.187460899353
INFO:R0@tkref=5.0182: N of unsatisfied eq: 3
INFO:R0@tkref=5.0182: N of unsatisfied ieq: 7
INFO:R0@tkref=5.0182: Summary: Optimization terminated successfully. after 4 it.
DEBUG:R0@tkref=5.0182: $$$$$$$$ CONFLICT LIST $$$$$$$$: []
INFO:R0: --------------------------
INFO:R0@tkref=5.4364: Time to solve stand alone optimization problem: 0.323163032532
INFO:R0@tkref=5.4364: N of unsatisfied eq: 2
INFO:R0@tkref=5.4364: N of unsatisfied ieq: 8
INFO:R0@tkref=5.4364: Summary: Optimization terminated successfully. after 7 it.
DEBUG:R0@tkref=5.4364: $$$$$$$$ CONFLICT LIST $$$$$$$$: []
INFO:R0: --------------------------
INFO:R0@tkref=5.8545: Time to solve stand alone optimization problem: 0.188168048859
INFO:R0@tkref=5.8545: N of unsatisfied eq: 3
INFO:R0@tkref=5.8545: N of unsatisfied ieq: 9
INFO:R0@tkref=5.8545: Summary: Optimization terminated successfully. after 4 it.
DEBUG:R0@tkref=5.8545: $$$$$$$$ CONFLICT LIST $$$$$$$$: []
INFO:R0: --------------------------
INFO:R0@tkref=6.2727: Time to solve stand alone optimization problem: 0.142429828644
INFO:R0@tkref=6.2727: N of unsatisfied eq: 3
INFO:R0@tkref=6.2727: N of unsatisfied ieq: 7
INFO:R0@tkref=6.2727: Summary: Optimization terminated successfully. after 3 it.
DEBUG:R0@tkref=6.2727: $$$$$$$$ CONFLICT LIST $$$$$$$$: []
INFO:R0: --------------------------
INFO:R0@tkref=6.6909: Time to solve stand alone optimization problem: 0.119593143463
INFO:R0@tkref=6.6909: N of unsatisfied eq: 3
INFO:R0@tkref=6.6909: N of unsatisfied ieq: 5
INFO:R0@tkref=6.6909: Summary: Optimization terminated successfully. after 3 it.
DEBUG:R0@tkref=6.6909: $$$$$$$$ CONFLICT LIST $$$$$$$$: []
INFO:R0: --------------------------
DEBUG:R0: LAST STEP
DEBUG:R0: Approx remaining dist: 0.752520383266
DEBUG:R0: Usual approx plan dist: 4.6
DEBUG:R0: Approx gain in dist: 3.84747961673
DEBUG:R0: Last step min dist: 0.5
INFO:R0: scale 0.163591387666 Ns 7 Nk 3
INFO:R0@tkref=7.1091: Time to solve stand alone optimization problem: 0.502202033997
INFO:R0@tkref=7.1091: N of unsatisfied eq: 10
INFO:R0@tkref=7.1091: N of unsatisfied ieq: 0
INFO:R0@tkref=7.1091: Summary: Iteration limit exceeded after 26 it.
DEBUG:R0@tkref=7.1091: $$$$$$$$ CONFLICT LIST $$$$$$$$: []
INFO:R0: Finished motion planning
INFO:R0: --------------------------
INFO:R0: TOT: 7.99972890595
INFO:R0: NSE: 18
INFO:R0: FIR: 1.67927908897
INFO:R0: LAS: 0.503002882004
INFO:R0: LMA: 0
INFO:R0: MAX: 0.509136915207
INFO:R0: MIN: 0.120321035385
INFO:R0: AVG: 0.312572345138
INFO:R0: RMP: 1.21750131897
INFO:R0: RMG: 1.21750131897
