DEBUG:R0: Using Tc_p = 1.41818181818
DEBUG:R0: Using Tc_d = 1.41818181818
INFO:R0: Init motion planning
INFO:R0@tkref=0.0000: Time to solve stand alone optimization problem: 1.08091592789
INFO:R0@tkref=0.0000: N of unsatisfied eq: 4
INFO:R0@tkref=0.0000: N of unsatisfied ieq: 10
INFO:R0@tkref=0.0000: Summary: Iteration limit exceeded after 41 it.
DEBUG:R0@tkref=0.0000: $$$$$$$$ CONFLICT LIST $$$$$$$$: []
INFO:R0: --------------------------
INFO:R0@tkref=1.4182: Time to solve stand alone optimization problem: 0.0270481109619
INFO:R0@tkref=1.4182: N of unsatisfied eq: 3
INFO:R0@tkref=1.4182: N of unsatisfied ieq: 4
INFO:R0@tkref=1.4182: Summary: Optimization terminated successfully. after 1 it.
DEBUG:R0@tkref=1.4182: $$$$$$$$ CONFLICT LIST $$$$$$$$: []
INFO:R0: --------------------------
INFO:R0@tkref=2.8364: Time to solve stand alone optimization problem: 0.0257830619812
INFO:R0@tkref=2.8364: N of unsatisfied eq: 4
INFO:R0@tkref=2.8364: N of unsatisfied ieq: 6
INFO:R0@tkref=2.8364: Summary: Optimization terminated successfully. after 1 it.
DEBUG:R0@tkref=2.8364: $$$$$$$$ CONFLICT LIST $$$$$$$$: []
INFO:R0: --------------------------
INFO:R0@tkref=4.2545: Time to solve stand alone optimization problem: 0.0260820388794
INFO:R0@tkref=4.2545: N of unsatisfied eq: 4
INFO:R0@tkref=4.2545: N of unsatisfied ieq: 8
INFO:R0@tkref=4.2545: Summary: Optimization terminated successfully. after 1 it.
DEBUG:R0@tkref=4.2545: $$$$$$$$ CONFLICT LIST $$$$$$$$: []
INFO:R0: --------------------------
DEBUG:R0: LAST STEP
DEBUG:R0: Approx remaining dist: 1.54378707105
DEBUG:R0: Usual approx plan dist: 3.9
DEBUG:R0: Approx gain in dist: 2.35621292895
DEBUG:R0: Last step min dist: 0.5
INFO:R0: scale 0.39584283873 Ns 7 Nk 3
INFO:R0@tkref=5.6727: Time to solve stand alone optimization problem: 0.367214918137
INFO:R0@tkref=5.6727: N of unsatisfied eq: 10
INFO:R0@tkref=5.6727: N of unsatisfied ieq: 4
INFO:R0@tkref=5.6727: Summary: Iteration limit exceeded after 26 it.
DEBUG:R0@tkref=5.6727: $$$$$$$$ CONFLICT LIST $$$$$$$$: []
INFO:R0: Finished motion planning
INFO:R0: --------------------------
INFO:R0: TOT: 7.40789673543
INFO:R0: NSE: 5
INFO:R0: FIR: 1.08213591576
INFO:R0: LAS: 0.367989063263
INFO:R0: LMA: 1
INFO:R0: MAX: 0.0277390480042
INFO:R0: MIN: 0.0264499187469
INFO:R0: AVG: 0.0269793669383
INFO:R0: RMP: 0.0195595851311
INFO:R0: RMG: 0.259479467685
