DEBUG:R0: Using Tc_p = 2.46
DEBUG:R0: Using Tc_d = 2.46
INFO:R0: Init motion planning
INFO:R0@tkref=0.0000: Time to solve stand alone optimization problem: 2.36096906662
INFO:R0@tkref=0.0000: N of unsatisfied eq: 3
INFO:R0@tkref=0.0000: N of unsatisfied ieq: 10
INFO:R0@tkref=0.0000: Summary: Iteration limit exceeded after 41 it.
DEBUG:R0@tkref=0.0000: $$$$$$$$ CONFLICT LIST $$$$$$$$: []
INFO:R0: --------------------------
INFO:R0@tkref=2.4600: Time to solve stand alone optimization problem: 0.861882925034
INFO:R0@tkref=2.4600: N of unsatisfied eq: 3
INFO:R0@tkref=2.4600: N of unsatisfied ieq: 8
INFO:R0@tkref=2.4600: Summary: Optimization terminated successfully. after 14 it.
DEBUG:R0@tkref=2.4600: $$$$$$$$ CONFLICT LIST $$$$$$$$: []
INFO:R0: --------------------------
DEBUG:R0: LAST STEP
DEBUG:R0: Approx remaining dist: 2.73944128651
DEBUG:R0: Usual approx plan dist: 4.1
DEBUG:R0: Approx gain in dist: 1.36055871349
DEBUG:R0: Last step min dist: 0.5
INFO:R0: scale 0.668156411345 Ns 8 Nk 4
INFO:R0@tkref=4.9200: Time to solve stand alone optimization problem: 0.974471092224
INFO:R0@tkref=4.9200: N of unsatisfied eq: 10
INFO:R0@tkref=4.9200: N of unsatisfied ieq: 2
INFO:R0@tkref=4.9200: Summary: Iteration limit exceeded after 26 it.
DEBUG:R0@tkref=4.9200: $$$$$$$$ CONFLICT LIST $$$$$$$$: []
INFO:R0: Finished motion planning
INFO:R0: --------------------------
INFO:R0: TOT: 8.12638328002
INFO:R0: NSE: 3
INFO:R0: FIR: 2.36238694191
INFO:R0: LAS: 0.975378036499
INFO:R0: LMA: 1
INFO:R0: MAX: 0.862732887268
INFO:R0: MIN: 0.862732887268
INFO:R0: AVG: 0.862732887268
INFO:R0: RMP: 0.350704425719
INFO:R0: RMG: 0.396495136788
