DEBUG:R0: Using Tc_p = 0.822222222222
DEBUG:R0: Using Tc_d = 0.822222222222
INFO:R0: Init motion planning
INFO:R0@tkref=0.0000: Time to solve stand alone optimization problem: 2.25437402725
INFO:R0@tkref=0.0000: N of unsatisfied eq: 4
INFO:R0@tkref=0.0000: N of unsatisfied ieq: 8
INFO:R0@tkref=0.0000: Summary: Iteration limit exceeded after 41 it.
DEBUG:R0@tkref=0.0000: $$$$$$$$ CONFLICT LIST $$$$$$$$: []
INFO:R0: --------------------------
INFO:R0@tkref=0.8222: Time to solve stand alone optimization problem: 0.525147914886
INFO:R0@tkref=0.8222: N of unsatisfied eq: 2
INFO:R0@tkref=0.8222: N of unsatisfied ieq: 8
INFO:R0@tkref=0.8222: Summary: Optimization terminated successfully. after 10 it.
DEBUG:R0@tkref=0.8222: $$$$$$$$ CONFLICT LIST $$$$$$$$: []
INFO:R0: --------------------------
INFO:R0@tkref=1.6444: Time to solve stand alone optimization problem: 0.421983003616
INFO:R0@tkref=1.6444: N of unsatisfied eq: 2
INFO:R0@tkref=1.6444: N of unsatisfied ieq: 8
INFO:R0@tkref=1.6444: Summary: Optimization terminated successfully. after 7 it.
DEBUG:R0@tkref=1.6444: $$$$$$$$ CONFLICT LIST $$$$$$$$: []
INFO:R0: --------------------------
INFO:R0@tkref=2.4667: Time to solve stand alone optimization problem: 0.458526134491
INFO:R0@tkref=2.4667: N of unsatisfied eq: 3
INFO:R0@tkref=2.4667: N of unsatisfied ieq: 7
INFO:R0@tkref=2.4667: Summary: Optimization terminated successfully. after 8 it.
DEBUG:R0@tkref=2.4667: $$$$$$$$ CONFLICT LIST $$$$$$$$: []
INFO:R0: --------------------------
INFO:R0@tkref=3.2889: Time to solve stand alone optimization problem: 0.289268016815
INFO:R0@tkref=3.2889: N of unsatisfied eq: 3
INFO:R0@tkref=3.2889: N of unsatisfied ieq: 7
INFO:R0@tkref=3.2889: Summary: Optimization terminated successfully. after 6 it.
DEBUG:R0@tkref=3.2889: $$$$$$$$ CONFLICT LIST $$$$$$$$: []
INFO:R0: --------------------------
INFO:R0@tkref=4.1111: Time to solve stand alone optimization problem: 0.181140899658
INFO:R0@tkref=4.1111: N of unsatisfied eq: 3
INFO:R0@tkref=4.1111: N of unsatisfied ieq: 7
INFO:R0@tkref=4.1111: Summary: Optimization terminated successfully. after 4 it.
DEBUG:R0@tkref=4.1111: $$$$$$$$ CONFLICT LIST $$$$$$$$: []
INFO:R0: --------------------------
INFO:R0@tkref=4.9333: Time to solve stand alone optimization problem: 0.136617898941
INFO:R0@tkref=4.9333: N of unsatisfied eq: 3
INFO:R0@tkref=4.9333: N of unsatisfied ieq: 8
INFO:R0@tkref=4.9333: Summary: Optimization terminated successfully. after 3 it.
DEBUG:R0@tkref=4.9333: $$$$$$$$ CONFLICT LIST $$$$$$$$: []
INFO:R0: --------------------------
INFO:R0@tkref=5.7556: Time to solve stand alone optimization problem: 0.0866911411285
INFO:R0@tkref=5.7556: N of unsatisfied eq: 3
INFO:R0@tkref=5.7556: N of unsatisfied ieq: 6
INFO:R0@tkref=5.7556: Summary: Optimization terminated successfully. after 2 it.
DEBUG:R0@tkref=5.7556: $$$$$$$$ CONFLICT LIST $$$$$$$$: []
INFO:R0: --------------------------
DEBUG:R0: LAST STEP
DEBUG:R0: Approx remaining dist: 0.770311764623
DEBUG:R0: Usual approx plan dist: 3.7
DEBUG:R0: Approx gain in dist: 2.92968823538
DEBUG:R0: Last step min dist: 0.5
INFO:R0: scale 0.208192368817 Ns 7 Nk 3
INFO:R0@tkref=6.5778: Time to solve stand alone optimization problem: 0.529922008514
INFO:R0@tkref=6.5778: N of unsatisfied eq: 10
INFO:R0@tkref=6.5778: N of unsatisfied ieq: 4
INFO:R0@tkref=6.5778: Summary: Iteration limit exceeded after 26 it.
DEBUG:R0@tkref=6.5778: $$$$$$$$ CONFLICT LIST $$$$$$$$: []
INFO:R0: Finished motion planning
INFO:R0: --------------------------
INFO:R0: TOT: 7.44373738447
INFO:R0: NSE: 9
INFO:R0: FIR: 2.25639200211
INFO:R0: LAS: 0.530892133713
INFO:R0: LMA: 1
INFO:R0: MAX: 0.526329994202
INFO:R0: MIN: 0.0876250267029
INFO:R0: AVG: 0.300984007972
INFO:R0: RMP: 0.640131074029
INFO:R0: RMG: 0.645679622083
