DEBUG:R0: Using Tc_p = 0.727272727273
DEBUG:R0: Using Tc_d = 0.727272727273
INFO:R0: Init motion planning
INFO:R0@tkref=0.0000: Time to solve stand alone optimization problem: 1.52581620216
INFO:R0@tkref=0.0000: N of unsatisfied eq: 5
INFO:R0@tkref=0.0000: N of unsatisfied ieq: 7
INFO:R0@tkref=0.0000: Summary: Iteration limit exceeded after 41 it.
DEBUG:R0@tkref=0.0000: $$$$$$$$ CONFLICT LIST $$$$$$$$: []
INFO:R0: --------------------------
INFO:R0@tkref=0.7273: Time to solve stand alone optimization problem: 0.248653888702
INFO:R0@tkref=0.7273: N of unsatisfied eq: 2
INFO:R0@tkref=0.7273: N of unsatisfied ieq: 7
INFO:R0@tkref=0.7273: Summary: Optimization terminated successfully. after 7 it.
DEBUG:R0@tkref=0.7273: $$$$$$$$ CONFLICT LIST $$$$$$$$: []
INFO:R0: --------------------------
INFO:R0@tkref=1.4545: Time to solve stand alone optimization problem: 0.329694032669
INFO:R0@tkref=1.4545: N of unsatisfied eq: 2
INFO:R0@tkref=1.4545: N of unsatisfied ieq: 6
INFO:R0@tkref=1.4545: Summary: Optimization terminated successfully. after 8 it.
DEBUG:R0@tkref=1.4545: $$$$$$$$ CONFLICT LIST $$$$$$$$: []
INFO:R0: --------------------------
INFO:R0@tkref=2.1818: Time to solve stand alone optimization problem: 0.334077835083
INFO:R0@tkref=2.1818: N of unsatisfied eq: 3
INFO:R0@tkref=2.1818: N of unsatisfied ieq: 7
INFO:R0@tkref=2.1818: Summary: Optimization terminated successfully. after 8 it.
DEBUG:R0@tkref=2.1818: $$$$$$$$ CONFLICT LIST $$$$$$$$: []
INFO:R0: --------------------------
INFO:R0@tkref=2.9091: Time to solve stand alone optimization problem: 0.293389797211
INFO:R0@tkref=2.9091: N of unsatisfied eq: 3
INFO:R0@tkref=2.9091: N of unsatisfied ieq: 5
INFO:R0@tkref=2.9091: Summary: Optimization terminated successfully. after 7 it.
DEBUG:R0@tkref=2.9091: $$$$$$$$ CONFLICT LIST $$$$$$$$: []
INFO:R0: --------------------------
INFO:R0@tkref=3.6364: Time to solve stand alone optimization problem: 0.170047044754
INFO:R0@tkref=3.6364: N of unsatisfied eq: 2
INFO:R0@tkref=3.6364: N of unsatisfied ieq: 6
INFO:R0@tkref=3.6364: Summary: Optimization terminated successfully. after 4 it.
DEBUG:R0@tkref=3.6364: $$$$$$$$ CONFLICT LIST $$$$$$$$: []
INFO:R0: --------------------------
INFO:R0@tkref=4.3636: Time to solve stand alone optimization problem: 0.292512893677
INFO:R0@tkref=4.3636: N of unsatisfied eq: 3
INFO:R0@tkref=4.3636: N of unsatisfied ieq: 5
INFO:R0@tkref=4.3636: Summary: Optimization terminated successfully. after 7 it.
DEBUG:R0@tkref=4.3636: $$$$$$$$ CONFLICT LIST $$$$$$$$: []
INFO:R0: --------------------------
INFO:R0@tkref=5.0909: Time to solve stand alone optimization problem: 0.128780126572
INFO:R0@tkref=5.0909: N of unsatisfied eq: 3
INFO:R0@tkref=5.0909: N of unsatisfied ieq: 6
INFO:R0@tkref=5.0909: Summary: Optimization terminated successfully. after 3 it.
DEBUG:R0@tkref=5.0909: $$$$$$$$ CONFLICT LIST $$$$$$$$: []
INFO:R0: --------------------------
INFO:R0@tkref=5.8182: Time to solve stand alone optimization problem: 0.0873670578003
INFO:R0@tkref=5.8182: N of unsatisfied eq: 3
INFO:R0@tkref=5.8182: N of unsatisfied ieq: 6
INFO:R0@tkref=5.8182: Summary: Optimization terminated successfully. after 2 it.
DEBUG:R0@tkref=5.8182: $$$$$$$$ CONFLICT LIST $$$$$$$$: []
INFO:R0: --------------------------
DEBUG:R0: LAST STEP
DEBUG:R0: Approx remaining dist: 1.04722151319
DEBUG:R0: Usual approx plan dist: 4.0
DEBUG:R0: Approx gain in dist: 2.95277848681
DEBUG:R0: Last step min dist: 0.5
INFO:R0: scale 0.261805378298 Ns 7 Nk 3
INFO:R0@tkref=6.5455: Time to solve stand alone optimization problem: 0.502885103226
INFO:R0@tkref=6.5455: N of unsatisfied eq: 10
INFO:R0@tkref=6.5455: N of unsatisfied ieq: 4
INFO:R0@tkref=6.5455: Summary: Iteration limit exceeded after 26 it.
DEBUG:R0@tkref=6.5455: $$$$$$$$ CONFLICT LIST $$$$$$$$: []
INFO:R0: Finished motion planning
INFO:R0: --------------------------
INFO:R0: TOT: 7.71587427221
INFO:R0: NSE: 10
INFO:R0: FIR: 1.52763986588
INFO:R0: LAS: 0.503721952438
INFO:R0: LMA: 1
INFO:R0: MAX: 0.334909915924
INFO:R0: MIN: 0.088189125061
INFO:R0: AVG: 0.236462891102
INFO:R0: RMP: 0.460501134396
INFO:R0: RMG: 0.692617684603
