DEBUG:R0: Using Tc_p = 3.34545454545
DEBUG:R0: Using Tc_d = 3.34545454545
INFO:R0: Init motion planning
INFO:R0@tkref=0.0000: Time to solve stand alone optimization problem: 0.955446004868
INFO:R0@tkref=0.0000: N of unsatisfied eq: 4
INFO:R0@tkref=0.0000: N of unsatisfied ieq: 8
INFO:R0@tkref=0.0000: Summary: Iteration limit exceeded after 41 it.
DEBUG:R0@tkref=0.0000: $$$$$$$$ CONFLICT LIST $$$$$$$$: []
INFO:R0: --------------------------
INFO:R0@tkref=3.3455: Time to solve stand alone optimization problem: 0.0243082046509
INFO:R0@tkref=3.3455: N of unsatisfied eq: 3
INFO:R0@tkref=3.3455: N of unsatisfied ieq: 2
INFO:R0@tkref=3.3455: Summary: Optimization terminated successfully. after 1 it.
DEBUG:R0@tkref=3.3455: $$$$$$$$ CONFLICT LIST $$$$$$$$: []
INFO:R0: --------------------------
DEBUG:R0: LAST STEP
DEBUG:R0: Approx remaining dist: 0.607186517513
DEBUG:R0: Usual approx plan dist: 4.6
DEBUG:R0: Approx gain in dist: 3.99281348249
DEBUG:R0: Last step min dist: 0.5
INFO:R0: scale 0.131997069025 Ns 7 Nk 3
INFO:R0@tkref=6.6909: Time to solve stand alone optimization problem: 0.356767177582
INFO:R0@tkref=6.6909: N of unsatisfied eq: 10
INFO:R0@tkref=6.6909: N of unsatisfied ieq: 4
INFO:R0@tkref=6.6909: Summary: Iteration limit exceeded after 26 it.
DEBUG:R0@tkref=6.6909: $$$$$$$$ CONFLICT LIST $$$$$$$$: []
INFO:R0: Finished motion planning
INFO:R0: --------------------------
INFO:R0: TOT: 7.37327396139
INFO:R0: NSE: 3
INFO:R0: FIR: 0.956705093384
INFO:R0: LAS: 0.357495069504
INFO:R0: LMA: 1
INFO:R0: MAX: 0.0249888896942
INFO:R0: MIN: 0.0249888896942
INFO:R0: AVG: 0.0249888896942
INFO:R0: RMP: 0.00746950507164
INFO:R0: RMG: 0.106859939254
