DEBUG:R0: Using Tc_p = 1.55
DEBUG:R0: Using Tc_d = 1.55
INFO:R0: Init motion planning
INFO:R0@tkref=0.0000: Time to solve stand alone optimization problem: 1.0311820507
INFO:R0@tkref=0.0000: N of unsatisfied eq: 5
INFO:R0@tkref=0.0000: N of unsatisfied ieq: 6
INFO:R0@tkref=0.0000: Summary: Iteration limit exceeded after 41 it.
DEBUG:R0@tkref=0.0000: $$$$$$$$ CONFLICT LIST $$$$$$$$: []
INFO:R0: --------------------------
INFO:R0@tkref=1.5500: Time to solve stand alone optimization problem: 0.0271208286285
INFO:R0@tkref=1.5500: N of unsatisfied eq: 3
INFO:R0@tkref=1.5500: N of unsatisfied ieq: 3
INFO:R0@tkref=1.5500: Summary: Optimization terminated successfully. after 1 it.
DEBUG:R0@tkref=1.5500: $$$$$$$$ CONFLICT LIST $$$$$$$$: []
INFO:R0: --------------------------
INFO:R0@tkref=3.1000: Time to solve stand alone optimization problem: 0.0246980190277
INFO:R0@tkref=3.1000: N of unsatisfied eq: 4
INFO:R0@tkref=3.1000: N of unsatisfied ieq: 7
INFO:R0@tkref=3.1000: Summary: Optimization terminated successfully. after 1 it.
DEBUG:R0@tkref=3.1000: $$$$$$$$ CONFLICT LIST $$$$$$$$: []
INFO:R0: --------------------------
INFO:R0@tkref=4.6500: Time to solve stand alone optimization problem: 0.0249218940735
INFO:R0@tkref=4.6500: N of unsatisfied eq: 4
INFO:R0@tkref=4.6500: N of unsatisfied ieq: 7
INFO:R0@tkref=4.6500: Summary: Optimization terminated successfully. after 1 it.
DEBUG:R0@tkref=4.6500: $$$$$$$$ CONFLICT LIST $$$$$$$$: []
INFO:R0: --------------------------
DEBUG:R0: LAST STEP
DEBUG:R0: Approx remaining dist: 0.93422388071
DEBUG:R0: Usual approx plan dist: 3.1
DEBUG:R0: Approx gain in dist: 2.16577611929
DEBUG:R0: Last step min dist: 0.5
INFO:R0: scale 0.301362542165 Ns 7 Nk 3
INFO:R0@tkref=6.2000: Time to solve stand alone optimization problem: 0.369437932968
INFO:R0@tkref=6.2000: N of unsatisfied eq: 10
INFO:R0@tkref=6.2000: N of unsatisfied ieq: 4
INFO:R0@tkref=6.2000: Summary: Iteration limit exceeded after 26 it.
DEBUG:R0@tkref=6.2000: $$$$$$$$ CONFLICT LIST $$$$$$$$: []
INFO:R0: Finished motion planning
INFO:R0: --------------------------
INFO:R0: TOT: 7.24992273377
INFO:R0: NSE: 5
INFO:R0: FIR: 1.03266596794
INFO:R0: LAS: 0.370156049728
INFO:R0: LMA: 1
INFO:R0: MAX: 0.0278561115265
INFO:R0: MIN: 0.0253701210022
INFO:R0: AVG: 0.0262690385183
INFO:R0: RMP: 0.0179716848558
INFO:R0: RMG: 0.238810354663
