DEBUG:R0: Using Tc_p = 0.47
DEBUG:R0: Using Tc_d = 0.47
INFO:R0: Init motion planning
INFO:R0@tkref=0.0000: Time to solve stand alone optimization problem: 0.988622903824
INFO:R0@tkref=0.0000: N of unsatisfied eq: 5
INFO:R0@tkref=0.0000: N of unsatisfied ieq: 6
INFO:R0@tkref=0.0000: Summary: Iteration limit exceeded after 41 it.
DEBUG:R0@tkref=0.0000: $$$$$$$$ CONFLICT LIST $$$$$$$$: []
INFO:R0: --------------------------
INFO:R0@tkref=0.4700: Time to solve stand alone optimization problem: 0.146111965179
INFO:R0@tkref=0.4700: N of unsatisfied eq: 3
INFO:R0@tkref=0.4700: N of unsatisfied ieq: 7
INFO:R0@tkref=0.4700: Summary: Optimization terminated successfully. after 6 it.
DEBUG:R0@tkref=0.4700: $$$$$$$$ CONFLICT LIST $$$$$$$$: []
INFO:R0: --------------------------
INFO:R0@tkref=0.9400: Time to solve stand alone optimization problem: 0.02543592453
INFO:R0@tkref=0.9400: N of unsatisfied eq: 3
INFO:R0@tkref=0.9400: N of unsatisfied ieq: 6
INFO:R0@tkref=0.9400: Summary: Optimization terminated successfully. after 1 it.
DEBUG:R0@tkref=0.9400: $$$$$$$$ CONFLICT LIST $$$$$$$$: []
INFO:R0: --------------------------
INFO:R0@tkref=1.4100: Time to solve stand alone optimization problem: 0.0254981517792
INFO:R0@tkref=1.4100: N of unsatisfied eq: 3
INFO:R0@tkref=1.4100: N of unsatisfied ieq: 5
INFO:R0@tkref=1.4100: Summary: Optimization terminated successfully. after 1 it.
DEBUG:R0@tkref=1.4100: $$$$$$$$ CONFLICT LIST $$$$$$$$: []
INFO:R0: --------------------------
INFO:R0@tkref=1.8800: Time to solve stand alone optimization problem: 0.0251700878143
INFO:R0@tkref=1.8800: N of unsatisfied eq: 3
INFO:R0@tkref=1.8800: N of unsatisfied ieq: 5
INFO:R0@tkref=1.8800: Summary: Optimization terminated successfully. after 1 it.
DEBUG:R0@tkref=1.8800: $$$$$$$$ CONFLICT LIST $$$$$$$$: []
INFO:R0: --------------------------
INFO:R0@tkref=2.3500: Time to solve stand alone optimization problem: 0.025465965271
INFO:R0@tkref=2.3500: N of unsatisfied eq: 3
INFO:R0@tkref=2.3500: N of unsatisfied ieq: 8
INFO:R0@tkref=2.3500: Summary: Optimization terminated successfully. after 1 it.
DEBUG:R0@tkref=2.3500: $$$$$$$$ CONFLICT LIST $$$$$$$$: []
INFO:R0: --------------------------
INFO:R0@tkref=2.8200: Time to solve stand alone optimization problem: 0.0259230136871
INFO:R0@tkref=2.8200: N of unsatisfied eq: 3
INFO:R0@tkref=2.8200: N of unsatisfied ieq: 1
INFO:R0@tkref=2.8200: Summary: Optimization terminated successfully. after 1 it.
DEBUG:R0@tkref=2.8200: $$$$$$$$ CONFLICT LIST $$$$$$$$: []
INFO:R0: --------------------------
INFO:R0@tkref=3.2900: Time to solve stand alone optimization problem: 0.0248959064484
INFO:R0@tkref=3.2900: N of unsatisfied eq: 5
INFO:R0@tkref=3.2900: N of unsatisfied ieq: 6
INFO:R0@tkref=3.2900: Summary: Optimization terminated successfully. after 1 it.
DEBUG:R0@tkref=3.2900: $$$$$$$$ CONFLICT LIST $$$$$$$$: []
INFO:R0: --------------------------
INFO:R0@tkref=3.7600: Time to solve stand alone optimization problem: 0.0245978832245
INFO:R0@tkref=3.7600: N of unsatisfied eq: 4
INFO:R0@tkref=3.7600: N of unsatisfied ieq: 6
INFO:R0@tkref=3.7600: Summary: Optimization terminated successfully. after 1 it.
DEBUG:R0@tkref=3.7600: $$$$$$$$ CONFLICT LIST $$$$$$$$: []
INFO:R0: --------------------------
INFO:R0@tkref=4.2300: Time to solve stand alone optimization problem: 0.0245869159698
INFO:R0@tkref=4.2300: N of unsatisfied eq: 3
INFO:R0@tkref=4.2300: N of unsatisfied ieq: 6
INFO:R0@tkref=4.2300: Summary: Optimization terminated successfully. after 1 it.
DEBUG:R0@tkref=4.2300: $$$$$$$$ CONFLICT LIST $$$$$$$$: []
INFO:R0: --------------------------
INFO:R0@tkref=4.7000: Time to solve stand alone optimization problem: 0.0245609283447
INFO:R0@tkref=4.7000: N of unsatisfied eq: 5
INFO:R0@tkref=4.7000: N of unsatisfied ieq: 7
INFO:R0@tkref=4.7000: Summary: Optimization terminated successfully. after 1 it.
DEBUG:R0@tkref=4.7000: $$$$$$$$ CONFLICT LIST $$$$$$$$: []
INFO:R0: --------------------------
INFO:R0@tkref=5.1700: Time to solve stand alone optimization problem: 0.0245079994202
INFO:R0@tkref=5.1700: N of unsatisfied eq: 4
INFO:R0@tkref=5.1700: N of unsatisfied ieq: 4
INFO:R0@tkref=5.1700: Summary: Optimization terminated successfully. after 1 it.
DEBUG:R0@tkref=5.1700: $$$$$$$$ CONFLICT LIST $$$$$$$$: []
INFO:R0: --------------------------
INFO:R0@tkref=5.6400: Time to solve stand alone optimization problem: 0.0243389606476
INFO:R0@tkref=5.6400: N of unsatisfied eq: 5
INFO:R0@tkref=5.6400: N of unsatisfied ieq: 5
INFO:R0@tkref=5.6400: Summary: Optimization terminated successfully. after 1 it.
DEBUG:R0@tkref=5.6400: $$$$$$$$ CONFLICT LIST $$$$$$$$: []
INFO:R0: --------------------------
DEBUG:R0: LAST STEP
DEBUG:R0: Approx remaining dist: 1.08416946739
DEBUG:R0: Usual approx plan dist: 4.7
DEBUG:R0: Approx gain in dist: 3.61583053261
DEBUG:R0: Last step min dist: 0.5
INFO:R0: scale 0.230674354763 Ns 7 Nk 3
INFO:R0@tkref=6.1100: Time to solve stand alone optimization problem: 0.362793207169
INFO:R0@tkref=6.1100: N of unsatisfied eq: 10
INFO:R0@tkref=6.1100: N of unsatisfied ieq: 4
INFO:R0@tkref=6.1100: Summary: Iteration limit exceeded after 26 it.
DEBUG:R0@tkref=6.1100: $$$$$$$$ CONFLICT LIST $$$$$$$$: []
INFO:R0: Finished motion planning
INFO:R0: --------------------------
INFO:R0: TOT: 7.32845181718
INFO:R0: NSE: 14
INFO:R0: FIR: 0.990175962448
INFO:R0: LAS: 0.363656044006
INFO:R0: LMA: 1
INFO:R0: MAX: 0.146802186966
INFO:R0: MIN: 0.0249969959259
INFO:R0: AVG: 0.0357827941577
INFO:R0: RMP: 0.312345078651
INFO:R0: RMG: 0.773736263843
