DEBUG:R0: Using Tc_p = 2.08888888889
DEBUG:R0: Using Tc_d = 2.08888888889
INFO:R0: Init motion planning
INFO:R0@tkref=0.0000: Time to solve stand alone optimization problem: 0.947916030884
INFO:R0@tkref=0.0000: N of unsatisfied eq: 5
INFO:R0@tkref=0.0000: N of unsatisfied ieq: 6
INFO:R0@tkref=0.0000: Summary: Iteration limit exceeded after 41 it.
DEBUG:R0@tkref=0.0000: $$$$$$$$ CONFLICT LIST $$$$$$$$: []
INFO:R0: --------------------------
INFO:R0@tkref=2.0889: Time to solve stand alone optimization problem: 0.0249111652374
INFO:R0@tkref=2.0889: N of unsatisfied eq: 3
INFO:R0@tkref=2.0889: N of unsatisfied ieq: 6
INFO:R0@tkref=2.0889: Summary: Optimization terminated successfully. after 1 it.
DEBUG:R0@tkref=2.0889: $$$$$$$$ CONFLICT LIST $$$$$$$$: []
INFO:R0: --------------------------
INFO:R0@tkref=4.1778: Time to solve stand alone optimization problem: 0.0240271091461
INFO:R0@tkref=4.1778: N of unsatisfied eq: 4
INFO:R0@tkref=4.1778: N of unsatisfied ieq: 5
INFO:R0@tkref=4.1778: Summary: Optimization terminated successfully. after 1 it.
DEBUG:R0@tkref=4.1778: $$$$$$$$ CONFLICT LIST $$$$$$$$: []
INFO:R0: --------------------------
DEBUG:R0: LAST STEP
DEBUG:R0: Approx remaining dist: 0.939763299522
DEBUG:R0: Usual approx plan dist: 4.7
DEBUG:R0: Approx gain in dist: 3.76023670048
DEBUG:R0: Last step min dist: 0.5
INFO:R0: scale 0.199949638196 Ns 7 Nk 3
INFO:R0@tkref=6.2667: Time to solve stand alone optimization problem: 0.365263938904
INFO:R0@tkref=6.2667: N of unsatisfied eq: 10
INFO:R0@tkref=6.2667: N of unsatisfied ieq: 4
INFO:R0@tkref=6.2667: Summary: Iteration limit exceeded after 26 it.
DEBUG:R0@tkref=6.2667: $$$$$$$$ CONFLICT LIST $$$$$$$$: []
INFO:R0: Finished motion planning
INFO:R0: --------------------------
INFO:R0: TOT: 7.32281456033
INFO:R0: NSE: 4
INFO:R0: FIR: 0.949148893356
INFO:R0: LAS: 0.36598110199
INFO:R0: LMA: 1
INFO:R0: MAX: 0.0256581306458
INFO:R0: MIN: 0.0248010158539
INFO:R0: AVG: 0.0252295732498
INFO:R0: RMP: 0.0122831476496
INFO:R0: RMG: 0.175203719038
