DEBUG:R0: Using Tc_p = 3.18181818182
DEBUG:R0: Using Tc_d = 3.18181818182
INFO:R0: Init motion planning
INFO:R0@tkref=0.0000: Time to solve stand alone optimization problem: 0.951153993607
INFO:R0@tkref=0.0000: N of unsatisfied eq: 3
INFO:R0@tkref=0.0000: N of unsatisfied ieq: 8
INFO:R0@tkref=0.0000: Summary: Iteration limit exceeded after 41 it.
DEBUG:R0@tkref=0.0000: $$$$$$$$ CONFLICT LIST $$$$$$$$: []
INFO:R0: --------------------------
INFO:R0@tkref=3.1818: Time to solve stand alone optimization problem: 0.0245587825775
INFO:R0@tkref=3.1818: N of unsatisfied eq: 3
INFO:R0@tkref=3.1818: N of unsatisfied ieq: 2
INFO:R0@tkref=3.1818: Summary: Optimization terminated successfully. after 1 it.
DEBUG:R0@tkref=3.1818: $$$$$$$$ CONFLICT LIST $$$$$$$$: []
INFO:R0: --------------------------
DEBUG:R0: LAST STEP
DEBUG:R0: Approx remaining dist: 0.960493370807
DEBUG:R0: Usual approx plan dist: 5.0
DEBUG:R0: Approx gain in dist: 4.03950662919
DEBUG:R0: Last step min dist: 0.5
INFO:R0: scale 0.192098674161 Ns 7 Nk 3
INFO:R0@tkref=6.3636: Time to solve stand alone optimization problem: 0.364981174469
INFO:R0@tkref=6.3636: N of unsatisfied eq: 10
INFO:R0@tkref=6.3636: N of unsatisfied ieq: 4
INFO:R0@tkref=6.3636: Summary: Iteration limit exceeded after 26 it.
DEBUG:R0@tkref=6.3636: $$$$$$$$ CONFLICT LIST $$$$$$$$: []
INFO:R0: Finished motion planning
INFO:R0: --------------------------
INFO:R0: TOT: 7.44308202044
INFO:R0: NSE: 3
INFO:R0: FIR: 0.952659130096
INFO:R0: LAS: 0.365741968155
INFO:R0: LMA: 1
INFO:R0: MAX: 0.0252289772034
INFO:R0: MIN: 0.0252289772034
INFO:R0: AVG: 0.0252289772034
INFO:R0: RMP: 0.00792910712106
INFO:R0: RMG: 0.114947475706
