DEBUG:R0: Using Tc_p = 0.34
DEBUG:R0: Using Tc_d = 0.34
INFO:R0: Init motion planning
INFO:R0@tkref=0.0000: Time to solve stand alone optimization problem: 0.90918803215
INFO:R0@tkref=0.0000: N of unsatisfied eq: 5
INFO:R0@tkref=0.0000: N of unsatisfied ieq: 9
INFO:R0@tkref=0.0000: Summary: Iteration limit exceeded after 41 it.
DEBUG:R0@tkref=0.0000: $$$$$$$$ CONFLICT LIST $$$$$$$$: []
INFO:R0: --------------------------
INFO:R0@tkref=0.3400: Time to solve stand alone optimization problem: 0.0442199707031
INFO:R0@tkref=0.3400: N of unsatisfied eq: 3
INFO:R0@tkref=0.3400: N of unsatisfied ieq: 9
INFO:R0@tkref=0.3400: Summary: Optimization terminated successfully. after 2 it.
DEBUG:R0@tkref=0.3400: $$$$$$$$ CONFLICT LIST $$$$$$$$: []
INFO:R0: --------------------------
INFO:R0@tkref=0.6800: Time to solve stand alone optimization problem: 0.0443439483643
INFO:R0@tkref=0.6800: N of unsatisfied eq: 3
INFO:R0@tkref=0.6800: N of unsatisfied ieq: 9
INFO:R0@tkref=0.6800: Summary: Optimization terminated successfully. after 2 it.
DEBUG:R0@tkref=0.6800: $$$$$$$$ CONFLICT LIST $$$$$$$$: []
INFO:R0: --------------------------
INFO:R0@tkref=1.0200: Time to solve stand alone optimization problem: 0.0430560112
INFO:R0@tkref=1.0200: N of unsatisfied eq: 3
INFO:R0@tkref=1.0200: N of unsatisfied ieq: 6
INFO:R0@tkref=1.0200: Summary: Optimization terminated successfully. after 2 it.
DEBUG:R0@tkref=1.0200: $$$$$$$$ CONFLICT LIST $$$$$$$$: []
INFO:R0: --------------------------
INFO:R0@tkref=1.3600: Time to solve stand alone optimization problem: 0.0429501533508
INFO:R0@tkref=1.3600: N of unsatisfied eq: 3
INFO:R0@tkref=1.3600: N of unsatisfied ieq: 6
INFO:R0@tkref=1.3600: Summary: Optimization terminated successfully. after 2 it.
DEBUG:R0@tkref=1.3600: $$$$$$$$ CONFLICT LIST $$$$$$$$: []
INFO:R0: --------------------------
INFO:R0@tkref=1.7000: Time to solve stand alone optimization problem: 0.0230948925018
INFO:R0@tkref=1.7000: N of unsatisfied eq: 3
INFO:R0@tkref=1.7000: N of unsatisfied ieq: 7
INFO:R0@tkref=1.7000: Summary: Optimization terminated successfully. after 1 it.
DEBUG:R0@tkref=1.7000: $$$$$$$$ CONFLICT LIST $$$$$$$$: []
INFO:R0: --------------------------
INFO:R0@tkref=2.0400: Time to solve stand alone optimization problem: 0.0243611335754
INFO:R0@tkref=2.0400: N of unsatisfied eq: 3
INFO:R0@tkref=2.0400: N of unsatisfied ieq: 5
INFO:R0@tkref=2.0400: Summary: Optimization terminated successfully. after 1 it.
DEBUG:R0@tkref=2.0400: $$$$$$$$ CONFLICT LIST $$$$$$$$: []
INFO:R0: --------------------------
INFO:R0@tkref=2.3800: Time to solve stand alone optimization problem: 0.024002790451
INFO:R0@tkref=2.3800: N of unsatisfied eq: 3
INFO:R0@tkref=2.3800: N of unsatisfied ieq: 8
INFO:R0@tkref=2.3800: Summary: Optimization terminated successfully. after 1 it.
DEBUG:R0@tkref=2.3800: $$$$$$$$ CONFLICT LIST $$$$$$$$: []
INFO:R0: --------------------------
INFO:R0@tkref=2.7200: Time to solve stand alone optimization problem: 0.0217459201813
INFO:R0@tkref=2.7200: N of unsatisfied eq: 4
INFO:R0@tkref=2.7200: N of unsatisfied ieq: 5
INFO:R0@tkref=2.7200: Summary: Optimization terminated successfully. after 1 it.
DEBUG:R0@tkref=2.7200: $$$$$$$$ CONFLICT LIST $$$$$$$$: []
INFO:R0: --------------------------
INFO:R0@tkref=3.0600: Time to solve stand alone optimization problem: 0.0217659473419
INFO:R0@tkref=3.0600: N of unsatisfied eq: 4
INFO:R0@tkref=3.0600: N of unsatisfied ieq: 6
INFO:R0@tkref=3.0600: Summary: Optimization terminated successfully. after 1 it.
DEBUG:R0@tkref=3.0600: $$$$$$$$ CONFLICT LIST $$$$$$$$: []
INFO:R0: --------------------------
INFO:R0@tkref=3.4000: Time to solve stand alone optimization problem: 0.021812915802
INFO:R0@tkref=3.4000: N of unsatisfied eq: 4
INFO:R0@tkref=3.4000: N of unsatisfied ieq: 8
INFO:R0@tkref=3.4000: Summary: Optimization terminated successfully. after 1 it.
DEBUG:R0@tkref=3.4000: $$$$$$$$ CONFLICT LIST $$$$$$$$: []
INFO:R0: --------------------------
INFO:R0@tkref=3.7400: Time to solve stand alone optimization problem: 0.0218908786774
INFO:R0@tkref=3.7400: N of unsatisfied eq: 4
INFO:R0@tkref=3.7400: N of unsatisfied ieq: 6
INFO:R0@tkref=3.7400: Summary: Optimization terminated successfully. after 1 it.
DEBUG:R0@tkref=3.7400: $$$$$$$$ CONFLICT LIST $$$$$$$$: []
INFO:R0: --------------------------
INFO:R0@tkref=4.0800: Time to solve stand alone optimization problem: 0.021950006485
INFO:R0@tkref=4.0800: N of unsatisfied eq: 5
INFO:R0@tkref=4.0800: N of unsatisfied ieq: 5
INFO:R0@tkref=4.0800: Summary: Optimization terminated successfully. after 1 it.
DEBUG:R0@tkref=4.0800: $$$$$$$$ CONFLICT LIST $$$$$$$$: []
INFO:R0: --------------------------
INFO:R0@tkref=4.4200: Time to solve stand alone optimization problem: 0.0220029354095
INFO:R0@tkref=4.4200: N of unsatisfied eq: 5
INFO:R0@tkref=4.4200: N of unsatisfied ieq: 5
INFO:R0@tkref=4.4200: Summary: Optimization terminated successfully. after 1 it.
DEBUG:R0@tkref=4.4200: $$$$$$$$ CONFLICT LIST $$$$$$$$: []
INFO:R0: --------------------------
INFO:R0@tkref=4.7600: Time to solve stand alone optimization problem: 0.0220241546631
INFO:R0@tkref=4.7600: N of unsatisfied eq: 4
INFO:R0@tkref=4.7600: N of unsatisfied ieq: 5
INFO:R0@tkref=4.7600: Summary: Optimization terminated successfully. after 1 it.
DEBUG:R0@tkref=4.7600: $$$$$$$$ CONFLICT LIST $$$$$$$$: []
INFO:R0: --------------------------
INFO:R0@tkref=5.1000: Time to solve stand alone optimization problem: 0.0219421386719
INFO:R0@tkref=5.1000: N of unsatisfied eq: 4
INFO:R0@tkref=5.1000: N of unsatisfied ieq: 7
INFO:R0@tkref=5.1000: Summary: Optimization terminated successfully. after 1 it.
DEBUG:R0@tkref=5.1000: $$$$$$$$ CONFLICT LIST $$$$$$$$: []
INFO:R0: --------------------------
INFO:R0@tkref=5.4400: Time to solve stand alone optimization problem: 0.021791934967
INFO:R0@tkref=5.4400: N of unsatisfied eq: 5
INFO:R0@tkref=5.4400: N of unsatisfied ieq: 5
INFO:R0@tkref=5.4400: Summary: Optimization terminated successfully. after 1 it.
DEBUG:R0@tkref=5.4400: $$$$$$$$ CONFLICT LIST $$$$$$$$: []
INFO:R0: --------------------------
INFO:R0@tkref=5.7800: Time to solve stand alone optimization problem: 0.021980047226
INFO:R0@tkref=5.7800: N of unsatisfied eq: 2
INFO:R0@tkref=5.7800: N of unsatisfied ieq: 5
INFO:R0@tkref=5.7800: Summary: Optimization terminated successfully. after 1 it.
DEBUG:R0@tkref=5.7800: $$$$$$$$ CONFLICT LIST $$$$$$$$: []
INFO:R0: --------------------------
INFO:R0@tkref=6.1200: Time to solve stand alone optimization problem: 0.0224242210388
INFO:R0@tkref=6.1200: N of unsatisfied eq: 4
INFO:R0@tkref=6.1200: N of unsatisfied ieq: 7
INFO:R0@tkref=6.1200: Summary: Optimization terminated successfully. after 1 it.
DEBUG:R0@tkref=6.1200: $$$$$$$$ CONFLICT LIST $$$$$$$$: []
INFO:R0: --------------------------
INFO:R0@tkref=6.4600: Time to solve stand alone optimization problem: 0.0219819545746
INFO:R0@tkref=6.4600: N of unsatisfied eq: 3
INFO:R0@tkref=6.4600: N of unsatisfied ieq: 7
INFO:R0@tkref=6.4600: Summary: Optimization terminated successfully. after 1 it.
DEBUG:R0@tkref=6.4600: $$$$$$$$ CONFLICT LIST $$$$$$$$: []
INFO:R0: --------------------------
DEBUG:R0: LAST STEP
DEBUG:R0: Approx remaining dist: 0.464273681339
DEBUG:R0: Usual approx plan dist: 3.4
DEBUG:R0: Approx gain in dist: 2.93572631866
DEBUG:R0: Last step min dist: 0.5
INFO:R0: scale 0.136551082747 Ns 7 Nk 3
INFO:R0@tkref=6.8000: Time to solve stand alone optimization problem: 0.360677957535
INFO:R0@tkref=6.8000: N of unsatisfied eq: 10
INFO:R0@tkref=6.8000: N of unsatisfied ieq: 4
INFO:R0@tkref=6.8000: Summary: Iteration limit exceeded after 26 it.
DEBUG:R0@tkref=6.8000: $$$$$$$$ CONFLICT LIST $$$$$$$$: []
INFO:R0: Finished motion planning
INFO:R0: --------------------------
INFO:R0: TOT: 7.32175150625
INFO:R0: NSE: 21
INFO:R0: FIR: 0.910604953766
INFO:R0: LAS: 0.361449956894
INFO:R0: LMA: 1
INFO:R0: MAX: 0.045166015625
INFO:R0: MIN: 0.0223948955536
INFO:R0: AVG: 0.0274842161881
INFO:R0: RMP: 0.132841222426
INFO:R0: RMG: 1.06308810851
