DEBUG:R0: Using Tc_p = 2.17777777778
DEBUG:R0: Using Tc_d = 2.17777777778
INFO:R0: Init motion planning
INFO:R0@tkref=0.0000: Time to solve stand alone optimization problem: 0.936695098877
INFO:R0@tkref=0.0000: N of unsatisfied eq: 4
INFO:R0@tkref=0.0000: N of unsatisfied ieq: 6
INFO:R0@tkref=0.0000: Summary: Iteration limit exceeded after 41 it.
DEBUG:R0@tkref=0.0000: $$$$$$$$ CONFLICT LIST $$$$$$$$: []
INFO:R0: --------------------------
INFO:R0@tkref=2.1778: Time to solve stand alone optimization problem: 0.0239329338074
INFO:R0@tkref=2.1778: N of unsatisfied eq: 3
INFO:R0@tkref=2.1778: N of unsatisfied ieq: 4
INFO:R0@tkref=2.1778: Summary: Optimization terminated successfully. after 1 it.
DEBUG:R0@tkref=2.1778: $$$$$$$$ CONFLICT LIST $$$$$$$$: []
INFO:R0: --------------------------
DEBUG:R0: LAST STEP
DEBUG:R0: Approx remaining dist: 2.76751767206
DEBUG:R0: Usual approx plan dist: 2.8
DEBUG:R0: Approx gain in dist: 0.0324823279361
DEBUG:R0: Last step min dist: 0.5
INFO:R0: scale 0.988399168594 Ns 10 Nk 6
INFO:R0@tkref=4.3556: Time to solve stand alone optimization problem: 0.600054979324
INFO:R0@tkref=4.3556: N of unsatisfied eq: 10
INFO:R0@tkref=4.3556: N of unsatisfied ieq: 6
INFO:R0@tkref=4.3556: Summary: Iteration limit exceeded after 26 it.
DEBUG:R0@tkref=4.3556: $$$$$$$$ CONFLICT LIST $$$$$$$$: []
INFO:R0: Finished motion planning
INFO:R0: --------------------------
INFO:R0: TOT: 7.24370857917
INFO:R0: NSE: 3
INFO:R0: FIR: 0.938030958176
INFO:R0: LAS: 0.60081911087
INFO:R0: LMA: 1
INFO:R0: MAX: 0.0245881080627
INFO:R0: MIN: 0.0245881080627
INFO:R0: AVG: 0.0245881080627
INFO:R0: RMP: 0.0112904577839
INFO:R0: RMG: 0.27588632642
