DEBUG:R0: Using Tc_p = 1.23333333333
DEBUG:R0: Using Tc_d = 1.23333333333
INFO:R0: Init motion planning
INFO:R0@tkref=0.0000: Time to solve stand alone optimization problem: 1.42406105995
INFO:R0@tkref=0.0000: N of unsatisfied eq: 5
INFO:R0@tkref=0.0000: N of unsatisfied ieq: 7
INFO:R0@tkref=0.0000: Summary: Iteration limit exceeded after 41 it.
DEBUG:R0@tkref=0.0000: $$$$$$$$ CONFLICT LIST $$$$$$$$: []
INFO:R0: --------------------------
INFO:R0@tkref=1.2333: Time to solve stand alone optimization problem: 0.273356199265
INFO:R0@tkref=1.2333: N of unsatisfied eq: 3
INFO:R0@tkref=1.2333: N of unsatisfied ieq: 6
INFO:R0@tkref=1.2333: Summary: Optimization terminated successfully. after 7 it.
DEBUG:R0@tkref=1.2333: $$$$$$$$ CONFLICT LIST $$$$$$$$: []
INFO:R0: --------------------------
INFO:R0@tkref=2.4667: Time to solve stand alone optimization problem: 0.342530012131
INFO:R0@tkref=2.4667: N of unsatisfied eq: 3
INFO:R0@tkref=2.4667: N of unsatisfied ieq: 7
INFO:R0@tkref=2.4667: Summary: Optimization terminated successfully. after 9 it.
DEBUG:R0@tkref=2.4667: $$$$$$$$ CONFLICT LIST $$$$$$$$: []
INFO:R0: --------------------------
INFO:R0@tkref=3.7000: Time to solve stand alone optimization problem: 0.19317984581
INFO:R0@tkref=3.7000: N of unsatisfied eq: 2
INFO:R0@tkref=3.7000: N of unsatisfied ieq: 7
INFO:R0@tkref=3.7000: Summary: Optimization terminated successfully. after 5 it.
DEBUG:R0@tkref=3.7000: $$$$$$$$ CONFLICT LIST $$$$$$$$: []
INFO:R0: --------------------------
INFO:R0@tkref=4.9333: Time to solve stand alone optimization problem: 0.118027210236
INFO:R0@tkref=4.9333: N of unsatisfied eq: 3
INFO:R0@tkref=4.9333: N of unsatisfied ieq: 6
INFO:R0@tkref=4.9333: Summary: Optimization terminated successfully. after 3 it.
DEBUG:R0@tkref=4.9333: $$$$$$$$ CONFLICT LIST $$$$$$$$: []
INFO:R0: --------------------------
DEBUG:R0: LAST STEP
DEBUG:R0: Approx remaining dist: 1.40211909424
DEBUG:R0: Usual approx plan dist: 3.7
DEBUG:R0: Approx gain in dist: 2.29788090576
DEBUG:R0: Last step min dist: 0.5
INFO:R0: scale 0.378951106552 Ns 7 Nk 3
INFO:R0@tkref=6.1667: Time to solve stand alone optimization problem: 0.615823984146
INFO:R0@tkref=6.1667: N of unsatisfied eq: 10
INFO:R0@tkref=6.1667: N of unsatisfied ieq: 4
INFO:R0@tkref=6.1667: Summary: Iteration limit exceeded after 26 it.
DEBUG:R0@tkref=6.1667: $$$$$$$$ CONFLICT LIST $$$$$$$$: []
INFO:R0: Finished motion planning
INFO:R0: --------------------------
INFO:R0: TOT: 7.74059651775
INFO:R0: NSE: 6
INFO:R0: FIR: 1.42557001114
INFO:R0: LAS: 0.616631984711
INFO:R0: LMA: 1
INFO:R0: MAX: 0.343551874161
INFO:R0: MIN: 0.118867874146
INFO:R0: AVG: 0.232671916485
INFO:R0: RMP: 0.278555573644
INFO:R0: RMG: 0.499971879495
