DEBUG:R0: Using Tc_p = 1.2
DEBUG:R0: Using Tc_d = 1.2
INFO:R0: Init motion planning
INFO:R0@tkref=0.0000: Time to solve stand alone optimization problem: 1.52873706818
INFO:R0@tkref=0.0000: N of unsatisfied eq: 5
INFO:R0@tkref=0.0000: N of unsatisfied ieq: 8
INFO:R0@tkref=0.0000: Summary: Iteration limit exceeded after 41 it.
DEBUG:R0@tkref=0.0000: $$$$$$$$ CONFLICT LIST $$$$$$$$: []
INFO:R0: --------------------------
INFO:R0@tkref=1.2000: Time to solve stand alone optimization problem: 0.336086988449
INFO:R0@tkref=1.2000: N of unsatisfied eq: 2
INFO:R0@tkref=1.2000: N of unsatisfied ieq: 8
INFO:R0@tkref=1.2000: Summary: Optimization terminated successfully. after 8 it.
DEBUG:R0@tkref=1.2000: $$$$$$$$ CONFLICT LIST $$$$$$$$: []
INFO:R0: --------------------------
INFO:R0@tkref=2.4000: Time to solve stand alone optimization problem: 0.259806871414
INFO:R0@tkref=2.4000: N of unsatisfied eq: 2
INFO:R0@tkref=2.4000: N of unsatisfied ieq: 7
INFO:R0@tkref=2.4000: Summary: Optimization terminated successfully. after 6 it.
DEBUG:R0@tkref=2.4000: $$$$$$$$ CONFLICT LIST $$$$$$$$: []
INFO:R0: --------------------------
INFO:R0@tkref=3.6000: Time to solve stand alone optimization problem: 0.484187841415
INFO:R0@tkref=3.6000: N of unsatisfied eq: 2
INFO:R0@tkref=3.6000: N of unsatisfied ieq: 6
INFO:R0@tkref=3.6000: Summary: Optimization terminated successfully. after 11 it.
DEBUG:R0@tkref=3.6000: $$$$$$$$ CONFLICT LIST $$$$$$$$: []
INFO:R0: --------------------------
INFO:R0@tkref=4.8000: Time to solve stand alone optimization problem: 0.127254009247
INFO:R0@tkref=4.8000: N of unsatisfied eq: 3
INFO:R0@tkref=4.8000: N of unsatisfied ieq: 6
INFO:R0@tkref=4.8000: Summary: Optimization terminated successfully. after 3 it.
DEBUG:R0@tkref=4.8000: $$$$$$$$ CONFLICT LIST $$$$$$$$: []
INFO:R0: --------------------------
DEBUG:R0: LAST STEP
DEBUG:R0: Approx remaining dist: 1.32859048762
DEBUG:R0: Usual approx plan dist: 2.2
DEBUG:R0: Approx gain in dist: 0.871409512375
DEBUG:R0: Last step min dist: 0.5
INFO:R0: scale 0.603904767102 Ns 7 Nk 3
INFO:R0@tkref=6.0000: Time to solve stand alone optimization problem: 0.562936067581
INFO:R0@tkref=6.0000: N of unsatisfied eq: 10
INFO:R0@tkref=6.0000: N of unsatisfied ieq: 4
INFO:R0@tkref=6.0000: Summary: Iteration limit exceeded after 26 it.
DEBUG:R0@tkref=6.0000: $$$$$$$$ CONFLICT LIST $$$$$$$$: []
INFO:R0: Finished motion planning
INFO:R0: --------------------------
INFO:R0: TOT: 7.49336783687
INFO:R0: NSE: 6
INFO:R0: FIR: 1.53050088882
INFO:R0: LAS: 0.563746929169
INFO:R0: LMA: 1
INFO:R0: MAX: 0.485138177872
INFO:R0: MIN: 0.128270149231
INFO:R0: AVG: 0.302751541138
INFO:R0: RMP: 0.404281814893
INFO:R0: RMG: 0.469789107641
