DEBUG:R0: Using Tc_p = 3.96
DEBUG:R0: Using Tc_d = 3.96
INFO:R0: Init motion planning
INFO:R0@tkref=0.0000: Time to solve stand alone optimization problem: 2.4155049324
INFO:R0@tkref=0.0000: N of unsatisfied eq: 5
INFO:R0@tkref=0.0000: N of unsatisfied ieq: 9
INFO:R0@tkref=0.0000: Summary: Iteration limit exceeded after 41 it.
DEBUG:R0@tkref=0.0000: $$$$$$$$ CONFLICT LIST $$$$$$$$: []
INFO:R0: --------------------------
DEBUG:R0: LAST STEP
DEBUG:R0: Approx remaining dist: 3.57195589853
DEBUG:R0: Usual approx plan dist: 4.4
DEBUG:R0: Approx gain in dist: 0.828044101469
DEBUG:R0: Last step min dist: 0.5
INFO:R0: scale 0.811808158757 Ns 9 Nk 5
INFO:R0@tkref=3.9600: Time to solve stand alone optimization problem: 1.33014702797
INFO:R0@tkref=3.9600: N of unsatisfied eq: 10
INFO:R0@tkref=3.9600: N of unsatisfied ieq: 0
INFO:R0@tkref=3.9600: Summary: Iteration limit exceeded after 26 it.
DEBUG:R0@tkref=3.9600: $$$$$$$$ CONFLICT LIST $$$$$$$$: []
INFO:R0: Finished motion planning
INFO:R0: --------------------------
INFO:R0: TOT: 18.308742054
INFO:R0: NSE: 2
INFO:R0: FIR: 2.41676092148
INFO:R0: LAS: 1.3310148716
INFO:R0: LMA: 1
INFO:R0: MAX: 1.3310148716
INFO:R0: MIN: 1.3310148716
INFO:R0: AVG: 1.3310148716
INFO:R0: RMP: 0.336114866565
INFO:R0: RMG: 0.336114866565
