DEBUG:R0: Using Tc_p = 0.363636363636
DEBUG:R0: Using Tc_d = 0.363636363636
INFO:R0: Init motion planning
INFO:R0@tkref=0.0000: Time to solve stand alone optimization problem: 1.48096203804
INFO:R0@tkref=0.0000: N of unsatisfied eq: 5
INFO:R0@tkref=0.0000: N of unsatisfied ieq: 7
INFO:R0@tkref=0.0000: Summary: Iteration limit exceeded after 41 it.
DEBUG:R0@tkref=0.0000: $$$$$$$$ CONFLICT LIST $$$$$$$$: []
INFO:R0: --------------------------
INFO:R0@tkref=0.3636: Time to solve stand alone optimization problem: 0.32684803009
INFO:R0@tkref=0.3636: N of unsatisfied eq: 2
INFO:R0@tkref=0.3636: N of unsatisfied ieq: 5
INFO:R0@tkref=0.3636: Summary: Optimization terminated successfully. after 9 it.
DEBUG:R0@tkref=0.3636: $$$$$$$$ CONFLICT LIST $$$$$$$$: []
INFO:R0: --------------------------
INFO:R0@tkref=0.7273: Time to solve stand alone optimization problem: 0.38169002533
INFO:R0@tkref=0.7273: N of unsatisfied eq: 1
INFO:R0@tkref=0.7273: N of unsatisfied ieq: 7
INFO:R0@tkref=0.7273: Summary: Optimization terminated successfully. after 11 it.
DEBUG:R0@tkref=0.7273: $$$$$$$$ CONFLICT LIST $$$$$$$$: []
INFO:R0: --------------------------
INFO:R0@tkref=1.0909: Time to solve stand alone optimization problem: 0.370241165161
INFO:R0@tkref=1.0909: N of unsatisfied eq: 2
INFO:R0@tkref=1.0909: N of unsatisfied ieq: 8
INFO:R0@tkref=1.0909: Summary: Optimization terminated successfully. after 9 it.
DEBUG:R0@tkref=1.0909: $$$$$$$$ CONFLICT LIST $$$$$$$$: []
INFO:R0: --------------------------
INFO:R0@tkref=1.4545: Time to solve stand alone optimization problem: 0.323836088181
INFO:R0@tkref=1.4545: N of unsatisfied eq: 1
INFO:R0@tkref=1.4545: N of unsatisfied ieq: 6
INFO:R0@tkref=1.4545: Summary: Optimization terminated successfully. after 8 it.
DEBUG:R0@tkref=1.4545: $$$$$$$$ CONFLICT LIST $$$$$$$$: []
INFO:R0: --------------------------
INFO:R0@tkref=1.8182: Time to solve stand alone optimization problem: 0.291994094849
INFO:R0@tkref=1.8182: N of unsatisfied eq: 2
INFO:R0@tkref=1.8182: N of unsatisfied ieq: 6
INFO:R0@tkref=1.8182: Summary: Optimization terminated successfully. after 7 it.
DEBUG:R0@tkref=1.8182: $$$$$$$$ CONFLICT LIST $$$$$$$$: []
INFO:R0: --------------------------
INFO:R0@tkref=2.1818: Time to solve stand alone optimization problem: 0.285017967224
INFO:R0@tkref=2.1818: N of unsatisfied eq: 2
INFO:R0@tkref=2.1818: N of unsatisfied ieq: 7
INFO:R0@tkref=2.1818: Summary: Optimization terminated successfully. after 7 it.
DEBUG:R0@tkref=2.1818: $$$$$$$$ CONFLICT LIST $$$$$$$$: []
INFO:R0: --------------------------
INFO:R0@tkref=2.5455: Time to solve stand alone optimization problem: 0.281313896179
INFO:R0@tkref=2.5455: N of unsatisfied eq: 2
INFO:R0@tkref=2.5455: N of unsatisfied ieq: 8
INFO:R0@tkref=2.5455: Summary: Optimization terminated successfully. after 7 it.
DEBUG:R0@tkref=2.5455: $$$$$$$$ CONFLICT LIST $$$$$$$$: []
INFO:R0: --------------------------
INFO:R0@tkref=2.9091: Time to solve stand alone optimization problem: 0.289263963699
INFO:R0@tkref=2.9091: N of unsatisfied eq: 2
INFO:R0@tkref=2.9091: N of unsatisfied ieq: 6
INFO:R0@tkref=2.9091: Summary: Optimization terminated successfully. after 7 it.
DEBUG:R0@tkref=2.9091: $$$$$$$$ CONFLICT LIST $$$$$$$$: []
INFO:R0: --------------------------
INFO:R0@tkref=3.2727: Time to solve stand alone optimization problem: 0.279860019684
INFO:R0@tkref=3.2727: N of unsatisfied eq: 2
INFO:R0@tkref=3.2727: N of unsatisfied ieq: 6
INFO:R0@tkref=3.2727: Summary: Optimization terminated successfully. after 7 it.
DEBUG:R0@tkref=3.2727: $$$$$$$$ CONFLICT LIST $$$$$$$$: []
INFO:R0: --------------------------
INFO:R0@tkref=3.6364: Time to solve stand alone optimization problem: 0.245052099228
INFO:R0@tkref=3.6364: N of unsatisfied eq: 2
INFO:R0@tkref=3.6364: N of unsatisfied ieq: 6
INFO:R0@tkref=3.6364: Summary: Optimization terminated successfully. after 6 it.
DEBUG:R0@tkref=3.6364: $$$$$$$$ CONFLICT LIST $$$$$$$$: []
INFO:R0: --------------------------
INFO:R0@tkref=4.0000: Time to solve stand alone optimization problem: 0.202100038528
INFO:R0@tkref=4.0000: N of unsatisfied eq: 1
INFO:R0@tkref=4.0000: N of unsatisfied ieq: 6
INFO:R0@tkref=4.0000: Summary: Optimization terminated successfully. after 5 it.
DEBUG:R0@tkref=4.0000: $$$$$$$$ CONFLICT LIST $$$$$$$$: []
INFO:R0: --------------------------
INFO:R0@tkref=4.3636: Time to solve stand alone optimization problem: 0.283701181412
INFO:R0@tkref=4.3636: N of unsatisfied eq: 3
INFO:R0@tkref=4.3636: N of unsatisfied ieq: 6
INFO:R0@tkref=4.3636: Summary: Optimization terminated successfully. after 7 it.
DEBUG:R0@tkref=4.3636: $$$$$$$$ CONFLICT LIST $$$$$$$$: []
INFO:R0: --------------------------
INFO:R0@tkref=4.7273: Time to solve stand alone optimization problem: 0.359074115753
INFO:R0@tkref=4.7273: N of unsatisfied eq: 3
INFO:R0@tkref=4.7273: N of unsatisfied ieq: 5
INFO:R0@tkref=4.7273: Summary: Optimization terminated successfully. after 9 it.
DEBUG:R0@tkref=4.7273: $$$$$$$$ CONFLICT LIST $$$$$$$$: []
INFO:R0: --------------------------
INFO:R0@tkref=5.0909: Time to solve stand alone optimization problem: 0.287281990051
INFO:R0@tkref=5.0909: N of unsatisfied eq: 3
INFO:R0@tkref=5.0909: N of unsatisfied ieq: 8
INFO:R0@tkref=5.0909: Summary: Optimization terminated successfully. after 7 it.
DEBUG:R0@tkref=5.0909: $$$$$$$$ CONFLICT LIST $$$$$$$$: []
INFO:R0: --------------------------
INFO:R0@tkref=5.4545: Time to solve stand alone optimization problem: 0.284851074219
INFO:R0@tkref=5.4545: N of unsatisfied eq: 3
INFO:R0@tkref=5.4545: N of unsatisfied ieq: 6
INFO:R0@tkref=5.4545: Summary: Optimization terminated successfully. after 7 it.
DEBUG:R0@tkref=5.4545: $$$$$$$$ CONFLICT LIST $$$$$$$$: []
INFO:R0: --------------------------
INFO:R0@tkref=5.8182: Time to solve stand alone optimization problem: 0.244398832321
INFO:R0@tkref=5.8182: N of unsatisfied eq: 3
INFO:R0@tkref=5.8182: N of unsatisfied ieq: 8
INFO:R0@tkref=5.8182: Summary: Optimization terminated successfully. after 6 it.
DEBUG:R0@tkref=5.8182: $$$$$$$$ CONFLICT LIST $$$$$$$$: []
INFO:R0: --------------------------
INFO:R0@tkref=6.1818: Time to solve stand alone optimization problem: 0.244416952133
INFO:R0@tkref=6.1818: N of unsatisfied eq: 3
INFO:R0@tkref=6.1818: N of unsatisfied ieq: 7
INFO:R0@tkref=6.1818: Summary: Optimization terminated successfully. after 6 it.
DEBUG:R0@tkref=6.1818: $$$$$$$$ CONFLICT LIST $$$$$$$$: []
INFO:R0: --------------------------
INFO:R0@tkref=6.5455: Time to solve stand alone optimization problem: 0.23903799057
INFO:R0@tkref=6.5455: N of unsatisfied eq: 2
INFO:R0@tkref=6.5455: N of unsatisfied ieq: 6
INFO:R0@tkref=6.5455: Summary: Optimization terminated successfully. after 7 it.
DEBUG:R0@tkref=6.5455: $$$$$$$$ CONFLICT LIST $$$$$$$$: []
INFO:R0: --------------------------
INFO:R0@tkref=6.9091: Time to solve stand alone optimization problem: 0.107873916626
INFO:R0@tkref=6.9091: N of unsatisfied eq: 3
INFO:R0@tkref=6.9091: N of unsatisfied ieq: 6
INFO:R0@tkref=6.9091: Summary: Optimization terminated successfully. after 3 it.
DEBUG:R0@tkref=6.9091: $$$$$$$$ CONFLICT LIST $$$$$$$$: []
INFO:R0: --------------------------
DEBUG:R0: LAST STEP
DEBUG:R0: Approx remaining dist: 0.877442981571
DEBUG:R0: Usual approx plan dist: 4.0
DEBUG:R0: Approx gain in dist: 3.12255701843
DEBUG:R0: Last step min dist: 0.5
INFO:R0: scale 0.219360745393 Ns 7 Nk 3
INFO:R0@tkref=7.2727: Time to solve stand alone optimization problem: 0.49147105217
INFO:R0@tkref=7.2727: N of unsatisfied eq: 10
INFO:R0@tkref=7.2727: N of unsatisfied ieq: 2
INFO:R0@tkref=7.2727: Summary: Iteration limit exceeded after 26 it.
DEBUG:R0@tkref=7.2727: $$$$$$$$ CONFLICT LIST $$$$$$$$: []
INFO:R0: Finished motion planning
INFO:R0: --------------------------
INFO:R0: TOT: 8.44983175313
INFO:R0: NSE: 21
INFO:R0: FIR: 1.4824860096
INFO:R0: LAS: 0.49226307869
INFO:R0: LMA: 1
INFO:R0: MAX: 0.382503032684
INFO:R0: MIN: 0.108657121658
INFO:R0: AVG: 0.281218026814
INFO:R0: RMP: 1.05188333988
INFO:R0: RMG: 1.3537234664
