DEBUG:R0: Using Tc_p = 2.04
DEBUG:R0: Using Tc_d = 2.04
INFO:R0: Init motion planning
INFO:R0@tkref=0.0000: Time to solve stand alone optimization problem: 1.49042797089
INFO:R0@tkref=0.0000: N of unsatisfied eq: 5
INFO:R0@tkref=0.0000: N of unsatisfied ieq: 10
INFO:R0@tkref=0.0000: Summary: Iteration limit exceeded after 41 it.
DEBUG:R0@tkref=0.0000: $$$$$$$$ CONFLICT LIST $$$$$$$$: []
INFO:R0: --------------------------
INFO:R0@tkref=2.0400: Time to solve stand alone optimization problem: 0.329049825668
INFO:R0@tkref=2.0400: N of unsatisfied eq: 3
INFO:R0@tkref=2.0400: N of unsatisfied ieq: 7
INFO:R0@tkref=2.0400: Summary: Optimization terminated successfully. after 8 it.
DEBUG:R0@tkref=2.0400: $$$$$$$$ CONFLICT LIST $$$$$$$$: []
INFO:R0: --------------------------
INFO:R0@tkref=4.0800: Time to solve stand alone optimization problem: 0.250994920731
INFO:R0@tkref=4.0800: N of unsatisfied eq: 2
INFO:R0@tkref=4.0800: N of unsatisfied ieq: 7
INFO:R0@tkref=4.0800: Summary: Optimization terminated successfully. after 6 it.
DEBUG:R0@tkref=4.0800: $$$$$$$$ CONFLICT LIST $$$$$$$$: []
INFO:R0: --------------------------
DEBUG:R0: LAST STEP
DEBUG:R0: Approx remaining dist: 1.30121362919
DEBUG:R0: Usual approx plan dist: 3.4
DEBUG:R0: Approx gain in dist: 2.09878637081
DEBUG:R0: Last step min dist: 0.5
INFO:R0: scale 0.382709890937 Ns 7 Nk 3
INFO:R0@tkref=6.1200: Time to solve stand alone optimization problem: 0.659123897552
INFO:R0@tkref=6.1200: N of unsatisfied eq: 10
INFO:R0@tkref=6.1200: N of unsatisfied ieq: 4
INFO:R0@tkref=6.1200: Summary: Iteration limit exceeded after 26 it.
DEBUG:R0@tkref=6.1200: $$$$$$$$ CONFLICT LIST $$$$$$$$: []
INFO:R0: Finished motion planning
INFO:R0: --------------------------
INFO:R0: TOT: 7.58270208092
INFO:R0: NSE: 4
INFO:R0: FIR: 1.49224996567
INFO:R0: LAS: 0.660016059875
INFO:R0: LMA: 1
INFO:R0: MAX: 0.329889059067
INFO:R0: MIN: 0.251824140549
INFO:R0: AVG: 0.290856599808
INFO:R0: RMP: 0.161710323072
INFO:R0: RMG: 0.323537284253
