DEBUG:R0: Using Tc_p = 2.18181818182
DEBUG:R0: Using Tc_d = 2.18181818182
INFO:R0: Init motion planning
INFO:R0@tkref=0.0000: Time to solve stand alone optimization problem: 1.48889708519
INFO:R0@tkref=0.0000: N of unsatisfied eq: 3
INFO:R0@tkref=0.0000: N of unsatisfied ieq: 4
INFO:R0@tkref=0.0000: Summary: Iteration limit exceeded after 41 it.
DEBUG:R0@tkref=0.0000: $$$$$$$$ CONFLICT LIST $$$$$$$$: []
INFO:R0: --------------------------
INFO:R0@tkref=2.1818: Time to solve stand alone optimization problem: 0.329350948334
INFO:R0@tkref=2.1818: N of unsatisfied eq: 2
INFO:R0@tkref=2.1818: N of unsatisfied ieq: 6
INFO:R0@tkref=2.1818: Summary: Optimization terminated successfully. after 8 it.
DEBUG:R0@tkref=2.1818: $$$$$$$$ CONFLICT LIST $$$$$$$$: []
INFO:R0: --------------------------
INFO:R0@tkref=4.3636: Time to solve stand alone optimization problem: 0.413454055786
INFO:R0@tkref=4.3636: N of unsatisfied eq: 3
INFO:R0@tkref=4.3636: N of unsatisfied ieq: 7
INFO:R0@tkref=4.3636: Summary: Optimization terminated successfully. after 10 it.
DEBUG:R0@tkref=4.3636: $$$$$$$$ CONFLICT LIST $$$$$$$$: []
INFO:R0: --------------------------
DEBUG:R0: LAST STEP
DEBUG:R0: Approx remaining dist: 1.04010549138
DEBUG:R0: Usual approx plan dist: 4.8
DEBUG:R0: Approx gain in dist: 3.75989450862
DEBUG:R0: Last step min dist: 0.5
INFO:R0: scale 0.216688644038 Ns 7 Nk 3
INFO:R0@tkref=6.5455: Time to solve stand alone optimization problem: 0.4974629879
INFO:R0@tkref=6.5455: N of unsatisfied eq: 10
INFO:R0@tkref=6.5455: N of unsatisfied ieq: 3
INFO:R0@tkref=6.5455: Summary: Iteration limit exceeded after 26 it.
DEBUG:R0@tkref=6.5455: $$$$$$$$ CONFLICT LIST $$$$$$$$: []
INFO:R0: Finished motion planning
INFO:R0: --------------------------
INFO:R0: TOT: 7.72101892947
INFO:R0: NSE: 4
INFO:R0: FIR: 1.49017095566
INFO:R0: LAS: 0.498288154602
INFO:R0: LMA: 1
INFO:R0: MAX: 0.414270877838
INFO:R0: MIN: 0.330164909363
INFO:R0: AVG: 0.3722178936
INFO:R0: RMP: 0.189874152342
INFO:R0: RMG: 0.228382070859
