DEBUG:R0: Using Tc_p = 0.272727272727
DEBUG:R0: Using Tc_d = 0.272727272727
INFO:R0: Init motion planning
INFO:R0@tkref=0.0000: Time to solve stand alone optimization problem: 0.957436084747
INFO:R0@tkref=0.0000: N of unsatisfied eq: 5
INFO:R0@tkref=0.0000: N of unsatisfied ieq: 8
INFO:R0@tkref=0.0000: Summary: Iteration limit exceeded after 41 it.
DEBUG:R0@tkref=0.0000: $$$$$$$$ CONFLICT LIST $$$$$$$$: []
INFO:R0: --------------------------
INFO:R0@tkref=0.2727: Time to solve stand alone optimization problem: 0.0696499347687
INFO:R0@tkref=0.2727: N of unsatisfied eq: 3
INFO:R0@tkref=0.2727: N of unsatisfied ieq: 6
INFO:R0@tkref=0.2727: Summary: Optimization terminated successfully. after 3 it.
DEBUG:R0@tkref=0.2727: $$$$$$$$ CONFLICT LIST $$$$$$$$: []
INFO:R0: --------------------------
INFO:R0@tkref=0.5455: Time to solve stand alone optimization problem: 0.0700359344482
INFO:R0@tkref=0.5455: N of unsatisfied eq: 3
INFO:R0@tkref=0.5455: N of unsatisfied ieq: 7
INFO:R0@tkref=0.5455: Summary: Optimization terminated successfully. after 3 it.
DEBUG:R0@tkref=0.5455: $$$$$$$$ CONFLICT LIST $$$$$$$$: []
INFO:R0: --------------------------
INFO:R0@tkref=0.8182: Time to solve stand alone optimization problem: 0.049036026001
INFO:R0@tkref=0.8182: N of unsatisfied eq: 3
INFO:R0@tkref=0.8182: N of unsatisfied ieq: 6
INFO:R0@tkref=0.8182: Summary: Optimization terminated successfully. after 2 it.
DEBUG:R0@tkref=0.8182: $$$$$$$$ CONFLICT LIST $$$$$$$$: []
INFO:R0: --------------------------
INFO:R0@tkref=1.0909: Time to solve stand alone optimization problem: 0.0451509952545
INFO:R0@tkref=1.0909: N of unsatisfied eq: 3
INFO:R0@tkref=1.0909: N of unsatisfied ieq: 6
INFO:R0@tkref=1.0909: Summary: Optimization terminated successfully. after 2 it.
DEBUG:R0@tkref=1.0909: $$$$$$$$ CONFLICT LIST $$$$$$$$: []
INFO:R0: --------------------------
INFO:R0@tkref=1.3636: Time to solve stand alone optimization problem: 0.045382976532
INFO:R0@tkref=1.3636: N of unsatisfied eq: 3
INFO:R0@tkref=1.3636: N of unsatisfied ieq: 6
INFO:R0@tkref=1.3636: Summary: Optimization terminated successfully. after 2 it.
DEBUG:R0@tkref=1.3636: $$$$$$$$ CONFLICT LIST $$$$$$$$: []
INFO:R0: --------------------------
INFO:R0@tkref=1.6364: Time to solve stand alone optimization problem: 0.0244061946869
INFO:R0@tkref=1.6364: N of unsatisfied eq: 3
INFO:R0@tkref=1.6364: N of unsatisfied ieq: 5
INFO:R0@tkref=1.6364: Summary: Optimization terminated successfully. after 1 it.
DEBUG:R0@tkref=1.6364: $$$$$$$$ CONFLICT LIST $$$$$$$$: []
INFO:R0: --------------------------
INFO:R0@tkref=1.9091: Time to solve stand alone optimization problem: 0.0490281581879
INFO:R0@tkref=1.9091: N of unsatisfied eq: 4
INFO:R0@tkref=1.9091: N of unsatisfied ieq: 6
INFO:R0@tkref=1.9091: Summary: Optimization terminated successfully. after 2 it.
DEBUG:R0@tkref=1.9091: $$$$$$$$ CONFLICT LIST $$$$$$$$: []
INFO:R0: --------------------------
INFO:R0@tkref=2.1818: Time to solve stand alone optimization problem: 0.025820016861
INFO:R0@tkref=2.1818: N of unsatisfied eq: 4
INFO:R0@tkref=2.1818: N of unsatisfied ieq: 5
INFO:R0@tkref=2.1818: Summary: Optimization terminated successfully. after 1 it.
DEBUG:R0@tkref=2.1818: $$$$$$$$ CONFLICT LIST $$$$$$$$: []
INFO:R0: --------------------------
INFO:R0@tkref=2.4545: Time to solve stand alone optimization problem: 0.0233509540558
INFO:R0@tkref=2.4545: N of unsatisfied eq: 3
INFO:R0@tkref=2.4545: N of unsatisfied ieq: 7
INFO:R0@tkref=2.4545: Summary: Optimization terminated successfully. after 1 it.
DEBUG:R0@tkref=2.4545: $$$$$$$$ CONFLICT LIST $$$$$$$$: []
INFO:R0: --------------------------
INFO:R0@tkref=2.7273: Time to solve stand alone optimization problem: 0.0231668949127
INFO:R0@tkref=2.7273: N of unsatisfied eq: 4
INFO:R0@tkref=2.7273: N of unsatisfied ieq: 6
INFO:R0@tkref=2.7273: Summary: Optimization terminated successfully. after 1 it.
DEBUG:R0@tkref=2.7273: $$$$$$$$ CONFLICT LIST $$$$$$$$: []
INFO:R0: --------------------------
INFO:R0@tkref=3.0000: Time to solve stand alone optimization problem: 0.022794008255
INFO:R0@tkref=3.0000: N of unsatisfied eq: 4
INFO:R0@tkref=3.0000: N of unsatisfied ieq: 8
INFO:R0@tkref=3.0000: Summary: Optimization terminated successfully. after 1 it.
DEBUG:R0@tkref=3.0000: $$$$$$$$ CONFLICT LIST $$$$$$$$: []
INFO:R0: --------------------------
INFO:R0@tkref=3.2727: Time to solve stand alone optimization problem: 0.0227930545807
INFO:R0@tkref=3.2727: N of unsatisfied eq: 4
INFO:R0@tkref=3.2727: N of unsatisfied ieq: 6
INFO:R0@tkref=3.2727: Summary: Optimization terminated successfully. after 1 it.
DEBUG:R0@tkref=3.2727: $$$$$$$$ CONFLICT LIST $$$$$$$$: []
INFO:R0: --------------------------
INFO:R0@tkref=3.5455: Time to solve stand alone optimization problem: 0.0227999687195
INFO:R0@tkref=3.5455: N of unsatisfied eq: 3
INFO:R0@tkref=3.5455: N of unsatisfied ieq: 8
INFO:R0@tkref=3.5455: Summary: Optimization terminated successfully. after 1 it.
DEBUG:R0@tkref=3.5455: $$$$$$$$ CONFLICT LIST $$$$$$$$: []
INFO:R0: --------------------------
INFO:R0@tkref=3.8182: Time to solve stand alone optimization problem: 0.0227959156036
INFO:R0@tkref=3.8182: N of unsatisfied eq: 5
INFO:R0@tkref=3.8182: N of unsatisfied ieq: 7
INFO:R0@tkref=3.8182: Summary: Optimization terminated successfully. after 1 it.
DEBUG:R0@tkref=3.8182: $$$$$$$$ CONFLICT LIST $$$$$$$$: []
INFO:R0: --------------------------
INFO:R0@tkref=4.0909: Time to solve stand alone optimization problem: 0.0228078365326
INFO:R0@tkref=4.0909: N of unsatisfied eq: 4
INFO:R0@tkref=4.0909: N of unsatisfied ieq: 7
INFO:R0@tkref=4.0909: Summary: Optimization terminated successfully. after 1 it.
DEBUG:R0@tkref=4.0909: $$$$$$$$ CONFLICT LIST $$$$$$$$: []
INFO:R0: --------------------------
INFO:R0@tkref=4.3636: Time to solve stand alone optimization problem: 0.0233480930328
INFO:R0@tkref=4.3636: N of unsatisfied eq: 4
INFO:R0@tkref=4.3636: N of unsatisfied ieq: 7
INFO:R0@tkref=4.3636: Summary: Optimization terminated successfully. after 1 it.
DEBUG:R0@tkref=4.3636: $$$$$$$$ CONFLICT LIST $$$$$$$$: []
INFO:R0: --------------------------
INFO:R0@tkref=4.6364: Time to solve stand alone optimization problem: 0.0230479240417
INFO:R0@tkref=4.6364: N of unsatisfied eq: 3
INFO:R0@tkref=4.6364: N of unsatisfied ieq: 6
INFO:R0@tkref=4.6364: Summary: Optimization terminated successfully. after 1 it.
DEBUG:R0@tkref=4.6364: $$$$$$$$ CONFLICT LIST $$$$$$$$: []
INFO:R0: --------------------------
INFO:R0@tkref=4.9091: Time to solve stand alone optimization problem: 0.0230190753937
INFO:R0@tkref=4.9091: N of unsatisfied eq: 4
INFO:R0@tkref=4.9091: N of unsatisfied ieq: 7
INFO:R0@tkref=4.9091: Summary: Optimization terminated successfully. after 1 it.
DEBUG:R0@tkref=4.9091: $$$$$$$$ CONFLICT LIST $$$$$$$$: []
INFO:R0: --------------------------
INFO:R0@tkref=5.1818: Time to solve stand alone optimization problem: 0.0230429172516
INFO:R0@tkref=5.1818: N of unsatisfied eq: 4
INFO:R0@tkref=5.1818: N of unsatisfied ieq: 7
INFO:R0@tkref=5.1818: Summary: Optimization terminated successfully. after 1 it.
DEBUG:R0@tkref=5.1818: $$$$$$$$ CONFLICT LIST $$$$$$$$: []
INFO:R0: --------------------------
INFO:R0@tkref=5.4545: Time to solve stand alone optimization problem: 0.023745059967
INFO:R0@tkref=5.4545: N of unsatisfied eq: 3
INFO:R0@tkref=5.4545: N of unsatisfied ieq: 7
INFO:R0@tkref=5.4545: Summary: Optimization terminated successfully. after 1 it.
DEBUG:R0@tkref=5.4545: $$$$$$$$ CONFLICT LIST $$$$$$$$: []
INFO:R0: --------------------------
INFO:R0@tkref=5.7273: Time to solve stand alone optimization problem: 0.0235409736633
INFO:R0@tkref=5.7273: N of unsatisfied eq: 3
INFO:R0@tkref=5.7273: N of unsatisfied ieq: 8
INFO:R0@tkref=5.7273: Summary: Optimization terminated successfully. after 1 it.
DEBUG:R0@tkref=5.7273: $$$$$$$$ CONFLICT LIST $$$$$$$$: []
INFO:R0: --------------------------
INFO:R0@tkref=6.0000: Time to solve stand alone optimization problem: 0.0230398178101
INFO:R0@tkref=6.0000: N of unsatisfied eq: 3
INFO:R0@tkref=6.0000: N of unsatisfied ieq: 3
INFO:R0@tkref=6.0000: Summary: Optimization terminated successfully. after 1 it.
DEBUG:R0@tkref=6.0000: $$$$$$$$ CONFLICT LIST $$$$$$$$: []
INFO:R0: --------------------------
INFO:R0@tkref=6.2727: Time to solve stand alone optimization problem: 0.0230178833008
INFO:R0@tkref=6.2727: N of unsatisfied eq: 4
INFO:R0@tkref=6.2727: N of unsatisfied ieq: 7
INFO:R0@tkref=6.2727: Summary: Optimization terminated successfully. after 1 it.
DEBUG:R0@tkref=6.2727: $$$$$$$$ CONFLICT LIST $$$$$$$$: []
INFO:R0: --------------------------
DEBUG:R0: LAST STEP
DEBUG:R0: Approx remaining dist: 0.68741596355
DEBUG:R0: Usual approx plan dist: 3.0
DEBUG:R0: Approx gain in dist: 2.31258403645
DEBUG:R0: Last step min dist: 0.5
INFO:R0: scale 0.229138654517 Ns 7 Nk 3
INFO:R0@tkref=6.5455: Time to solve stand alone optimization problem: 0.361036062241
INFO:R0@tkref=6.5455: N of unsatisfied eq: 10
INFO:R0@tkref=6.5455: N of unsatisfied ieq: 4
INFO:R0@tkref=6.5455: Summary: Iteration limit exceeded after 26 it.
DEBUG:R0@tkref=6.5455: $$$$$$$$ CONFLICT LIST $$$$$$$$: []
INFO:R0: Finished motion planning
INFO:R0: --------------------------
INFO:R0: TOT: 7.31798791827
INFO:R0: NSE: 25
INFO:R0: FIR: 0.958708047867
INFO:R0: LAS: 0.361769914627
INFO:R0: LMA: 1
INFO:R0: MAX: 0.0707280635834
INFO:R0: MIN: 0.0234389305115
INFO:R0: AVG: 0.0321896594504
INFO:R0: RMP: 0.259336233139
INFO:R0: RMG: 1.32648968697
