DEBUG:R0: Using Tc_p = 1.6
DEBUG:R0: Using Tc_d = 1.6
INFO:R0: Init motion planning
INFO:R0@tkref=0.0000: Time to solve stand alone optimization problem: 2.57784891129
INFO:R0@tkref=0.0000: N of unsatisfied eq: 4
INFO:R0@tkref=0.0000: N of unsatisfied ieq: 11
INFO:R0@tkref=0.0000: Summary: Iteration limit exceeded after 41 it.
DEBUG:R0@tkref=0.0000: $$$$$$$$ CONFLICT LIST $$$$$$$$: []
INFO:R0: --------------------------
INFO:R0@tkref=1.6000: Time to solve stand alone optimization problem: 0.96454000473
INFO:R0@tkref=1.6000: N of unsatisfied eq: 2
INFO:R0@tkref=1.6000: N of unsatisfied ieq: 7
INFO:R0@tkref=1.6000: Summary: Iteration limit exceeded after 16 it.
DEBUG:R0@tkref=1.6000: $$$$$$$$ CONFLICT LIST $$$$$$$$: []
INFO:R0: --------------------------
INFO:R0@tkref=3.2000: Time to solve stand alone optimization problem: 0.727331161499
INFO:R0@tkref=3.2000: N of unsatisfied eq: 2
INFO:R0@tkref=3.2000: N of unsatisfied ieq: 6
INFO:R0@tkref=3.2000: Summary: Optimization terminated successfully. after 12 it.
DEBUG:R0@tkref=3.2000: $$$$$$$$ CONFLICT LIST $$$$$$$$: []
INFO:R0: --------------------------
INFO:R0@tkref=4.8000: Time to solve stand alone optimization problem: 0.898409128189
INFO:R0@tkref=4.8000: N of unsatisfied eq: 3
INFO:R0@tkref=4.8000: N of unsatisfied ieq: 7
INFO:R0@tkref=4.8000: Summary: Optimization terminated successfully. after 15 it.
DEBUG:R0@tkref=4.8000: $$$$$$$$ CONFLICT LIST $$$$$$$$: []
INFO:R0: --------------------------
INFO:R0@tkref=6.4000: Time to solve stand alone optimization problem: 0.306378126144
INFO:R0@tkref=6.4000: N of unsatisfied eq: 2
INFO:R0@tkref=6.4000: N of unsatisfied ieq: 8
INFO:R0@tkref=6.4000: Summary: Optimization terminated successfully. after 5 it.
DEBUG:R0@tkref=6.4000: $$$$$$$$ CONFLICT LIST $$$$$$$$: []
INFO:R0: --------------------------
DEBUG:R0: LAST STEP
DEBUG:R0: Approx remaining dist: 0.592792171028
DEBUG:R0: Usual approx plan dist: 4.0
DEBUG:R0: Approx gain in dist: 3.40720782897
DEBUG:R0: Last step min dist: 0.5
INFO:R0: scale 0.148198042757 Ns 7 Nk 3
INFO:R0@tkref=8.0000: Time to solve stand alone optimization problem: 0.616461038589
INFO:R0@tkref=8.0000: N of unsatisfied eq: 10
INFO:R0@tkref=8.0000: N of unsatisfied ieq: 1
INFO:R0@tkref=8.0000: Summary: Iteration limit exceeded after 26 it.
DEBUG:R0@tkref=8.0000: $$$$$$$$ CONFLICT LIST $$$$$$$$: []
INFO:R0: Finished motion planning
INFO:R0: --------------------------
INFO:R0: TOT: 8.68936780449
INFO:R0: NSE: 6
INFO:R0: FIR: 2.57912182808
INFO:R0: LAS: 0.617305994034
INFO:R0: LMA: 0
INFO:R0: MAX: 0.965372085571
INFO:R0: MIN: 0.307204008102
INFO:R0: AVG: 0.724994778633
INFO:R0: RMP: 0.603357553482
INFO:R0: RMG: 0.603357553482
