DEBUG:R0: Using Tc_p = 1.13333333333
DEBUG:R0: Using Tc_d = 1.13333333333
INFO:R0: Init motion planning
INFO:R0@tkref=0.0000: Time to solve stand alone optimization problem: 1.32249307632
INFO:R0@tkref=0.0000: N of unsatisfied eq: 5
INFO:R0@tkref=0.0000: N of unsatisfied ieq: 6
INFO:R0@tkref=0.0000: Summary: Iteration limit exceeded after 41 it.
DEBUG:R0@tkref=0.0000: $$$$$$$$ CONFLICT LIST $$$$$$$$: []
INFO:R0: --------------------------
INFO:R0@tkref=1.1333: Time to solve stand alone optimization problem: 0.605011940002
INFO:R0@tkref=1.1333: N of unsatisfied eq: 3
INFO:R0@tkref=1.1333: N of unsatisfied ieq: 6
INFO:R0@tkref=1.1333: Summary: Iteration limit exceeded after 16 it.
DEBUG:R0@tkref=1.1333: $$$$$$$$ CONFLICT LIST $$$$$$$$: []
INFO:R0: --------------------------
INFO:R0@tkref=2.2667: Time to solve stand alone optimization problem: 0.255528926849
INFO:R0@tkref=2.2667: N of unsatisfied eq: 2
INFO:R0@tkref=2.2667: N of unsatisfied ieq: 7
INFO:R0@tkref=2.2667: Summary: Optimization terminated successfully. after 7 it.
DEBUG:R0@tkref=2.2667: $$$$$$$$ CONFLICT LIST $$$$$$$$: []
INFO:R0: --------------------------
INFO:R0@tkref=3.4000: Time to solve stand alone optimization problem: 0.214370012283
INFO:R0@tkref=3.4000: N of unsatisfied eq: 3
INFO:R0@tkref=3.4000: N of unsatisfied ieq: 6
INFO:R0@tkref=3.4000: Summary: Optimization terminated successfully. after 6 it.
DEBUG:R0@tkref=3.4000: $$$$$$$$ CONFLICT LIST $$$$$$$$: []
INFO:R0: --------------------------
INFO:R0@tkref=4.5333: Time to solve stand alone optimization problem: 0.110647916794
INFO:R0@tkref=4.5333: N of unsatisfied eq: 3
INFO:R0@tkref=4.5333: N of unsatisfied ieq: 6
INFO:R0@tkref=4.5333: Summary: Optimization terminated successfully. after 3 it.
DEBUG:R0@tkref=4.5333: $$$$$$$$ CONFLICT LIST $$$$$$$$: []
INFO:R0: --------------------------
INFO:R0@tkref=5.6667: Time to solve stand alone optimization problem: 0.076287984848
INFO:R0@tkref=5.6667: N of unsatisfied eq: 3
INFO:R0@tkref=5.6667: N of unsatisfied ieq: 6
INFO:R0@tkref=5.6667: Summary: Optimization terminated successfully. after 2 it.
DEBUG:R0@tkref=5.6667: $$$$$$$$ CONFLICT LIST $$$$$$$$: []
INFO:R0: --------------------------
DEBUG:R0: LAST STEP
DEBUG:R0: Approx remaining dist: 0.618504729356
DEBUG:R0: Usual approx plan dist: 3.4
DEBUG:R0: Approx gain in dist: 2.78149527064
DEBUG:R0: Last step min dist: 0.5
INFO:R0: scale 0.181913155693 Ns 7 Nk 3
INFO:R0@tkref=6.8000: Time to solve stand alone optimization problem: 0.504676103592
INFO:R0@tkref=6.8000: N of unsatisfied eq: 10
INFO:R0@tkref=6.8000: N of unsatisfied ieq: 4
INFO:R0@tkref=6.8000: Summary: Iteration limit exceeded after 26 it.
DEBUG:R0@tkref=6.8000: $$$$$$$$ CONFLICT LIST $$$$$$$$: []
INFO:R0: Finished motion planning
INFO:R0: --------------------------
INFO:R0: TOT: 7.49531099258
INFO:R0: NSE: 7
INFO:R0: FIR: 1.3238120079
INFO:R0: LAS: 0.505508899689
INFO:R0: LMA: 0
INFO:R0: MAX: 0.60581111908
INFO:R0: MIN: 0.0771400928497
INFO:R0: AVG: 0.253265810013
INFO:R0: RMP: 0.534539222717
INFO:R0: RMG: 0.534539222717
