DEBUG:R0: Using Tc_p = 0.927272727273
DEBUG:R0: Using Tc_d = 0.927272727273
INFO:R0: Init motion planning
INFO:R0@tkref=0.0000: Time to solve stand alone optimization problem: 1.04508304596
INFO:R0@tkref=0.0000: N of unsatisfied eq: 5
INFO:R0@tkref=0.0000: N of unsatisfied ieq: 10
INFO:R0@tkref=0.0000: Summary: Iteration limit exceeded after 41 it.
DEBUG:R0@tkref=0.0000: $$$$$$$$ CONFLICT LIST $$$$$$$$: []
INFO:R0: --------------------------
INFO:R0@tkref=0.9273: Time to solve stand alone optimization problem: 0.0271239280701
INFO:R0@tkref=0.9273: N of unsatisfied eq: 3
INFO:R0@tkref=0.9273: N of unsatisfied ieq: 4
INFO:R0@tkref=0.9273: Summary: Optimization terminated successfully. after 1 it.
DEBUG:R0@tkref=0.9273: $$$$$$$$ CONFLICT LIST $$$$$$$$: []
INFO:R0: --------------------------
INFO:R0@tkref=1.8545: Time to solve stand alone optimization problem: 0.130707979202
INFO:R0@tkref=1.8545: N of unsatisfied eq: 5
INFO:R0@tkref=1.8545: N of unsatisfied ieq: 9
INFO:R0@tkref=1.8545: Summary: Optimization terminated successfully. after 5 it.
DEBUG:R0@tkref=1.8545: $$$$$$$$ CONFLICT LIST $$$$$$$$: []
INFO:R0: --------------------------
INFO:R0@tkref=2.7818: Time to solve stand alone optimization problem: 0.0526139736176
INFO:R0@tkref=2.7818: N of unsatisfied eq: 3
INFO:R0@tkref=2.7818: N of unsatisfied ieq: 8
INFO:R0@tkref=2.7818: Summary: Optimization terminated successfully. after 2 it.
DEBUG:R0@tkref=2.7818: $$$$$$$$ CONFLICT LIST $$$$$$$$: []
INFO:R0: --------------------------
INFO:R0@tkref=3.7091: Time to solve stand alone optimization problem: 0.0249190330505
INFO:R0@tkref=3.7091: N of unsatisfied eq: 4
INFO:R0@tkref=3.7091: N of unsatisfied ieq: 7
INFO:R0@tkref=3.7091: Summary: Optimization terminated successfully. after 1 it.
DEBUG:R0@tkref=3.7091: $$$$$$$$ CONFLICT LIST $$$$$$$$: []
INFO:R0: --------------------------
INFO:R0@tkref=4.6364: Time to solve stand alone optimization problem: 0.0255019664764
INFO:R0@tkref=4.6364: N of unsatisfied eq: 2
INFO:R0@tkref=4.6364: N of unsatisfied ieq: 8
INFO:R0@tkref=4.6364: Summary: Optimization terminated successfully. after 1 it.
DEBUG:R0@tkref=4.6364: $$$$$$$$ CONFLICT LIST $$$$$$$$: []
INFO:R0: --------------------------
INFO:R0@tkref=5.5636: Time to solve stand alone optimization problem: 0.0255079269409
INFO:R0@tkref=5.5636: N of unsatisfied eq: 4
INFO:R0@tkref=5.5636: N of unsatisfied ieq: 7
INFO:R0@tkref=5.5636: Summary: Optimization terminated successfully. after 1 it.
DEBUG:R0@tkref=5.5636: $$$$$$$$ CONFLICT LIST $$$$$$$$: []
INFO:R0: --------------------------
DEBUG:R0: LAST STEP
DEBUG:R0: Approx remaining dist: 0.698199509087
DEBUG:R0: Usual approx plan dist: 3.4
DEBUG:R0: Approx gain in dist: 2.70180049091
DEBUG:R0: Last step min dist: 0.5
INFO:R0: scale 0.20535279679 Ns 7 Nk 3
INFO:R0@tkref=6.4909: Time to solve stand alone optimization problem: 0.357625961304
INFO:R0@tkref=6.4909: N of unsatisfied eq: 7
INFO:R0@tkref=6.4909: N of unsatisfied ieq: 4
INFO:R0@tkref=6.4909: Summary: Iteration limit exceeded after 26 it.
DEBUG:R0@tkref=6.4909: $$$$$$$$ CONFLICT LIST $$$$$$$$: []
INFO:R0: Finished motion planning
INFO:R0: --------------------------
INFO:R0: TOT: 7.27556202484
INFO:R0: NSE: 8
INFO:R0: FIR: 1.04633593559
INFO:R0: LAS: 0.358393907547
INFO:R0: LMA: 1
INFO:R0: MAX: 0.131469964981
INFO:R0: MIN: 0.0255649089813
INFO:R0: AVG: 0.0484261512756
INFO:R0: RMP: 0.141781334784
INFO:R0: RMG: 0.386503233629
