DEBUG:R0: Using Tc_p = 0.190909090909
DEBUG:R0: Using Tc_d = 0.190909090909
INFO:R0: Init motion planning
INFO:R0@tkref=0.0000: Time to solve stand alone optimization problem: 1.51831221581
INFO:R0@tkref=0.0000: N of unsatisfied eq: 4
INFO:R0@tkref=0.0000: N of unsatisfied ieq: 8
INFO:R0@tkref=0.0000: Summary: Iteration limit exceeded after 41 it.
DEBUG:R0@tkref=0.0000: $$$$$$$$ CONFLICT LIST $$$$$$$$: []
INFO:R0: --------------------------
INFO:R0@tkref=0.1909: Time to solve stand alone optimization problem: 0.108714103699
INFO:R0@tkref=0.1909: N of unsatisfied eq: 3
INFO:R0@tkref=0.1909: N of unsatisfied ieq: 6
INFO:R0@tkref=0.1909: Summary: Optimization terminated successfully. after 3 it.
DEBUG:R0@tkref=0.1909: $$$$$$$$ CONFLICT LIST $$$$$$$$: []
INFO:R0: --------------------------
INFO:R0@tkref=0.3818: Time to solve stand alone optimization problem: 0.108850002289
INFO:R0@tkref=0.3818: N of unsatisfied eq: 3
INFO:R0@tkref=0.3818: N of unsatisfied ieq: 6
INFO:R0@tkref=0.3818: Summary: Optimization terminated successfully. after 3 it.
DEBUG:R0@tkref=0.3818: $$$$$$$$ CONFLICT LIST $$$$$$$$: []
INFO:R0: --------------------------
INFO:R0@tkref=0.5727: Time to solve stand alone optimization problem: 0.11070895195
INFO:R0@tkref=0.5727: N of unsatisfied eq: 3
INFO:R0@tkref=0.5727: N of unsatisfied ieq: 6
INFO:R0@tkref=0.5727: Summary: Optimization terminated successfully. after 3 it.
DEBUG:R0@tkref=0.5727: $$$$$$$$ CONFLICT LIST $$$$$$$$: []
INFO:R0: --------------------------
INFO:R0@tkref=0.7636: Time to solve stand alone optimization problem: 0.0720291137695
INFO:R0@tkref=0.7636: N of unsatisfied eq: 3
INFO:R0@tkref=0.7636: N of unsatisfied ieq: 5
INFO:R0@tkref=0.7636: Summary: Optimization terminated successfully. after 2 it.
DEBUG:R0@tkref=0.7636: $$$$$$$$ CONFLICT LIST $$$$$$$$: []
INFO:R0: --------------------------
INFO:R0@tkref=0.9545: Time to solve stand alone optimization problem: 0.0454051494598
INFO:R0@tkref=0.9545: N of unsatisfied eq: 3
INFO:R0@tkref=0.9545: N of unsatisfied ieq: 6
INFO:R0@tkref=0.9545: Summary: Optimization terminated successfully. after 1 it.
DEBUG:R0@tkref=0.9545: $$$$$$$$ CONFLICT LIST $$$$$$$$: []
INFO:R0: --------------------------
INFO:R0@tkref=1.1455: Time to solve stand alone optimization problem: 0.046688079834
INFO:R0@tkref=1.1455: N of unsatisfied eq: 3
INFO:R0@tkref=1.1455: N of unsatisfied ieq: 6
INFO:R0@tkref=1.1455: Summary: Optimization terminated successfully. after 1 it.
DEBUG:R0@tkref=1.1455: $$$$$$$$ CONFLICT LIST $$$$$$$$: []
INFO:R0: --------------------------
INFO:R0@tkref=1.3364: Time to solve stand alone optimization problem: 0.289418935776
INFO:R0@tkref=1.3364: N of unsatisfied eq: 2
INFO:R0@tkref=1.3364: N of unsatisfied ieq: 9
INFO:R0@tkref=1.3364: Summary: Optimization terminated successfully. after 7 it.
DEBUG:R0@tkref=1.3364: $$$$$$$$ CONFLICT LIST $$$$$$$$: []
INFO:R0: --------------------------
INFO:R0@tkref=1.5273: Time to solve stand alone optimization problem: 0.335410118103
INFO:R0@tkref=1.5273: N of unsatisfied eq: 2
INFO:R0@tkref=1.5273: N of unsatisfied ieq: 7
INFO:R0@tkref=1.5273: Summary: Optimization terminated successfully. after 8 it.
DEBUG:R0@tkref=1.5273: $$$$$$$$ CONFLICT LIST $$$$$$$$: []
INFO:R0: --------------------------
INFO:R0@tkref=1.7182: Time to solve stand alone optimization problem: 0.417276859283
INFO:R0@tkref=1.7182: N of unsatisfied eq: 2
INFO:R0@tkref=1.7182: N of unsatisfied ieq: 9
INFO:R0@tkref=1.7182: Summary: Optimization terminated successfully. after 10 it.
DEBUG:R0@tkref=1.7182: $$$$$$$$ CONFLICT LIST $$$$$$$$: []
INFO:R0: --------------------------
INFO:R0@tkref=1.9091: Time to solve stand alone optimization problem: 0.699303865433
INFO:R0@tkref=1.9091: N of unsatisfied eq: 1
INFO:R0@tkref=1.9091: N of unsatisfied ieq: 3
INFO:R0@tkref=1.9091: Summary: Iteration limit exceeded after 16 it.
DEBUG:R0@tkref=1.9091: $$$$$$$$ CONFLICT LIST $$$$$$$$: []
INFO:R0: --------------------------
INFO:R0@tkref=2.1000: Time to solve stand alone optimization problem: 0.69376707077
INFO:R0@tkref=2.1000: N of unsatisfied eq: 3
INFO:R0@tkref=2.1000: N of unsatisfied ieq: 3
INFO:R0@tkref=2.1000: Summary: Iteration limit exceeded after 16 it.
DEBUG:R0@tkref=2.1000: $$$$$$$$ CONFLICT LIST $$$$$$$$: []
INFO:R0: --------------------------
INFO:R0@tkref=2.2909: Time to solve stand alone optimization problem: 0.689007997513
INFO:R0@tkref=2.2909: N of unsatisfied eq: 3
INFO:R0@tkref=2.2909: N of unsatisfied ieq: 4
INFO:R0@tkref=2.2909: Summary: Iteration limit exceeded after 16 it.
DEBUG:R0@tkref=2.2909: $$$$$$$$ CONFLICT LIST $$$$$$$$: []
INFO:R0: --------------------------
INFO:R0@tkref=2.4818: Time to solve stand alone optimization problem: 0.289124965668
INFO:R0@tkref=2.4818: N of unsatisfied eq: 3
INFO:R0@tkref=2.4818: N of unsatisfied ieq: 7
INFO:R0@tkref=2.4818: Summary: Optimization terminated successfully. after 7 it.
DEBUG:R0@tkref=2.4818: $$$$$$$$ CONFLICT LIST $$$$$$$$: []
INFO:R0: --------------------------
INFO:R0@tkref=2.6727: Time to solve stand alone optimization problem: 0.254565000534
INFO:R0@tkref=2.6727: N of unsatisfied eq: 3
INFO:R0@tkref=2.6727: N of unsatisfied ieq: 7
INFO:R0@tkref=2.6727: Summary: Optimization terminated successfully. after 6 it.
DEBUG:R0@tkref=2.6727: $$$$$$$$ CONFLICT LIST $$$$$$$$: []
INFO:R0: --------------------------
INFO:R0@tkref=2.8636: Time to solve stand alone optimization problem: 0.206903934479
INFO:R0@tkref=2.8636: N of unsatisfied eq: 3
INFO:R0@tkref=2.8636: N of unsatisfied ieq: 7
INFO:R0@tkref=2.8636: Summary: Optimization terminated successfully. after 5 it.
DEBUG:R0@tkref=2.8636: $$$$$$$$ CONFLICT LIST $$$$$$$$: []
INFO:R0: --------------------------
INFO:R0@tkref=3.0545: Time to solve stand alone optimization problem: 0.253933906555
INFO:R0@tkref=3.0545: N of unsatisfied eq: 3
INFO:R0@tkref=3.0545: N of unsatisfied ieq: 8
INFO:R0@tkref=3.0545: Summary: Optimization terminated successfully. after 6 it.
DEBUG:R0@tkref=3.0545: $$$$$$$$ CONFLICT LIST $$$$$$$$: []
INFO:R0: --------------------------
INFO:R0@tkref=3.2455: Time to solve stand alone optimization problem: 0.291725158691
INFO:R0@tkref=3.2455: N of unsatisfied eq: 3
INFO:R0@tkref=3.2455: N of unsatisfied ieq: 7
INFO:R0@tkref=3.2455: Summary: Optimization terminated successfully. after 7 it.
DEBUG:R0@tkref=3.2455: $$$$$$$$ CONFLICT LIST $$$$$$$$: []
INFO:R0: --------------------------
INFO:R0@tkref=3.4364: Time to solve stand alone optimization problem: 0.333898067474
INFO:R0@tkref=3.4364: N of unsatisfied eq: 2
INFO:R0@tkref=3.4364: N of unsatisfied ieq: 7
INFO:R0@tkref=3.4364: Summary: Optimization terminated successfully. after 8 it.
DEBUG:R0@tkref=3.4364: $$$$$$$$ CONFLICT LIST $$$$$$$$: []
INFO:R0: --------------------------
INFO:R0@tkref=3.6273: Time to solve stand alone optimization problem: 0.33135509491
INFO:R0@tkref=3.6273: N of unsatisfied eq: 2
INFO:R0@tkref=3.6273: N of unsatisfied ieq: 6
INFO:R0@tkref=3.6273: Summary: Optimization terminated successfully. after 8 it.
DEBUG:R0@tkref=3.6273: $$$$$$$$ CONFLICT LIST $$$$$$$$: []
INFO:R0: --------------------------
INFO:R0@tkref=3.8182: Time to solve stand alone optimization problem: 0.418381929398
INFO:R0@tkref=3.8182: N of unsatisfied eq: 2
INFO:R0@tkref=3.8182: N of unsatisfied ieq: 7
INFO:R0@tkref=3.8182: Summary: Optimization terminated successfully. after 10 it.
DEBUG:R0@tkref=3.8182: $$$$$$$$ CONFLICT LIST $$$$$$$$: []
INFO:R0: --------------------------
INFO:R0@tkref=4.0091: Time to solve stand alone optimization problem: 0.332104921341
INFO:R0@tkref=4.0091: N of unsatisfied eq: 2
INFO:R0@tkref=4.0091: N of unsatisfied ieq: 6
INFO:R0@tkref=4.0091: Summary: Optimization terminated successfully. after 8 it.
DEBUG:R0@tkref=4.0091: $$$$$$$$ CONFLICT LIST $$$$$$$$: []
INFO:R0: --------------------------
INFO:R0@tkref=4.2000: Time to solve stand alone optimization problem: 0.37414598465
INFO:R0@tkref=4.2000: N of unsatisfied eq: 3
INFO:R0@tkref=4.2000: N of unsatisfied ieq: 6
INFO:R0@tkref=4.2000: Summary: Optimization terminated successfully. after 9 it.
DEBUG:R0@tkref=4.2000: $$$$$$$$ CONFLICT LIST $$$$$$$$: []
INFO:R0: --------------------------
INFO:R0@tkref=4.3909: Time to solve stand alone optimization problem: 0.37199306488
INFO:R0@tkref=4.3909: N of unsatisfied eq: 3
INFO:R0@tkref=4.3909: N of unsatisfied ieq: 7
INFO:R0@tkref=4.3909: Summary: Optimization terminated successfully. after 9 it.
DEBUG:R0@tkref=4.3909: $$$$$$$$ CONFLICT LIST $$$$$$$$: []
INFO:R0: --------------------------
INFO:R0@tkref=4.5818: Time to solve stand alone optimization problem: 0.325057029724
INFO:R0@tkref=4.5818: N of unsatisfied eq: 3
INFO:R0@tkref=4.5818: N of unsatisfied ieq: 6
INFO:R0@tkref=4.5818: Summary: Optimization terminated successfully. after 8 it.
DEBUG:R0@tkref=4.5818: $$$$$$$$ CONFLICT LIST $$$$$$$$: []
INFO:R0: --------------------------
INFO:R0@tkref=4.7727: Time to solve stand alone optimization problem: 0.290771007538
INFO:R0@tkref=4.7727: N of unsatisfied eq: 3
INFO:R0@tkref=4.7727: N of unsatisfied ieq: 6
INFO:R0@tkref=4.7727: Summary: Optimization terminated successfully. after 7 it.
DEBUG:R0@tkref=4.7727: $$$$$$$$ CONFLICT LIST $$$$$$$$: []
INFO:R0: --------------------------
INFO:R0@tkref=4.9636: Time to solve stand alone optimization problem: 0.20951294899
INFO:R0@tkref=4.9636: N of unsatisfied eq: 3
INFO:R0@tkref=4.9636: N of unsatisfied ieq: 7
INFO:R0@tkref=4.9636: Summary: Optimization terminated successfully. after 5 it.
DEBUG:R0@tkref=4.9636: $$$$$$$$ CONFLICT LIST $$$$$$$$: []
INFO:R0: --------------------------
INFO:R0@tkref=5.1545: Time to solve stand alone optimization problem: 0.127954959869
INFO:R0@tkref=5.1545: N of unsatisfied eq: 3
INFO:R0@tkref=5.1545: N of unsatisfied ieq: 6
INFO:R0@tkref=5.1545: Summary: Optimization terminated successfully. after 3 it.
DEBUG:R0@tkref=5.1545: $$$$$$$$ CONFLICT LIST $$$$$$$$: []
INFO:R0: --------------------------
INFO:R0@tkref=5.3455: Time to solve stand alone optimization problem: 0.125433921814
INFO:R0@tkref=5.3455: N of unsatisfied eq: 3
INFO:R0@tkref=5.3455: N of unsatisfied ieq: 6
INFO:R0@tkref=5.3455: Summary: Optimization terminated successfully. after 3 it.
DEBUG:R0@tkref=5.3455: $$$$$$$$ CONFLICT LIST $$$$$$$$: []
INFO:R0: --------------------------
INFO:R0@tkref=5.5364: Time to solve stand alone optimization problem: 0.0850961208344
INFO:R0@tkref=5.5364: N of unsatisfied eq: 3
INFO:R0@tkref=5.5364: N of unsatisfied ieq: 6
INFO:R0@tkref=5.5364: Summary: Optimization terminated successfully. after 2 it.
DEBUG:R0@tkref=5.5364: $$$$$$$$ CONFLICT LIST $$$$$$$$: []
INFO:R0: --------------------------
INFO:R0@tkref=5.7273: Time to solve stand alone optimization problem: 0.0851540565491
INFO:R0@tkref=5.7273: N of unsatisfied eq: 3
INFO:R0@tkref=5.7273: N of unsatisfied ieq: 6
INFO:R0@tkref=5.7273: Summary: Optimization terminated successfully. after 2 it.
DEBUG:R0@tkref=5.7273: $$$$$$$$ CONFLICT LIST $$$$$$$$: []
INFO:R0: --------------------------
INFO:R0@tkref=5.9182: Time to solve stand alone optimization problem: 0.085550069809
INFO:R0@tkref=5.9182: N of unsatisfied eq: 3
INFO:R0@tkref=5.9182: N of unsatisfied ieq: 6
INFO:R0@tkref=5.9182: Summary: Optimization terminated successfully. after 2 it.
DEBUG:R0@tkref=5.9182: $$$$$$$$ CONFLICT LIST $$$$$$$$: []
INFO:R0: --------------------------
INFO:R0@tkref=6.1091: Time to solve stand alone optimization problem: 0.0882039070129
INFO:R0@tkref=6.1091: N of unsatisfied eq: 3
INFO:R0@tkref=6.1091: N of unsatisfied ieq: 5
INFO:R0@tkref=6.1091: Summary: Optimization terminated successfully. after 2 it.
DEBUG:R0@tkref=6.1091: $$$$$$$$ CONFLICT LIST $$$$$$$$: []
INFO:R0: --------------------------
INFO:R0@tkref=6.3000: Time to solve stand alone optimization problem: 0.0380139350891
INFO:R0@tkref=6.3000: N of unsatisfied eq: 3
INFO:R0@tkref=6.3000: N of unsatisfied ieq: 6
INFO:R0@tkref=6.3000: Summary: Optimization terminated successfully. after 1 it.
DEBUG:R0@tkref=6.3000: $$$$$$$$ CONFLICT LIST $$$$$$$$: []
INFO:R0: --------------------------
INFO:R0@tkref=6.4909: Time to solve stand alone optimization problem: 0.0378611087799
INFO:R0@tkref=6.4909: N of unsatisfied eq: 3
INFO:R0@tkref=6.4909: N of unsatisfied ieq: 5
INFO:R0@tkref=6.4909: Summary: Optimization terminated successfully. after 1 it.
DEBUG:R0@tkref=6.4909: $$$$$$$$ CONFLICT LIST $$$$$$$$: []
INFO:R0: --------------------------
INFO:R0@tkref=6.6818: Time to solve stand alone optimization problem: 0.0380289554596
INFO:R0@tkref=6.6818: N of unsatisfied eq: 3
INFO:R0@tkref=6.6818: N of unsatisfied ieq: 4
INFO:R0@tkref=6.6818: Summary: Optimization terminated successfully. after 1 it.
DEBUG:R0@tkref=6.6818: $$$$$$$$ CONFLICT LIST $$$$$$$$: []
INFO:R0: --------------------------
DEBUG:R0: LAST STEP
DEBUG:R0: Approx remaining dist: 0.522416316545
DEBUG:R0: Usual approx plan dist: 2.1
DEBUG:R0: Approx gain in dist: 1.57758368346
DEBUG:R0: Last step min dist: 0.5
INFO:R0: scale 0.248769674545 Ns 7 Nk 3
INFO:R0@tkref=6.8727: Time to solve stand alone optimization problem: 0.499277114868
INFO:R0@tkref=6.8727: N of unsatisfied eq: 10
INFO:R0@tkref=6.8727: N of unsatisfied ieq: 4
INFO:R0@tkref=6.8727: Summary: Iteration limit exceeded after 26 it.
DEBUG:R0@tkref=6.8727: $$$$$$$$ CONFLICT LIST $$$$$$$$: []
INFO:R0: Finished motion planning
INFO:R0: --------------------------
INFO:R0: TOT: 7.45711319643
INFO:R0: NSE: 37
INFO:R0: FIR: 1.51996994019
INFO:R0: LAS: 0.50007390976
INFO:R0: LMA: 0
INFO:R0: MAX: 0.700089931488
INFO:R0: MIN: 0.0385880470276
INFO:R0: AVG: 0.246826410294
INFO:R0: RMP: 3.66713773637
INFO:R0: RMG: 3.66713773637
