DEBUG:R0: Using Tc_p = 0.72
DEBUG:R0: Using Tc_d = 0.72
INFO:R0: Init motion planning
INFO:R0@tkref=0.0000: Time to solve stand alone optimization problem: 1.00733017921
INFO:R0@tkref=0.0000: N of unsatisfied eq: 3
INFO:R0@tkref=0.0000: N of unsatisfied ieq: 6
INFO:R0@tkref=0.0000: Summary: Iteration limit exceeded after 41 it.
DEBUG:R0@tkref=0.0000: $$$$$$$$ CONFLICT LIST $$$$$$$$: []
INFO:R0: --------------------------
INFO:R0@tkref=0.7200: Time to solve stand alone optimization problem: 0.0257439613342
INFO:R0@tkref=0.7200: N of unsatisfied eq: 3
INFO:R0@tkref=0.7200: N of unsatisfied ieq: 4
INFO:R0@tkref=0.7200: Summary: Optimization terminated successfully. after 1 it.
DEBUG:R0@tkref=0.7200: $$$$$$$$ CONFLICT LIST $$$$$$$$: []
INFO:R0: --------------------------
INFO:R0@tkref=1.4400: Time to solve stand alone optimization problem: 0.0245640277863
INFO:R0@tkref=1.4400: N of unsatisfied eq: 4
INFO:R0@tkref=1.4400: N of unsatisfied ieq: 7
INFO:R0@tkref=1.4400: Summary: Optimization terminated successfully. after 1 it.
DEBUG:R0@tkref=1.4400: $$$$$$$$ CONFLICT LIST $$$$$$$$: []
INFO:R0: --------------------------
INFO:R0@tkref=2.1600: Time to solve stand alone optimization problem: 0.0245361328125
INFO:R0@tkref=2.1600: N of unsatisfied eq: 5
INFO:R0@tkref=2.1600: N of unsatisfied ieq: 5
INFO:R0@tkref=2.1600: Summary: Optimization terminated successfully. after 1 it.
DEBUG:R0@tkref=2.1600: $$$$$$$$ CONFLICT LIST $$$$$$$$: []
INFO:R0: --------------------------
INFO:R0@tkref=2.8800: Time to solve stand alone optimization problem: 0.0245661735535
INFO:R0@tkref=2.8800: N of unsatisfied eq: 4
INFO:R0@tkref=2.8800: N of unsatisfied ieq: 6
INFO:R0@tkref=2.8800: Summary: Optimization terminated successfully. after 1 it.
DEBUG:R0@tkref=2.8800: $$$$$$$$ CONFLICT LIST $$$$$$$$: []
INFO:R0: --------------------------
INFO:R0@tkref=3.6000: Time to solve stand alone optimization problem: 0.0243470668793
INFO:R0@tkref=3.6000: N of unsatisfied eq: 4
INFO:R0@tkref=3.6000: N of unsatisfied ieq: 8
INFO:R0@tkref=3.6000: Summary: Optimization terminated successfully. after 1 it.
DEBUG:R0@tkref=3.6000: $$$$$$$$ CONFLICT LIST $$$$$$$$: []
INFO:R0: --------------------------
INFO:R0@tkref=4.3200: Time to solve stand alone optimization problem: 0.0245389938354
INFO:R0@tkref=4.3200: N of unsatisfied eq: 4
INFO:R0@tkref=4.3200: N of unsatisfied ieq: 6
INFO:R0@tkref=4.3200: Summary: Optimization terminated successfully. after 1 it.
DEBUG:R0@tkref=4.3200: $$$$$$$$ CONFLICT LIST $$$$$$$$: []
INFO:R0: --------------------------
INFO:R0@tkref=5.0400: Time to solve stand alone optimization problem: 0.0245292186737
INFO:R0@tkref=5.0400: N of unsatisfied eq: 5
INFO:R0@tkref=5.0400: N of unsatisfied ieq: 6
INFO:R0@tkref=5.0400: Summary: Optimization terminated successfully. after 1 it.
DEBUG:R0@tkref=5.0400: $$$$$$$$ CONFLICT LIST $$$$$$$$: []
INFO:R0: --------------------------
INFO:R0@tkref=5.7600: Time to solve stand alone optimization problem: 0.0242960453033
INFO:R0@tkref=5.7600: N of unsatisfied eq: 4
INFO:R0@tkref=5.7600: N of unsatisfied ieq: 6
INFO:R0@tkref=5.7600: Summary: Optimization terminated successfully. after 1 it.
DEBUG:R0@tkref=5.7600: $$$$$$$$ CONFLICT LIST $$$$$$$$: []
INFO:R0: --------------------------
DEBUG:R0: LAST STEP
DEBUG:R0: Approx remaining dist: 0.563464178763
DEBUG:R0: Usual approx plan dist: 0.9
DEBUG:R0: Approx gain in dist: 0.336535821237
DEBUG:R0: Last step min dist: 0.5
INFO:R0: scale 0.626071309737 Ns 8 Nk 4
INFO:R0@tkref=6.4800: Time to solve stand alone optimization problem: 0.435590982437
INFO:R0@tkref=6.4800: N of unsatisfied eq: 10
INFO:R0@tkref=6.4800: N of unsatisfied ieq: 3
INFO:R0@tkref=6.4800: Summary: Iteration limit exceeded after 26 it.
DEBUG:R0@tkref=6.4800: $$$$$$$$ CONFLICT LIST $$$$$$$$: []
INFO:R0: Finished motion planning
INFO:R0: --------------------------
INFO:R0: TOT: 7.08990259257
INFO:R0: NSE: 10
INFO:R0: FIR: 1.00845503807
INFO:R0: LAS: 0.436341047287
INFO:R0: LMA: 1
INFO:R0: MAX: 0.0264210700989
INFO:R0: MIN: 0.0249860286713
INFO:R0: AVG: 0.0252990424633
INFO:R0: RMP: 0.0366959306929
INFO:R0: RMG: 0.606029232343
