DEBUG:R0: Using Tc_p = 2.0
DEBUG:R0: Using Tc_d = 2.0
INFO:R0: Init motion planning
INFO:R0@tkref=0.0000: Time to solve stand alone optimization problem: 1.03524708748
INFO:R0@tkref=0.0000: N of unsatisfied eq: 4
INFO:R0@tkref=0.0000: N of unsatisfied ieq: 6
INFO:R0@tkref=0.0000: Summary: Iteration limit exceeded after 41 it.
DEBUG:R0@tkref=0.0000: $$$$$$$$ CONFLICT LIST $$$$$$$$: []
INFO:R0: --------------------------
INFO:R0@tkref=2.0000: Time to solve stand alone optimization problem: 0.0261371135712
INFO:R0@tkref=2.0000: N of unsatisfied eq: 3
INFO:R0@tkref=2.0000: N of unsatisfied ieq: 5
INFO:R0@tkref=2.0000: Summary: Optimization terminated successfully. after 1 it.
DEBUG:R0@tkref=2.0000: $$$$$$$$ CONFLICT LIST $$$$$$$$: []
INFO:R0: --------------------------
INFO:R0@tkref=4.0000: Time to solve stand alone optimization problem: 0.0244989395142
INFO:R0@tkref=4.0000: N of unsatisfied eq: 4
INFO:R0@tkref=4.0000: N of unsatisfied ieq: 5
INFO:R0@tkref=4.0000: Summary: Optimization terminated successfully. after 1 it.
DEBUG:R0@tkref=4.0000: $$$$$$$$ CONFLICT LIST $$$$$$$$: []
INFO:R0: --------------------------
DEBUG:R0: LAST STEP
DEBUG:R0: Approx remaining dist: 1.11787705202
DEBUG:R0: Usual approx plan dist: 2.5
DEBUG:R0: Approx gain in dist: 1.38212294798
DEBUG:R0: Last step min dist: 0.5
INFO:R0: scale 0.447150820807 Ns 7 Nk 3
INFO:R0@tkref=6.0000: Time to solve stand alone optimization problem: 0.368607997894
INFO:R0@tkref=6.0000: N of unsatisfied eq: 10
INFO:R0@tkref=6.0000: N of unsatisfied ieq: 4
INFO:R0@tkref=6.0000: Summary: Iteration limit exceeded after 26 it.
DEBUG:R0@tkref=6.0000: $$$$$$$$ CONFLICT LIST $$$$$$$$: []
INFO:R0: Finished motion planning
INFO:R0: --------------------------
INFO:R0: TOT: 7.25633797748
INFO:R0: NSE: 4
INFO:R0: FIR: 1.03671717644
INFO:R0: LAS: 0.369385957718
INFO:R0: LMA: 1
INFO:R0: MAX: 0.0268092155457
INFO:R0: MIN: 0.0251519680023
INFO:R0: AVG: 0.025980591774
INFO:R0: RMP: 0.0134046077728
INFO:R0: RMG: 0.184692978859
