DEBUG:R0: Using Tc_p = 2.7
DEBUG:R0: Using Tc_d = 2.7
INFO:R0: Init motion planning
INFO:R0@tkref=0.0000: Time to solve stand alone optimization problem: 1.54640197754
INFO:R0@tkref=0.0000: N of unsatisfied eq: 4
INFO:R0@tkref=0.0000: N of unsatisfied ieq: 8
INFO:R0@tkref=0.0000: Summary: Iteration limit exceeded after 41 it.
DEBUG:R0@tkref=0.0000: $$$$$$$$ CONFLICT LIST $$$$$$$$: []
INFO:R0: --------------------------
INFO:R0@tkref=2.7000: Time to solve stand alone optimization problem: 0.212394952774
INFO:R0@tkref=2.7000: N of unsatisfied eq: 3
INFO:R0@tkref=2.7000: N of unsatisfied ieq: 7
INFO:R0@tkref=2.7000: Summary: Optimization terminated successfully. after 5 it.
DEBUG:R0@tkref=2.7000: $$$$$$$$ CONFLICT LIST $$$$$$$$: []
INFO:R0: --------------------------
DEBUG:R0: LAST STEP
DEBUG:R0: Approx remaining dist: 2.0032359105
DEBUG:R0: Usual approx plan dist: 4.5
DEBUG:R0: Approx gain in dist: 2.4967640895
DEBUG:R0: Last step min dist: 0.5
INFO:R0: scale 0.445163535667 Ns 7 Nk 3
INFO:R0@tkref=5.4000: Time to solve stand alone optimization problem: 0.558073997498
INFO:R0@tkref=5.4000: N of unsatisfied eq: 10
INFO:R0@tkref=5.4000: N of unsatisfied ieq: 3
INFO:R0@tkref=5.4000: Summary: Iteration limit exceeded after 26 it.
DEBUG:R0@tkref=5.4000: $$$$$$$$ CONFLICT LIST $$$$$$$$: []
INFO:R0: Finished motion planning
INFO:R0: --------------------------
INFO:R0: TOT: 7.64577017445
INFO:R0: NSE: 3
INFO:R0: FIR: 1.54773306847
INFO:R0: LAS: 0.558915138245
INFO:R0: LMA: 1
INFO:R0: MAX: 0.213134050369
INFO:R0: MIN: 0.213134050369
INFO:R0: AVG: 0.213134050369
INFO:R0: RMP: 0.0789385371738
INFO:R0: RMG: 0.207005606757
