DEBUG:R0: Using Tc_p = 0.654545454545
DEBUG:R0: Using Tc_d = 0.654545454545
INFO:R0: Init motion planning
INFO:R0@tkref=0.0000: Time to solve stand alone optimization problem: 1.08418083191
INFO:R0@tkref=0.0000: N of unsatisfied eq: 4
INFO:R0@tkref=0.0000: N of unsatisfied ieq: 10
INFO:R0@tkref=0.0000: Summary: Iteration limit exceeded after 41 it.
DEBUG:R0@tkref=0.0000: $$$$$$$$ CONFLICT LIST $$$$$$$$: []
INFO:R0: --------------------------
INFO:R0@tkref=0.6545: Time to solve stand alone optimization problem: 0.0274569988251
INFO:R0@tkref=0.6545: N of unsatisfied eq: 3
INFO:R0@tkref=0.6545: N of unsatisfied ieq: 4
INFO:R0@tkref=0.6545: Summary: Optimization terminated successfully. after 1 it.
DEBUG:R0@tkref=0.6545: $$$$$$$$ CONFLICT LIST $$$$$$$$: []
INFO:R0: --------------------------
INFO:R0@tkref=1.3091: Time to solve stand alone optimization problem: 0.0262010097504
INFO:R0@tkref=1.3091: N of unsatisfied eq: 4
INFO:R0@tkref=1.3091: N of unsatisfied ieq: 6
INFO:R0@tkref=1.3091: Summary: Optimization terminated successfully. after 1 it.
DEBUG:R0@tkref=1.3091: $$$$$$$$ CONFLICT LIST $$$$$$$$: []
INFO:R0: --------------------------
INFO:R0@tkref=1.9636: Time to solve stand alone optimization problem: 0.0262570381165
INFO:R0@tkref=1.9636: N of unsatisfied eq: 4
INFO:R0@tkref=1.9636: N of unsatisfied ieq: 6
INFO:R0@tkref=1.9636: Summary: Optimization terminated successfully. after 1 it.
DEBUG:R0@tkref=1.9636: $$$$$$$$ CONFLICT LIST $$$$$$$$: []
INFO:R0: --------------------------
INFO:R0@tkref=2.6182: Time to solve stand alone optimization problem: 0.0262229442596
INFO:R0@tkref=2.6182: N of unsatisfied eq: 5
INFO:R0@tkref=2.6182: N of unsatisfied ieq: 6
INFO:R0@tkref=2.6182: Summary: Optimization terminated successfully. after 1 it.
DEBUG:R0@tkref=2.6182: $$$$$$$$ CONFLICT LIST $$$$$$$$: []
INFO:R0: --------------------------
INFO:R0@tkref=3.2727: Time to solve stand alone optimization problem: 0.0261960029602
INFO:R0@tkref=3.2727: N of unsatisfied eq: 5
INFO:R0@tkref=3.2727: N of unsatisfied ieq: 6
INFO:R0@tkref=3.2727: Summary: Optimization terminated successfully. after 1 it.
DEBUG:R0@tkref=3.2727: $$$$$$$$ CONFLICT LIST $$$$$$$$: []
INFO:R0: --------------------------
INFO:R0@tkref=3.9273: Time to solve stand alone optimization problem: 0.0265560150146
INFO:R0@tkref=3.9273: N of unsatisfied eq: 4
INFO:R0@tkref=3.9273: N of unsatisfied ieq: 6
INFO:R0@tkref=3.9273: Summary: Optimization terminated successfully. after 1 it.
DEBUG:R0@tkref=3.9273: $$$$$$$$ CONFLICT LIST $$$$$$$$: []
INFO:R0: --------------------------
INFO:R0@tkref=4.5818: Time to solve stand alone optimization problem: 0.0258600711823
INFO:R0@tkref=4.5818: N of unsatisfied eq: 4
INFO:R0@tkref=4.5818: N of unsatisfied ieq: 4
INFO:R0@tkref=4.5818: Summary: Optimization terminated successfully. after 1 it.
DEBUG:R0@tkref=4.5818: $$$$$$$$ CONFLICT LIST $$$$$$$$: []
INFO:R0: --------------------------
INFO:R0@tkref=5.2364: Time to solve stand alone optimization problem: 0.0258100032806
INFO:R0@tkref=5.2364: N of unsatisfied eq: 3
INFO:R0@tkref=5.2364: N of unsatisfied ieq: 7
INFO:R0@tkref=5.2364: Summary: Optimization terminated successfully. after 1 it.
DEBUG:R0@tkref=5.2364: $$$$$$$$ CONFLICT LIST $$$$$$$$: []
INFO:R0: --------------------------
INFO:R0@tkref=5.8909: Time to solve stand alone optimization problem: 0.026643037796
INFO:R0@tkref=5.8909: N of unsatisfied eq: 4
INFO:R0@tkref=5.8909: N of unsatisfied ieq: 5
INFO:R0@tkref=5.8909: Summary: Optimization terminated successfully. after 1 it.
DEBUG:R0@tkref=5.8909: $$$$$$$$ CONFLICT LIST $$$$$$$$: []
INFO:R0: --------------------------
DEBUG:R0: LAST STEP
DEBUG:R0: Approx remaining dist: 0.555299837103
DEBUG:R0: Usual approx plan dist: 1.8
DEBUG:R0: Approx gain in dist: 1.2447001629
DEBUG:R0: Last step min dist: 0.5
INFO:R0: scale 0.308499909502 Ns 7 Nk 3
INFO:R0@tkref=6.5455: Time to solve stand alone optimization problem: 0.370567083359
INFO:R0@tkref=6.5455: N of unsatisfied eq: 10
INFO:R0@tkref=6.5455: N of unsatisfied ieq: 4
INFO:R0@tkref=6.5455: Summary: Iteration limit exceeded after 26 it.
DEBUG:R0@tkref=6.5455: $$$$$$$$ CONFLICT LIST $$$$$$$$: []
INFO:R0: Finished motion planning
INFO:R0: --------------------------
INFO:R0: TOT: 7.16950651569
INFO:R0: NSE: 11
INFO:R0: FIR: 1.08540511131
INFO:R0: LAS: 0.371330022812
INFO:R0: LMA: 1
INFO:R0: MAX: 0.028119802475
INFO:R0: MIN: 0.0264568328857
INFO:R0: AVG: 0.0270234213935
INFO:R0: RMP: 0.0429608093368
INFO:R0: RMG: 0.567309757074
