DEBUG:R0: Using Tc_p = 0.672727272727
DEBUG:R0: Using Tc_d = 0.672727272727
INFO:R0: Init motion planning
INFO:R0@tkref=0.0000: Time to solve stand alone optimization problem: 1.48709201813
INFO:R0@tkref=0.0000: N of unsatisfied eq: 5
INFO:R0@tkref=0.0000: N of unsatisfied ieq: 10
INFO:R0@tkref=0.0000: Summary: Iteration limit exceeded after 41 it.
DEBUG:R0@tkref=0.0000: $$$$$$$$ CONFLICT LIST $$$$$$$$: []
INFO:R0: --------------------------
INFO:R0@tkref=0.6727: Time to solve stand alone optimization problem: 0.212907075882
INFO:R0@tkref=0.6727: N of unsatisfied eq: 1
INFO:R0@tkref=0.6727: N of unsatisfied ieq: 7
INFO:R0@tkref=0.6727: Summary: Optimization terminated successfully. after 6 it.
DEBUG:R0@tkref=0.6727: $$$$$$$$ CONFLICT LIST $$$$$$$$: []
INFO:R0: --------------------------
INFO:R0@tkref=1.3455: Time to solve stand alone optimization problem: 0.205382108688
INFO:R0@tkref=1.3455: N of unsatisfied eq: 1
INFO:R0@tkref=1.3455: N of unsatisfied ieq: 7
INFO:R0@tkref=1.3455: Summary: Optimization terminated successfully. after 5 it.
DEBUG:R0@tkref=1.3455: $$$$$$$$ CONFLICT LIST $$$$$$$$: []
INFO:R0: --------------------------
INFO:R0@tkref=2.0182: Time to solve stand alone optimization problem: 0.320894002914
INFO:R0@tkref=2.0182: N of unsatisfied eq: 2
INFO:R0@tkref=2.0182: N of unsatisfied ieq: 7
INFO:R0@tkref=2.0182: Summary: Optimization terminated successfully. after 8 it.
DEBUG:R0@tkref=2.0182: $$$$$$$$ CONFLICT LIST $$$$$$$$: []
INFO:R0: --------------------------
INFO:R0@tkref=2.6909: Time to solve stand alone optimization problem: 0.242246866226
INFO:R0@tkref=2.6909: N of unsatisfied eq: 3
INFO:R0@tkref=2.6909: N of unsatisfied ieq: 7
INFO:R0@tkref=2.6909: Summary: Optimization terminated successfully. after 6 it.
DEBUG:R0@tkref=2.6909: $$$$$$$$ CONFLICT LIST $$$$$$$$: []
INFO:R0: --------------------------
INFO:R0@tkref=3.3636: Time to solve stand alone optimization problem: 0.204171895981
INFO:R0@tkref=3.3636: N of unsatisfied eq: 3
INFO:R0@tkref=3.3636: N of unsatisfied ieq: 6
INFO:R0@tkref=3.3636: Summary: Optimization terminated successfully. after 5 it.
DEBUG:R0@tkref=3.3636: $$$$$$$$ CONFLICT LIST $$$$$$$$: []
INFO:R0: --------------------------
INFO:R0@tkref=4.0364: Time to solve stand alone optimization problem: 0.203828811646
INFO:R0@tkref=4.0364: N of unsatisfied eq: 3
INFO:R0@tkref=4.0364: N of unsatisfied ieq: 7
INFO:R0@tkref=4.0364: Summary: Optimization terminated successfully. after 5 it.
DEBUG:R0@tkref=4.0364: $$$$$$$$ CONFLICT LIST $$$$$$$$: []
INFO:R0: --------------------------
INFO:R0@tkref=4.7091: Time to solve stand alone optimization problem: 0.124678850174
INFO:R0@tkref=4.7091: N of unsatisfied eq: 3
INFO:R0@tkref=4.7091: N of unsatisfied ieq: 6
INFO:R0@tkref=4.7091: Summary: Optimization terminated successfully. after 3 it.
DEBUG:R0@tkref=4.7091: $$$$$$$$ CONFLICT LIST $$$$$$$$: []
INFO:R0: --------------------------
INFO:R0@tkref=5.3818: Time to solve stand alone optimization problem: 0.0847859382629
INFO:R0@tkref=5.3818: N of unsatisfied eq: 3
INFO:R0@tkref=5.3818: N of unsatisfied ieq: 6
INFO:R0@tkref=5.3818: Summary: Optimization terminated successfully. after 2 it.
DEBUG:R0@tkref=5.3818: $$$$$$$$ CONFLICT LIST $$$$$$$$: []
INFO:R0: --------------------------
INFO:R0@tkref=6.0545: Time to solve stand alone optimization problem: 0.0860481262207
INFO:R0@tkref=6.0545: N of unsatisfied eq: 3
INFO:R0@tkref=6.0545: N of unsatisfied ieq: 5
INFO:R0@tkref=6.0545: Summary: Optimization terminated successfully. after 2 it.
DEBUG:R0@tkref=6.0545: $$$$$$$$ CONFLICT LIST $$$$$$$$: []
INFO:R0: --------------------------
DEBUG:R0: LAST STEP
DEBUG:R0: Approx remaining dist: 0.732340548443
DEBUG:R0: Usual approx plan dist: 3.7
DEBUG:R0: Approx gain in dist: 2.96765945156
DEBUG:R0: Last step min dist: 0.5
INFO:R0: scale 0.197929877958 Ns 7 Nk 3
INFO:R0@tkref=6.7273: Time to solve stand alone optimization problem: 0.489037036896
INFO:R0@tkref=6.7273: N of unsatisfied eq: 10
INFO:R0@tkref=6.7273: N of unsatisfied ieq: 4
INFO:R0@tkref=6.7273: Summary: Iteration limit exceeded after 26 it.
DEBUG:R0@tkref=6.7273: $$$$$$$$ CONFLICT LIST $$$$$$$$: []
INFO:R0: Finished motion planning
INFO:R0: --------------------------
INFO:R0: TOT: 7.55034393036
INFO:R0: NSE: 11
INFO:R0: FIR: 1.48850607872
INFO:R0: LAS: 0.489890813828
INFO:R0: LMA: 1
INFO:R0: MAX: 0.322230815887
INFO:R0: MIN: 0.0855731964111
INFO:R0: AVG: 0.188117027283
INFO:R0: RMP: 0.478991753346
INFO:R0: RMG: 0.728216074608
