DEBUG:R0: Using Tc_p = 0.436363636364
DEBUG:R0: Using Tc_d = 0.436363636364
INFO:R0: Init motion planning
INFO:R0@tkref=0.0000: Time to solve stand alone optimization problem: 1.07038784027
INFO:R0@tkref=0.0000: N of unsatisfied eq: 5
INFO:R0@tkref=0.0000: N of unsatisfied ieq: 10
INFO:R0@tkref=0.0000: Summary: Iteration limit exceeded after 41 it.
DEBUG:R0@tkref=0.0000: $$$$$$$$ CONFLICT LIST $$$$$$$$: []
INFO:R0: --------------------------
INFO:R0@tkref=0.4364: Time to solve stand alone optimization problem: 0.0783529281616
INFO:R0@tkref=0.4364: N of unsatisfied eq: 3
INFO:R0@tkref=0.4364: N of unsatisfied ieq: 9
INFO:R0@tkref=0.4364: Summary: Optimization terminated successfully. after 3 it.
DEBUG:R0@tkref=0.4364: $$$$$$$$ CONFLICT LIST $$$$$$$$: []
INFO:R0: --------------------------
INFO:R0@tkref=0.8727: Time to solve stand alone optimization problem: 0.079892873764
INFO:R0@tkref=0.8727: N of unsatisfied eq: 3
INFO:R0@tkref=0.8727: N of unsatisfied ieq: 10
INFO:R0@tkref=0.8727: Summary: Optimization terminated successfully. after 3 it.
DEBUG:R0@tkref=0.8727: $$$$$$$$ CONFLICT LIST $$$$$$$$: []
INFO:R0: --------------------------
INFO:R0@tkref=1.3091: Time to solve stand alone optimization problem: 0.0509569644928
INFO:R0@tkref=1.3091: N of unsatisfied eq: 3
INFO:R0@tkref=1.3091: N of unsatisfied ieq: 8
INFO:R0@tkref=1.3091: Summary: Optimization terminated successfully. after 2 it.
DEBUG:R0@tkref=1.3091: $$$$$$$$ CONFLICT LIST $$$$$$$$: []
INFO:R0: --------------------------
INFO:R0@tkref=1.7455: Time to solve stand alone optimization problem: 0.0274050235748
INFO:R0@tkref=1.7455: N of unsatisfied eq: 3
INFO:R0@tkref=1.7455: N of unsatisfied ieq: 9
INFO:R0@tkref=1.7455: Summary: Optimization terminated successfully. after 1 it.
DEBUG:R0@tkref=1.7455: $$$$$$$$ CONFLICT LIST $$$$$$$$: []
INFO:R0: --------------------------
INFO:R0@tkref=2.1818: Time to solve stand alone optimization problem: 0.0273940563202
INFO:R0@tkref=2.1818: N of unsatisfied eq: 3
INFO:R0@tkref=2.1818: N of unsatisfied ieq: 7
INFO:R0@tkref=2.1818: Summary: Optimization terminated successfully. after 1 it.
DEBUG:R0@tkref=2.1818: $$$$$$$$ CONFLICT LIST $$$$$$$$: []
INFO:R0: --------------------------
INFO:R0@tkref=2.6182: Time to solve stand alone optimization problem: 0.0277361869812
INFO:R0@tkref=2.6182: N of unsatisfied eq: 3
INFO:R0@tkref=2.6182: N of unsatisfied ieq: 7
INFO:R0@tkref=2.6182: Summary: Optimization terminated successfully. after 1 it.
DEBUG:R0@tkref=2.6182: $$$$$$$$ CONFLICT LIST $$$$$$$$: []
INFO:R0: --------------------------
INFO:R0@tkref=3.0545: Time to solve stand alone optimization problem: 0.0276429653168
INFO:R0@tkref=3.0545: N of unsatisfied eq: 3
INFO:R0@tkref=3.0545: N of unsatisfied ieq: 2
INFO:R0@tkref=3.0545: Summary: Optimization terminated successfully. after 1 it.
DEBUG:R0@tkref=3.0545: $$$$$$$$ CONFLICT LIST $$$$$$$$: []
INFO:R0: --------------------------
INFO:R0@tkref=3.4909: Time to solve stand alone optimization problem: 0.0263621807098
INFO:R0@tkref=3.4909: N of unsatisfied eq: 3
INFO:R0@tkref=3.4909: N of unsatisfied ieq: 7
INFO:R0@tkref=3.4909: Summary: Optimization terminated successfully. after 1 it.
DEBUG:R0@tkref=3.4909: $$$$$$$$ CONFLICT LIST $$$$$$$$: []
INFO:R0: --------------------------
INFO:R0@tkref=3.9273: Time to solve stand alone optimization problem: 0.0263500213623
INFO:R0@tkref=3.9273: N of unsatisfied eq: 5
INFO:R0@tkref=3.9273: N of unsatisfied ieq: 7
INFO:R0@tkref=3.9273: Summary: Optimization terminated successfully. after 1 it.
DEBUG:R0@tkref=3.9273: $$$$$$$$ CONFLICT LIST $$$$$$$$: []
INFO:R0: --------------------------
INFO:R0@tkref=4.3636: Time to solve stand alone optimization problem: 0.0264058113098
INFO:R0@tkref=4.3636: N of unsatisfied eq: 4
INFO:R0@tkref=4.3636: N of unsatisfied ieq: 7
INFO:R0@tkref=4.3636: Summary: Optimization terminated successfully. after 1 it.
DEBUG:R0@tkref=4.3636: $$$$$$$$ CONFLICT LIST $$$$$$$$: []
INFO:R0: --------------------------
INFO:R0@tkref=4.8000: Time to solve stand alone optimization problem: 0.026358127594
INFO:R0@tkref=4.8000: N of unsatisfied eq: 4
INFO:R0@tkref=4.8000: N of unsatisfied ieq: 6
INFO:R0@tkref=4.8000: Summary: Optimization terminated successfully. after 1 it.
DEBUG:R0@tkref=4.8000: $$$$$$$$ CONFLICT LIST $$$$$$$$: []
INFO:R0: --------------------------
INFO:R0@tkref=5.2364: Time to solve stand alone optimization problem: 0.0263948440552
INFO:R0@tkref=5.2364: N of unsatisfied eq: 3
INFO:R0@tkref=5.2364: N of unsatisfied ieq: 8
INFO:R0@tkref=5.2364: Summary: Optimization terminated successfully. after 1 it.
DEBUG:R0@tkref=5.2364: $$$$$$$$ CONFLICT LIST $$$$$$$$: []
INFO:R0: --------------------------
INFO:R0@tkref=5.6727: Time to solve stand alone optimization problem: 0.0263800621033
INFO:R0@tkref=5.6727: N of unsatisfied eq: 3
INFO:R0@tkref=5.6727: N of unsatisfied ieq: 8
INFO:R0@tkref=5.6727: Summary: Optimization terminated successfully. after 1 it.
DEBUG:R0@tkref=5.6727: $$$$$$$$ CONFLICT LIST $$$$$$$$: []
INFO:R0: --------------------------
INFO:R0@tkref=6.1091: Time to solve stand alone optimization problem: 0.0261747837067
INFO:R0@tkref=6.1091: N of unsatisfied eq: 5
INFO:R0@tkref=6.1091: N of unsatisfied ieq: 7
INFO:R0@tkref=6.1091: Summary: Optimization terminated successfully. after 1 it.
DEBUG:R0@tkref=6.1091: $$$$$$$$ CONFLICT LIST $$$$$$$$: []
INFO:R0: --------------------------
DEBUG:R0: LAST STEP
DEBUG:R0: Approx remaining dist: 0.758790633468
DEBUG:R0: Usual approx plan dist: 4.8
DEBUG:R0: Approx gain in dist: 4.04120936653
DEBUG:R0: Last step min dist: 0.5
INFO:R0: scale 0.158081381973 Ns 7 Nk 3
INFO:R0@tkref=6.5455: Time to solve stand alone optimization problem: 0.373284101486
INFO:R0@tkref=6.5455: N of unsatisfied eq: 7
INFO:R0@tkref=6.5455: N of unsatisfied ieq: 4
INFO:R0@tkref=6.5455: Summary: Iteration limit exceeded after 26 it.
DEBUG:R0@tkref=6.5455: $$$$$$$$ CONFLICT LIST $$$$$$$$: []
INFO:R0: Finished motion planning
INFO:R0: --------------------------
INFO:R0: TOT: 7.39820474345
INFO:R0: NSE: 16
INFO:R0: FIR: 1.0717420578
INFO:R0: LAS: 0.374073028564
INFO:R0: LMA: 1
INFO:R0: MAX: 0.0806760787964
INFO:R0: MIN: 0.0268797874451
INFO:R0: AVG: 0.0366765260696
INFO:R0: RMP: 0.184882680575
INFO:R0: RMG: 0.85725069046
