DEBUG:R0: Using Tc_p = 0.872727272727
DEBUG:R0: Using Tc_d = 0.872727272727
INFO:R0: Init motion planning
INFO:R0@tkref=0.0000: Time to solve stand alone optimization problem: 1.48877096176
INFO:R0@tkref=0.0000: N of unsatisfied eq: 5
INFO:R0@tkref=0.0000: N of unsatisfied ieq: 8
INFO:R0@tkref=0.0000: Summary: Iteration limit exceeded after 41 it.
DEBUG:R0@tkref=0.0000: $$$$$$$$ CONFLICT LIST $$$$$$$$: []
INFO:R0: --------------------------
INFO:R0@tkref=0.8727: Time to solve stand alone optimization problem: 0.462593078613
INFO:R0@tkref=0.8727: N of unsatisfied eq: 1
INFO:R0@tkref=0.8727: N of unsatisfied ieq: 8
INFO:R0@tkref=0.8727: Summary: Optimization terminated successfully. after 13 it.
DEBUG:R0@tkref=0.8727: $$$$$$$$ CONFLICT LIST $$$$$$$$: []
INFO:R0: --------------------------
INFO:R0@tkref=1.7455: Time to solve stand alone optimization problem: 0.25151515007
INFO:R0@tkref=1.7455: N of unsatisfied eq: 2
INFO:R0@tkref=1.7455: N of unsatisfied ieq: 8
INFO:R0@tkref=1.7455: Summary: Optimization terminated successfully. after 6 it.
DEBUG:R0@tkref=1.7455: $$$$$$$$ CONFLICT LIST $$$$$$$$: []
INFO:R0: --------------------------
INFO:R0@tkref=2.6182: Time to solve stand alone optimization problem: 0.284435033798
INFO:R0@tkref=2.6182: N of unsatisfied eq: 3
INFO:R0@tkref=2.6182: N of unsatisfied ieq: 7
INFO:R0@tkref=2.6182: Summary: Optimization terminated successfully. after 7 it.
DEBUG:R0@tkref=2.6182: $$$$$$$$ CONFLICT LIST $$$$$$$$: []
INFO:R0: --------------------------
INFO:R0@tkref=3.4909: Time to solve stand alone optimization problem: 0.208507061005
INFO:R0@tkref=3.4909: N of unsatisfied eq: 3
INFO:R0@tkref=3.4909: N of unsatisfied ieq: 7
INFO:R0@tkref=3.4909: Summary: Optimization terminated successfully. after 5 it.
DEBUG:R0@tkref=3.4909: $$$$$$$$ CONFLICT LIST $$$$$$$$: []
INFO:R0: --------------------------
INFO:R0@tkref=4.3636: Time to solve stand alone optimization problem: 0.243319988251
INFO:R0@tkref=4.3636: N of unsatisfied eq: 3
INFO:R0@tkref=4.3636: N of unsatisfied ieq: 7
INFO:R0@tkref=4.3636: Summary: Optimization terminated successfully. after 6 it.
DEBUG:R0@tkref=4.3636: $$$$$$$$ CONFLICT LIST $$$$$$$$: []
INFO:R0: --------------------------
INFO:R0@tkref=5.2364: Time to solve stand alone optimization problem: 0.0854599475861
INFO:R0@tkref=5.2364: N of unsatisfied eq: 3
INFO:R0@tkref=5.2364: N of unsatisfied ieq: 6
INFO:R0@tkref=5.2364: Summary: Optimization terminated successfully. after 2 it.
DEBUG:R0@tkref=5.2364: $$$$$$$$ CONFLICT LIST $$$$$$$$: []
INFO:R0: --------------------------
INFO:R0@tkref=6.1091: Time to solve stand alone optimization problem: 0.0865440368652
INFO:R0@tkref=6.1091: N of unsatisfied eq: 3
INFO:R0@tkref=6.1091: N of unsatisfied ieq: 6
INFO:R0@tkref=6.1091: Summary: Optimization terminated successfully. after 2 it.
DEBUG:R0@tkref=6.1091: $$$$$$$$ CONFLICT LIST $$$$$$$$: []
INFO:R0: --------------------------
DEBUG:R0: LAST STEP
DEBUG:R0: Approx remaining dist: 0.460603528043
DEBUG:R0: Usual approx plan dist: 3.2
DEBUG:R0: Approx gain in dist: 2.73939647196
DEBUG:R0: Last step min dist: 0.5
INFO:R0: scale 0.143938602514 Ns 7 Nk 3
INFO:R0@tkref=6.9818: Time to solve stand alone optimization problem: 0.490770816803
INFO:R0@tkref=6.9818: N of unsatisfied eq: 10
INFO:R0@tkref=6.9818: N of unsatisfied ieq: 4
INFO:R0@tkref=6.9818: Summary: Iteration limit exceeded after 26 it.
DEBUG:R0@tkref=6.9818: $$$$$$$$ CONFLICT LIST $$$$$$$$: []
INFO:R0: Finished motion planning
INFO:R0: --------------------------
INFO:R0: TOT: 7.49783773676
INFO:R0: NSE: 9
INFO:R0: FIR: 1.49019217491
INFO:R0: LAS: 0.491868972778
INFO:R0: LMA: 1
INFO:R0: MAX: 0.463411808014
INFO:R0: MIN: 0.0862791538239
INFO:R0: AVG: 0.232588257108
INFO:R0: RMP: 0.530992696683
INFO:R0: RMG: 0.563599864642
