DEBUG:R0: Using Tc_p = 0.372727272727
DEBUG:R0: Using Tc_d = 0.372727272727
INFO:R0: Init motion planning
INFO:R0@tkref=0.0000: Time to solve stand alone optimization problem: 2.53877711296
INFO:R0@tkref=0.0000: N of unsatisfied eq: 3
INFO:R0@tkref=0.0000: N of unsatisfied ieq: 7
INFO:R0@tkref=0.0000: Summary: Iteration limit exceeded after 41 it.
DEBUG:R0@tkref=0.0000: $$$$$$$$ CONFLICT LIST $$$$$$$$: []
INFO:R0: --------------------------
INFO:R0@tkref=0.3727: Time to solve stand alone optimization problem: 0.597292900085
INFO:R0@tkref=0.3727: N of unsatisfied eq: 1
INFO:R0@tkref=0.3727: N of unsatisfied ieq: 9
INFO:R0@tkref=0.3727: Summary: Optimization terminated successfully. after 10 it.
DEBUG:R0@tkref=0.3727: $$$$$$$$ CONFLICT LIST $$$$$$$$: []
INFO:R0: --------------------------
INFO:R0@tkref=0.7455: Time to solve stand alone optimization problem: 0.669398069382
INFO:R0@tkref=0.7455: N of unsatisfied eq: 1
INFO:R0@tkref=0.7455: N of unsatisfied ieq: 8
INFO:R0@tkref=0.7455: Summary: Optimization terminated successfully. after 10 it.
DEBUG:R0@tkref=0.7455: $$$$$$$$ CONFLICT LIST $$$$$$$$: []
INFO:R0: --------------------------
INFO:R0@tkref=1.1182: Time to solve stand alone optimization problem: 0.604958772659
INFO:R0@tkref=1.1182: N of unsatisfied eq: 2
INFO:R0@tkref=1.1182: N of unsatisfied ieq: 7
INFO:R0@tkref=1.1182: Summary: Optimization terminated successfully. after 10 it.
DEBUG:R0@tkref=1.1182: $$$$$$$$ CONFLICT LIST $$$$$$$$: []
INFO:R0: --------------------------
INFO:R0@tkref=1.4909: Time to solve stand alone optimization problem: 0.801789999008
INFO:R0@tkref=1.4909: N of unsatisfied eq: 1
INFO:R0@tkref=1.4909: N of unsatisfied ieq: 8
INFO:R0@tkref=1.4909: Summary: Optimization terminated successfully. after 12 it.
DEBUG:R0@tkref=1.4909: $$$$$$$$ CONFLICT LIST $$$$$$$$: []
INFO:R0: --------------------------
INFO:R0@tkref=1.8636: Time to solve stand alone optimization problem: 1.14995598793
INFO:R0@tkref=1.8636: N of unsatisfied eq: 1
INFO:R0@tkref=1.8636: N of unsatisfied ieq: 6
INFO:R0@tkref=1.8636: Summary: Iteration limit exceeded after 16 it.
DEBUG:R0@tkref=1.8636: $$$$$$$$ CONFLICT LIST $$$$$$$$: []
INFO:R0: --------------------------
INFO:R0@tkref=2.2364: Time to solve stand alone optimization problem: 1.05526900291
INFO:R0@tkref=2.2364: N of unsatisfied eq: 2
INFO:R0@tkref=2.2364: N of unsatisfied ieq: 6
INFO:R0@tkref=2.2364: Summary: Iteration limit exceeded after 16 it.
DEBUG:R0@tkref=2.2364: $$$$$$$$ CONFLICT LIST $$$$$$$$: []
INFO:R0: --------------------------
INFO:R0@tkref=2.6091: Time to solve stand alone optimization problem: 0.659002065659
INFO:R0@tkref=2.6091: N of unsatisfied eq: 3
INFO:R0@tkref=2.6091: N of unsatisfied ieq: 8
INFO:R0@tkref=2.6091: Summary: Optimization terminated successfully. after 10 it.
DEBUG:R0@tkref=2.6091: $$$$$$$$ CONFLICT LIST $$$$$$$$: []
INFO:R0: --------------------------
INFO:R0@tkref=2.9818: Time to solve stand alone optimization problem: 1.04723000526
INFO:R0@tkref=2.9818: N of unsatisfied eq: 3
INFO:R0@tkref=2.9818: N of unsatisfied ieq: 7
INFO:R0@tkref=2.9818: Summary: Iteration limit exceeded after 16 it.
DEBUG:R0@tkref=2.9818: $$$$$$$$ CONFLICT LIST $$$$$$$$: []
INFO:R0: --------------------------
INFO:R0@tkref=3.3545: Time to solve stand alone optimization problem: 0.660001039505
INFO:R0@tkref=3.3545: N of unsatisfied eq: 3
INFO:R0@tkref=3.3545: N of unsatisfied ieq: 8
INFO:R0@tkref=3.3545: Summary: Optimization terminated successfully. after 10 it.
DEBUG:R0@tkref=3.3545: $$$$$$$$ CONFLICT LIST $$$$$$$$: []
INFO:R0: --------------------------
INFO:R0@tkref=3.7273: Time to solve stand alone optimization problem: 0.72511100769
INFO:R0@tkref=3.7273: N of unsatisfied eq: 2
INFO:R0@tkref=3.7273: N of unsatisfied ieq: 8
INFO:R0@tkref=3.7273: Summary: Optimization terminated successfully. after 11 it.
DEBUG:R0@tkref=3.7273: $$$$$$$$ CONFLICT LIST $$$$$$$$: []
INFO:R0: --------------------------
INFO:R0@tkref=4.1000: Time to solve stand alone optimization problem: 0.666831970215
INFO:R0@tkref=4.1000: N of unsatisfied eq: 3
INFO:R0@tkref=4.1000: N of unsatisfied ieq: 7
INFO:R0@tkref=4.1000: Summary: Optimization terminated successfully. after 10 it.
DEBUG:R0@tkref=4.1000: $$$$$$$$ CONFLICT LIST $$$$$$$$: []
INFO:R0: --------------------------
INFO:R0@tkref=4.4727: Time to solve stand alone optimization problem: 1.1384999752
INFO:R0@tkref=4.4727: N of unsatisfied eq: 3
INFO:R0@tkref=4.4727: N of unsatisfied ieq: 7
INFO:R0@tkref=4.4727: Summary: Iteration limit exceeded after 16 it.
DEBUG:R0@tkref=4.4727: $$$$$$$$ CONFLICT LIST $$$$$$$$: []
INFO:R0: --------------------------
INFO:R0@tkref=4.8455: Time to solve stand alone optimization problem: 0.8008248806
INFO:R0@tkref=4.8455: N of unsatisfied eq: 3
INFO:R0@tkref=4.8455: N of unsatisfied ieq: 7
INFO:R0@tkref=4.8455: Summary: Optimization terminated successfully. after 11 it.
DEBUG:R0@tkref=4.8455: $$$$$$$$ CONFLICT LIST $$$$$$$$: []
INFO:R0: --------------------------
INFO:R0@tkref=5.2182: Time to solve stand alone optimization problem: 0.926691770554
INFO:R0@tkref=5.2182: N of unsatisfied eq: 3
INFO:R0@tkref=5.2182: N of unsatisfied ieq: 7
INFO:R0@tkref=5.2182: Summary: Optimization terminated successfully. after 13 it.
DEBUG:R0@tkref=5.2182: $$$$$$$$ CONFLICT LIST $$$$$$$$: []
INFO:R0: --------------------------
INFO:R0@tkref=5.5909: Time to solve stand alone optimization problem: 0.397422790527
INFO:R0@tkref=5.5909: N of unsatisfied eq: 3
INFO:R0@tkref=5.5909: N of unsatisfied ieq: 9
INFO:R0@tkref=5.5909: Summary: Optimization terminated successfully. after 6 it.
DEBUG:R0@tkref=5.5909: $$$$$$$$ CONFLICT LIST $$$$$$$$: []
INFO:R0: --------------------------
INFO:R0@tkref=5.9636: Time to solve stand alone optimization problem: 0.20343208313
INFO:R0@tkref=5.9636: N of unsatisfied eq: 3
INFO:R0@tkref=5.9636: N of unsatisfied ieq: 7
INFO:R0@tkref=5.9636: Summary: Optimization terminated successfully. after 3 it.
DEBUG:R0@tkref=5.9636: $$$$$$$$ CONFLICT LIST $$$$$$$$: []
INFO:R0: --------------------------
INFO:R0@tkref=6.3364: Time to solve stand alone optimization problem: 0.203793048859
INFO:R0@tkref=6.3364: N of unsatisfied eq: 3
INFO:R0@tkref=6.3364: N of unsatisfied ieq: 7
INFO:R0@tkref=6.3364: Summary: Optimization terminated successfully. after 3 it.
DEBUG:R0@tkref=6.3364: $$$$$$$$ CONFLICT LIST $$$$$$$$: []
INFO:R0: --------------------------
INFO:R0@tkref=6.7091: Time to solve stand alone optimization problem: 0.109695911407
INFO:R0@tkref=6.7091: N of unsatisfied eq: 3
INFO:R0@tkref=6.7091: N of unsatisfied ieq: 6
INFO:R0@tkref=6.7091: Summary: Optimization terminated successfully. after 2 it.
DEBUG:R0@tkref=6.7091: $$$$$$$$ CONFLICT LIST $$$$$$$$: []
INFO:R0: --------------------------
INFO:R0@tkref=7.0818: Time to solve stand alone optimization problem: 0.108150005341
INFO:R0@tkref=7.0818: N of unsatisfied eq: 3
INFO:R0@tkref=7.0818: N of unsatisfied ieq: 5
INFO:R0@tkref=7.0818: Summary: Optimization terminated successfully. after 2 it.
DEBUG:R0@tkref=7.0818: $$$$$$$$ CONFLICT LIST $$$$$$$$: []
INFO:R0: --------------------------
DEBUG:R0: LAST STEP
DEBUG:R0: Approx remaining dist: 0.842331447929
DEBUG:R0: Usual approx plan dist: 4.1
DEBUG:R0: Approx gain in dist: 3.25766855207
DEBUG:R0: Last step min dist: 0.5
INFO:R0: scale 0.205446694617 Ns 7 Nk 3
INFO:R0@tkref=7.4545: Time to solve stand alone optimization problem: 0.629451036453
INFO:R0@tkref=7.4545: N of unsatisfied eq: 10
INFO:R0@tkref=7.4545: N of unsatisfied ieq: 4
INFO:R0@tkref=7.4545: Summary: Iteration limit exceeded after 26 it.
DEBUG:R0@tkref=7.4545: $$$$$$$$ CONFLICT LIST $$$$$$$$: []
INFO:R0: Finished motion planning
INFO:R0: --------------------------
INFO:R0: TOT: 8.39561665275
INFO:R0: NSE: 21
INFO:R0: FIR: 2.54016494751
INFO:R0: LAS: 0.630346059799
INFO:R0: LMA: 0
INFO:R0: MAX: 1.15084385872
INFO:R0: MIN: 0.109025001526
INFO:R0: AVG: 0.660139221894
INFO:R0: RMP: 3.08762986486
INFO:R0: RMG: 3.08762986486
