DEBUG:R0: Using Tc_p = 1.86666666667
DEBUG:R0: Using Tc_d = 1.86666666667
INFO:R0: Init motion planning
INFO:R0@tkref=0.0000: Time to solve stand alone optimization problem: 2.5978012085
INFO:R0@tkref=0.0000: N of unsatisfied eq: 5
INFO:R0@tkref=0.0000: N of unsatisfied ieq: 10
INFO:R0@tkref=0.0000: Summary: Iteration limit exceeded after 41 it.
DEBUG:R0@tkref=0.0000: $$$$$$$$ CONFLICT LIST $$$$$$$$: []
INFO:R0: --------------------------
INFO:R0@tkref=1.8667: Time to solve stand alone optimization problem: 0.914050102234
INFO:R0@tkref=1.8667: N of unsatisfied eq: 2
INFO:R0@tkref=1.8667: N of unsatisfied ieq: 6
INFO:R0@tkref=1.8667: Summary: Iteration limit exceeded after 16 it.
DEBUG:R0@tkref=1.8667: $$$$$$$$ CONFLICT LIST $$$$$$$$: []
INFO:R0: --------------------------
INFO:R0@tkref=3.7333: Time to solve stand alone optimization problem: 0.937775850296
INFO:R0@tkref=3.7333: N of unsatisfied eq: 3
INFO:R0@tkref=3.7333: N of unsatisfied ieq: 3
INFO:R0@tkref=3.7333: Summary: Iteration limit exceeded after 16 it.
DEBUG:R0@tkref=3.7333: $$$$$$$$ CONFLICT LIST $$$$$$$$: []
INFO:R0: --------------------------
INFO:R0@tkref=5.6000: Time to solve stand alone optimization problem: 0.925204992294
INFO:R0@tkref=5.6000: N of unsatisfied eq: 2
INFO:R0@tkref=5.6000: N of unsatisfied ieq: 5
INFO:R0@tkref=5.6000: Summary: Iteration limit exceeded after 16 it.
DEBUG:R0@tkref=5.6000: $$$$$$$$ CONFLICT LIST $$$$$$$$: []
INFO:R0: --------------------------
DEBUG:R0: LAST STEP
DEBUG:R0: Approx remaining dist: 1.81963535678
DEBUG:R0: Usual approx plan dist: 4.2
DEBUG:R0: Approx gain in dist: 2.38036464322
DEBUG:R0: Last step min dist: 0.5
INFO:R0: scale 0.43324651352 Ns 7 Nk 3
INFO:R0@tkref=7.4667: Time to solve stand alone optimization problem: 0.767199039459
INFO:R0@tkref=7.4667: N of unsatisfied eq: 10
INFO:R0@tkref=7.4667: N of unsatisfied ieq: 3
INFO:R0@tkref=7.4667: Summary: Iteration limit exceeded after 26 it.
DEBUG:R0@tkref=7.4667: $$$$$$$$ CONFLICT LIST $$$$$$$$: []
INFO:R0: Finished motion planning
INFO:R0: --------------------------
INFO:R0: TOT: 9.51234764356
INFO:R0: NSE: 5
INFO:R0: FIR: 2.59913015366
INFO:R0: LAS: 0.768062829971
INFO:R0: LMA: 0
INFO:R0: MAX: 0.938718080521
INFO:R0: MIN: 0.914906024933
INFO:R0: AVG: 0.926563660304
INFO:R0: RMP: 0.502884685993
INFO:R0: RMG: 0.502884685993
