DEBUG:R0: Using Tc_p = 1.4
DEBUG:R0: Using Tc_d = 1.4
INFO:R0: Init motion planning
INFO:R0@tkref=0.0000: Time to solve stand alone optimization problem: 0.972048997879
INFO:R0@tkref=0.0000: N of unsatisfied eq: 5
INFO:R0@tkref=0.0000: N of unsatisfied ieq: 6
INFO:R0@tkref=0.0000: Summary: Iteration limit exceeded after 41 it.
DEBUG:R0@tkref=0.0000: $$$$$$$$ CONFLICT LIST $$$$$$$$: []
INFO:R0: --------------------------
INFO:R0@tkref=1.4000: Time to solve stand alone optimization problem: 0.0481810569763
INFO:R0@tkref=1.4000: N of unsatisfied eq: 3
INFO:R0@tkref=1.4000: N of unsatisfied ieq: 5
INFO:R0@tkref=1.4000: Summary: Optimization terminated successfully. after 2 it.
DEBUG:R0@tkref=1.4000: $$$$$$$$ CONFLICT LIST $$$$$$$$: []
INFO:R0: --------------------------
INFO:R0@tkref=2.8000: Time to solve stand alone optimization problem: 0.0242269039154
INFO:R0@tkref=2.8000: N of unsatisfied eq: 3
INFO:R0@tkref=2.8000: N of unsatisfied ieq: 7
INFO:R0@tkref=2.8000: Summary: Optimization terminated successfully. after 1 it.
DEBUG:R0@tkref=2.8000: $$$$$$$$ CONFLICT LIST $$$$$$$$: []
INFO:R0: --------------------------
INFO:R0@tkref=4.2000: Time to solve stand alone optimization problem: 0.0234370231628
INFO:R0@tkref=4.2000: N of unsatisfied eq: 4
INFO:R0@tkref=4.2000: N of unsatisfied ieq: 7
INFO:R0@tkref=4.2000: Summary: Optimization terminated successfully. after 1 it.
DEBUG:R0@tkref=4.2000: $$$$$$$$ CONFLICT LIST $$$$$$$$: []
INFO:R0: --------------------------
DEBUG:R0: LAST STEP
DEBUG:R0: Approx remaining dist: 1.58477143073
DEBUG:R0: Usual approx plan dist: 4.2
DEBUG:R0: Approx gain in dist: 2.61522856927
DEBUG:R0: Last step min dist: 0.5
INFO:R0: scale 0.377326531125 Ns 7 Nk 3
INFO:R0@tkref=5.6000: Time to solve stand alone optimization problem: 0.366161108017
INFO:R0@tkref=5.6000: N of unsatisfied eq: 10
INFO:R0@tkref=5.6000: N of unsatisfied ieq: 4
INFO:R0@tkref=5.6000: Summary: Iteration limit exceeded after 26 it.
DEBUG:R0@tkref=5.6000: $$$$$$$$ CONFLICT LIST $$$$$$$$: []
INFO:R0: Finished motion planning
INFO:R0: --------------------------
INFO:R0: TOT: 7.38123480491
INFO:R0: NSE: 5
INFO:R0: FIR: 0.973218917847
INFO:R0: LAS: 0.366893053055
INFO:R0: LMA: 1
INFO:R0: MAX: 0.0489439964294
INFO:R0: MIN: 0.0240988731384
INFO:R0: AVG: 0.0326479276021
INFO:R0: RMP: 0.0349599974496
INFO:R0: RMG: 0.262066466468
