DEBUG:R0: Using Tc_p = 0.39
DEBUG:R0: Using Tc_d = 0.39
INFO:R0: Init motion planning
INFO:R0@tkref=0.0000: Time to solve stand alone optimization problem: 1.4139008522
INFO:R0@tkref=0.0000: N of unsatisfied eq: 5
INFO:R0@tkref=0.0000: N of unsatisfied ieq: 8
INFO:R0@tkref=0.0000: Summary: Iteration limit exceeded after 41 it.
DEBUG:R0@tkref=0.0000: $$$$$$$$ CONFLICT LIST $$$$$$$$: []
INFO:R0: --------------------------
INFO:R0@tkref=0.3900: Time to solve stand alone optimization problem: 0.532788991928
INFO:R0@tkref=0.3900: N of unsatisfied eq: 3
INFO:R0@tkref=0.3900: N of unsatisfied ieq: 3
INFO:R0@tkref=0.3900: Summary: Iteration limit exceeded after 16 it.
DEBUG:R0@tkref=0.3900: $$$$$$$$ CONFLICT LIST $$$$$$$$: []
INFO:R0: --------------------------
INFO:R0@tkref=0.7800: Time to solve stand alone optimization problem: 0.436388969421
INFO:R0@tkref=0.7800: N of unsatisfied eq: 2
INFO:R0@tkref=0.7800: N of unsatisfied ieq: 8
INFO:R0@tkref=0.7800: Summary: Optimization terminated successfully. after 13 it.
DEBUG:R0@tkref=0.7800: $$$$$$$$ CONFLICT LIST $$$$$$$$: []
INFO:R0: --------------------------
INFO:R0@tkref=1.1700: Time to solve stand alone optimization problem: 0.239515066147
INFO:R0@tkref=1.1700: N of unsatisfied eq: 2
INFO:R0@tkref=1.1700: N of unsatisfied ieq: 7
INFO:R0@tkref=1.1700: Summary: Optimization terminated successfully. after 6 it.
DEBUG:R0@tkref=1.1700: $$$$$$$$ CONFLICT LIST $$$$$$$$: []
INFO:R0: --------------------------
INFO:R0@tkref=1.5600: Time to solve stand alone optimization problem: 0.314252138138
INFO:R0@tkref=1.5600: N of unsatisfied eq: 2
INFO:R0@tkref=1.5600: N of unsatisfied ieq: 6
INFO:R0@tkref=1.5600: Summary: Optimization terminated successfully. after 8 it.
DEBUG:R0@tkref=1.5600: $$$$$$$$ CONFLICT LIST $$$$$$$$: []
INFO:R0: --------------------------
INFO:R0@tkref=1.9500: Time to solve stand alone optimization problem: 0.268320083618
INFO:R0@tkref=1.9500: N of unsatisfied eq: 2
INFO:R0@tkref=1.9500: N of unsatisfied ieq: 7
INFO:R0@tkref=1.9500: Summary: Optimization terminated successfully. after 7 it.
DEBUG:R0@tkref=1.9500: $$$$$$$$ CONFLICT LIST $$$$$$$$: []
INFO:R0: --------------------------
INFO:R0@tkref=2.3400: Time to solve stand alone optimization problem: 0.272842884064
INFO:R0@tkref=2.3400: N of unsatisfied eq: 2
INFO:R0@tkref=2.3400: N of unsatisfied ieq: 5
INFO:R0@tkref=2.3400: Summary: Optimization terminated successfully. after 7 it.
DEBUG:R0@tkref=2.3400: $$$$$$$$ CONFLICT LIST $$$$$$$$: []
INFO:R0: --------------------------
INFO:R0@tkref=2.7300: Time to solve stand alone optimization problem: 0.266136884689
INFO:R0@tkref=2.7300: N of unsatisfied eq: 3
INFO:R0@tkref=2.7300: N of unsatisfied ieq: 6
INFO:R0@tkref=2.7300: Summary: Optimization terminated successfully. after 7 it.
DEBUG:R0@tkref=2.7300: $$$$$$$$ CONFLICT LIST $$$$$$$$: []
INFO:R0: --------------------------
INFO:R0@tkref=3.1200: Time to solve stand alone optimization problem: 0.307435035706
INFO:R0@tkref=3.1200: N of unsatisfied eq: 3
INFO:R0@tkref=3.1200: N of unsatisfied ieq: 7
INFO:R0@tkref=3.1200: Summary: Optimization terminated successfully. after 8 it.
DEBUG:R0@tkref=3.1200: $$$$$$$$ CONFLICT LIST $$$$$$$$: []
INFO:R0: --------------------------
INFO:R0@tkref=3.5100: Time to solve stand alone optimization problem: 0.34219288826
INFO:R0@tkref=3.5100: N of unsatisfied eq: 2
INFO:R0@tkref=3.5100: N of unsatisfied ieq: 6
INFO:R0@tkref=3.5100: Summary: Optimization terminated successfully. after 9 it.
DEBUG:R0@tkref=3.5100: $$$$$$$$ CONFLICT LIST $$$$$$$$: []
INFO:R0: --------------------------
INFO:R0@tkref=3.9000: Time to solve stand alone optimization problem: 0.269742012024
INFO:R0@tkref=3.9000: N of unsatisfied eq: 2
INFO:R0@tkref=3.9000: N of unsatisfied ieq: 7
INFO:R0@tkref=3.9000: Summary: Optimization terminated successfully. after 7 it.
DEBUG:R0@tkref=3.9000: $$$$$$$$ CONFLICT LIST $$$$$$$$: []
INFO:R0: --------------------------
INFO:R0@tkref=4.2900: Time to solve stand alone optimization problem: 0.345657110214
INFO:R0@tkref=4.2900: N of unsatisfied eq: 2
INFO:R0@tkref=4.2900: N of unsatisfied ieq: 7
INFO:R0@tkref=4.2900: Summary: Optimization terminated successfully. after 9 it.
DEBUG:R0@tkref=4.2900: $$$$$$$$ CONFLICT LIST $$$$$$$$: []
INFO:R0: --------------------------
INFO:R0@tkref=4.6800: Time to solve stand alone optimization problem: 0.311435937881
INFO:R0@tkref=4.6800: N of unsatisfied eq: 3
INFO:R0@tkref=4.6800: N of unsatisfied ieq: 5
INFO:R0@tkref=4.6800: Summary: Optimization terminated successfully. after 8 it.
DEBUG:R0@tkref=4.6800: $$$$$$$$ CONFLICT LIST $$$$$$$$: []
INFO:R0: --------------------------
INFO:R0@tkref=5.0700: Time to solve stand alone optimization problem: 0.234484195709
INFO:R0@tkref=5.0700: N of unsatisfied eq: 3
INFO:R0@tkref=5.0700: N of unsatisfied ieq: 7
INFO:R0@tkref=5.0700: Summary: Optimization terminated successfully. after 6 it.
DEBUG:R0@tkref=5.0700: $$$$$$$$ CONFLICT LIST $$$$$$$$: []
INFO:R0: --------------------------
INFO:R0@tkref=5.4600: Time to solve stand alone optimization problem: 0.192338228226
INFO:R0@tkref=5.4600: N of unsatisfied eq: 3
INFO:R0@tkref=5.4600: N of unsatisfied ieq: 7
INFO:R0@tkref=5.4600: Summary: Optimization terminated successfully. after 5 it.
DEBUG:R0@tkref=5.4600: $$$$$$$$ CONFLICT LIST $$$$$$$$: []
INFO:R0: --------------------------
INFO:R0@tkref=5.8500: Time to solve stand alone optimization problem: 0.155486106873
INFO:R0@tkref=5.8500: N of unsatisfied eq: 3
INFO:R0@tkref=5.8500: N of unsatisfied ieq: 7
INFO:R0@tkref=5.8500: Summary: Optimization terminated successfully. after 4 it.
DEBUG:R0@tkref=5.8500: $$$$$$$$ CONFLICT LIST $$$$$$$$: []
INFO:R0: --------------------------
INFO:R0@tkref=6.2400: Time to solve stand alone optimization problem: 0.118766069412
INFO:R0@tkref=6.2400: N of unsatisfied eq: 3
INFO:R0@tkref=6.2400: N of unsatisfied ieq: 6
INFO:R0@tkref=6.2400: Summary: Optimization terminated successfully. after 3 it.
DEBUG:R0@tkref=6.2400: $$$$$$$$ CONFLICT LIST $$$$$$$$: []
INFO:R0: --------------------------
INFO:R0@tkref=6.6300: Time to solve stand alone optimization problem: 0.0996999740601
INFO:R0@tkref=6.6300: N of unsatisfied eq: 3
INFO:R0@tkref=6.6300: N of unsatisfied ieq: 6
INFO:R0@tkref=6.6300: Summary: Optimization terminated successfully. after 3 it.
DEBUG:R0@tkref=6.6300: $$$$$$$$ CONFLICT LIST $$$$$$$$: []
INFO:R0: --------------------------
INFO:R0@tkref=7.0200: Time to solve stand alone optimization problem: 0.0678548812866
INFO:R0@tkref=7.0200: N of unsatisfied eq: 3
INFO:R0@tkref=7.0200: N of unsatisfied ieq: 6
INFO:R0@tkref=7.0200: Summary: Optimization terminated successfully. after 2 it.
DEBUG:R0@tkref=7.0200: $$$$$$$$ CONFLICT LIST $$$$$$$$: []
INFO:R0: --------------------------
DEBUG:R0: LAST STEP
DEBUG:R0: Approx remaining dist: 0.499407595838
DEBUG:R0: Usual approx plan dist: 3.9
DEBUG:R0: Approx gain in dist: 3.40059240416
DEBUG:R0: Last step min dist: 0.5
INFO:R0: scale 0.128053229702 Ns 7 Nk 3
INFO:R0@tkref=7.4100: Time to solve stand alone optimization problem: 0.494444847107
INFO:R0@tkref=7.4100: N of unsatisfied eq: 10
INFO:R0@tkref=7.4100: N of unsatisfied ieq: 1
INFO:R0@tkref=7.4100: Summary: Iteration limit exceeded after 26 it.
DEBUG:R0@tkref=7.4100: $$$$$$$$ CONFLICT LIST $$$$$$$$: []
INFO:R0: Finished motion planning
INFO:R0: --------------------------
INFO:R0: TOT: 8.03621912412
INFO:R0: NSE: 20
INFO:R0: FIR: 1.4152879715
INFO:R0: LAS: 0.495290994644
INFO:R0: LMA: 0
INFO:R0: MAX: 0.533622980118
INFO:R0: MIN: 0.0686099529266
INFO:R0: AVG: 0.26614663336
INFO:R0: RMP: 1.36826405158
INFO:R0: RMG: 1.36826405158
