DEBUG:R0: Using Tc_p = 0.222222222222
DEBUG:R0: Using Tc_d = 0.222222222222
INFO:R0: Init motion planning
INFO:R0@tkref=0.0000: Time to solve stand alone optimization problem: 0.870542049408
INFO:R0@tkref=0.0000: N of unsatisfied eq: 4
INFO:R0@tkref=0.0000: N of unsatisfied ieq: 5
INFO:R0@tkref=0.0000: Summary: Iteration limit exceeded after 41 it.
DEBUG:R0@tkref=0.0000: $$$$$$$$ CONFLICT LIST $$$$$$$$: []
INFO:R0: --------------------------
INFO:R0@tkref=0.2222: Time to solve stand alone optimization problem: 0.130454063416
INFO:R0@tkref=0.2222: N of unsatisfied eq: 3
INFO:R0@tkref=0.2222: N of unsatisfied ieq: 6
INFO:R0@tkref=0.2222: Summary: Optimization terminated successfully. after 6 it.
DEBUG:R0@tkref=0.2222: $$$$$$$$ CONFLICT LIST $$$$$$$$: []
INFO:R0: --------------------------
INFO:R0@tkref=0.4444: Time to solve stand alone optimization problem: 0.0224628448486
INFO:R0@tkref=0.4444: N of unsatisfied eq: 3
INFO:R0@tkref=0.4444: N of unsatisfied ieq: 8
INFO:R0@tkref=0.4444: Summary: Optimization terminated successfully. after 1 it.
DEBUG:R0@tkref=0.4444: $$$$$$$$ CONFLICT LIST $$$$$$$$: []
INFO:R0: --------------------------
INFO:R0@tkref=0.6667: Time to solve stand alone optimization problem: 0.0436019897461
INFO:R0@tkref=0.6667: N of unsatisfied eq: 3
INFO:R0@tkref=0.6667: N of unsatisfied ieq: 8
INFO:R0@tkref=0.6667: Summary: Optimization terminated successfully. after 2 it.
DEBUG:R0@tkref=0.6667: $$$$$$$$ CONFLICT LIST $$$$$$$$: []
INFO:R0: --------------------------
INFO:R0@tkref=0.8889: Time to solve stand alone optimization problem: 0.0644609928131
INFO:R0@tkref=0.8889: N of unsatisfied eq: 3
INFO:R0@tkref=0.8889: N of unsatisfied ieq: 6
INFO:R0@tkref=0.8889: Summary: Optimization terminated successfully. after 3 it.
DEBUG:R0@tkref=0.8889: $$$$$$$$ CONFLICT LIST $$$$$$$$: []
INFO:R0: --------------------------
INFO:R0@tkref=1.1111: Time to solve stand alone optimization problem: 0.0432438850403
INFO:R0@tkref=1.1111: N of unsatisfied eq: 3
INFO:R0@tkref=1.1111: N of unsatisfied ieq: 8
INFO:R0@tkref=1.1111: Summary: Optimization terminated successfully. after 2 it.
DEBUG:R0@tkref=1.1111: $$$$$$$$ CONFLICT LIST $$$$$$$$: []
INFO:R0: --------------------------
INFO:R0@tkref=1.3333: Time to solve stand alone optimization problem: 0.0242269039154
INFO:R0@tkref=1.3333: N of unsatisfied eq: 3
INFO:R0@tkref=1.3333: N of unsatisfied ieq: 6
INFO:R0@tkref=1.3333: Summary: Optimization terminated successfully. after 1 it.
DEBUG:R0@tkref=1.3333: $$$$$$$$ CONFLICT LIST $$$$$$$$: []
INFO:R0: --------------------------
INFO:R0@tkref=1.5556: Time to solve stand alone optimization problem: 0.022125005722
INFO:R0@tkref=1.5556: N of unsatisfied eq: 3
INFO:R0@tkref=1.5556: N of unsatisfied ieq: 6
INFO:R0@tkref=1.5556: Summary: Optimization terminated successfully. after 1 it.
DEBUG:R0@tkref=1.5556: $$$$$$$$ CONFLICT LIST $$$$$$$$: []
INFO:R0: --------------------------
INFO:R0@tkref=1.7778: Time to solve stand alone optimization problem: 0.0235259532928
INFO:R0@tkref=1.7778: N of unsatisfied eq: 4
INFO:R0@tkref=1.7778: N of unsatisfied ieq: 6
INFO:R0@tkref=1.7778: Summary: Optimization terminated successfully. after 1 it.
DEBUG:R0@tkref=1.7778: $$$$$$$$ CONFLICT LIST $$$$$$$$: []
INFO:R0: --------------------------
INFO:R0@tkref=2.0000: Time to solve stand alone optimization problem: 0.0210070610046
INFO:R0@tkref=2.0000: N of unsatisfied eq: 4
INFO:R0@tkref=2.0000: N of unsatisfied ieq: 5
INFO:R0@tkref=2.0000: Summary: Optimization terminated successfully. after 1 it.
DEBUG:R0@tkref=2.0000: $$$$$$$$ CONFLICT LIST $$$$$$$$: []
INFO:R0: --------------------------
INFO:R0@tkref=2.2222: Time to solve stand alone optimization problem: 0.0213549137115
INFO:R0@tkref=2.2222: N of unsatisfied eq: 3
INFO:R0@tkref=2.2222: N of unsatisfied ieq: 5
INFO:R0@tkref=2.2222: Summary: Optimization terminated successfully. after 1 it.
DEBUG:R0@tkref=2.2222: $$$$$$$$ CONFLICT LIST $$$$$$$$: []
INFO:R0: --------------------------
INFO:R0@tkref=2.4444: Time to solve stand alone optimization problem: 0.0211560726166
INFO:R0@tkref=2.4444: N of unsatisfied eq: 3
INFO:R0@tkref=2.4444: N of unsatisfied ieq: 5
INFO:R0@tkref=2.4444: Summary: Optimization terminated successfully. after 1 it.
DEBUG:R0@tkref=2.4444: $$$$$$$$ CONFLICT LIST $$$$$$$$: []
INFO:R0: --------------------------
INFO:R0@tkref=2.6667: Time to solve stand alone optimization problem: 0.0212280750275
INFO:R0@tkref=2.6667: N of unsatisfied eq: 4
INFO:R0@tkref=2.6667: N of unsatisfied ieq: 6
INFO:R0@tkref=2.6667: Summary: Optimization terminated successfully. after 1 it.
DEBUG:R0@tkref=2.6667: $$$$$$$$ CONFLICT LIST $$$$$$$$: []
INFO:R0: --------------------------
INFO:R0@tkref=2.8889: Time to solve stand alone optimization problem: 0.0212390422821
INFO:R0@tkref=2.8889: N of unsatisfied eq: 5
INFO:R0@tkref=2.8889: N of unsatisfied ieq: 5
INFO:R0@tkref=2.8889: Summary: Optimization terminated successfully. after 1 it.
DEBUG:R0@tkref=2.8889: $$$$$$$$ CONFLICT LIST $$$$$$$$: []
INFO:R0: --------------------------
INFO:R0@tkref=3.1111: Time to solve stand alone optimization problem: 0.0212349891663
INFO:R0@tkref=3.1111: N of unsatisfied eq: 3
INFO:R0@tkref=3.1111: N of unsatisfied ieq: 3
INFO:R0@tkref=3.1111: Summary: Optimization terminated successfully. after 1 it.
DEBUG:R0@tkref=3.1111: $$$$$$$$ CONFLICT LIST $$$$$$$$: []
INFO:R0: --------------------------
INFO:R0@tkref=3.3333: Time to solve stand alone optimization problem: 0.0211780071259
INFO:R0@tkref=3.3333: N of unsatisfied eq: 4
INFO:R0@tkref=3.3333: N of unsatisfied ieq: 5
INFO:R0@tkref=3.3333: Summary: Optimization terminated successfully. after 1 it.
DEBUG:R0@tkref=3.3333: $$$$$$$$ CONFLICT LIST $$$$$$$$: []
INFO:R0: --------------------------
INFO:R0@tkref=3.5556: Time to solve stand alone optimization problem: 0.0211138725281
INFO:R0@tkref=3.5556: N of unsatisfied eq: 3
INFO:R0@tkref=3.5556: N of unsatisfied ieq: 4
INFO:R0@tkref=3.5556: Summary: Optimization terminated successfully. after 1 it.
DEBUG:R0@tkref=3.5556: $$$$$$$$ CONFLICT LIST $$$$$$$$: []
INFO:R0: --------------------------
INFO:R0@tkref=3.7778: Time to solve stand alone optimization problem: 0.0212278366089
INFO:R0@tkref=3.7778: N of unsatisfied eq: 3
INFO:R0@tkref=3.7778: N of unsatisfied ieq: 5
INFO:R0@tkref=3.7778: Summary: Optimization terminated successfully. after 1 it.
DEBUG:R0@tkref=3.7778: $$$$$$$$ CONFLICT LIST $$$$$$$$: []
INFO:R0: --------------------------
INFO:R0@tkref=4.0000: Time to solve stand alone optimization problem: 0.0212059020996
INFO:R0@tkref=4.0000: N of unsatisfied eq: 5
INFO:R0@tkref=4.0000: N of unsatisfied ieq: 5
INFO:R0@tkref=4.0000: Summary: Optimization terminated successfully. after 1 it.
DEBUG:R0@tkref=4.0000: $$$$$$$$ CONFLICT LIST $$$$$$$$: []
INFO:R0: --------------------------
INFO:R0@tkref=4.2222: Time to solve stand alone optimization problem: 0.020877122879
INFO:R0@tkref=4.2222: N of unsatisfied eq: 4
INFO:R0@tkref=4.2222: N of unsatisfied ieq: 4
INFO:R0@tkref=4.2222: Summary: Optimization terminated successfully. after 1 it.
DEBUG:R0@tkref=4.2222: $$$$$$$$ CONFLICT LIST $$$$$$$$: []
INFO:R0: --------------------------
INFO:R0@tkref=4.4444: Time to solve stand alone optimization problem: 0.0229229927063
INFO:R0@tkref=4.4444: N of unsatisfied eq: 3
INFO:R0@tkref=4.4444: N of unsatisfied ieq: 5
INFO:R0@tkref=4.4444: Summary: Optimization terminated successfully. after 1 it.
DEBUG:R0@tkref=4.4444: $$$$$$$$ CONFLICT LIST $$$$$$$$: []
INFO:R0: --------------------------
INFO:R0@tkref=4.6667: Time to solve stand alone optimization problem: 0.0210180282593
INFO:R0@tkref=4.6667: N of unsatisfied eq: 4
INFO:R0@tkref=4.6667: N of unsatisfied ieq: 4
INFO:R0@tkref=4.6667: Summary: Optimization terminated successfully. after 1 it.
DEBUG:R0@tkref=4.6667: $$$$$$$$ CONFLICT LIST $$$$$$$$: []
INFO:R0: --------------------------
INFO:R0@tkref=4.8889: Time to solve stand alone optimization problem: 0.0209200382233
INFO:R0@tkref=4.8889: N of unsatisfied eq: 4
INFO:R0@tkref=4.8889: N of unsatisfied ieq: 6
INFO:R0@tkref=4.8889: Summary: Optimization terminated successfully. after 1 it.
DEBUG:R0@tkref=4.8889: $$$$$$$$ CONFLICT LIST $$$$$$$$: []
INFO:R0: --------------------------
INFO:R0@tkref=5.1111: Time to solve stand alone optimization problem: 0.0211710929871
INFO:R0@tkref=5.1111: N of unsatisfied eq: 3
INFO:R0@tkref=5.1111: N of unsatisfied ieq: 6
INFO:R0@tkref=5.1111: Summary: Optimization terminated successfully. after 1 it.
DEBUG:R0@tkref=5.1111: $$$$$$$$ CONFLICT LIST $$$$$$$$: []
INFO:R0: --------------------------
INFO:R0@tkref=5.3333: Time to solve stand alone optimization problem: 0.0210518836975
INFO:R0@tkref=5.3333: N of unsatisfied eq: 5
INFO:R0@tkref=5.3333: N of unsatisfied ieq: 5
INFO:R0@tkref=5.3333: Summary: Optimization terminated successfully. after 1 it.
DEBUG:R0@tkref=5.3333: $$$$$$$$ CONFLICT LIST $$$$$$$$: []
INFO:R0: --------------------------
INFO:R0@tkref=5.5556: Time to solve stand alone optimization problem: 0.0208899974823
INFO:R0@tkref=5.5556: N of unsatisfied eq: 4
INFO:R0@tkref=5.5556: N of unsatisfied ieq: 4
INFO:R0@tkref=5.5556: Summary: Optimization terminated successfully. after 1 it.
DEBUG:R0@tkref=5.5556: $$$$$$$$ CONFLICT LIST $$$$$$$$: []
INFO:R0: --------------------------
INFO:R0@tkref=5.7778: Time to solve stand alone optimization problem: 0.0211250782013
INFO:R0@tkref=5.7778: N of unsatisfied eq: 4
INFO:R0@tkref=5.7778: N of unsatisfied ieq: 6
INFO:R0@tkref=5.7778: Summary: Optimization terminated successfully. after 1 it.
DEBUG:R0@tkref=5.7778: $$$$$$$$ CONFLICT LIST $$$$$$$$: []
INFO:R0: --------------------------
INFO:R0@tkref=6.0000: Time to solve stand alone optimization problem: 0.0211400985718
INFO:R0@tkref=6.0000: N of unsatisfied eq: 4
INFO:R0@tkref=6.0000: N of unsatisfied ieq: 6
INFO:R0@tkref=6.0000: Summary: Optimization terminated successfully. after 1 it.
DEBUG:R0@tkref=6.0000: $$$$$$$$ CONFLICT LIST $$$$$$$$: []
INFO:R0: --------------------------
INFO:R0@tkref=6.2222: Time to solve stand alone optimization problem: 0.0211818218231
INFO:R0@tkref=6.2222: N of unsatisfied eq: 4
INFO:R0@tkref=6.2222: N of unsatisfied ieq: 5
INFO:R0@tkref=6.2222: Summary: Optimization terminated successfully. after 1 it.
DEBUG:R0@tkref=6.2222: $$$$$$$$ CONFLICT LIST $$$$$$$$: []
INFO:R0: --------------------------
DEBUG:R0: LAST STEP
DEBUG:R0: Approx remaining dist: 0.649080377735
DEBUG:R0: Usual approx plan dist: 2.0
DEBUG:R0: Approx gain in dist: 1.35091962226
DEBUG:R0: Last step min dist: 0.5
INFO:R0: scale 0.324540188868 Ns 7 Nk 3
INFO:R0@tkref=6.4444: Time to solve stand alone optimization problem: 0.366019964218
INFO:R0@tkref=6.4444: N of unsatisfied eq: 10
INFO:R0@tkref=6.4444: N of unsatisfied ieq: 4
INFO:R0@tkref=6.4444: Summary: Iteration limit exceeded after 26 it.
DEBUG:R0@tkref=6.4444: $$$$$$$$ CONFLICT LIST $$$$$$$$: []
INFO:R0: Finished motion planning
INFO:R0: --------------------------
INFO:R0: TOT: 7.17389382966
INFO:R0: NSE: 30
INFO:R0: FIR: 0.87166595459
INFO:R0: LAS: 0.366784095764
INFO:R0: LMA: 1
INFO:R0: MAX: 0.131176948547
INFO:R0: MIN: 0.0215311050415
INFO:R0: AVG: 0.0291812164443
INFO:R0: RMP: 0.590296268463
INFO:R0: RMG: 1.65052843094
