DEBUG:R0: Using Tc_p = 1.8
DEBUG:R0: Using Tc_d = 1.8
INFO:R0: Init motion planning
INFO:R0@tkref=0.0000: Time to solve stand alone optimization problem: 0.905457019806
INFO:R0@tkref=0.0000: N of unsatisfied eq: 5
INFO:R0@tkref=0.0000: N of unsatisfied ieq: 9
INFO:R0@tkref=0.0000: Summary: Iteration limit exceeded after 41 it.
DEBUG:R0@tkref=0.0000: $$$$$$$$ CONFLICT LIST $$$$$$$$: []
INFO:R0: --------------------------
INFO:R0@tkref=1.8000: Time to solve stand alone optimization problem: 0.0230398178101
INFO:R0@tkref=1.8000: N of unsatisfied eq: 3
INFO:R0@tkref=1.8000: N of unsatisfied ieq: 4
INFO:R0@tkref=1.8000: Summary: Optimization terminated successfully. after 1 it.
DEBUG:R0@tkref=1.8000: $$$$$$$$ CONFLICT LIST $$$$$$$$: []
INFO:R0: --------------------------
INFO:R0@tkref=3.6000: Time to solve stand alone optimization problem: 0.0230271816254
INFO:R0@tkref=3.6000: N of unsatisfied eq: 3
INFO:R0@tkref=3.6000: N of unsatisfied ieq: 3
INFO:R0@tkref=3.6000: Summary: Optimization terminated successfully. after 1 it.
DEBUG:R0@tkref=3.6000: $$$$$$$$ CONFLICT LIST $$$$$$$$: []
INFO:R0: --------------------------
DEBUG:R0: LAST STEP
DEBUG:R0: Approx remaining dist: 1.89889569807
DEBUG:R0: Usual approx plan dist: 4.5
DEBUG:R0: Approx gain in dist: 2.60110430193
DEBUG:R0: Last step min dist: 0.5
INFO:R0: scale 0.421976821793 Ns 7 Nk 3
INFO:R0@tkref=5.4000: Time to solve stand alone optimization problem: 0.358613014221
INFO:R0@tkref=5.4000: N of unsatisfied eq: 10
INFO:R0@tkref=5.4000: N of unsatisfied ieq: 4
INFO:R0@tkref=5.4000: Summary: Iteration limit exceeded after 26 it.
DEBUG:R0@tkref=5.4000: $$$$$$$$ CONFLICT LIST $$$$$$$$: []
INFO:R0: Finished motion planning
INFO:R0: --------------------------
INFO:R0: TOT: 7.53430084326
INFO:R0: NSE: 4
INFO:R0: FIR: 0.907027006149
INFO:R0: LAS: 0.35936498642
INFO:R0: LMA: 1
INFO:R0: MAX: 0.023806810379
INFO:R0: MIN: 0.0236959457397
INFO:R0: AVG: 0.0237513780594
INFO:R0: RMP: 0.0132260057661
INFO:R0: RMG: 0.199647214678
