DEBUG:R0: Using Tc_p = 1.56666666667
DEBUG:R0: Using Tc_d = 1.56666666667
INFO:R0: Init motion planning
INFO:R0@tkref=0.0000: Time to solve stand alone optimization problem: 1.41676807404
INFO:R0@tkref=0.0000: N of unsatisfied eq: 5
INFO:R0@tkref=0.0000: N of unsatisfied ieq: 7
INFO:R0@tkref=0.0000: Summary: Iteration limit exceeded after 41 it.
DEBUG:R0@tkref=0.0000: $$$$$$$$ CONFLICT LIST $$$$$$$$: []
INFO:R0: --------------------------
INFO:R0@tkref=1.5667: Time to solve stand alone optimization problem: 0.392162084579
INFO:R0@tkref=1.5667: N of unsatisfied eq: 2
INFO:R0@tkref=1.5667: N of unsatisfied ieq: 6
INFO:R0@tkref=1.5667: Summary: Optimization terminated successfully. after 10 it.
DEBUG:R0@tkref=1.5667: $$$$$$$$ CONFLICT LIST $$$$$$$$: []
INFO:R0: --------------------------
INFO:R0@tkref=3.1333: Time to solve stand alone optimization problem: 0.15691280365
INFO:R0@tkref=3.1333: N of unsatisfied eq: 3
INFO:R0@tkref=3.1333: N of unsatisfied ieq: 6
INFO:R0@tkref=3.1333: Summary: Optimization terminated successfully. after 4 it.
DEBUG:R0@tkref=3.1333: $$$$$$$$ CONFLICT LIST $$$$$$$$: []
INFO:R0: --------------------------
INFO:R0@tkref=4.7000: Time to solve stand alone optimization problem: 0.119735002518
INFO:R0@tkref=4.7000: N of unsatisfied eq: 3
INFO:R0@tkref=4.7000: N of unsatisfied ieq: 8
INFO:R0@tkref=4.7000: Summary: Optimization terminated successfully. after 3 it.
DEBUG:R0@tkref=4.7000: $$$$$$$$ CONFLICT LIST $$$$$$$$: []
INFO:R0: --------------------------
DEBUG:R0: LAST STEP
DEBUG:R0: Approx remaining dist: 1.10986165198
DEBUG:R0: Usual approx plan dist: 4.7
DEBUG:R0: Approx gain in dist: 3.59013834802
DEBUG:R0: Last step min dist: 0.5
INFO:R0: scale 0.236140777017 Ns 7 Nk 3
INFO:R0@tkref=6.2667: Time to solve stand alone optimization problem: 0.491970062256
INFO:R0@tkref=6.2667: N of unsatisfied eq: 10
INFO:R0@tkref=6.2667: N of unsatisfied ieq: 4
INFO:R0@tkref=6.2667: Summary: Iteration limit exceeded after 26 it.
DEBUG:R0@tkref=6.2667: $$$$$$$$ CONFLICT LIST $$$$$$$$: []
INFO:R0: Finished motion planning
INFO:R0: --------------------------
INFO:R0: TOT: 7.51434686387
INFO:R0: NSE: 5
INFO:R0: FIR: 1.41801714897
INFO:R0: LAS: 0.492797851562
INFO:R0: LMA: 1
INFO:R0: MAX: 0.392974853516
INFO:R0: MIN: 0.120528936386
INFO:R0: AVG: 0.223743915558
INFO:R0: RMP: 0.250835012882
INFO:R0: RMG: 0.314551820146
