DEBUG:R0: Using Tc_p = 1.55555555556
DEBUG:R0: Using Tc_d = 1.55555555556
INFO:R0: Init motion planning
INFO:R0@tkref=0.0000: Time to solve stand alone optimization problem: 1.48268294334
INFO:R0@tkref=0.0000: N of unsatisfied eq: 4
INFO:R0@tkref=0.0000: N of unsatisfied ieq: 6
INFO:R0@tkref=0.0000: Summary: Iteration limit exceeded after 41 it.
DEBUG:R0@tkref=0.0000: $$$$$$$$ CONFLICT LIST $$$$$$$$: []
INFO:R0: --------------------------
INFO:R0@tkref=1.5556: Time to solve stand alone optimization problem: 0.409041166306
INFO:R0@tkref=1.5556: N of unsatisfied eq: 2
INFO:R0@tkref=1.5556: N of unsatisfied ieq: 9
INFO:R0@tkref=1.5556: Summary: Optimization terminated successfully. after 10 it.
DEBUG:R0@tkref=1.5556: $$$$$$$$ CONFLICT LIST $$$$$$$$: []
INFO:R0: --------------------------
INFO:R0@tkref=3.1111: Time to solve stand alone optimization problem: 0.561980009079
INFO:R0@tkref=3.1111: N of unsatisfied eq: 3
INFO:R0@tkref=3.1111: N of unsatisfied ieq: 8
INFO:R0@tkref=3.1111: Summary: Optimization terminated successfully. after 14 it.
DEBUG:R0@tkref=3.1111: $$$$$$$$ CONFLICT LIST $$$$$$$$: []
INFO:R0: --------------------------
INFO:R0@tkref=4.6667: Time to solve stand alone optimization problem: 0.242671012878
INFO:R0@tkref=4.6667: N of unsatisfied eq: 3
INFO:R0@tkref=4.6667: N of unsatisfied ieq: 7
INFO:R0@tkref=4.6667: Summary: Optimization terminated successfully. after 6 it.
DEBUG:R0@tkref=4.6667: $$$$$$$$ CONFLICT LIST $$$$$$$$: []
INFO:R0: --------------------------
DEBUG:R0: LAST STEP
DEBUG:R0: Approx remaining dist: 1.43921677938
DEBUG:R0: Usual approx plan dist: 2.8
DEBUG:R0: Approx gain in dist: 1.36078322062
DEBUG:R0: Last step min dist: 0.5
INFO:R0: scale 0.514005992637 Ns 7 Nk 3
INFO:R0@tkref=6.2222: Time to solve stand alone optimization problem: 0.570725917816
INFO:R0@tkref=6.2222: N of unsatisfied eq: 10
INFO:R0@tkref=6.2222: N of unsatisfied ieq: 4
INFO:R0@tkref=6.2222: Summary: Iteration limit exceeded after 26 it.
DEBUG:R0@tkref=6.2222: $$$$$$$$ CONFLICT LIST $$$$$$$$: []
INFO:R0: Finished motion planning
INFO:R0: --------------------------
INFO:R0: TOT: 7.83986992118
INFO:R0: NSE: 5
INFO:R0: FIR: 1.48398900032
INFO:R0: LAS: 0.571577072144
INFO:R0: LMA: 1
INFO:R0: MAX: 0.562799930573
INFO:R0: MIN: 0.243499994278
INFO:R0: AVG: 0.405393997828
INFO:R0: RMP: 0.361799955368
INFO:R0: RMG: 0.367442403521
