DEBUG:R0: Using Tc_p = 1.42222222222
DEBUG:R0: Using Tc_d = 1.42222222222
INFO:R0: Init motion planning
INFO:R0@tkref=0.0000: Time to solve stand alone optimization problem: 0.954772949219
INFO:R0@tkref=0.0000: N of unsatisfied eq: 4
INFO:R0@tkref=0.0000: N of unsatisfied ieq: 6
INFO:R0@tkref=0.0000: Summary: Iteration limit exceeded after 41 it.
DEBUG:R0@tkref=0.0000: $$$$$$$$ CONFLICT LIST $$$$$$$$: []
INFO:R0: --------------------------
INFO:R0@tkref=1.4222: Time to solve stand alone optimization problem: 0.0292022228241
INFO:R0@tkref=1.4222: N of unsatisfied eq: 3
INFO:R0@tkref=1.4222: N of unsatisfied ieq: 4
INFO:R0@tkref=1.4222: Summary: Optimization terminated successfully. after 1 it.
DEBUG:R0@tkref=1.4222: $$$$$$$$ CONFLICT LIST $$$$$$$$: []
INFO:R0: --------------------------
INFO:R0@tkref=2.8444: Time to solve stand alone optimization problem: 0.0233719348907
INFO:R0@tkref=2.8444: N of unsatisfied eq: 5
INFO:R0@tkref=2.8444: N of unsatisfied ieq: 4
INFO:R0@tkref=2.8444: Summary: Optimization terminated successfully. after 1 it.
DEBUG:R0@tkref=2.8444: $$$$$$$$ CONFLICT LIST $$$$$$$$: []
INFO:R0: --------------------------
INFO:R0@tkref=4.2667: Time to solve stand alone optimization problem: 0.0231168270111
INFO:R0@tkref=4.2667: N of unsatisfied eq: 5
INFO:R0@tkref=4.2667: N of unsatisfied ieq: 5
INFO:R0@tkref=4.2667: Summary: Optimization terminated successfully. after 1 it.
DEBUG:R0@tkref=4.2667: $$$$$$$$ CONFLICT LIST $$$$$$$$: []
INFO:R0: --------------------------
DEBUG:R0: LAST STEP
DEBUG:R0: Approx remaining dist: 1.38202834521
DEBUG:R0: Usual approx plan dist: 1.6
DEBUG:R0: Approx gain in dist: 0.217971654788
DEBUG:R0: Last step min dist: 0.5
INFO:R0: scale 0.863767715757 Ns 9 Nk 5
INFO:R0@tkref=5.6889: Time to solve stand alone optimization problem: 0.523808002472
INFO:R0@tkref=5.6889: N of unsatisfied eq: 10
INFO:R0@tkref=5.6889: N of unsatisfied ieq: 4
INFO:R0@tkref=5.6889: Summary: Iteration limit exceeded after 26 it.
DEBUG:R0@tkref=5.6889: $$$$$$$$ CONFLICT LIST $$$$$$$$: []
INFO:R0: Finished motion planning
INFO:R0: --------------------------
INFO:R0: TOT: 7.14543176551
INFO:R0: NSE: 5
INFO:R0: FIR: 0.957232952118
INFO:R0: LAS: 0.524585008621
INFO:R0: LMA: 1
INFO:R0: MAX: 0.0300340652466
INFO:R0: MIN: 0.0237638950348
INFO:R0: AVG: 0.0259389877319
INFO:R0: RMP: 0.0211177021265
INFO:R0: RMG: 0.368848834187
