DEBUG:R0: Using Tc_p = 1.86
DEBUG:R0: Using Tc_d = 1.86
INFO:R0: Init motion planning
INFO:R0@tkref=0.0000: Time to solve stand alone optimization problem: 0.92399096489
INFO:R0@tkref=0.0000: N of unsatisfied eq: 5
INFO:R0@tkref=0.0000: N of unsatisfied ieq: 9
INFO:R0@tkref=0.0000: Summary: Iteration limit exceeded after 41 it.
DEBUG:R0@tkref=0.0000: $$$$$$$$ CONFLICT LIST $$$$$$$$: []
INFO:R0: --------------------------
INFO:R0@tkref=1.8600: Time to solve stand alone optimization problem: 0.0236179828644
INFO:R0@tkref=1.8600: N of unsatisfied eq: 3
INFO:R0@tkref=1.8600: N of unsatisfied ieq: 4
INFO:R0@tkref=1.8600: Summary: Optimization terminated successfully. after 1 it.
DEBUG:R0@tkref=1.8600: $$$$$$$$ CONFLICT LIST $$$$$$$$: []
INFO:R0: --------------------------
INFO:R0@tkref=3.7200: Time to solve stand alone optimization problem: 0.0220899581909
INFO:R0@tkref=3.7200: N of unsatisfied eq: 5
INFO:R0@tkref=3.7200: N of unsatisfied ieq: 5
INFO:R0@tkref=3.7200: Summary: Optimization terminated successfully. after 1 it.
DEBUG:R0@tkref=3.7200: $$$$$$$$ CONFLICT LIST $$$$$$$$: []
INFO:R0: --------------------------
DEBUG:R0: LAST STEP
DEBUG:R0: Approx remaining dist: 1.62603638332
DEBUG:R0: Usual approx plan dist: 3.1
DEBUG:R0: Approx gain in dist: 1.47396361668
DEBUG:R0: Last step min dist: 0.5
INFO:R0: scale 0.524527865588 Ns 7 Nk 3
INFO:R0@tkref=5.5800: Time to solve stand alone optimization problem: 0.366014957428
INFO:R0@tkref=5.5800: N of unsatisfied eq: 10
INFO:R0@tkref=5.5800: N of unsatisfied ieq: 4
INFO:R0@tkref=5.5800: Summary: Iteration limit exceeded after 26 it.
DEBUG:R0@tkref=5.5800: $$$$$$$$ CONFLICT LIST $$$$$$$$: []
INFO:R0: Finished motion planning
INFO:R0: --------------------------
INFO:R0: TOT: 7.40761525646
INFO:R0: NSE: 4
INFO:R0: FIR: 0.925163984299
INFO:R0: LAS: 0.366786003113
INFO:R0: LMA: 1
INFO:R0: MAX: 0.0242948532104
INFO:R0: MIN: 0.0227570533752
INFO:R0: AVG: 0.0235259532928
INFO:R0: RMP: 0.0130617490379
INFO:R0: RMG: 0.197196775867
