DEBUG:R0: Using Tc_p = 4.08888888889
DEBUG:R0: Using Tc_d = 4.08888888889
INFO:R0: Init motion planning
INFO:R0@tkref=0.0000: Time to solve stand alone optimization problem: 1.42692780495
INFO:R0@tkref=0.0000: N of unsatisfied eq: 5
INFO:R0@tkref=0.0000: N of unsatisfied ieq: 8
INFO:R0@tkref=0.0000: Summary: Iteration limit exceeded after 41 it.
DEBUG:R0@tkref=0.0000: $$$$$$$$ CONFLICT LIST $$$$$$$$: []
INFO:R0: --------------------------
DEBUG:R0: LAST STEP
DEBUG:R0: Approx remaining dist: 3.16150971783
DEBUG:R0: Usual approx plan dist: 4.6
DEBUG:R0: Approx gain in dist: 1.43849028217
DEBUG:R0: Last step min dist: 0.5
INFO:R0: scale 0.687284721267 Ns 8 Nk 4
INFO:R0@tkref=4.0889: Time to solve stand alone optimization problem: 0.698032140732
INFO:R0@tkref=4.0889: N of unsatisfied eq: 10
INFO:R0@tkref=4.0889: N of unsatisfied ieq: 3
INFO:R0@tkref=4.0889: Summary: Iteration limit exceeded after 26 it.
DEBUG:R0@tkref=4.0889: $$$$$$$$ CONFLICT LIST $$$$$$$$: []
INFO:R0: Finished motion planning
INFO:R0: --------------------------
INFO:R0: TOT: 8.44271016366
INFO:R0: NSE: 2
INFO:R0: FIR: 1.42891693115
INFO:R0: LAS: 0.699112892151
INFO:R0: LMA: 1
INFO:R0: MAX: 0.699112892151
INFO:R0: MIN: 0.699112892151
INFO:R0: AVG: 0.699112892151
INFO:R0: RMP: 0.17097869645
INFO:R0: RMG: 0.17097869645
