DEBUG:R0: Using Tc_p = 1.14545454545
DEBUG:R0: Using Tc_d = 1.14545454545
INFO:R0: Init motion planning
INFO:R0@tkref=0.0000: Time to solve stand alone optimization problem: 0.994786024094
INFO:R0@tkref=0.0000: N of unsatisfied eq: 4
INFO:R0@tkref=0.0000: N of unsatisfied ieq: 8
INFO:R0@tkref=0.0000: Summary: Iteration limit exceeded after 41 it.
DEBUG:R0@tkref=0.0000: $$$$$$$$ CONFLICT LIST $$$$$$$$: []
INFO:R0: --------------------------
INFO:R0@tkref=1.1455: Time to solve stand alone optimization problem: 0.0257270336151
INFO:R0@tkref=1.1455: N of unsatisfied eq: 3
INFO:R0@tkref=1.1455: N of unsatisfied ieq: 6
INFO:R0@tkref=1.1455: Summary: Optimization terminated successfully. after 1 it.
DEBUG:R0@tkref=1.1455: $$$$$$$$ CONFLICT LIST $$$$$$$$: []
INFO:R0: --------------------------
INFO:R0@tkref=2.2909: Time to solve stand alone optimization problem: 0.0242688655853
INFO:R0@tkref=2.2909: N of unsatisfied eq: 5
INFO:R0@tkref=2.2909: N of unsatisfied ieq: 7
INFO:R0@tkref=2.2909: Summary: Optimization terminated successfully. after 1 it.
DEBUG:R0@tkref=2.2909: $$$$$$$$ CONFLICT LIST $$$$$$$$: []
INFO:R0: --------------------------
INFO:R0@tkref=3.4364: Time to solve stand alone optimization problem: 0.0243861675262
INFO:R0@tkref=3.4364: N of unsatisfied eq: 4
INFO:R0@tkref=3.4364: N of unsatisfied ieq: 7
INFO:R0@tkref=3.4364: Summary: Optimization terminated successfully. after 1 it.
DEBUG:R0@tkref=3.4364: $$$$$$$$ CONFLICT LIST $$$$$$$$: []
INFO:R0: --------------------------
INFO:R0@tkref=4.5818: Time to solve stand alone optimization problem: 0.0247881412506
INFO:R0@tkref=4.5818: N of unsatisfied eq: 4
INFO:R0@tkref=4.5818: N of unsatisfied ieq: 6
INFO:R0@tkref=4.5818: Summary: Optimization terminated successfully. after 1 it.
DEBUG:R0@tkref=4.5818: $$$$$$$$ CONFLICT LIST $$$$$$$$: []
INFO:R0: --------------------------
DEBUG:R0: LAST STEP
DEBUG:R0: Approx remaining dist: 1.36450147221
DEBUG:R0: Usual approx plan dist: 1.4
DEBUG:R0: Approx gain in dist: 0.0354985277894
DEBUG:R0: Last step min dist: 0.5
INFO:R0: scale 0.974643908722 Ns 12 Nk 5
INFO:R0@tkref=5.7273: Time to solve stand alone optimization problem: 0.64092707634
INFO:R0@tkref=5.7273: N of unsatisfied eq: 10
INFO:R0@tkref=5.7273: N of unsatisfied ieq: 8
INFO:R0@tkref=5.7273: Summary: Iteration limit exceeded after 26 it.
DEBUG:R0@tkref=5.7273: $$$$$$$$ CONFLICT LIST $$$$$$$$: []
INFO:R0: Finished motion planning
INFO:R0: --------------------------
INFO:R0: TOT: 7.18273945129
INFO:R0: NSE: 6
INFO:R0: FIR: 0.995983839035
INFO:R0: LAS: 0.641709804535
INFO:R0: LMA: 1
INFO:R0: MAX: 0.0263941287994
INFO:R0: MIN: 0.0249390602112
INFO:R0: AVG: 0.0255092382431
INFO:R0: RMP: 0.0230424933963
INFO:R0: RMG: 0.560222845229
