DEBUG:R0: Using Tc_p = 0.65
DEBUG:R0: Using Tc_d = 0.65
INFO:R0: Init motion planning
INFO:R0@tkref=0.0000: Time to solve stand alone optimization problem: 1.00130391121
INFO:R0@tkref=0.0000: N of unsatisfied eq: 5
INFO:R0@tkref=0.0000: N of unsatisfied ieq: 6
INFO:R0@tkref=0.0000: Summary: Iteration limit exceeded after 41 it.
DEBUG:R0@tkref=0.0000: $$$$$$$$ CONFLICT LIST $$$$$$$$: []
INFO:R0: --------------------------
INFO:R0@tkref=0.6500: Time to solve stand alone optimization problem: 0.0288491249084
INFO:R0@tkref=0.6500: N of unsatisfied eq: 3
INFO:R0@tkref=0.6500: N of unsatisfied ieq: 3
INFO:R0@tkref=0.6500: Summary: Optimization terminated successfully. after 1 it.
DEBUG:R0@tkref=0.6500: $$$$$$$$ CONFLICT LIST $$$$$$$$: []
INFO:R0: --------------------------
INFO:R0@tkref=1.3000: Time to solve stand alone optimization problem: 0.0243709087372
INFO:R0@tkref=1.3000: N of unsatisfied eq: 5
INFO:R0@tkref=1.3000: N of unsatisfied ieq: 6
INFO:R0@tkref=1.3000: Summary: Optimization terminated successfully. after 1 it.
DEBUG:R0@tkref=1.3000: $$$$$$$$ CONFLICT LIST $$$$$$$$: []
INFO:R0: --------------------------
INFO:R0@tkref=1.9500: Time to solve stand alone optimization problem: 0.024337053299
INFO:R0@tkref=1.9500: N of unsatisfied eq: 4
INFO:R0@tkref=1.9500: N of unsatisfied ieq: 5
INFO:R0@tkref=1.9500: Summary: Optimization terminated successfully. after 1 it.
DEBUG:R0@tkref=1.9500: $$$$$$$$ CONFLICT LIST $$$$$$$$: []
INFO:R0: --------------------------
INFO:R0@tkref=2.6000: Time to solve stand alone optimization problem: 0.0243279933929
INFO:R0@tkref=2.6000: N of unsatisfied eq: 5
INFO:R0@tkref=2.6000: N of unsatisfied ieq: 6
INFO:R0@tkref=2.6000: Summary: Optimization terminated successfully. after 1 it.
DEBUG:R0@tkref=2.6000: $$$$$$$$ CONFLICT LIST $$$$$$$$: []
INFO:R0: --------------------------
INFO:R0@tkref=3.2500: Time to solve stand alone optimization problem: 0.0243108272552
INFO:R0@tkref=3.2500: N of unsatisfied eq: 4
INFO:R0@tkref=3.2500: N of unsatisfied ieq: 6
INFO:R0@tkref=3.2500: Summary: Optimization terminated successfully. after 1 it.
DEBUG:R0@tkref=3.2500: $$$$$$$$ CONFLICT LIST $$$$$$$$: []
INFO:R0: --------------------------
INFO:R0@tkref=3.9000: Time to solve stand alone optimization problem: 0.024295091629
INFO:R0@tkref=3.9000: N of unsatisfied eq: 3
INFO:R0@tkref=3.9000: N of unsatisfied ieq: 6
INFO:R0@tkref=3.9000: Summary: Optimization terminated successfully. after 1 it.
DEBUG:R0@tkref=3.9000: $$$$$$$$ CONFLICT LIST $$$$$$$$: []
INFO:R0: --------------------------
INFO:R0@tkref=4.5500: Time to solve stand alone optimization problem: 0.024307012558
INFO:R0@tkref=4.5500: N of unsatisfied eq: 4
INFO:R0@tkref=4.5500: N of unsatisfied ieq: 6
INFO:R0@tkref=4.5500: Summary: Optimization terminated successfully. after 1 it.
DEBUG:R0@tkref=4.5500: $$$$$$$$ CONFLICT LIST $$$$$$$$: []
INFO:R0: --------------------------
INFO:R0@tkref=5.2000: Time to solve stand alone optimization problem: 0.0239210128784
INFO:R0@tkref=5.2000: N of unsatisfied eq: 4
INFO:R0@tkref=5.2000: N of unsatisfied ieq: 8
INFO:R0@tkref=5.2000: Summary: Optimization terminated successfully. after 1 it.
DEBUG:R0@tkref=5.2000: $$$$$$$$ CONFLICT LIST $$$$$$$$: []
INFO:R0: --------------------------
INFO:R0@tkref=5.8500: Time to solve stand alone optimization problem: 0.0243029594421
INFO:R0@tkref=5.8500: N of unsatisfied eq: 4
INFO:R0@tkref=5.8500: N of unsatisfied ieq: 6
INFO:R0@tkref=5.8500: Summary: Optimization terminated successfully. after 1 it.
DEBUG:R0@tkref=5.8500: $$$$$$$$ CONFLICT LIST $$$$$$$$: []
INFO:R0: --------------------------
DEBUG:R0: LAST STEP
DEBUG:R0: Approx remaining dist: 0.557220170258
DEBUG:R0: Usual approx plan dist: 1.3
DEBUG:R0: Approx gain in dist: 0.742779829742
DEBUG:R0: Last step min dist: 0.5
INFO:R0: scale 0.428630900199 Ns 7 Nk 3
INFO:R0@tkref=6.5000: Time to solve stand alone optimization problem: 0.363288879395
INFO:R0@tkref=6.5000: N of unsatisfied eq: 10
INFO:R0@tkref=6.5000: N of unsatisfied ieq: 4
INFO:R0@tkref=6.5000: Summary: Iteration limit exceeded after 26 it.
DEBUG:R0@tkref=6.5000: $$$$$$$$ CONFLICT LIST $$$$$$$$: []
INFO:R0: Finished motion planning
INFO:R0: --------------------------
INFO:R0: TOT: 7.12621037101
INFO:R0: NSE: 11
INFO:R0: FIR: 1.00355005264
INFO:R0: LAS: 0.364073038101
INFO:R0: LMA: 1
INFO:R0: MAX: 0.0295329093933
INFO:R0: MIN: 0.0245640277863
INFO:R0: AVG: 0.0254366397858
INFO:R0: RMP: 0.0454352452205
INFO:R0: RMG: 0.56011236631
