DEBUG:R0: Using Tc_p = 2.01818181818
DEBUG:R0: Using Tc_d = 2.01818181818
INFO:R0: Init motion planning
INFO:R0@tkref=0.0000: Time to solve stand alone optimization problem: 0.944292068481
INFO:R0@tkref=0.0000: N of unsatisfied eq: 5
INFO:R0@tkref=0.0000: N of unsatisfied ieq: 8
INFO:R0@tkref=0.0000: Summary: Iteration limit exceeded after 41 it.
DEBUG:R0@tkref=0.0000: $$$$$$$$ CONFLICT LIST $$$$$$$$: []
INFO:R0: --------------------------
INFO:R0@tkref=2.0182: Time to solve stand alone optimization problem: 0.0238881111145
INFO:R0@tkref=2.0182: N of unsatisfied eq: 3
INFO:R0@tkref=2.0182: N of unsatisfied ieq: 3
INFO:R0@tkref=2.0182: Summary: Optimization terminated successfully. after 1 it.
DEBUG:R0@tkref=2.0182: $$$$$$$$ CONFLICT LIST $$$$$$$$: []
INFO:R0: --------------------------
INFO:R0@tkref=4.0364: Time to solve stand alone optimization problem: 0.022803068161
INFO:R0@tkref=4.0364: N of unsatisfied eq: 5
INFO:R0@tkref=4.0364: N of unsatisfied ieq: 7
INFO:R0@tkref=4.0364: Summary: Optimization terminated successfully. after 1 it.
DEBUG:R0@tkref=4.0364: $$$$$$$$ CONFLICT LIST $$$$$$$$: []
INFO:R0: --------------------------
DEBUG:R0: LAST STEP
DEBUG:R0: Approx remaining dist: 1.1859472611
DEBUG:R0: Usual approx plan dist: 3.7
DEBUG:R0: Approx gain in dist: 2.5140527389
DEBUG:R0: Last step min dist: 0.5
INFO:R0: scale 0.320526286783 Ns 7 Nk 3
INFO:R0@tkref=6.0545: Time to solve stand alone optimization problem: 0.357060194016
INFO:R0@tkref=6.0545: N of unsatisfied eq: 10
INFO:R0@tkref=6.0545: N of unsatisfied ieq: 4
INFO:R0@tkref=6.0545: Summary: Iteration limit exceeded after 26 it.
DEBUG:R0@tkref=6.0545: $$$$$$$$ CONFLICT LIST $$$$$$$$: []
INFO:R0: Finished motion planning
INFO:R0: --------------------------
INFO:R0: TOT: 7.38738971822
INFO:R0: NSE: 4
INFO:R0: FIR: 0.946283102036
INFO:R0: LAS: 0.357825040817
INFO:R0: LMA: 1
INFO:R0: MAX: 0.0245850086212
INFO:R0: MIN: 0.0234899520874
INFO:R0: AVG: 0.0240374803543
INFO:R0: RMP: 0.0121817610285
INFO:R0: RMG: 0.1773006959
