DEBUG:R0: Using Tc_p = 1.8
DEBUG:R0: Using Tc_d = 1.8
INFO:R0: Init motion planning
INFO:R0@tkref=0.0000: Time to solve stand alone optimization problem: 1.40341711044
INFO:R0@tkref=0.0000: N of unsatisfied eq: 5
INFO:R0@tkref=0.0000: N of unsatisfied ieq: 8
INFO:R0@tkref=0.0000: Summary: Iteration limit exceeded after 41 it.
DEBUG:R0@tkref=0.0000: $$$$$$$$ CONFLICT LIST $$$$$$$$: []
INFO:R0: --------------------------
INFO:R0@tkref=1.8000: Time to solve stand alone optimization problem: 0.266576051712
INFO:R0@tkref=1.8000: N of unsatisfied eq: 2
INFO:R0@tkref=1.8000: N of unsatisfied ieq: 6
INFO:R0@tkref=1.8000: Summary: Optimization terminated successfully. after 7 it.
DEBUG:R0@tkref=1.8000: $$$$$$$$ CONFLICT LIST $$$$$$$$: []
INFO:R0: --------------------------
INFO:R0@tkref=3.6000: Time to solve stand alone optimization problem: 0.38130903244
INFO:R0@tkref=3.6000: N of unsatisfied eq: 3
INFO:R0@tkref=3.6000: N of unsatisfied ieq: 7
INFO:R0@tkref=3.6000: Summary: Optimization terminated successfully. after 10 it.
DEBUG:R0@tkref=3.6000: $$$$$$$$ CONFLICT LIST $$$$$$$$: []
INFO:R0: --------------------------
DEBUG:R0: LAST STEP
DEBUG:R0: Approx remaining dist: 2.07074235314
DEBUG:R0: Usual approx plan dist: 3.6
DEBUG:R0: Approx gain in dist: 1.52925764686
DEBUG:R0: Last step min dist: 0.5
INFO:R0: scale 0.575206209206 Ns 7 Nk 3
INFO:R0@tkref=5.4000: Time to solve stand alone optimization problem: 0.558264970779
INFO:R0@tkref=5.4000: N of unsatisfied eq: 10
INFO:R0@tkref=5.4000: N of unsatisfied ieq: 3
INFO:R0@tkref=5.4000: Summary: Iteration limit exceeded after 26 it.
DEBUG:R0@tkref=5.4000: $$$$$$$$ CONFLICT LIST $$$$$$$$: []
INFO:R0: Finished motion planning
INFO:R0: --------------------------
INFO:R0: TOT: 7.73601225807
INFO:R0: NSE: 4
INFO:R0: FIR: 1.40510201454
INFO:R0: LAS: 0.559062957764
INFO:R0: LMA: 1
INFO:R0: MAX: 0.382081031799
INFO:R0: MIN: 0.267350196838
INFO:R0: AVG: 0.324715614319
INFO:R0: RMP: 0.212267239889
INFO:R0: RMG: 0.310590532091
