DEBUG:R0: Using Tc_p = 2.84444444444
DEBUG:R0: Using Tc_d = 2.84444444444
INFO:R0: Init motion planning
INFO:R0@tkref=0.0000: Time to solve stand alone optimization problem: 1.60844302177
INFO:R0@tkref=0.0000: N of unsatisfied eq: 4
INFO:R0@tkref=0.0000: N of unsatisfied ieq: 6
INFO:R0@tkref=0.0000: Summary: Iteration limit exceeded after 41 it.
DEBUG:R0@tkref=0.0000: $$$$$$$$ CONFLICT LIST $$$$$$$$: []
INFO:R0: --------------------------
INFO:R0@tkref=2.8444: Time to solve stand alone optimization problem: 0.631166934967
INFO:R0@tkref=2.8444: N of unsatisfied eq: 2
INFO:R0@tkref=2.8444: N of unsatisfied ieq: 7
INFO:R0@tkref=2.8444: Summary: Iteration limit exceeded after 16 it.
DEBUG:R0@tkref=2.8444: $$$$$$$$ CONFLICT LIST $$$$$$$$: []
INFO:R0: --------------------------
DEBUG:R0: LAST STEP
DEBUG:R0: Approx remaining dist: 2.19122245999
DEBUG:R0: Usual approx plan dist: 3.2
DEBUG:R0: Approx gain in dist: 1.00877754001
DEBUG:R0: Last step min dist: 0.5
INFO:R0: scale 0.684757018748 Ns 8 Nk 4
INFO:R0@tkref=5.6889: Time to solve stand alone optimization problem: 0.720887899399
INFO:R0@tkref=5.6889: N of unsatisfied eq: 10
INFO:R0@tkref=5.6889: N of unsatisfied ieq: 3
INFO:R0@tkref=5.6889: Summary: Iteration limit exceeded after 26 it.
DEBUG:R0@tkref=5.6889: $$$$$$$$ CONFLICT LIST $$$$$$$$: []
INFO:R0: Finished motion planning
INFO:R0: --------------------------
INFO:R0: TOT: 8.05425260885
INFO:R0: NSE: 3
INFO:R0: FIR: 1.60982990265
INFO:R0: LAS: 0.721868991852
INFO:R0: LMA: 1
INFO:R0: MAX: 0.631982088089
INFO:R0: MIN: 0.631982088089
INFO:R0: AVG: 0.631982088089
INFO:R0: RMP: 0.222181202844
INFO:R0: RMG: 0.253782067448
