DEBUG:R0: Using Tc_p = 0.42
DEBUG:R0: Using Tc_d = 0.42
INFO:R0: Init motion planning
INFO:R0@tkref=0.0000: Time to solve stand alone optimization problem: 1.00693202019
INFO:R0@tkref=0.0000: N of unsatisfied eq: 5
INFO:R0@tkref=0.0000: N of unsatisfied ieq: 6
INFO:R0@tkref=0.0000: Summary: Iteration limit exceeded after 41 it.
DEBUG:R0@tkref=0.0000: $$$$$$$$ CONFLICT LIST $$$$$$$$: []
INFO:R0: --------------------------
INFO:R0@tkref=0.4200: Time to solve stand alone optimization problem: 0.147722959518
INFO:R0@tkref=0.4200: N of unsatisfied eq: 3
INFO:R0@tkref=0.4200: N of unsatisfied ieq: 7
INFO:R0@tkref=0.4200: Summary: Optimization terminated successfully. after 6 it.
DEBUG:R0@tkref=0.4200: $$$$$$$$ CONFLICT LIST $$$$$$$$: []
INFO:R0: --------------------------
INFO:R0@tkref=0.8400: Time to solve stand alone optimization problem: 0.0497589111328
INFO:R0@tkref=0.8400: N of unsatisfied eq: 3
INFO:R0@tkref=0.8400: N of unsatisfied ieq: 9
INFO:R0@tkref=0.8400: Summary: Optimization terminated successfully. after 2 it.
DEBUG:R0@tkref=0.8400: $$$$$$$$ CONFLICT LIST $$$$$$$$: []
INFO:R0: --------------------------
INFO:R0@tkref=1.2600: Time to solve stand alone optimization problem: 0.144325971603
INFO:R0@tkref=1.2600: N of unsatisfied eq: 3
INFO:R0@tkref=1.2600: N of unsatisfied ieq: 7
INFO:R0@tkref=1.2600: Summary: Optimization terminated successfully. after 6 it.
DEBUG:R0@tkref=1.2600: $$$$$$$$ CONFLICT LIST $$$$$$$$: []
INFO:R0: --------------------------
INFO:R0@tkref=1.6800: Time to solve stand alone optimization problem: 0.0488789081573
INFO:R0@tkref=1.6800: N of unsatisfied eq: 3
INFO:R0@tkref=1.6800: N of unsatisfied ieq: 8
INFO:R0@tkref=1.6800: Summary: Optimization terminated successfully. after 2 it.
DEBUG:R0@tkref=1.6800: $$$$$$$$ CONFLICT LIST $$$$$$$$: []
INFO:R0: --------------------------
INFO:R0@tkref=2.1000: Time to solve stand alone optimization problem: 0.023824930191
INFO:R0@tkref=2.1000: N of unsatisfied eq: 4
INFO:R0@tkref=2.1000: N of unsatisfied ieq: 6
INFO:R0@tkref=2.1000: Summary: Optimization terminated successfully. after 1 it.
DEBUG:R0@tkref=2.1000: $$$$$$$$ CONFLICT LIST $$$$$$$$: []
INFO:R0: --------------------------
INFO:R0@tkref=2.5200: Time to solve stand alone optimization problem: 0.0237901210785
INFO:R0@tkref=2.5200: N of unsatisfied eq: 4
INFO:R0@tkref=2.5200: N of unsatisfied ieq: 7
INFO:R0@tkref=2.5200: Summary: Optimization terminated successfully. after 1 it.
DEBUG:R0@tkref=2.5200: $$$$$$$$ CONFLICT LIST $$$$$$$$: []
INFO:R0: --------------------------
INFO:R0@tkref=2.9400: Time to solve stand alone optimization problem: 0.0237491130829
INFO:R0@tkref=2.9400: N of unsatisfied eq: 3
INFO:R0@tkref=2.9400: N of unsatisfied ieq: 6
INFO:R0@tkref=2.9400: Summary: Optimization terminated successfully. after 1 it.
DEBUG:R0@tkref=2.9400: $$$$$$$$ CONFLICT LIST $$$$$$$$: []
INFO:R0: --------------------------
INFO:R0@tkref=3.3600: Time to solve stand alone optimization problem: 0.0240399837494
INFO:R0@tkref=3.3600: N of unsatisfied eq: 5
INFO:R0@tkref=3.3600: N of unsatisfied ieq: 7
INFO:R0@tkref=3.3600: Summary: Optimization terminated successfully. after 1 it.
DEBUG:R0@tkref=3.3600: $$$$$$$$ CONFLICT LIST $$$$$$$$: []
INFO:R0: --------------------------
INFO:R0@tkref=3.7800: Time to solve stand alone optimization problem: 0.02401304245
INFO:R0@tkref=3.7800: N of unsatisfied eq: 4
INFO:R0@tkref=3.7800: N of unsatisfied ieq: 6
INFO:R0@tkref=3.7800: Summary: Optimization terminated successfully. after 1 it.
DEBUG:R0@tkref=3.7800: $$$$$$$$ CONFLICT LIST $$$$$$$$: []
INFO:R0: --------------------------
INFO:R0@tkref=4.2000: Time to solve stand alone optimization problem: 0.0240268707275
INFO:R0@tkref=4.2000: N of unsatisfied eq: 5
INFO:R0@tkref=4.2000: N of unsatisfied ieq: 5
INFO:R0@tkref=4.2000: Summary: Optimization terminated successfully. after 1 it.
DEBUG:R0@tkref=4.2000: $$$$$$$$ CONFLICT LIST $$$$$$$$: []
INFO:R0: --------------------------
INFO:R0@tkref=4.6200: Time to solve stand alone optimization problem: 0.024334192276
INFO:R0@tkref=4.6200: N of unsatisfied eq: 5
INFO:R0@tkref=4.6200: N of unsatisfied ieq: 5
INFO:R0@tkref=4.6200: Summary: Optimization terminated successfully. after 1 it.
DEBUG:R0@tkref=4.6200: $$$$$$$$ CONFLICT LIST $$$$$$$$: []
INFO:R0: --------------------------
INFO:R0@tkref=5.0400: Time to solve stand alone optimization problem: 0.0242471694946
INFO:R0@tkref=5.0400: N of unsatisfied eq: 5
INFO:R0@tkref=5.0400: N of unsatisfied ieq: 6
INFO:R0@tkref=5.0400: Summary: Optimization terminated successfully. after 1 it.
DEBUG:R0@tkref=5.0400: $$$$$$$$ CONFLICT LIST $$$$$$$$: []
INFO:R0: --------------------------
INFO:R0@tkref=5.4600: Time to solve stand alone optimization problem: 0.0242528915405
INFO:R0@tkref=5.4600: N of unsatisfied eq: 5
INFO:R0@tkref=5.4600: N of unsatisfied ieq: 6
INFO:R0@tkref=5.4600: Summary: Optimization terminated successfully. after 1 it.
DEBUG:R0@tkref=5.4600: $$$$$$$$ CONFLICT LIST $$$$$$$$: []
INFO:R0: --------------------------
INFO:R0@tkref=5.8800: Time to solve stand alone optimization problem: 0.0245471000671
INFO:R0@tkref=5.8800: N of unsatisfied eq: 5
INFO:R0@tkref=5.8800: N of unsatisfied ieq: 4
INFO:R0@tkref=5.8800: Summary: Optimization terminated successfully. after 1 it.
DEBUG:R0@tkref=5.8800: $$$$$$$$ CONFLICT LIST $$$$$$$$: []
INFO:R0: --------------------------
INFO:R0@tkref=6.3000: Time to solve stand alone optimization problem: 0.024384021759
INFO:R0@tkref=6.3000: N of unsatisfied eq: 5
INFO:R0@tkref=6.3000: N of unsatisfied ieq: 6
INFO:R0@tkref=6.3000: Summary: Optimization terminated successfully. after 1 it.
DEBUG:R0@tkref=6.3000: $$$$$$$$ CONFLICT LIST $$$$$$$$: []
INFO:R0: --------------------------
DEBUG:R0: LAST STEP
DEBUG:R0: Approx remaining dist: 0.453687241092
DEBUG:R0: Usual approx plan dist: 4.2
DEBUG:R0: Approx gain in dist: 3.74631275891
DEBUG:R0: Last step min dist: 0.5
INFO:R0: scale 0.108020771689 Ns 7 Nk 3
INFO:R0@tkref=6.7200: Time to solve stand alone optimization problem: 0.357692956924
INFO:R0@tkref=6.7200: N of unsatisfied eq: 10
INFO:R0@tkref=6.7200: N of unsatisfied ieq: 4
INFO:R0@tkref=6.7200: Summary: Iteration limit exceeded after 26 it.
DEBUG:R0@tkref=6.7200: $$$$$$$$ CONFLICT LIST $$$$$$$$: []
INFO:R0: Finished motion planning
INFO:R0: --------------------------
INFO:R0: TOT: 7.22985428793
INFO:R0: NSE: 17
INFO:R0: FIR: 1.00896477699
INFO:R0: LAS: 0.358412027359
INFO:R0: LMA: 1
INFO:R0: MAX: 0.148499011993
INFO:R0: MIN: 0.0243940353394
INFO:R0: AVG: 0.0444184939067
INFO:R0: RMP: 0.353569076175
INFO:R0: RMG: 0.853361969902
