DEBUG:R0: Using Tc_p = 1.38
DEBUG:R0: Using Tc_d = 1.38
INFO:R0: Init motion planning
INFO:R0@tkref=0.0000: Time to solve stand alone optimization problem: 1.53399896622
INFO:R0@tkref=0.0000: N of unsatisfied eq: 3
INFO:R0@tkref=0.0000: N of unsatisfied ieq: 5
INFO:R0@tkref=0.0000: Summary: Iteration limit exceeded after 41 it.
DEBUG:R0@tkref=0.0000: $$$$$$$$ CONFLICT LIST $$$$$$$$: []
INFO:R0: --------------------------
INFO:R0@tkref=1.3800: Time to solve stand alone optimization problem: 0.274147987366
INFO:R0@tkref=1.3800: N of unsatisfied eq: 2
INFO:R0@tkref=1.3800: N of unsatisfied ieq: 6
INFO:R0@tkref=1.3800: Summary: Optimization terminated successfully. after 7 it.
DEBUG:R0@tkref=1.3800: $$$$$$$$ CONFLICT LIST $$$$$$$$: []
INFO:R0: --------------------------
INFO:R0@tkref=2.7600: Time to solve stand alone optimization problem: 0.273969888687
INFO:R0@tkref=2.7600: N of unsatisfied eq: 1
INFO:R0@tkref=2.7600: N of unsatisfied ieq: 7
INFO:R0@tkref=2.7600: Summary: Optimization terminated successfully. after 7 it.
DEBUG:R0@tkref=2.7600: $$$$$$$$ CONFLICT LIST $$$$$$$$: []
INFO:R0: --------------------------
INFO:R0@tkref=4.1400: Time to solve stand alone optimization problem: 0.41178894043
INFO:R0@tkref=4.1400: N of unsatisfied eq: 1
INFO:R0@tkref=4.1400: N of unsatisfied ieq: 6
INFO:R0@tkref=4.1400: Summary: Optimization terminated successfully. after 10 it.
DEBUG:R0@tkref=4.1400: $$$$$$$$ CONFLICT LIST $$$$$$$$: []
INFO:R0: --------------------------
INFO:R0@tkref=5.5200: Time to solve stand alone optimization problem: 0.121143102646
INFO:R0@tkref=5.5200: N of unsatisfied eq: 3
INFO:R0@tkref=5.5200: N of unsatisfied ieq: 7
INFO:R0@tkref=5.5200: Summary: Optimization terminated successfully. after 3 it.
DEBUG:R0@tkref=5.5200: $$$$$$$$ CONFLICT LIST $$$$$$$$: []
INFO:R0: --------------------------
DEBUG:R0: LAST STEP
DEBUG:R0: Approx remaining dist: 0.963217473527
DEBUG:R0: Usual approx plan dist: 4.6
DEBUG:R0: Approx gain in dist: 3.63678252647
DEBUG:R0: Last step min dist: 0.5
INFO:R0: scale 0.209395102941 Ns 7 Nk 3
INFO:R0@tkref=6.9000: Time to solve stand alone optimization problem: 0.50504899025
INFO:R0@tkref=6.9000: N of unsatisfied eq: 10
INFO:R0@tkref=6.9000: N of unsatisfied ieq: 4
INFO:R0@tkref=6.9000: Summary: Iteration limit exceeded after 26 it.
DEBUG:R0@tkref=6.9000: $$$$$$$$ CONFLICT LIST $$$$$$$$: []
INFO:R0: Finished motion planning
INFO:R0: --------------------------
INFO:R0: TOT: 7.97624158379
INFO:R0: NSE: 6
INFO:R0: FIR: 1.53546190262
INFO:R0: LAS: 0.506015062332
INFO:R0: LMA: 1
INFO:R0: MAX: 0.412595033646
INFO:R0: MIN: 0.121949911118
INFO:R0: AVG: 0.271306812763
INFO:R0: RMP: 0.298981908439
INFO:R0: RMG: 0.3666775814
