DEBUG:R0: Using Tc_p = 1.96
DEBUG:R0: Using Tc_d = 1.96
INFO:R0: Init motion planning
INFO:R0@tkref=0.0000: Time to solve stand alone optimization problem: 0.892600059509
INFO:R0@tkref=0.0000: N of unsatisfied eq: 5
INFO:R0@tkref=0.0000: N of unsatisfied ieq: 9
INFO:R0@tkref=0.0000: Summary: Iteration limit exceeded after 41 it.
DEBUG:R0@tkref=0.0000: $$$$$$$$ CONFLICT LIST $$$$$$$$: []
INFO:R0: --------------------------
INFO:R0@tkref=1.9600: Time to solve stand alone optimization problem: 0.0227398872375
INFO:R0@tkref=1.9600: N of unsatisfied eq: 3
INFO:R0@tkref=1.9600: N of unsatisfied ieq: 3
INFO:R0@tkref=1.9600: Summary: Optimization terminated successfully. after 1 it.
DEBUG:R0@tkref=1.9600: $$$$$$$$ CONFLICT LIST $$$$$$$$: []
INFO:R0: --------------------------
INFO:R0@tkref=3.9200: Time to solve stand alone optimization problem: 0.022999048233
INFO:R0@tkref=3.9200: N of unsatisfied eq: 3
INFO:R0@tkref=3.9200: N of unsatisfied ieq: 3
INFO:R0@tkref=3.9200: Summary: Optimization terminated successfully. after 1 it.
DEBUG:R0@tkref=3.9200: $$$$$$$$ CONFLICT LIST $$$$$$$$: []
INFO:R0: --------------------------
DEBUG:R0: LAST STEP
DEBUG:R0: Approx remaining dist: 1.44531457721
DEBUG:R0: Usual approx plan dist: 4.9
DEBUG:R0: Approx gain in dist: 3.45468542279
DEBUG:R0: Last step min dist: 0.5
INFO:R0: scale 0.294962158613 Ns 7 Nk 3
INFO:R0@tkref=5.8800: Time to solve stand alone optimization problem: 0.359179019928
INFO:R0@tkref=5.8800: N of unsatisfied eq: 10
INFO:R0@tkref=5.8800: N of unsatisfied ieq: 4
INFO:R0@tkref=5.8800: Summary: Iteration limit exceeded after 26 it.
DEBUG:R0@tkref=5.8800: $$$$$$$$ CONFLICT LIST $$$$$$$$: []
INFO:R0: Finished motion planning
INFO:R0: --------------------------
INFO:R0: TOT: 7.5044894942
INFO:R0: NSE: 4
INFO:R0: FIR: 0.893888950348
INFO:R0: LAS: 0.359907150269
INFO:R0: LMA: 1
INFO:R0: MAX: 0.0236389636993
INFO:R0: MIN: 0.0234031677246
INFO:R0: AVG: 0.023521065712
INFO:R0: RMP: 0.012060695765
INFO:R0: RMG: 0.183626097076
