DEBUG:R0: Using Tc_p = 0.290909090909
DEBUG:R0: Using Tc_d = 0.290909090909
INFO:R0: Init motion planning
INFO:R0@tkref=0.0000: Time to solve stand alone optimization problem: 1.06909704208
INFO:R0@tkref=0.0000: N of unsatisfied eq: 4
INFO:R0@tkref=0.0000: N of unsatisfied ieq: 10
INFO:R0@tkref=0.0000: Summary: Iteration limit exceeded after 41 it.
DEBUG:R0@tkref=0.0000: $$$$$$$$ CONFLICT LIST $$$$$$$$: []
INFO:R0: --------------------------
INFO:R0@tkref=0.2909: Time to solve stand alone optimization problem: 0.0781121253967
INFO:R0@tkref=0.2909: N of unsatisfied eq: 3
INFO:R0@tkref=0.2909: N of unsatisfied ieq: 9
INFO:R0@tkref=0.2909: Summary: Optimization terminated successfully. after 3 it.
DEBUG:R0@tkref=0.2909: $$$$$$$$ CONFLICT LIST $$$$$$$$: []
INFO:R0: --------------------------
INFO:R0@tkref=0.5818: Time to solve stand alone optimization problem: 0.0794289112091
INFO:R0@tkref=0.5818: N of unsatisfied eq: 3
INFO:R0@tkref=0.5818: N of unsatisfied ieq: 10
INFO:R0@tkref=0.5818: Summary: Optimization terminated successfully. after 3 it.
DEBUG:R0@tkref=0.5818: $$$$$$$$ CONFLICT LIST $$$$$$$$: []
INFO:R0: --------------------------
INFO:R0@tkref=0.8727: Time to solve stand alone optimization problem: 0.0507640838623
INFO:R0@tkref=0.8727: N of unsatisfied eq: 3
INFO:R0@tkref=0.8727: N of unsatisfied ieq: 8
INFO:R0@tkref=0.8727: Summary: Optimization terminated successfully. after 2 it.
DEBUG:R0@tkref=0.8727: $$$$$$$$ CONFLICT LIST $$$$$$$$: []
INFO:R0: --------------------------
INFO:R0@tkref=1.1636: Time to solve stand alone optimization problem: 0.0508949756622
INFO:R0@tkref=1.1636: N of unsatisfied eq: 3
INFO:R0@tkref=1.1636: N of unsatisfied ieq: 6
INFO:R0@tkref=1.1636: Summary: Optimization terminated successfully. after 2 it.
DEBUG:R0@tkref=1.1636: $$$$$$$$ CONFLICT LIST $$$$$$$$: []
INFO:R0: --------------------------
INFO:R0@tkref=1.4545: Time to solve stand alone optimization problem: 0.0284669399261
INFO:R0@tkref=1.4545: N of unsatisfied eq: 3
INFO:R0@tkref=1.4545: N of unsatisfied ieq: 9
INFO:R0@tkref=1.4545: Summary: Optimization terminated successfully. after 1 it.
DEBUG:R0@tkref=1.4545: $$$$$$$$ CONFLICT LIST $$$$$$$$: []
INFO:R0: --------------------------
INFO:R0@tkref=1.7455: Time to solve stand alone optimization problem: 0.0284740924835
INFO:R0@tkref=1.7455: N of unsatisfied eq: 5
INFO:R0@tkref=1.7455: N of unsatisfied ieq: 5
INFO:R0@tkref=1.7455: Summary: Optimization terminated successfully. after 1 it.
DEBUG:R0@tkref=1.7455: $$$$$$$$ CONFLICT LIST $$$$$$$$: []
INFO:R0: --------------------------
INFO:R0@tkref=2.0364: Time to solve stand alone optimization problem: 0.0258760452271
INFO:R0@tkref=2.0364: N of unsatisfied eq: 5
INFO:R0@tkref=2.0364: N of unsatisfied ieq: 7
INFO:R0@tkref=2.0364: Summary: Optimization terminated successfully. after 1 it.
DEBUG:R0@tkref=2.0364: $$$$$$$$ CONFLICT LIST $$$$$$$$: []
INFO:R0: --------------------------
INFO:R0@tkref=2.3273: Time to solve stand alone optimization problem: 0.025866985321
INFO:R0@tkref=2.3273: N of unsatisfied eq: 5
INFO:R0@tkref=2.3273: N of unsatisfied ieq: 7
INFO:R0@tkref=2.3273: Summary: Optimization terminated successfully. after 1 it.
DEBUG:R0@tkref=2.3273: $$$$$$$$ CONFLICT LIST $$$$$$$$: []
INFO:R0: --------------------------
INFO:R0@tkref=2.6182: Time to solve stand alone optimization problem: 0.0256469249725
INFO:R0@tkref=2.6182: N of unsatisfied eq: 3
INFO:R0@tkref=2.6182: N of unsatisfied ieq: 6
INFO:R0@tkref=2.6182: Summary: Optimization terminated successfully. after 1 it.
DEBUG:R0@tkref=2.6182: $$$$$$$$ CONFLICT LIST $$$$$$$$: []
INFO:R0: --------------------------
INFO:R0@tkref=2.9091: Time to solve stand alone optimization problem: 0.0256969928741
INFO:R0@tkref=2.9091: N of unsatisfied eq: 2
INFO:R0@tkref=2.9091: N of unsatisfied ieq: 6
INFO:R0@tkref=2.9091: Summary: Optimization terminated successfully. after 1 it.
DEBUG:R0@tkref=2.9091: $$$$$$$$ CONFLICT LIST $$$$$$$$: []
INFO:R0: --------------------------
INFO:R0@tkref=3.2000: Time to solve stand alone optimization problem: 0.0257630348206
INFO:R0@tkref=3.2000: N of unsatisfied eq: 5
INFO:R0@tkref=3.2000: N of unsatisfied ieq: 7
INFO:R0@tkref=3.2000: Summary: Optimization terminated successfully. after 1 it.
DEBUG:R0@tkref=3.2000: $$$$$$$$ CONFLICT LIST $$$$$$$$: []
INFO:R0: --------------------------
INFO:R0@tkref=3.4909: Time to solve stand alone optimization problem: 0.0255291461945
INFO:R0@tkref=3.4909: N of unsatisfied eq: 4
INFO:R0@tkref=3.4909: N of unsatisfied ieq: 7
INFO:R0@tkref=3.4909: Summary: Optimization terminated successfully. after 1 it.
DEBUG:R0@tkref=3.4909: $$$$$$$$ CONFLICT LIST $$$$$$$$: []
INFO:R0: --------------------------
INFO:R0@tkref=3.7818: Time to solve stand alone optimization problem: 0.0255560874939
INFO:R0@tkref=3.7818: N of unsatisfied eq: 5
INFO:R0@tkref=3.7818: N of unsatisfied ieq: 7
INFO:R0@tkref=3.7818: Summary: Optimization terminated successfully. after 1 it.
DEBUG:R0@tkref=3.7818: $$$$$$$$ CONFLICT LIST $$$$$$$$: []
INFO:R0: --------------------------
INFO:R0@tkref=4.0727: Time to solve stand alone optimization problem: 0.0261471271515
INFO:R0@tkref=4.0727: N of unsatisfied eq: 5
INFO:R0@tkref=4.0727: N of unsatisfied ieq: 7
INFO:R0@tkref=4.0727: Summary: Optimization terminated successfully. after 1 it.
DEBUG:R0@tkref=4.0727: $$$$$$$$ CONFLICT LIST $$$$$$$$: []
INFO:R0: --------------------------
INFO:R0@tkref=4.3636: Time to solve stand alone optimization problem: 0.0260410308838
INFO:R0@tkref=4.3636: N of unsatisfied eq: 5
INFO:R0@tkref=4.3636: N of unsatisfied ieq: 7
INFO:R0@tkref=4.3636: Summary: Optimization terminated successfully. after 1 it.
DEBUG:R0@tkref=4.3636: $$$$$$$$ CONFLICT LIST $$$$$$$$: []
INFO:R0: --------------------------
INFO:R0@tkref=4.6545: Time to solve stand alone optimization problem: 0.0261149406433
INFO:R0@tkref=4.6545: N of unsatisfied eq: 4
INFO:R0@tkref=4.6545: N of unsatisfied ieq: 8
INFO:R0@tkref=4.6545: Summary: Optimization terminated successfully. after 1 it.
DEBUG:R0@tkref=4.6545: $$$$$$$$ CONFLICT LIST $$$$$$$$: []
INFO:R0: --------------------------
INFO:R0@tkref=4.9455: Time to solve stand alone optimization problem: 0.0257601737976
INFO:R0@tkref=4.9455: N of unsatisfied eq: 4
INFO:R0@tkref=4.9455: N of unsatisfied ieq: 6
INFO:R0@tkref=4.9455: Summary: Optimization terminated successfully. after 1 it.
DEBUG:R0@tkref=4.9455: $$$$$$$$ CONFLICT LIST $$$$$$$$: []
INFO:R0: --------------------------
INFO:R0@tkref=5.2364: Time to solve stand alone optimization problem: 0.0258331298828
INFO:R0@tkref=5.2364: N of unsatisfied eq: 5
INFO:R0@tkref=5.2364: N of unsatisfied ieq: 8
INFO:R0@tkref=5.2364: Summary: Optimization terminated successfully. after 1 it.
DEBUG:R0@tkref=5.2364: $$$$$$$$ CONFLICT LIST $$$$$$$$: []
INFO:R0: --------------------------
INFO:R0@tkref=5.5273: Time to solve stand alone optimization problem: 0.0260050296783
INFO:R0@tkref=5.5273: N of unsatisfied eq: 4
INFO:R0@tkref=5.5273: N of unsatisfied ieq: 8
INFO:R0@tkref=5.5273: Summary: Optimization terminated successfully. after 1 it.
DEBUG:R0@tkref=5.5273: $$$$$$$$ CONFLICT LIST $$$$$$$$: []
INFO:R0: --------------------------
INFO:R0@tkref=5.8182: Time to solve stand alone optimization problem: 0.0260760784149
INFO:R0@tkref=5.8182: N of unsatisfied eq: 4
INFO:R0@tkref=5.8182: N of unsatisfied ieq: 8
INFO:R0@tkref=5.8182: Summary: Optimization terminated successfully. after 1 it.
DEBUG:R0@tkref=5.8182: $$$$$$$$ CONFLICT LIST $$$$$$$$: []
INFO:R0: --------------------------
INFO:R0@tkref=6.1091: Time to solve stand alone optimization problem: 0.0261869430542
INFO:R0@tkref=6.1091: N of unsatisfied eq: 5
INFO:R0@tkref=6.1091: N of unsatisfied ieq: 8
INFO:R0@tkref=6.1091: Summary: Optimization terminated successfully. after 1 it.
DEBUG:R0@tkref=6.1091: $$$$$$$$ CONFLICT LIST $$$$$$$$: []
INFO:R0: --------------------------
INFO:R0@tkref=6.4000: Time to solve stand alone optimization problem: 0.0262789726257
INFO:R0@tkref=6.4000: N of unsatisfied eq: 5
INFO:R0@tkref=6.4000: N of unsatisfied ieq: 8
INFO:R0@tkref=6.4000: Summary: Optimization terminated successfully. after 1 it.
DEBUG:R0@tkref=6.4000: $$$$$$$$ CONFLICT LIST $$$$$$$$: []
INFO:R0: --------------------------
DEBUG:R0: LAST STEP
DEBUG:R0: Approx remaining dist: 0.512414207089
DEBUG:R0: Usual approx plan dist: 3.2
DEBUG:R0: Approx gain in dist: 2.68758579291
DEBUG:R0: Last step min dist: 0.5
INFO:R0: scale 0.160129439715 Ns 7 Nk 3
INFO:R0@tkref=6.6909: Time to solve stand alone optimization problem: 0.364762067795
INFO:R0@tkref=6.6909: N of unsatisfied eq: 10
INFO:R0@tkref=6.6909: N of unsatisfied ieq: 4
INFO:R0@tkref=6.6909: Summary: Iteration limit exceeded after 26 it.
DEBUG:R0@tkref=6.6909: $$$$$$$$ CONFLICT LIST $$$$$$$$: []
INFO:R0: Finished motion planning
INFO:R0: --------------------------
INFO:R0: TOT: 7.26676343611
INFO:R0: NSE: 24
INFO:R0: FIR: 1.07048511505
INFO:R0: LAS: 0.365546941757
INFO:R0: LMA: 1
INFO:R0: MAX: 0.0801391601562
INFO:R0: MIN: 0.0261771678925
INFO:R0: AVG: 0.0338834849271
INFO:R0: RMP: 0.275478363037
INFO:R0: RMG: 1.25656761229
