DEBUG:R0: Using Tc_p = 0.2
DEBUG:R0: Using Tc_d = 0.2
INFO:R0: Init motion planning
INFO:R0@tkref=0.0000: Time to solve stand alone optimization problem: 1.4609811306
INFO:R0@tkref=0.0000: N of unsatisfied eq: 4
INFO:R0@tkref=0.0000: N of unsatisfied ieq: 6
INFO:R0@tkref=0.0000: Summary: Iteration limit exceeded after 41 it.
DEBUG:R0@tkref=0.0000: $$$$$$$$ CONFLICT LIST $$$$$$$$: []
INFO:R0: --------------------------
INFO:R0@tkref=0.2000: Time to solve stand alone optimization problem: 0.107206106186
INFO:R0@tkref=0.2000: N of unsatisfied eq: 3
INFO:R0@tkref=0.2000: N of unsatisfied ieq: 8
INFO:R0@tkref=0.2000: Summary: Optimization terminated successfully. after 3 it.
DEBUG:R0@tkref=0.2000: $$$$$$$$ CONFLICT LIST $$$$$$$$: []
INFO:R0: --------------------------
INFO:R0@tkref=0.4000: Time to solve stand alone optimization problem: 0.0718278884888
INFO:R0@tkref=0.4000: N of unsatisfied eq: 3
INFO:R0@tkref=0.4000: N of unsatisfied ieq: 7
INFO:R0@tkref=0.4000: Summary: Optimization terminated successfully. after 2 it.
DEBUG:R0@tkref=0.4000: $$$$$$$$ CONFLICT LIST $$$$$$$$: []
INFO:R0: --------------------------
INFO:R0@tkref=0.6000: Time to solve stand alone optimization problem: 0.212518930435
INFO:R0@tkref=0.6000: N of unsatisfied eq: 3
INFO:R0@tkref=0.6000: N of unsatisfied ieq: 8
INFO:R0@tkref=0.6000: Summary: Optimization terminated successfully. after 6 it.
DEBUG:R0@tkref=0.6000: $$$$$$$$ CONFLICT LIST $$$$$$$$: []
INFO:R0: --------------------------
INFO:R0@tkref=0.8000: Time to solve stand alone optimization problem: 0.0845332145691
INFO:R0@tkref=0.8000: N of unsatisfied eq: 3
INFO:R0@tkref=0.8000: N of unsatisfied ieq: 8
INFO:R0@tkref=0.8000: Summary: Optimization terminated successfully. after 2 it.
DEBUG:R0@tkref=0.8000: $$$$$$$$ CONFLICT LIST $$$$$$$$: []
INFO:R0: --------------------------
INFO:R0@tkref=1.0000: Time to solve stand alone optimization problem: 0.0431082248688
INFO:R0@tkref=1.0000: N of unsatisfied eq: 3
INFO:R0@tkref=1.0000: N of unsatisfied ieq: 8
INFO:R0@tkref=1.0000: Summary: Optimization terminated successfully. after 1 it.
DEBUG:R0@tkref=1.0000: $$$$$$$$ CONFLICT LIST $$$$$$$$: []
INFO:R0: --------------------------
INFO:R0@tkref=1.2000: Time to solve stand alone optimization problem: 0.0408909320831
INFO:R0@tkref=1.2000: N of unsatisfied eq: 3
INFO:R0@tkref=1.2000: N of unsatisfied ieq: 5
INFO:R0@tkref=1.2000: Summary: Optimization terminated successfully. after 1 it.
DEBUG:R0@tkref=1.2000: $$$$$$$$ CONFLICT LIST $$$$$$$$: []
INFO:R0: --------------------------
INFO:R0@tkref=1.4000: Time to solve stand alone optimization problem: 0.0413439273834
INFO:R0@tkref=1.4000: N of unsatisfied eq: 3
INFO:R0@tkref=1.4000: N of unsatisfied ieq: 3
INFO:R0@tkref=1.4000: Summary: Optimization terminated successfully. after 1 it.
DEBUG:R0@tkref=1.4000: $$$$$$$$ CONFLICT LIST $$$$$$$$: []
INFO:R0: --------------------------
INFO:R0@tkref=1.6000: Time to solve stand alone optimization problem: 0.356061935425
INFO:R0@tkref=1.6000: N of unsatisfied eq: 2
INFO:R0@tkref=1.6000: N of unsatisfied ieq: 9
INFO:R0@tkref=1.6000: Summary: Optimization terminated successfully. after 9 it.
DEBUG:R0@tkref=1.6000: $$$$$$$$ CONFLICT LIST $$$$$$$$: []
INFO:R0: --------------------------
INFO:R0@tkref=1.8000: Time to solve stand alone optimization problem: 0.480380058289
INFO:R0@tkref=1.8000: N of unsatisfied eq: 2
INFO:R0@tkref=1.8000: N of unsatisfied ieq: 8
INFO:R0@tkref=1.8000: Summary: Optimization terminated successfully. after 12 it.
DEBUG:R0@tkref=1.8000: $$$$$$$$ CONFLICT LIST $$$$$$$$: []
INFO:R0: --------------------------
INFO:R0@tkref=2.0000: Time to solve stand alone optimization problem: 0.645483970642
INFO:R0@tkref=2.0000: N of unsatisfied eq: 1
INFO:R0@tkref=2.0000: N of unsatisfied ieq: 8
INFO:R0@tkref=2.0000: Summary: Iteration limit exceeded after 16 it.
DEBUG:R0@tkref=2.0000: $$$$$$$$ CONFLICT LIST $$$$$$$$: []
INFO:R0: --------------------------
INFO:R0@tkref=2.2000: Time to solve stand alone optimization problem: 0.482542991638
INFO:R0@tkref=2.2000: N of unsatisfied eq: 3
INFO:R0@tkref=2.2000: N of unsatisfied ieq: 8
INFO:R0@tkref=2.2000: Summary: Optimization terminated successfully. after 12 it.
DEBUG:R0@tkref=2.2000: $$$$$$$$ CONFLICT LIST $$$$$$$$: []
INFO:R0: --------------------------
INFO:R0@tkref=2.4000: Time to solve stand alone optimization problem: 0.647912979126
INFO:R0@tkref=2.4000: N of unsatisfied eq: 3
INFO:R0@tkref=2.4000: N of unsatisfied ieq: 8
INFO:R0@tkref=2.4000: Summary: Iteration limit exceeded after 16 it.
DEBUG:R0@tkref=2.4000: $$$$$$$$ CONFLICT LIST $$$$$$$$: []
INFO:R0: --------------------------
INFO:R0@tkref=2.6000: Time to solve stand alone optimization problem: 0.397436857224
INFO:R0@tkref=2.6000: N of unsatisfied eq: 3
INFO:R0@tkref=2.6000: N of unsatisfied ieq: 8
INFO:R0@tkref=2.6000: Summary: Optimization terminated successfully. after 10 it.
DEBUG:R0@tkref=2.6000: $$$$$$$$ CONFLICT LIST $$$$$$$$: []
INFO:R0: --------------------------
INFO:R0@tkref=2.8000: Time to solve stand alone optimization problem: 0.440501928329
INFO:R0@tkref=2.8000: N of unsatisfied eq: 1
INFO:R0@tkref=2.8000: N of unsatisfied ieq: 9
INFO:R0@tkref=2.8000: Summary: Optimization terminated successfully. after 11 it.
DEBUG:R0@tkref=2.8000: $$$$$$$$ CONFLICT LIST $$$$$$$$: []
INFO:R0: --------------------------
INFO:R0@tkref=3.0000: Time to solve stand alone optimization problem: 0.434032917023
INFO:R0@tkref=3.0000: N of unsatisfied eq: 3
INFO:R0@tkref=3.0000: N of unsatisfied ieq: 8
INFO:R0@tkref=3.0000: Summary: Optimization terminated successfully. after 11 it.
DEBUG:R0@tkref=3.0000: $$$$$$$$ CONFLICT LIST $$$$$$$$: []
INFO:R0: --------------------------
INFO:R0@tkref=3.2000: Time to solve stand alone optimization problem: 0.244348049164
INFO:R0@tkref=3.2000: N of unsatisfied eq: 3
INFO:R0@tkref=3.2000: N of unsatisfied ieq: 9
INFO:R0@tkref=3.2000: Summary: Optimization terminated successfully. after 6 it.
DEBUG:R0@tkref=3.2000: $$$$$$$$ CONFLICT LIST $$$$$$$$: []
INFO:R0: --------------------------
INFO:R0@tkref=3.4000: Time to solve stand alone optimization problem: 0.319263935089
INFO:R0@tkref=3.4000: N of unsatisfied eq: 3
INFO:R0@tkref=3.4000: N of unsatisfied ieq: 9
INFO:R0@tkref=3.4000: Summary: Optimization terminated successfully. after 8 it.
DEBUG:R0@tkref=3.4000: $$$$$$$$ CONFLICT LIST $$$$$$$$: []
INFO:R0: --------------------------
INFO:R0@tkref=3.6000: Time to solve stand alone optimization problem: 0.361988067627
INFO:R0@tkref=3.6000: N of unsatisfied eq: 2
INFO:R0@tkref=3.6000: N of unsatisfied ieq: 7
INFO:R0@tkref=3.6000: Summary: Optimization terminated successfully. after 9 it.
DEBUG:R0@tkref=3.6000: $$$$$$$$ CONFLICT LIST $$$$$$$$: []
INFO:R0: --------------------------
INFO:R0@tkref=3.8000: Time to solve stand alone optimization problem: 0.403692007065
INFO:R0@tkref=3.8000: N of unsatisfied eq: 3
INFO:R0@tkref=3.8000: N of unsatisfied ieq: 8
INFO:R0@tkref=3.8000: Summary: Optimization terminated successfully. after 10 it.
DEBUG:R0@tkref=3.8000: $$$$$$$$ CONFLICT LIST $$$$$$$$: []
INFO:R0: --------------------------
INFO:R0@tkref=4.0000: Time to solve stand alone optimization problem: 0.434793949127
INFO:R0@tkref=4.0000: N of unsatisfied eq: 3
INFO:R0@tkref=4.0000: N of unsatisfied ieq: 10
INFO:R0@tkref=4.0000: Summary: Optimization terminated successfully. after 11 it.
DEBUG:R0@tkref=4.0000: $$$$$$$$ CONFLICT LIST $$$$$$$$: []
INFO:R0: --------------------------
INFO:R0@tkref=4.2000: Time to solve stand alone optimization problem: 0.364298820496
INFO:R0@tkref=4.2000: N of unsatisfied eq: 3
INFO:R0@tkref=4.2000: N of unsatisfied ieq: 7
INFO:R0@tkref=4.2000: Summary: Optimization terminated successfully. after 9 it.
DEBUG:R0@tkref=4.2000: $$$$$$$$ CONFLICT LIST $$$$$$$$: []
INFO:R0: --------------------------
INFO:R0@tkref=4.4000: Time to solve stand alone optimization problem: 0.2871530056
INFO:R0@tkref=4.4000: N of unsatisfied eq: 3
INFO:R0@tkref=4.4000: N of unsatisfied ieq: 7
INFO:R0@tkref=4.4000: Summary: Optimization terminated successfully. after 7 it.
DEBUG:R0@tkref=4.4000: $$$$$$$$ CONFLICT LIST $$$$$$$$: []
INFO:R0: --------------------------
INFO:R0@tkref=4.6000: Time to solve stand alone optimization problem: 0.281162023544
INFO:R0@tkref=4.6000: N of unsatisfied eq: 3
INFO:R0@tkref=4.6000: N of unsatisfied ieq: 7
INFO:R0@tkref=4.6000: Summary: Optimization terminated successfully. after 7 it.
DEBUG:R0@tkref=4.6000: $$$$$$$$ CONFLICT LIST $$$$$$$$: []
INFO:R0: --------------------------
INFO:R0@tkref=4.8000: Time to solve stand alone optimization problem: 0.278850078583
INFO:R0@tkref=4.8000: N of unsatisfied eq: 3
INFO:R0@tkref=4.8000: N of unsatisfied ieq: 8
INFO:R0@tkref=4.8000: Summary: Optimization terminated successfully. after 7 it.
DEBUG:R0@tkref=4.8000: $$$$$$$$ CONFLICT LIST $$$$$$$$: []
INFO:R0: --------------------------
INFO:R0@tkref=5.0000: Time to solve stand alone optimization problem: 0.121741056442
INFO:R0@tkref=5.0000: N of unsatisfied eq: 3
INFO:R0@tkref=5.0000: N of unsatisfied ieq: 8
INFO:R0@tkref=5.0000: Summary: Optimization terminated successfully. after 3 it.
DEBUG:R0@tkref=5.0000: $$$$$$$$ CONFLICT LIST $$$$$$$$: []
INFO:R0: --------------------------
INFO:R0@tkref=5.2000: Time to solve stand alone optimization problem: 0.0424449443817
INFO:R0@tkref=5.2000: N of unsatisfied eq: 3
INFO:R0@tkref=5.2000: N of unsatisfied ieq: 7
INFO:R0@tkref=5.2000: Summary: Optimization terminated successfully. after 1 it.
DEBUG:R0@tkref=5.2000: $$$$$$$$ CONFLICT LIST $$$$$$$$: []
INFO:R0: --------------------------
INFO:R0@tkref=5.4000: Time to solve stand alone optimization problem: 0.0425870418549
INFO:R0@tkref=5.4000: N of unsatisfied eq: 3
INFO:R0@tkref=5.4000: N of unsatisfied ieq: 5
INFO:R0@tkref=5.4000: Summary: Optimization terminated successfully. after 1 it.
DEBUG:R0@tkref=5.4000: $$$$$$$$ CONFLICT LIST $$$$$$$$: []
INFO:R0: --------------------------
INFO:R0@tkref=5.6000: Time to solve stand alone optimization problem: 0.0427811145782
INFO:R0@tkref=5.6000: N of unsatisfied eq: 3
INFO:R0@tkref=5.6000: N of unsatisfied ieq: 5
INFO:R0@tkref=5.6000: Summary: Optimization terminated successfully. after 1 it.
DEBUG:R0@tkref=5.6000: $$$$$$$$ CONFLICT LIST $$$$$$$$: []
INFO:R0: --------------------------
INFO:R0@tkref=5.8000: Time to solve stand alone optimization problem: 0.0427811145782
INFO:R0@tkref=5.8000: N of unsatisfied eq: 3
INFO:R0@tkref=5.8000: N of unsatisfied ieq: 5
INFO:R0@tkref=5.8000: Summary: Optimization terminated successfully. after 1 it.
DEBUG:R0@tkref=5.8000: $$$$$$$$ CONFLICT LIST $$$$$$$$: []
INFO:R0: --------------------------
INFO:R0@tkref=6.0000: Time to solve stand alone optimization problem: 0.0428400039673
INFO:R0@tkref=6.0000: N of unsatisfied eq: 3
INFO:R0@tkref=6.0000: N of unsatisfied ieq: 3
INFO:R0@tkref=6.0000: Summary: Optimization terminated successfully. after 1 it.
DEBUG:R0@tkref=6.0000: $$$$$$$$ CONFLICT LIST $$$$$$$$: []
INFO:R0: --------------------------
INFO:R0@tkref=6.2000: Time to solve stand alone optimization problem: 0.0366289615631
INFO:R0@tkref=6.2000: N of unsatisfied eq: 3
INFO:R0@tkref=6.2000: N of unsatisfied ieq: 5
INFO:R0@tkref=6.2000: Summary: Optimization terminated successfully. after 1 it.
DEBUG:R0@tkref=6.2000: $$$$$$$$ CONFLICT LIST $$$$$$$$: []
INFO:R0: --------------------------
INFO:R0@tkref=6.4000: Time to solve stand alone optimization problem: 0.0367250442505
INFO:R0@tkref=6.4000: N of unsatisfied eq: 3
INFO:R0@tkref=6.4000: N of unsatisfied ieq: 4
INFO:R0@tkref=6.4000: Summary: Optimization terminated successfully. after 1 it.
DEBUG:R0@tkref=6.4000: $$$$$$$$ CONFLICT LIST $$$$$$$$: []
INFO:R0: --------------------------
DEBUG:R0: LAST STEP
DEBUG:R0: Approx remaining dist: 0.655769019524
DEBUG:R0: Usual approx plan dist: 1.8
DEBUG:R0: Approx gain in dist: 1.14423098048
DEBUG:R0: Last step min dist: 0.5
INFO:R0: scale 0.364316121958 Ns 7 Nk 3
INFO:R0@tkref=6.6000: Time to solve stand alone optimization problem: 0.499902009964
INFO:R0@tkref=6.6000: N of unsatisfied eq: 10
INFO:R0@tkref=6.6000: N of unsatisfied ieq: 4
INFO:R0@tkref=6.6000: Summary: Iteration limit exceeded after 26 it.
DEBUG:R0@tkref=6.6000: $$$$$$$$ CONFLICT LIST $$$$$$$$: []
INFO:R0: Finished motion planning
INFO:R0: --------------------------
INFO:R0: TOT: 7.33697152069
INFO:R0: NSE: 34
INFO:R0: FIR: 1.46258592606
INFO:R0: LAS: 0.500735044479
INFO:R0: LMA: 0
INFO:R0: MAX: 0.648725986481
INFO:R0: MIN: 0.0373799800873
INFO:R0: AVG: 0.246728971601
INFO:R0: RMP: 3.2436299324
INFO:R0: RMG: 3.2436299324
