DEBUG:R0: Using Tc_p = 3.46666666667
DEBUG:R0: Using Tc_d = 3.46666666667
INFO:R0: Init motion planning
INFO:R0@tkref=0.0000: Time to solve stand alone optimization problem: 2.18907618523
INFO:R0@tkref=0.0000: N of unsatisfied eq: 4
INFO:R0@tkref=0.0000: N of unsatisfied ieq: 9
INFO:R0@tkref=0.0000: Summary: Iteration limit exceeded after 41 it.
DEBUG:R0@tkref=0.0000: $$$$$$$$ CONFLICT LIST $$$$$$$$: []
INFO:R0: --------------------------
DEBUG:R0: LAST STEP
DEBUG:R0: Approx remaining dist: 3.91040267592
DEBUG:R0: Usual approx plan dist: 3.9
DEBUG:R0: Approx gain in dist: -0.0104026759191
DEBUG:R0: Last step min dist: 0.5
INFO:R0: scale 1.0 Ns 10 Nk 6
INFO:R0@tkref=3.4667: Time to solve stand alone optimization problem: 1.48173594475
INFO:R0@tkref=3.4667: N of unsatisfied eq: 10
INFO:R0@tkref=3.4667: N of unsatisfied ieq: 6
INFO:R0@tkref=3.4667: Summary: Iteration limit exceeded after 26 it.
DEBUG:R0@tkref=3.4667: $$$$$$$$ CONFLICT LIST $$$$$$$$: []
INFO:R0: Finished motion planning
INFO:R0: --------------------------
INFO:R0: TOT: 8.29199791584
INFO:R0: NSE: 2
INFO:R0: FIR: 2.1904540062
INFO:R0: LAS: 1.48266100883
INFO:R0: LMA: 1
INFO:R0: MAX: 1.48266100883
INFO:R0: MIN: 1.48266100883
INFO:R0: AVG: 1.48266100883
INFO:R0: RMP: 0.427690675625
INFO:R0: RMG: 0.427690675625
