DEBUG:R0: Using Tc_p = 1.04444444444
DEBUG:R0: Using Tc_d = 1.04444444444
INFO:R0: Init motion planning
INFO:R0@tkref=0.0000: Time to solve stand alone optimization problem: 2.12477684021
INFO:R0@tkref=0.0000: N of unsatisfied eq: 3
INFO:R0@tkref=0.0000: N of unsatisfied ieq: 5
INFO:R0@tkref=0.0000: Summary: Iteration limit exceeded after 41 it.
DEBUG:R0@tkref=0.0000: $$$$$$$$ CONFLICT LIST $$$$$$$$: []
INFO:R0: --------------------------
INFO:R0@tkref=1.0444: Time to solve stand alone optimization problem: 0.454842090607
INFO:R0@tkref=1.0444: N of unsatisfied eq: 3
INFO:R0@tkref=1.0444: N of unsatisfied ieq: 7
INFO:R0@tkref=1.0444: Summary: Optimization terminated successfully. after 9 it.
DEBUG:R0@tkref=1.0444: $$$$$$$$ CONFLICT LIST $$$$$$$$: []
INFO:R0: --------------------------
INFO:R0@tkref=2.0889: Time to solve stand alone optimization problem: 0.78889799118
INFO:R0@tkref=2.0889: N of unsatisfied eq: 2
INFO:R0@tkref=2.0889: N of unsatisfied ieq: 6
INFO:R0@tkref=2.0889: Summary: Optimization terminated successfully. after 14 it.
DEBUG:R0@tkref=2.0889: $$$$$$$$ CONFLICT LIST $$$$$$$$: []
INFO:R0: --------------------------
INFO:R0@tkref=3.1333: Time to solve stand alone optimization problem: 0.888958930969
INFO:R0@tkref=3.1333: N of unsatisfied eq: 2
INFO:R0@tkref=3.1333: N of unsatisfied ieq: 8
INFO:R0@tkref=3.1333: Summary: Iteration limit exceeded after 16 it.
DEBUG:R0@tkref=3.1333: $$$$$$$$ CONFLICT LIST $$$$$$$$: []
INFO:R0: --------------------------
INFO:R0@tkref=4.1778: Time to solve stand alone optimization problem: 0.386567115784
INFO:R0@tkref=4.1778: N of unsatisfied eq: 3
INFO:R0@tkref=4.1778: N of unsatisfied ieq: 7
INFO:R0@tkref=4.1778: Summary: Optimization terminated successfully. after 7 it.
DEBUG:R0@tkref=4.1778: $$$$$$$$ CONFLICT LIST $$$$$$$$: []
INFO:R0: --------------------------
INFO:R0@tkref=5.2222: Time to solve stand alone optimization problem: 0.394108057022
INFO:R0@tkref=5.2222: N of unsatisfied eq: 3
INFO:R0@tkref=5.2222: N of unsatisfied ieq: 9
INFO:R0@tkref=5.2222: Summary: Optimization terminated successfully. after 7 it.
DEBUG:R0@tkref=5.2222: $$$$$$$$ CONFLICT LIST $$$$$$$$: []
INFO:R0: --------------------------
INFO:R0@tkref=6.2667: Time to solve stand alone optimization problem: 0.0937349796295
INFO:R0@tkref=6.2667: N of unsatisfied eq: 3
INFO:R0@tkref=6.2667: N of unsatisfied ieq: 6
INFO:R0@tkref=6.2667: Summary: Optimization terminated successfully. after 2 it.
DEBUG:R0@tkref=6.2667: $$$$$$$$ CONFLICT LIST $$$$$$$$: []
INFO:R0: --------------------------
DEBUG:R0: LAST STEP
DEBUG:R0: Approx remaining dist: 0.713883095154
DEBUG:R0: Usual approx plan dist: 4.7
DEBUG:R0: Approx gain in dist: 3.98611690485
DEBUG:R0: Last step min dist: 0.5
INFO:R0: scale 0.151890020245 Ns 7 Nk 3
INFO:R0@tkref=7.3111: Time to solve stand alone optimization problem: 0.627018928528
INFO:R0@tkref=7.3111: N of unsatisfied eq: 10
INFO:R0@tkref=7.3111: N of unsatisfied ieq: 4
INFO:R0@tkref=7.3111: Summary: Iteration limit exceeded after 26 it.
DEBUG:R0@tkref=7.3111: $$$$$$$$ CONFLICT LIST $$$$$$$$: []
INFO:R0: Finished motion planning
INFO:R0: --------------------------
INFO:R0: TOT: 8.1087140774
INFO:R0: NSE: 8
INFO:R0: FIR: 2.12604117393
INFO:R0: LAS: 0.62787103653
INFO:R0: LMA: 0
INFO:R0: MAX: 0.889794111252
INFO:R0: MIN: 0.0945589542389
INFO:R0: AVG: 0.502019008001
INFO:R0: RMP: 0.85193053205
INFO:R0: RMG: 0.85193053205
