DEBUG:R0: Using Tc_p = 1.27272727273
DEBUG:R0: Using Tc_d = 1.27272727273
INFO:R0: Init motion planning
INFO:R0@tkref=0.0000: Time to solve stand alone optimization problem: 1.07873702049
INFO:R0@tkref=0.0000: N of unsatisfied eq: 5
INFO:R0@tkref=0.0000: N of unsatisfied ieq: 10
INFO:R0@tkref=0.0000: Summary: Iteration limit exceeded after 41 it.
DEBUG:R0@tkref=0.0000: $$$$$$$$ CONFLICT LIST $$$$$$$$: []
INFO:R0: --------------------------
INFO:R0@tkref=1.2727: Time to solve stand alone optimization problem: 0.0276129245758
INFO:R0@tkref=1.2727: N of unsatisfied eq: 3
INFO:R0@tkref=1.2727: N of unsatisfied ieq: 3
INFO:R0@tkref=1.2727: Summary: Optimization terminated successfully. after 1 it.
DEBUG:R0@tkref=1.2727: $$$$$$$$ CONFLICT LIST $$$$$$$$: []
INFO:R0: --------------------------
INFO:R0@tkref=2.5455: Time to solve stand alone optimization problem: 0.0256960391998
INFO:R0@tkref=2.5455: N of unsatisfied eq: 5
INFO:R0@tkref=2.5455: N of unsatisfied ieq: 6
INFO:R0@tkref=2.5455: Summary: Optimization terminated successfully. after 1 it.
DEBUG:R0@tkref=2.5455: $$$$$$$$ CONFLICT LIST $$$$$$$$: []
INFO:R0: --------------------------
INFO:R0@tkref=3.8182: Time to solve stand alone optimization problem: 0.0295350551605
INFO:R0@tkref=3.8182: N of unsatisfied eq: 5
INFO:R0@tkref=3.8182: N of unsatisfied ieq: 6
INFO:R0@tkref=3.8182: Summary: Optimization terminated successfully. after 1 it.
DEBUG:R0@tkref=3.8182: $$$$$$$$ CONFLICT LIST $$$$$$$$: []
INFO:R0: --------------------------
INFO:R0@tkref=5.0909: Time to solve stand alone optimization problem: 0.0265798568726
INFO:R0@tkref=5.0909: N of unsatisfied eq: 4
INFO:R0@tkref=5.0909: N of unsatisfied ieq: 6
INFO:R0@tkref=5.0909: Summary: Optimization terminated successfully. after 1 it.
DEBUG:R0@tkref=5.0909: $$$$$$$$ CONFLICT LIST $$$$$$$$: []
INFO:R0: --------------------------
DEBUG:R0: LAST STEP
DEBUG:R0: Approx remaining dist: 0.830757273841
DEBUG:R0: Usual approx plan dist: 3.5
DEBUG:R0: Approx gain in dist: 2.66924272616
DEBUG:R0: Last step min dist: 0.5
INFO:R0: scale 0.237359221098 Ns 7 Nk 3
INFO:R0@tkref=6.3636: Time to solve stand alone optimization problem: 0.368818044662
INFO:R0@tkref=6.3636: N of unsatisfied eq: 10
INFO:R0@tkref=6.3636: N of unsatisfied ieq: 4
INFO:R0@tkref=6.3636: Summary: Iteration limit exceeded after 26 it.
DEBUG:R0@tkref=6.3636: $$$$$$$$ CONFLICT LIST $$$$$$$$: []
INFO:R0: Finished motion planning
INFO:R0: --------------------------
INFO:R0: TOT: 7.29727048181
INFO:R0: NSE: 6
INFO:R0: FIR: 1.08045291901
INFO:R0: LAS: 0.369533061981
INFO:R0: LMA: 1
INFO:R0: MAX: 0.0303390026093
INFO:R0: MIN: 0.0263619422913
INFO:R0: AVG: 0.0280935168266
INFO:R0: RMP: 0.0238377877644
INFO:R0: RMG: 0.290347405842
