DEBUG:R0: Using Tc_p = 0.422222222222
DEBUG:R0: Using Tc_d = 0.422222222222
INFO:R0: Init motion planning
INFO:R0@tkref=0.0000: Time to solve stand alone optimization problem: 2.16145896912
INFO:R0@tkref=0.0000: N of unsatisfied eq: 4
INFO:R0@tkref=0.0000: N of unsatisfied ieq: 10
INFO:R0@tkref=0.0000: Summary: Iteration limit exceeded after 41 it.
DEBUG:R0@tkref=0.0000: $$$$$$$$ CONFLICT LIST $$$$$$$$: []
INFO:R0: --------------------------
INFO:R0@tkref=0.4222: Time to solve stand alone optimization problem: 0.409420013428
INFO:R0@tkref=0.4222: N of unsatisfied eq: 2
INFO:R0@tkref=0.4222: N of unsatisfied ieq: 7
INFO:R0@tkref=0.4222: Summary: Optimization terminated successfully. after 8 it.
DEBUG:R0@tkref=0.4222: $$$$$$$$ CONFLICT LIST $$$$$$$$: []
INFO:R0: --------------------------
INFO:R0@tkref=0.8444: Time to solve stand alone optimization problem: 0.411978960037
INFO:R0@tkref=0.8444: N of unsatisfied eq: 1
INFO:R0@tkref=0.8444: N of unsatisfied ieq: 6
INFO:R0@tkref=0.8444: Summary: Optimization terminated successfully. after 8 it.
DEBUG:R0@tkref=0.8444: $$$$$$$$ CONFLICT LIST $$$$$$$$: []
INFO:R0: --------------------------
INFO:R0@tkref=1.2667: Time to solve stand alone optimization problem: 0.92612695694
INFO:R0@tkref=1.2667: N of unsatisfied eq: 2
INFO:R0@tkref=1.2667: N of unsatisfied ieq: 6
INFO:R0@tkref=1.2667: Summary: Iteration limit exceeded after 16 it.
DEBUG:R0@tkref=1.2667: $$$$$$$$ CONFLICT LIST $$$$$$$$: []
INFO:R0: --------------------------
INFO:R0@tkref=1.6889: Time to solve stand alone optimization problem: 0.568045854568
INFO:R0@tkref=1.6889: N of unsatisfied eq: 1
INFO:R0@tkref=1.6889: N of unsatisfied ieq: 7
INFO:R0@tkref=1.6889: Summary: Optimization terminated successfully. after 10 it.
DEBUG:R0@tkref=1.6889: $$$$$$$$ CONFLICT LIST $$$$$$$$: []
INFO:R0: --------------------------
INFO:R0@tkref=2.1111: Time to solve stand alone optimization problem: 0.912880897522
INFO:R0@tkref=2.1111: N of unsatisfied eq: 2
INFO:R0@tkref=2.1111: N of unsatisfied ieq: 6
INFO:R0@tkref=2.1111: Summary: Iteration limit exceeded after 16 it.
DEBUG:R0@tkref=2.1111: $$$$$$$$ CONFLICT LIST $$$$$$$$: []
INFO:R0: --------------------------
INFO:R0@tkref=2.5333: Time to solve stand alone optimization problem: 0.675525903702
INFO:R0@tkref=2.5333: N of unsatisfied eq: 3
INFO:R0@tkref=2.5333: N of unsatisfied ieq: 7
INFO:R0@tkref=2.5333: Summary: Optimization terminated successfully. after 12 it.
DEBUG:R0@tkref=2.5333: $$$$$$$$ CONFLICT LIST $$$$$$$$: []
INFO:R0: --------------------------
INFO:R0@tkref=2.9556: Time to solve stand alone optimization problem: 0.727205038071
INFO:R0@tkref=2.9556: N of unsatisfied eq: 3
INFO:R0@tkref=2.9556: N of unsatisfied ieq: 8
INFO:R0@tkref=2.9556: Summary: Optimization terminated successfully. after 13 it.
DEBUG:R0@tkref=2.9556: $$$$$$$$ CONFLICT LIST $$$$$$$$: []
INFO:R0: --------------------------
INFO:R0@tkref=3.3778: Time to solve stand alone optimization problem: 0.395156145096
INFO:R0@tkref=3.3778: N of unsatisfied eq: 2
INFO:R0@tkref=3.3778: N of unsatisfied ieq: 7
INFO:R0@tkref=3.3778: Summary: Optimization terminated successfully. after 7 it.
DEBUG:R0@tkref=3.3778: $$$$$$$$ CONFLICT LIST $$$$$$$$: []
INFO:R0: --------------------------
INFO:R0@tkref=3.8000: Time to solve stand alone optimization problem: 0.338862895966
INFO:R0@tkref=3.8000: N of unsatisfied eq: 1
INFO:R0@tkref=3.8000: N of unsatisfied ieq: 7
INFO:R0@tkref=3.8000: Summary: Optimization terminated successfully. after 6 it.
DEBUG:R0@tkref=3.8000: $$$$$$$$ CONFLICT LIST $$$$$$$$: []
INFO:R0: --------------------------
INFO:R0@tkref=4.2222: Time to solve stand alone optimization problem: 0.686942100525
INFO:R0@tkref=4.2222: N of unsatisfied eq: 2
INFO:R0@tkref=4.2222: N of unsatisfied ieq: 6
INFO:R0@tkref=4.2222: Summary: Optimization terminated successfully. after 12 it.
DEBUG:R0@tkref=4.2222: $$$$$$$$ CONFLICT LIST $$$$$$$$: []
INFO:R0: --------------------------
INFO:R0@tkref=4.6444: Time to solve stand alone optimization problem: 0.620298862457
INFO:R0@tkref=4.6444: N of unsatisfied eq: 3
INFO:R0@tkref=4.6444: N of unsatisfied ieq: 6
INFO:R0@tkref=4.6444: Summary: Optimization terminated successfully. after 11 it.
DEBUG:R0@tkref=4.6444: $$$$$$$$ CONFLICT LIST $$$$$$$$: []
INFO:R0: --------------------------
INFO:R0@tkref=5.0667: Time to solve stand alone optimization problem: 0.508883953094
INFO:R0@tkref=5.0667: N of unsatisfied eq: 3
INFO:R0@tkref=5.0667: N of unsatisfied ieq: 7
INFO:R0@tkref=5.0667: Summary: Optimization terminated successfully. after 9 it.
DEBUG:R0@tkref=5.0667: $$$$$$$$ CONFLICT LIST $$$$$$$$: []
INFO:R0: --------------------------
INFO:R0@tkref=5.4889: Time to solve stand alone optimization problem: 0.397582054138
INFO:R0@tkref=5.4889: N of unsatisfied eq: 3
INFO:R0@tkref=5.4889: N of unsatisfied ieq: 8
INFO:R0@tkref=5.4889: Summary: Optimization terminated successfully. after 7 it.
DEBUG:R0@tkref=5.4889: $$$$$$$$ CONFLICT LIST $$$$$$$$: []
INFO:R0: --------------------------
INFO:R0@tkref=5.9111: Time to solve stand alone optimization problem: 0.227840900421
INFO:R0@tkref=5.9111: N of unsatisfied eq: 3
INFO:R0@tkref=5.9111: N of unsatisfied ieq: 8
INFO:R0@tkref=5.9111: Summary: Optimization terminated successfully. after 4 it.
DEBUG:R0@tkref=5.9111: $$$$$$$$ CONFLICT LIST $$$$$$$$: []
INFO:R0: --------------------------
INFO:R0@tkref=6.3333: Time to solve stand alone optimization problem: 0.137678861618
INFO:R0@tkref=6.3333: N of unsatisfied eq: 3
INFO:R0@tkref=6.3333: N of unsatisfied ieq: 7
INFO:R0@tkref=6.3333: Summary: Optimization terminated successfully. after 3 it.
DEBUG:R0@tkref=6.3333: $$$$$$$$ CONFLICT LIST $$$$$$$$: []
INFO:R0: --------------------------
INFO:R0@tkref=6.7556: Time to solve stand alone optimization problem: 0.0934629440308
INFO:R0@tkref=6.7556: N of unsatisfied eq: 3
INFO:R0@tkref=6.7556: N of unsatisfied ieq: 5
INFO:R0@tkref=6.7556: Summary: Optimization terminated successfully. after 2 it.
DEBUG:R0@tkref=6.7556: $$$$$$$$ CONFLICT LIST $$$$$$$$: []
INFO:R0: --------------------------
INFO:R0@tkref=7.1778: Time to solve stand alone optimization problem: 0.0936870574951
INFO:R0@tkref=7.1778: N of unsatisfied eq: 3
INFO:R0@tkref=7.1778: N of unsatisfied ieq: 4
INFO:R0@tkref=7.1778: Summary: Optimization terminated successfully. after 2 it.
DEBUG:R0@tkref=7.1778: $$$$$$$$ CONFLICT LIST $$$$$$$$: []
INFO:R0: --------------------------
DEBUG:R0: LAST STEP
DEBUG:R0: Approx remaining dist: 0.330038425349
DEBUG:R0: Usual approx plan dist: 3.8
DEBUG:R0: Approx gain in dist: 3.46996157465
DEBUG:R0: Last step min dist: 0.5
INFO:R0: scale 0.0868522171972 Ns 7 Nk 3
INFO:R0@tkref=7.6000: Time to solve stand alone optimization problem: 0.560930013657
INFO:R0@tkref=7.6000: N of unsatisfied eq: 10
INFO:R0@tkref=7.6000: N of unsatisfied ieq: 4
INFO:R0@tkref=7.6000: Summary: Iteration limit exceeded after 26 it.
DEBUG:R0@tkref=7.6000: $$$$$$$$ CONFLICT LIST $$$$$$$$: []
INFO:R0: Finished motion planning
INFO:R0: --------------------------
INFO:R0: TOT: 7.96894512203
INFO:R0: NSE: 19
INFO:R0: FIR: 2.16331410408
INFO:R0: LAS: 0.561794042587
INFO:R0: LMA: 0
INFO:R0: MAX: 0.926954984665
INFO:R0: MIN: 0.0942599773407
INFO:R0: AVG: 0.479155750836
INFO:R0: RMP: 2.19541970052
INFO:R0: RMG: 2.19541970052
