DEBUG:R0: Using Tc_p = 1.82222222222
DEBUG:R0: Using Tc_d = 1.82222222222
INFO:R0: Init motion planning
INFO:R0@tkref=0.0000: Time to solve stand alone optimization problem: 1.46671509743
INFO:R0@tkref=0.0000: N of unsatisfied eq: 3
INFO:R0@tkref=0.0000: N of unsatisfied ieq: 9
INFO:R0@tkref=0.0000: Summary: Iteration limit exceeded after 41 it.
DEBUG:R0@tkref=0.0000: $$$$$$$$ CONFLICT LIST $$$$$$$$: []
INFO:R0: --------------------------
INFO:R0@tkref=1.8222: Time to solve stand alone optimization problem: 0.321292161942
INFO:R0@tkref=1.8222: N of unsatisfied eq: 2
INFO:R0@tkref=1.8222: N of unsatisfied ieq: 6
INFO:R0@tkref=1.8222: Summary: Optimization terminated successfully. after 8 it.
DEBUG:R0@tkref=1.8222: $$$$$$$$ CONFLICT LIST $$$$$$$$: []
INFO:R0: --------------------------
INFO:R0@tkref=3.6444: Time to solve stand alone optimization problem: 0.521857976913
INFO:R0@tkref=3.6444: N of unsatisfied eq: 1
INFO:R0@tkref=3.6444: N of unsatisfied ieq: 7
INFO:R0@tkref=3.6444: Summary: Optimization terminated successfully. after 13 it.
DEBUG:R0@tkref=3.6444: $$$$$$$$ CONFLICT LIST $$$$$$$$: []
INFO:R0: --------------------------
DEBUG:R0: LAST STEP
DEBUG:R0: Approx remaining dist: 1.98383740412
DEBUG:R0: Usual approx plan dist: 4.1
DEBUG:R0: Approx gain in dist: 2.11616259588
DEBUG:R0: Last step min dist: 0.5
INFO:R0: scale 0.483862781492 Ns 7 Nk 3
INFO:R0@tkref=5.4667: Time to solve stand alone optimization problem: 0.569183111191
INFO:R0@tkref=5.4667: N of unsatisfied eq: 10
INFO:R0@tkref=5.4667: N of unsatisfied ieq: 3
INFO:R0@tkref=5.4667: Summary: Iteration limit exceeded after 26 it.
DEBUG:R0@tkref=5.4667: $$$$$$$$ CONFLICT LIST $$$$$$$$: []
INFO:R0: Finished motion planning
INFO:R0: --------------------------
INFO:R0: TOT: 7.70997199138
INFO:R0: NSE: 4
INFO:R0: FIR: 1.46791911125
INFO:R0: LAS: 0.569988965988
INFO:R0: LMA: 1
INFO:R0: MAX: 0.522638082504
INFO:R0: MIN: 0.322062969208
INFO:R0: AVG: 0.422350525856
INFO:R0: RMP: 0.286813581862
INFO:R0: RMG: 0.312798822798
