DEBUG:R0: Using Tc_p = 1.61111111111
DEBUG:R0: Using Tc_d = 1.61111111111
INFO:R0: Init motion planning
INFO:R0@tkref=0.0000: Time to solve stand alone optimization problem: 1.32526993752
INFO:R0@tkref=0.0000: N of unsatisfied eq: 5
INFO:R0@tkref=0.0000: N of unsatisfied ieq: 5
INFO:R0@tkref=0.0000: Summary: Iteration limit exceeded after 41 it.
DEBUG:R0@tkref=0.0000: $$$$$$$$ CONFLICT LIST $$$$$$$$: []
INFO:R0: --------------------------
INFO:R0@tkref=1.6111: Time to solve stand alone optimization problem: 0.366587877274
INFO:R0@tkref=1.6111: N of unsatisfied eq: 2
INFO:R0@tkref=1.6111: N of unsatisfied ieq: 8
INFO:R0@tkref=1.6111: Summary: Optimization terminated successfully. after 10 it.
DEBUG:R0@tkref=1.6111: $$$$$$$$ CONFLICT LIST $$$$$$$$: []
INFO:R0: --------------------------
INFO:R0@tkref=3.2222: Time to solve stand alone optimization problem: 0.291010141373
INFO:R0@tkref=3.2222: N of unsatisfied eq: 3
INFO:R0@tkref=3.2222: N of unsatisfied ieq: 7
INFO:R0@tkref=3.2222: Summary: Optimization terminated successfully. after 8 it.
DEBUG:R0@tkref=3.2222: $$$$$$$$ CONFLICT LIST $$$$$$$$: []
INFO:R0: --------------------------
INFO:R0@tkref=4.8333: Time to solve stand alone optimization problem: 0.113364934921
INFO:R0@tkref=4.8333: N of unsatisfied eq: 3
INFO:R0@tkref=4.8333: N of unsatisfied ieq: 6
INFO:R0@tkref=4.8333: Summary: Optimization terminated successfully. after 3 it.
DEBUG:R0@tkref=4.8333: $$$$$$$$ CONFLICT LIST $$$$$$$$: []
INFO:R0: --------------------------
DEBUG:R0: LAST STEP
DEBUG:R0: Approx remaining dist: 0.968938720433
DEBUG:R0: Usual approx plan dist: 2.9
DEBUG:R0: Approx gain in dist: 1.93106127957
DEBUG:R0: Last step min dist: 0.5
INFO:R0: scale 0.334116800149 Ns 7 Nk 3
INFO:R0@tkref=6.4444: Time to solve stand alone optimization problem: 0.503674030304
INFO:R0@tkref=6.4444: N of unsatisfied eq: 10
INFO:R0@tkref=6.4444: N of unsatisfied ieq: 4
INFO:R0@tkref=6.4444: Summary: Iteration limit exceeded after 26 it.
DEBUG:R0@tkref=6.4444: $$$$$$$$ CONFLICT LIST $$$$$$$$: []
INFO:R0: Finished motion planning
INFO:R0: --------------------------
INFO:R0: TOT: 7.53338788994
INFO:R0: NSE: 5
INFO:R0: FIR: 1.32655000687
INFO:R0: LAS: 0.504479885101
INFO:R0: LMA: 1
INFO:R0: MAX: 0.367385149002
INFO:R0: MIN: 0.114156007767
INFO:R0: AVG: 0.257794062297
INFO:R0: RMP: 0.22803216145
INFO:R0: RMG: 0.313125445925
