DEBUG:R0: Using Tc_p = 0.5
DEBUG:R0: Using Tc_d = 0.5
INFO:R0: Init motion planning
INFO:R0@tkref=0.0000: Time to solve stand alone optimization problem: 1.41036987305
INFO:R0@tkref=0.0000: N of unsatisfied eq: 3
INFO:R0@tkref=0.0000: N of unsatisfied ieq: 8
INFO:R0@tkref=0.0000: Summary: Iteration limit exceeded after 41 it.
DEBUG:R0@tkref=0.0000: $$$$$$$$ CONFLICT LIST $$$$$$$$: []
INFO:R0: --------------------------
INFO:R0@tkref=0.5000: Time to solve stand alone optimization problem: 0.198616027832
INFO:R0@tkref=0.5000: N of unsatisfied eq: 3
INFO:R0@tkref=0.5000: N of unsatisfied ieq: 7
INFO:R0@tkref=0.5000: Summary: Optimization terminated successfully. after 6 it.
DEBUG:R0@tkref=0.5000: $$$$$$$$ CONFLICT LIST $$$$$$$$: []
INFO:R0: --------------------------
INFO:R0@tkref=1.0000: Time to solve stand alone optimization problem: 0.232161998749
INFO:R0@tkref=1.0000: N of unsatisfied eq: 1
INFO:R0@tkref=1.0000: N of unsatisfied ieq: 6
INFO:R0@tkref=1.0000: Summary: Optimization terminated successfully. after 7 it.
DEBUG:R0@tkref=1.0000: $$$$$$$$ CONFLICT LIST $$$$$$$$: []
INFO:R0: --------------------------
INFO:R0@tkref=1.5000: Time to solve stand alone optimization problem: 0.317265033722
INFO:R0@tkref=1.5000: N of unsatisfied eq: 2
INFO:R0@tkref=1.5000: N of unsatisfied ieq: 5
INFO:R0@tkref=1.5000: Summary: Optimization terminated successfully. after 8 it.
DEBUG:R0@tkref=1.5000: $$$$$$$$ CONFLICT LIST $$$$$$$$: []
INFO:R0: --------------------------
INFO:R0@tkref=2.0000: Time to solve stand alone optimization problem: 0.386305093765
INFO:R0@tkref=2.0000: N of unsatisfied eq: 2
INFO:R0@tkref=2.0000: N of unsatisfied ieq: 3
INFO:R0@tkref=2.0000: Summary: Optimization terminated successfully. after 10 it.
DEBUG:R0@tkref=2.0000: $$$$$$$$ CONFLICT LIST $$$$$$$$: []
INFO:R0: --------------------------
INFO:R0@tkref=2.5000: Time to solve stand alone optimization problem: 0.272253990173
INFO:R0@tkref=2.5000: N of unsatisfied eq: 2
INFO:R0@tkref=2.5000: N of unsatisfied ieq: 4
INFO:R0@tkref=2.5000: Summary: Optimization terminated successfully. after 7 it.
DEBUG:R0@tkref=2.5000: $$$$$$$$ CONFLICT LIST $$$$$$$$: []
INFO:R0: --------------------------
INFO:R0@tkref=3.0000: Time to solve stand alone optimization problem: 0.424518823624
INFO:R0@tkref=3.0000: N of unsatisfied eq: 3
INFO:R0@tkref=3.0000: N of unsatisfied ieq: 5
INFO:R0@tkref=3.0000: Summary: Optimization terminated successfully. after 11 it.
DEBUG:R0@tkref=3.0000: $$$$$$$$ CONFLICT LIST $$$$$$$$: []
INFO:R0: --------------------------
INFO:R0@tkref=3.5000: Time to solve stand alone optimization problem: 0.543744802475
INFO:R0@tkref=3.5000: N of unsatisfied eq: 2
INFO:R0@tkref=3.5000: N of unsatisfied ieq: 5
INFO:R0@tkref=3.5000: Summary: Optimization terminated successfully. after 14 it.
DEBUG:R0@tkref=3.5000: $$$$$$$$ CONFLICT LIST $$$$$$$$: []
INFO:R0: --------------------------
INFO:R0@tkref=4.0000: Time to solve stand alone optimization problem: 0.239060163498
INFO:R0@tkref=4.0000: N of unsatisfied eq: 3
INFO:R0@tkref=4.0000: N of unsatisfied ieq: 6
INFO:R0@tkref=4.0000: Summary: Optimization terminated successfully. after 6 it.
DEBUG:R0@tkref=4.0000: $$$$$$$$ CONFLICT LIST $$$$$$$$: []
INFO:R0: --------------------------
INFO:R0@tkref=4.5000: Time to solve stand alone optimization problem: 0.529713153839
INFO:R0@tkref=4.5000: N of unsatisfied eq: 2
INFO:R0@tkref=4.5000: N of unsatisfied ieq: 6
INFO:R0@tkref=4.5000: Summary: Optimization terminated successfully. after 13 it.
DEBUG:R0@tkref=4.5000: $$$$$$$$ CONFLICT LIST $$$$$$$$: []
INFO:R0: --------------------------
INFO:R0@tkref=5.0000: Time to solve stand alone optimization problem: 0.579065799713
INFO:R0@tkref=5.0000: N of unsatisfied eq: 3
INFO:R0@tkref=5.0000: N of unsatisfied ieq: 6
INFO:R0@tkref=5.0000: Summary: Optimization terminated successfully. after 15 it.
DEBUG:R0@tkref=5.0000: $$$$$$$$ CONFLICT LIST $$$$$$$$: []
INFO:R0: --------------------------
INFO:R0@tkref=5.5000: Time to solve stand alone optimization problem: 0.158891916275
INFO:R0@tkref=5.5000: N of unsatisfied eq: 3
INFO:R0@tkref=5.5000: N of unsatisfied ieq: 8
INFO:R0@tkref=5.5000: Summary: Optimization terminated successfully. after 4 it.
DEBUG:R0@tkref=5.5000: $$$$$$$$ CONFLICT LIST $$$$$$$$: []
INFO:R0: --------------------------
INFO:R0@tkref=6.0000: Time to solve stand alone optimization problem: 0.234656095505
INFO:R0@tkref=6.0000: N of unsatisfied eq: 2
INFO:R0@tkref=6.0000: N of unsatisfied ieq: 8
INFO:R0@tkref=6.0000: Summary: Optimization terminated successfully. after 6 it.
DEBUG:R0@tkref=6.0000: $$$$$$$$ CONFLICT LIST $$$$$$$$: []
INFO:R0: --------------------------
INFO:R0@tkref=6.5000: Time to solve stand alone optimization problem: 0.117980957031
INFO:R0@tkref=6.5000: N of unsatisfied eq: 3
INFO:R0@tkref=6.5000: N of unsatisfied ieq: 6
INFO:R0@tkref=6.5000: Summary: Optimization terminated successfully. after 3 it.
DEBUG:R0@tkref=6.5000: $$$$$$$$ CONFLICT LIST $$$$$$$$: []
INFO:R0: --------------------------
INFO:R0@tkref=7.0000: Time to solve stand alone optimization problem: 0.119332075119
INFO:R0@tkref=7.0000: N of unsatisfied eq: 3
INFO:R0@tkref=7.0000: N of unsatisfied ieq: 6
INFO:R0@tkref=7.0000: Summary: Optimization terminated successfully. after 3 it.
DEBUG:R0@tkref=7.0000: $$$$$$$$ CONFLICT LIST $$$$$$$$: []
INFO:R0: --------------------------
INFO:R0@tkref=7.5000: Time to solve stand alone optimization problem: 0.107271909714
INFO:R0@tkref=7.5000: N of unsatisfied eq: 3
INFO:R0@tkref=7.5000: N of unsatisfied ieq: 6
INFO:R0@tkref=7.5000: Summary: Optimization terminated successfully. after 3 it.
DEBUG:R0@tkref=7.5000: $$$$$$$$ CONFLICT LIST $$$$$$$$: []
INFO:R0: --------------------------
DEBUG:R0: LAST STEP
DEBUG:R0: Approx remaining dist: 0.511817150646
DEBUG:R0: Usual approx plan dist: 5.0
DEBUG:R0: Approx gain in dist: 4.48818284935
DEBUG:R0: Last step min dist: 0.5
INFO:R0: scale 0.102363430129 Ns 7 Nk 3
INFO:R0@tkref=8.0000: Time to solve stand alone optimization problem: 0.510172843933
INFO:R0@tkref=8.0000: N of unsatisfied eq: 10
INFO:R0@tkref=8.0000: N of unsatisfied ieq: 2
INFO:R0@tkref=8.0000: Summary: Iteration limit exceeded after 26 it.
DEBUG:R0@tkref=8.0000: $$$$$$$$ CONFLICT LIST $$$$$$$$: []
INFO:R0: Finished motion planning
INFO:R0: --------------------------
INFO:R0: TOT: 8.67615659878
INFO:R0: NSE: 17
INFO:R0: FIR: 1.41184902191
INFO:R0: LAS: 0.511066913605
INFO:R0: LMA: 0
INFO:R0: MAX: 0.580089092255
INFO:R0: MIN: 0.108116149902
INFO:R0: AVG: 0.298270829519
INFO:R0: RMP: 1.16017818451
INFO:R0: RMG: 1.16017818451
