DEBUG:R0: Using Tc_p = 0.722222222222
DEBUG:R0: Using Tc_d = 0.722222222222
INFO:R0: Init motion planning
INFO:R0@tkref=0.0000: Time to solve stand alone optimization problem: 1.62427210808
INFO:R0@tkref=0.0000: N of unsatisfied eq: 5
INFO:R0@tkref=0.0000: N of unsatisfied ieq: 6
INFO:R0@tkref=0.0000: Summary: Iteration limit exceeded after 41 it.
DEBUG:R0@tkref=0.0000: $$$$$$$$ CONFLICT LIST $$$$$$$$: []
INFO:R0: --------------------------
INFO:R0@tkref=0.7222: Time to solve stand alone optimization problem: 0.0398190021515
INFO:R0@tkref=0.7222: N of unsatisfied eq: 3
INFO:R0@tkref=0.7222: N of unsatisfied ieq: 3
INFO:R0@tkref=0.7222: Summary: Optimization terminated successfully. after 1 it.
DEBUG:R0@tkref=0.7222: $$$$$$$$ CONFLICT LIST $$$$$$$$: []
INFO:R0: --------------------------
INFO:R0@tkref=1.4444: Time to solve stand alone optimization problem: 0.0522980690002
INFO:R0@tkref=1.4444: N of unsatisfied eq: 5
INFO:R0@tkref=1.4444: N of unsatisfied ieq: 6
INFO:R0@tkref=1.4444: Summary: Optimization terminated successfully. after 1 it.
DEBUG:R0@tkref=1.4444: $$$$$$$$ CONFLICT LIST $$$$$$$$: []
INFO:R0: --------------------------
INFO:R0@tkref=2.1667: Time to solve stand alone optimization problem: 0.493837833405
INFO:R0@tkref=2.1667: N of unsatisfied eq: 2
INFO:R0@tkref=2.1667: N of unsatisfied ieq: 9
INFO:R0@tkref=2.1667: Summary: Optimization terminated successfully. after 11 it.
DEBUG:R0@tkref=2.1667: $$$$$$$$ CONFLICT LIST $$$$$$$$: []
INFO:R0: --------------------------
INFO:R0@tkref=2.8889: Time to solve stand alone optimization problem: 0.665282964706
INFO:R0@tkref=2.8889: N of unsatisfied eq: 2
INFO:R0@tkref=2.8889: N of unsatisfied ieq: 8
INFO:R0@tkref=2.8889: Summary: Iteration limit exceeded after 16 it.
DEBUG:R0@tkref=2.8889: $$$$$$$$ CONFLICT LIST $$$$$$$$: []
INFO:R0: --------------------------
INFO:R0@tkref=3.6111: Time to solve stand alone optimization problem: 0.288500070572
INFO:R0@tkref=3.6111: N of unsatisfied eq: 3
INFO:R0@tkref=3.6111: N of unsatisfied ieq: 8
INFO:R0@tkref=3.6111: Summary: Optimization terminated successfully. after 7 it.
DEBUG:R0@tkref=3.6111: $$$$$$$$ CONFLICT LIST $$$$$$$$: []
INFO:R0: --------------------------
INFO:R0@tkref=4.3333: Time to solve stand alone optimization problem: 0.328591108322
INFO:R0@tkref=4.3333: N of unsatisfied eq: 3
INFO:R0@tkref=4.3333: N of unsatisfied ieq: 8
INFO:R0@tkref=4.3333: Summary: Optimization terminated successfully. after 8 it.
DEBUG:R0@tkref=4.3333: $$$$$$$$ CONFLICT LIST $$$$$$$$: []
INFO:R0: --------------------------
INFO:R0@tkref=5.0556: Time to solve stand alone optimization problem: 0.294758081436
INFO:R0@tkref=5.0556: N of unsatisfied eq: 3
INFO:R0@tkref=5.0556: N of unsatisfied ieq: 8
INFO:R0@tkref=5.0556: Summary: Optimization terminated successfully. after 7 it.
DEBUG:R0@tkref=5.0556: $$$$$$$$ CONFLICT LIST $$$$$$$$: []
INFO:R0: --------------------------
INFO:R0@tkref=5.7778: Time to solve stand alone optimization problem: 0.0439560413361
INFO:R0@tkref=5.7778: N of unsatisfied eq: 3
INFO:R0@tkref=5.7778: N of unsatisfied ieq: 7
INFO:R0@tkref=5.7778: Summary: Optimization terminated successfully. after 1 it.
DEBUG:R0@tkref=5.7778: $$$$$$$$ CONFLICT LIST $$$$$$$$: []
INFO:R0: --------------------------
DEBUG:R0: LAST STEP
DEBUG:R0: Approx remaining dist: 0.990299051076
DEBUG:R0: Usual approx plan dist: 1.3
DEBUG:R0: Approx gain in dist: 0.309700948924
DEBUG:R0: Last step min dist: 0.5
INFO:R0: scale 0.761768500828 Ns 9 Nk 5
INFO:R0@tkref=6.5000: Time to solve stand alone optimization problem: 0.77099108696
INFO:R0@tkref=6.5000: N of unsatisfied eq: 10
INFO:R0@tkref=6.5000: N of unsatisfied ieq: 4
INFO:R0@tkref=6.5000: Summary: Iteration limit exceeded after 26 it.
DEBUG:R0@tkref=6.5000: $$$$$$$$ CONFLICT LIST $$$$$$$$: []
INFO:R0: Finished motion planning
INFO:R0: --------------------------
INFO:R0: TOT: 7.54209553028
INFO:R0: NSE: 10
INFO:R0: FIR: 1.62589287758
INFO:R0: LAS: 0.771929979324
INFO:R0: LMA: 1
INFO:R0: MAX: 0.666216850281
INFO:R0: MIN: 0.0414218902588
INFO:R0: AVG: 0.276913940907
INFO:R0: RMP: 0.922454100389
INFO:R0: RMG: 1.06882612522
