DEBUG:R0: Using Tc_p = 0.577777777778
DEBUG:R0: Using Tc_d = 0.577777777778
INFO:R0: Init motion planning
INFO:R0@tkref=0.0000: Time to solve stand alone optimization problem: 0.954054117203
INFO:R0@tkref=0.0000: N of unsatisfied eq: 5
INFO:R0@tkref=0.0000: N of unsatisfied ieq: 6
INFO:R0@tkref=0.0000: Summary: Iteration limit exceeded after 41 it.
DEBUG:R0@tkref=0.0000: $$$$$$$$ CONFLICT LIST $$$$$$$$: []
INFO:R0: --------------------------
INFO:R0@tkref=0.5778: Time to solve stand alone optimization problem: 0.0251319408417
INFO:R0@tkref=0.5778: N of unsatisfied eq: 3
INFO:R0@tkref=0.5778: N of unsatisfied ieq: 4
INFO:R0@tkref=0.5778: Summary: Optimization terminated successfully. after 1 it.
DEBUG:R0@tkref=0.5778: $$$$$$$$ CONFLICT LIST $$$$$$$$: []
INFO:R0: --------------------------
INFO:R0@tkref=1.1556: Time to solve stand alone optimization problem: 0.141378879547
INFO:R0@tkref=1.1556: N of unsatisfied eq: 3
INFO:R0@tkref=1.1556: N of unsatisfied ieq: 8
INFO:R0@tkref=1.1556: Summary: Optimization terminated successfully. after 6 it.
DEBUG:R0@tkref=1.1556: $$$$$$$$ CONFLICT LIST $$$$$$$$: []
INFO:R0: --------------------------
INFO:R0@tkref=1.7333: Time to solve stand alone optimization problem: 0.140288114548
INFO:R0@tkref=1.7333: N of unsatisfied eq: 3
INFO:R0@tkref=1.7333: N of unsatisfied ieq: 7
INFO:R0@tkref=1.7333: Summary: Optimization terminated successfully. after 6 it.
DEBUG:R0@tkref=1.7333: $$$$$$$$ CONFLICT LIST $$$$$$$$: []
INFO:R0: --------------------------
INFO:R0@tkref=2.3111: Time to solve stand alone optimization problem: 0.14058303833
INFO:R0@tkref=2.3111: N of unsatisfied eq: 3
INFO:R0@tkref=2.3111: N of unsatisfied ieq: 8
INFO:R0@tkref=2.3111: Summary: Optimization terminated successfully. after 6 it.
DEBUG:R0@tkref=2.3111: $$$$$$$$ CONFLICT LIST $$$$$$$$: []
INFO:R0: --------------------------
INFO:R0@tkref=2.8889: Time to solve stand alone optimization problem: 0.142361164093
INFO:R0@tkref=2.8889: N of unsatisfied eq: 3
INFO:R0@tkref=2.8889: N of unsatisfied ieq: 8
INFO:R0@tkref=2.8889: Summary: Optimization terminated successfully. after 6 it.
DEBUG:R0@tkref=2.8889: $$$$$$$$ CONFLICT LIST $$$$$$$$: []
INFO:R0: --------------------------
INFO:R0@tkref=3.4667: Time to solve stand alone optimization problem: 0.0936470031738
INFO:R0@tkref=3.4667: N of unsatisfied eq: 4
INFO:R0@tkref=3.4667: N of unsatisfied ieq: 9
INFO:R0@tkref=3.4667: Summary: Optimization terminated successfully. after 4 it.
DEBUG:R0@tkref=3.4667: $$$$$$$$ CONFLICT LIST $$$$$$$$: []
INFO:R0: --------------------------
INFO:R0@tkref=4.0444: Time to solve stand alone optimization problem: 0.0465741157532
INFO:R0@tkref=4.0444: N of unsatisfied eq: 3
INFO:R0@tkref=4.0444: N of unsatisfied ieq: 9
INFO:R0@tkref=4.0444: Summary: Optimization terminated successfully. after 2 it.
DEBUG:R0@tkref=4.0444: $$$$$$$$ CONFLICT LIST $$$$$$$$: []
INFO:R0: --------------------------
INFO:R0@tkref=4.6222: Time to solve stand alone optimization problem: 0.0240950584412
INFO:R0@tkref=4.6222: N of unsatisfied eq: 3
INFO:R0@tkref=4.6222: N of unsatisfied ieq: 5
INFO:R0@tkref=4.6222: Summary: Optimization terminated successfully. after 1 it.
DEBUG:R0@tkref=4.6222: $$$$$$$$ CONFLICT LIST $$$$$$$$: []
INFO:R0: --------------------------
INFO:R0@tkref=5.2000: Time to solve stand alone optimization problem: 0.0242619514465
INFO:R0@tkref=5.2000: N of unsatisfied eq: 3
INFO:R0@tkref=5.2000: N of unsatisfied ieq: 5
INFO:R0@tkref=5.2000: Summary: Optimization terminated successfully. after 1 it.
DEBUG:R0@tkref=5.2000: $$$$$$$$ CONFLICT LIST $$$$$$$$: []
INFO:R0: --------------------------
INFO:R0@tkref=5.7778: Time to solve stand alone optimization problem: 0.0243611335754
INFO:R0@tkref=5.7778: N of unsatisfied eq: 3
INFO:R0@tkref=5.7778: N of unsatisfied ieq: 4
INFO:R0@tkref=5.7778: Summary: Optimization terminated successfully. after 1 it.
DEBUG:R0@tkref=5.7778: $$$$$$$$ CONFLICT LIST $$$$$$$$: []
INFO:R0: --------------------------
DEBUG:R0: LAST STEP
DEBUG:R0: Approx remaining dist: 0.74968753947
DEBUG:R0: Usual approx plan dist: 2.6
DEBUG:R0: Approx gain in dist: 1.85031246053
DEBUG:R0: Last step min dist: 0.5
INFO:R0: scale 0.288341361335 Ns 7 Nk 3
INFO:R0@tkref=6.3556: Time to solve stand alone optimization problem: 0.363133907318
INFO:R0@tkref=6.3556: N of unsatisfied eq: 10
INFO:R0@tkref=6.3556: N of unsatisfied ieq: 4
INFO:R0@tkref=6.3556: Summary: Iteration limit exceeded after 26 it.
DEBUG:R0@tkref=6.3556: $$$$$$$$ CONFLICT LIST $$$$$$$$: []
INFO:R0: Finished motion planning
INFO:R0: --------------------------
INFO:R0: TOT: 7.19807611481
INFO:R0: NSE: 12
INFO:R0: FIR: 0.955428123474
INFO:R0: LAS: 0.363895893097
INFO:R0: LMA: 1
INFO:R0: MAX: 0.14311003685
INFO:R0: MIN: 0.0247371196747
INFO:R0: AVG: 0.0809448242188
INFO:R0: RMP: 0.247690448394
INFO:R0: RMG: 0.629819814975
