DEBUG:R0: Using Tc_p = 0.911111111111
DEBUG:R0: Using Tc_d = 0.911111111111
INFO:R0: Init motion planning
INFO:R0@tkref=0.0000: Time to solve stand alone optimization problem: 1.54241490364
INFO:R0@tkref=0.0000: N of unsatisfied eq: 3
INFO:R0@tkref=0.0000: N of unsatisfied ieq: 9
INFO:R0@tkref=0.0000: Summary: Iteration limit exceeded after 41 it.
DEBUG:R0@tkref=0.0000: $$$$$$$$ CONFLICT LIST $$$$$$$$: []
INFO:R0: --------------------------
INFO:R0@tkref=0.9111: Time to solve stand alone optimization problem: 0.32312297821
INFO:R0@tkref=0.9111: N of unsatisfied eq: 2
INFO:R0@tkref=0.9111: N of unsatisfied ieq: 8
INFO:R0@tkref=0.9111: Summary: Optimization terminated successfully. after 8 it.
DEBUG:R0@tkref=0.9111: $$$$$$$$ CONFLICT LIST $$$$$$$$: []
INFO:R0: --------------------------
INFO:R0@tkref=1.8222: Time to solve stand alone optimization problem: 0.315627098083
INFO:R0@tkref=1.8222: N of unsatisfied eq: 2
INFO:R0@tkref=1.8222: N of unsatisfied ieq: 7
INFO:R0@tkref=1.8222: Summary: Optimization terminated successfully. after 8 it.
DEBUG:R0@tkref=1.8222: $$$$$$$$ CONFLICT LIST $$$$$$$$: []
INFO:R0: --------------------------
INFO:R0@tkref=2.7333: Time to solve stand alone optimization problem: 0.316557884216
INFO:R0@tkref=2.7333: N of unsatisfied eq: 3
INFO:R0@tkref=2.7333: N of unsatisfied ieq: 8
INFO:R0@tkref=2.7333: Summary: Optimization terminated successfully. after 8 it.
DEBUG:R0@tkref=2.7333: $$$$$$$$ CONFLICT LIST $$$$$$$$: []
INFO:R0: --------------------------
INFO:R0@tkref=3.6444: Time to solve stand alone optimization problem: 0.279604911804
INFO:R0@tkref=3.6444: N of unsatisfied eq: 2
INFO:R0@tkref=3.6444: N of unsatisfied ieq: 7
INFO:R0@tkref=3.6444: Summary: Optimization terminated successfully. after 7 it.
DEBUG:R0@tkref=3.6444: $$$$$$$$ CONFLICT LIST $$$$$$$$: []
INFO:R0: --------------------------
INFO:R0@tkref=4.5556: Time to solve stand alone optimization problem: 0.123160839081
INFO:R0@tkref=4.5556: N of unsatisfied eq: 3
INFO:R0@tkref=4.5556: N of unsatisfied ieq: 8
INFO:R0@tkref=4.5556: Summary: Optimization terminated successfully. after 3 it.
DEBUG:R0@tkref=4.5556: $$$$$$$$ CONFLICT LIST $$$$$$$$: []
INFO:R0: --------------------------
INFO:R0@tkref=5.4667: Time to solve stand alone optimization problem: 0.118661880493
INFO:R0@tkref=5.4667: N of unsatisfied eq: 3
INFO:R0@tkref=5.4667: N of unsatisfied ieq: 6
INFO:R0@tkref=5.4667: Summary: Optimization terminated successfully. after 3 it.
DEBUG:R0@tkref=5.4667: $$$$$$$$ CONFLICT LIST $$$$$$$$: []
INFO:R0: --------------------------
DEBUG:R0: LAST STEP
DEBUG:R0: Approx remaining dist: 0.979906473003
DEBUG:R0: Usual approx plan dist: 4.1
DEBUG:R0: Approx gain in dist: 3.120093527
DEBUG:R0: Last step min dist: 0.5
INFO:R0: scale 0.239001578781 Ns 7 Nk 3
INFO:R0@tkref=6.3778: Time to solve stand alone optimization problem: 0.496102809906
INFO:R0@tkref=6.3778: N of unsatisfied eq: 10
INFO:R0@tkref=6.3778: N of unsatisfied ieq: 4
INFO:R0@tkref=6.3778: Summary: Iteration limit exceeded after 26 it.
DEBUG:R0@tkref=6.3778: $$$$$$$$ CONFLICT LIST $$$$$$$$: []
INFO:R0: Finished motion planning
INFO:R0: --------------------------
INFO:R0: TOT: 7.47747150428
INFO:R0: NSE: 8
INFO:R0: FIR: 1.54375481606
INFO:R0: LAS: 0.496925830841
INFO:R0: LMA: 1
INFO:R0: MAX: 0.323962926865
INFO:R0: MIN: 0.119466781616
INFO:R0: AVG: 0.246937433879
INFO:R0: RMP: 0.355569066071
INFO:R0: RMG: 0.545406399704
