DEBUG:R0: Using Tc_p = 0.545454545455
DEBUG:R0: Using Tc_d = 0.545454545455
INFO:R0: Init motion planning
INFO:R0@tkref=0.0000: Time to solve stand alone optimization problem: 1.01735401154
INFO:R0@tkref=0.0000: N of unsatisfied eq: 4
INFO:R0@tkref=0.0000: N of unsatisfied ieq: 8
INFO:R0@tkref=0.0000: Summary: Iteration limit exceeded after 41 it.
DEBUG:R0@tkref=0.0000: $$$$$$$$ CONFLICT LIST $$$$$$$$: []
INFO:R0: --------------------------
INFO:R0@tkref=0.5455: Time to solve stand alone optimization problem: 0.0750770568848
INFO:R0@tkref=0.5455: N of unsatisfied eq: 3
INFO:R0@tkref=0.5455: N of unsatisfied ieq: 8
INFO:R0@tkref=0.5455: Summary: Optimization terminated successfully. after 3 it.
DEBUG:R0@tkref=0.5455: $$$$$$$$ CONFLICT LIST $$$$$$$$: []
INFO:R0: --------------------------
INFO:R0@tkref=1.0909: Time to solve stand alone optimization problem: 0.025750875473
INFO:R0@tkref=1.0909: N of unsatisfied eq: 3
INFO:R0@tkref=1.0909: N of unsatisfied ieq: 8
INFO:R0@tkref=1.0909: Summary: Optimization terminated successfully. after 1 it.
DEBUG:R0@tkref=1.0909: $$$$$$$$ CONFLICT LIST $$$$$$$$: []
INFO:R0: --------------------------
INFO:R0@tkref=1.6364: Time to solve stand alone optimization problem: 0.124772071838
INFO:R0@tkref=1.6364: N of unsatisfied eq: 3
INFO:R0@tkref=1.6364: N of unsatisfied ieq: 9
INFO:R0@tkref=1.6364: Summary: Optimization terminated successfully. after 5 it.
DEBUG:R0@tkref=1.6364: $$$$$$$$ CONFLICT LIST $$$$$$$$: []
INFO:R0: --------------------------
INFO:R0@tkref=2.1818: Time to solve stand alone optimization problem: 0.0263359546661
INFO:R0@tkref=2.1818: N of unsatisfied eq: 3
INFO:R0@tkref=2.1818: N of unsatisfied ieq: 6
INFO:R0@tkref=2.1818: Summary: Optimization terminated successfully. after 1 it.
DEBUG:R0@tkref=2.1818: $$$$$$$$ CONFLICT LIST $$$$$$$$: []
INFO:R0: --------------------------
INFO:R0@tkref=2.7273: Time to solve stand alone optimization problem: 0.0764420032501
INFO:R0@tkref=2.7273: N of unsatisfied eq: 3
INFO:R0@tkref=2.7273: N of unsatisfied ieq: 8
INFO:R0@tkref=2.7273: Summary: Optimization terminated successfully. after 3 it.
DEBUG:R0@tkref=2.7273: $$$$$$$$ CONFLICT LIST $$$$$$$$: []
INFO:R0: --------------------------
INFO:R0@tkref=3.2727: Time to solve stand alone optimization problem: 0.025749206543
INFO:R0@tkref=3.2727: N of unsatisfied eq: 3
INFO:R0@tkref=3.2727: N of unsatisfied ieq: 8
INFO:R0@tkref=3.2727: Summary: Optimization terminated successfully. after 1 it.
DEBUG:R0@tkref=3.2727: $$$$$$$$ CONFLICT LIST $$$$$$$$: []
INFO:R0: --------------------------
INFO:R0@tkref=3.8182: Time to solve stand alone optimization problem: 0.051647901535
INFO:R0@tkref=3.8182: N of unsatisfied eq: 4
INFO:R0@tkref=3.8182: N of unsatisfied ieq: 8
INFO:R0@tkref=3.8182: Summary: Optimization terminated successfully. after 2 it.
DEBUG:R0@tkref=3.8182: $$$$$$$$ CONFLICT LIST $$$$$$$$: []
INFO:R0: --------------------------
INFO:R0@tkref=4.3636: Time to solve stand alone optimization problem: 0.0240378379822
INFO:R0@tkref=4.3636: N of unsatisfied eq: 5
INFO:R0@tkref=4.3636: N of unsatisfied ieq: 7
INFO:R0@tkref=4.3636: Summary: Optimization terminated successfully. after 1 it.
DEBUG:R0@tkref=4.3636: $$$$$$$$ CONFLICT LIST $$$$$$$$: []
INFO:R0: --------------------------
INFO:R0@tkref=4.9091: Time to solve stand alone optimization problem: 0.0240728855133
INFO:R0@tkref=4.9091: N of unsatisfied eq: 4
INFO:R0@tkref=4.9091: N of unsatisfied ieq: 8
INFO:R0@tkref=4.9091: Summary: Optimization terminated successfully. after 1 it.
DEBUG:R0@tkref=4.9091: $$$$$$$$ CONFLICT LIST $$$$$$$$: []
INFO:R0: --------------------------
INFO:R0@tkref=5.4545: Time to solve stand alone optimization problem: 0.0243299007416
INFO:R0@tkref=5.4545: N of unsatisfied eq: 4
INFO:R0@tkref=5.4545: N of unsatisfied ieq: 7
INFO:R0@tkref=5.4545: Summary: Optimization terminated successfully. after 1 it.
DEBUG:R0@tkref=5.4545: $$$$$$$$ CONFLICT LIST $$$$$$$$: []
INFO:R0: --------------------------
INFO:R0@tkref=6.0000: Time to solve stand alone optimization problem: 0.0243508815765
INFO:R0@tkref=6.0000: N of unsatisfied eq: 5
INFO:R0@tkref=6.0000: N of unsatisfied ieq: 7
INFO:R0@tkref=6.0000: Summary: Optimization terminated successfully. after 1 it.
DEBUG:R0@tkref=6.0000: $$$$$$$$ CONFLICT LIST $$$$$$$$: []
INFO:R0: --------------------------
DEBUG:R0: LAST STEP
DEBUG:R0: Approx remaining dist: 0.584847271747
DEBUG:R0: Usual approx plan dist: 2.0
DEBUG:R0: Approx gain in dist: 1.41515272825
DEBUG:R0: Last step min dist: 0.5
INFO:R0: scale 0.292423635874 Ns 7 Nk 3
INFO:R0@tkref=6.5455: Time to solve stand alone optimization problem: 0.381635904312
INFO:R0@tkref=6.5455: N of unsatisfied eq: 10
INFO:R0@tkref=6.5455: N of unsatisfied ieq: 4
INFO:R0@tkref=6.5455: Summary: Iteration limit exceeded after 26 it.
DEBUG:R0@tkref=6.5455: $$$$$$$$ CONFLICT LIST $$$$$$$$: []
INFO:R0: Finished motion planning
INFO:R0: --------------------------
INFO:R0: TOT: 7.20271372793
INFO:R0: NSE: 13
INFO:R0: FIR: 1.01855111122
INFO:R0: LAS: 0.382928848267
INFO:R0: LMA: 1
INFO:R0: MAX: 0.125495910645
INFO:R0: MIN: 0.024698972702
INFO:R0: AVG: 0.0463774637742
INFO:R0: RMP: 0.230075836182
INFO:R0: RMG: 0.702036221822
