DEBUG:R0: Using Tc_p = 1.7
DEBUG:R0: Using Tc_d = 1.7
INFO:R0: Init motion planning
INFO:R0@tkref=0.0000: Time to solve stand alone optimization problem: 1.44826698303
INFO:R0@tkref=0.0000: N of unsatisfied eq: 5
INFO:R0@tkref=0.0000: N of unsatisfied ieq: 9
INFO:R0@tkref=0.0000: Summary: Iteration limit exceeded after 41 it.
DEBUG:R0@tkref=0.0000: $$$$$$$$ CONFLICT LIST $$$$$$$$: []
INFO:R0: --------------------------
INFO:R0@tkref=1.7000: Time to solve stand alone optimization problem: 0.307458877563
INFO:R0@tkref=1.7000: N of unsatisfied eq: 2
INFO:R0@tkref=1.7000: N of unsatisfied ieq: 8
INFO:R0@tkref=1.7000: Summary: Optimization terminated successfully. after 8 it.
DEBUG:R0@tkref=1.7000: $$$$$$$$ CONFLICT LIST $$$$$$$$: []
INFO:R0: --------------------------
INFO:R0@tkref=3.4000: Time to solve stand alone optimization problem: 0.638691186905
INFO:R0@tkref=3.4000: N of unsatisfied eq: 1
INFO:R0@tkref=3.4000: N of unsatisfied ieq: 2
INFO:R0@tkref=3.4000: Summary: Iteration limit exceeded after 16 it.
DEBUG:R0@tkref=3.4000: $$$$$$$$ CONFLICT LIST $$$$$$$$: []
INFO:R0: --------------------------
INFO:R0@tkref=5.1000: Time to solve stand alone optimization problem: 0.652518987656
INFO:R0@tkref=5.1000: N of unsatisfied eq: 3
INFO:R0@tkref=5.1000: N of unsatisfied ieq: 4
INFO:R0@tkref=5.1000: Summary: Iteration limit exceeded after 16 it.
DEBUG:R0@tkref=5.1000: $$$$$$$$ CONFLICT LIST $$$$$$$$: []
INFO:R0: --------------------------
INFO:R0@tkref=6.8000: Time to solve stand alone optimization problem: 0.658776044846
INFO:R0@tkref=6.8000: N of unsatisfied eq: 3
INFO:R0@tkref=6.8000: N of unsatisfied ieq: 6
INFO:R0@tkref=6.8000: Summary: Iteration limit exceeded after 16 it.
DEBUG:R0@tkref=6.8000: $$$$$$$$ CONFLICT LIST $$$$$$$$: []
INFO:R0: --------------------------
DEBUG:R0: LAST STEP
DEBUG:R0: Approx remaining dist: 2.13481655791
DEBUG:R0: Usual approx plan dist: 1.7
DEBUG:R0: Approx gain in dist: -0.434816557909
DEBUG:R0: Last step min dist: 0.5
INFO:R0: scale 1.0 Ns 11 Nk 5
INFO:R0@tkref=8.5000: Time to solve stand alone optimization problem: 1.06847500801
INFO:R0@tkref=8.5000: N of unsatisfied eq: 10
INFO:R0@tkref=8.5000: N of unsatisfied ieq: 6
INFO:R0@tkref=8.5000: Summary: Iteration limit exceeded after 26 it.
DEBUG:R0@tkref=8.5000: $$$$$$$$ CONFLICT LIST $$$$$$$$: []
INFO:R0: Finished motion planning
INFO:R0: --------------------------
INFO:R0: TOT: 10.8054038923
INFO:R0: NSE: 6
INFO:R0: FIR: 1.45004320145
INFO:R0: LAS: 1.06932020187
INFO:R0: LMA: 1
INFO:R0: MAX: 0.659614801407
INFO:R0: MIN: 0.30825304985
INFO:R0: AVG: 0.565158784389
INFO:R0: RMP: 0.38800870671
INFO:R0: RMG: 0.629011883455
