DEBUG:R0: Using Tc_p = 0.355555555556
DEBUG:R0: Using Tc_d = 0.355555555556
INFO:R0: Init motion planning
INFO:R0@tkref=0.0000: Time to solve stand alone optimization problem: 0.892067909241
INFO:R0@tkref=0.0000: N of unsatisfied eq: 5
INFO:R0@tkref=0.0000: N of unsatisfied ieq: 5
INFO:R0@tkref=0.0000: Summary: Iteration limit exceeded after 41 it.
DEBUG:R0@tkref=0.0000: $$$$$$$$ CONFLICT LIST $$$$$$$$: []
INFO:R0: --------------------------
INFO:R0@tkref=0.3556: Time to solve stand alone optimization problem: 0.131094932556
INFO:R0@tkref=0.3556: N of unsatisfied eq: 3
INFO:R0@tkref=0.3556: N of unsatisfied ieq: 6
INFO:R0@tkref=0.3556: Summary: Optimization terminated successfully. after 6 it.
DEBUG:R0@tkref=0.3556: $$$$$$$$ CONFLICT LIST $$$$$$$$: []
INFO:R0: --------------------------
INFO:R0@tkref=0.7111: Time to solve stand alone optimization problem: 0.0230751037598
INFO:R0@tkref=0.7111: N of unsatisfied eq: 3
INFO:R0@tkref=0.7111: N of unsatisfied ieq: 7
INFO:R0@tkref=0.7111: Summary: Optimization terminated successfully. after 1 it.
DEBUG:R0@tkref=0.7111: $$$$$$$$ CONFLICT LIST $$$$$$$$: []
INFO:R0: --------------------------
INFO:R0@tkref=1.0667: Time to solve stand alone optimization problem: 0.0227251052856
INFO:R0@tkref=1.0667: N of unsatisfied eq: 3
INFO:R0@tkref=1.0667: N of unsatisfied ieq: 6
INFO:R0@tkref=1.0667: Summary: Optimization terminated successfully. after 1 it.
DEBUG:R0@tkref=1.0667: $$$$$$$$ CONFLICT LIST $$$$$$$$: []
INFO:R0: --------------------------
INFO:R0@tkref=1.4222: Time to solve stand alone optimization problem: 0.067018032074
INFO:R0@tkref=1.4222: N of unsatisfied eq: 3
INFO:R0@tkref=1.4222: N of unsatisfied ieq: 8
INFO:R0@tkref=1.4222: Summary: Optimization terminated successfully. after 3 it.
DEBUG:R0@tkref=1.4222: $$$$$$$$ CONFLICT LIST $$$$$$$$: []
INFO:R0: --------------------------
INFO:R0@tkref=1.7778: Time to solve stand alone optimization problem: 0.0446140766144
INFO:R0@tkref=1.7778: N of unsatisfied eq: 3
INFO:R0@tkref=1.7778: N of unsatisfied ieq: 8
INFO:R0@tkref=1.7778: Summary: Optimization terminated successfully. after 2 it.
DEBUG:R0@tkref=1.7778: $$$$$$$$ CONFLICT LIST $$$$$$$$: []
INFO:R0: --------------------------
INFO:R0@tkref=2.1333: Time to solve stand alone optimization problem: 0.0227530002594
INFO:R0@tkref=2.1333: N of unsatisfied eq: 3
INFO:R0@tkref=2.1333: N of unsatisfied ieq: 6
INFO:R0@tkref=2.1333: Summary: Optimization terminated successfully. after 1 it.
DEBUG:R0@tkref=2.1333: $$$$$$$$ CONFLICT LIST $$$$$$$$: []
INFO:R0: --------------------------
INFO:R0@tkref=2.4889: Time to solve stand alone optimization problem: 0.0223779678345
INFO:R0@tkref=2.4889: N of unsatisfied eq: 3
INFO:R0@tkref=2.4889: N of unsatisfied ieq: 6
INFO:R0@tkref=2.4889: Summary: Optimization terminated successfully. after 1 it.
DEBUG:R0@tkref=2.4889: $$$$$$$$ CONFLICT LIST $$$$$$$$: []
INFO:R0: --------------------------
INFO:R0@tkref=2.8444: Time to solve stand alone optimization problem: 0.0214238166809
INFO:R0@tkref=2.8444: N of unsatisfied eq: 4
INFO:R0@tkref=2.8444: N of unsatisfied ieq: 5
INFO:R0@tkref=2.8444: Summary: Optimization terminated successfully. after 1 it.
DEBUG:R0@tkref=2.8444: $$$$$$$$ CONFLICT LIST $$$$$$$$: []
INFO:R0: --------------------------
INFO:R0@tkref=3.2000: Time to solve stand alone optimization problem: 0.0211820602417
INFO:R0@tkref=3.2000: N of unsatisfied eq: 3
INFO:R0@tkref=3.2000: N of unsatisfied ieq: 6
INFO:R0@tkref=3.2000: Summary: Optimization terminated successfully. after 1 it.
DEBUG:R0@tkref=3.2000: $$$$$$$$ CONFLICT LIST $$$$$$$$: []
INFO:R0: --------------------------
INFO:R0@tkref=3.5556: Time to solve stand alone optimization problem: 0.0213589668274
INFO:R0@tkref=3.5556: N of unsatisfied eq: 5
INFO:R0@tkref=3.5556: N of unsatisfied ieq: 6
INFO:R0@tkref=3.5556: Summary: Optimization terminated successfully. after 1 it.
DEBUG:R0@tkref=3.5556: $$$$$$$$ CONFLICT LIST $$$$$$$$: []
INFO:R0: --------------------------
INFO:R0@tkref=3.9111: Time to solve stand alone optimization problem: 0.0211801528931
INFO:R0@tkref=3.9111: N of unsatisfied eq: 5
INFO:R0@tkref=3.9111: N of unsatisfied ieq: 4
INFO:R0@tkref=3.9111: Summary: Optimization terminated successfully. after 1 it.
DEBUG:R0@tkref=3.9111: $$$$$$$$ CONFLICT LIST $$$$$$$$: []
INFO:R0: --------------------------
INFO:R0@tkref=4.2667: Time to solve stand alone optimization problem: 0.021625995636
INFO:R0@tkref=4.2667: N of unsatisfied eq: 3
INFO:R0@tkref=4.2667: N of unsatisfied ieq: 5
INFO:R0@tkref=4.2667: Summary: Optimization terminated successfully. after 1 it.
DEBUG:R0@tkref=4.2667: $$$$$$$$ CONFLICT LIST $$$$$$$$: []
INFO:R0: --------------------------
INFO:R0@tkref=4.6222: Time to solve stand alone optimization problem: 0.0215790271759
INFO:R0@tkref=4.6222: N of unsatisfied eq: 4
INFO:R0@tkref=4.6222: N of unsatisfied ieq: 6
INFO:R0@tkref=4.6222: Summary: Optimization terminated successfully. after 1 it.
DEBUG:R0@tkref=4.6222: $$$$$$$$ CONFLICT LIST $$$$$$$$: []
INFO:R0: --------------------------
INFO:R0@tkref=4.9778: Time to solve stand alone optimization problem: 0.0216150283813
INFO:R0@tkref=4.9778: N of unsatisfied eq: 4
INFO:R0@tkref=4.9778: N of unsatisfied ieq: 6
INFO:R0@tkref=4.9778: Summary: Optimization terminated successfully. after 1 it.
DEBUG:R0@tkref=4.9778: $$$$$$$$ CONFLICT LIST $$$$$$$$: []
INFO:R0: --------------------------
INFO:R0@tkref=5.3333: Time to solve stand alone optimization problem: 0.0214149951935
INFO:R0@tkref=5.3333: N of unsatisfied eq: 3
INFO:R0@tkref=5.3333: N of unsatisfied ieq: 7
INFO:R0@tkref=5.3333: Summary: Optimization terminated successfully. after 1 it.
DEBUG:R0@tkref=5.3333: $$$$$$$$ CONFLICT LIST $$$$$$$$: []
INFO:R0: --------------------------
INFO:R0@tkref=5.6889: Time to solve stand alone optimization problem: 0.0215909481049
INFO:R0@tkref=5.6889: N of unsatisfied eq: 5
INFO:R0@tkref=5.6889: N of unsatisfied ieq: 6
INFO:R0@tkref=5.6889: Summary: Optimization terminated successfully. after 1 it.
DEBUG:R0@tkref=5.6889: $$$$$$$$ CONFLICT LIST $$$$$$$$: []
INFO:R0: --------------------------
INFO:R0@tkref=6.0444: Time to solve stand alone optimization problem: 0.0216190814972
INFO:R0@tkref=6.0444: N of unsatisfied eq: 3
INFO:R0@tkref=6.0444: N of unsatisfied ieq: 6
INFO:R0@tkref=6.0444: Summary: Optimization terminated successfully. after 1 it.
DEBUG:R0@tkref=6.0444: $$$$$$$$ CONFLICT LIST $$$$$$$$: []
INFO:R0: --------------------------
DEBUG:R0: LAST STEP
DEBUG:R0: Approx remaining dist: 0.74867701744
DEBUG:R0: Usual approx plan dist: 3.2
DEBUG:R0: Approx gain in dist: 2.45132298256
DEBUG:R0: Last step min dist: 0.5
INFO:R0: scale 0.23396156795 Ns 7 Nk 3
INFO:R0@tkref=6.4000: Time to solve stand alone optimization problem: 0.374298810959
INFO:R0@tkref=6.4000: N of unsatisfied eq: 10
INFO:R0@tkref=6.4000: N of unsatisfied ieq: 4
INFO:R0@tkref=6.4000: Summary: Iteration limit exceeded after 26 it.
DEBUG:R0@tkref=6.4000: $$$$$$$$ CONFLICT LIST $$$$$$$$: []
INFO:R0: Finished motion planning
INFO:R0: --------------------------
INFO:R0: TOT: 7.24138460376
INFO:R0: NSE: 19
INFO:R0: FIR: 0.893251180649
INFO:R0: LAS: 0.375072002411
INFO:R0: LMA: 1
INFO:R0: MAX: 0.131787061691
INFO:R0: MIN: 0.0218379497528
INFO:R0: AVG: 0.0329197014079
INFO:R0: RMP: 0.370651111007
INFO:R0: RMG: 1.05489000678
