DEBUG:R0: Using Tc_p = 1.23333333333
DEBUG:R0: Using Tc_d = 1.23333333333
INFO:R0: Init motion planning
INFO:R0@tkref=0.0000: Time to solve stand alone optimization problem: 0.871285915375
INFO:R0@tkref=0.0000: N of unsatisfied eq: 5
INFO:R0@tkref=0.0000: N of unsatisfied ieq: 5
INFO:R0@tkref=0.0000: Summary: Iteration limit exceeded after 41 it.
DEBUG:R0@tkref=0.0000: $$$$$$$$ CONFLICT LIST $$$$$$$$: []
INFO:R0: --------------------------
INFO:R0@tkref=1.2333: Time to solve stand alone optimization problem: 0.063530921936
INFO:R0@tkref=1.2333: N of unsatisfied eq: 3
INFO:R0@tkref=1.2333: N of unsatisfied ieq: 6
INFO:R0@tkref=1.2333: Summary: Optimization terminated successfully. after 3 it.
DEBUG:R0@tkref=1.2333: $$$$$$$$ CONFLICT LIST $$$$$$$$: []
INFO:R0: --------------------------
INFO:R0@tkref=2.4667: Time to solve stand alone optimization problem: 0.0406329631805
INFO:R0@tkref=2.4667: N of unsatisfied eq: 3
INFO:R0@tkref=2.4667: N of unsatisfied ieq: 5
INFO:R0@tkref=2.4667: Summary: Optimization terminated successfully. after 2 it.
DEBUG:R0@tkref=2.4667: $$$$$$$$ CONFLICT LIST $$$$$$$$: []
INFO:R0: --------------------------
INFO:R0@tkref=3.7000: Time to solve stand alone optimization problem: 0.0222978591919
INFO:R0@tkref=3.7000: N of unsatisfied eq: 3
INFO:R0@tkref=3.7000: N of unsatisfied ieq: 5
INFO:R0@tkref=3.7000: Summary: Optimization terminated successfully. after 1 it.
DEBUG:R0@tkref=3.7000: $$$$$$$$ CONFLICT LIST $$$$$$$$: []
INFO:R0: --------------------------
INFO:R0@tkref=4.9333: Time to solve stand alone optimization problem: 0.0223071575165
INFO:R0@tkref=4.9333: N of unsatisfied eq: 3
INFO:R0@tkref=4.9333: N of unsatisfied ieq: 5
INFO:R0@tkref=4.9333: Summary: Optimization terminated successfully. after 1 it.
DEBUG:R0@tkref=4.9333: $$$$$$$$ CONFLICT LIST $$$$$$$$: []
INFO:R0: --------------------------
DEBUG:R0: LAST STEP
DEBUG:R0: Approx remaining dist: 1.04460652505
DEBUG:R0: Usual approx plan dist: 3.7
DEBUG:R0: Approx gain in dist: 2.65539347495
DEBUG:R0: Last step min dist: 0.5
INFO:R0: scale 0.282326087851 Ns 7 Nk 3
INFO:R0@tkref=6.1667: Time to solve stand alone optimization problem: 0.365336894989
INFO:R0@tkref=6.1667: N of unsatisfied eq: 10
INFO:R0@tkref=6.1667: N of unsatisfied ieq: 4
INFO:R0@tkref=6.1667: Summary: Iteration limit exceeded after 26 it.
DEBUG:R0@tkref=6.1667: $$$$$$$$ CONFLICT LIST $$$$$$$$: []
INFO:R0: Finished motion planning
INFO:R0: --------------------------
INFO:R0: TOT: 7.34065718427
INFO:R0: NSE: 6
INFO:R0: FIR: 0.872602939606
INFO:R0: LAS: 0.366076946259
INFO:R0: LMA: 1
INFO:R0: MAX: 0.0647630691528
INFO:R0: MIN: 0.0229330062866
INFO:R0: AVG: 0.0379789471626
INFO:R0: RMP: 0.0525105966104
INFO:R0: RMG: 0.296819145615
