DEBUG:R0: Using Tc_p = 0.7
DEBUG:R0: Using Tc_d = 0.7
INFO:R0: Init motion planning
INFO:R0@tkref=0.0000: Time to solve stand alone optimization problem: 1.42871904373
INFO:R0@tkref=0.0000: N of unsatisfied eq: 5
INFO:R0@tkref=0.0000: N of unsatisfied ieq: 6
INFO:R0@tkref=0.0000: Summary: Iteration limit exceeded after 41 it.
DEBUG:R0@tkref=0.0000: $$$$$$$$ CONFLICT LIST $$$$$$$$: []
INFO:R0: --------------------------
INFO:R0@tkref=0.7000: Time to solve stand alone optimization problem: 0.107759952545
INFO:R0@tkref=0.7000: N of unsatisfied eq: 3
INFO:R0@tkref=0.7000: N of unsatisfied ieq: 7
INFO:R0@tkref=0.7000: Summary: Optimization terminated successfully. after 3 it.
DEBUG:R0@tkref=0.7000: $$$$$$$$ CONFLICT LIST $$$$$$$$: []
INFO:R0: --------------------------
INFO:R0@tkref=1.4000: Time to solve stand alone optimization problem: 0.398015022278
INFO:R0@tkref=1.4000: N of unsatisfied eq: 2
INFO:R0@tkref=1.4000: N of unsatisfied ieq: 8
INFO:R0@tkref=1.4000: Summary: Optimization terminated successfully. after 10 it.
DEBUG:R0@tkref=1.4000: $$$$$$$$ CONFLICT LIST $$$$$$$$: []
INFO:R0: --------------------------
INFO:R0@tkref=2.1000: Time to solve stand alone optimization problem: 0.648041963577
INFO:R0@tkref=2.1000: N of unsatisfied eq: 3
INFO:R0@tkref=2.1000: N of unsatisfied ieq: 4
INFO:R0@tkref=2.1000: Summary: Iteration limit exceeded after 16 it.
DEBUG:R0@tkref=2.1000: $$$$$$$$ CONFLICT LIST $$$$$$$$: []
INFO:R0: --------------------------
INFO:R0@tkref=2.8000: Time to solve stand alone optimization problem: 0.394302129745
INFO:R0@tkref=2.8000: N of unsatisfied eq: 3
INFO:R0@tkref=2.8000: N of unsatisfied ieq: 8
INFO:R0@tkref=2.8000: Summary: Optimization terminated successfully. after 10 it.
DEBUG:R0@tkref=2.8000: $$$$$$$$ CONFLICT LIST $$$$$$$$: []
INFO:R0: --------------------------
INFO:R0@tkref=3.5000: Time to solve stand alone optimization problem: 0.319756984711
INFO:R0@tkref=3.5000: N of unsatisfied eq: 3
INFO:R0@tkref=3.5000: N of unsatisfied ieq: 8
INFO:R0@tkref=3.5000: Summary: Optimization terminated successfully. after 8 it.
DEBUG:R0@tkref=3.5000: $$$$$$$$ CONFLICT LIST $$$$$$$$: []
INFO:R0: --------------------------
INFO:R0@tkref=4.2000: Time to solve stand alone optimization problem: 0.354218959808
INFO:R0@tkref=4.2000: N of unsatisfied eq: 3
INFO:R0@tkref=4.2000: N of unsatisfied ieq: 8
INFO:R0@tkref=4.2000: Summary: Optimization terminated successfully. after 9 it.
DEBUG:R0@tkref=4.2000: $$$$$$$$ CONFLICT LIST $$$$$$$$: []
INFO:R0: --------------------------
INFO:R0@tkref=4.9000: Time to solve stand alone optimization problem: 0.120618104935
INFO:R0@tkref=4.9000: N of unsatisfied eq: 3
INFO:R0@tkref=4.9000: N of unsatisfied ieq: 9
INFO:R0@tkref=4.9000: Summary: Optimization terminated successfully. after 3 it.
DEBUG:R0@tkref=4.9000: $$$$$$$$ CONFLICT LIST $$$$$$$$: []
INFO:R0: --------------------------
INFO:R0@tkref=5.6000: Time to solve stand alone optimization problem: 0.0421469211578
INFO:R0@tkref=5.6000: N of unsatisfied eq: 3
INFO:R0@tkref=5.6000: N of unsatisfied ieq: 4
INFO:R0@tkref=5.6000: Summary: Optimization terminated successfully. after 1 it.
DEBUG:R0@tkref=5.6000: $$$$$$$$ CONFLICT LIST $$$$$$$$: []
INFO:R0: --------------------------
DEBUG:R0: LAST STEP
DEBUG:R0: Approx remaining dist: 1.03477358374
DEBUG:R0: Usual approx plan dist: 2.1
DEBUG:R0: Approx gain in dist: 1.06522641626
DEBUG:R0: Last step min dist: 0.5
INFO:R0: scale 0.492749325588 Ns 7 Nk 3
INFO:R0@tkref=6.3000: Time to solve stand alone optimization problem: 0.493716955185
INFO:R0@tkref=6.3000: N of unsatisfied eq: 10
INFO:R0@tkref=6.3000: N of unsatisfied ieq: 4
INFO:R0@tkref=6.3000: Summary: Iteration limit exceeded after 26 it.
DEBUG:R0@tkref=6.3000: $$$$$$$$ CONFLICT LIST $$$$$$$$: []
INFO:R0: Finished motion planning
INFO:R0: --------------------------
INFO:R0: TOT: 7.46294644498
INFO:R0: NSE: 10
INFO:R0: FIR: 1.43026995659
INFO:R0: LAS: 0.494556188583
INFO:R0: LMA: 0
INFO:R0: MAX: 0.648850917816
INFO:R0: MIN: 0.0429558753967
INFO:R0: AVG: 0.298917233944
INFO:R0: RMP: 0.926929882595
INFO:R0: RMG: 0.926929882595
