DEBUG:R0: Using Tc_p = 3.09090909091
DEBUG:R0: Using Tc_d = 3.09090909091
INFO:R0: Init motion planning
INFO:R0@tkref=0.0000: Time to solve stand alone optimization problem: 1.52648210526
INFO:R0@tkref=0.0000: N of unsatisfied eq: 5
INFO:R0@tkref=0.0000: N of unsatisfied ieq: 9
INFO:R0@tkref=0.0000: Summary: Iteration limit exceeded after 41 it.
DEBUG:R0@tkref=0.0000: $$$$$$$$ CONFLICT LIST $$$$$$$$: []
INFO:R0: --------------------------
INFO:R0@tkref=3.0909: Time to solve stand alone optimization problem: 0.457535028458
INFO:R0@tkref=3.0909: N of unsatisfied eq: 2
INFO:R0@tkref=3.0909: N of unsatisfied ieq: 6
INFO:R0@tkref=3.0909: Summary: Optimization terminated successfully. after 11 it.
DEBUG:R0@tkref=3.0909: $$$$$$$$ CONFLICT LIST $$$$$$$$: []
INFO:R0: --------------------------
DEBUG:R0: LAST STEP
DEBUG:R0: Approx remaining dist: 1.68999462996
DEBUG:R0: Usual approx plan dist: 3.4
DEBUG:R0: Approx gain in dist: 1.71000537004
DEBUG:R0: Last step min dist: 0.5
INFO:R0: scale 0.497057244105 Ns 7 Nk 3
INFO:R0@tkref=6.1818: Time to solve stand alone optimization problem: 0.56884598732
INFO:R0@tkref=6.1818: N of unsatisfied eq: 10
INFO:R0@tkref=6.1818: N of unsatisfied ieq: 4
INFO:R0@tkref=6.1818: Summary: Iteration limit exceeded after 26 it.
DEBUG:R0@tkref=6.1818: $$$$$$$$ CONFLICT LIST $$$$$$$$: []
INFO:R0: Finished motion planning
INFO:R0: --------------------------
INFO:R0: TOT: 8.08193292041
INFO:R0: NSE: 3
INFO:R0: FIR: 1.52805805206
INFO:R0: LAS: 0.56967997551
INFO:R0: LMA: 1
INFO:R0: MAX: 0.45836687088
INFO:R0: MIN: 0.45836687088
INFO:R0: AVG: 0.45836687088
INFO:R0: RMP: 0.148295164108
INFO:R0: RMG: 0.184308227371
