DEBUG:R0: Using Tc_p = 2.06666666667
DEBUG:R0: Using Tc_d = 2.06666666667
INFO:R0: Init motion planning
INFO:R0@tkref=0.0000: Time to solve stand alone optimization problem: 1.41984295845
INFO:R0@tkref=0.0000: N of unsatisfied eq: 5
INFO:R0@tkref=0.0000: N of unsatisfied ieq: 6
INFO:R0@tkref=0.0000: Summary: Iteration limit exceeded after 41 it.
DEBUG:R0@tkref=0.0000: $$$$$$$$ CONFLICT LIST $$$$$$$$: []
INFO:R0: --------------------------
INFO:R0@tkref=2.0667: Time to solve stand alone optimization problem: 0.435736894608
INFO:R0@tkref=2.0667: N of unsatisfied eq: 2
INFO:R0@tkref=2.0667: N of unsatisfied ieq: 7
INFO:R0@tkref=2.0667: Summary: Optimization terminated successfully. after 11 it.
DEBUG:R0@tkref=2.0667: $$$$$$$$ CONFLICT LIST $$$$$$$$: []
INFO:R0: --------------------------
INFO:R0@tkref=4.1333: Time to solve stand alone optimization problem: 0.117387056351
INFO:R0@tkref=4.1333: N of unsatisfied eq: 3
INFO:R0@tkref=4.1333: N of unsatisfied ieq: 7
INFO:R0@tkref=4.1333: Summary: Optimization terminated successfully. after 3 it.
DEBUG:R0@tkref=4.1333: $$$$$$$$ CONFLICT LIST $$$$$$$$: []
INFO:R0: --------------------------
DEBUG:R0: LAST STEP
DEBUG:R0: Approx remaining dist: 1.14824071013
DEBUG:R0: Usual approx plan dist: 3.1
DEBUG:R0: Approx gain in dist: 1.95175928987
DEBUG:R0: Last step min dist: 0.5
INFO:R0: scale 0.370400229075 Ns 7 Nk 3
INFO:R0@tkref=6.2000: Time to solve stand alone optimization problem: 0.549705028534
INFO:R0@tkref=6.2000: N of unsatisfied eq: 10
INFO:R0@tkref=6.2000: N of unsatisfied ieq: 4
INFO:R0@tkref=6.2000: Summary: Iteration limit exceeded after 26 it.
DEBUG:R0@tkref=6.2000: $$$$$$$$ CONFLICT LIST $$$$$$$$: []
INFO:R0: Finished motion planning
INFO:R0: --------------------------
INFO:R0: TOT: 7.49062168589
INFO:R0: NSE: 4
INFO:R0: FIR: 1.42111992836
INFO:R0: LAS: 0.550531148911
INFO:R0: LMA: 1
INFO:R0: MAX: 0.436566114426
INFO:R0: MIN: 0.118124961853
INFO:R0: AVG: 0.277345538139
INFO:R0: RMP: 0.21124166827
INFO:R0: RMG: 0.266386039795
