DEBUG:R0: Using Tc_p = 0.35
DEBUG:R0: Using Tc_d = 0.35
INFO:R0: Init motion planning
INFO:R0@tkref=0.0000: Time to solve stand alone optimization problem: 1.01284599304
INFO:R0@tkref=0.0000: N of unsatisfied eq: 5
INFO:R0@tkref=0.0000: N of unsatisfied ieq: 6
INFO:R0@tkref=0.0000: Summary: Iteration limit exceeded after 41 it.
DEBUG:R0@tkref=0.0000: $$$$$$$$ CONFLICT LIST $$$$$$$$: []
INFO:R0: --------------------------
INFO:R0@tkref=0.3500: Time to solve stand alone optimization problem: 0.148301839828
INFO:R0@tkref=0.3500: N of unsatisfied eq: 3
INFO:R0@tkref=0.3500: N of unsatisfied ieq: 7
INFO:R0@tkref=0.3500: Summary: Optimization terminated successfully. after 6 it.
DEBUG:R0@tkref=0.3500: $$$$$$$$ CONFLICT LIST $$$$$$$$: []
INFO:R0: --------------------------
INFO:R0@tkref=0.7000: Time to solve stand alone optimization problem: 0.0506479740143
INFO:R0@tkref=0.7000: N of unsatisfied eq: 3
INFO:R0@tkref=0.7000: N of unsatisfied ieq: 9
INFO:R0@tkref=0.7000: Summary: Optimization terminated successfully. after 2 it.
DEBUG:R0@tkref=0.7000: $$$$$$$$ CONFLICT LIST $$$$$$$$: []
INFO:R0: --------------------------
INFO:R0@tkref=1.0500: Time to solve stand alone optimization problem: 0.050754070282
INFO:R0@tkref=1.0500: N of unsatisfied eq: 3
INFO:R0@tkref=1.0500: N of unsatisfied ieq: 9
INFO:R0@tkref=1.0500: Summary: Optimization terminated successfully. after 2 it.
DEBUG:R0@tkref=1.0500: $$$$$$$$ CONFLICT LIST $$$$$$$$: []
INFO:R0: --------------------------
INFO:R0@tkref=1.4000: Time to solve stand alone optimization problem: 0.0765972137451
INFO:R0@tkref=1.4000: N of unsatisfied eq: 4
INFO:R0@tkref=1.4000: N of unsatisfied ieq: 9
INFO:R0@tkref=1.4000: Summary: Optimization terminated successfully. after 3 it.
DEBUG:R0@tkref=1.4000: $$$$$$$$ CONFLICT LIST $$$$$$$$: []
INFO:R0: --------------------------
INFO:R0@tkref=1.7500: Time to solve stand alone optimization problem: 0.0271410942078
INFO:R0@tkref=1.7500: N of unsatisfied eq: 5
INFO:R0@tkref=1.7500: N of unsatisfied ieq: 6
INFO:R0@tkref=1.7500: Summary: Optimization terminated successfully. after 1 it.
DEBUG:R0@tkref=1.7500: $$$$$$$$ CONFLICT LIST $$$$$$$$: []
INFO:R0: --------------------------
INFO:R0@tkref=2.1000: Time to solve stand alone optimization problem: 0.0245609283447
INFO:R0@tkref=2.1000: N of unsatisfied eq: 5
INFO:R0@tkref=2.1000: N of unsatisfied ieq: 6
INFO:R0@tkref=2.1000: Summary: Optimization terminated successfully. after 1 it.
DEBUG:R0@tkref=2.1000: $$$$$$$$ CONFLICT LIST $$$$$$$$: []
INFO:R0: --------------------------
INFO:R0@tkref=2.4500: Time to solve stand alone optimization problem: 0.0243239402771
INFO:R0@tkref=2.4500: N of unsatisfied eq: 4
INFO:R0@tkref=2.4500: N of unsatisfied ieq: 6
INFO:R0@tkref=2.4500: Summary: Optimization terminated successfully. after 1 it.
DEBUG:R0@tkref=2.4500: $$$$$$$$ CONFLICT LIST $$$$$$$$: []
INFO:R0: --------------------------
INFO:R0@tkref=2.8000: Time to solve stand alone optimization problem: 0.0243859291077
INFO:R0@tkref=2.8000: N of unsatisfied eq: 5
INFO:R0@tkref=2.8000: N of unsatisfied ieq: 6
INFO:R0@tkref=2.8000: Summary: Optimization terminated successfully. after 1 it.
DEBUG:R0@tkref=2.8000: $$$$$$$$ CONFLICT LIST $$$$$$$$: []
INFO:R0: --------------------------
INFO:R0@tkref=3.1500: Time to solve stand alone optimization problem: 0.024395942688
INFO:R0@tkref=3.1500: N of unsatisfied eq: 5
INFO:R0@tkref=3.1500: N of unsatisfied ieq: 7
INFO:R0@tkref=3.1500: Summary: Optimization terminated successfully. after 1 it.
DEBUG:R0@tkref=3.1500: $$$$$$$$ CONFLICT LIST $$$$$$$$: []
INFO:R0: --------------------------
INFO:R0@tkref=3.5000: Time to solve stand alone optimization problem: 0.0240738391876
INFO:R0@tkref=3.5000: N of unsatisfied eq: 4
INFO:R0@tkref=3.5000: N of unsatisfied ieq: 8
INFO:R0@tkref=3.5000: Summary: Optimization terminated successfully. after 1 it.
DEBUG:R0@tkref=3.5000: $$$$$$$$ CONFLICT LIST $$$$$$$$: []
INFO:R0: --------------------------
INFO:R0@tkref=3.8500: Time to solve stand alone optimization problem: 0.0243709087372
INFO:R0@tkref=3.8500: N of unsatisfied eq: 4
INFO:R0@tkref=3.8500: N of unsatisfied ieq: 6
INFO:R0@tkref=3.8500: Summary: Optimization terminated successfully. after 1 it.
DEBUG:R0@tkref=3.8500: $$$$$$$$ CONFLICT LIST $$$$$$$$: []
INFO:R0: --------------------------
INFO:R0@tkref=4.2000: Time to solve stand alone optimization problem: 0.0243208408356
INFO:R0@tkref=4.2000: N of unsatisfied eq: 4
INFO:R0@tkref=4.2000: N of unsatisfied ieq: 8
INFO:R0@tkref=4.2000: Summary: Optimization terminated successfully. after 1 it.
DEBUG:R0@tkref=4.2000: $$$$$$$$ CONFLICT LIST $$$$$$$$: []
INFO:R0: --------------------------
INFO:R0@tkref=4.5500: Time to solve stand alone optimization problem: 0.024472951889
INFO:R0@tkref=4.5500: N of unsatisfied eq: 3
INFO:R0@tkref=4.5500: N of unsatisfied ieq: 8
INFO:R0@tkref=4.5500: Summary: Optimization terminated successfully. after 1 it.
DEBUG:R0@tkref=4.5500: $$$$$$$$ CONFLICT LIST $$$$$$$$: []
INFO:R0: --------------------------
INFO:R0@tkref=4.9000: Time to solve stand alone optimization problem: 0.0244190692902
INFO:R0@tkref=4.9000: N of unsatisfied eq: 5
INFO:R0@tkref=4.9000: N of unsatisfied ieq: 6
INFO:R0@tkref=4.9000: Summary: Optimization terminated successfully. after 1 it.
DEBUG:R0@tkref=4.9000: $$$$$$$$ CONFLICT LIST $$$$$$$$: []
INFO:R0: --------------------------
INFO:R0@tkref=5.2500: Time to solve stand alone optimization problem: 0.0243990421295
INFO:R0@tkref=5.2500: N of unsatisfied eq: 5
INFO:R0@tkref=5.2500: N of unsatisfied ieq: 6
INFO:R0@tkref=5.2500: Summary: Optimization terminated successfully. after 1 it.
DEBUG:R0@tkref=5.2500: $$$$$$$$ CONFLICT LIST $$$$$$$$: []
INFO:R0: --------------------------
INFO:R0@tkref=5.6000: Time to solve stand alone optimization problem: 0.0243649482727
INFO:R0@tkref=5.6000: N of unsatisfied eq: 5
INFO:R0@tkref=5.6000: N of unsatisfied ieq: 6
INFO:R0@tkref=5.6000: Summary: Optimization terminated successfully. after 1 it.
DEBUG:R0@tkref=5.6000: $$$$$$$$ CONFLICT LIST $$$$$$$$: []
INFO:R0: --------------------------
INFO:R0@tkref=5.9500: Time to solve stand alone optimization problem: 0.0243821144104
INFO:R0@tkref=5.9500: N of unsatisfied eq: 3
INFO:R0@tkref=5.9500: N of unsatisfied ieq: 7
INFO:R0@tkref=5.9500: Summary: Optimization terminated successfully. after 1 it.
DEBUG:R0@tkref=5.9500: $$$$$$$$ CONFLICT LIST $$$$$$$$: []
INFO:R0: --------------------------
INFO:R0@tkref=6.3000: Time to solve stand alone optimization problem: 0.0246648788452
INFO:R0@tkref=6.3000: N of unsatisfied eq: 5
INFO:R0@tkref=6.3000: N of unsatisfied ieq: 6
INFO:R0@tkref=6.3000: Summary: Optimization terminated successfully. after 1 it.
DEBUG:R0@tkref=6.3000: $$$$$$$$ CONFLICT LIST $$$$$$$$: []
INFO:R0: --------------------------
DEBUG:R0: LAST STEP
DEBUG:R0: Approx remaining dist: 0.495005940754
DEBUG:R0: Usual approx plan dist: 3.5
DEBUG:R0: Approx gain in dist: 3.00499405925
DEBUG:R0: Last step min dist: 0.5
INFO:R0: scale 0.141430268787 Ns 7 Nk 3
INFO:R0@tkref=6.6500: Time to solve stand alone optimization problem: 0.364107131958
INFO:R0@tkref=6.6500: N of unsatisfied eq: 10
INFO:R0@tkref=6.6500: N of unsatisfied ieq: 4
INFO:R0@tkref=6.6500: Summary: Iteration limit exceeded after 26 it.
DEBUG:R0@tkref=6.6500: $$$$$$$$ CONFLICT LIST $$$$$$$$: []
INFO:R0: Finished motion planning
INFO:R0: --------------------------
INFO:R0: TOT: 7.20629027032
INFO:R0: NSE: 20
INFO:R0: FIR: 1.01448297501
INFO:R0: LAS: 0.364879131317
INFO:R0: LMA: 1
INFO:R0: MAX: 0.148993015289
INFO:R0: MIN: 0.0247209072113
INFO:R0: AVG: 0.037923389011
INFO:R0: RMP: 0.425694329398
INFO:R0: RMG: 1.04251180376
