DEBUG:R0: Using Tc_p = 0.444444444444
DEBUG:R0: Using Tc_d = 0.444444444444
INFO:R0: Init motion planning
INFO:R0@tkref=0.0000: Time to solve stand alone optimization problem: 2.22380805016
INFO:R0@tkref=0.0000: N of unsatisfied eq: 4
INFO:R0@tkref=0.0000: N of unsatisfied ieq: 10
INFO:R0@tkref=0.0000: Summary: Iteration limit exceeded after 41 it.
DEBUG:R0@tkref=0.0000: $$$$$$$$ CONFLICT LIST $$$$$$$$: []
INFO:R0: --------------------------
INFO:R0@tkref=0.4444: Time to solve stand alone optimization problem: 0.420331001282
INFO:R0@tkref=0.4444: N of unsatisfied eq: 2
INFO:R0@tkref=0.4444: N of unsatisfied ieq: 7
INFO:R0@tkref=0.4444: Summary: Optimization terminated successfully. after 8 it.
DEBUG:R0@tkref=0.4444: $$$$$$$$ CONFLICT LIST $$$$$$$$: []
INFO:R0: --------------------------
INFO:R0@tkref=0.8889: Time to solve stand alone optimization problem: 0.475720882416
INFO:R0@tkref=0.8889: N of unsatisfied eq: 2
INFO:R0@tkref=0.8889: N of unsatisfied ieq: 7
INFO:R0@tkref=0.8889: Summary: Optimization terminated successfully. after 9 it.
DEBUG:R0@tkref=0.8889: $$$$$$$$ CONFLICT LIST $$$$$$$$: []
INFO:R0: --------------------------
INFO:R0@tkref=1.3333: Time to solve stand alone optimization problem: 0.922174930573
INFO:R0@tkref=1.3333: N of unsatisfied eq: 2
INFO:R0@tkref=1.3333: N of unsatisfied ieq: 8
INFO:R0@tkref=1.3333: Summary: Iteration limit exceeded after 16 it.
DEBUG:R0@tkref=1.3333: $$$$$$$$ CONFLICT LIST $$$$$$$$: []
INFO:R0: --------------------------
INFO:R0@tkref=1.7778: Time to solve stand alone optimization problem: 0.935477972031
INFO:R0@tkref=1.7778: N of unsatisfied eq: 1
INFO:R0@tkref=1.7778: N of unsatisfied ieq: 8
INFO:R0@tkref=1.7778: Summary: Iteration limit exceeded after 16 it.
DEBUG:R0@tkref=1.7778: $$$$$$$$ CONFLICT LIST $$$$$$$$: []
INFO:R0: --------------------------
INFO:R0@tkref=2.2222: Time to solve stand alone optimization problem: 0.94104886055
INFO:R0@tkref=2.2222: N of unsatisfied eq: 2
INFO:R0@tkref=2.2222: N of unsatisfied ieq: 6
INFO:R0@tkref=2.2222: Summary: Iteration limit exceeded after 16 it.
DEBUG:R0@tkref=2.2222: $$$$$$$$ CONFLICT LIST $$$$$$$$: []
INFO:R0: --------------------------
INFO:R0@tkref=2.6667: Time to solve stand alone optimization problem: 0.75480389595
INFO:R0@tkref=2.6667: N of unsatisfied eq: 3
INFO:R0@tkref=2.6667: N of unsatisfied ieq: 7
INFO:R0@tkref=2.6667: Summary: Optimization terminated successfully. after 13 it.
DEBUG:R0@tkref=2.6667: $$$$$$$$ CONFLICT LIST $$$$$$$$: []
INFO:R0: --------------------------
INFO:R0@tkref=3.1111: Time to solve stand alone optimization problem: 0.516303062439
INFO:R0@tkref=3.1111: N of unsatisfied eq: 3
INFO:R0@tkref=3.1111: N of unsatisfied ieq: 7
INFO:R0@tkref=3.1111: Summary: Optimization terminated successfully. after 9 it.
DEBUG:R0@tkref=3.1111: $$$$$$$$ CONFLICT LIST $$$$$$$$: []
INFO:R0: --------------------------
INFO:R0@tkref=3.5556: Time to solve stand alone optimization problem: 0.347369194031
INFO:R0@tkref=3.5556: N of unsatisfied eq: 3
INFO:R0@tkref=3.5556: N of unsatisfied ieq: 7
INFO:R0@tkref=3.5556: Summary: Optimization terminated successfully. after 6 it.
DEBUG:R0@tkref=3.5556: $$$$$$$$ CONFLICT LIST $$$$$$$$: []
INFO:R0: --------------------------
INFO:R0@tkref=4.0000: Time to solve stand alone optimization problem: 0.756456851959
INFO:R0@tkref=4.0000: N of unsatisfied eq: 2
INFO:R0@tkref=4.0000: N of unsatisfied ieq: 7
INFO:R0@tkref=4.0000: Summary: Optimization terminated successfully. after 13 it.
DEBUG:R0@tkref=4.0000: $$$$$$$$ CONFLICT LIST $$$$$$$$: []
INFO:R0: --------------------------
INFO:R0@tkref=4.4444: Time to solve stand alone optimization problem: 0.916734218597
INFO:R0@tkref=4.4444: N of unsatisfied eq: 3
INFO:R0@tkref=4.4444: N of unsatisfied ieq: 6
INFO:R0@tkref=4.4444: Summary: Optimization terminated successfully. after 15 it.
DEBUG:R0@tkref=4.4444: $$$$$$$$ CONFLICT LIST $$$$$$$$: []
INFO:R0: --------------------------
INFO:R0@tkref=4.8889: Time to solve stand alone optimization problem: 0.644056081772
INFO:R0@tkref=4.8889: N of unsatisfied eq: 3
INFO:R0@tkref=4.8889: N of unsatisfied ieq: 6
INFO:R0@tkref=4.8889: Summary: Optimization terminated successfully. after 11 it.
DEBUG:R0@tkref=4.8889: $$$$$$$$ CONFLICT LIST $$$$$$$$: []
INFO:R0: --------------------------
INFO:R0@tkref=5.3333: Time to solve stand alone optimization problem: 0.235314130783
INFO:R0@tkref=5.3333: N of unsatisfied eq: 3
INFO:R0@tkref=5.3333: N of unsatisfied ieq: 8
INFO:R0@tkref=5.3333: Summary: Optimization terminated successfully. after 4 it.
DEBUG:R0@tkref=5.3333: $$$$$$$$ CONFLICT LIST $$$$$$$$: []
INFO:R0: --------------------------
INFO:R0@tkref=5.7778: Time to solve stand alone optimization problem: 0.178727149963
INFO:R0@tkref=5.7778: N of unsatisfied eq: 3
INFO:R0@tkref=5.7778: N of unsatisfied ieq: 8
INFO:R0@tkref=5.7778: Summary: Optimization terminated successfully. after 3 it.
DEBUG:R0@tkref=5.7778: $$$$$$$$ CONFLICT LIST $$$$$$$$: []
INFO:R0: --------------------------
INFO:R0@tkref=6.2222: Time to solve stand alone optimization problem: 0.160099983215
INFO:R0@tkref=6.2222: N of unsatisfied eq: 3
INFO:R0@tkref=6.2222: N of unsatisfied ieq: 7
INFO:R0@tkref=6.2222: Summary: Optimization terminated successfully. after 3 it.
DEBUG:R0@tkref=6.2222: $$$$$$$$ CONFLICT LIST $$$$$$$$: []
INFO:R0: --------------------------
INFO:R0@tkref=6.6667: Time to solve stand alone optimization problem: 0.0963590145111
INFO:R0@tkref=6.6667: N of unsatisfied eq: 3
INFO:R0@tkref=6.6667: N of unsatisfied ieq: 5
INFO:R0@tkref=6.6667: Summary: Optimization terminated successfully. after 2 it.
DEBUG:R0@tkref=6.6667: $$$$$$$$ CONFLICT LIST $$$$$$$$: []
INFO:R0: --------------------------
DEBUG:R0: LAST STEP
DEBUG:R0: Approx remaining dist: 0.891332201977
DEBUG:R0: Usual approx plan dist: 4.0
DEBUG:R0: Approx gain in dist: 3.10866779802
DEBUG:R0: Last step min dist: 0.5
INFO:R0: scale 0.222833050494 Ns 7 Nk 3
INFO:R0@tkref=7.1111: Time to solve stand alone optimization problem: 0.648925065994
INFO:R0@tkref=7.1111: N of unsatisfied eq: 10
INFO:R0@tkref=7.1111: N of unsatisfied ieq: 4
INFO:R0@tkref=7.1111: Summary: Iteration limit exceeded after 26 it.
DEBUG:R0@tkref=7.1111: $$$$$$$$ CONFLICT LIST $$$$$$$$: []
INFO:R0: Finished motion planning
INFO:R0: --------------------------
INFO:R0: TOT: 8.1084549292
INFO:R0: NSE: 17
INFO:R0: FIR: 2.22516512871
INFO:R0: LAS: 0.649798870087
INFO:R0: LMA: 0
INFO:R0: MAX: 0.941921949387
INFO:R0: MIN: 0.097146987915
INFO:R0: AVG: 0.554293473562
INFO:R0: RMP: 2.11932438612
INFO:R0: RMG: 2.11932438612
