DEBUG:R0: Using Tc_p = 0.477777777778
DEBUG:R0: Using Tc_d = 0.477777777778
INFO:R0: Init motion planning
INFO:R0@tkref=0.0000: Time to solve stand alone optimization problem: 1.4354288578
INFO:R0@tkref=0.0000: N of unsatisfied eq: 5
INFO:R0@tkref=0.0000: N of unsatisfied ieq: 8
INFO:R0@tkref=0.0000: Summary: Iteration limit exceeded after 41 it.
DEBUG:R0@tkref=0.0000: $$$$$$$$ CONFLICT LIST $$$$$$$$: []
INFO:R0: --------------------------
INFO:R0@tkref=0.4778: Time to solve stand alone optimization problem: 0.207108020782
INFO:R0@tkref=0.4778: N of unsatisfied eq: 3
INFO:R0@tkref=0.4778: N of unsatisfied ieq: 9
INFO:R0@tkref=0.4778: Summary: Optimization terminated successfully. after 6 it.
DEBUG:R0@tkref=0.4778: $$$$$$$$ CONFLICT LIST $$$$$$$$: []
INFO:R0: --------------------------
INFO:R0@tkref=0.9556: Time to solve stand alone optimization problem: 0.316729068756
INFO:R0@tkref=0.9556: N of unsatisfied eq: 1
INFO:R0@tkref=0.9556: N of unsatisfied ieq: 7
INFO:R0@tkref=0.9556: Summary: Optimization terminated successfully. after 8 it.
DEBUG:R0@tkref=0.9556: $$$$$$$$ CONFLICT LIST $$$$$$$$: []
INFO:R0: --------------------------
INFO:R0@tkref=1.4333: Time to solve stand alone optimization problem: 0.276943922043
INFO:R0@tkref=1.4333: N of unsatisfied eq: 1
INFO:R0@tkref=1.4333: N of unsatisfied ieq: 8
INFO:R0@tkref=1.4333: Summary: Optimization terminated successfully. after 7 it.
DEBUG:R0@tkref=1.4333: $$$$$$$$ CONFLICT LIST $$$$$$$$: []
INFO:R0: --------------------------
INFO:R0@tkref=1.9111: Time to solve stand alone optimization problem: 0.27347111702
INFO:R0@tkref=1.9111: N of unsatisfied eq: 2
INFO:R0@tkref=1.9111: N of unsatisfied ieq: 7
INFO:R0@tkref=1.9111: Summary: Optimization terminated successfully. after 7 it.
DEBUG:R0@tkref=1.9111: $$$$$$$$ CONFLICT LIST $$$$$$$$: []
INFO:R0: --------------------------
INFO:R0@tkref=2.3889: Time to solve stand alone optimization problem: 0.310837984085
INFO:R0@tkref=2.3889: N of unsatisfied eq: 1
INFO:R0@tkref=2.3889: N of unsatisfied ieq: 6
INFO:R0@tkref=2.3889: Summary: Optimization terminated successfully. after 8 it.
DEBUG:R0@tkref=2.3889: $$$$$$$$ CONFLICT LIST $$$$$$$$: []
INFO:R0: --------------------------
INFO:R0@tkref=2.8667: Time to solve stand alone optimization problem: 0.237243890762
INFO:R0@tkref=2.8667: N of unsatisfied eq: 3
INFO:R0@tkref=2.8667: N of unsatisfied ieq: 7
INFO:R0@tkref=2.8667: Summary: Optimization terminated successfully. after 6 it.
DEBUG:R0@tkref=2.8667: $$$$$$$$ CONFLICT LIST $$$$$$$$: []
INFO:R0: --------------------------
INFO:R0@tkref=3.3444: Time to solve stand alone optimization problem: 0.274613142014
INFO:R0@tkref=3.3444: N of unsatisfied eq: 2
INFO:R0@tkref=3.3444: N of unsatisfied ieq: 7
INFO:R0@tkref=3.3444: Summary: Optimization terminated successfully. after 7 it.
DEBUG:R0@tkref=3.3444: $$$$$$$$ CONFLICT LIST $$$$$$$$: []
INFO:R0: --------------------------
INFO:R0@tkref=3.8222: Time to solve stand alone optimization problem: 0.195849895477
INFO:R0@tkref=3.8222: N of unsatisfied eq: 2
INFO:R0@tkref=3.8222: N of unsatisfied ieq: 7
INFO:R0@tkref=3.8222: Summary: Optimization terminated successfully. after 5 it.
DEBUG:R0@tkref=3.8222: $$$$$$$$ CONFLICT LIST $$$$$$$$: []
INFO:R0: --------------------------
INFO:R0@tkref=4.3000: Time to solve stand alone optimization problem: 0.197047948837
INFO:R0@tkref=4.3000: N of unsatisfied eq: 3
INFO:R0@tkref=4.3000: N of unsatisfied ieq: 7
INFO:R0@tkref=4.3000: Summary: Optimization terminated successfully. after 5 it.
DEBUG:R0@tkref=4.3000: $$$$$$$$ CONFLICT LIST $$$$$$$$: []
INFO:R0: --------------------------
INFO:R0@tkref=4.7778: Time to solve stand alone optimization problem: 0.119732141495
INFO:R0@tkref=4.7778: N of unsatisfied eq: 3
INFO:R0@tkref=4.7778: N of unsatisfied ieq: 9
INFO:R0@tkref=4.7778: Summary: Optimization terminated successfully. after 3 it.
DEBUG:R0@tkref=4.7778: $$$$$$$$ CONFLICT LIST $$$$$$$$: []
INFO:R0: --------------------------
INFO:R0@tkref=5.2556: Time to solve stand alone optimization problem: 0.119508981705
INFO:R0@tkref=5.2556: N of unsatisfied eq: 3
INFO:R0@tkref=5.2556: N of unsatisfied ieq: 7
INFO:R0@tkref=5.2556: Summary: Optimization terminated successfully. after 3 it.
DEBUG:R0@tkref=5.2556: $$$$$$$$ CONFLICT LIST $$$$$$$$: []
INFO:R0: --------------------------
INFO:R0@tkref=5.7333: Time to solve stand alone optimization problem: 0.0814139842987
INFO:R0@tkref=5.7333: N of unsatisfied eq: 3
INFO:R0@tkref=5.7333: N of unsatisfied ieq: 6
INFO:R0@tkref=5.7333: Summary: Optimization terminated successfully. after 2 it.
DEBUG:R0@tkref=5.7333: $$$$$$$$ CONFLICT LIST $$$$$$$$: []
INFO:R0: --------------------------
INFO:R0@tkref=6.2111: Time to solve stand alone optimization problem: 0.0813391208649
INFO:R0@tkref=6.2111: N of unsatisfied eq: 3
INFO:R0@tkref=6.2111: N of unsatisfied ieq: 6
INFO:R0@tkref=6.2111: Summary: Optimization terminated successfully. after 2 it.
DEBUG:R0@tkref=6.2111: $$$$$$$$ CONFLICT LIST $$$$$$$$: []
INFO:R0: --------------------------
DEBUG:R0: LAST STEP
DEBUG:R0: Approx remaining dist: 0.76905888872
DEBUG:R0: Usual approx plan dist: 4.3
DEBUG:R0: Approx gain in dist: 3.53094111128
DEBUG:R0: Last step min dist: 0.5
INFO:R0: scale 0.178850904354 Ns 7 Nk 3
INFO:R0@tkref=6.6889: Time to solve stand alone optimization problem: 0.494292020798
INFO:R0@tkref=6.6889: N of unsatisfied eq: 10
INFO:R0@tkref=6.6889: N of unsatisfied ieq: 4
INFO:R0@tkref=6.6889: Summary: Iteration limit exceeded after 26 it.
DEBUG:R0@tkref=6.6889: $$$$$$$$ CONFLICT LIST $$$$$$$$: []
INFO:R0: Finished motion planning
INFO:R0: --------------------------
INFO:R0: TOT: 7.55423791782
INFO:R0: NSE: 15
INFO:R0: FIR: 1.43703913689
INFO:R0: LAS: 0.495122909546
INFO:R0: LMA: 1
INFO:R0: MAX: 0.317503929138
INFO:R0: MIN: 0.0820741653442
INFO:R0: AVG: 0.207844532453
INFO:R0: RMP: 0.664543107499
INFO:R0: RMG: 1.03630376417
