DEBUG:R0: Using Tc_p = 2.04
DEBUG:R0: Using Tc_d = 2.04
INFO:R0: Init motion planning
INFO:R0@tkref=0.0000: Time to solve stand alone optimization problem: 1.00239109993
INFO:R0@tkref=0.0000: N of unsatisfied eq: 5
INFO:R0@tkref=0.0000: N of unsatisfied ieq: 6
INFO:R0@tkref=0.0000: Summary: Iteration limit exceeded after 41 it.
DEBUG:R0@tkref=0.0000: $$$$$$$$ CONFLICT LIST $$$$$$$$: []
INFO:R0: --------------------------
INFO:R0@tkref=2.0400: Time to solve stand alone optimization problem: 0.0474679470062
INFO:R0@tkref=2.0400: N of unsatisfied eq: 3
INFO:R0@tkref=2.0400: N of unsatisfied ieq: 6
INFO:R0@tkref=2.0400: Summary: Optimization terminated successfully. after 2 it.
DEBUG:R0@tkref=2.0400: $$$$$$$$ CONFLICT LIST $$$$$$$$: []
INFO:R0: --------------------------
INFO:R0@tkref=4.0800: Time to solve stand alone optimization problem: 0.0241050720215
INFO:R0@tkref=4.0800: N of unsatisfied eq: 4
INFO:R0@tkref=4.0800: N of unsatisfied ieq: 5
INFO:R0@tkref=4.0800: Summary: Optimization terminated successfully. after 1 it.
DEBUG:R0@tkref=4.0800: $$$$$$$$ CONFLICT LIST $$$$$$$$: []
INFO:R0: --------------------------
DEBUG:R0: LAST STEP
DEBUG:R0: Approx remaining dist: 1.03563032831
DEBUG:R0: Usual approx plan dist: 3.4
DEBUG:R0: Approx gain in dist: 2.36436967169
DEBUG:R0: Last step min dist: 0.5
INFO:R0: scale 0.304597155386 Ns 7 Nk 3
INFO:R0@tkref=6.1200: Time to solve stand alone optimization problem: 0.361299037933
INFO:R0@tkref=6.1200: N of unsatisfied eq: 10
INFO:R0@tkref=6.1200: N of unsatisfied ieq: 4
INFO:R0@tkref=6.1200: Summary: Iteration limit exceeded after 26 it.
DEBUG:R0@tkref=6.1200: $$$$$$$$ CONFLICT LIST $$$$$$$$: []
INFO:R0: Finished motion planning
INFO:R0: --------------------------
INFO:R0: TOT: 7.28389657842
INFO:R0: NSE: 4
INFO:R0: FIR: 1.00429797173
INFO:R0: LAS: 0.362063884735
INFO:R0: LMA: 1
INFO:R0: MAX: 0.048150062561
INFO:R0: MIN: 0.0247600078583
INFO:R0: AVG: 0.0364550352097
INFO:R0: RMP: 0.0236029718436
INFO:R0: RMG: 0.177482296439
