DEBUG:R0: Using Tc_p = 0.63
DEBUG:R0: Using Tc_d = 0.63
INFO:R0: Init motion planning
INFO:R0@tkref=0.0000: Time to solve stand alone optimization problem: 1.00896501541
INFO:R0@tkref=0.0000: N of unsatisfied eq: 5
INFO:R0@tkref=0.0000: N of unsatisfied ieq: 6
INFO:R0@tkref=0.0000: Summary: Iteration limit exceeded after 41 it.
DEBUG:R0@tkref=0.0000: $$$$$$$$ CONFLICT LIST $$$$$$$$: []
INFO:R0: --------------------------
INFO:R0@tkref=0.6300: Time to solve stand alone optimization problem: 0.14706492424
INFO:R0@tkref=0.6300: N of unsatisfied eq: 3
INFO:R0@tkref=0.6300: N of unsatisfied ieq: 6
INFO:R0@tkref=0.6300: Summary: Optimization terminated successfully. after 6 it.
DEBUG:R0@tkref=0.6300: $$$$$$$$ CONFLICT LIST $$$$$$$$: []
INFO:R0: --------------------------
INFO:R0@tkref=1.2600: Time to solve stand alone optimization problem: 0.0477221012115
INFO:R0@tkref=1.2600: N of unsatisfied eq: 3
INFO:R0@tkref=1.2600: N of unsatisfied ieq: 6
INFO:R0@tkref=1.2600: Summary: Optimization terminated successfully. after 2 it.
DEBUG:R0@tkref=1.2600: $$$$$$$$ CONFLICT LIST $$$$$$$$: []
INFO:R0: --------------------------
INFO:R0@tkref=1.8900: Time to solve stand alone optimization problem: 0.125796794891
INFO:R0@tkref=1.8900: N of unsatisfied eq: 4
INFO:R0@tkref=1.8900: N of unsatisfied ieq: 7
INFO:R0@tkref=1.8900: Summary: Optimization terminated successfully. after 5 it.
DEBUG:R0@tkref=1.8900: $$$$$$$$ CONFLICT LIST $$$$$$$$: []
INFO:R0: --------------------------
INFO:R0@tkref=2.5200: Time to solve stand alone optimization problem: 0.0243887901306
INFO:R0@tkref=2.5200: N of unsatisfied eq: 5
INFO:R0@tkref=2.5200: N of unsatisfied ieq: 5
INFO:R0@tkref=2.5200: Summary: Optimization terminated successfully. after 1 it.
DEBUG:R0@tkref=2.5200: $$$$$$$$ CONFLICT LIST $$$$$$$$: []
INFO:R0: --------------------------
INFO:R0@tkref=3.1500: Time to solve stand alone optimization problem: 0.0244100093842
INFO:R0@tkref=3.1500: N of unsatisfied eq: 5
INFO:R0@tkref=3.1500: N of unsatisfied ieq: 6
INFO:R0@tkref=3.1500: Summary: Optimization terminated successfully. after 1 it.
DEBUG:R0@tkref=3.1500: $$$$$$$$ CONFLICT LIST $$$$$$$$: []
INFO:R0: --------------------------
INFO:R0@tkref=3.7800: Time to solve stand alone optimization problem: 0.0243699550629
INFO:R0@tkref=3.7800: N of unsatisfied eq: 5
INFO:R0@tkref=3.7800: N of unsatisfied ieq: 5
INFO:R0@tkref=3.7800: Summary: Optimization terminated successfully. after 1 it.
DEBUG:R0@tkref=3.7800: $$$$$$$$ CONFLICT LIST $$$$$$$$: []
INFO:R0: --------------------------
INFO:R0@tkref=4.4100: Time to solve stand alone optimization problem: 0.0240149497986
INFO:R0@tkref=4.4100: N of unsatisfied eq: 5
INFO:R0@tkref=4.4100: N of unsatisfied ieq: 6
INFO:R0@tkref=4.4100: Summary: Optimization terminated successfully. after 1 it.
DEBUG:R0@tkref=4.4100: $$$$$$$$ CONFLICT LIST $$$$$$$$: []
INFO:R0: --------------------------
INFO:R0@tkref=5.0400: Time to solve stand alone optimization problem: 0.0245070457458
INFO:R0@tkref=5.0400: N of unsatisfied eq: 5
INFO:R0@tkref=5.0400: N of unsatisfied ieq: 5
INFO:R0@tkref=5.0400: Summary: Optimization terminated successfully. after 1 it.
DEBUG:R0@tkref=5.0400: $$$$$$$$ CONFLICT LIST $$$$$$$$: []
INFO:R0: --------------------------
INFO:R0@tkref=5.6700: Time to solve stand alone optimization problem: 0.0242519378662
INFO:R0@tkref=5.6700: N of unsatisfied eq: 5
INFO:R0@tkref=5.6700: N of unsatisfied ieq: 5
INFO:R0@tkref=5.6700: Summary: Optimization terminated successfully. after 1 it.
DEBUG:R0@tkref=5.6700: $$$$$$$$ CONFLICT LIST $$$$$$$$: []
INFO:R0: --------------------------
DEBUG:R0: LAST STEP
DEBUG:R0: Approx remaining dist: 0.792339604416
DEBUG:R0: Usual approx plan dist: 2.1
DEBUG:R0: Approx gain in dist: 1.30766039558
DEBUG:R0: Last step min dist: 0.5
INFO:R0: scale 0.377304573531 Ns 7 Nk 3
INFO:R0@tkref=6.3000: Time to solve stand alone optimization problem: 0.363020896912
INFO:R0@tkref=6.3000: N of unsatisfied eq: 10
INFO:R0@tkref=6.3000: N of unsatisfied ieq: 4
INFO:R0@tkref=6.3000: Summary: Iteration limit exceeded after 26 it.
DEBUG:R0@tkref=6.3000: $$$$$$$$ CONFLICT LIST $$$$$$$$: []
INFO:R0: Finished motion planning
INFO:R0: --------------------------
INFO:R0: TOT: 7.19045714918
INFO:R0: NSE: 11
INFO:R0: FIR: 1.01016902924
INFO:R0: LAS: 0.363826990128
INFO:R0: LMA: 1
INFO:R0: MAX: 0.147743940353
INFO:R0: MIN: 0.0246560573578
INFO:R0: AVG: 0.0525030030145
INFO:R0: RMP: 0.234514191037
INFO:R0: RMG: 0.577503158933
