DEBUG:R0: Using Tc_p = 0.433333333333
DEBUG:R0: Using Tc_d = 0.433333333333
INFO:R0: Init motion planning
INFO:R0@tkref=0.0000: Time to solve stand alone optimization problem: 0.993484020233
INFO:R0@tkref=0.0000: N of unsatisfied eq: 5
INFO:R0@tkref=0.0000: N of unsatisfied ieq: 6
INFO:R0@tkref=0.0000: Summary: Iteration limit exceeded after 41 it.
DEBUG:R0@tkref=0.0000: $$$$$$$$ CONFLICT LIST $$$$$$$$: []
INFO:R0: --------------------------
INFO:R0@tkref=0.4333: Time to solve stand alone optimization problem: 0.097992181778
INFO:R0@tkref=0.4333: N of unsatisfied eq: 3
INFO:R0@tkref=0.4333: N of unsatisfied ieq: 7
INFO:R0@tkref=0.4333: Summary: Optimization terminated successfully. after 4 it.
DEBUG:R0@tkref=0.4333: $$$$$$$$ CONFLICT LIST $$$$$$$$: []
INFO:R0: --------------------------
INFO:R0@tkref=0.8667: Time to solve stand alone optimization problem: 0.0244920253754
INFO:R0@tkref=0.8667: N of unsatisfied eq: 5
INFO:R0@tkref=0.8667: N of unsatisfied ieq: 5
INFO:R0@tkref=0.8667: Summary: Optimization terminated successfully. after 1 it.
DEBUG:R0@tkref=0.8667: $$$$$$$$ CONFLICT LIST $$$$$$$$: []
INFO:R0: --------------------------
INFO:R0@tkref=1.3000: Time to solve stand alone optimization problem: 0.0247778892517
INFO:R0@tkref=1.3000: N of unsatisfied eq: 5
INFO:R0@tkref=1.3000: N of unsatisfied ieq: 6
INFO:R0@tkref=1.3000: Summary: Optimization terminated successfully. after 1 it.
DEBUG:R0@tkref=1.3000: $$$$$$$$ CONFLICT LIST $$$$$$$$: []
INFO:R0: --------------------------
INFO:R0@tkref=1.7333: Time to solve stand alone optimization problem: 0.0249240398407
INFO:R0@tkref=1.7333: N of unsatisfied eq: 4
INFO:R0@tkref=1.7333: N of unsatisfied ieq: 4
INFO:R0@tkref=1.7333: Summary: Optimization terminated successfully. after 1 it.
DEBUG:R0@tkref=1.7333: $$$$$$$$ CONFLICT LIST $$$$$$$$: []
INFO:R0: --------------------------
INFO:R0@tkref=2.1667: Time to solve stand alone optimization problem: 0.0249390602112
INFO:R0@tkref=2.1667: N of unsatisfied eq: 3
INFO:R0@tkref=2.1667: N of unsatisfied ieq: 6
INFO:R0@tkref=2.1667: Summary: Optimization terminated successfully. after 1 it.
DEBUG:R0@tkref=2.1667: $$$$$$$$ CONFLICT LIST $$$$$$$$: []
INFO:R0: --------------------------
INFO:R0@tkref=2.6000: Time to solve stand alone optimization problem: 0.024708032608
INFO:R0@tkref=2.6000: N of unsatisfied eq: 4
INFO:R0@tkref=2.6000: N of unsatisfied ieq: 5
INFO:R0@tkref=2.6000: Summary: Optimization terminated successfully. after 1 it.
DEBUG:R0@tkref=2.6000: $$$$$$$$ CONFLICT LIST $$$$$$$$: []
INFO:R0: --------------------------
INFO:R0@tkref=3.0333: Time to solve stand alone optimization problem: 0.0248770713806
INFO:R0@tkref=3.0333: N of unsatisfied eq: 5
INFO:R0@tkref=3.0333: N of unsatisfied ieq: 4
INFO:R0@tkref=3.0333: Summary: Optimization terminated successfully. after 1 it.
DEBUG:R0@tkref=3.0333: $$$$$$$$ CONFLICT LIST $$$$$$$$: []
INFO:R0: --------------------------
INFO:R0@tkref=3.4667: Time to solve stand alone optimization problem: 0.025160074234
INFO:R0@tkref=3.4667: N of unsatisfied eq: 5
INFO:R0@tkref=3.4667: N of unsatisfied ieq: 6
INFO:R0@tkref=3.4667: Summary: Optimization terminated successfully. after 1 it.
DEBUG:R0@tkref=3.4667: $$$$$$$$ CONFLICT LIST $$$$$$$$: []
INFO:R0: --------------------------
INFO:R0@tkref=3.9000: Time to solve stand alone optimization problem: 0.0244870185852
INFO:R0@tkref=3.9000: N of unsatisfied eq: 5
INFO:R0@tkref=3.9000: N of unsatisfied ieq: 5
INFO:R0@tkref=3.9000: Summary: Optimization terminated successfully. after 1 it.
DEBUG:R0@tkref=3.9000: $$$$$$$$ CONFLICT LIST $$$$$$$$: []
INFO:R0: --------------------------
INFO:R0@tkref=4.3333: Time to solve stand alone optimization problem: 0.0240979194641
INFO:R0@tkref=4.3333: N of unsatisfied eq: 5
INFO:R0@tkref=4.3333: N of unsatisfied ieq: 6
INFO:R0@tkref=4.3333: Summary: Optimization terminated successfully. after 1 it.
DEBUG:R0@tkref=4.3333: $$$$$$$$ CONFLICT LIST $$$$$$$$: []
INFO:R0: --------------------------
INFO:R0@tkref=4.7667: Time to solve stand alone optimization problem: 0.0240590572357
INFO:R0@tkref=4.7667: N of unsatisfied eq: 5
INFO:R0@tkref=4.7667: N of unsatisfied ieq: 6
INFO:R0@tkref=4.7667: Summary: Optimization terminated successfully. after 1 it.
DEBUG:R0@tkref=4.7667: $$$$$$$$ CONFLICT LIST $$$$$$$$: []
INFO:R0: --------------------------
INFO:R0@tkref=5.2000: Time to solve stand alone optimization problem: 0.0239329338074
INFO:R0@tkref=5.2000: N of unsatisfied eq: 5
INFO:R0@tkref=5.2000: N of unsatisfied ieq: 6
INFO:R0@tkref=5.2000: Summary: Optimization terminated successfully. after 1 it.
DEBUG:R0@tkref=5.2000: $$$$$$$$ CONFLICT LIST $$$$$$$$: []
INFO:R0: --------------------------
INFO:R0@tkref=5.6333: Time to solve stand alone optimization problem: 0.0236999988556
INFO:R0@tkref=5.6333: N of unsatisfied eq: 5
INFO:R0@tkref=5.6333: N of unsatisfied ieq: 6
INFO:R0@tkref=5.6333: Summary: Optimization terminated successfully. after 1 it.
DEBUG:R0@tkref=5.6333: $$$$$$$$ CONFLICT LIST $$$$$$$$: []
INFO:R0: --------------------------
DEBUG:R0: LAST STEP
DEBUG:R0: Approx remaining dist: 0.991596971641
DEBUG:R0: Usual approx plan dist: 1.3
DEBUG:R0: Approx gain in dist: 0.308403028359
DEBUG:R0: Last step min dist: 0.5
INFO:R0: scale 0.762766901263 Ns 9 Nk 5
INFO:R0@tkref=6.0667: Time to solve stand alone optimization problem: 0.545529842377
INFO:R0@tkref=6.0667: N of unsatisfied eq: 10
INFO:R0@tkref=6.0667: N of unsatisfied ieq: 4
INFO:R0@tkref=6.0667: Summary: Iteration limit exceeded after 26 it.
DEBUG:R0@tkref=6.0667: $$$$$$$$ CONFLICT LIST $$$$$$$$: []
INFO:R0: Finished motion planning
INFO:R0: --------------------------
INFO:R0: TOT: 7.11198402939
INFO:R0: NSE: 15
INFO:R0: FIR: 0.994642019272
INFO:R0: LAS: 0.546323776245
INFO:R0: LMA: 1
INFO:R0: MAX: 0.0986969470978
INFO:R0: MIN: 0.0243799686432
INFO:R0: AVG: 0.030875481092
INFO:R0: RMP: 0.22776218561
INFO:R0: RMG: 1.26074717595
