DEBUG:R0: Using Tc_p = 2.99090909091
DEBUG:R0: Using Tc_d = 2.99090909091
INFO:R0: Init motion planning
INFO:R0@tkref=0.0000: Time to solve stand alone optimization problem: 2.75795793533
INFO:R0@tkref=0.0000: N of unsatisfied eq: 5
INFO:R0@tkref=0.0000: N of unsatisfied ieq: 8
INFO:R0@tkref=0.0000: Summary: Iteration limit exceeded after 41 it.
DEBUG:R0@tkref=0.0000: $$$$$$$$ CONFLICT LIST $$$$$$$$: []
INFO:R0: --------------------------
INFO:R0@tkref=2.9909: Time to solve stand alone optimization problem: 0.583316087723
INFO:R0@tkref=2.9909: N of unsatisfied eq: 3
INFO:R0@tkref=2.9909: N of unsatisfied ieq: 8
INFO:R0@tkref=2.9909: Summary: Optimization terminated successfully. after 8 it.
DEBUG:R0@tkref=2.9909: $$$$$$$$ CONFLICT LIST $$$$$$$$: []
INFO:R0: --------------------------
DEBUG:R0: LAST STEP
DEBUG:R0: Approx remaining dist: 1.81373585115
DEBUG:R0: Usual approx plan dist: 4.7
DEBUG:R0: Approx gain in dist: 2.88626414885
DEBUG:R0: Last step min dist: 0.5
INFO:R0: scale 0.385901244926 Ns 7 Nk 3
INFO:R0@tkref=5.9818: Time to solve stand alone optimization problem: 0.820449113846
INFO:R0@tkref=5.9818: N of unsatisfied eq: 10
INFO:R0@tkref=5.9818: N of unsatisfied ieq: 3
INFO:R0@tkref=5.9818: Summary: Iteration limit exceeded after 26 it.
DEBUG:R0@tkref=5.9818: $$$$$$$$ CONFLICT LIST $$$$$$$$: []
INFO:R0: Finished motion planning
INFO:R0: --------------------------
INFO:R0: TOT: 8.02261714551
INFO:R0: NSE: 3
INFO:R0: FIR: 2.75990986824
INFO:R0: LAS: 0.821305990219
INFO:R0: LMA: 1
INFO:R0: MAX: 0.584270000458
INFO:R0: MIN: 0.584270000458
INFO:R0: AVG: 0.584270000458
INFO:R0: RMP: 0.195348632372
INFO:R0: RMG: 0.274600787003
