DEBUG:R0: Using Tc_p = 0.5
DEBUG:R0: Using Tc_d = 0.5
INFO:R0: Init motion planning
INFO:R0@tkref=0.0000: Time to solve stand alone optimization problem: 2.20173096657
INFO:R0@tkref=0.0000: N of unsatisfied eq: 3
INFO:R0@tkref=0.0000: N of unsatisfied ieq: 4
INFO:R0@tkref=0.0000: Summary: Iteration limit exceeded after 41 it.
DEBUG:R0@tkref=0.0000: $$$$$$$$ CONFLICT LIST $$$$$$$$: []
INFO:R0: --------------------------
INFO:R0@tkref=0.5000: Time to solve stand alone optimization problem: 0.416391849518
INFO:R0@tkref=0.5000: N of unsatisfied eq: 3
INFO:R0@tkref=0.5000: N of unsatisfied ieq: 6
INFO:R0@tkref=0.5000: Summary: Optimization terminated successfully. after 8 it.
DEBUG:R0@tkref=0.5000: $$$$$$$$ CONFLICT LIST $$$$$$$$: []
INFO:R0: --------------------------
INFO:R0@tkref=1.0000: Time to solve stand alone optimization problem: 0.518300056458
INFO:R0@tkref=1.0000: N of unsatisfied eq: 2
INFO:R0@tkref=1.0000: N of unsatisfied ieq: 7
INFO:R0@tkref=1.0000: Summary: Optimization terminated successfully. after 10 it.
DEBUG:R0@tkref=1.0000: $$$$$$$$ CONFLICT LIST $$$$$$$$: []
INFO:R0: --------------------------
INFO:R0@tkref=1.5000: Time to solve stand alone optimization problem: 0.864943027496
INFO:R0@tkref=1.5000: N of unsatisfied eq: 3
INFO:R0@tkref=1.5000: N of unsatisfied ieq: 7
INFO:R0@tkref=1.5000: Summary: Optimization terminated successfully. after 15 it.
DEBUG:R0@tkref=1.5000: $$$$$$$$ CONFLICT LIST $$$$$$$$: []
INFO:R0: --------------------------
DEBUG:R0: Big problem 1166531881.02
DEBUG:R0: Big problem 11653595.9944
DEBUG:R0: Big problem 4.35351241815e+11
DEBUG:R0: Big problem 4353285724.17
DEBUG:R0: Big problem 43510199.9278
INFO:R0@tkref=2.0000: Time to solve stand alone optimization problem: 1.01909708977
INFO:R0@tkref=2.0000: N of unsatisfied eq: 3
INFO:R0@tkref=2.0000: N of unsatisfied ieq: 7
INFO:R0@tkref=2.0000: Summary: Iteration limit exceeded after 16 it.
DEBUG:R0@tkref=2.0000: $$$$$$$$ CONFLICT LIST $$$$$$$$: []
INFO:R0: --------------------------
INFO:R0@tkref=2.5000: Time to solve stand alone optimization problem: 0.916929006577
INFO:R0@tkref=2.5000: N of unsatisfied eq: 1
INFO:R0@tkref=2.5000: N of unsatisfied ieq: 5
INFO:R0@tkref=2.5000: Summary: Iteration limit exceeded after 16 it.
DEBUG:R0@tkref=2.5000: $$$$$$$$ CONFLICT LIST $$$$$$$$: []
INFO:R0: --------------------------
INFO:R0@tkref=3.0000: Time to solve stand alone optimization problem: 0.91194319725
INFO:R0@tkref=3.0000: N of unsatisfied eq: 3
INFO:R0@tkref=3.0000: N of unsatisfied ieq: 7
INFO:R0@tkref=3.0000: Summary: Iteration limit exceeded after 16 it.
DEBUG:R0@tkref=3.0000: $$$$$$$$ CONFLICT LIST $$$$$$$$: []
INFO:R0: --------------------------
INFO:R0@tkref=3.5000: Time to solve stand alone optimization problem: 0.346060037613
INFO:R0@tkref=3.5000: N of unsatisfied eq: 2
INFO:R0@tkref=3.5000: N of unsatisfied ieq: 8
INFO:R0@tkref=3.5000: Summary: Optimization terminated successfully. after 6 it.
DEBUG:R0@tkref=3.5000: $$$$$$$$ CONFLICT LIST $$$$$$$$: []
INFO:R0: --------------------------
INFO:R0@tkref=4.0000: Time to solve stand alone optimization problem: 0.401825904846
INFO:R0@tkref=4.0000: N of unsatisfied eq: 2
INFO:R0@tkref=4.0000: N of unsatisfied ieq: 7
INFO:R0@tkref=4.0000: Summary: Optimization terminated successfully. after 7 it.
DEBUG:R0@tkref=4.0000: $$$$$$$$ CONFLICT LIST $$$$$$$$: []
INFO:R0: --------------------------
INFO:R0@tkref=4.5000: Time to solve stand alone optimization problem: 0.524103879929
INFO:R0@tkref=4.5000: N of unsatisfied eq: 3
INFO:R0@tkref=4.5000: N of unsatisfied ieq: 6
INFO:R0@tkref=4.5000: Summary: Optimization terminated successfully. after 9 it.
DEBUG:R0@tkref=4.5000: $$$$$$$$ CONFLICT LIST $$$$$$$$: []
INFO:R0: --------------------------
INFO:R0@tkref=5.0000: Time to solve stand alone optimization problem: 0.741539001465
INFO:R0@tkref=5.0000: N of unsatisfied eq: 2
INFO:R0@tkref=5.0000: N of unsatisfied ieq: 6
INFO:R0@tkref=5.0000: Summary: Optimization terminated successfully. after 13 it.
DEBUG:R0@tkref=5.0000: $$$$$$$$ CONFLICT LIST $$$$$$$$: []
INFO:R0: --------------------------
INFO:R0@tkref=5.5000: Time to solve stand alone optimization problem: 0.459815979004
INFO:R0@tkref=5.5000: N of unsatisfied eq: 3
INFO:R0@tkref=5.5000: N of unsatisfied ieq: 7
INFO:R0@tkref=5.5000: Summary: Optimization terminated successfully. after 8 it.
DEBUG:R0@tkref=5.5000: $$$$$$$$ CONFLICT LIST $$$$$$$$: []
INFO:R0: --------------------------
INFO:R0@tkref=6.0000: Time to solve stand alone optimization problem: 0.178901910782
INFO:R0@tkref=6.0000: N of unsatisfied eq: 3
INFO:R0@tkref=6.0000: N of unsatisfied ieq: 8
INFO:R0@tkref=6.0000: Summary: Optimization terminated successfully. after 3 it.
DEBUG:R0@tkref=6.0000: $$$$$$$$ CONFLICT LIST $$$$$$$$: []
INFO:R0: --------------------------
INFO:R0@tkref=6.5000: Time to solve stand alone optimization problem: 0.139024972916
INFO:R0@tkref=6.5000: N of unsatisfied eq: 3
INFO:R0@tkref=6.5000: N of unsatisfied ieq: 7
INFO:R0@tkref=6.5000: Summary: Optimization terminated successfully. after 3 it.
DEBUG:R0@tkref=6.5000: $$$$$$$$ CONFLICT LIST $$$$$$$$: []
INFO:R0: --------------------------
INFO:R0@tkref=7.0000: Time to solve stand alone optimization problem: 0.0946381092072
INFO:R0@tkref=7.0000: N of unsatisfied eq: 3
INFO:R0@tkref=7.0000: N of unsatisfied ieq: 5
INFO:R0@tkref=7.0000: Summary: Optimization terminated successfully. after 2 it.
DEBUG:R0@tkref=7.0000: $$$$$$$$ CONFLICT LIST $$$$$$$$: []
INFO:R0: --------------------------
INFO:R0@tkref=7.5000: Time to solve stand alone optimization problem: 0.0494930744171
INFO:R0@tkref=7.5000: N of unsatisfied eq: 3
INFO:R0@tkref=7.5000: N of unsatisfied ieq: 6
INFO:R0@tkref=7.5000: Summary: Optimization terminated successfully. after 1 it.
DEBUG:R0@tkref=7.5000: $$$$$$$$ CONFLICT LIST $$$$$$$$: []
INFO:R0: --------------------------
DEBUG:R0: LAST STEP
DEBUG:R0: Approx remaining dist: 0.232191202965
DEBUG:R0: Usual approx plan dist: 4.5
DEBUG:R0: Approx gain in dist: 4.26780879703
DEBUG:R0: Last step min dist: 0.5
INFO:R0: scale 0.0515980451034 Ns 7 Nk 3
INFO:R0@tkref=8.0000: Time to solve stand alone optimization problem: 0.571152925491
INFO:R0@tkref=8.0000: N of unsatisfied eq: 10
INFO:R0@tkref=8.0000: N of unsatisfied ieq: 2
INFO:R0@tkref=8.0000: Summary: Iteration limit exceeded after 26 it.
DEBUG:R0@tkref=8.0000: $$$$$$$$ CONFLICT LIST $$$$$$$$: []
INFO:R0: Finished motion planning
INFO:R0: --------------------------
INFO:R0: TOT: 8.27103569839
INFO:R0: NSE: 17
INFO:R0: FIR: 2.2030210495
INFO:R0: LAS: 0.572016954422
INFO:R0: LMA: 0
INFO:R0: MAX: 1.02013492584
INFO:R0: MIN: 0.0503180027008
INFO:R0: AVG: 0.506468915939
INFO:R0: RMP: 2.04026985168
INFO:R0: RMG: 2.04026985168
