DEBUG:R0: Using Tc_p = 4.08888888889
DEBUG:R0: Using Tc_d = 4.08888888889
INFO:R0: Init motion planning
INFO:R0@tkref=0.0000: Time to solve stand alone optimization problem: 2.14791798592
INFO:R0@tkref=0.0000: N of unsatisfied eq: 4
INFO:R0@tkref=0.0000: N of unsatisfied ieq: 6
INFO:R0@tkref=0.0000: Summary: Iteration limit exceeded after 41 it.
DEBUG:R0@tkref=0.0000: $$$$$$$$ CONFLICT LIST $$$$$$$$: []
INFO:R0: --------------------------
DEBUG:R0: LAST STEP
DEBUG:R0: Approx remaining dist: 3.44774127004
DEBUG:R0: Usual approx plan dist: 4.6
DEBUG:R0: Approx gain in dist: 1.15225872996
DEBUG:R0: Last step min dist: 0.5
INFO:R0: scale 0.749508971747 Ns 8 Nk 4
INFO:R0@tkref=4.0889: Time to solve stand alone optimization problem: 0.94903087616
INFO:R0@tkref=4.0889: N of unsatisfied eq: 10
INFO:R0@tkref=4.0889: N of unsatisfied ieq: 1
INFO:R0@tkref=4.0889: Summary: Iteration limit exceeded after 26 it.
DEBUG:R0@tkref=4.0889: $$$$$$$$ CONFLICT LIST $$$$$$$$: []
INFO:R0: Finished motion planning
INFO:R0: --------------------------
INFO:R0: TOT: 33.9919239683
INFO:R0: NSE: 2
INFO:R0: FIR: 2.14922404289
INFO:R0: LAS: 0.950417041779
INFO:R0: LMA: 1
INFO:R0: MAX: 0.950417041779
INFO:R0: MIN: 0.950417041779
INFO:R0: AVG: 0.950417041779
INFO:R0: RMP: 0.232438950435
INFO:R0: RMG: 0.232438950435
