DEBUG:R0: Using Tc_p = 3.72727272727
DEBUG:R0: Using Tc_d = 3.72727272727
INFO:R0: Init motion planning
INFO:R0@tkref=0.0000: Time to solve stand alone optimization problem: 1.67012405396
INFO:R0@tkref=0.0000: N of unsatisfied eq: 3
INFO:R0@tkref=0.0000: N of unsatisfied ieq: 9
INFO:R0@tkref=0.0000: Summary: Iteration limit exceeded after 41 it.
DEBUG:R0@tkref=0.0000: $$$$$$$$ CONFLICT LIST $$$$$$$$: []
INFO:R0: --------------------------
DEBUG:R0: LAST STEP
DEBUG:R0: Approx remaining dist: 3.55886172717
DEBUG:R0: Usual approx plan dist: 4.1
DEBUG:R0: Approx gain in dist: 0.54113827283
DEBUG:R0: Last step min dist: 0.5
INFO:R0: scale 0.868015055407 Ns 10 Nk 5
INFO:R0@tkref=3.7273: Time to solve stand alone optimization problem: 0.949349164963
INFO:R0@tkref=3.7273: N of unsatisfied eq: 10
INFO:R0@tkref=3.7273: N of unsatisfied ieq: 6
INFO:R0@tkref=3.7273: Summary: Iteration limit exceeded after 26 it.
DEBUG:R0@tkref=3.7273: $$$$$$$$ CONFLICT LIST $$$$$$$$: []
INFO:R0: Finished motion planning
INFO:R0: --------------------------
INFO:R0: TOT: 7.63597404924
INFO:R0: NSE: 2
INFO:R0: FIR: 1.67144393921
INFO:R0: LAS: 0.950173854828
INFO:R0: LMA: 1
INFO:R0: MAX: 0.950173854828
INFO:R0: MIN: 0.950173854828
INFO:R0: AVG: 0.950173854828
INFO:R0: RMP: 0.254924692759
INFO:R0: RMG: 0.254924692759
