DEBUG:R0: Using Tc_p = 0.309090909091
DEBUG:R0: Using Tc_d = 0.309090909091
INFO:R0: Init motion planning
INFO:R0@tkref=0.0000: Time to solve stand alone optimization problem: 1.07128095627
INFO:R0@tkref=0.0000: N of unsatisfied eq: 5
INFO:R0@tkref=0.0000: N of unsatisfied ieq: 10
INFO:R0@tkref=0.0000: Summary: Iteration limit exceeded after 41 it.
DEBUG:R0@tkref=0.0000: $$$$$$$$ CONFLICT LIST $$$$$$$$: []
INFO:R0: --------------------------
INFO:R0@tkref=0.3091: Time to solve stand alone optimization problem: 0.0787160396576
INFO:R0@tkref=0.3091: N of unsatisfied eq: 3
INFO:R0@tkref=0.3091: N of unsatisfied ieq: 9
INFO:R0@tkref=0.3091: Summary: Optimization terminated successfully. after 3 it.
DEBUG:R0@tkref=0.3091: $$$$$$$$ CONFLICT LIST $$$$$$$$: []
INFO:R0: --------------------------
INFO:R0@tkref=0.6182: Time to solve stand alone optimization problem: 0.0800521373749
INFO:R0@tkref=0.6182: N of unsatisfied eq: 3
INFO:R0@tkref=0.6182: N of unsatisfied ieq: 10
INFO:R0@tkref=0.6182: Summary: Optimization terminated successfully. after 3 it.
DEBUG:R0@tkref=0.6182: $$$$$$$$ CONFLICT LIST $$$$$$$$: []
INFO:R0: --------------------------
INFO:R0@tkref=0.9273: Time to solve stand alone optimization problem: 0.0512909889221
INFO:R0@tkref=0.9273: N of unsatisfied eq: 3
INFO:R0@tkref=0.9273: N of unsatisfied ieq: 7
INFO:R0@tkref=0.9273: Summary: Optimization terminated successfully. after 2 it.
DEBUG:R0@tkref=0.9273: $$$$$$$$ CONFLICT LIST $$$$$$$$: []
INFO:R0: --------------------------
INFO:R0@tkref=1.2364: Time to solve stand alone optimization problem: 0.0508830547333
INFO:R0@tkref=1.2364: N of unsatisfied eq: 3
INFO:R0@tkref=1.2364: N of unsatisfied ieq: 9
INFO:R0@tkref=1.2364: Summary: Optimization terminated successfully. after 2 it.
DEBUG:R0@tkref=1.2364: $$$$$$$$ CONFLICT LIST $$$$$$$$: []
INFO:R0: --------------------------
INFO:R0@tkref=1.5455: Time to solve stand alone optimization problem: 0.028736114502
INFO:R0@tkref=1.5455: N of unsatisfied eq: 3
INFO:R0@tkref=1.5455: N of unsatisfied ieq: 8
INFO:R0@tkref=1.5455: Summary: Optimization terminated successfully. after 1 it.
DEBUG:R0@tkref=1.5455: $$$$$$$$ CONFLICT LIST $$$$$$$$: []
INFO:R0: --------------------------
INFO:R0@tkref=1.8545: Time to solve stand alone optimization problem: 0.0285110473633
INFO:R0@tkref=1.8545: N of unsatisfied eq: 4
INFO:R0@tkref=1.8545: N of unsatisfied ieq: 6
INFO:R0@tkref=1.8545: Summary: Optimization terminated successfully. after 1 it.
DEBUG:R0@tkref=1.8545: $$$$$$$$ CONFLICT LIST $$$$$$$$: []
INFO:R0: --------------------------
INFO:R0@tkref=2.1636: Time to solve stand alone optimization problem: 0.0254781246185
INFO:R0@tkref=2.1636: N of unsatisfied eq: 5
INFO:R0@tkref=2.1636: N of unsatisfied ieq: 8
INFO:R0@tkref=2.1636: Summary: Optimization terminated successfully. after 1 it.
DEBUG:R0@tkref=2.1636: $$$$$$$$ CONFLICT LIST $$$$$$$$: []
INFO:R0: --------------------------
INFO:R0@tkref=2.4727: Time to solve stand alone optimization problem: 0.0257461071014
INFO:R0@tkref=2.4727: N of unsatisfied eq: 4
INFO:R0@tkref=2.4727: N of unsatisfied ieq: 9
INFO:R0@tkref=2.4727: Summary: Optimization terminated successfully. after 1 it.
DEBUG:R0@tkref=2.4727: $$$$$$$$ CONFLICT LIST $$$$$$$$: []
INFO:R0: --------------------------
INFO:R0@tkref=2.7818: Time to solve stand alone optimization problem: 0.0257930755615
INFO:R0@tkref=2.7818: N of unsatisfied eq: 5
INFO:R0@tkref=2.7818: N of unsatisfied ieq: 7
INFO:R0@tkref=2.7818: Summary: Optimization terminated successfully. after 1 it.
DEBUG:R0@tkref=2.7818: $$$$$$$$ CONFLICT LIST $$$$$$$$: []
INFO:R0: --------------------------
INFO:R0@tkref=3.0909: Time to solve stand alone optimization problem: 0.0259568691254
INFO:R0@tkref=3.0909: N of unsatisfied eq: 4
INFO:R0@tkref=3.0909: N of unsatisfied ieq: 8
INFO:R0@tkref=3.0909: Summary: Optimization terminated successfully. after 1 it.
DEBUG:R0@tkref=3.0909: $$$$$$$$ CONFLICT LIST $$$$$$$$: []
INFO:R0: --------------------------
INFO:R0@tkref=3.4000: Time to solve stand alone optimization problem: 0.0255889892578
INFO:R0@tkref=3.4000: N of unsatisfied eq: 4
INFO:R0@tkref=3.4000: N of unsatisfied ieq: 6
INFO:R0@tkref=3.4000: Summary: Optimization terminated successfully. after 1 it.
DEBUG:R0@tkref=3.4000: $$$$$$$$ CONFLICT LIST $$$$$$$$: []
INFO:R0: --------------------------
INFO:R0@tkref=3.7091: Time to solve stand alone optimization problem: 0.0260148048401
INFO:R0@tkref=3.7091: N of unsatisfied eq: 4
INFO:R0@tkref=3.7091: N of unsatisfied ieq: 7
INFO:R0@tkref=3.7091: Summary: Optimization terminated successfully. after 1 it.
DEBUG:R0@tkref=3.7091: $$$$$$$$ CONFLICT LIST $$$$$$$$: []
INFO:R0: --------------------------
INFO:R0@tkref=4.0182: Time to solve stand alone optimization problem: 0.0265259742737
INFO:R0@tkref=4.0182: N of unsatisfied eq: 5
INFO:R0@tkref=4.0182: N of unsatisfied ieq: 9
INFO:R0@tkref=4.0182: Summary: Optimization terminated successfully. after 1 it.
DEBUG:R0@tkref=4.0182: $$$$$$$$ CONFLICT LIST $$$$$$$$: []
INFO:R0: --------------------------
INFO:R0@tkref=4.3273: Time to solve stand alone optimization problem: 0.0263199806213
INFO:R0@tkref=4.3273: N of unsatisfied eq: 3
INFO:R0@tkref=4.3273: N of unsatisfied ieq: 8
INFO:R0@tkref=4.3273: Summary: Optimization terminated successfully. after 1 it.
DEBUG:R0@tkref=4.3273: $$$$$$$$ CONFLICT LIST $$$$$$$$: []
INFO:R0: --------------------------
INFO:R0@tkref=4.6364: Time to solve stand alone optimization problem: 0.0258071422577
INFO:R0@tkref=4.6364: N of unsatisfied eq: 5
INFO:R0@tkref=4.6364: N of unsatisfied ieq: 7
INFO:R0@tkref=4.6364: Summary: Optimization terminated successfully. after 1 it.
DEBUG:R0@tkref=4.6364: $$$$$$$$ CONFLICT LIST $$$$$$$$: []
INFO:R0: --------------------------
INFO:R0@tkref=4.9455: Time to solve stand alone optimization problem: 0.0261619091034
INFO:R0@tkref=4.9455: N of unsatisfied eq: 4
INFO:R0@tkref=4.9455: N of unsatisfied ieq: 7
INFO:R0@tkref=4.9455: Summary: Optimization terminated successfully. after 1 it.
DEBUG:R0@tkref=4.9455: $$$$$$$$ CONFLICT LIST $$$$$$$$: []
INFO:R0: --------------------------
INFO:R0@tkref=5.2545: Time to solve stand alone optimization problem: 0.0261781215668
INFO:R0@tkref=5.2545: N of unsatisfied eq: 3
INFO:R0@tkref=5.2545: N of unsatisfied ieq: 8
INFO:R0@tkref=5.2545: Summary: Optimization terminated successfully. after 1 it.
DEBUG:R0@tkref=5.2545: $$$$$$$$ CONFLICT LIST $$$$$$$$: []
INFO:R0: --------------------------
INFO:R0@tkref=5.5636: Time to solve stand alone optimization problem: 0.0262169837952
INFO:R0@tkref=5.5636: N of unsatisfied eq: 3
INFO:R0@tkref=5.5636: N of unsatisfied ieq: 6
INFO:R0@tkref=5.5636: Summary: Optimization terminated successfully. after 1 it.
DEBUG:R0@tkref=5.5636: $$$$$$$$ CONFLICT LIST $$$$$$$$: []
INFO:R0: --------------------------
INFO:R0@tkref=5.8727: Time to solve stand alone optimization problem: 0.0258800983429
INFO:R0@tkref=5.8727: N of unsatisfied eq: 4
INFO:R0@tkref=5.8727: N of unsatisfied ieq: 8
INFO:R0@tkref=5.8727: Summary: Optimization terminated successfully. after 1 it.
DEBUG:R0@tkref=5.8727: $$$$$$$$ CONFLICT LIST $$$$$$$$: []
INFO:R0: --------------------------
INFO:R0@tkref=6.1818: Time to solve stand alone optimization problem: 0.026153087616
INFO:R0@tkref=6.1818: N of unsatisfied eq: 4
INFO:R0@tkref=6.1818: N of unsatisfied ieq: 8
INFO:R0@tkref=6.1818: Summary: Optimization terminated successfully. after 1 it.
DEBUG:R0@tkref=6.1818: $$$$$$$$ CONFLICT LIST $$$$$$$$: []
INFO:R0: --------------------------
DEBUG:R0: LAST STEP
DEBUG:R0: Approx remaining dist: 0.725087693436
DEBUG:R0: Usual approx plan dist: 3.4
DEBUG:R0: Approx gain in dist: 2.67491230656
DEBUG:R0: Last step min dist: 0.5
INFO:R0: scale 0.213261086305 Ns 7 Nk 3
INFO:R0@tkref=6.4909: Time to solve stand alone optimization problem: 0.368864059448
INFO:R0@tkref=6.4909: N of unsatisfied eq: 10
INFO:R0@tkref=6.4909: N of unsatisfied ieq: 4
INFO:R0@tkref=6.4909: Summary: Iteration limit exceeded after 26 it.
DEBUG:R0@tkref=6.4909: $$$$$$$$ CONFLICT LIST $$$$$$$$: []
INFO:R0: Finished motion planning
INFO:R0: --------------------------
INFO:R0: TOT: 7.30578129418
INFO:R0: NSE: 22
INFO:R0: FIR: 1.0728290081
INFO:R0: LAS: 0.369642019272
INFO:R0: LMA: 1
INFO:R0: MAX: 0.0807349681854
INFO:R0: MIN: 0.0261299610138
INFO:R0: AVG: 0.0347879290581
INFO:R0: RMP: 0.261201367659
INFO:R0: RMG: 1.19590065059
