DEBUG:R0: Using Tc_p = 0.454545454545
DEBUG:R0: Using Tc_d = 0.454545454545
INFO:R0: Init motion planning
INFO:R0@tkref=0.0000: Time to solve stand alone optimization problem: 1.49246311188
INFO:R0@tkref=0.0000: N of unsatisfied eq: 3
INFO:R0@tkref=0.0000: N of unsatisfied ieq: 8
INFO:R0@tkref=0.0000: Summary: Iteration limit exceeded after 41 it.
DEBUG:R0@tkref=0.0000: $$$$$$$$ CONFLICT LIST $$$$$$$$: []
INFO:R0: --------------------------
INFO:R0@tkref=0.4545: Time to solve stand alone optimization problem: 0.245740890503
INFO:R0@tkref=0.4545: N of unsatisfied eq: 1
INFO:R0@tkref=0.4545: N of unsatisfied ieq: 7
INFO:R0@tkref=0.4545: Summary: Optimization terminated successfully. after 7 it.
DEBUG:R0@tkref=0.4545: $$$$$$$$ CONFLICT LIST $$$$$$$$: []
INFO:R0: --------------------------
INFO:R0@tkref=0.9091: Time to solve stand alone optimization problem: 0.24400305748
INFO:R0@tkref=0.9091: N of unsatisfied eq: 1
INFO:R0@tkref=0.9091: N of unsatisfied ieq: 8
INFO:R0@tkref=0.9091: Summary: Optimization terminated successfully. after 7 it.
DEBUG:R0@tkref=0.9091: $$$$$$$$ CONFLICT LIST $$$$$$$$: []
INFO:R0: --------------------------
INFO:R0@tkref=1.3636: Time to solve stand alone optimization problem: 0.246253967285
INFO:R0@tkref=1.3636: N of unsatisfied eq: 2
INFO:R0@tkref=1.3636: N of unsatisfied ieq: 5
INFO:R0@tkref=1.3636: Summary: Optimization terminated successfully. after 6 it.
DEBUG:R0@tkref=1.3636: $$$$$$$$ CONFLICT LIST $$$$$$$$: []
INFO:R0: --------------------------
INFO:R0@tkref=1.8182: Time to solve stand alone optimization problem: 0.409576892853
INFO:R0@tkref=1.8182: N of unsatisfied eq: 2
INFO:R0@tkref=1.8182: N of unsatisfied ieq: 5
INFO:R0@tkref=1.8182: Summary: Optimization terminated successfully. after 10 it.
DEBUG:R0@tkref=1.8182: $$$$$$$$ CONFLICT LIST $$$$$$$$: []
INFO:R0: --------------------------
INFO:R0@tkref=2.2727: Time to solve stand alone optimization problem: 0.249219894409
INFO:R0@tkref=2.2727: N of unsatisfied eq: 2
INFO:R0@tkref=2.2727: N of unsatisfied ieq: 9
INFO:R0@tkref=2.2727: Summary: Optimization terminated successfully. after 6 it.
DEBUG:R0@tkref=2.2727: $$$$$$$$ CONFLICT LIST $$$$$$$$: []
INFO:R0: --------------------------
INFO:R0@tkref=2.7273: Time to solve stand alone optimization problem: 0.248884916306
INFO:R0@tkref=2.7273: N of unsatisfied eq: 2
INFO:R0@tkref=2.7273: N of unsatisfied ieq: 5
INFO:R0@tkref=2.7273: Summary: Optimization terminated successfully. after 6 it.
DEBUG:R0@tkref=2.7273: $$$$$$$$ CONFLICT LIST $$$$$$$$: []
INFO:R0: --------------------------
INFO:R0@tkref=3.1818: Time to solve stand alone optimization problem: 0.329585075378
INFO:R0@tkref=3.1818: N of unsatisfied eq: 2
INFO:R0@tkref=3.1818: N of unsatisfied ieq: 4
INFO:R0@tkref=3.1818: Summary: Optimization terminated successfully. after 8 it.
DEBUG:R0@tkref=3.1818: $$$$$$$$ CONFLICT LIST $$$$$$$$: []
INFO:R0: --------------------------
INFO:R0@tkref=3.6364: Time to solve stand alone optimization problem: 0.290591955185
INFO:R0@tkref=3.6364: N of unsatisfied eq: 2
INFO:R0@tkref=3.6364: N of unsatisfied ieq: 4
INFO:R0@tkref=3.6364: Summary: Optimization terminated successfully. after 7 it.
DEBUG:R0@tkref=3.6364: $$$$$$$$ CONFLICT LIST $$$$$$$$: []
INFO:R0: --------------------------
INFO:R0@tkref=4.0909: Time to solve stand alone optimization problem: 0.335230827332
INFO:R0@tkref=4.0909: N of unsatisfied eq: 2
INFO:R0@tkref=4.0909: N of unsatisfied ieq: 6
INFO:R0@tkref=4.0909: Summary: Optimization terminated successfully. after 8 it.
DEBUG:R0@tkref=4.0909: $$$$$$$$ CONFLICT LIST $$$$$$$$: []
INFO:R0: --------------------------
INFO:R0@tkref=4.5455: Time to solve stand alone optimization problem: 0.4545109272
INFO:R0@tkref=4.5455: N of unsatisfied eq: 2
INFO:R0@tkref=4.5455: N of unsatisfied ieq: 6
INFO:R0@tkref=4.5455: Summary: Optimization terminated successfully. after 11 it.
DEBUG:R0@tkref=4.5455: $$$$$$$$ CONFLICT LIST $$$$$$$$: []
INFO:R0: --------------------------
INFO:R0@tkref=5.0000: Time to solve stand alone optimization problem: 0.250356197357
INFO:R0@tkref=5.0000: N of unsatisfied eq: 3
INFO:R0@tkref=5.0000: N of unsatisfied ieq: 5
INFO:R0@tkref=5.0000: Summary: Optimization terminated successfully. after 6 it.
DEBUG:R0@tkref=5.0000: $$$$$$$$ CONFLICT LIST $$$$$$$$: []
INFO:R0: --------------------------
INFO:R0@tkref=5.4545: Time to solve stand alone optimization problem: 0.250841140747
INFO:R0@tkref=5.4545: N of unsatisfied eq: 3
INFO:R0@tkref=5.4545: N of unsatisfied ieq: 8
INFO:R0@tkref=5.4545: Summary: Optimization terminated successfully. after 6 it.
DEBUG:R0@tkref=5.4545: $$$$$$$$ CONFLICT LIST $$$$$$$$: []
INFO:R0: --------------------------
INFO:R0@tkref=5.9091: Time to solve stand alone optimization problem: 0.251579046249
INFO:R0@tkref=5.9091: N of unsatisfied eq: 3
INFO:R0@tkref=5.9091: N of unsatisfied ieq: 8
INFO:R0@tkref=5.9091: Summary: Optimization terminated successfully. after 6 it.
DEBUG:R0@tkref=5.9091: $$$$$$$$ CONFLICT LIST $$$$$$$$: []
INFO:R0: --------------------------
INFO:R0@tkref=6.3636: Time to solve stand alone optimization problem: 0.248347997665
INFO:R0@tkref=6.3636: N of unsatisfied eq: 2
INFO:R0@tkref=6.3636: N of unsatisfied ieq: 7
INFO:R0@tkref=6.3636: Summary: Optimization terminated successfully. after 6 it.
DEBUG:R0@tkref=6.3636: $$$$$$$$ CONFLICT LIST $$$$$$$$: []
INFO:R0: --------------------------
INFO:R0@tkref=6.8182: Time to solve stand alone optimization problem: 0.246123075485
INFO:R0@tkref=6.8182: N of unsatisfied eq: 3
INFO:R0@tkref=6.8182: N of unsatisfied ieq: 7
INFO:R0@tkref=6.8182: Summary: Optimization terminated successfully. after 7 it.
DEBUG:R0@tkref=6.8182: $$$$$$$$ CONFLICT LIST $$$$$$$$: []
INFO:R0: --------------------------
INFO:R0@tkref=7.2727: Time to solve stand alone optimization problem: 0.247280836105
INFO:R0@tkref=7.2727: N of unsatisfied eq: 2
INFO:R0@tkref=7.2727: N of unsatisfied ieq: 6
INFO:R0@tkref=7.2727: Summary: Optimization terminated successfully. after 7 it.
DEBUG:R0@tkref=7.2727: $$$$$$$$ CONFLICT LIST $$$$$$$$: []
INFO:R0: --------------------------
INFO:R0@tkref=7.7273: Time to solve stand alone optimization problem: 0.247362136841
INFO:R0@tkref=7.7273: N of unsatisfied eq: 3
INFO:R0@tkref=7.7273: N of unsatisfied ieq: 7
INFO:R0@tkref=7.7273: Summary: Optimization terminated successfully. after 7 it.
DEBUG:R0@tkref=7.7273: $$$$$$$$ CONFLICT LIST $$$$$$$$: []
INFO:R0: --------------------------
DEBUG:R0: LAST STEP
DEBUG:R0: Approx remaining dist: 0.494682051594
DEBUG:R0: Usual approx plan dist: 5.0
DEBUG:R0: Approx gain in dist: 4.50531794841
DEBUG:R0: Last step min dist: 0.5
INFO:R0: scale 0.0989364103188 Ns 7 Nk 3
INFO:R0@tkref=8.1818: Time to solve stand alone optimization problem: 0.496929883957
INFO:R0@tkref=8.1818: N of unsatisfied eq: 10
INFO:R0@tkref=8.1818: N of unsatisfied ieq: 2
INFO:R0@tkref=8.1818: Summary: Iteration limit exceeded after 26 it.
DEBUG:R0@tkref=8.1818: $$$$$$$$ CONFLICT LIST $$$$$$$$: []
INFO:R0: Finished motion planning
INFO:R0: --------------------------
INFO:R0: TOT: 8.99135269638
INFO:R0: NSE: 19
INFO:R0: FIR: 1.49393987656
INFO:R0: LAS: 0.498095989227
INFO:R0: LMA: 1
INFO:R0: MAX: 0.455301046371
INFO:R0: MIN: 0.244795084
INFO:R0: AVG: 0.282906293869
INFO:R0: RMP: 1.00166230202
INFO:R0: RMG: 1.0958111763
