DEBUG:R0: Using Tc_p = 0.94
DEBUG:R0: Using Tc_d = 0.94
INFO:R0: Init motion planning
INFO:R0@tkref=0.0000: Time to solve stand alone optimization problem: 1.00821495056
INFO:R0@tkref=0.0000: N of unsatisfied eq: 5
INFO:R0@tkref=0.0000: N of unsatisfied ieq: 6
INFO:R0@tkref=0.0000: Summary: Iteration limit exceeded after 41 it.
DEBUG:R0@tkref=0.0000: $$$$$$$$ CONFLICT LIST $$$$$$$$: []
INFO:R0: --------------------------
INFO:R0@tkref=0.9400: Time to solve stand alone optimization problem: 0.02561211586
INFO:R0@tkref=0.9400: N of unsatisfied eq: 3
INFO:R0@tkref=0.9400: N of unsatisfied ieq: 5
INFO:R0@tkref=0.9400: Summary: Optimization terminated successfully. after 1 it.
DEBUG:R0@tkref=0.9400: $$$$$$$$ CONFLICT LIST $$$$$$$$: []
INFO:R0: --------------------------
INFO:R0@tkref=1.8800: Time to solve stand alone optimization problem: 0.025946855545
INFO:R0@tkref=1.8800: N of unsatisfied eq: 3
INFO:R0@tkref=1.8800: N of unsatisfied ieq: 8
INFO:R0@tkref=1.8800: Summary: Optimization terminated successfully. after 1 it.
DEBUG:R0@tkref=1.8800: $$$$$$$$ CONFLICT LIST $$$$$$$$: []
INFO:R0: --------------------------
INFO:R0@tkref=2.8200: Time to solve stand alone optimization problem: 0.0262269973755
INFO:R0@tkref=2.8200: N of unsatisfied eq: 3
INFO:R0@tkref=2.8200: N of unsatisfied ieq: 4
INFO:R0@tkref=2.8200: Summary: Optimization terminated successfully. after 1 it.
DEBUG:R0@tkref=2.8200: $$$$$$$$ CONFLICT LIST $$$$$$$$: []
INFO:R0: --------------------------
INFO:R0@tkref=3.7600: Time to solve stand alone optimization problem: 0.0261700153351
INFO:R0@tkref=3.7600: N of unsatisfied eq: 3
INFO:R0@tkref=3.7600: N of unsatisfied ieq: 4
INFO:R0@tkref=3.7600: Summary: Optimization terminated successfully. after 1 it.
DEBUG:R0@tkref=3.7600: $$$$$$$$ CONFLICT LIST $$$$$$$$: []
INFO:R0: --------------------------
INFO:R0@tkref=4.7000: Time to solve stand alone optimization problem: 0.0271530151367
INFO:R0@tkref=4.7000: N of unsatisfied eq: 3
INFO:R0@tkref=4.7000: N of unsatisfied ieq: 4
INFO:R0@tkref=4.7000: Summary: Optimization terminated successfully. after 1 it.
DEBUG:R0@tkref=4.7000: $$$$$$$$ CONFLICT LIST $$$$$$$$: []
INFO:R0: --------------------------
DEBUG:R0: LAST STEP
DEBUG:R0: Approx remaining dist: 1.52529092426
DEBUG:R0: Usual approx plan dist: 4.7
DEBUG:R0: Approx gain in dist: 3.17470907574
DEBUG:R0: Last step min dist: 0.5
INFO:R0: scale 0.324529983885 Ns 7 Nk 3
INFO:R0@tkref=5.6400: Time to solve stand alone optimization problem: 0.367068052292
INFO:R0@tkref=5.6400: N of unsatisfied eq: 10
INFO:R0@tkref=5.6400: N of unsatisfied ieq: 4
INFO:R0@tkref=5.6400: Summary: Iteration limit exceeded after 26 it.
DEBUG:R0@tkref=5.6400: $$$$$$$$ CONFLICT LIST $$$$$$$$: []
INFO:R0: Finished motion planning
INFO:R0: --------------------------
INFO:R0: TOT: 7.35437939356
INFO:R0: NSE: 7
INFO:R0: FIR: 1.00959801674
INFO:R0: LAS: 0.367840051651
INFO:R0: LMA: 1
INFO:R0: MAX: 0.0280020236969
INFO:R0: MIN: 0.0263071060181
INFO:R0: AVG: 0.0269362449646
INFO:R0: RMP: 0.0297893869116
INFO:R0: RMG: 0.391319203884
