DEBUG:R0: Using Tc_p = 0.418181818182
DEBUG:R0: Using Tc_d = 0.418181818182
INFO:R0: Init motion planning
INFO:R0@tkref=0.0000: Time to solve stand alone optimization problem: 0.971987962723
INFO:R0@tkref=0.0000: N of unsatisfied eq: 4
INFO:R0@tkref=0.0000: N of unsatisfied ieq: 8
INFO:R0@tkref=0.0000: Summary: Iteration limit exceeded after 41 it.
DEBUG:R0@tkref=0.0000: $$$$$$$$ CONFLICT LIST $$$$$$$$: []
INFO:R0: --------------------------
INFO:R0@tkref=0.4182: Time to solve stand alone optimization problem: 0.0519969463348
INFO:R0@tkref=0.4182: N of unsatisfied eq: 3
INFO:R0@tkref=0.4182: N of unsatisfied ieq: 6
INFO:R0@tkref=0.4182: Summary: Optimization terminated successfully. after 2 it.
DEBUG:R0@tkref=0.4182: $$$$$$$$ CONFLICT LIST $$$$$$$$: []
INFO:R0: --------------------------
INFO:R0@tkref=0.8364: Time to solve stand alone optimization problem: 0.0700449943542
INFO:R0@tkref=0.8364: N of unsatisfied eq: 3
INFO:R0@tkref=0.8364: N of unsatisfied ieq: 7
INFO:R0@tkref=0.8364: Summary: Optimization terminated successfully. after 3 it.
DEBUG:R0@tkref=0.8364: $$$$$$$$ CONFLICT LIST $$$$$$$$: []
INFO:R0: --------------------------
INFO:R0@tkref=1.2545: Time to solve stand alone optimization problem: 0.0480699539185
INFO:R0@tkref=1.2545: N of unsatisfied eq: 3
INFO:R0@tkref=1.2545: N of unsatisfied ieq: 6
INFO:R0@tkref=1.2545: Summary: Optimization terminated successfully. after 2 it.
DEBUG:R0@tkref=1.2545: $$$$$$$$ CONFLICT LIST $$$$$$$$: []
INFO:R0: --------------------------
INFO:R0@tkref=1.6727: Time to solve stand alone optimization problem: 0.0456020832062
INFO:R0@tkref=1.6727: N of unsatisfied eq: 3
INFO:R0@tkref=1.6727: N of unsatisfied ieq: 6
INFO:R0@tkref=1.6727: Summary: Optimization terminated successfully. after 2 it.
DEBUG:R0@tkref=1.6727: $$$$$$$$ CONFLICT LIST $$$$$$$$: []
INFO:R0: --------------------------
INFO:R0@tkref=2.0909: Time to solve stand alone optimization problem: 0.0245280265808
INFO:R0@tkref=2.0909: N of unsatisfied eq: 3
INFO:R0@tkref=2.0909: N of unsatisfied ieq: 6
INFO:R0@tkref=2.0909: Summary: Optimization terminated successfully. after 1 it.
DEBUG:R0@tkref=2.0909: $$$$$$$$ CONFLICT LIST $$$$$$$$: []
INFO:R0: --------------------------
INFO:R0@tkref=2.5091: Time to solve stand alone optimization problem: 0.0250339508057
INFO:R0@tkref=2.5091: N of unsatisfied eq: 3
INFO:R0@tkref=2.5091: N of unsatisfied ieq: 4
INFO:R0@tkref=2.5091: Summary: Optimization terminated successfully. after 1 it.
DEBUG:R0@tkref=2.5091: $$$$$$$$ CONFLICT LIST $$$$$$$$: []
INFO:R0: --------------------------
INFO:R0@tkref=2.9273: Time to solve stand alone optimization problem: 0.0249919891357
INFO:R0@tkref=2.9273: N of unsatisfied eq: 3
INFO:R0@tkref=2.9273: N of unsatisfied ieq: 5
INFO:R0@tkref=2.9273: Summary: Optimization terminated successfully. after 1 it.
DEBUG:R0@tkref=2.9273: $$$$$$$$ CONFLICT LIST $$$$$$$$: []
INFO:R0: --------------------------
INFO:R0@tkref=3.3455: Time to solve stand alone optimization problem: 0.0251021385193
INFO:R0@tkref=3.3455: N of unsatisfied eq: 3
INFO:R0@tkref=3.3455: N of unsatisfied ieq: 6
INFO:R0@tkref=3.3455: Summary: Optimization terminated successfully. after 1 it.
DEBUG:R0@tkref=3.3455: $$$$$$$$ CONFLICT LIST $$$$$$$$: []
INFO:R0: --------------------------
INFO:R0@tkref=3.7636: Time to solve stand alone optimization problem: 0.0249829292297
INFO:R0@tkref=3.7636: N of unsatisfied eq: 3
INFO:R0@tkref=3.7636: N of unsatisfied ieq: 5
INFO:R0@tkref=3.7636: Summary: Optimization terminated successfully. after 1 it.
DEBUG:R0@tkref=3.7636: $$$$$$$$ CONFLICT LIST $$$$$$$$: []
INFO:R0: --------------------------
INFO:R0@tkref=4.1818: Time to solve stand alone optimization problem: 0.0264930725098
INFO:R0@tkref=4.1818: N of unsatisfied eq: 3
INFO:R0@tkref=4.1818: N of unsatisfied ieq: 6
INFO:R0@tkref=4.1818: Summary: Optimization terminated successfully. after 1 it.
DEBUG:R0@tkref=4.1818: $$$$$$$$ CONFLICT LIST $$$$$$$$: []
INFO:R0: --------------------------
INFO:R0@tkref=4.6000: Time to solve stand alone optimization problem: 0.0238120555878
INFO:R0@tkref=4.6000: N of unsatisfied eq: 5
INFO:R0@tkref=4.6000: N of unsatisfied ieq: 7
INFO:R0@tkref=4.6000: Summary: Optimization terminated successfully. after 1 it.
DEBUG:R0@tkref=4.6000: $$$$$$$$ CONFLICT LIST $$$$$$$$: []
INFO:R0: --------------------------
INFO:R0@tkref=5.0182: Time to solve stand alone optimization problem: 0.0236749649048
INFO:R0@tkref=5.0182: N of unsatisfied eq: 4
INFO:R0@tkref=5.0182: N of unsatisfied ieq: 8
INFO:R0@tkref=5.0182: Summary: Optimization terminated successfully. after 1 it.
DEBUG:R0@tkref=5.0182: $$$$$$$$ CONFLICT LIST $$$$$$$$: []
INFO:R0: --------------------------
INFO:R0@tkref=5.4364: Time to solve stand alone optimization problem: 0.0237369537354
INFO:R0@tkref=5.4364: N of unsatisfied eq: 5
INFO:R0@tkref=5.4364: N of unsatisfied ieq: 7
INFO:R0@tkref=5.4364: Summary: Optimization terminated successfully. after 1 it.
DEBUG:R0@tkref=5.4364: $$$$$$$$ CONFLICT LIST $$$$$$$$: []
INFO:R0: --------------------------
INFO:R0@tkref=5.8545: Time to solve stand alone optimization problem: 0.0234649181366
INFO:R0@tkref=5.8545: N of unsatisfied eq: 4
INFO:R0@tkref=5.8545: N of unsatisfied ieq: 8
INFO:R0@tkref=5.8545: Summary: Optimization terminated successfully. after 1 it.
DEBUG:R0@tkref=5.8545: $$$$$$$$ CONFLICT LIST $$$$$$$$: []
INFO:R0: --------------------------
INFO:R0@tkref=6.2727: Time to solve stand alone optimization problem: 0.0234138965607
INFO:R0@tkref=6.2727: N of unsatisfied eq: 5
INFO:R0@tkref=6.2727: N of unsatisfied ieq: 8
INFO:R0@tkref=6.2727: Summary: Optimization terminated successfully. after 1 it.
DEBUG:R0@tkref=6.2727: $$$$$$$$ CONFLICT LIST $$$$$$$$: []
INFO:R0: --------------------------
DEBUG:R0: LAST STEP
DEBUG:R0: Approx remaining dist: 0.665347160401
DEBUG:R0: Usual approx plan dist: 4.6
DEBUG:R0: Approx gain in dist: 3.9346528396
DEBUG:R0: Last step min dist: 0.5
INFO:R0: scale 0.144640687044 Ns 7 Nk 3
INFO:R0@tkref=6.6909: Time to solve stand alone optimization problem: 0.369478940964
INFO:R0@tkref=6.6909: N of unsatisfied eq: 10
INFO:R0@tkref=6.6909: N of unsatisfied ieq: 4
INFO:R0@tkref=6.6909: Summary: Iteration limit exceeded after 26 it.
DEBUG:R0@tkref=6.6909: $$$$$$$$ CONFLICT LIST $$$$$$$$: []
INFO:R0: Finished motion planning
INFO:R0: --------------------------
INFO:R0: TOT: 7.43863932091
INFO:R0: NSE: 17
INFO:R0: FIR: 0.973883867264
INFO:R0: LAS: 0.370276212692
INFO:R0: LMA: 1
INFO:R0: MAX: 0.0707330703735
INFO:R0: MIN: 0.024069070816
INFO:R0: AVG: 0.0330226103465
INFO:R0: RMP: 0.169144298719
INFO:R0: RMG: 0.885443117308
