DEBUG:R0: Using Tc_p = 0.833333333333
DEBUG:R0: Using Tc_d = 0.833333333333
INFO:R0: Init motion planning
INFO:R0@tkref=0.0000: Time to solve stand alone optimization problem: 1.48246479034
INFO:R0@tkref=0.0000: N of unsatisfied eq: 4
INFO:R0@tkref=0.0000: N of unsatisfied ieq: 6
INFO:R0@tkref=0.0000: Summary: Iteration limit exceeded after 41 it.
DEBUG:R0@tkref=0.0000: $$$$$$$$ CONFLICT LIST $$$$$$$$: []
INFO:R0: --------------------------
INFO:R0@tkref=0.8333: Time to solve stand alone optimization problem: 0.0436499118805
INFO:R0@tkref=0.8333: N of unsatisfied eq: 3
INFO:R0@tkref=0.8333: N of unsatisfied ieq: 3
INFO:R0@tkref=0.8333: Summary: Optimization terminated successfully. after 1 it.
DEBUG:R0@tkref=0.8333: $$$$$$$$ CONFLICT LIST $$$$$$$$: []
INFO:R0: --------------------------
INFO:R0@tkref=1.6667: Time to solve stand alone optimization problem: 0.0416529178619
INFO:R0@tkref=1.6667: N of unsatisfied eq: 5
INFO:R0@tkref=1.6667: N of unsatisfied ieq: 8
INFO:R0@tkref=1.6667: Summary: Optimization terminated successfully. after 1 it.
DEBUG:R0@tkref=1.6667: $$$$$$$$ CONFLICT LIST $$$$$$$$: []
INFO:R0: --------------------------
INFO:R0@tkref=2.5000: Time to solve stand alone optimization problem: 0.663800001144
INFO:R0@tkref=2.5000: N of unsatisfied eq: 2
INFO:R0@tkref=2.5000: N of unsatisfied ieq: 8
INFO:R0@tkref=2.5000: Summary: Iteration limit exceeded after 16 it.
DEBUG:R0@tkref=2.5000: $$$$$$$$ CONFLICT LIST $$$$$$$$: []
INFO:R0: --------------------------
INFO:R0@tkref=3.3333: Time to solve stand alone optimization problem: 0.655920982361
INFO:R0@tkref=3.3333: N of unsatisfied eq: 3
INFO:R0@tkref=3.3333: N of unsatisfied ieq: 8
INFO:R0@tkref=3.3333: Summary: Iteration limit exceeded after 16 it.
DEBUG:R0@tkref=3.3333: $$$$$$$$ CONFLICT LIST $$$$$$$$: []
INFO:R0: --------------------------
INFO:R0@tkref=4.1667: Time to solve stand alone optimization problem: 0.326570034027
INFO:R0@tkref=4.1667: N of unsatisfied eq: 3
INFO:R0@tkref=4.1667: N of unsatisfied ieq: 8
INFO:R0@tkref=4.1667: Summary: Optimization terminated successfully. after 8 it.
DEBUG:R0@tkref=4.1667: $$$$$$$$ CONFLICT LIST $$$$$$$$: []
INFO:R0: --------------------------
INFO:R0@tkref=5.0000: Time to solve stand alone optimization problem: 0.294409990311
INFO:R0@tkref=5.0000: N of unsatisfied eq: 3
INFO:R0@tkref=5.0000: N of unsatisfied ieq: 8
INFO:R0@tkref=5.0000: Summary: Optimization terminated successfully. after 7 it.
DEBUG:R0@tkref=5.0000: $$$$$$$$ CONFLICT LIST $$$$$$$$: []
INFO:R0: --------------------------
INFO:R0@tkref=5.8333: Time to solve stand alone optimization problem: 0.0435121059418
INFO:R0@tkref=5.8333: N of unsatisfied eq: 3
INFO:R0@tkref=5.8333: N of unsatisfied ieq: 4
INFO:R0@tkref=5.8333: Summary: Optimization terminated successfully. after 1 it.
DEBUG:R0@tkref=5.8333: $$$$$$$$ CONFLICT LIST $$$$$$$$: []
INFO:R0: --------------------------
DEBUG:R0: LAST STEP
DEBUG:R0: Approx remaining dist: 0.64712936039
DEBUG:R0: Usual approx plan dist: 1.5
DEBUG:R0: Approx gain in dist: 0.85287063961
DEBUG:R0: Last step min dist: 0.5
INFO:R0: scale 0.431419573593 Ns 7 Nk 3
INFO:R0@tkref=6.6667: Time to solve stand alone optimization problem: 0.505479097366
INFO:R0@tkref=6.6667: N of unsatisfied eq: 10
INFO:R0@tkref=6.6667: N of unsatisfied ieq: 4
INFO:R0@tkref=6.6667: Summary: Iteration limit exceeded after 26 it.
DEBUG:R0@tkref=6.6667: $$$$$$$$ CONFLICT LIST $$$$$$$$: []
INFO:R0: Finished motion planning
INFO:R0: --------------------------
INFO:R0: TOT: 7.39392709464
INFO:R0: NSE: 9
INFO:R0: FIR: 1.4842209816
INFO:R0: LAS: 0.506316900253
INFO:R0: LMA: 0
INFO:R0: MAX: 0.664618968964
INFO:R0: MIN: 0.0423860549927
INFO:R0: AVG: 0.296438251223
INFO:R0: RMP: 0.797542762756
INFO:R0: RMG: 0.797542762756
