DEBUG:R0: Using Tc_p = 4.8
DEBUG:R0: Using Tc_d = 4.8
INFO:R0: Init motion planning
INFO:R0@tkref=0.0000: Time to solve stand alone optimization problem: 0.855371952057
INFO:R0@tkref=0.0000: N of unsatisfied eq: 4
INFO:R0@tkref=0.0000: N of unsatisfied ieq: 5
INFO:R0@tkref=0.0000: Summary: Iteration limit exceeded after 41 it.
DEBUG:R0@tkref=0.0000: $$$$$$$$ CONFLICT LIST $$$$$$$$: []
INFO:R0: --------------------------
DEBUG:R0: LAST STEP
DEBUG:R0: Approx remaining dist: 2.50751784685
DEBUG:R0: Usual approx plan dist: 4.8
DEBUG:R0: Approx gain in dist: 2.29248215315
DEBUG:R0: Last step min dist: 0.5
INFO:R0: scale 0.522399551427 Ns 7 Nk 3
INFO:R0@tkref=4.8000: Time to solve stand alone optimization problem: 0.365790843964
INFO:R0@tkref=4.8000: N of unsatisfied eq: 10
INFO:R0@tkref=4.8000: N of unsatisfied ieq: 4
INFO:R0@tkref=4.8000: Summary: Iteration limit exceeded after 26 it.
DEBUG:R0@tkref=4.8000: $$$$$$$$ CONFLICT LIST $$$$$$$$: []
INFO:R0: Finished motion planning
INFO:R0: --------------------------
INFO:R0: TOT: 7.6183132267
INFO:R0: NSE: 2
INFO:R0: FIR: 0.85649394989
INFO:R0: LAS: 0.366538047791
INFO:R0: LMA: 1
INFO:R0: MAX: 0.366538047791
INFO:R0: MIN: 0.366538047791
INFO:R0: AVG: 0.366538047791
INFO:R0: RMP: 0.0763620932897
INFO:R0: RMG: 0.0763620932897
