DEBUG:R0: Using Tc_p = 2.48888888889
DEBUG:R0: Using Tc_d = 2.48888888889
INFO:R0: Init motion planning
INFO:R0@tkref=0.0000: Time to solve stand alone optimization problem: 1.51892495155
INFO:R0@tkref=0.0000: N of unsatisfied eq: 4
INFO:R0@tkref=0.0000: N of unsatisfied ieq: 6
INFO:R0@tkref=0.0000: Summary: Iteration limit exceeded after 41 it.
DEBUG:R0@tkref=0.0000: $$$$$$$$ CONFLICT LIST $$$$$$$$: []
INFO:R0: --------------------------
INFO:R0@tkref=2.4889: Time to solve stand alone optimization problem: 0.507305860519
INFO:R0@tkref=2.4889: N of unsatisfied eq: 2
INFO:R0@tkref=2.4889: N of unsatisfied ieq: 9
INFO:R0@tkref=2.4889: Summary: Optimization terminated successfully. after 12 it.
DEBUG:R0@tkref=2.4889: $$$$$$$$ CONFLICT LIST $$$$$$$$: []
INFO:R0: --------------------------
DEBUG:R0: LAST STEP
DEBUG:R0: Approx remaining dist: 2.37708791856
DEBUG:R0: Usual approx plan dist: 3.2
DEBUG:R0: Approx gain in dist: 0.822912081441
DEBUG:R0: Last step min dist: 0.5
INFO:R0: scale 0.74283997455 Ns 8 Nk 4
INFO:R0@tkref=4.9778: Time to solve stand alone optimization problem: 0.741125106812
INFO:R0@tkref=4.9778: N of unsatisfied eq: 10
INFO:R0@tkref=4.9778: N of unsatisfied ieq: 3
INFO:R0@tkref=4.9778: Summary: Iteration limit exceeded after 26 it.
DEBUG:R0@tkref=4.9778: $$$$$$$$ CONFLICT LIST $$$$$$$$: []
INFO:R0: Finished motion planning
INFO:R0: --------------------------
INFO:R0: TOT: 7.551401153
INFO:R0: NSE: 3
INFO:R0: FIR: 1.52033615112
INFO:R0: LAS: 0.742016077042
INFO:R0: LMA: 1
INFO:R0: MAX: 0.508216142654
INFO:R0: MIN: 0.508216142654
INFO:R0: AVG: 0.508216142654
INFO:R0: RMP: 0.204193985888
INFO:R0: RMG: 0.298131459526
