DEBUG:R0: Using Tc_p = 0.844444444444
DEBUG:R0: Using Tc_d = 0.844444444444
INFO:R0: Init motion planning
INFO:R0@tkref=0.0000: Time to solve stand alone optimization problem: 1.47639584541
INFO:R0@tkref=0.0000: N of unsatisfied eq: 4
INFO:R0@tkref=0.0000: N of unsatisfied ieq: 8
INFO:R0@tkref=0.0000: Summary: Iteration limit exceeded after 41 it.
DEBUG:R0@tkref=0.0000: $$$$$$$$ CONFLICT LIST $$$$$$$$: []
INFO:R0: --------------------------
INFO:R0@tkref=0.8444: Time to solve stand alone optimization problem: 0.28462100029
INFO:R0@tkref=0.8444: N of unsatisfied eq: 2
INFO:R0@tkref=0.8444: N of unsatisfied ieq: 9
INFO:R0@tkref=0.8444: Summary: Optimization terminated successfully. after 7 it.
DEBUG:R0@tkref=0.8444: $$$$$$$$ CONFLICT LIST $$$$$$$$: []
INFO:R0: --------------------------
INFO:R0@tkref=1.6889: Time to solve stand alone optimization problem: 0.543900966644
INFO:R0@tkref=1.6889: N of unsatisfied eq: 2
INFO:R0@tkref=1.6889: N of unsatisfied ieq: 8
INFO:R0@tkref=1.6889: Summary: Optimization terminated successfully. after 7 it.
DEBUG:R0@tkref=1.6889: $$$$$$$$ CONFLICT LIST $$$$$$$$: []
INFO:R0: --------------------------
INFO:R0@tkref=2.5333: Time to solve stand alone optimization problem: 0.43799996376
INFO:R0@tkref=2.5333: N of unsatisfied eq: 2
INFO:R0@tkref=2.5333: N of unsatisfied ieq: 7
INFO:R0@tkref=2.5333: Summary: Optimization terminated successfully. after 8 it.
DEBUG:R0@tkref=2.5333: $$$$$$$$ CONFLICT LIST $$$$$$$$: []
INFO:R0: --------------------------
INFO:R0@tkref=3.3778: Time to solve stand alone optimization problem: 0.16056895256
INFO:R0@tkref=3.3778: N of unsatisfied eq: 3
INFO:R0@tkref=3.3778: N of unsatisfied ieq: 9
INFO:R0@tkref=3.3778: Summary: Optimization terminated successfully. after 4 it.
DEBUG:R0@tkref=3.3778: $$$$$$$$ CONFLICT LIST $$$$$$$$: []
INFO:R0: --------------------------
INFO:R0@tkref=4.2222: Time to solve stand alone optimization problem: 0.241770029068
INFO:R0@tkref=4.2222: N of unsatisfied eq: 3
INFO:R0@tkref=4.2222: N of unsatisfied ieq: 7
INFO:R0@tkref=4.2222: Summary: Optimization terminated successfully. after 6 it.
DEBUG:R0@tkref=4.2222: $$$$$$$$ CONFLICT LIST $$$$$$$$: []
INFO:R0: --------------------------
INFO:R0@tkref=5.0667: Time to solve stand alone optimization problem: 0.0827980041504
INFO:R0@tkref=5.0667: N of unsatisfied eq: 3
INFO:R0@tkref=5.0667: N of unsatisfied ieq: 6
INFO:R0@tkref=5.0667: Summary: Optimization terminated successfully. after 2 it.
DEBUG:R0@tkref=5.0667: $$$$$$$$ CONFLICT LIST $$$$$$$$: []
INFO:R0: --------------------------
DEBUG:R0: LAST STEP
DEBUG:R0: Approx remaining dist: 1.40760229493
DEBUG:R0: Usual approx plan dist: 3.8
DEBUG:R0: Approx gain in dist: 2.39239770507
DEBUG:R0: Last step min dist: 0.5
INFO:R0: scale 0.37042165656 Ns 7 Nk 3
INFO:R0@tkref=5.9111: Time to solve stand alone optimization problem: 0.566196918488
INFO:R0@tkref=5.9111: N of unsatisfied eq: 8
INFO:R0@tkref=5.9111: N of unsatisfied ieq: 3
INFO:R0@tkref=5.9111: Summary: Iteration limit exceeded after 26 it.
DEBUG:R0@tkref=5.9111: $$$$$$$$ CONFLICT LIST $$$$$$$$: []
INFO:R0: Finished motion planning
INFO:R0: --------------------------
INFO:R0: TOT: 7.49396516002
INFO:R0: NSE: 8
INFO:R0: FIR: 1.47773504257
INFO:R0: LAS: 0.567001819611
INFO:R0: LMA: 1
INFO:R0: MAX: 0.545107841492
INFO:R0: MIN: 0.0835180282593
INFO:R0: AVG: 0.292809486389
INFO:R0: RMP: 0.645522443872
INFO:R0: RMG: 0.671449523223
