DEBUG:R0: Using Tc_p = 2.0
DEBUG:R0: Using Tc_d = 2.0
INFO:R0: Init motion planning
INFO:R0@tkref=0.0000: Time to solve stand alone optimization problem: 2.39902281761
INFO:R0@tkref=0.0000: N of unsatisfied eq: 5
INFO:R0@tkref=0.0000: N of unsatisfied ieq: 7
INFO:R0@tkref=0.0000: Summary: Iteration limit exceeded after 41 it.
DEBUG:R0@tkref=0.0000: $$$$$$$$ CONFLICT LIST $$$$$$$$: []
INFO:R0: --------------------------
INFO:R0@tkref=2.0000: Time to solve stand alone optimization problem: 0.957911968231
INFO:R0@tkref=2.0000: N of unsatisfied eq: 3
INFO:R0@tkref=2.0000: N of unsatisfied ieq: 7
INFO:R0@tkref=2.0000: Summary: Iteration limit exceeded after 16 it.
DEBUG:R0@tkref=2.0000: $$$$$$$$ CONFLICT LIST $$$$$$$$: []
INFO:R0: --------------------------
INFO:R0@tkref=4.0000: Time to solve stand alone optimization problem: 1.00739407539
INFO:R0@tkref=4.0000: N of unsatisfied eq: 5
INFO:R0@tkref=4.0000: N of unsatisfied ieq: 11
INFO:R0@tkref=4.0000: Summary: Iteration limit exceeded after 16 it.
DEBUG:R0@tkref=4.0000: $$$$$$$$ CONFLICT LIST $$$$$$$$: []
INFO:R0: --------------------------
INFO:R0@tkref=6.0000: Time to solve stand alone optimization problem: 1.00457406044
INFO:R0@tkref=6.0000: N of unsatisfied eq: 2
INFO:R0@tkref=6.0000: N of unsatisfied ieq: 6
INFO:R0@tkref=6.0000: Summary: Iteration limit exceeded after 16 it.
DEBUG:R0@tkref=6.0000: $$$$$$$$ CONFLICT LIST $$$$$$$$: []
INFO:R0: --------------------------
INFO:R0@tkref=8.0000: Time to solve stand alone optimization problem: 0.153773069382
INFO:R0@tkref=8.0000: N of unsatisfied eq: 3
INFO:R0@tkref=8.0000: N of unsatisfied ieq: 7
INFO:R0@tkref=8.0000: Summary: Optimization terminated successfully. after 3 it.
DEBUG:R0@tkref=8.0000: $$$$$$$$ CONFLICT LIST $$$$$$$$: []
INFO:R0: --------------------------
DEBUG:R0: LAST STEP
DEBUG:R0: Approx remaining dist: 0.633863820816
DEBUG:R0: Usual approx plan dist: 5.0
DEBUG:R0: Approx gain in dist: 4.36613617918
DEBUG:R0: Last step min dist: 0.5
INFO:R0: scale 0.126772764163 Ns 7 Nk 3
INFO:R0@tkref=10.0000: Time to solve stand alone optimization problem: 0.57421207428
INFO:R0@tkref=10.0000: N of unsatisfied eq: 10
INFO:R0@tkref=10.0000: N of unsatisfied ieq: 2
INFO:R0@tkref=10.0000: Summary: Iteration limit exceeded after 26 it.
DEBUG:R0@tkref=10.0000: $$$$$$$$ CONFLICT LIST $$$$$$$$: []
INFO:R0: Finished motion planning
INFO:R0: --------------------------
INFO:R0: TOT: 10.8415881417
INFO:R0: NSE: 6
INFO:R0: FIR: 2.40029501915
INFO:R0: LAS: 0.575078964233
INFO:R0: LMA: 0
INFO:R0: MAX: 1.00823879242
INFO:R0: MIN: 0.154627084732
INFO:R0: AVG: 0.781877934933
INFO:R0: RMP: 0.50411939621
INFO:R0: RMG: 0.50411939621
