DEBUG:R0: Using Tc_p = 1.39090909091
DEBUG:R0: Using Tc_d = 1.39090909091
INFO:R0: Init motion planning
INFO:R0@tkref=0.0000: Time to solve stand alone optimization problem: 1.04934501648
INFO:R0@tkref=0.0000: N of unsatisfied eq: 5
INFO:R0@tkref=0.0000: N of unsatisfied ieq: 10
INFO:R0@tkref=0.0000: Summary: Iteration limit exceeded after 41 it.
DEBUG:R0@tkref=0.0000: $$$$$$$$ CONFLICT LIST $$$$$$$$: []
INFO:R0: --------------------------
INFO:R0@tkref=1.3909: Time to solve stand alone optimization problem: 0.0265030860901
INFO:R0@tkref=1.3909: N of unsatisfied eq: 3
INFO:R0@tkref=1.3909: N of unsatisfied ieq: 4
INFO:R0@tkref=1.3909: Summary: Optimization terminated successfully. after 1 it.
DEBUG:R0@tkref=1.3909: $$$$$$$$ CONFLICT LIST $$$$$$$$: []
INFO:R0: --------------------------
INFO:R0@tkref=2.7818: Time to solve stand alone optimization problem: 0.0252110958099
INFO:R0@tkref=2.7818: N of unsatisfied eq: 4
INFO:R0@tkref=2.7818: N of unsatisfied ieq: 6
INFO:R0@tkref=2.7818: Summary: Optimization terminated successfully. after 1 it.
DEBUG:R0@tkref=2.7818: $$$$$$$$ CONFLICT LIST $$$$$$$$: []
INFO:R0: --------------------------
INFO:R0@tkref=4.1727: Time to solve stand alone optimization problem: 0.0252199172974
INFO:R0@tkref=4.1727: N of unsatisfied eq: 4
INFO:R0@tkref=4.1727: N of unsatisfied ieq: 5
INFO:R0@tkref=4.1727: Summary: Optimization terminated successfully. after 1 it.
DEBUG:R0@tkref=4.1727: $$$$$$$$ CONFLICT LIST $$$$$$$$: []
INFO:R0: --------------------------
DEBUG:R0: LAST STEP
DEBUG:R0: Approx remaining dist: 1.53122382736
DEBUG:R0: Usual approx plan dist: 1.7
DEBUG:R0: Approx gain in dist: 0.168776172641
DEBUG:R0: Last step min dist: 0.5
INFO:R0: scale 0.900719898447 Ns 11 Nk 5
INFO:R0@tkref=5.5636: Time to solve stand alone optimization problem: 0.575977087021
INFO:R0@tkref=5.5636: N of unsatisfied eq: 10
INFO:R0@tkref=5.5636: N of unsatisfied ieq: 8
INFO:R0@tkref=5.5636: Summary: Iteration limit exceeded after 26 it.
DEBUG:R0@tkref=5.5636: $$$$$$$$ CONFLICT LIST $$$$$$$$: []
INFO:R0: Finished motion planning
INFO:R0: --------------------------
INFO:R0: TOT: 7.20043290144
INFO:R0: NSE: 5
INFO:R0: FIR: 1.05049204826
INFO:R0: LAS: 0.576761007309
INFO:R0: LMA: 1
INFO:R0: MAX: 0.0271809101105
INFO:R0: MIN: 0.0258610248566
INFO:R0: AVG: 0.0263029734294
INFO:R0: RMP: 0.0195418307984
INFO:R0: RMG: 0.414664776497
