DEBUG:R0: Using Tc_p = 1.06666666667
DEBUG:R0: Using Tc_d = 1.06666666667
INFO:R0: Init motion planning
INFO:R0@tkref=0.0000: Time to solve stand alone optimization problem: 0.965411901474
INFO:R0@tkref=0.0000: N of unsatisfied eq: 5
INFO:R0@tkref=0.0000: N of unsatisfied ieq: 6
INFO:R0@tkref=0.0000: Summary: Iteration limit exceeded after 41 it.
DEBUG:R0@tkref=0.0000: $$$$$$$$ CONFLICT LIST $$$$$$$$: []
INFO:R0: --------------------------
INFO:R0@tkref=1.0667: Time to solve stand alone optimization problem: 0.0245411396027
INFO:R0@tkref=1.0667: N of unsatisfied eq: 3
INFO:R0@tkref=1.0667: N of unsatisfied ieq: 3
INFO:R0@tkref=1.0667: Summary: Optimization terminated successfully. after 1 it.
DEBUG:R0@tkref=1.0667: $$$$$$$$ CONFLICT LIST $$$$$$$$: []
INFO:R0: --------------------------
INFO:R0@tkref=2.1333: Time to solve stand alone optimization problem: 0.0234940052032
INFO:R0@tkref=2.1333: N of unsatisfied eq: 4
INFO:R0@tkref=2.1333: N of unsatisfied ieq: 6
INFO:R0@tkref=2.1333: Summary: Optimization terminated successfully. after 1 it.
DEBUG:R0@tkref=2.1333: $$$$$$$$ CONFLICT LIST $$$$$$$$: []
INFO:R0: --------------------------
INFO:R0@tkref=3.2000: Time to solve stand alone optimization problem: 0.023512840271
INFO:R0@tkref=3.2000: N of unsatisfied eq: 4
INFO:R0@tkref=3.2000: N of unsatisfied ieq: 5
INFO:R0@tkref=3.2000: Summary: Optimization terminated successfully. after 1 it.
DEBUG:R0@tkref=3.2000: $$$$$$$$ CONFLICT LIST $$$$$$$$: []
INFO:R0: --------------------------
INFO:R0@tkref=4.2667: Time to solve stand alone optimization problem: 0.0230529308319
INFO:R0@tkref=4.2667: N of unsatisfied eq: 4
INFO:R0@tkref=4.2667: N of unsatisfied ieq: 6
INFO:R0@tkref=4.2667: Summary: Optimization terminated successfully. after 1 it.
DEBUG:R0@tkref=4.2667: $$$$$$$$ CONFLICT LIST $$$$$$$$: []
INFO:R0: --------------------------
INFO:R0@tkref=5.3333: Time to solve stand alone optimization problem: 0.0233271121979
INFO:R0@tkref=5.3333: N of unsatisfied eq: 4
INFO:R0@tkref=5.3333: N of unsatisfied ieq: 5
INFO:R0@tkref=5.3333: Summary: Optimization terminated successfully. after 1 it.
DEBUG:R0@tkref=5.3333: $$$$$$$$ CONFLICT LIST $$$$$$$$: []
INFO:R0: --------------------------
DEBUG:R0: LAST STEP
DEBUG:R0: Approx remaining dist: 0.70619700496
DEBUG:R0: Usual approx plan dist: 2.4
DEBUG:R0: Approx gain in dist: 1.69380299504
DEBUG:R0: Last step min dist: 0.5
INFO:R0: scale 0.294248752067 Ns 7 Nk 3
INFO:R0@tkref=6.4000: Time to solve stand alone optimization problem: 0.365871191025
INFO:R0@tkref=6.4000: N of unsatisfied eq: 10
INFO:R0@tkref=6.4000: N of unsatisfied ieq: 4
INFO:R0@tkref=6.4000: Summary: Iteration limit exceeded after 26 it.
DEBUG:R0@tkref=6.4000: $$$$$$$$ CONFLICT LIST $$$$$$$$: []
INFO:R0: Finished motion planning
INFO:R0: --------------------------
INFO:R0: TOT: 7.19364170546
INFO:R0: NSE: 7
INFO:R0: FIR: 0.966620206833
INFO:R0: LAS: 0.36660695076
INFO:R0: LMA: 1
INFO:R0: MAX: 0.0252089500427
INFO:R0: MIN: 0.0237290859222
INFO:R0: AVG: 0.0242941379547
INFO:R0: RMP: 0.0236333906651
INFO:R0: RMG: 0.343694016337
