DEBUG:R0: Using Tc_p = 0.266666666667
DEBUG:R0: Using Tc_d = 0.266666666667
INFO:R0: Init motion planning
INFO:R0@tkref=0.0000: Time to solve stand alone optimization problem: 0.871227025986
INFO:R0@tkref=0.0000: N of unsatisfied eq: 4
INFO:R0@tkref=0.0000: N of unsatisfied ieq: 5
INFO:R0@tkref=0.0000: Summary: Iteration limit exceeded after 41 it.
DEBUG:R0@tkref=0.0000: $$$$$$$$ CONFLICT LIST $$$$$$$$: []
INFO:R0: --------------------------
INFO:R0@tkref=0.2667: Time to solve stand alone optimization problem: 0.0646839141846
INFO:R0@tkref=0.2667: N of unsatisfied eq: 3
INFO:R0@tkref=0.2667: N of unsatisfied ieq: 5
INFO:R0@tkref=0.2667: Summary: Optimization terminated successfully. after 3 it.
DEBUG:R0@tkref=0.2667: $$$$$$$$ CONFLICT LIST $$$$$$$$: []
INFO:R0: --------------------------
INFO:R0@tkref=0.5333: Time to solve stand alone optimization problem: 0.0868048667908
INFO:R0@tkref=0.5333: N of unsatisfied eq: 3
INFO:R0@tkref=0.5333: N of unsatisfied ieq: 6
INFO:R0@tkref=0.5333: Summary: Optimization terminated successfully. after 4 it.
DEBUG:R0@tkref=0.5333: $$$$$$$$ CONFLICT LIST $$$$$$$$: []
INFO:R0: --------------------------
INFO:R0@tkref=0.8000: Time to solve stand alone optimization problem: 0.0225141048431
INFO:R0@tkref=0.8000: N of unsatisfied eq: 3
INFO:R0@tkref=0.8000: N of unsatisfied ieq: 6
INFO:R0@tkref=0.8000: Summary: Optimization terminated successfully. after 1 it.
DEBUG:R0@tkref=0.8000: $$$$$$$$ CONFLICT LIST $$$$$$$$: []
INFO:R0: --------------------------
INFO:R0@tkref=1.0667: Time to solve stand alone optimization problem: 0.0695130825043
INFO:R0@tkref=1.0667: N of unsatisfied eq: 3
INFO:R0@tkref=1.0667: N of unsatisfied ieq: 6
INFO:R0@tkref=1.0667: Summary: Optimization terminated successfully. after 3 it.
DEBUG:R0@tkref=1.0667: $$$$$$$$ CONFLICT LIST $$$$$$$$: []
INFO:R0: --------------------------
INFO:R0@tkref=1.3333: Time to solve stand alone optimization problem: 0.0240349769592
INFO:R0@tkref=1.3333: N of unsatisfied eq: 3
INFO:R0@tkref=1.3333: N of unsatisfied ieq: 6
INFO:R0@tkref=1.3333: Summary: Optimization terminated successfully. after 1 it.
DEBUG:R0@tkref=1.3333: $$$$$$$$ CONFLICT LIST $$$$$$$$: []
INFO:R0: --------------------------
INFO:R0@tkref=1.6000: Time to solve stand alone optimization problem: 0.0213639736176
INFO:R0@tkref=1.6000: N of unsatisfied eq: 4
INFO:R0@tkref=1.6000: N of unsatisfied ieq: 6
INFO:R0@tkref=1.6000: Summary: Optimization terminated successfully. after 1 it.
DEBUG:R0@tkref=1.6000: $$$$$$$$ CONFLICT LIST $$$$$$$$: []
INFO:R0: --------------------------
INFO:R0@tkref=1.8667: Time to solve stand alone optimization problem: 0.0213179588318
INFO:R0@tkref=1.8667: N of unsatisfied eq: 4
INFO:R0@tkref=1.8667: N of unsatisfied ieq: 6
INFO:R0@tkref=1.8667: Summary: Optimization terminated successfully. after 1 it.
DEBUG:R0@tkref=1.8667: $$$$$$$$ CONFLICT LIST $$$$$$$$: []
INFO:R0: --------------------------
INFO:R0@tkref=2.1333: Time to solve stand alone optimization problem: 0.0223169326782
INFO:R0@tkref=2.1333: N of unsatisfied eq: 4
INFO:R0@tkref=2.1333: N of unsatisfied ieq: 5
INFO:R0@tkref=2.1333: Summary: Optimization terminated successfully. after 1 it.
DEBUG:R0@tkref=2.1333: $$$$$$$$ CONFLICT LIST $$$$$$$$: []
INFO:R0: --------------------------
INFO:R0@tkref=2.4000: Time to solve stand alone optimization problem: 0.0226168632507
INFO:R0@tkref=2.4000: N of unsatisfied eq: 3
INFO:R0@tkref=2.4000: N of unsatisfied ieq: 5
INFO:R0@tkref=2.4000: Summary: Optimization terminated successfully. after 1 it.
DEBUG:R0@tkref=2.4000: $$$$$$$$ CONFLICT LIST $$$$$$$$: []
INFO:R0: --------------------------
INFO:R0@tkref=2.6667: Time to solve stand alone optimization problem: 0.0213980674744
INFO:R0@tkref=2.6667: N of unsatisfied eq: 4
INFO:R0@tkref=2.6667: N of unsatisfied ieq: 5
INFO:R0@tkref=2.6667: Summary: Optimization terminated successfully. after 1 it.
DEBUG:R0@tkref=2.6667: $$$$$$$$ CONFLICT LIST $$$$$$$$: []
INFO:R0: --------------------------
INFO:R0@tkref=2.9333: Time to solve stand alone optimization problem: 0.0213930606842
INFO:R0@tkref=2.9333: N of unsatisfied eq: 3
INFO:R0@tkref=2.9333: N of unsatisfied ieq: 4
INFO:R0@tkref=2.9333: Summary: Optimization terminated successfully. after 1 it.
DEBUG:R0@tkref=2.9333: $$$$$$$$ CONFLICT LIST $$$$$$$$: []
INFO:R0: --------------------------
INFO:R0@tkref=3.2000: Time to solve stand alone optimization problem: 0.0211789608002
INFO:R0@tkref=3.2000: N of unsatisfied eq: 5
INFO:R0@tkref=3.2000: N of unsatisfied ieq: 6
INFO:R0@tkref=3.2000: Summary: Optimization terminated successfully. after 1 it.
DEBUG:R0@tkref=3.2000: $$$$$$$$ CONFLICT LIST $$$$$$$$: []
INFO:R0: --------------------------
INFO:R0@tkref=3.4667: Time to solve stand alone optimization problem: 0.0214200019836
INFO:R0@tkref=3.4667: N of unsatisfied eq: 5
INFO:R0@tkref=3.4667: N of unsatisfied ieq: 4
INFO:R0@tkref=3.4667: Summary: Optimization terminated successfully. after 1 it.
DEBUG:R0@tkref=3.4667: $$$$$$$$ CONFLICT LIST $$$$$$$$: []
INFO:R0: --------------------------
INFO:R0@tkref=3.7333: Time to solve stand alone optimization problem: 0.021213054657
INFO:R0@tkref=3.7333: N of unsatisfied eq: 5
INFO:R0@tkref=3.7333: N of unsatisfied ieq: 5
INFO:R0@tkref=3.7333: Summary: Optimization terminated successfully. after 1 it.
DEBUG:R0@tkref=3.7333: $$$$$$$$ CONFLICT LIST $$$$$$$$: []
INFO:R0: --------------------------
INFO:R0@tkref=4.0000: Time to solve stand alone optimization problem: 0.0213720798492
INFO:R0@tkref=4.0000: N of unsatisfied eq: 4
INFO:R0@tkref=4.0000: N of unsatisfied ieq: 5
INFO:R0@tkref=4.0000: Summary: Optimization terminated successfully. after 1 it.
DEBUG:R0@tkref=4.0000: $$$$$$$$ CONFLICT LIST $$$$$$$$: []
INFO:R0: --------------------------
INFO:R0@tkref=4.2667: Time to solve stand alone optimization problem: 0.0212149620056
INFO:R0@tkref=4.2667: N of unsatisfied eq: 4
INFO:R0@tkref=4.2667: N of unsatisfied ieq: 4
INFO:R0@tkref=4.2667: Summary: Optimization terminated successfully. after 1 it.
DEBUG:R0@tkref=4.2667: $$$$$$$$ CONFLICT LIST $$$$$$$$: []
INFO:R0: --------------------------
INFO:R0@tkref=4.5333: Time to solve stand alone optimization problem: 0.0211970806122
INFO:R0@tkref=4.5333: N of unsatisfied eq: 3
INFO:R0@tkref=4.5333: N of unsatisfied ieq: 5
INFO:R0@tkref=4.5333: Summary: Optimization terminated successfully. after 1 it.
DEBUG:R0@tkref=4.5333: $$$$$$$$ CONFLICT LIST $$$$$$$$: []
INFO:R0: --------------------------
INFO:R0@tkref=4.8000: Time to solve stand alone optimization problem: 0.0217909812927
INFO:R0@tkref=4.8000: N of unsatisfied eq: 5
INFO:R0@tkref=4.8000: N of unsatisfied ieq: 5
INFO:R0@tkref=4.8000: Summary: Optimization terminated successfully. after 1 it.
DEBUG:R0@tkref=4.8000: $$$$$$$$ CONFLICT LIST $$$$$$$$: []
INFO:R0: --------------------------
INFO:R0@tkref=5.0667: Time to solve stand alone optimization problem: 0.0214459896088
INFO:R0@tkref=5.0667: N of unsatisfied eq: 3
INFO:R0@tkref=5.0667: N of unsatisfied ieq: 5
INFO:R0@tkref=5.0667: Summary: Optimization terminated successfully. after 1 it.
DEBUG:R0@tkref=5.0667: $$$$$$$$ CONFLICT LIST $$$$$$$$: []
INFO:R0: --------------------------
INFO:R0@tkref=5.3333: Time to solve stand alone optimization problem: 0.0212149620056
INFO:R0@tkref=5.3333: N of unsatisfied eq: 4
INFO:R0@tkref=5.3333: N of unsatisfied ieq: 5
INFO:R0@tkref=5.3333: Summary: Optimization terminated successfully. after 1 it.
DEBUG:R0@tkref=5.3333: $$$$$$$$ CONFLICT LIST $$$$$$$$: []
INFO:R0: --------------------------
INFO:R0@tkref=5.6000: Time to solve stand alone optimization problem: 0.0211899280548
INFO:R0@tkref=5.6000: N of unsatisfied eq: 4
INFO:R0@tkref=5.6000: N of unsatisfied ieq: 4
INFO:R0@tkref=5.6000: Summary: Optimization terminated successfully. after 1 it.
DEBUG:R0@tkref=5.6000: $$$$$$$$ CONFLICT LIST $$$$$$$$: []
INFO:R0: --------------------------
INFO:R0@tkref=5.8667: Time to solve stand alone optimization problem: 0.0211310386658
INFO:R0@tkref=5.8667: N of unsatisfied eq: 4
INFO:R0@tkref=5.8667: N of unsatisfied ieq: 5
INFO:R0@tkref=5.8667: Summary: Optimization terminated successfully. after 1 it.
DEBUG:R0@tkref=5.8667: $$$$$$$$ CONFLICT LIST $$$$$$$$: []
INFO:R0: --------------------------
INFO:R0@tkref=6.1333: Time to solve stand alone optimization problem: 0.0208470821381
INFO:R0@tkref=6.1333: N of unsatisfied eq: 4
INFO:R0@tkref=6.1333: N of unsatisfied ieq: 5
INFO:R0@tkref=6.1333: Summary: Optimization terminated successfully. after 1 it.
DEBUG:R0@tkref=6.1333: $$$$$$$$ CONFLICT LIST $$$$$$$$: []
INFO:R0: --------------------------
DEBUG:R0: LAST STEP
DEBUG:R0: Approx remaining dist: 0.646939807264
DEBUG:R0: Usual approx plan dist: 0.8
DEBUG:R0: Approx gain in dist: 0.153060192736
DEBUG:R0: Last step min dist: 0.5
INFO:R0: scale 0.80867475908 Ns 8 Nk 4
INFO:R0@tkref=6.4000: Time to solve stand alone optimization problem: 0.443259000778
INFO:R0@tkref=6.4000: N of unsatisfied eq: 10
INFO:R0@tkref=6.4000: N of unsatisfied ieq: 3
INFO:R0@tkref=6.4000: Summary: Iteration limit exceeded after 26 it.
DEBUG:R0@tkref=6.4000: $$$$$$$$ CONFLICT LIST $$$$$$$$: []
INFO:R0: Finished motion planning
INFO:R0: --------------------------
INFO:R0: TOT: 7.10027098567
INFO:R0: NSE: 25
INFO:R0: FIR: 0.872554063797
INFO:R0: LAS: 0.44401884079
INFO:R0: LMA: 1
INFO:R0: MAX: 0.0875799655914
INFO:R0: MIN: 0.0215129852295
INFO:R0: AVG: 0.0291521341904
INFO:R0: RMP: 0.328424870968
INFO:R0: RMG: 1.66507065296
