DEBUG:R0: Using Tc_p = 1.33636363636
DEBUG:R0: Using Tc_d = 1.33636363636
INFO:R0: Init motion planning
INFO:R0@tkref=0.0000: Time to solve stand alone optimization problem: 2.62379908562
INFO:R0@tkref=0.0000: N of unsatisfied eq: 5
INFO:R0@tkref=0.0000: N of unsatisfied ieq: 9
INFO:R0@tkref=0.0000: Summary: Iteration limit exceeded after 41 it.
DEBUG:R0@tkref=0.0000: $$$$$$$$ CONFLICT LIST $$$$$$$$: []
INFO:R0: --------------------------
INFO:R0@tkref=1.3364: Time to solve stand alone optimization problem: 0.997275114059
INFO:R0@tkref=1.3364: N of unsatisfied eq: 1
INFO:R0@tkref=1.3364: N of unsatisfied ieq: 7
INFO:R0@tkref=1.3364: Summary: Optimization terminated successfully. after 15 it.
DEBUG:R0@tkref=1.3364: $$$$$$$$ CONFLICT LIST $$$$$$$$: []
INFO:R0: --------------------------
INFO:R0@tkref=2.6727: Time to solve stand alone optimization problem: 1.07045197487
INFO:R0@tkref=2.6727: N of unsatisfied eq: 1
INFO:R0@tkref=2.6727: N of unsatisfied ieq: 7
INFO:R0@tkref=2.6727: Summary: Iteration limit exceeded after 16 it.
DEBUG:R0@tkref=2.6727: $$$$$$$$ CONFLICT LIST $$$$$$$$: []
INFO:R0: --------------------------
INFO:R0@tkref=4.0091: Time to solve stand alone optimization problem: 1.00833415985
INFO:R0@tkref=4.0091: N of unsatisfied eq: 3
INFO:R0@tkref=4.0091: N of unsatisfied ieq: 6
INFO:R0@tkref=4.0091: Summary: Optimization terminated successfully. after 14 it.
DEBUG:R0@tkref=4.0091: $$$$$$$$ CONFLICT LIST $$$$$$$$: []
INFO:R0: --------------------------
INFO:R0@tkref=5.3455: Time to solve stand alone optimization problem: 0.224120140076
INFO:R0@tkref=5.3455: N of unsatisfied eq: 3
INFO:R0@tkref=5.3455: N of unsatisfied ieq: 8
INFO:R0@tkref=5.3455: Summary: Optimization terminated successfully. after 3 it.
DEBUG:R0@tkref=5.3455: $$$$$$$$ CONFLICT LIST $$$$$$$$: []
INFO:R0: --------------------------
DEBUG:R0: LAST STEP
DEBUG:R0: Approx remaining dist: 1.32644406177
DEBUG:R0: Usual approx plan dist: 4.9
DEBUG:R0: Approx gain in dist: 3.57355593823
DEBUG:R0: Last step min dist: 0.5
INFO:R0: scale 0.270702869749 Ns 7 Nk 3
INFO:R0@tkref=6.6818: Time to solve stand alone optimization problem: 0.626473903656
INFO:R0@tkref=6.6818: N of unsatisfied eq: 10
INFO:R0@tkref=6.6818: N of unsatisfied ieq: 4
INFO:R0@tkref=6.6818: Summary: Iteration limit exceeded after 26 it.
DEBUG:R0@tkref=6.6818: $$$$$$$$ CONFLICT LIST $$$$$$$$: []
INFO:R0: Finished motion planning
INFO:R0: --------------------------
INFO:R0: TOT: 8.16930506836
INFO:R0: NSE: 6
INFO:R0: FIR: 2.62513399124
INFO:R0: LAS: 0.627326011658
INFO:R0: LMA: 0
INFO:R0: MAX: 1.07168292999
INFO:R0: MIN: 0.225080966949
INFO:R0: AVG: 0.826084971428
INFO:R0: RMP: 0.801939607478
INFO:R0: RMG: 0.801939607478
