DEBUG:R0: Using Tc_p = 3.18888888889
DEBUG:R0: Using Tc_d = 3.18888888889
INFO:R0: Init motion planning
INFO:R0@tkref=0.0000: Time to solve stand alone optimization problem: 2.20024299622
INFO:R0@tkref=0.0000: N of unsatisfied eq: 3
INFO:R0@tkref=0.0000: N of unsatisfied ieq: 10
INFO:R0@tkref=0.0000: Summary: Iteration limit exceeded after 41 it.
DEBUG:R0@tkref=0.0000: $$$$$$$$ CONFLICT LIST $$$$$$$$: []
INFO:R0: --------------------------
INFO:R0@tkref=3.1889: Time to solve stand alone optimization problem: 0.342804908752
INFO:R0@tkref=3.1889: N of unsatisfied eq: 2
INFO:R0@tkref=3.1889: N of unsatisfied ieq: 7
INFO:R0@tkref=3.1889: Summary: Optimization terminated successfully. after 6 it.
DEBUG:R0@tkref=3.1889: $$$$$$$$ CONFLICT LIST $$$$$$$$: []
INFO:R0: --------------------------
DEBUG:R0: LAST STEP
DEBUG:R0: Approx remaining dist: 1.24296666303
DEBUG:R0: Usual approx plan dist: 4.1
DEBUG:R0: Approx gain in dist: 2.85703333697
DEBUG:R0: Last step min dist: 0.5
INFO:R0: scale 0.303162600738 Ns 7 Nk 3
INFO:R0@tkref=6.3778: Time to solve stand alone optimization problem: 0.636307954788
INFO:R0@tkref=6.3778: N of unsatisfied eq: 10
INFO:R0@tkref=6.3778: N of unsatisfied ieq: 3
INFO:R0@tkref=6.3778: Summary: Iteration limit exceeded after 26 it.
DEBUG:R0@tkref=6.3778: $$$$$$$$ CONFLICT LIST $$$$$$$$: []
INFO:R0: Finished motion planning
INFO:R0: --------------------------
INFO:R0: TOT: 7.77839448202
INFO:R0: NSE: 3
INFO:R0: FIR: 2.20161294937
INFO:R0: LAS: 0.63717007637
INFO:R0: LMA: 1
INFO:R0: MAX: 0.343657016754
INFO:R0: MIN: 0.343657016754
INFO:R0: AVG: 0.343657016754
INFO:R0: RMP: 0.107767008738
INFO:R0: RMG: 0.199809431614
