DEBUG:R0: Using Tc_p = 0.263636363636
DEBUG:R0: Using Tc_d = 0.263636363636
INFO:R0: Init motion planning
INFO:R0@tkref=0.0000: Time to solve stand alone optimization problem: 1.00026893616
INFO:R0@tkref=0.0000: N of unsatisfied eq: 5
INFO:R0@tkref=0.0000: N of unsatisfied ieq: 8
INFO:R0@tkref=0.0000: Summary: Iteration limit exceeded after 41 it.
DEBUG:R0@tkref=0.0000: $$$$$$$$ CONFLICT LIST $$$$$$$$: []
INFO:R0: --------------------------
INFO:R0@tkref=0.2636: Time to solve stand alone optimization problem: 0.0725600719452
INFO:R0@tkref=0.2636: N of unsatisfied eq: 3
INFO:R0@tkref=0.2636: N of unsatisfied ieq: 6
INFO:R0@tkref=0.2636: Summary: Optimization terminated successfully. after 3 it.
DEBUG:R0@tkref=0.2636: $$$$$$$$ CONFLICT LIST $$$$$$$$: []
INFO:R0: --------------------------
INFO:R0@tkref=0.5273: Time to solve stand alone optimization problem: 0.0726230144501
INFO:R0@tkref=0.5273: N of unsatisfied eq: 3
INFO:R0@tkref=0.5273: N of unsatisfied ieq: 7
INFO:R0@tkref=0.5273: Summary: Optimization terminated successfully. after 3 it.
DEBUG:R0@tkref=0.5273: $$$$$$$$ CONFLICT LIST $$$$$$$$: []
INFO:R0: --------------------------
INFO:R0@tkref=0.7909: Time to solve stand alone optimization problem: 0.049831867218
INFO:R0@tkref=0.7909: N of unsatisfied eq: 3
INFO:R0@tkref=0.7909: N of unsatisfied ieq: 6
INFO:R0@tkref=0.7909: Summary: Optimization terminated successfully. after 2 it.
DEBUG:R0@tkref=0.7909: $$$$$$$$ CONFLICT LIST $$$$$$$$: []
INFO:R0: --------------------------
INFO:R0@tkref=1.0545: Time to solve stand alone optimization problem: 0.0469131469727
INFO:R0@tkref=1.0545: N of unsatisfied eq: 3
INFO:R0@tkref=1.0545: N of unsatisfied ieq: 6
INFO:R0@tkref=1.0545: Summary: Optimization terminated successfully. after 2 it.
DEBUG:R0@tkref=1.0545: $$$$$$$$ CONFLICT LIST $$$$$$$$: []
INFO:R0: --------------------------
INFO:R0@tkref=1.3182: Time to solve stand alone optimization problem: 0.0472328662872
INFO:R0@tkref=1.3182: N of unsatisfied eq: 3
INFO:R0@tkref=1.3182: N of unsatisfied ieq: 5
INFO:R0@tkref=1.3182: Summary: Optimization terminated successfully. after 2 it.
DEBUG:R0@tkref=1.3182: $$$$$$$$ CONFLICT LIST $$$$$$$$: []
INFO:R0: --------------------------
INFO:R0@tkref=1.5818: Time to solve stand alone optimization problem: 0.0256328582764
INFO:R0@tkref=1.5818: N of unsatisfied eq: 3
INFO:R0@tkref=1.5818: N of unsatisfied ieq: 5
INFO:R0@tkref=1.5818: Summary: Optimization terminated successfully. after 1 it.
DEBUG:R0@tkref=1.5818: $$$$$$$$ CONFLICT LIST $$$$$$$$: []
INFO:R0: --------------------------
INFO:R0@tkref=1.8455: Time to solve stand alone optimization problem: 0.0548729896545
INFO:R0@tkref=1.8455: N of unsatisfied eq: 5
INFO:R0@tkref=1.8455: N of unsatisfied ieq: 6
INFO:R0@tkref=1.8455: Summary: Optimization terminated successfully. after 2 it.
DEBUG:R0@tkref=1.8455: $$$$$$$$ CONFLICT LIST $$$$$$$$: []
INFO:R0: --------------------------
INFO:R0@tkref=2.1091: Time to solve stand alone optimization problem: 0.0269429683685
INFO:R0@tkref=2.1091: N of unsatisfied eq: 3
INFO:R0@tkref=2.1091: N of unsatisfied ieq: 3
INFO:R0@tkref=2.1091: Summary: Optimization terminated successfully. after 1 it.
DEBUG:R0@tkref=2.1091: $$$$$$$$ CONFLICT LIST $$$$$$$$: []
INFO:R0: --------------------------
INFO:R0@tkref=2.3727: Time to solve stand alone optimization problem: 0.0242710113525
INFO:R0@tkref=2.3727: N of unsatisfied eq: 4
INFO:R0@tkref=2.3727: N of unsatisfied ieq: 7
INFO:R0@tkref=2.3727: Summary: Optimization terminated successfully. after 1 it.
DEBUG:R0@tkref=2.3727: $$$$$$$$ CONFLICT LIST $$$$$$$$: []
INFO:R0: --------------------------
INFO:R0@tkref=2.6364: Time to solve stand alone optimization problem: 0.0243389606476
INFO:R0@tkref=2.6364: N of unsatisfied eq: 5
INFO:R0@tkref=2.6364: N of unsatisfied ieq: 7
INFO:R0@tkref=2.6364: Summary: Optimization terminated successfully. after 1 it.
DEBUG:R0@tkref=2.6364: $$$$$$$$ CONFLICT LIST $$$$$$$$: []
INFO:R0: --------------------------
INFO:R0@tkref=2.9000: Time to solve stand alone optimization problem: 0.0236639976501
INFO:R0@tkref=2.9000: N of unsatisfied eq: 3
INFO:R0@tkref=2.9000: N of unsatisfied ieq: 6
INFO:R0@tkref=2.9000: Summary: Optimization terminated successfully. after 1 it.
DEBUG:R0@tkref=2.9000: $$$$$$$$ CONFLICT LIST $$$$$$$$: []
INFO:R0: --------------------------
INFO:R0@tkref=3.1636: Time to solve stand alone optimization problem: 0.0237050056458
INFO:R0@tkref=3.1636: N of unsatisfied eq: 4
INFO:R0@tkref=3.1636: N of unsatisfied ieq: 6
INFO:R0@tkref=3.1636: Summary: Optimization terminated successfully. after 1 it.
DEBUG:R0@tkref=3.1636: $$$$$$$$ CONFLICT LIST $$$$$$$$: []
INFO:R0: --------------------------
INFO:R0@tkref=3.4273: Time to solve stand alone optimization problem: 0.0236308574677
INFO:R0@tkref=3.4273: N of unsatisfied eq: 4
INFO:R0@tkref=3.4273: N of unsatisfied ieq: 6
INFO:R0@tkref=3.4273: Summary: Optimization terminated successfully. after 1 it.
DEBUG:R0@tkref=3.4273: $$$$$$$$ CONFLICT LIST $$$$$$$$: []
INFO:R0: --------------------------
INFO:R0@tkref=3.6909: Time to solve stand alone optimization problem: 0.0236330032349
INFO:R0@tkref=3.6909: N of unsatisfied eq: 5
INFO:R0@tkref=3.6909: N of unsatisfied ieq: 5
INFO:R0@tkref=3.6909: Summary: Optimization terminated successfully. after 1 it.
DEBUG:R0@tkref=3.6909: $$$$$$$$ CONFLICT LIST $$$$$$$$: []
INFO:R0: --------------------------
INFO:R0@tkref=3.9545: Time to solve stand alone optimization problem: 0.0236070156097
INFO:R0@tkref=3.9545: N of unsatisfied eq: 4
INFO:R0@tkref=3.9545: N of unsatisfied ieq: 6
INFO:R0@tkref=3.9545: Summary: Optimization terminated successfully. after 1 it.
DEBUG:R0@tkref=3.9545: $$$$$$$$ CONFLICT LIST $$$$$$$$: []
INFO:R0: --------------------------
INFO:R0@tkref=4.2182: Time to solve stand alone optimization problem: 0.0236527919769
INFO:R0@tkref=4.2182: N of unsatisfied eq: 5
INFO:R0@tkref=4.2182: N of unsatisfied ieq: 7
INFO:R0@tkref=4.2182: Summary: Optimization terminated successfully. after 1 it.
DEBUG:R0@tkref=4.2182: $$$$$$$$ CONFLICT LIST $$$$$$$$: []
INFO:R0: --------------------------
INFO:R0@tkref=4.4818: Time to solve stand alone optimization problem: 0.0239560604095
INFO:R0@tkref=4.4818: N of unsatisfied eq: 5
INFO:R0@tkref=4.4818: N of unsatisfied ieq: 7
INFO:R0@tkref=4.4818: Summary: Optimization terminated successfully. after 1 it.
DEBUG:R0@tkref=4.4818: $$$$$$$$ CONFLICT LIST $$$$$$$$: []
INFO:R0: --------------------------
INFO:R0@tkref=4.7455: Time to solve stand alone optimization problem: 0.0239062309265
INFO:R0@tkref=4.7455: N of unsatisfied eq: 3
INFO:R0@tkref=4.7455: N of unsatisfied ieq: 6
INFO:R0@tkref=4.7455: Summary: Optimization terminated successfully. after 1 it.
DEBUG:R0@tkref=4.7455: $$$$$$$$ CONFLICT LIST $$$$$$$$: []
INFO:R0: --------------------------
INFO:R0@tkref=5.0091: Time to solve stand alone optimization problem: 0.0239140987396
INFO:R0@tkref=5.0091: N of unsatisfied eq: 2
INFO:R0@tkref=5.0091: N of unsatisfied ieq: 7
INFO:R0@tkref=5.0091: Summary: Optimization terminated successfully. after 1 it.
DEBUG:R0@tkref=5.0091: $$$$$$$$ CONFLICT LIST $$$$$$$$: []
INFO:R0: --------------------------
INFO:R0@tkref=5.2727: Time to solve stand alone optimization problem: 0.0239160060883
INFO:R0@tkref=5.2727: N of unsatisfied eq: 3
INFO:R0@tkref=5.2727: N of unsatisfied ieq: 7
INFO:R0@tkref=5.2727: Summary: Optimization terminated successfully. after 1 it.
DEBUG:R0@tkref=5.2727: $$$$$$$$ CONFLICT LIST $$$$$$$$: []
INFO:R0: --------------------------
INFO:R0@tkref=5.5364: Time to solve stand alone optimization problem: 0.0239579677582
INFO:R0@tkref=5.5364: N of unsatisfied eq: 3
INFO:R0@tkref=5.5364: N of unsatisfied ieq: 7
INFO:R0@tkref=5.5364: Summary: Optimization terminated successfully. after 1 it.
DEBUG:R0@tkref=5.5364: $$$$$$$$ CONFLICT LIST $$$$$$$$: []
INFO:R0: --------------------------
INFO:R0@tkref=5.8000: Time to solve stand alone optimization problem: 0.0238749980927
INFO:R0@tkref=5.8000: N of unsatisfied eq: 5
INFO:R0@tkref=5.8000: N of unsatisfied ieq: 5
INFO:R0@tkref=5.8000: Summary: Optimization terminated successfully. after 1 it.
DEBUG:R0@tkref=5.8000: $$$$$$$$ CONFLICT LIST $$$$$$$$: []
INFO:R0: --------------------------
INFO:R0@tkref=6.0636: Time to solve stand alone optimization problem: 0.0242230892181
INFO:R0@tkref=6.0636: N of unsatisfied eq: 5
INFO:R0@tkref=6.0636: N of unsatisfied ieq: 5
INFO:R0@tkref=6.0636: Summary: Optimization terminated successfully. after 1 it.
DEBUG:R0@tkref=6.0636: $$$$$$$$ CONFLICT LIST $$$$$$$$: []
INFO:R0: --------------------------
INFO:R0@tkref=6.3273: Time to solve stand alone optimization problem: 0.0238661766052
INFO:R0@tkref=6.3273: N of unsatisfied eq: 5
INFO:R0@tkref=6.3273: N of unsatisfied ieq: 7
INFO:R0@tkref=6.3273: Summary: Optimization terminated successfully. after 1 it.
DEBUG:R0@tkref=6.3273: $$$$$$$$ CONFLICT LIST $$$$$$$$: []
INFO:R0: --------------------------
DEBUG:R0: LAST STEP
DEBUG:R0: Approx remaining dist: 0.634252545905
DEBUG:R0: Usual approx plan dist: 2.9
DEBUG:R0: Approx gain in dist: 2.2657474541
DEBUG:R0: Last step min dist: 0.5
INFO:R0: scale 0.21870777445 Ns 7 Nk 3
INFO:R0@tkref=6.5909: Time to solve stand alone optimization problem: 0.376484155655
INFO:R0@tkref=6.5909: N of unsatisfied eq: 10
INFO:R0@tkref=6.5909: N of unsatisfied ieq: 4
INFO:R0@tkref=6.5909: Summary: Iteration limit exceeded after 26 it.
DEBUG:R0@tkref=6.5909: $$$$$$$$ CONFLICT LIST $$$$$$$$: []
INFO:R0: Finished motion planning
INFO:R0: --------------------------
INFO:R0: TOT: 7.3036932097
INFO:R0: NSE: 26
INFO:R0: FIR: 1.00202417374
INFO:R0: LAS: 0.377227067947
INFO:R0: LMA: 1
INFO:R0: MAX: 0.0732879638672
INFO:R0: MIN: 0.0242578983307
INFO:R0: AVG: 0.0331133504709
INFO:R0: RMP: 0.277988828462
INFO:R0: RMG: 1.43086129221
