DEBUG:R0: Using Tc_p = 1.26666666667
DEBUG:R0: Using Tc_d = 1.26666666667
INFO:R0: Init motion planning
INFO:R0@tkref=0.0000: Time to solve stand alone optimization problem: 2.13881087303
INFO:R0@tkref=0.0000: N of unsatisfied eq: 4
INFO:R0@tkref=0.0000: N of unsatisfied ieq: 10
INFO:R0@tkref=0.0000: Summary: Iteration limit exceeded after 41 it.
DEBUG:R0@tkref=0.0000: $$$$$$$$ CONFLICT LIST $$$$$$$$: []
INFO:R0: --------------------------
INFO:R0@tkref=1.2667: Time to solve stand alone optimization problem: 0.748377084732
INFO:R0@tkref=1.2667: N of unsatisfied eq: 3
INFO:R0@tkref=1.2667: N of unsatisfied ieq: 4
INFO:R0@tkref=1.2667: Summary: Optimization terminated successfully. after 13 it.
DEBUG:R0@tkref=1.2667: $$$$$$$$ CONFLICT LIST $$$$$$$$: []
INFO:R0: --------------------------
INFO:R0@tkref=2.5333: Time to solve stand alone optimization problem: 0.720169067383
INFO:R0@tkref=2.5333: N of unsatisfied eq: 1
INFO:R0@tkref=2.5333: N of unsatisfied ieq: 7
INFO:R0@tkref=2.5333: Summary: Optimization terminated successfully. after 13 it.
DEBUG:R0@tkref=2.5333: $$$$$$$$ CONFLICT LIST $$$$$$$$: []
INFO:R0: --------------------------
INFO:R0@tkref=3.8000: Time to solve stand alone optimization problem: 0.390655040741
INFO:R0@tkref=3.8000: N of unsatisfied eq: 2
INFO:R0@tkref=3.8000: N of unsatisfied ieq: 7
INFO:R0@tkref=3.8000: Summary: Optimization terminated successfully. after 7 it.
DEBUG:R0@tkref=3.8000: $$$$$$$$ CONFLICT LIST $$$$$$$$: []
INFO:R0: --------------------------
INFO:R0@tkref=5.0667: Time to solve stand alone optimization problem: 0.222694158554
INFO:R0@tkref=5.0667: N of unsatisfied eq: 3
INFO:R0@tkref=5.0667: N of unsatisfied ieq: 7
INFO:R0@tkref=5.0667: Summary: Optimization terminated successfully. after 4 it.
DEBUG:R0@tkref=5.0667: $$$$$$$$ CONFLICT LIST $$$$$$$$: []
INFO:R0: --------------------------
DEBUG:R0: LAST STEP
DEBUG:R0: Approx remaining dist: 1.38886506137
DEBUG:R0: Usual approx plan dist: 3.8
DEBUG:R0: Approx gain in dist: 2.41113493863
DEBUG:R0: Last step min dist: 0.5
INFO:R0: scale 0.365490805623 Ns 7 Nk 3
INFO:R0@tkref=6.3333: Time to solve stand alone optimization problem: 0.620158910751
INFO:R0@tkref=6.3333: N of unsatisfied eq: 8
INFO:R0@tkref=6.3333: N of unsatisfied ieq: 4
INFO:R0@tkref=6.3333: Summary: Iteration limit exceeded after 26 it.
DEBUG:R0@tkref=6.3333: $$$$$$$$ CONFLICT LIST $$$$$$$$: []
INFO:R0: Finished motion planning
INFO:R0: --------------------------
INFO:R0: TOT: 7.89221683686
INFO:R0: NSE: 6
INFO:R0: FIR: 2.14036893845
INFO:R0: LAS: 0.62100815773
INFO:R0: LMA: 0
INFO:R0: MAX: 0.749200105667
INFO:R0: MIN: 0.223497152328
INFO:R0: AVG: 0.521296560764
INFO:R0: RMP: 0.591473767632
INFO:R0: RMG: 0.591473767632
