DEBUG:R0: Using Tc_p = 0.622222222222
DEBUG:R0: Using Tc_d = 0.622222222222
INFO:R0: Init motion planning
INFO:R0@tkref=0.0000: Time to solve stand alone optimization problem: 0.944049119949
INFO:R0@tkref=0.0000: N of unsatisfied eq: 4
INFO:R0@tkref=0.0000: N of unsatisfied ieq: 6
INFO:R0@tkref=0.0000: Summary: Iteration limit exceeded after 41 it.
DEBUG:R0@tkref=0.0000: $$$$$$$$ CONFLICT LIST $$$$$$$$: []
INFO:R0: --------------------------
INFO:R0@tkref=0.6222: Time to solve stand alone optimization problem: 0.0239059925079
INFO:R0@tkref=0.6222: N of unsatisfied eq: 3
INFO:R0@tkref=0.6222: N of unsatisfied ieq: 4
INFO:R0@tkref=0.6222: Summary: Optimization terminated successfully. after 1 it.
DEBUG:R0@tkref=0.6222: $$$$$$$$ CONFLICT LIST $$$$$$$$: []
INFO:R0: --------------------------
INFO:R0@tkref=1.2444: Time to solve stand alone optimization problem: 0.141150951385
INFO:R0@tkref=1.2444: N of unsatisfied eq: 3
INFO:R0@tkref=1.2444: N of unsatisfied ieq: 8
INFO:R0@tkref=1.2444: Summary: Optimization terminated successfully. after 6 it.
DEBUG:R0@tkref=1.2444: $$$$$$$$ CONFLICT LIST $$$$$$$$: []
INFO:R0: --------------------------
INFO:R0@tkref=1.8667: Time to solve stand alone optimization problem: 0.138509988785
INFO:R0@tkref=1.8667: N of unsatisfied eq: 3
INFO:R0@tkref=1.8667: N of unsatisfied ieq: 8
INFO:R0@tkref=1.8667: Summary: Optimization terminated successfully. after 6 it.
DEBUG:R0@tkref=1.8667: $$$$$$$$ CONFLICT LIST $$$$$$$$: []
INFO:R0: --------------------------
INFO:R0@tkref=2.4889: Time to solve stand alone optimization problem: 0.139610052109
INFO:R0@tkref=2.4889: N of unsatisfied eq: 3
INFO:R0@tkref=2.4889: N of unsatisfied ieq: 8
INFO:R0@tkref=2.4889: Summary: Optimization terminated successfully. after 6 it.
DEBUG:R0@tkref=2.4889: $$$$$$$$ CONFLICT LIST $$$$$$$$: []
INFO:R0: --------------------------
INFO:R0@tkref=3.1111: Time to solve stand alone optimization problem: 0.115311145782
INFO:R0@tkref=3.1111: N of unsatisfied eq: 3
INFO:R0@tkref=3.1111: N of unsatisfied ieq: 8
INFO:R0@tkref=3.1111: Summary: Optimization terminated successfully. after 5 it.
DEBUG:R0@tkref=3.1111: $$$$$$$$ CONFLICT LIST $$$$$$$$: []
INFO:R0: --------------------------
INFO:R0@tkref=3.7333: Time to solve stand alone optimization problem: 0.0459802150726
INFO:R0@tkref=3.7333: N of unsatisfied eq: 3
INFO:R0@tkref=3.7333: N of unsatisfied ieq: 9
INFO:R0@tkref=3.7333: Summary: Optimization terminated successfully. after 2 it.
DEBUG:R0@tkref=3.7333: $$$$$$$$ CONFLICT LIST $$$$$$$$: []
INFO:R0: --------------------------
INFO:R0@tkref=4.3556: Time to solve stand alone optimization problem: 0.023854970932
INFO:R0@tkref=4.3556: N of unsatisfied eq: 3
INFO:R0@tkref=4.3556: N of unsatisfied ieq: 5
INFO:R0@tkref=4.3556: Summary: Optimization terminated successfully. after 1 it.
DEBUG:R0@tkref=4.3556: $$$$$$$$ CONFLICT LIST $$$$$$$$: []
INFO:R0: --------------------------
INFO:R0@tkref=4.9778: Time to solve stand alone optimization problem: 0.0240468978882
INFO:R0@tkref=4.9778: N of unsatisfied eq: 3
INFO:R0@tkref=4.9778: N of unsatisfied ieq: 4
INFO:R0@tkref=4.9778: Summary: Optimization terminated successfully. after 1 it.
DEBUG:R0@tkref=4.9778: $$$$$$$$ CONFLICT LIST $$$$$$$$: []
INFO:R0: --------------------------
INFO:R0@tkref=5.6000: Time to solve stand alone optimization problem: 0.0237309932709
INFO:R0@tkref=5.6000: N of unsatisfied eq: 3
INFO:R0@tkref=5.6000: N of unsatisfied ieq: 5
INFO:R0@tkref=5.6000: Summary: Optimization terminated successfully. after 1 it.
DEBUG:R0@tkref=5.6000: $$$$$$$$ CONFLICT LIST $$$$$$$$: []
INFO:R0: --------------------------
DEBUG:R0: LAST STEP
DEBUG:R0: Approx remaining dist: 0.890992810455
DEBUG:R0: Usual approx plan dist: 2.8
DEBUG:R0: Approx gain in dist: 1.90900718955
DEBUG:R0: Last step min dist: 0.5
INFO:R0: scale 0.31821171802 Ns 7 Nk 3
INFO:R0@tkref=6.2222: Time to solve stand alone optimization problem: 0.357907056808
INFO:R0@tkref=6.2222: N of unsatisfied eq: 10
INFO:R0@tkref=6.2222: N of unsatisfied ieq: 4
INFO:R0@tkref=6.2222: Summary: Iteration limit exceeded after 26 it.
DEBUG:R0@tkref=6.2222: $$$$$$$$ CONFLICT LIST $$$$$$$$: []
INFO:R0: Finished motion planning
INFO:R0: --------------------------
INFO:R0: TOT: 7.22355652547
INFO:R0: NSE: 11
INFO:R0: FIR: 0.945302009583
INFO:R0: LAS: 0.358736038208
INFO:R0: LMA: 1
INFO:R0: MAX: 0.141902923584
INFO:R0: MIN: 0.0243761539459
INFO:R0: AVG: 0.075832022561
INFO:R0: RMP: 0.228058270046
INFO:R0: RMG: 0.576540061406
