DEBUG:R0: Using Tc_p = 1.46666666667
DEBUG:R0: Using Tc_d = 1.46666666667
INFO:R0: Init motion planning
INFO:R0@tkref=0.0000: Time to solve stand alone optimization problem: 0.985971212387
INFO:R0@tkref=0.0000: N of unsatisfied eq: 5
INFO:R0@tkref=0.0000: N of unsatisfied ieq: 6
INFO:R0@tkref=0.0000: Summary: Iteration limit exceeded after 41 it.
DEBUG:R0@tkref=0.0000: $$$$$$$$ CONFLICT LIST $$$$$$$$: []
INFO:R0: --------------------------
INFO:R0@tkref=1.4667: Time to solve stand alone optimization problem: 0.0480899810791
INFO:R0@tkref=1.4667: N of unsatisfied eq: 3
INFO:R0@tkref=1.4667: N of unsatisfied ieq: 7
INFO:R0@tkref=1.4667: Summary: Optimization terminated successfully. after 2 it.
DEBUG:R0@tkref=1.4667: $$$$$$$$ CONFLICT LIST $$$$$$$$: []
INFO:R0: --------------------------
INFO:R0@tkref=2.9333: Time to solve stand alone optimization problem: 0.0254688262939
INFO:R0@tkref=2.9333: N of unsatisfied eq: 3
INFO:R0@tkref=2.9333: N of unsatisfied ieq: 4
INFO:R0@tkref=2.9333: Summary: Optimization terminated successfully. after 1 it.
DEBUG:R0@tkref=2.9333: $$$$$$$$ CONFLICT LIST $$$$$$$$: []
INFO:R0: --------------------------
INFO:R0@tkref=4.4000: Time to solve stand alone optimization problem: 0.0274651050568
INFO:R0@tkref=4.4000: N of unsatisfied eq: 4
INFO:R0@tkref=4.4000: N of unsatisfied ieq: 4
INFO:R0@tkref=4.4000: Summary: Optimization terminated successfully. after 1 it.
DEBUG:R0@tkref=4.4000: $$$$$$$$ CONFLICT LIST $$$$$$$$: []
INFO:R0: --------------------------
DEBUG:R0: LAST STEP
DEBUG:R0: Approx remaining dist: 1.32682722979
DEBUG:R0: Usual approx plan dist: 4.4
DEBUG:R0: Approx gain in dist: 3.07317277021
DEBUG:R0: Last step min dist: 0.5
INFO:R0: scale 0.301551643135 Ns 7 Nk 3
INFO:R0@tkref=5.8667: Time to solve stand alone optimization problem: 0.369153022766
INFO:R0@tkref=5.8667: N of unsatisfied eq: 10
INFO:R0@tkref=5.8667: N of unsatisfied ieq: 4
INFO:R0@tkref=5.8667: Summary: Iteration limit exceeded after 26 it.
DEBUG:R0@tkref=5.8667: $$$$$$$$ CONFLICT LIST $$$$$$$$: []
INFO:R0: Finished motion planning
INFO:R0: --------------------------
INFO:R0: TOT: 7.35798005875
INFO:R0: NSE: 5
INFO:R0: FIR: 0.987795114517
INFO:R0: LAS: 0.369858980179
INFO:R0: LMA: 1
INFO:R0: MAX: 0.0487630367279
INFO:R0: MIN: 0.0261850357056
INFO:R0: AVG: 0.0344043572744
INFO:R0: RMP: 0.0332475250418
INFO:R0: RMG: 0.252176577395
