DEBUG:R0: Using Tc_p = 4.8
DEBUG:R0: Using Tc_d = 4.8
INFO:R0: Init motion planning
INFO:R0@tkref=0.0000: Time to solve stand alone optimization problem: 1.51162719727
INFO:R0@tkref=0.0000: N of unsatisfied eq: 4
INFO:R0@tkref=0.0000: N of unsatisfied ieq: 8
INFO:R0@tkref=0.0000: Summary: Iteration limit exceeded after 41 it.
DEBUG:R0@tkref=0.0000: $$$$$$$$ CONFLICT LIST $$$$$$$$: []
INFO:R0: --------------------------
DEBUG:R0: LAST STEP
DEBUG:R0: Approx remaining dist: 2.58891376716
DEBUG:R0: Usual approx plan dist: 4.8
DEBUG:R0: Approx gain in dist: 2.21108623284
DEBUG:R0: Last step min dist: 0.5
INFO:R0: scale 0.539357034825 Ns 7 Nk 3
INFO:R0@tkref=4.8000: Time to solve stand alone optimization problem: 0.563515901566
INFO:R0@tkref=4.8000: N of unsatisfied eq: 10
INFO:R0@tkref=4.8000: N of unsatisfied ieq: 1
INFO:R0@tkref=4.8000: Summary: Iteration limit exceeded after 26 it.
DEBUG:R0@tkref=4.8000: $$$$$$$$ CONFLICT LIST $$$$$$$$: []
INFO:R0: Finished motion planning
INFO:R0: --------------------------
INFO:R0: TOT: 8.14143394371
INFO:R0: NSE: 2
INFO:R0: FIR: 1.51341605186
INFO:R0: LAS: 0.564348936081
INFO:R0: LMA: 1
INFO:R0: MAX: 0.564348936081
INFO:R0: MIN: 0.564348936081
INFO:R0: AVG: 0.564348936081
INFO:R0: RMP: 0.117572695017
INFO:R0: RMG: 0.117572695017
