DEBUG:R0: Using Tc_p = 0.566666666667
DEBUG:R0: Using Tc_d = 0.566666666667
INFO:R0: Init motion planning
INFO:R0@tkref=0.0000: Time to solve stand alone optimization problem: 1.31796097755
INFO:R0@tkref=0.0000: N of unsatisfied eq: 5
INFO:R0@tkref=0.0000: N of unsatisfied ieq: 5
INFO:R0@tkref=0.0000: Summary: Iteration limit exceeded after 41 it.
DEBUG:R0@tkref=0.0000: $$$$$$$$ CONFLICT LIST $$$$$$$$: []
INFO:R0: --------------------------
INFO:R0@tkref=0.5667: Time to solve stand alone optimization problem: 0.0960059165955
INFO:R0@tkref=0.5667: N of unsatisfied eq: 3
INFO:R0@tkref=0.5667: N of unsatisfied ieq: 6
INFO:R0@tkref=0.5667: Summary: Optimization terminated successfully. after 3 it.
DEBUG:R0@tkref=0.5667: $$$$$$$$ CONFLICT LIST $$$$$$$$: []
INFO:R0: --------------------------
INFO:R0@tkref=1.1333: Time to solve stand alone optimization problem: 0.113612890244
INFO:R0@tkref=1.1333: N of unsatisfied eq: 3
INFO:R0@tkref=1.1333: N of unsatisfied ieq: 6
INFO:R0@tkref=1.1333: Summary: Optimization terminated successfully. after 3 it.
DEBUG:R0@tkref=1.1333: $$$$$$$$ CONFLICT LIST $$$$$$$$: []
INFO:R0: --------------------------
INFO:R0@tkref=1.7000: Time to solve stand alone optimization problem: 0.255393981934
INFO:R0@tkref=1.7000: N of unsatisfied eq: 2
INFO:R0@tkref=1.7000: N of unsatisfied ieq: 8
INFO:R0@tkref=1.7000: Summary: Optimization terminated successfully. after 7 it.
DEBUG:R0@tkref=1.7000: $$$$$$$$ CONFLICT LIST $$$$$$$$: []
INFO:R0: --------------------------
INFO:R0@tkref=2.2667: Time to solve stand alone optimization problem: 0.28802895546
INFO:R0@tkref=2.2667: N of unsatisfied eq: 3
INFO:R0@tkref=2.2667: N of unsatisfied ieq: 6
INFO:R0@tkref=2.2667: Summary: Optimization terminated successfully. after 8 it.
DEBUG:R0@tkref=2.2667: $$$$$$$$ CONFLICT LIST $$$$$$$$: []
INFO:R0: --------------------------
INFO:R0@tkref=2.8333: Time to solve stand alone optimization problem: 0.324821949005
INFO:R0@tkref=2.8333: N of unsatisfied eq: 1
INFO:R0@tkref=2.8333: N of unsatisfied ieq: 7
INFO:R0@tkref=2.8333: Summary: Optimization terminated successfully. after 9 it.
DEBUG:R0@tkref=2.8333: $$$$$$$$ CONFLICT LIST $$$$$$$$: []
INFO:R0: --------------------------
INFO:R0@tkref=3.4000: Time to solve stand alone optimization problem: 0.220016002655
INFO:R0@tkref=3.4000: N of unsatisfied eq: 3
INFO:R0@tkref=3.4000: N of unsatisfied ieq: 7
INFO:R0@tkref=3.4000: Summary: Optimization terminated successfully. after 6 it.
DEBUG:R0@tkref=3.4000: $$$$$$$$ CONFLICT LIST $$$$$$$$: []
INFO:R0: --------------------------
INFO:R0@tkref=3.9667: Time to solve stand alone optimization problem: 0.359284162521
INFO:R0@tkref=3.9667: N of unsatisfied eq: 2
INFO:R0@tkref=3.9667: N of unsatisfied ieq: 7
INFO:R0@tkref=3.9667: Summary: Optimization terminated successfully. after 10 it.
DEBUG:R0@tkref=3.9667: $$$$$$$$ CONFLICT LIST $$$$$$$$: []
INFO:R0: --------------------------
INFO:R0@tkref=4.5333: Time to solve stand alone optimization problem: 0.21995806694
INFO:R0@tkref=4.5333: N of unsatisfied eq: 3
INFO:R0@tkref=4.5333: N of unsatisfied ieq: 7
INFO:R0@tkref=4.5333: Summary: Optimization terminated successfully. after 6 it.
DEBUG:R0@tkref=4.5333: $$$$$$$$ CONFLICT LIST $$$$$$$$: []
INFO:R0: --------------------------
INFO:R0@tkref=5.1000: Time to solve stand alone optimization problem: 0.111113071442
INFO:R0@tkref=5.1000: N of unsatisfied eq: 3
INFO:R0@tkref=5.1000: N of unsatisfied ieq: 8
INFO:R0@tkref=5.1000: Summary: Optimization terminated successfully. after 3 it.
DEBUG:R0@tkref=5.1000: $$$$$$$$ CONFLICT LIST $$$$$$$$: []
INFO:R0: --------------------------
INFO:R0@tkref=5.6667: Time to solve stand alone optimization problem: 0.0389289855957
INFO:R0@tkref=5.6667: N of unsatisfied eq: 3
INFO:R0@tkref=5.6667: N of unsatisfied ieq: 5
INFO:R0@tkref=5.6667: Summary: Optimization terminated successfully. after 1 it.
DEBUG:R0@tkref=5.6667: $$$$$$$$ CONFLICT LIST $$$$$$$$: []
INFO:R0: --------------------------
DEBUG:R0: LAST STEP
DEBUG:R0: Approx remaining dist: 1.0384060053
DEBUG:R0: Usual approx plan dist: 1.7
DEBUG:R0: Approx gain in dist: 0.6615939947
DEBUG:R0: Last step min dist: 0.5
INFO:R0: scale 0.610827061941 Ns 7 Nk 3
INFO:R0@tkref=6.2333: Time to solve stand alone optimization problem: 0.497413873672
INFO:R0@tkref=6.2333: N of unsatisfied eq: 10
INFO:R0@tkref=6.2333: N of unsatisfied ieq: 4
INFO:R0@tkref=6.2333: Summary: Iteration limit exceeded after 26 it.
DEBUG:R0@tkref=6.2333: $$$$$$$$ CONFLICT LIST $$$$$$$$: []
INFO:R0: Finished motion planning
INFO:R0: --------------------------
INFO:R0: TOT: 7.40038153732
INFO:R0: NSE: 12
INFO:R0: FIR: 1.3192589283
INFO:R0: LAS: 0.498269081116
INFO:R0: LMA: 1
INFO:R0: MAX: 0.360087156296
INFO:R0: MIN: 0.0396611690521
INFO:R0: AVG: 0.203500843048
INFO:R0: RMP: 0.635447922875
INFO:R0: RMG: 0.87929837844
