DEBUG:R0: Using Tc_p = 2.56
DEBUG:R0: Using Tc_d = 2.56
INFO:R0: Init motion planning
INFO:R0@tkref=0.0000: Time to solve stand alone optimization problem: 0.938153982162
INFO:R0@tkref=0.0000: N of unsatisfied eq: 5
INFO:R0@tkref=0.0000: N of unsatisfied ieq: 9
INFO:R0@tkref=0.0000: Summary: Iteration limit exceeded after 41 it.
DEBUG:R0@tkref=0.0000: $$$$$$$$ CONFLICT LIST $$$$$$$$: []
INFO:R0: --------------------------
INFO:R0@tkref=2.5600: Time to solve stand alone optimization problem: 0.0237669944763
INFO:R0@tkref=2.5600: N of unsatisfied eq: 3
INFO:R0@tkref=2.5600: N of unsatisfied ieq: 3
INFO:R0@tkref=2.5600: Summary: Optimization terminated successfully. after 1 it.
DEBUG:R0@tkref=2.5600: $$$$$$$$ CONFLICT LIST $$$$$$$$: []
INFO:R0: --------------------------
DEBUG:R0: LAST STEP
DEBUG:R0: Approx remaining dist: 2.09225172551
DEBUG:R0: Usual approx plan dist: 3.2
DEBUG:R0: Approx gain in dist: 1.10774827449
DEBUG:R0: Last step min dist: 0.5
INFO:R0: scale 0.653828664223 Ns 7 Nk 3
INFO:R0@tkref=5.1200: Time to solve stand alone optimization problem: 0.371695041656
INFO:R0@tkref=5.1200: N of unsatisfied eq: 10
INFO:R0@tkref=5.1200: N of unsatisfied ieq: 4
INFO:R0@tkref=5.1200: Summary: Iteration limit exceeded after 26 it.
DEBUG:R0@tkref=5.1200: $$$$$$$$ CONFLICT LIST $$$$$$$$: []
INFO:R0: Finished motion planning
INFO:R0: --------------------------
INFO:R0: TOT: 7.4716269852
INFO:R0: NSE: 3
INFO:R0: FIR: 0.939560890198
INFO:R0: LAS: 0.372487068176
INFO:R0: LMA: 1
INFO:R0: MAX: 0.0245349407196
INFO:R0: MIN: 0.0245349407196
INFO:R0: AVG: 0.0245349407196
INFO:R0: RMP: 0.0095839612186
INFO:R0: RMG: 0.145502761006
