DEBUG:R0: Using Tc_p = 0.933333333333
DEBUG:R0: Using Tc_d = 0.933333333333
INFO:R0: Init motion planning
INFO:R0@tkref=0.0000: Time to solve stand alone optimization problem: 1.44098901749
INFO:R0@tkref=0.0000: N of unsatisfied eq: 4
INFO:R0@tkref=0.0000: N of unsatisfied ieq: 6
INFO:R0@tkref=0.0000: Summary: Iteration limit exceeded after 41 it.
DEBUG:R0@tkref=0.0000: $$$$$$$$ CONFLICT LIST $$$$$$$$: []
INFO:R0: --------------------------
INFO:R0@tkref=0.9333: Time to solve stand alone optimization problem: 0.410054922104
INFO:R0@tkref=0.9333: N of unsatisfied eq: 1
INFO:R0@tkref=0.9333: N of unsatisfied ieq: 8
INFO:R0@tkref=0.9333: Summary: Optimization terminated successfully. after 10 it.
DEBUG:R0@tkref=0.9333: $$$$$$$$ CONFLICT LIST $$$$$$$$: []
INFO:R0: --------------------------
INFO:R0@tkref=1.8667: Time to solve stand alone optimization problem: 0.640188932419
INFO:R0@tkref=1.8667: N of unsatisfied eq: 2
INFO:R0@tkref=1.8667: N of unsatisfied ieq: 8
INFO:R0@tkref=1.8667: Summary: Iteration limit exceeded after 16 it.
DEBUG:R0@tkref=1.8667: $$$$$$$$ CONFLICT LIST $$$$$$$$: []
INFO:R0: --------------------------
INFO:R0@tkref=2.8000: Time to solve stand alone optimization problem: 0.244274139404
INFO:R0@tkref=2.8000: N of unsatisfied eq: 3
INFO:R0@tkref=2.8000: N of unsatisfied ieq: 7
INFO:R0@tkref=2.8000: Summary: Optimization terminated successfully. after 6 it.
DEBUG:R0@tkref=2.8000: $$$$$$$$ CONFLICT LIST $$$$$$$$: []
INFO:R0: --------------------------
INFO:R0@tkref=3.7333: Time to solve stand alone optimization problem: 0.360450983047
INFO:R0@tkref=3.7333: N of unsatisfied eq: 1
INFO:R0@tkref=3.7333: N of unsatisfied ieq: 8
INFO:R0@tkref=3.7333: Summary: Optimization terminated successfully. after 9 it.
DEBUG:R0@tkref=3.7333: $$$$$$$$ CONFLICT LIST $$$$$$$$: []
INFO:R0: --------------------------
INFO:R0@tkref=4.6667: Time to solve stand alone optimization problem: 0.120443105698
INFO:R0@tkref=4.6667: N of unsatisfied eq: 3
INFO:R0@tkref=4.6667: N of unsatisfied ieq: 7
INFO:R0@tkref=4.6667: Summary: Optimization terminated successfully. after 3 it.
DEBUG:R0@tkref=4.6667: $$$$$$$$ CONFLICT LIST $$$$$$$$: []
INFO:R0: --------------------------
INFO:R0@tkref=5.6000: Time to solve stand alone optimization problem: 0.081650018692
INFO:R0@tkref=5.6000: N of unsatisfied eq: 3
INFO:R0@tkref=5.6000: N of unsatisfied ieq: 7
INFO:R0@tkref=5.6000: Summary: Optimization terminated successfully. after 2 it.
DEBUG:R0@tkref=5.6000: $$$$$$$$ CONFLICT LIST $$$$$$$$: []
INFO:R0: --------------------------
DEBUG:R0: LAST STEP
DEBUG:R0: Approx remaining dist: 0.744441053595
DEBUG:R0: Usual approx plan dist: 2.8
DEBUG:R0: Approx gain in dist: 2.0555589464
DEBUG:R0: Last step min dist: 0.5
INFO:R0: scale 0.265871804855 Ns 7 Nk 3
INFO:R0@tkref=6.5333: Time to solve stand alone optimization problem: 0.49845790863
INFO:R0@tkref=6.5333: N of unsatisfied eq: 10
INFO:R0@tkref=6.5333: N of unsatisfied ieq: 4
INFO:R0@tkref=6.5333: Summary: Iteration limit exceeded after 26 it.
DEBUG:R0@tkref=6.5333: $$$$$$$$ CONFLICT LIST $$$$$$$$: []
INFO:R0: Finished motion planning
INFO:R0: --------------------------
INFO:R0: TOT: 7.36997409407
INFO:R0: NSE: 8
INFO:R0: FIR: 1.44242691994
INFO:R0: LAS: 0.49928689003
INFO:R0: LMA: 0
INFO:R0: MAX: 0.641605138779
INFO:R0: MIN: 0.0824058055878
INFO:R0: AVG: 0.310424407323
INFO:R0: RMP: 0.687434077263
INFO:R0: RMG: 0.687434077263
