DEBUG:R0: Using Tc_p = 2.18181818182
DEBUG:R0: Using Tc_d = 2.18181818182
INFO:R0: Init motion planning
INFO:R0@tkref=0.0000: Time to solve stand alone optimization problem: 0.952652931213
INFO:R0@tkref=0.0000: N of unsatisfied eq: 4
INFO:R0@tkref=0.0000: N of unsatisfied ieq: 8
INFO:R0@tkref=0.0000: Summary: Iteration limit exceeded after 41 it.
DEBUG:R0@tkref=0.0000: $$$$$$$$ CONFLICT LIST $$$$$$$$: []
INFO:R0: --------------------------
INFO:R0@tkref=2.1818: Time to solve stand alone optimization problem: 0.0246341228485
INFO:R0@tkref=2.1818: N of unsatisfied eq: 3
INFO:R0@tkref=2.1818: N of unsatisfied ieq: 4
INFO:R0@tkref=2.1818: Summary: Optimization terminated successfully. after 1 it.
DEBUG:R0@tkref=2.1818: $$$$$$$$ CONFLICT LIST $$$$$$$$: []
INFO:R0: --------------------------
INFO:R0@tkref=4.3636: Time to solve stand alone optimization problem: 0.0227711200714
INFO:R0@tkref=4.3636: N of unsatisfied eq: 4
INFO:R0@tkref=4.3636: N of unsatisfied ieq: 8
INFO:R0@tkref=4.3636: Summary: Optimization terminated successfully. after 1 it.
DEBUG:R0@tkref=4.3636: $$$$$$$$ CONFLICT LIST $$$$$$$$: []
INFO:R0: --------------------------
DEBUG:R0: LAST STEP
DEBUG:R0: Approx remaining dist: 0.610596078852
DEBUG:R0: Usual approx plan dist: 2.4
DEBUG:R0: Approx gain in dist: 1.78940392115
DEBUG:R0: Last step min dist: 0.5
INFO:R0: scale 0.254415032855 Ns 7 Nk 3
INFO:R0@tkref=6.5455: Time to solve stand alone optimization problem: 0.359430789948
INFO:R0@tkref=6.5455: N of unsatisfied eq: 10
INFO:R0@tkref=6.5455: N of unsatisfied ieq: 4
INFO:R0@tkref=6.5455: Summary: Iteration limit exceeded after 26 it.
DEBUG:R0@tkref=6.5455: $$$$$$$$ CONFLICT LIST $$$$$$$$: []
INFO:R0: Finished motion planning
INFO:R0: --------------------------
INFO:R0: TOT: 7.23165192786
INFO:R0: NSE: 4
INFO:R0: FIR: 0.953827142715
INFO:R0: LAS: 0.360208034515
INFO:R0: LMA: 1
INFO:R0: MAX: 0.0253369808197
INFO:R0: MIN: 0.0234670639038
INFO:R0: AVG: 0.0244020223618
INFO:R0: RMP: 0.0116127828757
INFO:R0: RMG: 0.165095349153
