DEBUG:R0: Using Tc_p = 2.17777777778
DEBUG:R0: Using Tc_d = 2.17777777778
INFO:R0: Init motion planning
INFO:R0@tkref=0.0000: Time to solve stand alone optimization problem: 2.26307988167
INFO:R0@tkref=0.0000: N of unsatisfied eq: 5
INFO:R0@tkref=0.0000: N of unsatisfied ieq: 9
INFO:R0@tkref=0.0000: Summary: Iteration limit exceeded after 41 it.
DEBUG:R0@tkref=0.0000: $$$$$$$$ CONFLICT LIST $$$$$$$$: []
INFO:R0: --------------------------
INFO:R0@tkref=2.1778: Time to solve stand alone optimization problem: 0.455718040466
INFO:R0@tkref=2.1778: N of unsatisfied eq: 3
INFO:R0@tkref=2.1778: N of unsatisfied ieq: 7
INFO:R0@tkref=2.1778: Summary: Optimization terminated successfully. after 8 it.
DEBUG:R0@tkref=2.1778: $$$$$$$$ CONFLICT LIST $$$$$$$$: []
INFO:R0: --------------------------
INFO:R0@tkref=4.3556: Time to solve stand alone optimization problem: 0.518409013748
INFO:R0@tkref=4.3556: N of unsatisfied eq: 3
INFO:R0@tkref=4.3556: N of unsatisfied ieq: 6
INFO:R0@tkref=4.3556: Summary: Optimization terminated successfully. after 9 it.
DEBUG:R0@tkref=4.3556: $$$$$$$$ CONFLICT LIST $$$$$$$$: []
INFO:R0: --------------------------
DEBUG:R0: LAST STEP
DEBUG:R0: Approx remaining dist: 1.53792953043
DEBUG:R0: Usual approx plan dist: 4.9
DEBUG:R0: Approx gain in dist: 3.36207046957
DEBUG:R0: Last step min dist: 0.5
INFO:R0: scale 0.313863169475 Ns 7 Nk 3
INFO:R0@tkref=6.5333: Time to solve stand alone optimization problem: 0.637324094772
INFO:R0@tkref=6.5333: N of unsatisfied eq: 10
INFO:R0@tkref=6.5333: N of unsatisfied ieq: 4
INFO:R0@tkref=6.5333: Summary: Iteration limit exceeded after 26 it.
DEBUG:R0@tkref=6.5333: $$$$$$$$ CONFLICT LIST $$$$$$$$: []
INFO:R0: Finished motion planning
INFO:R0: --------------------------
INFO:R0: TOT: 8.25477397082
INFO:R0: NSE: 4
INFO:R0: FIR: 2.26479697227
INFO:R0: LAS: 0.638207912445
INFO:R0: LMA: 1
INFO:R0: MAX: 0.519309043884
INFO:R0: MIN: 0.456604957581
INFO:R0: AVG: 0.487957000732
INFO:R0: RMP: 0.238458234437
INFO:R0: RMG: 0.293054653674
