DEBUG:R0: Using Tc_p = 1.63333333333
DEBUG:R0: Using Tc_d = 1.63333333333
INFO:R0: Init motion planning
INFO:R0@tkref=0.0000: Time to solve stand alone optimization problem: 0.842684030533
INFO:R0@tkref=0.0000: N of unsatisfied eq: 5
INFO:R0@tkref=0.0000: N of unsatisfied ieq: 5
INFO:R0@tkref=0.0000: Summary: Iteration limit exceeded after 41 it.
DEBUG:R0@tkref=0.0000: $$$$$$$$ CONFLICT LIST $$$$$$$$: []
INFO:R0: --------------------------
INFO:R0@tkref=1.6333: Time to solve stand alone optimization problem: 0.0413110256195
INFO:R0@tkref=1.6333: N of unsatisfied eq: 3
INFO:R0@tkref=1.6333: N of unsatisfied ieq: 6
INFO:R0@tkref=1.6333: Summary: Optimization terminated successfully. after 2 it.
DEBUG:R0@tkref=1.6333: $$$$$$$$ CONFLICT LIST $$$$$$$$: []
INFO:R0: --------------------------
INFO:R0@tkref=3.2667: Time to solve stand alone optimization problem: 0.0221211910248
INFO:R0@tkref=3.2667: N of unsatisfied eq: 3
INFO:R0@tkref=3.2667: N of unsatisfied ieq: 6
INFO:R0@tkref=3.2667: Summary: Optimization terminated successfully. after 1 it.
DEBUG:R0@tkref=3.2667: $$$$$$$$ CONFLICT LIST $$$$$$$$: []
INFO:R0: --------------------------
DEBUG:R0: LAST STEP
DEBUG:R0: Approx remaining dist: 2.37837140906
DEBUG:R0: Usual approx plan dist: 4.9
DEBUG:R0: Approx gain in dist: 2.52162859094
DEBUG:R0: Last step min dist: 0.5
INFO:R0: scale 0.485381920217 Ns 7 Nk 3
INFO:R0@tkref=4.9000: Time to solve stand alone optimization problem: 0.36198592186
INFO:R0@tkref=4.9000: N of unsatisfied eq: 10
INFO:R0@tkref=4.9000: N of unsatisfied ieq: 3
INFO:R0@tkref=4.9000: Summary: Iteration limit exceeded after 26 it.
DEBUG:R0@tkref=4.9000: $$$$$$$$ CONFLICT LIST $$$$$$$$: []
INFO:R0: Finished motion planning
INFO:R0: --------------------------
INFO:R0: TOT: 7.57377147248
INFO:R0: NSE: 4
INFO:R0: FIR: 0.843881130219
INFO:R0: LAS: 0.362720012665
INFO:R0: LMA: 1
INFO:R0: MAX: 0.0419721603394
INFO:R0: MIN: 0.0227589607239
INFO:R0: AVG: 0.0323655605316
INFO:R0: RMP: 0.0256972410241
INFO:R0: RMG: 0.222073477142
