DEBUG:R0: Using Tc_p = 1.4
DEBUG:R0: Using Tc_d = 1.4
INFO:R0: Init motion planning
INFO:R0@tkref=0.0000: Time to solve stand alone optimization problem: 1.35318398476
INFO:R0@tkref=0.0000: N of unsatisfied eq: 4
INFO:R0@tkref=0.0000: N of unsatisfied ieq: 7
INFO:R0@tkref=0.0000: Summary: Iteration limit exceeded after 41 it.
DEBUG:R0@tkref=0.0000: $$$$$$$$ CONFLICT LIST $$$$$$$$: []
INFO:R0: --------------------------
INFO:R0@tkref=1.4000: Time to solve stand alone optimization problem: 0.253863096237
INFO:R0@tkref=1.4000: N of unsatisfied eq: 2
INFO:R0@tkref=1.4000: N of unsatisfied ieq: 4
INFO:R0@tkref=1.4000: Summary: Optimization terminated successfully. after 7 it.
DEBUG:R0@tkref=1.4000: $$$$$$$$ CONFLICT LIST $$$$$$$$: []
INFO:R0: --------------------------
INFO:R0@tkref=2.8000: Time to solve stand alone optimization problem: 0.261041879654
INFO:R0@tkref=2.8000: N of unsatisfied eq: 2
INFO:R0@tkref=2.8000: N of unsatisfied ieq: 6
INFO:R0@tkref=2.8000: Summary: Optimization terminated successfully. after 7 it.
DEBUG:R0@tkref=2.8000: $$$$$$$$ CONFLICT LIST $$$$$$$$: []
INFO:R0: --------------------------
INFO:R0@tkref=4.2000: Time to solve stand alone optimization problem: 0.473225831985
INFO:R0@tkref=4.2000: N of unsatisfied eq: 2
INFO:R0@tkref=4.2000: N of unsatisfied ieq: 7
INFO:R0@tkref=4.2000: Summary: Optimization terminated successfully. after 13 it.
DEBUG:R0@tkref=4.2000: $$$$$$$$ CONFLICT LIST $$$$$$$$: []
INFO:R0: --------------------------
INFO:R0@tkref=5.6000: Time to solve stand alone optimization problem: 0.112222909927
INFO:R0@tkref=5.6000: N of unsatisfied eq: 3
INFO:R0@tkref=5.6000: N of unsatisfied ieq: 6
INFO:R0@tkref=5.6000: Summary: Optimization terminated successfully. after 3 it.
DEBUG:R0@tkref=5.6000: $$$$$$$$ CONFLICT LIST $$$$$$$$: []
INFO:R0: --------------------------
DEBUG:R0: LAST STEP
DEBUG:R0: Approx remaining dist: 0.863005622178
DEBUG:R0: Usual approx plan dist: 4.2
DEBUG:R0: Approx gain in dist: 3.33699437782
DEBUG:R0: Last step min dist: 0.5
INFO:R0: scale 0.20547752909 Ns 7 Nk 3
INFO:R0@tkref=7.0000: Time to solve stand alone optimization problem: 0.513329029083
INFO:R0@tkref=7.0000: N of unsatisfied eq: 10
INFO:R0@tkref=7.0000: N of unsatisfied ieq: 4
INFO:R0@tkref=7.0000: Summary: Iteration limit exceeded after 26 it.
DEBUG:R0@tkref=7.0000: $$$$$$$$ CONFLICT LIST $$$$$$$$: []
INFO:R0: Finished motion planning
INFO:R0: --------------------------
INFO:R0: TOT: 7.96576006153
INFO:R0: NSE: 6
INFO:R0: FIR: 1.35470485687
INFO:R0: LAS: 0.51417517662
INFO:R0: LMA: 1
INFO:R0: MAX: 0.4740691185
INFO:R0: MIN: 0.113003015518
INFO:R0: AVG: 0.275931119919
INFO:R0: RMP: 0.338620798928
INFO:R0: RMG: 0.3672679833
