DEBUG:R0: Using Tc_p = 0.890909090909
DEBUG:R0: Using Tc_d = 0.890909090909
INFO:R0: Init motion planning
INFO:R0@tkref=0.0000: Time to solve stand alone optimization problem: 0.950039863586
INFO:R0@tkref=0.0000: N of unsatisfied eq: 5
INFO:R0@tkref=0.0000: N of unsatisfied ieq: 8
INFO:R0@tkref=0.0000: Summary: Iteration limit exceeded after 41 it.
DEBUG:R0@tkref=0.0000: $$$$$$$$ CONFLICT LIST $$$$$$$$: []
INFO:R0: --------------------------
INFO:R0@tkref=0.8909: Time to solve stand alone optimization problem: 0.0242900848389
INFO:R0@tkref=0.8909: N of unsatisfied eq: 3
INFO:R0@tkref=0.8909: N of unsatisfied ieq: 4
INFO:R0@tkref=0.8909: Summary: Optimization terminated successfully. after 1 it.
DEBUG:R0@tkref=0.8909: $$$$$$$$ CONFLICT LIST $$$$$$$$: []
INFO:R0: --------------------------
INFO:R0@tkref=1.7818: Time to solve stand alone optimization problem: 0.0243480205536
INFO:R0@tkref=1.7818: N of unsatisfied eq: 3
INFO:R0@tkref=1.7818: N of unsatisfied ieq: 7
INFO:R0@tkref=1.7818: Summary: Optimization terminated successfully. after 1 it.
DEBUG:R0@tkref=1.7818: $$$$$$$$ CONFLICT LIST $$$$$$$$: []
INFO:R0: --------------------------
INFO:R0@tkref=2.6727: Time to solve stand alone optimization problem: 0.0246429443359
INFO:R0@tkref=2.6727: N of unsatisfied eq: 3
INFO:R0@tkref=2.6727: N of unsatisfied ieq: 7
INFO:R0@tkref=2.6727: Summary: Optimization terminated successfully. after 1 it.
DEBUG:R0@tkref=2.6727: $$$$$$$$ CONFLICT LIST $$$$$$$$: []
INFO:R0: --------------------------
INFO:R0@tkref=3.5636: Time to solve stand alone optimization problem: 0.0247890949249
INFO:R0@tkref=3.5636: N of unsatisfied eq: 3
INFO:R0@tkref=3.5636: N of unsatisfied ieq: 1
INFO:R0@tkref=3.5636: Summary: Optimization terminated successfully. after 1 it.
DEBUG:R0@tkref=3.5636: $$$$$$$$ CONFLICT LIST $$$$$$$$: []
INFO:R0: --------------------------
INFO:R0@tkref=4.4545: Time to solve stand alone optimization problem: 0.0232682228088
INFO:R0@tkref=4.4545: N of unsatisfied eq: 3
INFO:R0@tkref=4.4545: N of unsatisfied ieq: 8
INFO:R0@tkref=4.4545: Summary: Optimization terminated successfully. after 1 it.
DEBUG:R0@tkref=4.4545: $$$$$$$$ CONFLICT LIST $$$$$$$$: []
INFO:R0: --------------------------
INFO:R0@tkref=5.3455: Time to solve stand alone optimization problem: 0.0234000682831
INFO:R0@tkref=5.3455: N of unsatisfied eq: 4
INFO:R0@tkref=5.3455: N of unsatisfied ieq: 9
INFO:R0@tkref=5.3455: Summary: Optimization terminated successfully. after 1 it.
DEBUG:R0@tkref=5.3455: $$$$$$$$ CONFLICT LIST $$$$$$$$: []
INFO:R0: --------------------------
DEBUG:R0: LAST STEP
DEBUG:R0: Approx remaining dist: 1.08221783781
DEBUG:R0: Usual approx plan dist: 4.9
DEBUG:R0: Approx gain in dist: 3.81778216219
DEBUG:R0: Last step min dist: 0.5
INFO:R0: scale 0.220860783228 Ns 7 Nk 3
INFO:R0@tkref=6.2364: Time to solve stand alone optimization problem: 0.364856958389
INFO:R0@tkref=6.2364: N of unsatisfied eq: 10
INFO:R0@tkref=6.2364: N of unsatisfied ieq: 4
INFO:R0@tkref=6.2364: Summary: Iteration limit exceeded after 26 it.
DEBUG:R0@tkref=6.2364: $$$$$$$$ CONFLICT LIST $$$$$$$$: []
INFO:R0: Finished motion planning
INFO:R0: --------------------------
INFO:R0: TOT: 7.45262005005
INFO:R0: NSE: 8
INFO:R0: FIR: 0.951247930527
INFO:R0: LAS: 0.365625143051
INFO:R0: LMA: 1
INFO:R0: MAX: 0.0254411697388
INFO:R0: MIN: 0.0239150524139
INFO:R0: AVG: 0.0247788826625
INFO:R0: RMP: 0.0285564150129
INFO:R0: RMG: 0.410395568731
