DEBUG:R0: Using Tc_p = 2.13333333333
DEBUG:R0: Using Tc_d = 2.13333333333
INFO:R0: Init motion planning
INFO:R0@tkref=0.0000: Time to solve stand alone optimization problem: 0.845234870911
INFO:R0@tkref=0.0000: N of unsatisfied eq: 4
INFO:R0@tkref=0.0000: N of unsatisfied ieq: 5
INFO:R0@tkref=0.0000: Summary: Iteration limit exceeded after 41 it.
DEBUG:R0@tkref=0.0000: $$$$$$$$ CONFLICT LIST $$$$$$$$: []
INFO:R0: --------------------------
INFO:R0@tkref=2.1333: Time to solve stand alone optimization problem: 0.0411059856415
INFO:R0@tkref=2.1333: N of unsatisfied eq: 3
INFO:R0@tkref=2.1333: N of unsatisfied ieq: 5
INFO:R0@tkref=2.1333: Summary: Optimization terminated successfully. after 2 it.
DEBUG:R0@tkref=2.1333: $$$$$$$$ CONFLICT LIST $$$$$$$$: []
INFO:R0: --------------------------
INFO:R0@tkref=4.2667: Time to solve stand alone optimization problem: 0.0218889713287
INFO:R0@tkref=4.2667: N of unsatisfied eq: 3
INFO:R0@tkref=4.2667: N of unsatisfied ieq: 4
INFO:R0@tkref=4.2667: Summary: Optimization terminated successfully. after 1 it.
DEBUG:R0@tkref=4.2667: $$$$$$$$ CONFLICT LIST $$$$$$$$: []
INFO:R0: --------------------------
DEBUG:R0: LAST STEP
DEBUG:R0: Approx remaining dist: 0.915875573243
DEBUG:R0: Usual approx plan dist: 4.8
DEBUG:R0: Approx gain in dist: 3.88412442676
DEBUG:R0: Last step min dist: 0.5
INFO:R0: scale 0.190807411092 Ns 7 Nk 3
INFO:R0@tkref=6.4000: Time to solve stand alone optimization problem: 0.362082004547
INFO:R0@tkref=6.4000: N of unsatisfied eq: 10
INFO:R0@tkref=6.4000: N of unsatisfied ieq: 4
INFO:R0@tkref=6.4000: Summary: Iteration limit exceeded after 26 it.
DEBUG:R0@tkref=6.4000: $$$$$$$$ CONFLICT LIST $$$$$$$$: []
INFO:R0: Finished motion planning
INFO:R0: --------------------------
INFO:R0: TOT: 7.42931559731
INFO:R0: NSE: 4
INFO:R0: FIR: 0.846523046494
INFO:R0: LAS: 0.362823963165
INFO:R0: LMA: 1
INFO:R0: MAX: 0.0417611598969
INFO:R0: MIN: 0.0225310325623
INFO:R0: AVG: 0.0321460962296
INFO:R0: RMP: 0.0195755437016
INFO:R0: RMG: 0.170073732734
