DEBUG:R0: Using Tc_p = 1.2
DEBUG:R0: Using Tc_d = 1.2
INFO:R0: Init motion planning
INFO:R0@tkref=0.0000: Time to solve stand alone optimization problem: 1.52185988426
INFO:R0@tkref=0.0000: N of unsatisfied eq: 4
INFO:R0@tkref=0.0000: N of unsatisfied ieq: 8
INFO:R0@tkref=0.0000: Summary: Iteration limit exceeded after 41 it.
DEBUG:R0@tkref=0.0000: $$$$$$$$ CONFLICT LIST $$$$$$$$: []
INFO:R0: --------------------------
INFO:R0@tkref=1.2000: Time to solve stand alone optimization problem: 0.355741024017
INFO:R0@tkref=1.2000: N of unsatisfied eq: 2
INFO:R0@tkref=1.2000: N of unsatisfied ieq: 8
INFO:R0@tkref=1.2000: Summary: Optimization terminated successfully. after 9 it.
DEBUG:R0@tkref=1.2000: $$$$$$$$ CONFLICT LIST $$$$$$$$: []
INFO:R0: --------------------------
INFO:R0@tkref=2.4000: Time to solve stand alone optimization problem: 0.277933120728
INFO:R0@tkref=2.4000: N of unsatisfied eq: 3
INFO:R0@tkref=2.4000: N of unsatisfied ieq: 8
INFO:R0@tkref=2.4000: Summary: Optimization terminated successfully. after 7 it.
DEBUG:R0@tkref=2.4000: $$$$$$$$ CONFLICT LIST $$$$$$$$: []
INFO:R0: --------------------------
INFO:R0@tkref=3.6000: Time to solve stand alone optimization problem: 0.237772941589
INFO:R0@tkref=3.6000: N of unsatisfied eq: 2
INFO:R0@tkref=3.6000: N of unsatisfied ieq: 7
INFO:R0@tkref=3.6000: Summary: Optimization terminated successfully. after 6 it.
DEBUG:R0@tkref=3.6000: $$$$$$$$ CONFLICT LIST $$$$$$$$: []
INFO:R0: --------------------------
INFO:R0@tkref=4.8000: Time to solve stand alone optimization problem: 0.121278047562
INFO:R0@tkref=4.8000: N of unsatisfied eq: 3
INFO:R0@tkref=4.8000: N of unsatisfied ieq: 7
INFO:R0@tkref=4.8000: Summary: Optimization terminated successfully. after 3 it.
DEBUG:R0@tkref=4.8000: $$$$$$$$ CONFLICT LIST $$$$$$$$: []
INFO:R0: --------------------------
DEBUG:R0: LAST STEP
DEBUG:R0: Approx remaining dist: 1.33881248058
DEBUG:R0: Usual approx plan dist: 3.6
DEBUG:R0: Approx gain in dist: 2.26118751942
DEBUG:R0: Last step min dist: 0.5
INFO:R0: scale 0.371892355716 Ns 7 Nk 3
INFO:R0@tkref=6.0000: Time to solve stand alone optimization problem: 0.556777954102
INFO:R0@tkref=6.0000: N of unsatisfied eq: 10
INFO:R0@tkref=6.0000: N of unsatisfied ieq: 3
INFO:R0@tkref=6.0000: Summary: Iteration limit exceeded after 26 it.
DEBUG:R0@tkref=6.0000: $$$$$$$$ CONFLICT LIST $$$$$$$$: []
INFO:R0: Finished motion planning
INFO:R0: --------------------------
INFO:R0: TOT: 7.50542896757
INFO:R0: NSE: 6
INFO:R0: FIR: 1.5231628418
INFO:R0: LAS: 0.557641029358
INFO:R0: LMA: 1
INFO:R0: MAX: 0.356575965881
INFO:R0: MIN: 0.122125864029
INFO:R0: AVG: 0.249021470547
INFO:R0: RMP: 0.297146638234
INFO:R0: RMG: 0.464700857798
