DEBUG:R0: Using Tc_p = 1.96
DEBUG:R0: Using Tc_d = 1.96
INFO:R0: Init motion planning
INFO:R0@tkref=0.0000: Time to solve stand alone optimization problem: 1.39863014221
INFO:R0@tkref=0.0000: N of unsatisfied eq: 5
INFO:R0@tkref=0.0000: N of unsatisfied ieq: 9
INFO:R0@tkref=0.0000: Summary: Iteration limit exceeded after 41 it.
DEBUG:R0@tkref=0.0000: $$$$$$$$ CONFLICT LIST $$$$$$$$: []
INFO:R0: --------------------------
INFO:R0@tkref=1.9600: Time to solve stand alone optimization problem: 0.427836894989
INFO:R0@tkref=1.9600: N of unsatisfied eq: 2
INFO:R0@tkref=1.9600: N of unsatisfied ieq: 7
INFO:R0@tkref=1.9600: Summary: Optimization terminated successfully. after 11 it.
DEBUG:R0@tkref=1.9600: $$$$$$$$ CONFLICT LIST $$$$$$$$: []
INFO:R0: --------------------------
INFO:R0@tkref=3.9200: Time to solve stand alone optimization problem: 0.268670082092
INFO:R0@tkref=3.9200: N of unsatisfied eq: 2
INFO:R0@tkref=3.9200: N of unsatisfied ieq: 7
INFO:R0@tkref=3.9200: Summary: Optimization terminated successfully. after 7 it.
DEBUG:R0@tkref=3.9200: $$$$$$$$ CONFLICT LIST $$$$$$$$: []
INFO:R0: --------------------------
DEBUG:R0: LAST STEP
DEBUG:R0: Approx remaining dist: 1.53454275928
DEBUG:R0: Usual approx plan dist: 2.8
DEBUG:R0: Approx gain in dist: 1.26545724072
DEBUG:R0: Last step min dist: 0.5
INFO:R0: scale 0.548050985458 Ns 7 Nk 3
INFO:R0@tkref=5.8800: Time to solve stand alone optimization problem: 0.554708957672
INFO:R0@tkref=5.8800: N of unsatisfied eq: 10
INFO:R0@tkref=5.8800: N of unsatisfied ieq: 3
INFO:R0@tkref=5.8800: Summary: Iteration limit exceeded after 26 it.
DEBUG:R0@tkref=5.8800: $$$$$$$$ CONFLICT LIST $$$$$$$$: []
INFO:R0: Finished motion planning
INFO:R0: --------------------------
INFO:R0: TOT: 7.61762608834
INFO:R0: NSE: 4
INFO:R0: FIR: 1.40004682541
INFO:R0: LAS: 0.556091070175
INFO:R0: LMA: 1
INFO:R0: MAX: 0.428647994995
INFO:R0: MIN: 0.269482851028
INFO:R0: AVG: 0.349065423012
INFO:R0: RMP: 0.21869795663
INFO:R0: RMG: 0.283719933763
