DEBUG:R0: Using Tc_p = 2.09090909091
DEBUG:R0: Using Tc_d = 2.09090909091
INFO:R0: Init motion planning
INFO:R0@tkref=0.0000: Time to solve stand alone optimization problem: 1.63736581802
INFO:R0@tkref=0.0000: N of unsatisfied eq: 5
INFO:R0@tkref=0.0000: N of unsatisfied ieq: 8
INFO:R0@tkref=0.0000: Summary: Iteration limit exceeded after 41 it.
DEBUG:R0@tkref=0.0000: $$$$$$$$ CONFLICT LIST $$$$$$$$: []
INFO:R0: --------------------------
INFO:R0@tkref=2.0909: Time to solve stand alone optimization problem: 0.316492795944
INFO:R0@tkref=2.0909: N of unsatisfied eq: 2
INFO:R0@tkref=2.0909: N of unsatisfied ieq: 8
INFO:R0@tkref=2.0909: Summary: Optimization terminated successfully. after 7 it.
DEBUG:R0@tkref=2.0909: $$$$$$$$ CONFLICT LIST $$$$$$$$: []
INFO:R0: --------------------------
INFO:R0@tkref=4.1818: Time to solve stand alone optimization problem: 0.318110942841
INFO:R0@tkref=4.1818: N of unsatisfied eq: 3
INFO:R0@tkref=4.1818: N of unsatisfied ieq: 6
INFO:R0@tkref=4.1818: Summary: Optimization terminated successfully. after 7 it.
DEBUG:R0@tkref=4.1818: $$$$$$$$ CONFLICT LIST $$$$$$$$: []
INFO:R0: --------------------------
DEBUG:R0: LAST STEP
DEBUG:R0: Approx remaining dist: 1.40096412497
DEBUG:R0: Usual approx plan dist: 4.6
DEBUG:R0: Approx gain in dist: 3.19903587503
DEBUG:R0: Last step min dist: 0.5
INFO:R0: scale 0.304557418472 Ns 7 Nk 3
INFO:R0@tkref=6.2727: Time to solve stand alone optimization problem: 0.552366018295
INFO:R0@tkref=6.2727: N of unsatisfied eq: 10
INFO:R0@tkref=6.2727: N of unsatisfied ieq: 3
INFO:R0@tkref=6.2727: Summary: Iteration limit exceeded after 26 it.
DEBUG:R0@tkref=6.2727: $$$$$$$$ CONFLICT LIST $$$$$$$$: []
INFO:R0: Finished motion planning
INFO:R0: --------------------------
INFO:R0: TOT: 7.8452669738
INFO:R0: NSE: 4
INFO:R0: FIR: 1.6392159462
INFO:R0: LAS: 0.553189992905
INFO:R0: LMA: 1
INFO:R0: MAX: 0.318866014481
INFO:R0: MIN: 0.317306995392
INFO:R0: AVG: 0.318086504936
INFO:R0: RMP: 0.15250113736
INFO:R0: RMG: 0.264569127041
