DEBUG:R0: Using Tc_p = 0.49
DEBUG:R0: Using Tc_d = 0.49
INFO:R0: Init motion planning
INFO:R0@tkref=0.0000: Time to solve stand alone optimization problem: 1.51720309258
INFO:R0@tkref=0.0000: N of unsatisfied eq: 5
INFO:R0@tkref=0.0000: N of unsatisfied ieq: 9
INFO:R0@tkref=0.0000: Summary: Iteration limit exceeded after 41 it.
DEBUG:R0@tkref=0.0000: $$$$$$$$ CONFLICT LIST $$$$$$$$: []
INFO:R0: --------------------------
INFO:R0@tkref=0.4900: Time to solve stand alone optimization problem: 0.255048036575
INFO:R0@tkref=0.4900: N of unsatisfied eq: 2
INFO:R0@tkref=0.4900: N of unsatisfied ieq: 8
INFO:R0@tkref=0.4900: Summary: Optimization terminated successfully. after 7 it.
DEBUG:R0@tkref=0.4900: $$$$$$$$ CONFLICT LIST $$$$$$$$: []
INFO:R0: --------------------------
INFO:R0@tkref=0.9800: Time to solve stand alone optimization problem: 0.293338060379
INFO:R0@tkref=0.9800: N of unsatisfied eq: 2
INFO:R0@tkref=0.9800: N of unsatisfied ieq: 8
INFO:R0@tkref=0.9800: Summary: Optimization terminated successfully. after 7 it.
DEBUG:R0@tkref=0.9800: $$$$$$$$ CONFLICT LIST $$$$$$$$: []
INFO:R0: --------------------------
INFO:R0@tkref=1.4700: Time to solve stand alone optimization problem: 0.257109880447
INFO:R0@tkref=1.4700: N of unsatisfied eq: 2
INFO:R0@tkref=1.4700: N of unsatisfied ieq: 8
INFO:R0@tkref=1.4700: Summary: Optimization terminated successfully. after 6 it.
DEBUG:R0@tkref=1.4700: $$$$$$$$ CONFLICT LIST $$$$$$$$: []
INFO:R0: --------------------------
INFO:R0@tkref=1.9600: Time to solve stand alone optimization problem: 0.415854930878
INFO:R0@tkref=1.9600: N of unsatisfied eq: 2
INFO:R0@tkref=1.9600: N of unsatisfied ieq: 7
INFO:R0@tkref=1.9600: Summary: Optimization terminated successfully. after 10 it.
DEBUG:R0@tkref=1.9600: $$$$$$$$ CONFLICT LIST $$$$$$$$: []
INFO:R0: --------------------------
INFO:R0@tkref=2.4500: Time to solve stand alone optimization problem: 0.213601827621
INFO:R0@tkref=2.4500: N of unsatisfied eq: 3
INFO:R0@tkref=2.4500: N of unsatisfied ieq: 7
INFO:R0@tkref=2.4500: Summary: Optimization terminated successfully. after 5 it.
DEBUG:R0@tkref=2.4500: $$$$$$$$ CONFLICT LIST $$$$$$$$: []
INFO:R0: --------------------------
INFO:R0@tkref=2.9400: Time to solve stand alone optimization problem: 0.506880998611
INFO:R0@tkref=2.9400: N of unsatisfied eq: 2
INFO:R0@tkref=2.9400: N of unsatisfied ieq: 8
INFO:R0@tkref=2.9400: Summary: Optimization terminated successfully. after 12 it.
DEBUG:R0@tkref=2.9400: $$$$$$$$ CONFLICT LIST $$$$$$$$: []
INFO:R0: --------------------------
INFO:R0@tkref=3.4300: Time to solve stand alone optimization problem: 0.295985937119
INFO:R0@tkref=3.4300: N of unsatisfied eq: 2
INFO:R0@tkref=3.4300: N of unsatisfied ieq: 8
INFO:R0@tkref=3.4300: Summary: Optimization terminated successfully. after 7 it.
DEBUG:R0@tkref=3.4300: $$$$$$$$ CONFLICT LIST $$$$$$$$: []
INFO:R0: --------------------------
INFO:R0@tkref=3.9200: Time to solve stand alone optimization problem: 0.417110919952
INFO:R0@tkref=3.9200: N of unsatisfied eq: 1
INFO:R0@tkref=3.9200: N of unsatisfied ieq: 8
INFO:R0@tkref=3.9200: Summary: Optimization terminated successfully. after 10 it.
DEBUG:R0@tkref=3.9200: $$$$$$$$ CONFLICT LIST $$$$$$$$: []
INFO:R0: --------------------------
INFO:R0@tkref=4.4100: Time to solve stand alone optimization problem: 0.420376062393
INFO:R0@tkref=4.4100: N of unsatisfied eq: 2
INFO:R0@tkref=4.4100: N of unsatisfied ieq: 8
INFO:R0@tkref=4.4100: Summary: Optimization terminated successfully. after 10 it.
DEBUG:R0@tkref=4.4100: $$$$$$$$ CONFLICT LIST $$$$$$$$: []
INFO:R0: --------------------------
INFO:R0@tkref=4.9000: Time to solve stand alone optimization problem: 0.127923965454
INFO:R0@tkref=4.9000: N of unsatisfied eq: 3
INFO:R0@tkref=4.9000: N of unsatisfied ieq: 7
INFO:R0@tkref=4.9000: Summary: Optimization terminated successfully. after 3 it.
DEBUG:R0@tkref=4.9000: $$$$$$$$ CONFLICT LIST $$$$$$$$: []
INFO:R0: --------------------------
INFO:R0@tkref=5.3900: Time to solve stand alone optimization problem: 0.130855083466
INFO:R0@tkref=5.3900: N of unsatisfied eq: 3
INFO:R0@tkref=5.3900: N of unsatisfied ieq: 7
INFO:R0@tkref=5.3900: Summary: Optimization terminated successfully. after 3 it.
DEBUG:R0@tkref=5.3900: $$$$$$$$ CONFLICT LIST $$$$$$$$: []
INFO:R0: --------------------------
INFO:R0@tkref=5.8800: Time to solve stand alone optimization problem: 0.127971172333
INFO:R0@tkref=5.8800: N of unsatisfied eq: 3
INFO:R0@tkref=5.8800: N of unsatisfied ieq: 5
INFO:R0@tkref=5.8800: Summary: Optimization terminated successfully. after 3 it.
DEBUG:R0@tkref=5.8800: $$$$$$$$ CONFLICT LIST $$$$$$$$: []
INFO:R0: --------------------------
INFO:R0@tkref=6.3700: Time to solve stand alone optimization problem: 0.086592912674
INFO:R0@tkref=6.3700: N of unsatisfied eq: 3
INFO:R0@tkref=6.3700: N of unsatisfied ieq: 7
INFO:R0@tkref=6.3700: Summary: Optimization terminated successfully. after 2 it.
DEBUG:R0@tkref=6.3700: $$$$$$$$ CONFLICT LIST $$$$$$$$: []
INFO:R0: --------------------------
DEBUG:R0: LAST STEP
DEBUG:R0: Approx remaining dist: 0.79827669209
DEBUG:R0: Usual approx plan dist: 4.9
DEBUG:R0: Approx gain in dist: 4.10172330791
DEBUG:R0: Last step min dist: 0.5
INFO:R0: scale 0.162913610631 Ns 7 Nk 3
INFO:R0@tkref=6.8600: Time to solve stand alone optimization problem: 0.489346027374
INFO:R0@tkref=6.8600: N of unsatisfied eq: 10
INFO:R0@tkref=6.8600: N of unsatisfied ieq: 4
INFO:R0@tkref=6.8600: Summary: Iteration limit exceeded after 26 it.
DEBUG:R0@tkref=6.8600: $$$$$$$$ CONFLICT LIST $$$$$$$$: []
INFO:R0: Finished motion planning
INFO:R0: --------------------------
INFO:R0: TOT: 7.75199466281
INFO:R0: NSE: 15
INFO:R0: FIR: 1.51839613914
INFO:R0: LAS: 0.490134000778
INFO:R0: LMA: 0
INFO:R0: MAX: 0.507665157318
INFO:R0: MIN: 0.0872979164124
INFO:R0: AVG: 0.273737045435
INFO:R0: RMP: 1.03605134147
INFO:R0: RMG: 1.03605134147
