DEBUG:R0: Using Tc_p = 1.68888888889
DEBUG:R0: Using Tc_d = 1.68888888889
INFO:R0: Init motion planning
INFO:R0@tkref=0.0000: Time to solve stand alone optimization problem: 0.850800991058
INFO:R0@tkref=0.0000: N of unsatisfied eq: 4
INFO:R0@tkref=0.0000: N of unsatisfied ieq: 5
INFO:R0@tkref=0.0000: Summary: Iteration limit exceeded after 41 it.
DEBUG:R0@tkref=0.0000: $$$$$$$$ CONFLICT LIST $$$$$$$$: []
INFO:R0: --------------------------
INFO:R0@tkref=1.6889: Time to solve stand alone optimization problem: 0.0611860752106
INFO:R0@tkref=1.6889: N of unsatisfied eq: 3
INFO:R0@tkref=1.6889: N of unsatisfied ieq: 6
INFO:R0@tkref=1.6889: Summary: Optimization terminated successfully. after 3 it.
DEBUG:R0@tkref=1.6889: $$$$$$$$ CONFLICT LIST $$$$$$$$: []
INFO:R0: --------------------------
INFO:R0@tkref=3.3778: Time to solve stand alone optimization problem: 0.021537065506
INFO:R0@tkref=3.3778: N of unsatisfied eq: 3
INFO:R0@tkref=3.3778: N of unsatisfied ieq: 4
INFO:R0@tkref=3.3778: Summary: Optimization terminated successfully. after 1 it.
DEBUG:R0@tkref=3.3778: $$$$$$$$ CONFLICT LIST $$$$$$$$: []
INFO:R0: --------------------------
DEBUG:R0: LAST STEP
DEBUG:R0: Approx remaining dist: 2.1837366717
DEBUG:R0: Usual approx plan dist: 3.8
DEBUG:R0: Approx gain in dist: 1.6162633283
DEBUG:R0: Last step min dist: 0.5
INFO:R0: scale 0.574667545184 Ns 7 Nk 3
INFO:R0@tkref=5.0667: Time to solve stand alone optimization problem: 0.355760097504
INFO:R0@tkref=5.0667: N of unsatisfied eq: 10
INFO:R0@tkref=5.0667: N of unsatisfied ieq: 4
INFO:R0@tkref=5.0667: Summary: Iteration limit exceeded after 26 it.
DEBUG:R0@tkref=5.0667: $$$$$$$$ CONFLICT LIST $$$$$$$$: []
INFO:R0: Finished motion planning
INFO:R0: --------------------------
INFO:R0: TOT: 7.52116046223
INFO:R0: NSE: 4
INFO:R0: FIR: 0.852365970612
INFO:R0: LAS: 0.356491088867
INFO:R0: LMA: 1
INFO:R0: MAX: 0.0618481636047
INFO:R0: MIN: 0.0221688747406
INFO:R0: AVG: 0.0420085191727
INFO:R0: RMP: 0.036620623187
INFO:R0: RMG: 0.211080249987
