DEBUG:R0: Using Tc_p = 2.31
DEBUG:R0: Using Tc_d = 2.31
INFO:R0: Init motion planning
INFO:R0@tkref=0.0000: Time to solve stand alone optimization problem: 1.47763991356
INFO:R0@tkref=0.0000: N of unsatisfied eq: 4
INFO:R0@tkref=0.0000: N of unsatisfied ieq: 9
INFO:R0@tkref=0.0000: Summary: Iteration limit exceeded after 41 it.
DEBUG:R0@tkref=0.0000: $$$$$$$$ CONFLICT LIST $$$$$$$$: []
INFO:R0: --------------------------
INFO:R0@tkref=2.3100: Time to solve stand alone optimization problem: 0.316394805908
INFO:R0@tkref=2.3100: N of unsatisfied eq: 2
INFO:R0@tkref=2.3100: N of unsatisfied ieq: 7
INFO:R0@tkref=2.3100: Summary: Optimization terminated successfully. after 8 it.
DEBUG:R0@tkref=2.3100: $$$$$$$$ CONFLICT LIST $$$$$$$$: []
INFO:R0: --------------------------
INFO:R0@tkref=4.6200: Time to solve stand alone optimization problem: 0.123883008957
INFO:R0@tkref=4.6200: N of unsatisfied eq: 3
INFO:R0@tkref=4.6200: N of unsatisfied ieq: 7
INFO:R0@tkref=4.6200: Summary: Optimization terminated successfully. after 3 it.
DEBUG:R0@tkref=4.6200: $$$$$$$$ CONFLICT LIST $$$$$$$$: []
INFO:R0: --------------------------
DEBUG:R0: LAST STEP
DEBUG:R0: Approx remaining dist: 0.54999108025
DEBUG:R0: Usual approx plan dist: 3.3
DEBUG:R0: Approx gain in dist: 2.75000891975
DEBUG:R0: Last step min dist: 0.5
INFO:R0: scale 0.166663963712 Ns 7 Nk 3
INFO:R0@tkref=6.9300: Time to solve stand alone optimization problem: 0.516942977905
INFO:R0@tkref=6.9300: N of unsatisfied eq: 10
INFO:R0@tkref=6.9300: N of unsatisfied ieq: 4
INFO:R0@tkref=6.9300: Summary: Iteration limit exceeded after 26 it.
DEBUG:R0@tkref=6.9300: $$$$$$$$ CONFLICT LIST $$$$$$$$: []
INFO:R0: Finished motion planning
INFO:R0: --------------------------
INFO:R0: TOT: 7.54809903528
INFO:R0: NSE: 4
INFO:R0: FIR: 1.47949194908
INFO:R0: LAS: 0.517796993256
INFO:R0: LMA: 1
INFO:R0: MAX: 0.317253112793
INFO:R0: MIN: 0.124721050262
INFO:R0: AVG: 0.220987081528
INFO:R0: RMP: 0.137339009867
INFO:R0: RMG: 0.224154542535
