DEBUG:R0: Using Tc_p = 1.26
DEBUG:R0: Using Tc_d = 1.26
INFO:R0: Init motion planning
INFO:R0@tkref=0.0000: Time to solve stand alone optimization problem: 2.46641087532
INFO:R0@tkref=0.0000: N of unsatisfied eq: 5
INFO:R0@tkref=0.0000: N of unsatisfied ieq: 9
INFO:R0@tkref=0.0000: Summary: Iteration limit exceeded after 41 it.
DEBUG:R0@tkref=0.0000: $$$$$$$$ CONFLICT LIST $$$$$$$$: []
INFO:R0: --------------------------
INFO:R0@tkref=1.2600: Time to solve stand alone optimization problem: 0.699733972549
INFO:R0@tkref=1.2600: N of unsatisfied eq: 2
INFO:R0@tkref=1.2600: N of unsatisfied ieq: 9
INFO:R0@tkref=1.2600: Summary: Optimization terminated successfully. after 11 it.
DEBUG:R0@tkref=1.2600: $$$$$$$$ CONFLICT LIST $$$$$$$$: []
INFO:R0: --------------------------
INFO:R0@tkref=2.5200: Time to solve stand alone optimization problem: 0.76902794838
INFO:R0@tkref=2.5200: N of unsatisfied eq: 3
INFO:R0@tkref=2.5200: N of unsatisfied ieq: 8
INFO:R0@tkref=2.5200: Summary: Optimization terminated successfully. after 12 it.
DEBUG:R0@tkref=2.5200: $$$$$$$$ CONFLICT LIST $$$$$$$$: []
INFO:R0: --------------------------
INFO:R0@tkref=3.7800: Time to solve stand alone optimization problem: 0.448809862137
INFO:R0@tkref=3.7800: N of unsatisfied eq: 2
INFO:R0@tkref=3.7800: N of unsatisfied ieq: 7
INFO:R0@tkref=3.7800: Summary: Optimization terminated successfully. after 7 it.
DEBUG:R0@tkref=3.7800: $$$$$$$$ CONFLICT LIST $$$$$$$$: []
INFO:R0: --------------------------
INFO:R0@tkref=5.0400: Time to solve stand alone optimization problem: 0.51521396637
INFO:R0@tkref=5.0400: N of unsatisfied eq: 3
INFO:R0@tkref=5.0400: N of unsatisfied ieq: 8
INFO:R0@tkref=5.0400: Summary: Optimization terminated successfully. after 8 it.
DEBUG:R0@tkref=5.0400: $$$$$$$$ CONFLICT LIST $$$$$$$$: []
INFO:R0: --------------------------
INFO:R0@tkref=6.3000: Time to solve stand alone optimization problem: 0.155248880386
INFO:R0@tkref=6.3000: N of unsatisfied eq: 3
INFO:R0@tkref=6.3000: N of unsatisfied ieq: 6
INFO:R0@tkref=6.3000: Summary: Optimization terminated successfully. after 3 it.
DEBUG:R0@tkref=6.3000: $$$$$$$$ CONFLICT LIST $$$$$$$$: []
INFO:R0: --------------------------
DEBUG:R0: LAST STEP
DEBUG:R0: Approx remaining dist: 0.386265273118
DEBUG:R0: Usual approx plan dist: 4.2
DEBUG:R0: Approx gain in dist: 3.81373472688
DEBUG:R0: Last step min dist: 0.5
INFO:R0: scale 0.091967922171 Ns 7 Nk 3
INFO:R0@tkref=7.5600: Time to solve stand alone optimization problem: 0.58376789093
INFO:R0@tkref=7.5600: N of unsatisfied eq: 10
INFO:R0@tkref=7.5600: N of unsatisfied ieq: 1
INFO:R0@tkref=7.5600: Summary: Iteration limit exceeded after 26 it.
DEBUG:R0@tkref=7.5600: $$$$$$$$ CONFLICT LIST $$$$$$$$: []
INFO:R0: Finished motion planning
INFO:R0: --------------------------
INFO:R0: TOT: 8.02757764747
INFO:R0: NSE: 7
INFO:R0: FIR: 2.46769094467
INFO:R0: LAS: 0.584654092789
INFO:R0: LMA: 0
INFO:R0: MAX: 0.769913911819
INFO:R0: MIN: 0.156122922897
INFO:R0: AVG: 0.518475389481
INFO:R0: RMP: 0.611042787158
INFO:R0: RMG: 0.611042787158
