DEBUG:R0: Using Tc_p = 0.7
DEBUG:R0: Using Tc_d = 0.7
INFO:R0: Init motion planning
INFO:R0@tkref=0.0000: Time to solve stand alone optimization problem: 1.64607691765
INFO:R0@tkref=0.0000: N of unsatisfied eq: 4
INFO:R0@tkref=0.0000: N of unsatisfied ieq: 8
INFO:R0@tkref=0.0000: Summary: Iteration limit exceeded after 41 it.
DEBUG:R0@tkref=0.0000: $$$$$$$$ CONFLICT LIST $$$$$$$$: []
INFO:R0: --------------------------
INFO:R0@tkref=0.7000: Time to solve stand alone optimization problem: 0.0389029979706
INFO:R0@tkref=0.7000: N of unsatisfied eq: 3
INFO:R0@tkref=0.7000: N of unsatisfied ieq: 5
INFO:R0@tkref=0.7000: Summary: Optimization terminated successfully. after 1 it.
DEBUG:R0@tkref=0.7000: $$$$$$$$ CONFLICT LIST $$$$$$$$: []
INFO:R0: --------------------------
INFO:R0@tkref=1.4000: Time to solve stand alone optimization problem: 0.04270195961
INFO:R0@tkref=1.4000: N of unsatisfied eq: 4
INFO:R0@tkref=1.4000: N of unsatisfied ieq: 7
INFO:R0@tkref=1.4000: Summary: Optimization terminated successfully. after 1 it.
DEBUG:R0@tkref=1.4000: $$$$$$$$ CONFLICT LIST $$$$$$$$: []
INFO:R0: --------------------------
INFO:R0@tkref=2.1000: Time to solve stand alone optimization problem: 0.0443749427795
INFO:R0@tkref=2.1000: N of unsatisfied eq: 3
INFO:R0@tkref=2.1000: N of unsatisfied ieq: 5
INFO:R0@tkref=2.1000: Summary: Optimization terminated successfully. after 1 it.
DEBUG:R0@tkref=2.1000: $$$$$$$$ CONFLICT LIST $$$$$$$$: []
INFO:R0: --------------------------
INFO:R0@tkref=2.8000: Time to solve stand alone optimization problem: 0.347481012344
INFO:R0@tkref=2.8000: N of unsatisfied eq: 2
INFO:R0@tkref=2.8000: N of unsatisfied ieq: 7
INFO:R0@tkref=2.8000: Summary: Optimization terminated successfully. after 8 it.
DEBUG:R0@tkref=2.8000: $$$$$$$$ CONFLICT LIST $$$$$$$$: []
INFO:R0: --------------------------
INFO:R0@tkref=3.5000: Time to solve stand alone optimization problem: 0.341396808624
INFO:R0@tkref=3.5000: N of unsatisfied eq: 3
INFO:R0@tkref=3.5000: N of unsatisfied ieq: 7
INFO:R0@tkref=3.5000: Summary: Optimization terminated successfully. after 7 it.
DEBUG:R0@tkref=3.5000: $$$$$$$$ CONFLICT LIST $$$$$$$$: []
INFO:R0: --------------------------
INFO:R0@tkref=4.2000: Time to solve stand alone optimization problem: 0.337087154388
INFO:R0@tkref=4.2000: N of unsatisfied eq: 3
INFO:R0@tkref=4.2000: N of unsatisfied ieq: 8
INFO:R0@tkref=4.2000: Summary: Optimization terminated successfully. after 7 it.
DEBUG:R0@tkref=4.2000: $$$$$$$$ CONFLICT LIST $$$$$$$$: []
INFO:R0: --------------------------
INFO:R0@tkref=4.9000: Time to solve stand alone optimization problem: 0.1265001297
INFO:R0@tkref=4.9000: N of unsatisfied eq: 3
INFO:R0@tkref=4.9000: N of unsatisfied ieq: 8
INFO:R0@tkref=4.9000: Summary: Optimization terminated successfully. after 3 it.
DEBUG:R0@tkref=4.9000: $$$$$$$$ CONFLICT LIST $$$$$$$$: []
INFO:R0: --------------------------
INFO:R0@tkref=5.6000: Time to solve stand alone optimization problem: 0.220517873764
INFO:R0@tkref=5.6000: N of unsatisfied eq: 3
INFO:R0@tkref=5.6000: N of unsatisfied ieq: 9
INFO:R0@tkref=5.6000: Summary: Optimization terminated successfully. after 5 it.
DEBUG:R0@tkref=5.6000: $$$$$$$$ CONFLICT LIST $$$$$$$$: []
INFO:R0: --------------------------
DEBUG:R0: LAST STEP
DEBUG:R0: Approx remaining dist: 1.03020864852
DEBUG:R0: Usual approx plan dist: 1.1
DEBUG:R0: Approx gain in dist: 0.0697913514803
DEBUG:R0: Last step min dist: 0.5
INFO:R0: scale 0.936553316836 Ns 11 Nk 5
INFO:R0@tkref=6.3000: Time to solve stand alone optimization problem: 1.08372306824
INFO:R0@tkref=6.3000: N of unsatisfied eq: 10
INFO:R0@tkref=6.3000: N of unsatisfied ieq: 8
INFO:R0@tkref=6.3000: Summary: Iteration limit exceeded after 26 it.
DEBUG:R0@tkref=6.3000: $$$$$$$$ CONFLICT LIST $$$$$$$$: []
INFO:R0: Finished motion planning
INFO:R0: --------------------------
INFO:R0: TOT: 7.4011610691
INFO:R0: NSE: 10
INFO:R0: FIR: 1.64735913277
INFO:R0: LAS: 1.0845811367
INFO:R0: LMA: 1
INFO:R0: MAX: 0.349045038223
INFO:R0: MIN: 0.0396621227264
INFO:R0: AVG: 0.188305109739
INFO:R0: RMP: 0.49863576889
INFO:R0: RMG: 1.54940162386
