DEBUG:R0: Using Tc_p = 2.56363636364
DEBUG:R0: Using Tc_d = 2.56363636364
INFO:R0: Init motion planning
INFO:R0@tkref=0.0000: Time to solve stand alone optimization problem: 2.50004506111
INFO:R0@tkref=0.0000: N of unsatisfied eq: 5
INFO:R0@tkref=0.0000: N of unsatisfied ieq: 8
INFO:R0@tkref=0.0000: Summary: Iteration limit exceeded after 41 it.
DEBUG:R0@tkref=0.0000: $$$$$$$$ CONFLICT LIST $$$$$$$$: []
INFO:R0: --------------------------
INFO:R0@tkref=2.5636: Time to solve stand alone optimization problem: 0.78561091423
INFO:R0@tkref=2.5636: N of unsatisfied eq: 1
INFO:R0@tkref=2.5636: N of unsatisfied ieq: 8
INFO:R0@tkref=2.5636: Summary: Optimization terminated successfully. after 12 it.
DEBUG:R0@tkref=2.5636: $$$$$$$$ CONFLICT LIST $$$$$$$$: []
INFO:R0: --------------------------
DEBUG:R0: LAST STEP
DEBUG:R0: Approx remaining dist: 2.54791143254
DEBUG:R0: Usual approx plan dist: 4.7
DEBUG:R0: Approx gain in dist: 2.15208856746
DEBUG:R0: Last step min dist: 0.5
INFO:R0: scale 0.542108815435 Ns 7 Nk 3
INFO:R0@tkref=5.1273: Time to solve stand alone optimization problem: 0.744092941284
INFO:R0@tkref=5.1273: N of unsatisfied eq: 10
INFO:R0@tkref=5.1273: N of unsatisfied ieq: 3
INFO:R0@tkref=5.1273: Summary: Iteration limit exceeded after 26 it.
DEBUG:R0@tkref=5.1273: $$$$$$$$ CONFLICT LIST $$$$$$$$: []
INFO:R0: Finished motion planning
INFO:R0: --------------------------
INFO:R0: TOT: 8.24232735578
INFO:R0: NSE: 3
INFO:R0: FIR: 2.50135302544
INFO:R0: LAS: 0.744997024536
INFO:R0: LMA: 0
INFO:R0: MAX: 0.786484003067
INFO:R0: MIN: 0.786484003067
INFO:R0: AVG: 0.786484003067
INFO:R0: RMP: 0.306784540203
INFO:R0: RMG: 0.306784540203
