DEBUG:R0: Using Tc_p = 0.566666666667
DEBUG:R0: Using Tc_d = 0.566666666667
INFO:R0: Init motion planning
INFO:R0@tkref=0.0000: Time to solve stand alone optimization problem: 0.958930969238
INFO:R0@tkref=0.0000: N of unsatisfied eq: 5
INFO:R0@tkref=0.0000: N of unsatisfied ieq: 6
INFO:R0@tkref=0.0000: Summary: Iteration limit exceeded after 41 it.
DEBUG:R0@tkref=0.0000: $$$$$$$$ CONFLICT LIST $$$$$$$$: []
INFO:R0: --------------------------
INFO:R0@tkref=0.5667: Time to solve stand alone optimization problem: 0.0948350429535
INFO:R0@tkref=0.5667: N of unsatisfied eq: 3
INFO:R0@tkref=0.5667: N of unsatisfied ieq: 7
INFO:R0@tkref=0.5667: Summary: Optimization terminated successfully. after 4 it.
DEBUG:R0@tkref=0.5667: $$$$$$$$ CONFLICT LIST $$$$$$$$: []
INFO:R0: --------------------------
INFO:R0@tkref=1.1333: Time to solve stand alone optimization problem: 0.0243189334869
INFO:R0@tkref=1.1333: N of unsatisfied eq: 3
INFO:R0@tkref=1.1333: N of unsatisfied ieq: 6
INFO:R0@tkref=1.1333: Summary: Optimization terminated successfully. after 1 it.
DEBUG:R0@tkref=1.1333: $$$$$$$$ CONFLICT LIST $$$$$$$$: []
INFO:R0: --------------------------
INFO:R0@tkref=1.7000: Time to solve stand alone optimization problem: 0.0230820178986
INFO:R0@tkref=1.7000: N of unsatisfied eq: 4
INFO:R0@tkref=1.7000: N of unsatisfied ieq: 4
INFO:R0@tkref=1.7000: Summary: Optimization terminated successfully. after 1 it.
DEBUG:R0@tkref=1.7000: $$$$$$$$ CONFLICT LIST $$$$$$$$: []
INFO:R0: --------------------------
INFO:R0@tkref=2.2667: Time to solve stand alone optimization problem: 0.0232779979706
INFO:R0@tkref=2.2667: N of unsatisfied eq: 4
INFO:R0@tkref=2.2667: N of unsatisfied ieq: 6
INFO:R0@tkref=2.2667: Summary: Optimization terminated successfully. after 1 it.
DEBUG:R0@tkref=2.2667: $$$$$$$$ CONFLICT LIST $$$$$$$$: []
INFO:R0: --------------------------
INFO:R0@tkref=2.8333: Time to solve stand alone optimization problem: 0.0233581066132
INFO:R0@tkref=2.8333: N of unsatisfied eq: 4
INFO:R0@tkref=2.8333: N of unsatisfied ieq: 7
INFO:R0@tkref=2.8333: Summary: Optimization terminated successfully. after 1 it.
DEBUG:R0@tkref=2.8333: $$$$$$$$ CONFLICT LIST $$$$$$$$: []
INFO:R0: --------------------------
INFO:R0@tkref=3.4000: Time to solve stand alone optimization problem: 0.0231580734253
INFO:R0@tkref=3.4000: N of unsatisfied eq: 5
INFO:R0@tkref=3.4000: N of unsatisfied ieq: 6
INFO:R0@tkref=3.4000: Summary: Optimization terminated successfully. after 1 it.
DEBUG:R0@tkref=3.4000: $$$$$$$$ CONFLICT LIST $$$$$$$$: []
INFO:R0: --------------------------
INFO:R0@tkref=3.9667: Time to solve stand alone optimization problem: 0.0232260227203
INFO:R0@tkref=3.9667: N of unsatisfied eq: 4
INFO:R0@tkref=3.9667: N of unsatisfied ieq: 5
INFO:R0@tkref=3.9667: Summary: Optimization terminated successfully. after 1 it.
DEBUG:R0@tkref=3.9667: $$$$$$$$ CONFLICT LIST $$$$$$$$: []
INFO:R0: --------------------------
INFO:R0@tkref=4.5333: Time to solve stand alone optimization problem: 0.0229520797729
INFO:R0@tkref=4.5333: N of unsatisfied eq: 3
INFO:R0@tkref=4.5333: N of unsatisfied ieq: 6
INFO:R0@tkref=4.5333: Summary: Optimization terminated successfully. after 1 it.
DEBUG:R0@tkref=4.5333: $$$$$$$$ CONFLICT LIST $$$$$$$$: []
INFO:R0: --------------------------
INFO:R0@tkref=5.1000: Time to solve stand alone optimization problem: 0.0229349136353
INFO:R0@tkref=5.1000: N of unsatisfied eq: 3
INFO:R0@tkref=5.1000: N of unsatisfied ieq: 7
INFO:R0@tkref=5.1000: Summary: Optimization terminated successfully. after 1 it.
DEBUG:R0@tkref=5.1000: $$$$$$$$ CONFLICT LIST $$$$$$$$: []
INFO:R0: --------------------------
INFO:R0@tkref=5.6667: Time to solve stand alone optimization problem: 0.0231599807739
INFO:R0@tkref=5.6667: N of unsatisfied eq: 4
INFO:R0@tkref=5.6667: N of unsatisfied ieq: 6
INFO:R0@tkref=5.6667: Summary: Optimization terminated successfully. after 1 it.
DEBUG:R0@tkref=5.6667: $$$$$$$$ CONFLICT LIST $$$$$$$$: []
INFO:R0: --------------------------
DEBUG:R0: LAST STEP
DEBUG:R0: Approx remaining dist: 0.842411770588
DEBUG:R0: Usual approx plan dist: 1.7
DEBUG:R0: Approx gain in dist: 0.857588229412
DEBUG:R0: Last step min dist: 0.5
INFO:R0: scale 0.49553633564 Ns 7 Nk 3
INFO:R0@tkref=6.2333: Time to solve stand alone optimization problem: 0.369651079178
INFO:R0@tkref=6.2333: N of unsatisfied eq: 10
INFO:R0@tkref=6.2333: N of unsatisfied ieq: 4
INFO:R0@tkref=6.2333: Summary: Iteration limit exceeded after 26 it.
DEBUG:R0@tkref=6.2333: $$$$$$$$ CONFLICT LIST $$$$$$$$: []
INFO:R0: Finished motion planning
INFO:R0: --------------------------
INFO:R0: TOT: 7.18006711881
INFO:R0: NSE: 12
INFO:R0: FIR: 0.960266828537
INFO:R0: LAS: 0.370417118073
INFO:R0: LMA: 1
INFO:R0: MAX: 0.0955891609192
INFO:R0: MIN: 0.0235829353333
INFO:R0: AVG: 0.0310867071152
INFO:R0: RMP: 0.168686754563
INFO:R0: RMG: 0.653677267187
