DEBUG:R0: Using Tc_p = 0.672727272727
DEBUG:R0: Using Tc_d = 0.672727272727
INFO:R0: Init motion planning
INFO:R0@tkref=0.0000: Time to solve stand alone optimization problem: 1.04815220833
INFO:R0@tkref=0.0000: N of unsatisfied eq: 4
INFO:R0@tkref=0.0000: N of unsatisfied ieq: 10
INFO:R0@tkref=0.0000: Summary: Iteration limit exceeded after 41 it.
DEBUG:R0@tkref=0.0000: $$$$$$$$ CONFLICT LIST $$$$$$$$: []
INFO:R0: --------------------------
INFO:R0@tkref=0.6727: Time to solve stand alone optimization problem: 0.0267448425293
INFO:R0@tkref=0.6727: N of unsatisfied eq: 3
INFO:R0@tkref=0.6727: N of unsatisfied ieq: 6
INFO:R0@tkref=0.6727: Summary: Optimization terminated successfully. after 1 it.
DEBUG:R0@tkref=0.6727: $$$$$$$$ CONFLICT LIST $$$$$$$$: []
INFO:R0: --------------------------
INFO:R0@tkref=1.3455: Time to solve stand alone optimization problem: 0.0268909931183
INFO:R0@tkref=1.3455: N of unsatisfied eq: 3
INFO:R0@tkref=1.3455: N of unsatisfied ieq: 7
INFO:R0@tkref=1.3455: Summary: Optimization terminated successfully. after 1 it.
DEBUG:R0@tkref=1.3455: $$$$$$$$ CONFLICT LIST $$$$$$$$: []
INFO:R0: --------------------------
INFO:R0@tkref=2.0182: Time to solve stand alone optimization problem: 0.0514969825745
INFO:R0@tkref=2.0182: N of unsatisfied eq: 3
INFO:R0@tkref=2.0182: N of unsatisfied ieq: 9
INFO:R0@tkref=2.0182: Summary: Optimization terminated successfully. after 2 it.
DEBUG:R0@tkref=2.0182: $$$$$$$$ CONFLICT LIST $$$$$$$$: []
INFO:R0: --------------------------
INFO:R0@tkref=2.6909: Time to solve stand alone optimization problem: 0.0281920433044
INFO:R0@tkref=2.6909: N of unsatisfied eq: 3
INFO:R0@tkref=2.6909: N of unsatisfied ieq: 7
INFO:R0@tkref=2.6909: Summary: Optimization terminated successfully. after 1 it.
DEBUG:R0@tkref=2.6909: $$$$$$$$ CONFLICT LIST $$$$$$$$: []
INFO:R0: --------------------------
INFO:R0@tkref=3.3636: Time to solve stand alone optimization problem: 0.0263910293579
INFO:R0@tkref=3.3636: N of unsatisfied eq: 3
INFO:R0@tkref=3.3636: N of unsatisfied ieq: 7
INFO:R0@tkref=3.3636: Summary: Optimization terminated successfully. after 1 it.
DEBUG:R0@tkref=3.3636: $$$$$$$$ CONFLICT LIST $$$$$$$$: []
INFO:R0: --------------------------
INFO:R0@tkref=4.0364: Time to solve stand alone optimization problem: 0.0267241001129
INFO:R0@tkref=4.0364: N of unsatisfied eq: 3
INFO:R0@tkref=4.0364: N of unsatisfied ieq: 6
INFO:R0@tkref=4.0364: Summary: Optimization terminated successfully. after 1 it.
DEBUG:R0@tkref=4.0364: $$$$$$$$ CONFLICT LIST $$$$$$$$: []
INFO:R0: --------------------------
INFO:R0@tkref=4.7091: Time to solve stand alone optimization problem: 0.0268380641937
INFO:R0@tkref=4.7091: N of unsatisfied eq: 3
INFO:R0@tkref=4.7091: N of unsatisfied ieq: 6
INFO:R0@tkref=4.7091: Summary: Optimization terminated successfully. after 1 it.
DEBUG:R0@tkref=4.7091: $$$$$$$$ CONFLICT LIST $$$$$$$$: []
INFO:R0: --------------------------
INFO:R0@tkref=5.3818: Time to solve stand alone optimization problem: 0.0267601013184
INFO:R0@tkref=5.3818: N of unsatisfied eq: 3
INFO:R0@tkref=5.3818: N of unsatisfied ieq: 6
INFO:R0@tkref=5.3818: Summary: Optimization terminated successfully. after 1 it.
DEBUG:R0@tkref=5.3818: $$$$$$$$ CONFLICT LIST $$$$$$$$: []
INFO:R0: --------------------------
INFO:R0@tkref=6.0545: Time to solve stand alone optimization problem: 0.0254819393158
INFO:R0@tkref=6.0545: N of unsatisfied eq: 4
INFO:R0@tkref=6.0545: N of unsatisfied ieq: 6
INFO:R0@tkref=6.0545: Summary: Optimization terminated successfully. after 1 it.
DEBUG:R0@tkref=6.0545: $$$$$$$$ CONFLICT LIST $$$$$$$$: []
INFO:R0: --------------------------
DEBUG:R0: LAST STEP
DEBUG:R0: Approx remaining dist: 0.478466334936
DEBUG:R0: Usual approx plan dist: 3.7
DEBUG:R0: Approx gain in dist: 3.22153366506
DEBUG:R0: Last step min dist: 0.5
INFO:R0: scale 0.129315225658 Ns 7 Nk 3
INFO:R0@tkref=6.7273: Time to solve stand alone optimization problem: 0.358042001724
INFO:R0@tkref=6.7273: N of unsatisfied eq: 10
INFO:R0@tkref=6.7273: N of unsatisfied ieq: 4
INFO:R0@tkref=6.7273: Summary: Iteration limit exceeded after 26 it.
DEBUG:R0@tkref=6.7273: $$$$$$$$ CONFLICT LIST $$$$$$$$: []
INFO:R0: Finished motion planning
INFO:R0: --------------------------
INFO:R0: TOT: 7.26497463584
INFO:R0: NSE: 11
INFO:R0: FIR: 1.04938006401
INFO:R0: LAS: 0.358818054199
INFO:R0: LMA: 1
INFO:R0: MAX: 0.0522890090942
INFO:R0: MIN: 0.0261361598969
INFO:R0: AVG: 0.0301919248369
INFO:R0: RMP: 0.0777269054104
INFO:R0: RMG: 0.533378188675
