DEBUG:R0: Using Tc_p = 2.28
DEBUG:R0: Using Tc_d = 2.28
INFO:R0: Init motion planning
INFO:R0@tkref=0.0000: Time to solve stand alone optimization problem: 2.4000210762
INFO:R0@tkref=0.0000: N of unsatisfied eq: 3
INFO:R0@tkref=0.0000: N of unsatisfied ieq: 5
INFO:R0@tkref=0.0000: Summary: Iteration limit exceeded after 41 it.
DEBUG:R0@tkref=0.0000: $$$$$$$$ CONFLICT LIST $$$$$$$$: []
INFO:R0: --------------------------
INFO:R0@tkref=2.2800: Time to solve stand alone optimization problem: 0.680372953415
INFO:R0@tkref=2.2800: N of unsatisfied eq: 3
INFO:R0@tkref=2.2800: N of unsatisfied ieq: 7
INFO:R0@tkref=2.2800: Summary: Optimization terminated successfully. after 11 it.
DEBUG:R0@tkref=2.2800: $$$$$$$$ CONFLICT LIST $$$$$$$$: []
INFO:R0: --------------------------
DEBUG:R0: LAST STEP
DEBUG:R0: Approx remaining dist: 2.89265989695
DEBUG:R0: Usual approx plan dist: 3.8
DEBUG:R0: Approx gain in dist: 0.907340103054
DEBUG:R0: Last step min dist: 0.5
INFO:R0: scale 0.76122628867 Ns 9 Nk 5
INFO:R0@tkref=4.5600: Time to solve stand alone optimization problem: 1.22609186172
INFO:R0@tkref=4.5600: N of unsatisfied eq: 10
INFO:R0@tkref=4.5600: N of unsatisfied ieq: 3
INFO:R0@tkref=4.5600: Summary: Iteration limit exceeded after 26 it.
DEBUG:R0@tkref=4.5600: $$$$$$$$ CONFLICT LIST $$$$$$$$: []
INFO:R0: Finished motion planning
INFO:R0: --------------------------
INFO:R0: TOT: 7.91831888672
INFO:R0: NSE: 3
INFO:R0: FIR: 2.40129613876
INFO:R0: LAS: 1.22698497772
INFO:R0: LMA: 1
INFO:R0: MAX: 0.681217908859
INFO:R0: MIN: 0.681217908859
INFO:R0: AVG: 0.681217908859
INFO:R0: RMP: 0.298779784587
INFO:R0: RMG: 0.538151306018
