DEBUG:R0: Using Tc_p = 1.96363636364
DEBUG:R0: Using Tc_d = 1.96363636364
INFO:R0: Init motion planning
INFO:R0@tkref=0.0000: Time to solve stand alone optimization problem: 0.955837965012
INFO:R0@tkref=0.0000: N of unsatisfied eq: 5
INFO:R0@tkref=0.0000: N of unsatisfied ieq: 8
INFO:R0@tkref=0.0000: Summary: Iteration limit exceeded after 41 it.
DEBUG:R0@tkref=0.0000: $$$$$$$$ CONFLICT LIST $$$$$$$$: []
INFO:R0: --------------------------
INFO:R0@tkref=1.9636: Time to solve stand alone optimization problem: 0.0246481895447
INFO:R0@tkref=1.9636: N of unsatisfied eq: 3
INFO:R0@tkref=1.9636: N of unsatisfied ieq: 4
INFO:R0@tkref=1.9636: Summary: Optimization terminated successfully. after 1 it.
DEBUG:R0@tkref=1.9636: $$$$$$$$ CONFLICT LIST $$$$$$$$: []
INFO:R0: --------------------------
INFO:R0@tkref=3.9273: Time to solve stand alone optimization problem: 0.0232410430908
INFO:R0@tkref=3.9273: N of unsatisfied eq: 5
INFO:R0@tkref=3.9273: N of unsatisfied ieq: 7
INFO:R0@tkref=3.9273: Summary: Optimization terminated successfully. after 1 it.
DEBUG:R0@tkref=3.9273: $$$$$$$$ CONFLICT LIST $$$$$$$$: []
INFO:R0: --------------------------
DEBUG:R0: LAST STEP
DEBUG:R0: Approx remaining dist: 1.34312723961
DEBUG:R0: Usual approx plan dist: 3.6
DEBUG:R0: Approx gain in dist: 2.25687276039
DEBUG:R0: Last step min dist: 0.5
INFO:R0: scale 0.373090899892 Ns 7 Nk 3
INFO:R0@tkref=5.8909: Time to solve stand alone optimization problem: 0.357273817062
INFO:R0@tkref=5.8909: N of unsatisfied eq: 10
INFO:R0@tkref=5.8909: N of unsatisfied ieq: 4
INFO:R0@tkref=5.8909: Summary: Iteration limit exceeded after 26 it.
DEBUG:R0@tkref=5.8909: $$$$$$$$ CONFLICT LIST $$$$$$$$: []
INFO:R0: Finished motion planning
INFO:R0: --------------------------
INFO:R0: TOT: 7.40054309641
INFO:R0: NSE: 4
INFO:R0: FIR: 0.956956148148
INFO:R0: LAS: 0.357958078384
INFO:R0: LMA: 1
INFO:R0: MAX: 0.0253801345825
INFO:R0: MIN: 0.0239009857178
INFO:R0: AVG: 0.0246405601501
INFO:R0: RMP: 0.0129250685374
INFO:R0: RMG: 0.182293465844
