DEBUG:R0: Using Tc_p = 0.49
DEBUG:R0: Using Tc_d = 0.49
INFO:R0: Init motion planning
INFO:R0@tkref=0.0000: Time to solve stand alone optimization problem: 1.0368180275
INFO:R0@tkref=0.0000: N of unsatisfied eq: 5
INFO:R0@tkref=0.0000: N of unsatisfied ieq: 6
INFO:R0@tkref=0.0000: Summary: Iteration limit exceeded after 41 it.
DEBUG:R0@tkref=0.0000: $$$$$$$$ CONFLICT LIST $$$$$$$$: []
INFO:R0: --------------------------
INFO:R0@tkref=0.4900: Time to solve stand alone optimization problem: 0.152282953262
INFO:R0@tkref=0.4900: N of unsatisfied eq: 3
INFO:R0@tkref=0.4900: N of unsatisfied ieq: 7
INFO:R0@tkref=0.4900: Summary: Optimization terminated successfully. after 6 it.
DEBUG:R0@tkref=0.4900: $$$$$$$$ CONFLICT LIST $$$$$$$$: []
INFO:R0: --------------------------
INFO:R0@tkref=0.9800: Time to solve stand alone optimization problem: 0.0267078876495
INFO:R0@tkref=0.9800: N of unsatisfied eq: 3
INFO:R0@tkref=0.9800: N of unsatisfied ieq: 6
INFO:R0@tkref=0.9800: Summary: Optimization terminated successfully. after 1 it.
DEBUG:R0@tkref=0.9800: $$$$$$$$ CONFLICT LIST $$$$$$$$: []
INFO:R0: --------------------------
INFO:R0@tkref=1.4700: Time to solve stand alone optimization problem: 0.0263469219208
INFO:R0@tkref=1.4700: N of unsatisfied eq: 3
INFO:R0@tkref=1.4700: N of unsatisfied ieq: 6
INFO:R0@tkref=1.4700: Summary: Optimization terminated successfully. after 1 it.
DEBUG:R0@tkref=1.4700: $$$$$$$$ CONFLICT LIST $$$$$$$$: []
INFO:R0: --------------------------
INFO:R0@tkref=1.9600: Time to solve stand alone optimization problem: 0.0263390541077
INFO:R0@tkref=1.9600: N of unsatisfied eq: 3
INFO:R0@tkref=1.9600: N of unsatisfied ieq: 5
INFO:R0@tkref=1.9600: Summary: Optimization terminated successfully. after 1 it.
DEBUG:R0@tkref=1.9600: $$$$$$$$ CONFLICT LIST $$$$$$$$: []
INFO:R0: --------------------------
INFO:R0@tkref=2.4500: Time to solve stand alone optimization problem: 0.0269389152527
INFO:R0@tkref=2.4500: N of unsatisfied eq: 3
INFO:R0@tkref=2.4500: N of unsatisfied ieq: 3
INFO:R0@tkref=2.4500: Summary: Optimization terminated successfully. after 1 it.
DEBUG:R0@tkref=2.4500: $$$$$$$$ CONFLICT LIST $$$$$$$$: []
INFO:R0: --------------------------
INFO:R0@tkref=2.9400: Time to solve stand alone optimization problem: 0.0269930362701
INFO:R0@tkref=2.9400: N of unsatisfied eq: 3
INFO:R0@tkref=2.9400: N of unsatisfied ieq: 5
INFO:R0@tkref=2.9400: Summary: Optimization terminated successfully. after 1 it.
DEBUG:R0@tkref=2.9400: $$$$$$$$ CONFLICT LIST $$$$$$$$: []
INFO:R0: --------------------------
INFO:R0@tkref=3.4300: Time to solve stand alone optimization problem: 0.0253579616547
INFO:R0@tkref=3.4300: N of unsatisfied eq: 5
INFO:R0@tkref=3.4300: N of unsatisfied ieq: 6
INFO:R0@tkref=3.4300: Summary: Optimization terminated successfully. after 1 it.
DEBUG:R0@tkref=3.4300: $$$$$$$$ CONFLICT LIST $$$$$$$$: []
INFO:R0: --------------------------
INFO:R0@tkref=3.9200: Time to solve stand alone optimization problem: 0.025386095047
INFO:R0@tkref=3.9200: N of unsatisfied eq: 5
INFO:R0@tkref=3.9200: N of unsatisfied ieq: 7
INFO:R0@tkref=3.9200: Summary: Optimization terminated successfully. after 1 it.
DEBUG:R0@tkref=3.9200: $$$$$$$$ CONFLICT LIST $$$$$$$$: []
INFO:R0: --------------------------
INFO:R0@tkref=4.4100: Time to solve stand alone optimization problem: 0.0256409645081
INFO:R0@tkref=4.4100: N of unsatisfied eq: 4
INFO:R0@tkref=4.4100: N of unsatisfied ieq: 7
INFO:R0@tkref=4.4100: Summary: Optimization terminated successfully. after 1 it.
DEBUG:R0@tkref=4.4100: $$$$$$$$ CONFLICT LIST $$$$$$$$: []
INFO:R0: --------------------------
INFO:R0@tkref=4.9000: Time to solve stand alone optimization problem: 0.0255320072174
INFO:R0@tkref=4.9000: N of unsatisfied eq: 5
INFO:R0@tkref=4.9000: N of unsatisfied ieq: 4
INFO:R0@tkref=4.9000: Summary: Optimization terminated successfully. after 1 it.
DEBUG:R0@tkref=4.9000: $$$$$$$$ CONFLICT LIST $$$$$$$$: []
INFO:R0: --------------------------
INFO:R0@tkref=5.3900: Time to solve stand alone optimization problem: 0.0256140232086
INFO:R0@tkref=5.3900: N of unsatisfied eq: 5
INFO:R0@tkref=5.3900: N of unsatisfied ieq: 8
INFO:R0@tkref=5.3900: Summary: Optimization terminated successfully. after 1 it.
DEBUG:R0@tkref=5.3900: $$$$$$$$ CONFLICT LIST $$$$$$$$: []
INFO:R0: --------------------------
INFO:R0@tkref=5.8800: Time to solve stand alone optimization problem: 0.0256440639496
INFO:R0@tkref=5.8800: N of unsatisfied eq: 5
INFO:R0@tkref=5.8800: N of unsatisfied ieq: 6
INFO:R0@tkref=5.8800: Summary: Optimization terminated successfully. after 1 it.
DEBUG:R0@tkref=5.8800: $$$$$$$$ CONFLICT LIST $$$$$$$$: []
INFO:R0: --------------------------
INFO:R0@tkref=6.3700: Time to solve stand alone optimization problem: 0.025356054306
INFO:R0@tkref=6.3700: N of unsatisfied eq: 5
INFO:R0@tkref=6.3700: N of unsatisfied ieq: 5
INFO:R0@tkref=6.3700: Summary: Optimization terminated successfully. after 1 it.
DEBUG:R0@tkref=6.3700: $$$$$$$$ CONFLICT LIST $$$$$$$$: []
INFO:R0: --------------------------
DEBUG:R0: LAST STEP
DEBUG:R0: Approx remaining dist: 0.342364244175
DEBUG:R0: Usual approx plan dist: 4.9
DEBUG:R0: Approx gain in dist: 4.55763575583
DEBUG:R0: Last step min dist: 0.5
INFO:R0: scale 0.0698702539132 Ns 7 Nk 3
INFO:R0@tkref=6.8600: Time to solve stand alone optimization problem: 0.377880096436
INFO:R0@tkref=6.8600: N of unsatisfied eq: 10
INFO:R0@tkref=6.8600: N of unsatisfied ieq: 4
INFO:R0@tkref=6.8600: Summary: Iteration limit exceeded after 26 it.
DEBUG:R0@tkref=6.8600: $$$$$$$$ CONFLICT LIST $$$$$$$$: []
INFO:R0: Finished motion planning
INFO:R0: --------------------------
INFO:R0: TOT: 7.24474566939
INFO:R0: NSE: 15
INFO:R0: FIR: 1.03846096992
INFO:R0: LAS: 0.378668785095
INFO:R0: LMA: 1
INFO:R0: MAX: 0.152979850769
INFO:R0: MIN: 0.0260190963745
INFO:R0: AVG: 0.0363959349119
INFO:R0: RMP: 0.31220377708
INFO:R0: RMG: 0.77279343897
