DEBUG:R0: Using Tc_p = 4.09090909091
DEBUG:R0: Using Tc_d = 4.09090909091
INFO:R0: Init motion planning
INFO:R0@tkref=0.0000: Time to solve stand alone optimization problem: 2.59033107758
INFO:R0@tkref=0.0000: N of unsatisfied eq: 5
INFO:R0@tkref=0.0000: N of unsatisfied ieq: 9
INFO:R0@tkref=0.0000: Summary: Iteration limit exceeded after 41 it.
DEBUG:R0@tkref=0.0000: $$$$$$$$ CONFLICT LIST $$$$$$$$: []
INFO:R0: --------------------------
DEBUG:R0: LAST STEP
DEBUG:R0: Approx remaining dist: 3.51838324309
DEBUG:R0: Usual approx plan dist: 5.0
DEBUG:R0: Approx gain in dist: 1.48161675691
DEBUG:R0: Last step min dist: 0.5
INFO:R0: scale 0.703676648618 Ns 8 Nk 4
INFO:R0@tkref=4.0909: Time to solve stand alone optimization problem: 0.95805811882
INFO:R0@tkref=4.0909: N of unsatisfied eq: 10
INFO:R0@tkref=4.0909: N of unsatisfied ieq: 0
INFO:R0@tkref=4.0909: Summary: Iteration limit exceeded after 26 it.
DEBUG:R0@tkref=4.0909: $$$$$$$$ CONFLICT LIST $$$$$$$$: []
INFO:R0: Finished motion planning
INFO:R0: --------------------------
INFO:R0: TOT: 9.55260935042
INFO:R0: NSE: 2
INFO:R0: FIR: 2.59162807465
INFO:R0: LAS: 0.958935022354
INFO:R0: LMA: 1
INFO:R0: MAX: 0.958935022354
INFO:R0: MIN: 0.958935022354
INFO:R0: AVG: 0.958935022354
INFO:R0: RMP: 0.234406338798
INFO:R0: RMG: 0.234406338798
