DEBUG:R0: Using Tc_p = 3.44
DEBUG:R0: Using Tc_d = 3.44
INFO:R0: Init motion planning
INFO:R0@tkref=0.0000: Time to solve stand alone optimization problem: 2.45782113075
INFO:R0@tkref=0.0000: N of unsatisfied eq: 5
INFO:R0@tkref=0.0000: N of unsatisfied ieq: 9
INFO:R0@tkref=0.0000: Summary: Iteration limit exceeded after 41 it.
DEBUG:R0@tkref=0.0000: $$$$$$$$ CONFLICT LIST $$$$$$$$: []
INFO:R0: --------------------------
DEBUG:R0: LAST STEP
DEBUG:R0: Approx remaining dist: 4.05982977869
DEBUG:R0: Usual approx plan dist: 4.3
DEBUG:R0: Approx gain in dist: 0.240170221307
DEBUG:R0: Last step min dist: 0.5
INFO:R0: scale 0.944146460161 Ns 10 Nk 6
INFO:R0@tkref=3.4400: Time to solve stand alone optimization problem: 1.4487888813
INFO:R0@tkref=3.4400: N of unsatisfied eq: 10
INFO:R0@tkref=3.4400: N of unsatisfied ieq: 6
INFO:R0@tkref=3.4400: Summary: Iteration limit exceeded after 26 it.
DEBUG:R0@tkref=3.4400: $$$$$$$$ CONFLICT LIST $$$$$$$$: []
INFO:R0: Finished motion planning
INFO:R0: --------------------------
INFO:R0: TOT: 7.96854498502
INFO:R0: NSE: 2
INFO:R0: FIR: 2.45911812782
INFO:R0: LAS: 1.44966506958
INFO:R0: LMA: 1
INFO:R0: MAX: 1.44966506958
INFO:R0: MIN: 1.44966506958
INFO:R0: AVG: 1.44966506958
INFO:R0: RMP: 0.421414264413
INFO:R0: RMG: 0.421414264413
