DEBUG:R0: Using Tc_p = 0.411111111111
DEBUG:R0: Using Tc_d = 0.411111111111
INFO:R0: Init motion planning
INFO:R0@tkref=0.0000: Time to solve stand alone optimization problem: 1.48378586769
INFO:R0@tkref=0.0000: N of unsatisfied eq: 4
INFO:R0@tkref=0.0000: N of unsatisfied ieq: 8
INFO:R0@tkref=0.0000: Summary: Iteration limit exceeded after 41 it.
DEBUG:R0@tkref=0.0000: $$$$$$$$ CONFLICT LIST $$$$$$$$: []
INFO:R0: --------------------------
INFO:R0@tkref=0.4111: Time to solve stand alone optimization problem: 0.569781064987
INFO:R0@tkref=0.4111: N of unsatisfied eq: 1
INFO:R0@tkref=0.4111: N of unsatisfied ieq: 8
INFO:R0@tkref=0.4111: Summary: Iteration limit exceeded after 16 it.
DEBUG:R0@tkref=0.4111: $$$$$$$$ CONFLICT LIST $$$$$$$$: []
INFO:R0: --------------------------
INFO:R0@tkref=0.8222: Time to solve stand alone optimization problem: 0.321920871735
INFO:R0@tkref=0.8222: N of unsatisfied eq: 2
INFO:R0@tkref=0.8222: N of unsatisfied ieq: 9
INFO:R0@tkref=0.8222: Summary: Optimization terminated successfully. after 9 it.
DEBUG:R0@tkref=0.8222: $$$$$$$$ CONFLICT LIST $$$$$$$$: []
INFO:R0: --------------------------
INFO:R0@tkref=1.2333: Time to solve stand alone optimization problem: 0.323843955994
INFO:R0@tkref=1.2333: N of unsatisfied eq: 2
INFO:R0@tkref=1.2333: N of unsatisfied ieq: 9
INFO:R0@tkref=1.2333: Summary: Optimization terminated successfully. after 8 it.
DEBUG:R0@tkref=1.2333: $$$$$$$$ CONFLICT LIST $$$$$$$$: []
INFO:R0: --------------------------
INFO:R0@tkref=1.6444: Time to solve stand alone optimization problem: 0.354528903961
INFO:R0@tkref=1.6444: N of unsatisfied eq: 2
INFO:R0@tkref=1.6444: N of unsatisfied ieq: 6
INFO:R0@tkref=1.6444: Summary: Optimization terminated successfully. after 9 it.
DEBUG:R0@tkref=1.6444: $$$$$$$$ CONFLICT LIST $$$$$$$$: []
INFO:R0: --------------------------
INFO:R0@tkref=2.0556: Time to solve stand alone optimization problem: 0.290020942688
INFO:R0@tkref=2.0556: N of unsatisfied eq: 2
INFO:R0@tkref=2.0556: N of unsatisfied ieq: 8
INFO:R0@tkref=2.0556: Summary: Optimization terminated successfully. after 7 it.
DEBUG:R0@tkref=2.0556: $$$$$$$$ CONFLICT LIST $$$$$$$$: []
INFO:R0: --------------------------
INFO:R0@tkref=2.4667: Time to solve stand alone optimization problem: 0.408341169357
INFO:R0@tkref=2.4667: N of unsatisfied eq: 3
INFO:R0@tkref=2.4667: N of unsatisfied ieq: 7
INFO:R0@tkref=2.4667: Summary: Optimization terminated successfully. after 10 it.
DEBUG:R0@tkref=2.4667: $$$$$$$$ CONFLICT LIST $$$$$$$$: []
INFO:R0: --------------------------
INFO:R0@tkref=2.8778: Time to solve stand alone optimization problem: 0.324802160263
INFO:R0@tkref=2.8778: N of unsatisfied eq: 3
INFO:R0@tkref=2.8778: N of unsatisfied ieq: 8
INFO:R0@tkref=2.8778: Summary: Optimization terminated successfully. after 8 it.
DEBUG:R0@tkref=2.8778: $$$$$$$$ CONFLICT LIST $$$$$$$$: []
INFO:R0: --------------------------
INFO:R0@tkref=3.2889: Time to solve stand alone optimization problem: 0.248313903809
INFO:R0@tkref=3.2889: N of unsatisfied eq: 3
INFO:R0@tkref=3.2889: N of unsatisfied ieq: 6
INFO:R0@tkref=3.2889: Summary: Optimization terminated successfully. after 6 it.
DEBUG:R0@tkref=3.2889: $$$$$$$$ CONFLICT LIST $$$$$$$$: []
INFO:R0: --------------------------
INFO:R0@tkref=3.7000: Time to solve stand alone optimization problem: 0.264545917511
INFO:R0@tkref=3.7000: N of unsatisfied eq: 1
INFO:R0@tkref=3.7000: N of unsatisfied ieq: 7
INFO:R0@tkref=3.7000: Summary: Optimization terminated successfully. after 6 it.
DEBUG:R0@tkref=3.7000: $$$$$$$$ CONFLICT LIST $$$$$$$$: []
INFO:R0: --------------------------
INFO:R0@tkref=4.1111: Time to solve stand alone optimization problem: 0.292906999588
INFO:R0@tkref=4.1111: N of unsatisfied eq: 3
INFO:R0@tkref=4.1111: N of unsatisfied ieq: 7
INFO:R0@tkref=4.1111: Summary: Optimization terminated successfully. after 7 it.
DEBUG:R0@tkref=4.1111: $$$$$$$$ CONFLICT LIST $$$$$$$$: []
INFO:R0: --------------------------
INFO:R0@tkref=4.5222: Time to solve stand alone optimization problem: 0.320413827896
INFO:R0@tkref=4.5222: N of unsatisfied eq: 3
INFO:R0@tkref=4.5222: N of unsatisfied ieq: 7
INFO:R0@tkref=4.5222: Summary: Optimization terminated successfully. after 8 it.
DEBUG:R0@tkref=4.5222: $$$$$$$$ CONFLICT LIST $$$$$$$$: []
INFO:R0: --------------------------
INFO:R0@tkref=4.9333: Time to solve stand alone optimization problem: 0.17097401619
INFO:R0@tkref=4.9333: N of unsatisfied eq: 3
INFO:R0@tkref=4.9333: N of unsatisfied ieq: 8
INFO:R0@tkref=4.9333: Summary: Optimization terminated successfully. after 4 it.
DEBUG:R0@tkref=4.9333: $$$$$$$$ CONFLICT LIST $$$$$$$$: []
INFO:R0: --------------------------
INFO:R0@tkref=5.3444: Time to solve stand alone optimization problem: 0.121403932571
INFO:R0@tkref=5.3444: N of unsatisfied eq: 3
INFO:R0@tkref=5.3444: N of unsatisfied ieq: 7
INFO:R0@tkref=5.3444: Summary: Optimization terminated successfully. after 3 it.
DEBUG:R0@tkref=5.3444: $$$$$$$$ CONFLICT LIST $$$$$$$$: []
INFO:R0: --------------------------
INFO:R0@tkref=5.7556: Time to solve stand alone optimization problem: 0.0819530487061
INFO:R0@tkref=5.7556: N of unsatisfied eq: 3
INFO:R0@tkref=5.7556: N of unsatisfied ieq: 6
INFO:R0@tkref=5.7556: Summary: Optimization terminated successfully. after 2 it.
DEBUG:R0@tkref=5.7556: $$$$$$$$ CONFLICT LIST $$$$$$$$: []
INFO:R0: --------------------------
INFO:R0@tkref=6.1667: Time to solve stand alone optimization problem: 0.0835440158844
INFO:R0@tkref=6.1667: N of unsatisfied eq: 3
INFO:R0@tkref=6.1667: N of unsatisfied ieq: 6
INFO:R0@tkref=6.1667: Summary: Optimization terminated successfully. after 2 it.
DEBUG:R0@tkref=6.1667: $$$$$$$$ CONFLICT LIST $$$$$$$$: []
INFO:R0: --------------------------
DEBUG:R0: LAST STEP
DEBUG:R0: Approx remaining dist: 0.838430930759
DEBUG:R0: Usual approx plan dist: 3.7
DEBUG:R0: Approx gain in dist: 2.86156906924
DEBUG:R0: Last step min dist: 0.5
INFO:R0: scale 0.226602954259 Ns 7 Nk 3
INFO:R0@tkref=6.5778: Time to solve stand alone optimization problem: 0.584604978561
INFO:R0@tkref=6.5778: N of unsatisfied eq: 10
INFO:R0@tkref=6.5778: N of unsatisfied ieq: 4
INFO:R0@tkref=6.5778: Summary: Iteration limit exceeded after 26 it.
DEBUG:R0@tkref=6.5778: $$$$$$$$ CONFLICT LIST $$$$$$$$: []
INFO:R0: Finished motion planning
INFO:R0: --------------------------
INFO:R0: TOT: 7.51498351002
INFO:R0: NSE: 17
INFO:R0: FIR: 1.48552203178
INFO:R0: LAS: 0.585930109024
INFO:R0: LMA: 1
INFO:R0: MAX: 0.570595026016
INFO:R0: MIN: 0.0828430652618
INFO:R0: AVG: 0.27939046224
INFO:R0: RMP: 1.38793384707
INFO:R0: RMG: 1.42523540033
