DEBUG:R0: Using Tc_p = 0.4
DEBUG:R0: Using Tc_d = 0.4
INFO:R0: Init motion planning
INFO:R0@tkref=0.0000: Time to solve stand alone optimization problem: 1.48102498055
INFO:R0@tkref=0.0000: N of unsatisfied eq: 4
INFO:R0@tkref=0.0000: N of unsatisfied ieq: 8
INFO:R0@tkref=0.0000: Summary: Iteration limit exceeded after 41 it.
DEBUG:R0@tkref=0.0000: $$$$$$$$ CONFLICT LIST $$$$$$$$: []
INFO:R0: --------------------------
INFO:R0@tkref=0.4000: Time to solve stand alone optimization problem: 0.413495779037
INFO:R0@tkref=0.4000: N of unsatisfied eq: 2
INFO:R0@tkref=0.4000: N of unsatisfied ieq: 8
INFO:R0@tkref=0.4000: Summary: Optimization terminated successfully. after 12 it.
DEBUG:R0@tkref=0.4000: $$$$$$$$ CONFLICT LIST $$$$$$$$: []
INFO:R0: --------------------------
INFO:R0@tkref=0.8000: Time to solve stand alone optimization problem: 0.562592029572
INFO:R0@tkref=0.8000: N of unsatisfied eq: 1
INFO:R0@tkref=0.8000: N of unsatisfied ieq: 8
INFO:R0@tkref=0.8000: Summary: Iteration limit exceeded after 16 it.
DEBUG:R0@tkref=0.8000: $$$$$$$$ CONFLICT LIST $$$$$$$$: []
INFO:R0: --------------------------
INFO:R0@tkref=1.2000: Time to solve stand alone optimization problem: 0.322709083557
INFO:R0@tkref=1.2000: N of unsatisfied eq: 1
INFO:R0@tkref=1.2000: N of unsatisfied ieq: 8
INFO:R0@tkref=1.2000: Summary: Optimization terminated successfully. after 8 it.
DEBUG:R0@tkref=1.2000: $$$$$$$$ CONFLICT LIST $$$$$$$$: []
INFO:R0: --------------------------
INFO:R0@tkref=1.6000: Time to solve stand alone optimization problem: 0.443165063858
INFO:R0@tkref=1.6000: N of unsatisfied eq: 2
INFO:R0@tkref=1.6000: N of unsatisfied ieq: 7
INFO:R0@tkref=1.6000: Summary: Optimization terminated successfully. after 11 it.
DEBUG:R0@tkref=1.6000: $$$$$$$$ CONFLICT LIST $$$$$$$$: []
INFO:R0: --------------------------
INFO:R0@tkref=2.0000: Time to solve stand alone optimization problem: 0.323236942291
INFO:R0@tkref=2.0000: N of unsatisfied eq: 3
INFO:R0@tkref=2.0000: N of unsatisfied ieq: 9
INFO:R0@tkref=2.0000: Summary: Optimization terminated successfully. after 8 it.
DEBUG:R0@tkref=2.0000: $$$$$$$$ CONFLICT LIST $$$$$$$$: []
INFO:R0: --------------------------
INFO:R0@tkref=2.4000: Time to solve stand alone optimization problem: 0.348599910736
INFO:R0@tkref=2.4000: N of unsatisfied eq: 3
INFO:R0@tkref=2.4000: N of unsatisfied ieq: 8
INFO:R0@tkref=2.4000: Summary: Optimization terminated successfully. after 8 it.
DEBUG:R0@tkref=2.4000: $$$$$$$$ CONFLICT LIST $$$$$$$$: []
INFO:R0: --------------------------
INFO:R0@tkref=2.8000: Time to solve stand alone optimization problem: 0.287400007248
INFO:R0@tkref=2.8000: N of unsatisfied eq: 1
INFO:R0@tkref=2.8000: N of unsatisfied ieq: 8
INFO:R0@tkref=2.8000: Summary: Optimization terminated successfully. after 7 it.
DEBUG:R0@tkref=2.8000: $$$$$$$$ CONFLICT LIST $$$$$$$$: []
INFO:R0: --------------------------
INFO:R0@tkref=3.2000: Time to solve stand alone optimization problem: 0.282829046249
INFO:R0@tkref=3.2000: N of unsatisfied eq: 2
INFO:R0@tkref=3.2000: N of unsatisfied ieq: 7
INFO:R0@tkref=3.2000: Summary: Optimization terminated successfully. after 6 it.
DEBUG:R0@tkref=3.2000: $$$$$$$$ CONFLICT LIST $$$$$$$$: []
INFO:R0: --------------------------
INFO:R0@tkref=3.6000: Time to solve stand alone optimization problem: 0.159008979797
INFO:R0@tkref=3.6000: N of unsatisfied eq: 1
INFO:R0@tkref=3.6000: N of unsatisfied ieq: 7
INFO:R0@tkref=3.6000: Summary: Optimization terminated successfully. after 4 it.
DEBUG:R0@tkref=3.6000: $$$$$$$$ CONFLICT LIST $$$$$$$$: []
INFO:R0: --------------------------
INFO:R0@tkref=4.0000: Time to solve stand alone optimization problem: 0.276000022888
INFO:R0@tkref=4.0000: N of unsatisfied eq: 2
INFO:R0@tkref=4.0000: N of unsatisfied ieq: 7
INFO:R0@tkref=4.0000: Summary: Optimization terminated successfully. after 7 it.
DEBUG:R0@tkref=4.0000: $$$$$$$$ CONFLICT LIST $$$$$$$$: []
INFO:R0: --------------------------
INFO:R0@tkref=4.4000: Time to solve stand alone optimization problem: 0.278907060623
INFO:R0@tkref=4.4000: N of unsatisfied eq: 2
INFO:R0@tkref=4.4000: N of unsatisfied ieq: 7
INFO:R0@tkref=4.4000: Summary: Optimization terminated successfully. after 7 it.
DEBUG:R0@tkref=4.4000: $$$$$$$$ CONFLICT LIST $$$$$$$$: []
INFO:R0: --------------------------
INFO:R0@tkref=4.8000: Time to solve stand alone optimization problem: 0.282716035843
INFO:R0@tkref=4.8000: N of unsatisfied eq: 3
INFO:R0@tkref=4.8000: N of unsatisfied ieq: 9
INFO:R0@tkref=4.8000: Summary: Optimization terminated successfully. after 7 it.
DEBUG:R0@tkref=4.8000: $$$$$$$$ CONFLICT LIST $$$$$$$$: []
INFO:R0: --------------------------
INFO:R0@tkref=5.2000: Time to solve stand alone optimization problem: 0.123448133469
INFO:R0@tkref=5.2000: N of unsatisfied eq: 3
INFO:R0@tkref=5.2000: N of unsatisfied ieq: 7
INFO:R0@tkref=5.2000: Summary: Optimization terminated successfully. after 3 it.
DEBUG:R0@tkref=5.2000: $$$$$$$$ CONFLICT LIST $$$$$$$$: []
INFO:R0: --------------------------
INFO:R0@tkref=5.6000: Time to solve stand alone optimization problem: 0.081610918045
INFO:R0@tkref=5.6000: N of unsatisfied eq: 3
INFO:R0@tkref=5.6000: N of unsatisfied ieq: 7
INFO:R0@tkref=5.6000: Summary: Optimization terminated successfully. after 2 it.
DEBUG:R0@tkref=5.6000: $$$$$$$$ CONFLICT LIST $$$$$$$$: []
INFO:R0: --------------------------
INFO:R0@tkref=6.0000: Time to solve stand alone optimization problem: 0.0815079212189
INFO:R0@tkref=6.0000: N of unsatisfied eq: 3
INFO:R0@tkref=6.0000: N of unsatisfied ieq: 5
INFO:R0@tkref=6.0000: Summary: Optimization terminated successfully. after 2 it.
DEBUG:R0@tkref=6.0000: $$$$$$$$ CONFLICT LIST $$$$$$$$: []
INFO:R0: --------------------------
INFO:R0@tkref=6.4000: Time to solve stand alone optimization problem: 0.0695719718933
INFO:R0@tkref=6.4000: N of unsatisfied eq: 3
INFO:R0@tkref=6.4000: N of unsatisfied ieq: 6
INFO:R0@tkref=6.4000: Summary: Optimization terminated successfully. after 2 it.
DEBUG:R0@tkref=6.4000: $$$$$$$$ CONFLICT LIST $$$$$$$$: []
INFO:R0: --------------------------
DEBUG:R0: LAST STEP
DEBUG:R0: Approx remaining dist: 0.631887059176
DEBUG:R0: Usual approx plan dist: 3.6
DEBUG:R0: Approx gain in dist: 2.96811294082
DEBUG:R0: Last step min dist: 0.5
INFO:R0: scale 0.175524183104 Ns 7 Nk 3
INFO:R0@tkref=6.8000: Time to solve stand alone optimization problem: 0.502756118774
INFO:R0@tkref=6.8000: N of unsatisfied eq: 10
INFO:R0@tkref=6.8000: N of unsatisfied ieq: 4
INFO:R0@tkref=6.8000: Summary: Iteration limit exceeded after 26 it.
DEBUG:R0@tkref=6.8000: $$$$$$$$ CONFLICT LIST $$$$$$$$: []
INFO:R0: Finished motion planning
INFO:R0: --------------------------
INFO:R0: TOT: 7.50623076318
INFO:R0: NSE: 18
INFO:R0: FIR: 1.4834549427
INFO:R0: LAS: 0.50367307663
INFO:R0: LMA: 0
INFO:R0: MAX: 0.563436985016
INFO:R0: MIN: 0.0703070163727
INFO:R0: AVG: 0.27190977335
INFO:R0: RMP: 1.40859246254
INFO:R0: RMG: 1.40859246254
