DEBUG:R0: Using Tc_p = 1.06666666667
DEBUG:R0: Using Tc_d = 1.06666666667
INFO:R0: Init motion planning
INFO:R0@tkref=0.0000: Time to solve stand alone optimization problem: 0.887778043747
INFO:R0@tkref=0.0000: N of unsatisfied eq: 5
INFO:R0@tkref=0.0000: N of unsatisfied ieq: 5
INFO:R0@tkref=0.0000: Summary: Iteration limit exceeded after 41 it.
DEBUG:R0@tkref=0.0000: $$$$$$$$ CONFLICT LIST $$$$$$$$: []
INFO:R0: --------------------------
INFO:R0@tkref=1.0667: Time to solve stand alone optimization problem: 0.0650341510773
INFO:R0@tkref=1.0667: N of unsatisfied eq: 3
INFO:R0@tkref=1.0667: N of unsatisfied ieq: 6
INFO:R0@tkref=1.0667: Summary: Optimization terminated successfully. after 3 it.
DEBUG:R0@tkref=1.0667: $$$$$$$$ CONFLICT LIST $$$$$$$$: []
INFO:R0: --------------------------
INFO:R0@tkref=2.1333: Time to solve stand alone optimization problem: 0.0420110225677
INFO:R0@tkref=2.1333: N of unsatisfied eq: 3
INFO:R0@tkref=2.1333: N of unsatisfied ieq: 6
INFO:R0@tkref=2.1333: Summary: Optimization terminated successfully. after 2 it.
DEBUG:R0@tkref=2.1333: $$$$$$$$ CONFLICT LIST $$$$$$$$: []
INFO:R0: --------------------------
INFO:R0@tkref=3.2000: Time to solve stand alone optimization problem: 0.0412709712982
INFO:R0@tkref=3.2000: N of unsatisfied eq: 3
INFO:R0@tkref=3.2000: N of unsatisfied ieq: 5
INFO:R0@tkref=3.2000: Summary: Optimization terminated successfully. after 2 it.
DEBUG:R0@tkref=3.2000: $$$$$$$$ CONFLICT LIST $$$$$$$$: []
INFO:R0: --------------------------
INFO:R0@tkref=4.2667: Time to solve stand alone optimization problem: 0.0227980613708
INFO:R0@tkref=4.2667: N of unsatisfied eq: 3
INFO:R0@tkref=4.2667: N of unsatisfied ieq: 5
INFO:R0@tkref=4.2667: Summary: Optimization terminated successfully. after 1 it.
DEBUG:R0@tkref=4.2667: $$$$$$$$ CONFLICT LIST $$$$$$$$: []
INFO:R0: --------------------------
INFO:R0@tkref=5.3333: Time to solve stand alone optimization problem: 0.0225851535797
INFO:R0@tkref=5.3333: N of unsatisfied eq: 3
INFO:R0@tkref=5.3333: N of unsatisfied ieq: 6
INFO:R0@tkref=5.3333: Summary: Optimization terminated successfully. after 1 it.
DEBUG:R0@tkref=5.3333: $$$$$$$$ CONFLICT LIST $$$$$$$$: []
INFO:R0: --------------------------
DEBUG:R0: LAST STEP
DEBUG:R0: Approx remaining dist: 0.782950370475
DEBUG:R0: Usual approx plan dist: 3.2
DEBUG:R0: Approx gain in dist: 2.41704962953
DEBUG:R0: Last step min dist: 0.5
INFO:R0: scale 0.244671990773 Ns 7 Nk 3
INFO:R0@tkref=6.4000: Time to solve stand alone optimization problem: 0.372475147247
INFO:R0@tkref=6.4000: N of unsatisfied eq: 10
INFO:R0@tkref=6.4000: N of unsatisfied ieq: 4
INFO:R0@tkref=6.4000: Summary: Iteration limit exceeded after 26 it.
DEBUG:R0@tkref=6.4000: $$$$$$$$ CONFLICT LIST $$$$$$$$: []
INFO:R0: Finished motion planning
INFO:R0: --------------------------
INFO:R0: TOT: 7.27990395104
INFO:R0: NSE: 7
INFO:R0: FIR: 0.888975143433
INFO:R0: LAS: 0.3732380867
INFO:R0: LMA: 1
INFO:R0: MAX: 0.0657639503479
INFO:R0: MIN: 0.0232329368591
INFO:R0: AVG: 0.0394083499908
INFO:R0: RMP: 0.0616537034512
INFO:R0: RMG: 0.349910706282
