DEBUG:R0: Using Tc_p = 3.33333333333
DEBUG:R0: Using Tc_d = 3.33333333333
INFO:R0: Init motion planning
INFO:R0@tkref=0.0000: Time to solve stand alone optimization problem: 0.85138297081
INFO:R0@tkref=0.0000: N of unsatisfied eq: 3
INFO:R0@tkref=0.0000: N of unsatisfied ieq: 5
INFO:R0@tkref=0.0000: Summary: Iteration limit exceeded after 41 it.
DEBUG:R0@tkref=0.0000: $$$$$$$$ CONFLICT LIST $$$$$$$$: []
INFO:R0: --------------------------
INFO:R0@tkref=3.3333: Time to solve stand alone optimization problem: 0.0224609375
INFO:R0@tkref=3.3333: N of unsatisfied eq: 3
INFO:R0@tkref=3.3333: N of unsatisfied ieq: 2
INFO:R0@tkref=3.3333: Summary: Optimization terminated successfully. after 1 it.
DEBUG:R0@tkref=3.3333: $$$$$$$$ CONFLICT LIST $$$$$$$$: []
INFO:R0: --------------------------
DEBUG:R0: LAST STEP
DEBUG:R0: Approx remaining dist: 0.653662977326
DEBUG:R0: Usual approx plan dist: 5.0
DEBUG:R0: Approx gain in dist: 4.34633702267
DEBUG:R0: Last step min dist: 0.5
INFO:R0: scale 0.130732595465 Ns 7 Nk 3
INFO:R0@tkref=6.6667: Time to solve stand alone optimization problem: 0.36355304718
INFO:R0@tkref=6.6667: N of unsatisfied eq: 10
INFO:R0@tkref=6.6667: N of unsatisfied ieq: 4
INFO:R0@tkref=6.6667: Summary: Iteration limit exceeded after 26 it.
DEBUG:R0@tkref=6.6667: $$$$$$$$ CONFLICT LIST $$$$$$$$: []
INFO:R0: Finished motion planning
INFO:R0: --------------------------
INFO:R0: TOT: 7.40126499681
INFO:R0: NSE: 3
INFO:R0: FIR: 0.852643966675
INFO:R0: LAS: 0.36428809166
INFO:R0: LMA: 1
INFO:R0: MAX: 0.0232141017914
INFO:R0: MIN: 0.0232141017914
INFO:R0: AVG: 0.0232141017914
INFO:R0: RMP: 0.00696423053741
INFO:R0: RMG: 0.109286427498
