INFO:R0: Init motion planning
INFO:R0@tkref=0.0000: Time to solve stand alone optimisation problem: 1.84654307365
INFO:R0@tkref=0.0000: N of unsatisfied eq: 5
INFO:R0@tkref=0.0000: N of unsatisfied ieq: 15
INFO:R0@tkref=0.0000: Summary: Iteration limit exceeded after 41 it.
DEBUG:R0@tkref=0.0000: $$$$$$$$ CONFLICT LIST $$$$$$$$: []
INFO:R0: --------------------------
INFO:R0@tkref=0.4235: Time to solve stand alone optimisation problem: 0.226996898651
INFO:R0@tkref=0.4235: N of unsatisfied eq: 3
INFO:R0@tkref=0.4235: N of unsatisfied ieq: 6
INFO:R0@tkref=0.4235: Summary: Optimization terminated successfully. after 5 it.
DEBUG:R0@tkref=0.4235: $$$$$$$$ CONFLICT LIST $$$$$$$$: []
INFO:R0: --------------------------
INFO:R0@tkref=0.8471: Time to solve stand alone optimisation problem: 0.0587079524994
INFO:R0@tkref=0.8471: N of unsatisfied eq: 3
INFO:R0@tkref=0.8471: N of unsatisfied ieq: 15
INFO:R0@tkref=0.8471: Summary: Optimization terminated successfully. after 1 it.
DEBUG:R0@tkref=0.8471: $$$$$$$$ CONFLICT LIST $$$$$$$$: []
INFO:R0: --------------------------
INFO:R0@tkref=1.2706: Time to solve stand alone optimisation problem: 0.0567719936371
INFO:R0@tkref=1.2706: N of unsatisfied eq: 4
INFO:R0@tkref=1.2706: N of unsatisfied ieq: 9
INFO:R0@tkref=1.2706: Summary: Optimization terminated successfully. after 1 it.
DEBUG:R0@tkref=1.2706: $$$$$$$$ CONFLICT LIST $$$$$$$$: []
INFO:R0: --------------------------
INFO:R0@tkref=1.6941: Time to solve stand alone optimisation problem: 0.0565040111542
INFO:R0@tkref=1.6941: N of unsatisfied eq: 3
INFO:R0@tkref=1.6941: N of unsatisfied ieq: 10
INFO:R0@tkref=1.6941: Summary: Optimization terminated successfully. after 1 it.
DEBUG:R0@tkref=1.6941: $$$$$$$$ CONFLICT LIST $$$$$$$$: []
INFO:R0: --------------------------
INFO:R0@tkref=2.1176: Time to solve stand alone optimisation problem: 0.0668051242828
INFO:R0@tkref=2.1176: N of unsatisfied eq: 5
INFO:R0@tkref=2.1176: N of unsatisfied ieq: 8
INFO:R0@tkref=2.1176: Summary: Optimization terminated successfully. after 1 it.
DEBUG:R0@tkref=2.1176: $$$$$$$$ CONFLICT LIST $$$$$$$$: []
INFO:R0: --------------------------
INFO:R0@tkref=2.5412: Time to solve stand alone optimisation problem: 0.524573087692
INFO:R0@tkref=2.5412: N of unsatisfied eq: 2
INFO:R0@tkref=2.5412: N of unsatisfied ieq: 10
INFO:R0@tkref=2.5412: Summary: Optimization terminated successfully. after 8 it.
DEBUG:R0@tkref=2.5412: $$$$$$$$ CONFLICT LIST $$$$$$$$: []
INFO:R0: --------------------------
INFO:R0@tkref=2.9647: Time to solve stand alone optimisation problem: 0.777704000473
INFO:R0@tkref=2.9647: N of unsatisfied eq: 3
INFO:R0@tkref=2.9647: N of unsatisfied ieq: 11
INFO:R0@tkref=2.9647: Summary: Optimization terminated successfully. after 12 it.
DEBUG:R0@tkref=2.9647: $$$$$$$$ CONFLICT LIST $$$$$$$$: []
INFO:R0: --------------------------
INFO:R0@tkref=3.3882: Time to solve stand alone optimisation problem: 0.593521118164
INFO:R0@tkref=3.3882: N of unsatisfied eq: 3
INFO:R0@tkref=3.3882: N of unsatisfied ieq: 8
INFO:R0@tkref=3.3882: Summary: Optimization terminated successfully. after 9 it.
DEBUG:R0@tkref=3.3882: $$$$$$$$ CONFLICT LIST $$$$$$$$: []
INFO:R0: --------------------------
INFO:R0@tkref=3.8118: Time to solve stand alone optimisation problem: 0.518353939056
INFO:R0@tkref=3.8118: N of unsatisfied eq: 2
INFO:R0@tkref=3.8118: N of unsatisfied ieq: 8
INFO:R0@tkref=3.8118: Summary: Optimization terminated successfully. after 8 it.
DEBUG:R0@tkref=3.8118: $$$$$$$$ CONFLICT LIST $$$$$$$$: []
INFO:R0: --------------------------
INFO:R0@tkref=4.2353: Time to solve stand alone optimisation problem: 0.390383005142
INFO:R0@tkref=4.2353: N of unsatisfied eq: 3
INFO:R0@tkref=4.2353: N of unsatisfied ieq: 9
INFO:R0@tkref=4.2353: Summary: Optimization terminated successfully. after 6 it.
DEBUG:R0@tkref=4.2353: $$$$$$$$ CONFLICT LIST $$$$$$$$: []
INFO:R0: --------------------------
INFO:R0@tkref=4.6588: Time to solve stand alone optimisation problem: 0.400876998901
INFO:R0@tkref=4.6588: N of unsatisfied eq: 3
INFO:R0@tkref=4.6588: N of unsatisfied ieq: 11
INFO:R0@tkref=4.6588: Summary: Optimization terminated successfully. after 6 it.
DEBUG:R0@tkref=4.6588: $$$$$$$$ CONFLICT LIST $$$$$$$$: []
INFO:R0: --------------------------
INFO:R0@tkref=5.0824: Time to solve stand alone optimisation problem: 0.406559944153
INFO:R0@tkref=5.0824: N of unsatisfied eq: 3
INFO:R0@tkref=5.0824: N of unsatisfied ieq: 11
INFO:R0@tkref=5.0824: Summary: Optimization terminated successfully. after 6 it.
DEBUG:R0@tkref=5.0824: $$$$$$$$ CONFLICT LIST $$$$$$$$: []
INFO:R0: --------------------------
INFO:R0@tkref=5.5059: Time to solve stand alone optimisation problem: 0.283593893051
INFO:R0@tkref=5.5059: N of unsatisfied eq: 3
INFO:R0@tkref=5.5059: N of unsatisfied ieq: 14
INFO:R0@tkref=5.5059: Summary: Optimization terminated successfully. after 5 it.
DEBUG:R0@tkref=5.5059: $$$$$$$$ CONFLICT LIST $$$$$$$$: []
INFO:R0: --------------------------
INFO:R0@tkref=5.9294: Time to solve stand alone optimisation problem: 0.117204904556
INFO:R0@tkref=5.9294: N of unsatisfied eq: 5
INFO:R0@tkref=5.9294: N of unsatisfied ieq: 12
INFO:R0@tkref=5.9294: Summary: Optimization terminated successfully. after 2 it.
DEBUG:R0@tkref=5.9294: $$$$$$$$ CONFLICT LIST $$$$$$$$: []
INFO:R0: --------------------------
INFO:R0@tkref=6.3529: Time to solve stand alone optimisation problem: 0.0583720207214
INFO:R0@tkref=6.3529: N of unsatisfied eq: 3
INFO:R0@tkref=6.3529: N of unsatisfied ieq: 11
INFO:R0@tkref=6.3529: Summary: Optimization terminated successfully. after 1 it.
DEBUG:R0@tkref=6.3529: $$$$$$$$ CONFLICT LIST $$$$$$$$: []
INFO:R0: --------------------------
INFO:R0@tkref=6.7765: Time to solve stand alone optimisation problem: 0.0558168888092
INFO:R0@tkref=6.7765: N of unsatisfied eq: 5
INFO:R0@tkref=6.7765: N of unsatisfied ieq: 9
INFO:R0@tkref=6.7765: Summary: Optimization terminated successfully. after 1 it.
DEBUG:R0@tkref=6.7765: $$$$$$$$ CONFLICT LIST $$$$$$$$: []
INFO:R0: --------------------------
DEBUG:R0: LAST STEP
DEBUG:R0: Approx remaining dist: 0.0484919303698
DEBUG:R0: Usual approx plan dist: 0.8
DEBUG:R0: Approx gain in dist: 0.75150806963
DEBUG:R0: Last step min dist: 0.0
INFO:R0: scale 0.0606149129622 Ns 7 Nk 3
INFO:R0@tkref=7.2000: Time to solve stand alone optimisation problem: 0.348799943924
INFO:R0@tkref=7.2000: N of unsatisfied eq: 10
INFO:R0@tkref=7.2000: N of unsatisfied ieq: 4
INFO:R0@tkref=7.2000: Summary: Iteration limit exceeded after 21 it.
DEBUG:R0@tkref=7.2000: $$$$$$$$ CONFLICT LIST $$$$$$$$: []
INFO:R0: Finished motion planning
INFO:R0: --------------------------
INFO:R0: TOT: 7.25445136899
INFO:R0: NSE: 18
INFO:R0: FIR: 1.84810900688
INFO:R0: LAS: 0.349602937698
INFO:R0: LMA: 0
INFO:R0: MAX: 0.778528928757
INFO:R0: MIN: 0.0565738677979
INFO:R0: AVG: 0.287848740816
INFO:R0: RMP: 1.94632232189
INFO:R0: RMG: 1.94632232189
