INFO:R0: Init motion planning
INFO:R0@tkref=0.0000: Time to solve stand alone optimisation problem: 1.2088599205
INFO:R0@tkref=0.0000: N of unsatisfied eq: 4
INFO:R0@tkref=0.0000: N of unsatisfied ieq: 6
INFO:R0@tkref=0.0000: Summary: Iteration limit exceeded after 41 it.
DEBUG:R0@tkref=0.0000: $$$$$$$$ CONFLICT LIST $$$$$$$$: []
INFO:R0: --------------------------
INFO:R0@tkref=0.3556: Time to solve stand alone optimisation problem: 0.0306260585785
INFO:R0@tkref=0.3556: N of unsatisfied eq: 3
INFO:R0@tkref=0.3556: N of unsatisfied ieq: 4
INFO:R0@tkref=0.3556: Summary: Optimization terminated successfully. after 1 it.
DEBUG:R0@tkref=0.3556: $$$$$$$$ CONFLICT LIST $$$$$$$$: []
INFO:R0: --------------------------
INFO:R0@tkref=0.7111: Time to solve stand alone optimisation problem: 0.17818903923
INFO:R0@tkref=0.7111: N of unsatisfied eq: 3
INFO:R0@tkref=0.7111: N of unsatisfied ieq: 8
INFO:R0@tkref=0.7111: Summary: Optimization terminated successfully. after 6 it.
DEBUG:R0@tkref=0.7111: $$$$$$$$ CONFLICT LIST $$$$$$$$: []
INFO:R0: --------------------------
INFO:R0@tkref=1.0667: Time to solve stand alone optimisation problem: 0.214251041412
INFO:R0@tkref=1.0667: N of unsatisfied eq: 3
INFO:R0@tkref=1.0667: N of unsatisfied ieq: 8
INFO:R0@tkref=1.0667: Summary: Optimization terminated successfully. after 6 it.
DEBUG:R0@tkref=1.0667: $$$$$$$$ CONFLICT LIST $$$$$$$$: []
INFO:R0: --------------------------
INFO:R0@tkref=1.4222: Time to solve stand alone optimisation problem: 0.213182210922
INFO:R0@tkref=1.4222: N of unsatisfied eq: 3
INFO:R0@tkref=1.4222: N of unsatisfied ieq: 8
INFO:R0@tkref=1.4222: Summary: Optimization terminated successfully. after 6 it.
DEBUG:R0@tkref=1.4222: $$$$$$$$ CONFLICT LIST $$$$$$$$: []
INFO:R0: --------------------------
INFO:R0@tkref=1.7778: Time to solve stand alone optimisation problem: 0.357703924179
INFO:R0@tkref=1.7778: N of unsatisfied eq: 2
INFO:R0@tkref=1.7778: N of unsatisfied ieq: 9
INFO:R0@tkref=1.7778: Summary: Optimization terminated successfully. after 9 it.
DEBUG:R0@tkref=1.7778: $$$$$$$$ CONFLICT LIST $$$$$$$$: []
INFO:R0: --------------------------
INFO:R0@tkref=2.1333: Time to solve stand alone optimisation problem: 0.444964885712
INFO:R0@tkref=2.1333: N of unsatisfied eq: 3
INFO:R0@tkref=2.1333: N of unsatisfied ieq: 9
INFO:R0@tkref=2.1333: Summary: Optimization terminated successfully. after 11 it.
DEBUG:R0@tkref=2.1333: $$$$$$$$ CONFLICT LIST $$$$$$$$: []
INFO:R0: --------------------------
INFO:R0@tkref=2.4889: Time to solve stand alone optimisation problem: 0.652025938034
INFO:R0@tkref=2.4889: N of unsatisfied eq: 3
INFO:R0@tkref=2.4889: N of unsatisfied ieq: 5
INFO:R0@tkref=2.4889: Summary: Iteration limit exceeded after 16 it.
DEBUG:R0@tkref=2.4889: $$$$$$$$ CONFLICT LIST $$$$$$$$: []
INFO:R0: --------------------------
INFO:R0@tkref=2.8444: Time to solve stand alone optimisation problem: 0.601560115814
INFO:R0@tkref=2.8444: N of unsatisfied eq: 3
INFO:R0@tkref=2.8444: N of unsatisfied ieq: 9
INFO:R0@tkref=2.8444: Summary: Optimization terminated successfully. after 15 it.
DEBUG:R0@tkref=2.8444: $$$$$$$$ CONFLICT LIST $$$$$$$$: []
INFO:R0: --------------------------
INFO:R0@tkref=3.2000: Time to solve stand alone optimisation problem: 0.318743944168
INFO:R0@tkref=3.2000: N of unsatisfied eq: 3
INFO:R0@tkref=3.2000: N of unsatisfied ieq: 7
INFO:R0@tkref=3.2000: Summary: Optimization terminated successfully. after 8 it.
DEBUG:R0@tkref=3.2000: $$$$$$$$ CONFLICT LIST $$$$$$$$: []
INFO:R0: --------------------------
INFO:R0@tkref=3.5556: Time to solve stand alone optimisation problem: 0.28951883316
INFO:R0@tkref=3.5556: N of unsatisfied eq: 3
INFO:R0@tkref=3.5556: N of unsatisfied ieq: 7
INFO:R0@tkref=3.5556: Summary: Optimization terminated successfully. after 7 it.
DEBUG:R0@tkref=3.5556: $$$$$$$$ CONFLICT LIST $$$$$$$$: []
INFO:R0: --------------------------
INFO:R0@tkref=3.9111: Time to solve stand alone optimisation problem: 0.39947104454
INFO:R0@tkref=3.9111: N of unsatisfied eq: 3
INFO:R0@tkref=3.9111: N of unsatisfied ieq: 7
INFO:R0@tkref=3.9111: Summary: Optimization terminated successfully. after 10 it.
DEBUG:R0@tkref=3.9111: $$$$$$$$ CONFLICT LIST $$$$$$$$: []
INFO:R0: --------------------------
INFO:R0@tkref=4.2667: Time to solve stand alone optimisation problem: 0.359637975693
INFO:R0@tkref=4.2667: N of unsatisfied eq: 3
INFO:R0@tkref=4.2667: N of unsatisfied ieq: 7
INFO:R0@tkref=4.2667: Summary: Optimization terminated successfully. after 9 it.
DEBUG:R0@tkref=4.2667: $$$$$$$$ CONFLICT LIST $$$$$$$$: []
INFO:R0: --------------------------
INFO:R0@tkref=4.6222: Time to solve stand alone optimisation problem: 0.364544868469
INFO:R0@tkref=4.6222: N of unsatisfied eq: 3
INFO:R0@tkref=4.6222: N of unsatisfied ieq: 8
INFO:R0@tkref=4.6222: Summary: Optimization terminated successfully. after 9 it.
DEBUG:R0@tkref=4.6222: $$$$$$$$ CONFLICT LIST $$$$$$$$: []
INFO:R0: --------------------------
INFO:R0@tkref=4.9778: Time to solve stand alone optimisation problem: 0.324667930603
INFO:R0@tkref=4.9778: N of unsatisfied eq: 3
INFO:R0@tkref=4.9778: N of unsatisfied ieq: 9
INFO:R0@tkref=4.9778: Summary: Optimization terminated successfully. after 8 it.
DEBUG:R0@tkref=4.9778: $$$$$$$$ CONFLICT LIST $$$$$$$$: []
INFO:R0: --------------------------
INFO:R0@tkref=5.3333: Time to solve stand alone optimisation problem: 0.17071390152
INFO:R0@tkref=5.3333: N of unsatisfied eq: 3
INFO:R0@tkref=5.3333: N of unsatisfied ieq: 8
INFO:R0@tkref=5.3333: Summary: Optimization terminated successfully. after 5 it.
DEBUG:R0@tkref=5.3333: $$$$$$$$ CONFLICT LIST $$$$$$$$: []
INFO:R0: --------------------------
INFO:R0@tkref=5.6889: Time to solve stand alone optimisation problem: 0.0694921016693
INFO:R0@tkref=5.6889: N of unsatisfied eq: 3
INFO:R0@tkref=5.6889: N of unsatisfied ieq: 7
INFO:R0@tkref=5.6889: Summary: Optimization terminated successfully. after 2 it.
DEBUG:R0@tkref=5.6889: $$$$$$$$ CONFLICT LIST $$$$$$$$: []
INFO:R0: --------------------------
INFO:R0@tkref=6.0444: Time to solve stand alone optimisation problem: 0.076073884964
INFO:R0@tkref=6.0444: N of unsatisfied eq: 3
INFO:R0@tkref=6.0444: N of unsatisfied ieq: 6
INFO:R0@tkref=6.0444: Summary: Optimization terminated successfully. after 2 it.
DEBUG:R0@tkref=6.0444: $$$$$$$$ CONFLICT LIST $$$$$$$$: []
INFO:R0: --------------------------
INFO:R0@tkref=6.4000: Time to solve stand alone optimisation problem: 0.0700531005859
INFO:R0@tkref=6.4000: N of unsatisfied eq: 3
INFO:R0@tkref=6.4000: N of unsatisfied ieq: 7
INFO:R0@tkref=6.4000: Summary: Optimization terminated successfully. after 2 it.
DEBUG:R0@tkref=6.4000: $$$$$$$$ CONFLICT LIST $$$$$$$$: []
INFO:R0: --------------------------
INFO:R0@tkref=6.7556: Time to solve stand alone optimisation problem: 0.0699069499969
INFO:R0@tkref=6.7556: N of unsatisfied eq: 3
INFO:R0@tkref=6.7556: N of unsatisfied ieq: 7
INFO:R0@tkref=6.7556: Summary: Optimization terminated successfully. after 2 it.
DEBUG:R0@tkref=6.7556: $$$$$$$$ CONFLICT LIST $$$$$$$$: []
INFO:R0: --------------------------
DEBUG:R0: LAST STEP
DEBUG:R0: Approx remaining dist: 0.188805466204
DEBUG:R0: Usual approx plan dist: 1.6
DEBUG:R0: Approx gain in dist: 1.4111945338
DEBUG:R0: Last step min dist: 0.0
INFO:R0: scale 0.118003416377 Ns 7 Nk 3
INFO:R0@tkref=7.1111: Time to solve stand alone optimisation problem: 0.3496530056
INFO:R0@tkref=7.1111: N of unsatisfied eq: 10
INFO:R0@tkref=7.1111: N of unsatisfied ieq: 4
INFO:R0@tkref=7.1111: Summary: Iteration limit exceeded after 21 it.
DEBUG:R0@tkref=7.1111: $$$$$$$$ CONFLICT LIST $$$$$$$$: []
INFO:R0: Finished motion planning
INFO:R0: --------------------------
INFO:R0: TOT: 7.32312922013
INFO:R0: NSE: 21
INFO:R0: FIR: 1.21033120155
INFO:R0: LAS: 0.350458860397
INFO:R0: LMA: 0
INFO:R0: MAX: 0.652820110321
INFO:R0: MIN: 0.0313551425934
INFO:R0: AVG: 0.274741687273
INFO:R0: RMP: 2.04006284475
INFO:R0: RMG: 2.04006284475
