INFO:R0: Init motion planning
INFO:R0@tkref=0.0000: Time to solve stand alone optimisation problem: 0.983855009079
INFO:R0@tkref=0.0000: N of unsatisfied eq: 5
INFO:R0@tkref=0.0000: N of unsatisfied ieq: 10
INFO:R0@tkref=0.0000: Summary: Iteration limit exceeded after 41 it.
DEBUG:R0@tkref=0.0000: $$$$$$$$ CONFLICT LIST $$$$$$$$: []
INFO:R0: --------------------------
INFO:R0@tkref=0.2000: Time to solve stand alone optimisation problem: 0.0474140644073
INFO:R0@tkref=0.2000: N of unsatisfied eq: 3
INFO:R0@tkref=0.2000: N of unsatisfied ieq: 10
INFO:R0@tkref=0.2000: Summary: Optimization terminated successfully. after 2 it.
DEBUG:R0@tkref=0.2000: $$$$$$$$ CONFLICT LIST $$$$$$$$: []
INFO:R0: --------------------------
INFO:R0@tkref=0.4000: Time to solve stand alone optimisation problem: 0.0452041625977
INFO:R0@tkref=0.4000: N of unsatisfied eq: 3
INFO:R0@tkref=0.4000: N of unsatisfied ieq: 10
INFO:R0@tkref=0.4000: Summary: Optimization terminated successfully. after 2 it.
DEBUG:R0@tkref=0.4000: $$$$$$$$ CONFLICT LIST $$$$$$$$: []
INFO:R0: --------------------------
INFO:R0@tkref=0.6000: Time to solve stand alone optimisation problem: 0.0262079238892
INFO:R0@tkref=0.6000: N of unsatisfied eq: 3
INFO:R0@tkref=0.6000: N of unsatisfied ieq: 8
INFO:R0@tkref=0.6000: Summary: Optimization terminated successfully. after 1 it.
DEBUG:R0@tkref=0.6000: $$$$$$$$ CONFLICT LIST $$$$$$$$: []
INFO:R0: --------------------------
INFO:R0@tkref=0.8000: Time to solve stand alone optimisation problem: 0.0242059230804
INFO:R0@tkref=0.8000: N of unsatisfied eq: 3
INFO:R0@tkref=0.8000: N of unsatisfied ieq: 10
INFO:R0@tkref=0.8000: Summary: Optimization terminated successfully. after 1 it.
DEBUG:R0@tkref=0.8000: $$$$$$$$ CONFLICT LIST $$$$$$$$: []
INFO:R0: --------------------------
INFO:R0@tkref=1.0000: Time to solve stand alone optimisation problem: 0.0246539115906
INFO:R0@tkref=1.0000: N of unsatisfied eq: 3
INFO:R0@tkref=1.0000: N of unsatisfied ieq: 10
INFO:R0@tkref=1.0000: Summary: Optimization terminated successfully. after 1 it.
DEBUG:R0@tkref=1.0000: $$$$$$$$ CONFLICT LIST $$$$$$$$: []
INFO:R0: --------------------------
INFO:R0@tkref=1.2000: Time to solve stand alone optimisation problem: 0.0230770111084
INFO:R0@tkref=1.2000: N of unsatisfied eq: 3
INFO:R0@tkref=1.2000: N of unsatisfied ieq: 6
INFO:R0@tkref=1.2000: Summary: Optimization terminated successfully. after 1 it.
DEBUG:R0@tkref=1.2000: $$$$$$$$ CONFLICT LIST $$$$$$$$: []
INFO:R0: --------------------------
INFO:R0@tkref=1.4000: Time to solve stand alone optimisation problem: 0.0245320796967
INFO:R0@tkref=1.4000: N of unsatisfied eq: 3
INFO:R0@tkref=1.4000: N of unsatisfied ieq: 8
INFO:R0@tkref=1.4000: Summary: Optimization terminated successfully. after 1 it.
DEBUG:R0@tkref=1.4000: $$$$$$$$ CONFLICT LIST $$$$$$$$: []
INFO:R0: --------------------------
INFO:R0@tkref=1.6000: Time to solve stand alone optimisation problem: 0.025367975235
INFO:R0@tkref=1.6000: N of unsatisfied eq: 4
INFO:R0@tkref=1.6000: N of unsatisfied ieq: 7
INFO:R0@tkref=1.6000: Summary: Optimization terminated successfully. after 1 it.
DEBUG:R0@tkref=1.6000: $$$$$$$$ CONFLICT LIST $$$$$$$$: []
INFO:R0: --------------------------
INFO:R0@tkref=1.8000: Time to solve stand alone optimisation problem: 0.0231301784515
INFO:R0@tkref=1.8000: N of unsatisfied eq: 2
INFO:R0@tkref=1.8000: N of unsatisfied ieq: 7
INFO:R0@tkref=1.8000: Summary: Optimization terminated successfully. after 1 it.
DEBUG:R0@tkref=1.8000: $$$$$$$$ CONFLICT LIST $$$$$$$$: []
INFO:R0: --------------------------
INFO:R0@tkref=2.0000: Time to solve stand alone optimisation problem: 0.0231239795685
INFO:R0@tkref=2.0000: N of unsatisfied eq: 5
INFO:R0@tkref=2.0000: N of unsatisfied ieq: 8
INFO:R0@tkref=2.0000: Summary: Optimization terminated successfully. after 1 it.
DEBUG:R0@tkref=2.0000: $$$$$$$$ CONFLICT LIST $$$$$$$$: []
INFO:R0: --------------------------
INFO:R0@tkref=2.2000: Time to solve stand alone optimisation problem: 0.0242841243744
INFO:R0@tkref=2.2000: N of unsatisfied eq: 4
INFO:R0@tkref=2.2000: N of unsatisfied ieq: 8
INFO:R0@tkref=2.2000: Summary: Optimization terminated successfully. after 1 it.
DEBUG:R0@tkref=2.2000: $$$$$$$$ CONFLICT LIST $$$$$$$$: []
INFO:R0: --------------------------
INFO:R0@tkref=2.4000: Time to solve stand alone optimisation problem: 0.0228188037872
INFO:R0@tkref=2.4000: N of unsatisfied eq: 4
INFO:R0@tkref=2.4000: N of unsatisfied ieq: 7
INFO:R0@tkref=2.4000: Summary: Optimization terminated successfully. after 1 it.
DEBUG:R0@tkref=2.4000: $$$$$$$$ CONFLICT LIST $$$$$$$$: []
INFO:R0: --------------------------
INFO:R0@tkref=2.6000: Time to solve stand alone optimisation problem: 0.0238900184631
INFO:R0@tkref=2.6000: N of unsatisfied eq: 3
INFO:R0@tkref=2.6000: N of unsatisfied ieq: 8
INFO:R0@tkref=2.6000: Summary: Optimization terminated successfully. after 1 it.
DEBUG:R0@tkref=2.6000: $$$$$$$$ CONFLICT LIST $$$$$$$$: []
INFO:R0: --------------------------
INFO:R0@tkref=2.8000: Time to solve stand alone optimisation problem: 0.0231931209564
INFO:R0@tkref=2.8000: N of unsatisfied eq: 4
INFO:R0@tkref=2.8000: N of unsatisfied ieq: 7
INFO:R0@tkref=2.8000: Summary: Optimization terminated successfully. after 1 it.
DEBUG:R0@tkref=2.8000: $$$$$$$$ CONFLICT LIST $$$$$$$$: []
INFO:R0: --------------------------
INFO:R0@tkref=3.0000: Time to solve stand alone optimisation problem: 0.02476811409
INFO:R0@tkref=3.0000: N of unsatisfied eq: 4
INFO:R0@tkref=3.0000: N of unsatisfied ieq: 9
INFO:R0@tkref=3.0000: Summary: Optimization terminated successfully. after 1 it.
DEBUG:R0@tkref=3.0000: $$$$$$$$ CONFLICT LIST $$$$$$$$: []
INFO:R0: --------------------------
INFO:R0@tkref=3.2000: Time to solve stand alone optimisation problem: 0.0237860679626
INFO:R0@tkref=3.2000: N of unsatisfied eq: 2
INFO:R0@tkref=3.2000: N of unsatisfied ieq: 4
INFO:R0@tkref=3.2000: Summary: Optimization terminated successfully. after 1 it.
DEBUG:R0@tkref=3.2000: $$$$$$$$ CONFLICT LIST $$$$$$$$: []
INFO:R0: --------------------------
INFO:R0@tkref=3.4000: Time to solve stand alone optimisation problem: 0.0229380130768
INFO:R0@tkref=3.4000: N of unsatisfied eq: 3
INFO:R0@tkref=3.4000: N of unsatisfied ieq: 8
INFO:R0@tkref=3.4000: Summary: Optimization terminated successfully. after 1 it.
DEBUG:R0@tkref=3.4000: $$$$$$$$ CONFLICT LIST $$$$$$$$: []
INFO:R0: --------------------------
INFO:R0@tkref=3.6000: Time to solve stand alone optimisation problem: 0.0233240127563
INFO:R0@tkref=3.6000: N of unsatisfied eq: 4
INFO:R0@tkref=3.6000: N of unsatisfied ieq: 9
INFO:R0@tkref=3.6000: Summary: Optimization terminated successfully. after 1 it.
DEBUG:R0@tkref=3.6000: $$$$$$$$ CONFLICT LIST $$$$$$$$: []
INFO:R0: --------------------------
INFO:R0@tkref=3.8000: Time to solve stand alone optimisation problem: 0.0238840579987
INFO:R0@tkref=3.8000: N of unsatisfied eq: 4
INFO:R0@tkref=3.8000: N of unsatisfied ieq: 9
INFO:R0@tkref=3.8000: Summary: Optimization terminated successfully. after 1 it.
DEBUG:R0@tkref=3.8000: $$$$$$$$ CONFLICT LIST $$$$$$$$: []
INFO:R0: --------------------------
INFO:R0@tkref=4.0000: Time to solve stand alone optimisation problem: 0.0232090950012
INFO:R0@tkref=4.0000: N of unsatisfied eq: 4
INFO:R0@tkref=4.0000: N of unsatisfied ieq: 6
INFO:R0@tkref=4.0000: Summary: Optimization terminated successfully. after 1 it.
DEBUG:R0@tkref=4.0000: $$$$$$$$ CONFLICT LIST $$$$$$$$: []
INFO:R0: --------------------------
INFO:R0@tkref=4.2000: Time to solve stand alone optimisation problem: 0.0228500366211
INFO:R0@tkref=4.2000: N of unsatisfied eq: 3
INFO:R0@tkref=4.2000: N of unsatisfied ieq: 9
INFO:R0@tkref=4.2000: Summary: Optimization terminated successfully. after 1 it.
DEBUG:R0@tkref=4.2000: $$$$$$$$ CONFLICT LIST $$$$$$$$: []
INFO:R0: --------------------------
INFO:R0@tkref=4.4000: Time to solve stand alone optimisation problem: 0.02303814888
INFO:R0@tkref=4.4000: N of unsatisfied eq: 4
INFO:R0@tkref=4.4000: N of unsatisfied ieq: 6
INFO:R0@tkref=4.4000: Summary: Optimization terminated successfully. after 1 it.
DEBUG:R0@tkref=4.4000: $$$$$$$$ CONFLICT LIST $$$$$$$$: []
INFO:R0: --------------------------
INFO:R0@tkref=4.6000: Time to solve stand alone optimisation problem: 0.0241601467133
INFO:R0@tkref=4.6000: N of unsatisfied eq: 4
INFO:R0@tkref=4.6000: N of unsatisfied ieq: 8
INFO:R0@tkref=4.6000: Summary: Optimization terminated successfully. after 1 it.
DEBUG:R0@tkref=4.6000: $$$$$$$$ CONFLICT LIST $$$$$$$$: []
INFO:R0: --------------------------
INFO:R0@tkref=4.8000: Time to solve stand alone optimisation problem: 0.0227379798889
INFO:R0@tkref=4.8000: N of unsatisfied eq: 5
INFO:R0@tkref=4.8000: N of unsatisfied ieq: 7
INFO:R0@tkref=4.8000: Summary: Optimization terminated successfully. after 1 it.
DEBUG:R0@tkref=4.8000: $$$$$$$$ CONFLICT LIST $$$$$$$$: []
INFO:R0: --------------------------
INFO:R0@tkref=5.0000: Time to solve stand alone optimisation problem: 0.023010969162
INFO:R0@tkref=5.0000: N of unsatisfied eq: 5
INFO:R0@tkref=5.0000: N of unsatisfied ieq: 8
INFO:R0@tkref=5.0000: Summary: Optimization terminated successfully. after 1 it.
DEBUG:R0@tkref=5.0000: $$$$$$$$ CONFLICT LIST $$$$$$$$: []
INFO:R0: --------------------------
INFO:R0@tkref=5.2000: Time to solve stand alone optimisation problem: 0.022696018219
INFO:R0@tkref=5.2000: N of unsatisfied eq: 3
INFO:R0@tkref=5.2000: N of unsatisfied ieq: 8
INFO:R0@tkref=5.2000: Summary: Optimization terminated successfully. after 1 it.
DEBUG:R0@tkref=5.2000: $$$$$$$$ CONFLICT LIST $$$$$$$$: []
INFO:R0: --------------------------
INFO:R0@tkref=5.4000: Time to solve stand alone optimisation problem: 0.0231721401215
INFO:R0@tkref=5.4000: N of unsatisfied eq: 4
INFO:R0@tkref=5.4000: N of unsatisfied ieq: 7
INFO:R0@tkref=5.4000: Summary: Optimization terminated successfully. after 1 it.
DEBUG:R0@tkref=5.4000: $$$$$$$$ CONFLICT LIST $$$$$$$$: []
INFO:R0: --------------------------
INFO:R0@tkref=5.6000: Time to solve stand alone optimisation problem: 0.023444890976
INFO:R0@tkref=5.6000: N of unsatisfied eq: 4
INFO:R0@tkref=5.6000: N of unsatisfied ieq: 7
INFO:R0@tkref=5.6000: Summary: Optimization terminated successfully. after 1 it.
DEBUG:R0@tkref=5.6000: $$$$$$$$ CONFLICT LIST $$$$$$$$: []
INFO:R0: --------------------------
INFO:R0@tkref=5.8000: Time to solve stand alone optimisation problem: 0.0229749679565
INFO:R0@tkref=5.8000: N of unsatisfied eq: 5
INFO:R0@tkref=5.8000: N of unsatisfied ieq: 9
INFO:R0@tkref=5.8000: Summary: Optimization terminated successfully. after 1 it.
DEBUG:R0@tkref=5.8000: $$$$$$$$ CONFLICT LIST $$$$$$$$: []
INFO:R0: --------------------------
INFO:R0@tkref=6.0000: Time to solve stand alone optimisation problem: 0.02281498909
INFO:R0@tkref=6.0000: N of unsatisfied eq: 3
INFO:R0@tkref=6.0000: N of unsatisfied ieq: 8
INFO:R0@tkref=6.0000: Summary: Optimization terminated successfully. after 1 it.
DEBUG:R0@tkref=6.0000: $$$$$$$$ CONFLICT LIST $$$$$$$$: []
INFO:R0: --------------------------
INFO:R0@tkref=6.2000: Time to solve stand alone optimisation problem: 0.0283141136169
INFO:R0@tkref=6.2000: N of unsatisfied eq: 3
INFO:R0@tkref=6.2000: N of unsatisfied ieq: 7
INFO:R0@tkref=6.2000: Summary: Optimization terminated successfully. after 1 it.
DEBUG:R0@tkref=6.2000: $$$$$$$$ CONFLICT LIST $$$$$$$$: []
INFO:R0: --------------------------
INFO:R0@tkref=6.4000: Time to solve stand alone optimisation problem: 0.0230221748352
INFO:R0@tkref=6.4000: N of unsatisfied eq: 4
INFO:R0@tkref=6.4000: N of unsatisfied ieq: 8
INFO:R0@tkref=6.4000: Summary: Optimization terminated successfully. after 1 it.
DEBUG:R0@tkref=6.4000: $$$$$$$$ CONFLICT LIST $$$$$$$$: []
INFO:R0: --------------------------
INFO:R0@tkref=6.6000: Time to solve stand alone optimisation problem: 0.0226650238037
INFO:R0@tkref=6.6000: N of unsatisfied eq: 4
INFO:R0@tkref=6.6000: N of unsatisfied ieq: 8
INFO:R0@tkref=6.6000: Summary: Optimization terminated successfully. after 1 it.
DEBUG:R0@tkref=6.6000: $$$$$$$$ CONFLICT LIST $$$$$$$$: []
INFO:R0: --------------------------
INFO:R0@tkref=6.8000: Time to solve stand alone optimisation problem: 0.0228741168976
INFO:R0@tkref=6.8000: N of unsatisfied eq: 3
INFO:R0@tkref=6.8000: N of unsatisfied ieq: 8
INFO:R0@tkref=6.8000: Summary: Optimization terminated successfully. after 1 it.
DEBUG:R0@tkref=6.8000: $$$$$$$$ CONFLICT LIST $$$$$$$$: []
INFO:R0: --------------------------
DEBUG:R0: LAST STEP
DEBUG:R0: Approx remaining dist: 0.109125377064
DEBUG:R0: Usual approx plan dist: 1.2
DEBUG:R0: Approx gain in dist: 1.09087462294
DEBUG:R0: Last step min dist: 0.0
INFO:R0: scale 0.0909378142198 Ns 7 Nk 3
INFO:R0@tkref=7.0000: Time to solve stand alone optimisation problem: 0.314718961716
INFO:R0@tkref=7.0000: N of unsatisfied eq: 10
INFO:R0@tkref=7.0000: N of unsatisfied ieq: 4
INFO:R0@tkref=7.0000: Summary: Iteration limit exceeded after 21 it.
DEBUG:R0@tkref=7.0000: $$$$$$$$ CONFLICT LIST $$$$$$$$: []
INFO:R0: Finished motion planning
INFO:R0: --------------------------
INFO:R0: TOT: 7.12253941737
INFO:R0: NSE: 36
INFO:R0: FIR: 0.985476016998
INFO:R0: LAS: 0.315495014191
INFO:R0: LMA: 1
INFO:R0: MAX: 0.0481700897217
INFO:R0: MIN: 0.023411989212
INFO:R0: AVG: 0.0258022406522
INFO:R0: RMP: 0.200708707174
INFO:R0: RMG: 1.31456255913
