INFO:R0: Init motion planning
INFO:R0@tkref=0.0000: Time to solve stand alone optimisation problem: 1.02285790443
INFO:R0@tkref=0.0000: N of unsatisfied eq: 5
INFO:R0@tkref=0.0000: N of unsatisfied ieq: 8
INFO:R0@tkref=0.0000: Summary: Iteration limit exceeded after 41 it.
DEBUG:R0@tkref=0.0000: $$$$$$$$ CONFLICT LIST $$$$$$$$: []
INFO:R0: --------------------------
INFO:R0@tkref=0.1846: Time to solve stand alone optimisation problem: 0.0257720947266
INFO:R0@tkref=0.1846: N of unsatisfied eq: 3
INFO:R0@tkref=0.1846: N of unsatisfied ieq: 5
INFO:R0@tkref=0.1846: Summary: Optimization terminated successfully. after 1 it.
DEBUG:R0@tkref=0.1846: $$$$$$$$ CONFLICT LIST $$$$$$$$: []
INFO:R0: --------------------------
INFO:R0@tkref=0.3692: Time to solve stand alone optimisation problem: 0.124706029892
INFO:R0@tkref=0.3692: N of unsatisfied eq: 3
INFO:R0@tkref=0.3692: N of unsatisfied ieq: 5
INFO:R0@tkref=0.3692: Summary: Optimization terminated successfully. after 5 it.
DEBUG:R0@tkref=0.3692: $$$$$$$$ CONFLICT LIST $$$$$$$$: []
INFO:R0: --------------------------
INFO:R0@tkref=0.5538: Time to solve stand alone optimisation problem: 0.0495390892029
INFO:R0@tkref=0.5538: N of unsatisfied eq: 3
INFO:R0@tkref=0.5538: N of unsatisfied ieq: 10
INFO:R0@tkref=0.5538: Summary: Optimization terminated successfully. after 2 it.
DEBUG:R0@tkref=0.5538: $$$$$$$$ CONFLICT LIST $$$$$$$$: []
INFO:R0: --------------------------
INFO:R0@tkref=0.7385: Time to solve stand alone optimisation problem: 0.0260100364685
INFO:R0@tkref=0.7385: N of unsatisfied eq: 3
INFO:R0@tkref=0.7385: N of unsatisfied ieq: 10
INFO:R0@tkref=0.7385: Summary: Optimization terminated successfully. after 1 it.
DEBUG:R0@tkref=0.7385: $$$$$$$$ CONFLICT LIST $$$$$$$$: []
INFO:R0: --------------------------
INFO:R0@tkref=0.9231: Time to solve stand alone optimisation problem: 0.0249319076538
INFO:R0@tkref=0.9231: N of unsatisfied eq: 3
INFO:R0@tkref=0.9231: N of unsatisfied ieq: 6
INFO:R0@tkref=0.9231: Summary: Optimization terminated successfully. after 1 it.
DEBUG:R0@tkref=0.9231: $$$$$$$$ CONFLICT LIST $$$$$$$$: []
INFO:R0: --------------------------
INFO:R0@tkref=1.1077: Time to solve stand alone optimisation problem: 0.0238049030304
INFO:R0@tkref=1.1077: N of unsatisfied eq: 4
INFO:R0@tkref=1.1077: N of unsatisfied ieq: 9
INFO:R0@tkref=1.1077: Summary: Optimization terminated successfully. after 1 it.
DEBUG:R0@tkref=1.1077: $$$$$$$$ CONFLICT LIST $$$$$$$$: []
INFO:R0: --------------------------
INFO:R0@tkref=1.2923: Time to solve stand alone optimisation problem: 0.0239820480347
INFO:R0@tkref=1.2923: N of unsatisfied eq: 5
INFO:R0@tkref=1.2923: N of unsatisfied ieq: 5
INFO:R0@tkref=1.2923: Summary: Optimization terminated successfully. after 1 it.
DEBUG:R0@tkref=1.2923: $$$$$$$$ CONFLICT LIST $$$$$$$$: []
INFO:R0: --------------------------
INFO:R0@tkref=1.4769: Time to solve stand alone optimisation problem: 0.0244479179382
INFO:R0@tkref=1.4769: N of unsatisfied eq: 3
INFO:R0@tkref=1.4769: N of unsatisfied ieq: 9
INFO:R0@tkref=1.4769: Summary: Optimization terminated successfully. after 1 it.
DEBUG:R0@tkref=1.4769: $$$$$$$$ CONFLICT LIST $$$$$$$$: []
INFO:R0: --------------------------
INFO:R0@tkref=1.6615: Time to solve stand alone optimisation problem: 0.0274081230164
INFO:R0@tkref=1.6615: N of unsatisfied eq: 5
INFO:R0@tkref=1.6615: N of unsatisfied ieq: 9
INFO:R0@tkref=1.6615: Summary: Optimization terminated successfully. after 1 it.
DEBUG:R0@tkref=1.6615: $$$$$$$$ CONFLICT LIST $$$$$$$$: []
INFO:R0: --------------------------
INFO:R0@tkref=1.8462: Time to solve stand alone optimisation problem: 0.0238909721375
INFO:R0@tkref=1.8462: N of unsatisfied eq: 4
INFO:R0@tkref=1.8462: N of unsatisfied ieq: 7
INFO:R0@tkref=1.8462: Summary: Optimization terminated successfully. after 1 it.
DEBUG:R0@tkref=1.8462: $$$$$$$$ CONFLICT LIST $$$$$$$$: []
INFO:R0: --------------------------
INFO:R0@tkref=2.0308: Time to solve stand alone optimisation problem: 0.0245518684387
INFO:R0@tkref=2.0308: N of unsatisfied eq: 5
INFO:R0@tkref=2.0308: N of unsatisfied ieq: 6
INFO:R0@tkref=2.0308: Summary: Optimization terminated successfully. after 1 it.
DEBUG:R0@tkref=2.0308: $$$$$$$$ CONFLICT LIST $$$$$$$$: []
INFO:R0: --------------------------
INFO:R0@tkref=2.2154: Time to solve stand alone optimisation problem: 0.0235788822174
INFO:R0@tkref=2.2154: N of unsatisfied eq: 3
INFO:R0@tkref=2.2154: N of unsatisfied ieq: 7
INFO:R0@tkref=2.2154: Summary: Optimization terminated successfully. after 1 it.
DEBUG:R0@tkref=2.2154: $$$$$$$$ CONFLICT LIST $$$$$$$$: []
INFO:R0: --------------------------
INFO:R0@tkref=2.4000: Time to solve stand alone optimisation problem: 0.0279989242554
INFO:R0@tkref=2.4000: N of unsatisfied eq: 4
INFO:R0@tkref=2.4000: N of unsatisfied ieq: 4
INFO:R0@tkref=2.4000: Summary: Optimization terminated successfully. after 1 it.
DEBUG:R0@tkref=2.4000: $$$$$$$$ CONFLICT LIST $$$$$$$$: []
INFO:R0: --------------------------
INFO:R0@tkref=2.5846: Time to solve stand alone optimisation problem: 0.0243449211121
INFO:R0@tkref=2.5846: N of unsatisfied eq: 4
INFO:R0@tkref=2.5846: N of unsatisfied ieq: 7
INFO:R0@tkref=2.5846: Summary: Optimization terminated successfully. after 1 it.
DEBUG:R0@tkref=2.5846: $$$$$$$$ CONFLICT LIST $$$$$$$$: []
INFO:R0: --------------------------
INFO:R0@tkref=2.7692: Time to solve stand alone optimisation problem: 0.0244839191437
INFO:R0@tkref=2.7692: N of unsatisfied eq: 5
INFO:R0@tkref=2.7692: N of unsatisfied ieq: 7
INFO:R0@tkref=2.7692: Summary: Optimization terminated successfully. after 1 it.
DEBUG:R0@tkref=2.7692: $$$$$$$$ CONFLICT LIST $$$$$$$$: []
INFO:R0: --------------------------
INFO:R0@tkref=2.9538: Time to solve stand alone optimisation problem: 0.0245430469513
INFO:R0@tkref=2.9538: N of unsatisfied eq: 3
INFO:R0@tkref=2.9538: N of unsatisfied ieq: 5
INFO:R0@tkref=2.9538: Summary: Optimization terminated successfully. after 1 it.
DEBUG:R0@tkref=2.9538: $$$$$$$$ CONFLICT LIST $$$$$$$$: []
INFO:R0: --------------------------
INFO:R0@tkref=3.1385: Time to solve stand alone optimisation problem: 0.0249309539795
INFO:R0@tkref=3.1385: N of unsatisfied eq: 4
INFO:R0@tkref=3.1385: N of unsatisfied ieq: 7
INFO:R0@tkref=3.1385: Summary: Optimization terminated successfully. after 1 it.
DEBUG:R0@tkref=3.1385: $$$$$$$$ CONFLICT LIST $$$$$$$$: []
INFO:R0: --------------------------
INFO:R0@tkref=3.3231: Time to solve stand alone optimisation problem: 0.0235729217529
INFO:R0@tkref=3.3231: N of unsatisfied eq: 5
INFO:R0@tkref=3.3231: N of unsatisfied ieq: 7
INFO:R0@tkref=3.3231: Summary: Optimization terminated successfully. after 1 it.
DEBUG:R0@tkref=3.3231: $$$$$$$$ CONFLICT LIST $$$$$$$$: []
INFO:R0: --------------------------
INFO:R0@tkref=3.5077: Time to solve stand alone optimisation problem: 0.0243630409241
INFO:R0@tkref=3.5077: N of unsatisfied eq: 3
INFO:R0@tkref=3.5077: N of unsatisfied ieq: 6
INFO:R0@tkref=3.5077: Summary: Optimization terminated successfully. after 1 it.
DEBUG:R0@tkref=3.5077: $$$$$$$$ CONFLICT LIST $$$$$$$$: []
INFO:R0: --------------------------
INFO:R0@tkref=3.6923: Time to solve stand alone optimisation problem: 0.0234808921814
INFO:R0@tkref=3.6923: N of unsatisfied eq: 3
INFO:R0@tkref=3.6923: N of unsatisfied ieq: 7
INFO:R0@tkref=3.6923: Summary: Optimization terminated successfully. after 1 it.
DEBUG:R0@tkref=3.6923: $$$$$$$$ CONFLICT LIST $$$$$$$$: []
INFO:R0: --------------------------
INFO:R0@tkref=3.8769: Time to solve stand alone optimisation problem: 0.0275220870972
INFO:R0@tkref=3.8769: N of unsatisfied eq: 2
INFO:R0@tkref=3.8769: N of unsatisfied ieq: 7
INFO:R0@tkref=3.8769: Summary: Optimization terminated successfully. after 1 it.
DEBUG:R0@tkref=3.8769: $$$$$$$$ CONFLICT LIST $$$$$$$$: []
INFO:R0: --------------------------
INFO:R0@tkref=4.0615: Time to solve stand alone optimisation problem: 0.023833990097
INFO:R0@tkref=4.0615: N of unsatisfied eq: 5
INFO:R0@tkref=4.0615: N of unsatisfied ieq: 7
INFO:R0@tkref=4.0615: Summary: Optimization terminated successfully. after 1 it.
DEBUG:R0@tkref=4.0615: $$$$$$$$ CONFLICT LIST $$$$$$$$: []
INFO:R0: --------------------------
INFO:R0@tkref=4.2462: Time to solve stand alone optimisation problem: 0.0236330032349
INFO:R0@tkref=4.2462: N of unsatisfied eq: 4
INFO:R0@tkref=4.2462: N of unsatisfied ieq: 8
INFO:R0@tkref=4.2462: Summary: Optimization terminated successfully. after 1 it.
DEBUG:R0@tkref=4.2462: $$$$$$$$ CONFLICT LIST $$$$$$$$: []
INFO:R0: --------------------------
INFO:R0@tkref=4.4308: Time to solve stand alone optimisation problem: 0.0237131118774
INFO:R0@tkref=4.4308: N of unsatisfied eq: 4
INFO:R0@tkref=4.4308: N of unsatisfied ieq: 7
INFO:R0@tkref=4.4308: Summary: Optimization terminated successfully. after 1 it.
DEBUG:R0@tkref=4.4308: $$$$$$$$ CONFLICT LIST $$$$$$$$: []
INFO:R0: --------------------------
INFO:R0@tkref=4.6154: Time to solve stand alone optimisation problem: 0.0239598751068
INFO:R0@tkref=4.6154: N of unsatisfied eq: 4
INFO:R0@tkref=4.6154: N of unsatisfied ieq: 8
INFO:R0@tkref=4.6154: Summary: Optimization terminated successfully. after 1 it.
DEBUG:R0@tkref=4.6154: $$$$$$$$ CONFLICT LIST $$$$$$$$: []
INFO:R0: --------------------------
INFO:R0@tkref=4.8000: Time to solve stand alone optimisation problem: 0.0240399837494
INFO:R0@tkref=4.8000: N of unsatisfied eq: 5
INFO:R0@tkref=4.8000: N of unsatisfied ieq: 6
INFO:R0@tkref=4.8000: Summary: Optimization terminated successfully. after 1 it.
DEBUG:R0@tkref=4.8000: $$$$$$$$ CONFLICT LIST $$$$$$$$: []
INFO:R0: --------------------------
INFO:R0@tkref=4.9846: Time to solve stand alone optimisation problem: 0.0250380039215
INFO:R0@tkref=4.9846: N of unsatisfied eq: 4
INFO:R0@tkref=4.9846: N of unsatisfied ieq: 7
INFO:R0@tkref=4.9846: Summary: Optimization terminated successfully. after 1 it.
DEBUG:R0@tkref=4.9846: $$$$$$$$ CONFLICT LIST $$$$$$$$: []
INFO:R0: --------------------------
INFO:R0@tkref=5.1692: Time to solve stand alone optimisation problem: 0.0236468315125
INFO:R0@tkref=5.1692: N of unsatisfied eq: 4
INFO:R0@tkref=5.1692: N of unsatisfied ieq: 8
INFO:R0@tkref=5.1692: Summary: Optimization terminated successfully. after 1 it.
DEBUG:R0@tkref=5.1692: $$$$$$$$ CONFLICT LIST $$$$$$$$: []
INFO:R0: --------------------------
INFO:R0@tkref=5.3538: Time to solve stand alone optimisation problem: 0.026939868927
INFO:R0@tkref=5.3538: N of unsatisfied eq: 4
INFO:R0@tkref=5.3538: N of unsatisfied ieq: 5
INFO:R0@tkref=5.3538: Summary: Optimization terminated successfully. after 1 it.
DEBUG:R0@tkref=5.3538: $$$$$$$$ CONFLICT LIST $$$$$$$$: []
INFO:R0: --------------------------
INFO:R0@tkref=5.5385: Time to solve stand alone optimisation problem: 0.0236220359802
INFO:R0@tkref=5.5385: N of unsatisfied eq: 4
INFO:R0@tkref=5.5385: N of unsatisfied ieq: 7
INFO:R0@tkref=5.5385: Summary: Optimization terminated successfully. after 1 it.
DEBUG:R0@tkref=5.5385: $$$$$$$$ CONFLICT LIST $$$$$$$$: []
INFO:R0: --------------------------
INFO:R0@tkref=5.7231: Time to solve stand alone optimisation problem: 0.0243740081787
INFO:R0@tkref=5.7231: N of unsatisfied eq: 2
INFO:R0@tkref=5.7231: N of unsatisfied ieq: 6
INFO:R0@tkref=5.7231: Summary: Optimization terminated successfully. after 1 it.
DEBUG:R0@tkref=5.7231: $$$$$$$$ CONFLICT LIST $$$$$$$$: []
INFO:R0: --------------------------
INFO:R0@tkref=5.9077: Time to solve stand alone optimisation problem: 0.0242450237274
INFO:R0@tkref=5.9077: N of unsatisfied eq: 3
INFO:R0@tkref=5.9077: N of unsatisfied ieq: 8
INFO:R0@tkref=5.9077: Summary: Optimization terminated successfully. after 1 it.
DEBUG:R0@tkref=5.9077: $$$$$$$$ CONFLICT LIST $$$$$$$$: []
INFO:R0: --------------------------
INFO:R0@tkref=6.0923: Time to solve stand alone optimisation problem: 0.0266888141632
INFO:R0@tkref=6.0923: N of unsatisfied eq: 4
INFO:R0@tkref=6.0923: N of unsatisfied ieq: 6
INFO:R0@tkref=6.0923: Summary: Optimization terminated successfully. after 1 it.
DEBUG:R0@tkref=6.0923: $$$$$$$$ CONFLICT LIST $$$$$$$$: []
INFO:R0: --------------------------
INFO:R0@tkref=6.2769: Time to solve stand alone optimisation problem: 0.0243620872498
INFO:R0@tkref=6.2769: N of unsatisfied eq: 4
INFO:R0@tkref=6.2769: N of unsatisfied ieq: 6
INFO:R0@tkref=6.2769: Summary: Optimization terminated successfully. after 1 it.
DEBUG:R0@tkref=6.2769: $$$$$$$$ CONFLICT LIST $$$$$$$$: []
INFO:R0: --------------------------
INFO:R0@tkref=6.4615: Time to solve stand alone optimisation problem: 0.0234658718109
INFO:R0@tkref=6.4615: N of unsatisfied eq: 4
INFO:R0@tkref=6.4615: N of unsatisfied ieq: 7
INFO:R0@tkref=6.4615: Summary: Optimization terminated successfully. after 1 it.
DEBUG:R0@tkref=6.4615: $$$$$$$$ CONFLICT LIST $$$$$$$$: []
INFO:R0: --------------------------
INFO:R0@tkref=6.6462: Time to solve stand alone optimisation problem: 0.0238978862762
INFO:R0@tkref=6.6462: N of unsatisfied eq: 4
INFO:R0@tkref=6.6462: N of unsatisfied ieq: 6
INFO:R0@tkref=6.6462: Summary: Optimization terminated successfully. after 1 it.
DEBUG:R0@tkref=6.6462: $$$$$$$$ CONFLICT LIST $$$$$$$$: []
INFO:R0: --------------------------
INFO:R0@tkref=6.8308: Time to solve stand alone optimisation problem: 0.0298359394073
INFO:R0@tkref=6.8308: N of unsatisfied eq: 3
INFO:R0@tkref=6.8308: N of unsatisfied ieq: 8
INFO:R0@tkref=6.8308: Summary: Optimization terminated successfully. after 1 it.
DEBUG:R0@tkref=6.8308: $$$$$$$$ CONFLICT LIST $$$$$$$$: []
INFO:R0: --------------------------
DEBUG:R0: LAST STEP
DEBUG:R0: Approx remaining dist: 0.051172779903
DEBUG:R0: Usual approx plan dist: 0.8
DEBUG:R0: Approx gain in dist: 0.748827220097
DEBUG:R0: Last step min dist: 0.0
INFO:R0: scale 0.0639659748788 Ns 7 Nk 3
INFO:R0@tkref=7.0154: Time to solve stand alone optimisation problem: 0.319442987442
INFO:R0@tkref=7.0154: N of unsatisfied eq: 10
INFO:R0@tkref=7.0154: N of unsatisfied ieq: 4
INFO:R0@tkref=7.0154: Summary: Iteration limit exceeded after 21 it.
DEBUG:R0@tkref=7.0154: $$$$$$$$ CONFLICT LIST $$$$$$$$: []
INFO:R0: Finished motion planning
INFO:R0: --------------------------
INFO:R0: TOT: 7.07284642391
INFO:R0: NSE: 39
INFO:R0: FIR: 1.02417111397
INFO:R0: LAS: 0.320225954056
INFO:R0: LMA: 1
INFO:R0: MAX: 0.12650513649
INFO:R0: MIN: 0.0241961479187
INFO:R0: AVG: 0.0290043418472
INFO:R0: RMP: 0.790657103062
INFO:R0: RMG: 2.00141221285
