INFO:R0: Init motion planning
INFO:R0@tkref=0.0000: Time to solve stand alone optimisation problem: 2.62262916565
INFO:R0@tkref=0.0000: N of unsatisfied eq: 5
INFO:R0@tkref=0.0000: N of unsatisfied ieq: 8
INFO:R0@tkref=0.0000: Summary: Iteration limit exceeded after 41 it.
DEBUG:R0@tkref=0.0000: $$$$$$$$ CONFLICT LIST $$$$$$$$: []
INFO:R0: --------------------------
INFO:R0@tkref=0.4000: Time to solve stand alone optimisation problem: 0.937366962433
INFO:R0@tkref=0.4000: N of unsatisfied eq: 2
INFO:R0@tkref=0.4000: N of unsatisfied ieq: 13
INFO:R0@tkref=0.4000: Summary: Iteration limit exceeded after 16 it.
DEBUG:R0@tkref=0.4000: $$$$$$$$ CONFLICT LIST $$$$$$$$: []
INFO:R0: --------------------------
INFO:R0@tkref=0.8000: Time to solve stand alone optimisation problem: 0.628727912903
INFO:R0@tkref=0.8000: N of unsatisfied eq: 3
INFO:R0@tkref=0.8000: N of unsatisfied ieq: 8
INFO:R0@tkref=0.8000: Summary: Optimization terminated successfully. after 10 it.
DEBUG:R0@tkref=0.8000: $$$$$$$$ CONFLICT LIST $$$$$$$$: []
INFO:R0: --------------------------
INFO:R0@tkref=1.2000: Time to solve stand alone optimisation problem: 0.496042013168
INFO:R0@tkref=1.2000: N of unsatisfied eq: 3
INFO:R0@tkref=1.2000: N of unsatisfied ieq: 9
INFO:R0@tkref=1.2000: Summary: Optimization terminated successfully. after 6 it.
DEBUG:R0@tkref=1.2000: $$$$$$$$ CONFLICT LIST $$$$$$$$: []
INFO:R0: --------------------------
INFO:R0@tkref=1.6000: Time to solve stand alone optimisation problem: 0.989560127258
INFO:R0@tkref=1.6000: N of unsatisfied eq: 2
INFO:R0@tkref=1.6000: N of unsatisfied ieq: 7
INFO:R0@tkref=1.6000: Summary: Optimization terminated successfully. after 12 it.
DEBUG:R0@tkref=1.6000: $$$$$$$$ CONFLICT LIST $$$$$$$$: []
INFO:R0: --------------------------
INFO:R0@tkref=2.0000: Time to solve stand alone optimisation problem: 0.494963884354
INFO:R0@tkref=2.0000: N of unsatisfied eq: 3
INFO:R0@tkref=2.0000: N of unsatisfied ieq: 8
INFO:R0@tkref=2.0000: Summary: Optimization terminated successfully. after 6 it.
DEBUG:R0@tkref=2.0000: $$$$$$$$ CONFLICT LIST $$$$$$$$: []
INFO:R0: --------------------------
INFO:R0@tkref=2.4000: Time to solve stand alone optimisation problem: 0.733958005905
INFO:R0@tkref=2.4000: N of unsatisfied eq: 3
INFO:R0@tkref=2.4000: N of unsatisfied ieq: 9
INFO:R0@tkref=2.4000: Summary: Optimization terminated successfully. after 8 it.
DEBUG:R0@tkref=2.4000: $$$$$$$$ CONFLICT LIST $$$$$$$$: []
INFO:R0: --------------------------
INFO:R0@tkref=2.8000: Time to solve stand alone optimisation problem: 0.386840105057
INFO:R0@tkref=2.8000: N of unsatisfied eq: 3
INFO:R0@tkref=2.8000: N of unsatisfied ieq: 11
INFO:R0@tkref=2.8000: Summary: Optimization terminated successfully. after 4 it.
DEBUG:R0@tkref=2.8000: $$$$$$$$ CONFLICT LIST $$$$$$$$: []
INFO:R0: --------------------------
INFO:R0@tkref=3.2000: Time to solve stand alone optimisation problem: 0.557449102402
INFO:R0@tkref=3.2000: N of unsatisfied eq: 2
INFO:R0@tkref=3.2000: N of unsatisfied ieq: 10
INFO:R0@tkref=3.2000: Summary: Optimization terminated successfully. after 6 it.
DEBUG:R0@tkref=3.2000: $$$$$$$$ CONFLICT LIST $$$$$$$$: []
INFO:R0: --------------------------
INFO:R0@tkref=3.6000: Time to solve stand alone optimisation problem: 0.554682016373
INFO:R0@tkref=3.6000: N of unsatisfied eq: 3
INFO:R0@tkref=3.6000: N of unsatisfied ieq: 11
INFO:R0@tkref=3.6000: Summary: Optimization terminated successfully. after 6 it.
DEBUG:R0@tkref=3.6000: $$$$$$$$ CONFLICT LIST $$$$$$$$: []
INFO:R0: --------------------------
INFO:R0@tkref=4.0000: Time to solve stand alone optimisation problem: 0.467519044876
INFO:R0@tkref=4.0000: N of unsatisfied eq: 2
INFO:R0@tkref=4.0000: N of unsatisfied ieq: 8
INFO:R0@tkref=4.0000: Summary: Optimization terminated successfully. after 5 it.
DEBUG:R0@tkref=4.0000: $$$$$$$$ CONFLICT LIST $$$$$$$$: []
INFO:R0: --------------------------
INFO:R0@tkref=4.4000: Time to solve stand alone optimisation problem: 1.26938700676
INFO:R0@tkref=4.4000: N of unsatisfied eq: 3
INFO:R0@tkref=4.4000: N of unsatisfied ieq: 2
INFO:R0@tkref=4.4000: Summary: Iteration limit exceeded after 16 it.
DEBUG:R0@tkref=4.4000: $$$$$$$$ CONFLICT LIST $$$$$$$$: []
INFO:R0: --------------------------
INFO:R0@tkref=4.8000: Time to solve stand alone optimisation problem: 1.1054019928
INFO:R0@tkref=4.8000: N of unsatisfied eq: 5
INFO:R0@tkref=4.8000: N of unsatisfied ieq: 29
INFO:R0@tkref=4.8000: Summary: Iteration limit exceeded after 16 it.
DEBUG:R0@tkref=4.8000: $$$$$$$$ CONFLICT LIST $$$$$$$$: []
INFO:R0: --------------------------
INFO:R0@tkref=5.2000: Time to solve stand alone optimisation problem: 0.720699071884
INFO:R0@tkref=5.2000: N of unsatisfied eq: 5
INFO:R0@tkref=5.2000: N of unsatisfied ieq: 25
INFO:R0@tkref=5.2000: Summary: Optimization terminated successfully. after 14 it.
DEBUG:R0@tkref=5.2000: $$$$$$$$ CONFLICT LIST $$$$$$$$: []
INFO:R0: --------------------------
DEBUG:R0: Big problem 1395761.33312
INFO:R0@tkref=5.6000: Time to solve stand alone optimisation problem: 0.902363061905
INFO:R0@tkref=5.6000: N of unsatisfied eq: 3
INFO:R0@tkref=5.6000: N of unsatisfied ieq: 15
INFO:R0@tkref=5.6000: Summary: Iteration limit exceeded after 16 it.
DEBUG:R0@tkref=5.6000: $$$$$$$$ CONFLICT LIST $$$$$$$$: []
INFO:R0: --------------------------
INFO:R0@tkref=6.0000: Time to solve stand alone optimisation problem: 1.1747739315
INFO:R0@tkref=6.0000: N of unsatisfied eq: 5
INFO:R0@tkref=6.0000: N of unsatisfied ieq: 20
INFO:R0@tkref=6.0000: Summary: Iteration limit exceeded after 16 it.
DEBUG:R0@tkref=6.0000: $$$$$$$$ CONFLICT LIST $$$$$$$$: []
INFO:R0: --------------------------
DEBUG:R0: Big problem 28212496.7577
DEBUG:R0: Big problem 3.22573877054e+13
DEBUG:R0: Big problem 3.22573137008e+11
DEBUG:R0: Big problem 3225657368.22
DEBUG:R0: Big problem 32249176.1785
DEBUG:R0: Big problem 2.3017819425e+20
DEBUG:R0: Big problem 2.30178194053e+18
DEBUG:R0: Big problem 2.30178192077e+16
DEBUG:R0: Big problem 2.30178172324e+14
DEBUG:R0: Big problem 2.30177974795e+12
DEBUG:R0: Big problem 23017599953.1
DEBUG:R0: Big problem 230156249.572
DEBUG:R0: Big problem 2299590.18234
DEBUG:R0: Big problem 1.28935694048e+18
DEBUG:R0: Big problem 1.28935692425e+16
DEBUG:R0: Big problem 1.289356762e+14
DEBUG:R0: Big problem 1.28935513945e+12
DEBUG:R0: Big problem 12893389143.0
DEBUG:R0: Big problem 128917669.053
DEBUG:R0: Big problem 1287557.2307
DEBUG:R0: Big problem 3.22160633593e+22
DEBUG:R0: Big problem 3.22160633582e+20
DEBUG:R0: Big problem 3.22160633471e+18
DEBUG:R0: Big problem 3.22160632368e+16
DEBUG:R0: Big problem 3.2216062133e+14
DEBUG:R0: Big problem 3.2216051095e+12
DEBUG:R0: Big problem 32215940717.7
DEBUG:R0: Big problem 322148371.771
DEBUG:R0: Big problem 3220382.49738
INFO:R0@tkref=6.4000: Time to solve stand alone optimisation problem: 1.27609395981
INFO:R0@tkref=6.4000: N of unsatisfied eq: 3
INFO:R0@tkref=6.4000: N of unsatisfied ieq: 27
INFO:R0@tkref=6.4000: Summary: Iteration limit exceeded after 16 it.
DEBUG:R0@tkref=6.4000: $$$$$$$$ CONFLICT LIST $$$$$$$$: []
INFO:R0: --------------------------
INFO:R0@tkref=6.8000: Time to solve stand alone optimisation problem: 0.901177883148
INFO:R0@tkref=6.8000: N of unsatisfied eq: 3
INFO:R0@tkref=6.8000: N of unsatisfied ieq: 15
INFO:R0@tkref=6.8000: Summary: Optimization terminated successfully. after 15 it.
DEBUG:R0@tkref=6.8000: $$$$$$$$ CONFLICT LIST $$$$$$$$: []
INFO:R0: --------------------------
INFO:R0@tkref=7.2000: Time to solve stand alone optimisation problem: 0.440998077393
INFO:R0@tkref=7.2000: N of unsatisfied eq: 3
INFO:R0@tkref=7.2000: N of unsatisfied ieq: 11
INFO:R0@tkref=7.2000: Summary: Optimization terminated successfully. after 6 it.
DEBUG:R0@tkref=7.2000: $$$$$$$$ CONFLICT LIST $$$$$$$$: []
INFO:R0: --------------------------
INFO:R0@tkref=7.6000: Time to solve stand alone optimisation problem: 0.193428993225
INFO:R0@tkref=7.6000: N of unsatisfied eq: 3
INFO:R0@tkref=7.6000: N of unsatisfied ieq: 11
INFO:R0@tkref=7.6000: Summary: Optimization terminated successfully. after 3 it.
DEBUG:R0@tkref=7.6000: $$$$$$$$ CONFLICT LIST $$$$$$$$: []
INFO:R0: --------------------------
INFO:R0@tkref=8.0000: Time to solve stand alone optimisation problem: 0.0660820007324
INFO:R0@tkref=8.0000: N of unsatisfied eq: 3
INFO:R0@tkref=8.0000: N of unsatisfied ieq: 11
INFO:R0@tkref=8.0000: Summary: Optimization terminated successfully. after 1 it.
DEBUG:R0@tkref=8.0000: $$$$$$$$ CONFLICT LIST $$$$$$$$: []
INFO:R0: --------------------------
INFO:R0@tkref=8.4000: Time to solve stand alone optimisation problem: 0.0660600662231
INFO:R0@tkref=8.4000: N of unsatisfied eq: 4
INFO:R0@tkref=8.4000: N of unsatisfied ieq: 10
INFO:R0@tkref=8.4000: Summary: Optimization terminated successfully. after 1 it.
DEBUG:R0@tkref=8.4000: $$$$$$$$ CONFLICT LIST $$$$$$$$: []
INFO:R0: --------------------------
DEBUG:R0: LAST STEP
DEBUG:R0: Approx remaining dist: 0.341700973121
DEBUG:R0: Usual approx plan dist: 0.8
DEBUG:R0: Approx gain in dist: 0.458299026879
DEBUG:R0: Last step min dist: 0.0
INFO:R0: scale 0.427126216401 Ns 7 Nk 3
INFO:R0@tkref=8.8000: Time to solve stand alone optimisation problem: 0.400497913361
INFO:R0@tkref=8.8000: N of unsatisfied eq: 10
INFO:R0@tkref=8.8000: N of unsatisfied ieq: 1
INFO:R0@tkref=8.8000: Summary: Iteration limit exceeded after 21 it.
DEBUG:R0@tkref=8.8000: $$$$$$$$ CONFLICT LIST $$$$$$$$: []
INFO:R0: Finished motion planning
INFO:R0: --------------------------
INFO:R0: TOT: 9.22553977773
INFO:R0: NSE: 23
INFO:R0: FIR: 2.62441706657
INFO:R0: LAS: 0.401354074478
INFO:R0: LMA: 0
INFO:R0: MAX: 1.27696013451
INFO:R0: MIN: 0.066880941391
INFO:R0: AVG: 0.684869527817
INFO:R0: RMP: 3.19240033627
INFO:R0: RMG: 3.19240033627
