INFO:R0: Init motion planning
INFO:R0@tkref=0.0000: Time to solve stand alone optimisation problem: 0.882165908813
INFO:R0@tkref=0.0000: N of unsatisfied eq: 5
INFO:R0@tkref=0.0000: N of unsatisfied ieq: 5
INFO:R0@tkref=0.0000: Summary: Iteration limit exceeded after 41 it.
DEBUG:R0@tkref=0.0000: $$$$$$$$ CONFLICT LIST $$$$$$$$: []
INFO:R0: --------------------------
INFO:R0@tkref=0.7111: Time to solve stand alone optimisation problem: 0.0671470165253
INFO:R0@tkref=0.7111: N of unsatisfied eq: 3
INFO:R0@tkref=0.7111: N of unsatisfied ieq: 6
INFO:R0@tkref=0.7111: Summary: Optimization terminated successfully. after 3 it.
DEBUG:R0@tkref=0.7111: $$$$$$$$ CONFLICT LIST $$$$$$$$: []
INFO:R0: --------------------------
INFO:R0@tkref=1.4222: Time to solve stand alone optimisation problem: 0.0226440429688
INFO:R0@tkref=1.4222: N of unsatisfied eq: 3
INFO:R0@tkref=1.4222: N of unsatisfied ieq: 6
INFO:R0@tkref=1.4222: Summary: Optimization terminated successfully. after 1 it.
DEBUG:R0@tkref=1.4222: $$$$$$$$ CONFLICT LIST $$$$$$$$: []
INFO:R0: --------------------------
INFO:R0@tkref=2.1333: Time to solve stand alone optimisation problem: 0.0214591026306
INFO:R0@tkref=2.1333: N of unsatisfied eq: 3
INFO:R0@tkref=2.1333: N of unsatisfied ieq: 4
INFO:R0@tkref=2.1333: Summary: Optimization terminated successfully. after 1 it.
DEBUG:R0@tkref=2.1333: $$$$$$$$ CONFLICT LIST $$$$$$$$: []
INFO:R0: --------------------------
INFO:R0@tkref=2.8444: Time to solve stand alone optimisation problem: 0.0214140415192
INFO:R0@tkref=2.8444: N of unsatisfied eq: 3
INFO:R0@tkref=2.8444: N of unsatisfied ieq: 5
INFO:R0@tkref=2.8444: Summary: Optimization terminated successfully. after 1 it.
DEBUG:R0@tkref=2.8444: $$$$$$$$ CONFLICT LIST $$$$$$$$: []
INFO:R0: --------------------------
INFO:R0@tkref=3.5556: Time to solve stand alone optimisation problem: 0.0214188098907
INFO:R0@tkref=3.5556: N of unsatisfied eq: 4
INFO:R0@tkref=3.5556: N of unsatisfied ieq: 6
INFO:R0@tkref=3.5556: Summary: Optimization terminated successfully. after 1 it.
DEBUG:R0@tkref=3.5556: $$$$$$$$ CONFLICT LIST $$$$$$$$: []
INFO:R0: --------------------------
INFO:R0@tkref=4.2667: Time to solve stand alone optimisation problem: 0.0213539600372
INFO:R0@tkref=4.2667: N of unsatisfied eq: 3
INFO:R0@tkref=4.2667: N of unsatisfied ieq: 6
INFO:R0@tkref=4.2667: Summary: Optimization terminated successfully. after 1 it.
DEBUG:R0@tkref=4.2667: $$$$$$$$ CONFLICT LIST $$$$$$$$: []
INFO:R0: --------------------------
INFO:R0@tkref=4.9778: Time to solve stand alone optimisation problem: 0.0210468769073
INFO:R0@tkref=4.9778: N of unsatisfied eq: 3
INFO:R0@tkref=4.9778: N of unsatisfied ieq: 5
INFO:R0@tkref=4.9778: Summary: Optimization terminated successfully. after 1 it.
DEBUG:R0@tkref=4.9778: $$$$$$$$ CONFLICT LIST $$$$$$$$: []
INFO:R0: --------------------------
INFO:R0@tkref=5.6889: Time to solve stand alone optimisation problem: 0.0212540626526
INFO:R0@tkref=5.6889: N of unsatisfied eq: 3
INFO:R0@tkref=5.6889: N of unsatisfied ieq: 6
INFO:R0@tkref=5.6889: Summary: Optimization terminated successfully. after 1 it.
DEBUG:R0@tkref=5.6889: $$$$$$$$ CONFLICT LIST $$$$$$$$: []
INFO:R0: --------------------------
INFO:R0@tkref=6.4000: Time to solve stand alone optimisation problem: 0.0212721824646
INFO:R0@tkref=6.4000: N of unsatisfied eq: 5
INFO:R0@tkref=6.4000: N of unsatisfied ieq: 5
INFO:R0@tkref=6.4000: Summary: Optimization terminated successfully. after 1 it.
DEBUG:R0@tkref=6.4000: $$$$$$$$ CONFLICT LIST $$$$$$$$: []
INFO:R0: --------------------------
DEBUG:R0: LAST STEP
DEBUG:R0: Approx remaining dist: 0.00474778931852
DEBUG:R0: Usual approx plan dist: 1.6
DEBUG:R0: Approx gain in dist: 1.59525221068
DEBUG:R0: Last step min dist: 0.0
INFO:R0: scale 0.00296736832407 Ns 7 Nk 3
INFO:R0@tkref=7.1111: Time to solve stand alone optimisation problem: 0.261179924011
INFO:R0@tkref=7.1111: N of unsatisfied eq: 10
INFO:R0@tkref=7.1111: N of unsatisfied ieq: 5
INFO:R0@tkref=7.1111: Summary: Iteration limit exceeded after 21 it.
DEBUG:R0@tkref=7.1111: $$$$$$$$ CONFLICT LIST $$$$$$$$: []
INFO:R0: Finished motion planning
INFO:R0: --------------------------
INFO:R0: TOT: 7.11931265472
INFO:R0: NSE: 11
INFO:R0: FIR: 0.883543014526
INFO:R0: LAS: 0.261924982071
INFO:R0: LMA: 1
INFO:R0: MAX: 0.0679121017456
INFO:R0: MIN: 0.0217230319977
INFO:R0: AVG: 0.0272419717577
INFO:R0: RMP: 0.106112658978
INFO:R0: RMG: 0.409257784486
