INFO:R0: Init motion planning
INFO:R0@tkref=0.0000: Time to solve stand alone optimisation problem: 1.17832899094
INFO:R0@tkref=0.0000: N of unsatisfied eq: 4
INFO:R0@tkref=0.0000: N of unsatisfied ieq: 10
INFO:R0@tkref=0.0000: Summary: Iteration limit exceeded after 41 it.
DEBUG:R0@tkref=0.0000: $$$$$$$$ CONFLICT LIST $$$$$$$$: []
INFO:R0: --------------------------
INFO:R0@tkref=0.9846: Time to solve stand alone optimisation problem: 0.0299980640411
INFO:R0@tkref=0.9846: N of unsatisfied eq: 3
INFO:R0@tkref=0.9846: N of unsatisfied ieq: 6
INFO:R0@tkref=0.9846: Summary: Optimization terminated successfully. after 1 it.
DEBUG:R0@tkref=0.9846: $$$$$$$$ CONFLICT LIST $$$$$$$$: []
INFO:R0: --------------------------
INFO:R0@tkref=1.9692: Time to solve stand alone optimisation problem: 0.0284888744354
INFO:R0@tkref=1.9692: N of unsatisfied eq: 5
INFO:R0@tkref=1.9692: N of unsatisfied ieq: 9
INFO:R0@tkref=1.9692: Summary: Optimization terminated successfully. after 1 it.
DEBUG:R0@tkref=1.9692: $$$$$$$$ CONFLICT LIST $$$$$$$$: []
INFO:R0: --------------------------
INFO:R0@tkref=2.9538: Time to solve stand alone optimisation problem: 0.028548002243
INFO:R0@tkref=2.9538: N of unsatisfied eq: 4
INFO:R0@tkref=2.9538: N of unsatisfied ieq: 9
INFO:R0@tkref=2.9538: Summary: Optimization terminated successfully. after 1 it.
DEBUG:R0@tkref=2.9538: $$$$$$$$ CONFLICT LIST $$$$$$$$: []
INFO:R0: --------------------------
INFO:R0@tkref=3.9385: Time to solve stand alone optimisation problem: 0.0285170078278
INFO:R0@tkref=3.9385: N of unsatisfied eq: 4
INFO:R0@tkref=3.9385: N of unsatisfied ieq: 10
INFO:R0@tkref=3.9385: Summary: Optimization terminated successfully. after 1 it.
DEBUG:R0@tkref=3.9385: $$$$$$$$ CONFLICT LIST $$$$$$$$: []
INFO:R0: --------------------------
INFO:R0@tkref=4.9231: Time to solve stand alone optimisation problem: 0.0281081199646
INFO:R0@tkref=4.9231: N of unsatisfied eq: 4
INFO:R0@tkref=4.9231: N of unsatisfied ieq: 9
INFO:R0@tkref=4.9231: Summary: Optimization terminated successfully. after 1 it.
DEBUG:R0@tkref=4.9231: $$$$$$$$ CONFLICT LIST $$$$$$$$: []
INFO:R0: --------------------------
INFO:R0@tkref=5.9077: Time to solve stand alone optimisation problem: 0.0283617973328
INFO:R0@tkref=5.9077: N of unsatisfied eq: 2
INFO:R0@tkref=5.9077: N of unsatisfied ieq: 9
INFO:R0@tkref=5.9077: Summary: Optimization terminated successfully. after 1 it.
DEBUG:R0@tkref=5.9077: $$$$$$$$ CONFLICT LIST $$$$$$$$: []
INFO:R0: --------------------------
DEBUG:R0: LAST STEP
DEBUG:R0: Approx remaining dist: 0.195827299841
DEBUG:R0: Usual approx plan dist: 1.6
DEBUG:R0: Approx gain in dist: 1.40417270016
DEBUG:R0: Last step min dist: 0.0
INFO:R0: scale 0.1223920624 Ns 7 Nk 3
INFO:R0@tkref=6.8923: Time to solve stand alone optimisation problem: 0.294986009598
INFO:R0@tkref=6.8923: N of unsatisfied eq: 10
INFO:R0@tkref=6.8923: N of unsatisfied ieq: 4
INFO:R0@tkref=6.8923: Summary: Iteration limit exceeded after 21 it.
DEBUG:R0@tkref=6.8923: $$$$$$$$ CONFLICT LIST $$$$$$$$: []
INFO:R0: Finished motion planning
INFO:R0: --------------------------
INFO:R0: TOT: 7.11220674127
INFO:R0: NSE: 8
INFO:R0: FIR: 1.17966008186
INFO:R0: LAS: 0.295722961426
INFO:R0: LMA: 1
INFO:R0: MAX: 0.0306859016418
INFO:R0: MIN: 0.0287702083588
INFO:R0: AVG: 0.0293479760488
INFO:R0: RMP: 0.0319644808769
INFO:R0: RMG: 0.308044751485
