INFO:R0: Init motion planning
INFO:R0@tkref=0.0000: Time to solve stand alone optimisation problem: 0.818360090256
INFO:R0@tkref=0.0000: N of unsatisfied eq: 4
INFO:R0@tkref=0.0000: N of unsatisfied ieq: 5
INFO:R0@tkref=0.0000: Summary: Iteration limit exceeded after 41 it.
DEBUG:R0@tkref=0.0000: $$$$$$$$ CONFLICT LIST $$$$$$$$: []
INFO:R0: --------------------------
INFO:R0@tkref=0.6000: Time to solve stand alone optimisation problem: 0.0208561420441
INFO:R0@tkref=0.6000: N of unsatisfied eq: 3
INFO:R0@tkref=0.6000: N of unsatisfied ieq: 4
INFO:R0@tkref=0.6000: Summary: Optimization terminated successfully. after 1 it.
DEBUG:R0@tkref=0.6000: $$$$$$$$ CONFLICT LIST $$$$$$$$: []
INFO:R0: --------------------------
INFO:R0@tkref=1.2000: Time to solve stand alone optimisation problem: 0.0206758975983
INFO:R0@tkref=1.2000: N of unsatisfied eq: 3
INFO:R0@tkref=1.2000: N of unsatisfied ieq: 6
INFO:R0@tkref=1.2000: Summary: Optimization terminated successfully. after 1 it.
DEBUG:R0@tkref=1.2000: $$$$$$$$ CONFLICT LIST $$$$$$$$: []
INFO:R0: --------------------------
INFO:R0@tkref=1.8000: Time to solve stand alone optimisation problem: 0.0196480751038
INFO:R0@tkref=1.8000: N of unsatisfied eq: 5
INFO:R0@tkref=1.8000: N of unsatisfied ieq: 4
INFO:R0@tkref=1.8000: Summary: Optimization terminated successfully. after 1 it.
DEBUG:R0@tkref=1.8000: $$$$$$$$ CONFLICT LIST $$$$$$$$: []
INFO:R0: --------------------------
INFO:R0@tkref=2.4000: Time to solve stand alone optimisation problem: 0.0226440429688
INFO:R0@tkref=2.4000: N of unsatisfied eq: 4
INFO:R0@tkref=2.4000: N of unsatisfied ieq: 4
INFO:R0@tkref=2.4000: Summary: Optimization terminated successfully. after 1 it.
DEBUG:R0@tkref=2.4000: $$$$$$$$ CONFLICT LIST $$$$$$$$: []
INFO:R0: --------------------------
INFO:R0@tkref=3.0000: Time to solve stand alone optimisation problem: 0.0199718475342
INFO:R0@tkref=3.0000: N of unsatisfied eq: 2
INFO:R0@tkref=3.0000: N of unsatisfied ieq: 5
INFO:R0@tkref=3.0000: Summary: Optimization terminated successfully. after 1 it.
DEBUG:R0@tkref=3.0000: $$$$$$$$ CONFLICT LIST $$$$$$$$: []
INFO:R0: --------------------------
INFO:R0@tkref=3.6000: Time to solve stand alone optimisation problem: 0.0196330547333
INFO:R0@tkref=3.6000: N of unsatisfied eq: 5
INFO:R0@tkref=3.6000: N of unsatisfied ieq: 5
INFO:R0@tkref=3.6000: Summary: Optimization terminated successfully. after 1 it.
DEBUG:R0@tkref=3.6000: $$$$$$$$ CONFLICT LIST $$$$$$$$: []
INFO:R0: --------------------------
INFO:R0@tkref=4.2000: Time to solve stand alone optimisation problem: 0.0196299552917
INFO:R0@tkref=4.2000: N of unsatisfied eq: 4
INFO:R0@tkref=4.2000: N of unsatisfied ieq: 5
INFO:R0@tkref=4.2000: Summary: Optimization terminated successfully. after 1 it.
DEBUG:R0@tkref=4.2000: $$$$$$$$ CONFLICT LIST $$$$$$$$: []
INFO:R0: --------------------------
INFO:R0@tkref=4.8000: Time to solve stand alone optimisation problem: 0.0196278095245
INFO:R0@tkref=4.8000: N of unsatisfied eq: 4
INFO:R0@tkref=4.8000: N of unsatisfied ieq: 4
INFO:R0@tkref=4.8000: Summary: Optimization terminated successfully. after 1 it.
DEBUG:R0@tkref=4.8000: $$$$$$$$ CONFLICT LIST $$$$$$$$: []
INFO:R0: --------------------------
INFO:R0@tkref=5.4000: Time to solve stand alone optimisation problem: 0.0193560123444
INFO:R0@tkref=5.4000: N of unsatisfied eq: 5
INFO:R0@tkref=5.4000: N of unsatisfied ieq: 4
INFO:R0@tkref=5.4000: Summary: Optimization terminated successfully. after 1 it.
DEBUG:R0@tkref=5.4000: $$$$$$$$ CONFLICT LIST $$$$$$$$: []
INFO:R0: --------------------------
INFO:R0@tkref=6.0000: Time to solve stand alone optimisation problem: 0.0195498466492
INFO:R0@tkref=6.0000: N of unsatisfied eq: 5
INFO:R0@tkref=6.0000: N of unsatisfied ieq: 4
INFO:R0@tkref=6.0000: Summary: Optimization terminated successfully. after 1 it.
DEBUG:R0@tkref=6.0000: $$$$$$$$ CONFLICT LIST $$$$$$$$: []
INFO:R0: --------------------------
DEBUG:R0: LAST STEP
DEBUG:R0: Approx remaining dist: 0.463678352732
DEBUG:R0: Usual approx plan dist: 1.2
DEBUG:R0: Approx gain in dist: 0.736321647268
DEBUG:R0: Last step min dist: 0.0
INFO:R0: scale 0.386398627276 Ns 7 Nk 3
INFO:R0@tkref=6.6000: Time to solve stand alone optimisation problem: 0.291016101837
INFO:R0@tkref=6.6000: N of unsatisfied eq: 10
INFO:R0@tkref=6.6000: N of unsatisfied ieq: 4
INFO:R0@tkref=6.6000: Summary: Iteration limit exceeded after 21 it.
DEBUG:R0@tkref=6.6000: $$$$$$$$ CONFLICT LIST $$$$$$$$: []
INFO:R0: Finished motion planning
INFO:R0: --------------------------
INFO:R0: TOT: 7.12069573273
INFO:R0: NSE: 12
INFO:R0: FIR: 0.819478988647
INFO:R0: LAS: 0.291725873947
INFO:R0: LMA: 1
INFO:R0: MAX: 0.0234041213989
INFO:R0: MIN: 0.0200049877167
INFO:R0: AVG: 0.0208406686783
INFO:R0: RMP: 0.0390068689982
INFO:R0: RMG: 0.486209789912
