INFO:R0: Init motion planning
INFO:R0@tkref=0.0000: Time to solve stand alone optimisation problem: 1.16568517685
INFO:R0@tkref=0.0000: N of unsatisfied eq: 5
INFO:R0@tkref=0.0000: N of unsatisfied ieq: 5
INFO:R0@tkref=0.0000: Summary: Iteration limit exceeded after 41 it.
DEBUG:R0@tkref=0.0000: $$$$$$$$ CONFLICT LIST $$$$$$$$: []
INFO:R0: --------------------------
INFO:R0@tkref=0.1714: Time to solve stand alone optimisation problem: 0.23894405365
INFO:R0@tkref=0.1714: N of unsatisfied eq: 1
INFO:R0@tkref=0.1714: N of unsatisfied ieq: 6
INFO:R0@tkref=0.1714: Summary: Optimization terminated successfully. after 9 it.
DEBUG:R0@tkref=0.1714: $$$$$$$$ CONFLICT LIST $$$$$$$$: []
INFO:R0: --------------------------
INFO:R0@tkref=0.3429: Time to solve stand alone optimisation problem: 0.437220096588
INFO:R0@tkref=0.3429: N of unsatisfied eq: 2
INFO:R0@tkref=0.3429: N of unsatisfied ieq: 5
INFO:R0@tkref=0.3429: Summary: Iteration limit exceeded after 16 it.
DEBUG:R0@tkref=0.3429: $$$$$$$$ CONFLICT LIST $$$$$$$$: []
INFO:R0: --------------------------
INFO:R0@tkref=0.5143: Time to solve stand alone optimisation problem: 0.16886305809
INFO:R0@tkref=0.5143: N of unsatisfied eq: 3
INFO:R0@tkref=0.5143: N of unsatisfied ieq: 5
INFO:R0@tkref=0.5143: Summary: Optimization terminated successfully. after 6 it.
DEBUG:R0@tkref=0.5143: $$$$$$$$ CONFLICT LIST $$$$$$$$: []
INFO:R0: --------------------------
INFO:R0@tkref=0.6857: Time to solve stand alone optimisation problem: 0.134956121445
INFO:R0@tkref=0.6857: N of unsatisfied eq: 3
INFO:R0@tkref=0.6857: N of unsatisfied ieq: 6
INFO:R0@tkref=0.6857: Summary: Optimization terminated successfully. after 5 it.
DEBUG:R0@tkref=0.6857: $$$$$$$$ CONFLICT LIST $$$$$$$$: []
INFO:R0: --------------------------
INFO:R0@tkref=0.8571: Time to solve stand alone optimisation problem: 0.162673950195
INFO:R0@tkref=0.8571: N of unsatisfied eq: 3
INFO:R0@tkref=0.8571: N of unsatisfied ieq: 6
INFO:R0@tkref=0.8571: Summary: Optimization terminated successfully. after 6 it.
DEBUG:R0@tkref=0.8571: $$$$$$$$ CONFLICT LIST $$$$$$$$: []
INFO:R0: --------------------------
INFO:R0@tkref=1.0286: Time to solve stand alone optimisation problem: 0.181794881821
INFO:R0@tkref=1.0286: N of unsatisfied eq: 3
INFO:R0@tkref=1.0286: N of unsatisfied ieq: 6
INFO:R0@tkref=1.0286: Summary: Optimization terminated successfully. after 6 it.
DEBUG:R0@tkref=1.0286: $$$$$$$$ CONFLICT LIST $$$$$$$$: []
INFO:R0: --------------------------
INFO:R0@tkref=1.2000: Time to solve stand alone optimisation problem: 0.33749294281
INFO:R0@tkref=1.2000: N of unsatisfied eq: 2
INFO:R0@tkref=1.2000: N of unsatisfied ieq: 5
INFO:R0@tkref=1.2000: Summary: Optimization terminated successfully. after 10 it.
DEBUG:R0@tkref=1.2000: $$$$$$$$ CONFLICT LIST $$$$$$$$: []
INFO:R0: --------------------------
INFO:R0@tkref=1.3714: Time to solve stand alone optimisation problem: 0.212410926819
INFO:R0@tkref=1.3714: N of unsatisfied eq: 3
INFO:R0@tkref=1.3714: N of unsatisfied ieq: 4
INFO:R0@tkref=1.3714: Summary: Optimization terminated successfully. after 6 it.
DEBUG:R0@tkref=1.3714: $$$$$$$$ CONFLICT LIST $$$$$$$$: []
INFO:R0: --------------------------
INFO:R0@tkref=1.5429: Time to solve stand alone optimisation problem: 0.42650103569
INFO:R0@tkref=1.5429: N of unsatisfied eq: 2
INFO:R0@tkref=1.5429: N of unsatisfied ieq: 6
INFO:R0@tkref=1.5429: Summary: Optimization terminated successfully. after 12 it.
DEBUG:R0@tkref=1.5429: $$$$$$$$ CONFLICT LIST $$$$$$$$: []
INFO:R0: --------------------------
INFO:R0@tkref=1.7143: Time to solve stand alone optimisation problem: 0.451713085175
INFO:R0@tkref=1.7143: N of unsatisfied eq: 3
INFO:R0@tkref=1.7143: N of unsatisfied ieq: 6
INFO:R0@tkref=1.7143: Summary: Optimization terminated successfully. after 13 it.
DEBUG:R0@tkref=1.7143: $$$$$$$$ CONFLICT LIST $$$$$$$$: []
INFO:R0: --------------------------
INFO:R0@tkref=1.8857: Time to solve stand alone optimisation problem: 0.242866039276
INFO:R0@tkref=1.8857: N of unsatisfied eq: 1
INFO:R0@tkref=1.8857: N of unsatisfied ieq: 5
INFO:R0@tkref=1.8857: Summary: Optimization terminated successfully. after 7 it.
DEBUG:R0@tkref=1.8857: $$$$$$$$ CONFLICT LIST $$$$$$$$: []
INFO:R0: --------------------------
INFO:R0@tkref=2.0571: Time to solve stand alone optimisation problem: 0.266874074936
INFO:R0@tkref=2.0571: N of unsatisfied eq: 3
INFO:R0@tkref=2.0571: N of unsatisfied ieq: 6
INFO:R0@tkref=2.0571: Summary: Optimization terminated successfully. after 8 it.
DEBUG:R0@tkref=2.0571: $$$$$$$$ CONFLICT LIST $$$$$$$$: []
INFO:R0: --------------------------
INFO:R0@tkref=2.2286: Time to solve stand alone optimisation problem: 0.348340988159
INFO:R0@tkref=2.2286: N of unsatisfied eq: 3
INFO:R0@tkref=2.2286: N of unsatisfied ieq: 6
INFO:R0@tkref=2.2286: Summary: Optimization terminated successfully. after 9 it.
DEBUG:R0@tkref=2.2286: $$$$$$$$ CONFLICT LIST $$$$$$$$: []
INFO:R0: --------------------------
INFO:R0@tkref=2.4000: Time to solve stand alone optimisation problem: 0.441735982895
INFO:R0@tkref=2.4000: N of unsatisfied eq: 3
INFO:R0@tkref=2.4000: N of unsatisfied ieq: 6
INFO:R0@tkref=2.4000: Summary: Optimization terminated successfully. after 10 it.
DEBUG:R0@tkref=2.4000: $$$$$$$$ CONFLICT LIST $$$$$$$$: []
INFO:R0: --------------------------
INFO:R0@tkref=2.5714: Time to solve stand alone optimisation problem: 0.321007966995
INFO:R0@tkref=2.5714: N of unsatisfied eq: 3
INFO:R0@tkref=2.5714: N of unsatisfied ieq: 6
INFO:R0@tkref=2.5714: Summary: Optimization terminated successfully. after 7 it.
DEBUG:R0@tkref=2.5714: $$$$$$$$ CONFLICT LIST $$$$$$$$: []
INFO:R0: --------------------------
INFO:R0@tkref=2.7429: Time to solve stand alone optimisation problem: 0.230298995972
INFO:R0@tkref=2.7429: N of unsatisfied eq: 3
INFO:R0@tkref=2.7429: N of unsatisfied ieq: 5
INFO:R0@tkref=2.7429: Summary: Optimization terminated successfully. after 6 it.
DEBUG:R0@tkref=2.7429: $$$$$$$$ CONFLICT LIST $$$$$$$$: []
INFO:R0: --------------------------
INFO:R0@tkref=2.9143: Time to solve stand alone optimisation problem: 0.19487786293
INFO:R0@tkref=2.9143: N of unsatisfied eq: 3
INFO:R0@tkref=2.9143: N of unsatisfied ieq: 6
INFO:R0@tkref=2.9143: Summary: Optimization terminated successfully. after 5 it.
DEBUG:R0@tkref=2.9143: $$$$$$$$ CONFLICT LIST $$$$$$$$: []
INFO:R0: --------------------------
INFO:R0@tkref=3.0857: Time to solve stand alone optimisation problem: 0.266251087189
INFO:R0@tkref=3.0857: N of unsatisfied eq: 3
INFO:R0@tkref=3.0857: N of unsatisfied ieq: 6
INFO:R0@tkref=3.0857: Summary: Optimization terminated successfully. after 7 it.
DEBUG:R0@tkref=3.0857: $$$$$$$$ CONFLICT LIST $$$$$$$$: []
INFO:R0: --------------------------
INFO:R0@tkref=3.2571: Time to solve stand alone optimisation problem: 0.22402715683
INFO:R0@tkref=3.2571: N of unsatisfied eq: 3
INFO:R0@tkref=3.2571: N of unsatisfied ieq: 6
INFO:R0@tkref=3.2571: Summary: Optimization terminated successfully. after 6 it.
DEBUG:R0@tkref=3.2571: $$$$$$$$ CONFLICT LIST $$$$$$$$: []
INFO:R0: --------------------------
INFO:R0@tkref=3.4286: Time to solve stand alone optimisation problem: 0.190191030502
INFO:R0@tkref=3.4286: N of unsatisfied eq: 3
INFO:R0@tkref=3.4286: N of unsatisfied ieq: 6
INFO:R0@tkref=3.4286: Summary: Optimization terminated successfully. after 5 it.
DEBUG:R0@tkref=3.4286: $$$$$$$$ CONFLICT LIST $$$$$$$$: []
INFO:R0: --------------------------
INFO:R0@tkref=3.6000: Time to solve stand alone optimisation problem: 0.224042892456
INFO:R0@tkref=3.6000: N of unsatisfied eq: 3
INFO:R0@tkref=3.6000: N of unsatisfied ieq: 5
INFO:R0@tkref=3.6000: Summary: Optimization terminated successfully. after 6 it.
DEBUG:R0@tkref=3.6000: $$$$$$$$ CONFLICT LIST $$$$$$$$: []
INFO:R0: --------------------------
INFO:R0@tkref=3.7714: Time to solve stand alone optimisation problem: 0.22961807251
INFO:R0@tkref=3.7714: N of unsatisfied eq: 2
INFO:R0@tkref=3.7714: N of unsatisfied ieq: 5
INFO:R0@tkref=3.7714: Summary: Optimization terminated successfully. after 6 it.
DEBUG:R0@tkref=3.7714: $$$$$$$$ CONFLICT LIST $$$$$$$$: []
INFO:R0: --------------------------
INFO:R0@tkref=3.9429: Time to solve stand alone optimisation problem: 0.226391077042
INFO:R0@tkref=3.9429: N of unsatisfied eq: 2
INFO:R0@tkref=3.9429: N of unsatisfied ieq: 5
INFO:R0@tkref=3.9429: Summary: Optimization terminated successfully. after 6 it.
DEBUG:R0@tkref=3.9429: $$$$$$$$ CONFLICT LIST $$$$$$$$: []
INFO:R0: --------------------------
INFO:R0@tkref=4.1143: Time to solve stand alone optimisation problem: 0.266959905624
INFO:R0@tkref=4.1143: N of unsatisfied eq: 3
INFO:R0@tkref=4.1143: N of unsatisfied ieq: 5
INFO:R0@tkref=4.1143: Summary: Optimization terminated successfully. after 7 it.
DEBUG:R0@tkref=4.1143: $$$$$$$$ CONFLICT LIST $$$$$$$$: []
INFO:R0: --------------------------
INFO:R0@tkref=4.2857: Time to solve stand alone optimisation problem: 0.336641073227
INFO:R0@tkref=4.2857: N of unsatisfied eq: 3
INFO:R0@tkref=4.2857: N of unsatisfied ieq: 3
INFO:R0@tkref=4.2857: Summary: Optimization terminated successfully. after 9 it.
DEBUG:R0@tkref=4.2857: $$$$$$$$ CONFLICT LIST $$$$$$$$: []
INFO:R0: --------------------------
INFO:R0@tkref=4.4571: Time to solve stand alone optimisation problem: 0.346181869507
INFO:R0@tkref=4.4571: N of unsatisfied eq: 3
INFO:R0@tkref=4.4571: N of unsatisfied ieq: 6
INFO:R0@tkref=4.4571: Summary: Optimization terminated successfully. after 10 it.
DEBUG:R0@tkref=4.4571: $$$$$$$$ CONFLICT LIST $$$$$$$$: []
INFO:R0: --------------------------
INFO:R0@tkref=4.6286: Time to solve stand alone optimisation problem: 0.549618005753
INFO:R0@tkref=4.6286: N of unsatisfied eq: 3
INFO:R0@tkref=4.6286: N of unsatisfied ieq: 4
INFO:R0@tkref=4.6286: Summary: Iteration limit exceeded after 16 it.
DEBUG:R0@tkref=4.6286: $$$$$$$$ CONFLICT LIST $$$$$$$$: []
INFO:R0: --------------------------
INFO:R0@tkref=4.8000: Time to solve stand alone optimisation problem: 0.492076158524
INFO:R0@tkref=4.8000: N of unsatisfied eq: 3
INFO:R0@tkref=4.8000: N of unsatisfied ieq: 5
INFO:R0@tkref=4.8000: Summary: Iteration limit exceeded after 16 it.
DEBUG:R0@tkref=4.8000: $$$$$$$$ CONFLICT LIST $$$$$$$$: []
INFO:R0: --------------------------
INFO:R0@tkref=4.9714: Time to solve stand alone optimisation problem: 0.276520967484
INFO:R0@tkref=4.9714: N of unsatisfied eq: 3
INFO:R0@tkref=4.9714: N of unsatisfied ieq: 5
INFO:R0@tkref=4.9714: Summary: Optimization terminated successfully. after 9 it.
DEBUG:R0@tkref=4.9714: $$$$$$$$ CONFLICT LIST $$$$$$$$: []
INFO:R0: --------------------------
INFO:R0@tkref=5.1429: Time to solve stand alone optimisation problem: 0.425980806351
INFO:R0@tkref=5.1429: N of unsatisfied eq: 3
INFO:R0@tkref=5.1429: N of unsatisfied ieq: 6
INFO:R0@tkref=5.1429: Summary: Optimization terminated successfully. after 14 it.
DEBUG:R0@tkref=5.1429: $$$$$$$$ CONFLICT LIST $$$$$$$$: []
INFO:R0: --------------------------
INFO:R0@tkref=5.3143: Time to solve stand alone optimisation problem: 0.311864852905
INFO:R0@tkref=5.3143: N of unsatisfied eq: 3
INFO:R0@tkref=5.3143: N of unsatisfied ieq: 6
INFO:R0@tkref=5.3143: Summary: Optimization terminated successfully. after 7 it.
DEBUG:R0@tkref=5.3143: $$$$$$$$ CONFLICT LIST $$$$$$$$: []
INFO:R0: --------------------------
INFO:R0@tkref=5.4857: Time to solve stand alone optimisation problem: 0.215842008591
INFO:R0@tkref=5.4857: N of unsatisfied eq: 3
INFO:R0@tkref=5.4857: N of unsatisfied ieq: 5
INFO:R0@tkref=5.4857: Summary: Optimization terminated successfully. after 7 it.
DEBUG:R0@tkref=5.4857: $$$$$$$$ CONFLICT LIST $$$$$$$$: []
INFO:R0: --------------------------
INFO:R0@tkref=5.6571: Time to solve stand alone optimisation problem: 0.199396133423
INFO:R0@tkref=5.6571: N of unsatisfied eq: 3
INFO:R0@tkref=5.6571: N of unsatisfied ieq: 5
INFO:R0@tkref=5.6571: Summary: Optimization terminated successfully. after 6 it.
DEBUG:R0@tkref=5.6571: $$$$$$$$ CONFLICT LIST $$$$$$$$: []
INFO:R0: --------------------------
INFO:R0@tkref=5.8286: Time to solve stand alone optimisation problem: 0.0646061897278
INFO:R0@tkref=5.8286: N of unsatisfied eq: 3
INFO:R0@tkref=5.8286: N of unsatisfied ieq: 5
INFO:R0@tkref=5.8286: Summary: Optimization terminated successfully. after 2 it.
DEBUG:R0@tkref=5.8286: $$$$$$$$ CONFLICT LIST $$$$$$$$: []
INFO:R0: --------------------------
INFO:R0@tkref=6.0000: Time to solve stand alone optimisation problem: 0.0640377998352
INFO:R0@tkref=6.0000: N of unsatisfied eq: 3
INFO:R0@tkref=6.0000: N of unsatisfied ieq: 5
INFO:R0@tkref=6.0000: Summary: Optimization terminated successfully. after 2 it.
DEBUG:R0@tkref=6.0000: $$$$$$$$ CONFLICT LIST $$$$$$$$: []
INFO:R0: --------------------------
INFO:R0@tkref=6.1714: Time to solve stand alone optimisation problem: 0.0328238010406
INFO:R0@tkref=6.1714: N of unsatisfied eq: 3
INFO:R0@tkref=6.1714: N of unsatisfied ieq: 5
INFO:R0@tkref=6.1714: Summary: Optimization terminated successfully. after 1 it.
DEBUG:R0@tkref=6.1714: $$$$$$$$ CONFLICT LIST $$$$$$$$: []
INFO:R0: --------------------------
INFO:R0@tkref=6.3429: Time to solve stand alone optimisation problem: 0.0289630889893
INFO:R0@tkref=6.3429: N of unsatisfied eq: 3
INFO:R0@tkref=6.3429: N of unsatisfied ieq: 4
INFO:R0@tkref=6.3429: Summary: Optimization terminated successfully. after 1 it.
DEBUG:R0@tkref=6.3429: $$$$$$$$ CONFLICT LIST $$$$$$$$: []
INFO:R0: --------------------------
INFO:R0@tkref=6.5143: Time to solve stand alone optimisation problem: 0.0289168357849
INFO:R0@tkref=6.5143: N of unsatisfied eq: 3
INFO:R0@tkref=6.5143: N of unsatisfied ieq: 7
INFO:R0@tkref=6.5143: Summary: Optimization terminated successfully. after 1 it.
DEBUG:R0@tkref=6.5143: $$$$$$$$ CONFLICT LIST $$$$$$$$: []
INFO:R0: --------------------------
INFO:R0@tkref=6.6857: Time to solve stand alone optimisation problem: 0.0298380851746
INFO:R0@tkref=6.6857: N of unsatisfied eq: 3
INFO:R0@tkref=6.6857: N of unsatisfied ieq: 4
INFO:R0@tkref=6.6857: Summary: Optimization terminated successfully. after 1 it.
DEBUG:R0@tkref=6.6857: $$$$$$$$ CONFLICT LIST $$$$$$$$: []
INFO:R0: --------------------------
INFO:R0@tkref=6.8571: Time to solve stand alone optimisation problem: 0.0291419029236
INFO:R0@tkref=6.8571: N of unsatisfied eq: 3
INFO:R0@tkref=6.8571: N of unsatisfied ieq: 4
INFO:R0@tkref=6.8571: Summary: Optimization terminated successfully. after 1 it.
DEBUG:R0@tkref=6.8571: $$$$$$$$ CONFLICT LIST $$$$$$$$: []
INFO:R0: --------------------------
INFO:R0@tkref=7.0286: Time to solve stand alone optimisation problem: 0.0292730331421
INFO:R0@tkref=7.0286: N of unsatisfied eq: 3
INFO:R0@tkref=7.0286: N of unsatisfied ieq: 4
INFO:R0@tkref=7.0286: Summary: Optimization terminated successfully. after 1 it.
DEBUG:R0@tkref=7.0286: $$$$$$$$ CONFLICT LIST $$$$$$$$: []
INFO:R0: --------------------------
INFO:R0@tkref=7.2000: Time to solve stand alone optimisation problem: 0.0292530059814
INFO:R0@tkref=7.2000: N of unsatisfied eq: 3
INFO:R0@tkref=7.2000: N of unsatisfied ieq: 5
INFO:R0@tkref=7.2000: Summary: Optimization terminated successfully. after 1 it.
DEBUG:R0@tkref=7.2000: $$$$$$$$ CONFLICT LIST $$$$$$$$: []
INFO:R0: --------------------------
INFO:R0@tkref=7.3714: Time to solve stand alone optimisation problem: 0.025288105011
INFO:R0@tkref=7.3714: N of unsatisfied eq: 3
INFO:R0@tkref=7.3714: N of unsatisfied ieq: 4
INFO:R0@tkref=7.3714: Summary: Optimization terminated successfully. after 1 it.
DEBUG:R0@tkref=7.3714: $$$$$$$$ CONFLICT LIST $$$$$$$$: []
INFO:R0: --------------------------
DEBUG:R0: LAST STEP
DEBUG:R0: Approx remaining dist: 0.197415622762
DEBUG:R0: Usual approx plan dist: 1.2
DEBUG:R0: Approx gain in dist: 1.00258437724
DEBUG:R0: Last step min dist: 0.0
INFO:R0: scale 0.164513018969 Ns 7 Nk 3
INFO:R0@tkref=7.5429: Time to solve stand alone optimisation problem: 0.39614200592
INFO:R0@tkref=7.5429: N of unsatisfied eq: 10
INFO:R0@tkref=7.5429: N of unsatisfied ieq: 4
INFO:R0@tkref=7.5429: Summary: Iteration limit exceeded after 21 it.
DEBUG:R0@tkref=7.5429: $$$$$$$$ CONFLICT LIST $$$$$$$$: []
INFO:R0: Finished motion planning
INFO:R0: --------------------------
INFO:R0: TOT: 7.76453860316
INFO:R0: NSE: 45
INFO:R0: FIR: 1.16743612289
INFO:R0: LAS: 0.396989107132
INFO:R0: LMA: 0
INFO:R0: MAX: 0.550441980362
INFO:R0: MIN: 0.0260670185089
INFO:R0: AVG: 0.232056118721
INFO:R0: RMP: 2.29350825151
INFO:R0: RMG: 2.29350825151
