INFO:R0: Init motion planning
INFO:R0@tkref=0.0000: Time to solve stand alone optimisation problem: 1.15142583847
INFO:R0@tkref=0.0000: N of unsatisfied eq: 5
INFO:R0@tkref=0.0000: N of unsatisfied ieq: 13
INFO:R0@tkref=0.0000: Summary: Iteration limit exceeded after 41 it.
DEBUG:R0@tkref=0.0000: $$$$$$$$ CONFLICT LIST $$$$$$$$: []
INFO:R0: --------------------------
INFO:R0@tkref=0.9600: Time to solve stand alone optimisation problem: 0.142342805862
INFO:R0@tkref=0.9600: N of unsatisfied eq: 3
INFO:R0@tkref=0.9600: N of unsatisfied ieq: 6
INFO:R0@tkref=0.9600: Summary: Optimization terminated successfully. after 5 it.
DEBUG:R0@tkref=0.9600: $$$$$$$$ CONFLICT LIST $$$$$$$$: []
INFO:R0: --------------------------
INFO:R0@tkref=1.9200: Time to solve stand alone optimisation problem: 0.170154809952
INFO:R0@tkref=1.9200: N of unsatisfied eq: 3
INFO:R0@tkref=1.9200: N of unsatisfied ieq: 8
INFO:R0@tkref=1.9200: Summary: Optimization terminated successfully. after 6 it.
DEBUG:R0@tkref=1.9200: $$$$$$$$ CONFLICT LIST $$$$$$$$: []
INFO:R0: --------------------------
INFO:R0@tkref=2.8800: Time to solve stand alone optimisation problem: 0.0280001163483
INFO:R0@tkref=2.8800: N of unsatisfied eq: 3
INFO:R0@tkref=2.8800: N of unsatisfied ieq: 8
INFO:R0@tkref=2.8800: Summary: Optimization terminated successfully. after 1 it.
DEBUG:R0@tkref=2.8800: $$$$$$$$ CONFLICT LIST $$$$$$$$: []
INFO:R0: --------------------------
INFO:R0@tkref=3.8400: Time to solve stand alone optimisation problem: 0.0278730392456
INFO:R0@tkref=3.8400: N of unsatisfied eq: 5
INFO:R0@tkref=3.8400: N of unsatisfied ieq: 10
INFO:R0@tkref=3.8400: Summary: Optimization terminated successfully. after 1 it.
DEBUG:R0@tkref=3.8400: $$$$$$$$ CONFLICT LIST $$$$$$$$: []
INFO:R0: --------------------------
INFO:R0@tkref=4.8000: Time to solve stand alone optimisation problem: 0.0276670455933
INFO:R0@tkref=4.8000: N of unsatisfied eq: 4
INFO:R0@tkref=4.8000: N of unsatisfied ieq: 10
INFO:R0@tkref=4.8000: Summary: Optimization terminated successfully. after 1 it.
DEBUG:R0@tkref=4.8000: $$$$$$$$ CONFLICT LIST $$$$$$$$: []
INFO:R0: --------------------------
INFO:R0@tkref=5.7600: Time to solve stand alone optimisation problem: 0.0278389453888
INFO:R0@tkref=5.7600: N of unsatisfied eq: 3
INFO:R0@tkref=5.7600: N of unsatisfied ieq: 8
INFO:R0@tkref=5.7600: Summary: Optimization terminated successfully. after 1 it.
DEBUG:R0@tkref=5.7600: $$$$$$$$ CONFLICT LIST $$$$$$$$: []
INFO:R0: --------------------------
DEBUG:R0: LAST STEP
DEBUG:R0: Approx remaining dist: 0.387244884066
DEBUG:R0: Usual approx plan dist: 1.6
DEBUG:R0: Approx gain in dist: 1.21275511593
DEBUG:R0: Last step min dist: 0.0
INFO:R0: scale 0.242028052541 Ns 7 Nk 3
INFO:R0@tkref=6.7200: Time to solve stand alone optimisation problem: 0.2933781147
INFO:R0@tkref=6.7200: N of unsatisfied eq: 10
INFO:R0@tkref=6.7200: N of unsatisfied ieq: 4
INFO:R0@tkref=6.7200: Summary: Iteration limit exceeded after 21 it.
DEBUG:R0@tkref=6.7200: $$$$$$$$ CONFLICT LIST $$$$$$$$: []
INFO:R0: Finished motion planning
INFO:R0: --------------------------
INFO:R0: TOT: 7.15485844883
INFO:R0: NSE: 8
INFO:R0: FIR: 1.15276789665
INFO:R0: LAS: 0.294100999832
INFO:R0: LMA: 1
INFO:R0: MAX: 0.170934915543
INFO:R0: MIN: 0.0283720493317
INFO:R0: AVG: 0.071364959081
INFO:R0: RMP: 0.17805720369
INFO:R0: RMG: 0.306355208158
