INFO:R0: Init motion planning
INFO:R0@tkref=0.0000: Time to solve stand alone optimisation problem: 2.90027213097
INFO:R0@tkref=0.0000: N of unsatisfied eq: 5
INFO:R0@tkref=0.0000: N of unsatisfied ieq: 16
INFO:R0@tkref=0.0000: Summary: Iteration limit exceeded after 41 it.
DEBUG:R0@tkref=0.0000: $$$$$$$$ CONFLICT LIST $$$$$$$$: []
INFO:R0: --------------------------
INFO:R0@tkref=0.1778: Time to solve stand alone optimisation problem: 0.618532896042
INFO:R0@tkref=0.1778: N of unsatisfied eq: 1
INFO:R0@tkref=0.1778: N of unsatisfied ieq: 13
INFO:R0@tkref=0.1778: Summary: Optimization terminated successfully. after 9 it.
DEBUG:R0@tkref=0.1778: $$$$$$$$ CONFLICT LIST $$$$$$$$: []
INFO:R0: --------------------------
INFO:R0@tkref=0.3556: Time to solve stand alone optimisation problem: 0.747349023819
INFO:R0@tkref=0.3556: N of unsatisfied eq: 2
INFO:R0@tkref=0.3556: N of unsatisfied ieq: 12
INFO:R0@tkref=0.3556: Summary: Optimization terminated successfully. after 11 it.
DEBUG:R0@tkref=0.3556: $$$$$$$$ CONFLICT LIST $$$$$$$$: []
INFO:R0: --------------------------
INFO:R0@tkref=0.5333: Time to solve stand alone optimisation problem: 1.14970517159
INFO:R0@tkref=0.5333: N of unsatisfied eq: 3
INFO:R0@tkref=0.5333: N of unsatisfied ieq: 5
INFO:R0@tkref=0.5333: Summary: Iteration limit exceeded after 16 it.
DEBUG:R0@tkref=0.5333: $$$$$$$$ CONFLICT LIST $$$$$$$$: []
INFO:R0: --------------------------
INFO:R0@tkref=0.7111: Time to solve stand alone optimisation problem: 0.275887966156
INFO:R0@tkref=0.7111: N of unsatisfied eq: 3
INFO:R0@tkref=0.7111: N of unsatisfied ieq: 12
INFO:R0@tkref=0.7111: Summary: Optimization terminated successfully. after 4 it.
DEBUG:R0@tkref=0.7111: $$$$$$$$ CONFLICT LIST $$$$$$$$: []
INFO:R0: --------------------------
INFO:R0@tkref=0.8889: Time to solve stand alone optimisation problem: 0.411651849747
INFO:R0@tkref=0.8889: N of unsatisfied eq: 3
INFO:R0@tkref=0.8889: N of unsatisfied ieq: 9
INFO:R0@tkref=0.8889: Summary: Optimization terminated successfully. after 6 it.
DEBUG:R0@tkref=0.8889: $$$$$$$$ CONFLICT LIST $$$$$$$$: []
INFO:R0: --------------------------
INFO:R0@tkref=1.0667: Time to solve stand alone optimisation problem: 0.643145084381
INFO:R0@tkref=1.0667: N of unsatisfied eq: 2
INFO:R0@tkref=1.0667: N of unsatisfied ieq: 7
INFO:R0@tkref=1.0667: Summary: Optimization terminated successfully. after 7 it.
DEBUG:R0@tkref=1.0667: $$$$$$$$ CONFLICT LIST $$$$$$$$: []
INFO:R0: --------------------------
INFO:R0@tkref=1.2444: Time to solve stand alone optimisation problem: 0.460865974426
INFO:R0@tkref=1.2444: N of unsatisfied eq: 3
INFO:R0@tkref=1.2444: N of unsatisfied ieq: 10
INFO:R0@tkref=1.2444: Summary: Optimization terminated successfully. after 5 it.
DEBUG:R0@tkref=1.2444: $$$$$$$$ CONFLICT LIST $$$$$$$$: []
INFO:R0: --------------------------
INFO:R0@tkref=1.4222: Time to solve stand alone optimisation problem: 1.49923396111
INFO:R0@tkref=1.4222: N of unsatisfied eq: 2
INFO:R0@tkref=1.4222: N of unsatisfied ieq: 1
INFO:R0@tkref=1.4222: Summary: Iteration limit exceeded after 16 it.
DEBUG:R0@tkref=1.4222: $$$$$$$$ CONFLICT LIST $$$$$$$$: []
INFO:R0: --------------------------
INFO:R0@tkref=1.6000: Time to solve stand alone optimisation problem: 1.37748789787
INFO:R0@tkref=1.6000: N of unsatisfied eq: 2
INFO:R0@tkref=1.6000: N of unsatisfied ieq: 10
INFO:R0@tkref=1.6000: Summary: Optimization terminated successfully. after 15 it.
DEBUG:R0@tkref=1.6000: $$$$$$$$ CONFLICT LIST $$$$$$$$: []
INFO:R0: --------------------------
INFO:R0@tkref=1.7778: Time to solve stand alone optimisation problem: 0.733553886414
INFO:R0@tkref=1.7778: N of unsatisfied eq: 3
INFO:R0@tkref=1.7778: N of unsatisfied ieq: 11
INFO:R0@tkref=1.7778: Summary: Optimization terminated successfully. after 8 it.
DEBUG:R0@tkref=1.7778: $$$$$$$$ CONFLICT LIST $$$$$$$$: []
INFO:R0: --------------------------
INFO:R0@tkref=1.9556: Time to solve stand alone optimisation problem: 0.460456132889
INFO:R0@tkref=1.9556: N of unsatisfied eq: 3
INFO:R0@tkref=1.9556: N of unsatisfied ieq: 8
INFO:R0@tkref=1.9556: Summary: Optimization terminated successfully. after 5 it.
DEBUG:R0@tkref=1.9556: $$$$$$$$ CONFLICT LIST $$$$$$$$: []
INFO:R0: --------------------------
INFO:R0@tkref=2.1333: Time to solve stand alone optimisation problem: 0.513609886169
INFO:R0@tkref=2.1333: N of unsatisfied eq: 3
INFO:R0@tkref=2.1333: N of unsatisfied ieq: 11
INFO:R0@tkref=2.1333: Summary: Optimization terminated successfully. after 5 it.
DEBUG:R0@tkref=2.1333: $$$$$$$$ CONFLICT LIST $$$$$$$$: []
INFO:R0: --------------------------
INFO:R0@tkref=2.3111: Time to solve stand alone optimisation problem: 0.826552867889
INFO:R0@tkref=2.3111: N of unsatisfied eq: 2
INFO:R0@tkref=2.3111: N of unsatisfied ieq: 9
INFO:R0@tkref=2.3111: Summary: Optimization terminated successfully. after 8 it.
DEBUG:R0@tkref=2.3111: $$$$$$$$ CONFLICT LIST $$$$$$$$: []
INFO:R0: --------------------------
INFO:R0@tkref=2.4889: Time to solve stand alone optimisation problem: 0.619148015976
INFO:R0@tkref=2.4889: N of unsatisfied eq: 3
INFO:R0@tkref=2.4889: N of unsatisfied ieq: 11
INFO:R0@tkref=2.4889: Summary: Optimization terminated successfully. after 6 it.
DEBUG:R0@tkref=2.4889: $$$$$$$$ CONFLICT LIST $$$$$$$$: []
INFO:R0: --------------------------
INFO:R0@tkref=2.6667: Time to solve stand alone optimisation problem: 0.629069805145
INFO:R0@tkref=2.6667: N of unsatisfied eq: 3
INFO:R0@tkref=2.6667: N of unsatisfied ieq: 8
INFO:R0@tkref=2.6667: Summary: Optimization terminated successfully. after 6 it.
DEBUG:R0@tkref=2.6667: $$$$$$$$ CONFLICT LIST $$$$$$$$: []
INFO:R0: --------------------------
INFO:R0@tkref=2.8444: Time to solve stand alone optimisation problem: 0.430368900299
INFO:R0@tkref=2.8444: N of unsatisfied eq: 3
INFO:R0@tkref=2.8444: N of unsatisfied ieq: 14
INFO:R0@tkref=2.8444: Summary: Optimization terminated successfully. after 4 it.
DEBUG:R0@tkref=2.8444: $$$$$$$$ CONFLICT LIST $$$$$$$$: []
INFO:R0: --------------------------
INFO:R0@tkref=3.0222: Time to solve stand alone optimisation problem: 0.111814975739
INFO:R0@tkref=3.0222: N of unsatisfied eq: 3
INFO:R0@tkref=3.0222: N of unsatisfied ieq: 15
INFO:R0@tkref=3.0222: Summary: Optimization terminated successfully. after 1 it.
DEBUG:R0@tkref=3.0222: $$$$$$$$ CONFLICT LIST $$$$$$$$: []
INFO:R0: --------------------------
INFO:R0@tkref=3.2000: Time to solve stand alone optimisation problem: 0.729128837585
INFO:R0@tkref=3.2000: N of unsatisfied eq: 3
INFO:R0@tkref=3.2000: N of unsatisfied ieq: 12
INFO:R0@tkref=3.2000: Summary: Optimization terminated successfully. after 7 it.
DEBUG:R0@tkref=3.2000: $$$$$$$$ CONFLICT LIST $$$$$$$$: []
INFO:R0: --------------------------
INFO:R0@tkref=3.3778: Time to solve stand alone optimisation problem: 0.830076932907
INFO:R0@tkref=3.3778: N of unsatisfied eq: 1
INFO:R0@tkref=3.3778: N of unsatisfied ieq: 12
INFO:R0@tkref=3.3778: Summary: Optimization terminated successfully. after 8 it.
DEBUG:R0@tkref=3.3778: $$$$$$$$ CONFLICT LIST $$$$$$$$: []
INFO:R0: --------------------------
INFO:R0@tkref=3.5556: Time to solve stand alone optimisation problem: 0.621878147125
INFO:R0@tkref=3.5556: N of unsatisfied eq: 2
INFO:R0@tkref=3.5556: N of unsatisfied ieq: 11
INFO:R0@tkref=3.5556: Summary: Optimization terminated successfully. after 6 it.
DEBUG:R0@tkref=3.5556: $$$$$$$$ CONFLICT LIST $$$$$$$$: []
INFO:R0: --------------------------
INFO:R0@tkref=3.7333: Time to solve stand alone optimisation problem: 0.529939889908
INFO:R0@tkref=3.7333: N of unsatisfied eq: 3
INFO:R0@tkref=3.7333: N of unsatisfied ieq: 8
INFO:R0@tkref=3.7333: Summary: Optimization terminated successfully. after 5 it.
DEBUG:R0@tkref=3.7333: $$$$$$$$ CONFLICT LIST $$$$$$$$: []
INFO:R0: --------------------------
INFO:R0@tkref=3.9111: Time to solve stand alone optimisation problem: 0.627712965012
INFO:R0@tkref=3.9111: N of unsatisfied eq: 3
INFO:R0@tkref=3.9111: N of unsatisfied ieq: 9
INFO:R0@tkref=3.9111: Summary: Optimization terminated successfully. after 6 it.
DEBUG:R0@tkref=3.9111: $$$$$$$$ CONFLICT LIST $$$$$$$$: []
INFO:R0: --------------------------
INFO:R0@tkref=4.0889: Time to solve stand alone optimisation problem: 0.728639125824
INFO:R0@tkref=4.0889: N of unsatisfied eq: 2
INFO:R0@tkref=4.0889: N of unsatisfied ieq: 7
INFO:R0@tkref=4.0889: Summary: Optimization terminated successfully. after 7 it.
DEBUG:R0@tkref=4.0889: $$$$$$$$ CONFLICT LIST $$$$$$$$: []
INFO:R0: --------------------------
INFO:R0@tkref=4.2667: Time to solve stand alone optimisation problem: 0.620732069016
INFO:R0@tkref=4.2667: N of unsatisfied eq: 2
INFO:R0@tkref=4.2667: N of unsatisfied ieq: 8
INFO:R0@tkref=4.2667: Summary: Optimization terminated successfully. after 6 it.
DEBUG:R0@tkref=4.2667: $$$$$$$$ CONFLICT LIST $$$$$$$$: []
INFO:R0: --------------------------
INFO:R0@tkref=4.4444: Time to solve stand alone optimisation problem: 0.934583902359
INFO:R0@tkref=4.4444: N of unsatisfied eq: 3
INFO:R0@tkref=4.4444: N of unsatisfied ieq: 9
INFO:R0@tkref=4.4444: Summary: Optimization terminated successfully. after 10 it.
DEBUG:R0@tkref=4.4444: $$$$$$$$ CONFLICT LIST $$$$$$$$: []
INFO:R0: --------------------------
INFO:R0@tkref=4.6222: Time to solve stand alone optimisation problem: 1.47915816307
INFO:R0@tkref=4.6222: N of unsatisfied eq: 3
INFO:R0@tkref=4.6222: N of unsatisfied ieq: 5
INFO:R0@tkref=4.6222: Summary: Iteration limit exceeded after 16 it.
DEBUG:R0@tkref=4.6222: $$$$$$$$ CONFLICT LIST $$$$$$$$: []
INFO:R0: --------------------------
INFO:R0@tkref=4.8000: Time to solve stand alone optimisation problem: 1.03850102425
INFO:R0@tkref=4.8000: N of unsatisfied eq: 3
INFO:R0@tkref=4.8000: N of unsatisfied ieq: 8
INFO:R0@tkref=4.8000: Summary: Optimization terminated successfully. after 13 it.
DEBUG:R0@tkref=4.8000: $$$$$$$$ CONFLICT LIST $$$$$$$$: []
INFO:R0: --------------------------
INFO:R0@tkref=4.9778: Time to solve stand alone optimisation problem: 0.723609924316
INFO:R0@tkref=4.9778: N of unsatisfied eq: 3
INFO:R0@tkref=4.9778: N of unsatisfied ieq: 7
INFO:R0@tkref=4.9778: Summary: Optimization terminated successfully. after 9 it.
DEBUG:R0@tkref=4.9778: $$$$$$$$ CONFLICT LIST $$$$$$$$: []
INFO:R0: --------------------------
INFO:R0@tkref=5.1556: Time to solve stand alone optimisation problem: 1.11730194092
INFO:R0@tkref=5.1556: N of unsatisfied eq: 3
INFO:R0@tkref=5.1556: N of unsatisfied ieq: 10
INFO:R0@tkref=5.1556: Summary: Optimization terminated successfully. after 14 it.
DEBUG:R0@tkref=5.1556: $$$$$$$$ CONFLICT LIST $$$$$$$$: []
INFO:R0: --------------------------
INFO:R0@tkref=5.3333: Time to solve stand alone optimisation problem: 0.408519983292
INFO:R0@tkref=5.3333: N of unsatisfied eq: 3
INFO:R0@tkref=5.3333: N of unsatisfied ieq: 11
INFO:R0@tkref=5.3333: Summary: Optimization terminated successfully. after 5 it.
DEBUG:R0@tkref=5.3333: $$$$$$$$ CONFLICT LIST $$$$$$$$: []
INFO:R0: --------------------------
INFO:R0@tkref=5.5111: Time to solve stand alone optimisation problem: 0.330313205719
INFO:R0@tkref=5.5111: N of unsatisfied eq: 3
INFO:R0@tkref=5.5111: N of unsatisfied ieq: 14
INFO:R0@tkref=5.5111: Summary: Optimization terminated successfully. after 4 it.
DEBUG:R0@tkref=5.5111: $$$$$$$$ CONFLICT LIST $$$$$$$$: []
INFO:R0: --------------------------
INFO:R0@tkref=5.6889: Time to solve stand alone optimisation problem: 0.0862951278687
INFO:R0@tkref=5.6889: N of unsatisfied eq: 3
INFO:R0@tkref=5.6889: N of unsatisfied ieq: 11
INFO:R0@tkref=5.6889: Summary: Optimization terminated successfully. after 1 it.
DEBUG:R0@tkref=5.6889: $$$$$$$$ CONFLICT LIST $$$$$$$$: []
INFO:R0: --------------------------
INFO:R0@tkref=5.8667: Time to solve stand alone optimisation problem: 0.49827003479
INFO:R0@tkref=5.8667: N of unsatisfied eq: 3
INFO:R0@tkref=5.8667: N of unsatisfied ieq: 9
INFO:R0@tkref=5.8667: Summary: Optimization terminated successfully. after 6 it.
DEBUG:R0@tkref=5.8667: $$$$$$$$ CONFLICT LIST $$$$$$$$: []
INFO:R0: --------------------------
INFO:R0@tkref=6.0444: Time to solve stand alone optimisation problem: 0.0738768577576
INFO:R0@tkref=6.0444: N of unsatisfied eq: 3
INFO:R0@tkref=6.0444: N of unsatisfied ieq: 12
INFO:R0@tkref=6.0444: Summary: Optimization terminated successfully. after 1 it.
DEBUG:R0@tkref=6.0444: $$$$$$$$ CONFLICT LIST $$$$$$$$: []
INFO:R0: --------------------------
INFO:R0@tkref=6.2222: Time to solve stand alone optimisation problem: 0.427520036697
INFO:R0@tkref=6.2222: N of unsatisfied eq: 3
INFO:R0@tkref=6.2222: N of unsatisfied ieq: 8
INFO:R0@tkref=6.2222: Summary: Optimization terminated successfully. after 6 it.
DEBUG:R0@tkref=6.2222: $$$$$$$$ CONFLICT LIST $$$$$$$$: []
INFO:R0: --------------------------
INFO:R0@tkref=6.4000: Time to solve stand alone optimisation problem: 0.0735430717468
INFO:R0@tkref=6.4000: N of unsatisfied eq: 3
INFO:R0@tkref=6.4000: N of unsatisfied ieq: 14
INFO:R0@tkref=6.4000: Summary: Optimization terminated successfully. after 1 it.
DEBUG:R0@tkref=6.4000: $$$$$$$$ CONFLICT LIST $$$$$$$$: []
INFO:R0: --------------------------
INFO:R0@tkref=6.5778: Time to solve stand alone optimisation problem: 0.144009113312
INFO:R0@tkref=6.5778: N of unsatisfied eq: 3
INFO:R0@tkref=6.5778: N of unsatisfied ieq: 11
INFO:R0@tkref=6.5778: Summary: Optimization terminated successfully. after 2 it.
DEBUG:R0@tkref=6.5778: $$$$$$$$ CONFLICT LIST $$$$$$$$: []
INFO:R0: --------------------------
INFO:R0@tkref=6.7556: Time to solve stand alone optimisation problem: 0.0747420787811
INFO:R0@tkref=6.7556: N of unsatisfied eq: 3
INFO:R0@tkref=6.7556: N of unsatisfied ieq: 10
INFO:R0@tkref=6.7556: Summary: Optimization terminated successfully. after 1 it.
DEBUG:R0@tkref=6.7556: $$$$$$$$ CONFLICT LIST $$$$$$$$: []
INFO:R0: --------------------------
INFO:R0@tkref=6.9333: Time to solve stand alone optimisation problem: 0.0738079547882
INFO:R0@tkref=6.9333: N of unsatisfied eq: 3
INFO:R0@tkref=6.9333: N of unsatisfied ieq: 8
INFO:R0@tkref=6.9333: Summary: Optimization terminated successfully. after 1 it.
DEBUG:R0@tkref=6.9333: $$$$$$$$ CONFLICT LIST $$$$$$$$: []
INFO:R0: --------------------------
INFO:R0@tkref=7.1111: Time to solve stand alone optimisation problem: 0.0614550113678
INFO:R0@tkref=7.1111: N of unsatisfied eq: 3
INFO:R0@tkref=7.1111: N of unsatisfied ieq: 8
INFO:R0@tkref=7.1111: Summary: Optimization terminated successfully. after 1 it.
DEBUG:R0@tkref=7.1111: $$$$$$$$ CONFLICT LIST $$$$$$$$: []
INFO:R0: --------------------------
INFO:R0@tkref=7.2889: Time to solve stand alone optimisation problem: 0.0615940093994
INFO:R0@tkref=7.2889: N of unsatisfied eq: 3
INFO:R0@tkref=7.2889: N of unsatisfied ieq: 8
INFO:R0@tkref=7.2889: Summary: Optimization terminated successfully. after 1 it.
DEBUG:R0@tkref=7.2889: $$$$$$$$ CONFLICT LIST $$$$$$$$: []
INFO:R0: --------------------------
DEBUG:R0: LAST STEP
DEBUG:R0: Approx remaining dist: 0.0469238826464
DEBUG:R0: Usual approx plan dist: 0.8
DEBUG:R0: Approx gain in dist: 0.753076117354
DEBUG:R0: Last step min dist: 0.0
INFO:R0: scale 0.058654853308 Ns 7 Nk 3
INFO:R0@tkref=7.4667: Time to solve stand alone optimisation problem: 0.403091907501
INFO:R0@tkref=7.4667: N of unsatisfied eq: 10
INFO:R0@tkref=7.4667: N of unsatisfied ieq: 4
INFO:R0@tkref=7.4667: Summary: Iteration limit exceeded after 21 it.
DEBUG:R0@tkref=7.4667: $$$$$$$$ CONFLICT LIST $$$$$$$$: []
INFO:R0: Finished motion planning
INFO:R0: --------------------------
INFO:R0: TOT: 7.51935736734
INFO:R0: NSE: 43
INFO:R0: FIR: 2.90214300156
INFO:R0: LAS: 0.403965950012
INFO:R0: LMA: 0
INFO:R0: MAX: 1.50010490417
INFO:R0: MIN: 0.0622999668121
INFO:R0: AVG: 0.58146967539
INFO:R0: RMP: 9.37565565109
INFO:R0: RMG: 9.37565565109
