INFO:R0: Init motion planning
INFO:R0@tkref=0.0000: Time to solve stand alone optimisation problem: 1.0206360817
INFO:R0@tkref=0.0000: N of unsatisfied eq: 4
INFO:R0@tkref=0.0000: N of unsatisfied ieq: 6
INFO:R0@tkref=0.0000: Summary: Iteration limit exceeded after 41 it.
DEBUG:R0@tkref=0.0000: $$$$$$$$ CONFLICT LIST $$$$$$$$: []
INFO:R0: --------------------------
INFO:R0@tkref=0.9600: Time to solve stand alone optimisation problem: 0.0504319667816
INFO:R0@tkref=0.9600: N of unsatisfied eq: 3
INFO:R0@tkref=0.9600: N of unsatisfied ieq: 7
INFO:R0@tkref=0.9600: Summary: Optimization terminated successfully. after 2 it.
DEBUG:R0@tkref=0.9600: $$$$$$$$ CONFLICT LIST $$$$$$$$: []
INFO:R0: --------------------------
INFO:R0@tkref=1.9200: Time to solve stand alone optimisation problem: 0.0258150100708
INFO:R0@tkref=1.9200: N of unsatisfied eq: 3
INFO:R0@tkref=1.9200: N of unsatisfied ieq: 5
INFO:R0@tkref=1.9200: Summary: Optimization terminated successfully. after 1 it.
DEBUG:R0@tkref=1.9200: $$$$$$$$ CONFLICT LIST $$$$$$$$: []
INFO:R0: --------------------------
INFO:R0@tkref=2.8800: Time to solve stand alone optimisation problem: 0.0244908332825
INFO:R0@tkref=2.8800: N of unsatisfied eq: 4
INFO:R0@tkref=2.8800: N of unsatisfied ieq: 5
INFO:R0@tkref=2.8800: Summary: Optimization terminated successfully. after 1 it.
DEBUG:R0@tkref=2.8800: $$$$$$$$ CONFLICT LIST $$$$$$$$: []
INFO:R0: --------------------------
INFO:R0@tkref=3.8400: Time to solve stand alone optimisation problem: 0.0245141983032
INFO:R0@tkref=3.8400: N of unsatisfied eq: 4
INFO:R0@tkref=3.8400: N of unsatisfied ieq: 6
INFO:R0@tkref=3.8400: Summary: Optimization terminated successfully. after 1 it.
DEBUG:R0@tkref=3.8400: $$$$$$$$ CONFLICT LIST $$$$$$$$: []
INFO:R0: --------------------------
INFO:R0@tkref=4.8000: Time to solve stand alone optimisation problem: 0.0241298675537
INFO:R0@tkref=4.8000: N of unsatisfied eq: 5
INFO:R0@tkref=4.8000: N of unsatisfied ieq: 6
INFO:R0@tkref=4.8000: Summary: Optimization terminated successfully. after 1 it.
DEBUG:R0@tkref=4.8000: $$$$$$$$ CONFLICT LIST $$$$$$$$: []
INFO:R0: --------------------------
INFO:R0@tkref=5.7600: Time to solve stand alone optimisation problem: 0.0243740081787
INFO:R0@tkref=5.7600: N of unsatisfied eq: 5
INFO:R0@tkref=5.7600: N of unsatisfied ieq: 5
INFO:R0@tkref=5.7600: Summary: Optimization terminated successfully. after 1 it.
DEBUG:R0@tkref=5.7600: $$$$$$$$ CONFLICT LIST $$$$$$$$: []
INFO:R0: --------------------------
DEBUG:R0: LAST STEP
DEBUG:R0: Approx remaining dist: 0.354128909851
DEBUG:R0: Usual approx plan dist: 1.6
DEBUG:R0: Approx gain in dist: 1.24587109015
DEBUG:R0: Last step min dist: 0.0
INFO:R0: scale 0.221330568657 Ns 7 Nk 3
INFO:R0@tkref=6.7200: Time to solve stand alone optimisation problem: 0.293632030487
INFO:R0@tkref=6.7200: N of unsatisfied eq: 10
INFO:R0@tkref=6.7200: N of unsatisfied ieq: 4
INFO:R0@tkref=6.7200: Summary: Iteration limit exceeded after 21 it.
DEBUG:R0@tkref=6.7200: $$$$$$$$ CONFLICT LIST $$$$$$$$: []
INFO:R0: Finished motion planning
INFO:R0: --------------------------
INFO:R0: TOT: 7.11766887772
INFO:R0: NSE: 8
INFO:R0: FIR: 1.02207112312
INFO:R0: LAS: 0.294363975525
INFO:R0: LMA: 1
INFO:R0: MAX: 0.0511450767517
INFO:R0: MIN: 0.0247869491577
INFO:R0: AVG: 0.0296336809794
INFO:R0: RMP: 0.0532761216164
INFO:R0: RMG: 0.306629141172
