\BOOKMARK [1][-]{bkmk:mkttl.1}{Acta Polytechnica 00\(0\):1\2058, 0000}{}% 1
\BOOKMARK [1][-]{section.1}{1 Introduction}{}% 2
\BOOKMARK [1][-]{section.2}{2 Problem Statement}{}% 3
\BOOKMARK [2][-]{subsection.2.1}{2.1 Assumptions}{section.2}% 4
\BOOKMARK [2][-]{subsection.2.2}{2.2 Constraints and cost functions}{section.2}% 5
\BOOKMARK [1][-]{section.3}{3 Distributed motion planning}{}% 6
\BOOKMARK [2][-]{subsection.3.1}{3.1 Receding horizon approach}{section.3}% 7
\BOOKMARK [2][-]{subsection.3.2}{3.2 Motion planning termination}{section.3}% 8
\BOOKMARK [2][-]{subsection.3.3}{3.3 Strategies for solving the constrained optimization problems}{section.3}% 9
\BOOKMARK [3][-]{subsubsection.3.3.1}{3.3.1 Flatness property}{subsection.3.3}% 10
\BOOKMARK [3][-]{subsubsection.3.3.2}{3.3.2 Parameterization of the flat output by B-splines}{subsection.3.3}% 11
\BOOKMARK [3][-]{subsubsection.3.3.3}{3.3.3 Optimization solver}{subsection.3.3}% 12
\BOOKMARK [1][-]{section.4}{4 Simulation results}{}% 13
\BOOKMARK [2][-]{subsection.4.1}{4.1 Conflict detection}{section.4}% 14
\BOOKMARK [2][-]{subsection.4.2}{4.2 Aditional constraints}{section.4}% 15
\BOOKMARK [1][-]{section.5}{5 Parameters' impact analyses}{}% 16
\BOOKMARK [2][-]{subsection.5.1}{5.1 Maximum computation time over computation horizon MCT/Tc}{section.5}% 17
\BOOKMARK [2][-]{subsection.5.2}{5.2 Obstacle penetration P}{section.5}% 18
\BOOKMARK [2][-]{subsection.5.3}{5.3 Total execution time Ttot}{section.5}% 19
\BOOKMARK [2][-]{subsection.5.4}{5.4 Additional time for conflict handlingP}{section.5}% 20
\BOOKMARK [1][-]{section.6}{6 Conclusions}{}% 21
\BOOKMARK [1][-]{bkmk:references.1}{References}{}% 22
