INFO:R0: Init motion planning
INFO:R0@tkref=0.0000: Time to solve stand alone optimisation problem: 2.14827179909
INFO:R0@tkref=0.0000: N of unsatisfied eq: 5
INFO:R0@tkref=0.0000: N of unsatisfied ieq: 8
INFO:R0@tkref=0.0000: Summary: Iteration limit exceeded after 41 it.
DEBUG:R0@tkref=0.0000: $$$$$$$$ CONFLICT LIST $$$$$$$$: []
INFO:R0: --------------------------
DEBUG:R0: Big problem 1.70907164926e+12
DEBUG:R0: Big problem 17089964832.1
DEBUG:R0: Big problem 170824493.698
DEBUG:R0: Big problem 1700740.90763
INFO:R0@tkref=3.3000: Time to solve stand alone optimisation problem: 0.858926057816
INFO:R0@tkref=3.3000: N of unsatisfied eq: 5
INFO:R0@tkref=3.3000: N of unsatisfied ieq: 20
INFO:R0@tkref=3.3000: Summary: Iteration limit exceeded after 16 it.
DEBUG:R0@tkref=3.3000: $$$$$$$$ CONFLICT LIST $$$$$$$$: []
INFO:R0: --------------------------
DEBUG:R0: LAST STEP
DEBUG:R0: Approx remaining dist: 1.22256913856
DEBUG:R0: Usual approx plan dist: 4.4
DEBUG:R0: Approx gain in dist: 3.17743086144
DEBUG:R0: Last step min dist: 0.5
INFO:R0: scale 0.277856622401 Ns 7 Nk 3
INFO:R0@tkref=6.6000: Time to solve stand alone optimisation problem: 0.465127944946
INFO:R0@tkref=6.6000: N of unsatisfied eq: 10
INFO:R0@tkref=6.6000: N of unsatisfied ieq: 1
INFO:R0@tkref=6.6000: Summary: Iteration limit exceeded after 21 it.
DEBUG:R0@tkref=6.6000: $$$$$$$$ CONFLICT LIST $$$$$$$$: []
INFO:R0: Finished motion planning
INFO:R0: --------------------------
INFO:R0: TOT: 8.21627080706
INFO:R0: NSE: 3
INFO:R0: FIR: 2.15007400513
INFO:R0: LAS: 0.466001987457
INFO:R0: LMA: 0
INFO:R0: MAX: 0.859797954559
INFO:R0: MIN: 0.859797954559
INFO:R0: AVG: 0.859797954559
INFO:R0: RMP: 0.266466308231
INFO:R0: RMG: 0.266466308231
