INFO:R0: Init motion planning
INFO:R0@tkref=0.0000: Time to solve stand alone optimisation problem: 1.12030696869
INFO:R0@tkref=0.0000: N of unsatisfied eq: 5
INFO:R0@tkref=0.0000: N of unsatisfied ieq: 9
INFO:R0@tkref=0.0000: Summary: Iteration limit exceeded after 41 it.
DEBUG:R0@tkref=0.0000: $$$$$$$$ CONFLICT LIST $$$$$$$$: []
INFO:R0: --------------------------
INFO:R0@tkref=0.7636: Time to solve stand alone optimisation problem: 0.0831949710846
INFO:R0@tkref=0.7636: N of unsatisfied eq: 3
INFO:R0@tkref=0.7636: N of unsatisfied ieq: 8
INFO:R0@tkref=0.7636: Summary: Optimization terminated successfully. after 3 it.
DEBUG:R0@tkref=0.7636: $$$$$$$$ CONFLICT LIST $$$$$$$$: []
INFO:R0: --------------------------
INFO:R0@tkref=1.5273: Time to solve stand alone optimisation problem: 0.186415910721
INFO:R0@tkref=1.5273: N of unsatisfied eq: 2
INFO:R0@tkref=1.5273: N of unsatisfied ieq: 6
INFO:R0@tkref=1.5273: Summary: Optimization terminated successfully. after 6 it.
DEBUG:R0@tkref=1.5273: $$$$$$$$ CONFLICT LIST $$$$$$$$: []
INFO:R0: --------------------------
INFO:R0@tkref=2.2909: Time to solve stand alone optimisation problem: 0.225635051727
INFO:R0@tkref=2.2909: N of unsatisfied eq: 3
INFO:R0@tkref=2.2909: N of unsatisfied ieq: 6
INFO:R0@tkref=2.2909: Summary: Optimization terminated successfully. after 6 it.
DEBUG:R0@tkref=2.2909: $$$$$$$$ CONFLICT LIST $$$$$$$$: []
INFO:R0: --------------------------
INFO:R0@tkref=3.0545: Time to solve stand alone optimisation problem: 0.223681926727
INFO:R0@tkref=3.0545: N of unsatisfied eq: 3
INFO:R0@tkref=3.0545: N of unsatisfied ieq: 5
INFO:R0@tkref=3.0545: Summary: Optimization terminated successfully. after 6 it.
DEBUG:R0@tkref=3.0545: $$$$$$$$ CONFLICT LIST $$$$$$$$: []
INFO:R0: --------------------------
INFO:R0@tkref=3.8182: Time to solve stand alone optimisation problem: 0.585128068924
INFO:R0@tkref=3.8182: N of unsatisfied eq: 2
INFO:R0@tkref=3.8182: N of unsatisfied ieq: 6
INFO:R0@tkref=3.8182: Summary: Iteration limit exceeded after 16 it.
DEBUG:R0@tkref=3.8182: $$$$$$$$ CONFLICT LIST $$$$$$$$: []
INFO:R0: --------------------------
INFO:R0@tkref=4.5818: Time to solve stand alone optimisation problem: 0.311926841736
INFO:R0@tkref=4.5818: N of unsatisfied eq: 3
INFO:R0@tkref=4.5818: N of unsatisfied ieq: 5
INFO:R0@tkref=4.5818: Summary: Optimization terminated successfully. after 7 it.
DEBUG:R0@tkref=4.5818: $$$$$$$$ CONFLICT LIST $$$$$$$$: []
INFO:R0: --------------------------
INFO:R0@tkref=5.3455: Time to solve stand alone optimisation problem: 0.0957808494568
INFO:R0@tkref=5.3455: N of unsatisfied eq: 3
INFO:R0@tkref=5.3455: N of unsatisfied ieq: 4
INFO:R0@tkref=5.3455: Summary: Optimization terminated successfully. after 3 it.
DEBUG:R0@tkref=5.3455: $$$$$$$$ CONFLICT LIST $$$$$$$$: []
INFO:R0: --------------------------
INFO:R0@tkref=6.1091: Time to solve stand alone optimisation problem: 0.0662870407104
INFO:R0@tkref=6.1091: N of unsatisfied eq: 3
INFO:R0@tkref=6.1091: N of unsatisfied ieq: 5
INFO:R0@tkref=6.1091: Summary: Optimization terminated successfully. after 2 it.
DEBUG:R0@tkref=6.1091: $$$$$$$$ CONFLICT LIST $$$$$$$$: []
INFO:R0: --------------------------
DEBUG:R0: LAST STEP
DEBUG:R0: Approx remaining dist: 0.656111471646
DEBUG:R0: Usual approx plan dist: 2.8
DEBUG:R0: Approx gain in dist: 2.14388852835
DEBUG:R0: Last step min dist: 0.5
INFO:R0: scale 0.234325525588 Ns 7 Nk 3
INFO:R0@tkref=6.8727: Time to solve stand alone optimisation problem: 0.400241136551
INFO:R0@tkref=6.8727: N of unsatisfied eq: 10
INFO:R0@tkref=6.8727: N of unsatisfied ieq: 4
INFO:R0@tkref=6.8727: Summary: Iteration limit exceeded after 21 it.
DEBUG:R0@tkref=6.8727: $$$$$$$$ CONFLICT LIST $$$$$$$$: []
INFO:R0: Finished motion planning
INFO:R0: --------------------------
INFO:R0: TOT: 7.60414379059
INFO:R0: NSE: 10
INFO:R0: FIR: 1.12205696106
INFO:R0: LAS: 0.401062011719
INFO:R0: LMA: 0
INFO:R0: MAX: 0.586313962936
INFO:R0: MIN: 0.0670599937439
INFO:R0: AVG: 0.223199665546
INFO:R0: RMP: 0.69799281302
INFO:R0: RMG: 0.69799281302
