INFO:R0: Init motion planning
INFO:R0@tkref=0.0000: Time to solve stand alone optimisation problem: 1.62512207031
INFO:R0@tkref=0.0000: N of unsatisfied eq: 4
INFO:R0@tkref=0.0000: N of unsatisfied ieq: 2
INFO:R0@tkref=0.0000: Summary: Iteration limit exceeded after 41 it.
DEBUG:R0@tkref=0.0000: $$$$$$$$ CONFLICT LIST $$$$$$$$: []
INFO:R0: --------------------------
INFO:R0@tkref=3.3091: Time to solve stand alone optimisation problem: 0.659206867218
INFO:R0@tkref=3.3091: N of unsatisfied eq: 2
INFO:R0@tkref=3.3091: N of unsatisfied ieq: 5
INFO:R0@tkref=3.3091: Summary: Optimization terminated successfully. after 12 it.
DEBUG:R0@tkref=3.3091: $$$$$$$$ CONFLICT LIST $$$$$$$$: []
INFO:R0: --------------------------
DEBUG:R0: LAST STEP
DEBUG:R0: Approx remaining dist: 2.14765114836
DEBUG:R0: Usual approx plan dist: 5.2
DEBUG:R0: Approx gain in dist: 3.05234885164
DEBUG:R0: Last step min dist: 0.5
INFO:R0: scale 0.413009836223 Ns 7 Nk 3
INFO:R0@tkref=6.6182: Time to solve stand alone optimisation problem: 0.517506122589
INFO:R0@tkref=6.6182: N of unsatisfied eq: 10
INFO:R0@tkref=6.6182: N of unsatisfied ieq: 3
INFO:R0@tkref=6.6182: Summary: Iteration limit exceeded after 21 it.
DEBUG:R0@tkref=6.6182: $$$$$$$$ CONFLICT LIST $$$$$$$$: []
INFO:R0: Finished motion planning
INFO:R0: --------------------------
INFO:R0: TOT: 9.08280171943
INFO:R0: NSE: 3
INFO:R0: FIR: 1.62646412849
INFO:R0: LAS: 0.518362045288
INFO:R0: LMA: 0
INFO:R0: MAX: 0.66006398201
INFO:R0: MIN: 0.66006398201
INFO:R0: AVG: 0.66006398201
INFO:R0: RMP: 0.204734485735
INFO:R0: RMG: 0.204734485735
