INFO:R0: Init motion planning
INFO:R0@tkref=0.0000: Time to solve stand alone optimisation problem: 1.44772601128
INFO:R0@tkref=0.0000: N of unsatisfied eq: 4
INFO:R0@tkref=0.0000: N of unsatisfied ieq: 6
INFO:R0@tkref=0.0000: Summary: Iteration limit exceeded after 41 it.
DEBUG:R0@tkref=0.0000: $$$$$$$$ CONFLICT LIST $$$$$$$$: []
INFO:R0: --------------------------
INFO:R0@tkref=2.6000: Time to solve stand alone optimisation problem: 0.426986932755
INFO:R0@tkref=2.6000: N of unsatisfied eq: 3
INFO:R0@tkref=2.6000: N of unsatisfied ieq: 7
INFO:R0@tkref=2.6000: Summary: Optimization terminated successfully. after 8 it.
DEBUG:R0@tkref=2.6000: $$$$$$$$ CONFLICT LIST $$$$$$$$: []
INFO:R0: --------------------------
DEBUG:R0: LAST STEP
DEBUG:R0: Approx remaining dist: 2.43646263823
DEBUG:R0: Usual approx plan dist: 5.2
DEBUG:R0: Approx gain in dist: 2.76353736177
DEBUG:R0: Last step min dist: 0.5
INFO:R0: scale 0.468550507352 Ns 7 Nk 3
INFO:R0@tkref=5.2000: Time to solve stand alone optimisation problem: 0.514851808548
INFO:R0@tkref=5.2000: N of unsatisfied eq: 10
INFO:R0@tkref=5.2000: N of unsatisfied ieq: 3
INFO:R0@tkref=5.2000: Summary: Iteration limit exceeded after 21 it.
DEBUG:R0@tkref=5.2000: $$$$$$$$ CONFLICT LIST $$$$$$$$: []
INFO:R0: Finished motion planning
INFO:R0: --------------------------
INFO:R0: TOT: 7.95924631797
INFO:R0: NSE: 3
INFO:R0: FIR: 1.44954800606
INFO:R0: LAS: 0.515867948532
INFO:R0: LMA: 1
INFO:R0: MAX: 0.428281784058
INFO:R0: MIN: 0.428281784058
INFO:R0: AVG: 0.428281784058
INFO:R0: RMP: 0.164723763099
INFO:R0: RMG: 0.198410749435
