INFO:R0: Init motion planning
INFO:R0@tkref=0.0000: Time to solve stand alone optimisation problem: 1.60234904289
INFO:R0@tkref=0.0000: N of unsatisfied eq: 5
INFO:R0@tkref=0.0000: N of unsatisfied ieq: 8
INFO:R0@tkref=0.0000: Summary: Iteration limit exceeded after 41 it.
DEBUG:R0@tkref=0.0000: $$$$$$$$ CONFLICT LIST $$$$$$$$: []
INFO:R0: --------------------------
INFO:R0@tkref=2.2500: Time to solve stand alone optimisation problem: 0.8595058918
INFO:R0@tkref=2.2500: N of unsatisfied eq: 2
INFO:R0@tkref=2.2500: N of unsatisfied ieq: 6
INFO:R0@tkref=2.2500: Summary: Iteration limit exceeded after 16 it.
DEBUG:R0@tkref=2.2500: $$$$$$$$ CONFLICT LIST $$$$$$$$: []
INFO:R0: --------------------------
INFO:R0@tkref=4.5000: Time to solve stand alone optimisation problem: 0.50199508667
INFO:R0@tkref=4.5000: N of unsatisfied eq: 2
INFO:R0@tkref=4.5000: N of unsatisfied ieq: 6
INFO:R0@tkref=4.5000: Summary: Optimization terminated successfully. after 10 it.
DEBUG:R0@tkref=4.5000: $$$$$$$$ CONFLICT LIST $$$$$$$$: []
INFO:R0: --------------------------
DEBUG:R0: LAST STEP
DEBUG:R0: Approx remaining dist: 1.02266103603
DEBUG:R0: Usual approx plan dist: 3.6
DEBUG:R0: Approx gain in dist: 2.57733896397
DEBUG:R0: Last step min dist: 0.5
INFO:R0: scale 0.284072510008 Ns 7 Nk 3
INFO:R0@tkref=6.7500: Time to solve stand alone optimisation problem: 0.535938978195
INFO:R0@tkref=6.7500: N of unsatisfied eq: 10
INFO:R0@tkref=6.7500: N of unsatisfied ieq: 3
INFO:R0@tkref=6.7500: Summary: Iteration limit exceeded after 21 it.
DEBUG:R0@tkref=6.7500: $$$$$$$$ CONFLICT LIST $$$$$$$$: []
INFO:R0: Finished motion planning
INFO:R0: --------------------------
INFO:R0: TOT: 7.8957932798
INFO:R0: NSE: 4
INFO:R0: FIR: 1.6040019989
INFO:R0: LAS: 0.537084102631
INFO:R0: LMA: 0
INFO:R0: MAX: 0.860481977463
INFO:R0: MIN: 0.502880096436
INFO:R0: AVG: 0.681681036949
INFO:R0: RMP: 0.380263500141
INFO:R0: RMG: 0.380263500141
