INFO:R0: Init motion planning
INFO:R0@tkref=0.0000: Time to solve stand alone optimisation problem: 0.964194059372
INFO:R0@tkref=0.0000: N of unsatisfied eq: 4
INFO:R0@tkref=0.0000: N of unsatisfied ieq: 8
INFO:R0@tkref=0.0000: Summary: Iteration limit exceeded after 41 it.
DEBUG:R0@tkref=0.0000: $$$$$$$$ CONFLICT LIST $$$$$$$$: []
INFO:R0: --------------------------
INFO:R0@tkref=1.6615: Time to solve stand alone optimisation problem: 0.0247280597687
INFO:R0@tkref=1.6615: N of unsatisfied eq: 3
INFO:R0@tkref=1.6615: N of unsatisfied ieq: 5
INFO:R0@tkref=1.6615: Summary: Optimization terminated successfully. after 1 it.
DEBUG:R0@tkref=1.6615: $$$$$$$$ CONFLICT LIST $$$$$$$$: []
INFO:R0: --------------------------
INFO:R0@tkref=3.3231: Time to solve stand alone optimisation problem: 0.0259780883789
INFO:R0@tkref=3.3231: N of unsatisfied eq: 3
INFO:R0@tkref=3.3231: N of unsatisfied ieq: 8
INFO:R0@tkref=3.3231: Summary: Optimization terminated successfully. after 1 it.
DEBUG:R0@tkref=3.3231: $$$$$$$$ CONFLICT LIST $$$$$$$$: []
INFO:R0: --------------------------
INFO:R0@tkref=4.9846: Time to solve stand alone optimisation problem: 0.0240118503571
INFO:R0@tkref=4.9846: N of unsatisfied eq: 5
INFO:R0@tkref=4.9846: N of unsatisfied ieq: 10
INFO:R0@tkref=4.9846: Summary: Optimization terminated successfully. after 1 it.
DEBUG:R0@tkref=4.9846: $$$$$$$$ CONFLICT LIST $$$$$$$$: []
INFO:R0: --------------------------
DEBUG:R0: LAST STEP
DEBUG:R0: Approx remaining dist: 0.550939920582
DEBUG:R0: Usual approx plan dist: 2.4
DEBUG:R0: Approx gain in dist: 1.84906007942
DEBUG:R0: Last step min dist: 0.5
INFO:R0: scale 0.229558300243 Ns 7 Nk 3
INFO:R0@tkref=6.6462: Time to solve stand alone optimisation problem: 0.298757076263
INFO:R0@tkref=6.6462: N of unsatisfied eq: 10
INFO:R0@tkref=6.6462: N of unsatisfied ieq: 4
INFO:R0@tkref=6.6462: Summary: Iteration limit exceeded after 21 it.
DEBUG:R0@tkref=6.6462: $$$$$$$$ CONFLICT LIST $$$$$$$$: []
INFO:R0: Finished motion planning
INFO:R0: --------------------------
INFO:R0: TOT: 7.26484831205
INFO:R0: NSE: 5
INFO:R0: FIR: 0.965793132782
INFO:R0: LAS: 0.300039052963
INFO:R0: LMA: 1
INFO:R0: MAX: 0.0271389484406
INFO:R0: MIN: 0.0248699188232
INFO:R0: AVG: 0.0258139769236
INFO:R0: RMP: 0.0166292576229
INFO:R0: RMG: 0.183847458924
