INFO:R0: Init motion planning
INFO:R0@tkref=0.0000: Time to solve stand alone optimisation problem: 1.58676099777
INFO:R0@tkref=0.0000: N of unsatisfied eq: 4
INFO:R0@tkref=0.0000: N of unsatisfied ieq: 5
INFO:R0@tkref=0.0000: Summary: Iteration limit exceeded after 41 it.
DEBUG:R0@tkref=0.0000: $$$$$$$$ CONFLICT LIST $$$$$$$$: []
INFO:R0: --------------------------
INFO:R0@tkref=0.9778: Time to solve stand alone optimisation problem: 0.477957010269
INFO:R0@tkref=0.9778: N of unsatisfied eq: 1
INFO:R0@tkref=0.9778: N of unsatisfied ieq: 5
INFO:R0@tkref=0.9778: Summary: Optimization terminated successfully. after 13 it.
DEBUG:R0@tkref=0.9778: $$$$$$$$ CONFLICT LIST $$$$$$$$: []
INFO:R0: --------------------------
INFO:R0@tkref=1.9556: Time to solve stand alone optimisation problem: 0.60790514946
INFO:R0@tkref=1.9556: N of unsatisfied eq: 1
INFO:R0@tkref=1.9556: N of unsatisfied ieq: 7
INFO:R0@tkref=1.9556: Summary: Optimization terminated successfully. after 13 it.
DEBUG:R0@tkref=1.9556: $$$$$$$$ CONFLICT LIST $$$$$$$$: []
INFO:R0: --------------------------
INFO:R0@tkref=2.9333: Time to solve stand alone optimisation problem: 0.580281972885
INFO:R0@tkref=2.9333: N of unsatisfied eq: 1
INFO:R0@tkref=2.9333: N of unsatisfied ieq: 6
INFO:R0@tkref=2.9333: Summary: Optimization terminated successfully. after 11 it.
DEBUG:R0@tkref=2.9333: $$$$$$$$ CONFLICT LIST $$$$$$$$: []
INFO:R0: --------------------------
INFO:R0@tkref=3.9111: Time to solve stand alone optimisation problem: 0.367698907852
INFO:R0@tkref=3.9111: N of unsatisfied eq: 2
INFO:R0@tkref=3.9111: N of unsatisfied ieq: 6
INFO:R0@tkref=3.9111: Summary: Optimization terminated successfully. after 7 it.
DEBUG:R0@tkref=3.9111: $$$$$$$$ CONFLICT LIST $$$$$$$$: []
INFO:R0: --------------------------
INFO:R0@tkref=4.8889: Time to solve stand alone optimisation problem: 0.756080150604
INFO:R0@tkref=4.8889: N of unsatisfied eq: 3
INFO:R0@tkref=4.8889: N of unsatisfied ieq: 8
INFO:R0@tkref=4.8889: Summary: Iteration limit exceeded after 16 it.
DEBUG:R0@tkref=4.8889: $$$$$$$$ CONFLICT LIST $$$$$$$$: []
INFO:R0: --------------------------
INFO:R0@tkref=5.8667: Time to solve stand alone optimisation problem: 0.127344846725
INFO:R0@tkref=5.8667: N of unsatisfied eq: 3
INFO:R0@tkref=5.8667: N of unsatisfied ieq: 5
INFO:R0@tkref=5.8667: Summary: Optimization terminated successfully. after 3 it.
DEBUG:R0@tkref=5.8667: $$$$$$$$ CONFLICT LIST $$$$$$$$: []
INFO:R0: --------------------------
DEBUG:R0: LAST STEP
DEBUG:R0: Approx remaining dist: 1.23046975223
DEBUG:R0: Usual approx plan dist: 4.4
DEBUG:R0: Approx gain in dist: 3.16953024777
DEBUG:R0: Last step min dist: 0.5
INFO:R0: scale 0.279652216416 Ns 7 Nk 3
INFO:R0@tkref=6.8444: Time to solve stand alone optimisation problem: 0.467439889908
INFO:R0@tkref=6.8444: N of unsatisfied eq: 10
INFO:R0@tkref=6.8444: N of unsatisfied ieq: 4
INFO:R0@tkref=6.8444: Summary: Iteration limit exceeded after 21 it.
DEBUG:R0@tkref=6.8444: $$$$$$$$ CONFLICT LIST $$$$$$$$: []
INFO:R0: Finished motion planning
INFO:R0: --------------------------
INFO:R0: TOT: 8.22666244335
INFO:R0: NSE: 8
INFO:R0: FIR: 1.58802700043
INFO:R0: LAS: 0.468322992325
INFO:R0: LMA: 0
INFO:R0: MAX: 0.75692486763
INFO:R0: MIN: 0.128181934357
INFO:R0: AVG: 0.487065792084
INFO:R0: RMP: 0.860141895034
INFO:R0: RMG: 0.860141895034
