INFO:R0: Init motion planning
INFO:R0@tkref=0.0000: Time to solve stand alone optimisation problem: 1.16188406944
INFO:R0@tkref=0.0000: N of unsatisfied eq: 4
INFO:R0@tkref=0.0000: N of unsatisfied ieq: 9
INFO:R0@tkref=0.0000: Summary: Iteration limit exceeded after 41 it.
DEBUG:R0@tkref=0.0000: $$$$$$$$ CONFLICT LIST $$$$$$$$: []
INFO:R0: --------------------------
DEBUG:R0: Big problem 1125102.82272
DEBUG:R0: Big problem 4.89062447587e+11
DEBUG:R0: Big problem 4890350461.61
DEBUG:R0: Big problem 48876121.999
INFO:R0@tkref=3.0545: Time to solve stand alone optimisation problem: 0.606537103653
INFO:R0@tkref=3.0545: N of unsatisfied eq: 3
INFO:R0@tkref=3.0545: N of unsatisfied ieq: 0
INFO:R0@tkref=3.0545: Summary: Iteration limit exceeded after 16 it.
DEBUG:R0@tkref=3.0545: $$$$$$$$ CONFLICT LIST $$$$$$$$: []
INFO:R0: --------------------------
DEBUG:R0: LAST STEP
DEBUG:R0: Approx remaining dist: 3.06299026274
DEBUG:R0: Usual approx plan dist: 4.8
DEBUG:R0: Approx gain in dist: 1.73700973726
DEBUG:R0: Last step min dist: 0.5
INFO:R0: scale 0.638122971404 Ns 8 Nk 3
INFO:R0@tkref=6.1091: Time to solve stand alone optimisation problem: 0.691177129745
INFO:R0@tkref=6.1091: N of unsatisfied eq: 10
INFO:R0@tkref=6.1091: N of unsatisfied ieq: 3
INFO:R0@tkref=6.1091: Summary: Iteration limit exceeded after 21 it.
DEBUG:R0@tkref=6.1091: $$$$$$$$ CONFLICT LIST $$$$$$$$: []
INFO:R0: Finished motion planning
INFO:R0: --------------------------
INFO:R0: TOT: 9.73051904263
INFO:R0: NSE: 3
INFO:R0: FIR: 1.16343688965
INFO:R0: LAS: 0.692656040192
INFO:R0: LMA: 1
INFO:R0: MAX: 0.607348918915
INFO:R0: MIN: 0.607348918915
INFO:R0: AVG: 0.607348918915
INFO:R0: RMP: 0.186075036432
INFO:R0: RMG: 0.212210796627
