INFO:R0: Init motion planning
INFO:R0@tkref=0.0000: Time to solve stand alone optimisation problem: 2.16589593887
INFO:R0@tkref=0.0000: N of unsatisfied eq: 4
INFO:R0@tkref=0.0000: N of unsatisfied ieq: 16
INFO:R0@tkref=0.0000: Summary: Iteration limit exceeded after 41 it.
DEBUG:R0@tkref=0.0000: $$$$$$$$ CONFLICT LIST $$$$$$$$: []
INFO:R0: --------------------------
INFO:R0@tkref=2.3111: Time to solve stand alone optimisation problem: 0.729094982147
INFO:R0@tkref=2.3111: N of unsatisfied eq: 2
INFO:R0@tkref=2.3111: N of unsatisfied ieq: 6
INFO:R0@tkref=2.3111: Summary: Optimization terminated successfully. after 9 it.
DEBUG:R0@tkref=2.3111: $$$$$$$$ CONFLICT LIST $$$$$$$$: []
INFO:R0: --------------------------
INFO:R0@tkref=4.6222: Time to solve stand alone optimisation problem: 0.388310909271
INFO:R0@tkref=4.6222: N of unsatisfied eq: 2
INFO:R0@tkref=4.6222: N of unsatisfied ieq: 7
INFO:R0@tkref=4.6222: Summary: Optimization terminated successfully. after 5 it.
DEBUG:R0@tkref=4.6222: $$$$$$$$ CONFLICT LIST $$$$$$$$: []
INFO:R0: --------------------------
DEBUG:R0: LAST STEP
DEBUG:R0: Approx remaining dist: 0.721347937038
DEBUG:R0: Usual approx plan dist: 5.2
DEBUG:R0: Approx gain in dist: 4.47865206296
DEBUG:R0: Last step min dist: 0.5
INFO:R0: scale 0.138720757123 Ns 7 Nk 3
INFO:R0@tkref=6.9333: Time to solve stand alone optimisation problem: 0.430916070938
INFO:R0@tkref=6.9333: N of unsatisfied eq: 10
INFO:R0@tkref=6.9333: N of unsatisfied ieq: 3
INFO:R0@tkref=6.9333: Summary: Iteration limit exceeded after 21 it.
DEBUG:R0@tkref=6.9333: $$$$$$$$ CONFLICT LIST $$$$$$$$: []
INFO:R0: Finished motion planning
INFO:R0: --------------------------
INFO:R0: TOT: 7.74650653796
INFO:R0: NSE: 4
INFO:R0: FIR: 2.16895794868
INFO:R0: LAS: 0.432144165039
INFO:R0: LMA: 0
INFO:R0: MAX: 0.730391025543
INFO:R0: MIN: 0.389261007309
INFO:R0: AVG: 0.559826016426
INFO:R0: RMP: 0.319226846828
INFO:R0: RMG: 0.319226846828
