INFO:R0: Init motion planning
INFO:R0@tkref=0.0000: Time to solve stand alone optimisation problem: 1.97084188461
INFO:R0@tkref=0.0000: N of unsatisfied eq: 4
INFO:R0@tkref=0.0000: N of unsatisfied ieq: 8
INFO:R0@tkref=0.0000: Summary: Iteration limit exceeded after 41 it.
DEBUG:R0@tkref=0.0000: $$$$$$$$ CONFLICT LIST $$$$$$$$: []
INFO:R0: --------------------------
DEBUG:R0: LAST STEP
DEBUG:R0: Approx remaining dist: 3.38251629909
DEBUG:R0: Usual approx plan dist: 5.2
DEBUG:R0: Approx gain in dist: 1.81748370091
DEBUG:R0: Last step min dist: 0.5
INFO:R0: scale 0.650483903671 Ns 11 Nk 4
INFO:R0@tkref=3.9000: Time to solve stand alone optimisation problem: 0.702392101288
INFO:R0@tkref=3.9000: N of unsatisfied eq: 10
INFO:R0@tkref=3.9000: N of unsatisfied ieq: 3
INFO:R0@tkref=3.9000: Summary: Optimization terminated successfully. after 18 it.
DEBUG:R0@tkref=3.9000: $$$$$$$$ CONFLICT LIST $$$$$$$$: []
INFO:R0: Finished motion planning
INFO:R0: --------------------------
INFO:R0: TOT: 9.19340202537
INFO:R0: NSE: 2
INFO:R0: FIR: 1.97216892242
INFO:R0: LAS: 0.703579902649
INFO:R0: LMA: 1
INFO:R0: MAX: 0.703579902649
INFO:R0: MIN: 0.703579902649
INFO:R0: AVG: 0.703579902649
INFO:R0: RMP: 0.182843010044
INFO:R0: RMG: 0.182843010044
