INFO:R0: Init motion planning
INFO:R0@tkref=0.0000: Time to solve stand alone optimisation problem: 2.97382903099
INFO:R0@tkref=0.0000: N of unsatisfied eq: 5
INFO:R0@tkref=0.0000: N of unsatisfied ieq: 11
INFO:R0@tkref=0.0000: Summary: Iteration limit exceeded after 41 it.
DEBUG:R0@tkref=0.0000: $$$$$$$$ CONFLICT LIST $$$$$$$$: []
INFO:R0: --------------------------
INFO:R0@tkref=0.7500: Time to solve stand alone optimisation problem: 0.425668001175
INFO:R0@tkref=0.7500: N of unsatisfied eq: 2
INFO:R0@tkref=0.7500: N of unsatisfied ieq: 9
INFO:R0@tkref=0.7500: Summary: Optimization terminated successfully. after 6 it.
DEBUG:R0@tkref=0.7500: $$$$$$$$ CONFLICT LIST $$$$$$$$: []
INFO:R0: --------------------------
INFO:R0@tkref=1.5000: Time to solve stand alone optimisation problem: 0.918964147568
INFO:R0@tkref=1.5000: N of unsatisfied eq: 2
INFO:R0@tkref=1.5000: N of unsatisfied ieq: 8
INFO:R0@tkref=1.5000: Summary: Optimization terminated successfully. after 10 it.
DEBUG:R0@tkref=1.5000: $$$$$$$$ CONFLICT LIST $$$$$$$$: []
INFO:R0: --------------------------
INFO:R0@tkref=2.2500: Time to solve stand alone optimisation problem: 0.838008880615
INFO:R0@tkref=2.2500: N of unsatisfied eq: 2
INFO:R0@tkref=2.2500: N of unsatisfied ieq: 10
INFO:R0@tkref=2.2500: Summary: Optimization terminated successfully. after 8 it.
DEBUG:R0@tkref=2.2500: $$$$$$$$ CONFLICT LIST $$$$$$$$: []
INFO:R0: --------------------------
INFO:R0@tkref=3.0000: Time to solve stand alone optimisation problem: 0.501172065735
INFO:R0@tkref=3.0000: N of unsatisfied eq: 3
INFO:R0@tkref=3.0000: N of unsatisfied ieq: 7
INFO:R0@tkref=3.0000: Summary: Optimization terminated successfully. after 5 it.
DEBUG:R0@tkref=3.0000: $$$$$$$$ CONFLICT LIST $$$$$$$$: []
INFO:R0: --------------------------
INFO:R0@tkref=3.7500: Time to solve stand alone optimisation problem: 1.01768898964
INFO:R0@tkref=3.7500: N of unsatisfied eq: 3
INFO:R0@tkref=3.7500: N of unsatisfied ieq: 9
INFO:R0@tkref=3.7500: Summary: Optimization terminated successfully. after 10 it.
DEBUG:R0@tkref=3.7500: $$$$$$$$ CONFLICT LIST $$$$$$$$: []
INFO:R0: --------------------------
INFO:R0@tkref=4.5000: Time to solve stand alone optimisation problem: 1.01182508469
INFO:R0@tkref=4.5000: N of unsatisfied eq: 3
INFO:R0@tkref=4.5000: N of unsatisfied ieq: 8
INFO:R0@tkref=4.5000: Summary: Optimization terminated successfully. after 11 it.
DEBUG:R0@tkref=4.5000: $$$$$$$$ CONFLICT LIST $$$$$$$$: []
INFO:R0: --------------------------
INFO:R0@tkref=5.2500: Time to solve stand alone optimisation problem: 0.236864089966
INFO:R0@tkref=5.2500: N of unsatisfied eq: 3
INFO:R0@tkref=5.2500: N of unsatisfied ieq: 9
INFO:R0@tkref=5.2500: Summary: Optimization terminated successfully. after 3 it.
DEBUG:R0@tkref=5.2500: $$$$$$$$ CONFLICT LIST $$$$$$$$: []
INFO:R0: --------------------------
INFO:R0@tkref=6.0000: Time to solve stand alone optimisation problem: 0.0829560756683
INFO:R0@tkref=6.0000: N of unsatisfied eq: 3
INFO:R0@tkref=6.0000: N of unsatisfied ieq: 6
INFO:R0@tkref=6.0000: Summary: Optimization terminated successfully. after 1 it.
DEBUG:R0@tkref=6.0000: $$$$$$$$ CONFLICT LIST $$$$$$$$: []
INFO:R0: --------------------------
DEBUG:R0: LAST STEP
DEBUG:R0: Approx remaining dist: 0.790059454656
DEBUG:R0: Usual approx plan dist: 2.0
DEBUG:R0: Approx gain in dist: 1.20994054534
DEBUG:R0: Last step min dist: 0.5
INFO:R0: scale 0.395029727328 Ns 7 Nk 3
INFO:R0@tkref=6.7500: Time to solve stand alone optimisation problem: 0.493860006332
INFO:R0@tkref=6.7500: N of unsatisfied eq: 7
INFO:R0@tkref=6.7500: N of unsatisfied ieq: 4
INFO:R0@tkref=6.7500: Summary: Iteration limit exceeded after 21 it.
DEBUG:R0@tkref=6.7500: $$$$$$$$ CONFLICT LIST $$$$$$$$: []
INFO:R0: Finished motion planning
INFO:R0: --------------------------
INFO:R0: TOT: 7.63724610962
INFO:R0: NSE: 10
INFO:R0: FIR: 2.97531890869
INFO:R0: LAS: 0.49501991272
INFO:R0: LMA: 0
INFO:R0: MAX: 1.01859998703
INFO:R0: MIN: 0.0841898918152
INFO:R0: AVG: 0.630191385746
INFO:R0: RMP: 1.45514283861
INFO:R0: RMG: 1.45514283861
