INFO:R0: Init motion planning
INFO:R0@tkref=0.0000: Time to solve stand alone optimisation problem: 1.65580010414
INFO:R0@tkref=0.0000: N of unsatisfied eq: 5
INFO:R0@tkref=0.0000: N of unsatisfied ieq: 10
INFO:R0@tkref=0.0000: Summary: Iteration limit exceeded after 41 it.
DEBUG:R0@tkref=0.0000: $$$$$$$$ CONFLICT LIST $$$$$$$$: []
INFO:R0: --------------------------
INFO:R0@tkref=2.8000: Time to solve stand alone optimisation problem: 0.590919017792
INFO:R0@tkref=2.8000: N of unsatisfied eq: 1
INFO:R0@tkref=2.8000: N of unsatisfied ieq: 6
INFO:R0@tkref=2.8000: Summary: Optimization terminated successfully. after 11 it.
DEBUG:R0@tkref=2.8000: $$$$$$$$ CONFLICT LIST $$$$$$$$: []
INFO:R0: --------------------------
DEBUG:R0: LAST STEP
DEBUG:R0: Approx remaining dist: 2.14586607194
DEBUG:R0: Usual approx plan dist: 4.4
DEBUG:R0: Approx gain in dist: 2.25413392806
DEBUG:R0: Last step min dist: 0.5
INFO:R0: scale 0.487696834531 Ns 7 Nk 3
INFO:R0@tkref=5.6000: Time to solve stand alone optimisation problem: 0.552947998047
INFO:R0@tkref=5.6000: N of unsatisfied eq: 10
INFO:R0@tkref=5.6000: N of unsatisfied ieq: 3
INFO:R0@tkref=5.6000: Summary: Iteration limit exceeded after 21 it.
DEBUG:R0@tkref=5.6000: $$$$$$$$ CONFLICT LIST $$$$$$$$: []
INFO:R0: Finished motion planning
INFO:R0: --------------------------
INFO:R0: TOT: 8.01259209537
INFO:R0: NSE: 3
INFO:R0: FIR: 1.65712404251
INFO:R0: LAS: 0.553902864456
INFO:R0: LMA: 0
INFO:R0: MAX: 0.591789960861
INFO:R0: MIN: 0.591789960861
INFO:R0: AVG: 0.591789960861
INFO:R0: RMP: 0.201746577567
INFO:R0: RMG: 0.201746577567
