INFO:R0: Init motion planning
INFO:R0@tkref=0.0000: Time to solve stand alone optimisation problem: 1.60673093796
INFO:R0@tkref=0.0000: N of unsatisfied eq: 5
INFO:R0@tkref=0.0000: N of unsatisfied ieq: 8
INFO:R0@tkref=0.0000: Summary: Iteration limit exceeded after 41 it.
DEBUG:R0@tkref=0.0000: $$$$$$$$ CONFLICT LIST $$$$$$$$: []
INFO:R0: --------------------------
INFO:R0@tkref=1.8667: Time to solve stand alone optimisation problem: 0.295639038086
INFO:R0@tkref=1.8667: N of unsatisfied eq: 2
INFO:R0@tkref=1.8667: N of unsatisfied ieq: 8
INFO:R0@tkref=1.8667: Summary: Optimization terminated successfully. after 7 it.
DEBUG:R0@tkref=1.8667: $$$$$$$$ CONFLICT LIST $$$$$$$$: []
INFO:R0: --------------------------
INFO:R0@tkref=3.7333: Time to solve stand alone optimisation problem: 0.52112197876
INFO:R0@tkref=3.7333: N of unsatisfied eq: 3
INFO:R0@tkref=3.7333: N of unsatisfied ieq: 7
INFO:R0@tkref=3.7333: Summary: Optimization terminated successfully. after 10 it.
DEBUG:R0@tkref=3.7333: $$$$$$$$ CONFLICT LIST $$$$$$$$: []
INFO:R0: --------------------------
DEBUG:R0: LAST STEP
DEBUG:R0: Approx remaining dist: 2.1021838763
DEBUG:R0: Usual approx plan dist: 3.2
DEBUG:R0: Approx gain in dist: 1.0978161237
DEBUG:R0: Last step min dist: 0.5
INFO:R0: scale 0.656932461343 Ns 9 Nk 3
INFO:R0@tkref=5.6000: Time to solve stand alone optimisation problem: 0.537492990494
INFO:R0@tkref=5.6000: N of unsatisfied eq: 10
INFO:R0@tkref=5.6000: N of unsatisfied ieq: 3
INFO:R0@tkref=5.6000: Summary: Iteration limit exceeded after 21 it.
DEBUG:R0@tkref=5.6000: $$$$$$$$ CONFLICT LIST $$$$$$$$: []
INFO:R0: Finished motion planning
INFO:R0: --------------------------
INFO:R0: TOT: 7.96802079904
INFO:R0: NSE: 4
INFO:R0: FIR: 1.60799980164
INFO:R0: LAS: 0.538386821747
INFO:R0: LMA: 1
INFO:R0: MAX: 0.522008895874
INFO:R0: MIN: 0.29651093483
INFO:R0: AVG: 0.409259915352
INFO:R0: RMP: 0.271879633268
INFO:R0: RMG: 0.280409802993
