INFO:R0: Init motion planning
INFO:R0@tkref=0.0000: Time to solve stand alone optimisation problem: 1.61042404175
INFO:R0@tkref=0.0000: N of unsatisfied eq: 5
INFO:R0@tkref=0.0000: N of unsatisfied ieq: 13
INFO:R0@tkref=0.0000: Summary: Iteration limit exceeded after 41 it.
DEBUG:R0@tkref=0.0000: $$$$$$$$ CONFLICT LIST $$$$$$$$: []
INFO:R0: --------------------------
INFO:R0@tkref=1.2800: Time to solve stand alone optimisation problem: 0.277336120605
INFO:R0@tkref=1.2800: N of unsatisfied eq: 2
INFO:R0@tkref=1.2800: N of unsatisfied ieq: 8
INFO:R0@tkref=1.2800: Summary: Optimization terminated successfully. after 6 it.
DEBUG:R0@tkref=1.2800: $$$$$$$$ CONFLICT LIST $$$$$$$$: []
INFO:R0: --------------------------
INFO:R0@tkref=2.5600: Time to solve stand alone optimisation problem: 0.373778820038
INFO:R0@tkref=2.5600: N of unsatisfied eq: 2
INFO:R0@tkref=2.5600: N of unsatisfied ieq: 7
INFO:R0@tkref=2.5600: Summary: Optimization terminated successfully. after 7 it.
DEBUG:R0@tkref=2.5600: $$$$$$$$ CONFLICT LIST $$$$$$$$: []
INFO:R0: --------------------------
INFO:R0@tkref=3.8400: Time to solve stand alone optimisation problem: 0.550905942917
INFO:R0@tkref=3.8400: N of unsatisfied eq: 1
INFO:R0@tkref=3.8400: N of unsatisfied ieq: 8
INFO:R0@tkref=3.8400: Summary: Optimization terminated successfully. after 10 it.
DEBUG:R0@tkref=3.8400: $$$$$$$$ CONFLICT LIST $$$$$$$$: []
INFO:R0: --------------------------
INFO:R0@tkref=5.1200: Time to solve stand alone optimisation problem: 0.162868976593
INFO:R0@tkref=5.1200: N of unsatisfied eq: 3
INFO:R0@tkref=5.1200: N of unsatisfied ieq: 6
INFO:R0@tkref=5.1200: Summary: Optimization terminated successfully. after 3 it.
DEBUG:R0@tkref=5.1200: $$$$$$$$ CONFLICT LIST $$$$$$$$: []
INFO:R0: --------------------------
DEBUG:R0: LAST STEP
DEBUG:R0: Approx remaining dist: 1.06494419495
DEBUG:R0: Usual approx plan dist: 3.2
DEBUG:R0: Approx gain in dist: 2.13505580505
DEBUG:R0: Last step min dist: 0.5
INFO:R0: scale 0.332795060921 Ns 7 Nk 3
INFO:R0@tkref=6.4000: Time to solve stand alone optimisation problem: 0.409013986588
INFO:R0@tkref=6.4000: N of unsatisfied eq: 10
INFO:R0@tkref=6.4000: N of unsatisfied ieq: 4
INFO:R0@tkref=6.4000: Summary: Iteration limit exceeded after 21 it.
DEBUG:R0@tkref=6.4000: $$$$$$$$ CONFLICT LIST $$$$$$$$: []
INFO:R0: Finished motion planning
INFO:R0: --------------------------
INFO:R0: TOT: 7.58772259087
INFO:R0: NSE: 6
INFO:R0: FIR: 1.61223483086
INFO:R0: LAS: 0.409832954407
INFO:R0: LMA: 0
INFO:R0: MAX: 0.551730871201
INFO:R0: MIN: 0.163670063019
INFO:R0: AVG: 0.342040777206
INFO:R0: RMP: 0.431039743125
INFO:R0: RMG: 0.431039743125
