INFO:R0: Init motion planning
INFO:R0@tkref=0.0000: Time to solve stand alone optimisation problem: 1.44355487823
INFO:R0@tkref=0.0000: N of unsatisfied eq: 4
INFO:R0@tkref=0.0000: N of unsatisfied ieq: 8
INFO:R0@tkref=0.0000: Summary: Iteration limit exceeded after 41 it.
DEBUG:R0@tkref=0.0000: $$$$$$$$ CONFLICT LIST $$$$$$$$: []
INFO:R0: --------------------------
INFO:R0@tkref=0.3333: Time to solve stand alone optimisation problem: 0.0341989994049
INFO:R0@tkref=0.3333: N of unsatisfied eq: 3
INFO:R0@tkref=0.3333: N of unsatisfied ieq: 6
INFO:R0@tkref=0.3333: Summary: Optimization terminated successfully. after 1 it.
DEBUG:R0@tkref=0.3333: $$$$$$$$ CONFLICT LIST $$$$$$$$: []
INFO:R0: --------------------------
INFO:R0@tkref=0.6667: Time to solve stand alone optimisation problem: 0.0341701507568
INFO:R0@tkref=0.6667: N of unsatisfied eq: 3
INFO:R0@tkref=0.6667: N of unsatisfied ieq: 6
INFO:R0@tkref=0.6667: Summary: Optimization terminated successfully. after 1 it.
DEBUG:R0@tkref=0.6667: $$$$$$$$ CONFLICT LIST $$$$$$$$: []
INFO:R0: --------------------------
INFO:R0@tkref=1.0000: Time to solve stand alone optimisation problem: 0.0419571399689
INFO:R0@tkref=1.0000: N of unsatisfied eq: 3
INFO:R0@tkref=1.0000: N of unsatisfied ieq: 6
INFO:R0@tkref=1.0000: Summary: Optimization terminated successfully. after 1 it.
DEBUG:R0@tkref=1.0000: $$$$$$$$ CONFLICT LIST $$$$$$$$: []
INFO:R0: --------------------------
INFO:R0@tkref=1.3333: Time to solve stand alone optimisation problem: 0.24649310112
INFO:R0@tkref=1.3333: N of unsatisfied eq: 2
INFO:R0@tkref=1.3333: N of unsatisfied ieq: 9
INFO:R0@tkref=1.3333: Summary: Optimization terminated successfully. after 6 it.
DEBUG:R0@tkref=1.3333: $$$$$$$$ CONFLICT LIST $$$$$$$$: []
INFO:R0: --------------------------
INFO:R0@tkref=1.6667: Time to solve stand alone optimisation problem: 0.431520938873
INFO:R0@tkref=1.6667: N of unsatisfied eq: 1
INFO:R0@tkref=1.6667: N of unsatisfied ieq: 9
INFO:R0@tkref=1.6667: Summary: Optimization terminated successfully. after 8 it.
DEBUG:R0@tkref=1.6667: $$$$$$$$ CONFLICT LIST $$$$$$$$: []
INFO:R0: --------------------------
INFO:R0@tkref=2.0000: Time to solve stand alone optimisation problem: 0.573570966721
INFO:R0@tkref=2.0000: N of unsatisfied eq: 3
INFO:R0@tkref=2.0000: N of unsatisfied ieq: 7
INFO:R0@tkref=2.0000: Summary: Optimization terminated successfully. after 10 it.
DEBUG:R0@tkref=2.0000: $$$$$$$$ CONFLICT LIST $$$$$$$$: []
INFO:R0: --------------------------
INFO:R0@tkref=2.3333: Time to solve stand alone optimisation problem: 0.53590798378
INFO:R0@tkref=2.3333: N of unsatisfied eq: 3
INFO:R0@tkref=2.3333: N of unsatisfied ieq: 9
INFO:R0@tkref=2.3333: Summary: Optimization terminated successfully. after 11 it.
DEBUG:R0@tkref=2.3333: $$$$$$$$ CONFLICT LIST $$$$$$$$: []
INFO:R0: --------------------------
INFO:R0@tkref=2.6667: Time to solve stand alone optimisation problem: 0.378911972046
INFO:R0@tkref=2.6667: N of unsatisfied eq: 3
INFO:R0@tkref=2.6667: N of unsatisfied ieq: 9
INFO:R0@tkref=2.6667: Summary: Optimization terminated successfully. after 8 it.
DEBUG:R0@tkref=2.6667: $$$$$$$$ CONFLICT LIST $$$$$$$$: []
INFO:R0: --------------------------
INFO:R0@tkref=3.0000: Time to solve stand alone optimisation problem: 0.253768920898
INFO:R0@tkref=3.0000: N of unsatisfied eq: 3
INFO:R0@tkref=3.0000: N of unsatisfied ieq: 7
INFO:R0@tkref=3.0000: Summary: Optimization terminated successfully. after 5 it.
DEBUG:R0@tkref=3.0000: $$$$$$$$ CONFLICT LIST $$$$$$$$: []
INFO:R0: --------------------------
INFO:R0@tkref=3.3333: Time to solve stand alone optimisation problem: 0.306406021118
INFO:R0@tkref=3.3333: N of unsatisfied eq: 3
INFO:R0@tkref=3.3333: N of unsatisfied ieq: 8
INFO:R0@tkref=3.3333: Summary: Optimization terminated successfully. after 6 it.
DEBUG:R0@tkref=3.3333: $$$$$$$$ CONFLICT LIST $$$$$$$$: []
INFO:R0: --------------------------
INFO:R0@tkref=3.6667: Time to solve stand alone optimisation problem: 0.471018075943
INFO:R0@tkref=3.6667: N of unsatisfied eq: 2
INFO:R0@tkref=3.6667: N of unsatisfied ieq: 7
INFO:R0@tkref=3.6667: Summary: Optimization terminated successfully. after 9 it.
DEBUG:R0@tkref=3.6667: $$$$$$$$ CONFLICT LIST $$$$$$$$: []
INFO:R0: --------------------------
INFO:R0@tkref=4.0000: Time to solve stand alone optimisation problem: 0.37309217453
INFO:R0@tkref=4.0000: N of unsatisfied eq: 3
INFO:R0@tkref=4.0000: N of unsatisfied ieq: 8
INFO:R0@tkref=4.0000: Summary: Optimization terminated successfully. after 7 it.
DEBUG:R0@tkref=4.0000: $$$$$$$$ CONFLICT LIST $$$$$$$$: []
INFO:R0: --------------------------
INFO:R0@tkref=4.3333: Time to solve stand alone optimisation problem: 0.33022403717
INFO:R0@tkref=4.3333: N of unsatisfied eq: 3
INFO:R0@tkref=4.3333: N of unsatisfied ieq: 8
INFO:R0@tkref=4.3333: Summary: Optimization terminated successfully. after 7 it.
DEBUG:R0@tkref=4.3333: $$$$$$$$ CONFLICT LIST $$$$$$$$: []
INFO:R0: --------------------------
INFO:R0@tkref=4.6667: Time to solve stand alone optimisation problem: 0.524485111237
INFO:R0@tkref=4.6667: N of unsatisfied eq: 3
INFO:R0@tkref=4.6667: N of unsatisfied ieq: 8
INFO:R0@tkref=4.6667: Summary: Optimization terminated successfully. after 9 it.
DEBUG:R0@tkref=4.6667: $$$$$$$$ CONFLICT LIST $$$$$$$$: []
INFO:R0: --------------------------
INFO:R0@tkref=5.0000: Time to solve stand alone optimisation problem: 0.177036046982
INFO:R0@tkref=5.0000: N of unsatisfied eq: 3
INFO:R0@tkref=5.0000: N of unsatisfied ieq: 7
INFO:R0@tkref=5.0000: Summary: Optimization terminated successfully. after 3 it.
DEBUG:R0@tkref=5.0000: $$$$$$$$ CONFLICT LIST $$$$$$$$: []
INFO:R0: --------------------------
INFO:R0@tkref=5.3333: Time to solve stand alone optimisation problem: 0.040990114212
INFO:R0@tkref=5.3333: N of unsatisfied eq: 3
INFO:R0@tkref=5.3333: N of unsatisfied ieq: 6
INFO:R0@tkref=5.3333: Summary: Optimization terminated successfully. after 1 it.
DEBUG:R0@tkref=5.3333: $$$$$$$$ CONFLICT LIST $$$$$$$$: []
INFO:R0: --------------------------
INFO:R0@tkref=5.6667: Time to solve stand alone optimisation problem: 0.0448198318481
INFO:R0@tkref=5.6667: N of unsatisfied eq: 3
INFO:R0@tkref=5.6667: N of unsatisfied ieq: 5
INFO:R0@tkref=5.6667: Summary: Optimization terminated successfully. after 1 it.
DEBUG:R0@tkref=5.6667: $$$$$$$$ CONFLICT LIST $$$$$$$$: []
INFO:R0: --------------------------
INFO:R0@tkref=6.0000: Time to solve stand alone optimisation problem: 0.0457971096039
INFO:R0@tkref=6.0000: N of unsatisfied eq: 3
INFO:R0@tkref=6.0000: N of unsatisfied ieq: 7
INFO:R0@tkref=6.0000: Summary: Optimization terminated successfully. after 1 it.
DEBUG:R0@tkref=6.0000: $$$$$$$$ CONFLICT LIST $$$$$$$$: []
INFO:R0: --------------------------
INFO:R0@tkref=6.3333: Time to solve stand alone optimisation problem: 0.0445530414581
INFO:R0@tkref=6.3333: N of unsatisfied eq: 3
INFO:R0@tkref=6.3333: N of unsatisfied ieq: 5
INFO:R0@tkref=6.3333: Summary: Optimization terminated successfully. after 1 it.
DEBUG:R0@tkref=6.3333: $$$$$$$$ CONFLICT LIST $$$$$$$$: []
INFO:R0: --------------------------
DEBUG:R0: LAST STEP
DEBUG:R0: Approx remaining dist: 0.635377365631
DEBUG:R0: Usual approx plan dist: 2.0
DEBUG:R0: Approx gain in dist: 1.36462263437
DEBUG:R0: Last step min dist: 0.5
INFO:R0: scale 0.317688682816 Ns 7 Nk 3
INFO:R0@tkref=6.6667: Time to solve stand alone optimisation problem: 0.423762798309
INFO:R0@tkref=6.6667: N of unsatisfied eq: 10
INFO:R0@tkref=6.6667: N of unsatisfied ieq: 4
INFO:R0@tkref=6.6667: Summary: Iteration limit exceeded after 21 it.
DEBUG:R0@tkref=6.6667: $$$$$$$$ CONFLICT LIST $$$$$$$$: []
INFO:R0: Finished motion planning
INFO:R0: --------------------------
INFO:R0: TOT: 7.38018880901
INFO:R0: NSE: 21
INFO:R0: FIR: 1.44496893883
INFO:R0: LAS: 0.424618959427
INFO:R0: LMA: 0
INFO:R0: MAX: 0.574626922607
INFO:R0: MIN: 0.0349609851837
INFO:R0: AVG: 0.258300003253
INFO:R0: RMP: 1.43656730652
INFO:R0: RMG: 1.43656730652
