INFO:R0: Init motion planning
INFO:R0@tkref=0.0000: Time to solve stand alone optimisation problem: 1.72808599472
INFO:R0@tkref=0.0000: N of unsatisfied eq: 5
INFO:R0@tkref=0.0000: N of unsatisfied ieq: 1
INFO:R0@tkref=0.0000: Summary: Iteration limit exceeded after 41 it.
DEBUG:R0@tkref=0.0000: $$$$$$$$ CONFLICT LIST $$$$$$$$: []
INFO:R0: --------------------------
INFO:R0@tkref=2.0364: Time to solve stand alone optimisation problem: 0.682813882828
INFO:R0@tkref=2.0364: N of unsatisfied eq: 5
INFO:R0@tkref=2.0364: N of unsatisfied ieq: 12
INFO:R0@tkref=2.0364: Summary: Iteration limit exceeded after 16 it.
DEBUG:R0@tkref=2.0364: $$$$$$$$ CONFLICT LIST $$$$$$$$: []
INFO:R0: --------------------------
INFO:R0@tkref=4.0727: Time to solve stand alone optimisation problem: 0.223205089569
INFO:R0@tkref=4.0727: N of unsatisfied eq: 3
INFO:R0@tkref=4.0727: N of unsatisfied ieq: 10
INFO:R0@tkref=4.0727: Summary: Optimization terminated successfully. after 8 it.
DEBUG:R0@tkref=4.0727: $$$$$$$$ CONFLICT LIST $$$$$$$$: []
INFO:R0: --------------------------
DEBUG:R0: LAST STEP
DEBUG:R0: Approx remaining dist: 1.66158586141
DEBUG:R0: Usual approx plan dist: 5.6
DEBUG:R0: Approx gain in dist: 3.93841413859
DEBUG:R0: Last step min dist: 0.5
INFO:R0: scale 0.296711760965 Ns 7 Nk 3
INFO:R0@tkref=6.1091: Time to solve stand alone optimisation problem: 0.464432954788
INFO:R0@tkref=6.1091: N of unsatisfied eq: 10
INFO:R0@tkref=6.1091: N of unsatisfied ieq: 3
INFO:R0@tkref=6.1091: Summary: Optimization terminated successfully. after 18 it.
DEBUG:R0@tkref=6.1091: $$$$$$$$ CONFLICT LIST $$$$$$$$: []
INFO:R0: Finished motion planning
INFO:R0: --------------------------
INFO:R0: TOT: 7.97570743942
INFO:R0: NSE: 4
INFO:R0: FIR: 1.73000597954
INFO:R0: LAS: 0.46532201767
INFO:R0: LMA: 0
INFO:R0: MAX: 0.683705091476
INFO:R0: MIN: 0.224073171616
INFO:R0: AVG: 0.453889131546
INFO:R0: RMP: 0.335748035993
INFO:R0: RMG: 0.335748035993
