INFO:R0: Init motion planning
INFO:R0@tkref=0.0000: Time to solve stand alone optimisation problem: 1.42308115959
INFO:R0@tkref=0.0000: N of unsatisfied eq: 4
INFO:R0@tkref=0.0000: N of unsatisfied ieq: 8
INFO:R0@tkref=0.0000: Summary: Iteration limit exceeded after 41 it.
DEBUG:R0@tkref=0.0000: $$$$$$$$ CONFLICT LIST $$$$$$$$: []
INFO:R0: --------------------------
INFO:R0@tkref=3.3231: Time to solve stand alone optimisation problem: 0.147242069244
INFO:R0@tkref=3.3231: N of unsatisfied eq: 5
INFO:R0@tkref=3.3231: N of unsatisfied ieq: 15
INFO:R0@tkref=3.3231: Summary: Optimization terminated successfully. after 7 it.
DEBUG:R0@tkref=3.3231: $$$$$$$$ CONFLICT LIST $$$$$$$$: []
INFO:R0: --------------------------
DEBUG:R0: LAST STEP
DEBUG:R0: Approx remaining dist: 3.36878326725
DEBUG:R0: Usual approx plan dist: 4.8
DEBUG:R0: Approx gain in dist: 1.43121673275
DEBUG:R0: Last step min dist: 0.5
INFO:R0: scale 0.701829847344 Ns 10 Nk 3
INFO:R0@tkref=6.6462: Time to solve stand alone optimisation problem: 0.150366067886
INFO:R0@tkref=6.6462: N of unsatisfied eq: 10
INFO:R0@tkref=6.6462: N of unsatisfied ieq: 3
INFO:R0@tkref=6.6462: Summary: Optimization terminated successfully. after 12 it.
DEBUG:R0@tkref=6.6462: $$$$$$$$ CONFLICT LIST $$$$$$$$: []
INFO:R0: Finished motion planning
INFO:R0: --------------------------
INFO:R0: TOT: 11.7731276978
INFO:R0: NSE: 3
INFO:R0: FIR: 1.42440891266
INFO:R0: LAS: 0.151239156723
INFO:R0: LMA: 1
INFO:R0: MAX: 0.14821100235
INFO:R0: MIN: 0.14821100235
INFO:R0: AVG: 0.14821100235
INFO:R0: RMP: 0.0454077825827
INFO:R0: RMG: 0.0463355259568
