INFO:R0: Init motion planning
INFO:R0@tkref=0.0000: Time to solve stand alone optimisation problem: 1.04626011848
INFO:R0@tkref=0.0000: N of unsatisfied eq: 4
INFO:R0@tkref=0.0000: N of unsatisfied ieq: 7
INFO:R0@tkref=0.0000: Summary: Iteration limit exceeded after 41 it.
DEBUG:R0@tkref=0.0000: $$$$$$$$ CONFLICT LIST $$$$$$$$: []
INFO:R0: --------------------------
INFO:R0@tkref=2.8286: Time to solve stand alone optimisation problem: 0.0253200531006
INFO:R0@tkref=2.8286: N of unsatisfied eq: 3
INFO:R0@tkref=2.8286: N of unsatisfied ieq: 5
INFO:R0@tkref=2.8286: Summary: Optimization terminated successfully. after 1 it.
DEBUG:R0@tkref=2.8286: $$$$$$$$ CONFLICT LIST $$$$$$$$: []
INFO:R0: --------------------------
DEBUG:R0: LAST STEP
DEBUG:R0: Approx remaining dist: 1.70227377273
DEBUG:R0: Usual approx plan dist: 4.4
DEBUG:R0: Approx gain in dist: 2.69772622727
DEBUG:R0: Last step min dist: 0.5
INFO:R0: scale 0.386880402892 Ns 7 Nk 3
INFO:R0@tkref=5.6571: Time to solve stand alone optimisation problem: 0.296406984329
INFO:R0@tkref=5.6571: N of unsatisfied eq: 10
INFO:R0@tkref=5.6571: N of unsatisfied ieq: 4
INFO:R0@tkref=5.6571: Summary: Iteration limit exceeded after 21 it.
DEBUG:R0@tkref=5.6571: $$$$$$$$ CONFLICT LIST $$$$$$$$: []
INFO:R0: Finished motion planning
INFO:R0: --------------------------
INFO:R0: TOT: 7.56922198877
INFO:R0: NSE: 3
INFO:R0: FIR: 1.04773402214
INFO:R0: LAS: 0.297167062759
INFO:R0: LMA: 1
INFO:R0: MAX: 0.0260150432587
INFO:R0: MIN: 0.0260150432587
INFO:R0: AVG: 0.0260150432587
INFO:R0: RMP: 0.00886876474728
INFO:R0: RMG: 0.101306953214
