INFO:R0: Init motion planning
INFO:R0@tkref=0.0000: Time to solve stand alone optimisation problem: 0.86466383934
INFO:R0@tkref=0.0000: N of unsatisfied eq: 5
INFO:R0@tkref=0.0000: N of unsatisfied ieq: 6
INFO:R0@tkref=0.0000: Summary: Iteration limit exceeded after 41 it.
DEBUG:R0@tkref=0.0000: $$$$$$$$ CONFLICT LIST $$$$$$$$: []
INFO:R0: --------------------------
INFO:R0@tkref=1.4222: Time to solve stand alone optimisation problem: 0.038094997406
INFO:R0@tkref=1.4222: N of unsatisfied eq: 3
INFO:R0@tkref=1.4222: N of unsatisfied ieq: 5
INFO:R0@tkref=1.4222: Summary: Optimization terminated successfully. after 2 it.
DEBUG:R0@tkref=1.4222: $$$$$$$$ CONFLICT LIST $$$$$$$$: []
INFO:R0: --------------------------
INFO:R0@tkref=2.8444: Time to solve stand alone optimisation problem: 0.0207469463348
INFO:R0@tkref=2.8444: N of unsatisfied eq: 3
INFO:R0@tkref=2.8444: N of unsatisfied ieq: 5
INFO:R0@tkref=2.8444: Summary: Optimization terminated successfully. after 1 it.
DEBUG:R0@tkref=2.8444: $$$$$$$$ CONFLICT LIST $$$$$$$$: []
INFO:R0: --------------------------
INFO:R0@tkref=4.2667: Time to solve stand alone optimisation problem: 0.0208029747009
INFO:R0@tkref=4.2667: N of unsatisfied eq: 3
INFO:R0@tkref=4.2667: N of unsatisfied ieq: 4
INFO:R0@tkref=4.2667: Summary: Optimization terminated successfully. after 1 it.
DEBUG:R0@tkref=4.2667: $$$$$$$$ CONFLICT LIST $$$$$$$$: []
INFO:R0: --------------------------
DEBUG:R0: LAST STEP
DEBUG:R0: Approx remaining dist: 1.56844370488
DEBUG:R0: Usual approx plan dist: 3.2
DEBUG:R0: Approx gain in dist: 1.63155629512
DEBUG:R0: Last step min dist: 0.5
INFO:R0: scale 0.490138657775 Ns 7 Nk 3
INFO:R0@tkref=5.6889: Time to solve stand alone optimisation problem: 0.306374073029
INFO:R0@tkref=5.6889: N of unsatisfied eq: 10
INFO:R0@tkref=5.6889: N of unsatisfied ieq: 4
INFO:R0@tkref=5.6889: Summary: Iteration limit exceeded after 21 it.
DEBUG:R0@tkref=5.6889: $$$$$$$$ CONFLICT LIST $$$$$$$$: []
INFO:R0: Finished motion planning
INFO:R0: --------------------------
INFO:R0: TOT: 7.45064250252
INFO:R0: NSE: 5
INFO:R0: FIR: 0.866101980209
INFO:R0: LAS: 0.307387113571
INFO:R0: LMA: 1
INFO:R0: MAX: 0.0389251708984
INFO:R0: MIN: 0.0215809345245
INFO:R0: AVG: 0.0273737112681
INFO:R0: RMP: 0.0304102897644
INFO:R0: RMG: 0.240146182477
