INFO:R0: Init motion planning
INFO:R0@tkref=0.0000: Time to solve stand alone optimisation problem: 0.869022130966
INFO:R0@tkref=0.0000: N of unsatisfied eq: 5
INFO:R0@tkref=0.0000: N of unsatisfied ieq: 9
INFO:R0@tkref=0.0000: Summary: Iteration limit exceeded after 41 it.
DEBUG:R0@tkref=0.0000: $$$$$$$$ CONFLICT LIST $$$$$$$$: []
INFO:R0: --------------------------
INFO:R0@tkref=0.9455: Time to solve stand alone optimisation problem: 0.0445690155029
INFO:R0@tkref=0.9455: N of unsatisfied eq: 3
INFO:R0@tkref=0.9455: N of unsatisfied ieq: 6
INFO:R0@tkref=0.9455: Summary: Optimization terminated successfully. after 2 it.
DEBUG:R0@tkref=0.9455: $$$$$$$$ CONFLICT LIST $$$$$$$$: []
INFO:R0: --------------------------
INFO:R0@tkref=1.8909: Time to solve stand alone optimisation problem: 0.0441000461578
INFO:R0@tkref=1.8909: N of unsatisfied eq: 3
INFO:R0@tkref=1.8909: N of unsatisfied ieq: 8
INFO:R0@tkref=1.8909: Summary: Optimization terminated successfully. after 2 it.
DEBUG:R0@tkref=1.8909: $$$$$$$$ CONFLICT LIST $$$$$$$$: []
INFO:R0: --------------------------
INFO:R0@tkref=2.8364: Time to solve stand alone optimisation problem: 0.0235419273376
INFO:R0@tkref=2.8364: N of unsatisfied eq: 3
INFO:R0@tkref=2.8364: N of unsatisfied ieq: 5
INFO:R0@tkref=2.8364: Summary: Optimization terminated successfully. after 1 it.
DEBUG:R0@tkref=2.8364: $$$$$$$$ CONFLICT LIST $$$$$$$$: []
INFO:R0: --------------------------
INFO:R0@tkref=3.7818: Time to solve stand alone optimisation problem: 0.0256869792938
INFO:R0@tkref=3.7818: N of unsatisfied eq: 3
INFO:R0@tkref=3.7818: N of unsatisfied ieq: 5
INFO:R0@tkref=3.7818: Summary: Optimization terminated successfully. after 1 it.
DEBUG:R0@tkref=3.7818: $$$$$$$$ CONFLICT LIST $$$$$$$$: []
INFO:R0: --------------------------
INFO:R0@tkref=4.7273: Time to solve stand alone optimisation problem: 0.0211191177368
INFO:R0@tkref=4.7273: N of unsatisfied eq: 4
INFO:R0@tkref=4.7273: N of unsatisfied ieq: 7
INFO:R0@tkref=4.7273: Summary: Optimization terminated successfully. after 1 it.
DEBUG:R0@tkref=4.7273: $$$$$$$$ CONFLICT LIST $$$$$$$$: []
INFO:R0: --------------------------
INFO:R0@tkref=5.6727: Time to solve stand alone optimisation problem: 0.0210418701172
INFO:R0@tkref=5.6727: N of unsatisfied eq: 4
INFO:R0@tkref=5.6727: N of unsatisfied ieq: 8
INFO:R0@tkref=5.6727: Summary: Optimization terminated successfully. after 1 it.
DEBUG:R0@tkref=5.6727: $$$$$$$$ CONFLICT LIST $$$$$$$$: []
INFO:R0: --------------------------
DEBUG:R0: LAST STEP
DEBUG:R0: Approx remaining dist: 0.838093396119
DEBUG:R0: Usual approx plan dist: 5.2
DEBUG:R0: Approx gain in dist: 4.36190660388
DEBUG:R0: Last step min dist: 0.5
INFO:R0: scale 0.161171806946 Ns 7 Nk 3
INFO:R0@tkref=6.6182: Time to solve stand alone optimisation problem: 0.307394981384
INFO:R0@tkref=6.6182: N of unsatisfied eq: 10
INFO:R0@tkref=6.6182: N of unsatisfied ieq: 4
INFO:R0@tkref=6.6182: Summary: Iteration limit exceeded after 21 it.
DEBUG:R0@tkref=6.6182: $$$$$$$$ CONFLICT LIST $$$$$$$$: []
INFO:R0: Finished motion planning
INFO:R0: --------------------------
INFO:R0: TOT: 7.55937688629
INFO:R0: NSE: 8
INFO:R0: FIR: 0.870615959167
INFO:R0: LAS: 0.308197975159
INFO:R0: LMA: 1
INFO:R0: MAX: 0.0453789234161
INFO:R0: MIN: 0.0218031406403
INFO:R0: AVG: 0.0308116674423
INFO:R0: RMP: 0.0436335802078
INFO:R0: RMG: 0.296344206883
