INFO:R0: Init motion planning
INFO:R0@tkref=0.0000: Time to solve stand alone optimisation problem: 2.18165302277
INFO:R0@tkref=0.0000: N of unsatisfied eq: 3
INFO:R0@tkref=0.0000: N of unsatisfied ieq: 0
INFO:R0@tkref=0.0000: Summary: Iteration limit exceeded after 41 it.
DEBUG:R0@tkref=0.0000: $$$$$$$$ CONFLICT LIST $$$$$$$$: []
INFO:R0: --------------------------
INFO:R0@tkref=2.1538: Time to solve stand alone optimisation problem: 0.969821929932
INFO:R0@tkref=2.1538: N of unsatisfied eq: 2
INFO:R0@tkref=2.1538: N of unsatisfied ieq: 5
INFO:R0@tkref=2.1538: Summary: Optimization terminated successfully. after 14 it.
DEBUG:R0@tkref=2.1538: $$$$$$$$ CONFLICT LIST $$$$$$$$: []
INFO:R0: --------------------------
INFO:R0@tkref=4.3077: Time to solve stand alone optimisation problem: 1.1020591259
INFO:R0@tkref=4.3077: N of unsatisfied eq: 5
INFO:R0@tkref=4.3077: N of unsatisfied ieq: 15
INFO:R0@tkref=4.3077: Summary: Iteration limit exceeded after 16 it.
DEBUG:R0@tkref=4.3077: $$$$$$$$ CONFLICT LIST $$$$$$$$: []
INFO:R0: --------------------------
DEBUG:R0: LAST STEP
DEBUG:R0: Approx remaining dist: 2.16368728088
DEBUG:R0: Usual approx plan dist: 4.0
DEBUG:R0: Approx gain in dist: 1.83631271912
DEBUG:R0: Last step min dist: 0.5
INFO:R0: scale 0.540921820219 Ns 8 Nk 3
INFO:R0@tkref=6.4615: Time to solve stand alone optimisation problem: 0.521035194397
INFO:R0@tkref=6.4615: N of unsatisfied eq: 10
INFO:R0@tkref=6.4615: N of unsatisfied ieq: 3
INFO:R0@tkref=6.4615: Summary: Optimization terminated successfully. after 17 it.
DEBUG:R0@tkref=6.4615: $$$$$$$$ CONFLICT LIST $$$$$$$$: []
INFO:R0: Finished motion planning
INFO:R0: --------------------------
INFO:R0: TOT: 9.00736461312
INFO:R0: NSE: 4
INFO:R0: FIR: 2.18294978142
INFO:R0: LAS: 0.521939992905
INFO:R0: LMA: 0
INFO:R0: MAX: 1.10295391083
INFO:R0: MIN: 0.970727920532
INFO:R0: AVG: 1.03684091568
INFO:R0: RMP: 0.551476955414
INFO:R0: RMG: 0.551476955414
