INFO:R0: Init motion planning
INFO:R0@tkref=0.0000: Time to solve stand alone optimisation problem: 1.13003396988
INFO:R0@tkref=0.0000: N of unsatisfied eq: 5
INFO:R0@tkref=0.0000: N of unsatisfied ieq: 5
INFO:R0@tkref=0.0000: Summary: Iteration limit exceeded after 41 it.
DEBUG:R0@tkref=0.0000: $$$$$$$$ CONFLICT LIST $$$$$$$$: []
INFO:R0: --------------------------
INFO:R0@tkref=2.1333: Time to solve stand alone optimisation problem: 0.243931055069
INFO:R0@tkref=2.1333: N of unsatisfied eq: 2
INFO:R0@tkref=2.1333: N of unsatisfied ieq: 6
INFO:R0@tkref=2.1333: Summary: Optimization terminated successfully. after 6 it.
DEBUG:R0@tkref=2.1333: $$$$$$$$ CONFLICT LIST $$$$$$$$: []
INFO:R0: --------------------------
INFO:R0@tkref=4.2667: Time to solve stand alone optimisation problem: 0.224333047867
INFO:R0@tkref=4.2667: N of unsatisfied eq: 3
INFO:R0@tkref=4.2667: N of unsatisfied ieq: 4
INFO:R0@tkref=4.2667: Summary: Optimization terminated successfully. after 6 it.
DEBUG:R0@tkref=4.2667: $$$$$$$$ CONFLICT LIST $$$$$$$$: []
INFO:R0: --------------------------
DEBUG:R0: LAST STEP
DEBUG:R0: Approx remaining dist: 1.06930964557
DEBUG:R0: Usual approx plan dist: 3.2
DEBUG:R0: Approx gain in dist: 2.13069035443
DEBUG:R0: Last step min dist: 0.5
INFO:R0: scale 0.33415926424 Ns 7 Nk 3
INFO:R0@tkref=6.4000: Time to solve stand alone optimisation problem: 0.413000822067
INFO:R0@tkref=6.4000: N of unsatisfied eq: 10
INFO:R0@tkref=6.4000: N of unsatisfied ieq: 4
INFO:R0@tkref=6.4000: Summary: Iteration limit exceeded after 21 it.
DEBUG:R0@tkref=6.4000: $$$$$$$$ CONFLICT LIST $$$$$$$$: []
INFO:R0: Finished motion planning
INFO:R0: --------------------------
INFO:R0: TOT: 7.59209219752
INFO:R0: NSE: 4
INFO:R0: FIR: 1.13132190704
INFO:R0: LAS: 0.413862943649
INFO:R0: LMA: 1
INFO:R0: MAX: 0.244790077209
INFO:R0: MIN: 0.225185871124
INFO:R0: AVG: 0.234987974167
INFO:R0: RMP: 0.109281284469
INFO:R0: RMG: 0.184760242701
