INFO:R0: Init motion planning
INFO:R0@tkref=0.0000: Time to solve stand alone optimisation problem: 2.15953588486
INFO:R0@tkref=0.0000: N of unsatisfied eq: 5
INFO:R0@tkref=0.0000: N of unsatisfied ieq: 16
INFO:R0@tkref=0.0000: Summary: Iteration limit exceeded after 41 it.
DEBUG:R0@tkref=0.0000: $$$$$$$$ CONFLICT LIST $$$$$$$$: []
INFO:R0: --------------------------
INFO:R0@tkref=1.6000: Time to solve stand alone optimisation problem: 0.43578004837
INFO:R0@tkref=1.6000: N of unsatisfied eq: 2
INFO:R0@tkref=1.6000: N of unsatisfied ieq: 10
INFO:R0@tkref=1.6000: Summary: Optimization terminated successfully. after 7 it.
DEBUG:R0@tkref=1.6000: $$$$$$$$ CONFLICT LIST $$$$$$$$: []
INFO:R0: --------------------------
INFO:R0@tkref=3.2000: Time to solve stand alone optimisation problem: 0.686419010162
INFO:R0@tkref=3.2000: N of unsatisfied eq: 1
INFO:R0@tkref=3.2000: N of unsatisfied ieq: 8
INFO:R0@tkref=3.2000: Summary: Optimization terminated successfully. after 9 it.
DEBUG:R0@tkref=3.2000: $$$$$$$$ CONFLICT LIST $$$$$$$$: []
INFO:R0: --------------------------
INFO:R0@tkref=4.8000: Time to solve stand alone optimisation problem: 0.829231023788
INFO:R0@tkref=4.8000: N of unsatisfied eq: 2
INFO:R0@tkref=4.8000: N of unsatisfied ieq: 11
INFO:R0@tkref=4.8000: Summary: Optimization terminated successfully. after 11 it.
DEBUG:R0@tkref=4.8000: $$$$$$$$ CONFLICT LIST $$$$$$$$: []
INFO:R0: --------------------------
DEBUG:R0: LAST STEP
DEBUG:R0: Approx remaining dist: 1.41453984264
DEBUG:R0: Usual approx plan dist: 4.8
DEBUG:R0: Approx gain in dist: 3.38546015736
DEBUG:R0: Last step min dist: 0.5
INFO:R0: scale 0.29469580055 Ns 7 Nk 3
INFO:R0@tkref=6.4000: Time to solve stand alone optimisation problem: 0.433190107346
INFO:R0@tkref=6.4000: N of unsatisfied eq: 10
INFO:R0@tkref=6.4000: N of unsatisfied ieq: 3
INFO:R0@tkref=6.4000: Summary: Iteration limit exceeded after 21 it.
DEBUG:R0@tkref=6.4000: $$$$$$$$ CONFLICT LIST $$$$$$$$: []
INFO:R0: Finished motion planning
INFO:R0: --------------------------
INFO:R0: TOT: 7.9916390994
INFO:R0: NSE: 5
INFO:R0: FIR: 2.1610789299
INFO:R0: LAS: 0.434056997299
INFO:R0: LMA: 0
INFO:R0: MAX: 0.830066919327
INFO:R0: MIN: 0.436640024185
INFO:R0: AVG: 0.651341994603
INFO:R0: RMP: 0.540408150603
INFO:R0: RMG: 0.540408150603
