INFO:R0: Init motion planning
INFO:R0@tkref=0.0000: Time to solve stand alone optimisation problem: 1.77709078789
INFO:R0@tkref=0.0000: N of unsatisfied eq: 4
INFO:R0@tkref=0.0000: N of unsatisfied ieq: 11
INFO:R0@tkref=0.0000: Summary: Iteration limit exceeded after 41 it.
DEBUG:R0@tkref=0.0000: $$$$$$$$ CONFLICT LIST $$$$$$$$: []
INFO:R0: --------------------------
INFO:R0@tkref=2.7000: Time to solve stand alone optimisation problem: 0.796883821487
INFO:R0@tkref=2.7000: N of unsatisfied eq: 3
INFO:R0@tkref=2.7000: N of unsatisfied ieq: 5
INFO:R0@tkref=2.7000: Summary: Optimization terminated successfully. after 13 it.
DEBUG:R0@tkref=2.7000: $$$$$$$$ CONFLICT LIST $$$$$$$$: []
INFO:R0: --------------------------
DEBUG:R0: LAST STEP
DEBUG:R0: Approx remaining dist: 2.62753385969
DEBUG:R0: Usual approx plan dist: 4.8
DEBUG:R0: Approx gain in dist: 2.17246614031
DEBUG:R0: Last step min dist: 0.5
INFO:R0: scale 0.547402887436 Ns 9 Nk 3
INFO:R0@tkref=5.4000: Time to solve stand alone optimisation problem: 0.619182825089
INFO:R0@tkref=5.4000: N of unsatisfied eq: 10
INFO:R0@tkref=5.4000: N of unsatisfied ieq: 3
INFO:R0@tkref=5.4000: Summary: Iteration limit exceeded after 21 it.
DEBUG:R0@tkref=5.4000: $$$$$$$$ CONFLICT LIST $$$$$$$$: []
INFO:R0: Finished motion planning
INFO:R0: --------------------------
INFO:R0: TOT: 8.40091533762
INFO:R0: NSE: 3
INFO:R0: FIR: 1.77847695351
INFO:R0: LAS: 0.62006187439
INFO:R0: LMA: 0
INFO:R0: MAX: 0.797770023346
INFO:R0: MIN: 0.797770023346
INFO:R0: AVG: 0.797770023346
INFO:R0: RMP: 0.296789443209
INFO:R0: RMG: 0.296789443209
