INFO:R0: Init motion planning
INFO:R0@tkref=0.0000: Time to solve stand alone optimisation problem: 1.18922805786
INFO:R0@tkref=0.0000: N of unsatisfied eq: 5
INFO:R0@tkref=0.0000: N of unsatisfied ieq: 6
INFO:R0@tkref=0.0000: Summary: Iteration limit exceeded after 41 it.
DEBUG:R0@tkref=0.0000: $$$$$$$$ CONFLICT LIST $$$$$$$$: []
INFO:R0: --------------------------
INFO:R0@tkref=0.4571: Time to solve stand alone optimisation problem: 0.228675127029
INFO:R0@tkref=0.4571: N of unsatisfied eq: 2
INFO:R0@tkref=0.4571: N of unsatisfied ieq: 4
INFO:R0@tkref=0.4571: Summary: Optimization terminated successfully. after 8 it.
DEBUG:R0@tkref=0.4571: $$$$$$$$ CONFLICT LIST $$$$$$$$: []
INFO:R0: --------------------------
INFO:R0@tkref=0.9143: Time to solve stand alone optimisation problem: 0.30170416832
INFO:R0@tkref=0.9143: N of unsatisfied eq: 1
INFO:R0@tkref=0.9143: N of unsatisfied ieq: 3
INFO:R0@tkref=0.9143: Summary: Optimization terminated successfully. after 11 it.
DEBUG:R0@tkref=0.9143: $$$$$$$$ CONFLICT LIST $$$$$$$$: []
INFO:R0: --------------------------
INFO:R0@tkref=1.3714: Time to solve stand alone optimisation problem: 0.240816831589
INFO:R0@tkref=1.3714: N of unsatisfied eq: 3
INFO:R0@tkref=1.3714: N of unsatisfied ieq: 5
INFO:R0@tkref=1.3714: Summary: Optimization terminated successfully. after 7 it.
DEBUG:R0@tkref=1.3714: $$$$$$$$ CONFLICT LIST $$$$$$$$: []
INFO:R0: --------------------------
INFO:R0@tkref=1.8286: Time to solve stand alone optimisation problem: 0.548494100571
INFO:R0@tkref=1.8286: N of unsatisfied eq: 2
INFO:R0@tkref=1.8286: N of unsatisfied ieq: 3
INFO:R0@tkref=1.8286: Summary: Iteration limit exceeded after 16 it.
DEBUG:R0@tkref=1.8286: $$$$$$$$ CONFLICT LIST $$$$$$$$: []
INFO:R0: --------------------------
INFO:R0@tkref=2.2857: Time to solve stand alone optimisation problem: 0.560003995895
INFO:R0@tkref=2.2857: N of unsatisfied eq: 3
INFO:R0@tkref=2.2857: N of unsatisfied ieq: 5
INFO:R0@tkref=2.2857: Summary: Iteration limit exceeded after 16 it.
DEBUG:R0@tkref=2.2857: $$$$$$$$ CONFLICT LIST $$$$$$$$: []
INFO:R0: --------------------------
INFO:R0@tkref=2.7429: Time to solve stand alone optimisation problem: 0.226812124252
INFO:R0@tkref=2.7429: N of unsatisfied eq: 3
INFO:R0@tkref=2.7429: N of unsatisfied ieq: 5
INFO:R0@tkref=2.7429: Summary: Optimization terminated successfully. after 6 it.
DEBUG:R0@tkref=2.7429: $$$$$$$$ CONFLICT LIST $$$$$$$$: []
INFO:R0: --------------------------
INFO:R0@tkref=3.2000: Time to solve stand alone optimisation problem: 0.307766914368
INFO:R0@tkref=3.2000: N of unsatisfied eq: 2
INFO:R0@tkref=3.2000: N of unsatisfied ieq: 5
INFO:R0@tkref=3.2000: Summary: Optimization terminated successfully. after 8 it.
DEBUG:R0@tkref=3.2000: $$$$$$$$ CONFLICT LIST $$$$$$$$: []
INFO:R0: --------------------------
INFO:R0@tkref=3.6571: Time to solve stand alone optimisation problem: 0.261061191559
INFO:R0@tkref=3.6571: N of unsatisfied eq: 2
INFO:R0@tkref=3.6571: N of unsatisfied ieq: 4
INFO:R0@tkref=3.6571: Summary: Optimization terminated successfully. after 7 it.
DEBUG:R0@tkref=3.6571: $$$$$$$$ CONFLICT LIST $$$$$$$$: []
INFO:R0: --------------------------
INFO:R0@tkref=4.1143: Time to solve stand alone optimisation problem: 0.573767185211
INFO:R0@tkref=4.1143: N of unsatisfied eq: 2
INFO:R0@tkref=4.1143: N of unsatisfied ieq: 5
INFO:R0@tkref=4.1143: Summary: Optimization terminated successfully. after 15 it.
DEBUG:R0@tkref=4.1143: $$$$$$$$ CONFLICT LIST $$$$$$$$: []
INFO:R0: --------------------------
INFO:R0@tkref=4.5714: Time to solve stand alone optimisation problem: 0.297457933426
INFO:R0@tkref=4.5714: N of unsatisfied eq: 3
INFO:R0@tkref=4.5714: N of unsatisfied ieq: 4
INFO:R0@tkref=4.5714: Summary: Optimization terminated successfully. after 8 it.
DEBUG:R0@tkref=4.5714: $$$$$$$$ CONFLICT LIST $$$$$$$$: []
INFO:R0: --------------------------
INFO:R0@tkref=5.0286: Time to solve stand alone optimisation problem: 0.553920030594
INFO:R0@tkref=5.0286: N of unsatisfied eq: 3
INFO:R0@tkref=5.0286: N of unsatisfied ieq: 5
INFO:R0@tkref=5.0286: Summary: Iteration limit exceeded after 16 it.
DEBUG:R0@tkref=5.0286: $$$$$$$$ CONFLICT LIST $$$$$$$$: []
INFO:R0: --------------------------
INFO:R0@tkref=5.4857: Time to solve stand alone optimisation problem: 0.556293964386
INFO:R0@tkref=5.4857: N of unsatisfied eq: 4
INFO:R0@tkref=5.4857: N of unsatisfied ieq: 8
INFO:R0@tkref=5.4857: Summary: Iteration limit exceeded after 16 it.
DEBUG:R0@tkref=5.4857: $$$$$$$$ CONFLICT LIST $$$$$$$$: []
INFO:R0: --------------------------
INFO:R0@tkref=5.9429: Time to solve stand alone optimisation problem: 0.48947095871
INFO:R0@tkref=5.9429: N of unsatisfied eq: 2
INFO:R0@tkref=5.9429: N of unsatisfied ieq: 5
INFO:R0@tkref=5.9429: Summary: Iteration limit exceeded after 16 it.
DEBUG:R0@tkref=5.9429: $$$$$$$$ CONFLICT LIST $$$$$$$$: []
INFO:R0: --------------------------
INFO:R0@tkref=6.4000: Time to solve stand alone optimisation problem: 0.184062004089
INFO:R0@tkref=6.4000: N of unsatisfied eq: 3
INFO:R0@tkref=6.4000: N of unsatisfied ieq: 5
INFO:R0@tkref=6.4000: Summary: Optimization terminated successfully. after 6 it.
DEBUG:R0@tkref=6.4000: $$$$$$$$ CONFLICT LIST $$$$$$$$: []
INFO:R0: --------------------------
INFO:R0@tkref=6.8571: Time to solve stand alone optimisation problem: 0.186215877533
INFO:R0@tkref=6.8571: N of unsatisfied eq: 1
INFO:R0@tkref=6.8571: N of unsatisfied ieq: 5
INFO:R0@tkref=6.8571: Summary: Optimization terminated successfully. after 7 it.
DEBUG:R0@tkref=6.8571: $$$$$$$$ CONFLICT LIST $$$$$$$$: []
INFO:R0: --------------------------
INFO:R0@tkref=7.3143: Time to solve stand alone optimisation problem: 0.139922857285
INFO:R0@tkref=7.3143: N of unsatisfied eq: 1
INFO:R0@tkref=7.3143: N of unsatisfied ieq: 5
INFO:R0@tkref=7.3143: Summary: Optimization terminated successfully. after 6 it.
DEBUG:R0@tkref=7.3143: $$$$$$$$ CONFLICT LIST $$$$$$$$: []
INFO:R0: --------------------------
DEBUG:R0: LAST STEP
DEBUG:R0: Approx remaining dist: 1.10077623978
DEBUG:R0: Usual approx plan dist: 3.2
DEBUG:R0: Approx gain in dist: 2.09922376022
DEBUG:R0: Last step min dist: 0.5
INFO:R0: scale 0.343992574933 Ns 7 Nk 3
INFO:R0@tkref=7.7714: Time to solve stand alone optimisation problem: 0.40541100502
INFO:R0@tkref=7.7714: N of unsatisfied eq: 8
INFO:R0@tkref=7.7714: N of unsatisfied ieq: 2
INFO:R0@tkref=7.7714: Summary: Iteration limit exceeded after 21 it.
DEBUG:R0@tkref=7.7714: $$$$$$$$ CONFLICT LIST $$$$$$$$: []
INFO:R0: Finished motion planning
INFO:R0: --------------------------
INFO:R0: TOT: 9.54556215153
INFO:R0: NSE: 18
INFO:R0: FIR: 1.19110608101
INFO:R0: LAS: 0.406308889389
INFO:R0: LMA: 0
INFO:R0: MAX: 0.575107097626
INFO:R0: MIN: 0.140769004822
INFO:R0: AVG: 0.354433044791
INFO:R0: RMP: 0.89860484004
INFO:R0: RMG: 0.89860484004
