INFO:R0: Init motion planning
INFO:R0@tkref=0.0000: Time to solve stand alone optimisation problem: 1.05254912376
INFO:R0@tkref=0.0000: N of unsatisfied eq: 5
INFO:R0@tkref=0.0000: N of unsatisfied ieq: 7
INFO:R0@tkref=0.0000: Summary: Iteration limit exceeded after 41 it.
DEBUG:R0@tkref=0.0000: $$$$$$$$ CONFLICT LIST $$$$$$$$: []
INFO:R0: --------------------------
INFO:R0@tkref=1.0500: Time to solve stand alone optimisation problem: 0.245851039886
INFO:R0@tkref=1.0500: N of unsatisfied eq: 1
INFO:R0@tkref=1.0500: N of unsatisfied ieq: 6
INFO:R0@tkref=1.0500: Summary: Optimization terminated successfully. after 7 it.
DEBUG:R0@tkref=1.0500: $$$$$$$$ CONFLICT LIST $$$$$$$$: []
INFO:R0: --------------------------
INFO:R0@tkref=2.1000: Time to solve stand alone optimisation problem: 0.149533987045
INFO:R0@tkref=2.1000: N of unsatisfied eq: 3
INFO:R0@tkref=2.1000: N of unsatisfied ieq: 5
INFO:R0@tkref=2.1000: Summary: Optimization terminated successfully. after 5 it.
DEBUG:R0@tkref=2.1000: $$$$$$$$ CONFLICT LIST $$$$$$$$: []
INFO:R0: --------------------------
INFO:R0@tkref=3.1500: Time to solve stand alone optimisation problem: 0.179152965546
INFO:R0@tkref=3.1500: N of unsatisfied eq: 3
INFO:R0@tkref=3.1500: N of unsatisfied ieq: 5
INFO:R0@tkref=3.1500: Summary: Optimization terminated successfully. after 6 it.
DEBUG:R0@tkref=3.1500: $$$$$$$$ CONFLICT LIST $$$$$$$$: []
INFO:R0: --------------------------
INFO:R0@tkref=4.2000: Time to solve stand alone optimisation problem: 0.233396053314
INFO:R0@tkref=4.2000: N of unsatisfied eq: 1
INFO:R0@tkref=4.2000: N of unsatisfied ieq: 6
INFO:R0@tkref=4.2000: Summary: Optimization terminated successfully. after 8 it.
DEBUG:R0@tkref=4.2000: $$$$$$$$ CONFLICT LIST $$$$$$$$: []
INFO:R0: --------------------------
INFO:R0@tkref=5.2500: Time to solve stand alone optimisation problem: 0.0917620658875
INFO:R0@tkref=5.2500: N of unsatisfied eq: 3
INFO:R0@tkref=5.2500: N of unsatisfied ieq: 6
INFO:R0@tkref=5.2500: Summary: Optimization terminated successfully. after 3 it.
DEBUG:R0@tkref=5.2500: $$$$$$$$ CONFLICT LIST $$$$$$$$: []
INFO:R0: --------------------------
DEBUG:R0: LAST STEP
DEBUG:R0: Approx remaining dist: 1.24567374472
DEBUG:R0: Usual approx plan dist: 2.8
DEBUG:R0: Approx gain in dist: 1.55432625528
DEBUG:R0: Last step min dist: 0.5
INFO:R0: scale 0.444883480259 Ns 7 Nk 3
INFO:R0@tkref=6.3000: Time to solve stand alone optimisation problem: 0.406208992004
INFO:R0@tkref=6.3000: N of unsatisfied eq: 10
INFO:R0@tkref=6.3000: N of unsatisfied ieq: 4
INFO:R0@tkref=6.3000: Summary: Iteration limit exceeded after 21 it.
DEBUG:R0@tkref=6.3000: $$$$$$$$ CONFLICT LIST $$$$$$$$: []
INFO:R0: Finished motion planning
INFO:R0: --------------------------
INFO:R0: TOT: 7.68903131869
INFO:R0: NSE: 7
INFO:R0: FIR: 1.05423593521
INFO:R0: LAS: 0.407064199448
INFO:R0: LMA: 1
INFO:R0: MAX: 0.246710062027
INFO:R0: MIN: 0.0925970077515
INFO:R0: AVG: 0.180762004852
INFO:R0: RMP: 0.220276841096
INFO:R0: RMG: 0.363450178078
