INFO:R0: Init motion planning
INFO:R0@tkref=0.0000: Time to solve stand alone optimisation problem: 2.28312492371
INFO:R0@tkref=0.0000: N of unsatisfied eq: 3
INFO:R0@tkref=0.0000: N of unsatisfied ieq: 1
INFO:R0@tkref=0.0000: Summary: Iteration limit exceeded after 41 it.
DEBUG:R0@tkref=0.0000: $$$$$$$$ CONFLICT LIST $$$$$$$$: []
INFO:R0: --------------------------
INFO:R0@tkref=1.2800: Time to solve stand alone optimisation problem: 0.489874839783
INFO:R0@tkref=1.2800: N of unsatisfied eq: 3
INFO:R0@tkref=1.2800: N of unsatisfied ieq: 6
INFO:R0@tkref=1.2800: Summary: Optimization terminated successfully. after 7 it.
DEBUG:R0@tkref=1.2800: $$$$$$$$ CONFLICT LIST $$$$$$$$: []
INFO:R0: --------------------------
INFO:R0@tkref=2.5600: Time to solve stand alone optimisation problem: 0.552503108978
INFO:R0@tkref=2.5600: N of unsatisfied eq: 3
INFO:R0@tkref=2.5600: N of unsatisfied ieq: 6
INFO:R0@tkref=2.5600: Summary: Optimization terminated successfully. after 7 it.
DEBUG:R0@tkref=2.5600: $$$$$$$$ CONFLICT LIST $$$$$$$$: []
INFO:R0: --------------------------
INFO:R0@tkref=3.8400: Time to solve stand alone optimisation problem: 0.631237030029
INFO:R0@tkref=3.8400: N of unsatisfied eq: 3
INFO:R0@tkref=3.8400: N of unsatisfied ieq: 5
INFO:R0@tkref=3.8400: Summary: Optimization terminated successfully. after 8 it.
DEBUG:R0@tkref=3.8400: $$$$$$$$ CONFLICT LIST $$$$$$$$: []
INFO:R0: --------------------------
INFO:R0@tkref=5.1200: Time to solve stand alone optimisation problem: 0.492974996567
INFO:R0@tkref=5.1200: N of unsatisfied eq: 3
INFO:R0@tkref=5.1200: N of unsatisfied ieq: 6
INFO:R0@tkref=5.1200: Summary: Optimization terminated successfully. after 8 it.
DEBUG:R0@tkref=5.1200: $$$$$$$$ CONFLICT LIST $$$$$$$$: []
INFO:R0: --------------------------
DEBUG:R0: LAST STEP
DEBUG:R0: Approx remaining dist: 1.45942374032
DEBUG:R0: Usual approx plan dist: 3.2
DEBUG:R0: Approx gain in dist: 1.74057625968
DEBUG:R0: Last step min dist: 0.5
INFO:R0: scale 0.456069918849 Ns 7 Nk 3
INFO:R0@tkref=6.4000: Time to solve stand alone optimisation problem: 0.40115404129
INFO:R0@tkref=6.4000: N of unsatisfied eq: 10
INFO:R0@tkref=6.4000: N of unsatisfied ieq: 3
INFO:R0@tkref=6.4000: Summary: Optimization terminated successfully. after 18 it.
DEBUG:R0@tkref=6.4000: $$$$$$$$ CONFLICT LIST $$$$$$$$: []
INFO:R0: Finished motion planning
INFO:R0: --------------------------
INFO:R0: TOT: 8.03103836877
INFO:R0: NSE: 6
INFO:R0: FIR: 2.28503918648
INFO:R0: LAS: 0.402070999146
INFO:R0: LMA: 0
INFO:R0: MAX: 0.632150888443
INFO:R0: MIN: 0.490786075592
INFO:R0: AVG: 0.542560040951
INFO:R0: RMP: 0.493867881596
INFO:R0: RMG: 0.493867881596
