INFO:R0: Init motion planning
INFO:R0@tkref=0.0000: Time to solve stand alone optimisation problem: 1.93487405777
INFO:R0@tkref=0.0000: N of unsatisfied eq: 3
INFO:R0@tkref=0.0000: N of unsatisfied ieq: 4
INFO:R0@tkref=0.0000: Summary: Iteration limit exceeded after 41 it.
DEBUG:R0@tkref=0.0000: $$$$$$$$ CONFLICT LIST $$$$$$$$: []
INFO:R0: --------------------------
INFO:R0@tkref=3.6000: Time to solve stand alone optimisation problem: 1.04174995422
INFO:R0@tkref=3.6000: N of unsatisfied eq: 2
INFO:R0@tkref=3.6000: N of unsatisfied ieq: 7
INFO:R0@tkref=3.6000: Summary: Iteration limit exceeded after 16 it.
DEBUG:R0@tkref=3.6000: $$$$$$$$ CONFLICT LIST $$$$$$$$: []
INFO:R0: --------------------------
DEBUG:R0: LAST STEP
DEBUG:R0: Approx remaining dist: 1.47892079058
DEBUG:R0: Usual approx plan dist: 4.8
DEBUG:R0: Approx gain in dist: 3.32107920942
DEBUG:R0: Last step min dist: 0.5
INFO:R0: scale 0.308108498037 Ns 7 Nk 3
INFO:R0@tkref=7.2000: Time to solve stand alone optimisation problem: 0.421936988831
INFO:R0@tkref=7.2000: N of unsatisfied eq: 10
INFO:R0@tkref=7.2000: N of unsatisfied ieq: 4
INFO:R0@tkref=7.2000: Summary: Optimization terminated successfully. after 19 it.
DEBUG:R0@tkref=7.2000: $$$$$$$$ CONFLICT LIST $$$$$$$$: []
INFO:R0: Finished motion planning
INFO:R0: --------------------------
INFO:R0: TOT: 8.85157256498
INFO:R0: NSE: 3
INFO:R0: FIR: 1.93626499176
INFO:R0: LAS: 0.422811985016
INFO:R0: LMA: 0
INFO:R0: MAX: 1.04261898994
INFO:R0: MIN: 1.04261898994
INFO:R0: AVG: 1.04261898994
INFO:R0: RMP: 0.293530121043
INFO:R0: RMG: 0.293530121043
