INFO:R0: Init motion planning
INFO:R0@tkref=0.0000: Time to solve stand alone optimisation problem: 2.20940589905
INFO:R0@tkref=0.0000: N of unsatisfied eq: 4
INFO:R0@tkref=0.0000: N of unsatisfied ieq: 8
INFO:R0@tkref=0.0000: Summary: Iteration limit exceeded after 41 it.
DEBUG:R0@tkref=0.0000: $$$$$$$$ CONFLICT LIST $$$$$$$$: []
INFO:R0: --------------------------
INFO:R0@tkref=1.4182: Time to solve stand alone optimisation problem: 1.07222104073
INFO:R0@tkref=1.4182: N of unsatisfied eq: 3
INFO:R0@tkref=1.4182: N of unsatisfied ieq: 7
INFO:R0@tkref=1.4182: Summary: Iteration limit exceeded after 16 it.
DEBUG:R0@tkref=1.4182: $$$$$$$$ CONFLICT LIST $$$$$$$$: []
INFO:R0: --------------------------
INFO:R0@tkref=2.8364: Time to solve stand alone optimisation problem: 0.519554138184
INFO:R0@tkref=2.8364: N of unsatisfied eq: 3
INFO:R0@tkref=2.8364: N of unsatisfied ieq: 8
INFO:R0@tkref=2.8364: Summary: Optimization terminated successfully. after 7 it.
DEBUG:R0@tkref=2.8364: $$$$$$$$ CONFLICT LIST $$$$$$$$: []
INFO:R0: --------------------------
INFO:R0@tkref=4.2545: Time to solve stand alone optimisation problem: 1.16869711876
INFO:R0@tkref=4.2545: N of unsatisfied eq: 3
INFO:R0@tkref=4.2545: N of unsatisfied ieq: 7
INFO:R0@tkref=4.2545: Summary: Optimization terminated successfully. after 15 it.
DEBUG:R0@tkref=4.2545: $$$$$$$$ CONFLICT LIST $$$$$$$$: []
INFO:R0: --------------------------
INFO:R0@tkref=5.6727: Time to solve stand alone optimisation problem: 0.19587802887
INFO:R0@tkref=5.6727: N of unsatisfied eq: 3
INFO:R0@tkref=5.6727: N of unsatisfied ieq: 8
INFO:R0@tkref=5.6727: Summary: Optimization terminated successfully. after 3 it.
DEBUG:R0@tkref=5.6727: $$$$$$$$ CONFLICT LIST $$$$$$$$: []
INFO:R0: --------------------------
DEBUG:R0: LAST STEP
DEBUG:R0: Approx remaining dist: 0.933136799163
DEBUG:R0: Usual approx plan dist: 5.2
DEBUG:R0: Approx gain in dist: 4.26686320084
DEBUG:R0: Last step min dist: 0.5
INFO:R0: scale 0.179449384454 Ns 7 Nk 3
INFO:R0@tkref=7.0909: Time to solve stand alone optimisation problem: 0.539813995361
INFO:R0@tkref=7.0909: N of unsatisfied eq: 10
INFO:R0@tkref=7.0909: N of unsatisfied ieq: 4
INFO:R0@tkref=7.0909: Summary: Iteration limit exceeded after 21 it.
DEBUG:R0@tkref=7.0909: $$$$$$$$ CONFLICT LIST $$$$$$$$: []
INFO:R0: Finished motion planning
INFO:R0: --------------------------
INFO:R0: TOT: 8.12691513459
INFO:R0: NSE: 6
INFO:R0: FIR: 2.21083307266
INFO:R0: LAS: 0.540970087051
INFO:R0: LMA: 0
INFO:R0: MAX: 1.16991519928
INFO:R0: MIN: 0.196890830994
INFO:R0: AVG: 0.740220725536
INFO:R0: RMP: 0.865321892958
INFO:R0: RMG: 0.865321892958
