INFO:R0: Init motion planning
INFO:R0@tkref=0.0000: Time to solve stand alone optimisation problem: 1.42093610764
INFO:R0@tkref=0.0000: N of unsatisfied eq: 5
INFO:R0@tkref=0.0000: N of unsatisfied ieq: 11
INFO:R0@tkref=0.0000: Summary: Iteration limit exceeded after 41 it.
DEBUG:R0@tkref=0.0000: $$$$$$$$ CONFLICT LIST $$$$$$$$: []
INFO:R0: --------------------------
INFO:R0@tkref=2.9333: Time to solve stand alone optimisation problem: 0.0343120098114
INFO:R0@tkref=2.9333: N of unsatisfied eq: 3
INFO:R0@tkref=2.9333: N of unsatisfied ieq: 2
INFO:R0@tkref=2.9333: Summary: Optimization terminated successfully. after 1 it.
DEBUG:R0@tkref=2.9333: $$$$$$$$ CONFLICT LIST $$$$$$$$: []
INFO:R0: --------------------------
DEBUG:R0: LAST STEP
DEBUG:R0: Approx remaining dist: 1.37708451676
DEBUG:R0: Usual approx plan dist: 4.4
DEBUG:R0: Approx gain in dist: 3.02291548324
DEBUG:R0: Last step min dist: 0.5
INFO:R0: scale 0.312973753809 Ns 7 Nk 3
INFO:R0@tkref=5.8667: Time to solve stand alone optimisation problem: 0.387349843979
INFO:R0@tkref=5.8667: N of unsatisfied eq: 8
INFO:R0@tkref=5.8667: N of unsatisfied ieq: 4
INFO:R0@tkref=5.8667: Summary: Iteration limit exceeded after 21 it.
DEBUG:R0@tkref=5.8667: $$$$$$$$ CONFLICT LIST $$$$$$$$: []
INFO:R0: Finished motion planning
INFO:R0: --------------------------
INFO:R0: TOT: 7.41347664885
INFO:R0: NSE: 3
INFO:R0: FIR: 1.42235207558
INFO:R0: LAS: 0.388256072998
INFO:R0: LMA: 1
INFO:R0: MAX: 0.0351240634918
INFO:R0: MIN: 0.0351240634918
INFO:R0: AVG: 0.0351240634918
INFO:R0: RMP: 0.011974112554
INFO:R0: RMG: 0.132360024886
