INFO:R0: Init motion planning
INFO:R0@tkref=0.0000: Time to solve stand alone optimisation problem: 1.62634515762
INFO:R0@tkref=0.0000: N of unsatisfied eq: 4
INFO:R0@tkref=0.0000: N of unsatisfied ieq: 6
INFO:R0@tkref=0.0000: Summary: Iteration limit exceeded after 41 it.
DEBUG:R0@tkref=0.0000: $$$$$$$$ CONFLICT LIST $$$$$$$$: []
INFO:R0: --------------------------
INFO:R0@tkref=1.1200: Time to solve stand alone optimisation problem: 0.745465993881
INFO:R0@tkref=1.1200: N of unsatisfied eq: 1
INFO:R0@tkref=1.1200: N of unsatisfied ieq: 9
INFO:R0@tkref=1.1200: Summary: Iteration limit exceeded after 16 it.
DEBUG:R0@tkref=1.1200: $$$$$$$$ CONFLICT LIST $$$$$$$$: []
INFO:R0: --------------------------
INFO:R0@tkref=2.2400: Time to solve stand alone optimisation problem: 0.376425027847
INFO:R0@tkref=2.2400: N of unsatisfied eq: 3
INFO:R0@tkref=2.2400: N of unsatisfied ieq: 9
INFO:R0@tkref=2.2400: Summary: Optimization terminated successfully. after 7 it.
DEBUG:R0@tkref=2.2400: $$$$$$$$ CONFLICT LIST $$$$$$$$: []
INFO:R0: --------------------------
INFO:R0@tkref=3.3600: Time to solve stand alone optimisation problem: 0.36026597023
INFO:R0@tkref=3.3600: N of unsatisfied eq: 3
INFO:R0@tkref=3.3600: N of unsatisfied ieq: 7
INFO:R0@tkref=3.3600: Summary: Optimization terminated successfully. after 7 it.
DEBUG:R0@tkref=3.3600: $$$$$$$$ CONFLICT LIST $$$$$$$$: []
INFO:R0: --------------------------
INFO:R0@tkref=4.4800: Time to solve stand alone optimisation problem: 0.158035993576
INFO:R0@tkref=4.4800: N of unsatisfied eq: 3
INFO:R0@tkref=4.4800: N of unsatisfied ieq: 7
INFO:R0@tkref=4.4800: Summary: Optimization terminated successfully. after 3 it.
DEBUG:R0@tkref=4.4800: $$$$$$$$ CONFLICT LIST $$$$$$$$: []
INFO:R0: --------------------------
INFO:R0@tkref=5.6000: Time to solve stand alone optimisation problem: 0.0937280654907
INFO:R0@tkref=5.6000: N of unsatisfied eq: 3
INFO:R0@tkref=5.6000: N of unsatisfied ieq: 8
INFO:R0@tkref=5.6000: Summary: Optimization terminated successfully. after 2 it.
DEBUG:R0@tkref=5.6000: $$$$$$$$ CONFLICT LIST $$$$$$$$: []
INFO:R0: --------------------------
DEBUG:R0: LAST STEP
DEBUG:R0: Approx remaining dist: 0.586106830308
DEBUG:R0: Usual approx plan dist: 2.8
DEBUG:R0: Approx gain in dist: 2.21389316969
DEBUG:R0: Last step min dist: 0.5
INFO:R0: scale 0.209323867967 Ns 7 Nk 3
INFO:R0@tkref=6.7200: Time to solve stand alone optimisation problem: 0.476581096649
INFO:R0@tkref=6.7200: N of unsatisfied eq: 10
INFO:R0@tkref=6.7200: N of unsatisfied ieq: 4
INFO:R0@tkref=6.7200: Summary: Iteration limit exceeded after 21 it.
DEBUG:R0@tkref=6.7200: $$$$$$$$ CONFLICT LIST $$$$$$$$: []
INFO:R0: Finished motion planning
INFO:R0: --------------------------
INFO:R0: TOT: 7.3782015154
INFO:R0: NSE: 7
INFO:R0: FIR: 1.62798690796
INFO:R0: LAS: 0.477823019028
INFO:R0: LMA: 0
INFO:R0: MAX: 0.74641418457
INFO:R0: MIN: 0.0949499607086
INFO:R0: AVG: 0.347943258286
INFO:R0: RMP: 0.666441236223
INFO:R0: RMG: 0.666441236223
