INFO:R0: Init motion planning
INFO:R0@tkref=0.0000: Time to solve stand alone optimisation problem: 1.14543294907
INFO:R0@tkref=0.0000: N of unsatisfied eq: 4
INFO:R0@tkref=0.0000: N of unsatisfied ieq: 5
INFO:R0@tkref=0.0000: Summary: Iteration limit exceeded after 41 it.
DEBUG:R0@tkref=0.0000: $$$$$$$$ CONFLICT LIST $$$$$$$$: []
INFO:R0: --------------------------
INFO:R0@tkref=2.4444: Time to solve stand alone optimisation problem: 0.326589107513
INFO:R0@tkref=2.4444: N of unsatisfied eq: 2
INFO:R0@tkref=2.4444: N of unsatisfied ieq: 6
INFO:R0@tkref=2.4444: Summary: Optimization terminated successfully. after 9 it.
DEBUG:R0@tkref=2.4444: $$$$$$$$ CONFLICT LIST $$$$$$$$: []
INFO:R0: --------------------------
DEBUG:R0: LAST STEP
DEBUG:R0: Approx remaining dist: 2.70187887
DEBUG:R0: Usual approx plan dist: 4.4
DEBUG:R0: Approx gain in dist: 1.69812113
DEBUG:R0: Last step min dist: 0.5
INFO:R0: scale 0.614063379546 Ns 7 Nk 3
INFO:R0@tkref=4.8889: Time to solve stand alone optimisation problem: 0.46709394455
INFO:R0@tkref=4.8889: N of unsatisfied eq: 10
INFO:R0@tkref=4.8889: N of unsatisfied ieq: 3
INFO:R0@tkref=4.8889: Summary: Iteration limit exceeded after 21 it.
DEBUG:R0@tkref=4.8889: $$$$$$$$ CONFLICT LIST $$$$$$$$: []
INFO:R0: Finished motion planning
INFO:R0: --------------------------
INFO:R0: TOT: 8.00075437268
INFO:R0: NSE: 3
INFO:R0: FIR: 1.14665198326
INFO:R0: LAS: 0.468002080917
INFO:R0: LMA: 1
INFO:R0: MAX: 0.32741189003
INFO:R0: MIN: 0.32741189003
INFO:R0: AVG: 0.32741189003
INFO:R0: RMP: 0.124019655314
INFO:R0: RMG: 0.177273515499
