INFO:R0: Init motion planning
INFO:R0@tkref=0.0000: Time to solve stand alone optimisation problem: 1.2180480957
INFO:R0@tkref=0.0000: N of unsatisfied eq: 5
INFO:R0@tkref=0.0000: N of unsatisfied ieq: 6
INFO:R0@tkref=0.0000: Summary: Iteration limit exceeded after 41 it.
DEBUG:R0@tkref=0.0000: $$$$$$$$ CONFLICT LIST $$$$$$$$: []
INFO:R0: --------------------------
INFO:R0@tkref=1.9556: Time to solve stand alone optimisation problem: 0.0314698219299
INFO:R0@tkref=1.9556: N of unsatisfied eq: 3
INFO:R0@tkref=1.9556: N of unsatisfied ieq: 5
INFO:R0@tkref=1.9556: Summary: Optimization terminated successfully. after 1 it.
DEBUG:R0@tkref=1.9556: $$$$$$$$ CONFLICT LIST $$$$$$$$: []
INFO:R0: --------------------------
INFO:R0@tkref=3.9111: Time to solve stand alone optimisation problem: 0.0296740531921
INFO:R0@tkref=3.9111: N of unsatisfied eq: 5
INFO:R0@tkref=3.9111: N of unsatisfied ieq: 5
INFO:R0@tkref=3.9111: Summary: Optimization terminated successfully. after 1 it.
DEBUG:R0@tkref=3.9111: $$$$$$$$ CONFLICT LIST $$$$$$$$: []
INFO:R0: --------------------------
DEBUG:R0: LAST STEP
DEBUG:R0: Approx remaining dist: 1.32668937205
DEBUG:R0: Usual approx plan dist: 4.4
DEBUG:R0: Approx gain in dist: 3.07331062795
DEBUG:R0: Last step min dist: 0.5
INFO:R0: scale 0.301520311831 Ns 7 Nk 3
INFO:R0@tkref=5.8667: Time to solve stand alone optimisation problem: 0.36674284935
INFO:R0@tkref=5.8667: N of unsatisfied eq: 10
INFO:R0@tkref=5.8667: N of unsatisfied ieq: 4
INFO:R0@tkref=5.8667: Summary: Iteration limit exceeded after 21 it.
DEBUG:R0@tkref=5.8667: $$$$$$$$ CONFLICT LIST $$$$$$$$: []
INFO:R0: Finished motion planning
INFO:R0: --------------------------
INFO:R0: TOT: 7.35687018023
INFO:R0: NSE: 4
INFO:R0: FIR: 1.21946406364
INFO:R0: LAS: 0.36779999733
INFO:R0: LMA: 1
INFO:R0: MAX: 0.0322978496552
INFO:R0: MIN: 0.0305080413818
INFO:R0: AVG: 0.0314029455185
INFO:R0: RMP: 0.0183510509404
INFO:R0: RMG: 0.20897727121
