INFO:R0: Init motion planning
INFO:R0@tkref=0.0000: Time to solve stand alone optimisation problem: 1.95270586014
INFO:R0@tkref=0.0000: N of unsatisfied eq: 4
INFO:R0@tkref=0.0000: N of unsatisfied ieq: 4
INFO:R0@tkref=0.0000: Summary: Iteration limit exceeded after 41 it.
DEBUG:R0@tkref=0.0000: $$$$$$$$ CONFLICT LIST $$$$$$$$: []
INFO:R0: --------------------------
INFO:R0@tkref=2.5667: Time to solve stand alone optimisation problem: 1.03080201149
INFO:R0@tkref=2.5667: N of unsatisfied eq: 2
INFO:R0@tkref=2.5667: N of unsatisfied ieq: 5
INFO:R0@tkref=2.5667: Summary: Iteration limit exceeded after 16 it.
DEBUG:R0@tkref=2.5667: $$$$$$$$ CONFLICT LIST $$$$$$$$: []
INFO:R0: --------------------------
DEBUG:R0: LAST STEP
DEBUG:R0: Approx remaining dist: 2.91593309032
DEBUG:R0: Usual approx plan dist: 4.4
DEBUG:R0: Approx gain in dist: 1.48406690968
DEBUG:R0: Last step min dist: 0.5
INFO:R0: scale 0.662712065982 Ns 9 Nk 3
INFO:R0@tkref=5.1333: Time to solve stand alone optimisation problem: 0.0365421772003
INFO:R0@tkref=5.1333: N of unsatisfied eq: 9
INFO:R0@tkref=5.1333: N of unsatisfied ieq: 9
INFO:R0@tkref=5.1333: Summary: Optimization terminated successfully. after 5 it.
DEBUG:R0@tkref=5.1333: $$$$$$$$ CONFLICT LIST $$$$$$$$: []
INFO:R0: Finished motion planning
INFO:R0: --------------------------
INFO:R0: TOT: 8.04926642365
INFO:R0: NSE: 3
INFO:R0: FIR: 1.95419692993
INFO:R0: LAS: 0.0374441146851
INFO:R0: LMA: 0
INFO:R0: MAX: 1.03169512749
INFO:R0: MIN: 1.03169512749
INFO:R0: AVG: 1.03169512749
INFO:R0: RMP: 0.390793608897
INFO:R0: RMG: 0.390793608897
