INFO:R0: Init motion planning
INFO:R0@tkref=0.0000: Time to solve stand alone optimisation problem: 1.59534692764
INFO:R0@tkref=0.0000: N of unsatisfied eq: 4
INFO:R0@tkref=0.0000: N of unsatisfied ieq: 13
INFO:R0@tkref=0.0000: Summary: Iteration limit exceeded after 41 it.
DEBUG:R0@tkref=0.0000: $$$$$$$$ CONFLICT LIST $$$$$$$$: []
INFO:R0: --------------------------
INFO:R0@tkref=0.4800: Time to solve stand alone optimisation problem: 0.0834550857544
INFO:R0@tkref=0.4800: N of unsatisfied eq: 3
INFO:R0@tkref=0.4800: N of unsatisfied ieq: 11
INFO:R0@tkref=0.4800: Summary: Optimization terminated successfully. after 2 it.
DEBUG:R0@tkref=0.4800: $$$$$$$$ CONFLICT LIST $$$$$$$$: []
INFO:R0: --------------------------
INFO:R0@tkref=0.9600: Time to solve stand alone optimisation problem: 0.274441003799
INFO:R0@tkref=0.9600: N of unsatisfied eq: 2
INFO:R0@tkref=0.9600: N of unsatisfied ieq: 11
INFO:R0@tkref=0.9600: Summary: Optimization terminated successfully. after 6 it.
DEBUG:R0@tkref=0.9600: $$$$$$$$ CONFLICT LIST $$$$$$$$: []
INFO:R0: --------------------------
INFO:R0@tkref=1.4400: Time to solve stand alone optimisation problem: 0.416424036026
INFO:R0@tkref=1.4400: N of unsatisfied eq: 2
INFO:R0@tkref=1.4400: N of unsatisfied ieq: 7
INFO:R0@tkref=1.4400: Summary: Optimization terminated successfully. after 9 it.
DEBUG:R0@tkref=1.4400: $$$$$$$$ CONFLICT LIST $$$$$$$$: []
INFO:R0: --------------------------
INFO:R0@tkref=1.9200: Time to solve stand alone optimisation problem: 0.452430963516
INFO:R0@tkref=1.9200: N of unsatisfied eq: 2
INFO:R0@tkref=1.9200: N of unsatisfied ieq: 7
INFO:R0@tkref=1.9200: Summary: Optimization terminated successfully. after 8 it.
DEBUG:R0@tkref=1.9200: $$$$$$$$ CONFLICT LIST $$$$$$$$: []
INFO:R0: --------------------------
INFO:R0@tkref=2.4000: Time to solve stand alone optimisation problem: 0.542790174484
INFO:R0@tkref=2.4000: N of unsatisfied eq: 3
INFO:R0@tkref=2.4000: N of unsatisfied ieq: 8
INFO:R0@tkref=2.4000: Summary: Optimization terminated successfully. after 10 it.
DEBUG:R0@tkref=2.4000: $$$$$$$$ CONFLICT LIST $$$$$$$$: []
INFO:R0: --------------------------
INFO:R0@tkref=2.8800: Time to solve stand alone optimisation problem: 0.326325178146
INFO:R0@tkref=2.8800: N of unsatisfied eq: 3
INFO:R0@tkref=2.8800: N of unsatisfied ieq: 7
INFO:R0@tkref=2.8800: Summary: Optimization terminated successfully. after 6 it.
DEBUG:R0@tkref=2.8800: $$$$$$$$ CONFLICT LIST $$$$$$$$: []
INFO:R0: --------------------------
INFO:R0@tkref=3.3600: Time to solve stand alone optimisation problem: 0.393067836761
INFO:R0@tkref=3.3600: N of unsatisfied eq: 1
INFO:R0@tkref=3.3600: N of unsatisfied ieq: 7
INFO:R0@tkref=3.3600: Summary: Optimization terminated successfully. after 7 it.
DEBUG:R0@tkref=3.3600: $$$$$$$$ CONFLICT LIST $$$$$$$$: []
INFO:R0: --------------------------
INFO:R0@tkref=3.8400: Time to solve stand alone optimisation problem: 0.428107976913
INFO:R0@tkref=3.8400: N of unsatisfied eq: 2
INFO:R0@tkref=3.8400: N of unsatisfied ieq: 8
INFO:R0@tkref=3.8400: Summary: Optimization terminated successfully. after 8 it.
DEBUG:R0@tkref=3.8400: $$$$$$$$ CONFLICT LIST $$$$$$$$: []
INFO:R0: --------------------------
INFO:R0@tkref=4.3200: Time to solve stand alone optimisation problem: 0.327530860901
INFO:R0@tkref=4.3200: N of unsatisfied eq: 3
INFO:R0@tkref=4.3200: N of unsatisfied ieq: 8
INFO:R0@tkref=4.3200: Summary: Optimization terminated successfully. after 6 it.
DEBUG:R0@tkref=4.3200: $$$$$$$$ CONFLICT LIST $$$$$$$$: []
INFO:R0: --------------------------
INFO:R0@tkref=4.8000: Time to solve stand alone optimisation problem: 0.159802913666
INFO:R0@tkref=4.8000: N of unsatisfied eq: 3
INFO:R0@tkref=4.8000: N of unsatisfied ieq: 9
INFO:R0@tkref=4.8000: Summary: Optimization terminated successfully. after 3 it.
DEBUG:R0@tkref=4.8000: $$$$$$$$ CONFLICT LIST $$$$$$$$: []
INFO:R0: --------------------------
INFO:R0@tkref=5.2800: Time to solve stand alone optimisation problem: 0.0914340019226
INFO:R0@tkref=5.2800: N of unsatisfied eq: 3
INFO:R0@tkref=5.2800: N of unsatisfied ieq: 9
INFO:R0@tkref=5.2800: Summary: Optimization terminated successfully. after 2 it.
DEBUG:R0@tkref=5.2800: $$$$$$$$ CONFLICT LIST $$$$$$$$: []
INFO:R0: --------------------------
INFO:R0@tkref=5.7600: Time to solve stand alone optimisation problem: 0.0918869972229
INFO:R0@tkref=5.7600: N of unsatisfied eq: 3
INFO:R0@tkref=5.7600: N of unsatisfied ieq: 9
INFO:R0@tkref=5.7600: Summary: Optimization terminated successfully. after 2 it.
DEBUG:R0@tkref=5.7600: $$$$$$$$ CONFLICT LIST $$$$$$$$: []
INFO:R0: --------------------------
INFO:R0@tkref=6.2400: Time to solve stand alone optimisation problem: 0.048182964325
INFO:R0@tkref=6.2400: N of unsatisfied eq: 3
INFO:R0@tkref=6.2400: N of unsatisfied ieq: 10
INFO:R0@tkref=6.2400: Summary: Optimization terminated successfully. after 1 it.
DEBUG:R0@tkref=6.2400: $$$$$$$$ CONFLICT LIST $$$$$$$$: []
INFO:R0: --------------------------
DEBUG:R0: LAST STEP
DEBUG:R0: Approx remaining dist: 0.631261268125
DEBUG:R0: Usual approx plan dist: 2.4
DEBUG:R0: Approx gain in dist: 1.76873873187
DEBUG:R0: Last step min dist: 0.5
INFO:R0: scale 0.263025528386 Ns 7 Nk 3
INFO:R0@tkref=6.7200: Time to solve stand alone optimisation problem: 0.401185035706
INFO:R0@tkref=6.7200: N of unsatisfied eq: 10
INFO:R0@tkref=6.7200: N of unsatisfied ieq: 4
INFO:R0@tkref=6.7200: Summary: Iteration limit exceeded after 21 it.
DEBUG:R0@tkref=6.7200: $$$$$$$$ CONFLICT LIST $$$$$$$$: []
INFO:R0: Finished motion planning
INFO:R0: --------------------------
INFO:R0: TOT: 7.42890311938
INFO:R0: NSE: 15
INFO:R0: FIR: 1.59714698792
INFO:R0: LAS: 0.402053833008
INFO:R0: LMA: 0
INFO:R0: MAX: 0.543892145157
INFO:R0: MIN: 0.0490109920502
INFO:R0: AVG: 0.280667451712
INFO:R0: RMP: 1.13310863574
INFO:R0: RMG: 1.13310863574
