INFO:R0: Init motion planning
INFO:R0@tkref=0.0000: Time to solve stand alone optimisation problem: 0.73651099205
INFO:R0@tkref=0.0000: N of unsatisfied eq: 5
INFO:R0@tkref=0.0000: N of unsatisfied ieq: 7
INFO:R0@tkref=0.0000: Summary: Iteration limit exceeded after 41 it.
DEBUG:R0@tkref=0.0000: $$$$$$$$ CONFLICT LIST $$$$$$$$: []
INFO:R0: --------------------------
INFO:R0@tkref=1.5000: Time to solve stand alone optimisation problem: 0.0218098163605
INFO:R0@tkref=1.5000: N of unsatisfied eq: 3
INFO:R0@tkref=1.5000: N of unsatisfied ieq: 3
INFO:R0@tkref=1.5000: Summary: Optimization terminated successfully. after 1 it.
DEBUG:R0@tkref=1.5000: $$$$$$$$ CONFLICT LIST $$$$$$$$: []
INFO:R0: --------------------------
INFO:R0@tkref=3.0000: Time to solve stand alone optimisation problem: 0.0238411426544
INFO:R0@tkref=3.0000: N of unsatisfied eq: 3
INFO:R0@tkref=3.0000: N of unsatisfied ieq: 7
INFO:R0@tkref=3.0000: Summary: Optimization terminated successfully. after 1 it.
DEBUG:R0@tkref=3.0000: $$$$$$$$ CONFLICT LIST $$$$$$$$: []
INFO:R0: --------------------------
INFO:R0@tkref=4.5000: Time to solve stand alone optimisation problem: 0.0193898677826
INFO:R0@tkref=4.5000: N of unsatisfied eq: 3
INFO:R0@tkref=4.5000: N of unsatisfied ieq: 4
INFO:R0@tkref=4.5000: Summary: Optimization terminated successfully. after 1 it.
DEBUG:R0@tkref=4.5000: $$$$$$$$ CONFLICT LIST $$$$$$$$: []
INFO:R0: --------------------------
DEBUG:R0: LAST STEP
DEBUG:R0: Approx remaining dist: 1.33191696288
DEBUG:R0: Usual approx plan dist: 4.0
DEBUG:R0: Approx gain in dist: 2.66808303712
DEBUG:R0: Last step min dist: 0.5
INFO:R0: scale 0.332979240721 Ns 7 Nk 3
INFO:R0@tkref=6.0000: Time to solve stand alone optimisation problem: 0.303263902664
INFO:R0@tkref=6.0000: N of unsatisfied eq: 10
INFO:R0@tkref=6.0000: N of unsatisfied ieq: 4
INFO:R0@tkref=6.0000: Summary: Iteration limit exceeded after 21 it.
DEBUG:R0@tkref=6.0000: $$$$$$$$ CONFLICT LIST $$$$$$$$: []
INFO:R0: Finished motion planning
INFO:R0: --------------------------
INFO:R0: TOT: 7.49586246137
INFO:R0: NSE: 5
INFO:R0: FIR: 0.737773895264
INFO:R0: LAS: 0.304058074951
INFO:R0: LMA: 1
INFO:R0: MAX: 0.0246789455414
INFO:R0: MIN: 0.0201539993286
INFO:R0: AVG: 0.0225193500519
INFO:R0: RMP: 0.0176278182438
INFO:R0: RMG: 0.217184339251
