INFO:R0: Init motion planning
INFO:R0@tkref=0.0000: Time to solve stand alone optimisation problem: 1.71724390984
INFO:R0@tkref=0.0000: N of unsatisfied eq: 4
INFO:R0@tkref=0.0000: N of unsatisfied ieq: 16
INFO:R0@tkref=0.0000: Summary: Iteration limit exceeded after 41 it.
DEBUG:R0@tkref=0.0000: $$$$$$$$ CONFLICT LIST $$$$$$$$: []
INFO:R0: --------------------------
INFO:R0@tkref=2.2222: Time to solve stand alone optimisation problem: 0.166374921799
INFO:R0@tkref=2.2222: N of unsatisfied eq: 5
INFO:R0@tkref=2.2222: N of unsatisfied ieq: 9
INFO:R0@tkref=2.2222: Summary: Optimization terminated successfully. after 4 it.
DEBUG:R0@tkref=2.2222: $$$$$$$$ CONFLICT LIST $$$$$$$$: []
INFO:R0: --------------------------
DEBUG:R0: LAST STEP
DEBUG:R0: Approx remaining dist: 2.77748502553
DEBUG:R0: Usual approx plan dist: 4.0
DEBUG:R0: Approx gain in dist: 1.22251497447
DEBUG:R0: Last step min dist: 0.5
INFO:R0: scale 0.694371256382 Ns 13 Nk 4
INFO:R0@tkref=4.4444: Time to solve stand alone optimisation problem: 0.520773887634
INFO:R0@tkref=4.4444: N of unsatisfied eq: 10
INFO:R0@tkref=4.4444: N of unsatisfied ieq: 9
INFO:R0@tkref=4.4444: Summary: Iteration limit exceeded after 21 it.
DEBUG:R0@tkref=4.4444: $$$$$$$$ CONFLICT LIST $$$$$$$$: []
INFO:R0: Finished motion planning
INFO:R0: --------------------------
INFO:R0: TOT: 7.47140459845
INFO:R0: NSE: 3
INFO:R0: FIR: 1.7196829319
INFO:R0: LAS: 0.521641969681
INFO:R0: LMA: 1
INFO:R0: MAX: 0.167214155197
INFO:R0: MIN: 0.167214155197
INFO:R0: AVG: 0.167214155197
INFO:R0: RMP: 0.0727018066075
INFO:R0: RMG: 0.226800856383
