INFO:R0: Init motion planning
INFO:R0@tkref=0.0000: Time to solve stand alone optimisation problem: 1.05504894257
INFO:R0@tkref=0.0000: N of unsatisfied eq: 5
INFO:R0@tkref=0.0000: N of unsatisfied ieq: 6
INFO:R0@tkref=0.0000: Summary: Iteration limit exceeded after 41 it.
DEBUG:R0@tkref=0.0000: $$$$$$$$ CONFLICT LIST $$$$$$$$: []
INFO:R0: --------------------------
INFO:R0@tkref=1.2000: Time to solve stand alone optimisation problem: 0.212916851044
INFO:R0@tkref=1.2000: N of unsatisfied eq: 1
INFO:R0@tkref=1.2000: N of unsatisfied ieq: 6
INFO:R0@tkref=1.2000: Summary: Optimization terminated successfully. after 7 it.
DEBUG:R0@tkref=1.2000: $$$$$$$$ CONFLICT LIST $$$$$$$$: []
INFO:R0: --------------------------
INFO:R0@tkref=2.4000: Time to solve stand alone optimisation problem: 0.172777891159
INFO:R0@tkref=2.4000: N of unsatisfied eq: 2
INFO:R0@tkref=2.4000: N of unsatisfied ieq: 5
INFO:R0@tkref=2.4000: Summary: Optimization terminated successfully. after 5 it.
DEBUG:R0@tkref=2.4000: $$$$$$$$ CONFLICT LIST $$$$$$$$: []
INFO:R0: --------------------------
INFO:R0@tkref=3.6000: Time to solve stand alone optimisation problem: 0.217586040497
INFO:R0@tkref=3.6000: N of unsatisfied eq: 2
INFO:R0@tkref=3.6000: N of unsatisfied ieq: 6
INFO:R0@tkref=3.6000: Summary: Optimization terminated successfully. after 6 it.
DEBUG:R0@tkref=3.6000: $$$$$$$$ CONFLICT LIST $$$$$$$$: []
INFO:R0: --------------------------
INFO:R0@tkref=4.8000: Time to solve stand alone optimisation problem: 0.172312021255
INFO:R0@tkref=4.8000: N of unsatisfied eq: 3
INFO:R0@tkref=4.8000: N of unsatisfied ieq: 7
INFO:R0@tkref=4.8000: Summary: Optimization terminated successfully. after 5 it.
DEBUG:R0@tkref=4.8000: $$$$$$$$ CONFLICT LIST $$$$$$$$: []
INFO:R0: --------------------------
DEBUG:R0: LAST STEP
DEBUG:R0: Approx remaining dist: 1.72331146554
DEBUG:R0: Usual approx plan dist: 4.0
DEBUG:R0: Approx gain in dist: 2.27668853446
DEBUG:R0: Last step min dist: 0.5
INFO:R0: scale 0.430827866386 Ns 7 Nk 3
INFO:R0@tkref=6.0000: Time to solve stand alone optimisation problem: 0.402158021927
INFO:R0@tkref=6.0000: N of unsatisfied eq: 10
INFO:R0@tkref=6.0000: N of unsatisfied ieq: 3
INFO:R0@tkref=6.0000: Summary: Iteration limit exceeded after 21 it.
DEBUG:R0@tkref=6.0000: $$$$$$$$ CONFLICT LIST $$$$$$$$: []
INFO:R0: Finished motion planning
INFO:R0: --------------------------
INFO:R0: TOT: 7.92933727002
INFO:R0: NSE: 6
INFO:R0: FIR: 1.05674099922
INFO:R0: LAS: 0.402976989746
INFO:R0: LMA: 1
INFO:R0: MAX: 0.218407154083
INFO:R0: MIN: 0.173107147217
INFO:R0: AVG: 0.194709837437
INFO:R0: RMP: 0.156005110059
INFO:R0: RMG: 0.287840706961
