INFO:R0: Init motion planning
INFO:R0@tkref=0.0000: Time to solve stand alone optimisation problem: 1.76251196861
INFO:R0@tkref=0.0000: N of unsatisfied eq: 5
INFO:R0@tkref=0.0000: N of unsatisfied ieq: 16
INFO:R0@tkref=0.0000: Summary: Iteration limit exceeded after 41 it.
DEBUG:R0@tkref=0.0000: $$$$$$$$ CONFLICT LIST $$$$$$$$: []
INFO:R0: --------------------------
INFO:R0@tkref=1.9556: Time to solve stand alone optimisation problem: 0.162072896957
INFO:R0@tkref=1.9556: N of unsatisfied eq: 4
INFO:R0@tkref=1.9556: N of unsatisfied ieq: 10
INFO:R0@tkref=1.9556: Summary: Optimization terminated successfully. after 3 it.
DEBUG:R0@tkref=1.9556: $$$$$$$$ CONFLICT LIST $$$$$$$$: []
INFO:R0: --------------------------
INFO:R0@tkref=3.9111: Time to solve stand alone optimisation problem: 0.03662109375
INFO:R0@tkref=3.9111: N of unsatisfied eq: 5
INFO:R0@tkref=3.9111: N of unsatisfied ieq: 9
INFO:R0@tkref=3.9111: Summary: Optimization terminated successfully. after 1 it.
DEBUG:R0@tkref=3.9111: $$$$$$$$ CONFLICT LIST $$$$$$$$: []
INFO:R0: --------------------------
DEBUG:R0: LAST STEP
DEBUG:R0: Approx remaining dist: 1.37749955194
DEBUG:R0: Usual approx plan dist: 4.4
DEBUG:R0: Approx gain in dist: 3.02250044806
DEBUG:R0: Last step min dist: 0.5
INFO:R0: scale 0.313068079986 Ns 7 Nk 3
INFO:R0@tkref=5.8667: Time to solve stand alone optimisation problem: 0.327574968338
INFO:R0@tkref=5.8667: N of unsatisfied eq: 7
INFO:R0@tkref=5.8667: N of unsatisfied ieq: 4
INFO:R0@tkref=5.8667: Summary: Iteration limit exceeded after 21 it.
DEBUG:R0@tkref=5.8667: $$$$$$$$ CONFLICT LIST $$$$$$$$: []
INFO:R0: Finished motion planning
INFO:R0: --------------------------
INFO:R0: TOT: 7.41394278033
INFO:R0: NSE: 4
INFO:R0: FIR: 1.76407504082
INFO:R0: LAS: 0.328363895416
INFO:R0: LMA: 1
INFO:R0: MAX: 0.162950992584
INFO:R0: MIN: 0.0374600887299
INFO:R0: AVG: 0.100205540657
INFO:R0: RMP: 0.0793592496353
INFO:R0: RMG: 0.159917481534
