INFO:R0: Init motion planning
INFO:R0@tkref=0.0000: Time to solve stand alone optimisation problem: 1.89838385582
INFO:R0@tkref=0.0000: N of unsatisfied eq: 4
INFO:R0@tkref=0.0000: N of unsatisfied ieq: 9
INFO:R0@tkref=0.0000: Summary: Iteration limit exceeded after 41 it.
DEBUG:R0@tkref=0.0000: $$$$$$$$ CONFLICT LIST $$$$$$$$: []
INFO:R0: --------------------------
INFO:R0@tkref=2.8571: Time to solve stand alone optimisation problem: 0.879512071609
INFO:R0@tkref=2.8571: N of unsatisfied eq: 2
INFO:R0@tkref=2.8571: N of unsatisfied ieq: 8
INFO:R0@tkref=2.8571: Summary: Optimization terminated successfully. after 13 it.
DEBUG:R0@tkref=2.8571: $$$$$$$$ CONFLICT LIST $$$$$$$$: []
INFO:R0: --------------------------
DEBUG:R0: LAST STEP
DEBUG:R0: Approx remaining dist: 2.02132810358
DEBUG:R0: Usual approx plan dist: 4.0
DEBUG:R0: Approx gain in dist: 1.97867189642
DEBUG:R0: Last step min dist: 0.5
INFO:R0: scale 0.505332025895 Ns 8 Nk 3
INFO:R0@tkref=5.7143: Time to solve stand alone optimisation problem: 0.535483837128
INFO:R0@tkref=5.7143: N of unsatisfied eq: 10
INFO:R0@tkref=5.7143: N of unsatisfied ieq: 3
INFO:R0@tkref=5.7143: Summary: Iteration limit exceeded after 21 it.
DEBUG:R0@tkref=5.7143: $$$$$$$$ CONFLICT LIST $$$$$$$$: []
INFO:R0: Finished motion planning
INFO:R0: --------------------------
INFO:R0: TOT: 7.98230866983
INFO:R0: NSE: 3
INFO:R0: FIR: 1.90048193932
INFO:R0: LAS: 0.536566019058
INFO:R0: LMA: 0
INFO:R0: MAX: 0.88049197197
INFO:R0: MIN: 0.88049197197
INFO:R0: AVG: 0.88049197197
INFO:R0: RMP: 0.303617921369
INFO:R0: RMG: 0.303617921369
