INFO:R0: Init motion planning
INFO:R0@tkref=0.0000: Time to solve stand alone optimisation problem: 1.9656689167
INFO:R0@tkref=0.0000: N of unsatisfied eq: 3
INFO:R0@tkref=0.0000: N of unsatisfied ieq: 1
INFO:R0@tkref=0.0000: Summary: Iteration limit exceeded after 41 it.
DEBUG:R0@tkref=0.0000: $$$$$$$$ CONFLICT LIST $$$$$$$$: []
INFO:R0: --------------------------
INFO:R0@tkref=1.0769: Time to solve stand alone optimisation problem: 0.722893953323
INFO:R0@tkref=1.0769: N of unsatisfied eq: 1
INFO:R0@tkref=1.0769: N of unsatisfied ieq: 5
INFO:R0@tkref=1.0769: Summary: Iteration limit exceeded after 16 it.
DEBUG:R0@tkref=1.0769: $$$$$$$$ CONFLICT LIST $$$$$$$$: []
INFO:R0: --------------------------
INFO:R0@tkref=2.1538: Time to solve stand alone optimisation problem: 0.474951028824
INFO:R0@tkref=2.1538: N of unsatisfied eq: 2
INFO:R0@tkref=2.1538: N of unsatisfied ieq: 6
INFO:R0@tkref=2.1538: Summary: Optimization terminated successfully. after 8 it.
DEBUG:R0@tkref=2.1538: $$$$$$$$ CONFLICT LIST $$$$$$$$: []
INFO:R0: --------------------------
INFO:R0@tkref=3.2308: Time to solve stand alone optimisation problem: 0.580282211304
INFO:R0@tkref=3.2308: N of unsatisfied eq: 1
INFO:R0@tkref=3.2308: N of unsatisfied ieq: 5
INFO:R0@tkref=3.2308: Summary: Optimization terminated successfully. after 9 it.
DEBUG:R0@tkref=3.2308: $$$$$$$$ CONFLICT LIST $$$$$$$$: []
INFO:R0: --------------------------
INFO:R0@tkref=4.3077: Time to solve stand alone optimisation problem: 0.885221004486
INFO:R0@tkref=4.3077: N of unsatisfied eq: 3
INFO:R0@tkref=4.3077: N of unsatisfied ieq: 5
INFO:R0@tkref=4.3077: Summary: Optimization terminated successfully. after 13 it.
DEBUG:R0@tkref=4.3077: $$$$$$$$ CONFLICT LIST $$$$$$$$: []
INFO:R0: --------------------------
INFO:R0@tkref=5.3846: Time to solve stand alone optimisation problem: 0.310346841812
INFO:R0@tkref=5.3846: N of unsatisfied eq: 3
INFO:R0@tkref=5.3846: N of unsatisfied ieq: 6
INFO:R0@tkref=5.3846: Summary: Optimization terminated successfully. after 5 it.
DEBUG:R0@tkref=5.3846: $$$$$$$$ CONFLICT LIST $$$$$$$$: []
INFO:R0: --------------------------
INFO:R0@tkref=6.4615: Time to solve stand alone optimisation problem: 0.107112169266
INFO:R0@tkref=6.4615: N of unsatisfied eq: 3
INFO:R0@tkref=6.4615: N of unsatisfied ieq: 5
INFO:R0@tkref=6.4615: Summary: Optimization terminated successfully. after 2 it.
DEBUG:R0@tkref=6.4615: $$$$$$$$ CONFLICT LIST $$$$$$$$: []
INFO:R0: --------------------------
DEBUG:R0: LAST STEP
DEBUG:R0: Approx remaining dist: 0.563868114128
DEBUG:R0: Usual approx plan dist: 2.8
DEBUG:R0: Approx gain in dist: 2.23613188587
DEBUG:R0: Last step min dist: 0.5
INFO:R0: scale 0.201381469331 Ns 7 Nk 3
INFO:R0@tkref=7.5385: Time to solve stand alone optimisation problem: 0.478899002075
INFO:R0@tkref=7.5385: N of unsatisfied eq: 10
INFO:R0@tkref=7.5385: N of unsatisfied ieq: 4
INFO:R0@tkref=7.5385: Summary: Iteration limit exceeded after 21 it.
DEBUG:R0@tkref=7.5385: $$$$$$$$ CONFLICT LIST $$$$$$$$: []
INFO:R0: Finished motion planning
INFO:R0: --------------------------
INFO:R0: TOT: 8.17168050928
INFO:R0: NSE: 8
INFO:R0: FIR: 1.96717119217
INFO:R0: LAS: 0.479822874069
INFO:R0: LMA: 0
INFO:R0: MAX: 0.886683940887
INFO:R0: MIN: 0.108052015305
INFO:R0: AVG: 0.514728426933
INFO:R0: RMP: 0.791682090078
INFO:R0: RMG: 0.791682090078
