INFO:R0: Init motion planning
INFO:R0@tkref=0.0000: Time to solve stand alone optimisation problem: 0.82737994194
INFO:R0@tkref=0.0000: N of unsatisfied eq: 4
INFO:R0@tkref=0.0000: N of unsatisfied ieq: 6
INFO:R0@tkref=0.0000: Summary: Iteration limit exceeded after 41 it.
DEBUG:R0@tkref=0.0000: $$$$$$$$ CONFLICT LIST $$$$$$$$: []
INFO:R0: --------------------------
INFO:R0@tkref=1.9200: Time to solve stand alone optimisation problem: 0.050409078598
INFO:R0@tkref=1.9200: N of unsatisfied eq: 3
INFO:R0@tkref=1.9200: N of unsatisfied ieq: 5
INFO:R0@tkref=1.9200: Summary: Optimization terminated successfully. after 2 it.
DEBUG:R0@tkref=1.9200: $$$$$$$$ CONFLICT LIST $$$$$$$$: []
INFO:R0: --------------------------
INFO:R0@tkref=3.8400: Time to solve stand alone optimisation problem: 0.0304350852966
INFO:R0@tkref=3.8400: N of unsatisfied eq: 3
INFO:R0@tkref=3.8400: N of unsatisfied ieq: 5
INFO:R0@tkref=3.8400: Summary: Optimization terminated successfully. after 1 it.
DEBUG:R0@tkref=3.8400: $$$$$$$$ CONFLICT LIST $$$$$$$$: []
INFO:R0: --------------------------
DEBUG:R0: LAST STEP
DEBUG:R0: Approx remaining dist: 1.60902892294
DEBUG:R0: Usual approx plan dist: 4.8
DEBUG:R0: Approx gain in dist: 3.19097107706
DEBUG:R0: Last step min dist: 0.5
INFO:R0: scale 0.335214358945 Ns 7 Nk 3
INFO:R0@tkref=5.7600: Time to solve stand alone optimisation problem: 0.312443971634
INFO:R0@tkref=5.7600: N of unsatisfied eq: 10
INFO:R0@tkref=5.7600: N of unsatisfied ieq: 4
INFO:R0@tkref=5.7600: Summary: Iteration limit exceeded after 21 it.
DEBUG:R0@tkref=5.7600: $$$$$$$$ CONFLICT LIST $$$$$$$$: []
INFO:R0: Finished motion planning
INFO:R0: --------------------------
INFO:R0: TOT: 7.5673450262
INFO:R0: NSE: 4
INFO:R0: FIR: 0.828866004944
INFO:R0: LAS: 0.313261032104
INFO:R0: LMA: 1
INFO:R0: MAX: 0.0512340068817
INFO:R0: MIN: 0.0312240123749
INFO:R0: AVG: 0.0412290096283
INFO:R0: RMP: 0.0280888195623
INFO:R0: RMG: 0.171743986899
