INFO:R0: Init motion planning
INFO:R0@tkref=0.0000: Time to solve stand alone optimisation problem: 1.41595101357
INFO:R0@tkref=0.0000: N of unsatisfied eq: 4
INFO:R0@tkref=0.0000: N of unsatisfied ieq: 9
INFO:R0@tkref=0.0000: Summary: Iteration limit exceeded after 41 it.
DEBUG:R0@tkref=0.0000: $$$$$$$$ CONFLICT LIST $$$$$$$$: []
INFO:R0: --------------------------
INFO:R0@tkref=1.2857: Time to solve stand alone optimisation problem: 0.066498041153
INFO:R0@tkref=1.2857: N of unsatisfied eq: 3
INFO:R0@tkref=1.2857: N of unsatisfied ieq: 7
INFO:R0@tkref=1.2857: Summary: Optimization terminated successfully. after 2 it.
DEBUG:R0@tkref=1.2857: $$$$$$$$ CONFLICT LIST $$$$$$$$: []
INFO:R0: --------------------------
INFO:R0@tkref=2.5714: Time to solve stand alone optimisation problem: 0.135361909866
INFO:R0@tkref=2.5714: N of unsatisfied eq: 3
INFO:R0@tkref=2.5714: N of unsatisfied ieq: 9
INFO:R0@tkref=2.5714: Summary: Optimization terminated successfully. after 4 it.
DEBUG:R0@tkref=2.5714: $$$$$$$$ CONFLICT LIST $$$$$$$$: []
INFO:R0: --------------------------
INFO:R0@tkref=3.8571: Time to solve stand alone optimisation problem: 0.0346579551697
INFO:R0@tkref=3.8571: N of unsatisfied eq: 5
INFO:R0@tkref=3.8571: N of unsatisfied ieq: 7
INFO:R0@tkref=3.8571: Summary: Optimization terminated successfully. after 1 it.
DEBUG:R0@tkref=3.8571: $$$$$$$$ CONFLICT LIST $$$$$$$$: []
INFO:R0: --------------------------
INFO:R0@tkref=5.1429: Time to solve stand alone optimisation problem: 0.0353169441223
INFO:R0@tkref=5.1429: N of unsatisfied eq: 5
INFO:R0@tkref=5.1429: N of unsatisfied ieq: 9
INFO:R0@tkref=5.1429: Summary: Optimization terminated successfully. after 1 it.
DEBUG:R0@tkref=5.1429: $$$$$$$$ CONFLICT LIST $$$$$$$$: []
INFO:R0: --------------------------
DEBUG:R0: LAST STEP
DEBUG:R0: Approx remaining dist: 0.763248448271
DEBUG:R0: Usual approx plan dist: 3.6
DEBUG:R0: Approx gain in dist: 2.83675155173
DEBUG:R0: Last step min dist: 0.5
INFO:R0: scale 0.212013457853 Ns 7 Nk 3
INFO:R0@tkref=6.4286: Time to solve stand alone optimisation problem: 0.345226049423
INFO:R0@tkref=6.4286: N of unsatisfied eq: 10
INFO:R0@tkref=6.4286: N of unsatisfied ieq: 4
INFO:R0@tkref=6.4286: Summary: Iteration limit exceeded after 21 it.
DEBUG:R0@tkref=6.4286: $$$$$$$$ CONFLICT LIST $$$$$$$$: []
INFO:R0: Finished motion planning
INFO:R0: --------------------------
INFO:R0: TOT: 7.28570904259
INFO:R0: NSE: 6
INFO:R0: FIR: 1.41713404655
INFO:R0: LAS: 0.346122980118
INFO:R0: LMA: 1
INFO:R0: MAX: 0.136165857315
INFO:R0: MIN: 0.0354859828949
INFO:R0: AVG: 0.0689277648926
INFO:R0: RMP: 0.1018334403
INFO:R0: RMG: 0.258852656072
