INFO:R0: Init motion planning
INFO:R0@tkref=0.0000: Time to solve stand alone optimisation problem: 1.96019101143
INFO:R0@tkref=0.0000: N of unsatisfied eq: 4
INFO:R0@tkref=0.0000: N of unsatisfied ieq: 4
INFO:R0@tkref=0.0000: Summary: Iteration limit exceeded after 41 it.
DEBUG:R0@tkref=0.0000: $$$$$$$$ CONFLICT LIST $$$$$$$$: []
INFO:R0: --------------------------
INFO:R0@tkref=1.8333: Time to solve stand alone optimisation problem: 0.338479995728
INFO:R0@tkref=1.8333: N of unsatisfied eq: 5
INFO:R0@tkref=1.8333: N of unsatisfied ieq: 16
INFO:R0@tkref=1.8333: Summary: Optimization terminated successfully. after 10 it.
DEBUG:R0@tkref=1.8333: $$$$$$$$ CONFLICT LIST $$$$$$$$: []
INFO:R0: --------------------------
DEBUG:R0: Big problem 449477350.225
DEBUG:R0: Big problem 4488537.97126
INFO:R0@tkref=3.6667: Time to solve stand alone optimisation problem: 1.24858283997
INFO:R0@tkref=3.6667: N of unsatisfied eq: 4
INFO:R0@tkref=3.6667: N of unsatisfied ieq: 8
INFO:R0@tkref=3.6667: Summary: Iteration limit exceeded after 16 it.
DEBUG:R0@tkref=3.6667: $$$$$$$$ CONFLICT LIST $$$$$$$$: []
INFO:R0: --------------------------
INFO:R0@tkref=5.5000: Time to solve stand alone optimisation problem: 0.698292970657
INFO:R0@tkref=5.5000: N of unsatisfied eq: 2
INFO:R0@tkref=5.5000: N of unsatisfied ieq: 4
INFO:R0@tkref=5.5000: Summary: Optimization terminated successfully. after 10 it.
DEBUG:R0@tkref=5.5000: $$$$$$$$ CONFLICT LIST $$$$$$$$: []
INFO:R0: --------------------------
DEBUG:R0: LAST STEP
DEBUG:R0: Approx remaining dist: 2.00165361213
DEBUG:R0: Usual approx plan dist: 4.4
DEBUG:R0: Approx gain in dist: 2.39834638787
DEBUG:R0: Last step min dist: 0.5
INFO:R0: scale 0.454921275483 Ns 7 Nk 3
INFO:R0@tkref=7.3333: Time to solve stand alone optimisation problem: 0.616144895554
INFO:R0@tkref=7.3333: N of unsatisfied eq: 10
INFO:R0@tkref=7.3333: N of unsatisfied ieq: 3
INFO:R0@tkref=7.3333: Summary: Iteration limit exceeded after 21 it.
DEBUG:R0@tkref=7.3333: $$$$$$$$ CONFLICT LIST $$$$$$$$: []
INFO:R0: Finished motion planning
INFO:R0: --------------------------
INFO:R0: TOT: 9.76884387373
INFO:R0: NSE: 5
INFO:R0: FIR: 1.96211004257
INFO:R0: LAS: 0.617158889771
INFO:R0: LMA: 0
INFO:R0: MAX: 1.2495071888
INFO:R0: MIN: 0.339491844177
INFO:R0: AVG: 0.762747685115
INFO:R0: RMP: 0.709947266362
INFO:R0: RMG: 0.709947266362
