INFO:R0: Init motion planning
INFO:R0@tkref=0.0000: Time to solve stand alone optimisation problem: 2.35501098633
INFO:R0@tkref=0.0000: N of unsatisfied eq: 3
INFO:R0@tkref=0.0000: N of unsatisfied ieq: 0
INFO:R0@tkref=0.0000: Summary: Iteration limit exceeded after 41 it.
DEBUG:R0@tkref=0.0000: $$$$$$$$ CONFLICT LIST $$$$$$$$: []
INFO:R0: --------------------------
INFO:R0@tkref=1.0286: Time to solve stand alone optimisation problem: 0.287617921829
INFO:R0@tkref=1.0286: N of unsatisfied eq: 2
INFO:R0@tkref=1.0286: N of unsatisfied ieq: 7
INFO:R0@tkref=1.0286: Summary: Optimization terminated successfully. after 5 it.
DEBUG:R0@tkref=1.0286: $$$$$$$$ CONFLICT LIST $$$$$$$$: []
INFO:R0: --------------------------
INFO:R0@tkref=2.0571: Time to solve stand alone optimisation problem: 0.36493897438
INFO:R0@tkref=2.0571: N of unsatisfied eq: 3
INFO:R0@tkref=2.0571: N of unsatisfied ieq: 6
INFO:R0@tkref=2.0571: Summary: Optimization terminated successfully. after 5 it.
DEBUG:R0@tkref=2.0571: $$$$$$$$ CONFLICT LIST $$$$$$$$: []
INFO:R0: --------------------------
INFO:R0@tkref=3.0857: Time to solve stand alone optimisation problem: 1.28501486778
INFO:R0@tkref=3.0857: N of unsatisfied eq: 3
INFO:R0@tkref=3.0857: N of unsatisfied ieq: 7
INFO:R0@tkref=3.0857: Summary: Iteration limit exceeded after 16 it.
DEBUG:R0@tkref=3.0857: $$$$$$$$ CONFLICT LIST $$$$$$$$: []
INFO:R0: --------------------------
INFO:R0@tkref=4.1143: Time to solve stand alone optimisation problem: 0.983210086823
INFO:R0@tkref=4.1143: N of unsatisfied eq: 2
INFO:R0@tkref=4.1143: N of unsatisfied ieq: 7
INFO:R0@tkref=4.1143: Summary: Optimization terminated successfully. after 12 it.
DEBUG:R0@tkref=4.1143: $$$$$$$$ CONFLICT LIST $$$$$$$$: []
INFO:R0: --------------------------
INFO:R0@tkref=5.1429: Time to solve stand alone optimisation problem: 0.496621131897
INFO:R0@tkref=5.1429: N of unsatisfied eq: 2
INFO:R0@tkref=5.1429: N of unsatisfied ieq: 6
INFO:R0@tkref=5.1429: Summary: Optimization terminated successfully. after 7 it.
DEBUG:R0@tkref=5.1429: $$$$$$$$ CONFLICT LIST $$$$$$$$: []
INFO:R0: --------------------------
INFO:R0@tkref=6.1714: Time to solve stand alone optimisation problem: 0.155922174454
INFO:R0@tkref=6.1714: N of unsatisfied eq: 3
INFO:R0@tkref=6.1714: N of unsatisfied ieq: 6
INFO:R0@tkref=6.1714: Summary: Optimization terminated successfully. after 2 it.
DEBUG:R0@tkref=6.1714: $$$$$$$$ CONFLICT LIST $$$$$$$$: []
INFO:R0: --------------------------
DEBUG:R0: LAST STEP
DEBUG:R0: Approx remaining dist: 0.596135526201
DEBUG:R0: Usual approx plan dist: 2.4
DEBUG:R0: Approx gain in dist: 1.8038644738
DEBUG:R0: Last step min dist: 0.5
INFO:R0: scale 0.248389802584 Ns 7 Nk 3
INFO:R0@tkref=7.2000: Time to solve stand alone optimisation problem: 0.570348978043
INFO:R0@tkref=7.2000: N of unsatisfied eq: 10
INFO:R0@tkref=7.2000: N of unsatisfied ieq: 4
INFO:R0@tkref=7.2000: Summary: Iteration limit exceeded after 21 it.
DEBUG:R0@tkref=7.2000: $$$$$$$$ CONFLICT LIST $$$$$$$$: []
INFO:R0: Finished motion planning
INFO:R0: --------------------------
INFO:R0: TOT: 7.86443207422
INFO:R0: NSE: 8
INFO:R0: FIR: 2.35651183128
INFO:R0: LAS: 0.571421146393
INFO:R0: LMA: 0
INFO:R0: MAX: 1.28595209122
INFO:R0: MIN: 0.15736413002
INFO:R0: AVG: 0.596662004789
INFO:R0: RMP: 1.21775766214
INFO:R0: RMG: 1.21775766214
