INFO:R0: Init motion planning
INFO:R0@tkref=0.0000: Time to solve stand alone optimisation problem: 1.77493715286
INFO:R0@tkref=0.0000: N of unsatisfied eq: 4
INFO:R0@tkref=0.0000: N of unsatisfied ieq: 10
INFO:R0@tkref=0.0000: Summary: Iteration limit exceeded after 41 it.
DEBUG:R0@tkref=0.0000: $$$$$$$$ CONFLICT LIST $$$$$$$$: []
INFO:R0: --------------------------
INFO:R0@tkref=1.7231: Time to solve stand alone optimisation problem: 0.618992090225
INFO:R0@tkref=1.7231: N of unsatisfied eq: 2
INFO:R0@tkref=1.7231: N of unsatisfied ieq: 10
INFO:R0@tkref=1.7231: Summary: Optimization terminated successfully. after 12 it.
DEBUG:R0@tkref=1.7231: $$$$$$$$ CONFLICT LIST $$$$$$$$: []
INFO:R0: --------------------------
INFO:R0@tkref=3.4462: Time to solve stand alone optimisation problem: 0.488833904266
INFO:R0@tkref=3.4462: N of unsatisfied eq: 2
INFO:R0@tkref=3.4462: N of unsatisfied ieq: 7
INFO:R0@tkref=3.4462: Summary: Optimization terminated successfully. after 8 it.
DEBUG:R0@tkref=3.4462: $$$$$$$$ CONFLICT LIST $$$$$$$$: []
INFO:R0: --------------------------
DEBUG:R0: LAST STEP
DEBUG:R0: Approx remaining dist: 2.17569048542
DEBUG:R0: Usual approx plan dist: 2.8
DEBUG:R0: Approx gain in dist: 0.624309514577
DEBUG:R0: Last step min dist: 0.5
INFO:R0: scale 0.777032316223 Ns 11 Nk 5
INFO:R0@tkref=5.1692: Time to solve stand alone optimisation problem: 0.941095113754
INFO:R0@tkref=5.1692: N of unsatisfied eq: 10
INFO:R0@tkref=5.1692: N of unsatisfied ieq: 8
INFO:R0@tkref=5.1692: Summary: Iteration limit exceeded after 21 it.
DEBUG:R0@tkref=5.1692: $$$$$$$$ CONFLICT LIST $$$$$$$$: []
INFO:R0: Finished motion planning
INFO:R0: --------------------------
INFO:R0: TOT: 7.48832607708
INFO:R0: NSE: 4
INFO:R0: FIR: 1.77674913406
INFO:R0: LAS: 0.942474842072
INFO:R0: LMA: 1
INFO:R0: MAX: 0.619961023331
INFO:R0: MIN: 0.489692926407
INFO:R0: AVG: 0.554826974869
INFO:R0: RMP: 0.369024418649
INFO:R0: RMG: 0.560996929804
