INFO:R0: Init motion planning
INFO:R0@tkref=0.0000: Time to solve stand alone optimisation problem: 1.41761803627
INFO:R0@tkref=0.0000: N of unsatisfied eq: 4
INFO:R0@tkref=0.0000: N of unsatisfied ieq: 6
INFO:R0@tkref=0.0000: Summary: Iteration limit exceeded after 41 it.
DEBUG:R0@tkref=0.0000: $$$$$$$$ CONFLICT LIST $$$$$$$$: []
INFO:R0: --------------------------
INFO:R0@tkref=1.1556: Time to solve stand alone optimisation problem: 0.265377998352
INFO:R0@tkref=1.1556: N of unsatisfied eq: 2
INFO:R0@tkref=1.1556: N of unsatisfied ieq: 7
INFO:R0@tkref=1.1556: Summary: Optimization terminated successfully. after 6 it.
DEBUG:R0@tkref=1.1556: $$$$$$$$ CONFLICT LIST $$$$$$$$: []
INFO:R0: --------------------------
INFO:R0@tkref=2.3111: Time to solve stand alone optimisation problem: 0.250019788742
INFO:R0@tkref=2.3111: N of unsatisfied eq: 3
INFO:R0@tkref=2.3111: N of unsatisfied ieq: 8
INFO:R0@tkref=2.3111: Summary: Optimization terminated successfully. after 5 it.
DEBUG:R0@tkref=2.3111: $$$$$$$$ CONFLICT LIST $$$$$$$$: []
INFO:R0: --------------------------
INFO:R0@tkref=3.4667: Time to solve stand alone optimisation problem: 0.202003955841
INFO:R0@tkref=3.4667: N of unsatisfied eq: 3
INFO:R0@tkref=3.4667: N of unsatisfied ieq: 6
INFO:R0@tkref=3.4667: Summary: Optimization terminated successfully. after 4 it.
DEBUG:R0@tkref=3.4667: $$$$$$$$ CONFLICT LIST $$$$$$$$: []
INFO:R0: --------------------------
INFO:R0@tkref=4.6222: Time to solve stand alone optimisation problem: 0.454123020172
INFO:R0@tkref=4.6222: N of unsatisfied eq: 3
INFO:R0@tkref=4.6222: N of unsatisfied ieq: 8
INFO:R0@tkref=4.6222: Summary: Optimization terminated successfully. after 10 it.
DEBUG:R0@tkref=4.6222: $$$$$$$$ CONFLICT LIST $$$$$$$$: []
INFO:R0: --------------------------
INFO:R0@tkref=5.7778: Time to solve stand alone optimisation problem: 0.0897769927979
INFO:R0@tkref=5.7778: N of unsatisfied eq: 3
INFO:R0@tkref=5.7778: N of unsatisfied ieq: 6
INFO:R0@tkref=5.7778: Summary: Optimization terminated successfully. after 2 it.
DEBUG:R0@tkref=5.7778: $$$$$$$$ CONFLICT LIST $$$$$$$$: []
INFO:R0: --------------------------
DEBUG:R0: LAST STEP
DEBUG:R0: Approx remaining dist: 0.476658681987
DEBUG:R0: Usual approx plan dist: 5.2
DEBUG:R0: Approx gain in dist: 4.72334131801
DEBUG:R0: Last step min dist: 0.5
INFO:R0: scale 0.0916651311513 Ns 7 Nk 3
INFO:R0@tkref=6.9333: Time to solve stand alone optimisation problem: 0.500997781754
INFO:R0@tkref=6.9333: N of unsatisfied eq: 10
INFO:R0@tkref=6.9333: N of unsatisfied ieq: 4
INFO:R0@tkref=6.9333: Summary: Iteration limit exceeded after 21 it.
DEBUG:R0@tkref=6.9333: $$$$$$$$ CONFLICT LIST $$$$$$$$: []
INFO:R0: Finished motion planning
INFO:R0: --------------------------
INFO:R0: TOT: 7.46892432349
INFO:R0: NSE: 7
INFO:R0: FIR: 1.42007708549
INFO:R0: LAS: 0.501893997192
INFO:R0: LMA: 1
INFO:R0: MAX: 0.455404996872
INFO:R0: MIN: 0.0907070636749
INFO:R0: AVG: 0.253365755081
INFO:R0: RMP: 0.437889420069
INFO:R0: RMG: 0.482590381916
