INFO:R0: Init motion planning
INFO:R0@tkref=0.0000: Time to solve stand alone optimisation problem: 1.06686806679
INFO:R0@tkref=0.0000: N of unsatisfied eq: 5
INFO:R0@tkref=0.0000: N of unsatisfied ieq: 9
INFO:R0@tkref=0.0000: Summary: Iteration limit exceeded after 41 it.
DEBUG:R0@tkref=0.0000: $$$$$$$$ CONFLICT LIST $$$$$$$$: []
INFO:R0: --------------------------
INFO:R0@tkref=1.9636: Time to solve stand alone optimisation problem: 0.0472190380096
INFO:R0@tkref=1.9636: N of unsatisfied eq: 3
INFO:R0@tkref=1.9636: N of unsatisfied ieq: 5
INFO:R0@tkref=1.9636: Summary: Optimization terminated successfully. after 2 it.
DEBUG:R0@tkref=1.9636: $$$$$$$$ CONFLICT LIST $$$$$$$$: []
INFO:R0: --------------------------
INFO:R0@tkref=3.9273: Time to solve stand alone optimisation problem: 0.022824048996
INFO:R0@tkref=3.9273: N of unsatisfied eq: 3
INFO:R0@tkref=3.9273: N of unsatisfied ieq: 7
INFO:R0@tkref=3.9273: Summary: Optimization terminated successfully. after 1 it.
DEBUG:R0@tkref=3.9273: $$$$$$$$ CONFLICT LIST $$$$$$$$: []
INFO:R0: --------------------------
DEBUG:R0: LAST STEP
DEBUG:R0: Approx remaining dist: 1.40756787197
DEBUG:R0: Usual approx plan dist: 3.6
DEBUG:R0: Approx gain in dist: 2.19243212803
DEBUG:R0: Last step min dist: 0.5
INFO:R0: scale 0.390991075547 Ns 7 Nk 3
INFO:R0@tkref=5.8909: Time to solve stand alone optimisation problem: 0.333015918732
INFO:R0@tkref=5.8909: N of unsatisfied eq: 10
INFO:R0@tkref=5.8909: N of unsatisfied ieq: 4
INFO:R0@tkref=5.8909: Summary: Iteration limit exceeded after 21 it.
DEBUG:R0@tkref=5.8909: $$$$$$$$ CONFLICT LIST $$$$$$$$: []
INFO:R0: Finished motion planning
INFO:R0: --------------------------
INFO:R0: TOT: 7.47195942626
INFO:R0: NSE: 4
INFO:R0: FIR: 1.06862998009
INFO:R0: LAS: 0.333823919296
INFO:R0: LMA: 1
INFO:R0: MAX: 0.0481009483337
INFO:R0: MIN: 0.0235559940338
INFO:R0: AVG: 0.0358284711838
INFO:R0: RMP: 0.0246130583579
INFO:R0: RMG: 0.170816332973
