INFO:R0: Init motion planning
INFO:R0@tkref=0.0000: Time to solve stand alone optimisation problem: 1.83259606361
INFO:R0@tkref=0.0000: N of unsatisfied eq: 5
INFO:R0@tkref=0.0000: N of unsatisfied ieq: 10
INFO:R0@tkref=0.0000: Summary: Iteration limit exceeded after 41 it.
DEBUG:R0@tkref=0.0000: $$$$$$$$ CONFLICT LIST $$$$$$$$: []
INFO:R0: --------------------------
INFO:R0@tkref=1.5273: Time to solve stand alone optimisation problem: 0.502241849899
INFO:R0@tkref=1.5273: N of unsatisfied eq: 2
INFO:R0@tkref=1.5273: N of unsatisfied ieq: 6
INFO:R0@tkref=1.5273: Summary: Optimization terminated successfully. after 10 it.
DEBUG:R0@tkref=1.5273: $$$$$$$$ CONFLICT LIST $$$$$$$$: []
INFO:R0: --------------------------
INFO:R0@tkref=3.0545: Time to solve stand alone optimisation problem: 0.572879076004
INFO:R0@tkref=3.0545: N of unsatisfied eq: 2
INFO:R0@tkref=3.0545: N of unsatisfied ieq: 7
INFO:R0@tkref=3.0545: Summary: Optimization terminated successfully. after 9 it.
DEBUG:R0@tkref=3.0545: $$$$$$$$ CONFLICT LIST $$$$$$$$: []
INFO:R0: --------------------------
INFO:R0@tkref=4.5818: Time to solve stand alone optimisation problem: 0.345221996307
INFO:R0@tkref=4.5818: N of unsatisfied eq: 3
INFO:R0@tkref=4.5818: N of unsatisfied ieq: 7
INFO:R0@tkref=4.5818: Summary: Optimization terminated successfully. after 6 it.
DEBUG:R0@tkref=4.5818: $$$$$$$$ CONFLICT LIST $$$$$$$$: []
INFO:R0: --------------------------
DEBUG:R0: LAST STEP
DEBUG:R0: Approx remaining dist: 1.28616867405
DEBUG:R0: Usual approx plan dist: 2.4
DEBUG:R0: Approx gain in dist: 1.11383132595
DEBUG:R0: Last step min dist: 0.5
INFO:R0: scale 0.535903614187 Ns 7 Nk 3
INFO:R0@tkref=6.1091: Time to solve stand alone optimisation problem: 0.48831820488
INFO:R0@tkref=6.1091: N of unsatisfied eq: 10
INFO:R0@tkref=6.1091: N of unsatisfied ieq: 4
INFO:R0@tkref=6.1091: Summary: Iteration limit exceeded after 21 it.
DEBUG:R0@tkref=6.1091: $$$$$$$$ CONFLICT LIST $$$$$$$$: []
INFO:R0: Finished motion planning
INFO:R0: --------------------------
INFO:R0: TOT: 7.55376130447
INFO:R0: NSE: 5
INFO:R0: FIR: 1.83500313759
INFO:R0: LAS: 0.489391088486
INFO:R0: LMA: 0
INFO:R0: MAX: 0.573848009109
INFO:R0: MIN: 0.346369028091
INFO:R0: AVG: 0.474545717239
INFO:R0: RMP: 0.351622554601
INFO:R0: RMG: 0.351622554601
