INFO:R0: Init motion planning
INFO:R0@tkref=0.0000: Time to solve stand alone optimisation problem: 1.69866299629
INFO:R0@tkref=0.0000: N of unsatisfied eq: 4
INFO:R0@tkref=0.0000: N of unsatisfied ieq: 16
INFO:R0@tkref=0.0000: Summary: Iteration limit exceeded after 41 it.
DEBUG:R0@tkref=0.0000: $$$$$$$$ CONFLICT LIST $$$$$$$$: []
INFO:R0: --------------------------
INFO:R0@tkref=1.7333: Time to solve stand alone optimisation problem: 0.04345703125
INFO:R0@tkref=1.7333: N of unsatisfied eq: 3
INFO:R0@tkref=1.7333: N of unsatisfied ieq: 6
INFO:R0@tkref=1.7333: Summary: Optimization terminated successfully. after 1 it.
DEBUG:R0@tkref=1.7333: $$$$$$$$ CONFLICT LIST $$$$$$$$: []
INFO:R0: --------------------------
INFO:R0@tkref=3.4667: Time to solve stand alone optimisation problem: 0.0441741943359
INFO:R0@tkref=3.4667: N of unsatisfied eq: 3
INFO:R0@tkref=3.4667: N of unsatisfied ieq: 7
INFO:R0@tkref=3.4667: Summary: Optimization terminated successfully. after 1 it.
DEBUG:R0@tkref=3.4667: $$$$$$$$ CONFLICT LIST $$$$$$$$: []
INFO:R0: --------------------------
DEBUG:R0: LAST STEP
DEBUG:R0: Approx remaining dist: 2.08852995168
DEBUG:R0: Usual approx plan dist: 5.2
DEBUG:R0: Approx gain in dist: 3.11147004832
DEBUG:R0: Last step min dist: 0.5
INFO:R0: scale 0.401640375323 Ns 8 Nk 3
INFO:R0@tkref=5.2000: Time to solve stand alone optimisation problem: 0.373933076859
INFO:R0@tkref=5.2000: N of unsatisfied eq: 10
INFO:R0@tkref=5.2000: N of unsatisfied ieq: 3
INFO:R0@tkref=5.2000: Summary: Iteration limit exceeded after 21 it.
DEBUG:R0@tkref=5.2000: $$$$$$$$ CONFLICT LIST $$$$$$$$: []
INFO:R0: Finished motion planning
INFO:R0: --------------------------
INFO:R0: TOT: 7.53366387456
INFO:R0: NSE: 4
INFO:R0: FIR: 1.70045781136
INFO:R0: LAS: 0.374755859375
INFO:R0: LMA: 1
INFO:R0: MAX: 0.0450580120087
INFO:R0: MIN: 0.0443530082703
INFO:R0: AVG: 0.0447055101395
INFO:R0: RMP: 0.0270781322167
INFO:R0: RMG: 0.225213857797
