INFO:R0: Init motion planning
INFO:R0@tkref=0.0000: Time to solve stand alone optimisation problem: 2.0546040535
INFO:R0@tkref=0.0000: N of unsatisfied eq: 4
INFO:R0@tkref=0.0000: N of unsatisfied ieq: 5
INFO:R0@tkref=0.0000: Summary: Iteration limit exceeded after 41 it.
DEBUG:R0@tkref=0.0000: $$$$$$$$ CONFLICT LIST $$$$$$$$: []
INFO:R0: --------------------------
INFO:R0@tkref=2.3143: Time to solve stand alone optimisation problem: 0.490900993347
INFO:R0@tkref=2.3143: N of unsatisfied eq: 3
INFO:R0@tkref=2.3143: N of unsatisfied ieq: 5
INFO:R0@tkref=2.3143: Summary: Optimization terminated successfully. after 8 it.
DEBUG:R0@tkref=2.3143: $$$$$$$$ CONFLICT LIST $$$$$$$$: []
INFO:R0: --------------------------
INFO:R0@tkref=4.6286: Time to solve stand alone optimisation problem: 0.892487049103
INFO:R0@tkref=4.6286: N of unsatisfied eq: 2
INFO:R0@tkref=4.6286: N of unsatisfied ieq: 3
INFO:R0@tkref=4.6286: Summary: Optimization terminated successfully. after 13 it.
DEBUG:R0@tkref=4.6286: $$$$$$$$ CONFLICT LIST $$$$$$$$: []
INFO:R0: --------------------------
DEBUG:R0: LAST STEP
DEBUG:R0: Approx remaining dist: 1.99030461362
DEBUG:R0: Usual approx plan dist: 3.6
DEBUG:R0: Approx gain in dist: 1.60969538638
DEBUG:R0: Last step min dist: 0.5
INFO:R0: scale 0.552862392671 Ns 8 Nk 3
INFO:R0@tkref=6.9429: Time to solve stand alone optimisation problem: 0.584988117218
INFO:R0@tkref=6.9429: N of unsatisfied eq: 10
INFO:R0@tkref=6.9429: N of unsatisfied ieq: 4
INFO:R0@tkref=6.9429: Summary: Iteration limit exceeded after 21 it.
DEBUG:R0@tkref=6.9429: $$$$$$$$ CONFLICT LIST $$$$$$$$: []
INFO:R0: Finished motion planning
INFO:R0: --------------------------
INFO:R0: TOT: 9.17831409716
INFO:R0: NSE: 4
INFO:R0: FIR: 2.05624198914
INFO:R0: LAS: 0.585999965668
INFO:R0: LMA: 0
INFO:R0: MAX: 0.89339184761
INFO:R0: MIN: 0.491832017899
INFO:R0: AVG: 0.692611932755
INFO:R0: RMP: 0.394807003363
INFO:R0: RMG: 0.394807003363
