INFO:R0: Init motion planning
INFO:R0@tkref=0.0000: Time to solve stand alone optimisation problem: 2.7179608345
INFO:R0@tkref=0.0000: N of unsatisfied eq: 4
INFO:R0@tkref=0.0000: N of unsatisfied ieq: 9
INFO:R0@tkref=0.0000: Summary: Iteration limit exceeded after 41 it.
DEBUG:R0@tkref=0.0000: $$$$$$$$ CONFLICT LIST $$$$$$$$: []
INFO:R0: --------------------------
INFO:R0@tkref=1.3846: Time to solve stand alone optimisation problem: 0.580002069473
INFO:R0@tkref=1.3846: N of unsatisfied eq: 2
INFO:R0@tkref=1.3846: N of unsatisfied ieq: 7
INFO:R0@tkref=1.3846: Summary: Optimization terminated successfully. after 7 it.
DEBUG:R0@tkref=1.3846: $$$$$$$$ CONFLICT LIST $$$$$$$$: []
INFO:R0: --------------------------
INFO:R0@tkref=2.7692: Time to solve stand alone optimisation problem: 1.00921607018
INFO:R0@tkref=2.7692: N of unsatisfied eq: 2
INFO:R0@tkref=2.7692: N of unsatisfied ieq: 7
INFO:R0@tkref=2.7692: Summary: Optimization terminated successfully. after 11 it.
DEBUG:R0@tkref=2.7692: $$$$$$$$ CONFLICT LIST $$$$$$$$: []
INFO:R0: --------------------------
INFO:R0@tkref=4.1538: Time to solve stand alone optimisation problem: 1.18174481392
INFO:R0@tkref=4.1538: N of unsatisfied eq: 2
INFO:R0@tkref=4.1538: N of unsatisfied ieq: 7
INFO:R0@tkref=4.1538: Summary: Optimization terminated successfully. after 13 it.
DEBUG:R0@tkref=4.1538: $$$$$$$$ CONFLICT LIST $$$$$$$$: []
INFO:R0: --------------------------
INFO:R0@tkref=5.5385: Time to solve stand alone optimisation problem: 0.224072933197
INFO:R0@tkref=5.5385: N of unsatisfied eq: 3
INFO:R0@tkref=5.5385: N of unsatisfied ieq: 6
INFO:R0@tkref=5.5385: Summary: Optimization terminated successfully. after 3 it.
DEBUG:R0@tkref=5.5385: $$$$$$$$ CONFLICT LIST $$$$$$$$: []
INFO:R0: --------------------------
DEBUG:R0: LAST STEP
DEBUG:R0: Approx remaining dist: 0.816597159849
DEBUG:R0: Usual approx plan dist: 3.6
DEBUG:R0: Approx gain in dist: 2.78340284015
DEBUG:R0: Last step min dist: 0.5
INFO:R0: scale 0.226832544403 Ns 7 Nk 3
INFO:R0@tkref=6.9231: Time to solve stand alone optimisation problem: 0.493471860886
INFO:R0@tkref=6.9231: N of unsatisfied eq: 10
INFO:R0@tkref=6.9231: N of unsatisfied ieq: 4
INFO:R0@tkref=6.9231: Summary: Iteration limit exceeded after 21 it.
DEBUG:R0@tkref=6.9231: $$$$$$$$ CONFLICT LIST $$$$$$$$: []
INFO:R0: Finished motion planning
INFO:R0: --------------------------
INFO:R0: TOT: 7.8401281327
INFO:R0: NSE: 6
INFO:R0: FIR: 2.72024106979
INFO:R0: LAS: 0.49466586113
INFO:R0: LMA: 0
INFO:R0: MAX: 1.18314409256
INFO:R0: MIN: 0.225417852402
INFO:R0: AVG: 0.75
INFO:R0: RMP: 0.884829983754
INFO:R0: RMG: 0.884829983754
