INFO:R0: Init motion planning
INFO:R0@tkref=0.0000: Time to solve stand alone optimisation problem: 1.93288993835
INFO:R0@tkref=0.0000: N of unsatisfied eq: 4
INFO:R0@tkref=0.0000: N of unsatisfied ieq: 8
INFO:R0@tkref=0.0000: Summary: Iteration limit exceeded after 41 it.
DEBUG:R0@tkref=0.0000: $$$$$$$$ CONFLICT LIST $$$$$$$$: []
INFO:R0: --------------------------
INFO:R0@tkref=3.2500: Time to solve stand alone optimisation problem: 0.612733125687
INFO:R0@tkref=3.2500: N of unsatisfied eq: 3
INFO:R0@tkref=3.2500: N of unsatisfied ieq: 19
INFO:R0@tkref=3.2500: Summary: Optimization terminated successfully. after 13 it.
DEBUG:R0@tkref=3.2500: $$$$$$$$ CONFLICT LIST $$$$$$$$: []
INFO:R0: --------------------------
INFO:R0@tkref=6.5000: Time to solve stand alone optimisation problem: 0.751382112503
INFO:R0@tkref=6.5000: N of unsatisfied eq: 3
INFO:R0@tkref=6.5000: N of unsatisfied ieq: 11
INFO:R0@tkref=6.5000: Summary: Iteration limit exceeded after 16 it.
DEBUG:R0@tkref=6.5000: $$$$$$$$ CONFLICT LIST $$$$$$$$: []
INFO:R0: --------------------------
INFO:R0@tkref=9.7500: Time to solve stand alone optimisation problem: 0.730619907379
INFO:R0@tkref=9.7500: N of unsatisfied eq: 3
INFO:R0@tkref=9.7500: N of unsatisfied ieq: 8
INFO:R0@tkref=9.7500: Summary: Iteration limit exceeded after 16 it.
DEBUG:R0@tkref=9.7500: $$$$$$$$ CONFLICT LIST $$$$$$$$: []
INFO:R0: --------------------------
DEBUG:R0: LAST STEP
DEBUG:R0: Approx remaining dist: 2.71709138063
DEBUG:R0: Usual approx plan dist: 5.2
DEBUG:R0: Approx gain in dist: 2.48290861937
DEBUG:R0: Last step min dist: 0.5
INFO:R0: scale 0.522517573197 Ns 9 Nk 3
INFO:R0@tkref=13.0000: Time to solve stand alone optimisation problem: 0.538922786713
INFO:R0@tkref=13.0000: N of unsatisfied eq: 10
INFO:R0@tkref=13.0000: N of unsatisfied ieq: 2
INFO:R0@tkref=13.0000: Summary: Iteration limit exceeded after 21 it.
DEBUG:R0@tkref=13.0000: $$$$$$$$ CONFLICT LIST $$$$$$$$: []
INFO:R0: Finished motion planning
INFO:R0: --------------------------
INFO:R0: TOT: 16.2525007032
INFO:R0: NSE: 5
INFO:R0: FIR: 1.93415904045
INFO:R0: LAS: 0.539801836014
INFO:R0: LMA: 0
INFO:R0: MAX: 0.7523188591
INFO:R0: MIN: 0.613603115082
INFO:R0: AVG: 0.6991370519
INFO:R0: RMP: 0.233349522053
INFO:R0: RMG: 0.233349522053
