INFO:R0: Init motion planning
INFO:R0@tkref=0.0000: Time to solve stand alone optimisation problem: 1.87997102737
INFO:R0@tkref=0.0000: N of unsatisfied eq: 5
INFO:R0@tkref=0.0000: N of unsatisfied ieq: 11
INFO:R0@tkref=0.0000: Summary: Iteration limit exceeded after 41 it.
DEBUG:R0@tkref=0.0000: $$$$$$$$ CONFLICT LIST $$$$$$$$: []
INFO:R0: --------------------------
INFO:R0@tkref=3.2267: Time to solve stand alone optimisation problem: 1.05860590935
INFO:R0@tkref=3.2267: N of unsatisfied eq: 3
INFO:R0@tkref=3.2267: N of unsatisfied ieq: 19
INFO:R0@tkref=3.2267: Summary: Iteration limit exceeded after 16 it.
DEBUG:R0@tkref=3.2267: $$$$$$$$ CONFLICT LIST $$$$$$$$: []
INFO:R0: --------------------------
DEBUG:R0: LAST STEP
DEBUG:R0: Approx remaining dist: 1.2715889672
DEBUG:R0: Usual approx plan dist: 4.4
DEBUG:R0: Approx gain in dist: 3.1284110328
DEBUG:R0: Last step min dist: 0.5
INFO:R0: scale 0.288997492545 Ns 7 Nk 3
INFO:R0@tkref=6.4533: Time to solve stand alone optimisation problem: 0.371703147888
INFO:R0@tkref=6.4533: N of unsatisfied eq: 10
INFO:R0@tkref=6.4533: N of unsatisfied ieq: 1
INFO:R0@tkref=6.4533: Summary: Iteration limit exceeded after 21 it.
DEBUG:R0@tkref=6.4533: $$$$$$$$ CONFLICT LIST $$$$$$$$: []
INFO:R0: Finished motion planning
INFO:R0: --------------------------
INFO:R0: TOT: 9.10060229756
INFO:R0: NSE: 3
INFO:R0: FIR: 1.8829832077
INFO:R0: LAS: 0.372569084167
INFO:R0: LMA: 0
INFO:R0: MAX: 1.05969977379
INFO:R0: MIN: 1.05969977379
INFO:R0: AVG: 1.05969977379
INFO:R0: RMP: 0.32841935138
INFO:R0: RMG: 0.32841935138
