INFO:R0: Init motion planning
INFO:R0@tkref=0.0000: Time to solve stand alone optimisation problem: 1.26550292969
INFO:R0@tkref=0.0000: N of unsatisfied eq: 4
INFO:R0@tkref=0.0000: N of unsatisfied ieq: 11
INFO:R0@tkref=0.0000: Summary: Iteration limit exceeded after 41 it.
DEBUG:R0@tkref=0.0000: $$$$$$$$ CONFLICT LIST $$$$$$$$: []
INFO:R0: --------------------------
DEBUG:R0: LAST STEP
DEBUG:R0: Approx remaining dist: 3.38741040654
DEBUG:R0: Usual approx plan dist: 5.2
DEBUG:R0: Approx gain in dist: 1.81258959346
DEBUG:R0: Last step min dist: 0.5
INFO:R0: scale 0.651425078181 Ns 8 Nk 4
INFO:R0@tkref=3.9000: Time to solve stand alone optimisation problem: 0.401327133179
INFO:R0@tkref=3.9000: N of unsatisfied eq: 10
INFO:R0@tkref=3.9000: N of unsatisfied ieq: 3
INFO:R0@tkref=3.9000: Summary: Iteration limit exceeded after 21 it.
DEBUG:R0@tkref=3.9000: $$$$$$$$ CONFLICT LIST $$$$$$$$: []
INFO:R0: Finished motion planning
INFO:R0: --------------------------
INFO:R0: TOT: 7.56443293418
INFO:R0: NSE: 2
INFO:R0: FIR: 1.26674079895
INFO:R0: LAS: 0.402144908905
INFO:R0: LMA: 1
INFO:R0: MAX: 0.402144908905
INFO:R0: MIN: 0.402144908905
INFO:R0: AVG: 0.402144908905
INFO:R0: RMP: 0.104507512709
INFO:R0: RMG: 0.104507512709
