INFO:R0: Init motion planning
INFO:R0@tkref=0.0000: Time to solve stand alone optimisation problem: 1.89709997177
INFO:R0@tkref=0.0000: N of unsatisfied eq: 5
INFO:R0@tkref=0.0000: N of unsatisfied ieq: 11
INFO:R0@tkref=0.0000: Summary: Iteration limit exceeded after 41 it.
DEBUG:R0@tkref=0.0000: $$$$$$$$ CONFLICT LIST $$$$$$$$: []
INFO:R0: --------------------------
INFO:R0@tkref=2.9333: Time to solve stand alone optimisation problem: 0.827090024948
INFO:R0@tkref=2.9333: N of unsatisfied eq: 2
INFO:R0@tkref=2.9333: N of unsatisfied ieq: 5
INFO:R0@tkref=2.9333: Summary: Optimization terminated successfully. after 13 it.
DEBUG:R0@tkref=2.9333: $$$$$$$$ CONFLICT LIST $$$$$$$$: []
INFO:R0: --------------------------
DEBUG:R0: LAST STEP
DEBUG:R0: Approx remaining dist: 2.11418517513
DEBUG:R0: Usual approx plan dist: 4.4
DEBUG:R0: Approx gain in dist: 2.28581482487
DEBUG:R0: Last step min dist: 0.5
INFO:R0: scale 0.480496630711 Ns 8 Nk 3
INFO:R0@tkref=5.8667: Time to solve stand alone optimisation problem: 0.47878408432
INFO:R0@tkref=5.8667: N of unsatisfied eq: 10
INFO:R0@tkref=5.8667: N of unsatisfied ieq: 3
INFO:R0@tkref=5.8667: Summary: Iteration limit exceeded after 21 it.
DEBUG:R0@tkref=5.8667: $$$$$$$$ CONFLICT LIST $$$$$$$$: []
INFO:R0: Finished motion planning
INFO:R0: --------------------------
INFO:R0: TOT: 8.22804600398
INFO:R0: NSE: 3
INFO:R0: FIR: 1.89837408066
INFO:R0: LAS: 0.479900121689
INFO:R0: LMA: 0
INFO:R0: MAX: 0.827965974808
INFO:R0: MIN: 0.827965974808
INFO:R0: AVG: 0.827965974808
INFO:R0: RMP: 0.282261127776
INFO:R0: RMG: 0.282261127776
