INFO:R0: Init motion planning
INFO:R0@tkref=0.0000: Time to solve stand alone optimisation problem: 1.69774007797
INFO:R0@tkref=0.0000: N of unsatisfied eq: 4
INFO:R0@tkref=0.0000: N of unsatisfied ieq: 4
INFO:R0@tkref=0.0000: Summary: Iteration limit exceeded after 41 it.
DEBUG:R0@tkref=0.0000: $$$$$$$$ CONFLICT LIST $$$$$$$$: []
INFO:R0: --------------------------
INFO:R0@tkref=2.6182: Time to solve stand alone optimisation problem: 0.605607032776
INFO:R0@tkref=2.6182: N of unsatisfied eq: 1
INFO:R0@tkref=2.6182: N of unsatisfied ieq: 5
INFO:R0@tkref=2.6182: Summary: Optimization terminated successfully. after 11 it.
DEBUG:R0@tkref=2.6182: $$$$$$$$ CONFLICT LIST $$$$$$$$: []
INFO:R0: --------------------------
DEBUG:R0: LAST STEP
DEBUG:R0: Approx remaining dist: 2.58805005842
DEBUG:R0: Usual approx plan dist: 3.6
DEBUG:R0: Approx gain in dist: 1.01194994158
DEBUG:R0: Last step min dist: 0.5
INFO:R0: scale 0.718902794006 Ns 9 Nk 3
INFO:R0@tkref=5.2364: Time to solve stand alone optimisation problem: 0.141993999481
INFO:R0@tkref=5.2364: N of unsatisfied eq: 8
INFO:R0@tkref=5.2364: N of unsatisfied ieq: 8
INFO:R0@tkref=5.2364: Summary: Positive directional derivative for linesearch after 9 it.
DEBUG:R0@tkref=5.2364: $$$$$$$$ CONFLICT LIST $$$$$$$$: []
INFO:R0: Finished motion planning
INFO:R0: --------------------------
INFO:R0: TOT: 7.82441368539
INFO:R0: NSE: 3
INFO:R0: FIR: 1.69941616058
INFO:R0: LAS: 0.142879962921
INFO:R0: LMA: 0
INFO:R0: MAX: 0.606501817703
INFO:R0: MIN: 0.606501817703
INFO:R0: AVG: 0.606501817703
INFO:R0: RMP: 0.235861817996
INFO:R0: RMG: 0.235861817996
