INFO:R0: Init motion planning
INFO:R0@tkref=0.0000: Time to solve stand alone optimisation problem: 1.8584318161
INFO:R0@tkref=0.0000: N of unsatisfied eq: 4
INFO:R0@tkref=0.0000: N of unsatisfied ieq: 9
INFO:R0@tkref=0.0000: Summary: Iteration limit exceeded after 41 it.
DEBUG:R0@tkref=0.0000: $$$$$$$$ CONFLICT LIST $$$$$$$$: []
INFO:R0: --------------------------
INFO:R0@tkref=0.7714: Time to solve stand alone optimisation problem: 0.246005058289
INFO:R0@tkref=0.7714: N of unsatisfied eq: 3
INFO:R0@tkref=0.7714: N of unsatisfied ieq: 9
INFO:R0@tkref=0.7714: Summary: Optimization terminated successfully. after 6 it.
DEBUG:R0@tkref=0.7714: $$$$$$$$ CONFLICT LIST $$$$$$$$: []
INFO:R0: --------------------------
INFO:R0@tkref=1.5429: Time to solve stand alone optimisation problem: 0.630750179291
INFO:R0@tkref=1.5429: N of unsatisfied eq: 2
INFO:R0@tkref=1.5429: N of unsatisfied ieq: 8
INFO:R0@tkref=1.5429: Summary: Optimization terminated successfully. after 11 it.
DEBUG:R0@tkref=1.5429: $$$$$$$$ CONFLICT LIST $$$$$$$$: []
INFO:R0: --------------------------
INFO:R0@tkref=2.3143: Time to solve stand alone optimisation problem: 0.607650995255
INFO:R0@tkref=2.3143: N of unsatisfied eq: 2
INFO:R0@tkref=2.3143: N of unsatisfied ieq: 9
INFO:R0@tkref=2.3143: Summary: Optimization terminated successfully. after 9 it.
DEBUG:R0@tkref=2.3143: $$$$$$$$ CONFLICT LIST $$$$$$$$: []
INFO:R0: --------------------------
INFO:R0@tkref=3.0857: Time to solve stand alone optimisation problem: 0.460577964783
INFO:R0@tkref=3.0857: N of unsatisfied eq: 3
INFO:R0@tkref=3.0857: N of unsatisfied ieq: 10
INFO:R0@tkref=3.0857: Summary: Optimization terminated successfully. after 7 it.
DEBUG:R0@tkref=3.0857: $$$$$$$$ CONFLICT LIST $$$$$$$$: []
INFO:R0: --------------------------
INFO:R0@tkref=3.8571: Time to solve stand alone optimisation problem: 0.795510053635
INFO:R0@tkref=3.8571: N of unsatisfied eq: 3
INFO:R0@tkref=3.8571: N of unsatisfied ieq: 7
INFO:R0@tkref=3.8571: Summary: Optimization terminated successfully. after 13 it.
DEBUG:R0@tkref=3.8571: $$$$$$$$ CONFLICT LIST $$$$$$$$: []
INFO:R0: --------------------------
INFO:R0@tkref=4.6286: Time to solve stand alone optimisation problem: 0.205783843994
INFO:R0@tkref=4.6286: N of unsatisfied eq: 3
INFO:R0@tkref=4.6286: N of unsatisfied ieq: 11
INFO:R0@tkref=4.6286: Summary: Optimization terminated successfully. after 3 it.
DEBUG:R0@tkref=4.6286: $$$$$$$$ CONFLICT LIST $$$$$$$$: []
INFO:R0: --------------------------
INFO:R0@tkref=5.4000: Time to solve stand alone optimisation problem: 0.115401029587
INFO:R0@tkref=5.4000: N of unsatisfied eq: 3
INFO:R0@tkref=5.4000: N of unsatisfied ieq: 9
INFO:R0@tkref=5.4000: Summary: Optimization terminated successfully. after 2 it.
DEBUG:R0@tkref=5.4000: $$$$$$$$ CONFLICT LIST $$$$$$$$: []
INFO:R0: --------------------------
INFO:R0@tkref=6.1714: Time to solve stand alone optimisation problem: 0.0988798141479
INFO:R0@tkref=6.1714: N of unsatisfied eq: 3
INFO:R0@tkref=6.1714: N of unsatisfied ieq: 8
INFO:R0@tkref=6.1714: Summary: Optimization terminated successfully. after 2 it.
DEBUG:R0@tkref=6.1714: $$$$$$$$ CONFLICT LIST $$$$$$$$: []
INFO:R0: --------------------------
DEBUG:R0: LAST STEP
DEBUG:R0: Approx remaining dist: 0.49916460153
DEBUG:R0: Usual approx plan dist: 3.6
DEBUG:R0: Approx gain in dist: 3.10083539847
DEBUG:R0: Last step min dist: 0.5
INFO:R0: scale 0.138656833758 Ns 7 Nk 3
INFO:R0@tkref=6.9429: Time to solve stand alone optimisation problem: 0.468423843384
INFO:R0@tkref=6.9429: N of unsatisfied eq: 10
INFO:R0@tkref=6.9429: N of unsatisfied ieq: 4
INFO:R0@tkref=6.9429: Summary: Iteration limit exceeded after 21 it.
DEBUG:R0@tkref=6.9429: $$$$$$$$ CONFLICT LIST $$$$$$$$: []
INFO:R0: Finished motion planning
INFO:R0: --------------------------
INFO:R0: TOT: 7.49895611223
INFO:R0: NSE: 10
INFO:R0: FIR: 1.85994696617
INFO:R0: LAS: 0.4693608284
INFO:R0: LMA: 0
INFO:R0: MAX: 0.796760082245
INFO:R0: MIN: 0.0998001098633
INFO:R0: AVG: 0.396099060774
INFO:R0: RMP: 1.10661122534
INFO:R0: RMG: 1.10661122534
