INFO:R0: Init motion planning
INFO:R0@tkref=0.0000: Time to solve stand alone optimisation problem: 2.71039700508
INFO:R0@tkref=0.0000: N of unsatisfied eq: 4
INFO:R0@tkref=0.0000: N of unsatisfied ieq: 7
INFO:R0@tkref=0.0000: Summary: Iteration limit exceeded after 41 it.
DEBUG:R0@tkref=0.0000: $$$$$$$$ CONFLICT LIST $$$$$$$$: []
INFO:R0: --------------------------
INFO:R0@tkref=1.9385: Time to solve stand alone optimisation problem: 0.810731172562
INFO:R0@tkref=1.9385: N of unsatisfied eq: 3
INFO:R0@tkref=1.9385: N of unsatisfied ieq: 5
INFO:R0@tkref=1.9385: Summary: Optimization terminated successfully. after 12 it.
DEBUG:R0@tkref=1.9385: $$$$$$$$ CONFLICT LIST $$$$$$$$: []
INFO:R0: --------------------------
INFO:R0@tkref=3.8769: Time to solve stand alone optimisation problem: 0.573843955994
INFO:R0@tkref=3.8769: N of unsatisfied eq: 5
INFO:R0@tkref=3.8769: N of unsatisfied ieq: 16
INFO:R0@tkref=3.8769: Summary: Optimization terminated successfully. after 10 it.
DEBUG:R0@tkref=3.8769: $$$$$$$$ CONFLICT LIST $$$$$$$$: []
INFO:R0: --------------------------
DEBUG:R0: LAST STEP
DEBUG:R0: Approx remaining dist: 2.0590090132
DEBUG:R0: Usual approx plan dist: 3.6
DEBUG:R0: Approx gain in dist: 1.5409909868
DEBUG:R0: Last step min dist: 0.5
INFO:R0: scale 0.571946948112 Ns 8 Nk 3
INFO:R0@tkref=5.8154: Time to solve stand alone optimisation problem: 0.798149108887
INFO:R0@tkref=5.8154: N of unsatisfied eq: 10
INFO:R0@tkref=5.8154: N of unsatisfied ieq: 3
INFO:R0@tkref=5.8154: Summary: Iteration limit exceeded after 21 it.
DEBUG:R0@tkref=5.8154: $$$$$$$$ CONFLICT LIST $$$$$$$$: []
INFO:R0: Finished motion planning
INFO:R0: --------------------------
INFO:R0: TOT: 8.24455218276
INFO:R0: NSE: 4
INFO:R0: FIR: 2.71227192879
INFO:R0: LAS: 0.799562931061
INFO:R0: LMA: 0
INFO:R0: MAX: 0.811757802963
INFO:R0: MIN: 0.575217962265
INFO:R0: AVG: 0.693487882614
INFO:R0: RMP: 0.41537314479
INFO:R0: RMG: 0.41537314479
