INFO:R0: Init motion planning
INFO:R0@tkref=0.0000: Time to solve stand alone optimisation problem: 2.93533706665
INFO:R0@tkref=0.0000: N of unsatisfied eq: 3
INFO:R0@tkref=0.0000: N of unsatisfied ieq: 4
INFO:R0@tkref=0.0000: Summary: Iteration limit exceeded after 41 it.
DEBUG:R0@tkref=0.0000: $$$$$$$$ CONFLICT LIST $$$$$$$$: []
INFO:R0: --------------------------
INFO:R0@tkref=0.7778: Time to solve stand alone optimisation problem: 0.482867002487
INFO:R0@tkref=0.7778: N of unsatisfied eq: 2
INFO:R0@tkref=0.7778: N of unsatisfied ieq: 8
INFO:R0@tkref=0.7778: Summary: Optimization terminated successfully. after 7 it.
DEBUG:R0@tkref=0.7778: $$$$$$$$ CONFLICT LIST $$$$$$$$: []
INFO:R0: --------------------------
INFO:R0@tkref=1.5556: Time to solve stand alone optimisation problem: 0.820995092392
INFO:R0@tkref=1.5556: N of unsatisfied eq: 3
INFO:R0@tkref=1.5556: N of unsatisfied ieq: 9
INFO:R0@tkref=1.5556: Summary: Optimization terminated successfully. after 9 it.
DEBUG:R0@tkref=1.5556: $$$$$$$$ CONFLICT LIST $$$$$$$$: []
INFO:R0: --------------------------
INFO:R0@tkref=2.3333: Time to solve stand alone optimisation problem: 0.844449996948
INFO:R0@tkref=2.3333: N of unsatisfied eq: 3
INFO:R0@tkref=2.3333: N of unsatisfied ieq: 7
INFO:R0@tkref=2.3333: Summary: Optimization terminated successfully. after 8 it.
DEBUG:R0@tkref=2.3333: $$$$$$$$ CONFLICT LIST $$$$$$$$: []
INFO:R0: --------------------------
INFO:R0@tkref=3.1111: Time to solve stand alone optimisation problem: 1.03053092957
INFO:R0@tkref=3.1111: N of unsatisfied eq: 2
INFO:R0@tkref=3.1111: N of unsatisfied ieq: 8
INFO:R0@tkref=3.1111: Summary: Optimization terminated successfully. after 10 it.
DEBUG:R0@tkref=3.1111: $$$$$$$$ CONFLICT LIST $$$$$$$$: []
INFO:R0: --------------------------
INFO:R0@tkref=3.8889: Time to solve stand alone optimisation problem: 1.12791013718
INFO:R0@tkref=3.8889: N of unsatisfied eq: 2
INFO:R0@tkref=3.8889: N of unsatisfied ieq: 7
INFO:R0@tkref=3.8889: Summary: Optimization terminated successfully. after 11 it.
DEBUG:R0@tkref=3.8889: $$$$$$$$ CONFLICT LIST $$$$$$$$: []
INFO:R0: --------------------------
INFO:R0@tkref=4.6667: Time to solve stand alone optimisation problem: 1.27706694603
INFO:R0@tkref=4.6667: N of unsatisfied eq: 3
INFO:R0@tkref=4.6667: N of unsatisfied ieq: 6
INFO:R0@tkref=4.6667: Summary: Optimization terminated successfully. after 14 it.
DEBUG:R0@tkref=4.6667: $$$$$$$$ CONFLICT LIST $$$$$$$$: []
INFO:R0: --------------------------
INFO:R0@tkref=5.4444: Time to solve stand alone optimisation problem: 0.320433855057
INFO:R0@tkref=5.4444: N of unsatisfied eq: 3
INFO:R0@tkref=5.4444: N of unsatisfied ieq: 10
INFO:R0@tkref=5.4444: Summary: Optimization terminated successfully. after 4 it.
DEBUG:R0@tkref=5.4444: $$$$$$$$ CONFLICT LIST $$$$$$$$: []
INFO:R0: --------------------------
INFO:R0@tkref=6.2222: Time to solve stand alone optimisation problem: 0.163985967636
INFO:R0@tkref=6.2222: N of unsatisfied eq: 3
INFO:R0@tkref=6.2222: N of unsatisfied ieq: 8
INFO:R0@tkref=6.2222: Summary: Optimization terminated successfully. after 2 it.
DEBUG:R0@tkref=6.2222: $$$$$$$$ CONFLICT LIST $$$$$$$$: []
INFO:R0: --------------------------
DEBUG:R0: LAST STEP
DEBUG:R0: Approx remaining dist: 0.873015473404
DEBUG:R0: Usual approx plan dist: 2.8
DEBUG:R0: Approx gain in dist: 1.9269845266
DEBUG:R0: Last step min dist: 0.5
INFO:R0: scale 0.311791240501 Ns 7 Nk 3
INFO:R0@tkref=7.0000: Time to solve stand alone optimisation problem: 0.453803062439
INFO:R0@tkref=7.0000: N of unsatisfied eq: 10
INFO:R0@tkref=7.0000: N of unsatisfied ieq: 3
INFO:R0@tkref=7.0000: Summary: Iteration limit exceeded after 21 it.
DEBUG:R0@tkref=7.0000: $$$$$$$$ CONFLICT LIST $$$$$$$$: []
INFO:R0: Finished motion planning
INFO:R0: --------------------------
INFO:R0: TOT: 7.98120414432
INFO:R0: NSE: 10
INFO:R0: FIR: 2.93726301193
INFO:R0: LAS: 0.454707860947
INFO:R0: LMA: 0
INFO:R0: MAX: 1.27797698975
INFO:R0: MIN: 0.16491317749
INFO:R0: AVG: 0.759590268135
INFO:R0: RMP: 1.52140117827
INFO:R0: RMG: 1.52140117827
