INFO:R0: Init motion planning
INFO:R0@tkref=0.0000: Time to solve stand alone optimisation problem: 2.92144298553
INFO:R0@tkref=0.0000: N of unsatisfied eq: 4
INFO:R0@tkref=0.0000: N of unsatisfied ieq: 3
INFO:R0@tkref=0.0000: Summary: Iteration limit exceeded after 41 it.
DEBUG:R0@tkref=0.0000: $$$$$$$$ CONFLICT LIST $$$$$$$$: []
INFO:R0: --------------------------
INFO:R0@tkref=0.9600: Time to solve stand alone optimisation problem: 1.11388015747
INFO:R0@tkref=0.9600: N of unsatisfied eq: 3
INFO:R0@tkref=0.9600: N of unsatisfied ieq: 17
INFO:R0@tkref=0.9600: Summary: Iteration limit exceeded after 16 it.
DEBUG:R0@tkref=0.9600: $$$$$$$$ CONFLICT LIST $$$$$$$$: []
INFO:R0: --------------------------
INFO:R0@tkref=1.9200: Time to solve stand alone optimisation problem: 1.51920795441
INFO:R0@tkref=1.9200: N of unsatisfied eq: 1
INFO:R0@tkref=1.9200: N of unsatisfied ieq: 10
INFO:R0@tkref=1.9200: Summary: Iteration limit exceeded after 16 it.
DEBUG:R0@tkref=1.9200: $$$$$$$$ CONFLICT LIST $$$$$$$$: []
INFO:R0: --------------------------
INFO:R0@tkref=2.8800: Time to solve stand alone optimisation problem: 0.995986938477
INFO:R0@tkref=2.8800: N of unsatisfied eq: 2
INFO:R0@tkref=2.8800: N of unsatisfied ieq: 6
INFO:R0@tkref=2.8800: Summary: Optimization terminated successfully. after 11 it.
DEBUG:R0@tkref=2.8800: $$$$$$$$ CONFLICT LIST $$$$$$$$: []
INFO:R0: --------------------------
INFO:R0@tkref=3.8400: Time to solve stand alone optimisation problem: 1.00304198265
INFO:R0@tkref=3.8400: N of unsatisfied eq: 2
INFO:R0@tkref=3.8400: N of unsatisfied ieq: 7
INFO:R0@tkref=3.8400: Summary: Optimization terminated successfully. after 10 it.
DEBUG:R0@tkref=3.8400: $$$$$$$$ CONFLICT LIST $$$$$$$$: []
INFO:R0: --------------------------
INFO:R0@tkref=4.8000: Time to solve stand alone optimisation problem: 1.03633093834
INFO:R0@tkref=4.8000: N of unsatisfied eq: 3
INFO:R0@tkref=4.8000: N of unsatisfied ieq: 8
INFO:R0@tkref=4.8000: Summary: Optimization terminated successfully. after 11 it.
DEBUG:R0@tkref=4.8000: $$$$$$$$ CONFLICT LIST $$$$$$$$: []
INFO:R0: --------------------------
INFO:R0@tkref=5.7600: Time to solve stand alone optimisation problem: 0.214888095856
INFO:R0@tkref=5.7600: N of unsatisfied eq: 3
INFO:R0@tkref=5.7600: N of unsatisfied ieq: 7
INFO:R0@tkref=5.7600: Summary: Optimization terminated successfully. after 3 it.
DEBUG:R0@tkref=5.7600: $$$$$$$$ CONFLICT LIST $$$$$$$$: []
INFO:R0: --------------------------
DEBUG:R0: LAST STEP
DEBUG:R0: Approx remaining dist: 1.27705167757
DEBUG:R0: Usual approx plan dist: 4.8
DEBUG:R0: Approx gain in dist: 3.52294832243
DEBUG:R0: Last step min dist: 0.5
INFO:R0: scale 0.266052432828 Ns 7 Nk 3
INFO:R0@tkref=6.7200: Time to solve stand alone optimisation problem: 0.474961042404
INFO:R0@tkref=6.7200: N of unsatisfied eq: 10
INFO:R0@tkref=6.7200: N of unsatisfied ieq: 4
INFO:R0@tkref=6.7200: Summary: Iteration limit exceeded after 21 it.
DEBUG:R0@tkref=6.7200: $$$$$$$$ CONFLICT LIST $$$$$$$$: []
INFO:R0: Finished motion planning
INFO:R0: --------------------------
INFO:R0: TOT: 8.14133073304
INFO:R0: NSE: 8
INFO:R0: FIR: 2.92282700539
INFO:R0: LAS: 0.476284980774
INFO:R0: LMA: 0
INFO:R0: MAX: 1.52015519142
INFO:R0: MIN: 0.215836048126
INFO:R0: AVG: 0.98150352637
INFO:R0: RMP: 1.58349499106
INFO:R0: RMG: 1.58349499106
