INFO:R0: Init motion planning
INFO:R0@tkref=0.0000: Time to solve stand alone optimisation problem: 1.60617518425
INFO:R0@tkref=0.0000: N of unsatisfied eq: 5
INFO:R0@tkref=0.0000: N of unsatisfied ieq: 12
INFO:R0@tkref=0.0000: Summary: Iteration limit exceeded after 41 it.
DEBUG:R0@tkref=0.0000: $$$$$$$$ CONFLICT LIST $$$$$$$$: []
INFO:R0: --------------------------
INFO:R0@tkref=1.4286: Time to solve stand alone optimisation problem: 0.201775789261
INFO:R0@tkref=1.4286: N of unsatisfied eq: 3
INFO:R0@tkref=1.4286: N of unsatisfied ieq: 6
INFO:R0@tkref=1.4286: Summary: Optimization terminated successfully. after 5 it.
DEBUG:R0@tkref=1.4286: $$$$$$$$ CONFLICT LIST $$$$$$$$: []
INFO:R0: --------------------------
INFO:R0@tkref=2.8571: Time to solve stand alone optimisation problem: 0.0285708904266
INFO:R0@tkref=2.8571: N of unsatisfied eq: 3
INFO:R0@tkref=2.8571: N of unsatisfied ieq: 10
INFO:R0@tkref=2.8571: Summary: Optimization terminated successfully. after 1 it.
DEBUG:R0@tkref=2.8571: $$$$$$$$ CONFLICT LIST $$$$$$$$: []
INFO:R0: --------------------------
INFO:R0@tkref=4.2857: Time to solve stand alone optimisation problem: 0.0437150001526
INFO:R0@tkref=4.2857: N of unsatisfied eq: 3
INFO:R0@tkref=4.2857: N of unsatisfied ieq: 6
INFO:R0@tkref=4.2857: Summary: Optimization terminated successfully. after 1 it.
DEBUG:R0@tkref=4.2857: $$$$$$$$ CONFLICT LIST $$$$$$$$: []
INFO:R0: --------------------------
DEBUG:R0: LAST STEP
DEBUG:R0: Approx remaining dist: 1.55177583956
DEBUG:R0: Usual approx plan dist: 4.0
DEBUG:R0: Approx gain in dist: 2.44822416044
DEBUG:R0: Last step min dist: 0.5
INFO:R0: scale 0.387943959889 Ns 7 Nk 3
INFO:R0@tkref=5.7143: Time to solve stand alone optimisation problem: 0.310501813889
INFO:R0@tkref=5.7143: N of unsatisfied eq: 10
INFO:R0@tkref=5.7143: N of unsatisfied ieq: 4
INFO:R0@tkref=5.7143: Summary: Iteration limit exceeded after 21 it.
DEBUG:R0@tkref=5.7143: $$$$$$$$ CONFLICT LIST $$$$$$$$: []
INFO:R0: Finished motion planning
INFO:R0: --------------------------
INFO:R0: TOT: 7.45731761635
INFO:R0: NSE: 5
INFO:R0: FIR: 1.60765194893
INFO:R0: LAS: 0.311713218689
INFO:R0: LMA: 1
INFO:R0: MAX: 0.202559947968
INFO:R0: MIN: 0.0293049812317
INFO:R0: AVG: 0.0922192732493
INFO:R0: RMP: 0.14468567712
INFO:R0: RMG: 0.222652299064
