INFO:R0: Init motion planning
INFO:R0@tkref=0.0000: Time to solve stand alone optimisation problem: 2.20167303085
INFO:R0@tkref=0.0000: N of unsatisfied eq: 5
INFO:R0@tkref=0.0000: N of unsatisfied ieq: 8
INFO:R0@tkref=0.0000: Summary: Iteration limit exceeded after 41 it.
DEBUG:R0@tkref=0.0000: $$$$$$$$ CONFLICT LIST $$$$$$$$: []
INFO:R0: --------------------------
INFO:R0@tkref=1.3091: Time to solve stand alone optimisation problem: 0.931716918945
INFO:R0@tkref=1.3091: N of unsatisfied eq: 2
INFO:R0@tkref=1.3091: N of unsatisfied ieq: 8
INFO:R0@tkref=1.3091: Summary: Optimization terminated successfully. after 14 it.
DEBUG:R0@tkref=1.3091: $$$$$$$$ CONFLICT LIST $$$$$$$$: []
INFO:R0: --------------------------
INFO:R0@tkref=2.6182: Time to solve stand alone optimisation problem: 1.18652510643
INFO:R0@tkref=2.6182: N of unsatisfied eq: 2
INFO:R0@tkref=2.6182: N of unsatisfied ieq: 8
INFO:R0@tkref=2.6182: Summary: Optimization terminated successfully. after 15 it.
DEBUG:R0@tkref=2.6182: $$$$$$$$ CONFLICT LIST $$$$$$$$: []
INFO:R0: --------------------------
INFO:R0@tkref=3.9273: Time to solve stand alone optimisation problem: 1.16057109833
INFO:R0@tkref=3.9273: N of unsatisfied eq: 2
INFO:R0@tkref=3.9273: N of unsatisfied ieq: 7
INFO:R0@tkref=3.9273: Summary: Optimization terminated successfully. after 15 it.
DEBUG:R0@tkref=3.9273: $$$$$$$$ CONFLICT LIST $$$$$$$$: []
INFO:R0: --------------------------
INFO:R0@tkref=5.2364: Time to solve stand alone optimisation problem: 0.207265138626
INFO:R0@tkref=5.2364: N of unsatisfied eq: 3
INFO:R0@tkref=5.2364: N of unsatisfied ieq: 8
INFO:R0@tkref=5.2364: Summary: Optimization terminated successfully. after 3 it.
DEBUG:R0@tkref=5.2364: $$$$$$$$ CONFLICT LIST $$$$$$$$: []
INFO:R0: --------------------------
DEBUG:R0: LAST STEP
DEBUG:R0: Approx remaining dist: 1.36709843842
DEBUG:R0: Usual approx plan dist: 4.8
DEBUG:R0: Approx gain in dist: 3.43290156158
DEBUG:R0: Last step min dist: 0.5
INFO:R0: scale 0.28481217467 Ns 7 Nk 3
INFO:R0@tkref=6.5455: Time to solve stand alone optimisation problem: 0.552270889282
INFO:R0@tkref=6.5455: N of unsatisfied eq: 10
INFO:R0@tkref=6.5455: N of unsatisfied ieq: 4
INFO:R0@tkref=6.5455: Summary: Iteration limit exceeded after 21 it.
DEBUG:R0@tkref=6.5455: $$$$$$$$ CONFLICT LIST $$$$$$$$: []
INFO:R0: Finished motion planning
INFO:R0: --------------------------
INFO:R0: TOT: 8.07253692104
INFO:R0: NSE: 6
INFO:R0: FIR: 2.20303797722
INFO:R0: LAS: 0.553431034088
INFO:R0: LMA: 0
INFO:R0: MAX: 1.18772602081
INFO:R0: MIN: 0.208738088608
INFO:R0: AVG: 0.872738778591
INFO:R0: RMP: 0.951703542318
INFO:R0: RMG: 0.951703542318
