INFO:R0: Init motion planning
INFO:R0@tkref=0.0000: Time to solve stand alone optimisation problem: 1.65485596657
INFO:R0@tkref=0.0000: N of unsatisfied eq: 4
INFO:R0@tkref=0.0000: N of unsatisfied ieq: 3
INFO:R0@tkref=0.0000: Summary: Iteration limit exceeded after 41 it.
DEBUG:R0@tkref=0.0000: $$$$$$$$ CONFLICT LIST $$$$$$$$: []
INFO:R0: --------------------------
INFO:R0@tkref=1.6800: Time to solve stand alone optimisation problem: 0.711624145508
INFO:R0@tkref=1.6800: N of unsatisfied eq: 4
INFO:R0@tkref=1.6800: N of unsatisfied ieq: 12
INFO:R0@tkref=1.6800: Summary: Iteration limit exceeded after 16 it.
DEBUG:R0@tkref=1.6800: $$$$$$$$ CONFLICT LIST $$$$$$$$: []
INFO:R0: --------------------------
DEBUG:R0: Big problem 77313999383.1
DEBUG:R0: Big problem 773064158.581
DEBUG:R0: Big problem 7723071.30218
INFO:R0@tkref=3.3600: Time to solve stand alone optimisation problem: 0.966192960739
INFO:R0@tkref=3.3600: N of unsatisfied eq: 4
INFO:R0@tkref=3.3600: N of unsatisfied ieq: 8
INFO:R0@tkref=3.3600: Summary: Iteration limit exceeded after 16 it.
DEBUG:R0@tkref=3.3600: $$$$$$$$ CONFLICT LIST $$$$$$$$: []
INFO:R0: --------------------------
INFO:R0@tkref=5.0400: Time to solve stand alone optimisation problem: 0.535133123398
INFO:R0@tkref=5.0400: N of unsatisfied eq: 3
INFO:R0@tkref=5.0400: N of unsatisfied ieq: 7
INFO:R0@tkref=5.0400: Summary: Optimization terminated successfully. after 11 it.
DEBUG:R0@tkref=5.0400: $$$$$$$$ CONFLICT LIST $$$$$$$$: []
INFO:R0: --------------------------
INFO:R0@tkref=6.7200: Time to solve stand alone optimisation problem: 0.258445978165
INFO:R0@tkref=6.7200: N of unsatisfied eq: 3
INFO:R0@tkref=6.7200: N of unsatisfied ieq: 6
INFO:R0@tkref=6.7200: Summary: Optimization terminated successfully. after 6 it.
DEBUG:R0@tkref=6.7200: $$$$$$$$ CONFLICT LIST $$$$$$$$: []
INFO:R0: --------------------------
DEBUG:R0: LAST STEP
DEBUG:R0: Approx remaining dist: 0.827497177225
DEBUG:R0: Usual approx plan dist: 5.6
DEBUG:R0: Approx gain in dist: 4.77250282278
DEBUG:R0: Last step min dist: 0.5
INFO:R0: scale 0.147767353076 Ns 7 Nk 3
INFO:R0@tkref=8.4000: Time to solve stand alone optimisation problem: 0.510135889053
INFO:R0@tkref=8.4000: N of unsatisfied eq: 10
INFO:R0@tkref=8.4000: N of unsatisfied ieq: 2
INFO:R0@tkref=8.4000: Summary: Iteration limit exceeded after 21 it.
DEBUG:R0@tkref=8.4000: $$$$$$$$ CONFLICT LIST $$$$$$$$: []
INFO:R0: Finished motion planning
INFO:R0: --------------------------
INFO:R0: TOT: 9.51880262088
INFO:R0: NSE: 6
INFO:R0: FIR: 1.65629887581
INFO:R0: LAS: 0.511077165604
INFO:R0: LMA: 0
INFO:R0: MAX: 0.967081069946
INFO:R0: MIN: 0.259402036667
INFO:R0: AVG: 0.618801295757
INFO:R0: RMP: 0.678436975092
INFO:R0: RMG: 0.678436975092
