INFO:R0: Init motion planning
INFO:R0@tkref=0.0000: Time to solve stand alone optimisation problem: 1.340102911
INFO:R0@tkref=0.0000: N of unsatisfied eq: 4
INFO:R0@tkref=0.0000: N of unsatisfied ieq: 10
INFO:R0@tkref=0.0000: Summary: Iteration limit exceeded after 41 it.
DEBUG:R0@tkref=0.0000: $$$$$$$$ CONFLICT LIST $$$$$$$$: []
INFO:R0: --------------------------
INFO:R0@tkref=0.7636: Time to solve stand alone optimisation problem: 0.0331590175629
INFO:R0@tkref=0.7636: N of unsatisfied eq: 3
INFO:R0@tkref=0.7636: N of unsatisfied ieq: 3
INFO:R0@tkref=0.7636: Summary: Optimization terminated successfully. after 1 it.
DEBUG:R0@tkref=0.7636: $$$$$$$$ CONFLICT LIST $$$$$$$$: []
INFO:R0: --------------------------
INFO:R0@tkref=1.5273: Time to solve stand alone optimisation problem: 0.154345035553
INFO:R0@tkref=1.5273: N of unsatisfied eq: 5
INFO:R0@tkref=1.5273: N of unsatisfied ieq: 9
INFO:R0@tkref=1.5273: Summary: Optimization terminated successfully. after 5 it.
DEBUG:R0@tkref=1.5273: $$$$$$$$ CONFLICT LIST $$$$$$$$: []
INFO:R0: --------------------------
INFO:R0@tkref=2.2909: Time to solve stand alone optimisation problem: 0.0909419059753
INFO:R0@tkref=2.2909: N of unsatisfied eq: 4
INFO:R0@tkref=2.2909: N of unsatisfied ieq: 10
INFO:R0@tkref=2.2909: Summary: Optimization terminated successfully. after 3 it.
DEBUG:R0@tkref=2.2909: $$$$$$$$ CONFLICT LIST $$$$$$$$: []
INFO:R0: --------------------------
INFO:R0@tkref=3.0545: Time to solve stand alone optimisation problem: 0.0320889949799
INFO:R0@tkref=3.0545: N of unsatisfied eq: 5
INFO:R0@tkref=3.0545: N of unsatisfied ieq: 6
INFO:R0@tkref=3.0545: Summary: Optimization terminated successfully. after 1 it.
DEBUG:R0@tkref=3.0545: $$$$$$$$ CONFLICT LIST $$$$$$$$: []
INFO:R0: --------------------------
INFO:R0@tkref=3.8182: Time to solve stand alone optimisation problem: 0.031131029129
INFO:R0@tkref=3.8182: N of unsatisfied eq: 5
INFO:R0@tkref=3.8182: N of unsatisfied ieq: 5
INFO:R0@tkref=3.8182: Summary: Optimization terminated successfully. after 1 it.
DEBUG:R0@tkref=3.8182: $$$$$$$$ CONFLICT LIST $$$$$$$$: []
INFO:R0: --------------------------
INFO:R0@tkref=4.5818: Time to solve stand alone optimisation problem: 0.0327699184418
INFO:R0@tkref=4.5818: N of unsatisfied eq: 3
INFO:R0@tkref=4.5818: N of unsatisfied ieq: 5
INFO:R0@tkref=4.5818: Summary: Optimization terminated successfully. after 1 it.
DEBUG:R0@tkref=4.5818: $$$$$$$$ CONFLICT LIST $$$$$$$$: []
INFO:R0: --------------------------
INFO:R0@tkref=5.3455: Time to solve stand alone optimisation problem: 0.0311560630798
INFO:R0@tkref=5.3455: N of unsatisfied eq: 3
INFO:R0@tkref=5.3455: N of unsatisfied ieq: 6
INFO:R0@tkref=5.3455: Summary: Optimization terminated successfully. after 1 it.
DEBUG:R0@tkref=5.3455: $$$$$$$$ CONFLICT LIST $$$$$$$$: []
INFO:R0: --------------------------
DEBUG:R0: LAST STEP
DEBUG:R0: Approx remaining dist: 1.04692938872
DEBUG:R0: Usual approx plan dist: 2.8
DEBUG:R0: Approx gain in dist: 1.75307061128
DEBUG:R0: Last step min dist: 0.5
INFO:R0: scale 0.373903353114 Ns 7 Nk 3
INFO:R0@tkref=6.1091: Time to solve stand alone optimisation problem: 0.360180854797
INFO:R0@tkref=6.1091: N of unsatisfied eq: 10
INFO:R0@tkref=6.1091: N of unsatisfied ieq: 4
INFO:R0@tkref=6.1091: Summary: Iteration limit exceeded after 21 it.
DEBUG:R0@tkref=6.1091: $$$$$$$$ CONFLICT LIST $$$$$$$$: []
INFO:R0: Finished motion planning
INFO:R0: --------------------------
INFO:R0: TOT: 7.2848501347
INFO:R0: NSE: 9
INFO:R0: FIR: 1.34129095078
INFO:R0: LAS: 0.360980987549
INFO:R0: LMA: 1
INFO:R0: MAX: 0.155139923096
INFO:R0: MIN: 0.0321238040924
INFO:R0: AVG: 0.0589355060032
INFO:R0: RMP: 0.184690384638
INFO:R0: RMG: 0.429739270891
