INFO:R0: Init motion planning
INFO:R0@tkref=0.0000: Time to solve stand alone optimisation problem: 1.54615807533
INFO:R0@tkref=0.0000: N of unsatisfied eq: 4
INFO:R0@tkref=0.0000: N of unsatisfied ieq: 11
INFO:R0@tkref=0.0000: Summary: Iteration limit exceeded after 41 it.
DEBUG:R0@tkref=0.0000: $$$$$$$$ CONFLICT LIST $$$$$$$$: []
INFO:R0: --------------------------
INFO:R0@tkref=1.7067: Time to solve stand alone optimisation problem: 0.161839962006
INFO:R0@tkref=1.7067: N of unsatisfied eq: 4
INFO:R0@tkref=1.7067: N of unsatisfied ieq: 10
INFO:R0@tkref=1.7067: Summary: Optimization terminated successfully. after 4 it.
DEBUG:R0@tkref=1.7067: $$$$$$$$ CONFLICT LIST $$$$$$$$: []
INFO:R0: --------------------------
INFO:R0@tkref=3.4133: Time to solve stand alone optimisation problem: 0.0399610996246
INFO:R0@tkref=3.4133: N of unsatisfied eq: 5
INFO:R0@tkref=3.4133: N of unsatisfied ieq: 7
INFO:R0@tkref=3.4133: Summary: Optimization terminated successfully. after 1 it.
DEBUG:R0@tkref=3.4133: $$$$$$$$ CONFLICT LIST $$$$$$$$: []
INFO:R0: --------------------------
DEBUG:R0: LAST STEP
DEBUG:R0: Approx remaining dist: 2.04909714989
DEBUG:R0: Usual approx plan dist: 3.2
DEBUG:R0: Approx gain in dist: 1.15090285011
DEBUG:R0: Last step min dist: 0.5
INFO:R0: scale 0.64034285934 Ns 10 Nk 4
INFO:R0@tkref=5.1200: Time to solve stand alone optimisation problem: 0.102051019669
INFO:R0@tkref=5.1200: N of unsatisfied eq: 6
INFO:R0@tkref=5.1200: N of unsatisfied ieq: 6
INFO:R0@tkref=5.1200: Summary: Optimization terminated successfully. after 4 it.
DEBUG:R0@tkref=5.1200: $$$$$$$$ CONFLICT LIST $$$$$$$$: []
INFO:R0: Finished motion planning
INFO:R0: --------------------------
INFO:R0: TOT: 7.34515632136
INFO:R0: NSE: 4
INFO:R0: FIR: 1.5478489399
INFO:R0: LAS: 0.102991819382
INFO:R0: LMA: 0
INFO:R0: MAX: 0.162734031677
INFO:R0: MIN: 0.0411219596863
INFO:R0: AVG: 0.101927995682
INFO:R0: RMP: 0.101708769798
INFO:R0: RMG: 0.101708769798
