INFO:R0: Init motion planning
INFO:R0@tkref=0.0000: Time to solve stand alone optimisation problem: 0.823616981506
INFO:R0@tkref=0.0000: N of unsatisfied eq: 4
INFO:R0@tkref=0.0000: N of unsatisfied ieq: 6
INFO:R0@tkref=0.0000: Summary: Iteration limit exceeded after 41 it.
DEBUG:R0@tkref=0.0000: $$$$$$$$ CONFLICT LIST $$$$$$$$: []
INFO:R0: --------------------------
INFO:R0@tkref=0.8800: Time to solve stand alone optimisation problem: 0.0259518623352
INFO:R0@tkref=0.8800: N of unsatisfied eq: 3
INFO:R0@tkref=0.8800: N of unsatisfied ieq: 5
INFO:R0@tkref=0.8800: Summary: Optimization terminated successfully. after 1 it.
DEBUG:R0@tkref=0.8800: $$$$$$$$ CONFLICT LIST $$$$$$$$: []
INFO:R0: --------------------------
INFO:R0@tkref=1.7600: Time to solve stand alone optimisation problem: 0.025200843811
INFO:R0@tkref=1.7600: N of unsatisfied eq: 3
INFO:R0@tkref=1.7600: N of unsatisfied ieq: 5
INFO:R0@tkref=1.7600: Summary: Optimization terminated successfully. after 1 it.
DEBUG:R0@tkref=1.7600: $$$$$$$$ CONFLICT LIST $$$$$$$$: []
INFO:R0: --------------------------
INFO:R0@tkref=2.6400: Time to solve stand alone optimisation problem: 0.0231349468231
INFO:R0@tkref=2.6400: N of unsatisfied eq: 3
INFO:R0@tkref=2.6400: N of unsatisfied ieq: 4
INFO:R0@tkref=2.6400: Summary: Optimization terminated successfully. after 1 it.
DEBUG:R0@tkref=2.6400: $$$$$$$$ CONFLICT LIST $$$$$$$$: []
INFO:R0: --------------------------
INFO:R0@tkref=3.5200: Time to solve stand alone optimisation problem: 0.0210371017456
INFO:R0@tkref=3.5200: N of unsatisfied eq: 3
INFO:R0@tkref=3.5200: N of unsatisfied ieq: 7
INFO:R0@tkref=3.5200: Summary: Optimization terminated successfully. after 1 it.
DEBUG:R0@tkref=3.5200: $$$$$$$$ CONFLICT LIST $$$$$$$$: []
INFO:R0: --------------------------
INFO:R0@tkref=4.4000: Time to solve stand alone optimisation problem: 0.0226180553436
INFO:R0@tkref=4.4000: N of unsatisfied eq: 5
INFO:R0@tkref=4.4000: N of unsatisfied ieq: 7
INFO:R0@tkref=4.4000: Summary: Optimization terminated successfully. after 1 it.
DEBUG:R0@tkref=4.4000: $$$$$$$$ CONFLICT LIST $$$$$$$$: []
INFO:R0: --------------------------
INFO:R0@tkref=5.2800: Time to solve stand alone optimisation problem: 0.0199739933014
INFO:R0@tkref=5.2800: N of unsatisfied eq: 5
INFO:R0@tkref=5.2800: N of unsatisfied ieq: 6
INFO:R0@tkref=5.2800: Summary: Optimization terminated successfully. after 1 it.
DEBUG:R0@tkref=5.2800: $$$$$$$$ CONFLICT LIST $$$$$$$$: []
INFO:R0: --------------------------
DEBUG:R0: LAST STEP
DEBUG:R0: Approx remaining dist: 1.17204865229
DEBUG:R0: Usual approx plan dist: 4.4
DEBUG:R0: Approx gain in dist: 3.22795134771
DEBUG:R0: Last step min dist: 0.5
INFO:R0: scale 0.266374693702 Ns 7 Nk 3
INFO:R0@tkref=6.1600: Time to solve stand alone optimisation problem: 0.296919107437
INFO:R0@tkref=6.1600: N of unsatisfied eq: 10
INFO:R0@tkref=6.1600: N of unsatisfied ieq: 4
INFO:R0@tkref=6.1600: Summary: Iteration limit exceeded after 21 it.
DEBUG:R0@tkref=6.1600: $$$$$$$$ CONFLICT LIST $$$$$$$$: []
INFO:R0: Finished motion planning
INFO:R0: --------------------------
INFO:R0: TOT: 7.47629124284
INFO:R0: NSE: 8
INFO:R0: FIR: 0.825422048569
INFO:R0: LAS: 0.297668933868
INFO:R0: LMA: 1
INFO:R0: MAX: 0.0267980098724
INFO:R0: MIN: 0.0206580162048
INFO:R0: AVG: 0.0237650076548
INFO:R0: RMP: 0.030452283946
INFO:R0: RMG: 0.338260152123
