INFO:R0: Init motion planning
INFO:R0@tkref=0.0000: Time to solve stand alone optimisation problem: 1.51187801361
INFO:R0@tkref=0.0000: N of unsatisfied eq: 5
INFO:R0@tkref=0.0000: N of unsatisfied ieq: 12
INFO:R0@tkref=0.0000: Summary: Iteration limit exceeded after 41 it.
DEBUG:R0@tkref=0.0000: $$$$$$$$ CONFLICT LIST $$$$$$$$: []
INFO:R0: --------------------------
DEBUG:R0: Big problem 18794605177.8
DEBUG:R0: Big problem 187892387.136
DEBUG:R0: Big problem 1873562.69161
DEBUG:R0: Big problem 5.93501875792e+11
DEBUG:R0: Big problem 5934751219.75
DEBUG:R0: Big problem 59320762.7666
INFO:R0@tkref=2.8571: Time to solve stand alone optimisation problem: 0.901170969009
INFO:R0@tkref=2.8571: N of unsatisfied eq: 2
INFO:R0@tkref=2.8571: N of unsatisfied ieq: 4
INFO:R0@tkref=2.8571: Summary: Iteration limit exceeded after 16 it.
DEBUG:R0@tkref=2.8571: $$$$$$$$ CONFLICT LIST $$$$$$$$: []
INFO:R0: --------------------------
DEBUG:R0: LAST STEP
DEBUG:R0: Approx remaining dist: 2.36539922425
DEBUG:R0: Usual approx plan dist: 4.0
DEBUG:R0: Approx gain in dist: 1.63460077575
DEBUG:R0: Last step min dist: 0.5
INFO:R0: scale 0.591349806063 Ns 9 Nk 3
INFO:R0@tkref=5.7143: Time to solve stand alone optimisation problem: 0.496515989304
INFO:R0@tkref=5.7143: N of unsatisfied eq: 10
INFO:R0@tkref=5.7143: N of unsatisfied ieq: 3
INFO:R0@tkref=5.7143: Summary: Optimization terminated successfully. after 18 it.
DEBUG:R0@tkref=5.7143: $$$$$$$$ CONFLICT LIST $$$$$$$$: []
INFO:R0: Finished motion planning
INFO:R0: --------------------------
INFO:R0: TOT: 8.38113296468
INFO:R0: NSE: 3
INFO:R0: FIR: 1.51343584061
INFO:R0: LAS: 0.497468948364
INFO:R0: LMA: 0
INFO:R0: MAX: 0.902045965195
INFO:R0: MIN: 0.902045965195
INFO:R0: AVG: 0.902045965195
INFO:R0: RMP: 0.311050332826
INFO:R0: RMG: 0.311050332826
