INFO:R0: Init motion planning
INFO:R0@tkref=0.0000: Time to solve stand alone optimisation problem: 1.89185500145
INFO:R0@tkref=0.0000: N of unsatisfied eq: 4
INFO:R0@tkref=0.0000: N of unsatisfied ieq: 11
INFO:R0@tkref=0.0000: Summary: Iteration limit exceeded after 41 it.
DEBUG:R0@tkref=0.0000: $$$$$$$$ CONFLICT LIST $$$$$$$$: []
INFO:R0: --------------------------
INFO:R0@tkref=2.2400: Time to solve stand alone optimisation problem: 0.395109176636
INFO:R0@tkref=2.2400: N of unsatisfied eq: 2
INFO:R0@tkref=2.2400: N of unsatisfied ieq: 9
INFO:R0@tkref=2.2400: Summary: Optimization terminated successfully. after 6 it.
DEBUG:R0@tkref=2.2400: $$$$$$$$ CONFLICT LIST $$$$$$$$: []
INFO:R0: --------------------------
INFO:R0@tkref=4.4800: Time to solve stand alone optimisation problem: 0.405800104141
INFO:R0@tkref=4.4800: N of unsatisfied eq: 3
INFO:R0@tkref=4.4800: N of unsatisfied ieq: 9
INFO:R0@tkref=4.4800: Summary: Optimization terminated successfully. after 6 it.
DEBUG:R0@tkref=4.4800: $$$$$$$$ CONFLICT LIST $$$$$$$$: []
INFO:R0: --------------------------
DEBUG:R0: LAST STEP
DEBUG:R0: Approx remaining dist: 0.967108326704
DEBUG:R0: Usual approx plan dist: 5.6
DEBUG:R0: Approx gain in dist: 4.6328916733
DEBUG:R0: Last step min dist: 0.5
INFO:R0: scale 0.172697915483 Ns 7 Nk 3
INFO:R0@tkref=6.7200: Time to solve stand alone optimisation problem: 0.276198863983
INFO:R0@tkref=6.7200: N of unsatisfied eq: 10
INFO:R0@tkref=6.7200: N of unsatisfied ieq: 3
INFO:R0@tkref=6.7200: Summary: Optimization terminated successfully. after 13 it.
DEBUG:R0@tkref=6.7200: $$$$$$$$ CONFLICT LIST $$$$$$$$: []
INFO:R0: Finished motion planning
INFO:R0: --------------------------
INFO:R0: TOT: 7.82650224431
INFO:R0: NSE: 4
INFO:R0: FIR: 1.89349603653
INFO:R0: LAS: 0.277189016342
INFO:R0: LMA: 0
INFO:R0: MAX: 0.406960010529
INFO:R0: MIN: 0.396026134491
INFO:R0: AVG: 0.40149307251
INFO:R0: RMP: 0.173779507601
INFO:R0: RMG: 0.173779507601
