INFO:R0: Init motion planning
INFO:R0@tkref=0.0000: Time to solve stand alone optimisation problem: 1.39275717735
INFO:R0@tkref=0.0000: N of unsatisfied eq: 4
INFO:R0@tkref=0.0000: N of unsatisfied ieq: 2
INFO:R0@tkref=0.0000: Summary: Iteration limit exceeded after 41 it.
DEBUG:R0@tkref=0.0000: $$$$$$$$ CONFLICT LIST $$$$$$$$: []
INFO:R0: --------------------------
INFO:R0@tkref=2.2000: Time to solve stand alone optimisation problem: 0.528344869614
INFO:R0@tkref=2.2000: N of unsatisfied eq: 2
INFO:R0@tkref=2.2000: N of unsatisfied ieq: 3
INFO:R0@tkref=2.2000: Summary: Optimization terminated successfully. after 12 it.
DEBUG:R0@tkref=2.2000: $$$$$$$$ CONFLICT LIST $$$$$$$$: []
INFO:R0: --------------------------
INFO:R0@tkref=4.4000: Time to solve stand alone optimisation problem: 0.269613981247
INFO:R0@tkref=4.4000: N of unsatisfied eq: 5
INFO:R0@tkref=4.4000: N of unsatisfied ieq: 10
INFO:R0@tkref=4.4000: Summary: Optimization terminated successfully. after 10 it.
DEBUG:R0@tkref=4.4000: $$$$$$$$ CONFLICT LIST $$$$$$$$: []
INFO:R0: --------------------------
INFO:R0@tkref=6.6000: Time to solve stand alone optimisation problem: 0.559762001038
INFO:R0@tkref=6.6000: N of unsatisfied eq: 1
INFO:R0@tkref=6.6000: N of unsatisfied ieq: 5
INFO:R0@tkref=6.6000: Summary: Optimization terminated successfully. after 15 it.
DEBUG:R0@tkref=6.6000: $$$$$$$$ CONFLICT LIST $$$$$$$$: []
INFO:R0: --------------------------
INFO:R0@tkref=8.8000: Time to solve stand alone optimisation problem: 0.109266042709
INFO:R0@tkref=8.8000: N of unsatisfied eq: 3
INFO:R0@tkref=8.8000: N of unsatisfied ieq: 5
INFO:R0@tkref=8.8000: Summary: Optimization terminated successfully. after 3 it.
DEBUG:R0@tkref=8.8000: $$$$$$$$ CONFLICT LIST $$$$$$$$: []
INFO:R0: --------------------------
DEBUG:R0: LAST STEP
DEBUG:R0: Approx remaining dist: 0.413959247126
DEBUG:R0: Usual approx plan dist: 4.4
DEBUG:R0: Approx gain in dist: 3.98604075287
DEBUG:R0: Last step min dist: 0.5
INFO:R0: scale 0.0940816470741 Ns 7 Nk 3
INFO:R0@tkref=11.0000: Time to solve stand alone optimisation problem: 0.441857099533
INFO:R0@tkref=11.0000: N of unsatisfied eq: 10
INFO:R0@tkref=11.0000: N of unsatisfied ieq: 1
INFO:R0@tkref=11.0000: Summary: Iteration limit exceeded after 21 it.
DEBUG:R0@tkref=11.0000: $$$$$$$$ CONFLICT LIST $$$$$$$$: []
INFO:R0: Finished motion planning
INFO:R0: --------------------------
INFO:R0: TOT: 11.5130252447
INFO:R0: NSE: 6
INFO:R0: FIR: 1.39499402046
INFO:R0: LAS: 0.442738056183
INFO:R0: LMA: 0
INFO:R0: MAX: 0.560609817505
INFO:R0: MIN: 0.110123872757
INFO:R0: AVG: 0.367632210255
INFO:R0: RMP: 0.273024261772
INFO:R0: RMG: 0.273024261772
