INFO:R0: Init motion planning
INFO:R0@tkref=0.0000: Time to solve stand alone optimisation problem: 1.56923699379
INFO:R0@tkref=0.0000: N of unsatisfied eq: 4
INFO:R0@tkref=0.0000: N of unsatisfied ieq: 3
INFO:R0@tkref=0.0000: Summary: Iteration limit exceeded after 41 it.
DEBUG:R0@tkref=0.0000: $$$$$$$$ CONFLICT LIST $$$$$$$$: []
INFO:R0: --------------------------
INFO:R0@tkref=2.2400: Time to solve stand alone optimisation problem: 0.328775882721
INFO:R0@tkref=2.2400: N of unsatisfied eq: 3
INFO:R0@tkref=2.2400: N of unsatisfied ieq: 11
INFO:R0@tkref=2.2400: Summary: Optimization terminated successfully. after 11 it.
DEBUG:R0@tkref=2.2400: $$$$$$$$ CONFLICT LIST $$$$$$$$: []
INFO:R0: --------------------------
INFO:R0@tkref=4.4800: Time to solve stand alone optimisation problem: 0.415145158768
INFO:R0@tkref=4.4800: N of unsatisfied eq: 4
INFO:R0@tkref=4.4800: N of unsatisfied ieq: 9
INFO:R0@tkref=4.4800: Summary: Optimization terminated successfully. after 12 it.
DEBUG:R0@tkref=4.4800: $$$$$$$$ CONFLICT LIST $$$$$$$$: []
INFO:R0: --------------------------
INFO:R0@tkref=6.7200: Time to solve stand alone optimisation problem: 0.507349014282
INFO:R0@tkref=6.7200: N of unsatisfied eq: 2
INFO:R0@tkref=6.7200: N of unsatisfied ieq: 6
INFO:R0@tkref=6.7200: Summary: Optimization terminated successfully. after 11 it.
DEBUG:R0@tkref=6.7200: $$$$$$$$ CONFLICT LIST $$$$$$$$: []
INFO:R0: --------------------------
INFO:R0@tkref=8.9600: Time to solve stand alone optimisation problem: 0.124773025513
INFO:R0@tkref=8.9600: N of unsatisfied eq: 3
INFO:R0@tkref=8.9600: N of unsatisfied ieq: 5
INFO:R0@tkref=8.9600: Summary: Optimization terminated successfully. after 3 it.
DEBUG:R0@tkref=8.9600: $$$$$$$$ CONFLICT LIST $$$$$$$$: []
INFO:R0: --------------------------
DEBUG:R0: LAST STEP
DEBUG:R0: Approx remaining dist: 0.56475437946
DEBUG:R0: Usual approx plan dist: 5.6
DEBUG:R0: Approx gain in dist: 5.03524562054
DEBUG:R0: Last step min dist: 0.5
INFO:R0: scale 0.100848996332 Ns 7 Nk 3
INFO:R0@tkref=11.2000: Time to solve stand alone optimisation problem: 0.424312114716
INFO:R0@tkref=11.2000: N of unsatisfied eq: 10
INFO:R0@tkref=11.2000: N of unsatisfied ieq: 2
INFO:R0@tkref=11.2000: Summary: Iteration limit exceeded after 21 it.
DEBUG:R0@tkref=11.2000: $$$$$$$$ CONFLICT LIST $$$$$$$$: []
INFO:R0: Finished motion planning
INFO:R0: --------------------------
INFO:R0: TOT: 11.9435762809
INFO:R0: NSE: 6
INFO:R0: FIR: 1.57106781006
INFO:R0: LAS: 0.42520904541
INFO:R0: LMA: 0
INFO:R0: MAX: 0.508540153503
INFO:R0: MIN: 0.125782012939
INFO:R0: AVG: 0.345053732395
INFO:R0: RMP: 0.249729539667
INFO:R0: RMG: 0.249729539667
