INFO:R0: Init motion planning
INFO:R0@tkref=0.0000: Time to solve stand alone optimisation problem: 1.26534986496
INFO:R0@tkref=0.0000: N of unsatisfied eq: 4
INFO:R0@tkref=0.0000: N of unsatisfied ieq: 12
INFO:R0@tkref=0.0000: Summary: Iteration limit exceeded after 41 it.
DEBUG:R0@tkref=0.0000: $$$$$$$$ CONFLICT LIST $$$$$$$$: []
INFO:R0: --------------------------
INFO:R0@tkref=2.0571: Time to solve stand alone optimisation problem: 0.0285408496857
INFO:R0@tkref=2.0571: N of unsatisfied eq: 3
INFO:R0@tkref=2.0571: N of unsatisfied ieq: 5
INFO:R0@tkref=2.0571: Summary: Optimization terminated successfully. after 1 it.
DEBUG:R0@tkref=2.0571: $$$$$$$$ CONFLICT LIST $$$$$$$$: []
INFO:R0: --------------------------
INFO:R0@tkref=4.1143: Time to solve stand alone optimisation problem: 0.029886007309
INFO:R0@tkref=4.1143: N of unsatisfied eq: 3
INFO:R0@tkref=4.1143: N of unsatisfied ieq: 9
INFO:R0@tkref=4.1143: Summary: Optimization terminated successfully. after 1 it.
DEBUG:R0@tkref=4.1143: $$$$$$$$ CONFLICT LIST $$$$$$$$: []
INFO:R0: --------------------------
DEBUG:R0: LAST STEP
DEBUG:R0: Approx remaining dist: 1.14729861083
DEBUG:R0: Usual approx plan dist: 4.8
DEBUG:R0: Approx gain in dist: 3.65270138917
DEBUG:R0: Last step min dist: 0.5
INFO:R0: scale 0.239020543924 Ns 7 Nk 3
INFO:R0@tkref=6.1714: Time to solve stand alone optimisation problem: 0.312520027161
INFO:R0@tkref=6.1714: N of unsatisfied eq: 10
INFO:R0@tkref=6.1714: N of unsatisfied ieq: 4
INFO:R0@tkref=6.1714: Summary: Iteration limit exceeded after 21 it.
DEBUG:R0@tkref=6.1714: $$$$$$$$ CONFLICT LIST $$$$$$$$: []
INFO:R0: Finished motion planning
INFO:R0: --------------------------
INFO:R0: TOT: 7.4599201792
INFO:R0: NSE: 4
INFO:R0: FIR: 1.26674818993
INFO:R0: LAS: 0.313308000565
INFO:R0: LMA: 1
INFO:R0: MAX: 0.0307188034058
INFO:R0: MIN: 0.0292568206787
INFO:R0: AVG: 0.0299878120422
INFO:R0: RMP: 0.0145448879762
INFO:R0: RMG: 0.148346591176
