INFO:R0: Init motion planning
INFO:R0@tkref=0.0000: Time to solve stand alone optimisation problem: 0.893052101135
INFO:R0@tkref=0.0000: N of unsatisfied eq: 4
INFO:R0@tkref=0.0000: N of unsatisfied ieq: 5
INFO:R0@tkref=0.0000: Summary: Iteration limit exceeded after 41 it.
DEBUG:R0@tkref=0.0000: $$$$$$$$ CONFLICT LIST $$$$$$$$: []
INFO:R0: --------------------------
INFO:R0@tkref=0.7500: Time to solve stand alone optimisation problem: 0.0684010982513
INFO:R0@tkref=0.7500: N of unsatisfied eq: 3
INFO:R0@tkref=0.7500: N of unsatisfied ieq: 6
INFO:R0@tkref=0.7500: Summary: Optimization terminated successfully. after 3 it.
DEBUG:R0@tkref=0.7500: $$$$$$$$ CONFLICT LIST $$$$$$$$: []
INFO:R0: --------------------------
INFO:R0@tkref=1.5000: Time to solve stand alone optimisation problem: 0.0231759548187
INFO:R0@tkref=1.5000: N of unsatisfied eq: 3
INFO:R0@tkref=1.5000: N of unsatisfied ieq: 5
INFO:R0@tkref=1.5000: Summary: Optimization terminated successfully. after 1 it.
DEBUG:R0@tkref=1.5000: $$$$$$$$ CONFLICT LIST $$$$$$$$: []
INFO:R0: --------------------------
INFO:R0@tkref=2.2500: Time to solve stand alone optimisation problem: 0.0237929821014
INFO:R0@tkref=2.2500: N of unsatisfied eq: 3
INFO:R0@tkref=2.2500: N of unsatisfied ieq: 5
INFO:R0@tkref=2.2500: Summary: Optimization terminated successfully. after 1 it.
DEBUG:R0@tkref=2.2500: $$$$$$$$ CONFLICT LIST $$$$$$$$: []
INFO:R0: --------------------------
INFO:R0@tkref=3.0000: Time to solve stand alone optimisation problem: 0.0223369598389
INFO:R0@tkref=3.0000: N of unsatisfied eq: 5
INFO:R0@tkref=3.0000: N of unsatisfied ieq: 6
INFO:R0@tkref=3.0000: Summary: Optimization terminated successfully. after 1 it.
DEBUG:R0@tkref=3.0000: $$$$$$$$ CONFLICT LIST $$$$$$$$: []
INFO:R0: --------------------------
INFO:R0@tkref=3.7500: Time to solve stand alone optimisation problem: 0.0244920253754
INFO:R0@tkref=3.7500: N of unsatisfied eq: 4
INFO:R0@tkref=3.7500: N of unsatisfied ieq: 4
INFO:R0@tkref=3.7500: Summary: Optimization terminated successfully. after 1 it.
DEBUG:R0@tkref=3.7500: $$$$$$$$ CONFLICT LIST $$$$$$$$: []
INFO:R0: --------------------------
INFO:R0@tkref=4.5000: Time to solve stand alone optimisation problem: 0.0200099945068
INFO:R0@tkref=4.5000: N of unsatisfied eq: 3
INFO:R0@tkref=4.5000: N of unsatisfied ieq: 3
INFO:R0@tkref=4.5000: Summary: Optimization terminated successfully. after 1 it.
DEBUG:R0@tkref=4.5000: $$$$$$$$ CONFLICT LIST $$$$$$$$: []
INFO:R0: --------------------------
INFO:R0@tkref=5.2500: Time to solve stand alone optimisation problem: 0.0204648971558
INFO:R0@tkref=5.2500: N of unsatisfied eq: 5
INFO:R0@tkref=5.2500: N of unsatisfied ieq: 4
INFO:R0@tkref=5.2500: Summary: Optimization terminated successfully. after 1 it.
DEBUG:R0@tkref=5.2500: $$$$$$$$ CONFLICT LIST $$$$$$$$: []
INFO:R0: --------------------------
DEBUG:R0: LAST STEP
DEBUG:R0: Approx remaining dist: 1.1048057305
DEBUG:R0: Usual approx plan dist: 2.0
DEBUG:R0: Approx gain in dist: 0.895194269504
DEBUG:R0: Last step min dist: 0.5
INFO:R0: scale 0.552402865248 Ns 7 Nk 3
INFO:R0@tkref=6.0000: Time to solve stand alone optimisation problem: 0.322427988052
INFO:R0@tkref=6.0000: N of unsatisfied eq: 10
INFO:R0@tkref=6.0000: N of unsatisfied ieq: 4
INFO:R0@tkref=6.0000: Summary: Iteration limit exceeded after 21 it.
DEBUG:R0@tkref=6.0000: $$$$$$$$ CONFLICT LIST $$$$$$$$: []
INFO:R0: Finished motion planning
INFO:R0: --------------------------
INFO:R0: TOT: 7.24076789917
INFO:R0: NSE: 9
INFO:R0: FIR: 0.894315958023
INFO:R0: LAS: 0.323359012604
INFO:R0: LMA: 1
INFO:R0: MAX: 0.0695858001709
INFO:R0: MIN: 0.0208530426025
INFO:R0: AVG: 0.0298308304378
INFO:R0: RMP: 0.0994082859584
INFO:R0: RMG: 0.461941446577
