INFO:R0: Init motion planning
INFO:R0@tkref=0.0000: Time to solve stand alone optimisation problem: 1.01293206215
INFO:R0@tkref=0.0000: N of unsatisfied eq: 5
INFO:R0@tkref=0.0000: N of unsatisfied ieq: 6
INFO:R0@tkref=0.0000: Summary: Iteration limit exceeded after 41 it.
DEBUG:R0@tkref=0.0000: $$$$$$$$ CONFLICT LIST $$$$$$$$: []
INFO:R0: --------------------------
DEBUG:R0: LAST STEP
DEBUG:R0: Approx remaining dist: 3.09306980905
DEBUG:R0: Usual approx plan dist: 5.6
DEBUG:R0: Approx gain in dist: 2.50693019095
DEBUG:R0: Last step min dist: 0.5
INFO:R0: scale 0.552333894473 Ns 7 Nk 3
INFO:R0@tkref=4.3556: Time to solve stand alone optimisation problem: 0.458403110504
INFO:R0@tkref=4.3556: N of unsatisfied eq: 10
INFO:R0@tkref=4.3556: N of unsatisfied ieq: 4
INFO:R0@tkref=4.3556: Summary: Iteration limit exceeded after 21 it.
DEBUG:R0@tkref=4.3556: $$$$$$$$ CONFLICT LIST $$$$$$$$: []
INFO:R0: Finished motion planning
INFO:R0: --------------------------
INFO:R0: TOT: 7.82993576107
INFO:R0: NSE: 2
INFO:R0: FIR: 1.01463794708
INFO:R0: LAS: 0.459879159927
INFO:R0: LMA: 1
INFO:R0: MAX: 0.459879159927
INFO:R0: MIN: 0.459879159927
INFO:R0: AVG: 0.459879159927
INFO:R0: RMP: 0.110162690749
INFO:R0: RMG: 0.110162690749
