INFO:R0: Init motion planning
INFO:R0@tkref=0.0000: Time to solve stand alone optimisation problem: 1.10292601585
INFO:R0@tkref=0.0000: N of unsatisfied eq: 5
INFO:R0@tkref=0.0000: N of unsatisfied ieq: 9
INFO:R0@tkref=0.0000: Summary: Iteration limit exceeded after 41 it.
DEBUG:R0@tkref=0.0000: $$$$$$$$ CONFLICT LIST $$$$$$$$: []
INFO:R0: --------------------------
INFO:R0@tkref=1.6364: Time to solve stand alone optimisation problem: 0.227334022522
INFO:R0@tkref=1.6364: N of unsatisfied eq: 2
INFO:R0@tkref=1.6364: N of unsatisfied ieq: 7
INFO:R0@tkref=1.6364: Summary: Optimization terminated successfully. after 7 it.
DEBUG:R0@tkref=1.6364: $$$$$$$$ CONFLICT LIST $$$$$$$$: []
INFO:R0: --------------------------
INFO:R0@tkref=3.2727: Time to solve stand alone optimisation problem: 0.219946861267
INFO:R0@tkref=3.2727: N of unsatisfied eq: 3
INFO:R0@tkref=3.2727: N of unsatisfied ieq: 5
INFO:R0@tkref=3.2727: Summary: Optimization terminated successfully. after 6 it.
DEBUG:R0@tkref=3.2727: $$$$$$$$ CONFLICT LIST $$$$$$$$: []
INFO:R0: --------------------------
INFO:R0@tkref=4.9091: Time to solve stand alone optimisation problem: 0.113678216934
INFO:R0@tkref=4.9091: N of unsatisfied eq: 3
INFO:R0@tkref=4.9091: N of unsatisfied ieq: 5
INFO:R0@tkref=4.9091: Summary: Optimization terminated successfully. after 3 it.
DEBUG:R0@tkref=4.9091: $$$$$$$$ CONFLICT LIST $$$$$$$$: []
INFO:R0: --------------------------
DEBUG:R0: LAST STEP
DEBUG:R0: Approx remaining dist: 1.08668220435
DEBUG:R0: Usual approx plan dist: 3.6
DEBUG:R0: Approx gain in dist: 2.51331779565
DEBUG:R0: Last step min dist: 0.5
INFO:R0: scale 0.301856167874 Ns 7 Nk 3
INFO:R0@tkref=6.5455: Time to solve stand alone optimisation problem: 0.40154004097
INFO:R0@tkref=6.5455: N of unsatisfied eq: 10
INFO:R0@tkref=6.5455: N of unsatisfied ieq: 4
INFO:R0@tkref=6.5455: Summary: Iteration limit exceeded after 21 it.
DEBUG:R0@tkref=6.5455: $$$$$$$$ CONFLICT LIST $$$$$$$$: []
INFO:R0: Finished motion planning
INFO:R0: --------------------------
INFO:R0: TOT: 7.75780041961
INFO:R0: NSE: 5
INFO:R0: FIR: 1.10415506363
INFO:R0: LAS: 0.40242099762
INFO:R0: LMA: 1
INFO:R0: MAX: 0.228190898895
INFO:R0: MIN: 0.11453294754
INFO:R0: AVG: 0.18782599767
INFO:R0: RMP: 0.13865766426
INFO:R0: RMG: 0.24452664786
