INFO:R0: Init motion planning
INFO:R0@tkref=0.0000: Time to solve stand alone optimisation problem: 0.874850988388
INFO:R0@tkref=0.0000: N of unsatisfied eq: 5
INFO:R0@tkref=0.0000: N of unsatisfied ieq: 9
INFO:R0@tkref=0.0000: Summary: Iteration limit exceeded after 41 it.
DEBUG:R0@tkref=0.0000: $$$$$$$$ CONFLICT LIST $$$$$$$$: []
INFO:R0: --------------------------
INFO:R0@tkref=0.5818: Time to solve stand alone optimisation problem: 0.0640599727631
INFO:R0@tkref=0.5818: N of unsatisfied eq: 3
INFO:R0@tkref=0.5818: N of unsatisfied ieq: 6
INFO:R0@tkref=0.5818: Summary: Optimization terminated successfully. after 3 it.
DEBUG:R0@tkref=0.5818: $$$$$$$$ CONFLICT LIST $$$$$$$$: []
INFO:R0: --------------------------
INFO:R0@tkref=1.1636: Time to solve stand alone optimisation problem: 0.0404040813446
INFO:R0@tkref=1.1636: N of unsatisfied eq: 3
INFO:R0@tkref=1.1636: N of unsatisfied ieq: 9
INFO:R0@tkref=1.1636: Summary: Optimization terminated successfully. after 2 it.
DEBUG:R0@tkref=1.1636: $$$$$$$$ CONFLICT LIST $$$$$$$$: []
INFO:R0: --------------------------
INFO:R0@tkref=1.7455: Time to solve stand alone optimisation problem: 0.022430896759
INFO:R0@tkref=1.7455: N of unsatisfied eq: 3
INFO:R0@tkref=1.7455: N of unsatisfied ieq: 6
INFO:R0@tkref=1.7455: Summary: Optimization terminated successfully. after 1 it.
DEBUG:R0@tkref=1.7455: $$$$$$$$ CONFLICT LIST $$$$$$$$: []
INFO:R0: --------------------------
INFO:R0@tkref=2.3273: Time to solve stand alone optimisation problem: 0.0662748813629
INFO:R0@tkref=2.3273: N of unsatisfied eq: 4
INFO:R0@tkref=2.3273: N of unsatisfied ieq: 6
INFO:R0@tkref=2.3273: Summary: Optimization terminated successfully. after 3 it.
DEBUG:R0@tkref=2.3273: $$$$$$$$ CONFLICT LIST $$$$$$$$: []
INFO:R0: --------------------------
INFO:R0@tkref=2.9091: Time to solve stand alone optimisation problem: 0.0203371047974
INFO:R0@tkref=2.9091: N of unsatisfied eq: 3
INFO:R0@tkref=2.9091: N of unsatisfied ieq: 8
INFO:R0@tkref=2.9091: Summary: Optimization terminated successfully. after 1 it.
DEBUG:R0@tkref=2.9091: $$$$$$$$ CONFLICT LIST $$$$$$$$: []
INFO:R0: --------------------------
INFO:R0@tkref=3.4909: Time to solve stand alone optimisation problem: 0.0203359127045
INFO:R0@tkref=3.4909: N of unsatisfied eq: 3
INFO:R0@tkref=3.4909: N of unsatisfied ieq: 7
INFO:R0@tkref=3.4909: Summary: Optimization terminated successfully. after 1 it.
DEBUG:R0@tkref=3.4909: $$$$$$$$ CONFLICT LIST $$$$$$$$: []
INFO:R0: --------------------------
INFO:R0@tkref=4.0727: Time to solve stand alone optimisation problem: 0.0204420089722
INFO:R0@tkref=4.0727: N of unsatisfied eq: 4
INFO:R0@tkref=4.0727: N of unsatisfied ieq: 5
INFO:R0@tkref=4.0727: Summary: Optimization terminated successfully. after 1 it.
DEBUG:R0@tkref=4.0727: $$$$$$$$ CONFLICT LIST $$$$$$$$: []
INFO:R0: --------------------------
INFO:R0@tkref=4.6545: Time to solve stand alone optimisation problem: 0.0206170082092
INFO:R0@tkref=4.6545: N of unsatisfied eq: 3
INFO:R0@tkref=4.6545: N of unsatisfied ieq: 4
INFO:R0@tkref=4.6545: Summary: Optimization terminated successfully. after 1 it.
DEBUG:R0@tkref=4.6545: $$$$$$$$ CONFLICT LIST $$$$$$$$: []
INFO:R0: --------------------------
INFO:R0@tkref=5.2364: Time to solve stand alone optimisation problem: 0.0206470489502
INFO:R0@tkref=5.2364: N of unsatisfied eq: 4
INFO:R0@tkref=5.2364: N of unsatisfied ieq: 6
INFO:R0@tkref=5.2364: Summary: Optimization terminated successfully. after 1 it.
DEBUG:R0@tkref=5.2364: $$$$$$$$ CONFLICT LIST $$$$$$$$: []
INFO:R0: --------------------------
INFO:R0@tkref=5.8182: Time to solve stand alone optimisation problem: 0.0205750465393
INFO:R0@tkref=5.8182: N of unsatisfied eq: 3
INFO:R0@tkref=5.8182: N of unsatisfied ieq: 8
INFO:R0@tkref=5.8182: Summary: Optimization terminated successfully. after 1 it.
DEBUG:R0@tkref=5.8182: $$$$$$$$ CONFLICT LIST $$$$$$$$: []
INFO:R0: --------------------------
DEBUG:R0: LAST STEP
DEBUG:R0: Approx remaining dist: 0.881499072029
DEBUG:R0: Usual approx plan dist: 3.2
DEBUG:R0: Approx gain in dist: 2.31850092797
DEBUG:R0: Last step min dist: 0.5
INFO:R0: scale 0.275468460009 Ns 7 Nk 3
INFO:R0@tkref=6.4000: Time to solve stand alone optimisation problem: 0.297513961792
INFO:R0@tkref=6.4000: N of unsatisfied eq: 10
INFO:R0@tkref=6.4000: N of unsatisfied ieq: 4
INFO:R0@tkref=6.4000: Summary: Iteration limit exceeded after 21 it.
DEBUG:R0@tkref=6.4000: $$$$$$$$ CONFLICT LIST $$$$$$$$: []
INFO:R0: Finished motion planning
INFO:R0: --------------------------
INFO:R0: TOT: 7.38994866055
INFO:R0: NSE: 12
INFO:R0: FIR: 0.876096010208
INFO:R0: LAS: 0.298258066177
INFO:R0: LMA: 1
INFO:R0: MAX: 0.0671060085297
INFO:R0: MIN: 0.0210111141205
INFO:R0: AVG: 0.0323904275894
INFO:R0: RMP: 0.104853138328
INFO:R0: RMG: 0.466028228402
