INFO:R0: Init motion planning
INFO:R0@tkref=0.0000: Time to solve stand alone optimisation problem: 2.55133008957
INFO:R0@tkref=0.0000: N of unsatisfied eq: 4
INFO:R0@tkref=0.0000: N of unsatisfied ieq: 5
INFO:R0@tkref=0.0000: Summary: Iteration limit exceeded after 41 it.
DEBUG:R0@tkref=0.0000: $$$$$$$$ CONFLICT LIST $$$$$$$$: []
INFO:R0: --------------------------
INFO:R0@tkref=1.7143: Time to solve stand alone optimisation problem: 1.16273784637
INFO:R0@tkref=1.7143: N of unsatisfied eq: 3
INFO:R0@tkref=1.7143: N of unsatisfied ieq: 18
INFO:R0@tkref=1.7143: Summary: Iteration limit exceeded after 16 it.
DEBUG:R0@tkref=1.7143: $$$$$$$$ CONFLICT LIST $$$$$$$$: []
INFO:R0: --------------------------
INFO:R0@tkref=3.4286: Time to solve stand alone optimisation problem: 0.870852947235
INFO:R0@tkref=3.4286: N of unsatisfied eq: 2
INFO:R0@tkref=3.4286: N of unsatisfied ieq: 5
INFO:R0@tkref=3.4286: Summary: Optimization terminated successfully. after 11 it.
DEBUG:R0@tkref=3.4286: $$$$$$$$ CONFLICT LIST $$$$$$$$: []
INFO:R0: --------------------------
INFO:R0@tkref=5.1429: Time to solve stand alone optimisation problem: 1.00754499435
INFO:R0@tkref=5.1429: N of unsatisfied eq: 3
INFO:R0@tkref=5.1429: N of unsatisfied ieq: 6
INFO:R0@tkref=5.1429: Summary: Iteration limit exceeded after 16 it.
DEBUG:R0@tkref=5.1429: $$$$$$$$ CONFLICT LIST $$$$$$$$: []
INFO:R0: --------------------------
DEBUG:R0: LAST STEP
DEBUG:R0: Approx remaining dist: 1.4952834959
DEBUG:R0: Usual approx plan dist: 4.8
DEBUG:R0: Approx gain in dist: 3.3047165041
DEBUG:R0: Last step min dist: 0.5
INFO:R0: scale 0.311517394978 Ns 7 Nk 3
INFO:R0@tkref=6.8571: Time to solve stand alone optimisation problem: 0.548686027527
INFO:R0@tkref=6.8571: N of unsatisfied eq: 10
INFO:R0@tkref=6.8571: N of unsatisfied ieq: 3
INFO:R0@tkref=6.8571: Summary: Iteration limit exceeded after 21 it.
DEBUG:R0@tkref=6.8571: $$$$$$$$ CONFLICT LIST $$$$$$$$: []
INFO:R0: Finished motion planning
INFO:R0: --------------------------
INFO:R0: TOT: 8.6123206081
INFO:R0: NSE: 5
INFO:R0: FIR: 2.55319905281
INFO:R0: LAS: 0.549741029739
INFO:R0: LMA: 0
INFO:R0: MAX: 1.16376495361
INFO:R0: MIN: 0.87175488472
INFO:R0: AVG: 1.01465161641
INFO:R0: RMP: 0.638029031586
INFO:R0: RMG: 0.638029031586
