INFO:R0: Init motion planning
INFO:R0@tkref=0.0000: Time to solve stand alone optimisation problem: 1.96087193489
INFO:R0@tkref=0.0000: N of unsatisfied eq: 5
INFO:R0@tkref=0.0000: N of unsatisfied ieq: 8
INFO:R0@tkref=0.0000: Summary: Iteration limit exceeded after 41 it.
DEBUG:R0@tkref=0.0000: $$$$$$$$ CONFLICT LIST $$$$$$$$: []
INFO:R0: --------------------------
INFO:R0@tkref=2.7500: Time to solve stand alone optimisation problem: 0.76824092865
INFO:R0@tkref=2.7500: N of unsatisfied eq: 2
INFO:R0@tkref=2.7500: N of unsatisfied ieq: 9
INFO:R0@tkref=2.7500: Summary: Optimization terminated successfully. after 11 it.
DEBUG:R0@tkref=2.7500: $$$$$$$$ CONFLICT LIST $$$$$$$$: []
INFO:R0: --------------------------
DEBUG:R0: LAST STEP
DEBUG:R0: Approx remaining dist: 2.24859638312
DEBUG:R0: Usual approx plan dist: 4.4
DEBUG:R0: Approx gain in dist: 2.15140361688
DEBUG:R0: Last step min dist: 0.5
INFO:R0: scale 0.511044632527 Ns 9 Nk 3
INFO:R0@tkref=5.5000: Time to solve stand alone optimisation problem: 0.630912065506
INFO:R0@tkref=5.5000: N of unsatisfied eq: 10
INFO:R0@tkref=5.5000: N of unsatisfied ieq: 3
INFO:R0@tkref=5.5000: Summary: Iteration limit exceeded after 21 it.
DEBUG:R0@tkref=5.5000: $$$$$$$$ CONFLICT LIST $$$$$$$$: []
INFO:R0: Finished motion planning
INFO:R0: --------------------------
INFO:R0: TOT: 8.01538351366
INFO:R0: NSE: 3
INFO:R0: FIR: 1.96271514893
INFO:R0: LAS: 0.632028102875
INFO:R0: LMA: 0
INFO:R0: MAX: 0.769138097763
INFO:R0: MIN: 0.769138097763
INFO:R0: AVG: 0.769138097763
INFO:R0: RMP: 0.291340188547
INFO:R0: RMG: 0.291340188547
