INFO:R0: Init motion planning
INFO:R0@tkref=0.0000: Time to solve stand alone optimisation problem: 0.941070079803
INFO:R0@tkref=0.0000: N of unsatisfied eq: 4
INFO:R0@tkref=0.0000: N of unsatisfied ieq: 5
INFO:R0@tkref=0.0000: Summary: Iteration limit exceeded after 41 it.
DEBUG:R0@tkref=0.0000: $$$$$$$$ CONFLICT LIST $$$$$$$$: []
INFO:R0: --------------------------
INFO:R0@tkref=1.1556: Time to solve stand alone optimisation problem: 0.0230009555817
INFO:R0@tkref=1.1556: N of unsatisfied eq: 3
INFO:R0@tkref=1.1556: N of unsatisfied ieq: 4
INFO:R0@tkref=1.1556: Summary: Optimization terminated successfully. after 1 it.
DEBUG:R0@tkref=1.1556: $$$$$$$$ CONFLICT LIST $$$$$$$$: []
INFO:R0: --------------------------
INFO:R0@tkref=2.3111: Time to solve stand alone optimisation problem: 0.0260889530182
INFO:R0@tkref=2.3111: N of unsatisfied eq: 3
INFO:R0@tkref=2.3111: N of unsatisfied ieq: 6
INFO:R0@tkref=2.3111: Summary: Optimization terminated successfully. after 1 it.
DEBUG:R0@tkref=2.3111: $$$$$$$$ CONFLICT LIST $$$$$$$$: []
INFO:R0: --------------------------
INFO:R0@tkref=3.4667: Time to solve stand alone optimisation problem: 0.0228369235992
INFO:R0@tkref=3.4667: N of unsatisfied eq: 3
INFO:R0@tkref=3.4667: N of unsatisfied ieq: 5
INFO:R0@tkref=3.4667: Summary: Optimization terminated successfully. after 1 it.
DEBUG:R0@tkref=3.4667: $$$$$$$$ CONFLICT LIST $$$$$$$$: []
INFO:R0: --------------------------
INFO:R0@tkref=4.6222: Time to solve stand alone optimisation problem: 0.0223598480225
INFO:R0@tkref=4.6222: N of unsatisfied eq: 3
INFO:R0@tkref=4.6222: N of unsatisfied ieq: 5
INFO:R0@tkref=4.6222: Summary: Optimization terminated successfully. after 1 it.
DEBUG:R0@tkref=4.6222: $$$$$$$$ CONFLICT LIST $$$$$$$$: []
INFO:R0: --------------------------
DEBUG:R0: LAST STEP
DEBUG:R0: Approx remaining dist: 1.42000307597
DEBUG:R0: Usual approx plan dist: 5.2
DEBUG:R0: Approx gain in dist: 3.77999692403
DEBUG:R0: Last step min dist: 0.5
INFO:R0: scale 0.273077514609 Ns 7 Nk 3
INFO:R0@tkref=5.7778: Time to solve stand alone optimisation problem: 0.322754144669
INFO:R0@tkref=5.7778: N of unsatisfied eq: 8
INFO:R0@tkref=5.7778: N of unsatisfied ieq: 4
INFO:R0@tkref=5.7778: Summary: Iteration limit exceeded after 21 it.
DEBUG:R0@tkref=5.7778: $$$$$$$$ CONFLICT LIST $$$$$$$$: []
INFO:R0: Finished motion planning
INFO:R0: --------------------------
INFO:R0: TOT: 7.37279567918
INFO:R0: NSE: 6
INFO:R0: FIR: 0.942692995071
INFO:R0: LAS: 0.323837041855
INFO:R0: LMA: 1
INFO:R0: MAX: 0.0270202159882
INFO:R0: MIN: 0.023078918457
INFO:R0: AVG: 0.0244638323784
INFO:R0: RMP: 0.0259809769117
INFO:R0: RMG: 0.311381771014
