INFO:R0: Init motion planning
INFO:R0@tkref=0.0000: Time to solve stand alone optimisation problem: 2.04644703865
INFO:R0@tkref=0.0000: N of unsatisfied eq: 4
INFO:R0@tkref=0.0000: N of unsatisfied ieq: 4
INFO:R0@tkref=0.0000: Summary: Iteration limit exceeded after 41 it.
DEBUG:R0@tkref=0.0000: $$$$$$$$ CONFLICT LIST $$$$$$$$: []
INFO:R0: --------------------------
INFO:R0@tkref=0.8667: Time to solve stand alone optimisation problem: 0.577846050262
INFO:R0@tkref=0.8667: N of unsatisfied eq: 2
INFO:R0@tkref=0.8667: N of unsatisfied ieq: 6
INFO:R0@tkref=0.8667: Summary: Optimization terminated successfully. after 13 it.
DEBUG:R0@tkref=0.8667: $$$$$$$$ CONFLICT LIST $$$$$$$$: []
INFO:R0: --------------------------
INFO:R0@tkref=1.7333: Time to solve stand alone optimisation problem: 0.928433895111
INFO:R0@tkref=1.7333: N of unsatisfied eq: 2
INFO:R0@tkref=1.7333: N of unsatisfied ieq: 4
INFO:R0@tkref=1.7333: Summary: Iteration limit exceeded after 16 it.
DEBUG:R0@tkref=1.7333: $$$$$$$$ CONFLICT LIST $$$$$$$$: []
INFO:R0: --------------------------
INFO:R0@tkref=2.6000: Time to solve stand alone optimisation problem: 0.292705059052
INFO:R0@tkref=2.6000: N of unsatisfied eq: 5
INFO:R0@tkref=2.6000: N of unsatisfied ieq: 14
INFO:R0@tkref=2.6000: Summary: Optimization terminated successfully. after 9 it.
DEBUG:R0@tkref=2.6000: $$$$$$$$ CONFLICT LIST $$$$$$$$: []
INFO:R0: --------------------------
INFO:R0@tkref=3.4667: Time to solve stand alone optimisation problem: 0.265578985214
INFO:R0@tkref=3.4667: N of unsatisfied eq: 3
INFO:R0@tkref=3.4667: N of unsatisfied ieq: 7
INFO:R0@tkref=3.4667: Summary: Optimization terminated successfully. after 3 it.
DEBUG:R0@tkref=3.4667: $$$$$$$$ CONFLICT LIST $$$$$$$$: []
INFO:R0: --------------------------
INFO:R0@tkref=4.3333: Time to solve stand alone optimisation problem: 0.198723077774
INFO:R0@tkref=4.3333: N of unsatisfied eq: 3
INFO:R0@tkref=4.3333: N of unsatisfied ieq: 6
INFO:R0@tkref=4.3333: Summary: Optimization terminated successfully. after 3 it.
DEBUG:R0@tkref=4.3333: $$$$$$$$ CONFLICT LIST $$$$$$$$: []
INFO:R0: --------------------------
INFO:R0@tkref=5.2000: Time to solve stand alone optimisation problem: 0.106487989426
INFO:R0@tkref=5.2000: N of unsatisfied eq: 3
INFO:R0@tkref=5.2000: N of unsatisfied ieq: 6
INFO:R0@tkref=5.2000: Summary: Optimization terminated successfully. after 2 it.
DEBUG:R0@tkref=5.2000: $$$$$$$$ CONFLICT LIST $$$$$$$$: []
INFO:R0: --------------------------
INFO:R0@tkref=6.0667: Time to solve stand alone optimisation problem: 0.10654091835
INFO:R0@tkref=6.0667: N of unsatisfied eq: 3
INFO:R0@tkref=6.0667: N of unsatisfied ieq: 6
INFO:R0@tkref=6.0667: Summary: Optimization terminated successfully. after 2 it.
DEBUG:R0@tkref=6.0667: $$$$$$$$ CONFLICT LIST $$$$$$$$: []
INFO:R0: --------------------------
DEBUG:R0: LAST STEP
DEBUG:R0: Approx remaining dist: 0.999475422766
DEBUG:R0: Usual approx plan dist: 5.2
DEBUG:R0: Approx gain in dist: 4.20052457723
DEBUG:R0: Last step min dist: 0.5
INFO:R0: scale 0.19220681207 Ns 7 Nk 3
INFO:R0@tkref=6.9333: Time to solve stand alone optimisation problem: 0.464472055435
INFO:R0@tkref=6.9333: N of unsatisfied eq: 10
INFO:R0@tkref=6.9333: N of unsatisfied ieq: 4
INFO:R0@tkref=6.9333: Summary: Iteration limit exceeded after 21 it.
DEBUG:R0@tkref=6.9333: $$$$$$$$ CONFLICT LIST $$$$$$$$: []
INFO:R0: Finished motion planning
INFO:R0: --------------------------
INFO:R0: TOT: 8.04444465619
INFO:R0: NSE: 9
INFO:R0: FIR: 2.04810500145
INFO:R0: LAS: 0.465369939804
INFO:R0: LMA: 0
INFO:R0: MAX: 0.929313898087
INFO:R0: MIN: 0.107314109802
INFO:R0: AVG: 0.354609557561
INFO:R0: RMP: 0.893571055852
INFO:R0: RMG: 0.893571055852
