INFO:R0: Init motion planning
INFO:R0@tkref=0.0000: Time to solve stand alone optimisation problem: 2.81500291824
INFO:R0@tkref=0.0000: N of unsatisfied eq: 4
INFO:R0@tkref=0.0000: N of unsatisfied ieq: 3
INFO:R0@tkref=0.0000: Summary: Iteration limit exceeded after 41 it.
DEBUG:R0@tkref=0.0000: $$$$$$$$ CONFLICT LIST $$$$$$$$: []
INFO:R0: --------------------------
INFO:R0@tkref=1.2800: Time to solve stand alone optimisation problem: 1.04669880867
INFO:R0@tkref=1.2800: N of unsatisfied eq: 2
INFO:R0@tkref=1.2800: N of unsatisfied ieq: 6
INFO:R0@tkref=1.2800: Summary: Optimization terminated successfully. after 15 it.
DEBUG:R0@tkref=1.2800: $$$$$$$$ CONFLICT LIST $$$$$$$$: []
INFO:R0: --------------------------
INFO:R0@tkref=2.5600: Time to solve stand alone optimisation problem: 0.634446144104
INFO:R0@tkref=2.5600: N of unsatisfied eq: 3
INFO:R0@tkref=2.5600: N of unsatisfied ieq: 8
INFO:R0@tkref=2.5600: Summary: Optimization terminated successfully. after 8 it.
DEBUG:R0@tkref=2.5600: $$$$$$$$ CONFLICT LIST $$$$$$$$: []
INFO:R0: --------------------------
INFO:R0@tkref=3.8400: Time to solve stand alone optimisation problem: 0.634730100632
INFO:R0@tkref=3.8400: N of unsatisfied eq: 2
INFO:R0@tkref=3.8400: N of unsatisfied ieq: 8
INFO:R0@tkref=3.8400: Summary: Optimization terminated successfully. after 7 it.
DEBUG:R0@tkref=3.8400: $$$$$$$$ CONFLICT LIST $$$$$$$$: []
INFO:R0: --------------------------
INFO:R0@tkref=5.1200: Time to solve stand alone optimisation problem: 0.886070013046
INFO:R0@tkref=5.1200: N of unsatisfied eq: 3
INFO:R0@tkref=5.1200: N of unsatisfied ieq: 9
INFO:R0@tkref=5.1200: Summary: Optimization terminated successfully. after 11 it.
DEBUG:R0@tkref=5.1200: $$$$$$$$ CONFLICT LIST $$$$$$$$: []
INFO:R0: --------------------------
INFO:R0@tkref=6.4000: Time to solve stand alone optimisation problem: 0.220326900482
INFO:R0@tkref=6.4000: N of unsatisfied eq: 3
INFO:R0@tkref=6.4000: N of unsatisfied ieq: 7
INFO:R0@tkref=6.4000: Summary: Optimization terminated successfully. after 3 it.
DEBUG:R0@tkref=6.4000: $$$$$$$$ CONFLICT LIST $$$$$$$$: []
INFO:R0: --------------------------
DEBUG:R0: LAST STEP
DEBUG:R0: Approx remaining dist: 0.885672798904
DEBUG:R0: Usual approx plan dist: 4.8
DEBUG:R0: Approx gain in dist: 3.9143272011
DEBUG:R0: Last step min dist: 0.5
INFO:R0: scale 0.184515166438 Ns 7 Nk 3
INFO:R0@tkref=7.6800: Time to solve stand alone optimisation problem: 0.478176832199
INFO:R0@tkref=7.6800: N of unsatisfied eq: 10
INFO:R0@tkref=7.6800: N of unsatisfied ieq: 4
INFO:R0@tkref=7.6800: Summary: Iteration limit exceeded after 21 it.
DEBUG:R0@tkref=7.6800: $$$$$$$$ CONFLICT LIST $$$$$$$$: []
INFO:R0: Finished motion planning
INFO:R0: --------------------------
INFO:R0: TOT: 8.66397395823
INFO:R0: NSE: 7
INFO:R0: FIR: 2.81691884995
INFO:R0: LAS: 0.479094028473
INFO:R0: LMA: 0
INFO:R0: MAX: 1.04761815071
INFO:R0: MIN: 0.221549987793
INFO:R0: AVG: 0.685438251495
INFO:R0: RMP: 0.839437620762
INFO:R0: RMG: 0.839437620762
