INFO:R0: Init motion planning
INFO:R0@tkref=0.0000: Time to solve stand alone optimisation problem: 1.96272492409
INFO:R0@tkref=0.0000: N of unsatisfied eq: 4
INFO:R0@tkref=0.0000: N of unsatisfied ieq: 8
INFO:R0@tkref=0.0000: Summary: Iteration limit exceeded after 41 it.
DEBUG:R0@tkref=0.0000: $$$$$$$$ CONFLICT LIST $$$$$$$$: []
INFO:R0: --------------------------
INFO:R0@tkref=2.8000: Time to solve stand alone optimisation problem: 1.11927103996
INFO:R0@tkref=2.8000: N of unsatisfied eq: 2
INFO:R0@tkref=2.8000: N of unsatisfied ieq: 9
INFO:R0@tkref=2.8000: Summary: Iteration limit exceeded after 16 it.
DEBUG:R0@tkref=2.8000: $$$$$$$$ CONFLICT LIST $$$$$$$$: []
INFO:R0: --------------------------
DEBUG:R0: LAST STEP
DEBUG:R0: Approx remaining dist: 2.48568810467
DEBUG:R0: Usual approx plan dist: 5.6
DEBUG:R0: Approx gain in dist: 3.11431189533
DEBUG:R0: Last step min dist: 0.5
INFO:R0: scale 0.443872875833 Ns 8 Nk 3
INFO:R0@tkref=5.6000: Time to solve stand alone optimisation problem: 0.504590988159
INFO:R0@tkref=5.6000: N of unsatisfied eq: 10
INFO:R0@tkref=5.6000: N of unsatisfied ieq: 3
INFO:R0@tkref=5.6000: Summary: Optimization terminated successfully. after 19 it.
DEBUG:R0@tkref=5.6000: $$$$$$$$ CONFLICT LIST $$$$$$$$: []
INFO:R0: Finished motion planning
INFO:R0: --------------------------
INFO:R0: TOT: 8.49023780171
INFO:R0: NSE: 3
INFO:R0: FIR: 1.96458387375
INFO:R0: LAS: 0.505683898926
INFO:R0: LMA: 0
INFO:R0: MAX: 1.12028098106
INFO:R0: MIN: 1.12028098106
INFO:R0: AVG: 1.12028098106
INFO:R0: RMP: 0.37940550467
INFO:R0: RMG: 0.37940550467
