INFO:R0: Init motion planning
INFO:R0@tkref=0.0000: Time to solve stand alone optimisation problem: 1.59229016304
INFO:R0@tkref=0.0000: N of unsatisfied eq: 4
INFO:R0@tkref=0.0000: N of unsatisfied ieq: 8
INFO:R0@tkref=0.0000: Summary: Iteration limit exceeded after 41 it.
DEBUG:R0@tkref=0.0000: $$$$$$$$ CONFLICT LIST $$$$$$$$: []
INFO:R0: --------------------------
INFO:R0@tkref=0.6750: Time to solve stand alone optimisation problem: 0.216368913651
INFO:R0@tkref=0.6750: N of unsatisfied eq: 3
INFO:R0@tkref=0.6750: N of unsatisfied ieq: 13
INFO:R0@tkref=0.6750: Summary: Optimization terminated successfully. after 5 it.
DEBUG:R0@tkref=0.6750: $$$$$$$$ CONFLICT LIST $$$$$$$$: []
INFO:R0: --------------------------
INFO:R0@tkref=1.3500: Time to solve stand alone optimisation problem: 0.249696016312
INFO:R0@tkref=1.3500: N of unsatisfied eq: 3
INFO:R0@tkref=1.3500: N of unsatisfied ieq: 6
INFO:R0@tkref=1.3500: Summary: Optimization terminated successfully. after 6 it.
DEBUG:R0@tkref=1.3500: $$$$$$$$ CONFLICT LIST $$$$$$$$: []
INFO:R0: --------------------------
INFO:R0@tkref=2.0250: Time to solve stand alone optimisation problem: 0.214833021164
INFO:R0@tkref=2.0250: N of unsatisfied eq: 3
INFO:R0@tkref=2.0250: N of unsatisfied ieq: 11
INFO:R0@tkref=2.0250: Summary: Optimization terminated successfully. after 5 it.
DEBUG:R0@tkref=2.0250: $$$$$$$$ CONFLICT LIST $$$$$$$$: []
INFO:R0: --------------------------
INFO:R0@tkref=2.7000: Time to solve stand alone optimisation problem: 0.0446119308472
INFO:R0@tkref=2.7000: N of unsatisfied eq: 3
INFO:R0@tkref=2.7000: N of unsatisfied ieq: 8
INFO:R0@tkref=2.7000: Summary: Optimization terminated successfully. after 1 it.
DEBUG:R0@tkref=2.7000: $$$$$$$$ CONFLICT LIST $$$$$$$$: []
INFO:R0: --------------------------
INFO:R0@tkref=3.3750: Time to solve stand alone optimisation problem: 0.0406839847565
INFO:R0@tkref=3.3750: N of unsatisfied eq: 3
INFO:R0@tkref=3.3750: N of unsatisfied ieq: 7
INFO:R0@tkref=3.3750: Summary: Optimization terminated successfully. after 1 it.
DEBUG:R0@tkref=3.3750: $$$$$$$$ CONFLICT LIST $$$$$$$$: []
INFO:R0: --------------------------
INFO:R0@tkref=4.0500: Time to solve stand alone optimisation problem: 0.0419690608978
INFO:R0@tkref=4.0500: N of unsatisfied eq: 3
INFO:R0@tkref=4.0500: N of unsatisfied ieq: 8
INFO:R0@tkref=4.0500: Summary: Optimization terminated successfully. after 1 it.
DEBUG:R0@tkref=4.0500: $$$$$$$$ CONFLICT LIST $$$$$$$$: []
INFO:R0: --------------------------
INFO:R0@tkref=4.7250: Time to solve stand alone optimisation problem: 0.0400588512421
INFO:R0@tkref=4.7250: N of unsatisfied eq: 5
INFO:R0@tkref=4.7250: N of unsatisfied ieq: 9
INFO:R0@tkref=4.7250: Summary: Optimization terminated successfully. after 1 it.
DEBUG:R0@tkref=4.7250: $$$$$$$$ CONFLICT LIST $$$$$$$$: []
INFO:R0: --------------------------
INFO:R0@tkref=5.4000: Time to solve stand alone optimisation problem: 0.0408339500427
INFO:R0@tkref=5.4000: N of unsatisfied eq: 5
INFO:R0@tkref=5.4000: N of unsatisfied ieq: 9
INFO:R0@tkref=5.4000: Summary: Optimization terminated successfully. after 1 it.
DEBUG:R0@tkref=5.4000: $$$$$$$$ CONFLICT LIST $$$$$$$$: []
INFO:R0: --------------------------
DEBUG:R0: LAST STEP
DEBUG:R0: Approx remaining dist: 1.09400702094
DEBUG:R0: Usual approx plan dist: 3.6
DEBUG:R0: Approx gain in dist: 2.50599297906
DEBUG:R0: Last step min dist: 0.5
INFO:R0: scale 0.303890839151 Ns 7 Nk 3
INFO:R0@tkref=6.0750: Time to solve stand alone optimisation problem: 0.382941961288
INFO:R0@tkref=6.0750: N of unsatisfied eq: 10
INFO:R0@tkref=6.0750: N of unsatisfied ieq: 4
INFO:R0@tkref=6.0750: Summary: Iteration limit exceeded after 21 it.
DEBUG:R0@tkref=6.0750: $$$$$$$$ CONFLICT LIST $$$$$$$$: []
INFO:R0: Finished motion planning
INFO:R0: --------------------------
INFO:R0: TOT: 7.30363702644
INFO:R0: NSE: 10
INFO:R0: FIR: 1.59366703033
INFO:R0: LAS: 0.383859872818
INFO:R0: LMA: 1
INFO:R0: MAX: 0.250864028931
INFO:R0: MIN: 0.0409550666809
INFO:R0: AVG: 0.112114191055
INFO:R0: RMP: 0.348422262404
INFO:R0: RMG: 0.533138712247
