INFO:R0: Init motion planning
INFO:R0@tkref=0.0000: Time to solve stand alone optimisation problem: 1.98187208176
INFO:R0@tkref=0.0000: N of unsatisfied eq: 3
INFO:R0@tkref=0.0000: N of unsatisfied ieq: 1
INFO:R0@tkref=0.0000: Summary: Iteration limit exceeded after 41 it.
DEBUG:R0@tkref=0.0000: $$$$$$$$ CONFLICT LIST $$$$$$$$: []
INFO:R0: --------------------------
INFO:R0@tkref=0.8615: Time to solve stand alone optimisation problem: 0.354997158051
INFO:R0@tkref=0.8615: N of unsatisfied eq: 2
INFO:R0@tkref=0.8615: N of unsatisfied ieq: 5
INFO:R0@tkref=0.8615: Summary: Optimization terminated successfully. after 7 it.
DEBUG:R0@tkref=0.8615: $$$$$$$$ CONFLICT LIST $$$$$$$$: []
INFO:R0: --------------------------
INFO:R0@tkref=1.7231: Time to solve stand alone optimisation problem: 0.469238042831
INFO:R0@tkref=1.7231: N of unsatisfied eq: 2
INFO:R0@tkref=1.7231: N of unsatisfied ieq: 5
INFO:R0@tkref=1.7231: Summary: Optimization terminated successfully. after 7 it.
DEBUG:R0@tkref=1.7231: $$$$$$$$ CONFLICT LIST $$$$$$$$: []
INFO:R0: --------------------------
INFO:R0@tkref=2.5846: Time to solve stand alone optimisation problem: 0.837947845459
INFO:R0@tkref=2.5846: N of unsatisfied eq: 3
INFO:R0@tkref=2.5846: N of unsatisfied ieq: 5
INFO:R0@tkref=2.5846: Summary: Optimization terminated successfully. after 9 it.
DEBUG:R0@tkref=2.5846: $$$$$$$$ CONFLICT LIST $$$$$$$$: []
INFO:R0: --------------------------
INFO:R0@tkref=3.4462: Time to solve stand alone optimisation problem: 0.522924184799
INFO:R0@tkref=3.4462: N of unsatisfied eq: 3
INFO:R0@tkref=3.4462: N of unsatisfied ieq: 4
INFO:R0@tkref=3.4462: Summary: Optimization terminated successfully. after 8 it.
DEBUG:R0@tkref=3.4462: $$$$$$$$ CONFLICT LIST $$$$$$$$: []
INFO:R0: --------------------------
INFO:R0@tkref=4.3077: Time to solve stand alone optimisation problem: 0.846177101135
INFO:R0@tkref=4.3077: N of unsatisfied eq: 3
INFO:R0@tkref=4.3077: N of unsatisfied ieq: 4
INFO:R0@tkref=4.3077: Summary: Optimization terminated successfully. after 13 it.
DEBUG:R0@tkref=4.3077: $$$$$$$$ CONFLICT LIST $$$$$$$$: []
INFO:R0: --------------------------
INFO:R0@tkref=5.1692: Time to solve stand alone optimisation problem: 0.528470039368
INFO:R0@tkref=5.1692: N of unsatisfied eq: 3
INFO:R0@tkref=5.1692: N of unsatisfied ieq: 6
INFO:R0@tkref=5.1692: Summary: Optimization terminated successfully. after 10 it.
DEBUG:R0@tkref=5.1692: $$$$$$$$ CONFLICT LIST $$$$$$$$: []
INFO:R0: --------------------------
INFO:R0@tkref=6.0308: Time to solve stand alone optimisation problem: 0.155122995377
INFO:R0@tkref=6.0308: N of unsatisfied eq: 3
INFO:R0@tkref=6.0308: N of unsatisfied ieq: 5
INFO:R0@tkref=6.0308: Summary: Optimization terminated successfully. after 3 it.
DEBUG:R0@tkref=6.0308: $$$$$$$$ CONFLICT LIST $$$$$$$$: []
INFO:R0: --------------------------
DEBUG:R0: LAST STEP
DEBUG:R0: Approx remaining dist: 1.19419680882
DEBUG:R0: Usual approx plan dist: 2.8
DEBUG:R0: Approx gain in dist: 1.60580319118
DEBUG:R0: Last step min dist: 0.5
INFO:R0: scale 0.426498860292 Ns 7 Nk 3
INFO:R0@tkref=6.8923: Time to solve stand alone optimisation problem: 0.482839822769
INFO:R0@tkref=6.8923: N of unsatisfied eq: 10
INFO:R0@tkref=6.8923: N of unsatisfied ieq: 4
INFO:R0@tkref=6.8923: Summary: Iteration limit exceeded after 21 it.
DEBUG:R0@tkref=6.8923: $$$$$$$$ CONFLICT LIST $$$$$$$$: []
INFO:R0: Finished motion planning
INFO:R0: --------------------------
INFO:R0: TOT: 8.23387330665
INFO:R0: NSE: 9
INFO:R0: FIR: 1.98344492912
INFO:R0: LAS: 0.483771085739
INFO:R0: LMA: 0
INFO:R0: MAX: 0.847083091736
INFO:R0: MIN: 0.156039953232
INFO:R0: AVG: 0.531697273254
INFO:R0: RMP: 1.00843225207
INFO:R0: RMG: 1.00843225207
