INFO:R0: Init motion planning
INFO:R0@tkref=0.0000: Time to solve stand alone optimisation problem: 1.49683618546
INFO:R0@tkref=0.0000: N of unsatisfied eq: 4
INFO:R0@tkref=0.0000: N of unsatisfied ieq: 12
INFO:R0@tkref=0.0000: Summary: Iteration limit exceeded after 41 it.
DEBUG:R0@tkref=0.0000: $$$$$$$$ CONFLICT LIST $$$$$$$$: []
INFO:R0: --------------------------
INFO:R0@tkref=3.0857: Time to solve stand alone optimisation problem: 0.82670712471
INFO:R0@tkref=3.0857: N of unsatisfied eq: 3
INFO:R0@tkref=3.0857: N of unsatisfied ieq: 5
INFO:R0@tkref=3.0857: Summary: Iteration limit exceeded after 16 it.
DEBUG:R0@tkref=3.0857: $$$$$$$$ CONFLICT LIST $$$$$$$$: []
INFO:R0: --------------------------
DEBUG:R0: LAST STEP
DEBUG:R0: Approx remaining dist: 2.36061451802
DEBUG:R0: Usual approx plan dist: 4.8
DEBUG:R0: Approx gain in dist: 2.43938548198
DEBUG:R0: Last step min dist: 0.5
INFO:R0: scale 0.491794691254 Ns 7 Nk 3
INFO:R0@tkref=6.1714: Time to solve stand alone optimisation problem: 0.473614931107
INFO:R0@tkref=6.1714: N of unsatisfied eq: 10
INFO:R0@tkref=6.1714: N of unsatisfied ieq: 3
INFO:R0@tkref=6.1714: Summary: Iteration limit exceeded after 21 it.
DEBUG:R0@tkref=6.1714: $$$$$$$$ CONFLICT LIST $$$$$$$$: []
INFO:R0: Finished motion planning
INFO:R0: --------------------------
INFO:R0: TOT: 8.97378255342
INFO:R0: NSE: 3
INFO:R0: FIR: 1.49850606918
INFO:R0: LAS: 0.474442005157
INFO:R0: LMA: 0
INFO:R0: MAX: 0.827556848526
INFO:R0: MIN: 0.827556848526
INFO:R0: AVG: 0.827556848526
INFO:R0: RMP: 0.278076898026
INFO:R0: RMG: 0.278076898026
