INFO:R0: Init motion planning
INFO:R0@tkref=0.0000: Time to solve stand alone optimisation problem: 3.17010402679
INFO:R0@tkref=0.0000: N of unsatisfied eq: 3
INFO:R0@tkref=0.0000: N of unsatisfied ieq: 3
INFO:R0@tkref=0.0000: Summary: Iteration limit exceeded after 41 it.
DEBUG:R0@tkref=0.0000: $$$$$$$$ CONFLICT LIST $$$$$$$$: []
INFO:R0: --------------------------
INFO:R0@tkref=0.3750: Time to solve stand alone optimisation problem: 0.448908090591
INFO:R0@tkref=0.3750: N of unsatisfied eq: 1
INFO:R0@tkref=0.3750: N of unsatisfied ieq: 8
INFO:R0@tkref=0.3750: Summary: Optimization terminated successfully. after 6 it.
DEBUG:R0@tkref=0.3750: $$$$$$$$ CONFLICT LIST $$$$$$$$: []
INFO:R0: --------------------------
INFO:R0@tkref=0.7500: Time to solve stand alone optimisation problem: 0.425132036209
INFO:R0@tkref=0.7500: N of unsatisfied eq: 3
INFO:R0@tkref=0.7500: N of unsatisfied ieq: 8
INFO:R0@tkref=0.7500: Summary: Optimization terminated successfully. after 5 it.
DEBUG:R0@tkref=0.7500: $$$$$$$$ CONFLICT LIST $$$$$$$$: []
INFO:R0: --------------------------
INFO:R0@tkref=1.1250: Time to solve stand alone optimisation problem: 0.63493180275
INFO:R0@tkref=1.1250: N of unsatisfied eq: 2
INFO:R0@tkref=1.1250: N of unsatisfied ieq: 7
INFO:R0@tkref=1.1250: Summary: Optimization terminated successfully. after 7 it.
DEBUG:R0@tkref=1.1250: $$$$$$$$ CONFLICT LIST $$$$$$$$: []
INFO:R0: --------------------------
INFO:R0@tkref=1.5000: Time to solve stand alone optimisation problem: 0.989796876907
INFO:R0@tkref=1.5000: N of unsatisfied eq: 2
INFO:R0@tkref=1.5000: N of unsatisfied ieq: 5
INFO:R0@tkref=1.5000: Summary: Optimization terminated successfully. after 10 it.
DEBUG:R0@tkref=1.5000: $$$$$$$$ CONFLICT LIST $$$$$$$$: []
INFO:R0: --------------------------
INFO:R0@tkref=1.8750: Time to solve stand alone optimisation problem: 0.815350055695
INFO:R0@tkref=1.8750: N of unsatisfied eq: 3
INFO:R0@tkref=1.8750: N of unsatisfied ieq: 7
INFO:R0@tkref=1.8750: Summary: Optimization terminated successfully. after 8 it.
DEBUG:R0@tkref=1.8750: $$$$$$$$ CONFLICT LIST $$$$$$$$: []
INFO:R0: --------------------------
INFO:R0@tkref=2.2500: Time to solve stand alone optimisation problem: 0.666865110397
INFO:R0@tkref=2.2500: N of unsatisfied eq: 3
INFO:R0@tkref=2.2500: N of unsatisfied ieq: 8
INFO:R0@tkref=2.2500: Summary: Optimization terminated successfully. after 6 it.
DEBUG:R0@tkref=2.2500: $$$$$$$$ CONFLICT LIST $$$$$$$$: []
INFO:R0: --------------------------
INFO:R0@tkref=2.6250: Time to solve stand alone optimisation problem: 0.748078107834
INFO:R0@tkref=2.6250: N of unsatisfied eq: 3
INFO:R0@tkref=2.6250: N of unsatisfied ieq: 8
INFO:R0@tkref=2.6250: Summary: Optimization terminated successfully. after 7 it.
DEBUG:R0@tkref=2.6250: $$$$$$$$ CONFLICT LIST $$$$$$$$: []
INFO:R0: --------------------------
INFO:R0@tkref=3.0000: Time to solve stand alone optimisation problem: 0.62273311615
INFO:R0@tkref=3.0000: N of unsatisfied eq: 3
INFO:R0@tkref=3.0000: N of unsatisfied ieq: 9
INFO:R0@tkref=3.0000: Summary: Optimization terminated successfully. after 6 it.
DEBUG:R0@tkref=3.0000: $$$$$$$$ CONFLICT LIST $$$$$$$$: []
INFO:R0: --------------------------
INFO:R0@tkref=3.3750: Time to solve stand alone optimisation problem: 0.945166110992
INFO:R0@tkref=3.3750: N of unsatisfied eq: 2
INFO:R0@tkref=3.3750: N of unsatisfied ieq: 6
INFO:R0@tkref=3.3750: Summary: Optimization terminated successfully. after 8 it.
DEBUG:R0@tkref=3.3750: $$$$$$$$ CONFLICT LIST $$$$$$$$: []
INFO:R0: --------------------------
INFO:R0@tkref=3.7500: Time to solve stand alone optimisation problem: 1.33796596527
INFO:R0@tkref=3.7500: N of unsatisfied eq: 2
INFO:R0@tkref=3.7500: N of unsatisfied ieq: 6
INFO:R0@tkref=3.7500: Summary: Optimization terminated successfully. after 12 it.
DEBUG:R0@tkref=3.7500: $$$$$$$$ CONFLICT LIST $$$$$$$$: []
INFO:R0: --------------------------
INFO:R0@tkref=4.1250: Time to solve stand alone optimisation problem: 1.22915911674
INFO:R0@tkref=4.1250: N of unsatisfied eq: 3
INFO:R0@tkref=4.1250: N of unsatisfied ieq: 6
INFO:R0@tkref=4.1250: Summary: Optimization terminated successfully. after 11 it.
DEBUG:R0@tkref=4.1250: $$$$$$$$ CONFLICT LIST $$$$$$$$: []
INFO:R0: --------------------------
INFO:R0@tkref=4.5000: Time to solve stand alone optimisation problem: 1.61503815651
INFO:R0@tkref=4.5000: N of unsatisfied eq: 3
INFO:R0@tkref=4.5000: N of unsatisfied ieq: 6
INFO:R0@tkref=4.5000: Summary: Iteration limit exceeded after 16 it.
DEBUG:R0@tkref=4.5000: $$$$$$$$ CONFLICT LIST $$$$$$$$: []
INFO:R0: --------------------------
INFO:R0@tkref=4.8750: Time to solve stand alone optimisation problem: 0.656805992126
INFO:R0@tkref=4.8750: N of unsatisfied eq: 3
INFO:R0@tkref=4.8750: N of unsatisfied ieq: 8
INFO:R0@tkref=4.8750: Summary: Optimization terminated successfully. after 8 it.
DEBUG:R0@tkref=4.8750: $$$$$$$$ CONFLICT LIST $$$$$$$$: []
INFO:R0: --------------------------
INFO:R0@tkref=5.2500: Time to solve stand alone optimisation problem: 0.522466897964
INFO:R0@tkref=5.2500: N of unsatisfied eq: 3
INFO:R0@tkref=5.2500: N of unsatisfied ieq: 9
INFO:R0@tkref=5.2500: Summary: Optimization terminated successfully. after 6 it.
DEBUG:R0@tkref=5.2500: $$$$$$$$ CONFLICT LIST $$$$$$$$: []
INFO:R0: --------------------------
INFO:R0@tkref=5.6250: Time to solve stand alone optimisation problem: 0.172148942947
INFO:R0@tkref=5.6250: N of unsatisfied eq: 3
INFO:R0@tkref=5.6250: N of unsatisfied ieq: 6
INFO:R0@tkref=5.6250: Summary: Optimization terminated successfully. after 2 it.
DEBUG:R0@tkref=5.6250: $$$$$$$$ CONFLICT LIST $$$$$$$$: []
INFO:R0: --------------------------
INFO:R0@tkref=6.0000: Time to solve stand alone optimisation problem: 0.170167922974
INFO:R0@tkref=6.0000: N of unsatisfied eq: 3
INFO:R0@tkref=6.0000: N of unsatisfied ieq: 3
INFO:R0@tkref=6.0000: Summary: Optimization terminated successfully. after 2 it.
DEBUG:R0@tkref=6.0000: $$$$$$$$ CONFLICT LIST $$$$$$$$: []
INFO:R0: --------------------------
INFO:R0@tkref=6.3750: Time to solve stand alone optimisation problem: 0.0805151462555
INFO:R0@tkref=6.3750: N of unsatisfied eq: 3
INFO:R0@tkref=6.3750: N of unsatisfied ieq: 11
INFO:R0@tkref=6.3750: Summary: Optimization terminated successfully. after 1 it.
DEBUG:R0@tkref=6.3750: $$$$$$$$ CONFLICT LIST $$$$$$$$: []
INFO:R0: --------------------------
DEBUG:R0: LAST STEP
DEBUG:R0: Approx remaining dist: 0.894413531862
DEBUG:R0: Usual approx plan dist: 2.0
DEBUG:R0: Approx gain in dist: 1.10558646814
DEBUG:R0: Last step min dist: 0.5
INFO:R0: scale 0.447206765931 Ns 8 Nk 3
INFO:R0@tkref=6.7500: Time to solve stand alone optimisation problem: 0.161355018616
INFO:R0@tkref=6.7500: N of unsatisfied eq: 6
INFO:R0@tkref=6.7500: N of unsatisfied ieq: 4
INFO:R0@tkref=6.7500: Summary: Optimization terminated successfully. after 5 it.
DEBUG:R0@tkref=6.7500: $$$$$$$$ CONFLICT LIST $$$$$$$$: []
INFO:R0: Finished motion planning
INFO:R0: --------------------------
INFO:R0: TOT: 7.74111624912
INFO:R0: NSE: 19
INFO:R0: FIR: 3.17207694054
INFO:R0: LAS: 0.162683963776
INFO:R0: LMA: 0
INFO:R0: MAX: 1.61612606049
INFO:R0: MIN: 0.0816988945007
INFO:R0: AVG: 0.711908915464
INFO:R0: RMP: 4.04031515121
INFO:R0: RMG: 4.04031515121
