INFO:R0: Init motion planning
INFO:R0@tkref=0.0000: Time to solve stand alone optimisation problem: 1.69960999489
INFO:R0@tkref=0.0000: N of unsatisfied eq: 3
INFO:R0@tkref=0.0000: N of unsatisfied ieq: 1
INFO:R0@tkref=0.0000: Summary: Iteration limit exceeded after 41 it.
DEBUG:R0@tkref=0.0000: $$$$$$$$ CONFLICT LIST $$$$$$$$: []
INFO:R0: --------------------------
INFO:R0@tkref=0.6400: Time to solve stand alone optimisation problem: 0.232848882675
INFO:R0@tkref=0.6400: N of unsatisfied eq: 2
INFO:R0@tkref=0.6400: N of unsatisfied ieq: 3
INFO:R0@tkref=0.6400: Summary: Optimization terminated successfully. after 6 it.
DEBUG:R0@tkref=0.6400: $$$$$$$$ CONFLICT LIST $$$$$$$$: []
INFO:R0: --------------------------
INFO:R0@tkref=1.2800: Time to solve stand alone optimisation problem: 0.355633020401
INFO:R0@tkref=1.2800: N of unsatisfied eq: 1
INFO:R0@tkref=1.2800: N of unsatisfied ieq: 5
INFO:R0@tkref=1.2800: Summary: Optimization terminated successfully. after 8 it.
DEBUG:R0@tkref=1.2800: $$$$$$$$ CONFLICT LIST $$$$$$$$: []
INFO:R0: --------------------------
INFO:R0@tkref=1.9200: Time to solve stand alone optimisation problem: 0.457983016968
INFO:R0@tkref=1.9200: N of unsatisfied eq: 2
INFO:R0@tkref=1.9200: N of unsatisfied ieq: 5
INFO:R0@tkref=1.9200: Summary: Optimization terminated successfully. after 10 it.
DEBUG:R0@tkref=1.9200: $$$$$$$$ CONFLICT LIST $$$$$$$$: []
INFO:R0: --------------------------
INFO:R0@tkref=2.5600: Time to solve stand alone optimisation problem: 0.405611991882
INFO:R0@tkref=2.5600: N of unsatisfied eq: 3
INFO:R0@tkref=2.5600: N of unsatisfied ieq: 4
INFO:R0@tkref=2.5600: Summary: Optimization terminated successfully. after 9 it.
DEBUG:R0@tkref=2.5600: $$$$$$$$ CONFLICT LIST $$$$$$$$: []
INFO:R0: --------------------------
INFO:R0@tkref=3.2000: Time to solve stand alone optimisation problem: 0.40374994278
INFO:R0@tkref=3.2000: N of unsatisfied eq: 3
INFO:R0@tkref=3.2000: N of unsatisfied ieq: 5
INFO:R0@tkref=3.2000: Summary: Optimization terminated successfully. after 8 it.
DEBUG:R0@tkref=3.2000: $$$$$$$$ CONFLICT LIST $$$$$$$$: []
INFO:R0: --------------------------
INFO:R0@tkref=3.8400: Time to solve stand alone optimisation problem: 0.51163482666
INFO:R0@tkref=3.8400: N of unsatisfied eq: 2
INFO:R0@tkref=3.8400: N of unsatisfied ieq: 5
INFO:R0@tkref=3.8400: Summary: Optimization terminated successfully. after 10 it.
DEBUG:R0@tkref=3.8400: $$$$$$$$ CONFLICT LIST $$$$$$$$: []
INFO:R0: --------------------------
INFO:R0@tkref=4.4800: Time to solve stand alone optimisation problem: 0.45489692688
INFO:R0@tkref=4.4800: N of unsatisfied eq: 1
INFO:R0@tkref=4.4800: N of unsatisfied ieq: 7
INFO:R0@tkref=4.4800: Summary: Optimization terminated successfully. after 8 it.
DEBUG:R0@tkref=4.4800: $$$$$$$$ CONFLICT LIST $$$$$$$$: []
INFO:R0: --------------------------
INFO:R0@tkref=5.1200: Time to solve stand alone optimisation problem: 0.314856052399
INFO:R0@tkref=5.1200: N of unsatisfied eq: 1
INFO:R0@tkref=5.1200: N of unsatisfied ieq: 5
INFO:R0@tkref=5.1200: Summary: Optimization terminated successfully. after 7 it.
DEBUG:R0@tkref=5.1200: $$$$$$$$ CONFLICT LIST $$$$$$$$: []
INFO:R0: --------------------------
INFO:R0@tkref=5.7600: Time to solve stand alone optimisation problem: 0.201858997345
INFO:R0@tkref=5.7600: N of unsatisfied eq: 3
INFO:R0@tkref=5.7600: N of unsatisfied ieq: 6
INFO:R0@tkref=5.7600: Summary: Optimization terminated successfully. after 5 it.
DEBUG:R0@tkref=5.7600: $$$$$$$$ CONFLICT LIST $$$$$$$$: []
INFO:R0: --------------------------
INFO:R0@tkref=6.4000: Time to solve stand alone optimisation problem: 0.165937900543
INFO:R0@tkref=6.4000: N of unsatisfied eq: 3
INFO:R0@tkref=6.4000: N of unsatisfied ieq: 5
INFO:R0@tkref=6.4000: Summary: Optimization terminated successfully. after 3 it.
DEBUG:R0@tkref=6.4000: $$$$$$$$ CONFLICT LIST $$$$$$$$: []
INFO:R0: --------------------------
INFO:R0@tkref=7.0400: Time to solve stand alone optimisation problem: 0.0907778739929
INFO:R0@tkref=7.0400: N of unsatisfied eq: 3
INFO:R0@tkref=7.0400: N of unsatisfied ieq: 5
INFO:R0@tkref=7.0400: Summary: Optimization terminated successfully. after 2 it.
DEBUG:R0@tkref=7.0400: $$$$$$$$ CONFLICT LIST $$$$$$$$: []
INFO:R0: --------------------------
DEBUG:R0: LAST STEP
DEBUG:R0: Approx remaining dist: 0.763203899801
DEBUG:R0: Usual approx plan dist: 3.2
DEBUG:R0: Approx gain in dist: 2.4367961002
DEBUG:R0: Last step min dist: 0.5
INFO:R0: scale 0.238501218688 Ns 7 Nk 3
INFO:R0@tkref=7.6800: Time to solve stand alone optimisation problem: 0.410546064377
INFO:R0@tkref=7.6800: N of unsatisfied eq: 10
INFO:R0@tkref=7.6800: N of unsatisfied ieq: 0
INFO:R0@tkref=7.6800: Summary: Iteration limit exceeded after 21 it.
DEBUG:R0@tkref=7.6800: $$$$$$$$ CONFLICT LIST $$$$$$$$: []
INFO:R0: Finished motion planning
INFO:R0: --------------------------
INFO:R0: TOT: 8.64056893062
INFO:R0: NSE: 13
INFO:R0: FIR: 1.70124602318
INFO:R0: LAS: 0.411426782608
INFO:R0: LMA: 0
INFO:R0: MAX: 0.512615203857
INFO:R0: MIN: 0.0918228626251
INFO:R0: AVG: 0.327845638449
INFO:R0: RMP: 0.800961256027
INFO:R0: RMG: 0.800961256027
