INFO:R0: Init motion planning
INFO:R0@tkref=0.0000: Time to solve stand alone optimisation problem: 2.71908712387
INFO:R0@tkref=0.0000: N of unsatisfied eq: 4
INFO:R0@tkref=0.0000: N of unsatisfied ieq: 9
INFO:R0@tkref=0.0000: Summary: Iteration limit exceeded after 41 it.
DEBUG:R0@tkref=0.0000: $$$$$$$$ CONFLICT LIST $$$$$$$$: []
INFO:R0: --------------------------
INFO:R0@tkref=1.6500: Time to solve stand alone optimisation problem: 1.34333705902
INFO:R0@tkref=1.6500: N of unsatisfied eq: 2
INFO:R0@tkref=1.6500: N of unsatisfied ieq: 7
INFO:R0@tkref=1.6500: Summary: Iteration limit exceeded after 16 it.
DEBUG:R0@tkref=1.6500: $$$$$$$$ CONFLICT LIST $$$$$$$$: []
INFO:R0: --------------------------
INFO:R0@tkref=3.3000: Time to solve stand alone optimisation problem: 1.53170609474
INFO:R0@tkref=3.3000: N of unsatisfied eq: 3
INFO:R0@tkref=3.3000: N of unsatisfied ieq: 5
INFO:R0@tkref=3.3000: Summary: Iteration limit exceeded after 16 it.
DEBUG:R0@tkref=3.3000: $$$$$$$$ CONFLICT LIST $$$$$$$$: []
INFO:R0: --------------------------
INFO:R0@tkref=4.9500: Time to solve stand alone optimisation problem: 0.921708106995
INFO:R0@tkref=4.9500: N of unsatisfied eq: 3
INFO:R0@tkref=4.9500: N of unsatisfied ieq: 5
INFO:R0@tkref=4.9500: Summary: Optimization terminated successfully. after 11 it.
DEBUG:R0@tkref=4.9500: $$$$$$$$ CONFLICT LIST $$$$$$$$: []
INFO:R0: --------------------------
DEBUG:R0: LAST STEP
DEBUG:R0: Approx remaining dist: 1.73947978011
DEBUG:R0: Usual approx plan dist: 4.4
DEBUG:R0: Approx gain in dist: 2.66052021989
DEBUG:R0: Last step min dist: 0.5
INFO:R0: scale 0.395336313661 Ns 7 Nk 3
INFO:R0@tkref=6.6000: Time to solve stand alone optimisation problem: 0.519445180893
INFO:R0@tkref=6.6000: N of unsatisfied eq: 10
INFO:R0@tkref=6.6000: N of unsatisfied ieq: 3
INFO:R0@tkref=6.6000: Summary: Iteration limit exceeded after 21 it.
DEBUG:R0@tkref=6.6000: $$$$$$$$ CONFLICT LIST $$$$$$$$: []
INFO:R0: Finished motion planning
INFO:R0: --------------------------
INFO:R0: TOT: 8.59880528011
INFO:R0: NSE: 5
INFO:R0: FIR: 2.7209789753
INFO:R0: LAS: 0.520370006561
INFO:R0: LMA: 0
INFO:R0: MAX: 1.53258705139
INFO:R0: MIN: 0.922592878342
INFO:R0: AVG: 1.26646296183
INFO:R0: RMP: 0.870788097382
INFO:R0: RMG: 0.870788097382
