INFO:R0: Init motion planning
INFO:R0@tkref=0.0000: Time to solve stand alone optimisation problem: 1.1058819294
INFO:R0@tkref=0.0000: N of unsatisfied eq: 4
INFO:R0@tkref=0.0000: N of unsatisfied ieq: 8
INFO:R0@tkref=0.0000: Summary: Iteration limit exceeded after 41 it.
DEBUG:R0@tkref=0.0000: $$$$$$$$ CONFLICT LIST $$$$$$$$: []
INFO:R0: --------------------------
INFO:R0@tkref=2.5667: Time to solve stand alone optimisation problem: 0.0261921882629
INFO:R0@tkref=2.5667: N of unsatisfied eq: 3
INFO:R0@tkref=2.5667: N of unsatisfied ieq: 6
INFO:R0@tkref=2.5667: Summary: Optimization terminated successfully. after 1 it.
DEBUG:R0@tkref=2.5667: $$$$$$$$ CONFLICT LIST $$$$$$$$: []
INFO:R0: --------------------------
DEBUG:R0: LAST STEP
DEBUG:R0: Approx remaining dist: 2.14548666344
DEBUG:R0: Usual approx plan dist: 4.4
DEBUG:R0: Approx gain in dist: 2.25451333656
DEBUG:R0: Last step min dist: 0.5
INFO:R0: scale 0.487610605327 Ns 7 Nk 3
INFO:R0@tkref=5.1333: Time to solve stand alone optimisation problem: 0.369246959686
INFO:R0@tkref=5.1333: N of unsatisfied eq: 10
INFO:R0@tkref=5.1333: N of unsatisfied ieq: 4
INFO:R0@tkref=5.1333: Summary: Iteration limit exceeded after 21 it.
DEBUG:R0@tkref=5.1333: $$$$$$$$ CONFLICT LIST $$$$$$$$: []
INFO:R0: Finished motion planning
INFO:R0: --------------------------
INFO:R0: TOT: 7.54325286117
INFO:R0: NSE: 3
INFO:R0: FIR: 1.10732913017
INFO:R0: LAS: 0.370011091232
INFO:R0: LMA: 1
INFO:R0: MAX: 0.0269110202789
INFO:R0: MIN: 0.0269110202789
INFO:R0: AVG: 0.0269110202789
INFO:R0: RMP: 0.0101935682875
INFO:R0: RMG: 0.140155716376
