INFO:R0: Init motion planning
INFO:R0@tkref=0.0000: Time to solve stand alone optimisation problem: 1.74046492577
INFO:R0@tkref=0.0000: N of unsatisfied eq: 5
INFO:R0@tkref=0.0000: N of unsatisfied ieq: 10
INFO:R0@tkref=0.0000: Summary: Iteration limit exceeded after 41 it.
DEBUG:R0@tkref=0.0000: $$$$$$$$ CONFLICT LIST $$$$$$$$: []
INFO:R0: --------------------------
INFO:R0@tkref=1.1077: Time to solve stand alone optimisation problem: 0.462092876434
INFO:R0@tkref=1.1077: N of unsatisfied eq: 2
INFO:R0@tkref=1.1077: N of unsatisfied ieq: 8
INFO:R0@tkref=1.1077: Summary: Optimization terminated successfully. after 8 it.
DEBUG:R0@tkref=1.1077: $$$$$$$$ CONFLICT LIST $$$$$$$$: []
INFO:R0: --------------------------
INFO:R0@tkref=2.2154: Time to solve stand alone optimisation problem: 0.482225894928
INFO:R0@tkref=2.2154: N of unsatisfied eq: 3
INFO:R0@tkref=2.2154: N of unsatisfied ieq: 7
INFO:R0@tkref=2.2154: Summary: Optimization terminated successfully. after 7 it.
DEBUG:R0@tkref=2.2154: $$$$$$$$ CONFLICT LIST $$$$$$$$: []
INFO:R0: --------------------------
INFO:R0@tkref=3.3231: Time to solve stand alone optimisation problem: 0.258443117142
INFO:R0@tkref=3.3231: N of unsatisfied eq: 3
INFO:R0@tkref=3.3231: N of unsatisfied ieq: 8
INFO:R0@tkref=3.3231: Summary: Optimization terminated successfully. after 4 it.
DEBUG:R0@tkref=3.3231: $$$$$$$$ CONFLICT LIST $$$$$$$$: []
INFO:R0: --------------------------
INFO:R0@tkref=4.4308: Time to solve stand alone optimisation problem: 0.599467039108
INFO:R0@tkref=4.4308: N of unsatisfied eq: 3
INFO:R0@tkref=4.4308: N of unsatisfied ieq: 8
INFO:R0@tkref=4.4308: Summary: Optimization terminated successfully. after 10 it.
DEBUG:R0@tkref=4.4308: $$$$$$$$ CONFLICT LIST $$$$$$$$: []
INFO:R0: --------------------------
INFO:R0@tkref=5.5385: Time to solve stand alone optimisation problem: 0.106770992279
INFO:R0@tkref=5.5385: N of unsatisfied eq: 3
INFO:R0@tkref=5.5385: N of unsatisfied ieq: 7
INFO:R0@tkref=5.5385: Summary: Optimization terminated successfully. after 2 it.
DEBUG:R0@tkref=5.5385: $$$$$$$$ CONFLICT LIST $$$$$$$$: []
INFO:R0: --------------------------
DEBUG:R0: LAST STEP
DEBUG:R0: Approx remaining dist: 0.91284315056
DEBUG:R0: Usual approx plan dist: 4.8
DEBUG:R0: Approx gain in dist: 3.88715684944
DEBUG:R0: Last step min dist: 0.5
INFO:R0: scale 0.190175656367 Ns 7 Nk 3
INFO:R0@tkref=6.6462: Time to solve stand alone optimisation problem: 0.352247953415
INFO:R0@tkref=6.6462: N of unsatisfied eq: 10
INFO:R0@tkref=6.6462: N of unsatisfied ieq: 4
INFO:R0@tkref=6.6462: Summary: Optimization terminated successfully. after 15 it.
DEBUG:R0@tkref=6.6462: $$$$$$$$ CONFLICT LIST $$$$$$$$: []
INFO:R0: Finished motion planning
INFO:R0: --------------------------
INFO:R0: TOT: 7.66248179114
INFO:R0: NSE: 7
INFO:R0: FIR: 1.7424390316
INFO:R0: LAS: 0.353240966797
INFO:R0: LMA: 0
INFO:R0: MAX: 0.600399971008
INFO:R0: MIN: 0.107897996902
INFO:R0: AVG: 0.382894611359
INFO:R0: RMP: 0.481089720359
INFO:R0: RMG: 0.481089720359
