INFO:R0: Init motion planning
INFO:R0@tkref=0.0000: Time to solve stand alone optimisation problem: 1.84056997299
INFO:R0@tkref=0.0000: N of unsatisfied eq: 4
INFO:R0@tkref=0.0000: N of unsatisfied ieq: 16
INFO:R0@tkref=0.0000: Summary: Iteration limit exceeded after 41 it.
DEBUG:R0@tkref=0.0000: $$$$$$$$ CONFLICT LIST $$$$$$$$: []
INFO:R0: --------------------------
INFO:R0@tkref=1.4444: Time to solve stand alone optimisation problem: 0.0761880874634
INFO:R0@tkref=1.4444: N of unsatisfied eq: 3
INFO:R0@tkref=1.4444: N of unsatisfied ieq: 11
INFO:R0@tkref=1.4444: Summary: Optimization terminated successfully. after 2 it.
DEBUG:R0@tkref=1.4444: $$$$$$$$ CONFLICT LIST $$$$$$$$: []
INFO:R0: --------------------------
INFO:R0@tkref=2.8889: Time to solve stand alone optimisation problem: 0.0385341644287
INFO:R0@tkref=2.8889: N of unsatisfied eq: 3
INFO:R0@tkref=2.8889: N of unsatisfied ieq: 9
INFO:R0@tkref=2.8889: Summary: Optimization terminated successfully. after 1 it.
DEBUG:R0@tkref=2.8889: $$$$$$$$ CONFLICT LIST $$$$$$$$: []
INFO:R0: --------------------------
INFO:R0@tkref=4.3333: Time to solve stand alone optimisation problem: 0.0441129207611
INFO:R0@tkref=4.3333: N of unsatisfied eq: 3
INFO:R0@tkref=4.3333: N of unsatisfied ieq: 8
INFO:R0@tkref=4.3333: Summary: Optimization terminated successfully. after 1 it.
DEBUG:R0@tkref=4.3333: $$$$$$$$ CONFLICT LIST $$$$$$$$: []
INFO:R0: --------------------------
DEBUG:R0: LAST STEP
DEBUG:R0: Approx remaining dist: 1.5108942648
DEBUG:R0: Usual approx plan dist: 5.2
DEBUG:R0: Approx gain in dist: 3.6891057352
DEBUG:R0: Last step min dist: 0.5
INFO:R0: scale 0.290556589385 Ns 7 Nk 3
INFO:R0@tkref=5.7778: Time to solve stand alone optimisation problem: 0.367109060287
INFO:R0@tkref=5.7778: N of unsatisfied eq: 10
INFO:R0@tkref=5.7778: N of unsatisfied ieq: 4
INFO:R0@tkref=5.7778: Summary: Iteration limit exceeded after 21 it.
DEBUG:R0@tkref=5.7778: $$$$$$$$ CONFLICT LIST $$$$$$$$: []
INFO:R0: Finished motion planning
INFO:R0: --------------------------
INFO:R0: TOT: 7.47488892483
INFO:R0: NSE: 5
INFO:R0: FIR: 1.84180784225
INFO:R0: LAS: 0.367925167084
INFO:R0: LMA: 1
INFO:R0: MAX: 0.0770878791809
INFO:R0: MIN: 0.0393800735474
INFO:R0: AVG: 0.0538026491801
INFO:R0: RMP: 0.0570176621161
INFO:R0: RMG: 0.272133999322
