INFO:R0: Init motion planning
INFO:R0@tkref=0.0000: Time to solve stand alone optimisation problem: 1.81186699867
INFO:R0@tkref=0.0000: N of unsatisfied eq: 4
INFO:R0@tkref=0.0000: N of unsatisfied ieq: 10
INFO:R0@tkref=0.0000: Summary: Iteration limit exceeded after 41 it.
DEBUG:R0@tkref=0.0000: $$$$$$$$ CONFLICT LIST $$$$$$$$: []
INFO:R0: --------------------------
INFO:R0@tkref=1.9385: Time to solve stand alone optimisation problem: 0.496959209442
INFO:R0@tkref=1.9385: N of unsatisfied eq: 2
INFO:R0@tkref=1.9385: N of unsatisfied ieq: 8
INFO:R0@tkref=1.9385: Summary: Optimization terminated successfully. after 8 it.
DEBUG:R0@tkref=1.9385: $$$$$$$$ CONFLICT LIST $$$$$$$$: []
INFO:R0: --------------------------
INFO:R0@tkref=3.8769: Time to solve stand alone optimisation problem: 0.475532054901
INFO:R0@tkref=3.8769: N of unsatisfied eq: 3
INFO:R0@tkref=3.8769: N of unsatisfied ieq: 8
INFO:R0@tkref=3.8769: Summary: Optimization terminated successfully. after 8 it.
DEBUG:R0@tkref=3.8769: $$$$$$$$ CONFLICT LIST $$$$$$$$: []
INFO:R0: --------------------------
DEBUG:R0: LAST STEP
DEBUG:R0: Approx remaining dist: 1.55702283188
DEBUG:R0: Usual approx plan dist: 2.8
DEBUG:R0: Approx gain in dist: 1.24297716812
DEBUG:R0: Last step min dist: 0.5
INFO:R0: scale 0.556079582816 Ns 8 Nk 3
INFO:R0@tkref=5.8154: Time to solve stand alone optimisation problem: 0.53163599968
INFO:R0@tkref=5.8154: N of unsatisfied eq: 10
INFO:R0@tkref=5.8154: N of unsatisfied ieq: 3
INFO:R0@tkref=5.8154: Summary: Iteration limit exceeded after 21 it.
DEBUG:R0@tkref=5.8154: $$$$$$$$ CONFLICT LIST $$$$$$$$: []
INFO:R0: Finished motion planning
INFO:R0: --------------------------
INFO:R0: TOT: 7.5575543809
INFO:R0: NSE: 4
INFO:R0: FIR: 1.81417679787
INFO:R0: LAS: 0.532509803772
INFO:R0: LMA: 1
INFO:R0: MAX: 0.498242855072
INFO:R0: MIN: 0.476488113403
INFO:R0: AVG: 0.487365484238
INFO:R0: RMP: 0.254205538302
INFO:R0: RMG: 0.271688675394
