INFO:R0: Init motion planning
INFO:R0@tkref=0.0000: Time to solve stand alone optimisation problem: 0.762228012085
INFO:R0@tkref=0.0000: N of unsatisfied eq: 5
INFO:R0@tkref=0.0000: N of unsatisfied ieq: 6
INFO:R0@tkref=0.0000: Summary: Iteration limit exceeded after 41 it.
DEBUG:R0@tkref=0.0000: $$$$$$$$ CONFLICT LIST $$$$$$$$: []
INFO:R0: --------------------------
INFO:R0@tkref=2.8889: Time to solve stand alone optimisation problem: 0.0204849243164
INFO:R0@tkref=2.8889: N of unsatisfied eq: 3
INFO:R0@tkref=2.8889: N of unsatisfied ieq: 5
INFO:R0@tkref=2.8889: Summary: Optimization terminated successfully. after 1 it.
DEBUG:R0@tkref=2.8889: $$$$$$$$ CONFLICT LIST $$$$$$$$: []
INFO:R0: --------------------------
DEBUG:R0: LAST STEP
DEBUG:R0: Approx remaining dist: 1.6398878713
DEBUG:R0: Usual approx plan dist: 5.2
DEBUG:R0: Approx gain in dist: 3.5601121287
DEBUG:R0: Last step min dist: 0.5
INFO:R0: scale 0.315363052173 Ns 7 Nk 3
INFO:R0@tkref=5.7778: Time to solve stand alone optimisation problem: 0.304936885834
INFO:R0@tkref=5.7778: N of unsatisfied eq: 10
INFO:R0@tkref=5.7778: N of unsatisfied ieq: 4
INFO:R0@tkref=5.7778: Summary: Iteration limit exceeded after 21 it.
DEBUG:R0@tkref=5.7778: $$$$$$$$ CONFLICT LIST $$$$$$$$: []
INFO:R0: Finished motion planning
INFO:R0: --------------------------
INFO:R0: TOT: 7.61978169832
INFO:R0: NSE: 3
INFO:R0: FIR: 0.763813972473
INFO:R0: LAS: 0.305740118027
INFO:R0: LMA: 1
INFO:R0: MAX: 0.021252155304
INFO:R0: MIN: 0.021252155304
INFO:R0: AVG: 0.021252155304
INFO:R0: RMP: 0.00729813025548
INFO:R0: RMG: 0.104993172399
