INFO:R0: Init motion planning
INFO:R0@tkref=0.0000: Time to solve stand alone optimisation problem: 1.48544812202
INFO:R0@tkref=0.0000: N of unsatisfied eq: 5
INFO:R0@tkref=0.0000: N of unsatisfied ieq: 6
INFO:R0@tkref=0.0000: Summary: Iteration limit exceeded after 41 it.
DEBUG:R0@tkref=0.0000: $$$$$$$$ CONFLICT LIST $$$$$$$$: []
INFO:R0: --------------------------
INFO:R0@tkref=1.4000: Time to solve stand alone optimisation problem: 0.338721990585
INFO:R0@tkref=1.4000: N of unsatisfied eq: 2
INFO:R0@tkref=1.4000: N of unsatisfied ieq: 9
INFO:R0@tkref=1.4000: Summary: Optimization terminated successfully. after 8 it.
DEBUG:R0@tkref=1.4000: $$$$$$$$ CONFLICT LIST $$$$$$$$: []
INFO:R0: --------------------------
INFO:R0@tkref=2.8000: Time to solve stand alone optimisation problem: 0.499291181564
INFO:R0@tkref=2.8000: N of unsatisfied eq: 3
INFO:R0@tkref=2.8000: N of unsatisfied ieq: 8
INFO:R0@tkref=2.8000: Summary: Optimization terminated successfully. after 9 it.
DEBUG:R0@tkref=2.8000: $$$$$$$$ CONFLICT LIST $$$$$$$$: []
INFO:R0: --------------------------
INFO:R0@tkref=4.2000: Time to solve stand alone optimisation problem: 0.498337030411
INFO:R0@tkref=4.2000: N of unsatisfied eq: 2
INFO:R0@tkref=4.2000: N of unsatisfied ieq: 8
INFO:R0@tkref=4.2000: Summary: Optimization terminated successfully. after 10 it.
DEBUG:R0@tkref=4.2000: $$$$$$$$ CONFLICT LIST $$$$$$$$: []
INFO:R0: --------------------------
DEBUG:R0: LAST STEP
DEBUG:R0: Approx remaining dist: 1.66822000071
DEBUG:R0: Usual approx plan dist: 2.0
DEBUG:R0: Approx gain in dist: 0.331779999288
DEBUG:R0: Last step min dist: 0.5
INFO:R0: scale 0.834110000356 Ns 9 Nk 5
INFO:R0@tkref=5.6000: Time to solve stand alone optimisation problem: 0.697427988052
INFO:R0@tkref=5.6000: N of unsatisfied eq: 10
INFO:R0@tkref=5.6000: N of unsatisfied ieq: 4
INFO:R0@tkref=5.6000: Summary: Iteration limit exceeded after 21 it.
DEBUG:R0@tkref=5.6000: $$$$$$$$ CONFLICT LIST $$$$$$$$: []
INFO:R0: Finished motion planning
INFO:R0: --------------------------
INFO:R0: TOT: 7.3506587791
INFO:R0: NSE: 5
INFO:R0: FIR: 1.48706102371
INFO:R0: LAS: 0.698508024216
INFO:R0: LMA: 1
INFO:R0: MAX: 0.500995874405
INFO:R0: MIN: 0.339951038361
INFO:R0: AVG: 0.446800629298
INFO:R0: RMP: 0.38538144185
INFO:R0: RMG: 0.537313864781
