INFO:R0: Init motion planning
INFO:R0@tkref=0.0000: Time to solve stand alone optimisation problem: 1.3812789917
INFO:R0@tkref=0.0000: N of unsatisfied eq: 5
INFO:R0@tkref=0.0000: N of unsatisfied ieq: 7
INFO:R0@tkref=0.0000: Summary: Iteration limit exceeded after 41 it.
DEBUG:R0@tkref=0.0000: $$$$$$$$ CONFLICT LIST $$$$$$$$: []
INFO:R0: --------------------------
INFO:R0@tkref=1.7500: Time to solve stand alone optimisation problem: 0.385483026505
INFO:R0@tkref=1.7500: N of unsatisfied eq: 2
INFO:R0@tkref=1.7500: N of unsatisfied ieq: 5
INFO:R0@tkref=1.7500: Summary: Optimization terminated successfully. after 10 it.
DEBUG:R0@tkref=1.7500: $$$$$$$$ CONFLICT LIST $$$$$$$$: []
INFO:R0: --------------------------
INFO:R0@tkref=3.5000: Time to solve stand alone optimisation problem: 0.412783145905
INFO:R0@tkref=3.5000: N of unsatisfied eq: 1
INFO:R0@tkref=3.5000: N of unsatisfied ieq: 4
INFO:R0@tkref=3.5000: Summary: Optimization terminated successfully. after 10 it.
DEBUG:R0@tkref=3.5000: $$$$$$$$ CONFLICT LIST $$$$$$$$: []
INFO:R0: --------------------------
INFO:R0@tkref=5.2500: Time to solve stand alone optimisation problem: 0.412307977676
INFO:R0@tkref=5.2500: N of unsatisfied eq: 2
INFO:R0@tkref=5.2500: N of unsatisfied ieq: 5
INFO:R0@tkref=5.2500: Summary: Optimization terminated successfully. after 11 it.
DEBUG:R0@tkref=5.2500: $$$$$$$$ CONFLICT LIST $$$$$$$$: []
INFO:R0: --------------------------
DEBUG:R0: LAST STEP
DEBUG:R0: Approx remaining dist: 1.3673714684
DEBUG:R0: Usual approx plan dist: 2.8
DEBUG:R0: Approx gain in dist: 1.4326285316
DEBUG:R0: Last step min dist: 0.5
INFO:R0: scale 0.488346953002 Ns 7 Nk 3
INFO:R0@tkref=7.0000: Time to solve stand alone optimisation problem: 0.48268699646
INFO:R0@tkref=7.0000: N of unsatisfied eq: 10
INFO:R0@tkref=7.0000: N of unsatisfied ieq: 4
INFO:R0@tkref=7.0000: Summary: Iteration limit exceeded after 21 it.
DEBUG:R0@tkref=7.0000: $$$$$$$$ CONFLICT LIST $$$$$$$$: []
INFO:R0: Finished motion planning
INFO:R0: --------------------------
INFO:R0: TOT: 8.52136562394
INFO:R0: NSE: 5
INFO:R0: FIR: 1.38266992569
INFO:R0: LAS: 0.483899116516
INFO:R0: LMA: 1
INFO:R0: MAX: 0.413682937622
INFO:R0: MIN: 0.38636302948
INFO:R0: AVG: 0.404529968898
INFO:R0: RMP: 0.246239843823
INFO:R0: RMG: 0.288035188402
