INFO:R0: Init motion planning
INFO:R0@tkref=0.0000: Time to solve stand alone optimisation problem: 1.4180150032
INFO:R0@tkref=0.0000: N of unsatisfied eq: 5
INFO:R0@tkref=0.0000: N of unsatisfied ieq: 6
INFO:R0@tkref=0.0000: Summary: Iteration limit exceeded after 41 it.
DEBUG:R0@tkref=0.0000: $$$$$$$$ CONFLICT LIST $$$$$$$$: []
INFO:R0: --------------------------
INFO:R0@tkref=1.9200: Time to solve stand alone optimisation problem: 0.375071048737
INFO:R0@tkref=1.9200: N of unsatisfied eq: 2
INFO:R0@tkref=1.9200: N of unsatisfied ieq: 7
INFO:R0@tkref=1.9200: Summary: Optimization terminated successfully. after 8 it.
DEBUG:R0@tkref=1.9200: $$$$$$$$ CONFLICT LIST $$$$$$$$: []
INFO:R0: --------------------------
INFO:R0@tkref=3.8400: Time to solve stand alone optimisation problem: 0.753785133362
INFO:R0@tkref=3.8400: N of unsatisfied eq: 2
INFO:R0@tkref=3.8400: N of unsatisfied ieq: 6
INFO:R0@tkref=3.8400: Summary: Iteration limit exceeded after 16 it.
DEBUG:R0@tkref=3.8400: $$$$$$$$ CONFLICT LIST $$$$$$$$: []
INFO:R0: --------------------------
DEBUG:R0: LAST STEP
DEBUG:R0: Approx remaining dist: 1.78164411914
DEBUG:R0: Usual approx plan dist: 4.8
DEBUG:R0: Approx gain in dist: 3.01835588086
DEBUG:R0: Last step min dist: 0.5
INFO:R0: scale 0.371175858153 Ns 7 Nk 3
INFO:R0@tkref=5.7600: Time to solve stand alone optimisation problem: 0.445775985718
INFO:R0@tkref=5.7600: N of unsatisfied eq: 10
INFO:R0@tkref=5.7600: N of unsatisfied ieq: 3
INFO:R0@tkref=5.7600: Summary: Iteration limit exceeded after 21 it.
DEBUG:R0@tkref=5.7600: $$$$$$$$ CONFLICT LIST $$$$$$$$: []
INFO:R0: Finished motion planning
INFO:R0: --------------------------
INFO:R0: TOT: 7.78505088181
INFO:R0: NSE: 4
INFO:R0: FIR: 1.41929316521
INFO:R0: LAS: 0.446645021439
INFO:R0: LMA: 0
INFO:R0: MAX: 0.754619836807
INFO:R0: MIN: 0.375915050507
INFO:R0: AVG: 0.565267443657
INFO:R0: RMP: 0.357301059094
INFO:R0: RMG: 0.357301059094
