INFO:R0: Init motion planning
INFO:R0@tkref=0.0000: Time to solve stand alone optimisation problem: 1.68737816811
INFO:R0@tkref=0.0000: N of unsatisfied eq: 4
INFO:R0@tkref=0.0000: N of unsatisfied ieq: 15
INFO:R0@tkref=0.0000: Summary: Iteration limit exceeded after 41 it.
DEBUG:R0@tkref=0.0000: $$$$$$$$ CONFLICT LIST $$$$$$$$: []
INFO:R0: --------------------------
INFO:R0@tkref=1.1529: Time to solve stand alone optimisation problem: 0.136387109756
INFO:R0@tkref=1.1529: N of unsatisfied eq: 3
INFO:R0@tkref=1.1529: N of unsatisfied ieq: 9
INFO:R0@tkref=1.1529: Summary: Optimization terminated successfully. after 3 it.
DEBUG:R0@tkref=1.1529: $$$$$$$$ CONFLICT LIST $$$$$$$$: []
INFO:R0: --------------------------
INFO:R0@tkref=2.3059: Time to solve stand alone optimisation problem: 0.0490469932556
INFO:R0@tkref=2.3059: N of unsatisfied eq: 3
INFO:R0@tkref=2.3059: N of unsatisfied ieq: 11
INFO:R0@tkref=2.3059: Summary: Optimization terminated successfully. after 1 it.
DEBUG:R0@tkref=2.3059: $$$$$$$$ CONFLICT LIST $$$$$$$$: []
INFO:R0: --------------------------
INFO:R0@tkref=3.4588: Time to solve stand alone optimisation problem: 0.0497550964355
INFO:R0@tkref=3.4588: N of unsatisfied eq: 3
INFO:R0@tkref=3.4588: N of unsatisfied ieq: 7
INFO:R0@tkref=3.4588: Summary: Optimization terminated successfully. after 1 it.
DEBUG:R0@tkref=3.4588: $$$$$$$$ CONFLICT LIST $$$$$$$$: []
INFO:R0: --------------------------
INFO:R0@tkref=4.6118: Time to solve stand alone optimisation problem: 0.0471580028534
INFO:R0@tkref=4.6118: N of unsatisfied eq: 5
INFO:R0@tkref=4.6118: N of unsatisfied ieq: 9
INFO:R0@tkref=4.6118: Summary: Optimization terminated successfully. after 1 it.
DEBUG:R0@tkref=4.6118: $$$$$$$$ CONFLICT LIST $$$$$$$$: []
INFO:R0: --------------------------
DEBUG:R0: LAST STEP
DEBUG:R0: Approx remaining dist: 1.39124280405
DEBUG:R0: Usual approx plan dist: 2.8
DEBUG:R0: Approx gain in dist: 1.40875719595
DEBUG:R0: Last step min dist: 0.5
INFO:R0: scale 0.496872430016 Ns 9 Nk 3
INFO:R0@tkref=5.7647: Time to solve stand alone optimisation problem: 0.451811075211
INFO:R0@tkref=5.7647: N of unsatisfied eq: 10
INFO:R0@tkref=5.7647: N of unsatisfied ieq: 3
INFO:R0@tkref=5.7647: Summary: Iteration limit exceeded after 21 it.
DEBUG:R0@tkref=5.7647: $$$$$$$$ CONFLICT LIST $$$$$$$$: []
INFO:R0: Finished motion planning
INFO:R0: --------------------------
INFO:R0: TOT: 7.32128493544
INFO:R0: NSE: 6
INFO:R0: FIR: 1.68906497955
INFO:R0: LAS: 0.45277094841
INFO:R0: LMA: 1
INFO:R0: MAX: 0.137712001801
INFO:R0: MIN: 0.0483660697937
INFO:R0: AVG: 0.0718185305595
INFO:R0: RMP: 0.122957144465
INFO:R0: RMG: 0.404259775366
