INFO:R0: Init motion planning
INFO:R0@tkref=0.0000: Time to solve stand alone optimisation problem: 2.6659591198
INFO:R0@tkref=0.0000: N of unsatisfied eq: 4
INFO:R0@tkref=0.0000: N of unsatisfied ieq: 6
INFO:R0@tkref=0.0000: Summary: Iteration limit exceeded after 41 it.
DEBUG:R0@tkref=0.0000: $$$$$$$$ CONFLICT LIST $$$$$$$$: []
INFO:R0: --------------------------
INFO:R0@tkref=1.0154: Time to solve stand alone optimisation problem: 0.750205039978
INFO:R0@tkref=1.0154: N of unsatisfied eq: 3
INFO:R0@tkref=1.0154: N of unsatisfied ieq: 8
INFO:R0@tkref=1.0154: Summary: Optimization terminated successfully. after 11 it.
DEBUG:R0@tkref=1.0154: $$$$$$$$ CONFLICT LIST $$$$$$$$: []
INFO:R0: --------------------------
INFO:R0@tkref=2.0308: Time to solve stand alone optimisation problem: 1.20705103874
INFO:R0@tkref=2.0308: N of unsatisfied eq: 3
INFO:R0@tkref=2.0308: N of unsatisfied ieq: 7
INFO:R0@tkref=2.0308: Summary: Optimization terminated successfully. after 15 it.
DEBUG:R0@tkref=2.0308: $$$$$$$$ CONFLICT LIST $$$$$$$$: []
INFO:R0: --------------------------
INFO:R0@tkref=3.0462: Time to solve stand alone optimisation problem: 0.932621955872
INFO:R0@tkref=3.0462: N of unsatisfied eq: 2
INFO:R0@tkref=3.0462: N of unsatisfied ieq: 6
INFO:R0@tkref=3.0462: Summary: Optimization terminated successfully. after 11 it.
DEBUG:R0@tkref=3.0462: $$$$$$$$ CONFLICT LIST $$$$$$$$: []
INFO:R0: --------------------------
INFO:R0@tkref=4.0615: Time to solve stand alone optimisation problem: 0.71898317337
INFO:R0@tkref=4.0615: N of unsatisfied eq: 2
INFO:R0@tkref=4.0615: N of unsatisfied ieq: 5
INFO:R0@tkref=4.0615: Summary: Optimization terminated successfully. after 10 it.
DEBUG:R0@tkref=4.0615: $$$$$$$$ CONFLICT LIST $$$$$$$$: []
INFO:R0: --------------------------
INFO:R0@tkref=5.0769: Time to solve stand alone optimisation problem: 0.705590009689
INFO:R0@tkref=5.0769: N of unsatisfied eq: 3
INFO:R0@tkref=5.0769: N of unsatisfied ieq: 6
INFO:R0@tkref=5.0769: Summary: Optimization terminated successfully. after 11 it.
DEBUG:R0@tkref=5.0769: $$$$$$$$ CONFLICT LIST $$$$$$$$: []
INFO:R0: --------------------------
INFO:R0@tkref=6.0923: Time to solve stand alone optimisation problem: 0.172265052795
INFO:R0@tkref=6.0923: N of unsatisfied eq: 3
INFO:R0@tkref=6.0923: N of unsatisfied ieq: 6
INFO:R0@tkref=6.0923: Summary: Optimization terminated successfully. after 3 it.
DEBUG:R0@tkref=6.0923: $$$$$$$$ CONFLICT LIST $$$$$$$$: []
INFO:R0: --------------------------
DEBUG:R0: LAST STEP
DEBUG:R0: Approx remaining dist: 1.15029192441
DEBUG:R0: Usual approx plan dist: 4.4
DEBUG:R0: Approx gain in dist: 3.24970807559
DEBUG:R0: Last step min dist: 0.5
INFO:R0: scale 0.261429982821 Ns 7 Nk 3
INFO:R0@tkref=7.1077: Time to solve stand alone optimisation problem: 0.502328157425
INFO:R0@tkref=7.1077: N of unsatisfied eq: 10
INFO:R0@tkref=7.1077: N of unsatisfied ieq: 3
INFO:R0@tkref=7.1077: Summary: Iteration limit exceeded after 21 it.
DEBUG:R0@tkref=7.1077: $$$$$$$$ CONFLICT LIST $$$$$$$$: []
INFO:R0: Finished motion planning
INFO:R0: --------------------------
INFO:R0: TOT: 8.4000394012
INFO:R0: NSE: 8
INFO:R0: FIR: 2.6678750515
INFO:R0: LAS: 0.503304004669
INFO:R0: LMA: 0
INFO:R0: MAX: 1.20812988281
INFO:R0: MIN: 0.173175096512
INFO:R0: AVG: 0.748831828435
INFO:R0: RMP: 1.37287486683
INFO:R0: RMG: 1.37287486683
