INFO:R0: Init motion planning
INFO:R0@tkref=0.0000: Time to solve stand alone optimisation problem: 1.25196695328
INFO:R0@tkref=0.0000: N of unsatisfied eq: 5
INFO:R0@tkref=0.0000: N of unsatisfied ieq: 8
INFO:R0@tkref=0.0000: Summary: Iteration limit exceeded after 41 it.
DEBUG:R0@tkref=0.0000: $$$$$$$$ CONFLICT LIST $$$$$$$$: []
INFO:R0: --------------------------
INFO:R0@tkref=2.1538: Time to solve stand alone optimisation problem: 0.651152133942
INFO:R0@tkref=2.1538: N of unsatisfied eq: 2
INFO:R0@tkref=2.1538: N of unsatisfied ieq: 4
INFO:R0@tkref=2.1538: Summary: Iteration limit exceeded after 16 it.
DEBUG:R0@tkref=2.1538: $$$$$$$$ CONFLICT LIST $$$$$$$$: []
INFO:R0: --------------------------
INFO:R0@tkref=4.3077: Time to solve stand alone optimisation problem: 0.750393152237
INFO:R0@tkref=4.3077: N of unsatisfied eq: 2
INFO:R0@tkref=4.3077: N of unsatisfied ieq: 7
INFO:R0@tkref=4.3077: Summary: Iteration limit exceeded after 16 it.
DEBUG:R0@tkref=4.3077: $$$$$$$$ CONFLICT LIST $$$$$$$$: []
INFO:R0: --------------------------
DEBUG:R0: LAST STEP
DEBUG:R0: Approx remaining dist: 2.06050257281
DEBUG:R0: Usual approx plan dist: 5.6
DEBUG:R0: Approx gain in dist: 3.53949742719
DEBUG:R0: Last step min dist: 0.5
INFO:R0: scale 0.367946888002 Ns 7 Nk 3
INFO:R0@tkref=6.4615: Time to solve stand alone optimisation problem: 0.41305398941
INFO:R0@tkref=6.4615: N of unsatisfied eq: 10
INFO:R0@tkref=6.4615: N of unsatisfied ieq: 3
INFO:R0@tkref=6.4615: Summary: Iteration limit exceeded after 21 it.
DEBUG:R0@tkref=6.4615: $$$$$$$$ CONFLICT LIST $$$$$$$$: []
INFO:R0: Finished motion planning
INFO:R0: --------------------------
INFO:R0: TOT: 9.00163547275
INFO:R0: NSE: 4
INFO:R0: FIR: 1.25377511978
INFO:R0: LAS: 0.413910865784
INFO:R0: LMA: 0
INFO:R0: MAX: 0.751344919205
INFO:R0: MIN: 0.652319908142
INFO:R0: AVG: 0.701832413673
INFO:R0: RMP: 0.368964022824
INFO:R0: RMG: 0.368964022824
