INFO:R0: Init motion planning
INFO:R0@tkref=0.0000: Time to solve stand alone optimisation problem: 1.30408406258
INFO:R0@tkref=0.0000: N of unsatisfied eq: 4
INFO:R0@tkref=0.0000: N of unsatisfied ieq: 8
INFO:R0@tkref=0.0000: Summary: Iteration limit exceeded after 41 it.
DEBUG:R0@tkref=0.0000: $$$$$$$$ CONFLICT LIST $$$$$$$$: []
INFO:R0: --------------------------
INFO:R0@tkref=0.9333: Time to solve stand alone optimisation problem: 0.0328829288483
INFO:R0@tkref=0.9333: N of unsatisfied eq: 3
INFO:R0@tkref=0.9333: N of unsatisfied ieq: 6
INFO:R0@tkref=0.9333: Summary: Optimization terminated successfully. after 1 it.
DEBUG:R0@tkref=0.9333: $$$$$$$$ CONFLICT LIST $$$$$$$$: []
INFO:R0: --------------------------
INFO:R0@tkref=1.8667: Time to solve stand alone optimisation problem: 0.190458059311
INFO:R0@tkref=1.8667: N of unsatisfied eq: 2
INFO:R0@tkref=1.8667: N of unsatisfied ieq: 7
INFO:R0@tkref=1.8667: Summary: Optimization terminated successfully. after 5 it.
DEBUG:R0@tkref=1.8667: $$$$$$$$ CONFLICT LIST $$$$$$$$: []
INFO:R0: --------------------------
DEBUG:R0: Big problem 4.94797739766e+16
DEBUG:R0: Big problem 4.94797532428e+14
DEBUG:R0: Big problem 4.94795459043e+12
DEBUG:R0: Big problem 49477472545.7
DEBUG:R0: Big problem 494567415.536
DEBUG:R0: Big problem 4924969.10502
INFO:R0@tkref=2.8000: Time to solve stand alone optimisation problem: 0.84311413765
INFO:R0@tkref=2.8000: N of unsatisfied eq: 3
INFO:R0@tkref=2.8000: N of unsatisfied ieq: 5
INFO:R0@tkref=2.8000: Summary: Iteration limit exceeded after 16 it.
DEBUG:R0@tkref=2.8000: $$$$$$$$ CONFLICT LIST $$$$$$$$: []
INFO:R0: --------------------------
INFO:R0@tkref=3.7333: Time to solve stand alone optimisation problem: 0.699733018875
INFO:R0@tkref=3.7333: N of unsatisfied eq: 2
INFO:R0@tkref=3.7333: N of unsatisfied ieq: 2
INFO:R0@tkref=3.7333: Summary: Iteration limit exceeded after 16 it.
DEBUG:R0@tkref=3.7333: $$$$$$$$ CONFLICT LIST $$$$$$$$: []
INFO:R0: --------------------------
INFO:R0@tkref=4.6667: Time to solve stand alone optimisation problem: 0.716010093689
INFO:R0@tkref=4.6667: N of unsatisfied eq: 3
INFO:R0@tkref=4.6667: N of unsatisfied ieq: 4
INFO:R0@tkref=4.6667: Summary: Iteration limit exceeded after 16 it.
DEBUG:R0@tkref=4.6667: $$$$$$$$ CONFLICT LIST $$$$$$$$: []
INFO:R0: --------------------------
INFO:R0@tkref=5.6000: Time to solve stand alone optimisation problem: 0.549190998077
INFO:R0@tkref=5.6000: N of unsatisfied eq: 3
INFO:R0@tkref=5.6000: N of unsatisfied ieq: 5
INFO:R0@tkref=5.6000: Summary: Optimization terminated successfully. after 12 it.
DEBUG:R0@tkref=5.6000: $$$$$$$$ CONFLICT LIST $$$$$$$$: []
INFO:R0: --------------------------
INFO:R0@tkref=6.5333: Time to solve stand alone optimisation problem: 0.158001899719
INFO:R0@tkref=6.5333: N of unsatisfied eq: 3
INFO:R0@tkref=6.5333: N of unsatisfied ieq: 7
INFO:R0@tkref=6.5333: Summary: Optimization terminated successfully. after 4 it.
DEBUG:R0@tkref=6.5333: $$$$$$$$ CONFLICT LIST $$$$$$$$: []
INFO:R0: --------------------------
DEBUG:R0: LAST STEP
DEBUG:R0: Approx remaining dist: 1.52415826042
DEBUG:R0: Usual approx plan dist: 5.6
DEBUG:R0: Approx gain in dist: 4.07584173958
DEBUG:R0: Last step min dist: 0.5
INFO:R0: scale 0.272171117932 Ns 7 Nk 3
INFO:R0@tkref=7.4667: Time to solve stand alone optimisation problem: 0.420287132263
INFO:R0@tkref=7.4667: N of unsatisfied eq: 10
INFO:R0@tkref=7.4667: N of unsatisfied ieq: 3
INFO:R0@tkref=7.4667: Summary: Iteration limit exceeded after 21 it.
DEBUG:R0@tkref=7.4667: $$$$$$$$ CONFLICT LIST $$$$$$$$: []
INFO:R0: Finished motion planning
INFO:R0: --------------------------
INFO:R0: TOT: 9.16998390793
INFO:R0: NSE: 9
INFO:R0: FIR: 1.30659985542
INFO:R0: LAS: 0.421151161194
INFO:R0: LMA: 0
INFO:R0: MAX: 0.843968868256
INFO:R0: MIN: 0.0337200164795
INFO:R0: AVG: 0.456595454897
INFO:R0: RMP: 0.753543632371
INFO:R0: RMG: 0.753543632371
