INFO:R0: Init motion planning
INFO:R0@tkref=0.0: Time to solve stand alone optimisation problem: 3.65728187561
INFO:R0@tkref=0.0: N of unsatisfied eq: 3
INFO:R0@tkref=0.0: N of unsatisfied ieq: 4
INFO:R0@tkref=0.0: Summary: Iteration limit exceeded after 51 it.
INFO:R0: --------------------------
INFO:R0@tkref=2.13965517241: Time to solve stand alone optimisation problem: 1.11631202698
INFO:R0@tkref=2.13965517241: N of unsatisfied eq: 3
INFO:R0@tkref=2.13965517241: N of unsatisfied ieq: 9
INFO:R0@tkref=2.13965517241: Summary: Optimization terminated successfully. after 12 it.
INFO:R0: --------------------------
INFO:R0@tkref=4.27931034482: Time to solve stand alone optimisation problem: 0.647015094757
INFO:R0@tkref=4.27931034482: N of unsatisfied eq: 2
INFO:R0@tkref=4.27931034482: N of unsatisfied ieq: 9
INFO:R0@tkref=4.27931034482: Summary: Optimization terminated successfully. after 7 it.
INFO:R0: --------------------------
INFO:R0@tkref=6.41896551723: Time to solve stand alone optimisation problem: 4.96800684929
INFO:R0@tkref=6.41896551723: N of unsatisfied eq: 10
INFO:R0@tkref=6.41896551723: N of unsatisfied ieq: 5
INFO:R0@tkref=6.41896551723: Summary: Iteration limit exceeded after 51 it.
INFO:R0: Finished motion planning
INFO:R0: --------------------------
INFO:R0: TOT: 12.76612498
INFO:R0: NSE: 4
INFO:R0: FIR: 3.65820503235
INFO:R0: LAS: 4.96859288216
INFO:R0: MAX: 1.11699008942
INFO:R0: MIN: 0.647695064545
INFO:R0: AVG: 0.882342576981
INFO:R0: RAT: 0.522042104644
