INFO:R0: Init motion planning
INFO:R0@tkref=0.0: Time to solve stand alone optimisation problem: 3.62686109543
INFO:R0@tkref=0.0: N of unsatisfied eq: 3
INFO:R0@tkref=0.0: N of unsatisfied ieq: 11
INFO:R0@tkref=0.0: Summary: Iteration limit exceeded after 51 it.
INFO:R0: --------------------------
INFO:R0@tkref=0.9: Time to solve stand alone optimisation problem: 0.568573951721
INFO:R0@tkref=0.9: N of unsatisfied eq: 3
INFO:R0@tkref=0.9: N of unsatisfied ieq: 7
INFO:R0@tkref=0.9: Summary: Optimization terminated successfully. after 8 it.
INFO:R0: --------------------------
INFO:R0@tkref=1.8: Time to solve stand alone optimisation problem: 1.05598282814
INFO:R0@tkref=1.8: N of unsatisfied eq: 3
INFO:R0@tkref=1.8: N of unsatisfied ieq: 9
INFO:R0@tkref=1.8: Summary: Optimization terminated successfully. after 13 it.
INFO:R0: --------------------------
INFO:R0@tkref=2.7: Time to solve stand alone optimisation problem: 1.11898303032
INFO:R0@tkref=2.7: N of unsatisfied eq: 3
INFO:R0@tkref=2.7: N of unsatisfied ieq: 8
INFO:R0@tkref=2.7: Summary: Optimization terminated successfully. after 12 it.
INFO:R0: --------------------------
INFO:R0@tkref=3.6: Time to solve stand alone optimisation problem: 0.921469926834
INFO:R0@tkref=3.6: N of unsatisfied eq: 3
INFO:R0@tkref=3.6: N of unsatisfied ieq: 10
INFO:R0@tkref=3.6: Summary: Optimization terminated successfully. after 10 it.
INFO:R0: --------------------------
INFO:R0@tkref=4.5: Time to solve stand alone optimisation problem: 1.01114916801
INFO:R0@tkref=4.5: N of unsatisfied eq: 3
INFO:R0@tkref=4.5: N of unsatisfied ieq: 10
INFO:R0@tkref=4.5: Summary: Optimization terminated successfully. after 11 it.
INFO:R0: --------------------------
INFO:R0@tkref=5.4: Time to solve stand alone optimisation problem: 0.829905986786
INFO:R0@tkref=5.4: N of unsatisfied eq: 2
INFO:R0@tkref=5.4: N of unsatisfied ieq: 10
INFO:R0@tkref=5.4: Summary: Optimization terminated successfully. after 9 it.
INFO:R0: --------------------------
INFO:R0@tkref=6.3: Time to solve stand alone optimisation problem: 0.921880960464
INFO:R0@tkref=6.3: N of unsatisfied eq: 3
INFO:R0@tkref=6.3: N of unsatisfied ieq: 10
INFO:R0@tkref=6.3: Summary: Optimization terminated successfully. after 10 it.
INFO:R0: --------------------------
INFO:R0@tkref=7.2: Time to solve stand alone optimisation problem: 0.647971153259
INFO:R0@tkref=7.2: N of unsatisfied eq: 3
INFO:R0@tkref=7.2: N of unsatisfied ieq: 9
INFO:R0@tkref=7.2: Summary: Optimization terminated successfully. after 7 it.
INFO:R0: --------------------------
INFO:R0@tkref=8.1: Time to solve stand alone optimisation problem: 0.744706869125
INFO:R0@tkref=8.1: N of unsatisfied eq: 3
INFO:R0@tkref=8.1: N of unsatisfied ieq: 10
INFO:R0@tkref=8.1: Summary: Optimization terminated successfully. after 8 it.
INFO:R0: --------------------------
INFO:R0@tkref=9.0: Time to solve stand alone optimisation problem: 0.739592075348
INFO:R0@tkref=9.0: N of unsatisfied eq: 3
INFO:R0@tkref=9.0: N of unsatisfied ieq: 10
INFO:R0@tkref=9.0: Summary: Optimization terminated successfully. after 8 it.
INFO:R0: --------------------------
INFO:R0@tkref=9.9: Time to solve stand alone optimisation problem: 0.647871017456
INFO:R0@tkref=9.9: N of unsatisfied eq: 3
INFO:R0@tkref=9.9: N of unsatisfied ieq: 8
INFO:R0@tkref=9.9: Summary: Optimization terminated successfully. after 7 it.
INFO:R0: --------------------------
INFO:R0@tkref=10.8: Time to solve stand alone optimisation problem: 4.96101403236
INFO:R0@tkref=10.8: N of unsatisfied eq: 10
INFO:R0@tkref=10.8: N of unsatisfied ieq: 8
INFO:R0@tkref=10.8: Summary: Iteration limit exceeded after 51 it.
INFO:R0: Finished motion planning
INFO:R0: --------------------------
INFO:R0: TOT: 16.0776432063
INFO:R0: NSE: 13
INFO:R0: FIR: 3.62780785561
INFO:R0: LAS: 4.96159100533
INFO:R0: MAX: 1.11963200569
INFO:R0: MIN: 0.569247961044
INFO:R0: AVG: 0.837777441198
INFO:R0: RAT: 1.24403556188
