INFO:R0: Init motion planning
INFO:R0@tkref=0.0: Time to solve stand alone optimisation problem: 3.97197198868
INFO:R0@tkref=0.0: N of unsatisfied eq: 3
INFO:R0@tkref=0.0: N of unsatisfied ieq: 3
INFO:R0@tkref=0.0: Summary: Iteration limit exceeded after 51 it.
INFO:R0: --------------------------
INFO:R0@tkref=6.35: Time to solve stand alone optimisation problem: 5.3945119381
INFO:R0@tkref=6.35: N of unsatisfied eq: 10
INFO:R0@tkref=6.35: N of unsatisfied ieq: 4
INFO:R0@tkref=6.35: Summary: Iteration limit exceeded after 51 it.
INFO:R0: Finished motion planning
INFO:R0: --------------------------
INFO:R0: TOT: 12.9287695631
INFO:R0: NSE: 2
INFO:R0: FIR: 3.97288894653
INFO:R0: LAS: 5.3951010704
INFO:R0: MAX: 5.3951010704
INFO:R0: MIN: 3.97288894653
INFO:R0: AVG: 4.68399500847
INFO:R0: RAT: 0.849622215812
