INFO:R0: Init motion planning
INFO:R0@tkref=0.0: Time to solve stand alone optimisation problem: 3.65628504753
INFO:R0@tkref=0.0: N of unsatisfied eq: 3
INFO:R0@tkref=0.0: N of unsatisfied ieq: 3
INFO:R0@tkref=0.0: Summary: Iteration limit exceeded after 51 it.
INFO:R0: --------------------------
INFO:R0@tkref=2.23702702703: Time to solve stand alone optimisation problem: 1.38199090958
INFO:R0@tkref=2.23702702703: N of unsatisfied eq: 2
INFO:R0@tkref=2.23702702703: N of unsatisfied ieq: 7
INFO:R0@tkref=2.23702702703: Summary: Optimization terminated successfully. after 15 it.
INFO:R0: --------------------------
INFO:R0@tkref=4.47405405406: Time to solve stand alone optimisation problem: 5.00088500977
INFO:R0@tkref=4.47405405406: N of unsatisfied eq: 10
INFO:R0@tkref=4.47405405406: N of unsatisfied ieq: 5
INFO:R0@tkref=4.47405405406: Summary: Iteration limit exceeded after 51 it.
INFO:R0: Finished motion planning
INFO:R0: --------------------------
INFO:R0: TOT: 13.2849154493
INFO:R0: NSE: 3
INFO:R0: FIR: 3.65736699104
INFO:R0: LAS: 5.00146985054
INFO:R0: MAX: 1.3826789856
INFO:R0: MIN: 1.3826789856
INFO:R0: AVG: 1.3826789856
INFO:R0: RAT: 0.618087742745
