INFO:R0: Init motion planning
INFO:R0@tkref=0.0: Time to solve stand alone optimisation problem: 3.81862401962
INFO:R0@tkref=0.0: N of unsatisfied eq: 3
INFO:R0@tkref=0.0: N of unsatisfied ieq: 5
INFO:R0@tkref=0.0: Summary: Iteration limit exceeded after 51 it.
INFO:R0: --------------------------
INFO:R0@tkref=3.75744186047: Time to solve stand alone optimisation problem: 5.19971203804
INFO:R0@tkref=3.75744186047: N of unsatisfied eq: 10
INFO:R0@tkref=3.75744186047: N of unsatisfied ieq: 0
INFO:R0@tkref=3.75744186047: Summary: Iteration limit exceeded after 51 it.
INFO:R0: Finished motion planning
INFO:R0: --------------------------
INFO:R0: TOT: 17.773393252
INFO:R0: NSE: 2
INFO:R0: FIR: 3.819617033
INFO:R0: LAS: 5.20055198669
INFO:R0: MAX: 5.20055198669
INFO:R0: MIN: 3.819617033
INFO:R0: AVG: 4.51008450985
INFO:R0: RAT: 1.38406718715
