INFO:R0: Init motion planning
INFO:R0@tkref=0.0: Time to solve stand alone optimisation problem: 3.59282112122
INFO:R0@tkref=0.0: N of unsatisfied eq: 3
INFO:R0@tkref=0.0: N of unsatisfied ieq: 3
INFO:R0@tkref=0.0: Summary: Iteration limit exceeded after 51 it.
INFO:R0: --------------------------
INFO:R0@tkref=7.78682926829: Time to solve stand alone optimisation problem: 4.88376808167
INFO:R0@tkref=7.78682926829: N of unsatisfied eq: 10
INFO:R0@tkref=7.78682926829: N of unsatisfied ieq: 1
INFO:R0@tkref=7.78682926829: Summary: Iteration limit exceeded after 51 it.
INFO:R0: Finished motion planning
INFO:R0: --------------------------
INFO:R0: TOT: 14.4929190629
INFO:R0: NSE: 2
INFO:R0: FIR: 3.59370779991
INFO:R0: LAS: 4.88436317444
INFO:R0: MAX: 4.88436317444
INFO:R0: MIN: 3.59370779991
INFO:R0: AVG: 4.23903548717
INFO:R0: RAT: 0.62725956948
