INFO:R0: Init motion planning
INFO:R0@tkref=0.0: Time to solve stand alone optimisation problem: 3.76822900772
INFO:R0@tkref=0.0: N of unsatisfied eq: 3
INFO:R0@tkref=0.0: N of unsatisfied ieq: 5
INFO:R0@tkref=0.0: Summary: Iteration limit exceeded after 51 it.
INFO:R0: --------------------------
INFO:R0@tkref=2.5035483871: Time to solve stand alone optimisation problem: 1.07324790955
INFO:R0@tkref=2.5035483871: N of unsatisfied eq: 2
INFO:R0@tkref=2.5035483871: N of unsatisfied ieq: 14
INFO:R0@tkref=2.5035483871: Summary: Optimization terminated successfully. after 11 it.
INFO:R0: --------------------------
INFO:R0@tkref=5.0070967742: Time to solve stand alone optimisation problem: 0.862405061722
INFO:R0@tkref=5.0070967742: N of unsatisfied eq: 3
INFO:R0@tkref=5.0070967742: N of unsatisfied ieq: 9
INFO:R0@tkref=5.0070967742: Summary: Optimization terminated successfully. after 9 it.
INFO:R0: --------------------------
INFO:R0@tkref=7.5106451613: Time to solve stand alone optimisation problem: 0.387977838516
INFO:R0@tkref=7.5106451613: N of unsatisfied eq: 3
INFO:R0@tkref=7.5106451613: N of unsatisfied ieq: 12
INFO:R0@tkref=7.5106451613: Summary: Optimization terminated successfully. after 4 it.
INFO:R0: --------------------------
INFO:R0@tkref=10.0141935484: Time to solve stand alone optimisation problem: 3.85398006439
INFO:R0@tkref=10.0141935484: N of unsatisfied eq: 10
INFO:R0@tkref=10.0141935484: N of unsatisfied ieq: 2
INFO:R0@tkref=10.0141935484: Summary: Iteration limit exceeded after 51 it.
INFO:R0: Finished motion planning
INFO:R0: --------------------------
INFO:R0: TOT: 12.2833948764
INFO:R0: NSE: 5
INFO:R0: FIR: 3.76933002472
INFO:R0: LAS: 3.85457801819
INFO:R0: MAX: 1.07393693924
INFO:R0: MIN: 0.38865685463
INFO:R0: AVG: 0.775231281916
INFO:R0: RAT: 0.42896592084
