INFO:R0: Init motion planning
INFO:R0@tkref=0.0: Time to solve stand alone optimisation problem: 3.87161803246
INFO:R0@tkref=0.0: N of unsatisfied eq: 3
INFO:R0@tkref=0.0: N of unsatisfied ieq: 3
INFO:R0@tkref=0.0: Summary: Iteration limit exceeded after 51 it.
INFO:R0: --------------------------
INFO:R0@tkref=1.0: Time to solve stand alone optimisation problem: 1.10118794441
INFO:R0@tkref=1.0: N of unsatisfied eq: 1
INFO:R0@tkref=1.0: N of unsatisfied ieq: 7
INFO:R0@tkref=1.0: Summary: Optimization terminated successfully. after 14 it.
INFO:R0: --------------------------
INFO:R0@tkref=2.0: Time to solve stand alone optimisation problem: 2.52966880798
INFO:R0@tkref=2.0: N of unsatisfied eq: 1
INFO:R0@tkref=2.0: N of unsatisfied ieq: 7
INFO:R0@tkref=2.0: Summary: Optimization terminated successfully. after 32 it.
INFO:R0: --------------------------
INFO:R0@tkref=3.0: Time to solve stand alone optimisation problem: 0.814056873322
INFO:R0@tkref=3.0: N of unsatisfied eq: 3
INFO:R0@tkref=3.0: N of unsatisfied ieq: 21
INFO:R0@tkref=3.0: Summary: Optimization terminated successfully. after 13 it.
INFO:R0: --------------------------
INFO:R0@tkref=4.0: Time to solve stand alone optimisation problem: 3.0867729187
INFO:R0@tkref=4.0: N of unsatisfied eq: 3
INFO:R0@tkref=4.0: N of unsatisfied ieq: 18
INFO:R0@tkref=4.0: Summary: Optimization terminated successfully. after 35 it.
INFO:R0: --------------------------
INFO:R0@tkref=5.0: Time to solve stand alone optimisation problem: 5.35259413719
INFO:R0@tkref=5.0: N of unsatisfied eq: 10
INFO:R0@tkref=5.0: N of unsatisfied ieq: 5
INFO:R0@tkref=5.0: Summary: Iteration limit exceeded after 51 it.
INFO:R0: Finished motion planning
INFO:R0: --------------------------
INFO:R0: TOT: 14.3955304388
INFO:R0: NSE: 6
INFO:R0: FIR: 3.87268996239
INFO:R0: LAS: 5.35317802429
INFO:R0: MAX: 3.08748006821
INFO:R0: MIN: 0.814769029617
INFO:R0: AVG: 1.88377380371
INFO:R0: RAT: 3.08748006821
