INFO:R0: Init motion planning
INFO:R0@tkref=0.0: Time to solve stand alone optimisation problem: 3.86202311516
INFO:R0@tkref=0.0: N of unsatisfied eq: 3
INFO:R0@tkref=0.0: N of unsatisfied ieq: 3
INFO:R0@tkref=0.0: Summary: Iteration limit exceeded after 51 it.
INFO:R0: --------------------------
INFO:R0@tkref=2.84506666667: Time to solve stand alone optimisation problem: 5.25402402878
INFO:R0@tkref=2.84506666667: N of unsatisfied eq: 10
INFO:R0@tkref=2.84506666667: N of unsatisfied ieq: 2
INFO:R0@tkref=2.84506666667: Summary: Iteration limit exceeded after 51 it.
INFO:R0: Finished motion planning
INFO:R0: --------------------------
INFO:R0: TOT: 12.7110307136
INFO:R0: NSE: 2
INFO:R0: FIR: 3.86302685738
INFO:R0: LAS: 5.25487303734
INFO:R0: MAX: 5.25487303734
INFO:R0: MIN: 3.86302685738
INFO:R0: AVG: 4.55894994736
INFO:R0: RAT: 1.84701226825
