INFO:R0: Init motion planning
INFO:R0@tkref=0.0: Time to solve stand alone optimisation problem: 3.62571907043
INFO:R0@tkref=0.0: N of unsatisfied eq: 3
INFO:R0@tkref=0.0: N of unsatisfied ieq: 3
INFO:R0@tkref=0.0: Summary: Iteration limit exceeded after 51 it.
INFO:R0: --------------------------
INFO:R0@tkref=1.15: Time to solve stand alone optimisation problem: 1.03430390358
INFO:R0@tkref=1.15: N of unsatisfied eq: 1
INFO:R0@tkref=1.15: N of unsatisfied ieq: 7
INFO:R0@tkref=1.15: Summary: Optimization terminated successfully. after 15 it.
INFO:R0: --------------------------
INFO:R0@tkref=2.3: Time to solve stand alone optimisation problem: 2.23076605797
INFO:R0@tkref=2.3: N of unsatisfied eq: 3
INFO:R0@tkref=2.3: N of unsatisfied ieq: 7
INFO:R0@tkref=2.3: Summary: Optimization terminated successfully. after 24 it.
INFO:R0: --------------------------
INFO:R0@tkref=3.45: Time to solve stand alone optimisation problem: 2.46070599556
INFO:R0@tkref=3.45: N of unsatisfied eq: 2
INFO:R0@tkref=3.45: N of unsatisfied ieq: 9
INFO:R0@tkref=3.45: Summary: Optimization terminated successfully. after 26 it.
INFO:R0: --------------------------
INFO:R0@tkref=4.6: Time to solve stand alone optimisation problem: 0.840022087097
INFO:R0@tkref=4.6: N of unsatisfied eq: 2
INFO:R0@tkref=4.6: N of unsatisfied ieq: 11
INFO:R0@tkref=4.6: Summary: Optimization terminated successfully. after 9 it.
INFO:R0: --------------------------
INFO:R0@tkref=5.75: Time to solve stand alone optimisation problem: 0.745473146439
INFO:R0@tkref=5.75: N of unsatisfied eq: 2
INFO:R0@tkref=5.75: N of unsatisfied ieq: 9
INFO:R0@tkref=5.75: Summary: Optimization terminated successfully. after 8 it.
INFO:R0: --------------------------
INFO:R0@tkref=6.9: Time to solve stand alone optimisation problem: 0.553176164627
INFO:R0@tkref=6.9: N of unsatisfied eq: 3
INFO:R0@tkref=6.9: N of unsatisfied ieq: 9
INFO:R0@tkref=6.9: Summary: Optimization terminated successfully. after 6 it.
INFO:R0: --------------------------
INFO:R0@tkref=8.05: Time to solve stand alone optimisation problem: 0.468672990799
INFO:R0@tkref=8.05: N of unsatisfied eq: 2
INFO:R0@tkref=8.05: N of unsatisfied ieq: 7
INFO:R0@tkref=8.05: Summary: Optimization terminated successfully. after 5 it.
INFO:R0: --------------------------
INFO:R0@tkref=9.2: Time to solve stand alone optimisation problem: 4.96462893486
INFO:R0@tkref=9.2: N of unsatisfied eq: 10
INFO:R0@tkref=9.2: N of unsatisfied ieq: 5
INFO:R0@tkref=9.2: Summary: Iteration limit exceeded after 51 it.
INFO:R0: Finished motion planning
INFO:R0: --------------------------
INFO:R0: TOT: 15.7789345759
INFO:R0: NSE: 9
INFO:R0: FIR: 3.62670183182
INFO:R0: LAS: 4.96520400047
INFO:R0: MAX: 2.4613699913
INFO:R0: MIN: 0.469349145889
INFO:R0: AVG: 1.19115117618
INFO:R0: RAT: 2.14032173157
