INFO:R0: Init motion planning
INFO:R0@tkref=0.0: Time to solve stand alone optimisation problem: 3.66631484032
INFO:R0@tkref=0.0: N of unsatisfied eq: 3
INFO:R0@tkref=0.0: N of unsatisfied ieq: 5
INFO:R0@tkref=0.0: Summary: Iteration limit exceeded after 51 it.
INFO:R0: --------------------------
INFO:R0@tkref=4.63434782609: Time to solve stand alone optimisation problem: 0.752562999725
INFO:R0@tkref=4.63434782609: N of unsatisfied eq: 3
INFO:R0@tkref=4.63434782609: N of unsatisfied ieq: 8
INFO:R0@tkref=4.63434782609: Summary: Optimization terminated successfully. after 8 it.
INFO:R0: --------------------------
INFO:R0@tkref=9.26869565218: Time to solve stand alone optimisation problem: 4.34684205055
INFO:R0@tkref=9.26869565218: N of unsatisfied eq: 8
INFO:R0@tkref=9.26869565218: N of unsatisfied ieq: 5
INFO:R0@tkref=9.26869565218: Summary: Iteration limit exceeded after 51 it.
INFO:R0: Finished motion planning
INFO:R0: --------------------------
INFO:R0: TOT: 12.3030259018
INFO:R0: NSE: 3
INFO:R0: FIR: 3.6672039032
INFO:R0: LAS: 4.34757590294
INFO:R0: MAX: 0.753819942474
INFO:R0: MIN: 0.753819942474
INFO:R0: AVG: 0.753819942474
INFO:R0: RAT: 0.162659336494
