INFO:R0: Init motion planning
INFO:R0@tkref=0.0: Time to solve stand alone optimisation problem: 3.6126499176
INFO:R0@tkref=0.0: N of unsatisfied eq: 3
INFO:R0@tkref=0.0: N of unsatisfied ieq: 5
INFO:R0@tkref=0.0: Summary: Iteration limit exceeded after 51 it.
INFO:R0: --------------------------
INFO:R0@tkref=7.14564705882: Time to solve stand alone optimisation problem: 4.90986394882
INFO:R0@tkref=7.14564705882: N of unsatisfied eq: 10
INFO:R0@tkref=7.14564705882: N of unsatisfied ieq: 5
INFO:R0@tkref=7.14564705882: Summary: Iteration limit exceeded after 51 it.
INFO:R0: Finished motion planning
INFO:R0: --------------------------
INFO:R0: TOT: 14.4479860101
INFO:R0: NSE: 2
INFO:R0: FIR: 3.61355113983
INFO:R0: LAS: 4.91045594215
INFO:R0: MAX: 4.91045594215
INFO:R0: MIN: 3.61355113983
INFO:R0: AVG: 4.26200354099
INFO:R0: RAT: 0.687195421455
