INFO:R0: Init motion planning
INFO:R0@tkref=0.0: Time to solve stand alone optimisation problem: 3.58016705513
INFO:R0@tkref=0.0: N of unsatisfied eq: 3
INFO:R0@tkref=0.0: N of unsatisfied ieq: 4
INFO:R0@tkref=0.0: Summary: Iteration limit exceeded after 51 it.
INFO:R0: --------------------------
INFO:R0@tkref=3.70319148936: Time to solve stand alone optimisation problem: 0.727532148361
INFO:R0@tkref=3.70319148936: N of unsatisfied eq: 3
INFO:R0@tkref=3.70319148936: N of unsatisfied ieq: 9
INFO:R0@tkref=3.70319148936: Summary: Optimization terminated successfully. after 8 it.
INFO:R0: --------------------------
INFO:R0@tkref=7.40638297872: Time to solve stand alone optimisation problem: 4.89227986336
INFO:R0@tkref=7.40638297872: N of unsatisfied eq: 10
INFO:R0@tkref=7.40638297872: N of unsatisfied ieq: 7
INFO:R0@tkref=7.40638297872: Summary: Iteration limit exceeded after 51 it.
INFO:R0: Finished motion planning
INFO:R0: --------------------------
INFO:R0: TOT: 12.166786892
INFO:R0: NSE: 3
INFO:R0: FIR: 3.58117604256
INFO:R0: LAS: 4.89286398888
INFO:R0: MAX: 0.728188037872
INFO:R0: MIN: 0.728188037872
INFO:R0: AVG: 0.728188037872
INFO:R0: RAT: 0.196637964838
