INFO:R0: Init motion planning
INFO:R0@tkref=0.0: Time to solve stand alone optimisation problem: 3.6716427803
INFO:R0@tkref=0.0: N of unsatisfied eq: 3
INFO:R0@tkref=0.0: N of unsatisfied ieq: 3
INFO:R0@tkref=0.0: Summary: Iteration limit exceeded after 51 it.
INFO:R0: --------------------------
INFO:R0@tkref=3.596: Time to solve stand alone optimisation problem: 0.660364866257
INFO:R0@tkref=3.596: N of unsatisfied eq: 2
INFO:R0@tkref=3.596: N of unsatisfied ieq: 9
INFO:R0@tkref=3.596: Summary: Optimization terminated successfully. after 7 it.
INFO:R0: --------------------------
INFO:R0@tkref=7.192: Time to solve stand alone optimisation problem: 5.00542497635
INFO:R0@tkref=7.192: N of unsatisfied eq: 10
INFO:R0@tkref=7.192: N of unsatisfied ieq: 3
INFO:R0@tkref=7.192: Summary: Iteration limit exceeded after 51 it.
INFO:R0: Finished motion planning
INFO:R0: --------------------------
INFO:R0: TOT: 12.2608365734
INFO:R0: NSE: 3
INFO:R0: FIR: 3.67263197899
INFO:R0: LAS: 5.00617194176
INFO:R0: MAX: 0.661034822464
INFO:R0: MIN: 0.661034822464
INFO:R0: AVG: 0.661034822464
INFO:R0: RAT: 0.183825034056
