INFO:R0: Init motion planning
INFO:R0@tkref=0.0: Time to solve stand alone optimisation problem: 3.77076005936
INFO:R0@tkref=0.0: N of unsatisfied eq: 3
INFO:R0@tkref=0.0: N of unsatisfied ieq: 5
INFO:R0@tkref=0.0: Summary: Iteration limit exceeded after 51 it.
INFO:R0: --------------------------
INFO:R0@tkref=5.25011764706: Time to solve stand alone optimisation problem: 5.11553907394
INFO:R0@tkref=5.25011764706: N of unsatisfied eq: 10
INFO:R0@tkref=5.25011764706: N of unsatisfied ieq: 2
INFO:R0@tkref=5.25011764706: Summary: Iteration limit exceeded after 51 it.
INFO:R0: Finished motion planning
INFO:R0: --------------------------
INFO:R0: TOT: 14.8244641802
INFO:R0: NSE: 2
INFO:R0: FIR: 3.77166509628
INFO:R0: LAS: 5.11624789238
INFO:R0: MAX: 5.11624789238
INFO:R0: MIN: 3.77166509628
INFO:R0: AVG: 4.44395649433
INFO:R0: RAT: 0.974501570502
