INFO:R0: Init motion planning
INFO:R0@tkref=0.0: Time to solve stand alone optimisation problem: 3.68272304535
INFO:R0@tkref=0.0: N of unsatisfied eq: 3
INFO:R0@tkref=0.0: N of unsatisfied ieq: 4
INFO:R0@tkref=0.0: Summary: Iteration limit exceeded after 51 it.
INFO:R0: --------------------------
INFO:R0@tkref=7.09061538462: Time to solve stand alone optimisation problem: 4.99385499954
INFO:R0@tkref=7.09061538462: N of unsatisfied eq: 10
INFO:R0@tkref=7.09061538462: N of unsatisfied ieq: 2
INFO:R0@tkref=7.09061538462: Summary: Iteration limit exceeded after 51 it.
INFO:R0: Finished motion planning
INFO:R0: --------------------------
INFO:R0: TOT: 23.9137583656
INFO:R0: NSE: 2
INFO:R0: FIR: 3.68373584747
INFO:R0: LAS: 4.99443411827
INFO:R0: MAX: 4.99443411827
INFO:R0: MIN: 3.68373584747
INFO:R0: AVG: 4.33908498287
INFO:R0: RAT: 0.704372448279
