INFO:R0: Init motion planning
INFO:R0@tkref=0.0: Time to solve stand alone optimisation problem: 3.73692297935
INFO:R0@tkref=0.0: N of unsatisfied eq: 3
INFO:R0@tkref=0.0: N of unsatisfied ieq: 3
INFO:R0@tkref=0.0: Summary: Iteration limit exceeded after 51 it.
INFO:R0: --------------------------
INFO:R0@tkref=7.98585365854: Time to solve stand alone optimisation problem: 5.04209709167
INFO:R0@tkref=7.98585365854: N of unsatisfied eq: 10
INFO:R0@tkref=7.98585365854: N of unsatisfied ieq: 1
INFO:R0@tkref=7.98585365854: Summary: Iteration limit exceeded after 51 it.
INFO:R0: Finished motion planning
INFO:R0: --------------------------
INFO:R0: TOT: 14.6910304843
INFO:R0: NSE: 2
INFO:R0: FIR: 3.73785305023
INFO:R0: LAS: 5.04267406464
INFO:R0: MAX: 5.04267406464
INFO:R0: MIN: 3.73785305023
INFO:R0: AVG: 4.39026355743
INFO:R0: RAT: 0.631450847993
