INFO:R0: Init motion planning
INFO:R0@tkref=0.0: Time to solve stand alone optimisation problem: 3.56730008125
INFO:R0@tkref=0.0: N of unsatisfied eq: 3
INFO:R0@tkref=0.0: N of unsatisfied ieq: 3
INFO:R0@tkref=0.0: Summary: Iteration limit exceeded after 51 it.
INFO:R0: --------------------------
INFO:R0@tkref=2.4396969697: Time to solve stand alone optimisation problem: 1.00209283829
INFO:R0@tkref=2.4396969697: N of unsatisfied eq: 3
INFO:R0@tkref=2.4396969697: N of unsatisfied ieq: 9
INFO:R0@tkref=2.4396969697: Summary: Optimization terminated successfully. after 11 it.
INFO:R0: --------------------------
INFO:R0@tkref=4.8793939394: Time to solve stand alone optimisation problem: 4.85212683678
INFO:R0@tkref=4.8793939394: N of unsatisfied eq: 10
INFO:R0@tkref=4.8793939394: N of unsatisfied ieq: 2
INFO:R0@tkref=4.8793939394: Summary: Iteration limit exceeded after 51 it.
INFO:R0: Finished motion planning
INFO:R0: --------------------------
INFO:R0: TOT: 12.4851194487
INFO:R0: NSE: 3
INFO:R0: FIR: 3.56831502914
INFO:R0: LAS: 4.85271692276
INFO:R0: MAX: 1.00278496742
INFO:R0: MIN: 1.00278496742
INFO:R0: AVG: 1.00278496742
INFO:R0: RAT: 0.411028492422
