INFO:R0: Init motion planning
INFO:R0@tkref=0.0: Time to solve stand alone optimisation problem: 3.66989707947
INFO:R0@tkref=0.0: N of unsatisfied eq: 3
INFO:R0@tkref=0.0: N of unsatisfied ieq: 3
INFO:R0@tkref=0.0: Summary: Iteration limit exceeded after 51 it.
INFO:R0: --------------------------
INFO:R0@tkref=4.54707317073: Time to solve stand alone optimisation problem: 5.00240802765
INFO:R0@tkref=4.54707317073: N of unsatisfied eq: 10
INFO:R0@tkref=4.54707317073: N of unsatisfied ieq: 0
INFO:R0@tkref=4.54707317073: Summary: Iteration limit exceeded after 51 it.
INFO:R0: Finished motion planning
INFO:R0: --------------------------
INFO:R0: TOT: 14.7745894388
INFO:R0: NSE: 2
INFO:R0: FIR: 3.67106080055
INFO:R0: LAS: 5.00315403938
INFO:R0: MAX: 5.00315403938
INFO:R0: MIN: 3.67106080055
INFO:R0: AVG: 4.33710741997
INFO:R0: RAT: 1.10030207378
