INFO:R0: Init motion planning
INFO:R0@tkref=0.0: Time to solve stand alone optimisation problem: 3.57876491547
INFO:R0@tkref=0.0: N of unsatisfied eq: 3
INFO:R0@tkref=0.0: N of unsatisfied ieq: 5
INFO:R0@tkref=0.0: Summary: Iteration limit exceeded after 51 it.
INFO:R0: --------------------------
INFO:R0@tkref=3.35: Time to solve stand alone optimisation problem: 0.825055837631
INFO:R0@tkref=3.35: N of unsatisfied eq: 3
INFO:R0@tkref=3.35: N of unsatisfied ieq: 8
INFO:R0@tkref=3.35: Summary: Optimization terminated successfully. after 9 it.
INFO:R0: --------------------------
INFO:R0@tkref=6.7: Time to solve stand alone optimisation problem: 4.8918800354
INFO:R0@tkref=6.7: N of unsatisfied eq: 10
INFO:R0@tkref=6.7: N of unsatisfied ieq: 5
INFO:R0@tkref=6.7: Summary: Iteration limit exceeded after 51 it.
INFO:R0: Finished motion planning
INFO:R0: --------------------------
INFO:R0: TOT: 11.8660974948
INFO:R0: NSE: 3
INFO:R0: FIR: 3.57979202271
INFO:R0: LAS: 4.89245510101
INFO:R0: MAX: 0.825720071793
INFO:R0: MIN: 0.825720071793
INFO:R0: AVG: 0.825720071793
INFO:R0: RAT: 0.24648360352
