INFO:R0: Init motion planning
INFO:R0@tkref=0.0: Time to solve stand alone optimisation problem: 3.71909403801
INFO:R0@tkref=0.0: N of unsatisfied eq: 3
INFO:R0@tkref=0.0: N of unsatisfied ieq: 7
INFO:R0@tkref=0.0: Summary: Iteration limit exceeded after 51 it.
INFO:R0: --------------------------
INFO:R0@tkref=0.630952380952: Time to solve stand alone optimisation problem: 0.715466022491
INFO:R0@tkref=0.630952380952: N of unsatisfied eq: 2
INFO:R0@tkref=0.630952380952: N of unsatisfied ieq: 10
INFO:R0@tkref=0.630952380952: Summary: Optimization terminated successfully. after 10 it.
INFO:R0: --------------------------
INFO:R0@tkref=1.2619047619: Time to solve stand alone optimisation problem: 0.722793102264
INFO:R0@tkref=1.2619047619: N of unsatisfied eq: 2
INFO:R0@tkref=1.2619047619: N of unsatisfied ieq: 9
INFO:R0@tkref=1.2619047619: Summary: Optimization terminated successfully. after 10 it.
INFO:R0: --------------------------
INFO:R0@tkref=1.89285714286: Time to solve stand alone optimisation problem: 1.57433891296
INFO:R0@tkref=1.89285714286: N of unsatisfied eq: 2
INFO:R0@tkref=1.89285714286: N of unsatisfied ieq: 7
INFO:R0@tkref=1.89285714286: Summary: Optimization terminated successfully. after 19 it.
INFO:R0: --------------------------
INFO:R0@tkref=2.52380952381: Time to solve stand alone optimisation problem: 1.15959692001
INFO:R0@tkref=2.52380952381: N of unsatisfied eq: 2
INFO:R0@tkref=2.52380952381: N of unsatisfied ieq: 7
INFO:R0@tkref=2.52380952381: Summary: Optimization terminated successfully. after 14 it.
INFO:R0: --------------------------
INFO:R0@tkref=3.15476190476: Time to solve stand alone optimisation problem: 1.22630810738
INFO:R0@tkref=3.15476190476: N of unsatisfied eq: 3
INFO:R0@tkref=3.15476190476: N of unsatisfied ieq: 7
INFO:R0@tkref=3.15476190476: Summary: Optimization terminated successfully. after 13 it.
INFO:R0: --------------------------
INFO:R0@tkref=3.78571428571: Time to solve stand alone optimisation problem: 1.13749313354
INFO:R0@tkref=3.78571428571: N of unsatisfied eq: 3
INFO:R0@tkref=3.78571428571: N of unsatisfied ieq: 9
INFO:R0@tkref=3.78571428571: Summary: Optimization terminated successfully. after 12 it.
INFO:R0: --------------------------
INFO:R0@tkref=4.41666666666: Time to solve stand alone optimisation problem: 3.11969995499
INFO:R0@tkref=4.41666666666: N of unsatisfied eq: 1
INFO:R0@tkref=4.41666666666: N of unsatisfied ieq: 10
INFO:R0@tkref=4.41666666666: Summary: Optimization terminated successfully. after 33 it.
INFO:R0: --------------------------
INFO:R0@tkref=5.04761904762: Time to solve stand alone optimisation problem: 1.13682603836
INFO:R0@tkref=5.04761904762: N of unsatisfied eq: 3
INFO:R0@tkref=5.04761904762: N of unsatisfied ieq: 12
INFO:R0@tkref=5.04761904762: Summary: Optimization terminated successfully. after 12 it.
INFO:R0: --------------------------
INFO:R0@tkref=5.67857142857: Time to solve stand alone optimisation problem: 1.25686216354
INFO:R0@tkref=5.67857142857: N of unsatisfied eq: 3
INFO:R0@tkref=5.67857142857: N of unsatisfied ieq: 9
INFO:R0@tkref=5.67857142857: Summary: Optimization terminated successfully. after 13 it.
INFO:R0: --------------------------
INFO:R0@tkref=6.30952380952: Time to solve stand alone optimisation problem: 1.03198289871
INFO:R0@tkref=6.30952380952: N of unsatisfied eq: 3
INFO:R0@tkref=6.30952380952: N of unsatisfied ieq: 9
INFO:R0@tkref=6.30952380952: Summary: Optimization terminated successfully. after 11 it.
INFO:R0: --------------------------
INFO:R0@tkref=6.94047619047: Time to solve stand alone optimisation problem: 0.766746997833
INFO:R0@tkref=6.94047619047: N of unsatisfied eq: 3
INFO:R0@tkref=6.94047619047: N of unsatisfied ieq: 10
INFO:R0@tkref=6.94047619047: Summary: Optimization terminated successfully. after 8 it.
INFO:R0: --------------------------
INFO:R0@tkref=7.57142857142: Time to solve stand alone optimisation problem: 0.943436861038
INFO:R0@tkref=7.57142857142: N of unsatisfied eq: 3
INFO:R0@tkref=7.57142857142: N of unsatisfied ieq: 10
INFO:R0@tkref=7.57142857142: Summary: Optimization terminated successfully. after 10 it.
INFO:R0: --------------------------
INFO:R0@tkref=8.20238095238: Time to solve stand alone optimisation problem: 0.849874973297
INFO:R0@tkref=8.20238095238: N of unsatisfied eq: 3
INFO:R0@tkref=8.20238095238: N of unsatisfied ieq: 9
INFO:R0@tkref=8.20238095238: Summary: Optimization terminated successfully. after 9 it.
INFO:R0: --------------------------
INFO:R0@tkref=8.83333333333: Time to solve stand alone optimisation problem: 0.956996917725
INFO:R0@tkref=8.83333333333: N of unsatisfied eq: 3
INFO:R0@tkref=8.83333333333: N of unsatisfied ieq: 8
INFO:R0@tkref=8.83333333333: Summary: Optimization terminated successfully. after 10 it.
INFO:R0: --------------------------
INFO:R0@tkref=9.46428571428: Time to solve stand alone optimisation problem: 0.672200918198
INFO:R0@tkref=9.46428571428: N of unsatisfied eq: 3
INFO:R0@tkref=9.46428571428: N of unsatisfied ieq: 8
INFO:R0@tkref=9.46428571428: Summary: Optimization terminated successfully. after 7 it.
INFO:R0: --------------------------
INFO:R0@tkref=10.0952380952: Time to solve stand alone optimisation problem: 0.662303209305
INFO:R0@tkref=10.0952380952: N of unsatisfied eq: 3
INFO:R0@tkref=10.0952380952: N of unsatisfied ieq: 10
INFO:R0@tkref=10.0952380952: Summary: Optimization terminated successfully. after 7 it.
INFO:R0: --------------------------
INFO:R0@tkref=10.7261904762: Time to solve stand alone optimisation problem: 0.667747020721
INFO:R0@tkref=10.7261904762: N of unsatisfied eq: 2
INFO:R0@tkref=10.7261904762: N of unsatisfied ieq: 11
INFO:R0@tkref=10.7261904762: Summary: Optimization terminated successfully. after 7 it.
INFO:R0: --------------------------
INFO:R0@tkref=11.3571428571: Time to solve stand alone optimisation problem: 0.56453204155
INFO:R0@tkref=11.3571428571: N of unsatisfied eq: 3
INFO:R0@tkref=11.3571428571: N of unsatisfied ieq: 12
INFO:R0@tkref=11.3571428571: Summary: Optimization terminated successfully. after 6 it.
INFO:R0: --------------------------
INFO:R0@tkref=11.9880952381: Time to solve stand alone optimisation problem: 0.569077968597
INFO:R0@tkref=11.9880952381: N of unsatisfied eq: 3
INFO:R0@tkref=11.9880952381: N of unsatisfied ieq: 9
INFO:R0@tkref=11.9880952381: Summary: Optimization terminated successfully. after 6 it.
INFO:R0: --------------------------
INFO:R0@tkref=12.619047619: Time to solve stand alone optimisation problem: 0.574419975281
INFO:R0@tkref=12.619047619: N of unsatisfied eq: 3
INFO:R0@tkref=12.619047619: N of unsatisfied ieq: 9
INFO:R0@tkref=12.619047619: Summary: Optimization terminated successfully. after 6 it.
INFO:R0: --------------------------
INFO:R0@tkref=13.25: Time to solve stand alone optimisation problem: 0.667828083038
INFO:R0@tkref=13.25: N of unsatisfied eq: 3
INFO:R0@tkref=13.25: N of unsatisfied ieq: 9
INFO:R0@tkref=13.25: Summary: Optimization terminated successfully. after 7 it.
INFO:R0: --------------------------
INFO:R0@tkref=13.8809523809: Time to solve stand alone optimisation problem: 0.568828105927
INFO:R0@tkref=13.8809523809: N of unsatisfied eq: 3
INFO:R0@tkref=13.8809523809: N of unsatisfied ieq: 9
INFO:R0@tkref=13.8809523809: Summary: Optimization terminated successfully. after 6 it.
INFO:R0: --------------------------
INFO:R0@tkref=14.5119047619: Time to solve stand alone optimisation problem: 5.06339788437
INFO:R0@tkref=14.5119047619: N of unsatisfied eq: 10
INFO:R0@tkref=14.5119047619: N of unsatisfied ieq: 7
INFO:R0@tkref=14.5119047619: Summary: Iteration limit exceeded after 51 it.
INFO:R0: Finished motion planning
INFO:R0: --------------------------
INFO:R0: TOT: 19.9437952129
INFO:R0: NSE: 24
INFO:R0: FIR: 3.72010993958
INFO:R0: LAS: 5.06397414207
INFO:R0: MAX: 3.12037396431
INFO:R0: MIN: 0.565168857574
INFO:R0: AVG: 0.980004516515
INFO:R0: RAT: 4.94549835853
