INFO:R0: Init motion planning
INFO:R0@tkref=0.0: Time to solve stand alone optimisation problem: 3.80002999306
INFO:R0@tkref=0.0: N of unsatisfied eq: 3
INFO:R0@tkref=0.0: N of unsatisfied ieq: 3
INFO:R0@tkref=0.0: Summary: Iteration limit exceeded after 51 it.
INFO:R0: --------------------------
INFO:R0@tkref=1.75: Time to solve stand alone optimisation problem: 0.768844127655
INFO:R0@tkref=1.75: N of unsatisfied eq: 5
INFO:R0@tkref=1.75: N of unsatisfied ieq: 18
INFO:R0@tkref=1.75: Summary: Optimization terminated successfully. after 12 it.
INFO:R0: --------------------------
INFO:R0@tkref=3.5: Time to solve stand alone optimisation problem: 5.15854597092
INFO:R0@tkref=3.5: N of unsatisfied eq: 10
INFO:R0@tkref=3.5: N of unsatisfied ieq: 0
INFO:R0@tkref=3.5: Summary: Iteration limit exceeded after 51 it.
INFO:R0: Finished motion planning
INFO:R0: --------------------------
INFO:R0: TOT: 13.0128171232
INFO:R0: NSE: 3
INFO:R0: FIR: 3.801019907
INFO:R0: LAS: 5.15916800499
INFO:R0: MAX: 0.770060062408
INFO:R0: MIN: 0.770060062408
INFO:R0: AVG: 0.770060062408
INFO:R0: RAT: 0.440034321376
