INFO:R0: Init motion planning
INFO:R0@tkref=0.0: Time to solve stand alone optimisation problem: 3.79077601433
INFO:R0@tkref=0.0: N of unsatisfied eq: 3
INFO:R0@tkref=0.0: N of unsatisfied ieq: 3
INFO:R0@tkref=0.0: Summary: Iteration limit exceeded after 51 it.
INFO:R0: --------------------------
INFO:R0@tkref=7.16351351351: Time to solve stand alone optimisation problem: 0.492998838425
INFO:R0@tkref=7.16351351351: N of unsatisfied eq: 9
INFO:R0@tkref=7.16351351351: N of unsatisfied ieq: 19
INFO:R0@tkref=7.16351351351: Summary: Optimization terminated successfully. after 9 it.
INFO:R0: Finished motion planning
INFO:R0: --------------------------
INFO:R0: TOT: 11.8096988211
INFO:R0: NSE: 2
INFO:R0: FIR: 3.79168391228
INFO:R0: LAS: 0.493606805801
INFO:R0: MAX: 3.79168391228
INFO:R0: MIN: 0.493606805801
INFO:R0: AVG: 2.14264535904
INFO:R0: RAT: 0.529305054723
