INFO:R0: Init motion planning
INFO:R0@tkref=0.0: Time to solve stand alone optimisation problem: 3.94644498825
INFO:R0@tkref=0.0: N of unsatisfied eq: 3
INFO:R0@tkref=0.0: N of unsatisfied ieq: 3
INFO:R0@tkref=0.0: Summary: Iteration limit exceeded after 51 it.
INFO:R0: --------------------------
INFO:R0@tkref=2.64537313433: Time to solve stand alone optimisation problem: 0.716682910919
INFO:R0@tkref=2.64537313433: N of unsatisfied eq: 3
INFO:R0@tkref=2.64537313433: N of unsatisfied ieq: 8
INFO:R0@tkref=2.64537313433: Summary: Optimization terminated successfully. after 7 it.
INFO:R0: --------------------------
INFO:R0@tkref=5.29074626866: Time to solve stand alone optimisation problem: 5.45222306252
INFO:R0@tkref=5.29074626866: N of unsatisfied eq: 10
INFO:R0@tkref=5.29074626866: N of unsatisfied ieq: 2
INFO:R0@tkref=5.29074626866: Summary: Iteration limit exceeded after 51 it.
INFO:R0: Finished motion planning
INFO:R0: --------------------------
INFO:R0: TOT: 12.8686429263
INFO:R0: NSE: 3
INFO:R0: FIR: 3.94741106033
INFO:R0: LAS: 5.45280790329
INFO:R0: MAX: 0.717371940613
INFO:R0: MIN: 0.717371940613
INFO:R0: AVG: 0.717371940613
INFO:R0: RAT: 0.271179869223
