INFO:R0: Init motion planning
INFO:R0@tkref=0.0: Time to solve stand alone optimisation problem: 3.69660902023
INFO:R0@tkref=0.0: N of unsatisfied eq: 3
INFO:R0@tkref=0.0: N of unsatisfied ieq: 4
INFO:R0@tkref=0.0: Summary: Iteration limit exceeded after 51 it.
INFO:R0: --------------------------
INFO:R0@tkref=3.10344827586: Time to solve stand alone optimisation problem: 0.757604837418
INFO:R0@tkref=3.10344827586: N of unsatisfied eq: 3
INFO:R0@tkref=3.10344827586: N of unsatisfied ieq: 8
INFO:R0@tkref=3.10344827586: Summary: Optimization terminated successfully. after 8 it.
INFO:R0: --------------------------
INFO:R0@tkref=6.20689655172: Time to solve stand alone optimisation problem: 5.02316188812
INFO:R0@tkref=6.20689655172: N of unsatisfied eq: 10
INFO:R0@tkref=6.20689655172: N of unsatisfied ieq: 5
INFO:R0@tkref=6.20689655172: Summary: Iteration limit exceeded after 51 it.
INFO:R0: Finished motion planning
INFO:R0: --------------------------
INFO:R0: TOT: 12.6498985407
INFO:R0: NSE: 3
INFO:R0: FIR: 3.6975479126
INFO:R0: LAS: 5.02375006676
INFO:R0: MAX: 0.758270978928
INFO:R0: MIN: 0.758270978928
INFO:R0: AVG: 0.758270978928
INFO:R0: RAT: 0.244331759877
