INFO:R0: Init motion planning
INFO:R0@tkref=0.0: Time to solve stand alone optimisation problem: 3.70148587227
INFO:R0@tkref=0.0: N of unsatisfied eq: 3
INFO:R0@tkref=0.0: N of unsatisfied ieq: 5
INFO:R0@tkref=0.0: Summary: Iteration limit exceeded after 51 it.
INFO:R0: --------------------------
INFO:R0@tkref=8.95: Time to solve stand alone optimisation problem: 5.00611186028
INFO:R0@tkref=8.95: N of unsatisfied eq: 10
INFO:R0@tkref=8.95: N of unsatisfied ieq: 1
INFO:R0@tkref=8.95: Summary: Iteration limit exceeded after 51 it.
INFO:R0: Finished motion planning
INFO:R0: --------------------------
INFO:R0: TOT: 23.1794108838
INFO:R0: NSE: 2
INFO:R0: FIR: 3.70239281654
INFO:R0: LAS: 5.00669693947
INFO:R0: MAX: 5.00669693947
INFO:R0: MIN: 3.70239281654
INFO:R0: AVG: 4.35454487801
INFO:R0: RAT: 0.55940747927
