INFO:R0: Init motion planning
INFO:R0@tkref=0.0: Time to solve stand alone optimisation problem: 3.64739394188
INFO:R0@tkref=0.0: N of unsatisfied eq: 3
INFO:R0@tkref=0.0: N of unsatisfied ieq: 11
INFO:R0@tkref=0.0: Summary: Iteration limit exceeded after 51 it.
INFO:R0: --------------------------
INFO:R0@tkref=3.6: Time to solve stand alone optimisation problem: 0.745857954025
INFO:R0@tkref=3.6: N of unsatisfied eq: 2
INFO:R0@tkref=3.6: N of unsatisfied ieq: 9
INFO:R0@tkref=3.6: Summary: Optimization terminated successfully. after 8 it.
INFO:R0: --------------------------
INFO:R0@tkref=7.2: Time to solve stand alone optimisation problem: 4.99601316452
INFO:R0@tkref=7.2: N of unsatisfied eq: 10
INFO:R0@tkref=7.2: N of unsatisfied ieq: 3
INFO:R0@tkref=7.2: Summary: Iteration limit exceeded after 51 it.
INFO:R0: Finished motion planning
INFO:R0: --------------------------
INFO:R0: TOT: 11.8248129525
INFO:R0: NSE: 3
INFO:R0: FIR: 3.64827799797
INFO:R0: LAS: 4.99659013748
INFO:R0: MAX: 0.746506929398
INFO:R0: MIN: 0.746506929398
INFO:R0: AVG: 0.746506929398
INFO:R0: RAT: 0.207363035944
