INFO:R0: Init motion planning
INFO:R0@tkref=0.0: Time to solve stand alone optimisation problem: 3.70876097679
INFO:R0@tkref=0.0: N of unsatisfied eq: 3
INFO:R0@tkref=0.0: N of unsatisfied ieq: 4
INFO:R0@tkref=0.0: Summary: Iteration limit exceeded after 51 it.
INFO:R0: --------------------------
INFO:R0@tkref=4.20592592593: Time to solve stand alone optimisation problem: 0.663232803345
INFO:R0@tkref=4.20592592593: N of unsatisfied eq: 3
INFO:R0@tkref=4.20592592593: N of unsatisfied ieq: 8
INFO:R0@tkref=4.20592592593: Summary: Optimization terminated successfully. after 7 it.
INFO:R0: --------------------------
INFO:R0@tkref=8.41185185186: Time to solve stand alone optimisation problem: 5.07860994339
INFO:R0@tkref=8.41185185186: N of unsatisfied eq: 10
INFO:R0@tkref=8.41185185186: N of unsatisfied ieq: 3
INFO:R0@tkref=8.41185185186: Summary: Iteration limit exceeded after 51 it.
INFO:R0: Finished motion planning
INFO:R0: --------------------------
INFO:R0: TOT: 12.092646471
INFO:R0: NSE: 3
INFO:R0: FIR: 3.70966005325
INFO:R0: LAS: 5.07918691635
INFO:R0: MAX: 0.664381027222
INFO:R0: MIN: 0.664381027222
INFO:R0: AVG: 0.664381027222
INFO:R0: RAT: 0.15796308326
