INFO:R0: Init motion planning
INFO:R0@tkref=0.0: Time to solve stand alone optimisation problem: 3.59159994125
INFO:R0@tkref=0.0: N of unsatisfied eq: 3
INFO:R0@tkref=0.0: N of unsatisfied ieq: 9
INFO:R0@tkref=0.0: Summary: Iteration limit exceeded after 51 it.
INFO:R0: --------------------------
INFO:R0@tkref=1.65: Time to solve stand alone optimisation problem: 1.02491497993
INFO:R0@tkref=1.65: N of unsatisfied eq: 3
INFO:R0@tkref=1.65: N of unsatisfied ieq: 13
INFO:R0@tkref=1.65: Summary: Optimization terminated successfully. after 11 it.
INFO:R0: --------------------------
INFO:R0@tkref=3.3: Time to solve stand alone optimisation problem: 0.662000894547
INFO:R0@tkref=3.3: N of unsatisfied eq: 3
INFO:R0@tkref=3.3: N of unsatisfied ieq: 16
INFO:R0@tkref=3.3: Summary: Optimization terminated successfully. after 7 it.
INFO:R0: --------------------------
INFO:R0@tkref=4.95: Time to solve stand alone optimisation problem: 1.09733200073
INFO:R0@tkref=4.95: N of unsatisfied eq: 3
INFO:R0@tkref=4.95: N of unsatisfied ieq: 8
INFO:R0@tkref=4.95: Summary: Optimization terminated successfully. after 12 it.
INFO:R0: --------------------------
INFO:R0@tkref=6.6: Time to solve stand alone optimisation problem: 1.01066398621
INFO:R0@tkref=6.6: N of unsatisfied eq: 3
INFO:R0@tkref=6.6: N of unsatisfied ieq: 12
INFO:R0@tkref=6.6: Summary: Optimization terminated successfully. after 11 it.
INFO:R0: --------------------------
INFO:R0@tkref=8.25: Time to solve stand alone optimisation problem: 0.19019818306
INFO:R0@tkref=8.25: N of unsatisfied eq: 3
INFO:R0@tkref=8.25: N of unsatisfied ieq: 15
INFO:R0@tkref=8.25: Summary: Optimization terminated successfully. after 2 it.
INFO:R0: --------------------------
INFO:R0@tkref=9.9: Time to solve stand alone optimisation problem: 3.68216705322
INFO:R0@tkref=9.9: N of unsatisfied eq: 10
INFO:R0@tkref=9.9: N of unsatisfied ieq: 2
INFO:R0@tkref=9.9: Summary: Iteration limit exceeded after 51 it.
INFO:R0: Finished motion planning
INFO:R0: --------------------------
INFO:R0: TOT: 11.6039102163
INFO:R0: NSE: 7
INFO:R0: FIR: 3.59262800217
INFO:R0: LAS: 3.68273305893
INFO:R0: MAX: 1.09799194336
INFO:R0: MIN: 0.190827131271
INFO:R0: AVG: 0.797686052322
INFO:R0: RAT: 0.665449662642
