INFO:R0: Init motion planning
INFO:R0@tkref=0.0: Time to solve stand alone optimisation problem: 3.71574807167
INFO:R0@tkref=0.0: N of unsatisfied eq: 3
INFO:R0@tkref=0.0: N of unsatisfied ieq: 2
INFO:R0@tkref=0.0: Summary: Iteration limit exceeded after 51 it.
INFO:R0: --------------------------
INFO:R0@tkref=6.91025641026: Time to solve stand alone optimisation problem: 4.99848508835
INFO:R0@tkref=6.91025641026: N of unsatisfied eq: 10
INFO:R0@tkref=6.91025641026: N of unsatisfied ieq: 4
INFO:R0@tkref=6.91025641026: Summary: Iteration limit exceeded after 51 it.
INFO:R0: Finished motion planning
INFO:R0: --------------------------
INFO:R0: TOT: 15.2417585357
INFO:R0: NSE: 2
INFO:R0: FIR: 3.71677803993
INFO:R0: LAS: 4.99907493591
INFO:R0: MAX: 4.99907493591
INFO:R0: MIN: 3.71677803993
INFO:R0: AVG: 4.35792648792
INFO:R0: RAT: 0.723428283861
