INFO:R0: Init motion planning
INFO:R0@tkref=0.0: Time to solve stand alone optimisation problem: 3.6902410984
INFO:R0@tkref=0.0: N of unsatisfied eq: 3
INFO:R0@tkref=0.0: N of unsatisfied ieq: 4
INFO:R0@tkref=0.0: Summary: Iteration limit exceeded after 51 it.
INFO:R0: --------------------------
INFO:R0@tkref=1.70649122807: Time to solve stand alone optimisation problem: 1.21497607231
INFO:R0@tkref=1.70649122807: N of unsatisfied eq: 2
INFO:R0@tkref=1.70649122807: N of unsatisfied ieq: 8
INFO:R0@tkref=1.70649122807: Summary: Optimization terminated successfully. after 13 it.
INFO:R0: --------------------------
INFO:R0@tkref=3.41298245614: Time to solve stand alone optimisation problem: 0.665991783142
INFO:R0@tkref=3.41298245614: N of unsatisfied eq: 2
INFO:R0@tkref=3.41298245614: N of unsatisfied ieq: 9
INFO:R0@tkref=3.41298245614: Summary: Optimization terminated successfully. after 7 it.
INFO:R0: --------------------------
INFO:R0@tkref=5.11947368421: Time to solve stand alone optimisation problem: 5.0212059021
INFO:R0@tkref=5.11947368421: N of unsatisfied eq: 10
INFO:R0@tkref=5.11947368421: N of unsatisfied ieq: 0
INFO:R0@tkref=5.11947368421: Summary: Iteration limit exceeded after 51 it.
INFO:R0: Finished motion planning
INFO:R0: --------------------------
INFO:R0: TOT: 12.7026968046
INFO:R0: NSE: 4
INFO:R0: FIR: 3.69112706184
INFO:R0: LAS: 5.02206993103
INFO:R0: MAX: 1.21564793587
INFO:R0: MIN: 0.666636943817
INFO:R0: AVG: 0.941142439842
INFO:R0: RAT: 0.712366940932
