INFO:R0: Init motion planning
INFO:R0@tkref=0.0: Time to solve stand alone optimisation problem: 3.69336104393
INFO:R0@tkref=0.0: N of unsatisfied eq: 3
INFO:R0@tkref=0.0: N of unsatisfied ieq: 3
INFO:R0@tkref=0.0: Summary: Iteration limit exceeded after 51 it.
INFO:R0: --------------------------
INFO:R0@tkref=5.49151515152: Time to solve stand alone optimisation problem: 5.02434802055
INFO:R0@tkref=5.49151515152: N of unsatisfied eq: 10
INFO:R0@tkref=5.49151515152: N of unsatisfied ieq: 4
INFO:R0@tkref=5.49151515152: Summary: Iteration limit exceeded after 51 it.
INFO:R0: Finished motion planning
INFO:R0: --------------------------
INFO:R0: TOT: 12.2816387063
INFO:R0: NSE: 2
INFO:R0: FIR: 3.69428300858
INFO:R0: LAS: 5.02505087852
INFO:R0: MAX: 5.02505087852
INFO:R0: MIN: 3.69428300858
INFO:R0: AVG: 4.35966694355
INFO:R0: RAT: 0.915057272879
