INFO:R0: Init motion planning
INFO:R0@tkref=0.0: Time to solve stand alone optimisation problem: 3.73165297508
INFO:R0@tkref=0.0: N of unsatisfied eq: 3
INFO:R0@tkref=0.0: N of unsatisfied ieq: 4
INFO:R0@tkref=0.0: Summary: Iteration limit exceeded after 51 it.
INFO:R0: --------------------------
INFO:R0@tkref=3.70232876712: Time to solve stand alone optimisation problem: 5.0938642025
INFO:R0@tkref=3.70232876712: N of unsatisfied eq: 10
INFO:R0@tkref=3.70232876712: N of unsatisfied ieq: 3
INFO:R0@tkref=3.70232876712: Summary: Iteration limit exceeded after 51 it.
INFO:R0: Finished motion planning
INFO:R0: --------------------------
INFO:R0: TOT: 12.5780280819
INFO:R0: NSE: 2
INFO:R0: FIR: 3.73257303238
INFO:R0: LAS: 5.09468698502
INFO:R0: MAX: 5.09468698502
INFO:R0: MIN: 3.73257303238
INFO:R0: AVG: 4.4136300087
INFO:R0: RAT: 1.37607633073
