INFO:R0: Init motion planning
INFO:R0@tkref=0.0: Time to solve stand alone optimisation problem: 4.22633695602
INFO:R0@tkref=0.0: N of unsatisfied eq: 3
INFO:R0@tkref=0.0: N of unsatisfied ieq: 12
INFO:R0@tkref=0.0: Summary: Iteration limit exceeded after 51 it.
INFO:R0: --------------------------
INFO:R0@tkref=3.73526315789: Time to solve stand alone optimisation problem: 0.868995189667
INFO:R0@tkref=3.73526315789: N of unsatisfied eq: 2
INFO:R0@tkref=3.73526315789: N of unsatisfied ieq: 10
INFO:R0@tkref=3.73526315789: Summary: Optimization terminated successfully. after 9 it.
INFO:R0: --------------------------
INFO:R0@tkref=7.47052631578: Time to solve stand alone optimisation problem: 5.50018501282
INFO:R0@tkref=7.47052631578: N of unsatisfied eq: 10
INFO:R0@tkref=7.47052631578: N of unsatisfied ieq: 2
INFO:R0@tkref=7.47052631578: Summary: Iteration limit exceeded after 51 it.
INFO:R0: Finished motion planning
INFO:R0: --------------------------
INFO:R0: TOT: 11.9789932347
INFO:R0: NSE: 3
INFO:R0: FIR: 4.22725701332
INFO:R0: LAS: 5.50078988075
INFO:R0: MAX: 0.869726896286
INFO:R0: MIN: 0.869726896286
INFO:R0: AVG: 0.869726896286
INFO:R0: RAT: 0.232842201345
