INFO:R0: Init motion planning
INFO:R0@tkref=0.0: Time to solve stand alone optimisation problem: 3.93193507195
INFO:R0@tkref=0.0: N of unsatisfied eq: 3
INFO:R0@tkref=0.0: N of unsatisfied ieq: 2
INFO:R0@tkref=0.0: Summary: Iteration limit exceeded after 51 it.
INFO:R0: --------------------------
INFO:R0@tkref=4.74771428571: Time to solve stand alone optimisation problem: 5.31380391121
INFO:R0@tkref=4.74771428571: N of unsatisfied eq: 10
INFO:R0@tkref=4.74771428571: N of unsatisfied ieq: 3
INFO:R0@tkref=4.74771428571: Summary: Iteration limit exceeded after 51 it.
INFO:R0: Finished motion planning
INFO:R0: --------------------------
INFO:R0: TOT: 12.9822316157
INFO:R0: NSE: 2
INFO:R0: FIR: 3.93438792229
INFO:R0: LAS: 5.31464505196
INFO:R0: MAX: 5.31464505196
INFO:R0: MIN: 3.93438792229
INFO:R0: AVG: 4.62451648712
INFO:R0: RAT: 1.11941130661
