INFO:R0: Init motion planning
INFO:R0@tkref=0.0: Time to solve stand alone optimisation problem: 3.69582700729
INFO:R0@tkref=0.0: N of unsatisfied eq: 3
INFO:R0@tkref=0.0: N of unsatisfied ieq: 6
INFO:R0@tkref=0.0: Summary: Iteration limit exceeded after 51 it.
INFO:R0: --------------------------
INFO:R0@tkref=0.582666666667: Time to solve stand alone optimisation problem: 0.712793111801
INFO:R0@tkref=0.582666666667: N of unsatisfied eq: 1
INFO:R0@tkref=0.582666666667: N of unsatisfied ieq: 8
INFO:R0@tkref=0.582666666667: Summary: Optimization terminated successfully. after 10 it.
INFO:R0: --------------------------
INFO:R0@tkref=1.16533333333: Time to solve stand alone optimisation problem: 0.980803966522
INFO:R0@tkref=1.16533333333: N of unsatisfied eq: 2
INFO:R0@tkref=1.16533333333: N of unsatisfied ieq: 9
INFO:R0@tkref=1.16533333333: Summary: Optimization terminated successfully. after 12 it.
INFO:R0: --------------------------
INFO:R0@tkref=1.748: Time to solve stand alone optimisation problem: 1.12751412392
INFO:R0@tkref=1.748: N of unsatisfied eq: 3
INFO:R0@tkref=1.748: N of unsatisfied ieq: 8
INFO:R0@tkref=1.748: Summary: Optimization terminated successfully. after 12 it.
INFO:R0: --------------------------
INFO:R0@tkref=2.33066666667: Time to solve stand alone optimisation problem: 0.946401834488
INFO:R0@tkref=2.33066666667: N of unsatisfied eq: 3
INFO:R0@tkref=2.33066666667: N of unsatisfied ieq: 9
INFO:R0@tkref=2.33066666667: Summary: Optimization terminated successfully. after 10 it.
INFO:R0: --------------------------
INFO:R0@tkref=2.91333333333: Time to solve stand alone optimisation problem: 1.409044981
INFO:R0@tkref=2.91333333333: N of unsatisfied eq: 3
INFO:R0@tkref=2.91333333333: N of unsatisfied ieq: 12
INFO:R0@tkref=2.91333333333: Summary: Optimization terminated successfully. after 15 it.
INFO:R0: --------------------------
INFO:R0@tkref=3.496: Time to solve stand alone optimisation problem: 0.868823051453
INFO:R0@tkref=3.496: N of unsatisfied eq: 3
INFO:R0@tkref=3.496: N of unsatisfied ieq: 13
INFO:R0@tkref=3.496: Summary: Optimization terminated successfully. after 9 it.
INFO:R0: --------------------------
INFO:R0@tkref=4.07866666667: Time to solve stand alone optimisation problem: 1.02562499046
INFO:R0@tkref=4.07866666667: N of unsatisfied eq: 2
INFO:R0@tkref=4.07866666667: N of unsatisfied ieq: 11
INFO:R0@tkref=4.07866666667: Summary: Optimization terminated successfully. after 11 it.
INFO:R0: --------------------------
INFO:R0@tkref=4.66133333334: Time to solve stand alone optimisation problem: 1.12654089928
INFO:R0@tkref=4.66133333334: N of unsatisfied eq: 2
INFO:R0@tkref=4.66133333334: N of unsatisfied ieq: 8
INFO:R0@tkref=4.66133333334: Summary: Optimization terminated successfully. after 12 it.
INFO:R0: --------------------------
INFO:R0@tkref=5.244: Time to solve stand alone optimisation problem: 1.33066797256
INFO:R0@tkref=5.244: N of unsatisfied eq: 3
INFO:R0@tkref=5.244: N of unsatisfied ieq: 8
INFO:R0@tkref=5.244: Summary: Optimization terminated successfully. after 14 it.
INFO:R0: --------------------------
INFO:R0@tkref=5.82666666667: Time to solve stand alone optimisation problem: 0.945649862289
INFO:R0@tkref=5.82666666667: N of unsatisfied eq: 2
INFO:R0@tkref=5.82666666667: N of unsatisfied ieq: 9
INFO:R0@tkref=5.82666666667: Summary: Optimization terminated successfully. after 10 it.
INFO:R0: --------------------------
INFO:R0@tkref=6.40933333334: Time to solve stand alone optimisation problem: 1.03472614288
INFO:R0@tkref=6.40933333334: N of unsatisfied eq: 3
INFO:R0@tkref=6.40933333334: N of unsatisfied ieq: 8
INFO:R0@tkref=6.40933333334: Summary: Optimization terminated successfully. after 11 it.
INFO:R0: --------------------------
INFO:R0@tkref=6.992: Time to solve stand alone optimisation problem: 0.748399972916
INFO:R0@tkref=6.992: N of unsatisfied eq: 3
INFO:R0@tkref=6.992: N of unsatisfied ieq: 10
INFO:R0@tkref=6.992: Summary: Optimization terminated successfully. after 8 it.
INFO:R0: --------------------------
INFO:R0@tkref=7.57466666667: Time to solve stand alone optimisation problem: 0.651072978973
INFO:R0@tkref=7.57466666667: N of unsatisfied eq: 3
INFO:R0@tkref=7.57466666667: N of unsatisfied ieq: 10
INFO:R0@tkref=7.57466666667: Summary: Optimization terminated successfully. after 7 it.
INFO:R0: --------------------------
INFO:R0@tkref=8.15733333334: Time to solve stand alone optimisation problem: 0.563151836395
INFO:R0@tkref=8.15733333334: N of unsatisfied eq: 3
INFO:R0@tkref=8.15733333334: N of unsatisfied ieq: 10
INFO:R0@tkref=8.15733333334: Summary: Optimization terminated successfully. after 6 it.
INFO:R0: --------------------------
INFO:R0@tkref=8.74000000001: Time to solve stand alone optimisation problem: 0.656011104584
INFO:R0@tkref=8.74000000001: N of unsatisfied eq: 3
INFO:R0@tkref=8.74000000001: N of unsatisfied ieq: 13
INFO:R0@tkref=8.74000000001: Summary: Optimization terminated successfully. after 7 it.
INFO:R0: --------------------------
INFO:R0@tkref=9.32266666667: Time to solve stand alone optimisation problem: 0.65981388092
INFO:R0@tkref=9.32266666667: N of unsatisfied eq: 3
INFO:R0@tkref=9.32266666667: N of unsatisfied ieq: 10
INFO:R0@tkref=9.32266666667: Summary: Optimization terminated successfully. after 7 it.
INFO:R0: --------------------------
INFO:R0@tkref=9.90533333334: Time to solve stand alone optimisation problem: 0.378014087677
INFO:R0@tkref=9.90533333334: N of unsatisfied eq: 3
INFO:R0@tkref=9.90533333334: N of unsatisfied ieq: 11
INFO:R0@tkref=9.90533333334: Summary: Optimization terminated successfully. after 4 it.
INFO:R0: --------------------------
INFO:R0@tkref=10.488: Time to solve stand alone optimisation problem: 0.373977899551
INFO:R0@tkref=10.488: N of unsatisfied eq: 3
INFO:R0@tkref=10.488: N of unsatisfied ieq: 7
INFO:R0@tkref=10.488: Summary: Optimization terminated successfully. after 4 it.
INFO:R0: --------------------------
INFO:R0@tkref=11.0706666667: Time to solve stand alone optimisation problem: 5.00831198692
INFO:R0@tkref=11.0706666667: N of unsatisfied eq: 10
INFO:R0@tkref=11.0706666667: N of unsatisfied ieq: 4
INFO:R0@tkref=11.0706666667: Summary: Iteration limit exceeded after 51 it.
INFO:R0: Finished motion planning
INFO:R0: --------------------------
INFO:R0: TOT: 14.8017032617
INFO:R0: NSE: 20
INFO:R0: FIR: 3.69747185707
INFO:R0: LAS: 5.00927710533
INFO:R0: MAX: 1.40993499756
INFO:R0: MIN: 0.374876976013
INFO:R0: AVG: 0.864012095663
INFO:R0: RAT: 2.41979690656
