INFO:R0: Init motion planning
INFO:R0@tkref=0.0: Time to solve stand alone optimisation problem: 3.68778705597
INFO:R0@tkref=0.0: N of unsatisfied eq: 3
INFO:R0@tkref=0.0: N of unsatisfied ieq: 5
INFO:R0@tkref=0.0: Summary: Iteration limit exceeded after 51 it.
INFO:R0: --------------------------
INFO:R0@tkref=1.15: Time to solve stand alone optimisation problem: 0.831204891205
INFO:R0@tkref=1.15: N of unsatisfied eq: 2
INFO:R0@tkref=1.15: N of unsatisfied ieq: 12
INFO:R0@tkref=1.15: Summary: Optimization terminated successfully. after 10 it.
INFO:R0: --------------------------
INFO:R0@tkref=2.3: Time to solve stand alone optimisation problem: 1.04055905342
INFO:R0@tkref=2.3: N of unsatisfied eq: 3
INFO:R0@tkref=2.3: N of unsatisfied ieq: 10
INFO:R0@tkref=2.3: Summary: Optimization terminated successfully. after 11 it.
INFO:R0: --------------------------
INFO:R0@tkref=3.45: Time to solve stand alone optimisation problem: 0.951705932617
INFO:R0@tkref=3.45: N of unsatisfied eq: 2
INFO:R0@tkref=3.45: N of unsatisfied ieq: 14
INFO:R0@tkref=3.45: Summary: Optimization terminated successfully. after 10 it.
INFO:R0: --------------------------
INFO:R0@tkref=4.6: Time to solve stand alone optimisation problem: 1.12827110291
INFO:R0@tkref=4.6: N of unsatisfied eq: 1
INFO:R0@tkref=4.6: N of unsatisfied ieq: 9
INFO:R0@tkref=4.6: Summary: Optimization terminated successfully. after 12 it.
INFO:R0: --------------------------
INFO:R0@tkref=5.75: Time to solve stand alone optimisation problem: 0.854247093201
INFO:R0@tkref=5.75: N of unsatisfied eq: 2
INFO:R0@tkref=5.75: N of unsatisfied ieq: 9
INFO:R0@tkref=5.75: Summary: Optimization terminated successfully. after 9 it.
INFO:R0: --------------------------
INFO:R0@tkref=6.9: Time to solve stand alone optimisation problem: 0.654219865799
INFO:R0@tkref=6.9: N of unsatisfied eq: 3
INFO:R0@tkref=6.9: N of unsatisfied ieq: 10
INFO:R0@tkref=6.9: Summary: Optimization terminated successfully. after 7 it.
INFO:R0: --------------------------
INFO:R0@tkref=8.05: Time to solve stand alone optimisation problem: 0.849231004715
INFO:R0@tkref=8.05: N of unsatisfied eq: 3
INFO:R0@tkref=8.05: N of unsatisfied ieq: 10
INFO:R0@tkref=8.05: Summary: Optimization terminated successfully. after 9 it.
INFO:R0: --------------------------
INFO:R0@tkref=9.2: Time to solve stand alone optimisation problem: 0.28711605072
INFO:R0@tkref=9.2: N of unsatisfied eq: 3
INFO:R0@tkref=9.2: N of unsatisfied ieq: 10
INFO:R0@tkref=9.2: Summary: Optimization terminated successfully. after 3 it.
INFO:R0: --------------------------
INFO:R0@tkref=10.35: Time to solve stand alone optimisation problem: 4.39016699791
INFO:R0@tkref=10.35: N of unsatisfied eq: 7
INFO:R0@tkref=10.35: N of unsatisfied ieq: 5
INFO:R0@tkref=10.35: Summary: Iteration limit exceeded after 51 it.
INFO:R0: Finished motion planning
INFO:R0: --------------------------
INFO:R0: TOT: 13.3618653397
INFO:R0: NSE: 10
INFO:R0: FIR: 3.6887049675
INFO:R0: LAS: 4.39093494415
INFO:R0: MAX: 1.12892794609
INFO:R0: MIN: 0.287748098373
INFO:R0: AVG: 0.825223207474
INFO:R0: RAT: 0.981676474861
