INFO:R0: Init motion planning
INFO:R0@tkref=0.0: Time to solve stand alone optimisation problem: 3.87653708458
INFO:R0@tkref=0.0: N of unsatisfied eq: 3
INFO:R0@tkref=0.0: N of unsatisfied ieq: 3
INFO:R0@tkref=0.0: Summary: Iteration limit exceeded after 51 it.
INFO:R0: --------------------------
INFO:R0@tkref=5.44666666667: Time to solve stand alone optimisation problem: 5.29706192017
INFO:R0@tkref=5.44666666667: N of unsatisfied eq: 10
INFO:R0@tkref=5.44666666667: N of unsatisfied ieq: 5
INFO:R0@tkref=5.44666666667: Summary: Iteration limit exceeded after 51 it.
INFO:R0: Finished motion planning
INFO:R0: --------------------------
INFO:R0: TOT: 12.5360886471
INFO:R0: NSE: 2
INFO:R0: FIR: 3.87752580643
INFO:R0: LAS: 5.29764580727
INFO:R0: MAX: 5.29764580727
INFO:R0: MIN: 3.87752580643
INFO:R0: AVG: 4.58758580685
INFO:R0: RAT: 0.972639989094
