INFO:R0: Init motion planning
INFO:R0@tkref=0.0: Time to solve stand alone optimisation problem: 3.64661598206
INFO:R0@tkref=0.0: N of unsatisfied eq: 3
INFO:R0@tkref=0.0: N of unsatisfied ieq: 5
INFO:R0@tkref=0.0: Summary: Iteration limit exceeded after 51 it.
INFO:R0: --------------------------
INFO:R0@tkref=0.54: Time to solve stand alone optimisation problem: 0.766829013824
INFO:R0@tkref=0.54: N of unsatisfied eq: 2
INFO:R0@tkref=0.54: N of unsatisfied ieq: 9
INFO:R0@tkref=0.54: Summary: Optimization terminated successfully. after 11 it.
INFO:R0: --------------------------
INFO:R0@tkref=1.08: Time to solve stand alone optimisation problem: 0.845112085342
INFO:R0@tkref=1.08: N of unsatisfied eq: 2
INFO:R0@tkref=1.08: N of unsatisfied ieq: 7
INFO:R0@tkref=1.08: Summary: Optimization terminated successfully. after 12 it.
INFO:R0: --------------------------
INFO:R0@tkref=1.62: Time to solve stand alone optimisation problem: 1.30625391006
INFO:R0@tkref=1.62: N of unsatisfied eq: 1
INFO:R0@tkref=1.62: N of unsatisfied ieq: 6
INFO:R0@tkref=1.62: Summary: Optimization terminated successfully. after 16 it.
INFO:R0: --------------------------
INFO:R0@tkref=2.16: Time to solve stand alone optimisation problem: 0.97413110733
INFO:R0@tkref=2.16: N of unsatisfied eq: 2
INFO:R0@tkref=2.16: N of unsatisfied ieq: 8
INFO:R0@tkref=2.16: Summary: Optimization terminated successfully. after 12 it.
INFO:R0: --------------------------
INFO:R0@tkref=2.7: Time to solve stand alone optimisation problem: 1.30229902267
INFO:R0@tkref=2.7: N of unsatisfied eq: 3
INFO:R0@tkref=2.7: N of unsatisfied ieq: 8
INFO:R0@tkref=2.7: Summary: Optimization terminated successfully. after 14 it.
INFO:R0: --------------------------
INFO:R0@tkref=3.24: Time to solve stand alone optimisation problem: 1.77735304832
INFO:R0@tkref=3.24: N of unsatisfied eq: 3
INFO:R0@tkref=3.24: N of unsatisfied ieq: 10
INFO:R0@tkref=3.24: Summary: Optimization terminated successfully. after 19 it.
INFO:R0: --------------------------
INFO:R0@tkref=3.78: Time to solve stand alone optimisation problem: 1.50012898445
INFO:R0@tkref=3.78: N of unsatisfied eq: 2
INFO:R0@tkref=3.78: N of unsatisfied ieq: 9
INFO:R0@tkref=3.78: Summary: Optimization terminated successfully. after 16 it.
INFO:R0: --------------------------
INFO:R0@tkref=4.32: Time to solve stand alone optimisation problem: 1.12928795815
INFO:R0@tkref=4.32: N of unsatisfied eq: 3
INFO:R0@tkref=4.32: N of unsatisfied ieq: 12
INFO:R0@tkref=4.32: Summary: Optimization terminated successfully. after 12 it.
INFO:R0: --------------------------
INFO:R0@tkref=4.86: Time to solve stand alone optimisation problem: 1.22658705711
INFO:R0@tkref=4.86: N of unsatisfied eq: 3
INFO:R0@tkref=4.86: N of unsatisfied ieq: 9
INFO:R0@tkref=4.86: Summary: Optimization terminated successfully. after 13 it.
INFO:R0: --------------------------
INFO:R0@tkref=5.4: Time to solve stand alone optimisation problem: 0.834253072739
INFO:R0@tkref=5.4: N of unsatisfied eq: 3
INFO:R0@tkref=5.4: N of unsatisfied ieq: 9
INFO:R0@tkref=5.4: Summary: Optimization terminated successfully. after 9 it.
INFO:R0: --------------------------
INFO:R0@tkref=5.94: Time to solve stand alone optimisation problem: 0.751789808273
INFO:R0@tkref=5.94: N of unsatisfied eq: 3
INFO:R0@tkref=5.94: N of unsatisfied ieq: 10
INFO:R0@tkref=5.94: Summary: Optimization terminated successfully. after 8 it.
INFO:R0: --------------------------
INFO:R0@tkref=6.48: Time to solve stand alone optimisation problem: 0.839378118515
INFO:R0@tkref=6.48: N of unsatisfied eq: 3
INFO:R0@tkref=6.48: N of unsatisfied ieq: 10
INFO:R0@tkref=6.48: Summary: Optimization terminated successfully. after 9 it.
INFO:R0: --------------------------
INFO:R0@tkref=7.02: Time to solve stand alone optimisation problem: 0.848343849182
INFO:R0@tkref=7.02: N of unsatisfied eq: 2
INFO:R0@tkref=7.02: N of unsatisfied ieq: 10
INFO:R0@tkref=7.02: Summary: Optimization terminated successfully. after 9 it.
INFO:R0: --------------------------
INFO:R0@tkref=7.56: Time to solve stand alone optimisation problem: 0.84400510788
INFO:R0@tkref=7.56: N of unsatisfied eq: 3
INFO:R0@tkref=7.56: N of unsatisfied ieq: 8
INFO:R0@tkref=7.56: Summary: Optimization terminated successfully. after 9 it.
INFO:R0: --------------------------
INFO:R0@tkref=8.1: Time to solve stand alone optimisation problem: 0.668469905853
INFO:R0@tkref=8.1: N of unsatisfied eq: 3
INFO:R0@tkref=8.1: N of unsatisfied ieq: 8
INFO:R0@tkref=8.1: Summary: Optimization terminated successfully. after 7 it.
INFO:R0: --------------------------
INFO:R0@tkref=8.64: Time to solve stand alone optimisation problem: 0.654776096344
INFO:R0@tkref=8.64: N of unsatisfied eq: 3
INFO:R0@tkref=8.64: N of unsatisfied ieq: 11
INFO:R0@tkref=8.64: Summary: Optimization terminated successfully. after 7 it.
INFO:R0: --------------------------
INFO:R0@tkref=9.18: Time to solve stand alone optimisation problem: 0.659138917923
INFO:R0@tkref=9.18: N of unsatisfied eq: 3
INFO:R0@tkref=9.18: N of unsatisfied ieq: 10
INFO:R0@tkref=9.18: Summary: Optimization terminated successfully. after 7 it.
INFO:R0: --------------------------
INFO:R0@tkref=9.72: Time to solve stand alone optimisation problem: 0.470455169678
INFO:R0@tkref=9.72: N of unsatisfied eq: 3
INFO:R0@tkref=9.72: N of unsatisfied ieq: 11
INFO:R0@tkref=9.72: Summary: Optimization terminated successfully. after 5 it.
INFO:R0: --------------------------
INFO:R0@tkref=10.26: Time to solve stand alone optimisation problem: 0.562649965286
INFO:R0@tkref=10.26: N of unsatisfied eq: 3
INFO:R0@tkref=10.26: N of unsatisfied ieq: 10
INFO:R0@tkref=10.26: Summary: Optimization terminated successfully. after 6 it.
INFO:R0: --------------------------
INFO:R0@tkref=10.8: Time to solve stand alone optimisation problem: 0.562425136566
INFO:R0@tkref=10.8: N of unsatisfied eq: 2
INFO:R0@tkref=10.8: N of unsatisfied ieq: 10
INFO:R0@tkref=10.8: Summary: Optimization terminated successfully. after 6 it.
INFO:R0: --------------------------
INFO:R0@tkref=11.34: Time to solve stand alone optimisation problem: 0.469775915146
INFO:R0@tkref=11.34: N of unsatisfied eq: 3
INFO:R0@tkref=11.34: N of unsatisfied ieq: 10
INFO:R0@tkref=11.34: Summary: Optimization terminated successfully. after 5 it.
INFO:R0: --------------------------
INFO:R0@tkref=11.88: Time to solve stand alone optimisation problem: 4.98755908012
INFO:R0@tkref=11.88: N of unsatisfied eq: 10
INFO:R0@tkref=11.88: N of unsatisfied ieq: 10
INFO:R0@tkref=11.88: Summary: Iteration limit exceeded after 51 it.
INFO:R0: Finished motion planning
INFO:R0: --------------------------
INFO:R0: TOT: 17.5502850502
INFO:R0: NSE: 23
INFO:R0: FIR: 3.64757490158
INFO:R0: LAS: 4.98812294006
INFO:R0: MAX: 1.77802205086
INFO:R0: MIN: 0.470415830612
INFO:R0: AVG: 0.905127706982
INFO:R0: RAT: 3.29263342751
