INFO:R0: Init motion planning
INFO:R0@tkref=0.0: Time to solve stand alone optimisation problem: 3.74779510498
INFO:R0@tkref=0.0: N of unsatisfied eq: 3
INFO:R0@tkref=0.0: N of unsatisfied ieq: 3
INFO:R0@tkref=0.0: Summary: Iteration limit exceeded after 51 it.
INFO:R0: --------------------------
INFO:R0@tkref=5.51032258065: Time to solve stand alone optimisation problem: 5.11758804321
INFO:R0@tkref=5.51032258065: N of unsatisfied eq: 10
INFO:R0@tkref=5.51032258065: N of unsatisfied ieq: 5
INFO:R0@tkref=5.51032258065: Summary: Iteration limit exceeded after 51 it.
INFO:R0: Finished motion planning
INFO:R0: --------------------------
INFO:R0: TOT: 12.4384837282
INFO:R0: NSE: 2
INFO:R0: FIR: 3.74878311157
INFO:R0: LAS: 5.11817097664
INFO:R0: MAX: 5.11817097664
INFO:R0: MIN: 3.74878311157
INFO:R0: AVG: 4.43347704411
INFO:R0: RAT: 0.928833276406
