INFO:R0: Init motion planning
INFO:R0@tkref=0.0: Time to solve stand alone optimisation problem: 3.72154998779
INFO:R0@tkref=0.0: N of unsatisfied eq: 3
INFO:R0@tkref=0.0: N of unsatisfied ieq: 3
INFO:R0@tkref=0.0: Summary: Iteration limit exceeded after 51 it.
INFO:R0: --------------------------
INFO:R0@tkref=3.0: Time to solve stand alone optimisation problem: 0.668256998062
INFO:R0@tkref=3.0: N of unsatisfied eq: 3
INFO:R0@tkref=3.0: N of unsatisfied ieq: 8
INFO:R0@tkref=3.0: Summary: Optimization terminated successfully. after 7 it.
INFO:R0: --------------------------
INFO:R0@tkref=6.0: Time to solve stand alone optimisation problem: 5.09131193161
INFO:R0@tkref=6.0: N of unsatisfied eq: 10
INFO:R0@tkref=6.0: N of unsatisfied ieq: 4
INFO:R0@tkref=6.0: Summary: Iteration limit exceeded after 51 it.
INFO:R0: Finished motion planning
INFO:R0: --------------------------
INFO:R0: TOT: 12.778538929
INFO:R0: NSE: 3
INFO:R0: FIR: 3.72244906425
INFO:R0: LAS: 5.09188914299
INFO:R0: MAX: 0.668935060501
INFO:R0: MIN: 0.668935060501
INFO:R0: AVG: 0.668935060501
INFO:R0: RAT: 0.2229783535
