INFO:R0: Init motion planning
INFO:R0@tkref=0.0: Time to solve stand alone optimisation problem: 3.60162305832
INFO:R0@tkref=0.0: N of unsatisfied eq: 3
INFO:R0@tkref=0.0: N of unsatisfied ieq: 3
INFO:R0@tkref=0.0: Summary: Iteration limit exceeded after 51 it.
INFO:R0: --------------------------
INFO:R0@tkref=3.84983606557: Time to solve stand alone optimisation problem: 0.641305208206
INFO:R0@tkref=3.84983606557: N of unsatisfied eq: 2
INFO:R0@tkref=3.84983606557: N of unsatisfied ieq: 8
INFO:R0@tkref=3.84983606557: Summary: Optimization terminated successfully. after 7 it.
INFO:R0: --------------------------
INFO:R0@tkref=7.69967213114: Time to solve stand alone optimisation problem: 4.89936900139
INFO:R0@tkref=7.69967213114: N of unsatisfied eq: 10
INFO:R0@tkref=7.69967213114: N of unsatisfied ieq: 2
INFO:R0@tkref=7.69967213114: Summary: Iteration limit exceeded after 51 it.
INFO:R0: Finished motion planning
INFO:R0: --------------------------
INFO:R0: TOT: 12.1864792517
INFO:R0: NSE: 3
INFO:R0: FIR: 3.60267710686
INFO:R0: LAS: 4.90020680428
INFO:R0: MAX: 0.641954898834
INFO:R0: MIN: 0.641954898834
INFO:R0: AVG: 0.641954898834
INFO:R0: RAT: 0.166748632383
