INFO:R0: Init motion planning
INFO:R0@tkref=0.0: Time to solve stand alone optimisation problem: 3.69909095764
INFO:R0@tkref=0.0: N of unsatisfied eq: 3
INFO:R0@tkref=0.0: N of unsatisfied ieq: 2
INFO:R0@tkref=0.0: Summary: Iteration limit exceeded after 51 it.
INFO:R0: --------------------------
INFO:R0@tkref=6.7: Time to solve stand alone optimisation problem: 4.98681282997
INFO:R0@tkref=6.7: N of unsatisfied eq: 10
INFO:R0@tkref=6.7: N of unsatisfied ieq: 4
INFO:R0@tkref=6.7: Summary: Iteration limit exceeded after 51 it.
INFO:R0: Finished motion planning
INFO:R0: --------------------------
INFO:R0: TOT: 13.2017651765
INFO:R0: NSE: 2
INFO:R0: FIR: 3.70011591911
INFO:R0: LAS: 4.98738718033
INFO:R0: MAX: 4.98738718033
INFO:R0: MIN: 3.70011591911
INFO:R0: AVG: 4.34375154972
INFO:R0: RAT: 0.744386146318
