INFO:R0: Init motion planning
INFO:R0@tkref=0.0: Time to solve stand alone optimisation problem: 3.7975461483
INFO:R0@tkref=0.0: N of unsatisfied eq: 3
INFO:R0@tkref=0.0: N of unsatisfied ieq: 3
INFO:R0@tkref=0.0: Summary: Iteration limit exceeded after 51 it.
INFO:R0: --------------------------
INFO:R0@tkref=6.6406557377: Time to solve stand alone optimisation problem: 0.299520969391
INFO:R0@tkref=6.6406557377: N of unsatisfied eq: 10
INFO:R0@tkref=6.6406557377: N of unsatisfied ieq: 21
INFO:R0@tkref=6.6406557377: Summary: Optimization terminated successfully. after 7 it.
INFO:R0: Finished motion planning
INFO:R0: --------------------------
INFO:R0: TOT: 11.4869948631
INFO:R0: NSE: 2
INFO:R0: FIR: 3.79847598076
INFO:R0: LAS: 0.300075054169
INFO:R0: MAX: 3.79847598076
INFO:R0: MIN: 0.300075054169
INFO:R0: AVG: 2.04927551746
INFO:R0: RAT: 0.572003147098
