INFO:R0: Init motion planning
INFO:R0@tkref=0.0: Time to solve stand alone optimisation problem: 3.67785286903
INFO:R0@tkref=0.0: N of unsatisfied eq: 3
INFO:R0@tkref=0.0: N of unsatisfied ieq: 5
INFO:R0@tkref=0.0: Summary: Iteration limit exceeded after 51 it.
INFO:R0: --------------------------
INFO:R0@tkref=5.45: Time to solve stand alone optimisation problem: 4.98042488098
INFO:R0@tkref=5.45: N of unsatisfied eq: 10
INFO:R0@tkref=5.45: N of unsatisfied ieq: 6
INFO:R0@tkref=5.45: Summary: Iteration limit exceeded after 51 it.
INFO:R0: Finished motion planning
INFO:R0: --------------------------
INFO:R0: TOT: 19.2920004411
INFO:R0: NSE: 2
INFO:R0: FIR: 3.67886900902
INFO:R0: LAS: 4.98103094101
INFO:R0: MAX: 4.98103094101
INFO:R0: MIN: 3.67886900902
INFO:R0: AVG: 4.32994997501
INFO:R0: RAT: 0.913950631378
