INFO:R0: Init motion planning
INFO:R0@tkref=0.0: Time to solve stand alone optimisation problem: 3.64836716652
INFO:R0@tkref=0.0: N of unsatisfied eq: 3
INFO:R0@tkref=0.0: N of unsatisfied ieq: 4
INFO:R0@tkref=0.0: Summary: Iteration limit exceeded after 51 it.
INFO:R0: --------------------------
INFO:R0@tkref=6.10963636364: Time to solve stand alone optimisation problem: 4.97534298897
INFO:R0@tkref=6.10963636364: N of unsatisfied eq: 10
INFO:R0@tkref=6.10963636364: N of unsatisfied ieq: 0
INFO:R0@tkref=6.10963636364: Summary: Iteration limit exceeded after 51 it.
INFO:R0: Finished motion planning
INFO:R0: --------------------------
INFO:R0: TOT: 14.1625619408
INFO:R0: NSE: 2
INFO:R0: FIR: 3.64928007126
INFO:R0: LAS: 4.97591781616
INFO:R0: MAX: 4.97591781616
INFO:R0: MIN: 3.64928007126
INFO:R0: AVG: 4.31259894371
INFO:R0: RAT: 0.814437639165
