INFO:R0: Init motion planning
INFO:R0@tkref=0.0: Time to solve stand alone optimisation problem: 3.67098808289
INFO:R0@tkref=0.0: N of unsatisfied eq: 3
INFO:R0@tkref=0.0: N of unsatisfied ieq: 5
INFO:R0@tkref=0.0: Summary: Iteration limit exceeded after 51 it.
INFO:R0: --------------------------
INFO:R0@tkref=2.19391304348: Time to solve stand alone optimisation problem: 1.03130316734
INFO:R0@tkref=2.19391304348: N of unsatisfied eq: 3
INFO:R0@tkref=2.19391304348: N of unsatisfied ieq: 9
INFO:R0@tkref=2.19391304348: Summary: Optimization terminated successfully. after 11 it.
INFO:R0: --------------------------
INFO:R0@tkref=4.38782608696: Time to solve stand alone optimisation problem: 0.757571935654
INFO:R0@tkref=4.38782608696: N of unsatisfied eq: 2
INFO:R0@tkref=4.38782608696: N of unsatisfied ieq: 8
INFO:R0@tkref=4.38782608696: Summary: Optimization terminated successfully. after 8 it.
INFO:R0: --------------------------
INFO:R0@tkref=6.58173913044: Time to solve stand alone optimisation problem: 4.99695181847
INFO:R0@tkref=6.58173913044: N of unsatisfied eq: 8
INFO:R0@tkref=6.58173913044: N of unsatisfied ieq: 5
INFO:R0@tkref=6.58173913044: Summary: Iteration limit exceeded after 51 it.
INFO:R0: Finished motion planning
INFO:R0: --------------------------
INFO:R0: TOT: 12.6657588771
INFO:R0: NSE: 4
INFO:R0: FIR: 3.67197489738
INFO:R0: LAS: 4.99754190445
INFO:R0: MAX: 1.03252601624
INFO:R0: MIN: 0.758247852325
INFO:R0: AVG: 0.89538693428
INFO:R0: RAT: 0.470632151672
