INFO:R0: Init motion planning
INFO:R0@tkref=0.0: Time to solve stand alone optimisation problem: 3.62034010887
INFO:R0@tkref=0.0: N of unsatisfied eq: 3
INFO:R0@tkref=0.0: N of unsatisfied ieq: 5
INFO:R0@tkref=0.0: Summary: Iteration limit exceeded after 51 it.
INFO:R0: --------------------------
INFO:R0@tkref=3.14068965517: Time to solve stand alone optimisation problem: 0.835669994354
INFO:R0@tkref=3.14068965517: N of unsatisfied eq: 3
INFO:R0@tkref=3.14068965517: N of unsatisfied ieq: 10
INFO:R0@tkref=3.14068965517: Summary: Optimization terminated successfully. after 9 it.
INFO:R0: --------------------------
INFO:R0@tkref=6.28137931034: Time to solve stand alone optimisation problem: 0.64808511734
INFO:R0@tkref=6.28137931034: N of unsatisfied eq: 3
INFO:R0@tkref=6.28137931034: N of unsatisfied ieq: 11
INFO:R0@tkref=6.28137931034: Summary: Optimization terminated successfully. after 7 it.
INFO:R0: --------------------------
INFO:R0@tkref=9.42206896551: Time to solve stand alone optimisation problem: 3.7060739994
INFO:R0@tkref=9.42206896551: N of unsatisfied eq: 10
INFO:R0@tkref=9.42206896551: N of unsatisfied ieq: 2
INFO:R0@tkref=9.42206896551: Summary: Iteration limit exceeded after 51 it.
INFO:R0: Finished motion planning
INFO:R0: --------------------------
INFO:R0: TOT: 11.5740717651
INFO:R0: NSE: 4
INFO:R0: FIR: 3.62124204636
INFO:R0: LAS: 3.70684814453
INFO:R0: MAX: 0.836338043213
INFO:R0: MIN: 0.64874792099
INFO:R0: AVG: 0.742542982101
INFO:R0: RAT: 0.266291208313
