INFO:R0: Init motion planning
INFO:R0@tkref=0.0: Time to solve stand alone optimisation problem: 3.7553858757
INFO:R0@tkref=0.0: N of unsatisfied eq: 3
INFO:R0@tkref=0.0: N of unsatisfied ieq: 3
INFO:R0@tkref=0.0: Summary: Iteration limit exceeded after 51 it.
INFO:R0: --------------------------
INFO:R0@tkref=8.60924050633: Time to solve stand alone optimisation problem: 5.14065694809
INFO:R0@tkref=8.60924050633: N of unsatisfied eq: 10
INFO:R0@tkref=8.60924050633: N of unsatisfied ieq: 1
INFO:R0@tkref=8.60924050633: Summary: Iteration limit exceeded after 51 it.
INFO:R0: Finished motion planning
INFO:R0: --------------------------
INFO:R0: TOT: 18.6115975306
INFO:R0: NSE: 2
INFO:R0: FIR: 3.7563958168
INFO:R0: LAS: 5.14187002182
INFO:R0: MAX: 5.14187002182
INFO:R0: MIN: 3.7563958168
INFO:R0: AVG: 4.44913291931
INFO:R0: RAT: 0.597250131186
