INFO:R0: Init motion planning
INFO:R0@tkref=0.0: Time to solve stand alone optimisation problem: 3.68749117851
INFO:R0@tkref=0.0: N of unsatisfied eq: 3
INFO:R0@tkref=0.0: N of unsatisfied ieq: 4
INFO:R0@tkref=0.0: Summary: Iteration limit exceeded after 51 it.
INFO:R0: --------------------------
INFO:R0@tkref=3.29945454545: Time to solve stand alone optimisation problem: 0.658891916275
INFO:R0@tkref=3.29945454545: N of unsatisfied eq: 2
INFO:R0@tkref=3.29945454545: N of unsatisfied ieq: 9
INFO:R0@tkref=3.29945454545: Summary: Optimization terminated successfully. after 7 it.
INFO:R0: --------------------------
INFO:R0@tkref=6.5989090909: Time to solve stand alone optimisation problem: 5.03904700279
INFO:R0@tkref=6.5989090909: N of unsatisfied eq: 10
INFO:R0@tkref=6.5989090909: N of unsatisfied ieq: 4
INFO:R0@tkref=6.5989090909: Summary: Iteration limit exceeded after 51 it.
INFO:R0: Finished motion planning
INFO:R0: --------------------------
INFO:R0: TOT: 12.4710213509
INFO:R0: NSE: 3
INFO:R0: FIR: 3.68854904175
INFO:R0: LAS: 5.03961992264
INFO:R0: MAX: 0.65953707695
INFO:R0: MIN: 0.65953707695
INFO:R0: AVG: 0.65953707695
INFO:R0: RAT: 0.199892760414
