INFO:R0: Init motion planning
INFO:R0@tkref=0.0: Time to solve stand alone optimisation problem: 3.93950295448
INFO:R0@tkref=0.0: N of unsatisfied eq: 3
INFO:R0@tkref=0.0: N of unsatisfied ieq: 3
INFO:R0@tkref=0.0: Summary: Iteration limit exceeded after 51 it.
INFO:R0: --------------------------
INFO:R0@tkref=4.15043478261: Time to solve stand alone optimisation problem: 5.34128904343
INFO:R0@tkref=4.15043478261: N of unsatisfied eq: 10
INFO:R0@tkref=4.15043478261: N of unsatisfied ieq: 3
INFO:R0@tkref=4.15043478261: Summary: Iteration limit exceeded after 51 it.
INFO:R0: Finished motion planning
INFO:R0: --------------------------
INFO:R0: TOT: 12.6772181836
INFO:R0: NSE: 2
INFO:R0: FIR: 3.94064617157
INFO:R0: LAS: 5.34188604355
INFO:R0: MAX: 5.34188604355
INFO:R0: MIN: 3.94064617157
INFO:R0: AVG: 4.64126610756
INFO:R0: RAT: 1.28706661431
