INFO:R0: Init motion planning
INFO:R0@tkref=0.0: Time to solve stand alone optimisation problem: 3.61784410477
INFO:R0@tkref=0.0: N of unsatisfied eq: 3
INFO:R0@tkref=0.0: N of unsatisfied ieq: 4
INFO:R0@tkref=0.0: Summary: Iteration limit exceeded after 51 it.
INFO:R0: --------------------------
INFO:R0@tkref=4.40345454545: Time to solve stand alone optimisation problem: 0.551414012909
INFO:R0@tkref=4.40345454545: N of unsatisfied eq: 3
INFO:R0@tkref=4.40345454545: N of unsatisfied ieq: 9
INFO:R0@tkref=4.40345454545: Summary: Optimization terminated successfully. after 6 it.
INFO:R0: --------------------------
INFO:R0@tkref=8.8069090909: Time to solve stand alone optimisation problem: 4.9379491806
INFO:R0@tkref=8.8069090909: N of unsatisfied eq: 10
INFO:R0@tkref=8.8069090909: N of unsatisfied ieq: 2
INFO:R0@tkref=8.8069090909: Summary: Iteration limit exceeded after 51 it.
INFO:R0: Finished motion planning
INFO:R0: --------------------------
INFO:R0: TOT: 12.3644745525
INFO:R0: NSE: 3
INFO:R0: FIR: 3.61936211586
INFO:R0: LAS: 4.93851399422
INFO:R0: MAX: 0.552072048187
INFO:R0: MIN: 0.552072048187
INFO:R0: AVG: 0.552072048187
INFO:R0: RAT: 0.125372487098
