INFO:R0: Init motion planning
INFO:R0@tkref=0.0: Time to solve stand alone optimisation problem: 3.68786692619
INFO:R0@tkref=0.0: N of unsatisfied eq: 3
INFO:R0@tkref=0.0: N of unsatisfied ieq: 3
INFO:R0@tkref=0.0: Summary: Iteration limit exceeded after 51 it.
INFO:R0: --------------------------
INFO:R0@tkref=1.73432432432: Time to solve stand alone optimisation problem: 0.562982082367
INFO:R0@tkref=1.73432432432: N of unsatisfied eq: 3
INFO:R0@tkref=1.73432432432: N of unsatisfied ieq: 22
INFO:R0@tkref=1.73432432432: Summary: Optimization terminated successfully. after 10 it.
INFO:R0: --------------------------
INFO:R0@tkref=3.46864864864: Time to solve stand alone optimisation problem: 5.00738501549
INFO:R0@tkref=3.46864864864: N of unsatisfied eq: 10
INFO:R0@tkref=3.46864864864: N of unsatisfied ieq: 1
INFO:R0@tkref=3.46864864864: Summary: Iteration limit exceeded after 51 it.
INFO:R0: Finished motion planning
INFO:R0: --------------------------
INFO:R0: TOT: 14.6302958329
INFO:R0: NSE: 3
INFO:R0: FIR: 3.68884706497
INFO:R0: LAS: 5.00799894333
INFO:R0: MAX: 0.563683986664
INFO:R0: MIN: 0.563683986664
INFO:R0: AVG: 0.563683986664
INFO:R0: RAT: 0.325016479766
