INFO:R0: Init motion planning
INFO:R0@tkref=0.0: Time to solve stand alone optimisation problem: 3.67442798615
INFO:R0@tkref=0.0: N of unsatisfied eq: 3
INFO:R0@tkref=0.0: N of unsatisfied ieq: 5
INFO:R0@tkref=0.0: Summary: Iteration limit exceeded after 51 it.
INFO:R0: --------------------------
INFO:R0@tkref=4.24355555556: Time to solve stand alone optimisation problem: 0.664811849594
INFO:R0@tkref=4.24355555556: N of unsatisfied eq: 2
INFO:R0@tkref=4.24355555556: N of unsatisfied ieq: 9
INFO:R0@tkref=4.24355555556: Summary: Optimization terminated successfully. after 7 it.
INFO:R0: --------------------------
INFO:R0@tkref=8.48711111112: Time to solve stand alone optimisation problem: 5.01220393181
INFO:R0@tkref=8.48711111112: N of unsatisfied eq: 10
INFO:R0@tkref=8.48711111112: N of unsatisfied ieq: 1
INFO:R0@tkref=8.48711111112: Summary: Iteration limit exceeded after 51 it.
INFO:R0: Finished motion planning
INFO:R0: --------------------------
INFO:R0: TOT: 12.2809172811
INFO:R0: NSE: 3
INFO:R0: FIR: 3.67544794083
INFO:R0: LAS: 5.01277804375
INFO:R0: MAX: 0.665471076965
INFO:R0: MIN: 0.665471076965
INFO:R0: AVG: 0.665471076965
INFO:R0: RAT: 0.156819221111
