INFO:R0: Init motion planning
INFO:R0@tkref=0.0: Time to solve stand alone optimisation problem: 3.64184498787
INFO:R0@tkref=0.0: N of unsatisfied eq: 3
INFO:R0@tkref=0.0: N of unsatisfied ieq: 5
INFO:R0@tkref=0.0: Summary: Iteration limit exceeded after 51 it.
INFO:R0: --------------------------
INFO:R0@tkref=2.15: Time to solve stand alone optimisation problem: 1.30422997475
INFO:R0@tkref=2.15: N of unsatisfied eq: 3
INFO:R0@tkref=2.15: N of unsatisfied ieq: 9
INFO:R0@tkref=2.15: Summary: Optimization terminated successfully. after 14 it.
INFO:R0: --------------------------
INFO:R0@tkref=4.3: Time to solve stand alone optimisation problem: 1.02957606316
INFO:R0@tkref=4.3: N of unsatisfied eq: 2
INFO:R0@tkref=4.3: N of unsatisfied ieq: 9
INFO:R0@tkref=4.3: Summary: Optimization terminated successfully. after 11 it.
INFO:R0: --------------------------
INFO:R0@tkref=6.45: Time to solve stand alone optimisation problem: 0.654238939285
INFO:R0@tkref=6.45: N of unsatisfied eq: 3
INFO:R0@tkref=6.45: N of unsatisfied ieq: 9
INFO:R0@tkref=6.45: Summary: Optimization terminated successfully. after 7 it.
INFO:R0: --------------------------
INFO:R0@tkref=8.6: Time to solve stand alone optimisation problem: 4.95711779594
INFO:R0@tkref=8.6: N of unsatisfied eq: 10
INFO:R0@tkref=8.6: N of unsatisfied ieq: 6
INFO:R0@tkref=8.6: Summary: Iteration limit exceeded after 51 it.
INFO:R0: Finished motion planning
INFO:R0: --------------------------
INFO:R0: TOT: 11.7919689145
INFO:R0: NSE: 5
INFO:R0: FIR: 3.64284896851
INFO:R0: LAS: 4.95768809319
INFO:R0: MAX: 1.30489611626
INFO:R0: MIN: 0.654904127121
INFO:R0: AVG: 0.996677716573
INFO:R0: RAT: 0.606928426166
