INFO:R0: Init motion planning
INFO:R0@tkref=0.0: Time to solve stand alone optimisation problem: 3.62636685371
INFO:R0@tkref=0.0: N of unsatisfied eq: 3
INFO:R0@tkref=0.0: N of unsatisfied ieq: 7
INFO:R0@tkref=0.0: Summary: Iteration limit exceeded after 51 it.
INFO:R0: --------------------------
INFO:R0@tkref=1.45666666667: Time to solve stand alone optimisation problem: 0.943155050278
INFO:R0@tkref=1.45666666667: N of unsatisfied eq: 3
INFO:R0@tkref=1.45666666667: N of unsatisfied ieq: 9
INFO:R0@tkref=1.45666666667: Summary: Optimization terminated successfully. after 10 it.
INFO:R0: --------------------------
INFO:R0@tkref=2.91333333334: Time to solve stand alone optimisation problem: 0.753928899765
INFO:R0@tkref=2.91333333334: N of unsatisfied eq: 3
INFO:R0@tkref=2.91333333334: N of unsatisfied ieq: 14
INFO:R0@tkref=2.91333333334: Summary: Optimization terminated successfully. after 8 it.
INFO:R0: --------------------------
INFO:R0@tkref=4.37000000001: Time to solve stand alone optimisation problem: 1.12022209167
INFO:R0@tkref=4.37000000001: N of unsatisfied eq: 3
INFO:R0@tkref=4.37000000001: N of unsatisfied ieq: 11
INFO:R0@tkref=4.37000000001: Summary: Optimization terminated successfully. after 12 it.
INFO:R0: --------------------------
INFO:R0@tkref=5.82666666668: Time to solve stand alone optimisation problem: 1.02851605415
INFO:R0@tkref=5.82666666668: N of unsatisfied eq: 3
INFO:R0@tkref=5.82666666668: N of unsatisfied ieq: 8
INFO:R0@tkref=5.82666666668: Summary: Optimization terminated successfully. after 11 it.
INFO:R0: --------------------------
INFO:R0@tkref=7.28333333335: Time to solve stand alone optimisation problem: 0.844826936722
INFO:R0@tkref=7.28333333335: N of unsatisfied eq: 3
INFO:R0@tkref=7.28333333335: N of unsatisfied ieq: 12
INFO:R0@tkref=7.28333333335: Summary: Optimization terminated successfully. after 9 it.
INFO:R0: --------------------------
INFO:R0@tkref=8.74000000002: Time to solve stand alone optimisation problem: 0.19180393219
INFO:R0@tkref=8.74000000002: N of unsatisfied eq: 3
INFO:R0@tkref=8.74000000002: N of unsatisfied ieq: 17
INFO:R0@tkref=8.74000000002: Summary: Optimization terminated successfully. after 2 it.
INFO:R0: --------------------------
INFO:R0@tkref=10.1966666667: Time to solve stand alone optimisation problem: 3.72140002251
INFO:R0@tkref=10.1966666667: N of unsatisfied eq: 10
INFO:R0@tkref=10.1966666667: N of unsatisfied ieq: 2
INFO:R0@tkref=10.1966666667: Summary: Iteration limit exceeded after 51 it.
INFO:R0: Finished motion planning
INFO:R0: --------------------------
INFO:R0: TOT: 12.029488095
INFO:R0: NSE: 8
INFO:R0: FIR: 3.62778997421
INFO:R0: LAS: 3.72196602821
INFO:R0: MAX: 1.12091112137
INFO:R0: MIN: 0.192425012589
INFO:R0: AVG: 0.814395705859
INFO:R0: RAT: 0.769504202311
