INFO:R0: Init motion planning
INFO:R0@tkref=0.0: Time to solve stand alone optimisation problem: 3.72119092941
INFO:R0@tkref=0.0: N of unsatisfied eq: 3
INFO:R0@tkref=0.0: N of unsatisfied ieq: 4
INFO:R0@tkref=0.0: Summary: Iteration limit exceeded after 51 it.
INFO:R0: --------------------------
INFO:R0@tkref=3.20369863014: Time to solve stand alone optimisation problem: 5.02413702011
INFO:R0@tkref=3.20369863014: N of unsatisfied eq: 10
INFO:R0@tkref=3.20369863014: N of unsatisfied ieq: 6
INFO:R0@tkref=3.20369863014: Summary: Iteration limit exceeded after 51 it.
INFO:R0: Finished motion planning
INFO:R0: --------------------------
INFO:R0: TOT: 12.5296522937
INFO:R0: NSE: 2
INFO:R0: FIR: 3.72209596634
INFO:R0: LAS: 5.02480792999
INFO:R0: MAX: 5.02480792999
INFO:R0: MIN: 3.72209596634
INFO:R0: AVG: 4.37345194817
INFO:R0: RAT: 1.56843964121
