INFO:R0: Init motion planning
INFO:R0@tkref=0.0: Time to solve stand alone optimisation problem: 3.63139891624
INFO:R0@tkref=0.0: N of unsatisfied eq: 3
INFO:R0@tkref=0.0: N of unsatisfied ieq: 5
INFO:R0@tkref=0.0: Summary: Iteration limit exceeded after 51 it.
INFO:R0: --------------------------
INFO:R0@tkref=0.65: Time to solve stand alone optimisation problem: 0.564257860184
INFO:R0@tkref=0.65: N of unsatisfied eq: 1
INFO:R0@tkref=0.65: N of unsatisfied ieq: 10
INFO:R0@tkref=0.65: Summary: Optimization terminated successfully. after 8 it.
INFO:R0: --------------------------
INFO:R0@tkref=1.3: Time to solve stand alone optimisation problem: 0.7626080513
INFO:R0@tkref=1.3: N of unsatisfied eq: 1
INFO:R0@tkref=1.3: N of unsatisfied ieq: 7
INFO:R0@tkref=1.3: Summary: Optimization terminated successfully. after 11 it.
INFO:R0: --------------------------
INFO:R0@tkref=1.95: Time to solve stand alone optimisation problem: 1.13312315941
INFO:R0@tkref=1.95: N of unsatisfied eq: 2
INFO:R0@tkref=1.95: N of unsatisfied ieq: 6
INFO:R0@tkref=1.95: Summary: Optimization terminated successfully. after 14 it.
INFO:R0: --------------------------
INFO:R0@tkref=2.6: Time to solve stand alone optimisation problem: 1.13290500641
INFO:R0@tkref=2.6: N of unsatisfied eq: 2
INFO:R0@tkref=2.6: N of unsatisfied ieq: 8
INFO:R0@tkref=2.6: Summary: Optimization terminated successfully. after 14 it.
INFO:R0: --------------------------
INFO:R0@tkref=3.25: Time to solve stand alone optimisation problem: 1.48278880119
INFO:R0@tkref=3.25: N of unsatisfied eq: 2
INFO:R0@tkref=3.25: N of unsatisfied ieq: 8
INFO:R0@tkref=3.25: Summary: Optimization terminated successfully. after 16 it.
INFO:R0: --------------------------
INFO:R0@tkref=3.9: Time to solve stand alone optimisation problem: 1.11347103119
INFO:R0@tkref=3.9: N of unsatisfied eq: 3
INFO:R0@tkref=3.9: N of unsatisfied ieq: 7
INFO:R0@tkref=3.9: Summary: Optimization terminated successfully. after 12 it.
INFO:R0: --------------------------
INFO:R0@tkref=4.55: Time to solve stand alone optimisation problem: 2.59917902946
INFO:R0@tkref=4.55: N of unsatisfied eq: 2
INFO:R0@tkref=4.55: N of unsatisfied ieq: 10
INFO:R0@tkref=4.55: Summary: Optimization terminated successfully. after 28 it.
INFO:R0: --------------------------
INFO:R0@tkref=5.2: Time to solve stand alone optimisation problem: 0.921215057373
INFO:R0@tkref=5.2: N of unsatisfied eq: 3
INFO:R0@tkref=5.2: N of unsatisfied ieq: 10
INFO:R0@tkref=5.2: Summary: Optimization terminated successfully. after 10 it.
INFO:R0: --------------------------
INFO:R0@tkref=5.85: Time to solve stand alone optimisation problem: 1.22346401215
INFO:R0@tkref=5.85: N of unsatisfied eq: 2
INFO:R0@tkref=5.85: N of unsatisfied ieq: 10
INFO:R0@tkref=5.85: Summary: Optimization terminated successfully. after 13 it.
INFO:R0: --------------------------
INFO:R0@tkref=6.5: Time to solve stand alone optimisation problem: 0.919812202454
INFO:R0@tkref=6.5: N of unsatisfied eq: 3
INFO:R0@tkref=6.5: N of unsatisfied ieq: 10
INFO:R0@tkref=6.5: Summary: Optimization terminated successfully. after 10 it.
INFO:R0: --------------------------
INFO:R0@tkref=7.15: Time to solve stand alone optimisation problem: 0.82897400856
INFO:R0@tkref=7.15: N of unsatisfied eq: 2
INFO:R0@tkref=7.15: N of unsatisfied ieq: 10
INFO:R0@tkref=7.15: Summary: Optimization terminated successfully. after 9 it.
INFO:R0: --------------------------
INFO:R0@tkref=7.8: Time to solve stand alone optimisation problem: 0.651046991348
INFO:R0@tkref=7.8: N of unsatisfied eq: 3
INFO:R0@tkref=7.8: N of unsatisfied ieq: 9
INFO:R0@tkref=7.8: Summary: Optimization terminated successfully. after 7 it.
INFO:R0: --------------------------
INFO:R0@tkref=8.45: Time to solve stand alone optimisation problem: 0.74712896347
INFO:R0@tkref=8.45: N of unsatisfied eq: 3
INFO:R0@tkref=8.45: N of unsatisfied ieq: 10
INFO:R0@tkref=8.45: Summary: Optimization terminated successfully. after 8 it.
INFO:R0: --------------------------
INFO:R0@tkref=9.1: Time to solve stand alone optimisation problem: 0.652147054672
INFO:R0@tkref=9.1: N of unsatisfied eq: 3
INFO:R0@tkref=9.1: N of unsatisfied ieq: 8
INFO:R0@tkref=9.1: Summary: Optimization terminated successfully. after 7 it.
INFO:R0: --------------------------
INFO:R0@tkref=9.75: Time to solve stand alone optimisation problem: 0.560731887817
INFO:R0@tkref=9.75: N of unsatisfied eq: 3
INFO:R0@tkref=9.75: N of unsatisfied ieq: 9
INFO:R0@tkref=9.75: Summary: Optimization terminated successfully. after 6 it.
INFO:R0: --------------------------
INFO:R0@tkref=10.4: Time to solve stand alone optimisation problem: 0.551410913467
INFO:R0@tkref=10.4: N of unsatisfied eq: 3
INFO:R0@tkref=10.4: N of unsatisfied ieq: 9
INFO:R0@tkref=10.4: Summary: Optimization terminated successfully. after 6 it.
INFO:R0: --------------------------
INFO:R0@tkref=11.05: Time to solve stand alone optimisation problem: 0.560894012451
INFO:R0@tkref=11.05: N of unsatisfied eq: 3
INFO:R0@tkref=11.05: N of unsatisfied ieq: 9
INFO:R0@tkref=11.05: Summary: Optimization terminated successfully. after 6 it.
INFO:R0: --------------------------
INFO:R0@tkref=11.7: Time to solve stand alone optimisation problem: 0.460308074951
INFO:R0@tkref=11.7: N of unsatisfied eq: 3
INFO:R0@tkref=11.7: N of unsatisfied ieq: 11
INFO:R0@tkref=11.7: Summary: Optimization terminated successfully. after 5 it.
INFO:R0: --------------------------
INFO:R0@tkref=12.35: Time to solve stand alone optimisation problem: 0.556374788284
INFO:R0@tkref=12.35: N of unsatisfied eq: 3
INFO:R0@tkref=12.35: N of unsatisfied ieq: 9
INFO:R0@tkref=12.35: Summary: Optimization terminated successfully. after 6 it.
INFO:R0: --------------------------
INFO:R0@tkref=13.0: Time to solve stand alone optimisation problem: 0.464808940887
INFO:R0@tkref=13.0: N of unsatisfied eq: 3
INFO:R0@tkref=13.0: N of unsatisfied ieq: 10
INFO:R0@tkref=13.0: Summary: Optimization terminated successfully. after 5 it.
INFO:R0: --------------------------
INFO:R0@tkref=13.65: Time to solve stand alone optimisation problem: 0.556549787521
INFO:R0@tkref=13.65: N of unsatisfied eq: 3
INFO:R0@tkref=13.65: N of unsatisfied ieq: 9
INFO:R0@tkref=13.65: Summary: Optimization terminated successfully. after 6 it.
INFO:R0: --------------------------
INFO:R0@tkref=14.3: Time to solve stand alone optimisation problem: 4.94685387611
INFO:R0@tkref=14.3: N of unsatisfied eq: 10
INFO:R0@tkref=14.3: N of unsatisfied ieq: 4
INFO:R0@tkref=14.3: Summary: Iteration limit exceeded after 51 it.
INFO:R0: Finished motion planning
INFO:R0: --------------------------
INFO:R0: TOT: 19.8893355777
INFO:R0: NSE: 23
INFO:R0: FIR: 3.63245201111
INFO:R0: LAS: 4.94742202759
INFO:R0: MAX: 2.59985494614
INFO:R0: MIN: 0.460957050323
INFO:R0: AVG: 0.87891639982
INFO:R0: RAT: 3.99977684021
