INFO:R0: Init motion planning
INFO:R0@tkref=0.0: Time to solve stand alone optimisation problem: 3.78990697861
INFO:R0@tkref=0.0: N of unsatisfied eq: 3
INFO:R0@tkref=0.0: N of unsatisfied ieq: 4
INFO:R0@tkref=0.0: Summary: Iteration limit exceeded after 51 it.
INFO:R0: --------------------------
INFO:R0@tkref=6.29035087719: Time to solve stand alone optimisation problem: 5.15385603905
INFO:R0@tkref=6.29035087719: N of unsatisfied eq: 10
INFO:R0@tkref=6.29035087719: N of unsatisfied ieq: 0
INFO:R0@tkref=6.29035087719: Summary: Iteration limit exceeded after 51 it.
INFO:R0: Finished motion planning
INFO:R0: --------------------------
INFO:R0: TOT: 14.5500561024
INFO:R0: NSE: 2
INFO:R0: FIR: 3.79084897041
INFO:R0: LAS: 5.15446996689
INFO:R0: MAX: 5.15446996689
INFO:R0: MIN: 3.79084897041
INFO:R0: AVG: 4.47265946865
INFO:R0: RAT: 0.819424872717
