INFO:R0: Init motion planning
INFO:R0@tkref=0.0: Time to solve stand alone optimisation problem: 3.68084311485
INFO:R0@tkref=0.0: N of unsatisfied eq: 3
INFO:R0@tkref=0.0: N of unsatisfied ieq: 5
INFO:R0@tkref=0.0: Summary: Iteration limit exceeded after 51 it.
INFO:R0: --------------------------
INFO:R0@tkref=1.45: Time to solve stand alone optimisation problem: 4.31429600716
INFO:R0@tkref=1.45: N of unsatisfied eq: 10
INFO:R0@tkref=1.45: N of unsatisfied ieq: 3
INFO:R0@tkref=1.45: Summary: Iteration limit exceeded after 51 it.
INFO:R0: Finished motion planning
INFO:R0: --------------------------
INFO:R0: TOT: 16.1872113315
INFO:R0: NSE: 2
INFO:R0: FIR: 3.6817240715
INFO:R0: LAS: 4.31491494179
INFO:R0: MAX: 4.31491494179
INFO:R0: MIN: 3.6817240715
INFO:R0: AVG: 3.99831950665
INFO:R0: RAT: 2.97580340813
