INFO:R0: Init motion planning
INFO:R0@tkref=0.0: Time to solve stand alone optimisation problem: 3.94326305389
INFO:R0@tkref=0.0: N of unsatisfied eq: 3
INFO:R0@tkref=0.0: N of unsatisfied ieq: 3
INFO:R0@tkref=0.0: Summary: Iteration limit exceeded after 51 it.
INFO:R0: --------------------------
INFO:R0@tkref=6.10971428571: Time to solve stand alone optimisation problem: 5.3427670002
INFO:R0@tkref=6.10971428571: N of unsatisfied eq: 10
INFO:R0@tkref=6.10971428571: N of unsatisfied ieq: 5
INFO:R0@tkref=6.10971428571: Summary: Iteration limit exceeded after 51 it.
INFO:R0: Finished motion planning
INFO:R0: --------------------------
INFO:R0: TOT: 12.6786410467
INFO:R0: NSE: 2
INFO:R0: FIR: 3.94540309906
INFO:R0: LAS: 5.3436460495
INFO:R0: MAX: 5.3436460495
INFO:R0: MIN: 3.94540309906
INFO:R0: AVG: 4.64452457428
INFO:R0: RAT: 0.874614720037
