INFO:R0: Init motion planning
INFO:R0@tkref=0.0: Time to solve stand alone optimisation problem: 3.78646397591
INFO:R0@tkref=0.0: N of unsatisfied eq: 3
INFO:R0@tkref=0.0: N of unsatisfied ieq: 3
INFO:R0@tkref=0.0: Summary: Iteration limit exceeded after 51 it.
INFO:R0: --------------------------
INFO:R0@tkref=8.66707317073: Time to solve stand alone optimisation problem: 0.823482990265
INFO:R0@tkref=8.66707317073: N of unsatisfied eq: 10
INFO:R0@tkref=8.66707317073: N of unsatisfied ieq: 20
INFO:R0@tkref=8.66707317073: Summary: Optimization terminated successfully. after 12 it.
INFO:R0: Finished motion planning
INFO:R0: --------------------------
INFO:R0: TOT: 14.6741373821
INFO:R0: NSE: 2
INFO:R0: FIR: 3.78746604919
INFO:R0: LAS: 0.824151039124
INFO:R0: MAX: 3.78746604919
INFO:R0: MIN: 0.824151039124
INFO:R0: AVG: 2.30580854416
INFO:R0: RAT: 0.436994816426
