INFO:R0: Init motion planning
INFO:R0@tkref=0.0: Time to solve stand alone optimisation problem: 3.64847588539
INFO:R0@tkref=0.0: N of unsatisfied eq: 3
INFO:R0@tkref=0.0: N of unsatisfied ieq: 7
INFO:R0@tkref=0.0: Summary: Iteration limit exceeded after 51 it.
INFO:R0: --------------------------
INFO:R0@tkref=2.75095238095: Time to solve stand alone optimisation problem: 1.03854894638
INFO:R0@tkref=2.75095238095: N of unsatisfied eq: 3
INFO:R0@tkref=2.75095238095: N of unsatisfied ieq: 9
INFO:R0@tkref=2.75095238095: Summary: Optimization terminated successfully. after 11 it.
INFO:R0: --------------------------
INFO:R0@tkref=5.5019047619: Time to solve stand alone optimisation problem: 0.653474807739
INFO:R0@tkref=5.5019047619: N of unsatisfied eq: 3
INFO:R0@tkref=5.5019047619: N of unsatisfied ieq: 10
INFO:R0@tkref=5.5019047619: Summary: Optimization terminated successfully. after 7 it.
INFO:R0: --------------------------
INFO:R0@tkref=8.25285714285: Time to solve stand alone optimisation problem: 4.99110794067
INFO:R0@tkref=8.25285714285: N of unsatisfied eq: 10
INFO:R0@tkref=8.25285714285: N of unsatisfied ieq: 3
INFO:R0@tkref=8.25285714285: Summary: Iteration limit exceeded after 51 it.
INFO:R0: Finished motion planning
INFO:R0: --------------------------
INFO:R0: TOT: 12.1474883485
INFO:R0: NSE: 4
INFO:R0: FIR: 3.64953494072
INFO:R0: LAS: 4.99169182777
INFO:R0: MAX: 1.03922104836
INFO:R0: MIN: 0.654139041901
INFO:R0: AVG: 0.846680045128
INFO:R0: RAT: 0.377767734386
