INFO:R0: Init motion planning
INFO:R0@tkref=0.0: Time to solve stand alone optimisation problem: 3.64605903625
INFO:R0@tkref=0.0: N of unsatisfied eq: 3
INFO:R0@tkref=0.0: N of unsatisfied ieq: 6
INFO:R0@tkref=0.0: Summary: Iteration limit exceeded after 51 it.
INFO:R0: --------------------------
INFO:R0@tkref=1.75792207792: Time to solve stand alone optimisation problem: 1.44837212563
INFO:R0@tkref=1.75792207792: N of unsatisfied eq: 3
INFO:R0@tkref=1.75792207792: N of unsatisfied ieq: 20
INFO:R0@tkref=1.75792207792: Summary: Optimization terminated successfully. after 22 it.
INFO:R0: --------------------------
INFO:R0@tkref=3.51584415584: Time to solve stand alone optimisation problem: 4.95905184746
INFO:R0@tkref=3.51584415584: N of unsatisfied eq: 10
INFO:R0@tkref=3.51584415584: N of unsatisfied ieq: 3
INFO:R0@tkref=3.51584415584: Summary: Iteration limit exceeded after 51 it.
INFO:R0: Finished motion planning
INFO:R0: --------------------------
INFO:R0: TOT: 13.0531009812
INFO:R0: NSE: 3
INFO:R0: FIR: 3.64698791504
INFO:R0: LAS: 4.95963311195
INFO:R0: MAX: 1.44906711578
INFO:R0: MIN: 1.44906711578
INFO:R0: AVG: 1.44906711578
INFO:R0: RAT: 0.824306796066
