INFO:R0: Init motion planning
INFO:R0@tkref=0.0: Time to solve stand alone optimisation problem: 3.66517210007
INFO:R0@tkref=0.0: N of unsatisfied eq: 3
INFO:R0@tkref=0.0: N of unsatisfied ieq: 3
INFO:R0@tkref=0.0: Summary: Iteration limit exceeded after 51 it.
INFO:R0: --------------------------
INFO:R0@tkref=2.7468: Time to solve stand alone optimisation problem: 0.741290092468
INFO:R0@tkref=2.7468: N of unsatisfied eq: 2
INFO:R0@tkref=2.7468: N of unsatisfied ieq: 10
INFO:R0@tkref=2.7468: Summary: Optimization terminated successfully. after 8 it.
INFO:R0: --------------------------
INFO:R0@tkref=5.4936: Time to solve stand alone optimisation problem: 0.658604860306
INFO:R0@tkref=5.4936: N of unsatisfied eq: 2
INFO:R0@tkref=5.4936: N of unsatisfied ieq: 9
INFO:R0@tkref=5.4936: Summary: Optimization terminated successfully. after 7 it.
INFO:R0: --------------------------
INFO:R0@tkref=8.2404: Time to solve stand alone optimisation problem: 5.00415706635
INFO:R0@tkref=8.2404: N of unsatisfied eq: 10
INFO:R0@tkref=8.2404: N of unsatisfied ieq: 3
INFO:R0@tkref=8.2404: Summary: Iteration limit exceeded after 51 it.
INFO:R0: Finished motion planning
INFO:R0: --------------------------
INFO:R0: TOT: 12.8130547816
INFO:R0: NSE: 4
INFO:R0: FIR: 3.66609501839
INFO:R0: LAS: 5.00476193428
INFO:R0: MAX: 0.74197101593
INFO:R0: MIN: 0.659283161163
INFO:R0: AVG: 0.700627088547
INFO:R0: RAT: 0.270121965899
