INFO:R0: Init motion planning
INFO:R0@tkref=0.0: Time to solve stand alone optimisation problem: 4.01316308975
INFO:R0@tkref=0.0: N of unsatisfied eq: 3
INFO:R0@tkref=0.0: N of unsatisfied ieq: 3
INFO:R0@tkref=0.0: Summary: Iteration limit exceeded after 51 it.
INFO:R0: --------------------------
INFO:R0@tkref=7.16818181818: Time to solve stand alone optimisation problem: 0.813678026199
INFO:R0@tkref=7.16818181818: N of unsatisfied eq: 10
INFO:R0@tkref=7.16818181818: N of unsatisfied ieq: 21
INFO:R0@tkref=7.16818181818: Summary: Optimization terminated successfully. after 11 it.
INFO:R0: Finished motion planning
INFO:R0: --------------------------
INFO:R0: TOT: 11.9472073705
INFO:R0: NSE: 2
INFO:R0: FIR: 4.0144970417
INFO:R0: LAS: 0.8142619133
INFO:R0: MAX: 4.0144970417
INFO:R0: MIN: 0.8142619133
INFO:R0: AVG: 2.4143794775
INFO:R0: RAT: 0.56004397538
