INFO:R0: Init motion planning
INFO:R0@tkref=0.0: Time to solve stand alone optimisation problem: 3.5576441288
INFO:R0@tkref=0.0: N of unsatisfied eq: 3
INFO:R0@tkref=0.0: N of unsatisfied ieq: 9
INFO:R0@tkref=0.0: Summary: Iteration limit exceeded after 51 it.
INFO:R0: --------------------------
INFO:R0@tkref=0.854285714286: Time to solve stand alone optimisation problem: 1.65511822701
INFO:R0@tkref=0.854285714286: N of unsatisfied eq: 2
INFO:R0@tkref=0.854285714286: N of unsatisfied ieq: 11
INFO:R0@tkref=0.854285714286: Summary: Optimization terminated successfully. after 21 it.
INFO:R0: --------------------------
INFO:R0@tkref=1.70857142857: Time to solve stand alone optimisation problem: 0.924831867218
INFO:R0@tkref=1.70857142857: N of unsatisfied eq: 3
INFO:R0@tkref=1.70857142857: N of unsatisfied ieq: 9
INFO:R0@tkref=1.70857142857: Summary: Optimization terminated successfully. after 10 it.
INFO:R0: --------------------------
INFO:R0@tkref=2.56285714286: Time to solve stand alone optimisation problem: 1.1052107811
INFO:R0@tkref=2.56285714286: N of unsatisfied eq: 3
INFO:R0@tkref=2.56285714286: N of unsatisfied ieq: 11
INFO:R0@tkref=2.56285714286: Summary: Optimization terminated successfully. after 12 it.
INFO:R0: --------------------------
INFO:R0@tkref=3.41714285714: Time to solve stand alone optimisation problem: 0.834496021271
INFO:R0@tkref=3.41714285714: N of unsatisfied eq: 3
INFO:R0@tkref=3.41714285714: N of unsatisfied ieq: 10
INFO:R0@tkref=3.41714285714: Summary: Optimization terminated successfully. after 9 it.
INFO:R0: --------------------------
INFO:R0@tkref=4.27142857143: Time to solve stand alone optimisation problem: 0.655282974243
INFO:R0@tkref=4.27142857143: N of unsatisfied eq: 3
INFO:R0@tkref=4.27142857143: N of unsatisfied ieq: 13
INFO:R0@tkref=4.27142857143: Summary: Optimization terminated successfully. after 7 it.
INFO:R0: --------------------------
INFO:R0@tkref=5.12571428572: Time to solve stand alone optimisation problem: 1.01178312302
INFO:R0@tkref=5.12571428572: N of unsatisfied eq: 3
INFO:R0@tkref=5.12571428572: N of unsatisfied ieq: 11
INFO:R0@tkref=5.12571428572: Summary: Optimization terminated successfully. after 11 it.
INFO:R0: --------------------------
INFO:R0@tkref=5.98: Time to solve stand alone optimisation problem: 1.0998210907
INFO:R0@tkref=5.98: N of unsatisfied eq: 3
INFO:R0@tkref=5.98: N of unsatisfied ieq: 9
INFO:R0@tkref=5.98: Summary: Optimization terminated successfully. after 12 it.
INFO:R0: --------------------------
INFO:R0@tkref=6.83428571429: Time to solve stand alone optimisation problem: 0.820364952087
INFO:R0@tkref=6.83428571429: N of unsatisfied eq: 3
INFO:R0@tkref=6.83428571429: N of unsatisfied ieq: 11
INFO:R0@tkref=6.83428571429: Summary: Optimization terminated successfully. after 9 it.
INFO:R0: --------------------------
INFO:R0@tkref=7.68857142857: Time to solve stand alone optimisation problem: 0.735551118851
INFO:R0@tkref=7.68857142857: N of unsatisfied eq: 3
INFO:R0@tkref=7.68857142857: N of unsatisfied ieq: 9
INFO:R0@tkref=7.68857142857: Summary: Optimization terminated successfully. after 8 it.
INFO:R0: --------------------------
INFO:R0@tkref=8.54285714286: Time to solve stand alone optimisation problem: 0.640954971313
INFO:R0@tkref=8.54285714286: N of unsatisfied eq: 3
INFO:R0@tkref=8.54285714286: N of unsatisfied ieq: 13
INFO:R0@tkref=8.54285714286: Summary: Optimization terminated successfully. after 7 it.
INFO:R0: --------------------------
INFO:R0@tkref=9.39714285715: Time to solve stand alone optimisation problem: 0.188086032867
INFO:R0@tkref=9.39714285715: N of unsatisfied eq: 3
INFO:R0@tkref=9.39714285715: N of unsatisfied ieq: 16
INFO:R0@tkref=9.39714285715: Summary: Optimization terminated successfully. after 2 it.
INFO:R0: --------------------------
INFO:R0@tkref=10.2514285714: Time to solve stand alone optimisation problem: 0.163629055023
INFO:R0@tkref=10.2514285714: N of unsatisfied eq: 3
INFO:R0@tkref=10.2514285714: N of unsatisfied ieq: 7
INFO:R0@tkref=10.2514285714: Summary: Optimization terminated successfully. after 2 it.
INFO:R0: --------------------------
INFO:R0@tkref=11.1057142857: Time to solve stand alone optimisation problem: 3.65239906311
INFO:R0@tkref=11.1057142857: N of unsatisfied eq: 10
INFO:R0@tkref=11.1057142857: N of unsatisfied ieq: 2
INFO:R0@tkref=11.1057142857: Summary: Iteration limit exceeded after 51 it.
INFO:R0: Finished motion planning
INFO:R0: --------------------------
INFO:R0: TOT: 13.442467423
INFO:R0: NSE: 14
INFO:R0: FIR: 3.55853319168
INFO:R0: LAS: 3.65297913551
INFO:R0: MAX: 1.65580296516
INFO:R0: MIN: 0.164247989655
INFO:R0: AVG: 0.820261359215
INFO:R0: RAT: 1.93823089568
