INFO:R0: Init motion planning
INFO:R0@tkref=0.0: Time to solve stand alone optimisation problem: 3.60958600044
INFO:R0@tkref=0.0: N of unsatisfied eq: 3
INFO:R0@tkref=0.0: N of unsatisfied ieq: 4
INFO:R0@tkref=0.0: Summary: Iteration limit exceeded after 51 it.
INFO:R0: --------------------------
INFO:R0@tkref=5.50745454545: Time to solve stand alone optimisation problem: 4.91863799095
INFO:R0@tkref=5.50745454545: N of unsatisfied eq: 10
INFO:R0@tkref=5.50745454545: N of unsatisfied ieq: 4
INFO:R0@tkref=5.50745454545: Summary: Iteration limit exceeded after 51 it.
INFO:R0: Finished motion planning
INFO:R0: --------------------------
INFO:R0: TOT: 12.2864208494
INFO:R0: NSE: 2
INFO:R0: FIR: 3.61052489281
INFO:R0: LAS: 4.91923117638
INFO:R0: MAX: 4.91923117638
INFO:R0: MIN: 3.61052489281
INFO:R0: AVG: 4.26487803459
INFO:R0: RAT: 0.893195056951
