INFO:R0: Init motion planning
INFO:R0@tkref=0.0: Time to solve stand alone optimisation problem: 3.58465218544
INFO:R0@tkref=0.0: N of unsatisfied eq: 3
INFO:R0@tkref=0.0: N of unsatisfied ieq: 4
INFO:R0@tkref=0.0: Summary: Iteration limit exceeded after 51 it.
INFO:R0: --------------------------
INFO:R0@tkref=0.605294117647: Time to solve stand alone optimisation problem: 0.890973091125
INFO:R0@tkref=0.605294117647: N of unsatisfied eq: 3
INFO:R0@tkref=0.605294117647: N of unsatisfied ieq: 10
INFO:R0@tkref=0.605294117647: Summary: Optimization terminated successfully. after 13 it.
INFO:R0: --------------------------
INFO:R0@tkref=1.21058823529: Time to solve stand alone optimisation problem: 1.29237604141
INFO:R0@tkref=1.21058823529: N of unsatisfied eq: 3
INFO:R0@tkref=1.21058823529: N of unsatisfied ieq: 8
INFO:R0@tkref=1.21058823529: Summary: Optimization terminated successfully. after 16 it.
INFO:R0: --------------------------
INFO:R0@tkref=1.81588235294: Time to solve stand alone optimisation problem: 0.933299064636
INFO:R0@tkref=1.81588235294: N of unsatisfied eq: 3
INFO:R0@tkref=1.81588235294: N of unsatisfied ieq: 10
INFO:R0@tkref=1.81588235294: Summary: Optimization terminated successfully. after 10 it.
INFO:R0: --------------------------
INFO:R0@tkref=2.42117647059: Time to solve stand alone optimisation problem: 1.02397704124
INFO:R0@tkref=2.42117647059: N of unsatisfied eq: 3
INFO:R0@tkref=2.42117647059: N of unsatisfied ieq: 10
INFO:R0@tkref=2.42117647059: Summary: Optimization terminated successfully. after 11 it.
INFO:R0: --------------------------
INFO:R0@tkref=3.02647058824: Time to solve stand alone optimisation problem: 0.834804058075
INFO:R0@tkref=3.02647058824: N of unsatisfied eq: 3
INFO:R0@tkref=3.02647058824: N of unsatisfied ieq: 14
INFO:R0@tkref=3.02647058824: Summary: Optimization terminated successfully. after 9 it.
INFO:R0: --------------------------
INFO:R0@tkref=3.63176470588: Time to solve stand alone optimisation problem: 0.6530148983
INFO:R0@tkref=3.63176470588: N of unsatisfied eq: 3
INFO:R0@tkref=3.63176470588: N of unsatisfied ieq: 13
INFO:R0@tkref=3.63176470588: Summary: Optimization terminated successfully. after 7 it.
INFO:R0: --------------------------
INFO:R0@tkref=4.23705882353: Time to solve stand alone optimisation problem: 0.473120927811
INFO:R0@tkref=4.23705882353: N of unsatisfied eq: 3
INFO:R0@tkref=4.23705882353: N of unsatisfied ieq: 13
INFO:R0@tkref=4.23705882353: Summary: Optimization terminated successfully. after 5 it.
INFO:R0: --------------------------
INFO:R0@tkref=4.84235294118: Time to solve stand alone optimisation problem: 0.189357995987
INFO:R0@tkref=4.84235294118: N of unsatisfied eq: 3
INFO:R0@tkref=4.84235294118: N of unsatisfied ieq: 16
INFO:R0@tkref=4.84235294118: Summary: Optimization terminated successfully. after 2 it.
INFO:R0: --------------------------
INFO:R0@tkref=5.44764705882: Time to solve stand alone optimisation problem: 0.472774028778
INFO:R0@tkref=5.44764705882: N of unsatisfied eq: 3
INFO:R0@tkref=5.44764705882: N of unsatisfied ieq: 17
INFO:R0@tkref=5.44764705882: Summary: Optimization terminated successfully. after 5 it.
INFO:R0: --------------------------
INFO:R0@tkref=6.05294117647: Time to solve stand alone optimisation problem: 1.1083650589
INFO:R0@tkref=6.05294117647: N of unsatisfied eq: 3
INFO:R0@tkref=6.05294117647: N of unsatisfied ieq: 11
INFO:R0@tkref=6.05294117647: Summary: Optimization terminated successfully. after 12 it.
INFO:R0: --------------------------
INFO:R0@tkref=6.65823529412: Time to solve stand alone optimisation problem: 1.67069196701
INFO:R0@tkref=6.65823529412: N of unsatisfied eq: 3
INFO:R0@tkref=6.65823529412: N of unsatisfied ieq: 8
INFO:R0@tkref=6.65823529412: Summary: Optimization terminated successfully. after 19 it.
INFO:R0: --------------------------
INFO:R0@tkref=7.26352941176: Time to solve stand alone optimisation problem: 0.919126987457
INFO:R0@tkref=7.26352941176: N of unsatisfied eq: 3
INFO:R0@tkref=7.26352941176: N of unsatisfied ieq: 10
INFO:R0@tkref=7.26352941176: Summary: Optimization terminated successfully. after 10 it.
INFO:R0: --------------------------
INFO:R0@tkref=7.86882352941: Time to solve stand alone optimisation problem: 1.7325232029
INFO:R0@tkref=7.86882352941: N of unsatisfied eq: 3
INFO:R0@tkref=7.86882352941: N of unsatisfied ieq: 10
INFO:R0@tkref=7.86882352941: Summary: Optimization terminated successfully. after 20 it.
INFO:R0: --------------------------
INFO:R0@tkref=8.47411764706: Time to solve stand alone optimisation problem: 1.00729179382
INFO:R0@tkref=8.47411764706: N of unsatisfied eq: 2
INFO:R0@tkref=8.47411764706: N of unsatisfied ieq: 11
INFO:R0@tkref=8.47411764706: Summary: Optimization terminated successfully. after 11 it.
INFO:R0: --------------------------
INFO:R0@tkref=9.07941176471: Time to solve stand alone optimisation problem: 0.821240901947
INFO:R0@tkref=9.07941176471: N of unsatisfied eq: 3
INFO:R0@tkref=9.07941176471: N of unsatisfied ieq: 13
INFO:R0@tkref=9.07941176471: Summary: Optimization terminated successfully. after 9 it.
INFO:R0: --------------------------
INFO:R0@tkref=9.68470588235: Time to solve stand alone optimisation problem: 0.647533178329
INFO:R0@tkref=9.68470588235: N of unsatisfied eq: 3
INFO:R0@tkref=9.68470588235: N of unsatisfied ieq: 12
INFO:R0@tkref=9.68470588235: Summary: Optimization terminated successfully. after 7 it.
INFO:R0: --------------------------
INFO:R0@tkref=10.29: Time to solve stand alone optimisation problem: 0.467405080795
INFO:R0@tkref=10.29: N of unsatisfied eq: 3
INFO:R0@tkref=10.29: N of unsatisfied ieq: 10
INFO:R0@tkref=10.29: Summary: Optimization terminated successfully. after 5 it.
INFO:R0: --------------------------
INFO:R0@tkref=10.8952941176: Time to solve stand alone optimisation problem: 0.188717126846
INFO:R0@tkref=10.8952941176: N of unsatisfied eq: 3
INFO:R0@tkref=10.8952941176: N of unsatisfied ieq: 17
INFO:R0@tkref=10.8952941176: Summary: Optimization terminated successfully. after 2 it.
INFO:R0: --------------------------
INFO:R0@tkref=11.5005882353: Time to solve stand alone optimisation problem: 0.140573978424
INFO:R0@tkref=11.5005882353: N of unsatisfied eq: 3
INFO:R0@tkref=11.5005882353: N of unsatisfied ieq: 18
INFO:R0@tkref=11.5005882353: Summary: Optimization terminated successfully. after 2 it.
INFO:R0: --------------------------
INFO:R0@tkref=12.1058823529: Time to solve stand alone optimisation problem: 0.204385995865
INFO:R0@tkref=12.1058823529: N of unsatisfied eq: 3
INFO:R0@tkref=12.1058823529: N of unsatisfied ieq: 14
INFO:R0@tkref=12.1058823529: Summary: Optimization terminated successfully. after 3 it.
INFO:R0: --------------------------
INFO:R0@tkref=12.7111764706: Time to solve stand alone optimisation problem: 3.66842007637
INFO:R0@tkref=12.7111764706: N of unsatisfied eq: 10
INFO:R0@tkref=12.7111764706: N of unsatisfied ieq: 2
INFO:R0@tkref=12.7111764706: Summary: Iteration limit exceeded after 51 it.
INFO:R0: Finished motion planning
INFO:R0: --------------------------
INFO:R0: TOT: 14.5818925785
INFO:R0: NSE: 22
INFO:R0: FIR: 3.58558702469
INFO:R0: LAS: 3.66900706291
INFO:R0: MAX: 1.73319506645
INFO:R0: MIN: 0.141187906265
INFO:R0: AVG: 0.784226262569
INFO:R0: RAT: 2.86339320988
