INFO:R0: Init motion planning
INFO:R0@tkref=0.0: Time to solve stand alone optimisation problem: 3.66805505753
INFO:R0@tkref=0.0: N of unsatisfied eq: 3
INFO:R0@tkref=0.0: N of unsatisfied ieq: 3
INFO:R0@tkref=0.0: Summary: Iteration limit exceeded after 51 it.
INFO:R0: --------------------------
INFO:R0@tkref=4.7: Time to solve stand alone optimisation problem: 4.99001193047
INFO:R0@tkref=4.7: N of unsatisfied eq: 10
INFO:R0@tkref=4.7: N of unsatisfied ieq: 3
INFO:R0@tkref=4.7: Summary: Iteration limit exceeded after 51 it.
INFO:R0: Finished motion planning
INFO:R0: --------------------------
INFO:R0: TOT: 12.4145406408
INFO:R0: NSE: 2
INFO:R0: FIR: 3.66904616356
INFO:R0: LAS: 4.99058413506
INFO:R0: MAX: 4.99058413506
INFO:R0: MIN: 3.66904616356
INFO:R0: AVG: 4.32981514931
INFO:R0: RAT: 1.06182641171
