INFO:R0: Init motion planning
INFO:R0@tkref=0.0: Time to solve stand alone optimisation problem: 3.66850209236
INFO:R0@tkref=0.0: N of unsatisfied eq: 3
INFO:R0@tkref=0.0: N of unsatisfied ieq: 4
INFO:R0@tkref=0.0: Summary: Iteration limit exceeded after 51 it.
INFO:R0: --------------------------
INFO:R0@tkref=2.70415384615: Time to solve stand alone optimisation problem: 1.42840003967
INFO:R0@tkref=2.70415384615: N of unsatisfied eq: 3
INFO:R0@tkref=2.70415384615: N of unsatisfied ieq: 9
INFO:R0@tkref=2.70415384615: Summary: Optimization terminated successfully. after 15 it.
INFO:R0: --------------------------
INFO:R0@tkref=5.4083076923: Time to solve stand alone optimisation problem: 5.00416898727
INFO:R0@tkref=5.4083076923: N of unsatisfied eq: 10
INFO:R0@tkref=5.4083076923: N of unsatisfied ieq: 1
INFO:R0@tkref=5.4083076923: Summary: Iteration limit exceeded after 51 it.
INFO:R0: Finished motion planning
INFO:R0: --------------------------
INFO:R0: TOT: 13.0821309248
INFO:R0: NSE: 3
INFO:R0: FIR: 3.66938996315
INFO:R0: LAS: 5.00473999977
INFO:R0: MAX: 1.42909288406
INFO:R0: MIN: 1.42909288406
INFO:R0: AVG: 1.42909288406
INFO:R0: RAT: 0.528480613667
