INFO:R0: Init motion planning
INFO:R0@tkref=0.0: Time to solve stand alone optimisation problem: 3.75945591927
INFO:R0@tkref=0.0: N of unsatisfied eq: 3
INFO:R0@tkref=0.0: N of unsatisfied ieq: 3
INFO:R0@tkref=0.0: Summary: Iteration limit exceeded after 51 it.
INFO:R0: --------------------------
INFO:R0@tkref=6.55682926829: Time to solve stand alone optimisation problem: 5.15062713623
INFO:R0@tkref=6.55682926829: N of unsatisfied eq: 10
INFO:R0@tkref=6.55682926829: N of unsatisfied ieq: 3
INFO:R0@tkref=6.55682926829: Summary: Iteration limit exceeded after 51 it.
INFO:R0: Finished motion planning
INFO:R0: --------------------------
INFO:R0: TOT: 14.4534725419
INFO:R0: NSE: 2
INFO:R0: FIR: 3.76035404205
INFO:R0: LAS: 5.15120410919
INFO:R0: MAX: 5.15120410919
INFO:R0: MIN: 3.76035404205
INFO:R0: AVG: 4.45577907562
INFO:R0: RAT: 0.78562425502
