INFO:R0: Init motion planning
INFO:R0@tkref=0.0: Time to solve stand alone optimisation problem: 3.71732091904
INFO:R0@tkref=0.0: N of unsatisfied eq: 3
INFO:R0@tkref=0.0: N of unsatisfied ieq: 5
INFO:R0@tkref=0.0: Summary: Iteration limit exceeded after 51 it.
INFO:R0: --------------------------
INFO:R0@tkref=0.341052631579: Time to solve stand alone optimisation problem: 0.914207935333
INFO:R0@tkref=0.341052631579: N of unsatisfied eq: 3
INFO:R0@tkref=0.341052631579: N of unsatisfied ieq: 9
INFO:R0@tkref=0.341052631579: Summary: Optimization terminated successfully. after 13 it.
INFO:R0: --------------------------
INFO:R0@tkref=0.682105263158: Time to solve stand alone optimisation problem: 1.28894996643
INFO:R0@tkref=0.682105263158: N of unsatisfied eq: 3
INFO:R0@tkref=0.682105263158: N of unsatisfied ieq: 8
INFO:R0@tkref=0.682105263158: Summary: Optimization terminated successfully. after 18 it.
INFO:R0: --------------------------
INFO:R0@tkref=1.02315789474: Time to solve stand alone optimisation problem: 1.32838797569
INFO:R0@tkref=1.02315789474: N of unsatisfied eq: 2
INFO:R0@tkref=1.02315789474: N of unsatisfied ieq: 9
INFO:R0@tkref=1.02315789474: Summary: Optimization terminated successfully. after 16 it.
INFO:R0: --------------------------
INFO:R0@tkref=1.36421052632: Time to solve stand alone optimisation problem: 0.971866846085
INFO:R0@tkref=1.36421052632: N of unsatisfied eq: 3
INFO:R0@tkref=1.36421052632: N of unsatisfied ieq: 10
INFO:R0@tkref=1.36421052632: Summary: Optimization terminated successfully. after 10 it.
INFO:R0: --------------------------
INFO:R0@tkref=1.7052631579: Time to solve stand alone optimisation problem: 0.779152154922
INFO:R0@tkref=1.7052631579: N of unsatisfied eq: 3
INFO:R0@tkref=1.7052631579: N of unsatisfied ieq: 9
INFO:R0@tkref=1.7052631579: Summary: Optimization terminated successfully. after 8 it.
INFO:R0: --------------------------
INFO:R0@tkref=2.04631578947: Time to solve stand alone optimisation problem: 1.34383893013
INFO:R0@tkref=2.04631578947: N of unsatisfied eq: 3
INFO:R0@tkref=2.04631578947: N of unsatisfied ieq: 7
INFO:R0@tkref=2.04631578947: Summary: Optimization terminated successfully. after 14 it.
INFO:R0: --------------------------
INFO:R0@tkref=2.38736842105: Time to solve stand alone optimisation problem: 1.06214904785
INFO:R0@tkref=2.38736842105: N of unsatisfied eq: 3
INFO:R0@tkref=2.38736842105: N of unsatisfied ieq: 10
INFO:R0@tkref=2.38736842105: Summary: Optimization terminated successfully. after 11 it.
INFO:R0: --------------------------
INFO:R0@tkref=2.72842105263: Time to solve stand alone optimisation problem: 1.15610384941
INFO:R0@tkref=2.72842105263: N of unsatisfied eq: 3
INFO:R0@tkref=2.72842105263: N of unsatisfied ieq: 12
INFO:R0@tkref=2.72842105263: Summary: Optimization terminated successfully. after 12 it.
INFO:R0: --------------------------
INFO:R0@tkref=3.06947368421: Time to solve stand alone optimisation problem: 1.07081890106
INFO:R0@tkref=3.06947368421: N of unsatisfied eq: 3
INFO:R0@tkref=3.06947368421: N of unsatisfied ieq: 11
INFO:R0@tkref=3.06947368421: Summary: Optimization terminated successfully. after 11 it.
INFO:R0: --------------------------
INFO:R0@tkref=3.41052631579: Time to solve stand alone optimisation problem: 0.775177955627
INFO:R0@tkref=3.41052631579: N of unsatisfied eq: 3
INFO:R0@tkref=3.41052631579: N of unsatisfied ieq: 14
INFO:R0@tkref=3.41052631579: Summary: Optimization terminated successfully. after 8 it.
INFO:R0: --------------------------
INFO:R0@tkref=3.75157894737: Time to solve stand alone optimisation problem: 0.590724945068
INFO:R0@tkref=3.75157894737: N of unsatisfied eq: 3
INFO:R0@tkref=3.75157894737: N of unsatisfied ieq: 13
INFO:R0@tkref=3.75157894737: Summary: Optimization terminated successfully. after 6 it.
INFO:R0: --------------------------
INFO:R0@tkref=4.09263157895: Time to solve stand alone optimisation problem: 0.491871833801
INFO:R0@tkref=4.09263157895: N of unsatisfied eq: 3
INFO:R0@tkref=4.09263157895: N of unsatisfied ieq: 17
INFO:R0@tkref=4.09263157895: Summary: Optimization terminated successfully. after 5 it.
INFO:R0: --------------------------
INFO:R0@tkref=4.43368421053: Time to solve stand alone optimisation problem: 0.196912050247
INFO:R0@tkref=4.43368421053: N of unsatisfied eq: 3
INFO:R0@tkref=4.43368421053: N of unsatisfied ieq: 15
INFO:R0@tkref=4.43368421053: Summary: Optimization terminated successfully. after 2 it.
INFO:R0: --------------------------
INFO:R0@tkref=4.77473684211: Time to solve stand alone optimisation problem: 0.19667506218
INFO:R0@tkref=4.77473684211: N of unsatisfied eq: 3
INFO:R0@tkref=4.77473684211: N of unsatisfied ieq: 17
INFO:R0@tkref=4.77473684211: Summary: Optimization terminated successfully. after 2 it.
INFO:R0: --------------------------
INFO:R0@tkref=5.11578947369: Time to solve stand alone optimisation problem: 0.962130069733
INFO:R0@tkref=5.11578947369: N of unsatisfied eq: 3
INFO:R0@tkref=5.11578947369: N of unsatisfied ieq: 10
INFO:R0@tkref=5.11578947369: Summary: Optimization terminated successfully. after 10 it.
INFO:R0: --------------------------
INFO:R0@tkref=5.45684210526: Time to solve stand alone optimisation problem: 1.61716508865
INFO:R0@tkref=5.45684210526: N of unsatisfied eq: 3
INFO:R0@tkref=5.45684210526: N of unsatisfied ieq: 11
INFO:R0@tkref=5.45684210526: Summary: Optimization terminated successfully. after 17 it.
INFO:R0: --------------------------
INFO:R0@tkref=5.79789473684: Time to solve stand alone optimisation problem: 1.04657506943
INFO:R0@tkref=5.79789473684: N of unsatisfied eq: 3
INFO:R0@tkref=5.79789473684: N of unsatisfied ieq: 14
INFO:R0@tkref=5.79789473684: Summary: Optimization terminated successfully. after 11 it.
INFO:R0: --------------------------
INFO:R0@tkref=6.13894736842: Time to solve stand alone optimisation problem: 1.43229818344
INFO:R0@tkref=6.13894736842: N of unsatisfied eq: 3
INFO:R0@tkref=6.13894736842: N of unsatisfied ieq: 10
INFO:R0@tkref=6.13894736842: Summary: Optimization terminated successfully. after 15 it.
INFO:R0: --------------------------
INFO:R0@tkref=6.48: Time to solve stand alone optimisation problem: 1.05490612984
INFO:R0@tkref=6.48: N of unsatisfied eq: 3
INFO:R0@tkref=6.48: N of unsatisfied ieq: 9
INFO:R0@tkref=6.48: Summary: Optimization terminated successfully. after 11 it.
INFO:R0: --------------------------
INFO:R0@tkref=6.82105263158: Time to solve stand alone optimisation problem: 1.15382099152
INFO:R0@tkref=6.82105263158: N of unsatisfied eq: 3
INFO:R0@tkref=6.82105263158: N of unsatisfied ieq: 11
INFO:R0@tkref=6.82105263158: Summary: Optimization terminated successfully. after 12 it.
INFO:R0: --------------------------
INFO:R0@tkref=7.16210526316: Time to solve stand alone optimisation problem: 0.947005987167
INFO:R0@tkref=7.16210526316: N of unsatisfied eq: 2
INFO:R0@tkref=7.16210526316: N of unsatisfied ieq: 10
INFO:R0@tkref=7.16210526316: Summary: Optimization terminated successfully. after 10 it.
INFO:R0: --------------------------
INFO:R0@tkref=7.50315789474: Time to solve stand alone optimisation problem: 1.05469489098
INFO:R0@tkref=7.50315789474: N of unsatisfied eq: 3
INFO:R0@tkref=7.50315789474: N of unsatisfied ieq: 10
INFO:R0@tkref=7.50315789474: Summary: Optimization terminated successfully. after 11 it.
INFO:R0: --------------------------
INFO:R0@tkref=7.84421052632: Time to solve stand alone optimisation problem: 0.67063498497
INFO:R0@tkref=7.84421052632: N of unsatisfied eq: 3
INFO:R0@tkref=7.84421052632: N of unsatisfied ieq: 10
INFO:R0@tkref=7.84421052632: Summary: Optimization terminated successfully. after 7 it.
INFO:R0: --------------------------
INFO:R0@tkref=8.1852631579: Time to solve stand alone optimisation problem: 0.96087884903
INFO:R0@tkref=8.1852631579: N of unsatisfied eq: 3
INFO:R0@tkref=8.1852631579: N of unsatisfied ieq: 7
INFO:R0@tkref=8.1852631579: Summary: Optimization terminated successfully. after 10 it.
INFO:R0: --------------------------
INFO:R0@tkref=8.52631578948: Time to solve stand alone optimisation problem: 0.764442920685
INFO:R0@tkref=8.52631578948: N of unsatisfied eq: 3
INFO:R0@tkref=8.52631578948: N of unsatisfied ieq: 11
INFO:R0@tkref=8.52631578948: Summary: Optimization terminated successfully. after 8 it.
INFO:R0: --------------------------
INFO:R0@tkref=8.86736842105: Time to solve stand alone optimisation problem: 1.05005908012
INFO:R0@tkref=8.86736842105: N of unsatisfied eq: 3
INFO:R0@tkref=8.86736842105: N of unsatisfied ieq: 11
INFO:R0@tkref=8.86736842105: Summary: Optimization terminated successfully. after 11 it.
INFO:R0: --------------------------
INFO:R0@tkref=9.20842105263: Time to solve stand alone optimisation problem: 0.675091981888
INFO:R0@tkref=9.20842105263: N of unsatisfied eq: 3
INFO:R0@tkref=9.20842105263: N of unsatisfied ieq: 11
INFO:R0@tkref=9.20842105263: Summary: Optimization terminated successfully. after 7 it.
INFO:R0: --------------------------
INFO:R0@tkref=9.54947368421: Time to solve stand alone optimisation problem: 0.389117002487
INFO:R0@tkref=9.54947368421: N of unsatisfied eq: 3
INFO:R0@tkref=9.54947368421: N of unsatisfied ieq: 15
INFO:R0@tkref=9.54947368421: Summary: Optimization terminated successfully. after 4 it.
INFO:R0: --------------------------
INFO:R0@tkref=9.89052631579: Time to solve stand alone optimisation problem: 0.196645975113
INFO:R0@tkref=9.89052631579: N of unsatisfied eq: 3
INFO:R0@tkref=9.89052631579: N of unsatisfied ieq: 16
INFO:R0@tkref=9.89052631579: Summary: Optimization terminated successfully. after 2 it.
INFO:R0: --------------------------
INFO:R0@tkref=10.2315789474: Time to solve stand alone optimisation problem: 0.290281057358
INFO:R0@tkref=10.2315789474: N of unsatisfied eq: 3
INFO:R0@tkref=10.2315789474: N of unsatisfied ieq: 16
INFO:R0@tkref=10.2315789474: Summary: Optimization terminated successfully. after 3 it.
INFO:R0: --------------------------
INFO:R0@tkref=10.5726315789: Time to solve stand alone optimisation problem: 0.196595191956
INFO:R0@tkref=10.5726315789: N of unsatisfied eq: 3
INFO:R0@tkref=10.5726315789: N of unsatisfied ieq: 14
INFO:R0@tkref=10.5726315789: Summary: Optimization terminated successfully. after 2 it.
INFO:R0: --------------------------
INFO:R0@tkref=10.9136842105: Time to solve stand alone optimisation problem: 0.17099404335
INFO:R0@tkref=10.9136842105: N of unsatisfied eq: 3
INFO:R0@tkref=10.9136842105: N of unsatisfied ieq: 8
INFO:R0@tkref=10.9136842105: Summary: Optimization terminated successfully. after 2 it.
INFO:R0: --------------------------
INFO:R0@tkref=11.2547368421: Time to solve stand alone optimisation problem: 0.147998809814
INFO:R0@tkref=11.2547368421: N of unsatisfied eq: 3
INFO:R0@tkref=11.2547368421: N of unsatisfied ieq: 14
INFO:R0@tkref=11.2547368421: Summary: Optimization terminated successfully. after 2 it.
INFO:R0: --------------------------
INFO:R0@tkref=11.5957894737: Time to solve stand alone optimisation problem: 0.28216791153
INFO:R0@tkref=11.5957894737: N of unsatisfied eq: 3
INFO:R0@tkref=11.5957894737: N of unsatisfied ieq: 4
INFO:R0@tkref=11.5957894737: Summary: Optimization terminated successfully. after 4 it.
INFO:R0: --------------------------
INFO:R0@tkref=11.9368421053: Time to solve stand alone optimisation problem: 3.80781507492
INFO:R0@tkref=11.9368421053: N of unsatisfied eq: 10
INFO:R0@tkref=11.9368421053: N of unsatisfied ieq: 2
INFO:R0@tkref=11.9368421053: Summary: Iteration limit exceeded after 51 it.
INFO:R0: Finished motion planning
INFO:R0: --------------------------
INFO:R0: TOT: 14.2584145979
INFO:R0: NSE: 36
INFO:R0: FIR: 3.71829009056
INFO:R0: LAS: 3.80838680267
INFO:R0: MAX: 1.61782693863
INFO:R0: MIN: 0.148683786392
INFO:R0: AVG: 0.801545802285
INFO:R0: RAT: 4.74362836944
