INFO:R0: Init motion planning
INFO:R0@tkref=0.0: Time to solve stand alone optimisation problem: 3.59771203995
INFO:R0@tkref=0.0: N of unsatisfied eq: 3
INFO:R0@tkref=0.0: N of unsatisfied ieq: 5
INFO:R0@tkref=0.0: Summary: Iteration limit exceeded after 51 it.
INFO:R0: --------------------------
INFO:R0@tkref=2.54482758621: Time to solve stand alone optimisation problem: 0.931535005569
INFO:R0@tkref=2.54482758621: N of unsatisfied eq: 3
INFO:R0@tkref=2.54482758621: N of unsatisfied ieq: 10
INFO:R0@tkref=2.54482758621: Summary: Optimization terminated successfully. after 10 it.
INFO:R0: --------------------------
INFO:R0@tkref=5.08965517242: Time to solve stand alone optimisation problem: 0.921545982361
INFO:R0@tkref=5.08965517242: N of unsatisfied eq: 3
INFO:R0@tkref=5.08965517242: N of unsatisfied ieq: 8
INFO:R0@tkref=5.08965517242: Summary: Optimization terminated successfully. after 10 it.
INFO:R0: --------------------------
INFO:R0@tkref=7.63448275863: Time to solve stand alone optimisation problem: 0.555560112
INFO:R0@tkref=7.63448275863: N of unsatisfied eq: 3
INFO:R0@tkref=7.63448275863: N of unsatisfied ieq: 13
INFO:R0@tkref=7.63448275863: Summary: Optimization terminated successfully. after 6 it.
INFO:R0: --------------------------
INFO:R0@tkref=10.1793103448: Time to solve stand alone optimisation problem: 3.68300890923
INFO:R0@tkref=10.1793103448: N of unsatisfied eq: 10
INFO:R0@tkref=10.1793103448: N of unsatisfied ieq: 2
INFO:R0@tkref=10.1793103448: Summary: Iteration limit exceeded after 51 it.
INFO:R0: Finished motion planning
INFO:R0: --------------------------
INFO:R0: TOT: 12.3528187404
INFO:R0: NSE: 5
INFO:R0: FIR: 3.59858608246
INFO:R0: LAS: 3.68357992172
INFO:R0: MAX: 0.932213068008
INFO:R0: MIN: 0.556226015091
INFO:R0: AVG: 0.803546031316
INFO:R0: RAT: 0.366316788241
