INFO:R0: Init motion planning
INFO:R0@tkref=0.0: Time to solve stand alone optimisation problem: 3.71510410309
INFO:R0@tkref=0.0: N of unsatisfied eq: 3
INFO:R0@tkref=0.0: N of unsatisfied ieq: 3
INFO:R0@tkref=0.0: Summary: Iteration limit exceeded after 51 it.
INFO:R0: --------------------------
INFO:R0@tkref=8.3656097561: Time to solve stand alone optimisation problem: 5.06241989136
INFO:R0@tkref=8.3656097561: N of unsatisfied eq: 10
INFO:R0@tkref=8.3656097561: N of unsatisfied ieq: 4
INFO:R0@tkref=8.3656097561: Summary: Iteration limit exceeded after 51 it.
INFO:R0: Finished motion planning
INFO:R0: --------------------------
INFO:R0: TOT: 14.9592099413
INFO:R0: NSE: 2
INFO:R0: FIR: 3.71627211571
INFO:R0: LAS: 5.06319308281
INFO:R0: MAX: 5.06319308281
INFO:R0: MIN: 3.71627211571
INFO:R0: AVG: 4.38973259926
INFO:R0: RAT: 0.605238976049
