INFO:R0: Init motion planning
INFO:R0@tkref=0.0: Time to solve stand alone optimisation problem: 3.61689996719
INFO:R0@tkref=0.0: N of unsatisfied eq: 3
INFO:R0@tkref=0.0: N of unsatisfied ieq: 4
INFO:R0@tkref=0.0: Summary: Iteration limit exceeded after 51 it.
INFO:R0: --------------------------
INFO:R0@tkref=3.29925925926: Time to solve stand alone optimisation problem: 0.8353099823
INFO:R0@tkref=3.29925925926: N of unsatisfied eq: 3
INFO:R0@tkref=3.29925925926: N of unsatisfied ieq: 9
INFO:R0@tkref=3.29925925926: Summary: Optimization terminated successfully. after 9 it.
INFO:R0: --------------------------
INFO:R0@tkref=6.59851851852: Time to solve stand alone optimisation problem: 4.92499113083
INFO:R0@tkref=6.59851851852: N of unsatisfied eq: 10
INFO:R0@tkref=6.59851851852: N of unsatisfied ieq: 4
INFO:R0@tkref=6.59851851852: Summary: Iteration limit exceeded after 51 it.
INFO:R0: Finished motion planning
INFO:R0: --------------------------
INFO:R0: TOT: 12.5343203485
INFO:R0: NSE: 3
INFO:R0: FIR: 3.61786007881
INFO:R0: LAS: 4.92575287819
INFO:R0: MAX: 0.835988998413
INFO:R0: MIN: 0.835988998413
INFO:R0: AVG: 0.835988998413
INFO:R0: RAT: 0.253386876483
