INFO:R0: Init motion planning
INFO:R0@tkref=0.0: Time to solve stand alone optimisation problem: 3.72858786583
INFO:R0@tkref=0.0: N of unsatisfied eq: 3
INFO:R0@tkref=0.0: N of unsatisfied ieq: 3
INFO:R0@tkref=0.0: Summary: Iteration limit exceeded after 51 it.
INFO:R0: --------------------------
INFO:R0@tkref=5.39212121212: Time to solve stand alone optimisation problem: 5.12186098099
INFO:R0@tkref=5.39212121212: N of unsatisfied eq: 10
INFO:R0@tkref=5.39212121212: N of unsatisfied ieq: 4
INFO:R0@tkref=5.39212121212: Summary: Iteration limit exceeded after 51 it.
INFO:R0: Finished motion planning
INFO:R0: --------------------------
INFO:R0: TOT: 12.576474234
INFO:R0: NSE: 2
INFO:R0: FIR: 3.72949099541
INFO:R0: LAS: 5.12310504913
INFO:R0: MAX: 5.12310504913
INFO:R0: MIN: 3.72949099541
INFO:R0: AVG: 4.42629802227
INFO:R0: RAT: 0.950109399918
