INFO:R0: Init motion planning
INFO:R0@tkref=0.0: Time to solve stand alone optimisation problem: 3.73732304573
INFO:R0@tkref=0.0: N of unsatisfied eq: 3
INFO:R0@tkref=0.0: N of unsatisfied ieq: 3
INFO:R0@tkref=0.0: Summary: Iteration limit exceeded after 51 it.
INFO:R0: --------------------------
INFO:R0@tkref=6.58918918919: Time to solve stand alone optimisation problem: 5.05208110809
INFO:R0@tkref=6.58918918919: N of unsatisfied eq: 10
INFO:R0@tkref=6.58918918919: N of unsatisfied ieq: 0
INFO:R0@tkref=6.58918918919: Summary: Iteration limit exceeded after 51 it.
INFO:R0: Finished motion planning
INFO:R0: --------------------------
INFO:R0: TOT: 13.4587686456
INFO:R0: NSE: 2
INFO:R0: FIR: 3.73833799362
INFO:R0: LAS: 5.0527009964
INFO:R0: MAX: 5.0527009964
INFO:R0: MIN: 3.73833799362
INFO:R0: AVG: 4.39551949501
INFO:R0: RAT: 0.766816804211
