INFO:R0: Init motion planning
INFO:R0@tkref=0.0: Time to solve stand alone optimisation problem: 3.65661692619
INFO:R0@tkref=0.0: N of unsatisfied eq: 3
INFO:R0@tkref=0.0: N of unsatisfied ieq: 4
INFO:R0@tkref=0.0: Summary: Iteration limit exceeded after 51 it.
INFO:R0: --------------------------
INFO:R0@tkref=1.40754385965: Time to solve stand alone optimisation problem: 0.890289068222
INFO:R0@tkref=1.40754385965: N of unsatisfied eq: 3
INFO:R0@tkref=1.40754385965: N of unsatisfied ieq: 9
INFO:R0@tkref=1.40754385965: Summary: Optimization terminated successfully. after 11 it.
INFO:R0: --------------------------
INFO:R0@tkref=2.8150877193: Time to solve stand alone optimisation problem: 1.30959510803
INFO:R0@tkref=2.8150877193: N of unsatisfied eq: 3
INFO:R0@tkref=2.8150877193: N of unsatisfied ieq: 10
INFO:R0@tkref=2.8150877193: Summary: Optimization terminated successfully. after 14 it.
INFO:R0: --------------------------
INFO:R0@tkref=4.22263157895: Time to solve stand alone optimisation problem: 0.648041963577
INFO:R0@tkref=4.22263157895: N of unsatisfied eq: 3
INFO:R0@tkref=4.22263157895: N of unsatisfied ieq: 10
INFO:R0@tkref=4.22263157895: Summary: Optimization terminated successfully. after 7 it.
INFO:R0: --------------------------
INFO:R0@tkref=5.6301754386: Time to solve stand alone optimisation problem: 4.94927787781
INFO:R0@tkref=5.6301754386: N of unsatisfied eq: 10
INFO:R0@tkref=5.6301754386: N of unsatisfied ieq: 4
INFO:R0@tkref=5.6301754386: Summary: Iteration limit exceeded after 51 it.
INFO:R0: Finished motion planning
INFO:R0: --------------------------
INFO:R0: TOT: 12.9639901776
INFO:R0: NSE: 5
INFO:R0: FIR: 3.6575460434
INFO:R0: LAS: 4.94985818863
INFO:R0: MAX: 1.31026697159
INFO:R0: MIN: 0.648693084717
INFO:R0: AVG: 0.950152317683
INFO:R0: RAT: 0.930888911635
