INFO:R0: Init motion planning
INFO:R0@tkref=0.0: Time to solve stand alone optimisation problem: 3.60004520416
INFO:R0@tkref=0.0: N of unsatisfied eq: 3
INFO:R0@tkref=0.0: N of unsatisfied ieq: 3
INFO:R0@tkref=0.0: Summary: Iteration limit exceeded after 51 it.
INFO:R0: --------------------------
INFO:R0@tkref=4.94377358491: Time to solve stand alone optimisation problem: 0.642113924026
INFO:R0@tkref=4.94377358491: N of unsatisfied eq: 1
INFO:R0@tkref=4.94377358491: N of unsatisfied ieq: 10
INFO:R0@tkref=4.94377358491: Summary: Optimization terminated successfully. after 7 it.
INFO:R0: --------------------------
INFO:R0@tkref=9.88754716982: Time to solve stand alone optimisation problem: 3.68213582039
INFO:R0@tkref=9.88754716982: N of unsatisfied eq: 10
INFO:R0@tkref=9.88754716982: N of unsatisfied ieq: 2
INFO:R0@tkref=9.88754716982: Summary: Iteration limit exceeded after 51 it.
INFO:R0: Finished motion planning
INFO:R0: --------------------------
INFO:R0: TOT: 12.3367332041
INFO:R0: NSE: 3
INFO:R0: FIR: 3.60098814964
INFO:R0: LAS: 3.6826980114
INFO:R0: MAX: 0.64277100563
INFO:R0: MIN: 0.64277100563
INFO:R0: AVG: 0.64277100563
INFO:R0: RAT: 0.130016270889
