INFO:R0: Init motion planning
INFO:R0@tkref=0.0: Time to solve stand alone optimisation problem: 3.70022320747
INFO:R0@tkref=0.0: N of unsatisfied eq: 3
INFO:R0@tkref=0.0: N of unsatisfied ieq: 5
INFO:R0@tkref=0.0: Summary: Iteration limit exceeded after 51 it.
INFO:R0: --------------------------
INFO:R0@tkref=9.23186046512: Time to solve stand alone optimisation problem: 5.07066106796
INFO:R0@tkref=9.23186046512: N of unsatisfied eq: 10
INFO:R0@tkref=9.23186046512: N of unsatisfied ieq: 5
INFO:R0@tkref=9.23186046512: Summary: Iteration limit exceeded after 51 it.
INFO:R0: Finished motion planning
INFO:R0: --------------------------
INFO:R0: TOT: 15.6727563468
INFO:R0: NSE: 2
INFO:R0: FIR: 3.70115613937
INFO:R0: LAS: 5.07153987885
INFO:R0: MAX: 5.07153987885
INFO:R0: MIN: 3.70115613937
INFO:R0: AVG: 4.38634800911
INFO:R0: RAT: 0.549351877447
