INFO:R0: Init motion planning
INFO:R0@tkref=0.0: Time to solve stand alone optimisation problem: 3.71304488182
INFO:R0@tkref=0.0: N of unsatisfied eq: 3
INFO:R0@tkref=0.0: N of unsatisfied ieq: 2
INFO:R0@tkref=0.0: Summary: Iteration limit exceeded after 51 it.
INFO:R0: --------------------------
INFO:R0@tkref=3.8: Time to solve stand alone optimisation problem: 5.104626894
INFO:R0@tkref=3.8: N of unsatisfied eq: 10
INFO:R0@tkref=3.8: N of unsatisfied ieq: 2
INFO:R0@tkref=3.8: Summary: Iteration limit exceeded after 51 it.
INFO:R0: Finished motion planning
INFO:R0: --------------------------
INFO:R0: TOT: 13.6002261245
INFO:R0: NSE: 2
INFO:R0: FIR: 3.71395611763
INFO:R0: LAS: 5.10521197319
INFO:R0: MAX: 5.10521197319
INFO:R0: MIN: 3.71395611763
INFO:R0: AVG: 4.40958404541
INFO:R0: RAT: 1.34347683505
