INFO:R0: Init motion planning
INFO:R0@tkref=0.0: Time to solve stand alone optimisation problem: 3.58247995377
INFO:R0@tkref=0.0: N of unsatisfied eq: 3
INFO:R0@tkref=0.0: N of unsatisfied ieq: 5
INFO:R0@tkref=0.0: Summary: Iteration limit exceeded after 51 it.
INFO:R0: --------------------------
INFO:R0@tkref=0.740930232558: Time to solve stand alone optimisation problem: 0.545005083084
INFO:R0@tkref=0.740930232558: N of unsatisfied eq: 2
INFO:R0@tkref=0.740930232558: N of unsatisfied ieq: 10
INFO:R0@tkref=0.740930232558: Summary: Optimization terminated successfully. after 8 it.
INFO:R0: --------------------------
INFO:R0@tkref=1.48186046512: Time to solve stand alone optimisation problem: 0.962817907333
INFO:R0@tkref=1.48186046512: N of unsatisfied eq: 1
INFO:R0@tkref=1.48186046512: N of unsatisfied ieq: 7
INFO:R0@tkref=1.48186046512: Summary: Optimization terminated successfully. after 12 it.
INFO:R0: --------------------------
INFO:R0@tkref=2.22279069767: Time to solve stand alone optimisation problem: 1.81376004219
INFO:R0@tkref=2.22279069767: N of unsatisfied eq: 3
INFO:R0@tkref=2.22279069767: N of unsatisfied ieq: 10
INFO:R0@tkref=2.22279069767: Summary: Optimization terminated successfully. after 20 it.
INFO:R0: --------------------------
INFO:R0@tkref=2.96372093023: Time to solve stand alone optimisation problem: 0.932190179825
INFO:R0@tkref=2.96372093023: N of unsatisfied eq: 3
INFO:R0@tkref=2.96372093023: N of unsatisfied ieq: 11
INFO:R0@tkref=2.96372093023: Summary: Optimization terminated successfully. after 10 it.
INFO:R0: --------------------------
INFO:R0@tkref=3.70465116279: Time to solve stand alone optimisation problem: 0.81761097908
INFO:R0@tkref=3.70465116279: N of unsatisfied eq: 3
INFO:R0@tkref=3.70465116279: N of unsatisfied ieq: 11
INFO:R0@tkref=3.70465116279: Summary: Optimization terminated successfully. after 9 it.
INFO:R0: --------------------------
INFO:R0@tkref=4.44558139535: Time to solve stand alone optimisation problem: 0.91280412674
INFO:R0@tkref=4.44558139535: N of unsatisfied eq: 3
INFO:R0@tkref=4.44558139535: N of unsatisfied ieq: 9
INFO:R0@tkref=4.44558139535: Summary: Optimization terminated successfully. after 10 it.
INFO:R0: --------------------------
INFO:R0@tkref=5.18651162791: Time to solve stand alone optimisation problem: 0.642817974091
INFO:R0@tkref=5.18651162791: N of unsatisfied eq: 3
INFO:R0@tkref=5.18651162791: N of unsatisfied ieq: 9
INFO:R0@tkref=5.18651162791: Summary: Optimization terminated successfully. after 7 it.
INFO:R0: --------------------------
INFO:R0@tkref=5.92744186046: Time to solve stand alone optimisation problem: 0.643175840378
INFO:R0@tkref=5.92744186046: N of unsatisfied eq: 3
INFO:R0@tkref=5.92744186046: N of unsatisfied ieq: 9
INFO:R0@tkref=5.92744186046: Summary: Optimization terminated successfully. after 7 it.
INFO:R0: --------------------------
INFO:R0@tkref=6.66837209302: Time to solve stand alone optimisation problem: 0.543550014496
INFO:R0@tkref=6.66837209302: N of unsatisfied eq: 3
INFO:R0@tkref=6.66837209302: N of unsatisfied ieq: 12
INFO:R0@tkref=6.66837209302: Summary: Optimization terminated successfully. after 6 it.
INFO:R0: --------------------------
INFO:R0@tkref=7.40930232558: Time to solve stand alone optimisation problem: 0.548100948334
INFO:R0@tkref=7.40930232558: N of unsatisfied eq: 3
INFO:R0@tkref=7.40930232558: N of unsatisfied ieq: 8
INFO:R0@tkref=7.40930232558: Summary: Optimization terminated successfully. after 6 it.
INFO:R0: --------------------------
INFO:R0@tkref=8.15023255814: Time to solve stand alone optimisation problem: 4.87196707726
INFO:R0@tkref=8.15023255814: N of unsatisfied eq: 10
INFO:R0@tkref=8.15023255814: N of unsatisfied ieq: 5
INFO:R0@tkref=8.15023255814: Summary: Iteration limit exceeded after 51 it.
INFO:R0: Finished motion planning
INFO:R0: --------------------------
INFO:R0: TOT: 13.847476946
INFO:R0: NSE: 12
INFO:R0: FIR: 3.5834479332
INFO:R0: LAS: 4.87254905701
INFO:R0: MAX: 1.81444120407
INFO:R0: MIN: 0.544199943542
INFO:R0: AVG: 0.836866307259
INFO:R0: RAT: 2.44886917059
