INFO:R0: Init motion planning
INFO:R0@tkref=0.0: Time to solve stand alone optimisation problem: 3.66208004951
INFO:R0@tkref=0.0: N of unsatisfied eq: 3
INFO:R0@tkref=0.0: N of unsatisfied ieq: 3
INFO:R0@tkref=0.0: Summary: Iteration limit exceeded after 51 it.
INFO:R0: --------------------------
INFO:R0@tkref=8.35973333333: Time to solve stand alone optimisation problem: 4.988904953
INFO:R0@tkref=8.35973333333: N of unsatisfied eq: 10
INFO:R0@tkref=8.35973333333: N of unsatisfied ieq: 3
INFO:R0@tkref=8.35973333333: Summary: Iteration limit exceeded after 51 it.
INFO:R0: Finished motion planning
INFO:R0: --------------------------
INFO:R0: TOT: 12.680507945
INFO:R0: NSE: 2
INFO:R0: FIR: 3.66303110123
INFO:R0: LAS: 4.98948097229
INFO:R0: MAX: 4.98948097229
INFO:R0: MIN: 3.66303110123
INFO:R0: AVG: 4.32625603676
INFO:R0: RAT: 0.596846905678
