INFO:R0: Init motion planning
INFO:R0@tkref=0.0: Time to solve stand alone optimisation problem: 3.68518209457
INFO:R0@tkref=0.0: N of unsatisfied eq: 3
INFO:R0@tkref=0.0: N of unsatisfied ieq: 13
INFO:R0@tkref=0.0: Summary: Iteration limit exceeded after 51 it.
INFO:R0: --------------------------
INFO:R0@tkref=0.649090909091: Time to solve stand alone optimisation problem: 1.47834610939
INFO:R0@tkref=0.649090909091: N of unsatisfied eq: 2
INFO:R0@tkref=0.649090909091: N of unsatisfied ieq: 10
INFO:R0@tkref=0.649090909091: Summary: Optimization terminated successfully. after 18 it.
INFO:R0: --------------------------
INFO:R0@tkref=1.29818181818: Time to solve stand alone optimisation problem: 1.5163269043
INFO:R0@tkref=1.29818181818: N of unsatisfied eq: 3
INFO:R0@tkref=1.29818181818: N of unsatisfied ieq: 9
INFO:R0@tkref=1.29818181818: Summary: Optimization terminated successfully. after 16 it.
INFO:R0: --------------------------
INFO:R0@tkref=1.94727272727: Time to solve stand alone optimisation problem: 1.1484310627
INFO:R0@tkref=1.94727272727: N of unsatisfied eq: 3
INFO:R0@tkref=1.94727272727: N of unsatisfied ieq: 9
INFO:R0@tkref=1.94727272727: Summary: Optimization terminated successfully. after 12 it.
INFO:R0: --------------------------
INFO:R0@tkref=2.59636363636: Time to solve stand alone optimisation problem: 0.773194074631
INFO:R0@tkref=2.59636363636: N of unsatisfied eq: 3
INFO:R0@tkref=2.59636363636: N of unsatisfied ieq: 15
INFO:R0@tkref=2.59636363636: Summary: Optimization terminated successfully. after 8 it.
INFO:R0: --------------------------
INFO:R0@tkref=3.24545454545: Time to solve stand alone optimisation problem: 0.393750905991
INFO:R0@tkref=3.24545454545: N of unsatisfied eq: 3
INFO:R0@tkref=3.24545454545: N of unsatisfied ieq: 15
INFO:R0@tkref=3.24545454545: Summary: Optimization terminated successfully. after 4 it.
INFO:R0: --------------------------
INFO:R0@tkref=3.89454545455: Time to solve stand alone optimisation problem: 0.388752937317
INFO:R0@tkref=3.89454545455: N of unsatisfied eq: 3
INFO:R0@tkref=3.89454545455: N of unsatisfied ieq: 15
INFO:R0@tkref=3.89454545455: Summary: Optimization terminated successfully. after 4 it.
INFO:R0: --------------------------
INFO:R0@tkref=4.54363636364: Time to solve stand alone optimisation problem: 0.388589859009
INFO:R0@tkref=4.54363636364: N of unsatisfied eq: 3
INFO:R0@tkref=4.54363636364: N of unsatisfied ieq: 14
INFO:R0@tkref=4.54363636364: Summary: Optimization terminated successfully. after 4 it.
INFO:R0: --------------------------
INFO:R0@tkref=5.19272727273: Time to solve stand alone optimisation problem: 1.13876509666
INFO:R0@tkref=5.19272727273: N of unsatisfied eq: 3
INFO:R0@tkref=5.19272727273: N of unsatisfied ieq: 12
INFO:R0@tkref=5.19272727273: Summary: Optimization terminated successfully. after 12 it.
INFO:R0: --------------------------
INFO:R0@tkref=5.84181818182: Time to solve stand alone optimisation problem: 0.940700054169
INFO:R0@tkref=5.84181818182: N of unsatisfied eq: 3
INFO:R0@tkref=5.84181818182: N of unsatisfied ieq: 11
INFO:R0@tkref=5.84181818182: Summary: Optimization terminated successfully. after 10 it.
INFO:R0: --------------------------
INFO:R0@tkref=6.49090909091: Time to solve stand alone optimisation problem: 1.12559318542
INFO:R0@tkref=6.49090909091: N of unsatisfied eq: 3
INFO:R0@tkref=6.49090909091: N of unsatisfied ieq: 9
INFO:R0@tkref=6.49090909091: Summary: Optimization terminated successfully. after 12 it.
INFO:R0: --------------------------
INFO:R0@tkref=7.14: Time to solve stand alone optimisation problem: 1.42222499847
INFO:R0@tkref=7.14: N of unsatisfied eq: 3
INFO:R0@tkref=7.14: N of unsatisfied ieq: 11
INFO:R0@tkref=7.14: Summary: Optimization terminated successfully. after 15 it.
INFO:R0: --------------------------
INFO:R0@tkref=7.78909090909: Time to solve stand alone optimisation problem: 0.670973062515
INFO:R0@tkref=7.78909090909: N of unsatisfied eq: 3
INFO:R0@tkref=7.78909090909: N of unsatisfied ieq: 15
INFO:R0@tkref=7.78909090909: Summary: Optimization terminated successfully. after 7 it.
INFO:R0: --------------------------
INFO:R0@tkref=8.43818181818: Time to solve stand alone optimisation problem: 0.48560500145
INFO:R0@tkref=8.43818181818: N of unsatisfied eq: 3
INFO:R0@tkref=8.43818181818: N of unsatisfied ieq: 13
INFO:R0@tkref=8.43818181818: Summary: Optimization terminated successfully. after 5 it.
INFO:R0: --------------------------
INFO:R0@tkref=9.08727272727: Time to solve stand alone optimisation problem: 0.507523059845
INFO:R0@tkref=9.08727272727: N of unsatisfied eq: 3
INFO:R0@tkref=9.08727272727: N of unsatisfied ieq: 14
INFO:R0@tkref=9.08727272727: Summary: Optimization terminated successfully. after 6 it.
INFO:R0: --------------------------
INFO:R0@tkref=9.73636363637: Time to solve stand alone optimisation problem: 0.145143032074
INFO:R0@tkref=9.73636363637: N of unsatisfied eq: 3
INFO:R0@tkref=9.73636363637: N of unsatisfied ieq: 15
INFO:R0@tkref=9.73636363637: Summary: Optimization terminated successfully. after 2 it.
INFO:R0: --------------------------
INFO:R0@tkref=10.3854545455: Time to solve stand alone optimisation problem: 0.14493393898
INFO:R0@tkref=10.3854545455: N of unsatisfied eq: 3
INFO:R0@tkref=10.3854545455: N of unsatisfied ieq: 13
INFO:R0@tkref=10.3854545455: Summary: Optimization terminated successfully. after 2 it.
INFO:R0: --------------------------
INFO:R0@tkref=11.0345454545: Time to solve stand alone optimisation problem: 3.77412509918
INFO:R0@tkref=11.0345454545: N of unsatisfied eq: 10
INFO:R0@tkref=11.0345454545: N of unsatisfied ieq: 3
INFO:R0@tkref=11.0345454545: Summary: Iteration limit exceeded after 51 it.
INFO:R0: Finished motion planning
INFO:R0: --------------------------
INFO:R0: TOT: 12.1270885455
INFO:R0: NSE: 18
INFO:R0: FIR: 3.68623900414
INFO:R0: LAS: 3.77482891083
INFO:R0: MAX: 1.51699304581
INFO:R0: MIN: 0.145557880402
INFO:R0: AVG: 0.792464837432
INFO:R0: RAT: 2.3371041322
