INFO:R0: Init motion planning
INFO:R0@tkref=0.0: Time to solve stand alone optimisation problem: 3.62349200249
INFO:R0@tkref=0.0: N of unsatisfied eq: 3
INFO:R0@tkref=0.0: N of unsatisfied ieq: 3
INFO:R0@tkref=0.0: Summary: Iteration limit exceeded after 51 it.
INFO:R0: --------------------------
INFO:R0@tkref=6.90493670886: Time to solve stand alone optimisation problem: 4.95726895332
INFO:R0@tkref=6.90493670886: N of unsatisfied eq: 10
INFO:R0@tkref=6.90493670886: N of unsatisfied ieq: 3
INFO:R0@tkref=6.90493670886: Summary: Iteration limit exceeded after 51 it.
INFO:R0: Finished motion planning
INFO:R0: --------------------------
INFO:R0: TOT: 13.9307021454
INFO:R0: NSE: 2
INFO:R0: FIR: 3.62493395805
INFO:R0: LAS: 4.95786190033
INFO:R0: MAX: 4.95786190033
INFO:R0: MIN: 3.62493395805
INFO:R0: AVG: 4.29139792919
INFO:R0: RAT: 0.718016994127
