INFO:R0: Init motion planning
INFO:R0@tkref=0.0: Time to solve stand alone optimisation problem: 3.7045249939
INFO:R0@tkref=0.0: N of unsatisfied eq: 3
INFO:R0@tkref=0.0: N of unsatisfied ieq: 2
INFO:R0@tkref=0.0: Summary: Iteration limit exceeded after 51 it.
INFO:R0: --------------------------
INFO:R0@tkref=4.39743589744: Time to solve stand alone optimisation problem: 5.02207493782
INFO:R0@tkref=4.39743589744: N of unsatisfied eq: 10
INFO:R0@tkref=4.39743589744: N of unsatisfied ieq: 0
INFO:R0@tkref=4.39743589744: Summary: Iteration limit exceeded after 51 it.
INFO:R0: Finished motion planning
INFO:R0: --------------------------
INFO:R0: TOT: 15.0999504971
INFO:R0: NSE: 2
INFO:R0: FIR: 3.70554208755
INFO:R0: LAS: 5.02265405655
INFO:R0: MAX: 5.02265405655
INFO:R0: MIN: 3.70554208755
INFO:R0: AVG: 4.36409807205
INFO:R0: RAT: 1.14217789041
