INFO:R0: Init motion planning
INFO:R0@tkref=0.0: Time to solve stand alone optimisation problem: 3.60051894188
INFO:R0@tkref=0.0: N of unsatisfied eq: 3
INFO:R0@tkref=0.0: N of unsatisfied ieq: 3
INFO:R0@tkref=0.0: Summary: Iteration limit exceeded after 51 it.
INFO:R0: --------------------------
INFO:R0@tkref=3.35: Time to solve stand alone optimisation problem: 0.648446083069
INFO:R0@tkref=3.35: N of unsatisfied eq: 3
INFO:R0@tkref=3.35: N of unsatisfied ieq: 10
INFO:R0@tkref=3.35: Summary: Optimization terminated successfully. after 7 it.
INFO:R0: --------------------------
INFO:R0@tkref=6.7: Time to solve stand alone optimisation problem: 4.91499686241
INFO:R0@tkref=6.7: N of unsatisfied eq: 10
INFO:R0@tkref=6.7: N of unsatisfied ieq: 5
INFO:R0@tkref=6.7: Summary: Iteration limit exceeded after 51 it.
INFO:R0: Finished motion planning
INFO:R0: --------------------------
INFO:R0: TOT: 12.157116743
INFO:R0: NSE: 3
INFO:R0: FIR: 3.60142302513
INFO:R0: LAS: 4.91558599472
INFO:R0: MAX: 0.649113178253
INFO:R0: MIN: 0.649113178253
INFO:R0: AVG: 0.649113178253
INFO:R0: RAT: 0.193765127837
