INFO:R0: Init motion planning
INFO:R0@tkref=0.0: Time to solve stand alone optimisation problem: 3.60806202888
INFO:R0@tkref=0.0: N of unsatisfied eq: 3
INFO:R0@tkref=0.0: N of unsatisfied ieq: 10
INFO:R0@tkref=0.0: Summary: Iteration limit exceeded after 51 it.
INFO:R0: --------------------------
INFO:R0@tkref=3.256: Time to solve stand alone optimisation problem: 0.932915210724
INFO:R0@tkref=3.256: N of unsatisfied eq: 3
INFO:R0@tkref=3.256: N of unsatisfied ieq: 8
INFO:R0@tkref=3.256: Summary: Optimization terminated successfully. after 10 it.
INFO:R0: --------------------------
INFO:R0@tkref=6.512: Time to solve stand alone optimisation problem: 0.63835477829
INFO:R0@tkref=6.512: N of unsatisfied eq: 3
INFO:R0@tkref=6.512: N of unsatisfied ieq: 11
INFO:R0@tkref=6.512: Summary: Optimization terminated successfully. after 7 it.
INFO:R0: --------------------------
INFO:R0@tkref=9.768: Time to solve stand alone optimisation problem: 3.69009017944
INFO:R0@tkref=9.768: N of unsatisfied eq: 10
INFO:R0@tkref=9.768: N of unsatisfied ieq: 2
INFO:R0@tkref=9.768: Summary: Iteration limit exceeded after 51 it.
INFO:R0: Finished motion planning
INFO:R0: --------------------------
INFO:R0: TOT: 12.0301511061
INFO:R0: NSE: 4
INFO:R0: FIR: 3.60898399353
INFO:R0: LAS: 3.69067692757
INFO:R0: MAX: 0.933564901352
INFO:R0: MIN: 0.639014005661
INFO:R0: AVG: 0.786289453506
INFO:R0: RAT: 0.286721407049
