INFO:R0: Init motion planning
INFO:R0@tkref=0.0: Time to solve stand alone optimisation problem: 3.91209292412
INFO:R0@tkref=0.0: N of unsatisfied eq: 3
INFO:R0@tkref=0.0: N of unsatisfied ieq: 3
INFO:R0@tkref=0.0: Summary: Iteration limit exceeded after 51 it.
INFO:R0: --------------------------
INFO:R0@tkref=7.44086956522: Time to solve stand alone optimisation problem: 0.446683883667
INFO:R0@tkref=7.44086956522: N of unsatisfied eq: 10
INFO:R0@tkref=7.44086956522: N of unsatisfied ieq: 22
INFO:R0@tkref=7.44086956522: Summary: Optimization terminated successfully. after 8 it.
INFO:R0: Finished motion planning
INFO:R0: --------------------------
INFO:R0: TOT: 11.9333192588
INFO:R0: NSE: 2
INFO:R0: FIR: 3.91299390793
INFO:R0: LAS: 0.447329998016
INFO:R0: MAX: 3.91299390793
INFO:R0: MIN: 0.447329998016
INFO:R0: AVG: 2.18016195297
INFO:R0: RAT: 0.525878578254
