INFO:R0: Init motion planning
INFO:R0@tkref=0.0: Time to solve stand alone optimisation problem: 3.75106096268
INFO:R0@tkref=0.0: N of unsatisfied eq: 3
INFO:R0@tkref=0.0: N of unsatisfied ieq: 4
INFO:R0@tkref=0.0: Summary: Iteration limit exceeded after 51 it.
INFO:R0: --------------------------
INFO:R0@tkref=5.45593220339: Time to solve stand alone optimisation problem: 5.09533905983
INFO:R0@tkref=5.45593220339: N of unsatisfied eq: 10
INFO:R0@tkref=5.45593220339: N of unsatisfied ieq: 4
INFO:R0@tkref=5.45593220339: Summary: Iteration limit exceeded after 51 it.
INFO:R0: Finished motion planning
INFO:R0: --------------------------
INFO:R0: TOT: 12.3003015432
INFO:R0: NSE: 2
INFO:R0: FIR: 3.75199913979
INFO:R0: LAS: 5.09618496895
INFO:R0: MAX: 5.09618496895
INFO:R0: MIN: 3.75199913979
INFO:R0: AVG: 4.42409205437
INFO:R0: RAT: 0.93406310397
