INFO:R0: Init motion planning
INFO:R0@tkref=0.0: Time to solve stand alone optimisation problem: 4.04155302048
INFO:R0@tkref=0.0: N of unsatisfied eq: 3
INFO:R0@tkref=0.0: N of unsatisfied ieq: 3
INFO:R0@tkref=0.0: Summary: Iteration limit exceeded after 51 it.
INFO:R0: --------------------------
INFO:R0@tkref=4.39985915493: Time to solve stand alone optimisation problem: 5.53038811684
INFO:R0@tkref=4.39985915493: N of unsatisfied eq: 10
INFO:R0@tkref=4.39985915493: N of unsatisfied ieq: 3
INFO:R0@tkref=4.39985915493: Summary: Iteration limit exceeded after 51 it.
INFO:R0: Finished motion planning
INFO:R0: --------------------------
INFO:R0: TOT: 12.7943521692
INFO:R0: NSE: 2
INFO:R0: FIR: 4.04249000549
INFO:R0: LAS: 5.53097200394
INFO:R0: MAX: 5.53097200394
INFO:R0: MIN: 4.04249000549
INFO:R0: AVG: 4.78673100471
INFO:R0: RAT: 1.25707933122
