INFO:R0: Init motion planning
INFO:R0@tkref=0.0: Time to solve stand alone optimisation problem: 3.66121101379
INFO:R0@tkref=0.0: N of unsatisfied eq: 3
INFO:R0@tkref=0.0: N of unsatisfied ieq: 3
INFO:R0@tkref=0.0: Summary: Iteration limit exceeded after 51 it.
INFO:R0: --------------------------
INFO:R0@tkref=3.39857142857: Time to solve stand alone optimisation problem: 0.852073907852
INFO:R0@tkref=3.39857142857: N of unsatisfied eq: 3
INFO:R0@tkref=3.39857142857: N of unsatisfied ieq: 8
INFO:R0@tkref=3.39857142857: Summary: Optimization terminated successfully. after 9 it.
INFO:R0: --------------------------
INFO:R0@tkref=6.79714285714: Time to solve stand alone optimisation problem: 5.01583504677
INFO:R0@tkref=6.79714285714: N of unsatisfied eq: 10
INFO:R0@tkref=6.79714285714: N of unsatisfied ieq: 6
INFO:R0@tkref=6.79714285714: Summary: Iteration limit exceeded after 51 it.
INFO:R0: Finished motion planning
INFO:R0: --------------------------
INFO:R0: TOT: 11.9799448623
INFO:R0: NSE: 3
INFO:R0: FIR: 3.66219806671
INFO:R0: LAS: 5.01640796661
INFO:R0: MAX: 0.852741003036
INFO:R0: MIN: 0.852741003036
INFO:R0: AVG: 0.852741003036
INFO:R0: RAT: 0.250911602407
