INFO:R0: Init motion planning
INFO:R0@tkref=0.0: Time to solve stand alone optimisation problem: 3.54899406433
INFO:R0@tkref=0.0: N of unsatisfied eq: 3
INFO:R0@tkref=0.0: N of unsatisfied ieq: 4
INFO:R0@tkref=0.0: Summary: Iteration limit exceeded after 51 it.
INFO:R0: --------------------------
INFO:R0@tkref=1.74338983051: Time to solve stand alone optimisation problem: 1.36530780792
INFO:R0@tkref=1.74338983051: N of unsatisfied eq: 3
INFO:R0@tkref=1.74338983051: N of unsatisfied ieq: 8
INFO:R0@tkref=1.74338983051: Summary: Optimization terminated successfully. after 17 it.
INFO:R0: --------------------------
INFO:R0@tkref=3.48677966102: Time to solve stand alone optimisation problem: 0.911937952042
INFO:R0@tkref=3.48677966102: N of unsatisfied eq: 2
INFO:R0@tkref=3.48677966102: N of unsatisfied ieq: 8
INFO:R0@tkref=3.48677966102: Summary: Optimization terminated successfully. after 10 it.
INFO:R0: --------------------------
INFO:R0@tkref=5.23016949153: Time to solve stand alone optimisation problem: 0.545233011246
INFO:R0@tkref=5.23016949153: N of unsatisfied eq: 2
INFO:R0@tkref=5.23016949153: N of unsatisfied ieq: 9
INFO:R0@tkref=5.23016949153: Summary: Optimization terminated successfully. after 6 it.
INFO:R0: --------------------------
INFO:R0@tkref=6.97355932204: Time to solve stand alone optimisation problem: 4.84390306473
INFO:R0@tkref=6.97355932204: N of unsatisfied eq: 10
INFO:R0@tkref=6.97355932204: N of unsatisfied ieq: 4
INFO:R0@tkref=6.97355932204: Summary: Iteration limit exceeded after 51 it.
INFO:R0: Finished motion planning
INFO:R0: --------------------------
INFO:R0: TOT: 14.1606349111
INFO:R0: NSE: 5
INFO:R0: FIR: 3.55068182945
INFO:R0: LAS: 4.84449911118
INFO:R0: MAX: 1.36614704132
INFO:R0: MIN: 0.545876026154
INFO:R0: AVG: 0.941536664963
INFO:R0: RAT: 0.783615355219
