INFO:R0: Init motion planning
INFO:R0@tkref=0.0: Time to solve stand alone optimisation problem: 3.69170093536
INFO:R0@tkref=0.0: N of unsatisfied eq: 3
INFO:R0@tkref=0.0: N of unsatisfied ieq: 3
INFO:R0@tkref=0.0: Summary: Iteration limit exceeded after 51 it.
INFO:R0: --------------------------
INFO:R0@tkref=1.7635483871: Time to solve stand alone optimisation problem: 1.46611118317
INFO:R0@tkref=1.7635483871: N of unsatisfied eq: 1
INFO:R0@tkref=1.7635483871: N of unsatisfied ieq: 8
INFO:R0@tkref=1.7635483871: Summary: Optimization terminated successfully. after 18 it.
INFO:R0: --------------------------
INFO:R0@tkref=3.5270967742: Time to solve stand alone optimisation problem: 0.748491048813
INFO:R0@tkref=3.5270967742: N of unsatisfied eq: 3
INFO:R0@tkref=3.5270967742: N of unsatisfied ieq: 10
INFO:R0@tkref=3.5270967742: Summary: Optimization terminated successfully. after 8 it.
INFO:R0: --------------------------
INFO:R0@tkref=5.2906451613: Time to solve stand alone optimisation problem: 0.752187013626
INFO:R0@tkref=5.2906451613: N of unsatisfied eq: 2
INFO:R0@tkref=5.2906451613: N of unsatisfied ieq: 8
INFO:R0@tkref=5.2906451613: Summary: Optimization terminated successfully. after 8 it.
INFO:R0: --------------------------
INFO:R0@tkref=7.0541935484: Time to solve stand alone optimisation problem: 5.0308380127
INFO:R0@tkref=7.0541935484: N of unsatisfied eq: 10
INFO:R0@tkref=7.0541935484: N of unsatisfied ieq: 6
INFO:R0@tkref=7.0541935484: Summary: Iteration limit exceeded after 51 it.
INFO:R0: Finished motion planning
INFO:R0: --------------------------
INFO:R0: TOT: 14.0367490972
INFO:R0: NSE: 5
INFO:R0: FIR: 3.69273686409
INFO:R0: LAS: 5.03143286705
INFO:R0: MAX: 1.46678090096
INFO:R0: MIN: 0.749170064926
INFO:R0: AVG: 0.989663918813
INFO:R0: RAT: 0.831721381553
