INFO:R0: Init motion planning
INFO:R0@tkref=0.0: Time to solve stand alone optimisation problem: 3.69126200676
INFO:R0@tkref=0.0: N of unsatisfied eq: 3
INFO:R0@tkref=0.0: N of unsatisfied ieq: 2
INFO:R0@tkref=0.0: Summary: Iteration limit exceeded after 51 it.
INFO:R0: --------------------------
INFO:R0@tkref=4.7: Time to solve stand alone optimisation problem: 5.00464296341
INFO:R0@tkref=4.7: N of unsatisfied eq: 10
INFO:R0@tkref=4.7: N of unsatisfied ieq: 1
INFO:R0@tkref=4.7: Summary: Iteration limit exceeded after 51 it.
INFO:R0: Finished motion planning
INFO:R0: --------------------------
INFO:R0: TOT: 13.3691675231
INFO:R0: NSE: 2
INFO:R0: FIR: 3.69248700142
INFO:R0: LAS: 5.00586795807
INFO:R0: MAX: 5.00586795807
INFO:R0: MIN: 3.69248700142
INFO:R0: AVG: 4.34917747974
INFO:R0: RAT: 1.06507828895
