INFO:R0: Init motion planning
INFO:R0@tkref=0.0: Time to solve stand alone optimisation problem: 3.81937789917
INFO:R0@tkref=0.0: N of unsatisfied eq: 3
INFO:R0@tkref=0.0: N of unsatisfied ieq: 4
INFO:R0@tkref=0.0: Summary: Iteration limit exceeded after 51 it.
INFO:R0: --------------------------
INFO:R0@tkref=2.70506849315: Time to solve stand alone optimisation problem: 5.17789292336
INFO:R0@tkref=2.70506849315: N of unsatisfied eq: 10
INFO:R0@tkref=2.70506849315: N of unsatisfied ieq: 2
INFO:R0@tkref=2.70506849315: Summary: Iteration limit exceeded after 51 it.
INFO:R0: Finished motion planning
INFO:R0: --------------------------
INFO:R0: TOT: 12.6566537914
INFO:R0: NSE: 2
INFO:R0: FIR: 3.82045888901
INFO:R0: LAS: 5.17853593826
INFO:R0: MAX: 5.17853593826
INFO:R0: MIN: 3.82045888901
INFO:R0: AVG: 4.49949741364
INFO:R0: RAT: 1.91438255681
