INFO:R0: Init motion planning
INFO:R0@tkref=0.0: Time to solve stand alone optimisation problem: 3.70209002495
INFO:R0@tkref=0.0: N of unsatisfied eq: 3
INFO:R0@tkref=0.0: N of unsatisfied ieq: 4
INFO:R0@tkref=0.0: Summary: Iteration limit exceeded after 51 it.
INFO:R0: --------------------------
INFO:R0@tkref=4.79769230769: Time to solve stand alone optimisation problem: 5.03159499168
INFO:R0@tkref=4.79769230769: N of unsatisfied eq: 10
INFO:R0@tkref=4.79769230769: N of unsatisfied ieq: 3
INFO:R0@tkref=4.79769230769: Summary: Iteration limit exceeded after 51 it.
INFO:R0: Finished motion planning
INFO:R0: --------------------------
INFO:R0: TOT: 12.4630081725
INFO:R0: NSE: 2
INFO:R0: FIR: 3.70298719406
INFO:R0: LAS: 5.03246903419
INFO:R0: MAX: 5.03246903419
INFO:R0: MIN: 3.70298719406
INFO:R0: AVG: 4.36772811413
INFO:R0: RAT: 1.04893534463
