INFO:R0: Init motion planning
INFO:R0@tkref=0.0: Time to solve stand alone optimisation problem: 3.7750480175
INFO:R0@tkref=0.0: N of unsatisfied eq: 3
INFO:R0@tkref=0.0: N of unsatisfied ieq: 3
INFO:R0@tkref=0.0: Summary: Iteration limit exceeded after 51 it.
INFO:R0: --------------------------
INFO:R0@tkref=2.65245283019: Time to solve stand alone optimisation problem: 0.876332044601
INFO:R0@tkref=2.65245283019: N of unsatisfied eq: 3
INFO:R0@tkref=2.65245283019: N of unsatisfied ieq: 10
INFO:R0@tkref=2.65245283019: Summary: Optimization terminated successfully. after 9 it.
INFO:R0: --------------------------
INFO:R0@tkref=5.30490566038: Time to solve stand alone optimisation problem: 5.16944694519
INFO:R0@tkref=5.30490566038: N of unsatisfied eq: 10
INFO:R0@tkref=5.30490566038: N of unsatisfied ieq: 6
INFO:R0@tkref=5.30490566038: Summary: Iteration limit exceeded after 51 it.
INFO:R0: Finished motion planning
INFO:R0: --------------------------
INFO:R0: TOT: 12.1237858564
INFO:R0: NSE: 3
INFO:R0: FIR: 3.77675390244
INFO:R0: LAS: 5.1700360775
INFO:R0: MAX: 0.877008914948
INFO:R0: MIN: 0.877008914948
INFO:R0: AVG: 0.877008914948
INFO:R0: RAT: 0.330640720531
