INFO:R0: Init motion planning
INFO:R0@tkref=0.0: Time to solve stand alone optimisation problem: 3.64966797829
INFO:R0@tkref=0.0: N of unsatisfied eq: 3
INFO:R0@tkref=0.0: N of unsatisfied ieq: 7
INFO:R0@tkref=0.0: Summary: Iteration limit exceeded after 51 it.
INFO:R0: --------------------------
INFO:R0@tkref=0.491739130435: Time to solve stand alone optimisation problem: 0.838999032974
INFO:R0@tkref=0.491739130435: N of unsatisfied eq: 1
INFO:R0@tkref=0.491739130435: N of unsatisfied ieq: 8
INFO:R0@tkref=0.491739130435: Summary: Optimization terminated successfully. after 12 it.
INFO:R0: --------------------------
INFO:R0@tkref=0.98347826087: Time to solve stand alone optimisation problem: 1.80992889404
INFO:R0@tkref=0.98347826087: N of unsatisfied eq: 1
INFO:R0@tkref=0.98347826087: N of unsatisfied ieq: 7
INFO:R0@tkref=0.98347826087: Summary: Optimization terminated successfully. after 26 it.
INFO:R0: --------------------------
INFO:R0@tkref=1.4752173913: Time to solve stand alone optimisation problem: 0.972939968109
INFO:R0@tkref=1.4752173913: N of unsatisfied eq: 3
INFO:R0@tkref=1.4752173913: N of unsatisfied ieq: 8
INFO:R0@tkref=1.4752173913: Summary: Optimization terminated successfully. after 12 it.
INFO:R0: --------------------------
INFO:R0@tkref=1.96695652174: Time to solve stand alone optimisation problem: 0.935549020767
INFO:R0@tkref=1.96695652174: N of unsatisfied eq: 3
INFO:R0@tkref=1.96695652174: N of unsatisfied ieq: 10
INFO:R0@tkref=1.96695652174: Summary: Optimization terminated successfully. after 10 it.
INFO:R0: --------------------------
INFO:R0@tkref=2.45869565217: Time to solve stand alone optimisation problem: 0.848292827606
INFO:R0@tkref=2.45869565217: N of unsatisfied eq: 2
INFO:R0@tkref=2.45869565217: N of unsatisfied ieq: 13
INFO:R0@tkref=2.45869565217: Summary: Optimization terminated successfully. after 9 it.
INFO:R0: --------------------------
INFO:R0@tkref=2.95043478261: Time to solve stand alone optimisation problem: 1.12377595901
INFO:R0@tkref=2.95043478261: N of unsatisfied eq: 3
INFO:R0@tkref=2.95043478261: N of unsatisfied ieq: 8
INFO:R0@tkref=2.95043478261: Summary: Optimization terminated successfully. after 12 it.
INFO:R0: --------------------------
INFO:R0@tkref=3.44217391304: Time to solve stand alone optimisation problem: 0.949203014374
INFO:R0@tkref=3.44217391304: N of unsatisfied eq: 2
INFO:R0@tkref=3.44217391304: N of unsatisfied ieq: 10
INFO:R0@tkref=3.44217391304: Summary: Optimization terminated successfully. after 10 it.
INFO:R0: --------------------------
INFO:R0@tkref=3.93391304348: Time to solve stand alone optimisation problem: 0.949526071548
INFO:R0@tkref=3.93391304348: N of unsatisfied eq: 3
INFO:R0@tkref=3.93391304348: N of unsatisfied ieq: 14
INFO:R0@tkref=3.93391304348: Summary: Optimization terminated successfully. after 10 it.
INFO:R0: --------------------------
INFO:R0@tkref=4.42565217392: Time to solve stand alone optimisation problem: 0.568440914154
INFO:R0@tkref=4.42565217392: N of unsatisfied eq: 3
INFO:R0@tkref=4.42565217392: N of unsatisfied ieq: 13
INFO:R0@tkref=4.42565217392: Summary: Optimization terminated successfully. after 6 it.
INFO:R0: --------------------------
INFO:R0@tkref=4.91739130435: Time to solve stand alone optimisation problem: 0.568273067474
INFO:R0@tkref=4.91739130435: N of unsatisfied eq: 3
INFO:R0@tkref=4.91739130435: N of unsatisfied ieq: 14
INFO:R0@tkref=4.91739130435: Summary: Optimization terminated successfully. after 6 it.
INFO:R0: --------------------------
INFO:R0@tkref=5.40913043478: Time to solve stand alone optimisation problem: 1.02243709564
INFO:R0@tkref=5.40913043478: N of unsatisfied eq: 2
INFO:R0@tkref=5.40913043478: N of unsatisfied ieq: 12
INFO:R0@tkref=5.40913043478: Summary: Optimization terminated successfully. after 11 it.
INFO:R0: --------------------------
INFO:R0@tkref=5.90086956522: Time to solve stand alone optimisation problem: 1.11852502823
INFO:R0@tkref=5.90086956522: N of unsatisfied eq: 3
INFO:R0@tkref=5.90086956522: N of unsatisfied ieq: 13
INFO:R0@tkref=5.90086956522: Summary: Optimization terminated successfully. after 12 it.
INFO:R0: --------------------------
INFO:R0@tkref=6.39260869565: Time to solve stand alone optimisation problem: 1.12319493294
INFO:R0@tkref=6.39260869565: N of unsatisfied eq: 3
INFO:R0@tkref=6.39260869565: N of unsatisfied ieq: 9
INFO:R0@tkref=6.39260869565: Summary: Optimization terminated successfully. after 12 it.
INFO:R0: --------------------------
INFO:R0@tkref=6.88434782609: Time to solve stand alone optimisation problem: 1.49190402031
INFO:R0@tkref=6.88434782609: N of unsatisfied eq: 3
INFO:R0@tkref=6.88434782609: N of unsatisfied ieq: 8
INFO:R0@tkref=6.88434782609: Summary: Optimization terminated successfully. after 16 it.
INFO:R0: --------------------------
INFO:R0@tkref=7.37608695652: Time to solve stand alone optimisation problem: 0.927278995514
INFO:R0@tkref=7.37608695652: N of unsatisfied eq: 3
INFO:R0@tkref=7.37608695652: N of unsatisfied ieq: 9
INFO:R0@tkref=7.37608695652: Summary: Optimization terminated successfully. after 10 it.
INFO:R0: --------------------------
INFO:R0@tkref=7.86782608696: Time to solve stand alone optimisation problem: 1.02752900124
INFO:R0@tkref=7.86782608696: N of unsatisfied eq: 3
INFO:R0@tkref=7.86782608696: N of unsatisfied ieq: 8
INFO:R0@tkref=7.86782608696: Summary: Optimization terminated successfully. after 11 it.
INFO:R0: --------------------------
INFO:R0@tkref=8.35956521739: Time to solve stand alone optimisation problem: 0.937516927719
INFO:R0@tkref=8.35956521739: N of unsatisfied eq: 2
INFO:R0@tkref=8.35956521739: N of unsatisfied ieq: 10
INFO:R0@tkref=8.35956521739: Summary: Optimization terminated successfully. after 10 it.
INFO:R0: --------------------------
INFO:R0@tkref=8.85130434783: Time to solve stand alone optimisation problem: 0.94010591507
INFO:R0@tkref=8.85130434783: N of unsatisfied eq: 3
INFO:R0@tkref=8.85130434783: N of unsatisfied ieq: 9
INFO:R0@tkref=8.85130434783: Summary: Optimization terminated successfully. after 10 it.
INFO:R0: --------------------------
INFO:R0@tkref=9.34304347826: Time to solve stand alone optimisation problem: 0.559365987778
INFO:R0@tkref=9.34304347826: N of unsatisfied eq: 3
INFO:R0@tkref=9.34304347826: N of unsatisfied ieq: 11
INFO:R0@tkref=9.34304347826: Summary: Optimization terminated successfully. after 6 it.
INFO:R0: --------------------------
INFO:R0@tkref=9.8347826087: Time to solve stand alone optimisation problem: 0.655725955963
INFO:R0@tkref=9.8347826087: N of unsatisfied eq: 3
INFO:R0@tkref=9.8347826087: N of unsatisfied ieq: 12
INFO:R0@tkref=9.8347826087: Summary: Optimization terminated successfully. after 7 it.
INFO:R0: --------------------------
INFO:R0@tkref=10.3265217391: Time to solve stand alone optimisation problem: 0.65109705925
INFO:R0@tkref=10.3265217391: N of unsatisfied eq: 3
INFO:R0@tkref=10.3265217391: N of unsatisfied ieq: 11
INFO:R0@tkref=10.3265217391: Summary: Optimization terminated successfully. after 7 it.
INFO:R0: --------------------------
INFO:R0@tkref=10.8182608696: Time to solve stand alone optimisation problem: 0.659877061844
INFO:R0@tkref=10.8182608696: N of unsatisfied eq: 2
INFO:R0@tkref=10.8182608696: N of unsatisfied ieq: 11
INFO:R0@tkref=10.8182608696: Summary: Optimization terminated successfully. after 7 it.
INFO:R0: --------------------------
INFO:R0@tkref=11.31: Time to solve stand alone optimisation problem: 0.375805139542
INFO:R0@tkref=11.31: N of unsatisfied eq: 3
INFO:R0@tkref=11.31: N of unsatisfied ieq: 14
INFO:R0@tkref=11.31: Summary: Optimization terminated successfully. after 4 it.
INFO:R0: --------------------------
INFO:R0@tkref=11.8017391304: Time to solve stand alone optimisation problem: 0.28417801857
INFO:R0@tkref=11.8017391304: N of unsatisfied eq: 3
INFO:R0@tkref=11.8017391304: N of unsatisfied ieq: 14
INFO:R0@tkref=11.8017391304: Summary: Optimization terminated successfully. after 3 it.
INFO:R0: --------------------------
INFO:R0@tkref=12.2934782609: Time to solve stand alone optimisation problem: 0.192572832108
INFO:R0@tkref=12.2934782609: N of unsatisfied eq: 3
INFO:R0@tkref=12.2934782609: N of unsatisfied ieq: 17
INFO:R0@tkref=12.2934782609: Summary: Optimization terminated successfully. after 2 it.
INFO:R0: --------------------------
INFO:R0@tkref=12.7852173913: Time to solve stand alone optimisation problem: 0.278949975967
INFO:R0@tkref=12.7852173913: N of unsatisfied eq: 3
INFO:R0@tkref=12.7852173913: N of unsatisfied ieq: 11
INFO:R0@tkref=12.7852173913: Summary: Optimization terminated successfully. after 3 it.
INFO:R0: --------------------------
INFO:R0@tkref=13.2769565217: Time to solve stand alone optimisation problem: 4.33572888374
INFO:R0@tkref=13.2769565217: N of unsatisfied eq: 10
INFO:R0@tkref=13.2769565217: N of unsatisfied ieq: 7
INFO:R0@tkref=13.2769565217: Summary: Iteration limit exceeded after 51 it.
INFO:R0: Finished motion planning
INFO:R0: --------------------------
INFO:R0: TOT: 16.2801175872
INFO:R0: NSE: 28
INFO:R0: FIR: 3.65065908432
INFO:R0: LAS: 4.33632993698
INFO:R0: MAX: 1.81062293053
INFO:R0: MIN: 0.19322013855
INFO:R0: AVG: 0.839570898276
INFO:R0: RAT: 3.68208023007
