INFO:R0: Init motion planning
INFO:R0@tkref=0.0: Time to solve stand alone optimisation problem: 3.99719309807
INFO:R0@tkref=0.0: N of unsatisfied eq: 3
INFO:R0@tkref=0.0: N of unsatisfied ieq: 3
INFO:R0@tkref=0.0: Summary: Iteration limit exceeded after 51 it.
INFO:R0: --------------------------
INFO:R0@tkref=3.3: Time to solve stand alone optimisation problem: 5.41795897484
INFO:R0@tkref=3.3: N of unsatisfied eq: 10
INFO:R0@tkref=3.3: N of unsatisfied ieq: 5
INFO:R0@tkref=3.3: Summary: Iteration limit exceeded after 51 it.
INFO:R0: Finished motion planning
INFO:R0: --------------------------
INFO:R0: TOT: 12.7079997766
INFO:R0: NSE: 2
INFO:R0: FIR: 3.99813294411
INFO:R0: LAS: 5.41855406761
INFO:R0: MAX: 5.41855406761
INFO:R0: MIN: 3.99813294411
INFO:R0: AVG: 4.70834350586
INFO:R0: RAT: 1.64198608109
