INFO:R0: Init motion planning
INFO:R0@tkref=0.0: Time to solve stand alone optimisation problem: 3.78860282898
INFO:R0@tkref=0.0: N of unsatisfied eq: 3
INFO:R0@tkref=0.0: N of unsatisfied ieq: 3
INFO:R0@tkref=0.0: Summary: Iteration limit exceeded after 51 it.
INFO:R0: --------------------------
INFO:R0@tkref=5.00342857143: Time to solve stand alone optimisation problem: 5.18858289719
INFO:R0@tkref=5.00342857143: N of unsatisfied eq: 10
INFO:R0@tkref=5.00342857143: N of unsatisfied ieq: 4
INFO:R0@tkref=5.00342857143: Summary: Iteration limit exceeded after 51 it.
INFO:R0: Finished motion planning
INFO:R0: --------------------------
INFO:R0: TOT: 12.4716274136
INFO:R0: NSE: 2
INFO:R0: FIR: 3.78952288628
INFO:R0: LAS: 5.18972587585
INFO:R0: MAX: 5.18972587585
INFO:R0: MIN: 3.78952288628
INFO:R0: AVG: 4.48962438107
INFO:R0: RAT: 1.03723392905
