INFO:R0: Init motion planning
INFO:R0@tkref=0.0: Time to solve stand alone optimisation problem: 3.57069802284
INFO:R0@tkref=0.0: N of unsatisfied eq: 3
INFO:R0@tkref=0.0: N of unsatisfied ieq: 4
INFO:R0@tkref=0.0: Summary: Iteration limit exceeded after 51 it.
INFO:R0: --------------------------
INFO:R0@tkref=3.6: Time to solve stand alone optimisation problem: 0.643857002258
INFO:R0@tkref=3.6: N of unsatisfied eq: 2
INFO:R0@tkref=3.6: N of unsatisfied ieq: 10
INFO:R0@tkref=3.6: Summary: Optimization terminated successfully. after 7 it.
INFO:R0: --------------------------
INFO:R0@tkref=7.2: Time to solve stand alone optimisation problem: 4.87842988968
INFO:R0@tkref=7.2: N of unsatisfied eq: 10
INFO:R0@tkref=7.2: N of unsatisfied ieq: 6
INFO:R0@tkref=7.2: Summary: Iteration limit exceeded after 51 it.
INFO:R0: Finished motion planning
INFO:R0: --------------------------
INFO:R0: TOT: 12.2185375009
INFO:R0: NSE: 3
INFO:R0: FIR: 3.57170510292
INFO:R0: LAS: 4.8792090416
INFO:R0: MAX: 0.644551992416
INFO:R0: MIN: 0.644551992416
INFO:R0: AVG: 0.644551992416
INFO:R0: RAT: 0.179042220116
