INFO:R0: Init motion planning
INFO:R0@tkref=0.0: Time to solve stand alone optimisation problem: 3.61560797691
INFO:R0@tkref=0.0: N of unsatisfied eq: 3
INFO:R0@tkref=0.0: N of unsatisfied ieq: 3
INFO:R0@tkref=0.0: Summary: Iteration limit exceeded after 51 it.
INFO:R0: --------------------------
INFO:R0@tkref=6.9587804878: Time to solve stand alone optimisation problem: 4.9237101078
INFO:R0@tkref=6.9587804878: N of unsatisfied eq: 10
INFO:R0@tkref=6.9587804878: N of unsatisfied ieq: 4
INFO:R0@tkref=6.9587804878: Summary: Iteration limit exceeded after 51 it.
INFO:R0: Finished motion planning
INFO:R0: --------------------------
INFO:R0: TOT: 14.3108894163
INFO:R0: NSE: 2
INFO:R0: FIR: 3.61674189568
INFO:R0: LAS: 4.9243209362
INFO:R0: MAX: 4.9243209362
INFO:R0: MIN: 3.61674189568
INFO:R0: AVG: 4.27053141594
INFO:R0: RAT: 0.70764136688
