INFO:R0: Init motion planning
INFO:R0@tkref=0.0: Time to solve stand alone optimisation problem: 3.70019292831
INFO:R0@tkref=0.0: N of unsatisfied eq: 3
INFO:R0@tkref=0.0: N of unsatisfied ieq: 5
INFO:R0@tkref=0.0: Summary: Iteration limit exceeded after 51 it.
INFO:R0: --------------------------
INFO:R0@tkref=7.7388372093: Time to solve stand alone optimisation problem: 5.05270290375
INFO:R0@tkref=7.7388372093: N of unsatisfied eq: 10
INFO:R0@tkref=7.7388372093: N of unsatisfied ieq: 3
INFO:R0@tkref=7.7388372093: Summary: Iteration limit exceeded after 51 it.
INFO:R0: Finished motion planning
INFO:R0: --------------------------
INFO:R0: TOT: 15.339788294
INFO:R0: NSE: 2
INFO:R0: FIR: 3.70118999481
INFO:R0: LAS: 5.05328011513
INFO:R0: MAX: 5.05328011513
INFO:R0: MIN: 3.70118999481
INFO:R0: AVG: 4.37723505497
INFO:R0: RAT: 0.652976665416
