INFO:R0: Init motion planning
INFO:R0@tkref=0.0: Time to solve stand alone optimisation problem: 3.69920396805
INFO:R0@tkref=0.0: N of unsatisfied eq: 3
INFO:R0@tkref=0.0: N of unsatisfied ieq: 10
INFO:R0@tkref=0.0: Summary: Iteration limit exceeded after 51 it.
INFO:R0: --------------------------
INFO:R0@tkref=2.60210526316: Time to solve stand alone optimisation problem: 1.31455588341
INFO:R0@tkref=2.60210526316: N of unsatisfied eq: 2
INFO:R0@tkref=2.60210526316: N of unsatisfied ieq: 9
INFO:R0@tkref=2.60210526316: Summary: Optimization terminated successfully. after 14 it.
INFO:R0: --------------------------
INFO:R0@tkref=5.20421052632: Time to solve stand alone optimisation problem: 0.863050937653
INFO:R0@tkref=5.20421052632: N of unsatisfied eq: 3
INFO:R0@tkref=5.20421052632: N of unsatisfied ieq: 10
INFO:R0@tkref=5.20421052632: Summary: Optimization terminated successfully. after 8 it.
INFO:R0: --------------------------
INFO:R0@tkref=7.80631578948: Time to solve stand alone optimisation problem: 5.04377889633
INFO:R0@tkref=7.80631578948: N of unsatisfied eq: 10
INFO:R0@tkref=7.80631578948: N of unsatisfied ieq: 2
INFO:R0@tkref=7.80631578948: Summary: Iteration limit exceeded after 51 it.
INFO:R0: Finished motion planning
INFO:R0: --------------------------
INFO:R0: TOT: 12.4240492158
INFO:R0: NSE: 4
INFO:R0: FIR: 3.7002248764
INFO:R0: LAS: 5.04438686371
INFO:R0: MAX: 1.31526613235
INFO:R0: MIN: 0.8637778759
INFO:R0: AVG: 1.08952200413
INFO:R0: RAT: 0.505462308146
