INFO:R0: Init motion planning
INFO:R0@tkref=0.0: Time to solve stand alone optimisation problem: 3.67160987854
INFO:R0@tkref=0.0: N of unsatisfied eq: 3
INFO:R0@tkref=0.0: N of unsatisfied ieq: 5
INFO:R0@tkref=0.0: Summary: Iteration limit exceeded after 51 it.
INFO:R0: --------------------------
INFO:R0@tkref=3.95317647059: Time to solve stand alone optimisation problem: 4.99421405792
INFO:R0@tkref=3.95317647059: N of unsatisfied eq: 10
INFO:R0@tkref=3.95317647059: N of unsatisfied ieq: 1
INFO:R0@tkref=3.95317647059: Summary: Iteration limit exceeded after 51 it.
INFO:R0: Finished motion planning
INFO:R0: --------------------------
INFO:R0: TOT: 17.2218420318
INFO:R0: NSE: 2
INFO:R0: FIR: 3.6725358963
INFO:R0: LAS: 4.99479198456
INFO:R0: MAX: 4.99479198456
INFO:R0: MIN: 3.6725358963
INFO:R0: AVG: 4.33366394043
INFO:R0: RAT: 1.26348824084
