INFO:R0: Init motion planning
INFO:R0@tkref=0.0: Time to solve stand alone optimisation problem: 3.69049715996
INFO:R0@tkref=0.0: N of unsatisfied eq: 3
INFO:R0@tkref=0.0: N of unsatisfied ieq: 12
INFO:R0@tkref=0.0: Summary: Iteration limit exceeded after 51 it.
INFO:R0: --------------------------
INFO:R0@tkref=0.568947368421: Time to solve stand alone optimisation problem: 0.845126152039
INFO:R0@tkref=0.568947368421: N of unsatisfied eq: 1
INFO:R0@tkref=0.568947368421: N of unsatisfied ieq: 9
INFO:R0@tkref=0.568947368421: Summary: Optimization terminated successfully. after 11 it.
INFO:R0: --------------------------
INFO:R0@tkref=1.13789473684: Time to solve stand alone optimisation problem: 0.827404975891
INFO:R0@tkref=1.13789473684: N of unsatisfied eq: 2
INFO:R0@tkref=1.13789473684: N of unsatisfied ieq: 9
INFO:R0@tkref=1.13789473684: Summary: Optimization terminated successfully. after 12 it.
INFO:R0: --------------------------
INFO:R0@tkref=1.70684210526: Time to solve stand alone optimisation problem: 0.913078069687
INFO:R0@tkref=1.70684210526: N of unsatisfied eq: 2
INFO:R0@tkref=1.70684210526: N of unsatisfied ieq: 10
INFO:R0@tkref=1.70684210526: Summary: Optimization terminated successfully. after 13 it.
INFO:R0: --------------------------
INFO:R0@tkref=2.27578947368: Time to solve stand alone optimisation problem: 1.46086001396
INFO:R0@tkref=2.27578947368: N of unsatisfied eq: 2
INFO:R0@tkref=2.27578947368: N of unsatisfied ieq: 6
INFO:R0@tkref=2.27578947368: Summary: Optimization terminated successfully. after 18 it.
INFO:R0: --------------------------
INFO:R0@tkref=2.84473684211: Time to solve stand alone optimisation problem: 1.38742113113
INFO:R0@tkref=2.84473684211: N of unsatisfied eq: 1
INFO:R0@tkref=2.84473684211: N of unsatisfied ieq: 9
INFO:R0@tkref=2.84473684211: Summary: Optimization terminated successfully. after 14 it.
INFO:R0: --------------------------
INFO:R0@tkref=3.41368421053: Time to solve stand alone optimisation problem: 1.75523090363
INFO:R0@tkref=3.41368421053: N of unsatisfied eq: 2
INFO:R0@tkref=3.41368421053: N of unsatisfied ieq: 8
INFO:R0@tkref=3.41368421053: Summary: Optimization terminated successfully. after 19 it.
INFO:R0: --------------------------
INFO:R0@tkref=3.98263157895: Time to solve stand alone optimisation problem: 1.01733994484
INFO:R0@tkref=3.98263157895: N of unsatisfied eq: 3
INFO:R0@tkref=3.98263157895: N of unsatisfied ieq: 9
INFO:R0@tkref=3.98263157895: Summary: Optimization terminated successfully. after 11 it.
INFO:R0: --------------------------
INFO:R0@tkref=4.55157894737: Time to solve stand alone optimisation problem: 1.29355311394
INFO:R0@tkref=4.55157894737: N of unsatisfied eq: 3
INFO:R0@tkref=4.55157894737: N of unsatisfied ieq: 8
INFO:R0@tkref=4.55157894737: Summary: Optimization terminated successfully. after 14 it.
INFO:R0: --------------------------
INFO:R0@tkref=5.12052631579: Time to solve stand alone optimisation problem: 1.18819499016
INFO:R0@tkref=5.12052631579: N of unsatisfied eq: 3
INFO:R0@tkref=5.12052631579: N of unsatisfied ieq: 11
INFO:R0@tkref=5.12052631579: Summary: Optimization terminated successfully. after 13 it.
INFO:R0: --------------------------
INFO:R0@tkref=5.68947368421: Time to solve stand alone optimisation problem: 1.29551196098
INFO:R0@tkref=5.68947368421: N of unsatisfied eq: 3
INFO:R0@tkref=5.68947368421: N of unsatisfied ieq: 9
INFO:R0@tkref=5.68947368421: Summary: Optimization terminated successfully. after 14 it.
INFO:R0: --------------------------
INFO:R0@tkref=6.25842105263: Time to solve stand alone optimisation problem: 0.740766048431
INFO:R0@tkref=6.25842105263: N of unsatisfied eq: 3
INFO:R0@tkref=6.25842105263: N of unsatisfied ieq: 8
INFO:R0@tkref=6.25842105263: Summary: Optimization terminated successfully. after 8 it.
INFO:R0: --------------------------
INFO:R0@tkref=6.82736842105: Time to solve stand alone optimisation problem: 0.925935029984
INFO:R0@tkref=6.82736842105: N of unsatisfied eq: 3
INFO:R0@tkref=6.82736842105: N of unsatisfied ieq: 8
INFO:R0@tkref=6.82736842105: Summary: Optimization terminated successfully. after 10 it.
INFO:R0: --------------------------
INFO:R0@tkref=7.39631578947: Time to solve stand alone optimisation problem: 0.726822853088
INFO:R0@tkref=7.39631578947: N of unsatisfied eq: 3
INFO:R0@tkref=7.39631578947: N of unsatisfied ieq: 10
INFO:R0@tkref=7.39631578947: Summary: Optimization terminated successfully. after 8 it.
INFO:R0: --------------------------
INFO:R0@tkref=7.96526315789: Time to solve stand alone optimisation problem: 0.830367088318
INFO:R0@tkref=7.96526315789: N of unsatisfied eq: 3
INFO:R0@tkref=7.96526315789: N of unsatisfied ieq: 10
INFO:R0@tkref=7.96526315789: Summary: Optimization terminated successfully. after 9 it.
INFO:R0: --------------------------
INFO:R0@tkref=8.53421052632: Time to solve stand alone optimisation problem: 0.916913986206
INFO:R0@tkref=8.53421052632: N of unsatisfied eq: 3
INFO:R0@tkref=8.53421052632: N of unsatisfied ieq: 11
INFO:R0@tkref=8.53421052632: Summary: Optimization terminated successfully. after 10 it.
INFO:R0: --------------------------
INFO:R0@tkref=9.10315789474: Time to solve stand alone optimisation problem: 0.825469970703
INFO:R0@tkref=9.10315789474: N of unsatisfied eq: 3
INFO:R0@tkref=9.10315789474: N of unsatisfied ieq: 10
INFO:R0@tkref=9.10315789474: Summary: Optimization terminated successfully. after 9 it.
INFO:R0: --------------------------
INFO:R0@tkref=9.67210526316: Time to solve stand alone optimisation problem: 0.654741048813
INFO:R0@tkref=9.67210526316: N of unsatisfied eq: 3
INFO:R0@tkref=9.67210526316: N of unsatisfied ieq: 9
INFO:R0@tkref=9.67210526316: Summary: Optimization terminated successfully. after 7 it.
INFO:R0: --------------------------
INFO:R0@tkref=10.2410526316: Time to solve stand alone optimisation problem: 0.556051969528
INFO:R0@tkref=10.2410526316: N of unsatisfied eq: 3
INFO:R0@tkref=10.2410526316: N of unsatisfied ieq: 10
INFO:R0@tkref=10.2410526316: Summary: Optimization terminated successfully. after 6 it.
INFO:R0: --------------------------
INFO:R0@tkref=10.81: Time to solve stand alone optimisation problem: 0.735502958298
INFO:R0@tkref=10.81: N of unsatisfied eq: 3
INFO:R0@tkref=10.81: N of unsatisfied ieq: 11
INFO:R0@tkref=10.81: Summary: Optimization terminated successfully. after 8 it.
INFO:R0: --------------------------
INFO:R0@tkref=11.3789473684: Time to solve stand alone optimisation problem: 0.650349140167
INFO:R0@tkref=11.3789473684: N of unsatisfied eq: 3
INFO:R0@tkref=11.3789473684: N of unsatisfied ieq: 10
INFO:R0@tkref=11.3789473684: Summary: Optimization terminated successfully. after 7 it.
INFO:R0: --------------------------
INFO:R0@tkref=11.9478947368: Time to solve stand alone optimisation problem: 0.545568943024
INFO:R0@tkref=11.9478947368: N of unsatisfied eq: 3
INFO:R0@tkref=11.9478947368: N of unsatisfied ieq: 11
INFO:R0@tkref=11.9478947368: Summary: Optimization terminated successfully. after 6 it.
INFO:R0: --------------------------
INFO:R0@tkref=12.5168421053: Time to solve stand alone optimisation problem: 0.46036195755
INFO:R0@tkref=12.5168421053: N of unsatisfied eq: 3
INFO:R0@tkref=12.5168421053: N of unsatisfied ieq: 10
INFO:R0@tkref=12.5168421053: Summary: Optimization terminated successfully. after 5 it.
INFO:R0: --------------------------
INFO:R0@tkref=13.0857894737: Time to solve stand alone optimisation problem: 0.555738925934
INFO:R0@tkref=13.0857894737: N of unsatisfied eq: 3
INFO:R0@tkref=13.0857894737: N of unsatisfied ieq: 11
INFO:R0@tkref=13.0857894737: Summary: Optimization terminated successfully. after 6 it.
INFO:R0: --------------------------
INFO:R0@tkref=13.6547368421: Time to solve stand alone optimisation problem: 0.550723075867
INFO:R0@tkref=13.6547368421: N of unsatisfied eq: 3
INFO:R0@tkref=13.6547368421: N of unsatisfied ieq: 13
INFO:R0@tkref=13.6547368421: Summary: Optimization terminated successfully. after 6 it.
INFO:R0: --------------------------
INFO:R0@tkref=14.2236842105: Time to solve stand alone optimisation problem: 0.467559099197
INFO:R0@tkref=14.2236842105: N of unsatisfied eq: 3
INFO:R0@tkref=14.2236842105: N of unsatisfied ieq: 11
INFO:R0@tkref=14.2236842105: Summary: Optimization terminated successfully. after 5 it.
INFO:R0: --------------------------
INFO:R0@tkref=14.7926315789: Time to solve stand alone optimisation problem: 0.734071016312
INFO:R0@tkref=14.7926315789: N of unsatisfied eq: 3
INFO:R0@tkref=14.7926315789: N of unsatisfied ieq: 11
INFO:R0@tkref=14.7926315789: Summary: Optimization terminated successfully. after 8 it.
INFO:R0: --------------------------
INFO:R0@tkref=15.3615789474: Time to solve stand alone optimisation problem: 1.00414705276
INFO:R0@tkref=15.3615789474: N of unsatisfied eq: 2
INFO:R0@tkref=15.3615789474: N of unsatisfied ieq: 8
INFO:R0@tkref=15.3615789474: Summary: Optimization terminated successfully. after 11 it.
INFO:R0: --------------------------
INFO:R0@tkref=15.9305263158: Time to solve stand alone optimisation problem: 4.90591716766
INFO:R0@tkref=15.9305263158: N of unsatisfied eq: 10
INFO:R0@tkref=15.9305263158: N of unsatisfied ieq: 6
INFO:R0@tkref=15.9305263158: Summary: Iteration limit exceeded after 51 it.
INFO:R0: Finished motion planning
INFO:R0: --------------------------
INFO:R0: TOT: 20.722193816
INFO:R0: NSE: 29
INFO:R0: FIR: 3.69150996208
INFO:R0: LAS: 4.90649914742
INFO:R0: MAX: 1.75590705872
INFO:R0: MIN: 0.460994005203
INFO:R0: AVG: 0.884600604022
INFO:R0: RAT: 3.08623812355
