INFO:R0: Init motion planning
INFO:R0@tkref=0.0: Time to solve stand alone optimisation problem: 3.6440320015
INFO:R0@tkref=0.0: N of unsatisfied eq: 3
INFO:R0@tkref=0.0: N of unsatisfied ieq: 3
INFO:R0@tkref=0.0: Summary: Iteration limit exceeded after 51 it.
INFO:R0: --------------------------
INFO:R0@tkref=5.88909090909: Time to solve stand alone optimisation problem: 4.95107603073
INFO:R0@tkref=5.88909090909: N of unsatisfied eq: 10
INFO:R0@tkref=5.88909090909: N of unsatisfied ieq: 3
INFO:R0@tkref=5.88909090909: Summary: Iteration limit exceeded after 51 it.
INFO:R0: Finished motion planning
INFO:R0: --------------------------
INFO:R0: TOT: 12.5319375583
INFO:R0: NSE: 2
INFO:R0: FIR: 3.64505410194
INFO:R0: LAS: 4.95164704323
INFO:R0: MAX: 4.95164704323
INFO:R0: MIN: 3.64505410194
INFO:R0: AVG: 4.29835057259
INFO:R0: RAT: 0.840816879832
