INFO:R0: Init motion planning
INFO:R0@tkref=0.0: Time to solve stand alone optimisation problem: 3.73082780838
INFO:R0@tkref=0.0: N of unsatisfied eq: 3
INFO:R0@tkref=0.0: N of unsatisfied ieq: 2
INFO:R0@tkref=0.0: Summary: Iteration limit exceeded after 51 it.
INFO:R0: --------------------------
INFO:R0@tkref=8.29197530864: Time to solve stand alone optimisation problem: 5.05142188072
INFO:R0@tkref=8.29197530864: N of unsatisfied eq: 10
INFO:R0@tkref=8.29197530864: N of unsatisfied ieq: 2
INFO:R0@tkref=8.29197530864: Summary: Iteration limit exceeded after 51 it.
INFO:R0: Finished motion planning
INFO:R0: --------------------------
INFO:R0: TOT: 25.3279216247
INFO:R0: NSE: 2
INFO:R0: FIR: 3.7317199707
INFO:R0: LAS: 5.05202698708
INFO:R0: MAX: 5.05202698708
INFO:R0: MIN: 3.7317199707
INFO:R0: AVG: 4.39187347889
INFO:R0: RAT: 0.609267008045
