INFO:R0: Init motion planning
INFO:R0@tkref=0.0: Time to solve stand alone optimisation problem: 3.70505189896
INFO:R0@tkref=0.0: N of unsatisfied eq: 3
INFO:R0@tkref=0.0: N of unsatisfied ieq: 4
INFO:R0@tkref=0.0: Summary: Iteration limit exceeded after 51 it.
INFO:R0: --------------------------
INFO:R0@tkref=4.10123287671: Time to solve stand alone optimisation problem: 5.05423498154
INFO:R0@tkref=4.10123287671: N of unsatisfied eq: 10
INFO:R0@tkref=4.10123287671: N of unsatisfied ieq: 3
INFO:R0@tkref=4.10123287671: Summary: Iteration limit exceeded after 51 it.
INFO:R0: Finished motion planning
INFO:R0: --------------------------
INFO:R0: TOT: 12.4861255807
INFO:R0: NSE: 2
INFO:R0: FIR: 3.70719885826
INFO:R0: LAS: 5.05518293381
INFO:R0: MAX: 5.05518293381
INFO:R0: MIN: 3.70719885826
INFO:R0: AVG: 4.38119089603
INFO:R0: RAT: 1.23260080219
