INFO:R0: Init motion planning
INFO:R0@tkref=0.0: Time to solve stand alone optimisation problem: 3.66773509979
INFO:R0@tkref=0.0: N of unsatisfied eq: 3
INFO:R0@tkref=0.0: N of unsatisfied ieq: 3
INFO:R0@tkref=0.0: Summary: Iteration limit exceeded after 51 it.
INFO:R0: --------------------------
INFO:R0@tkref=4.3896: Time to solve stand alone optimisation problem: 0.658743143082
INFO:R0@tkref=4.3896: N of unsatisfied eq: 3
INFO:R0@tkref=4.3896: N of unsatisfied ieq: 9
INFO:R0@tkref=4.3896: Summary: Optimization terminated successfully. after 7 it.
INFO:R0: --------------------------
INFO:R0@tkref=8.7792: Time to solve stand alone optimisation problem: 4.99756288528
INFO:R0@tkref=8.7792: N of unsatisfied eq: 10
INFO:R0@tkref=8.7792: N of unsatisfied ieq: 5
INFO:R0@tkref=8.7792: Summary: Iteration limit exceeded after 51 it.
INFO:R0: Finished motion planning
INFO:R0: --------------------------
INFO:R0: TOT: 12.4536738574
INFO:R0: NSE: 3
INFO:R0: FIR: 3.66871905327
INFO:R0: LAS: 4.99815797806
INFO:R0: MAX: 0.659410953522
INFO:R0: MIN: 0.659410953522
INFO:R0: AVG: 0.659410953522
INFO:R0: RAT: 0.150221194077
