INFO:R0: Init motion planning
INFO:R0@tkref=0.0: Time to solve stand alone optimisation problem: 3.70577287674
INFO:R0@tkref=0.0: N of unsatisfied eq: 3
INFO:R0@tkref=0.0: N of unsatisfied ieq: 6
INFO:R0@tkref=0.0: Summary: Iteration limit exceeded after 51 it.
INFO:R0: --------------------------
INFO:R0@tkref=1.90235294118: Time to solve stand alone optimisation problem: 1.05407190323
INFO:R0@tkref=1.90235294118: N of unsatisfied eq: 3
INFO:R0@tkref=1.90235294118: N of unsatisfied ieq: 11
INFO:R0@tkref=1.90235294118: Summary: Optimization terminated successfully. after 11 it.
INFO:R0: --------------------------
INFO:R0@tkref=3.80470588236: Time to solve stand alone optimisation problem: 1.13129401207
INFO:R0@tkref=3.80470588236: N of unsatisfied eq: 3
INFO:R0@tkref=3.80470588236: N of unsatisfied ieq: 8
INFO:R0@tkref=3.80470588236: Summary: Optimization terminated successfully. after 12 it.
INFO:R0: --------------------------
INFO:R0@tkref=5.70705882354: Time to solve stand alone optimisation problem: 0.568311929703
INFO:R0@tkref=5.70705882354: N of unsatisfied eq: 2
INFO:R0@tkref=5.70705882354: N of unsatisfied ieq: 10
INFO:R0@tkref=5.70705882354: Summary: Optimization terminated successfully. after 6 it.
INFO:R0: --------------------------
INFO:R0@tkref=7.60941176472: Time to solve stand alone optimisation problem: 5.05754184723
INFO:R0@tkref=7.60941176472: N of unsatisfied eq: 10
INFO:R0@tkref=7.60941176472: N of unsatisfied ieq: 1
INFO:R0@tkref=7.60941176472: Summary: Iteration limit exceeded after 51 it.
INFO:R0: Finished motion planning
INFO:R0: --------------------------
INFO:R0: TOT: 11.9357065185
INFO:R0: NSE: 5
INFO:R0: FIR: 3.70670509338
INFO:R0: LAS: 5.05813193321
INFO:R0: MAX: 1.13197207451
INFO:R0: MIN: 0.568953990936
INFO:R0: AVG: 0.918555736542
INFO:R0: RAT: 0.595037887032
