INFO:R0: Init motion planning
INFO:R0@tkref=0.0: Time to solve stand alone optimisation problem: 3.66531300545
INFO:R0@tkref=0.0: N of unsatisfied eq: 3
INFO:R0@tkref=0.0: N of unsatisfied ieq: 3
INFO:R0@tkref=0.0: Summary: Iteration limit exceeded after 51 it.
INFO:R0: --------------------------
INFO:R0@tkref=2.04240963855: Time to solve stand alone optimisation problem: 1.39855599403
INFO:R0@tkref=2.04240963855: N of unsatisfied eq: 10
INFO:R0@tkref=2.04240963855: N of unsatisfied ieq: 17
INFO:R0@tkref=2.04240963855: Summary: Optimization terminated successfully. after 19 it.
INFO:R0: Finished motion planning
INFO:R0: --------------------------
INFO:R0: TOT: 11.2500731339
INFO:R0: NSE: 2
INFO:R0: FIR: 3.66623687744
INFO:R0: LAS: 1.39913105965
INFO:R0: MAX: 3.66623687744
INFO:R0: MIN: 1.39913105965
INFO:R0: AVG: 2.53268396854
INFO:R0: RAT: 1.79505462971
