INFO:R0: Init motion planning
INFO:R0@tkref=0.0: Time to solve stand alone optimisation problem: 3.5832490921
INFO:R0@tkref=0.0: N of unsatisfied eq: 3
INFO:R0@tkref=0.0: N of unsatisfied ieq: 4
INFO:R0@tkref=0.0: Summary: Iteration limit exceeded after 51 it.
INFO:R0: --------------------------
INFO:R0@tkref=3.54949152542: Time to solve stand alone optimisation problem: 0.647145986557
INFO:R0@tkref=3.54949152542: N of unsatisfied eq: 3
INFO:R0@tkref=3.54949152542: N of unsatisfied ieq: 9
INFO:R0@tkref=3.54949152542: Summary: Optimization terminated successfully. after 7 it.
INFO:R0: --------------------------
INFO:R0@tkref=7.09898305084: Time to solve stand alone optimisation problem: 4.90438604355
INFO:R0@tkref=7.09898305084: N of unsatisfied eq: 10
INFO:R0@tkref=7.09898305084: N of unsatisfied ieq: 4
INFO:R0@tkref=7.09898305084: Summary: Iteration limit exceeded after 51 it.
INFO:R0: Finished motion planning
INFO:R0: --------------------------
INFO:R0: TOT: 12.6103169724
INFO:R0: NSE: 3
INFO:R0: FIR: 3.58420610428
INFO:R0: LAS: 4.90498399734
INFO:R0: MAX: 0.647799968719
INFO:R0: MIN: 0.647799968719
INFO:R0: AVG: 0.647799968719
INFO:R0: RAT: 0.182505005035
