INFO:R0: Init motion planning
INFO:R0@tkref=0.0: Time to solve stand alone optimisation problem: 3.68384981155
INFO:R0@tkref=0.0: N of unsatisfied eq: 3
INFO:R0@tkref=0.0: N of unsatisfied ieq: 4
INFO:R0@tkref=0.0: Summary: Iteration limit exceeded after 51 it.
INFO:R0: --------------------------
INFO:R0@tkref=0.7: Time to solve stand alone optimisation problem: 0.922145843506
INFO:R0@tkref=0.7: N of unsatisfied eq: 2
INFO:R0@tkref=0.7: N of unsatisfied ieq: 8
INFO:R0@tkref=0.7: Summary: Optimization terminated successfully. after 13 it.
INFO:R0: --------------------------
INFO:R0@tkref=1.4: Time to solve stand alone optimisation problem: 0.845816850662
INFO:R0@tkref=1.4: N of unsatisfied eq: 1
INFO:R0@tkref=1.4: N of unsatisfied ieq: 7
INFO:R0@tkref=1.4: Summary: Optimization terminated successfully. after 12 it.
INFO:R0: --------------------------
INFO:R0@tkref=2.1: Time to solve stand alone optimisation problem: 1.14043593407
INFO:R0@tkref=2.1: N of unsatisfied eq: 1
INFO:R0@tkref=2.1: N of unsatisfied ieq: 8
INFO:R0@tkref=2.1: Summary: Optimization terminated successfully. after 14 it.
INFO:R0: --------------------------
INFO:R0@tkref=2.8: Time to solve stand alone optimisation problem: 2.17755723
INFO:R0@tkref=2.8: N of unsatisfied eq: 2
INFO:R0@tkref=2.8: N of unsatisfied ieq: 9
INFO:R0@tkref=2.8: Summary: Optimization terminated successfully. after 23 it.
INFO:R0: --------------------------
INFO:R0@tkref=3.5: Time to solve stand alone optimisation problem: 1.31094694138
INFO:R0@tkref=3.5: N of unsatisfied eq: 3
INFO:R0@tkref=3.5: N of unsatisfied ieq: 8
INFO:R0@tkref=3.5: Summary: Optimization terminated successfully. after 14 it.
INFO:R0: --------------------------
INFO:R0@tkref=4.2: Time to solve stand alone optimisation problem: 3.00065398216
INFO:R0@tkref=4.2: N of unsatisfied eq: 3
INFO:R0@tkref=4.2: N of unsatisfied ieq: 8
INFO:R0@tkref=4.2: Summary: Optimization terminated successfully. after 32 it.
INFO:R0: --------------------------
INFO:R0@tkref=4.9: Time to solve stand alone optimisation problem: 0.751790046692
INFO:R0@tkref=4.9: N of unsatisfied eq: 3
INFO:R0@tkref=4.9: N of unsatisfied ieq: 11
INFO:R0@tkref=4.9: Summary: Optimization terminated successfully. after 8 it.
INFO:R0: --------------------------
INFO:R0@tkref=5.6: Time to solve stand alone optimisation problem: 0.754575014114
INFO:R0@tkref=5.6: N of unsatisfied eq: 3
INFO:R0@tkref=5.6: N of unsatisfied ieq: 11
INFO:R0@tkref=5.6: Summary: Optimization terminated successfully. after 8 it.
INFO:R0: --------------------------
INFO:R0@tkref=6.3: Time to solve stand alone optimisation problem: 0.844771146774
INFO:R0@tkref=6.3: N of unsatisfied eq: 2
INFO:R0@tkref=6.3: N of unsatisfied ieq: 9
INFO:R0@tkref=6.3: Summary: Optimization terminated successfully. after 9 it.
INFO:R0: --------------------------
INFO:R0@tkref=7.0: Time to solve stand alone optimisation problem: 0.562012910843
INFO:R0@tkref=7.0: N of unsatisfied eq: 3
INFO:R0@tkref=7.0: N of unsatisfied ieq: 11
INFO:R0@tkref=7.0: Summary: Optimization terminated successfully. after 6 it.
INFO:R0: --------------------------
INFO:R0@tkref=7.7: Time to solve stand alone optimisation problem: 0.566254854202
INFO:R0@tkref=7.7: N of unsatisfied eq: 3
INFO:R0@tkref=7.7: N of unsatisfied ieq: 10
INFO:R0@tkref=7.7: Summary: Optimization terminated successfully. after 6 it.
INFO:R0: --------------------------
INFO:R0@tkref=8.4: Time to solve stand alone optimisation problem: 0.566374063492
INFO:R0@tkref=8.4: N of unsatisfied eq: 3
INFO:R0@tkref=8.4: N of unsatisfied ieq: 8
INFO:R0@tkref=8.4: Summary: Optimization terminated successfully. after 6 it.
INFO:R0: --------------------------
INFO:R0@tkref=9.1: Time to solve stand alone optimisation problem: 0.472398996353
INFO:R0@tkref=9.1: N of unsatisfied eq: 3
INFO:R0@tkref=9.1: N of unsatisfied ieq: 10
INFO:R0@tkref=9.1: Summary: Optimization terminated successfully. after 5 it.
INFO:R0: --------------------------
INFO:R0@tkref=9.8: Time to solve stand alone optimisation problem: 5.1284468174
INFO:R0@tkref=9.8: N of unsatisfied eq: 10
INFO:R0@tkref=9.8: N of unsatisfied ieq: 2
INFO:R0@tkref=9.8: Summary: Iteration limit exceeded after 51 it.
INFO:R0: Finished motion planning
INFO:R0: --------------------------
INFO:R0: TOT: 16.9340644803
INFO:R0: NSE: 15
INFO:R0: FIR: 3.68474197388
INFO:R0: LAS: 5.12903094292
INFO:R0: MAX: 3.00135016441
INFO:R0: MIN: 0.473035097122
INFO:R0: AVG: 1.07114947759
INFO:R0: RAT: 4.28764309202
