INFO:R0: Init motion planning
INFO:R0@tkref=0.0: Time to solve stand alone optimisation problem: 3.59551095963
INFO:R0@tkref=0.0: N of unsatisfied eq: 3
INFO:R0@tkref=0.0: N of unsatisfied ieq: 3
INFO:R0@tkref=0.0: Summary: Iteration limit exceeded after 51 it.
INFO:R0: --------------------------
INFO:R0@tkref=3.55081967213: Time to solve stand alone optimisation problem: 0.549386978149
INFO:R0@tkref=3.55081967213: N of unsatisfied eq: 3
INFO:R0@tkref=3.55081967213: N of unsatisfied ieq: 9
INFO:R0@tkref=3.55081967213: Summary: Optimization terminated successfully. after 6 it.
INFO:R0: --------------------------
INFO:R0@tkref=7.10163934426: Time to solve stand alone optimisation problem: 4.89168405533
INFO:R0@tkref=7.10163934426: N of unsatisfied eq: 10
INFO:R0@tkref=7.10163934426: N of unsatisfied ieq: 3
INFO:R0@tkref=7.10163934426: Summary: Iteration limit exceeded after 51 it.
INFO:R0: Finished motion planning
INFO:R0: --------------------------
INFO:R0: TOT: 12.4439322297
INFO:R0: NSE: 3
INFO:R0: FIR: 3.59669399261
INFO:R0: LAS: 4.89227199554
INFO:R0: MAX: 0.550033092499
INFO:R0: MIN: 0.550033092499
INFO:R0: AVG: 0.550033092499
INFO:R0: RAT: 0.15490313316
