INFO:R0: Init motion planning
INFO:R0@tkref=0.0: Time to solve stand alone optimisation problem: 3.65057897568
INFO:R0@tkref=0.0: N of unsatisfied eq: 3
INFO:R0@tkref=0.0: N of unsatisfied ieq: 4
INFO:R0@tkref=0.0: Summary: Iteration limit exceeded after 51 it.
INFO:R0: --------------------------
INFO:R0@tkref=2.25923076923: Time to solve stand alone optimisation problem: 1.12232995033
INFO:R0@tkref=2.25923076923: N of unsatisfied eq: 3
INFO:R0@tkref=2.25923076923: N of unsatisfied ieq: 12
INFO:R0@tkref=2.25923076923: Summary: Optimization terminated successfully. after 12 it.
INFO:R0: --------------------------
INFO:R0@tkref=4.51846153846: Time to solve stand alone optimisation problem: 1.20819306374
INFO:R0@tkref=4.51846153846: N of unsatisfied eq: 3
INFO:R0@tkref=4.51846153846: N of unsatisfied ieq: 9
INFO:R0@tkref=4.51846153846: Summary: Optimization terminated successfully. after 13 it.
INFO:R0: --------------------------
INFO:R0@tkref=6.77769230769: Time to solve stand alone optimisation problem: 0.741073846817
INFO:R0@tkref=6.77769230769: N of unsatisfied eq: 3
INFO:R0@tkref=6.77769230769: N of unsatisfied ieq: 11
INFO:R0@tkref=6.77769230769: Summary: Optimization terminated successfully. after 8 it.
INFO:R0: --------------------------
INFO:R0@tkref=9.03692307692: Time to solve stand alone optimisation problem: 4.33172917366
INFO:R0@tkref=9.03692307692: N of unsatisfied eq: 10
INFO:R0@tkref=9.03692307692: N of unsatisfied ieq: 5
INFO:R0@tkref=9.03692307692: Summary: Iteration limit exceeded after 51 it.
INFO:R0: Finished motion planning
INFO:R0: --------------------------
INFO:R0: TOT: 11.9775649526
INFO:R0: NSE: 5
INFO:R0: FIR: 3.65148305893
INFO:R0: LAS: 4.33232498169
INFO:R0: MAX: 1.20886492729
INFO:R0: MIN: 0.741726875305
INFO:R0: AVG: 1.02453494072
INFO:R0: RAT: 0.535078108778
