INFO:R0: Init motion planning
INFO:R0@tkref=0.0: Time to solve stand alone optimisation problem: 3.70748400688
INFO:R0@tkref=0.0: N of unsatisfied eq: 3
INFO:R0@tkref=0.0: N of unsatisfied ieq: 12
INFO:R0@tkref=0.0: Summary: Iteration limit exceeded after 51 it.
INFO:R0: --------------------------
INFO:R0@tkref=3.43842105263: Time to solve stand alone optimisation problem: 0.949522018433
INFO:R0@tkref=3.43842105263: N of unsatisfied eq: 2
INFO:R0@tkref=3.43842105263: N of unsatisfied ieq: 8
INFO:R0@tkref=3.43842105263: Summary: Optimization terminated successfully. after 10 it.
INFO:R0: --------------------------
INFO:R0@tkref=6.87684210526: Time to solve stand alone optimisation problem: 1.13169407845
INFO:R0@tkref=6.87684210526: N of unsatisfied eq: 3
INFO:R0@tkref=6.87684210526: N of unsatisfied ieq: 9
INFO:R0@tkref=6.87684210526: Summary: Optimization terminated successfully. after 12 it.
INFO:R0: --------------------------
INFO:R0@tkref=10.3152631579: Time to solve stand alone optimisation problem: 3.80589199066
INFO:R0@tkref=10.3152631579: N of unsatisfied eq: 10
INFO:R0@tkref=10.3152631579: N of unsatisfied ieq: 2
INFO:R0@tkref=10.3152631579: Summary: Iteration limit exceeded after 51 it.
INFO:R0: Finished motion planning
INFO:R0: --------------------------
INFO:R0: TOT: 11.9399690251
INFO:R0: NSE: 4
INFO:R0: FIR: 3.7084209919
INFO:R0: LAS: 3.80648112297
INFO:R0: MAX: 1.13237905502
INFO:R0: MIN: 0.95018196106
INFO:R0: AVG: 1.04128050804
INFO:R0: RAT: 0.32933111963
