INFO:R0: Init motion planning
INFO:R0@tkref=0.0: Time to solve stand alone optimisation problem: 3.65321302414
INFO:R0@tkref=0.0: N of unsatisfied eq: 3
INFO:R0@tkref=0.0: N of unsatisfied ieq: 6
INFO:R0@tkref=0.0: Summary: Iteration limit exceeded after 51 it.
INFO:R0: --------------------------
INFO:R0@tkref=3.65298701299: Time to solve stand alone optimisation problem: 1.05971908569
INFO:R0@tkref=3.65298701299: N of unsatisfied eq: 2
INFO:R0@tkref=3.65298701299: N of unsatisfied ieq: 9
INFO:R0@tkref=3.65298701299: Summary: Optimization terminated successfully. after 15 it.
INFO:R0: --------------------------
INFO:R0@tkref=7.30597402598: Time to solve stand alone optimisation problem: 5.0219039917
INFO:R0@tkref=7.30597402598: N of unsatisfied eq: 10
INFO:R0@tkref=7.30597402598: N of unsatisfied ieq: 3
INFO:R0@tkref=7.30597402598: Summary: Iteration limit exceeded after 51 it.
INFO:R0: Finished motion planning
INFO:R0: --------------------------
INFO:R0: TOT: 15.8718335341
INFO:R0: NSE: 3
INFO:R0: FIR: 3.65423798561
INFO:R0: LAS: 5.02248096466
INFO:R0: MAX: 1.06040096283
INFO:R0: MIN: 1.06040096283
INFO:R0: AVG: 1.06040096283
INFO:R0: RAT: 0.290283255609
