INFO:R0: Init motion planning
INFO:R0@tkref=0.0: Time to solve stand alone optimisation problem: 3.6742579937
INFO:R0@tkref=0.0: N of unsatisfied eq: 3
INFO:R0@tkref=0.0: N of unsatisfied ieq: 6
INFO:R0@tkref=0.0: Summary: Iteration limit exceeded after 51 it.
INFO:R0: --------------------------
INFO:R0@tkref=6.14649350649: Time to solve stand alone optimisation problem: 5.00660800934
INFO:R0@tkref=6.14649350649: N of unsatisfied eq: 10
INFO:R0@tkref=6.14649350649: N of unsatisfied ieq: 4
INFO:R0@tkref=6.14649350649: Summary: Iteration limit exceeded after 51 it.
INFO:R0: Finished motion planning
INFO:R0: --------------------------
INFO:R0: TOT: 15.3068908725
INFO:R0: NSE: 2
INFO:R0: FIR: 3.67516589165
INFO:R0: LAS: 5.00719714165
INFO:R0: MAX: 5.00719714165
INFO:R0: MIN: 3.67516589165
INFO:R0: AVG: 4.34118151665
INFO:R0: RAT: 0.814642875057
