INFO:R0: Init motion planning
INFO:R0@tkref=0.0: Time to solve stand alone optimisation problem: 3.57690191269
INFO:R0@tkref=0.0: N of unsatisfied eq: 3
INFO:R0@tkref=0.0: N of unsatisfied ieq: 5
INFO:R0@tkref=0.0: Summary: Iteration limit exceeded after 51 it.
INFO:R0: --------------------------
INFO:R0@tkref=0.564545454545: Time to solve stand alone optimisation problem: 0.906888008118
INFO:R0@tkref=0.564545454545: N of unsatisfied eq: 3
INFO:R0@tkref=0.564545454545: N of unsatisfied ieq: 10
INFO:R0@tkref=0.564545454545: Summary: Optimization terminated successfully. after 13 it.
INFO:R0: --------------------------
INFO:R0@tkref=1.12909090909: Time to solve stand alone optimisation problem: 0.831989049911
INFO:R0@tkref=1.12909090909: N of unsatisfied eq: 1
INFO:R0@tkref=1.12909090909: N of unsatisfied ieq: 10
INFO:R0@tkref=1.12909090909: Summary: Optimization terminated successfully. after 12 it.
INFO:R0: --------------------------
INFO:R0@tkref=1.69363636364: Time to solve stand alone optimisation problem: 0.730590820312
INFO:R0@tkref=1.69363636364: N of unsatisfied eq: 3
INFO:R0@tkref=1.69363636364: N of unsatisfied ieq: 9
INFO:R0@tkref=1.69363636364: Summary: Optimization terminated successfully. after 9 it.
INFO:R0: --------------------------
INFO:R0@tkref=2.25818181818: Time to solve stand alone optimisation problem: 0.746853113174
INFO:R0@tkref=2.25818181818: N of unsatisfied eq: 2
INFO:R0@tkref=2.25818181818: N of unsatisfied ieq: 12
INFO:R0@tkref=2.25818181818: Summary: Optimization terminated successfully. after 8 it.
INFO:R0: --------------------------
INFO:R0@tkref=2.82272727273: Time to solve stand alone optimisation problem: 0.927474975586
INFO:R0@tkref=2.82272727273: N of unsatisfied eq: 3
INFO:R0@tkref=2.82272727273: N of unsatisfied ieq: 13
INFO:R0@tkref=2.82272727273: Summary: Optimization terminated successfully. after 10 it.
INFO:R0: --------------------------
INFO:R0@tkref=3.38727272727: Time to solve stand alone optimisation problem: 2.11063504219
INFO:R0@tkref=3.38727272727: N of unsatisfied eq: 2
INFO:R0@tkref=3.38727272727: N of unsatisfied ieq: 12
INFO:R0@tkref=3.38727272727: Summary: Optimization terminated successfully. after 23 it.
INFO:R0: --------------------------
INFO:R0@tkref=3.95181818182: Time to solve stand alone optimisation problem: 0.557424068451
INFO:R0@tkref=3.95181818182: N of unsatisfied eq: 3
INFO:R0@tkref=3.95181818182: N of unsatisfied ieq: 16
INFO:R0@tkref=3.95181818182: Summary: Optimization terminated successfully. after 6 it.
INFO:R0: --------------------------
INFO:R0@tkref=4.51636363636: Time to solve stand alone optimisation problem: 0.19020485878
INFO:R0@tkref=4.51636363636: N of unsatisfied eq: 3
INFO:R0@tkref=4.51636363636: N of unsatisfied ieq: 19
INFO:R0@tkref=4.51636363636: Summary: Optimization terminated successfully. after 2 it.
INFO:R0: --------------------------
INFO:R0@tkref=5.08090909091: Time to solve stand alone optimisation problem: 0.285156011581
INFO:R0@tkref=5.08090909091: N of unsatisfied eq: 3
INFO:R0@tkref=5.08090909091: N of unsatisfied ieq: 15
INFO:R0@tkref=5.08090909091: Summary: Optimization terminated successfully. after 3 it.
INFO:R0: --------------------------
INFO:R0@tkref=5.64545454545: Time to solve stand alone optimisation problem: 1.11269497871
INFO:R0@tkref=5.64545454545: N of unsatisfied eq: 3
INFO:R0@tkref=5.64545454545: N of unsatisfied ieq: 10
INFO:R0@tkref=5.64545454545: Summary: Optimization terminated successfully. after 12 it.
INFO:R0: --------------------------
INFO:R0@tkref=6.20999999999: Time to solve stand alone optimisation problem: 2.3527572155
INFO:R0@tkref=6.20999999999: N of unsatisfied eq: 2
INFO:R0@tkref=6.20999999999: N of unsatisfied ieq: 10
INFO:R0@tkref=6.20999999999: Summary: Optimization terminated successfully. after 25 it.
INFO:R0: --------------------------
INFO:R0@tkref=6.77454545454: Time to solve stand alone optimisation problem: 1.01540398598
INFO:R0@tkref=6.77454545454: N of unsatisfied eq: 3
INFO:R0@tkref=6.77454545454: N of unsatisfied ieq: 9
INFO:R0@tkref=6.77454545454: Summary: Optimization terminated successfully. after 11 it.
INFO:R0: --------------------------
INFO:R0@tkref=7.33909090908: Time to solve stand alone optimisation problem: 1.20130801201
INFO:R0@tkref=7.33909090908: N of unsatisfied eq: 3
INFO:R0@tkref=7.33909090908: N of unsatisfied ieq: 10
INFO:R0@tkref=7.33909090908: Summary: Optimization terminated successfully. after 13 it.
INFO:R0: --------------------------
INFO:R0@tkref=7.90363636363: Time to solve stand alone optimisation problem: 0.922586202621
INFO:R0@tkref=7.90363636363: N of unsatisfied eq: 3
INFO:R0@tkref=7.90363636363: N of unsatisfied ieq: 9
INFO:R0@tkref=7.90363636363: Summary: Optimization terminated successfully. after 10 it.
INFO:R0: --------------------------
INFO:R0@tkref=8.46818181817: Time to solve stand alone optimisation problem: 0.837332963943
INFO:R0@tkref=8.46818181817: N of unsatisfied eq: 3
INFO:R0@tkref=8.46818181817: N of unsatisfied ieq: 10
INFO:R0@tkref=8.46818181817: Summary: Optimization terminated successfully. after 9 it.
INFO:R0: --------------------------
INFO:R0@tkref=9.03272727272: Time to solve stand alone optimisation problem: 0.737316131592
INFO:R0@tkref=9.03272727272: N of unsatisfied eq: 3
INFO:R0@tkref=9.03272727272: N of unsatisfied ieq: 11
INFO:R0@tkref=9.03272727272: Summary: Optimization terminated successfully. after 8 it.
INFO:R0: --------------------------
INFO:R0@tkref=9.59727272726: Time to solve stand alone optimisation problem: 0.741868019104
INFO:R0@tkref=9.59727272726: N of unsatisfied eq: 3
INFO:R0@tkref=9.59727272726: N of unsatisfied ieq: 14
INFO:R0@tkref=9.59727272726: Summary: Optimization terminated successfully. after 8 it.
INFO:R0: --------------------------
INFO:R0@tkref=10.1618181818: Time to solve stand alone optimisation problem: 0.189921855927
INFO:R0@tkref=10.1618181818: N of unsatisfied eq: 3
INFO:R0@tkref=10.1618181818: N of unsatisfied ieq: 15
INFO:R0@tkref=10.1618181818: Summary: Optimization terminated successfully. after 2 it.
INFO:R0: --------------------------
INFO:R0@tkref=10.7263636364: Time to solve stand alone optimisation problem: 0.190213918686
INFO:R0@tkref=10.7263636364: N of unsatisfied eq: 3
INFO:R0@tkref=10.7263636364: N of unsatisfied ieq: 15
INFO:R0@tkref=10.7263636364: Summary: Optimization terminated successfully. after 2 it.
INFO:R0: --------------------------
INFO:R0@tkref=11.2909090909: Time to solve stand alone optimisation problem: 0.239891052246
INFO:R0@tkref=11.2909090909: N of unsatisfied eq: 3
INFO:R0@tkref=11.2909090909: N of unsatisfied ieq: 11
INFO:R0@tkref=11.2909090909: Summary: Optimization terminated successfully. after 3 it.
INFO:R0: --------------------------
INFO:R0@tkref=11.8554545454: Time to solve stand alone optimisation problem: 3.69092011452
INFO:R0@tkref=11.8554545454: N of unsatisfied eq: 10
INFO:R0@tkref=11.8554545454: N of unsatisfied ieq: 5
INFO:R0@tkref=11.8554545454: Summary: Iteration limit exceeded after 51 it.
INFO:R0: Finished motion planning
INFO:R0: --------------------------
INFO:R0: TOT: 14.5296291816
INFO:R0: NSE: 22
INFO:R0: FIR: 3.57778382301
INFO:R0: LAS: 3.69160199165
INFO:R0: MAX: 2.35342979431
INFO:R0: MIN: 0.19053196907
INFO:R0: AVG: 0.842133951187
INFO:R0: RAT: 4.16871622181
