INFO:R0: Init motion planning
INFO:R0@tkref=0.0: Time to solve stand alone optimisation problem: 3.70136094093
INFO:R0@tkref=0.0: N of unsatisfied eq: 3
INFO:R0@tkref=0.0: N of unsatisfied ieq: 10
INFO:R0@tkref=0.0: Summary: Iteration limit exceeded after 51 it.
INFO:R0: --------------------------
INFO:R0@tkref=2.04914285714: Time to solve stand alone optimisation problem: 1.23838591576
INFO:R0@tkref=2.04914285714: N of unsatisfied eq: 2
INFO:R0@tkref=2.04914285714: N of unsatisfied ieq: 10
INFO:R0@tkref=2.04914285714: Summary: Optimization terminated successfully. after 13 it.
INFO:R0: --------------------------
INFO:R0@tkref=4.09828571428: Time to solve stand alone optimisation problem: 0.947224855423
INFO:R0@tkref=4.09828571428: N of unsatisfied eq: 3
INFO:R0@tkref=4.09828571428: N of unsatisfied ieq: 9
INFO:R0@tkref=4.09828571428: Summary: Optimization terminated successfully. after 10 it.
INFO:R0: --------------------------
INFO:R0@tkref=6.14742857142: Time to solve stand alone optimisation problem: 0.847695112228
INFO:R0@tkref=6.14742857142: N of unsatisfied eq: 3
INFO:R0@tkref=6.14742857142: N of unsatisfied ieq: 8
INFO:R0@tkref=6.14742857142: Summary: Optimization terminated successfully. after 9 it.
INFO:R0: --------------------------
INFO:R0@tkref=8.19657142856: Time to solve stand alone optimisation problem: 5.05162882805
INFO:R0@tkref=8.19657142856: N of unsatisfied eq: 10
INFO:R0@tkref=8.19657142856: N of unsatisfied ieq: 2
INFO:R0@tkref=8.19657142856: Summary: Iteration limit exceeded after 51 it.
INFO:R0: Finished motion planning
INFO:R0: --------------------------
INFO:R0: TOT: 12.1931547023
INFO:R0: NSE: 5
INFO:R0: FIR: 3.70229315758
INFO:R0: LAS: 5.05222582817
INFO:R0: MAX: 1.2390730381
INFO:R0: MIN: 0.848366975784
INFO:R0: AVG: 1.0117820104
INFO:R0: RAT: 0.604678699576
