INFO:R0: Init motion planning
INFO:R0@tkref=0.0: Time to solve stand alone optimisation problem: 3.83342289925
INFO:R0@tkref=0.0: N of unsatisfied eq: 3
INFO:R0@tkref=0.0: N of unsatisfied ieq: 4
INFO:R0@tkref=0.0: Summary: Iteration limit exceeded after 51 it.
INFO:R0: --------------------------
INFO:R0@tkref=5.63296296296: Time to solve stand alone optimisation problem: 5.22659993172
INFO:R0@tkref=5.63296296296: N of unsatisfied eq: 10
INFO:R0@tkref=5.63296296296: N of unsatisfied ieq: 1
INFO:R0@tkref=5.63296296296: Summary: Iteration limit exceeded after 51 it.
INFO:R0: Finished motion planning
INFO:R0: --------------------------
INFO:R0: TOT: 12.2983434582
INFO:R0: NSE: 2
INFO:R0: FIR: 3.83436203003
INFO:R0: LAS: 5.22739982605
INFO:R0: MAX: 5.22739982605
INFO:R0: MIN: 3.83436203003
INFO:R0: AVG: 4.53088092804
INFO:R0: RAT: 0.928001810135
