INFO:R0: Init motion planning
INFO:R0@tkref=0.0: Time to solve stand alone optimisation problem: 3.73531603813
INFO:R0@tkref=0.0: N of unsatisfied eq: 3
INFO:R0@tkref=0.0: N of unsatisfied ieq: 5
INFO:R0@tkref=0.0: Summary: Iteration limit exceeded after 51 it.
INFO:R0: --------------------------
INFO:R0@tkref=3.45: Time to solve stand alone optimisation problem: 1.06021285057
INFO:R0@tkref=3.45: N of unsatisfied eq: 1
INFO:R0@tkref=3.45: N of unsatisfied ieq: 8
INFO:R0@tkref=3.45: Summary: Optimization terminated successfully. after 15 it.
INFO:R0: --------------------------
INFO:R0@tkref=6.9: Time to solve stand alone optimisation problem: 5.07778096199
INFO:R0@tkref=6.9: N of unsatisfied eq: 10
INFO:R0@tkref=6.9: N of unsatisfied ieq: 0
INFO:R0@tkref=6.9: Summary: Iteration limit exceeded after 51 it.
INFO:R0: Finished motion planning
INFO:R0: --------------------------
INFO:R0: TOT: 16.9036324206
INFO:R0: NSE: 3
INFO:R0: FIR: 3.73622488976
INFO:R0: LAS: 5.07836794853
INFO:R0: MAX: 1.06090211868
INFO:R0: MIN: 1.06090211868
INFO:R0: AVG: 1.06090211868
INFO:R0: RAT: 0.307507860488
