INFO:R0: Init motion planning
INFO:R0@tkref=0.0: Time to solve stand alone optimisation problem: 3.72382616997
INFO:R0@tkref=0.0: N of unsatisfied eq: 3
INFO:R0@tkref=0.0: N of unsatisfied ieq: 6
INFO:R0@tkref=0.0: Summary: Iteration limit exceeded after 51 it.
INFO:R0: --------------------------
INFO:R0@tkref=0.518823529412: Time to solve stand alone optimisation problem: 0.781531095505
INFO:R0@tkref=0.518823529412: N of unsatisfied eq: 0
INFO:R0@tkref=0.518823529412: N of unsatisfied ieq: 8
INFO:R0@tkref=0.518823529412: Summary: Optimization terminated successfully. after 11 it.
INFO:R0: --------------------------
INFO:R0@tkref=1.03764705882: Time to solve stand alone optimisation problem: 0.777678012848
INFO:R0@tkref=1.03764705882: N of unsatisfied eq: 2
INFO:R0@tkref=1.03764705882: N of unsatisfied ieq: 9
INFO:R0@tkref=1.03764705882: Summary: Optimization terminated successfully. after 11 it.
INFO:R0: --------------------------
INFO:R0@tkref=1.55647058824: Time to solve stand alone optimisation problem: 0.705290079117
INFO:R0@tkref=1.55647058824: N of unsatisfied eq: 1
INFO:R0@tkref=1.55647058824: N of unsatisfied ieq: 9
INFO:R0@tkref=1.55647058824: Summary: Optimization terminated successfully. after 10 it.
INFO:R0: --------------------------
INFO:R0@tkref=2.07529411765: Time to solve stand alone optimisation problem: 0.826819896698
INFO:R0@tkref=2.07529411765: N of unsatisfied eq: 2
INFO:R0@tkref=2.07529411765: N of unsatisfied ieq: 9
INFO:R0@tkref=2.07529411765: Summary: Optimization terminated successfully. after 10 it.
INFO:R0: --------------------------
INFO:R0@tkref=2.59411764706: Time to solve stand alone optimisation problem: 1.24607610703
INFO:R0@tkref=2.59411764706: N of unsatisfied eq: 1
INFO:R0@tkref=2.59411764706: N of unsatisfied ieq: 6
INFO:R0@tkref=2.59411764706: Summary: Optimization terminated successfully. after 15 it.
INFO:R0: --------------------------
INFO:R0@tkref=3.11294117647: Time to solve stand alone optimisation problem: 1.05641484261
INFO:R0@tkref=3.11294117647: N of unsatisfied eq: 3
INFO:R0@tkref=3.11294117647: N of unsatisfied ieq: 7
INFO:R0@tkref=3.11294117647: Summary: Optimization terminated successfully. after 11 it.
INFO:R0: --------------------------
INFO:R0@tkref=3.63176470588: Time to solve stand alone optimisation problem: 0.968474149704
INFO:R0@tkref=3.63176470588: N of unsatisfied eq: 1
INFO:R0@tkref=3.63176470588: N of unsatisfied ieq: 10
INFO:R0@tkref=3.63176470588: Summary: Optimization terminated successfully. after 10 it.
INFO:R0: --------------------------
INFO:R0@tkref=4.1505882353: Time to solve stand alone optimisation problem: 1.15106797218
INFO:R0@tkref=4.1505882353: N of unsatisfied eq: 3
INFO:R0@tkref=4.1505882353: N of unsatisfied ieq: 10
INFO:R0@tkref=4.1505882353: Summary: Optimization terminated successfully. after 12 it.
INFO:R0: --------------------------
INFO:R0@tkref=4.66941176471: Time to solve stand alone optimisation problem: 1.42658686638
INFO:R0@tkref=4.66941176471: N of unsatisfied eq: 3
INFO:R0@tkref=4.66941176471: N of unsatisfied ieq: 7
INFO:R0@tkref=4.66941176471: Summary: Optimization terminated successfully. after 15 it.
INFO:R0: --------------------------
INFO:R0@tkref=5.18823529412: Time to solve stand alone optimisation problem: 1.23878192902
INFO:R0@tkref=5.18823529412: N of unsatisfied eq: 3
INFO:R0@tkref=5.18823529412: N of unsatisfied ieq: 10
INFO:R0@tkref=5.18823529412: Summary: Optimization terminated successfully. after 13 it.
INFO:R0: --------------------------
INFO:R0@tkref=5.70705882353: Time to solve stand alone optimisation problem: 1.04619789124
INFO:R0@tkref=5.70705882353: N of unsatisfied eq: 3
INFO:R0@tkref=5.70705882353: N of unsatisfied ieq: 10
INFO:R0@tkref=5.70705882353: Summary: Optimization terminated successfully. after 11 it.
INFO:R0: --------------------------
INFO:R0@tkref=6.22588235294: Time to solve stand alone optimisation problem: 0.943547964096
INFO:R0@tkref=6.22588235294: N of unsatisfied eq: 2
INFO:R0@tkref=6.22588235294: N of unsatisfied ieq: 13
INFO:R0@tkref=6.22588235294: Summary: Optimization terminated successfully. after 10 it.
INFO:R0: --------------------------
INFO:R0@tkref=6.74470588236: Time to solve stand alone optimisation problem: 1.0460460186
INFO:R0@tkref=6.74470588236: N of unsatisfied eq: 3
INFO:R0@tkref=6.74470588236: N of unsatisfied ieq: 11
INFO:R0@tkref=6.74470588236: Summary: Optimization terminated successfully. after 11 it.
INFO:R0: --------------------------
INFO:R0@tkref=7.26352941177: Time to solve stand alone optimisation problem: 1.03595685959
INFO:R0@tkref=7.26352941177: N of unsatisfied eq: 3
INFO:R0@tkref=7.26352941177: N of unsatisfied ieq: 9
INFO:R0@tkref=7.26352941177: Summary: Optimization terminated successfully. after 11 it.
INFO:R0: --------------------------
INFO:R0@tkref=7.78235294118: Time to solve stand alone optimisation problem: 1.13253808022
INFO:R0@tkref=7.78235294118: N of unsatisfied eq: 2
INFO:R0@tkref=7.78235294118: N of unsatisfied ieq: 11
INFO:R0@tkref=7.78235294118: Summary: Optimization terminated successfully. after 12 it.
INFO:R0: --------------------------
INFO:R0@tkref=8.30117647059: Time to solve stand alone optimisation problem: 1.0390598774
INFO:R0@tkref=8.30117647059: N of unsatisfied eq: 3
INFO:R0@tkref=8.30117647059: N of unsatisfied ieq: 10
INFO:R0@tkref=8.30117647059: Summary: Optimization terminated successfully. after 11 it.
INFO:R0: --------------------------
INFO:R0@tkref=8.82: Time to solve stand alone optimisation problem: 0.763928890228
INFO:R0@tkref=8.82: N of unsatisfied eq: 3
INFO:R0@tkref=8.82: N of unsatisfied ieq: 9
INFO:R0@tkref=8.82: Summary: Optimization terminated successfully. after 8 it.
INFO:R0: --------------------------
INFO:R0@tkref=9.33882352942: Time to solve stand alone optimisation problem: 0.754945039749
INFO:R0@tkref=9.33882352942: N of unsatisfied eq: 3
INFO:R0@tkref=9.33882352942: N of unsatisfied ieq: 9
INFO:R0@tkref=9.33882352942: Summary: Optimization terminated successfully. after 8 it.
INFO:R0: --------------------------
INFO:R0@tkref=9.85764705883: Time to solve stand alone optimisation problem: 0.852512836456
INFO:R0@tkref=9.85764705883: N of unsatisfied eq: 2
INFO:R0@tkref=9.85764705883: N of unsatisfied ieq: 9
INFO:R0@tkref=9.85764705883: Summary: Optimization terminated successfully. after 9 it.
INFO:R0: --------------------------
INFO:R0@tkref=10.3764705882: Time to solve stand alone optimisation problem: 0.77047419548
INFO:R0@tkref=10.3764705882: N of unsatisfied eq: 3
INFO:R0@tkref=10.3764705882: N of unsatisfied ieq: 9
INFO:R0@tkref=10.3764705882: Summary: Optimization terminated successfully. after 8 it.
INFO:R0: --------------------------
INFO:R0@tkref=10.8952941177: Time to solve stand alone optimisation problem: 0.663431882858
INFO:R0@tkref=10.8952941177: N of unsatisfied eq: 3
INFO:R0@tkref=10.8952941177: N of unsatisfied ieq: 10
INFO:R0@tkref=10.8952941177: Summary: Optimization terminated successfully. after 7 it.
INFO:R0: --------------------------
INFO:R0@tkref=11.4141176471: Time to solve stand alone optimisation problem: 0.762031078339
INFO:R0@tkref=11.4141176471: N of unsatisfied eq: 2
INFO:R0@tkref=11.4141176471: N of unsatisfied ieq: 10
INFO:R0@tkref=11.4141176471: Summary: Optimization terminated successfully. after 8 it.
INFO:R0: --------------------------
INFO:R0@tkref=11.9329411765: Time to solve stand alone optimisation problem: 0.766784906387
INFO:R0@tkref=11.9329411765: N of unsatisfied eq: 3
INFO:R0@tkref=11.9329411765: N of unsatisfied ieq: 10
INFO:R0@tkref=11.9329411765: Summary: Optimization terminated successfully. after 8 it.
INFO:R0: --------------------------
INFO:R0@tkref=12.4517647059: Time to solve stand alone optimisation problem: 0.57051897049
INFO:R0@tkref=12.4517647059: N of unsatisfied eq: 3
INFO:R0@tkref=12.4517647059: N of unsatisfied ieq: 9
INFO:R0@tkref=12.4517647059: Summary: Optimization terminated successfully. after 6 it.
INFO:R0: --------------------------
INFO:R0@tkref=12.9705882353: Time to solve stand alone optimisation problem: 0.757687091827
INFO:R0@tkref=12.9705882353: N of unsatisfied eq: 3
INFO:R0@tkref=12.9705882353: N of unsatisfied ieq: 9
INFO:R0@tkref=12.9705882353: Summary: Optimization terminated successfully. after 8 it.
INFO:R0: --------------------------
INFO:R0@tkref=13.4894117647: Time to solve stand alone optimisation problem: 0.668391942978
INFO:R0@tkref=13.4894117647: N of unsatisfied eq: 3
INFO:R0@tkref=13.4894117647: N of unsatisfied ieq: 10
INFO:R0@tkref=13.4894117647: Summary: Optimization terminated successfully. after 7 it.
INFO:R0: --------------------------
INFO:R0@tkref=14.0082352941: Time to solve stand alone optimisation problem: 0.472643136978
INFO:R0@tkref=14.0082352941: N of unsatisfied eq: 3
INFO:R0@tkref=14.0082352941: N of unsatisfied ieq: 10
INFO:R0@tkref=14.0082352941: Summary: Optimization terminated successfully. after 5 it.
INFO:R0: --------------------------
INFO:R0@tkref=14.5270588235: Time to solve stand alone optimisation problem: 0.663707971573
INFO:R0@tkref=14.5270588235: N of unsatisfied eq: 3
INFO:R0@tkref=14.5270588235: N of unsatisfied ieq: 14
INFO:R0@tkref=14.5270588235: Summary: Optimization terminated successfully. after 7 it.
INFO:R0: --------------------------
INFO:R0@tkref=15.0458823529: Time to solve stand alone optimisation problem: 0.757700920105
INFO:R0@tkref=15.0458823529: N of unsatisfied eq: 2
INFO:R0@tkref=15.0458823529: N of unsatisfied ieq: 10
INFO:R0@tkref=15.0458823529: Summary: Optimization terminated successfully. after 8 it.
INFO:R0: --------------------------
INFO:R0@tkref=15.5647058824: Time to solve stand alone optimisation problem: 0.757452011108
INFO:R0@tkref=15.5647058824: N of unsatisfied eq: 3
INFO:R0@tkref=15.5647058824: N of unsatisfied ieq: 10
INFO:R0@tkref=15.5647058824: Summary: Optimization terminated successfully. after 8 it.
INFO:R0: --------------------------
INFO:R0@tkref=16.0835294118: Time to solve stand alone optimisation problem: 2.26538610458
INFO:R0@tkref=16.0835294118: N of unsatisfied eq: 3
INFO:R0@tkref=16.0835294118: N of unsatisfied ieq: 9
INFO:R0@tkref=16.0835294118: Summary: Optimization terminated successfully. after 24 it.
INFO:R0: --------------------------
INFO:R0@tkref=16.6023529412: Time to solve stand alone optimisation problem: 0.470278024673
INFO:R0@tkref=16.6023529412: N of unsatisfied eq: 3
INFO:R0@tkref=16.6023529412: N of unsatisfied ieq: 7
INFO:R0@tkref=16.6023529412: Summary: Optimization terminated successfully. after 5 it.
INFO:R0: --------------------------
INFO:R0@tkref=17.1211764706: Time to solve stand alone optimisation problem: 5.05866193771
INFO:R0@tkref=17.1211764706: N of unsatisfied eq: 10
INFO:R0@tkref=17.1211764706: N of unsatisfied ieq: 2
INFO:R0@tkref=17.1211764706: Summary: Iteration limit exceeded after 51 it.
INFO:R0: Finished motion planning
INFO:R0: --------------------------
INFO:R0: TOT: 21.354420572
INFO:R0: NSE: 34
INFO:R0: FIR: 3.72472310066
INFO:R0: LAS: 5.05924296379
INFO:R0: MAX: 2.26607298851
INFO:R0: MIN: 0.470941066742
INFO:R0: AVG: 0.911307834089
INFO:R0: RAT: 4.36771437694
