INFO:R0: Init motion planning
INFO:R0@tkref=0.0: Time to solve stand alone optimisation problem: 3.81224513054
INFO:R0@tkref=0.0: N of unsatisfied eq: 3
INFO:R0@tkref=0.0: N of unsatisfied ieq: 3
INFO:R0@tkref=0.0: Summary: Iteration limit exceeded after 51 it.
INFO:R0: --------------------------
INFO:R0@tkref=1.44096385542: Time to solve stand alone optimisation problem: 4.47132110596
INFO:R0@tkref=1.44096385542: N of unsatisfied eq: 10
INFO:R0@tkref=1.44096385542: N of unsatisfied ieq: 2
INFO:R0@tkref=1.44096385542: Summary: Iteration limit exceeded after 51 it.
INFO:R0: Finished motion planning
INFO:R0: --------------------------
INFO:R0: TOT: 14.6123358994
INFO:R0: NSE: 2
INFO:R0: FIR: 3.81317019463
INFO:R0: LAS: 4.47190618515
INFO:R0: MAX: 4.47190618515
INFO:R0: MIN: 3.81317019463
INFO:R0: AVG: 4.14253818989
INFO:R0: RAT: 3.10341315525
