INFO:R0: Init motion planning
INFO:R0@tkref=0.0: Time to solve stand alone optimisation problem: 3.76906323433
INFO:R0@tkref=0.0: N of unsatisfied eq: 3
INFO:R0@tkref=0.0: N of unsatisfied ieq: 3
INFO:R0@tkref=0.0: Summary: Iteration limit exceeded after 51 it.
INFO:R0: --------------------------
INFO:R0@tkref=7.53615384615: Time to solve stand alone optimisation problem: 5.0777258873
INFO:R0@tkref=7.53615384615: N of unsatisfied eq: 10
INFO:R0@tkref=7.53615384615: N of unsatisfied ieq: 0
INFO:R0@tkref=7.53615384615: Summary: Iteration limit exceeded after 51 it.
INFO:R0: Finished motion planning
INFO:R0: --------------------------
INFO:R0: TOT: 14.7074153513
INFO:R0: NSE: 2
INFO:R0: FIR: 3.77005290985
INFO:R0: LAS: 5.07852196693
INFO:R0: MAX: 5.07852196693
INFO:R0: MIN: 3.77005290985
INFO:R0: AVG: 4.42428743839
INFO:R0: RAT: 0.673887777587
