INFO:R0: Init motion planning
INFO:R0@tkref=0.0: Time to solve stand alone optimisation problem: 3.66900897026
INFO:R0@tkref=0.0: N of unsatisfied eq: 3
INFO:R0@tkref=0.0: N of unsatisfied ieq: 12
INFO:R0@tkref=0.0: Summary: Iteration limit exceeded after 51 it.
INFO:R0: --------------------------
INFO:R0@tkref=0.11: Time to solve stand alone optimisation problem: 0.918448209763
INFO:R0@tkref=0.11: N of unsatisfied eq: 2
INFO:R0@tkref=0.11: N of unsatisfied ieq: 10
INFO:R0@tkref=0.11: Summary: Optimization terminated successfully. after 13 it.
INFO:R0: --------------------------
INFO:R0@tkref=0.22: Time to solve stand alone optimisation problem: 0.849575042725
INFO:R0@tkref=0.22: N of unsatisfied eq: 2
INFO:R0@tkref=0.22: N of unsatisfied ieq: 11
INFO:R0@tkref=0.22: Summary: Optimization terminated successfully. after 12 it.
INFO:R0: --------------------------
INFO:R0@tkref=0.33: Time to solve stand alone optimisation problem: 0.842445135117
INFO:R0@tkref=0.33: N of unsatisfied eq: 3
INFO:R0@tkref=0.33: N of unsatisfied ieq: 14
INFO:R0@tkref=0.33: Summary: Optimization terminated successfully. after 12 it.
INFO:R0: --------------------------
INFO:R0@tkref=0.44: Time to solve stand alone optimisation problem: 0.712089061737
INFO:R0@tkref=0.44: N of unsatisfied eq: 3
INFO:R0@tkref=0.44: N of unsatisfied ieq: 10
INFO:R0@tkref=0.44: Summary: Optimization terminated successfully. after 10 it.
INFO:R0: --------------------------
INFO:R0@tkref=0.55: Time to solve stand alone optimisation problem: 0.787225008011
INFO:R0@tkref=0.55: N of unsatisfied eq: 1
INFO:R0@tkref=0.55: N of unsatisfied ieq: 14
INFO:R0@tkref=0.55: Summary: Optimization terminated successfully. after 11 it.
INFO:R0: --------------------------
INFO:R0@tkref=0.66: Time to solve stand alone optimisation problem: 0.719022035599
INFO:R0@tkref=0.66: N of unsatisfied eq: 3
INFO:R0@tkref=0.66: N of unsatisfied ieq: 13
INFO:R0@tkref=0.66: Summary: Optimization terminated successfully. after 10 it.
INFO:R0: --------------------------
INFO:R0@tkref=0.77: Time to solve stand alone optimisation problem: 0.791970968246
INFO:R0@tkref=0.77: N of unsatisfied eq: 3
INFO:R0@tkref=0.77: N of unsatisfied ieq: 14
INFO:R0@tkref=0.77: Summary: Optimization terminated successfully. after 11 it.
INFO:R0: --------------------------
INFO:R0@tkref=0.88: Time to solve stand alone optimisation problem: 0.653913974762
INFO:R0@tkref=0.88: N of unsatisfied eq: 3
INFO:R0@tkref=0.88: N of unsatisfied ieq: 14
INFO:R0@tkref=0.88: Summary: Optimization terminated successfully. after 9 it.
INFO:R0: --------------------------
INFO:R0@tkref=0.99: Time to solve stand alone optimisation problem: 0.77903008461
INFO:R0@tkref=0.99: N of unsatisfied eq: 3
INFO:R0@tkref=0.99: N of unsatisfied ieq: 11
INFO:R0@tkref=0.99: Summary: Optimization terminated successfully. after 11 it.
INFO:R0: --------------------------
INFO:R0@tkref=1.1: Time to solve stand alone optimisation problem: 1.24345993996
INFO:R0@tkref=1.1: N of unsatisfied eq: 3
INFO:R0@tkref=1.1: N of unsatisfied ieq: 12
INFO:R0@tkref=1.1: Summary: Optimization terminated successfully. after 15 it.
INFO:R0: --------------------------
INFO:R0@tkref=1.21: Time to solve stand alone optimisation problem: 1.32108807564
INFO:R0@tkref=1.21: N of unsatisfied eq: 2
INFO:R0@tkref=1.21: N of unsatisfied ieq: 12
INFO:R0@tkref=1.21: Summary: Optimization terminated successfully. after 16 it.
INFO:R0: --------------------------
INFO:R0@tkref=1.32: Time to solve stand alone optimisation problem: 1.23137807846
INFO:R0@tkref=1.32: N of unsatisfied eq: 2
INFO:R0@tkref=1.32: N of unsatisfied ieq: 12
INFO:R0@tkref=1.32: Summary: Optimization terminated successfully. after 15 it.
INFO:R0: --------------------------
INFO:R0@tkref=1.43: Time to solve stand alone optimisation problem: 1.90554094315
INFO:R0@tkref=1.43: N of unsatisfied eq: 3
INFO:R0@tkref=1.43: N of unsatisfied ieq: 11
INFO:R0@tkref=1.43: Summary: Optimization terminated successfully. after 23 it.
INFO:R0: --------------------------
INFO:R0@tkref=1.54: Time to solve stand alone optimisation problem: 1.31050682068
INFO:R0@tkref=1.54: N of unsatisfied eq: 2
INFO:R0@tkref=1.54: N of unsatisfied ieq: 9
INFO:R0@tkref=1.54: Summary: Optimization terminated successfully. after 16 it.
INFO:R0: --------------------------
INFO:R0@tkref=1.65: Time to solve stand alone optimisation problem: 1.23887491226
INFO:R0@tkref=1.65: N of unsatisfied eq: 2
INFO:R0@tkref=1.65: N of unsatisfied ieq: 13
INFO:R0@tkref=1.65: Summary: Optimization terminated successfully. after 15 it.
INFO:R0: --------------------------
INFO:R0@tkref=1.76: Time to solve stand alone optimisation problem: 1.30645704269
INFO:R0@tkref=1.76: N of unsatisfied eq: 3
INFO:R0@tkref=1.76: N of unsatisfied ieq: 11
INFO:R0@tkref=1.76: Summary: Optimization terminated successfully. after 16 it.
INFO:R0: --------------------------
INFO:R0@tkref=1.87: Time to solve stand alone optimisation problem: 1.22181987762
INFO:R0@tkref=1.87: N of unsatisfied eq: 3
INFO:R0@tkref=1.87: N of unsatisfied ieq: 13
INFO:R0@tkref=1.87: Summary: Optimization terminated successfully. after 13 it.
INFO:R0: --------------------------
INFO:R0@tkref=1.98: Time to solve stand alone optimisation problem: 2.0758099556
INFO:R0@tkref=1.98: N of unsatisfied eq: 2
INFO:R0@tkref=1.98: N of unsatisfied ieq: 13
INFO:R0@tkref=1.98: Summary: Optimization terminated successfully. after 23 it.
INFO:R0: --------------------------
INFO:R0@tkref=2.09: Time to solve stand alone optimisation problem: 1.31436491013
INFO:R0@tkref=2.09: N of unsatisfied eq: 3
INFO:R0@tkref=2.09: N of unsatisfied ieq: 12
INFO:R0@tkref=2.09: Summary: Optimization terminated successfully. after 14 it.
INFO:R0: --------------------------
INFO:R0@tkref=2.2: Time to solve stand alone optimisation problem: 1.21331000328
INFO:R0@tkref=2.2: N of unsatisfied eq: 3
INFO:R0@tkref=2.2: N of unsatisfied ieq: 16
INFO:R0@tkref=2.2: Summary: Optimization terminated successfully. after 13 it.
INFO:R0: --------------------------
INFO:R0@tkref=2.31: Time to solve stand alone optimisation problem: 1.2191901207
INFO:R0@tkref=2.31: N of unsatisfied eq: 3
INFO:R0@tkref=2.31: N of unsatisfied ieq: 11
INFO:R0@tkref=2.31: Summary: Optimization terminated successfully. after 13 it.
INFO:R0: --------------------------
INFO:R0@tkref=2.42: Time to solve stand alone optimisation problem: 1.12931704521
INFO:R0@tkref=2.42: N of unsatisfied eq: 3
INFO:R0@tkref=2.42: N of unsatisfied ieq: 11
INFO:R0@tkref=2.42: Summary: Optimization terminated successfully. after 12 it.
INFO:R0: --------------------------
INFO:R0@tkref=2.53: Time to solve stand alone optimisation problem: 0.945396184921
INFO:R0@tkref=2.53: N of unsatisfied eq: 3
INFO:R0@tkref=2.53: N of unsatisfied ieq: 9
INFO:R0@tkref=2.53: Summary: Optimization terminated successfully. after 10 it.
INFO:R0: --------------------------
INFO:R0@tkref=2.64: Time to solve stand alone optimisation problem: 1.30462002754
INFO:R0@tkref=2.64: N of unsatisfied eq: 3
INFO:R0@tkref=2.64: N of unsatisfied ieq: 10
INFO:R0@tkref=2.64: Summary: Optimization terminated successfully. after 14 it.
INFO:R0: --------------------------
INFO:R0@tkref=2.75: Time to solve stand alone optimisation problem: 0.880883932114
INFO:R0@tkref=2.75: N of unsatisfied eq: 3
INFO:R0@tkref=2.75: N of unsatisfied ieq: 26
INFO:R0@tkref=2.75: Summary: Optimization terminated successfully. after 13 it.
INFO:R0: --------------------------
INFO:R0@tkref=2.86: Time to solve stand alone optimisation problem: 1.34662485123
INFO:R0@tkref=2.86: N of unsatisfied eq: 5
INFO:R0@tkref=2.86: N of unsatisfied ieq: 22
INFO:R0@tkref=2.86: Summary: Optimization terminated successfully. after 18 it.
INFO:R0: --------------------------
DEBUG:R0: Big problem 1.18495368869e+12
DEBUG:R0: Big problem 11846112609.6
DEBUG:R0: Big problem 118118970.614
DEBUG:R0: Big problem 1147246.41154
INFO:R0@tkref=2.97: Time to solve stand alone optimisation problem: 1.75190997124
INFO:R0@tkref=2.97: N of unsatisfied eq: 5
INFO:R0@tkref=2.97: N of unsatisfied ieq: 24
INFO:R0@tkref=2.97: Summary: Optimization terminated successfully. after 22 it.
INFO:R0: --------------------------
DEBUG:R0: Big problem 5722692.3413
DEBUG:R0: Big problem 1.20310966179e+12
DEBUG:R0: Big problem 12031883182.9
DEBUG:R0: Big problem 120397512.054
DEBUG:R0: Big problem 1211866.86639
DEBUG:R0: Big problem 5.56500624231e+16
DEBUG:R0: Big problem 5.56500454907e+14
DEBUG:R0: Big problem 5.5649876167e+12
DEBUG:R0: Big problem 55648182953.9
DEBUG:R0: Big problem 556312531.953
DEBUG:R0: Big problem 5546219.28497
DEBUG:R0: Big problem 23955925.1321
DEBUG:R0: Big problem 235883.666287
DEBUG:R0: Big problem 28060624318.4
DEBUG:R0: Big problem 280457994.154
DEBUG:R0: Big problem 2789777.48642
DEBUG:R0: Big problem 561363.081216
INFO:R0@tkref=3.08: Time to solve stand alone optimisation problem: 5.19845795631
INFO:R0@tkref=3.08: N of unsatisfied eq: 3
INFO:R0@tkref=3.08: N of unsatisfied ieq: 13
INFO:R0@tkref=3.08: Summary: Iteration limit exceeded after 51 it.
INFO:R0: --------------------------
INFO:R0@tkref=3.19: Time to solve stand alone optimisation problem: 1.03126096725
INFO:R0@tkref=3.19: N of unsatisfied eq: 2
INFO:R0@tkref=3.19: N of unsatisfied ieq: 10
INFO:R0@tkref=3.19: Summary: Optimization terminated successfully. after 11 it.
INFO:R0: --------------------------
INFO:R0@tkref=3.3: Time to solve stand alone optimisation problem: 1.24246287346
INFO:R0@tkref=3.3: N of unsatisfied eq: 3
INFO:R0@tkref=3.3: N of unsatisfied ieq: 10
INFO:R0@tkref=3.3: Summary: Optimization terminated successfully. after 13 it.
INFO:R0: --------------------------
INFO:R0@tkref=3.41: Time to solve stand alone optimisation problem: 1.33055615425
INFO:R0@tkref=3.41: N of unsatisfied eq: 3
INFO:R0@tkref=3.41: N of unsatisfied ieq: 11
INFO:R0@tkref=3.41: Summary: Optimization terminated successfully. after 14 it.
INFO:R0: --------------------------
INFO:R0@tkref=3.52: Time to solve stand alone optimisation problem: 1.05472278595
INFO:R0@tkref=3.52: N of unsatisfied eq: 3
INFO:R0@tkref=3.52: N of unsatisfied ieq: 15
INFO:R0@tkref=3.52: Summary: Optimization terminated successfully. after 11 it.
INFO:R0: --------------------------
INFO:R0@tkref=3.63: Time to solve stand alone optimisation problem: 0.860988140106
INFO:R0@tkref=3.63: N of unsatisfied eq: 3
INFO:R0@tkref=3.63: N of unsatisfied ieq: 11
INFO:R0@tkref=3.63: Summary: Optimization terminated successfully. after 9 it.
INFO:R0: --------------------------
INFO:R0@tkref=3.74: Time to solve stand alone optimisation problem: 0.865514039993
INFO:R0@tkref=3.74: N of unsatisfied eq: 3
INFO:R0@tkref=3.74: N of unsatisfied ieq: 10
INFO:R0@tkref=3.74: Summary: Optimization terminated successfully. after 9 it.
INFO:R0: --------------------------
INFO:R0@tkref=3.85: Time to solve stand alone optimisation problem: 0.860412120819
INFO:R0@tkref=3.85: N of unsatisfied eq: 3
INFO:R0@tkref=3.85: N of unsatisfied ieq: 12
INFO:R0@tkref=3.85: Summary: Optimization terminated successfully. after 9 it.
INFO:R0: --------------------------
INFO:R0@tkref=3.96: Time to solve stand alone optimisation problem: 0.851485013962
INFO:R0@tkref=3.96: N of unsatisfied eq: 3
INFO:R0@tkref=3.96: N of unsatisfied ieq: 12
INFO:R0@tkref=3.96: Summary: Optimization terminated successfully. after 9 it.
INFO:R0: --------------------------
INFO:R0@tkref=4.07: Time to solve stand alone optimisation problem: 0.672008037567
INFO:R0@tkref=4.07: N of unsatisfied eq: 3
INFO:R0@tkref=4.07: N of unsatisfied ieq: 13
INFO:R0@tkref=4.07: Summary: Optimization terminated successfully. after 7 it.
INFO:R0: --------------------------
INFO:R0@tkref=4.18: Time to solve stand alone optimisation problem: 0.855829000473
INFO:R0@tkref=4.18: N of unsatisfied eq: 3
INFO:R0@tkref=4.18: N of unsatisfied ieq: 11
INFO:R0@tkref=4.18: Summary: Optimization terminated successfully. after 9 it.
INFO:R0: --------------------------
INFO:R0@tkref=4.29: Time to solve stand alone optimisation problem: 0.767655134201
INFO:R0@tkref=4.29: N of unsatisfied eq: 3
INFO:R0@tkref=4.29: N of unsatisfied ieq: 13
INFO:R0@tkref=4.29: Summary: Optimization terminated successfully. after 8 it.
INFO:R0: --------------------------
INFO:R0@tkref=4.4: Time to solve stand alone optimisation problem: 0.860233068466
INFO:R0@tkref=4.4: N of unsatisfied eq: 3
INFO:R0@tkref=4.4: N of unsatisfied ieq: 14
INFO:R0@tkref=4.4: Summary: Optimization terminated successfully. after 9 it.
INFO:R0: --------------------------
INFO:R0@tkref=4.51: Time to solve stand alone optimisation problem: 0.671535968781
INFO:R0@tkref=4.51: N of unsatisfied eq: 3
INFO:R0@tkref=4.51: N of unsatisfied ieq: 16
INFO:R0@tkref=4.51: Summary: Optimization terminated successfully. after 7 it.
INFO:R0: --------------------------
INFO:R0@tkref=4.62: Time to solve stand alone optimisation problem: 0.781893014908
INFO:R0@tkref=4.62: N of unsatisfied eq: 3
INFO:R0@tkref=4.62: N of unsatisfied ieq: 17
INFO:R0@tkref=4.62: Summary: Optimization terminated successfully. after 8 it.
INFO:R0: --------------------------
INFO:R0@tkref=4.73: Time to solve stand alone optimisation problem: 0.855773925781
INFO:R0@tkref=4.73: N of unsatisfied eq: 3
INFO:R0@tkref=4.73: N of unsatisfied ieq: 14
INFO:R0@tkref=4.73: Summary: Optimization terminated successfully. after 9 it.
INFO:R0: --------------------------
INFO:R0@tkref=4.84: Time to solve stand alone optimisation problem: 0.86453294754
INFO:R0@tkref=4.84: N of unsatisfied eq: 3
INFO:R0@tkref=4.84: N of unsatisfied ieq: 16
INFO:R0@tkref=4.84: Summary: Optimization terminated successfully. after 9 it.
INFO:R0: --------------------------
INFO:R0@tkref=4.95: Time to solve stand alone optimisation problem: 0.773118019104
INFO:R0@tkref=4.95: N of unsatisfied eq: 3
INFO:R0@tkref=4.95: N of unsatisfied ieq: 12
INFO:R0@tkref=4.95: Summary: Optimization terminated successfully. after 8 it.
INFO:R0: --------------------------
INFO:R0@tkref=5.06: Time to solve stand alone optimisation problem: 0.865613937378
INFO:R0@tkref=5.06: N of unsatisfied eq: 3
INFO:R0@tkref=5.06: N of unsatisfied ieq: 14
INFO:R0@tkref=5.06: Summary: Optimization terminated successfully. after 9 it.
INFO:R0: --------------------------
INFO:R0@tkref=5.17: Time to solve stand alone optimisation problem: 0.865703821182
INFO:R0@tkref=5.17: N of unsatisfied eq: 3
INFO:R0@tkref=5.17: N of unsatisfied ieq: 16
INFO:R0@tkref=5.17: Summary: Optimization terminated successfully. after 9 it.
INFO:R0: --------------------------
INFO:R0@tkref=5.28: Time to solve stand alone optimisation problem: 0.768020868301
INFO:R0@tkref=5.28: N of unsatisfied eq: 3
INFO:R0@tkref=5.28: N of unsatisfied ieq: 14
INFO:R0@tkref=5.28: Summary: Optimization terminated successfully. after 8 it.
INFO:R0: --------------------------
INFO:R0@tkref=5.39: Time to solve stand alone optimisation problem: 0.768400907516
INFO:R0@tkref=5.39: N of unsatisfied eq: 2
INFO:R0@tkref=5.39: N of unsatisfied ieq: 14
INFO:R0@tkref=5.39: Summary: Optimization terminated successfully. after 8 it.
INFO:R0: --------------------------
INFO:R0@tkref=5.5: Time to solve stand alone optimisation problem: 0.864928007126
INFO:R0@tkref=5.5: N of unsatisfied eq: 3
INFO:R0@tkref=5.5: N of unsatisfied ieq: 16
INFO:R0@tkref=5.5: Summary: Optimization terminated successfully. after 9 it.
INFO:R0: --------------------------
INFO:R0@tkref=5.61: Time to solve stand alone optimisation problem: 0.773008108139
INFO:R0@tkref=5.61: N of unsatisfied eq: 3
INFO:R0@tkref=5.61: N of unsatisfied ieq: 12
INFO:R0@tkref=5.61: Summary: Optimization terminated successfully. after 8 it.
INFO:R0: --------------------------
INFO:R0@tkref=5.72: Time to solve stand alone optimisation problem: 0.671658992767
INFO:R0@tkref=5.72: N of unsatisfied eq: 3
INFO:R0@tkref=5.72: N of unsatisfied ieq: 16
INFO:R0@tkref=5.72: Summary: Optimization terminated successfully. after 7 it.
INFO:R0: --------------------------
INFO:R0@tkref=5.83: Time to solve stand alone optimisation problem: 0.772458076477
INFO:R0@tkref=5.83: N of unsatisfied eq: 2
INFO:R0@tkref=5.83: N of unsatisfied ieq: 14
INFO:R0@tkref=5.83: Summary: Optimization terminated successfully. after 8 it.
INFO:R0: --------------------------
INFO:R0@tkref=5.94: Time to solve stand alone optimisation problem: 0.859807014465
INFO:R0@tkref=5.94: N of unsatisfied eq: 3
INFO:R0@tkref=5.94: N of unsatisfied ieq: 16
INFO:R0@tkref=5.94: Summary: Optimization terminated successfully. after 9 it.
INFO:R0: --------------------------
INFO:R0@tkref=6.05: Time to solve stand alone optimisation problem: 0.850482940674
INFO:R0@tkref=6.05: N of unsatisfied eq: 3
INFO:R0@tkref=6.05: N of unsatisfied ieq: 15
INFO:R0@tkref=6.05: Summary: Optimization terminated successfully. after 9 it.
INFO:R0: --------------------------
INFO:R0@tkref=6.16: Time to solve stand alone optimisation problem: 0.772608995438
INFO:R0@tkref=6.16: N of unsatisfied eq: 3
INFO:R0@tkref=6.16: N of unsatisfied ieq: 15
INFO:R0@tkref=6.16: Summary: Optimization terminated successfully. after 8 it.
INFO:R0: --------------------------
INFO:R0@tkref=6.27: Time to solve stand alone optimisation problem: 0.672056913376
INFO:R0@tkref=6.27: N of unsatisfied eq: 3
INFO:R0@tkref=6.27: N of unsatisfied ieq: 15
INFO:R0@tkref=6.27: Summary: Optimization terminated successfully. after 7 it.
INFO:R0: --------------------------
INFO:R0@tkref=6.38: Time to solve stand alone optimisation problem: 0.767724990845
INFO:R0@tkref=6.38: N of unsatisfied eq: 2
INFO:R0@tkref=6.38: N of unsatisfied ieq: 13
INFO:R0@tkref=6.38: Summary: Optimization terminated successfully. after 8 it.
INFO:R0: --------------------------
INFO:R0@tkref=6.49: Time to solve stand alone optimisation problem: 0.768331050873
INFO:R0@tkref=6.49: N of unsatisfied eq: 3
INFO:R0@tkref=6.49: N of unsatisfied ieq: 17
INFO:R0@tkref=6.49: Summary: Optimization terminated successfully. after 8 it.
INFO:R0: --------------------------
INFO:R0@tkref=6.6: Time to solve stand alone optimisation problem: 0.676096916199
INFO:R0@tkref=6.6: N of unsatisfied eq: 3
INFO:R0@tkref=6.6: N of unsatisfied ieq: 16
INFO:R0@tkref=6.6: Summary: Optimization terminated successfully. after 7 it.
INFO:R0: --------------------------
INFO:R0@tkref=6.71: Time to solve stand alone optimisation problem: 0.676098108292
INFO:R0@tkref=6.71: N of unsatisfied eq: 3
INFO:R0@tkref=6.71: N of unsatisfied ieq: 16
INFO:R0@tkref=6.71: Summary: Optimization terminated successfully. after 7 it.
INFO:R0: --------------------------
INFO:R0@tkref=6.82: Time to solve stand alone optimisation problem: 0.666748046875
INFO:R0@tkref=6.82: N of unsatisfied eq: 3
INFO:R0@tkref=6.82: N of unsatisfied ieq: 15
INFO:R0@tkref=6.82: Summary: Optimization terminated successfully. after 7 it.
INFO:R0: --------------------------
INFO:R0@tkref=6.93: Time to solve stand alone optimisation problem: 0.768457889557
INFO:R0@tkref=6.93: N of unsatisfied eq: 3
INFO:R0@tkref=6.93: N of unsatisfied ieq: 16
INFO:R0@tkref=6.93: Summary: Optimization terminated successfully. after 8 it.
INFO:R0: --------------------------
INFO:R0@tkref=7.04: Time to solve stand alone optimisation problem: 0.676405906677
INFO:R0@tkref=7.04: N of unsatisfied eq: 3
INFO:R0@tkref=7.04: N of unsatisfied ieq: 12
INFO:R0@tkref=7.04: Summary: Optimization terminated successfully. after 7 it.
INFO:R0: --------------------------
INFO:R0@tkref=7.15: Time to solve stand alone optimisation problem: 0.676260948181
INFO:R0@tkref=7.15: N of unsatisfied eq: 3
INFO:R0@tkref=7.15: N of unsatisfied ieq: 12
INFO:R0@tkref=7.15: Summary: Optimization terminated successfully. after 7 it.
INFO:R0: --------------------------
INFO:R0@tkref=7.26: Time to solve stand alone optimisation problem: 0.672006130219
INFO:R0@tkref=7.26: N of unsatisfied eq: 3
INFO:R0@tkref=7.26: N of unsatisfied ieq: 16
INFO:R0@tkref=7.26: Summary: Optimization terminated successfully. after 7 it.
INFO:R0: --------------------------
INFO:R0@tkref=7.37: Time to solve stand alone optimisation problem: 0.76337313652
INFO:R0@tkref=7.37: N of unsatisfied eq: 3
INFO:R0@tkref=7.37: N of unsatisfied ieq: 17
INFO:R0@tkref=7.37: Summary: Optimization terminated successfully. after 8 it.
INFO:R0: --------------------------
INFO:R0@tkref=7.48: Time to solve stand alone optimisation problem: 0.96110701561
INFO:R0@tkref=7.48: N of unsatisfied eq: 3
INFO:R0@tkref=7.48: N of unsatisfied ieq: 15
INFO:R0@tkref=7.48: Summary: Optimization terminated successfully. after 10 it.
INFO:R0: --------------------------
INFO:R0@tkref=7.59: Time to solve stand alone optimisation problem: 0.671648979187
INFO:R0@tkref=7.59: N of unsatisfied eq: 3
INFO:R0@tkref=7.59: N of unsatisfied ieq: 16
INFO:R0@tkref=7.59: Summary: Optimization terminated successfully. after 7 it.
INFO:R0: --------------------------
INFO:R0@tkref=7.7: Time to solve stand alone optimisation problem: 0.676004886627
INFO:R0@tkref=7.7: N of unsatisfied eq: 3
INFO:R0@tkref=7.7: N of unsatisfied ieq: 12
INFO:R0@tkref=7.7: Summary: Optimization terminated successfully. after 7 it.
INFO:R0: --------------------------
INFO:R0@tkref=7.81: Time to solve stand alone optimisation problem: 0.676125049591
INFO:R0@tkref=7.81: N of unsatisfied eq: 3
INFO:R0@tkref=7.81: N of unsatisfied ieq: 12
INFO:R0@tkref=7.81: Summary: Optimization terminated successfully. after 7 it.
INFO:R0: --------------------------
INFO:R0@tkref=7.92: Time to solve stand alone optimisation problem: 0.67169213295
INFO:R0@tkref=7.92: N of unsatisfied eq: 3
INFO:R0@tkref=7.92: N of unsatisfied ieq: 13
INFO:R0@tkref=7.92: Summary: Optimization terminated successfully. after 7 it.
INFO:R0: --------------------------
INFO:R0@tkref=8.03: Time to solve stand alone optimisation problem: 0.67129611969
INFO:R0@tkref=8.03: N of unsatisfied eq: 3
INFO:R0@tkref=8.03: N of unsatisfied ieq: 16
INFO:R0@tkref=8.03: Summary: Optimization terminated successfully. after 7 it.
INFO:R0: --------------------------
INFO:R0@tkref=8.14: Time to solve stand alone optimisation problem: 0.67619395256
INFO:R0@tkref=8.14: N of unsatisfied eq: 3
INFO:R0@tkref=8.14: N of unsatisfied ieq: 17
INFO:R0@tkref=8.14: Summary: Optimization terminated successfully. after 7 it.
INFO:R0: --------------------------
INFO:R0@tkref=8.25: Time to solve stand alone optimisation problem: 0.777537107468
INFO:R0@tkref=8.25: N of unsatisfied eq: 3
INFO:R0@tkref=8.25: N of unsatisfied ieq: 15
INFO:R0@tkref=8.25: Summary: Optimization terminated successfully. after 8 it.
INFO:R0: --------------------------
INFO:R0@tkref=8.36: Time to solve stand alone optimisation problem: 0.67209815979
INFO:R0@tkref=8.36: N of unsatisfied eq: 3
INFO:R0@tkref=8.36: N of unsatisfied ieq: 16
INFO:R0@tkref=8.36: Summary: Optimization terminated successfully. after 7 it.
INFO:R0: --------------------------
INFO:R0@tkref=8.47: Time to solve stand alone optimisation problem: 0.67621088028
INFO:R0@tkref=8.47: N of unsatisfied eq: 3
INFO:R0@tkref=8.47: N of unsatisfied ieq: 11
INFO:R0@tkref=8.47: Summary: Optimization terminated successfully. after 7 it.
INFO:R0: --------------------------
INFO:R0@tkref=8.58: Time to solve stand alone optimisation problem: 0.67712688446
INFO:R0@tkref=8.58: N of unsatisfied eq: 3
INFO:R0@tkref=8.58: N of unsatisfied ieq: 14
INFO:R0@tkref=8.58: Summary: Optimization terminated successfully. after 7 it.
INFO:R0: --------------------------
INFO:R0@tkref=8.69: Time to solve stand alone optimisation problem: 0.86554312706
INFO:R0@tkref=8.69: N of unsatisfied eq: 3
INFO:R0@tkref=8.69: N of unsatisfied ieq: 15
INFO:R0@tkref=8.69: Summary: Optimization terminated successfully. after 9 it.
INFO:R0: --------------------------
INFO:R0@tkref=8.8: Time to solve stand alone optimisation problem: 0.677139997482
INFO:R0@tkref=8.8: N of unsatisfied eq: 3
INFO:R0@tkref=8.8: N of unsatisfied ieq: 11
INFO:R0@tkref=8.8: Summary: Optimization terminated successfully. after 7 it.
INFO:R0: --------------------------
INFO:R0@tkref=8.91: Time to solve stand alone optimisation problem: 0.677273035049
INFO:R0@tkref=8.91: N of unsatisfied eq: 3
INFO:R0@tkref=8.91: N of unsatisfied ieq: 12
INFO:R0@tkref=8.91: Summary: Optimization terminated successfully. after 7 it.
INFO:R0: --------------------------
INFO:R0@tkref=9.02: Time to solve stand alone optimisation problem: 0.677160024643
INFO:R0@tkref=9.02: N of unsatisfied eq: 3
INFO:R0@tkref=9.02: N of unsatisfied ieq: 12
INFO:R0@tkref=9.02: Summary: Optimization terminated successfully. after 7 it.
INFO:R0: --------------------------
INFO:R0@tkref=9.13: Time to solve stand alone optimisation problem: 0.667430877686
INFO:R0@tkref=9.13: N of unsatisfied eq: 3
INFO:R0@tkref=9.13: N of unsatisfied ieq: 15
INFO:R0@tkref=9.13: Summary: Optimization terminated successfully. after 7 it.
INFO:R0: --------------------------
INFO:R0@tkref=9.24: Time to solve stand alone optimisation problem: 0.67665886879
INFO:R0@tkref=9.24: N of unsatisfied eq: 3
INFO:R0@tkref=9.24: N of unsatisfied ieq: 13
INFO:R0@tkref=9.24: Summary: Optimization terminated successfully. after 7 it.
INFO:R0: --------------------------
INFO:R0@tkref=9.35: Time to solve stand alone optimisation problem: 0.672317028046
INFO:R0@tkref=9.35: N of unsatisfied eq: 2
INFO:R0@tkref=9.35: N of unsatisfied ieq: 16
INFO:R0@tkref=9.35: Summary: Optimization terminated successfully. after 7 it.
INFO:R0: --------------------------
INFO:R0@tkref=9.46: Time to solve stand alone optimisation problem: 0.768774986267
INFO:R0@tkref=9.46: N of unsatisfied eq: 3
INFO:R0@tkref=9.46: N of unsatisfied ieq: 14
INFO:R0@tkref=9.46: Summary: Optimization terminated successfully. after 8 it.
INFO:R0: --------------------------
INFO:R0@tkref=9.57: Time to solve stand alone optimisation problem: 0.66742181778
INFO:R0@tkref=9.57: N of unsatisfied eq: 3
INFO:R0@tkref=9.57: N of unsatisfied ieq: 15
INFO:R0@tkref=9.57: Summary: Optimization terminated successfully. after 7 it.
INFO:R0: --------------------------
INFO:R0@tkref=9.68: Time to solve stand alone optimisation problem: 0.865244865417
INFO:R0@tkref=9.68: N of unsatisfied eq: 3
INFO:R0@tkref=9.68: N of unsatisfied ieq: 12
INFO:R0@tkref=9.68: Summary: Optimization terminated successfully. after 9 it.
INFO:R0: --------------------------
INFO:R0@tkref=9.79: Time to solve stand alone optimisation problem: 0.763831138611
INFO:R0@tkref=9.79: N of unsatisfied eq: 3
INFO:R0@tkref=9.79: N of unsatisfied ieq: 13
INFO:R0@tkref=9.79: Summary: Optimization terminated successfully. after 8 it.
INFO:R0: --------------------------
INFO:R0@tkref=9.9: Time to solve stand alone optimisation problem: 1.04025316238
INFO:R0@tkref=9.9: N of unsatisfied eq: 3
INFO:R0@tkref=9.9: N of unsatisfied ieq: 11
INFO:R0@tkref=9.9: Summary: Optimization terminated successfully. after 11 it.
INFO:R0: --------------------------
INFO:R0@tkref=10.01: Time to solve stand alone optimisation problem: 1.13373708725
INFO:R0@tkref=10.01: N of unsatisfied eq: 3
INFO:R0@tkref=10.01: N of unsatisfied ieq: 12
INFO:R0@tkref=10.01: Summary: Optimization terminated successfully. after 12 it.
INFO:R0: --------------------------
INFO:R0@tkref=10.12: Time to solve stand alone optimisation problem: 1.50779414177
INFO:R0@tkref=10.12: N of unsatisfied eq: 3
INFO:R0@tkref=10.12: N of unsatisfied ieq: 9
INFO:R0@tkref=10.12: Summary: Optimization terminated successfully. after 16 it.
INFO:R0: --------------------------
INFO:R0@tkref=10.23: Time to solve stand alone optimisation problem: 1.41507291794
INFO:R0@tkref=10.23: N of unsatisfied eq: 3
INFO:R0@tkref=10.23: N of unsatisfied ieq: 10
INFO:R0@tkref=10.23: Summary: Optimization terminated successfully. after 15 it.
INFO:R0: --------------------------
INFO:R0@tkref=10.34: Time to solve stand alone optimisation problem: 1.41451191902
INFO:R0@tkref=10.34: N of unsatisfied eq: 3
INFO:R0@tkref=10.34: N of unsatisfied ieq: 11
INFO:R0@tkref=10.34: Summary: Optimization terminated successfully. after 15 it.
INFO:R0: --------------------------
DEBUG:R0: Big problem 1.91582426224e+12
DEBUG:R0: Big problem 19157620035.0
DEBUG:R0: Big problem 191513947.206
DEBUG:R0: Big problem 1908919.7544
DEBUG:R0: Big problem 1.95099666778e+16
DEBUG:R0: Big problem 1.95099603985e+14
DEBUG:R0: Big problem 1.95098976052e+12
DEBUG:R0: Big problem 19509269677.8
DEBUG:R0: Big problem 195029909.633
DEBUG:R0: Big problem 1944025.97244
DEBUG:R0: Big problem 1.4160339378e+15
DEBUG:R0: Big problem 1.41603225557e+13
DEBUG:R0: Big problem 1.41601543328e+11
DEBUG:R0: Big problem 1415847215.94
DEBUG:R0: Big problem 14141655.9538
DEBUG:R0: Big problem 139740.467579
INFO:R0@tkref=10.45: Time to solve stand alone optimisation problem: 4.07890701294
INFO:R0@tkref=10.45: N of unsatisfied eq: 3
INFO:R0@tkref=10.45: N of unsatisfied ieq: 11
INFO:R0@tkref=10.45: Summary: Optimization terminated successfully. after 43 it.
INFO:R0: --------------------------
INFO:R0@tkref=10.56: Time to solve stand alone optimisation problem: 1.21619796753
INFO:R0@tkref=10.56: N of unsatisfied eq: 3
INFO:R0@tkref=10.56: N of unsatisfied ieq: 16
INFO:R0@tkref=10.56: Summary: Optimization terminated successfully. after 13 it.
INFO:R0: --------------------------
INFO:R0@tkref=10.67: Time to solve stand alone optimisation problem: 1.31768083572
INFO:R0@tkref=10.67: N of unsatisfied eq: 3
INFO:R0@tkref=10.67: N of unsatisfied ieq: 13
INFO:R0@tkref=10.67: Summary: Optimization terminated successfully. after 14 it.
INFO:R0: --------------------------
INFO:R0@tkref=10.78: Time to solve stand alone optimisation problem: 1.04135990143
INFO:R0@tkref=10.78: N of unsatisfied eq: 3
INFO:R0@tkref=10.78: N of unsatisfied ieq: 12
INFO:R0@tkref=10.78: Summary: Optimization terminated successfully. after 11 it.
INFO:R0: --------------------------
INFO:R0@tkref=10.89: Time to solve stand alone optimisation problem: 1.02853894234
INFO:R0@tkref=10.89: N of unsatisfied eq: 3
INFO:R0@tkref=10.89: N of unsatisfied ieq: 13
INFO:R0@tkref=10.89: Summary: Optimization terminated successfully. after 11 it.
INFO:R0: --------------------------
INFO:R0@tkref=11.0: Time to solve stand alone optimisation problem: 1.22294092178
INFO:R0@tkref=11.0: N of unsatisfied eq: 3
INFO:R0@tkref=11.0: N of unsatisfied ieq: 13
INFO:R0@tkref=11.0: Summary: Optimization terminated successfully. after 13 it.
INFO:R0: --------------------------
INFO:R0@tkref=11.11: Time to solve stand alone optimisation problem: 1.21828699112
INFO:R0@tkref=11.11: N of unsatisfied eq: 3
INFO:R0@tkref=11.11: N of unsatisfied ieq: 11
INFO:R0@tkref=11.11: Summary: Optimization terminated successfully. after 13 it.
INFO:R0: --------------------------
INFO:R0@tkref=11.22: Time to solve stand alone optimisation problem: 1.64828705788
INFO:R0@tkref=11.22: N of unsatisfied eq: 3
INFO:R0@tkref=11.22: N of unsatisfied ieq: 13
INFO:R0@tkref=11.22: Summary: Optimization terminated successfully. after 18 it.
INFO:R0: --------------------------
DEBUG:R0: Big problem 873506.175698
DEBUG:R0: Big problem 246569231.874
DEBUG:R0: Big problem 2456762.63906
INFO:R0@tkref=11.33: Time to solve stand alone optimisation problem: 4.69961094856
INFO:R0@tkref=11.33: N of unsatisfied eq: 3
INFO:R0@tkref=11.33: N of unsatisfied ieq: 18
INFO:R0@tkref=11.33: Summary: Iteration limit exceeded after 51 it.
INFO:R0: --------------------------
INFO:R0@tkref=11.44: Time to solve stand alone optimisation problem: 2.59360289574
INFO:R0@tkref=11.44: N of unsatisfied eq: 3
INFO:R0@tkref=11.44: N of unsatisfied ieq: 9
INFO:R0@tkref=11.44: Summary: Optimization terminated successfully. after 28 it.
INFO:R0: --------------------------
INFO:R0@tkref=11.55: Time to solve stand alone optimisation problem: 1.49485516548
INFO:R0@tkref=11.55: N of unsatisfied eq: 3
INFO:R0@tkref=11.55: N of unsatisfied ieq: 6
INFO:R0@tkref=11.55: Summary: Optimization terminated successfully. after 16 it.
INFO:R0: --------------------------
INFO:R0@tkref=11.66: Time to solve stand alone optimisation problem: 1.03337717056
INFO:R0@tkref=11.66: N of unsatisfied eq: 3
INFO:R0@tkref=11.66: N of unsatisfied ieq: 8
INFO:R0@tkref=11.66: Summary: Optimization terminated successfully. after 11 it.
INFO:R0: --------------------------
INFO:R0@tkref=11.77: Time to solve stand alone optimisation problem: 0.844486951828
INFO:R0@tkref=11.77: N of unsatisfied eq: 3
INFO:R0@tkref=11.77: N of unsatisfied ieq: 9
INFO:R0@tkref=11.77: Summary: Optimization terminated successfully. after 9 it.
INFO:R0: --------------------------
INFO:R0@tkref=11.88: Time to solve stand alone optimisation problem: 1.32381606102
INFO:R0@tkref=11.88: N of unsatisfied eq: 3
INFO:R0@tkref=11.88: N of unsatisfied ieq: 10
INFO:R0@tkref=11.88: Summary: Optimization terminated successfully. after 14 it.
INFO:R0: --------------------------
INFO:R0@tkref=11.99: Time to solve stand alone optimisation problem: 0.940975189209
INFO:R0@tkref=11.99: N of unsatisfied eq: 3
INFO:R0@tkref=11.99: N of unsatisfied ieq: 9
INFO:R0@tkref=11.99: Summary: Optimization terminated successfully. after 10 it.
INFO:R0: --------------------------
INFO:R0@tkref=12.1: Time to solve stand alone optimisation problem: 1.23582601547
INFO:R0@tkref=12.1: N of unsatisfied eq: 3
INFO:R0@tkref=12.1: N of unsatisfied ieq: 9
INFO:R0@tkref=12.1: Summary: Optimization terminated successfully. after 13 it.
INFO:R0: --------------------------
INFO:R0@tkref=12.21: Time to solve stand alone optimisation problem: 1.4076499939
INFO:R0@tkref=12.21: N of unsatisfied eq: 3
INFO:R0@tkref=12.21: N of unsatisfied ieq: 9
INFO:R0@tkref=12.21: Summary: Optimization terminated successfully. after 15 it.
INFO:R0: --------------------------
DEBUG:R0: Big problem 723540.416713
DEBUG:R0: Big problem 77555936920.5
DEBUG:R0: Big problem 775523755.086
DEBUG:R0: Big problem 7751678.94145
DEBUG:R0: Big problem 1309752585.92
DEBUG:R0: Big problem 13099501.2277
DEBUG:R0: Big problem 131195.894715
INFO:R0@tkref=12.32: Time to solve stand alone optimisation problem: 4.89968204498
INFO:R0@tkref=12.32: N of unsatisfied eq: 3
INFO:R0@tkref=12.32: N of unsatisfied ieq: 11
INFO:R0@tkref=12.32: Summary: Iteration limit exceeded after 51 it.
INFO:R0: --------------------------
INFO:R0@tkref=12.43: Time to solve stand alone optimisation problem: 1.32329511642
INFO:R0@tkref=12.43: N of unsatisfied eq: 3
INFO:R0@tkref=12.43: N of unsatisfied ieq: 10
INFO:R0@tkref=12.43: Summary: Optimization terminated successfully. after 14 it.
INFO:R0: --------------------------
INFO:R0@tkref=12.54: Time to solve stand alone optimisation problem: 1.13016605377
INFO:R0@tkref=12.54: N of unsatisfied eq: 3
INFO:R0@tkref=12.54: N of unsatisfied ieq: 10
INFO:R0@tkref=12.54: Summary: Optimization terminated successfully. after 12 it.
INFO:R0: --------------------------
INFO:R0@tkref=12.65: Time to solve stand alone optimisation problem: 1.60940313339
INFO:R0@tkref=12.65: N of unsatisfied eq: 3
INFO:R0@tkref=12.65: N of unsatisfied ieq: 9
INFO:R0@tkref=12.65: Summary: Optimization terminated successfully. after 17 it.
INFO:R0: --------------------------
INFO:R0@tkref=12.76: Time to solve stand alone optimisation problem: 1.4196460247
INFO:R0@tkref=12.76: N of unsatisfied eq: 3
INFO:R0@tkref=12.76: N of unsatisfied ieq: 10
INFO:R0@tkref=12.76: Summary: Optimization terminated successfully. after 15 it.
INFO:R0: --------------------------
INFO:R0@tkref=12.87: Time to solve stand alone optimisation problem: 0.861543893814
INFO:R0@tkref=12.87: N of unsatisfied eq: 3
INFO:R0@tkref=12.87: N of unsatisfied ieq: 10
INFO:R0@tkref=12.87: Summary: Optimization terminated successfully. after 9 it.
INFO:R0: --------------------------
INFO:R0@tkref=12.98: Time to solve stand alone optimisation problem: 1.13795995712
INFO:R0@tkref=12.98: N of unsatisfied eq: 3
INFO:R0@tkref=12.98: N of unsatisfied ieq: 10
INFO:R0@tkref=12.98: Summary: Optimization terminated successfully. after 12 it.
INFO:R0: --------------------------
INFO:R0@tkref=13.09: Time to solve stand alone optimisation problem: 0.7593998909
INFO:R0@tkref=13.09: N of unsatisfied eq: 3
INFO:R0@tkref=13.09: N of unsatisfied ieq: 12
INFO:R0@tkref=13.09: Summary: Optimization terminated successfully. after 8 it.
INFO:R0: --------------------------
INFO:R0@tkref=13.2: Time to solve stand alone optimisation problem: 0.852213859558
INFO:R0@tkref=13.2: N of unsatisfied eq: 3
INFO:R0@tkref=13.2: N of unsatisfied ieq: 14
INFO:R0@tkref=13.2: Summary: Optimization terminated successfully. after 9 it.
INFO:R0: --------------------------
INFO:R0@tkref=13.31: Time to solve stand alone optimisation problem: 0.76923584938
INFO:R0@tkref=13.31: N of unsatisfied eq: 3
INFO:R0@tkref=13.31: N of unsatisfied ieq: 16
INFO:R0@tkref=13.31: Summary: Optimization terminated successfully. after 8 it.
INFO:R0: --------------------------
INFO:R0@tkref=13.42: Time to solve stand alone optimisation problem: 0.67248916626
INFO:R0@tkref=13.42: N of unsatisfied eq: 3
INFO:R0@tkref=13.42: N of unsatisfied ieq: 14
INFO:R0@tkref=13.42: Summary: Optimization terminated successfully. after 7 it.
INFO:R0: --------------------------
INFO:R0@tkref=13.53: Time to solve stand alone optimisation problem: 0.575869083405
INFO:R0@tkref=13.53: N of unsatisfied eq: 3
INFO:R0@tkref=13.53: N of unsatisfied ieq: 11
INFO:R0@tkref=13.53: Summary: Optimization terminated successfully. after 6 it.
INFO:R0: --------------------------
INFO:R0@tkref=13.64: Time to solve stand alone optimisation problem: 0.580662965775
INFO:R0@tkref=13.64: N of unsatisfied eq: 3
INFO:R0@tkref=13.64: N of unsatisfied ieq: 15
INFO:R0@tkref=13.64: Summary: Optimization terminated successfully. after 6 it.
INFO:R0: --------------------------
INFO:R0@tkref=13.75: Time to solve stand alone optimisation problem: 0.760193109512
INFO:R0@tkref=13.75: N of unsatisfied eq: 3
INFO:R0@tkref=13.75: N of unsatisfied ieq: 12
INFO:R0@tkref=13.75: Summary: Optimization terminated successfully. after 8 it.
INFO:R0: --------------------------
INFO:R0@tkref=13.86: Time to solve stand alone optimisation problem: 0.673200130463
INFO:R0@tkref=13.86: N of unsatisfied eq: 3
INFO:R0@tkref=13.86: N of unsatisfied ieq: 11
INFO:R0@tkref=13.86: Summary: Optimization terminated successfully. after 7 it.
INFO:R0: --------------------------
INFO:R0@tkref=13.97: Time to solve stand alone optimisation problem: 0.668068170547
INFO:R0@tkref=13.97: N of unsatisfied eq: 3
INFO:R0@tkref=13.97: N of unsatisfied ieq: 14
INFO:R0@tkref=13.97: Summary: Optimization terminated successfully. after 7 it.
INFO:R0: --------------------------
INFO:R0@tkref=14.08: Time to solve stand alone optimisation problem: 0.575497150421
INFO:R0@tkref=14.08: N of unsatisfied eq: 3
INFO:R0@tkref=14.08: N of unsatisfied ieq: 17
INFO:R0@tkref=14.08: Summary: Optimization terminated successfully. after 6 it.
INFO:R0: --------------------------
INFO:R0@tkref=14.19: Time to solve stand alone optimisation problem: 0.478628158569
INFO:R0@tkref=14.19: N of unsatisfied eq: 3
INFO:R0@tkref=14.19: N of unsatisfied ieq: 17
INFO:R0@tkref=14.19: Summary: Optimization terminated successfully. after 5 it.
INFO:R0: --------------------------
INFO:R0@tkref=14.3: Time to solve stand alone optimisation problem: 0.28994512558
INFO:R0@tkref=14.3: N of unsatisfied eq: 3
INFO:R0@tkref=14.3: N of unsatisfied ieq: 15
INFO:R0@tkref=14.3: Summary: Optimization terminated successfully. after 3 it.
INFO:R0: --------------------------
INFO:R0@tkref=14.41: Time to solve stand alone optimisation problem: 0.193359136581
INFO:R0@tkref=14.41: N of unsatisfied eq: 3
INFO:R0@tkref=14.41: N of unsatisfied ieq: 15
INFO:R0@tkref=14.41: Summary: Optimization terminated successfully. after 2 it.
INFO:R0: --------------------------
INFO:R0@tkref=14.52: Time to solve stand alone optimisation problem: 0.193248033524
INFO:R0@tkref=14.52: N of unsatisfied eq: 3
INFO:R0@tkref=14.52: N of unsatisfied ieq: 16
INFO:R0@tkref=14.52: Summary: Optimization terminated successfully. after 2 it.
INFO:R0: --------------------------
INFO:R0@tkref=14.63: Time to solve stand alone optimisation problem: 0.193278074265
INFO:R0@tkref=14.63: N of unsatisfied eq: 3
INFO:R0@tkref=14.63: N of unsatisfied ieq: 19
INFO:R0@tkref=14.63: Summary: Optimization terminated successfully. after 2 it.
INFO:R0: --------------------------
INFO:R0@tkref=14.74: Time to solve stand alone optimisation problem: 0.290115118027
INFO:R0@tkref=14.74: N of unsatisfied eq: 3
INFO:R0@tkref=14.74: N of unsatisfied ieq: 18
INFO:R0@tkref=14.74: Summary: Optimization terminated successfully. after 3 it.
INFO:R0: --------------------------
INFO:R0@tkref=14.85: Time to solve stand alone optimisation problem: 0.290317773819
INFO:R0@tkref=14.85: N of unsatisfied eq: 3
INFO:R0@tkref=14.85: N of unsatisfied ieq: 19
INFO:R0@tkref=14.85: Summary: Optimization terminated successfully. after 3 it.
INFO:R0: --------------------------
INFO:R0@tkref=14.96: Time to solve stand alone optimisation problem: 0.580833911896
INFO:R0@tkref=14.96: N of unsatisfied eq: 3
INFO:R0@tkref=14.96: N of unsatisfied ieq: 15
INFO:R0@tkref=14.96: Summary: Optimization terminated successfully. after 6 it.
INFO:R0: --------------------------
INFO:R0@tkref=15.07: Time to solve stand alone optimisation problem: 0.677308082581
INFO:R0@tkref=15.07: N of unsatisfied eq: 3
INFO:R0@tkref=15.07: N of unsatisfied ieq: 14
INFO:R0@tkref=15.07: Summary: Optimization terminated successfully. after 7 it.
INFO:R0: --------------------------
INFO:R0@tkref=15.18: Time to solve stand alone optimisation problem: 0.386801958084
INFO:R0@tkref=15.18: N of unsatisfied eq: 3
INFO:R0@tkref=15.18: N of unsatisfied ieq: 15
INFO:R0@tkref=15.18: Summary: Optimization terminated successfully. after 4 it.
INFO:R0: --------------------------
INFO:R0@tkref=15.29: Time to solve stand alone optimisation problem: 0.386615991592
INFO:R0@tkref=15.29: N of unsatisfied eq: 3
INFO:R0@tkref=15.29: N of unsatisfied ieq: 14
INFO:R0@tkref=15.29: Summary: Optimization terminated successfully. after 4 it.
INFO:R0: --------------------------
INFO:R0@tkref=15.4: Time to solve stand alone optimisation problem: 0.29008102417
INFO:R0@tkref=15.4: N of unsatisfied eq: 3
INFO:R0@tkref=15.4: N of unsatisfied ieq: 16
INFO:R0@tkref=15.4: Summary: Optimization terminated successfully. after 3 it.
INFO:R0: --------------------------
INFO:R0@tkref=15.51: Time to solve stand alone optimisation problem: 0.290140151978
INFO:R0@tkref=15.51: N of unsatisfied eq: 3
INFO:R0@tkref=15.51: N of unsatisfied ieq: 14
INFO:R0@tkref=15.51: Summary: Optimization terminated successfully. after 3 it.
INFO:R0: --------------------------
INFO:R0@tkref=15.62: Time to solve stand alone optimisation problem: 0.19349694252
INFO:R0@tkref=15.62: N of unsatisfied eq: 3
INFO:R0@tkref=15.62: N of unsatisfied ieq: 14
INFO:R0@tkref=15.62: Summary: Optimization terminated successfully. after 2 it.
INFO:R0: --------------------------
INFO:R0@tkref=15.73: Time to solve stand alone optimisation problem: 0.168730020523
INFO:R0@tkref=15.73: N of unsatisfied eq: 3
INFO:R0@tkref=15.73: N of unsatisfied ieq: 15
INFO:R0@tkref=15.73: Summary: Optimization terminated successfully. after 2 it.
INFO:R0: --------------------------
INFO:R0@tkref=15.84: Time to solve stand alone optimisation problem: 0.168725967407
INFO:R0@tkref=15.84: N of unsatisfied eq: 3
INFO:R0@tkref=15.84: N of unsatisfied ieq: 16
INFO:R0@tkref=15.84: Summary: Optimization terminated successfully. after 2 it.
INFO:R0: --------------------------
INFO:R0@tkref=15.95: Time to solve stand alone optimisation problem: 0.168752908707
INFO:R0@tkref=15.95: N of unsatisfied eq: 3
INFO:R0@tkref=15.95: N of unsatisfied ieq: 18
INFO:R0@tkref=15.95: Summary: Optimization terminated successfully. after 2 it.
INFO:R0: --------------------------
INFO:R0@tkref=16.06: Time to solve stand alone optimisation problem: 0.144095897675
INFO:R0@tkref=16.06: N of unsatisfied eq: 3
INFO:R0@tkref=16.06: N of unsatisfied ieq: 16
INFO:R0@tkref=16.06: Summary: Optimization terminated successfully. after 2 it.
INFO:R0: --------------------------
INFO:R0@tkref=16.17: Time to solve stand alone optimisation problem: 0.075443983078
INFO:R0@tkref=16.17: N of unsatisfied eq: 3
INFO:R0@tkref=16.17: N of unsatisfied ieq: 5
INFO:R0@tkref=16.17: Summary: Optimization terminated successfully. after 1 it.
INFO:R0: --------------------------
INFO:R0@tkref=16.28: Time to solve stand alone optimisation problem: 0.144392967224
INFO:R0@tkref=16.28: N of unsatisfied eq: 3
INFO:R0@tkref=16.28: N of unsatisfied ieq: 16
INFO:R0@tkref=16.28: Summary: Optimization terminated successfully. after 2 it.
INFO:R0: --------------------------
INFO:R0@tkref=16.39: Time to solve stand alone optimisation problem: 0.144513130188
INFO:R0@tkref=16.39: N of unsatisfied eq: 3
INFO:R0@tkref=16.39: N of unsatisfied ieq: 15
INFO:R0@tkref=16.39: Summary: Optimization terminated successfully. after 2 it.
INFO:R0: --------------------------
INFO:R0@tkref=16.5: Time to solve stand alone optimisation problem: 0.144530057907
INFO:R0@tkref=16.5: N of unsatisfied eq: 3
INFO:R0@tkref=16.5: N of unsatisfied ieq: 16
INFO:R0@tkref=16.5: Summary: Optimization terminated successfully. after 2 it.
INFO:R0: --------------------------
INFO:R0@tkref=16.61: Time to solve stand alone optimisation problem: 0.144543170929
INFO:R0@tkref=16.61: N of unsatisfied eq: 3
INFO:R0@tkref=16.61: N of unsatisfied ieq: 15
INFO:R0@tkref=16.61: Summary: Optimization terminated successfully. after 2 it.
INFO:R0: --------------------------
INFO:R0@tkref=16.72: Time to solve stand alone optimisation problem: 0.144598960876
INFO:R0@tkref=16.72: N of unsatisfied eq: 3
INFO:R0@tkref=16.72: N of unsatisfied ieq: 16
INFO:R0@tkref=16.72: Summary: Optimization terminated successfully. after 2 it.
INFO:R0: --------------------------
INFO:R0@tkref=16.83: Time to solve stand alone optimisation problem: 0.144813776016
INFO:R0@tkref=16.83: N of unsatisfied eq: 3
INFO:R0@tkref=16.83: N of unsatisfied ieq: 17
INFO:R0@tkref=16.83: Summary: Optimization terminated successfully. after 2 it.
INFO:R0: --------------------------
INFO:R0@tkref=16.94: Time to solve stand alone optimisation problem: 0.144841909409
INFO:R0@tkref=16.94: N of unsatisfied eq: 3
INFO:R0@tkref=16.94: N of unsatisfied ieq: 17
INFO:R0@tkref=16.94: Summary: Optimization terminated successfully. after 2 it.
INFO:R0: --------------------------
INFO:R0@tkref=17.05: Time to solve stand alone optimisation problem: 0.144554138184
INFO:R0@tkref=17.05: N of unsatisfied eq: 3
INFO:R0@tkref=17.05: N of unsatisfied ieq: 17
INFO:R0@tkref=17.05: Summary: Optimization terminated successfully. after 2 it.
INFO:R0: --------------------------
INFO:R0@tkref=17.16: Time to solve stand alone optimisation problem: 0.144547939301
INFO:R0@tkref=17.16: N of unsatisfied eq: 3
INFO:R0@tkref=17.16: N of unsatisfied ieq: 17
INFO:R0@tkref=17.16: Summary: Optimization terminated successfully. after 2 it.
INFO:R0: --------------------------
INFO:R0@tkref=17.27: Time to solve stand alone optimisation problem: 0.144788980484
INFO:R0@tkref=17.27: N of unsatisfied eq: 3
INFO:R0@tkref=17.27: N of unsatisfied ieq: 17
INFO:R0@tkref=17.27: Summary: Optimization terminated successfully. after 2 it.
INFO:R0: --------------------------
INFO:R0@tkref=17.38: Time to solve stand alone optimisation problem: 0.144696950912
INFO:R0@tkref=17.38: N of unsatisfied eq: 3
INFO:R0@tkref=17.38: N of unsatisfied ieq: 17
INFO:R0@tkref=17.38: Summary: Optimization terminated successfully. after 2 it.
INFO:R0: --------------------------
INFO:R0@tkref=17.49: Time to solve stand alone optimisation problem: 0.144850969315
INFO:R0@tkref=17.49: N of unsatisfied eq: 3
INFO:R0@tkref=17.49: N of unsatisfied ieq: 17
INFO:R0@tkref=17.49: Summary: Optimization terminated successfully. after 2 it.
INFO:R0: --------------------------
INFO:R0@tkref=17.6: Time to solve stand alone optimisation problem: 0.144481182098
INFO:R0@tkref=17.6: N of unsatisfied eq: 3
INFO:R0@tkref=17.6: N of unsatisfied ieq: 17
INFO:R0@tkref=17.6: Summary: Optimization terminated successfully. after 2 it.
INFO:R0: --------------------------
INFO:R0@tkref=17.71: Time to solve stand alone optimisation problem: 0.144556045532
INFO:R0@tkref=17.71: N of unsatisfied eq: 3
INFO:R0@tkref=17.71: N of unsatisfied ieq: 17
INFO:R0@tkref=17.71: Summary: Optimization terminated successfully. after 2 it.
INFO:R0: --------------------------
INFO:R0@tkref=17.82: Time to solve stand alone optimisation problem: 0.144834041595
INFO:R0@tkref=17.82: N of unsatisfied eq: 3
INFO:R0@tkref=17.82: N of unsatisfied ieq: 17
INFO:R0@tkref=17.82: Summary: Optimization terminated successfully. after 2 it.
INFO:R0: --------------------------
INFO:R0@tkref=17.93: Time to solve stand alone optimisation problem: 0.14514708519
INFO:R0@tkref=17.93: N of unsatisfied eq: 3
INFO:R0@tkref=17.93: N of unsatisfied ieq: 17
INFO:R0@tkref=17.93: Summary: Optimization terminated successfully. after 2 it.
INFO:R0: --------------------------
INFO:R0@tkref=18.04: Time to solve stand alone optimisation problem: 0.144843816757
INFO:R0@tkref=18.04: N of unsatisfied eq: 3
INFO:R0@tkref=18.04: N of unsatisfied ieq: 17
INFO:R0@tkref=18.04: Summary: Optimization terminated successfully. after 2 it.
INFO:R0: --------------------------
INFO:R0@tkref=18.15: Time to solve stand alone optimisation problem: 0.145076990128
INFO:R0@tkref=18.15: N of unsatisfied eq: 3
INFO:R0@tkref=18.15: N of unsatisfied ieq: 17
INFO:R0@tkref=18.15: Summary: Optimization terminated successfully. after 2 it.
INFO:R0: --------------------------
INFO:R0@tkref=18.26: Time to solve stand alone optimisation problem: 0.145196914673
INFO:R0@tkref=18.26: N of unsatisfied eq: 3
INFO:R0@tkref=18.26: N of unsatisfied ieq: 16
INFO:R0@tkref=18.26: Summary: Optimization terminated successfully. after 2 it.
INFO:R0: --------------------------
INFO:R0@tkref=18.37: Time to solve stand alone optimisation problem: 0.144080162048
INFO:R0@tkref=18.37: N of unsatisfied eq: 3
INFO:R0@tkref=18.37: N of unsatisfied ieq: 16
INFO:R0@tkref=18.37: Summary: Optimization terminated successfully. after 2 it.
INFO:R0: --------------------------
INFO:R0@tkref=18.48: Time to solve stand alone optimisation problem: 0.144019126892
INFO:R0@tkref=18.48: N of unsatisfied eq: 3
INFO:R0@tkref=18.48: N of unsatisfied ieq: 15
INFO:R0@tkref=18.48: Summary: Optimization terminated successfully. after 2 it.
INFO:R0: --------------------------
INFO:R0@tkref=18.59: Time to solve stand alone optimisation problem: 0.144075870514
INFO:R0@tkref=18.59: N of unsatisfied eq: 3
INFO:R0@tkref=18.59: N of unsatisfied ieq: 14
INFO:R0@tkref=18.59: Summary: Optimization terminated successfully. after 2 it.
INFO:R0: --------------------------
INFO:R0@tkref=18.7: Time to solve stand alone optimisation problem: 0.144317150116
INFO:R0@tkref=18.7: N of unsatisfied eq: 3
INFO:R0@tkref=18.7: N of unsatisfied ieq: 13
INFO:R0@tkref=18.7: Summary: Optimization terminated successfully. after 2 it.
INFO:R0: --------------------------
INFO:R0@tkref=18.81: Time to solve stand alone optimisation problem: 0.143972873688
INFO:R0@tkref=18.81: N of unsatisfied eq: 3
INFO:R0@tkref=18.81: N of unsatisfied ieq: 12
INFO:R0@tkref=18.81: Summary: Optimization terminated successfully. after 2 it.
INFO:R0: --------------------------
INFO:R0@tkref=18.92: Time to solve stand alone optimisation problem: 0.144228935242
INFO:R0@tkref=18.92: N of unsatisfied eq: 3
INFO:R0@tkref=18.92: N of unsatisfied ieq: 14
INFO:R0@tkref=18.92: Summary: Optimization terminated successfully. after 2 it.
INFO:R0: --------------------------
INFO:R0@tkref=19.03: Time to solve stand alone optimisation problem: 0.209132909775
INFO:R0@tkref=19.03: N of unsatisfied eq: 3
INFO:R0@tkref=19.03: N of unsatisfied ieq: 9
INFO:R0@tkref=19.03: Summary: Optimization terminated successfully. after 3 it.
INFO:R0: --------------------------
INFO:R0@tkref=19.14: Time to solve stand alone optimisation problem: 0.277719974518
INFO:R0@tkref=19.14: N of unsatisfied eq: 3
INFO:R0@tkref=19.14: N of unsatisfied ieq: 3
INFO:R0@tkref=19.14: Summary: Optimization terminated successfully. after 4 it.
INFO:R0: --------------------------
INFO:R0@tkref=19.25: Time to solve stand alone optimisation problem: 3.75189590454
INFO:R0@tkref=19.25: N of unsatisfied eq: 10
INFO:R0@tkref=19.25: N of unsatisfied ieq: 3
INFO:R0@tkref=19.25: Summary: Iteration limit exceeded after 51 it.
INFO:R0: Finished motion planning
INFO:R0: --------------------------
INFO:R0: TOT: 20.362243919
INFO:R0: NSE: 176
INFO:R0: FIR: 3.66991305351
INFO:R0: LAS: 3.75249004364
INFO:R0: MAX: 5.19911694527
INFO:R0: MIN: 0.0760638713837
INFO:R0: AVG: 0.848391246522
INFO:R0: RAT: 47.2646995024
