INFO:R0: Init motion planning
INFO:R0@tkref=0.0: Time to solve stand alone optimisation problem: 3.70038819313
INFO:R0@tkref=0.0: N of unsatisfied eq: 3
INFO:R0@tkref=0.0: N of unsatisfied ieq: 3
INFO:R0@tkref=0.0: Summary: Iteration limit exceeded after 51 it.
INFO:R0: --------------------------
INFO:R0@tkref=4.55153846154: Time to solve stand alone optimisation problem: 5.04172301292
INFO:R0@tkref=4.55153846154: N of unsatisfied eq: 10
INFO:R0@tkref=4.55153846154: N of unsatisfied ieq: 0
INFO:R0@tkref=4.55153846154: Summary: Iteration limit exceeded after 51 it.
INFO:R0: Finished motion planning
INFO:R0: --------------------------
INFO:R0: TOT: 18.0639542858
INFO:R0: NSE: 2
INFO:R0: FIR: 3.70129084587
INFO:R0: LAS: 5.04230880737
INFO:R0: MAX: 5.04230880737
INFO:R0: MIN: 3.70129084587
INFO:R0: AVG: 4.37179982662
INFO:R0: RAT: 1.10782515626
