INFO:R0: Init motion planning
INFO:R0@tkref=0.0: Time to solve stand alone optimisation problem: 3.66642904282
INFO:R0@tkref=0.0: N of unsatisfied eq: 3
INFO:R0@tkref=0.0: N of unsatisfied ieq: 4
INFO:R0@tkref=0.0: Summary: Iteration limit exceeded after 51 it.
INFO:R0: --------------------------
INFO:R0@tkref=5.51555555556: Time to solve stand alone optimisation problem: 4.99162983894
INFO:R0@tkref=5.51555555556: N of unsatisfied eq: 10
INFO:R0@tkref=5.51555555556: N of unsatisfied ieq: 4
INFO:R0@tkref=5.51555555556: Summary: Iteration limit exceeded after 51 it.
INFO:R0: Finished motion planning
INFO:R0: --------------------------
INFO:R0: TOT: 12.393687613
INFO:R0: NSE: 2
INFO:R0: FIR: 3.66754794121
INFO:R0: LAS: 4.99220609665
INFO:R0: MAX: 4.99220609665
INFO:R0: MIN: 3.66754794121
INFO:R0: AVG: 4.32987701893
INFO:R0: RAT: 0.905113917603
