INFO:R0: Init motion planning
INFO:R0@tkref=0.0: Time to solve stand alone optimisation problem: 3.63267493248
INFO:R0@tkref=0.0: N of unsatisfied eq: 3
INFO:R0@tkref=0.0: N of unsatisfied ieq: 3
INFO:R0@tkref=0.0: Summary: Iteration limit exceeded after 51 it.
INFO:R0: --------------------------
INFO:R0@tkref=1.88571428571: Time to solve stand alone optimisation problem: 1.27600288391
INFO:R0@tkref=1.88571428571: N of unsatisfied eq: 3
INFO:R0@tkref=1.88571428571: N of unsatisfied ieq: 8
INFO:R0@tkref=1.88571428571: Summary: Optimization terminated successfully. after 16 it.
INFO:R0: --------------------------
INFO:R0@tkref=3.77142857142: Time to solve stand alone optimisation problem: 4.95338392258
INFO:R0@tkref=3.77142857142: N of unsatisfied eq: 10
INFO:R0@tkref=3.77142857142: N of unsatisfied ieq: 1
INFO:R0@tkref=3.77142857142: Summary: Iteration limit exceeded after 51 it.
INFO:R0: Finished motion planning
INFO:R0: --------------------------
INFO:R0: TOT: 13.1579976673
INFO:R0: NSE: 3
INFO:R0: FIR: 3.63366389275
INFO:R0: LAS: 4.95396399498
INFO:R0: MAX: 1.27668809891
INFO:R0: MIN: 1.27668809891
INFO:R0: AVG: 1.27668809891
INFO:R0: RAT: 0.677031567604
