INFO:R0: Init motion planning
INFO:R0@tkref=0.0: Time to solve stand alone optimisation problem: 3.77493882179
INFO:R0@tkref=0.0: N of unsatisfied eq: 3
INFO:R0@tkref=0.0: N of unsatisfied ieq: 3
INFO:R0@tkref=0.0: Summary: Iteration limit exceeded after 51 it.
INFO:R0: --------------------------
INFO:R0@tkref=3.74746666667: Time to solve stand alone optimisation problem: 5.16043996811
INFO:R0@tkref=3.74746666667: N of unsatisfied eq: 10
INFO:R0@tkref=3.74746666667: N of unsatisfied ieq: 3
INFO:R0@tkref=3.74746666667: Summary: Iteration limit exceeded after 51 it.
INFO:R0: Finished motion planning
INFO:R0: --------------------------
INFO:R0: TOT: 12.6781319598
INFO:R0: NSE: 2
INFO:R0: FIR: 3.77609920502
INFO:R0: LAS: 5.16118502617
INFO:R0: MAX: 5.16118502617
INFO:R0: MIN: 3.77609920502
INFO:R0: AVG: 4.46864211559
INFO:R0: RAT: 1.37724641344
