INFO:R0: Init motion planning
INFO:R0@tkref=0.0: Time to solve stand alone optimisation problem: 3.70410680771
INFO:R0@tkref=0.0: N of unsatisfied eq: 3
INFO:R0@tkref=0.0: N of unsatisfied ieq: 4
INFO:R0@tkref=0.0: Summary: Iteration limit exceeded after 51 it.
INFO:R0: --------------------------
INFO:R0@tkref=1.40815384615: Time to solve stand alone optimisation problem: 1.18323493004
INFO:R0@tkref=1.40815384615: N of unsatisfied eq: 1
INFO:R0@tkref=1.40815384615: N of unsatisfied ieq: 7
INFO:R0@tkref=1.40815384615: Summary: Optimization terminated successfully. after 17 it.
INFO:R0: --------------------------
INFO:R0@tkref=2.8163076923: Time to solve stand alone optimisation problem: 0.472630023956
INFO:R0@tkref=2.8163076923: N of unsatisfied eq: 3
INFO:R0@tkref=2.8163076923: N of unsatisfied ieq: 22
INFO:R0@tkref=2.8163076923: Summary: Optimization terminated successfully. after 9 it.
INFO:R0: --------------------------
INFO:R0@tkref=4.22446153845: Time to solve stand alone optimisation problem: 2.1646490097
INFO:R0@tkref=4.22446153845: N of unsatisfied eq: 3
INFO:R0@tkref=4.22446153845: N of unsatisfied ieq: 9
INFO:R0@tkref=4.22446153845: Summary: Optimization terminated successfully. after 23 it.
INFO:R0: --------------------------
INFO:R0@tkref=5.6326153846: Time to solve stand alone optimisation problem: 5.03401398659
INFO:R0@tkref=5.6326153846: N of unsatisfied eq: 10
INFO:R0@tkref=5.6326153846: N of unsatisfied ieq: 3
INFO:R0@tkref=5.6326153846: Summary: Iteration limit exceeded after 51 it.
INFO:R0: Finished motion planning
INFO:R0: --------------------------
INFO:R0: TOT: 16.3071228671
INFO:R0: NSE: 5
INFO:R0: FIR: 3.70502519608
INFO:R0: LAS: 5.03459095955
INFO:R0: MAX: 2.16534209251
INFO:R0: MIN: 0.473292827606
INFO:R0: AVG: 1.27417763074
INFO:R0: RAT: 1.53771698912
