INFO:R0: Init motion planning
INFO:R0@tkref=0.0: Time to solve stand alone optimisation problem: 3.71615195274
INFO:R0@tkref=0.0: N of unsatisfied eq: 3
INFO:R0@tkref=0.0: N of unsatisfied ieq: 6
INFO:R0@tkref=0.0: Summary: Iteration limit exceeded after 51 it.
INFO:R0: --------------------------
INFO:R0@tkref=0.42: Time to solve stand alone optimisation problem: 0.784892082214
INFO:R0@tkref=0.42: N of unsatisfied eq: 1
INFO:R0@tkref=0.42: N of unsatisfied ieq: 9
INFO:R0@tkref=0.42: Summary: Optimization terminated successfully. after 11 it.
INFO:R0: --------------------------
INFO:R0@tkref=0.84: Time to solve stand alone optimisation problem: 0.78374505043
INFO:R0@tkref=0.84: N of unsatisfied eq: 1
INFO:R0@tkref=0.84: N of unsatisfied ieq: 9
INFO:R0@tkref=0.84: Summary: Optimization terminated successfully. after 11 it.
INFO:R0: --------------------------
INFO:R0@tkref=1.26: Time to solve stand alone optimisation problem: 0.712176799774
INFO:R0@tkref=1.26: N of unsatisfied eq: 2
INFO:R0@tkref=1.26: N of unsatisfied ieq: 9
INFO:R0@tkref=1.26: Summary: Optimization terminated successfully. after 10 it.
INFO:R0: --------------------------
INFO:R0@tkref=1.68: Time to solve stand alone optimisation problem: 0.833364009857
INFO:R0@tkref=1.68: N of unsatisfied eq: 2
INFO:R0@tkref=1.68: N of unsatisfied ieq: 9
INFO:R0@tkref=1.68: Summary: Optimization terminated successfully. after 10 it.
INFO:R0: --------------------------
INFO:R0@tkref=2.1: Time to solve stand alone optimisation problem: 1.25378298759
INFO:R0@tkref=2.1: N of unsatisfied eq: 3
INFO:R0@tkref=2.1: N of unsatisfied ieq: 6
INFO:R0@tkref=2.1: Summary: Optimization terminated successfully. after 15 it.
INFO:R0: --------------------------
INFO:R0@tkref=2.52: Time to solve stand alone optimisation problem: 1.0643081665
INFO:R0@tkref=2.52: N of unsatisfied eq: 3
INFO:R0@tkref=2.52: N of unsatisfied ieq: 7
INFO:R0@tkref=2.52: Summary: Optimization terminated successfully. after 11 it.
INFO:R0: --------------------------
INFO:R0@tkref=2.94: Time to solve stand alone optimisation problem: 0.974367141724
INFO:R0@tkref=2.94: N of unsatisfied eq: 3
INFO:R0@tkref=2.94: N of unsatisfied ieq: 10
INFO:R0@tkref=2.94: Summary: Optimization terminated successfully. after 10 it.
INFO:R0: --------------------------
INFO:R0@tkref=3.36: Time to solve stand alone optimisation problem: 1.15827083588
INFO:R0@tkref=3.36: N of unsatisfied eq: 3
INFO:R0@tkref=3.36: N of unsatisfied ieq: 8
INFO:R0@tkref=3.36: Summary: Optimization terminated successfully. after 12 it.
INFO:R0: --------------------------
INFO:R0@tkref=3.78: Time to solve stand alone optimisation problem: 1.43801999092
INFO:R0@tkref=3.78: N of unsatisfied eq: 3
INFO:R0@tkref=3.78: N of unsatisfied ieq: 7
INFO:R0@tkref=3.78: Summary: Optimization terminated successfully. after 15 it.
INFO:R0: --------------------------
INFO:R0@tkref=4.2: Time to solve stand alone optimisation problem: 1.24716186523
INFO:R0@tkref=4.2: N of unsatisfied eq: 3
INFO:R0@tkref=4.2: N of unsatisfied ieq: 10
INFO:R0@tkref=4.2: Summary: Optimization terminated successfully. after 13 it.
INFO:R0: --------------------------
INFO:R0@tkref=4.62: Time to solve stand alone optimisation problem: 1.0549018383
INFO:R0@tkref=4.62: N of unsatisfied eq: 3
INFO:R0@tkref=4.62: N of unsatisfied ieq: 10
INFO:R0@tkref=4.62: Summary: Optimization terminated successfully. after 11 it.
INFO:R0: --------------------------
INFO:R0@tkref=5.04: Time to solve stand alone optimisation problem: 0.947047948837
INFO:R0@tkref=5.04: N of unsatisfied eq: 3
INFO:R0@tkref=5.04: N of unsatisfied ieq: 13
INFO:R0@tkref=5.04: Summary: Optimization terminated successfully. after 10 it.
INFO:R0: --------------------------
INFO:R0@tkref=5.46: Time to solve stand alone optimisation problem: 1.04980111122
INFO:R0@tkref=5.46: N of unsatisfied eq: 3
INFO:R0@tkref=5.46: N of unsatisfied ieq: 11
INFO:R0@tkref=5.46: Summary: Optimization terminated successfully. after 11 it.
INFO:R0: --------------------------
INFO:R0@tkref=5.88: Time to solve stand alone optimisation problem: 1.0508480072
INFO:R0@tkref=5.88: N of unsatisfied eq: 2
INFO:R0@tkref=5.88: N of unsatisfied ieq: 9
INFO:R0@tkref=5.88: Summary: Optimization terminated successfully. after 11 it.
INFO:R0: --------------------------
INFO:R0@tkref=6.3: Time to solve stand alone optimisation problem: 1.1385140419
INFO:R0@tkref=6.3: N of unsatisfied eq: 2
INFO:R0@tkref=6.3: N of unsatisfied ieq: 10
INFO:R0@tkref=6.3: Summary: Optimization terminated successfully. after 12 it.
INFO:R0: --------------------------
INFO:R0@tkref=6.72: Time to solve stand alone optimisation problem: 0.866221904755
INFO:R0@tkref=6.72: N of unsatisfied eq: 3
INFO:R0@tkref=6.72: N of unsatisfied ieq: 12
INFO:R0@tkref=6.72: Summary: Optimization terminated successfully. after 9 it.
INFO:R0: --------------------------
INFO:R0@tkref=7.14: Time to solve stand alone optimisation problem: 0.769413948059
INFO:R0@tkref=7.14: N of unsatisfied eq: 3
INFO:R0@tkref=7.14: N of unsatisfied ieq: 10
INFO:R0@tkref=7.14: Summary: Optimization terminated successfully. after 8 it.
INFO:R0: --------------------------
INFO:R0@tkref=7.56: Time to solve stand alone optimisation problem: 0.859541893005
INFO:R0@tkref=7.56: N of unsatisfied eq: 3
INFO:R0@tkref=7.56: N of unsatisfied ieq: 9
INFO:R0@tkref=7.56: Summary: Optimization terminated successfully. after 9 it.
INFO:R0: --------------------------
INFO:R0@tkref=7.98: Time to solve stand alone optimisation problem: 0.864983081818
INFO:R0@tkref=7.98: N of unsatisfied eq: 3
INFO:R0@tkref=7.98: N of unsatisfied ieq: 9
INFO:R0@tkref=7.98: Summary: Optimization terminated successfully. after 9 it.
INFO:R0: --------------------------
INFO:R0@tkref=8.4: Time to solve stand alone optimisation problem: 0.77524805069
INFO:R0@tkref=8.4: N of unsatisfied eq: 3
INFO:R0@tkref=8.4: N of unsatisfied ieq: 9
INFO:R0@tkref=8.4: Summary: Optimization terminated successfully. after 8 it.
INFO:R0: --------------------------
INFO:R0@tkref=8.82: Time to solve stand alone optimisation problem: 0.676405906677
INFO:R0@tkref=8.82: N of unsatisfied eq: 3
INFO:R0@tkref=8.82: N of unsatisfied ieq: 8
INFO:R0@tkref=8.82: Summary: Optimization terminated successfully. after 7 it.
INFO:R0: --------------------------
INFO:R0@tkref=9.24: Time to solve stand alone optimisation problem: 0.769139051437
INFO:R0@tkref=9.24: N of unsatisfied eq: 3
INFO:R0@tkref=9.24: N of unsatisfied ieq: 9
INFO:R0@tkref=9.24: Summary: Optimization terminated successfully. after 8 it.
INFO:R0: --------------------------
INFO:R0@tkref=9.66: Time to solve stand alone optimisation problem: 0.677052021027
INFO:R0@tkref=9.66: N of unsatisfied eq: 3
INFO:R0@tkref=9.66: N of unsatisfied ieq: 9
INFO:R0@tkref=9.66: Summary: Optimization terminated successfully. after 7 it.
INFO:R0: --------------------------
INFO:R0@tkref=10.08: Time to solve stand alone optimisation problem: 0.572726011276
INFO:R0@tkref=10.08: N of unsatisfied eq: 3
INFO:R0@tkref=10.08: N of unsatisfied ieq: 9
INFO:R0@tkref=10.08: Summary: Optimization terminated successfully. after 6 it.
INFO:R0: --------------------------
INFO:R0@tkref=10.5: Time to solve stand alone optimisation problem: 0.760189056396
INFO:R0@tkref=10.5: N of unsatisfied eq: 3
INFO:R0@tkref=10.5: N of unsatisfied ieq: 9
INFO:R0@tkref=10.5: Summary: Optimization terminated successfully. after 8 it.
INFO:R0: --------------------------
INFO:R0@tkref=10.92: Time to solve stand alone optimisation problem: 0.766883134842
INFO:R0@tkref=10.92: N of unsatisfied eq: 3
INFO:R0@tkref=10.92: N of unsatisfied ieq: 9
INFO:R0@tkref=10.92: Summary: Optimization terminated successfully. after 8 it.
INFO:R0: --------------------------
INFO:R0@tkref=11.34: Time to solve stand alone optimisation problem: 0.671679973602
INFO:R0@tkref=11.34: N of unsatisfied eq: 2
INFO:R0@tkref=11.34: N of unsatisfied ieq: 9
INFO:R0@tkref=11.34: Summary: Optimization terminated successfully. after 7 it.
INFO:R0: --------------------------
INFO:R0@tkref=11.76: Time to solve stand alone optimisation problem: 0.667768955231
INFO:R0@tkref=11.76: N of unsatisfied eq: 3
INFO:R0@tkref=11.76: N of unsatisfied ieq: 14
INFO:R0@tkref=11.76: Summary: Optimization terminated successfully. after 7 it.
INFO:R0: --------------------------
INFO:R0@tkref=12.18: Time to solve stand alone optimisation problem: 0.761479139328
INFO:R0@tkref=12.18: N of unsatisfied eq: 2
INFO:R0@tkref=12.18: N of unsatisfied ieq: 10
INFO:R0@tkref=12.18: Summary: Optimization terminated successfully. after 8 it.
INFO:R0: --------------------------
INFO:R0@tkref=12.6: Time to solve stand alone optimisation problem: 0.761996030807
INFO:R0@tkref=12.6: N of unsatisfied eq: 3
INFO:R0@tkref=12.6: N of unsatisfied ieq: 10
INFO:R0@tkref=12.6: Summary: Optimization terminated successfully. after 8 it.
INFO:R0: --------------------------
INFO:R0@tkref=13.02: Time to solve stand alone optimisation problem: 2.76598000526
INFO:R0@tkref=13.02: N of unsatisfied eq: 3
INFO:R0@tkref=13.02: N of unsatisfied ieq: 9
INFO:R0@tkref=13.02: Summary: Optimization terminated successfully. after 29 it.
INFO:R0: --------------------------
INFO:R0@tkref=13.44: Time to solve stand alone optimisation problem: 0.47266292572
INFO:R0@tkref=13.44: N of unsatisfied eq: 3
INFO:R0@tkref=13.44: N of unsatisfied ieq: 7
INFO:R0@tkref=13.44: Summary: Optimization terminated successfully. after 5 it.
INFO:R0: --------------------------
INFO:R0@tkref=13.86: Time to solve stand alone optimisation problem: 5.08869194984
INFO:R0@tkref=13.86: N of unsatisfied eq: 10
INFO:R0@tkref=13.86: N of unsatisfied ieq: 4
INFO:R0@tkref=13.86: Summary: Iteration limit exceeded after 51 it.
INFO:R0: Finished motion planning
INFO:R0: --------------------------
INFO:R0: TOT: 18.0967608496
INFO:R0: NSE: 34
INFO:R0: FIR: 3.71706390381
INFO:R0: LAS: 5.08929395676
INFO:R0: MAX: 2.76666808128
INFO:R0: MIN: 0.473325967789
INFO:R0: AVG: 0.936644509435
INFO:R0: RAT: 6.58730495544
