INFO:R0: Init motion planning
INFO:R0@tkref=0.0: Time to solve stand alone optimisation problem: 3.94854784012
INFO:R0@tkref=0.0: N of unsatisfied eq: 3
INFO:R0@tkref=0.0: N of unsatisfied ieq: 3
INFO:R0@tkref=0.0: Summary: Iteration limit exceeded after 51 it.
INFO:R0: --------------------------
INFO:R0@tkref=3.39704225352: Time to solve stand alone optimisation problem: 5.39431214333
INFO:R0@tkref=3.39704225352: N of unsatisfied eq: 10
INFO:R0@tkref=3.39704225352: N of unsatisfied ieq: 3
INFO:R0@tkref=3.39704225352: Summary: Iteration limit exceeded after 51 it.
INFO:R0: Finished motion planning
INFO:R0: --------------------------
INFO:R0: TOT: 12.7252662389
INFO:R0: NSE: 2
INFO:R0: FIR: 3.95000290871
INFO:R0: LAS: 5.3954410553
INFO:R0: MAX: 5.3954410553
INFO:R0: MIN: 3.95000290871
INFO:R0: AVG: 4.672721982
INFO:R0: RAT: 1.58827610981
