INFO:R0: Init motion planning
INFO:R0@tkref=0.0: Time to solve stand alone optimisation problem: 3.60301494598
INFO:R0@tkref=0.0: N of unsatisfied eq: 3
INFO:R0@tkref=0.0: N of unsatisfied ieq: 3
INFO:R0@tkref=0.0: Summary: Iteration limit exceeded after 51 it.
INFO:R0: --------------------------
INFO:R0@tkref=1.84470588235: Time to solve stand alone optimisation problem: 1.19164800644
INFO:R0@tkref=1.84470588235: N of unsatisfied eq: 3
INFO:R0@tkref=1.84470588235: N of unsatisfied ieq: 9
INFO:R0@tkref=1.84470588235: Summary: Optimization terminated successfully. after 13 it.
INFO:R0: --------------------------
INFO:R0@tkref=3.6894117647: Time to solve stand alone optimisation problem: 0.830475091934
INFO:R0@tkref=3.6894117647: N of unsatisfied eq: 2
INFO:R0@tkref=3.6894117647: N of unsatisfied ieq: 8
INFO:R0@tkref=3.6894117647: Summary: Optimization terminated successfully. after 9 it.
INFO:R0: --------------------------
INFO:R0@tkref=5.53411764705: Time to solve stand alone optimisation problem: 1.13079810143
INFO:R0@tkref=5.53411764705: N of unsatisfied eq: 3
INFO:R0@tkref=5.53411764705: N of unsatisfied ieq: 9
INFO:R0@tkref=5.53411764705: Summary: Optimization terminated successfully. after 12 it.
INFO:R0: --------------------------
INFO:R0@tkref=7.3788235294: Time to solve stand alone optimisation problem: 4.91612887383
INFO:R0@tkref=7.3788235294: N of unsatisfied eq: 10
INFO:R0@tkref=7.3788235294: N of unsatisfied ieq: 4
INFO:R0@tkref=7.3788235294: Summary: Iteration limit exceeded after 51 it.
INFO:R0: Finished motion planning
INFO:R0: --------------------------
INFO:R0: TOT: 13.7997188973
INFO:R0: NSE: 5
INFO:R0: FIR: 3.60397410393
INFO:R0: LAS: 4.91669201851
INFO:R0: MAX: 1.19231295586
INFO:R0: MIN: 0.831147909164
INFO:R0: AVG: 1.05163455009
INFO:R0: RAT: 0.646343120204
