INFO:R0: Init motion planning
INFO:R0@tkref=0.0: Time to solve stand alone optimisation problem: 3.90403985977
INFO:R0@tkref=0.0: N of unsatisfied eq: 3
INFO:R0@tkref=0.0: N of unsatisfied ieq: 2
INFO:R0@tkref=0.0: Summary: Iteration limit exceeded after 51 it.
INFO:R0: --------------------------
INFO:R0@tkref=5.046: Time to solve stand alone optimisation problem: 5.30727815628
INFO:R0@tkref=5.046: N of unsatisfied eq: 10
INFO:R0@tkref=5.046: N of unsatisfied ieq: 3
INFO:R0@tkref=5.046: Summary: Iteration limit exceeded after 51 it.
INFO:R0: Finished motion planning
INFO:R0: --------------------------
INFO:R0: TOT: 12.8640472962
INFO:R0: NSE: 2
INFO:R0: FIR: 3.90571784973
INFO:R0: LAS: 5.30860590935
INFO:R0: MAX: 5.30860590935
INFO:R0: MIN: 3.90571784973
INFO:R0: AVG: 4.60716187954
INFO:R0: RAT: 1.05204239186
