INFO:R0: Init motion planning
INFO:R0@tkref=0.0: Time to solve stand alone optimisation problem: 3.60207796097
INFO:R0@tkref=0.0: N of unsatisfied eq: 3
INFO:R0@tkref=0.0: N of unsatisfied ieq: 3
INFO:R0@tkref=0.0: Summary: Iteration limit exceeded after 51 it.
INFO:R0: --------------------------
INFO:R0@tkref=2.21151515152: Time to solve stand alone optimisation problem: 1.09856796265
INFO:R0@tkref=2.21151515152: N of unsatisfied eq: 1
INFO:R0@tkref=2.21151515152: N of unsatisfied ieq: 8
INFO:R0@tkref=2.21151515152: Summary: Optimization terminated successfully. after 12 it.
INFO:R0: --------------------------
INFO:R0@tkref=4.42303030304: Time to solve stand alone optimisation problem: 4.90528392792
INFO:R0@tkref=4.42303030304: N of unsatisfied eq: 10
INFO:R0@tkref=4.42303030304: N of unsatisfied ieq: 3
INFO:R0@tkref=4.42303030304: Summary: Iteration limit exceeded after 51 it.
INFO:R0: Finished motion planning
INFO:R0: --------------------------
INFO:R0: TOT: 13.2994041792
INFO:R0: NSE: 3
INFO:R0: FIR: 3.60297489166
INFO:R0: LAS: 4.90587687492
INFO:R0: MAX: 1.09923791885
INFO:R0: MIN: 1.09923791885
INFO:R0: AVG: 1.09923791885
INFO:R0: RAT: 0.497051950152
