INFO:R0: Init motion planning
INFO:R0@tkref=0.0: Time to solve stand alone optimisation problem: 3.76435112953
INFO:R0@tkref=0.0: N of unsatisfied eq: 3
INFO:R0@tkref=0.0: N of unsatisfied ieq: 3
INFO:R0@tkref=0.0: Summary: Iteration limit exceeded after 51 it.
INFO:R0: --------------------------
INFO:R0@tkref=4.95484848485: Time to solve stand alone optimisation problem: 5.08529210091
INFO:R0@tkref=4.95484848485: N of unsatisfied eq: 10
INFO:R0@tkref=4.95484848485: N of unsatisfied ieq: 3
INFO:R0@tkref=4.95484848485: Summary: Iteration limit exceeded after 51 it.
INFO:R0: Finished motion planning
INFO:R0: --------------------------
INFO:R0: TOT: 12.5585717469
INFO:R0: NSE: 2
INFO:R0: FIR: 3.76537895203
INFO:R0: LAS: 5.0860850811
INFO:R0: MAX: 5.0860850811
INFO:R0: MIN: 3.76537895203
INFO:R0: AVG: 4.42573201656
INFO:R0: RAT: 1.02648650037
