INFO:R0: Init motion planning
INFO:R0@tkref=0.0: Time to solve stand alone optimisation problem: 3.6958489418
INFO:R0@tkref=0.0: N of unsatisfied eq: 3
INFO:R0@tkref=0.0: N of unsatisfied ieq: 5
INFO:R0@tkref=0.0: Summary: Iteration limit exceeded after 51 it.
INFO:R0: --------------------------
INFO:R0@tkref=2.75022222222: Time to solve stand alone optimisation problem: 0.857205152512
INFO:R0@tkref=2.75022222222: N of unsatisfied eq: 3
INFO:R0@tkref=2.75022222222: N of unsatisfied ieq: 8
INFO:R0@tkref=2.75022222222: Summary: Optimization terminated successfully. after 9 it.
INFO:R0: --------------------------
INFO:R0@tkref=5.50044444444: Time to solve stand alone optimisation problem: 0.474499940872
INFO:R0@tkref=5.50044444444: N of unsatisfied eq: 3
INFO:R0@tkref=5.50044444444: N of unsatisfied ieq: 9
INFO:R0@tkref=5.50044444444: Summary: Optimization terminated successfully. after 5 it.
INFO:R0: --------------------------
INFO:R0@tkref=8.25066666666: Time to solve stand alone optimisation problem: 5.04621696472
INFO:R0@tkref=8.25066666666: N of unsatisfied eq: 10
INFO:R0@tkref=8.25066666666: N of unsatisfied ieq: 3
INFO:R0@tkref=8.25066666666: Summary: Iteration limit exceeded after 51 it.
INFO:R0: Finished motion planning
INFO:R0: --------------------------
INFO:R0: TOT: 12.6469608156
INFO:R0: NSE: 4
INFO:R0: FIR: 3.69694709778
INFO:R0: LAS: 5.04723620415
INFO:R0: MAX: 0.857878923416
INFO:R0: MIN: 0.476139068604
INFO:R0: AVG: 0.66700899601
INFO:R0: RAT: 0.311930765625
