INFO:R0: Init motion planning
INFO:R0@tkref=0.0: Time to solve stand alone optimisation problem: 3.77908682823
INFO:R0@tkref=0.0: N of unsatisfied eq: 3
INFO:R0@tkref=0.0: N of unsatisfied ieq: 11
INFO:R0@tkref=0.0: Summary: Iteration limit exceeded after 51 it.
INFO:R0: --------------------------
INFO:R0@tkref=3.4: Time to solve stand alone optimisation problem: 0.777100086212
INFO:R0@tkref=3.4: N of unsatisfied eq: 3
INFO:R0@tkref=3.4: N of unsatisfied ieq: 9
INFO:R0@tkref=3.4: Summary: Optimization terminated successfully. after 8 it.
INFO:R0: --------------------------
INFO:R0@tkref=6.8: Time to solve stand alone optimisation problem: 5.17488408089
INFO:R0@tkref=6.8: N of unsatisfied eq: 10
INFO:R0@tkref=6.8: N of unsatisfied ieq: 4
INFO:R0@tkref=6.8: Summary: Iteration limit exceeded after 51 it.
INFO:R0: Finished motion planning
INFO:R0: --------------------------
INFO:R0: TOT: 11.9842046349
INFO:R0: NSE: 3
INFO:R0: FIR: 3.77996993065
INFO:R0: LAS: 5.17545294762
INFO:R0: MAX: 0.777747869492
INFO:R0: MIN: 0.777747869492
INFO:R0: AVG: 0.777747869492
INFO:R0: RAT: 0.22874937338
