INFO:R0: Init motion planning
INFO:R0@tkref=0.0: Time to solve stand alone optimisation problem: 3.62808203697
INFO:R0@tkref=0.0: N of unsatisfied eq: 3
INFO:R0@tkref=0.0: N of unsatisfied ieq: 3
INFO:R0@tkref=0.0: Summary: Iteration limit exceeded after 51 it.
INFO:R0: --------------------------
INFO:R0@tkref=3.9: Time to solve stand alone optimisation problem: 4.9465341568
INFO:R0@tkref=3.9: N of unsatisfied eq: 10
INFO:R0@tkref=3.9: N of unsatisfied ieq: 3
INFO:R0@tkref=3.9: Summary: Iteration limit exceeded after 51 it.
INFO:R0: Finished motion planning
INFO:R0: --------------------------
INFO:R0: TOT: 12.1060051431
INFO:R0: NSE: 2
INFO:R0: FIR: 3.62905907631
INFO:R0: LAS: 4.94711589813
INFO:R0: MAX: 4.94711589813
INFO:R0: MIN: 3.62905907631
INFO:R0: AVG: 4.28808748722
INFO:R0: RAT: 1.26849125593
