INFO:R0: Init motion planning
INFO:R0@tkref=0.0: Time to solve stand alone optimisation problem: 3.59632897377
INFO:R0@tkref=0.0: N of unsatisfied eq: 3
INFO:R0@tkref=0.0: N of unsatisfied ieq: 7
INFO:R0@tkref=0.0: Summary: Iteration limit exceeded after 51 it.
INFO:R0: --------------------------
INFO:R0@tkref=0.694285714286: Time to solve stand alone optimisation problem: 0.75977396965
INFO:R0@tkref=0.694285714286: N of unsatisfied eq: 3
INFO:R0@tkref=0.694285714286: N of unsatisfied ieq: 12
INFO:R0@tkref=0.694285714286: Summary: Optimization terminated successfully. after 11 it.
INFO:R0: --------------------------
INFO:R0@tkref=1.38857142857: Time to solve stand alone optimisation problem: 0.941112041473
INFO:R0@tkref=1.38857142857: N of unsatisfied eq: 3
INFO:R0@tkref=1.38857142857: N of unsatisfied ieq: 9
INFO:R0@tkref=1.38857142857: Summary: Optimization terminated successfully. after 10 it.
INFO:R0: --------------------------
INFO:R0@tkref=2.08285714286: Time to solve stand alone optimisation problem: 1.11234498024
INFO:R0@tkref=2.08285714286: N of unsatisfied eq: 3
INFO:R0@tkref=2.08285714286: N of unsatisfied ieq: 9
INFO:R0@tkref=2.08285714286: Summary: Optimization terminated successfully. after 12 it.
INFO:R0: --------------------------
INFO:R0@tkref=2.77714285714: Time to solve stand alone optimisation problem: 1.11461997032
INFO:R0@tkref=2.77714285714: N of unsatisfied eq: 2
INFO:R0@tkref=2.77714285714: N of unsatisfied ieq: 12
INFO:R0@tkref=2.77714285714: Summary: Optimization terminated successfully. after 12 it.
INFO:R0: --------------------------
INFO:R0@tkref=3.47142857143: Time to solve stand alone optimisation problem: 0.758854150772
INFO:R0@tkref=3.47142857143: N of unsatisfied eq: 3
INFO:R0@tkref=3.47142857143: N of unsatisfied ieq: 14
INFO:R0@tkref=3.47142857143: Summary: Optimization terminated successfully. after 8 it.
INFO:R0: --------------------------
INFO:R0@tkref=4.16571428572: Time to solve stand alone optimisation problem: 0.37925696373
INFO:R0@tkref=4.16571428572: N of unsatisfied eq: 3
INFO:R0@tkref=4.16571428572: N of unsatisfied ieq: 15
INFO:R0@tkref=4.16571428572: Summary: Optimization terminated successfully. after 4 it.
INFO:R0: --------------------------
INFO:R0@tkref=4.86: Time to solve stand alone optimisation problem: 0.284696102142
INFO:R0@tkref=4.86: N of unsatisfied eq: 3
INFO:R0@tkref=4.86: N of unsatisfied ieq: 19
INFO:R0@tkref=4.86: Summary: Optimization terminated successfully. after 3 it.
INFO:R0: --------------------------
INFO:R0@tkref=5.55428571429: Time to solve stand alone optimisation problem: 1.1218650341
INFO:R0@tkref=5.55428571429: N of unsatisfied eq: 3
INFO:R0@tkref=5.55428571429: N of unsatisfied ieq: 12
INFO:R0@tkref=5.55428571429: Summary: Optimization terminated successfully. after 12 it.
INFO:R0: --------------------------
INFO:R0@tkref=6.24857142857: Time to solve stand alone optimisation problem: 3.69891190529
INFO:R0@tkref=6.24857142857: N of unsatisfied eq: 3
INFO:R0@tkref=6.24857142857: N of unsatisfied ieq: 5
INFO:R0@tkref=6.24857142857: Summary: Optimization terminated successfully. after 40 it.
INFO:R0: --------------------------
INFO:R0@tkref=6.94285714286: Time to solve stand alone optimisation problem: 0.835625171661
INFO:R0@tkref=6.94285714286: N of unsatisfied eq: 3
INFO:R0@tkref=6.94285714286: N of unsatisfied ieq: 8
INFO:R0@tkref=6.94285714286: Summary: Optimization terminated successfully. after 9 it.
INFO:R0: --------------------------
INFO:R0@tkref=7.63714285715: Time to solve stand alone optimisation problem: 1.02463793755
INFO:R0@tkref=7.63714285715: N of unsatisfied eq: 3
INFO:R0@tkref=7.63714285715: N of unsatisfied ieq: 10
INFO:R0@tkref=7.63714285715: Summary: Optimization terminated successfully. after 11 it.
INFO:R0: --------------------------
INFO:R0@tkref=8.33142857143: Time to solve stand alone optimisation problem: 0.654819965363
INFO:R0@tkref=8.33142857143: N of unsatisfied eq: 3
INFO:R0@tkref=8.33142857143: N of unsatisfied ieq: 16
INFO:R0@tkref=8.33142857143: Summary: Optimization terminated successfully. after 7 it.
INFO:R0: --------------------------
INFO:R0@tkref=9.02571428572: Time to solve stand alone optimisation problem: 0.284111022949
INFO:R0@tkref=9.02571428572: N of unsatisfied eq: 3
INFO:R0@tkref=9.02571428572: N of unsatisfied ieq: 16
INFO:R0@tkref=9.02571428572: Summary: Optimization terminated successfully. after 3 it.
INFO:R0: --------------------------
INFO:R0@tkref=9.72: Time to solve stand alone optimisation problem: 0.189381837845
INFO:R0@tkref=9.72: N of unsatisfied eq: 3
INFO:R0@tkref=9.72: N of unsatisfied ieq: 17
INFO:R0@tkref=9.72: Summary: Optimization terminated successfully. after 2 it.
INFO:R0: --------------------------
INFO:R0@tkref=10.4142857143: Time to solve stand alone optimisation problem: 0.212015867233
INFO:R0@tkref=10.4142857143: N of unsatisfied eq: 3
INFO:R0@tkref=10.4142857143: N of unsatisfied ieq: 12
INFO:R0@tkref=10.4142857143: Summary: Optimization terminated successfully. after 3 it.
INFO:R0: --------------------------
INFO:R0@tkref=11.1085714286: Time to solve stand alone optimisation problem: 0.204964160919
INFO:R0@tkref=11.1085714286: N of unsatisfied eq: 3
INFO:R0@tkref=11.1085714286: N of unsatisfied ieq: 11
INFO:R0@tkref=11.1085714286: Summary: Optimization terminated successfully. after 3 it.
INFO:R0: --------------------------
INFO:R0@tkref=11.8028571429: Time to solve stand alone optimisation problem: 3.67232584953
INFO:R0@tkref=11.8028571429: N of unsatisfied eq: 10
INFO:R0@tkref=11.8028571429: N of unsatisfied ieq: 2
INFO:R0@tkref=11.8028571429: Summary: Iteration limit exceeded after 51 it.
INFO:R0: Finished motion planning
INFO:R0: --------------------------
INFO:R0: TOT: 13.2460707111
INFO:R0: NSE: 18
INFO:R0: FIR: 3.59811091423
INFO:R0: LAS: 3.67290282249
INFO:R0: MAX: 3.69990611076
INFO:R0: MIN: 0.190004110336
INFO:R0: AVG: 0.84926687181
INFO:R0: RAT: 5.32908287558
