INFO:R0: Init motion planning
INFO:R0@tkref=0.0: Time to solve stand alone optimisation problem: 3.61934995651
INFO:R0@tkref=0.0: N of unsatisfied eq: 3
INFO:R0@tkref=0.0: N of unsatisfied ieq: 3
INFO:R0@tkref=0.0: Summary: Iteration limit exceeded after 51 it.
INFO:R0: --------------------------
INFO:R0@tkref=3.75215686275: Time to solve stand alone optimisation problem: 0.654677152634
INFO:R0@tkref=3.75215686275: N of unsatisfied eq: 3
INFO:R0@tkref=3.75215686275: N of unsatisfied ieq: 9
INFO:R0@tkref=3.75215686275: Summary: Optimization terminated successfully. after 7 it.
INFO:R0: --------------------------
INFO:R0@tkref=7.5043137255: Time to solve stand alone optimisation problem: 4.96308898926
INFO:R0@tkref=7.5043137255: N of unsatisfied eq: 10
INFO:R0@tkref=7.5043137255: N of unsatisfied ieq: 5
INFO:R0@tkref=7.5043137255: Summary: Iteration limit exceeded after 51 it.
INFO:R0: Finished motion planning
INFO:R0: --------------------------
INFO:R0: TOT: 12.9338142262
INFO:R0: NSE: 3
INFO:R0: FIR: 3.62083721161
INFO:R0: LAS: 4.96367502213
INFO:R0: MAX: 0.655337095261
INFO:R0: MIN: 0.655337095261
INFO:R0: AVG: 0.655337095261
INFO:R0: RAT: 0.174656102938
