INFO:R0: Init motion planning
INFO:R0@tkref=0.0: Time to solve stand alone optimisation problem: 3.94824695587
INFO:R0@tkref=0.0: N of unsatisfied eq: 3
INFO:R0@tkref=0.0: N of unsatisfied ieq: 3
INFO:R0@tkref=0.0: Summary: Iteration limit exceeded after 51 it.
INFO:R0: --------------------------
INFO:R0@tkref=3.89714285714: Time to solve stand alone optimisation problem: 5.37336206436
INFO:R0@tkref=3.89714285714: N of unsatisfied eq: 10
INFO:R0@tkref=3.89714285714: N of unsatisfied ieq: 4
INFO:R0@tkref=3.89714285714: Summary: Iteration limit exceeded after 51 it.
INFO:R0: Finished motion planning
INFO:R0: --------------------------
INFO:R0: TOT: 12.8452241969
INFO:R0: NSE: 2
INFO:R0: FIR: 3.94915294647
INFO:R0: LAS: 5.37462687492
INFO:R0: MAX: 5.37462687492
INFO:R0: MIN: 3.94915294647
INFO:R0: AVG: 4.6618899107
INFO:R0: RAT: 1.37911979928
