INFO:R0: Init motion planning
INFO:R0@tkref=0.0: Time to solve stand alone optimisation problem: 3.63531708717
INFO:R0@tkref=0.0: N of unsatisfied eq: 3
INFO:R0@tkref=0.0: N of unsatisfied ieq: 4
INFO:R0@tkref=0.0: Summary: Iteration limit exceeded after 51 it.
INFO:R0: --------------------------
INFO:R0@tkref=2.1050877193: Time to solve stand alone optimisation problem: 1.40983295441
INFO:R0@tkref=2.1050877193: N of unsatisfied eq: 2
INFO:R0@tkref=2.1050877193: N of unsatisfied ieq: 9
INFO:R0@tkref=2.1050877193: Summary: Optimization terminated successfully. after 15 it.
INFO:R0: --------------------------
INFO:R0@tkref=4.2101754386: Time to solve stand alone optimisation problem: 0.736700057983
INFO:R0@tkref=4.2101754386: N of unsatisfied eq: 2
INFO:R0@tkref=4.2101754386: N of unsatisfied ieq: 9
INFO:R0@tkref=4.2101754386: Summary: Optimization terminated successfully. after 8 it.
INFO:R0: --------------------------
INFO:R0@tkref=6.3152631579: Time to solve stand alone optimisation problem: 4.94256997108
INFO:R0@tkref=6.3152631579: N of unsatisfied eq: 10
INFO:R0@tkref=6.3152631579: N of unsatisfied ieq: 3
INFO:R0@tkref=6.3152631579: Summary: Iteration limit exceeded after 51 it.
INFO:R0: Finished motion planning
INFO:R0: --------------------------
INFO:R0: TOT: 12.7456405349
INFO:R0: NSE: 4
INFO:R0: FIR: 3.63627505302
INFO:R0: LAS: 4.94314002991
INFO:R0: MAX: 1.41051506996
INFO:R0: MIN: 0.737351179123
INFO:R0: AVG: 1.07393312454
INFO:R0: RAT: 0.670050495772
