INFO:R0: Init motion planning
INFO:R0@tkref=0.0: Time to solve stand alone optimisation problem: 3.717222929
INFO:R0@tkref=0.0: N of unsatisfied eq: 3
INFO:R0@tkref=0.0: N of unsatisfied ieq: 3
INFO:R0@tkref=0.0: Summary: Iteration limit exceeded after 51 it.
INFO:R0: --------------------------
INFO:R0@tkref=7.35518072289: Time to solve stand alone optimisation problem: 0.560392856598
INFO:R0@tkref=7.35518072289: N of unsatisfied eq: 3
INFO:R0@tkref=7.35518072289: N of unsatisfied ieq: 19
INFO:R0@tkref=7.35518072289: Summary: Optimization terminated successfully. after 12 it.
INFO:R0: --------------------------
INFO:R0@tkref=14.7103614458: Time to solve stand alone optimisation problem: 5.0250878334
INFO:R0@tkref=14.7103614458: N of unsatisfied eq: 10
INFO:R0@tkref=14.7103614458: N of unsatisfied ieq: 7
INFO:R0@tkref=14.7103614458: Summary: Iteration limit exceeded after 51 it.
INFO:R0: Finished motion planning
INFO:R0: --------------------------
INFO:R0: TOT: 23.7388976533
INFO:R0: NSE: 3
INFO:R0: FIR: 3.71825098991
INFO:R0: LAS: 5.02566409111
INFO:R0: MAX: 0.561094999313
INFO:R0: MIN: 0.561094999313
INFO:R0: AVG: 0.561094999313
INFO:R0: RAT: 0.0762856849414
