INFO:R0: Init motion planning
INFO:R0@tkref=0.0: Time to solve stand alone optimisation problem: 3.93958997726
INFO:R0@tkref=0.0: N of unsatisfied eq: 3
INFO:R0@tkref=0.0: N of unsatisfied ieq: 3
INFO:R0@tkref=0.0: Summary: Iteration limit exceeded after 51 it.
INFO:R0: --------------------------
INFO:R0@tkref=4.65134328358: Time to solve stand alone optimisation problem: 5.39211201668
INFO:R0@tkref=4.65134328358: N of unsatisfied eq: 10
INFO:R0@tkref=4.65134328358: N of unsatisfied ieq: 3
INFO:R0@tkref=4.65134328358: Summary: Iteration limit exceeded after 51 it.
INFO:R0: Finished motion planning
INFO:R0: --------------------------
INFO:R0: TOT: 12.2251453735
INFO:R0: NSE: 2
INFO:R0: FIR: 3.94048094749
INFO:R0: LAS: 5.3927090168
INFO:R0: MAX: 5.3927090168
INFO:R0: MIN: 3.94048094749
INFO:R0: AVG: 4.66659498215
INFO:R0: RAT: 1.15938744746
