INFO:R0: Init motion planning
INFO:R0@tkref=0.0: Time to solve stand alone optimisation problem: 3.69712114334
INFO:R0@tkref=0.0: N of unsatisfied eq: 3
INFO:R0@tkref=0.0: N of unsatisfied ieq: 4
INFO:R0@tkref=0.0: Summary: Iteration limit exceeded after 51 it.
INFO:R0: --------------------------
INFO:R0@tkref=5.05: Time to solve stand alone optimisation problem: 5.03862380981
INFO:R0@tkref=5.05: N of unsatisfied eq: 10
INFO:R0@tkref=5.05: N of unsatisfied ieq: 5
INFO:R0@tkref=5.05: Summary: Iteration limit exceeded after 51 it.
INFO:R0: Finished motion planning
INFO:R0: --------------------------
INFO:R0: TOT: 12.1291128742
INFO:R0: NSE: 2
INFO:R0: FIR: 3.69825601578
INFO:R0: LAS: 5.03935885429
INFO:R0: MAX: 5.03935885429
INFO:R0: MIN: 3.69825601578
INFO:R0: AVG: 4.36880743504
INFO:R0: RAT: 0.997892842434
