INFO:R0: Init motion planning
INFO:R0@tkref=0.0: Time to solve stand alone optimisation problem: 3.68987393379
INFO:R0@tkref=0.0: N of unsatisfied eq: 3
INFO:R0@tkref=0.0: N of unsatisfied ieq: 3
INFO:R0@tkref=0.0: Summary: Iteration limit exceeded after 51 it.
INFO:R0: --------------------------
INFO:R0@tkref=2.0088: Time to solve stand alone optimisation problem: 0.855226993561
INFO:R0@tkref=2.0088: N of unsatisfied eq: 3
INFO:R0@tkref=2.0088: N of unsatisfied ieq: 9
INFO:R0@tkref=2.0088: Summary: Optimization terminated successfully. after 9 it.
INFO:R0: --------------------------
INFO:R0@tkref=4.0176: Time to solve stand alone optimisation problem: 0.760563135147
INFO:R0@tkref=4.0176: N of unsatisfied eq: 2
INFO:R0@tkref=4.0176: N of unsatisfied ieq: 8
INFO:R0@tkref=4.0176: Summary: Optimization terminated successfully. after 8 it.
INFO:R0: --------------------------
INFO:R0@tkref=6.0264: Time to solve stand alone optimisation problem: 0.843103885651
INFO:R0@tkref=6.0264: N of unsatisfied eq: 3
INFO:R0@tkref=6.0264: N of unsatisfied ieq: 9
INFO:R0@tkref=6.0264: Summary: Optimization terminated successfully. after 9 it.
INFO:R0: --------------------------
INFO:R0@tkref=8.0352: Time to solve stand alone optimisation problem: 5.02051615715
INFO:R0@tkref=8.0352: N of unsatisfied eq: 10
INFO:R0@tkref=8.0352: N of unsatisfied ieq: 5
INFO:R0@tkref=8.0352: Summary: Iteration limit exceeded after 51 it.
INFO:R0: Finished motion planning
INFO:R0: --------------------------
INFO:R0: TOT: 13.2846129678
INFO:R0: NSE: 5
INFO:R0: FIR: 3.69077682495
INFO:R0: LAS: 5.02109408379
INFO:R0: MAX: 0.855893850327
INFO:R0: MIN: 0.76121711731
INFO:R0: AVG: 0.820288340251
INFO:R0: RAT: 0.42607220745
