INFO:R0: Init motion planning
INFO:R0@tkref=0.0: Time to solve stand alone optimisation problem: 3.66652798653
INFO:R0@tkref=0.0: N of unsatisfied eq: 3
INFO:R0@tkref=0.0: N of unsatisfied ieq: 3
INFO:R0@tkref=0.0: Summary: Iteration limit exceeded after 51 it.
INFO:R0: --------------------------
INFO:R0@tkref=4.14853333333: Time to solve stand alone optimisation problem: 5.04985284805
INFO:R0@tkref=4.14853333333: N of unsatisfied eq: 10
INFO:R0@tkref=4.14853333333: N of unsatisfied ieq: 3
INFO:R0@tkref=4.14853333333: Summary: Iteration limit exceeded after 51 it.
INFO:R0: Finished motion planning
INFO:R0: --------------------------
INFO:R0: TOT: 13.0791374146
INFO:R0: NSE: 2
INFO:R0: FIR: 3.66756701469
INFO:R0: LAS: 5.0504360199
INFO:R0: MAX: 5.0504360199
INFO:R0: MIN: 3.66756701469
INFO:R0: AVG: 4.3590015173
INFO:R0: RAT: 1.21740278168
