INFO:R0: Init motion planning
INFO:R0@tkref=0.0: Time to solve stand alone optimisation problem: 3.72088885307
INFO:R0@tkref=0.0: N of unsatisfied eq: 3
INFO:R0@tkref=0.0: N of unsatisfied ieq: 5
INFO:R0@tkref=0.0: Summary: Iteration limit exceeded after 51 it.
INFO:R0: --------------------------
INFO:R0@tkref=3.65790697674: Time to solve stand alone optimisation problem: 5.08740091324
INFO:R0@tkref=3.65790697674: N of unsatisfied eq: 10
INFO:R0@tkref=3.65790697674: N of unsatisfied ieq: 2
INFO:R0@tkref=3.65790697674: Summary: Iteration limit exceeded after 51 it.
INFO:R0: Finished motion planning
INFO:R0: --------------------------
INFO:R0: TOT: 16.535174039
INFO:R0: NSE: 2
INFO:R0: FIR: 3.72192907333
INFO:R0: LAS: 5.08843207359
INFO:R0: MAX: 5.08843207359
INFO:R0: MIN: 3.72192907333
INFO:R0: AVG: 4.40518057346
INFO:R0: RAT: 1.39107749485
