INFO:R0: Init motion planning
INFO:R0@tkref=0.0: Time to solve stand alone optimisation problem: 3.75594902039
INFO:R0@tkref=0.0: N of unsatisfied eq: 3
INFO:R0@tkref=0.0: N of unsatisfied ieq: 5
INFO:R0@tkref=0.0: Summary: Iteration limit exceeded after 51 it.
INFO:R0: --------------------------
INFO:R0@tkref=0.6: Time to solve stand alone optimisation problem: 1.22923707962
INFO:R0@tkref=0.6: N of unsatisfied eq: 1
INFO:R0@tkref=0.6: N of unsatisfied ieq: 9
INFO:R0@tkref=0.6: Summary: Optimization terminated successfully. after 17 it.
INFO:R0: --------------------------
INFO:R0@tkref=1.2: Time to solve stand alone optimisation problem: 1.01799893379
INFO:R0@tkref=1.2: N of unsatisfied eq: 2
INFO:R0@tkref=1.2: N of unsatisfied ieq: 8
INFO:R0@tkref=1.2: Summary: Optimization terminated successfully. after 12 it.
INFO:R0: --------------------------
INFO:R0@tkref=1.8: Time to solve stand alone optimisation problem: 1.35722398758
INFO:R0@tkref=1.8: N of unsatisfied eq: 3
INFO:R0@tkref=1.8: N of unsatisfied ieq: 8
INFO:R0@tkref=1.8: Summary: Optimization terminated successfully. after 14 it.
INFO:R0: --------------------------
INFO:R0@tkref=2.4: Time to solve stand alone optimisation problem: 1.07678699493
INFO:R0@tkref=2.4: N of unsatisfied eq: 3
INFO:R0@tkref=2.4: N of unsatisfied ieq: 10
INFO:R0@tkref=2.4: Summary: Optimization terminated successfully. after 11 it.
INFO:R0: --------------------------
INFO:R0@tkref=3.0: Time to solve stand alone optimisation problem: 0.772778987885
INFO:R0@tkref=3.0: N of unsatisfied eq: 3
INFO:R0@tkref=3.0: N of unsatisfied ieq: 13
INFO:R0@tkref=3.0: Summary: Optimization terminated successfully. after 8 it.
INFO:R0: --------------------------
INFO:R0@tkref=3.6: Time to solve stand alone optimisation problem: 0.199098110199
INFO:R0@tkref=3.6: N of unsatisfied eq: 3
INFO:R0@tkref=3.6: N of unsatisfied ieq: 17
INFO:R0@tkref=3.6: Summary: Optimization terminated successfully. after 2 it.
INFO:R0: --------------------------
INFO:R0@tkref=4.2: Time to solve stand alone optimisation problem: 0.973406076431
INFO:R0@tkref=4.2: N of unsatisfied eq: 3
INFO:R0@tkref=4.2: N of unsatisfied ieq: 10
INFO:R0@tkref=4.2: Summary: Optimization terminated successfully. after 10 it.
INFO:R0: --------------------------
INFO:R0@tkref=4.8: Time to solve stand alone optimisation problem: 1.05790019035
INFO:R0@tkref=4.8: N of unsatisfied eq: 3
INFO:R0@tkref=4.8: N of unsatisfied ieq: 10
INFO:R0@tkref=4.8: Summary: Optimization terminated successfully. after 11 it.
INFO:R0: --------------------------
INFO:R0@tkref=5.4: Time to solve stand alone optimisation problem: 1.14866900444
INFO:R0@tkref=5.4: N of unsatisfied eq: 3
INFO:R0@tkref=5.4: N of unsatisfied ieq: 11
INFO:R0@tkref=5.4: Summary: Optimization terminated successfully. after 12 it.
INFO:R0: --------------------------
INFO:R0@tkref=6.0: Time to solve stand alone optimisation problem: 1.15254688263
INFO:R0@tkref=6.0: N of unsatisfied eq: 3
INFO:R0@tkref=6.0: N of unsatisfied ieq: 11
INFO:R0@tkref=6.0: Summary: Optimization terminated successfully. after 12 it.
INFO:R0: --------------------------
INFO:R0@tkref=6.6: Time to solve stand alone optimisation problem: 0.877555847168
INFO:R0@tkref=6.6: N of unsatisfied eq: 3
INFO:R0@tkref=6.6: N of unsatisfied ieq: 10
INFO:R0@tkref=6.6: Summary: Optimization terminated successfully. after 9 it.
INFO:R0: --------------------------
INFO:R0@tkref=7.2: Time to solve stand alone optimisation problem: 0.678578138351
INFO:R0@tkref=7.2: N of unsatisfied eq: 2
INFO:R0@tkref=7.2: N of unsatisfied ieq: 9
INFO:R0@tkref=7.2: Summary: Optimization terminated successfully. after 7 it.
INFO:R0: --------------------------
INFO:R0@tkref=7.8: Time to solve stand alone optimisation problem: 0.778198003769
INFO:R0@tkref=7.8: N of unsatisfied eq: 3
INFO:R0@tkref=7.8: N of unsatisfied ieq: 8
INFO:R0@tkref=7.8: Summary: Optimization terminated successfully. after 8 it.
INFO:R0: --------------------------
INFO:R0@tkref=8.4: Time to solve stand alone optimisation problem: 0.768589019775
INFO:R0@tkref=8.4: N of unsatisfied eq: 3
INFO:R0@tkref=8.4: N of unsatisfied ieq: 10
INFO:R0@tkref=8.4: Summary: Optimization terminated successfully. after 8 it.
INFO:R0: --------------------------
INFO:R0@tkref=9.0: Time to solve stand alone optimisation problem: 0.488321065903
INFO:R0@tkref=9.0: N of unsatisfied eq: 3
INFO:R0@tkref=9.0: N of unsatisfied ieq: 15
INFO:R0@tkref=9.0: Summary: Optimization terminated successfully. after 5 it.
INFO:R0: --------------------------
INFO:R0@tkref=9.6: Time to solve stand alone optimisation problem: 0.294140815735
INFO:R0@tkref=9.6: N of unsatisfied eq: 3
INFO:R0@tkref=9.6: N of unsatisfied ieq: 16
INFO:R0@tkref=9.6: Summary: Optimization terminated successfully. after 3 it.
INFO:R0: --------------------------
INFO:R0@tkref=10.2: Time to solve stand alone optimisation problem: 0.384454011917
INFO:R0@tkref=10.2: N of unsatisfied eq: 3
INFO:R0@tkref=10.2: N of unsatisfied ieq: 10
INFO:R0@tkref=10.2: Summary: Optimization terminated successfully. after 4 it.
INFO:R0: --------------------------
INFO:R0@tkref=10.8: Time to solve stand alone optimisation problem: 3.85195398331
INFO:R0@tkref=10.8: N of unsatisfied eq: 10
INFO:R0@tkref=10.8: N of unsatisfied ieq: 5
INFO:R0@tkref=10.8: Summary: Iteration limit exceeded after 51 it.
INFO:R0: Finished motion planning
INFO:R0: --------------------------
INFO:R0: TOT: 13.5084080127
INFO:R0: NSE: 19
INFO:R0: FIR: 3.75684189796
INFO:R0: LAS: 3.85252809525
INFO:R0: MAX: 1.35789704323
INFO:R0: MIN: 0.199745178223
INFO:R0: AVG: 0.83922976606
INFO:R0: RAT: 2.26316173871
