INFO:R0: Init motion planning
INFO:R0@tkref=0.0: Time to solve stand alone optimisation problem: 3.70623803139
INFO:R0@tkref=0.0: N of unsatisfied eq: 3
INFO:R0@tkref=0.0: N of unsatisfied ieq: 2
INFO:R0@tkref=0.0: Summary: Iteration limit exceeded after 51 it.
INFO:R0: --------------------------
INFO:R0@tkref=3.0: Time to solve stand alone optimisation problem: 5.01893806458
INFO:R0@tkref=3.0: N of unsatisfied eq: 10
INFO:R0@tkref=3.0: N of unsatisfied ieq: 1
INFO:R0@tkref=3.0: Summary: Iteration limit exceeded after 51 it.
INFO:R0: Finished motion planning
INFO:R0: --------------------------
INFO:R0: TOT: 13.8095060284
INFO:R0: NSE: 2
INFO:R0: FIR: 3.7073199749
INFO:R0: LAS: 5.01952195168
INFO:R0: MAX: 5.01952195168
INFO:R0: MIN: 3.7073199749
INFO:R0: AVG: 4.36342096329
INFO:R0: RAT: 1.67317398389
