INFO:R0: Init motion planning
INFO:R0@tkref=0.0: Time to solve stand alone optimisation problem: 3.6354470253
INFO:R0@tkref=0.0: N of unsatisfied eq: 3
INFO:R0@tkref=0.0: N of unsatisfied ieq: 8
INFO:R0@tkref=0.0: Summary: Iteration limit exceeded after 51 it.
INFO:R0: --------------------------
INFO:R0@tkref=0.611111111111: Time to solve stand alone optimisation problem: 0.831927061081
INFO:R0@tkref=0.611111111111: N of unsatisfied eq: 3
INFO:R0@tkref=0.611111111111: N of unsatisfied ieq: 9
INFO:R0@tkref=0.611111111111: Summary: Optimization terminated successfully. after 12 it.
INFO:R0: --------------------------
INFO:R0@tkref=1.22222222222: Time to solve stand alone optimisation problem: 0.977854967117
INFO:R0@tkref=1.22222222222: N of unsatisfied eq: 3
INFO:R0@tkref=1.22222222222: N of unsatisfied ieq: 9
INFO:R0@tkref=1.22222222222: Summary: Optimization terminated successfully. after 12 it.
INFO:R0: --------------------------
INFO:R0@tkref=1.83333333333: Time to solve stand alone optimisation problem: 0.849840164185
INFO:R0@tkref=1.83333333333: N of unsatisfied eq: 3
INFO:R0@tkref=1.83333333333: N of unsatisfied ieq: 9
INFO:R0@tkref=1.83333333333: Summary: Optimization terminated successfully. after 9 it.
INFO:R0: --------------------------
INFO:R0@tkref=2.44444444444: Time to solve stand alone optimisation problem: 1.12994098663
INFO:R0@tkref=2.44444444444: N of unsatisfied eq: 3
INFO:R0@tkref=2.44444444444: N of unsatisfied ieq: 9
INFO:R0@tkref=2.44444444444: Summary: Optimization terminated successfully. after 12 it.
INFO:R0: --------------------------
INFO:R0@tkref=3.05555555556: Time to solve stand alone optimisation problem: 0.954861879349
INFO:R0@tkref=3.05555555556: N of unsatisfied eq: 3
INFO:R0@tkref=3.05555555556: N of unsatisfied ieq: 15
INFO:R0@tkref=3.05555555556: Summary: Optimization terminated successfully. after 10 it.
INFO:R0: --------------------------
INFO:R0@tkref=3.66666666667: Time to solve stand alone optimisation problem: 0.578047037125
INFO:R0@tkref=3.66666666667: N of unsatisfied eq: 3
INFO:R0@tkref=3.66666666667: N of unsatisfied ieq: 15
INFO:R0@tkref=3.66666666667: Summary: Optimization terminated successfully. after 6 it.
INFO:R0: --------------------------
INFO:R0@tkref=4.27777777778: Time to solve stand alone optimisation problem: 0.482110023499
INFO:R0@tkref=4.27777777778: N of unsatisfied eq: 3
INFO:R0@tkref=4.27777777778: N of unsatisfied ieq: 13
INFO:R0@tkref=4.27777777778: Summary: Optimization terminated successfully. after 5 it.
INFO:R0: --------------------------
INFO:R0@tkref=4.88888888889: Time to solve stand alone optimisation problem: 0.192983865738
INFO:R0@tkref=4.88888888889: N of unsatisfied eq: 3
INFO:R0@tkref=4.88888888889: N of unsatisfied ieq: 16
INFO:R0@tkref=4.88888888889: Summary: Optimization terminated successfully. after 2 it.
INFO:R0: --------------------------
INFO:R0@tkref=5.5: Time to solve stand alone optimisation problem: 1.22493004799
INFO:R0@tkref=5.5: N of unsatisfied eq: 2
INFO:R0@tkref=5.5: N of unsatisfied ieq: 10
INFO:R0@tkref=5.5: Summary: Optimization terminated successfully. after 13 it.
INFO:R0: --------------------------
INFO:R0@tkref=6.11111111111: Time to solve stand alone optimisation problem: 1.03334712982
INFO:R0@tkref=6.11111111111: N of unsatisfied eq: 3
INFO:R0@tkref=6.11111111111: N of unsatisfied ieq: 12
INFO:R0@tkref=6.11111111111: Summary: Optimization terminated successfully. after 11 it.
INFO:R0: --------------------------
INFO:R0@tkref=6.72222222222: Time to solve stand alone optimisation problem: 1.03176593781
INFO:R0@tkref=6.72222222222: N of unsatisfied eq: 3
INFO:R0@tkref=6.72222222222: N of unsatisfied ieq: 11
INFO:R0@tkref=6.72222222222: Summary: Optimization terminated successfully. after 11 it.
INFO:R0: --------------------------
INFO:R0@tkref=7.33333333333: Time to solve stand alone optimisation problem: 1.22486591339
INFO:R0@tkref=7.33333333333: N of unsatisfied eq: 3
INFO:R0@tkref=7.33333333333: N of unsatisfied ieq: 10
INFO:R0@tkref=7.33333333333: Summary: Optimization terminated successfully. after 13 it.
INFO:R0: --------------------------
INFO:R0@tkref=7.94444444444: Time to solve stand alone optimisation problem: 0.945040941238
INFO:R0@tkref=7.94444444444: N of unsatisfied eq: 3
INFO:R0@tkref=7.94444444444: N of unsatisfied ieq: 10
INFO:R0@tkref=7.94444444444: Summary: Optimization terminated successfully. after 10 it.
INFO:R0: --------------------------
INFO:R0@tkref=8.55555555555: Time to solve stand alone optimisation problem: 1.11844706535
INFO:R0@tkref=8.55555555555: N of unsatisfied eq: 3
INFO:R0@tkref=8.55555555555: N of unsatisfied ieq: 10
INFO:R0@tkref=8.55555555555: Summary: Optimization terminated successfully. after 12 it.
INFO:R0: --------------------------
INFO:R0@tkref=9.16666666666: Time to solve stand alone optimisation problem: 0.471781015396
INFO:R0@tkref=9.16666666666: N of unsatisfied eq: 3
INFO:R0@tkref=9.16666666666: N of unsatisfied ieq: 12
INFO:R0@tkref=9.16666666666: Summary: Optimization terminated successfully. after 5 it.
INFO:R0: --------------------------
INFO:R0@tkref=9.77777777778: Time to solve stand alone optimisation problem: 0.192102909088
INFO:R0@tkref=9.77777777778: N of unsatisfied eq: 3
INFO:R0@tkref=9.77777777778: N of unsatisfied ieq: 16
INFO:R0@tkref=9.77777777778: Summary: Optimization terminated successfully. after 2 it.
INFO:R0: --------------------------
INFO:R0@tkref=10.3888888889: Time to solve stand alone optimisation problem: 0.192341804504
INFO:R0@tkref=10.3888888889: N of unsatisfied eq: 3
INFO:R0@tkref=10.3888888889: N of unsatisfied ieq: 13
INFO:R0@tkref=10.3888888889: Summary: Optimization terminated successfully. after 2 it.
INFO:R0: --------------------------
INFO:R0@tkref=11.0: Time to solve stand alone optimisation problem: 0.143625020981
INFO:R0@tkref=11.0: N of unsatisfied eq: 3
INFO:R0@tkref=11.0: N of unsatisfied ieq: 15
INFO:R0@tkref=11.0: Summary: Optimization terminated successfully. after 2 it.
INFO:R0: --------------------------
INFO:R0@tkref=11.6111111111: Time to solve stand alone optimisation problem: 0.276814937592
INFO:R0@tkref=11.6111111111: N of unsatisfied eq: 3
INFO:R0@tkref=11.6111111111: N of unsatisfied ieq: 3
INFO:R0@tkref=11.6111111111: Summary: Optimization terminated successfully. after 4 it.
INFO:R0: --------------------------
INFO:R0@tkref=12.2222222222: Time to solve stand alone optimisation problem: 3.73460102081
INFO:R0@tkref=12.2222222222: N of unsatisfied eq: 10
INFO:R0@tkref=12.2222222222: N of unsatisfied ieq: 2
INFO:R0@tkref=12.2222222222: Summary: Iteration limit exceeded after 51 it.
INFO:R0: Finished motion planning
INFO:R0: --------------------------
INFO:R0: TOT: 14.1170612418
INFO:R0: NSE: 21
INFO:R0: FIR: 3.63634490967
INFO:R0: LAS: 3.73520493507
INFO:R0: MAX: 1.22571706772
INFO:R0: MIN: 0.144247055054
INFO:R0: AVG: 0.729760395853
INFO:R0: RAT: 2.00571883809
