INFO:R0: Init motion planning
INFO:R0@tkref=0.0: Time to solve stand alone optimisation problem: 3.75131607056
INFO:R0@tkref=0.0: N of unsatisfied eq: 3
INFO:R0@tkref=0.0: N of unsatisfied ieq: 3
INFO:R0@tkref=0.0: Summary: Iteration limit exceeded after 51 it.
INFO:R0: --------------------------
INFO:R0@tkref=1.35: Time to solve stand alone optimisation problem: 0.910708904266
INFO:R0@tkref=1.35: N of unsatisfied eq: 3
INFO:R0@tkref=1.35: N of unsatisfied ieq: 20
INFO:R0@tkref=1.35: Summary: Optimization terminated successfully. after 15 it.
INFO:R0: --------------------------
INFO:R0@tkref=2.7: Time to solve stand alone optimisation problem: 5.10516405106
INFO:R0@tkref=2.7: N of unsatisfied eq: 10
INFO:R0@tkref=2.7: N of unsatisfied ieq: 2
INFO:R0@tkref=2.7: Summary: Iteration limit exceeded after 51 it.
INFO:R0: Finished motion planning
INFO:R0: --------------------------
INFO:R0: TOT: 12.2211733745
INFO:R0: NSE: 3
INFO:R0: FIR: 3.75271296501
INFO:R0: LAS: 5.10575389862
INFO:R0: MAX: 0.911418914795
INFO:R0: MIN: 0.911418914795
INFO:R0: AVG: 0.911418914795
INFO:R0: RAT: 0.67512512207
