INFO:R0: Init motion planning
INFO:R0@tkref=0.0: Time to solve stand alone optimisation problem: 3.65248513222
INFO:R0@tkref=0.0: N of unsatisfied eq: 3
INFO:R0@tkref=0.0: N of unsatisfied ieq: 5
INFO:R0@tkref=0.0: Summary: Iteration limit exceeded after 51 it.
INFO:R0: --------------------------
INFO:R0@tkref=3.55: Time to solve stand alone optimisation problem: 0.747921943665
INFO:R0@tkref=3.55: N of unsatisfied eq: 2
INFO:R0@tkref=3.55: N of unsatisfied ieq: 8
INFO:R0@tkref=3.55: Summary: Optimization terminated successfully. after 8 it.
INFO:R0: --------------------------
INFO:R0@tkref=7.1: Time to solve stand alone optimisation problem: 4.97242712975
INFO:R0@tkref=7.1: N of unsatisfied eq: 10
INFO:R0@tkref=7.1: N of unsatisfied ieq: 5
INFO:R0@tkref=7.1: Summary: Iteration limit exceeded after 51 it.
INFO:R0: Finished motion planning
INFO:R0: --------------------------
INFO:R0: TOT: 12.2663357486
INFO:R0: NSE: 3
INFO:R0: FIR: 3.65343308449
INFO:R0: LAS: 4.97302699089
INFO:R0: MAX: 0.748581886292
INFO:R0: MIN: 0.748581886292
INFO:R0: AVG: 0.748581886292
INFO:R0: RAT: 0.210868136984
