INFO:R0: Init motion planning
INFO:R0@tkref=0.0: Time to solve stand alone optimisation problem: 3.62652802467
INFO:R0@tkref=0.0: N of unsatisfied eq: 3
INFO:R0@tkref=0.0: N of unsatisfied ieq: 4
INFO:R0@tkref=0.0: Summary: Iteration limit exceeded after 51 it.
INFO:R0: --------------------------
INFO:R0@tkref=3.40191489362: Time to solve stand alone optimisation problem: 0.741139888763
INFO:R0@tkref=3.40191489362: N of unsatisfied eq: 2
INFO:R0@tkref=3.40191489362: N of unsatisfied ieq: 8
INFO:R0@tkref=3.40191489362: Summary: Optimization terminated successfully. after 8 it.
INFO:R0: --------------------------
INFO:R0@tkref=6.80382978724: Time to solve stand alone optimisation problem: 4.93088793755
INFO:R0@tkref=6.80382978724: N of unsatisfied eq: 10
INFO:R0@tkref=6.80382978724: N of unsatisfied ieq: 8
INFO:R0@tkref=6.80382978724: Summary: Iteration limit exceeded after 51 it.
INFO:R0: Finished motion planning
INFO:R0: --------------------------
INFO:R0: TOT: 12.1579144951
INFO:R0: NSE: 3
INFO:R0: FIR: 3.62741518021
INFO:R0: LAS: 4.93169283867
INFO:R0: MAX: 0.741796970367
INFO:R0: MIN: 0.741796970367
INFO:R0: AVG: 0.741796970367
INFO:R0: RAT: 0.218052771326
