INFO:R0: Init motion planning
INFO:R0@tkref=0.0: Time to solve stand alone optimisation problem: 3.70734095573
INFO:R0@tkref=0.0: N of unsatisfied eq: 3
INFO:R0@tkref=0.0: N of unsatisfied ieq: 6
INFO:R0@tkref=0.0: Summary: Iteration limit exceeded after 51 it.
INFO:R0: --------------------------
INFO:R0@tkref=5.04935064935: Time to solve stand alone optimisation problem: 5.0172150135
INFO:R0@tkref=5.04935064935: N of unsatisfied eq: 10
INFO:R0@tkref=5.04935064935: N of unsatisfied ieq: 2
INFO:R0@tkref=5.04935064935: Summary: Iteration limit exceeded after 51 it.
INFO:R0: Finished motion planning
INFO:R0: --------------------------
INFO:R0: TOT: 15.254024343
INFO:R0: NSE: 2
INFO:R0: FIR: 3.70847988129
INFO:R0: LAS: 5.01804304123
INFO:R0: MAX: 5.01804304123
INFO:R0: MIN: 3.70847988129
INFO:R0: AVG: 4.36326146126
INFO:R0: RAT: 0.993799676375
