DEBUG:R0: Using Tc_p = 0.555555555556
DEBUG:R0: Using Tc_d = 0.555555555556
INFO:R0: Init motion planning
INFO:R0@tkref=0.0000: Time to solve stand alone optimization problem: 1.36417889595
INFO:R0@tkref=0.0000: N of unsatisfied eq: 5
INFO:R0@tkref=0.0000: N of unsatisfied ieq: 5
INFO:R0@tkref=0.0000: Summary: Iteration limit exceeded after 41 it.
DEBUG:R0@tkref=0.0000: $$$$$$$$ CONFLICT LIST $$$$$$$$: []
INFO:R0: --------------------------
INFO:R0@tkref=0.5556: Time to solve stand alone optimization problem: 0.0337328910828
INFO:R0@tkref=0.5556: N of unsatisfied eq: 3
INFO:R0@tkref=0.5556: N of unsatisfied ieq: 3
INFO:R0@tkref=0.5556: Summary: Optimization terminated successfully. after 1 it.
DEBUG:R0@tkref=0.5556: $$$$$$$$ CONFLICT LIST $$$$$$$$: []
INFO:R0: --------------------------
INFO:R0@tkref=1.1111: Time to solve stand alone optimization problem: 0.0388150215149
INFO:R0@tkref=1.1111: N of unsatisfied eq: 3
INFO:R0@tkref=1.1111: N of unsatisfied ieq: 6
INFO:R0@tkref=1.1111: Summary: Optimization terminated successfully. after 1 it.
DEBUG:R0@tkref=1.1111: $$$$$$$$ CONFLICT LIST $$$$$$$$: []
INFO:R0: --------------------------
INFO:R0@tkref=1.6667: Time to solve stand alone optimization problem: 0.0372109413147
INFO:R0@tkref=1.6667: N of unsatisfied eq: 4
INFO:R0@tkref=1.6667: N of unsatisfied ieq: 4
INFO:R0@tkref=1.6667: Summary: Optimization terminated successfully. after 1 it.
DEBUG:R0@tkref=1.6667: $$$$$$$$ CONFLICT LIST $$$$$$$$: []
INFO:R0: --------------------------
INFO:R0@tkref=2.2222: Time to solve stand alone optimization problem: 0.223366975784
INFO:R0@tkref=2.2222: N of unsatisfied eq: 2
INFO:R0@tkref=2.2222: N of unsatisfied ieq: 7
INFO:R0@tkref=2.2222: Summary: Optimization terminated successfully. after 6 it.
DEBUG:R0@tkref=2.2222: $$$$$$$$ CONFLICT LIST $$$$$$$$: []
INFO:R0: --------------------------
INFO:R0@tkref=2.7778: Time to solve stand alone optimization problem: 0.873435974121
INFO:R0@tkref=2.7778: N of unsatisfied eq: 3
INFO:R0@tkref=2.7778: N of unsatisfied ieq: 6
INFO:R0@tkref=2.7778: Summary: Iteration limit exceeded after 16 it.
DEBUG:R0@tkref=2.7778: $$$$$$$$ CONFLICT LIST $$$$$$$$: []
INFO:R0: --------------------------
INFO:R0@tkref=3.3333: Time to solve stand alone optimization problem: 0.61190199852
INFO:R0@tkref=3.3333: N of unsatisfied eq: 3
INFO:R0@tkref=3.3333: N of unsatisfied ieq: 4
INFO:R0@tkref=3.3333: Summary: Iteration limit exceeded after 16 it.
DEBUG:R0@tkref=3.3333: $$$$$$$$ CONFLICT LIST $$$$$$$$: []
INFO:R0: --------------------------
INFO:R0@tkref=3.8889: Time to solve stand alone optimization problem: 0.258038043976
INFO:R0@tkref=3.8889: N of unsatisfied eq: 2
INFO:R0@tkref=3.8889: N of unsatisfied ieq: 6
INFO:R0@tkref=3.8889: Summary: Optimization terminated successfully. after 7 it.
DEBUG:R0@tkref=3.8889: $$$$$$$$ CONFLICT LIST $$$$$$$$: []
INFO:R0: --------------------------
INFO:R0@tkref=4.4444: Time to solve stand alone optimization problem: 0.323683023453
INFO:R0@tkref=4.4444: N of unsatisfied eq: 3
INFO:R0@tkref=4.4444: N of unsatisfied ieq: 6
INFO:R0@tkref=4.4444: Summary: Optimization terminated successfully. after 9 it.
DEBUG:R0@tkref=4.4444: $$$$$$$$ CONFLICT LIST $$$$$$$$: []
INFO:R0: --------------------------
INFO:R0@tkref=5.0000: Time to solve stand alone optimization problem: 0.29674911499
INFO:R0@tkref=5.0000: N of unsatisfied eq: 3
INFO:R0@tkref=5.0000: N of unsatisfied ieq: 8
INFO:R0@tkref=5.0000: Summary: Optimization terminated successfully. after 8 it.
DEBUG:R0@tkref=5.0000: $$$$$$$$ CONFLICT LIST $$$$$$$$: []
INFO:R0: --------------------------
INFO:R0@tkref=5.5556: Time to solve stand alone optimization problem: 0.0777308940887
INFO:R0@tkref=5.5556: N of unsatisfied eq: 3
INFO:R0@tkref=5.5556: N of unsatisfied ieq: 8
INFO:R0@tkref=5.5556: Summary: Optimization terminated successfully. after 2 it.
DEBUG:R0@tkref=5.5556: $$$$$$$$ CONFLICT LIST $$$$$$$$: []
INFO:R0: --------------------------
INFO:R0@tkref=6.1111: Time to solve stand alone optimization problem: 0.0385398864746
INFO:R0@tkref=6.1111: N of unsatisfied eq: 3
INFO:R0@tkref=6.1111: N of unsatisfied ieq: 6
INFO:R0@tkref=6.1111: Summary: Optimization terminated successfully. after 1 it.
DEBUG:R0@tkref=6.1111: $$$$$$$$ CONFLICT LIST $$$$$$$$: []
INFO:R0: --------------------------
DEBUG:R0: LAST STEP
DEBUG:R0: Approx remaining dist: 0.913118050337
DEBUG:R0: Usual approx plan dist: 1.0
DEBUG:R0: Approx gain in dist: 0.0868819496631
DEBUG:R0: Last step min dist: 0.5
INFO:R0: scale 0.913118050337 Ns 9 Nk 5
INFO:R0@tkref=6.6667: Time to solve stand alone optimization problem: 0.757493019104
INFO:R0@tkref=6.6667: N of unsatisfied eq: 10
INFO:R0@tkref=6.6667: N of unsatisfied ieq: 4
INFO:R0@tkref=6.6667: Summary: Iteration limit exceeded after 26 it.
DEBUG:R0@tkref=6.6667: $$$$$$$$ CONFLICT LIST $$$$$$$$: []
INFO:R0: Finished motion planning
INFO:R0: --------------------------
INFO:R0: TOT: 7.62774725998
INFO:R0: NSE: 13
INFO:R0: FIR: 1.36541891098
INFO:R0: LAS: 0.758329868317
INFO:R0: LMA: 0
INFO:R0: MAX: 0.874258041382
INFO:R0: MIN: 0.0345120429993
INFO:R0: AVG: 0.256602504037
INFO:R0: RMP: 1.57366447449
INFO:R0: RMG: 1.57366447449
