INFO:R0: Init motion planning
INFO:R0@tkref=0.0: Time to solve stand alone optimisation problem: 7.24064898491
INFO:R0@tkref=0.0: N of unsatisfied eq: 3
INFO:R0@tkref=0.0: N of unsatisfied ieq: 2
INFO:R0@tkref=0.0: Summary: Iteration limit exceeded after 101 it.
INFO:R0: --------------------------
INFO:R0@tkref=0.491145833333: Time to solve stand alone optimisation problem: 0.952687978745
INFO:R0@tkref=0.491145833333: N of unsatisfied eq: 2
INFO:R0@tkref=0.491145833333: N of unsatisfied ieq: 11
INFO:R0@tkref=0.491145833333: Summary: Optimization terminated successfully. after 13 it.
INFO:R0: --------------------------
INFO:R0@tkref=0.982291666666: Time to solve stand alone optimisation problem: 1.66947102547
INFO:R0@tkref=0.982291666666: N of unsatisfied eq: 3
INFO:R0@tkref=0.982291666666: N of unsatisfied ieq: 9
INFO:R0@tkref=0.982291666666: Summary: Optimization terminated successfully. after 17 it.
INFO:R0: --------------------------
INFO:R0@tkref=1.4734375: Time to solve stand alone optimisation problem: 1.55823802948
INFO:R0@tkref=1.4734375: N of unsatisfied eq: 3
INFO:R0@tkref=1.4734375: N of unsatisfied ieq: 9
INFO:R0@tkref=1.4734375: Summary: Optimization terminated successfully. after 12 it.
INFO:R0: --------------------------
INFO:R0@tkref=1.96458333333: Time to solve stand alone optimisation problem: 0.888915061951
INFO:R0@tkref=1.96458333333: N of unsatisfied eq: 2
INFO:R0@tkref=1.96458333333: N of unsatisfied ieq: 9
INFO:R0@tkref=1.96458333333: Summary: Optimization terminated successfully. after 7 it.
INFO:R0: --------------------------
INFO:R0@tkref=2.45572916666: Time to solve stand alone optimisation problem: 1.78061199188
INFO:R0@tkref=2.45572916666: N of unsatisfied eq: 3
INFO:R0@tkref=2.45572916666: N of unsatisfied ieq: 9
INFO:R0@tkref=2.45572916666: Summary: Optimization terminated successfully. after 14 it.
INFO:R0: --------------------------
INFO:R0@tkref=2.946875: Time to solve stand alone optimisation problem: 1.07764816284
INFO:R0@tkref=2.946875: N of unsatisfied eq: 3
INFO:R0@tkref=2.946875: N of unsatisfied ieq: 14
INFO:R0@tkref=2.946875: Summary: Optimization terminated successfully. after 10 it.
INFO:R0: --------------------------
INFO:R0@tkref=3.43802083333: Time to solve stand alone optimisation problem: 0.663165807724
INFO:R0@tkref=3.43802083333: N of unsatisfied eq: 3
INFO:R0@tkref=3.43802083333: N of unsatisfied ieq: 14
INFO:R0@tkref=3.43802083333: Summary: Optimization terminated successfully. after 6 it.
INFO:R0: --------------------------
INFO:R0@tkref=3.92916666666: Time to solve stand alone optimisation problem: 0.213647127151
INFO:R0@tkref=3.92916666666: N of unsatisfied eq: 3
INFO:R0@tkref=3.92916666666: N of unsatisfied ieq: 17
INFO:R0@tkref=3.92916666666: Summary: Optimization terminated successfully. after 2 it.
INFO:R0: --------------------------
INFO:R0@tkref=4.4203125: Time to solve stand alone optimisation problem: 0.222770929337
INFO:R0@tkref=4.4203125: N of unsatisfied eq: 3
INFO:R0@tkref=4.4203125: N of unsatisfied ieq: 15
INFO:R0@tkref=4.4203125: Summary: Optimization terminated successfully. after 2 it.
INFO:R0: --------------------------
INFO:R0@tkref=4.91145833333: Time to solve stand alone optimisation problem: 0.514106035233
INFO:R0@tkref=4.91145833333: N of unsatisfied eq: 3
INFO:R0@tkref=4.91145833333: N of unsatisfied ieq: 11
INFO:R0@tkref=4.91145833333: Summary: Optimization terminated successfully. after 5 it.
INFO:R0: --------------------------
INFO:R0@tkref=5.40260416666: Time to solve stand alone optimisation problem: 0.296118021011
INFO:R0@tkref=5.40260416666: N of unsatisfied eq: 3
INFO:R0@tkref=5.40260416666: N of unsatisfied ieq: 18
INFO:R0@tkref=5.40260416666: Summary: Optimization terminated successfully. after 3 it.
INFO:R0: --------------------------
INFO:R0@tkref=5.89375: Time to solve stand alone optimisation problem: 0.289348125458
INFO:R0@tkref=5.89375: N of unsatisfied eq: 3
INFO:R0@tkref=5.89375: N of unsatisfied ieq: 19
INFO:R0@tkref=5.89375: Summary: Optimization terminated successfully. after 3 it.
INFO:R0: --------------------------
INFO:R0@tkref=6.38489583333: Time to solve stand alone optimisation problem: 1.5500459671
INFO:R0@tkref=6.38489583333: N of unsatisfied eq: 3
INFO:R0@tkref=6.38489583333: N of unsatisfied ieq: 12
INFO:R0@tkref=6.38489583333: Summary: Optimization terminated successfully. after 16 it.
INFO:R0: --------------------------
INFO:R0@tkref=6.87604166666: Time to solve stand alone optimisation problem: 1.30004405975
INFO:R0@tkref=6.87604166666: N of unsatisfied eq: 3
INFO:R0@tkref=6.87604166666: N of unsatisfied ieq: 12
INFO:R0@tkref=6.87604166666: Summary: Optimization terminated successfully. after 12 it.
INFO:R0: --------------------------
INFO:R0@tkref=7.3671875: Time to solve stand alone optimisation problem: 1.31938505173
INFO:R0@tkref=7.3671875: N of unsatisfied eq: 3
INFO:R0@tkref=7.3671875: N of unsatisfied ieq: 9
INFO:R0@tkref=7.3671875: Summary: Optimization terminated successfully. after 13 it.
INFO:R0: --------------------------
INFO:R0@tkref=7.85833333333: Time to solve stand alone optimisation problem: 1.25304508209
INFO:R0@tkref=7.85833333333: N of unsatisfied eq: 3
INFO:R0@tkref=7.85833333333: N of unsatisfied ieq: 10
INFO:R0@tkref=7.85833333333: Summary: Optimization terminated successfully. after 12 it.
INFO:R0: --------------------------
INFO:R0@tkref=8.34947916666: Time to solve stand alone optimisation problem: 1.27668404579
INFO:R0@tkref=8.34947916666: N of unsatisfied eq: 3
INFO:R0@tkref=8.34947916666: N of unsatisfied ieq: 10
INFO:R0@tkref=8.34947916666: Summary: Optimization terminated successfully. after 12 it.
INFO:R0: --------------------------
INFO:R0@tkref=8.84062499999: Time to solve stand alone optimisation problem: 0.95462012291
INFO:R0@tkref=8.84062499999: N of unsatisfied eq: 3
INFO:R0@tkref=8.84062499999: N of unsatisfied ieq: 10
INFO:R0@tkref=8.84062499999: Summary: Optimization terminated successfully. after 9 it.
INFO:R0: --------------------------
INFO:R0@tkref=9.33177083333: Time to solve stand alone optimisation problem: 0.791818857193
INFO:R0@tkref=9.33177083333: N of unsatisfied eq: 3
INFO:R0@tkref=9.33177083333: N of unsatisfied ieq: 10
INFO:R0@tkref=9.33177083333: Summary: Optimization terminated successfully. after 7 it.
INFO:R0: --------------------------
INFO:R0@tkref=9.82291666666: Time to solve stand alone optimisation problem: 0.199708938599
INFO:R0@tkref=9.82291666666: N of unsatisfied eq: 3
INFO:R0@tkref=9.82291666666: N of unsatisfied ieq: 17
INFO:R0@tkref=9.82291666666: Summary: Optimization terminated successfully. after 2 it.
INFO:R0: --------------------------
INFO:R0@tkref=10.3140625: Time to solve stand alone optimisation problem: 0.299101114273
INFO:R0@tkref=10.3140625: N of unsatisfied eq: 3
INFO:R0@tkref=10.3140625: N of unsatisfied ieq: 14
INFO:R0@tkref=10.3140625: Summary: Optimization terminated successfully. after 3 it.
INFO:R0: --------------------------
INFO:R0@tkref=10.8052083333: Time to solve stand alone optimisation problem: 0.21963596344
INFO:R0@tkref=10.8052083333: N of unsatisfied eq: 3
INFO:R0@tkref=10.8052083333: N of unsatisfied ieq: 15
INFO:R0@tkref=10.8052083333: Summary: Optimization terminated successfully. after 2 it.
INFO:R0: --------------------------
INFO:R0@tkref=11.2963541667: Time to solve stand alone optimisation problem: 0.158027887344
INFO:R0@tkref=11.2963541667: N of unsatisfied eq: 3
INFO:R0@tkref=11.2963541667: N of unsatisfied ieq: 15
INFO:R0@tkref=11.2963541667: Summary: Optimization terminated successfully. after 2 it.
INFO:R0: --------------------------
INFO:R0@tkref=11.7875: Time to solve stand alone optimisation problem: 0.151138067245
INFO:R0@tkref=11.7875: N of unsatisfied eq: 3
INFO:R0@tkref=11.7875: N of unsatisfied ieq: 14
INFO:R0@tkref=11.7875: Summary: Optimization terminated successfully. after 2 it.
INFO:R0: --------------------------
INFO:R0@tkref=12.2786458333: Time to solve stand alone optimisation problem: 0.150052785873
INFO:R0@tkref=12.2786458333: N of unsatisfied eq: 3
INFO:R0@tkref=12.2786458333: N of unsatisfied ieq: 15
INFO:R0@tkref=12.2786458333: Summary: Optimization terminated successfully. after 2 it.
INFO:R0: --------------------------
INFO:R0@tkref=12.7697916667: Time to solve stand alone optimisation problem: 8.26767802238
INFO:R0@tkref=12.7697916667: N of unsatisfied eq: 10
INFO:R0@tkref=12.7697916667: N of unsatisfied ieq: 2
INFO:R0@tkref=12.7697916667: Summary: Iteration limit exceeded after 101 it.
INFO:R0: Finished motion planning
INFO:R0: --------------------------
INFO:R0: NSE: 27
INFO:R0: FIR: 7.24064898491
INFO:R0: LAS: 8.26767802238
INFO:R0: MAX: 1.78061199188
INFO:R0: MIN: 0.150052785873
INFO:R0: AVG: 0.790001449585
INFO:R0: TOT: 14.5524873003
