INFO:R0: Init motion planning
INFO:R0@tkref=0.0: Time to solve stand alone optimisation problem: 3.67360496521
INFO:R0@tkref=0.0: N of unsatisfied eq: 3
INFO:R0@tkref=0.0: N of unsatisfied ieq: 10
INFO:R0@tkref=0.0: Summary: Iteration limit exceeded after 51 it.
INFO:R0: --------------------------
INFO:R0@tkref=0.484693877551: Time to solve stand alone optimisation problem: 0.988847017288
INFO:R0@tkref=0.484693877551: N of unsatisfied eq: 2
INFO:R0@tkref=0.484693877551: N of unsatisfied ieq: 9
INFO:R0@tkref=0.484693877551: Summary: Optimization terminated successfully. after 14 it.
INFO:R0: --------------------------
INFO:R0@tkref=0.969387755102: Time to solve stand alone optimisation problem: 1.09741187096
INFO:R0@tkref=0.969387755102: N of unsatisfied eq: 3
INFO:R0@tkref=0.969387755102: N of unsatisfied ieq: 9
INFO:R0@tkref=0.969387755102: Summary: Optimization terminated successfully. after 13 it.
INFO:R0: --------------------------
INFO:R0@tkref=1.45408163265: Time to solve stand alone optimisation problem: 1.14195609093
INFO:R0@tkref=1.45408163265: N of unsatisfied eq: 3
INFO:R0@tkref=1.45408163265: N of unsatisfied ieq: 9
INFO:R0@tkref=1.45408163265: Summary: Optimization terminated successfully. after 12 it.
INFO:R0: --------------------------
INFO:R0@tkref=1.9387755102: Time to solve stand alone optimisation problem: 1.1455039978
INFO:R0@tkref=1.9387755102: N of unsatisfied eq: 3
INFO:R0@tkref=1.9387755102: N of unsatisfied ieq: 10
INFO:R0@tkref=1.9387755102: Summary: Optimization terminated successfully. after 12 it.
INFO:R0: --------------------------
INFO:R0@tkref=2.42346938775: Time to solve stand alone optimisation problem: 1.061825037
INFO:R0@tkref=2.42346938775: N of unsatisfied eq: 3
INFO:R0@tkref=2.42346938775: N of unsatisfied ieq: 11
INFO:R0@tkref=2.42346938775: Summary: Optimization terminated successfully. after 11 it.
INFO:R0: --------------------------
INFO:R0@tkref=2.90816326531: Time to solve stand alone optimisation problem: 0.862641811371
INFO:R0@tkref=2.90816326531: N of unsatisfied eq: 3
INFO:R0@tkref=2.90816326531: N of unsatisfied ieq: 15
INFO:R0@tkref=2.90816326531: Summary: Optimization terminated successfully. after 9 it.
INFO:R0: --------------------------
INFO:R0@tkref=3.39285714286: Time to solve stand alone optimisation problem: 0.488585948944
INFO:R0@tkref=3.39285714286: N of unsatisfied eq: 3
INFO:R0@tkref=3.39285714286: N of unsatisfied ieq: 15
INFO:R0@tkref=3.39285714286: Summary: Optimization terminated successfully. after 5 it.
INFO:R0: --------------------------
INFO:R0@tkref=3.87755102041: Time to solve stand alone optimisation problem: 0.589160919189
INFO:R0@tkref=3.87755102041: N of unsatisfied eq: 3
INFO:R0@tkref=3.87755102041: N of unsatisfied ieq: 15
INFO:R0@tkref=3.87755102041: Summary: Optimization terminated successfully. after 6 it.
INFO:R0: --------------------------
INFO:R0@tkref=4.36224489796: Time to solve stand alone optimisation problem: 0.590059041977
INFO:R0@tkref=4.36224489796: N of unsatisfied eq: 3
INFO:R0@tkref=4.36224489796: N of unsatisfied ieq: 17
INFO:R0@tkref=4.36224489796: Summary: Optimization terminated successfully. after 6 it.
INFO:R0: --------------------------
INFO:R0@tkref=4.84693877551: Time to solve stand alone optimisation problem: 0.582763910294
INFO:R0@tkref=4.84693877551: N of unsatisfied eq: 3
INFO:R0@tkref=4.84693877551: N of unsatisfied ieq: 13
INFO:R0@tkref=4.84693877551: Summary: Optimization terminated successfully. after 6 it.
INFO:R0: --------------------------
INFO:R0@tkref=5.33163265306: Time to solve stand alone optimisation problem: 0.59542298317
INFO:R0@tkref=5.33163265306: N of unsatisfied eq: 3
INFO:R0@tkref=5.33163265306: N of unsatisfied ieq: 17
INFO:R0@tkref=5.33163265306: Summary: Optimization terminated successfully. after 6 it.
INFO:R0: --------------------------
INFO:R0@tkref=5.81632653061: Time to solve stand alone optimisation problem: 1.3023250103
INFO:R0@tkref=5.81632653061: N of unsatisfied eq: 3
INFO:R0@tkref=5.81632653061: N of unsatisfied ieq: 11
INFO:R0@tkref=5.81632653061: Summary: Optimization terminated successfully. after 14 it.
INFO:R0: --------------------------
INFO:R0@tkref=6.30102040816: Time to solve stand alone optimisation problem: 1.3095471859
INFO:R0@tkref=6.30102040816: N of unsatisfied eq: 3
INFO:R0@tkref=6.30102040816: N of unsatisfied ieq: 11
INFO:R0@tkref=6.30102040816: Summary: Optimization terminated successfully. after 14 it.
INFO:R0: --------------------------
INFO:R0@tkref=6.78571428571: Time to solve stand alone optimisation problem: 1.09120106697
INFO:R0@tkref=6.78571428571: N of unsatisfied eq: 3
INFO:R0@tkref=6.78571428571: N of unsatisfied ieq: 10
INFO:R0@tkref=6.78571428571: Summary: Optimization terminated successfully. after 11 it.
INFO:R0: --------------------------
INFO:R0@tkref=7.27040816326: Time to solve stand alone optimisation problem: 1.20815491676
INFO:R0@tkref=7.27040816326: N of unsatisfied eq: 3
INFO:R0@tkref=7.27040816326: N of unsatisfied ieq: 10
INFO:R0@tkref=7.27040816326: Summary: Optimization terminated successfully. after 13 it.
INFO:R0: --------------------------
INFO:R0@tkref=7.75510204082: Time to solve stand alone optimisation problem: 0.753190040588
INFO:R0@tkref=7.75510204082: N of unsatisfied eq: 3
INFO:R0@tkref=7.75510204082: N of unsatisfied ieq: 13
INFO:R0@tkref=7.75510204082: Summary: Optimization terminated successfully. after 8 it.
INFO:R0: --------------------------
INFO:R0@tkref=8.23979591837: Time to solve stand alone optimisation problem: 0.282846212387
INFO:R0@tkref=8.23979591837: N of unsatisfied eq: 3
INFO:R0@tkref=8.23979591837: N of unsatisfied ieq: 14
INFO:R0@tkref=8.23979591837: Summary: Optimization terminated successfully. after 3 it.
INFO:R0: --------------------------
INFO:R0@tkref=8.72448979592: Time to solve stand alone optimisation problem: 0.509058952332
INFO:R0@tkref=8.72448979592: N of unsatisfied eq: 3
INFO:R0@tkref=8.72448979592: N of unsatisfied ieq: 13
INFO:R0@tkref=8.72448979592: Summary: Optimization terminated successfully. after 5 it.
INFO:R0: --------------------------
INFO:R0@tkref=9.20918367347: Time to solve stand alone optimisation problem: 0.167504072189
INFO:R0@tkref=9.20918367347: N of unsatisfied eq: 3
INFO:R0@tkref=9.20918367347: N of unsatisfied ieq: 17
INFO:R0@tkref=9.20918367347: Summary: Optimization terminated successfully. after 2 it.
INFO:R0: --------------------------
INFO:R0@tkref=9.69387755102: Time to solve stand alone optimisation problem: 0.217891931534
INFO:R0@tkref=9.69387755102: N of unsatisfied eq: 3
INFO:R0@tkref=9.69387755102: N of unsatisfied ieq: 14
INFO:R0@tkref=9.69387755102: Summary: Optimization terminated successfully. after 3 it.
INFO:R0: --------------------------
INFO:R0@tkref=10.1785714286: Time to solve stand alone optimisation problem: 0.146183013916
INFO:R0@tkref=10.1785714286: N of unsatisfied eq: 3
INFO:R0@tkref=10.1785714286: N of unsatisfied ieq: 18
INFO:R0@tkref=10.1785714286: Summary: Optimization terminated successfully. after 2 it.
INFO:R0: --------------------------
INFO:R0@tkref=10.6632653061: Time to solve stand alone optimisation problem: 0.144670009613
INFO:R0@tkref=10.6632653061: N of unsatisfied eq: 3
INFO:R0@tkref=10.6632653061: N of unsatisfied ieq: 16
INFO:R0@tkref=10.6632653061: Summary: Optimization terminated successfully. after 2 it.
INFO:R0: --------------------------
INFO:R0@tkref=11.1479591837: Time to solve stand alone optimisation problem: 3.71991705894
INFO:R0@tkref=11.1479591837: N of unsatisfied eq: 10
INFO:R0@tkref=11.1479591837: N of unsatisfied ieq: 3
INFO:R0@tkref=11.1479591837: Summary: Iteration limit exceeded after 51 it.
INFO:R0: Finished motion planning
INFO:R0: --------------------------
INFO:MAX: 3.71991705894
INFO:MIN: 0.144670009613
INFO:AVG: 0.986261377732
INFO:TOT: 12.4232248577
