INFO:R0: Init motion planning
INFO:R0@tkref=0.0: Time to solve stand alone optimisation problem: 8.22931003571
INFO:R0@tkref=0.0: N of unsatisfied eq: 3
INFO:R0@tkref=0.0: N of unsatisfied ieq: 2
INFO:R0@tkref=0.0: Summary: Iteration limit exceeded after 101 it.
INFO:R0: --------------------------
INFO:R0@tkref=0.234895833333: Time to solve stand alone optimisation problem: 1.23996496201
INFO:R0@tkref=0.234895833333: N of unsatisfied eq: 2
INFO:R0@tkref=0.234895833333: N of unsatisfied ieq: 9
INFO:R0@tkref=0.234895833333: Summary: Optimization terminated successfully. after 14 it.
INFO:R0: --------------------------
INFO:R0@tkref=0.469791666666: Time to solve stand alone optimisation problem: 1.23890709877
INFO:R0@tkref=0.469791666666: N of unsatisfied eq: 2
INFO:R0@tkref=0.469791666666: N of unsatisfied ieq: 15
INFO:R0@tkref=0.469791666666: Summary: Optimization terminated successfully. after 17 it.
INFO:R0: --------------------------
INFO:R0@tkref=0.704687499999: Time to solve stand alone optimisation problem: 0.883352041245
INFO:R0@tkref=0.704687499999: N of unsatisfied eq: 2
INFO:R0@tkref=0.704687499999: N of unsatisfied ieq: 10
INFO:R0@tkref=0.704687499999: Summary: Optimization terminated successfully. after 12 it.
INFO:R0: --------------------------
INFO:R0@tkref=0.939583333332: Time to solve stand alone optimisation problem: 1.334649086
INFO:R0@tkref=0.939583333332: N of unsatisfied eq: 3
INFO:R0@tkref=0.939583333332: N of unsatisfied ieq: 10
INFO:R0@tkref=0.939583333332: Summary: Optimization terminated successfully. after 14 it.
INFO:R0: --------------------------
INFO:R0@tkref=1.17447916666: Time to solve stand alone optimisation problem: 1.43975305557
INFO:R0@tkref=1.17447916666: N of unsatisfied eq: 3
INFO:R0@tkref=1.17447916666: N of unsatisfied ieq: 7
INFO:R0@tkref=1.17447916666: Summary: Optimization terminated successfully. after 16 it.
INFO:R0: --------------------------
INFO:R0@tkref=1.409375: Time to solve stand alone optimisation problem: 1.49255895615
INFO:R0@tkref=1.409375: N of unsatisfied eq: 3
INFO:R0@tkref=1.409375: N of unsatisfied ieq: 8
INFO:R0@tkref=1.409375: Summary: Optimization terminated successfully. after 15 it.
INFO:R0: --------------------------
INFO:R0@tkref=1.64427083333: Time to solve stand alone optimisation problem: 1.18657898903
INFO:R0@tkref=1.64427083333: N of unsatisfied eq: 3
INFO:R0@tkref=1.64427083333: N of unsatisfied ieq: 9
INFO:R0@tkref=1.64427083333: Summary: Optimization terminated successfully. after 11 it.
INFO:R0: --------------------------
INFO:R0@tkref=1.87916666666: Time to solve stand alone optimisation problem: 1.18677687645
INFO:R0@tkref=1.87916666666: N of unsatisfied eq: 3
INFO:R0@tkref=1.87916666666: N of unsatisfied ieq: 7
INFO:R0@tkref=1.87916666666: Summary: Optimization terminated successfully. after 12 it.
INFO:R0: --------------------------
DEBUG:R0: Big problem 6894791126.56
DEBUG:R0: Big problem 68903432.0961
DEBUG:R0: Big problem 684608.063888
DEBUG:R0: Big problem 4.71559813099e+12
DEBUG:R0: Big problem 47155400975.0
DEBUG:R0: Big problem 471495995.152
DEBUG:R0: Big problem 4709177.38358
DEBUG:R0: Big problem 1822639.71522
DEBUG:R0: Big problem 8079866944.96
DEBUG:R0: Big problem 80493799.4882
DEBUG:R0: Big problem 774784.876461
DEBUG:R0: Big problem 751221.40917
DEBUG:R0: Big problem 30210109610.4
DEBUG:R0: Big problem 302668241.82
DEBUG:R0: Big problem 3083701.36892
DEBUG:R0: Big problem 2.93102487957e+15
DEBUG:R0: Big problem 2.93100722659e+13
DEBUG:R0: Big problem 2.93083069982e+11
DEBUG:R0: Big problem 2929065736.54
DEBUG:R0: Big problem 29114465.4171
DEBUG:R0: Big problem 273829.838991
DEBUG:R0: Big problem 8.82586263942e+20
DEBUG:R0: Big problem 8.82586260109e+18
DEBUG:R0: Big problem 8.82586221782e+16
DEBUG:R0: Big problem 8.82585838505e+14
DEBUG:R0: Big problem 8.82582005766e+12
DEBUG:R0: Big problem 88254368083.4
DEBUG:R0: Big problem 882160677.019
DEBUG:R0: Big problem 8783551.90189
DEBUG:R0: Big problem 2.18233305507e+23
DEBUG:R0: Big problem 2.18233305318e+21
DEBUG:R0: Big problem 2.18233303422e+19
DEBUG:R0: Big problem 2.18233284468e+17
DEBUG:R0: Big problem 2.18233094926e+15
DEBUG:R0: Big problem 2.18231199514e+13
DEBUG:R0: Big problem 2.18212246048e+11
DEBUG:R0: Big problem 2180227766.36
DEBUG:R0: Big problem 21613460.7045
DEBUG:R0: Big problem 197905.36481
DEBUG:R0: Big problem 7.33458018446e+21
DEBUG:R0: Big problem 7.33458014719e+19
DEBUG:R0: Big problem 7.33457977453e+17
DEBUG:R0: Big problem 7.33457604789e+15
DEBUG:R0: Big problem 7.33453878155e+13
DEBUG:R0: Big problem 7.33416612538e+11
DEBUG:R0: Big problem 7330440284.18
DEBUG:R0: Big problem 72932539.1687
DEBUG:R0: Big problem 692859.471923
DEBUG:R0: Big problem 3279893.13715
INFO:R0@tkref=2.1140625: Time to solve stand alone optimisation problem: 10.4943358898
INFO:R0@tkref=2.1140625: N of unsatisfied eq: 3
INFO:R0@tkref=2.1140625: N of unsatisfied ieq: 25
INFO:R0@tkref=2.1140625: Summary: Positive directional derivative for linesearch after 100 it.
INFO:R0: --------------------------
INFO:R0@tkref=2.34895833333: Time to solve stand alone optimisation problem: 2.19894099236
INFO:R0@tkref=2.34895833333: N of unsatisfied eq: 3
INFO:R0@tkref=2.34895833333: N of unsatisfied ieq: 7
INFO:R0@tkref=2.34895833333: Summary: Optimization terminated successfully. after 21 it.
INFO:R0: --------------------------
INFO:R0@tkref=2.58385416666: Time to solve stand alone optimisation problem: 2.7684841156
INFO:R0@tkref=2.58385416666: N of unsatisfied eq: 3
INFO:R0@tkref=2.58385416666: N of unsatisfied ieq: 7
INFO:R0@tkref=2.58385416666: Summary: Optimization terminated successfully. after 28 it.
INFO:R0: --------------------------
INFO:R0@tkref=2.81875: Time to solve stand alone optimisation problem: 2.81219696999
INFO:R0@tkref=2.81875: N of unsatisfied eq: 3
INFO:R0@tkref=2.81875: N of unsatisfied ieq: 5
INFO:R0@tkref=2.81875: Summary: Optimization terminated successfully. after 29 it.
INFO:R0: --------------------------
INFO:R0@tkref=3.05364583333: Time to solve stand alone optimisation problem: 1.74985194206
INFO:R0@tkref=3.05364583333: N of unsatisfied eq: 3
INFO:R0@tkref=3.05364583333: N of unsatisfied ieq: 8
INFO:R0@tkref=3.05364583333: Summary: Optimization terminated successfully. after 18 it.
INFO:R0: --------------------------
INFO:R0@tkref=3.28854166666: Time to solve stand alone optimisation problem: 1.74420285225
INFO:R0@tkref=3.28854166666: N of unsatisfied eq: 3
INFO:R0@tkref=3.28854166666: N of unsatisfied ieq: 10
INFO:R0@tkref=3.28854166666: Summary: Optimization terminated successfully. after 18 it.
INFO:R0: --------------------------
INFO:R0@tkref=3.52343749999: Time to solve stand alone optimisation problem: 0.883203029633
INFO:R0@tkref=3.52343749999: N of unsatisfied eq: 3
INFO:R0@tkref=3.52343749999: N of unsatisfied ieq: 12
INFO:R0@tkref=3.52343749999: Summary: Optimization terminated successfully. after 9 it.
INFO:R0: --------------------------
INFO:R0@tkref=3.75833333333: Time to solve stand alone optimisation problem: 1.16669893265
INFO:R0@tkref=3.75833333333: N of unsatisfied eq: 3
INFO:R0@tkref=3.75833333333: N of unsatisfied ieq: 13
INFO:R0@tkref=3.75833333333: Summary: Optimization terminated successfully. after 12 it.
INFO:R0: --------------------------
INFO:R0@tkref=3.99322916666: Time to solve stand alone optimisation problem: 1.08056902885
INFO:R0@tkref=3.99322916666: N of unsatisfied eq: 3
INFO:R0@tkref=3.99322916666: N of unsatisfied ieq: 11
INFO:R0@tkref=3.99322916666: Summary: Optimization terminated successfully. after 10 it.
INFO:R0: --------------------------
INFO:R0@tkref=4.22812499999: Time to solve stand alone optimisation problem: 0.981639862061
INFO:R0@tkref=4.22812499999: N of unsatisfied eq: 3
INFO:R0@tkref=4.22812499999: N of unsatisfied ieq: 9
INFO:R0@tkref=4.22812499999: Summary: Optimization terminated successfully. after 10 it.
INFO:R0: --------------------------
INFO:R0@tkref=4.46302083333: Time to solve stand alone optimisation problem: 2.29750204086
INFO:R0@tkref=4.46302083333: N of unsatisfied eq: 2
INFO:R0@tkref=4.46302083333: N of unsatisfied ieq: 8
INFO:R0@tkref=4.46302083333: Summary: Optimization terminated successfully. after 23 it.
INFO:R0: --------------------------
INFO:R0@tkref=4.69791666666: Time to solve stand alone optimisation problem: 1.1180639267
INFO:R0@tkref=4.69791666666: N of unsatisfied eq: 2
INFO:R0@tkref=4.69791666666: N of unsatisfied ieq: 10
INFO:R0@tkref=4.69791666666: Summary: Optimization terminated successfully. after 11 it.
INFO:R0: --------------------------
INFO:R0@tkref=4.93281249999: Time to solve stand alone optimisation problem: 0.897392988205
INFO:R0@tkref=4.93281249999: N of unsatisfied eq: 3
INFO:R0@tkref=4.93281249999: N of unsatisfied ieq: 13
INFO:R0@tkref=4.93281249999: Summary: Optimization terminated successfully. after 9 it.
INFO:R0: --------------------------
INFO:R0@tkref=5.16770833333: Time to solve stand alone optimisation problem: 1.33734798431
INFO:R0@tkref=5.16770833333: N of unsatisfied eq: 3
INFO:R0@tkref=5.16770833333: N of unsatisfied ieq: 14
INFO:R0@tkref=5.16770833333: Summary: Optimization terminated successfully. after 11 it.
INFO:R0: --------------------------
INFO:R0@tkref=5.40260416666: Time to solve stand alone optimisation problem: 1.04667186737
INFO:R0@tkref=5.40260416666: N of unsatisfied eq: 3
INFO:R0@tkref=5.40260416666: N of unsatisfied ieq: 15
INFO:R0@tkref=5.40260416666: Summary: Optimization terminated successfully. after 8 it.
INFO:R0: --------------------------
INFO:R0@tkref=5.63749999999: Time to solve stand alone optimisation problem: 0.586087942123
INFO:R0@tkref=5.63749999999: N of unsatisfied eq: 3
INFO:R0@tkref=5.63749999999: N of unsatisfied ieq: 13
INFO:R0@tkref=5.63749999999: Summary: Optimization terminated successfully. after 6 it.
INFO:R0: --------------------------
INFO:R0@tkref=5.87239583332: Time to solve stand alone optimisation problem: 0.485116004944
INFO:R0@tkref=5.87239583332: N of unsatisfied eq: 3
INFO:R0@tkref=5.87239583332: N of unsatisfied ieq: 18
INFO:R0@tkref=5.87239583332: Summary: Optimization terminated successfully. after 5 it.
INFO:R0: --------------------------
INFO:R0@tkref=6.10729166666: Time to solve stand alone optimisation problem: 0.195494174957
INFO:R0@tkref=6.10729166666: N of unsatisfied eq: 3
INFO:R0@tkref=6.10729166666: N of unsatisfied ieq: 16
INFO:R0@tkref=6.10729166666: Summary: Optimization terminated successfully. after 2 it.
INFO:R0: --------------------------
INFO:R0@tkref=6.34218749999: Time to solve stand alone optimisation problem: 0.29438495636
INFO:R0@tkref=6.34218749999: N of unsatisfied eq: 3
INFO:R0@tkref=6.34218749999: N of unsatisfied ieq: 16
INFO:R0@tkref=6.34218749999: Summary: Optimization terminated successfully. after 3 it.
INFO:R0: --------------------------
INFO:R0@tkref=6.57708333332: Time to solve stand alone optimisation problem: 0.489362955093
INFO:R0@tkref=6.57708333332: N of unsatisfied eq: 3
INFO:R0@tkref=6.57708333332: N of unsatisfied ieq: 13
INFO:R0@tkref=6.57708333332: Summary: Optimization terminated successfully. after 5 it.
INFO:R0: --------------------------
INFO:R0@tkref=6.81197916666: Time to solve stand alone optimisation problem: 0.64310002327
INFO:R0@tkref=6.81197916666: N of unsatisfied eq: 3
INFO:R0@tkref=6.81197916666: N of unsatisfied ieq: 15
INFO:R0@tkref=6.81197916666: Summary: Optimization terminated successfully. after 6 it.
INFO:R0: --------------------------
INFO:R0@tkref=7.04687499999: Time to solve stand alone optimisation problem: 0.201169967651
INFO:R0@tkref=7.04687499999: N of unsatisfied eq: 3
INFO:R0@tkref=7.04687499999: N of unsatisfied ieq: 13
INFO:R0@tkref=7.04687499999: Summary: Optimization terminated successfully. after 2 it.
INFO:R0: --------------------------
INFO:R0@tkref=7.28177083332: Time to solve stand alone optimisation problem: 0.256367206573
INFO:R0@tkref=7.28177083332: N of unsatisfied eq: 3
INFO:R0@tkref=7.28177083332: N of unsatisfied ieq: 14
INFO:R0@tkref=7.28177083332: Summary: Optimization terminated successfully. after 2 it.
INFO:R0: --------------------------
INFO:R0@tkref=7.51666666666: Time to solve stand alone optimisation problem: 1.08435297012
INFO:R0@tkref=7.51666666666: N of unsatisfied eq: 3
INFO:R0@tkref=7.51666666666: N of unsatisfied ieq: 12
INFO:R0@tkref=7.51666666666: Summary: Optimization terminated successfully. after 11 it.
INFO:R0: --------------------------
INFO:R0@tkref=7.75156249999: Time to solve stand alone optimisation problem: 1.34286499023
INFO:R0@tkref=7.75156249999: N of unsatisfied eq: 3
INFO:R0@tkref=7.75156249999: N of unsatisfied ieq: 11
INFO:R0@tkref=7.75156249999: Summary: Optimization terminated successfully. after 14 it.
INFO:R0: --------------------------
INFO:R0@tkref=7.98645833332: Time to solve stand alone optimisation problem: 1.23949384689
INFO:R0@tkref=7.98645833332: N of unsatisfied eq: 3
INFO:R0@tkref=7.98645833332: N of unsatisfied ieq: 10
INFO:R0@tkref=7.98645833332: Summary: Optimization terminated successfully. after 13 it.
INFO:R0: --------------------------
INFO:R0@tkref=8.22135416665: Time to solve stand alone optimisation problem: 1.06165003777
INFO:R0@tkref=8.22135416665: N of unsatisfied eq: 3
INFO:R0@tkref=8.22135416665: N of unsatisfied ieq: 11
INFO:R0@tkref=8.22135416665: Summary: Optimization terminated successfully. after 11 it.
INFO:R0: --------------------------
INFO:R0@tkref=8.45624999999: Time to solve stand alone optimisation problem: 0.7668800354
INFO:R0@tkref=8.45624999999: N of unsatisfied eq: 3
INFO:R0@tkref=8.45624999999: N of unsatisfied ieq: 9
INFO:R0@tkref=8.45624999999: Summary: Optimization terminated successfully. after 8 it.
INFO:R0: --------------------------
INFO:R0@tkref=8.69114583332: Time to solve stand alone optimisation problem: 2.73636007309
INFO:R0@tkref=8.69114583332: N of unsatisfied eq: 3
INFO:R0@tkref=8.69114583332: N of unsatisfied ieq: 9
INFO:R0@tkref=8.69114583332: Summary: Optimization terminated successfully. after 28 it.
INFO:R0: --------------------------
INFO:R0@tkref=8.92604166665: Time to solve stand alone optimisation problem: 0.959479093552
INFO:R0@tkref=8.92604166665: N of unsatisfied eq: 3
INFO:R0@tkref=8.92604166665: N of unsatisfied ieq: 10
INFO:R0@tkref=8.92604166665: Summary: Optimization terminated successfully. after 10 it.
INFO:R0: --------------------------
INFO:R0@tkref=9.16093749999: Time to solve stand alone optimisation problem: 1.28660678864
INFO:R0@tkref=9.16093749999: N of unsatisfied eq: 3
INFO:R0@tkref=9.16093749999: N of unsatisfied ieq: 8
INFO:R0@tkref=9.16093749999: Summary: Optimization terminated successfully. after 13 it.
INFO:R0: --------------------------
INFO:R0@tkref=9.39583333332: Time to solve stand alone optimisation problem: 1.5015130043
INFO:R0@tkref=9.39583333332: N of unsatisfied eq: 3
INFO:R0@tkref=9.39583333332: N of unsatisfied ieq: 10
INFO:R0@tkref=9.39583333332: Summary: Optimization terminated successfully. after 15 it.
INFO:R0: --------------------------
INFO:R0@tkref=9.63072916665: Time to solve stand alone optimisation problem: 0.99102306366
INFO:R0@tkref=9.63072916665: N of unsatisfied eq: 3
INFO:R0@tkref=9.63072916665: N of unsatisfied ieq: 9
INFO:R0@tkref=9.63072916665: Summary: Optimization terminated successfully. after 10 it.
INFO:R0: --------------------------
INFO:R0@tkref=9.86562499999: Time to solve stand alone optimisation problem: 1.17714285851
INFO:R0@tkref=9.86562499999: N of unsatisfied eq: 3
INFO:R0@tkref=9.86562499999: N of unsatisfied ieq: 9
INFO:R0@tkref=9.86562499999: Summary: Optimization terminated successfully. after 12 it.
INFO:R0: --------------------------
INFO:R0@tkref=10.1005208333: Time to solve stand alone optimisation problem: 0.956943035126
INFO:R0@tkref=10.1005208333: N of unsatisfied eq: 3
INFO:R0@tkref=10.1005208333: N of unsatisfied ieq: 9
INFO:R0@tkref=10.1005208333: Summary: Optimization terminated successfully. after 10 it.
INFO:R0: --------------------------
INFO:R0@tkref=10.3354166667: Time to solve stand alone optimisation problem: 1.23186588287
INFO:R0@tkref=10.3354166667: N of unsatisfied eq: 3
INFO:R0@tkref=10.3354166667: N of unsatisfied ieq: 10
INFO:R0@tkref=10.3354166667: Summary: Optimization terminated successfully. after 12 it.
INFO:R0: --------------------------
INFO:R0@tkref=10.5703125: Time to solve stand alone optimisation problem: 1.0600399971
INFO:R0@tkref=10.5703125: N of unsatisfied eq: 3
INFO:R0@tkref=10.5703125: N of unsatisfied ieq: 11
INFO:R0@tkref=10.5703125: Summary: Optimization terminated successfully. after 11 it.
INFO:R0: --------------------------
INFO:R0@tkref=10.8052083333: Time to solve stand alone optimisation problem: 0.685102939606
INFO:R0@tkref=10.8052083333: N of unsatisfied eq: 3
INFO:R0@tkref=10.8052083333: N of unsatisfied ieq: 12
INFO:R0@tkref=10.8052083333: Summary: Optimization terminated successfully. after 7 it.
INFO:R0: --------------------------
INFO:R0@tkref=11.0401041667: Time to solve stand alone optimisation problem: 0.486253023148
INFO:R0@tkref=11.0401041667: N of unsatisfied eq: 3
INFO:R0@tkref=11.0401041667: N of unsatisfied ieq: 13
INFO:R0@tkref=11.0401041667: Summary: Optimization terminated successfully. after 5 it.
INFO:R0: --------------------------
INFO:R0@tkref=11.275: Time to solve stand alone optimisation problem: 0.682615995407
INFO:R0@tkref=11.275: N of unsatisfied eq: 3
INFO:R0@tkref=11.275: N of unsatisfied ieq: 13
INFO:R0@tkref=11.275: Summary: Optimization terminated successfully. after 7 it.
INFO:R0: --------------------------
INFO:R0@tkref=11.5098958333: Time to solve stand alone optimisation problem: 0.199136018753
INFO:R0@tkref=11.5098958333: N of unsatisfied eq: 3
INFO:R0@tkref=11.5098958333: N of unsatisfied ieq: 15
INFO:R0@tkref=11.5098958333: Summary: Optimization terminated successfully. after 2 it.
INFO:R0: --------------------------
INFO:R0@tkref=11.7447916667: Time to solve stand alone optimisation problem: 0.196424007416
INFO:R0@tkref=11.7447916667: N of unsatisfied eq: 3
INFO:R0@tkref=11.7447916667: N of unsatisfied ieq: 16
INFO:R0@tkref=11.7447916667: Summary: Optimization terminated successfully. after 2 it.
INFO:R0: --------------------------
INFO:R0@tkref=11.9796875: Time to solve stand alone optimisation problem: 0.200835943222
INFO:R0@tkref=11.9796875: N of unsatisfied eq: 3
INFO:R0@tkref=11.9796875: N of unsatisfied ieq: 14
INFO:R0@tkref=11.9796875: Summary: Optimization terminated successfully. after 2 it.
INFO:R0: --------------------------
INFO:R0@tkref=12.2145833333: Time to solve stand alone optimisation problem: 0.328788995743
INFO:R0@tkref=12.2145833333: N of unsatisfied eq: 3
INFO:R0@tkref=12.2145833333: N of unsatisfied ieq: 16
INFO:R0@tkref=12.2145833333: Summary: Optimization terminated successfully. after 3 it.
INFO:R0: --------------------------
INFO:R0@tkref=12.4494791666: Time to solve stand alone optimisation problem: 0.178650856018
INFO:R0@tkref=12.4494791666: N of unsatisfied eq: 3
INFO:R0@tkref=12.4494791666: N of unsatisfied ieq: 15
INFO:R0@tkref=12.4494791666: Summary: Optimization terminated successfully. after 2 it.
INFO:R0: --------------------------
INFO:R0@tkref=12.684375: Time to solve stand alone optimisation problem: 0.154294967651
INFO:R0@tkref=12.684375: N of unsatisfied eq: 3
INFO:R0@tkref=12.684375: N of unsatisfied ieq: 14
INFO:R0@tkref=12.684375: Summary: Optimization terminated successfully. after 2 it.
INFO:R0: --------------------------
INFO:R0@tkref=12.9192708333: Time to solve stand alone optimisation problem: 0.147222995758
INFO:R0@tkref=12.9192708333: N of unsatisfied eq: 3
INFO:R0@tkref=12.9192708333: N of unsatisfied ieq: 15
INFO:R0@tkref=12.9192708333: Summary: Optimization terminated successfully. after 2 it.
INFO:R0: --------------------------
INFO:R0@tkref=13.1541666666: Time to solve stand alone optimisation problem: 0.145576000214
INFO:R0@tkref=13.1541666666: N of unsatisfied eq: 3
INFO:R0@tkref=13.1541666666: N of unsatisfied ieq: 15
INFO:R0@tkref=13.1541666666: Summary: Optimization terminated successfully. after 2 it.
INFO:R0: --------------------------
INFO:R0@tkref=13.3890625: Time to solve stand alone optimisation problem: 0.0762009620667
INFO:R0@tkref=13.3890625: N of unsatisfied eq: 3
INFO:R0@tkref=13.3890625: N of unsatisfied ieq: 5
INFO:R0@tkref=13.3890625: Summary: Optimization terminated successfully. after 1 it.
INFO:R0: --------------------------
INFO:R0@tkref=13.6239583333: Time to solve stand alone optimisation problem: 0.0765240192413
INFO:R0@tkref=13.6239583333: N of unsatisfied eq: 3
INFO:R0@tkref=13.6239583333: N of unsatisfied ieq: 4
INFO:R0@tkref=13.6239583333: Summary: Optimization terminated successfully. after 1 it.
INFO:R0: --------------------------
INFO:R0@tkref=13.8588541666: Time to solve stand alone optimisation problem: 0.280353069305
INFO:R0@tkref=13.8588541666: N of unsatisfied eq: 3
INFO:R0@tkref=13.8588541666: N of unsatisfied ieq: 3
INFO:R0@tkref=13.8588541666: Summary: Optimization terminated successfully. after 4 it.
INFO:R0: --------------------------
INFO:R0@tkref=14.09375: Time to solve stand alone optimisation problem: 7.94227194786
INFO:R0@tkref=14.09375: N of unsatisfied eq: 10
INFO:R0@tkref=14.09375: N of unsatisfied ieq: 2
INFO:R0@tkref=14.09375: Summary: Iteration limit exceeded after 101 it.
INFO:R0: Finished motion planning
INFO:R0: --------------------------
INFO:R0: NSE: 61
INFO:R0: FIR: 8.22931003571
INFO:R0: LAS: 7.94227194786
INFO:R0: MAX: 10.4943358898
INFO:R0: MIN: 0.0762009620667
INFO:R0: AVG: 1.13499868118
INFO:R0: TOT: 15.7270013527
