INFO:R0: Init motion planning
INFO:R0@tkref=0.0: Time to solve stand alone optimisation problem: 7.48598599434
INFO:R0@tkref=0.0: N of unsatisfied eq: 3
INFO:R0@tkref=0.0: N of unsatisfied ieq: 9
INFO:R0@tkref=0.0: Summary: Iteration limit exceeded after 101 it.
INFO:R0: --------------------------
INFO:R0@tkref=0.565885416667: Time to solve stand alone optimisation problem: 0.968086004257
INFO:R0@tkref=0.565885416667: N of unsatisfied eq: 2
INFO:R0@tkref=0.565885416667: N of unsatisfied ieq: 12
INFO:R0@tkref=0.565885416667: Summary: Optimization terminated successfully. after 13 it.
INFO:R0: --------------------------
INFO:R0@tkref=1.13177083333: Time to solve stand alone optimisation problem: 1.2148411274
INFO:R0@tkref=1.13177083333: N of unsatisfied eq: 3
INFO:R0@tkref=1.13177083333: N of unsatisfied ieq: 9
INFO:R0@tkref=1.13177083333: Summary: Optimization terminated successfully. after 13 it.
INFO:R0: --------------------------
INFO:R0@tkref=1.69765625: Time to solve stand alone optimisation problem: 1.14489483833
INFO:R0@tkref=1.69765625: N of unsatisfied eq: 3
INFO:R0@tkref=1.69765625: N of unsatisfied ieq: 11
INFO:R0@tkref=1.69765625: Summary: Optimization terminated successfully. after 12 it.
INFO:R0: --------------------------
INFO:R0@tkref=2.26354166667: Time to solve stand alone optimisation problem: 1.10323405266
INFO:R0@tkref=2.26354166667: N of unsatisfied eq: 3
INFO:R0@tkref=2.26354166667: N of unsatisfied ieq: 12
INFO:R0@tkref=2.26354166667: Summary: Optimization terminated successfully. after 11 it.
INFO:R0: --------------------------
INFO:R0@tkref=2.82942708334: Time to solve stand alone optimisation problem: 0.817662000656
INFO:R0@tkref=2.82942708334: N of unsatisfied eq: 3
INFO:R0@tkref=2.82942708334: N of unsatisfied ieq: 16
INFO:R0@tkref=2.82942708334: Summary: Optimization terminated successfully. after 8 it.
INFO:R0: --------------------------
INFO:R0@tkref=3.3953125: Time to solve stand alone optimisation problem: 0.816082954407
INFO:R0@tkref=3.3953125: N of unsatisfied eq: 3
INFO:R0@tkref=3.3953125: N of unsatisfied ieq: 15
INFO:R0@tkref=3.3953125: Summary: Optimization terminated successfully. after 8 it.
INFO:R0: --------------------------
INFO:R0@tkref=3.96119791667: Time to solve stand alone optimisation problem: 0.804574012756
INFO:R0@tkref=3.96119791667: N of unsatisfied eq: 3
INFO:R0@tkref=3.96119791667: N of unsatisfied ieq: 17
INFO:R0@tkref=3.96119791667: Summary: Optimization terminated successfully. after 8 it.
INFO:R0: --------------------------
INFO:R0@tkref=4.52708333334: Time to solve stand alone optimisation problem: 0.675950050354
INFO:R0@tkref=4.52708333334: N of unsatisfied eq: 3
INFO:R0@tkref=4.52708333334: N of unsatisfied ieq: 16
INFO:R0@tkref=4.52708333334: Summary: Optimization terminated successfully. after 7 it.
INFO:R0: --------------------------
INFO:R0@tkref=5.09296875: Time to solve stand alone optimisation problem: 0.672836065292
INFO:R0@tkref=5.09296875: N of unsatisfied eq: 3
INFO:R0@tkref=5.09296875: N of unsatisfied ieq: 16
INFO:R0@tkref=5.09296875: Summary: Optimization terminated successfully. after 7 it.
INFO:R0: --------------------------
INFO:R0@tkref=5.65885416667: Time to solve stand alone optimisation problem: 1.41532301903
INFO:R0@tkref=5.65885416667: N of unsatisfied eq: 3
INFO:R0@tkref=5.65885416667: N of unsatisfied ieq: 12
INFO:R0@tkref=5.65885416667: Summary: Optimization terminated successfully. after 15 it.
INFO:R0: --------------------------
DEBUG:R0: Big problem 188553.483046
DEBUG:R0: Big problem 370572.170861
INFO:R0@tkref=6.22473958334: Time to solve stand alone optimisation problem: 5.31927919388
INFO:R0@tkref=6.22473958334: N of unsatisfied eq: 3
INFO:R0@tkref=6.22473958334: N of unsatisfied ieq: 9
INFO:R0@tkref=6.22473958334: Summary: Optimization terminated successfully. after 54 it.
INFO:R0: --------------------------
INFO:R0@tkref=6.790625: Time to solve stand alone optimisation problem: 2.18120908737
INFO:R0@tkref=6.790625: N of unsatisfied eq: 3
INFO:R0@tkref=6.790625: N of unsatisfied ieq: 4
INFO:R0@tkref=6.790625: Summary: Optimization terminated successfully. after 23 it.
INFO:R0: --------------------------
INFO:R0@tkref=7.35651041667: Time to solve stand alone optimisation problem: 0.759906053543
INFO:R0@tkref=7.35651041667: N of unsatisfied eq: 3
INFO:R0@tkref=7.35651041667: N of unsatisfied ieq: 14
INFO:R0@tkref=7.35651041667: Summary: Optimization terminated successfully. after 8 it.
INFO:R0: --------------------------
INFO:R0@tkref=7.92239583334: Time to solve stand alone optimisation problem: 0.290544033051
INFO:R0@tkref=7.92239583334: N of unsatisfied eq: 3
INFO:R0@tkref=7.92239583334: N of unsatisfied ieq: 15
INFO:R0@tkref=7.92239583334: Summary: Optimization terminated successfully. after 3 it.
INFO:R0: --------------------------
INFO:R0@tkref=8.48828125001: Time to solve stand alone optimisation problem: 0.192127943039
INFO:R0@tkref=8.48828125001: N of unsatisfied eq: 3
INFO:R0@tkref=8.48828125001: N of unsatisfied ieq: 17
INFO:R0@tkref=8.48828125001: Summary: Optimization terminated successfully. after 2 it.
INFO:R0: --------------------------
INFO:R0@tkref=9.05416666667: Time to solve stand alone optimisation problem: 0.145129919052
INFO:R0@tkref=9.05416666667: N of unsatisfied eq: 3
INFO:R0@tkref=9.05416666667: N of unsatisfied ieq: 18
INFO:R0@tkref=9.05416666667: Summary: Optimization terminated successfully. after 2 it.
INFO:R0: --------------------------
INFO:R0@tkref=9.62005208334: Time to solve stand alone optimisation problem: 0.143697023392
INFO:R0@tkref=9.62005208334: N of unsatisfied eq: 3
INFO:R0@tkref=9.62005208334: N of unsatisfied ieq: 13
INFO:R0@tkref=9.62005208334: Summary: Optimization terminated successfully. after 2 it.
INFO:R0: --------------------------
INFO:R0@tkref=10.1859375: Time to solve stand alone optimisation problem: 0.143841028214
INFO:R0@tkref=10.1859375: N of unsatisfied eq: 3
INFO:R0@tkref=10.1859375: N of unsatisfied ieq: 14
INFO:R0@tkref=10.1859375: Summary: Optimization terminated successfully. after 2 it.
INFO:R0: --------------------------
INFO:R0@tkref=10.7518229167: Time to solve stand alone optimisation problem: 0.276768922806
INFO:R0@tkref=10.7518229167: N of unsatisfied eq: 3
INFO:R0@tkref=10.7518229167: N of unsatisfied ieq: 3
INFO:R0@tkref=10.7518229167: Summary: Optimization terminated successfully. after 4 it.
INFO:R0: --------------------------
INFO:R0@tkref=11.3177083333: Time to solve stand alone optimisation problem: 7.71805405617
INFO:R0@tkref=11.3177083333: N of unsatisfied eq: 10
INFO:R0@tkref=11.3177083333: N of unsatisfied ieq: 3
INFO:R0@tkref=11.3177083333: Summary: Iteration limit exceeded after 101 it.
INFO:R0: Finished motion planning
INFO:R0: --------------------------
INFO:R0: NSE: 21
INFO:R0: FIR: 7.48598599434
INFO:R0: LAS: 7.71805405617
INFO:R0: MAX: 5.31927919388
INFO:R0: MIN: 0.143697023392
INFO:R0: AVG: 1.00452564892
INFO:R0: TOT: 11.9404196466
