INFO:R0: Init motion planning
INFO:R0@tkref=0.0: Time to solve stand alone optimisation problem: 3.6134698391
INFO:R0@tkref=0.0: N of unsatisfied eq: 3
INFO:R0@tkref=0.0: N of unsatisfied ieq: 10
INFO:R0@tkref=0.0: Summary: Iteration limit exceeded after 51 it.
INFO:R0: --------------------------
INFO:R0@tkref=1.76020408163: Time to solve stand alone optimisation problem: 1.2035369873
INFO:R0@tkref=1.76020408163: N of unsatisfied eq: 2
INFO:R0@tkref=1.76020408163: N of unsatisfied ieq: 10
INFO:R0@tkref=1.76020408163: Summary: Optimization terminated successfully. after 13 it.
INFO:R0: --------------------------
INFO:R0@tkref=3.52040816326: Time to solve stand alone optimisation problem: 1.10850381851
INFO:R0@tkref=3.52040816326: N of unsatisfied eq: 2
INFO:R0@tkref=3.52040816326: N of unsatisfied ieq: 8
INFO:R0@tkref=3.52040816326: Summary: Optimization terminated successfully. after 12 it.
INFO:R0: --------------------------
INFO:R0@tkref=5.28061224489: Time to solve stand alone optimisation problem: 0.553851127625
INFO:R0@tkref=5.28061224489: N of unsatisfied eq: 3
INFO:R0@tkref=5.28061224489: N of unsatisfied ieq: 10
INFO:R0@tkref=5.28061224489: Summary: Optimization terminated successfully. after 6 it.
INFO:R0: --------------------------
INFO:R0@tkref=7.04081632652: Time to solve stand alone optimisation problem: 0.735701084137
INFO:R0@tkref=7.04081632652: N of unsatisfied eq: 3
INFO:R0@tkref=7.04081632652: N of unsatisfied ieq: 10
INFO:R0@tkref=7.04081632652: Summary: Optimization terminated successfully. after 8 it.
INFO:R0: --------------------------
INFO:R0@tkref=8.80102040815: Time to solve stand alone optimisation problem: 4.94909787178
INFO:R0@tkref=8.80102040815: N of unsatisfied eq: 10
INFO:R0@tkref=8.80102040815: N of unsatisfied ieq: 5
INFO:R0@tkref=8.80102040815: Summary: Iteration limit exceeded after 51 it.
INFO:R0: Finished motion planning
INFO:R0: --------------------------
INFO:MAX: 4.94909787178
INFO:MIN: 0.553851127625
INFO:AVG: 2.02736012141
INFO:TOT: 12.4950917834
