INFO:R0: Init motion planning
INFO:R0@tkref=0.0: Time to solve stand alone optimisation problem: 3.63562512398
INFO:R0@tkref=0.0: N of unsatisfied eq: 3
INFO:R0@tkref=0.0: N of unsatisfied ieq: 6
INFO:R0@tkref=0.0: Summary: Iteration limit exceeded after 51 it.
INFO:R0: --------------------------
INFO:R0@tkref=0.922959183673: Time to solve stand alone optimisation problem: 0.734726905823
INFO:R0@tkref=0.922959183673: N of unsatisfied eq: 2
INFO:R0@tkref=0.922959183673: N of unsatisfied ieq: 11
INFO:R0@tkref=0.922959183673: Summary: Optimization terminated successfully. after 9 it.
INFO:R0: --------------------------
INFO:R0@tkref=1.84591836735: Time to solve stand alone optimisation problem: 1.01124191284
INFO:R0@tkref=1.84591836735: N of unsatisfied eq: 3
INFO:R0@tkref=1.84591836735: N of unsatisfied ieq: 13
INFO:R0@tkref=1.84591836735: Summary: Optimization terminated successfully. after 11 it.
INFO:R0: --------------------------
INFO:R0@tkref=2.76887755102: Time to solve stand alone optimisation problem: 0.917649030685
INFO:R0@tkref=2.76887755102: N of unsatisfied eq: 3
INFO:R0@tkref=2.76887755102: N of unsatisfied ieq: 12
INFO:R0@tkref=2.76887755102: Summary: Optimization terminated successfully. after 10 it.
INFO:R0: --------------------------
INFO:R0@tkref=3.69183673469: Time to solve stand alone optimisation problem: 0.928312778473
INFO:R0@tkref=3.69183673469: N of unsatisfied eq: 3
INFO:R0@tkref=3.69183673469: N of unsatisfied ieq: 9
INFO:R0@tkref=3.69183673469: Summary: Optimization terminated successfully. after 10 it.
INFO:R0: --------------------------
INFO:R0@tkref=4.61479591837: Time to solve stand alone optimisation problem: 0.836265087128
INFO:R0@tkref=4.61479591837: N of unsatisfied eq: 3
INFO:R0@tkref=4.61479591837: N of unsatisfied ieq: 10
INFO:R0@tkref=4.61479591837: Summary: Optimization terminated successfully. after 9 it.
INFO:R0: --------------------------
INFO:R0@tkref=5.53775510204: Time to solve stand alone optimisation problem: 0.833500146866
INFO:R0@tkref=5.53775510204: N of unsatisfied eq: 3
INFO:R0@tkref=5.53775510204: N of unsatisfied ieq: 10
INFO:R0@tkref=5.53775510204: Summary: Optimization terminated successfully. after 9 it.
INFO:R0: --------------------------
INFO:R0@tkref=6.46071428571: Time to solve stand alone optimisation problem: 0.660789966583
INFO:R0@tkref=6.46071428571: N of unsatisfied eq: 3
INFO:R0@tkref=6.46071428571: N of unsatisfied ieq: 10
INFO:R0@tkref=6.46071428571: Summary: Optimization terminated successfully. after 7 it.
INFO:R0: --------------------------
INFO:R0@tkref=7.38367346938: Time to solve stand alone optimisation problem: 0.645864009857
INFO:R0@tkref=7.38367346938: N of unsatisfied eq: 3
INFO:R0@tkref=7.38367346938: N of unsatisfied ieq: 10
INFO:R0@tkref=7.38367346938: Summary: Optimization terminated successfully. after 7 it.
INFO:R0: --------------------------
INFO:R0@tkref=8.30663265306: Time to solve stand alone optimisation problem: 4.93972802162
INFO:R0@tkref=8.30663265306: N of unsatisfied eq: 10
INFO:R0@tkref=8.30663265306: N of unsatisfied ieq: 3
INFO:R0@tkref=8.30663265306: Summary: Iteration limit exceeded after 51 it.
INFO:R0: Finished motion planning
INFO:R0: --------------------------
INFO:MAX: 4.93972802162
INFO:MIN: 0.645864009857
INFO:AVG: 1.51437029839
INFO:TOT: 12.3743148123
