INFO:R0: Init motion planning
INFO:R0@tkref=0.0: Time to solve stand alone optimisation problem: 3.67765617371
INFO:R0@tkref=0.0: N of unsatisfied eq: 3
INFO:R0@tkref=0.0: N of unsatisfied ieq: 10
INFO:R0@tkref=0.0: Summary: Iteration limit exceeded after 51 it.
INFO:R0: --------------------------
INFO:R0@tkref=0.964540816327: Time to solve stand alone optimisation problem: 1.22986507416
INFO:R0@tkref=0.964540816327: N of unsatisfied eq: 2
INFO:R0@tkref=0.964540816327: N of unsatisfied ieq: 9
INFO:R0@tkref=0.964540816327: Summary: Optimization terminated successfully. after 15 it.
INFO:R0: --------------------------
INFO:R0@tkref=1.92908163265: Time to solve stand alone optimisation problem: 1.38519501686
INFO:R0@tkref=1.92908163265: N of unsatisfied eq: 3
INFO:R0@tkref=1.92908163265: N of unsatisfied ieq: 7
INFO:R0@tkref=1.92908163265: Summary: Optimization terminated successfully. after 15 it.
INFO:R0: --------------------------
INFO:R0@tkref=2.89362244898: Time to solve stand alone optimisation problem: 0.857526063919
INFO:R0@tkref=2.89362244898: N of unsatisfied eq: 3
INFO:R0@tkref=2.89362244898: N of unsatisfied ieq: 10
INFO:R0@tkref=2.89362244898: Summary: Optimization terminated successfully. after 9 it.
INFO:R0: --------------------------
INFO:R0@tkref=3.85816326531: Time to solve stand alone optimisation problem: 0.684209823608
INFO:R0@tkref=3.85816326531: N of unsatisfied eq: 3
INFO:R0@tkref=3.85816326531: N of unsatisfied ieq: 17
INFO:R0@tkref=3.85816326531: Summary: Optimization terminated successfully. after 7 it.
INFO:R0: --------------------------
INFO:R0@tkref=4.82270408163: Time to solve stand alone optimisation problem: 0.593512058258
INFO:R0@tkref=4.82270408163: N of unsatisfied eq: 3
INFO:R0@tkref=4.82270408163: N of unsatisfied ieq: 12
INFO:R0@tkref=4.82270408163: Summary: Optimization terminated successfully. after 6 it.
INFO:R0: --------------------------
INFO:R0@tkref=5.78724489796: Time to solve stand alone optimisation problem: 2.31993794441
INFO:R0@tkref=5.78724489796: N of unsatisfied eq: 3
INFO:R0@tkref=5.78724489796: N of unsatisfied ieq: 8
INFO:R0@tkref=5.78724489796: Summary: Optimization terminated successfully. after 25 it.
INFO:R0: --------------------------
INFO:R0@tkref=6.75178571429: Time to solve stand alone optimisation problem: 2.04046487808
INFO:R0@tkref=6.75178571429: N of unsatisfied eq: 3
INFO:R0@tkref=6.75178571429: N of unsatisfied ieq: 11
INFO:R0@tkref=6.75178571429: Summary: Optimization terminated successfully. after 22 it.
INFO:R0: --------------------------
INFO:R0@tkref=7.71632653062: Time to solve stand alone optimisation problem: 0.471714019775
INFO:R0@tkref=7.71632653062: N of unsatisfied eq: 3
INFO:R0@tkref=7.71632653062: N of unsatisfied ieq: 11
INFO:R0@tkref=7.71632653062: Summary: Optimization terminated successfully. after 5 it.
INFO:R0: --------------------------
INFO:R0@tkref=8.68086734694: Time to solve stand alone optimisation problem: 0.164749860764
INFO:R0@tkref=8.68086734694: N of unsatisfied eq: 3
INFO:R0@tkref=8.68086734694: N of unsatisfied ieq: 17
INFO:R0@tkref=8.68086734694: Summary: Optimization terminated successfully. after 2 it.
INFO:R0: --------------------------
INFO:R0@tkref=9.64540816327: Time to solve stand alone optimisation problem: 0.147394895554
INFO:R0@tkref=9.64540816327: N of unsatisfied eq: 3
INFO:R0@tkref=9.64540816327: N of unsatisfied ieq: 15
INFO:R0@tkref=9.64540816327: Summary: Optimization terminated successfully. after 2 it.
INFO:R0: --------------------------
INFO:R0@tkref=10.6099489796: Time to solve stand alone optimisation problem: 3.73761200905
INFO:R0@tkref=10.6099489796: N of unsatisfied eq: 10
INFO:R0@tkref=10.6099489796: N of unsatisfied ieq: 3
INFO:R0@tkref=10.6099489796: Summary: Iteration limit exceeded after 51 it.
INFO:R0: Finished motion planning
INFO:R0: --------------------------
INFO:MAX: 3.73761200905
INFO:MIN: 0.147394895554
INFO:AVG: 1.44248648485
INFO:TOT: 11.6337884322
