INFO:R0: Init motion planning
INFO:R0@tkref=0.0: Time to solve stand alone optimisation problem: 3.52919220924
INFO:R0@tkref=0.0: N of unsatisfied eq: 3
INFO:R0@tkref=0.0: N of unsatisfied ieq: 12
INFO:R0@tkref=0.0: Summary: Iteration limit exceeded after 51 it.
INFO:R0: --------------------------
INFO:R0@tkref=3.42857142857: Time to solve stand alone optimisation problem: 0.908236980438
INFO:R0@tkref=3.42857142857: N of unsatisfied eq: 3
INFO:R0@tkref=3.42857142857: N of unsatisfied ieq: 8
INFO:R0@tkref=3.42857142857: Summary: Optimization terminated successfully. after 10 it.
INFO:R0: --------------------------
INFO:R0@tkref=6.85714285714: Time to solve stand alone optimisation problem: 0.724539041519
INFO:R0@tkref=6.85714285714: N of unsatisfied eq: 2
INFO:R0@tkref=6.85714285714: N of unsatisfied ieq: 8
INFO:R0@tkref=6.85714285714: Summary: Optimization terminated successfully. after 8 it.
INFO:R0: --------------------------
INFO:R0@tkref=10.2857142857: Time to solve stand alone optimisation problem: 3.62057900429
INFO:R0@tkref=10.2857142857: N of unsatisfied eq: 10
INFO:R0@tkref=10.2857142857: N of unsatisfied ieq: 2
INFO:R0@tkref=10.2857142857: Summary: Iteration limit exceeded after 51 it.
INFO:R0: Finished motion planning
INFO:R0: --------------------------
INFO:MAX: 3.62057900429
INFO:MIN: 0.724539041519
INFO:AVG: 2.19563680887
INFO:TOT: 12.1845243998
