INFO:R0: Init motion planning
INFO:R0@tkref=0.0: Time to solve stand alone optimisation problem: 3.47586083412
INFO:R0@tkref=0.0: N of unsatisfied eq: 3
INFO:R0@tkref=0.0: N of unsatisfied ieq: 3
INFO:R0@tkref=0.0: Summary: Iteration limit exceeded after 51 it.
INFO:R0: --------------------------
INFO:R0@tkref=2.85: Time to solve stand alone optimisation problem: 0.703471899033
INFO:R0@tkref=2.85: N of unsatisfied eq: 3
INFO:R0@tkref=2.85: N of unsatisfied ieq: 11
INFO:R0@tkref=2.85: Summary: Optimization terminated successfully. after 8 it.
INFO:R0: --------------------------
INFO:R0@tkref=5.7: Time to solve stand alone optimisation problem: 0.702043056488
INFO:R0@tkref=5.7: N of unsatisfied eq: 3
INFO:R0@tkref=5.7: N of unsatisfied ieq: 8
INFO:R0@tkref=5.7: Summary: Optimization terminated successfully. after 8 it.
INFO:R0: --------------------------
INFO:R0@tkref=8.55: Time to solve stand alone optimisation problem: 4.71222305298
INFO:R0@tkref=8.55: N of unsatisfied eq: 10
INFO:R0@tkref=8.55: N of unsatisfied ieq: 3
INFO:R0@tkref=8.55: Summary: Iteration limit exceeded after 51 it.
INFO:R0: Finished motion planning
INFO:R0: --------------------------
INFO:MAX: 4.71222305298
INFO:MIN: 0.702043056488
INFO:AVG: 2.39839971066
INFO:TOT: 12.4473968738
