INFO:R0: Init motion planning
INFO:R0@tkref=0.0: Time to solve stand alone optimisation problem: 3.62322807312
INFO:R0@tkref=0.0: N of unsatisfied eq: 3
INFO:R0@tkref=0.0: N of unsatisfied ieq: 12
INFO:R0@tkref=0.0: Summary: Iteration limit exceeded after 51 it.
INFO:R0: --------------------------
INFO:R0@tkref=2.5306122449: Time to solve stand alone optimisation problem: 1.12441515923
INFO:R0@tkref=2.5306122449: N of unsatisfied eq: 3
INFO:R0@tkref=2.5306122449: N of unsatisfied ieq: 12
INFO:R0@tkref=2.5306122449: Summary: Optimization terminated successfully. after 12 it.
INFO:R0: --------------------------
INFO:R0@tkref=5.0612244898: Time to solve stand alone optimisation problem: 0.655402898788
INFO:R0@tkref=5.0612244898: N of unsatisfied eq: 3
INFO:R0@tkref=5.0612244898: N of unsatisfied ieq: 11
INFO:R0@tkref=5.0612244898: Summary: Optimization terminated successfully. after 7 it.
INFO:R0: --------------------------
INFO:R0@tkref=7.5918367347: Time to solve stand alone optimisation problem: 4.96669983864
INFO:R0@tkref=7.5918367347: N of unsatisfied eq: 10
INFO:R0@tkref=7.5918367347: N of unsatisfied ieq: 2
INFO:R0@tkref=7.5918367347: Summary: Iteration limit exceeded after 51 it.
INFO:R0: Finished motion planning
INFO:R0: --------------------------
INFO:MAX: 4.96669983864
INFO:MIN: 0.655402898788
INFO:AVG: 2.59243649244
INFO:TOT: 11.7721031685
