INFO:R0: Init motion planning
INFO:R0@tkref=0.0: Time to solve stand alone optimisation problem: 3.63823199272
INFO:R0@tkref=0.0: N of unsatisfied eq: 3
INFO:R0@tkref=0.0: N of unsatisfied ieq: 5
INFO:R0@tkref=0.0: Summary: Iteration limit exceeded after 51 it.
INFO:R0: --------------------------
INFO:R0@tkref=2.075: Time to solve stand alone optimisation problem: 0.945884943008
INFO:R0@tkref=2.075: N of unsatisfied eq: 3
INFO:R0@tkref=2.075: N of unsatisfied ieq: 10
INFO:R0@tkref=2.075: Summary: Optimization terminated successfully. after 10 it.
INFO:R0: --------------------------
INFO:R0@tkref=4.15: Time to solve stand alone optimisation problem: 1.41845011711
INFO:R0@tkref=4.15: N of unsatisfied eq: 2
INFO:R0@tkref=4.15: N of unsatisfied ieq: 8
INFO:R0@tkref=4.15: Summary: Optimization terminated successfully. after 15 it.
INFO:R0: --------------------------
INFO:R0@tkref=6.225: Time to solve stand alone optimisation problem: 0.657152891159
INFO:R0@tkref=6.225: N of unsatisfied eq: 3
INFO:R0@tkref=6.225: N of unsatisfied ieq: 9
INFO:R0@tkref=6.225: Summary: Optimization terminated successfully. after 7 it.
INFO:R0: --------------------------
INFO:R0@tkref=8.3: Time to solve stand alone optimisation problem: 0.285228013992
INFO:R0@tkref=8.3: N of unsatisfied eq: 3
INFO:R0@tkref=8.3: N of unsatisfied ieq: 11
INFO:R0@tkref=8.3: Summary: Optimization terminated successfully. after 3 it.
INFO:R0: --------------------------
INFO:R0@tkref=10.375: Time to solve stand alone optimisation problem: 3.76189517975
INFO:R0@tkref=10.375: N of unsatisfied eq: 10
INFO:R0@tkref=10.375: N of unsatisfied ieq: 2
INFO:R0@tkref=10.375: Summary: Iteration limit exceeded after 51 it.
INFO:R0: Finished motion planning
INFO:R0: --------------------------
INFO:MAX: 3.76189517975
INFO:MIN: 0.285228013992
INFO:AVG: 1.78447385629
INFO:TOT: 12.3932771048
