INFO:R0: Init motion planning
INFO:R0@tkref=0.0: Time to solve stand alone optimisation problem: 3.45592403412
INFO:R0@tkref=0.0: N of unsatisfied eq: 3
INFO:R0@tkref=0.0: N of unsatisfied ieq: 7
INFO:R0@tkref=0.0: Summary: Iteration limit exceeded after 51 it.
INFO:R0: --------------------------
INFO:R0@tkref=3.16071428571: Time to solve stand alone optimisation problem: 1.05864810944
INFO:R0@tkref=3.16071428571: N of unsatisfied eq: 3
INFO:R0@tkref=3.16071428571: N of unsatisfied ieq: 10
INFO:R0@tkref=3.16071428571: Summary: Optimization terminated successfully. after 12 it.
INFO:R0: --------------------------
INFO:R0@tkref=6.32142857142: Time to solve stand alone optimisation problem: 0.627148151398
INFO:R0@tkref=6.32142857142: N of unsatisfied eq: 3
INFO:R0@tkref=6.32142857142: N of unsatisfied ieq: 11
INFO:R0@tkref=6.32142857142: Summary: Optimization terminated successfully. after 7 it.
INFO:R0: --------------------------
INFO:R0@tkref=9.48214285713: Time to solve stand alone optimisation problem: 3.5360519886
INFO:R0@tkref=9.48214285713: N of unsatisfied eq: 10
INFO:R0@tkref=9.48214285713: N of unsatisfied ieq: 7
INFO:R0@tkref=9.48214285713: Summary: Iteration limit exceeded after 51 it.
INFO:R0: Finished motion planning
INFO:R0: --------------------------
INFO:MAX: 3.5360519886
INFO:MIN: 0.627148151398
INFO:AVG: 2.16944307089
INFO:TOT: 12.1299597873
