INFO:R0: Init motion planning
INFO:R0@tkref=0.0: Time to solve stand alone optimisation problem: 7.72425794601
INFO:R0@tkref=0.0: N of unsatisfied eq: 3
INFO:R0@tkref=0.0: N of unsatisfied ieq: 9
INFO:R0@tkref=0.0: Summary: Iteration limit exceeded after 101 it.
INFO:R0: --------------------------
INFO:R0@tkref=0.317447916667: Time to solve stand alone optimisation problem: 0.736610889435
INFO:R0@tkref=0.317447916667: N of unsatisfied eq: 2
INFO:R0@tkref=0.317447916667: N of unsatisfied ieq: 9
INFO:R0@tkref=0.317447916667: Summary: Optimization terminated successfully. after 10 it.
INFO:R0: --------------------------
INFO:R0@tkref=0.634895833334: Time to solve stand alone optimisation problem: 0.731378078461
INFO:R0@tkref=0.634895833334: N of unsatisfied eq: 2
INFO:R0@tkref=0.634895833334: N of unsatisfied ieq: 11
INFO:R0@tkref=0.634895833334: Summary: Optimization terminated successfully. after 10 it.
INFO:R0: --------------------------
INFO:R0@tkref=0.952343750001: Time to solve stand alone optimisation problem: 1.34001207352
INFO:R0@tkref=0.952343750001: N of unsatisfied eq: 3
INFO:R0@tkref=0.952343750001: N of unsatisfied ieq: 12
INFO:R0@tkref=0.952343750001: Summary: Optimization terminated successfully. after 16 it.
INFO:R0: --------------------------
INFO:R0@tkref=1.26979166667: Time to solve stand alone optimisation problem: 1.0612449646
INFO:R0@tkref=1.26979166667: N of unsatisfied eq: 3
INFO:R0@tkref=1.26979166667: N of unsatisfied ieq: 12
INFO:R0@tkref=1.26979166667: Summary: Optimization terminated successfully. after 11 it.
INFO:R0: --------------------------
INFO:R0@tkref=1.58723958334: Time to solve stand alone optimisation problem: 1.25914311409
INFO:R0@tkref=1.58723958334: N of unsatisfied eq: 3
INFO:R0@tkref=1.58723958334: N of unsatisfied ieq: 11
INFO:R0@tkref=1.58723958334: Summary: Optimization terminated successfully. after 13 it.
INFO:R0: --------------------------
DEBUG:R0: Big problem 10090775.4381
INFO:R0@tkref=1.9046875: Time to solve stand alone optimisation problem: 4.71581721306
INFO:R0@tkref=1.9046875: N of unsatisfied eq: 3
INFO:R0@tkref=1.9046875: N of unsatisfied ieq: 6
INFO:R0@tkref=1.9046875: Summary: Optimization terminated successfully. after 47 it.
INFO:R0: --------------------------
INFO:R0@tkref=2.22213541667: Time to solve stand alone optimisation problem: 4.77514791489
INFO:R0@tkref=2.22213541667: N of unsatisfied eq: 3
INFO:R0@tkref=2.22213541667: N of unsatisfied ieq: 12
INFO:R0@tkref=2.22213541667: Summary: Optimization terminated successfully. after 49 it.
INFO:R0: --------------------------
INFO:R0@tkref=2.53958333334: Time to solve stand alone optimisation problem: 4.04258394241
INFO:R0@tkref=2.53958333334: N of unsatisfied eq: 3
INFO:R0@tkref=2.53958333334: N of unsatisfied ieq: 16
INFO:R0@tkref=2.53958333334: Summary: Optimization terminated successfully. after 41 it.
INFO:R0: --------------------------
INFO:R0@tkref=2.85703125: Time to solve stand alone optimisation problem: 6.21878600121
INFO:R0@tkref=2.85703125: N of unsatisfied eq: 2
INFO:R0@tkref=2.85703125: N of unsatisfied ieq: 9
INFO:R0@tkref=2.85703125: Summary: Optimization terminated successfully. after 64 it.
INFO:R0: --------------------------
INFO:R0@tkref=3.17447916667: Time to solve stand alone optimisation problem: 1.12879014015
INFO:R0@tkref=3.17447916667: N of unsatisfied eq: 3
INFO:R0@tkref=3.17447916667: N of unsatisfied ieq: 9
INFO:R0@tkref=3.17447916667: Summary: Optimization terminated successfully. after 12 it.
INFO:R0: --------------------------
INFO:R0@tkref=3.49192708334: Time to solve stand alone optimisation problem: 1.04342412949
INFO:R0@tkref=3.49192708334: N of unsatisfied eq: 3
INFO:R0@tkref=3.49192708334: N of unsatisfied ieq: 10
INFO:R0@tkref=3.49192708334: Summary: Optimization terminated successfully. after 11 it.
INFO:R0: --------------------------
INFO:R0@tkref=3.809375: Time to solve stand alone optimisation problem: 0.954746961594
INFO:R0@tkref=3.809375: N of unsatisfied eq: 3
INFO:R0@tkref=3.809375: N of unsatisfied ieq: 12
INFO:R0@tkref=3.809375: Summary: Optimization terminated successfully. after 10 it.
INFO:R0: --------------------------
INFO:R0@tkref=4.12682291667: Time to solve stand alone optimisation problem: 1.05678582191
INFO:R0@tkref=4.12682291667: N of unsatisfied eq: 3
INFO:R0@tkref=4.12682291667: N of unsatisfied ieq: 13
INFO:R0@tkref=4.12682291667: Summary: Optimization terminated successfully. after 11 it.
INFO:R0: --------------------------
INFO:R0@tkref=4.44427083334: Time to solve stand alone optimisation problem: 0.805901050568
INFO:R0@tkref=4.44427083334: N of unsatisfied eq: 3
INFO:R0@tkref=4.44427083334: N of unsatisfied ieq: 14
INFO:R0@tkref=4.44427083334: Summary: Optimization terminated successfully. after 8 it.
INFO:R0: --------------------------
INFO:R0@tkref=4.76171875001: Time to solve stand alone optimisation problem: 0.722041130066
INFO:R0@tkref=4.76171875001: N of unsatisfied eq: 3
INFO:R0@tkref=4.76171875001: N of unsatisfied ieq: 17
INFO:R0@tkref=4.76171875001: Summary: Optimization terminated successfully. after 7 it.
INFO:R0: --------------------------
INFO:R0@tkref=5.07916666667: Time to solve stand alone optimisation problem: 0.693204879761
INFO:R0@tkref=5.07916666667: N of unsatisfied eq: 3
INFO:R0@tkref=5.07916666667: N of unsatisfied ieq: 14
INFO:R0@tkref=5.07916666667: Summary: Optimization terminated successfully. after 7 it.
INFO:R0: --------------------------
INFO:R0@tkref=5.39661458334: Time to solve stand alone optimisation problem: 0.70839214325
INFO:R0@tkref=5.39661458334: N of unsatisfied eq: 3
INFO:R0@tkref=5.39661458334: N of unsatisfied ieq: 14
INFO:R0@tkref=5.39661458334: Summary: Optimization terminated successfully. after 7 it.
INFO:R0: --------------------------
INFO:R0@tkref=5.71406250001: Time to solve stand alone optimisation problem: 0.684051036835
INFO:R0@tkref=5.71406250001: N of unsatisfied eq: 3
INFO:R0@tkref=5.71406250001: N of unsatisfied ieq: 15
INFO:R0@tkref=5.71406250001: Summary: Optimization terminated successfully. after 7 it.
INFO:R0: --------------------------
INFO:R0@tkref=6.03151041667: Time to solve stand alone optimisation problem: 0.575043916702
INFO:R0@tkref=6.03151041667: N of unsatisfied eq: 3
INFO:R0@tkref=6.03151041667: N of unsatisfied ieq: 14
INFO:R0@tkref=6.03151041667: Summary: Optimization terminated successfully. after 6 it.
INFO:R0: --------------------------
INFO:R0@tkref=6.34895833334: Time to solve stand alone optimisation problem: 0.676097154617
INFO:R0@tkref=6.34895833334: N of unsatisfied eq: 3
INFO:R0@tkref=6.34895833334: N of unsatisfied ieq: 11
INFO:R0@tkref=6.34895833334: Summary: Optimization terminated successfully. after 7 it.
INFO:R0: --------------------------
INFO:R0@tkref=6.66640625001: Time to solve stand alone optimisation problem: 0.680290937424
INFO:R0@tkref=6.66640625001: N of unsatisfied eq: 3
INFO:R0@tkref=6.66640625001: N of unsatisfied ieq: 14
INFO:R0@tkref=6.66640625001: Summary: Optimization terminated successfully. after 7 it.
INFO:R0: --------------------------
INFO:R0@tkref=6.98385416667: Time to solve stand alone optimisation problem: 0.670096874237
INFO:R0@tkref=6.98385416667: N of unsatisfied eq: 3
INFO:R0@tkref=6.98385416667: N of unsatisfied ieq: 17
INFO:R0@tkref=6.98385416667: Summary: Optimization terminated successfully. after 7 it.
INFO:R0: --------------------------
INFO:R0@tkref=7.30130208334: Time to solve stand alone optimisation problem: 0.669780015945
INFO:R0@tkref=7.30130208334: N of unsatisfied eq: 3
INFO:R0@tkref=7.30130208334: N of unsatisfied ieq: 13
INFO:R0@tkref=7.30130208334: Summary: Optimization terminated successfully. after 7 it.
INFO:R0: --------------------------
INFO:R0@tkref=7.61875000001: Time to solve stand alone optimisation problem: 0.875591039658
INFO:R0@tkref=7.61875000001: N of unsatisfied eq: 3
INFO:R0@tkref=7.61875000001: N of unsatisfied ieq: 13
INFO:R0@tkref=7.61875000001: Summary: Optimization terminated successfully. after 9 it.
INFO:R0: --------------------------
INFO:R0@tkref=7.93619791667: Time to solve stand alone optimisation problem: 1.09415793419
INFO:R0@tkref=7.93619791667: N of unsatisfied eq: 3
INFO:R0@tkref=7.93619791667: N of unsatisfied ieq: 10
INFO:R0@tkref=7.93619791667: Summary: Optimization terminated successfully. after 11 it.
INFO:R0: --------------------------
INFO:R0@tkref=8.25364583334: Time to solve stand alone optimisation problem: 1.29659295082
INFO:R0@tkref=8.25364583334: N of unsatisfied eq: 3
INFO:R0@tkref=8.25364583334: N of unsatisfied ieq: 11
INFO:R0@tkref=8.25364583334: Summary: Optimization terminated successfully. after 13 it.
INFO:R0: --------------------------
INFO:R0@tkref=8.57109375001: Time to solve stand alone optimisation problem: 1.28868484497
INFO:R0@tkref=8.57109375001: N of unsatisfied eq: 3
INFO:R0@tkref=8.57109375001: N of unsatisfied ieq: 11
INFO:R0@tkref=8.57109375001: Summary: Optimization terminated successfully. after 13 it.
INFO:R0: --------------------------
INFO:R0@tkref=8.88854166668: Time to solve stand alone optimisation problem: 1.80993700027
INFO:R0@tkref=8.88854166668: N of unsatisfied eq: 3
INFO:R0@tkref=8.88854166668: N of unsatisfied ieq: 9
INFO:R0@tkref=8.88854166668: Summary: Optimization terminated successfully. after 20 it.
INFO:R0: --------------------------
INFO:R0@tkref=9.20598958334: Time to solve stand alone optimisation problem: 1.12290000916
INFO:R0@tkref=9.20598958334: N of unsatisfied eq: 3
INFO:R0@tkref=9.20598958334: N of unsatisfied ieq: 8
INFO:R0@tkref=9.20598958334: Summary: Optimization terminated successfully. after 12 it.
INFO:R0: --------------------------
INFO:R0@tkref=9.52343750001: Time to solve stand alone optimisation problem: 2.3429338932
INFO:R0@tkref=9.52343750001: N of unsatisfied eq: 3
INFO:R0@tkref=9.52343750001: N of unsatisfied ieq: 10
INFO:R0@tkref=9.52343750001: Summary: Optimization terminated successfully. after 24 it.
INFO:R0: --------------------------
INFO:R0@tkref=9.84088541668: Time to solve stand alone optimisation problem: 1.61056303978
INFO:R0@tkref=9.84088541668: N of unsatisfied eq: 3
INFO:R0@tkref=9.84088541668: N of unsatisfied ieq: 12
INFO:R0@tkref=9.84088541668: Summary: Optimization terminated successfully. after 16 it.
INFO:R0: --------------------------
INFO:R0@tkref=10.1583333333: Time to solve stand alone optimisation problem: 0.988795042038
INFO:R0@tkref=10.1583333333: N of unsatisfied eq: 3
INFO:R0@tkref=10.1583333333: N of unsatisfied ieq: 13
INFO:R0@tkref=10.1583333333: Summary: Optimization terminated successfully. after 10 it.
INFO:R0: --------------------------
INFO:R0@tkref=10.47578125: Time to solve stand alone optimisation problem: 0.487664937973
INFO:R0@tkref=10.47578125: N of unsatisfied eq: 3
INFO:R0@tkref=10.47578125: N of unsatisfied ieq: 17
INFO:R0@tkref=10.47578125: Summary: Optimization terminated successfully. after 5 it.
INFO:R0: --------------------------
INFO:R0@tkref=10.7932291667: Time to solve stand alone optimisation problem: 0.193976163864
INFO:R0@tkref=10.7932291667: N of unsatisfied eq: 3
INFO:R0@tkref=10.7932291667: N of unsatisfied ieq: 16
INFO:R0@tkref=10.7932291667: Summary: Optimization terminated successfully. after 2 it.
INFO:R0: --------------------------
INFO:R0@tkref=11.1106770833: Time to solve stand alone optimisation problem: 0.193509101868
INFO:R0@tkref=11.1106770833: N of unsatisfied eq: 3
INFO:R0@tkref=11.1106770833: N of unsatisfied ieq: 19
INFO:R0@tkref=11.1106770833: Summary: Optimization terminated successfully. after 2 it.
INFO:R0: --------------------------
INFO:R0@tkref=11.428125: Time to solve stand alone optimisation problem: 0.194946050644
INFO:R0@tkref=11.428125: N of unsatisfied eq: 3
INFO:R0@tkref=11.428125: N of unsatisfied ieq: 15
INFO:R0@tkref=11.428125: Summary: Optimization terminated successfully. after 2 it.
INFO:R0: --------------------------
INFO:R0@tkref=11.7455729167: Time to solve stand alone optimisation problem: 0.293293952942
INFO:R0@tkref=11.7455729167: N of unsatisfied eq: 3
INFO:R0@tkref=11.7455729167: N of unsatisfied ieq: 15
INFO:R0@tkref=11.7455729167: Summary: Optimization terminated successfully. after 3 it.
INFO:R0: --------------------------
INFO:R0@tkref=12.0630208333: Time to solve stand alone optimisation problem: 0.193928003311
INFO:R0@tkref=12.0630208333: N of unsatisfied eq: 3
INFO:R0@tkref=12.0630208333: N of unsatisfied ieq: 16
INFO:R0@tkref=12.0630208333: Summary: Optimization terminated successfully. after 2 it.
INFO:R0: --------------------------
INFO:R0@tkref=12.38046875: Time to solve stand alone optimisation problem: 0.14556312561
INFO:R0@tkref=12.38046875: N of unsatisfied eq: 3
INFO:R0@tkref=12.38046875: N of unsatisfied ieq: 16
INFO:R0@tkref=12.38046875: Summary: Optimization terminated successfully. after 2 it.
INFO:R0: --------------------------
INFO:R0@tkref=12.6979166667: Time to solve stand alone optimisation problem: 0.143399000168
INFO:R0@tkref=12.6979166667: N of unsatisfied eq: 3
INFO:R0@tkref=12.6979166667: N of unsatisfied ieq: 16
INFO:R0@tkref=12.6979166667: Summary: Optimization terminated successfully. after 2 it.
INFO:R0: --------------------------
INFO:R0@tkref=13.0153645833: Time to solve stand alone optimisation problem: 0.143995046616
INFO:R0@tkref=13.0153645833: N of unsatisfied eq: 3
INFO:R0@tkref=13.0153645833: N of unsatisfied ieq: 16
INFO:R0@tkref=13.0153645833: Summary: Optimization terminated successfully. after 2 it.
INFO:R0: --------------------------
INFO:R0@tkref=13.3328125: Time to solve stand alone optimisation problem: 0.149736881256
INFO:R0@tkref=13.3328125: N of unsatisfied eq: 3
INFO:R0@tkref=13.3328125: N of unsatisfied ieq: 16
INFO:R0@tkref=13.3328125: Summary: Optimization terminated successfully. after 2 it.
INFO:R0: --------------------------
INFO:R0@tkref=13.6502604167: Time to solve stand alone optimisation problem: 0.14485001564
INFO:R0@tkref=13.6502604167: N of unsatisfied eq: 3
INFO:R0@tkref=13.6502604167: N of unsatisfied ieq: 17
INFO:R0@tkref=13.6502604167: Summary: Optimization terminated successfully. after 2 it.
INFO:R0: --------------------------
INFO:R0@tkref=13.9677083333: Time to solve stand alone optimisation problem: 0.144863128662
INFO:R0@tkref=13.9677083333: N of unsatisfied eq: 3
INFO:R0@tkref=13.9677083333: N of unsatisfied ieq: 14
INFO:R0@tkref=13.9677083333: Summary: Optimization terminated successfully. after 2 it.
INFO:R0: --------------------------
INFO:R0@tkref=14.28515625: Time to solve stand alone optimisation problem: 0.144366979599
INFO:R0@tkref=14.28515625: N of unsatisfied eq: 3
INFO:R0@tkref=14.28515625: N of unsatisfied ieq: 16
INFO:R0@tkref=14.28515625: Summary: Optimization terminated successfully. after 2 it.
INFO:R0: --------------------------
INFO:R0@tkref=14.6026041667: Time to solve stand alone optimisation problem: 0.279428005219
INFO:R0@tkref=14.6026041667: N of unsatisfied eq: 3
INFO:R0@tkref=14.6026041667: N of unsatisfied ieq: 3
INFO:R0@tkref=14.6026041667: Summary: Optimization terminated successfully. after 4 it.
INFO:R0: --------------------------
INFO:R0@tkref=14.9200520833: Time to solve stand alone optimisation problem: 7.83697485924
INFO:R0@tkref=14.9200520833: N of unsatisfied eq: 10
INFO:R0@tkref=14.9200520833: N of unsatisfied ieq: 1
INFO:R0@tkref=14.9200520833: Summary: Iteration limit exceeded after 101 it.
INFO:R0: Finished motion planning
INFO:R0: --------------------------
INFO:R0: NSE: 48
INFO:R0: FIR: 7.72425794601
INFO:R0: LAS: 7.83697485924
INFO:R0: MAX: 6.21878600121
INFO:R0: MIN: 0.143399000168
INFO:R0: AVG: 1.11376188112
INFO:R0: TOT: 15.8492788327
