INFO:R0: Init motion planning
INFO:R0@tkref=0.0: Time to solve stand alone optimisation problem: 7.64996194839
INFO:R0@tkref=0.0: N of unsatisfied eq: 3
INFO:R0@tkref=0.0: N of unsatisfied ieq: 7
INFO:R0@tkref=0.0: Summary: Iteration limit exceeded after 101 it.
INFO:R0: --------------------------
INFO:R0@tkref=0.33125: Time to solve stand alone optimisation problem: 0.817361116409
INFO:R0@tkref=0.33125: N of unsatisfied eq: 3
INFO:R0@tkref=0.33125: N of unsatisfied ieq: 17
INFO:R0@tkref=0.33125: Summary: Optimization terminated successfully. after 10 it.
INFO:R0: --------------------------
INFO:R0@tkref=0.6625: Time to solve stand alone optimisation problem: 0.926358938217
INFO:R0@tkref=0.6625: N of unsatisfied eq: 3
INFO:R0@tkref=0.6625: N of unsatisfied ieq: 16
INFO:R0@tkref=0.6625: Summary: Optimization terminated successfully. after 11 it.
INFO:R0: --------------------------
INFO:R0@tkref=0.99375: Time to solve stand alone optimisation problem: 1.06010007858
INFO:R0@tkref=0.99375: N of unsatisfied eq: 3
INFO:R0@tkref=0.99375: N of unsatisfied ieq: 16
INFO:R0@tkref=0.99375: Summary: Optimization terminated successfully. after 11 it.
INFO:R0: --------------------------
INFO:R0@tkref=1.325: Time to solve stand alone optimisation problem: 1.21012091637
INFO:R0@tkref=1.325: N of unsatisfied eq: 3
INFO:R0@tkref=1.325: N of unsatisfied ieq: 10
INFO:R0@tkref=1.325: Summary: Optimization terminated successfully. after 13 it.
INFO:R0: --------------------------
INFO:R0@tkref=1.65625: Time to solve stand alone optimisation problem: 0.741634130478
INFO:R0@tkref=1.65625: N of unsatisfied eq: 3
INFO:R0@tkref=1.65625: N of unsatisfied ieq: 9
INFO:R0@tkref=1.65625: Summary: Optimization terminated successfully. after 8 it.
INFO:R0: --------------------------
DEBUG:R0: Big problem 4.70917337909e+11
DEBUG:R0: Big problem 4708654771.72
DEBUG:R0: Big problem 47034708.2446
DEBUG:R0: Big problem 465184.399552
DEBUG:R0: Big problem 1.75236421016e+14
DEBUG:R0: Big problem 1.75235422204e+12
DEBUG:R0: Big problem 17522543429.6
DEBUG:R0: Big problem 175125576.427
DEBUG:R0: Big problem 1741291.19052
INFO:R0@tkref=1.9875: Time to solve stand alone optimisation problem: 2.5270781517
INFO:R0@tkref=1.9875: N of unsatisfied eq: 3
INFO:R0@tkref=1.9875: N of unsatisfied ieq: 7
INFO:R0@tkref=1.9875: Summary: Optimization terminated successfully. after 27 it.
INFO:R0: --------------------------
INFO:R0@tkref=2.31875: Time to solve stand alone optimisation problem: 1.21805500984
INFO:R0@tkref=2.31875: N of unsatisfied eq: 3
INFO:R0@tkref=2.31875: N of unsatisfied ieq: 13
INFO:R0@tkref=2.31875: Summary: Optimization terminated successfully. after 12 it.
INFO:R0: --------------------------
INFO:R0@tkref=2.65: Time to solve stand alone optimisation problem: 1.0584859848
INFO:R0@tkref=2.65: N of unsatisfied eq: 3
INFO:R0@tkref=2.65: N of unsatisfied ieq: 13
INFO:R0@tkref=2.65: Summary: Optimization terminated successfully. after 9 it.
INFO:R0: --------------------------
INFO:R0@tkref=2.98125: Time to solve stand alone optimisation problem: 1.02754712105
INFO:R0@tkref=2.98125: N of unsatisfied eq: 3
INFO:R0@tkref=2.98125: N of unsatisfied ieq: 16
INFO:R0@tkref=2.98125: Summary: Optimization terminated successfully. after 10 it.
INFO:R0: --------------------------
INFO:R0@tkref=3.3125: Time to solve stand alone optimisation problem: 1.07438588142
INFO:R0@tkref=3.3125: N of unsatisfied eq: 3
INFO:R0@tkref=3.3125: N of unsatisfied ieq: 12
INFO:R0@tkref=3.3125: Summary: Optimization terminated successfully. after 11 it.
INFO:R0: --------------------------
INFO:R0@tkref=3.64375: Time to solve stand alone optimisation problem: 0.923846006393
INFO:R0@tkref=3.64375: N of unsatisfied eq: 3
INFO:R0@tkref=3.64375: N of unsatisfied ieq: 16
INFO:R0@tkref=3.64375: Summary: Optimization terminated successfully. after 9 it.
INFO:R0: --------------------------
INFO:R0@tkref=3.975: Time to solve stand alone optimisation problem: 1.16066288948
INFO:R0@tkref=3.975: N of unsatisfied eq: 3
INFO:R0@tkref=3.975: N of unsatisfied ieq: 14
INFO:R0@tkref=3.975: Summary: Optimization terminated successfully. after 12 it.
INFO:R0: --------------------------
INFO:R0@tkref=4.30625: Time to solve stand alone optimisation problem: 0.948971033096
INFO:R0@tkref=4.30625: N of unsatisfied eq: 3
INFO:R0@tkref=4.30625: N of unsatisfied ieq: 13
INFO:R0@tkref=4.30625: Summary: Optimization terminated successfully. after 10 it.
INFO:R0: --------------------------
INFO:R0@tkref=4.6375: Time to solve stand alone optimisation problem: 0.766180038452
INFO:R0@tkref=4.6375: N of unsatisfied eq: 3
INFO:R0@tkref=4.6375: N of unsatisfied ieq: 14
INFO:R0@tkref=4.6375: Summary: Optimization terminated successfully. after 8 it.
INFO:R0: --------------------------
INFO:R0@tkref=4.96875: Time to solve stand alone optimisation problem: 0.921241998672
INFO:R0@tkref=4.96875: N of unsatisfied eq: 3
INFO:R0@tkref=4.96875: N of unsatisfied ieq: 18
INFO:R0@tkref=4.96875: Summary: Optimization terminated successfully. after 9 it.
INFO:R0: --------------------------
INFO:R0@tkref=5.3: Time to solve stand alone optimisation problem: 1.30113196373
INFO:R0@tkref=5.3: N of unsatisfied eq: 3
INFO:R0@tkref=5.3: N of unsatisfied ieq: 17
INFO:R0@tkref=5.3: Summary: Optimization terminated successfully. after 9 it.
INFO:R0: --------------------------
INFO:R0@tkref=5.63125: Time to solve stand alone optimisation problem: 1.23353886604
INFO:R0@tkref=5.63125: N of unsatisfied eq: 3
INFO:R0@tkref=5.63125: N of unsatisfied ieq: 18
INFO:R0@tkref=5.63125: Summary: Optimization terminated successfully. after 8 it.
INFO:R0: --------------------------
INFO:R0@tkref=5.9625: Time to solve stand alone optimisation problem: 1.77790117264
INFO:R0@tkref=5.9625: N of unsatisfied eq: 3
INFO:R0@tkref=5.9625: N of unsatisfied ieq: 9
INFO:R0@tkref=5.9625: Summary: Optimization terminated successfully. after 16 it.
INFO:R0: --------------------------
INFO:R0@tkref=6.29375: Time to solve stand alone optimisation problem: 0.88059592247
INFO:R0@tkref=6.29375: N of unsatisfied eq: 3
INFO:R0@tkref=6.29375: N of unsatisfied ieq: 8
INFO:R0@tkref=6.29375: Summary: Optimization terminated successfully. after 8 it.
INFO:R0: --------------------------
INFO:R0@tkref=6.625: Time to solve stand alone optimisation problem: 4.23572182655
INFO:R0@tkref=6.625: N of unsatisfied eq: 3
INFO:R0@tkref=6.625: N of unsatisfied ieq: 8
INFO:R0@tkref=6.625: Summary: Optimization terminated successfully. after 37 it.
INFO:R0: --------------------------
INFO:R0@tkref=6.95625: Time to solve stand alone optimisation problem: 1.56478500366
INFO:R0@tkref=6.95625: N of unsatisfied eq: 3
INFO:R0@tkref=6.95625: N of unsatisfied ieq: 11
INFO:R0@tkref=6.95625: Summary: Optimization terminated successfully. after 14 it.
INFO:R0: --------------------------
INFO:R0@tkref=7.2875: Time to solve stand alone optimisation problem: 1.21311092377
INFO:R0@tkref=7.2875: N of unsatisfied eq: 3
INFO:R0@tkref=7.2875: N of unsatisfied ieq: 16
INFO:R0@tkref=7.2875: Summary: Optimization terminated successfully. after 10 it.
INFO:R0: --------------------------
INFO:R0@tkref=7.61875: Time to solve stand alone optimisation problem: 0.985736846924
INFO:R0@tkref=7.61875: N of unsatisfied eq: 3
INFO:R0@tkref=7.61875: N of unsatisfied ieq: 15
INFO:R0@tkref=7.61875: Summary: Optimization terminated successfully. after 8 it.
INFO:R0: --------------------------
INFO:R0@tkref=7.95: Time to solve stand alone optimisation problem: 1.0509428978
INFO:R0@tkref=7.95: N of unsatisfied eq: 3
INFO:R0@tkref=7.95: N of unsatisfied ieq: 16
INFO:R0@tkref=7.95: Summary: Optimization terminated successfully. after 9 it.
INFO:R0: --------------------------
INFO:R0@tkref=8.28125: Time to solve stand alone optimisation problem: 1.06040596962
INFO:R0@tkref=8.28125: N of unsatisfied eq: 3
INFO:R0@tkref=8.28125: N of unsatisfied ieq: 18
INFO:R0@tkref=8.28125: Summary: Optimization terminated successfully. after 9 it.
INFO:R0: --------------------------
INFO:R0@tkref=8.6125: Time to solve stand alone optimisation problem: 0.666013002396
INFO:R0@tkref=8.6125: N of unsatisfied eq: 3
INFO:R0@tkref=8.6125: N of unsatisfied ieq: 16
INFO:R0@tkref=8.6125: Summary: Optimization terminated successfully. after 7 it.
INFO:R0: --------------------------
INFO:R0@tkref=8.94375: Time to solve stand alone optimisation problem: 0.880726099014
INFO:R0@tkref=8.94375: N of unsatisfied eq: 3
INFO:R0@tkref=8.94375: N of unsatisfied ieq: 12
INFO:R0@tkref=8.94375: Summary: Optimization terminated successfully. after 10 it.
INFO:R0: --------------------------
INFO:R0@tkref=9.275: Time to solve stand alone optimisation problem: 0.646940946579
INFO:R0@tkref=9.275: N of unsatisfied eq: 3
INFO:R0@tkref=9.275: N of unsatisfied ieq: 16
INFO:R0@tkref=9.275: Summary: Optimization terminated successfully. after 7 it.
INFO:R0: --------------------------
INFO:R0@tkref=9.60625: Time to solve stand alone optimisation problem: 0.696899175644
INFO:R0@tkref=9.60625: N of unsatisfied eq: 3
INFO:R0@tkref=9.60625: N of unsatisfied ieq: 14
INFO:R0@tkref=9.60625: Summary: Optimization terminated successfully. after 8 it.
INFO:R0: --------------------------
INFO:R0@tkref=9.9375: Time to solve stand alone optimisation problem: 0.526580095291
INFO:R0@tkref=9.9375: N of unsatisfied eq: 3
INFO:R0@tkref=9.9375: N of unsatisfied ieq: 14
INFO:R0@tkref=9.9375: Summary: Optimization terminated successfully. after 6 it.
INFO:R0: --------------------------
INFO:R0@tkref=10.26875: Time to solve stand alone optimisation problem: 0.529793977737
INFO:R0@tkref=10.26875: N of unsatisfied eq: 3
INFO:R0@tkref=10.26875: N of unsatisfied ieq: 13
INFO:R0@tkref=10.26875: Summary: Optimization terminated successfully. after 6 it.
INFO:R0: --------------------------
INFO:R0@tkref=10.6: Time to solve stand alone optimisation problem: 0.445307970047
INFO:R0@tkref=10.6: N of unsatisfied eq: 3
INFO:R0@tkref=10.6: N of unsatisfied ieq: 18
INFO:R0@tkref=10.6: Summary: Optimization terminated successfully. after 5 it.
INFO:R0: --------------------------
INFO:R0@tkref=10.93125: Time to solve stand alone optimisation problem: 0.389408111572
INFO:R0@tkref=10.93125: N of unsatisfied eq: 3
INFO:R0@tkref=10.93125: N of unsatisfied ieq: 15
INFO:R0@tkref=10.93125: Summary: Optimization terminated successfully. after 5 it.
INFO:R0: --------------------------
INFO:R0@tkref=11.2625: Time to solve stand alone optimisation problem: 7.75817704201
INFO:R0@tkref=11.2625: N of unsatisfied eq: 10
INFO:R0@tkref=11.2625: N of unsatisfied ieq: 4
INFO:R0@tkref=11.2625: Summary: Iteration limit exceeded after 101 it.
INFO:R0: Finished motion planning
INFO:R0: --------------------------
INFO:R0: NSE: 35
INFO:R0: FIR: 7.64996194839
INFO:R0: LAS: 7.75817704201
INFO:R0: MAX: 4.23572182655
INFO:R0: MIN: 0.389408111572
INFO:R0: AVG: 1.1050778808
INFO:R0: TOT: 11.6626798824
