INFO:R0: Init motion planning
INFO:R0@tkref=0.0: Time to solve stand alone optimisation problem: 3.60608887672
INFO:R0@tkref=0.0: N of unsatisfied eq: 3
INFO:R0@tkref=0.0: N of unsatisfied ieq: 7
INFO:R0@tkref=0.0: Summary: Iteration limit exceeded after 51 it.
INFO:R0: --------------------------
INFO:R0@tkref=2.30306122449: Time to solve stand alone optimisation problem: 1.10649514198
INFO:R0@tkref=2.30306122449: N of unsatisfied eq: 3
INFO:R0@tkref=2.30306122449: N of unsatisfied ieq: 10
INFO:R0@tkref=2.30306122449: Summary: Optimization terminated successfully. after 12 it.
INFO:R0: --------------------------
INFO:R0@tkref=4.60612244898: Time to solve stand alone optimisation problem: 0.736359119415
INFO:R0@tkref=4.60612244898: N of unsatisfied eq: 2
INFO:R0@tkref=4.60612244898: N of unsatisfied ieq: 9
INFO:R0@tkref=4.60612244898: Summary: Optimization terminated successfully. after 8 it.
INFO:R0: --------------------------
INFO:R0@tkref=6.90918367347: Time to solve stand alone optimisation problem: 0.646497964859
INFO:R0@tkref=6.90918367347: N of unsatisfied eq: 2
INFO:R0@tkref=6.90918367347: N of unsatisfied ieq: 8
INFO:R0@tkref=6.90918367347: Summary: Optimization terminated successfully. after 7 it.
INFO:R0: --------------------------
INFO:R0@tkref=9.21224489796: Time to solve stand alone optimisation problem: 4.93973898888
INFO:R0@tkref=9.21224489796: N of unsatisfied eq: 10
INFO:R0@tkref=9.21224489796: N of unsatisfied ieq: 3
INFO:R0@tkref=9.21224489796: Summary: Iteration limit exceeded after 51 it.
INFO:R0: Finished motion planning
INFO:R0: --------------------------
INFO:MAX: 4.93973898888
INFO:MIN: 0.646497964859
INFO:AVG: 2.20703601837
INFO:TOT: 12.8348646633
