INFO:R0: Init motion planning
INFO:R0@tkref=0.0: Time to solve stand alone optimisation problem: 7.40310096741
INFO:R0@tkref=0.0: N of unsatisfied eq: 3
INFO:R0@tkref=0.0: N of unsatisfied ieq: 9
INFO:R0@tkref=0.0: Summary: Iteration limit exceeded after 101 it.
INFO:R0: --------------------------
INFO:R0@tkref=0.276041666667: Time to solve stand alone optimisation problem: 0.760921955109
INFO:R0@tkref=0.276041666667: N of unsatisfied eq: 2
INFO:R0@tkref=0.276041666667: N of unsatisfied ieq: 10
INFO:R0@tkref=0.276041666667: Summary: Optimization terminated successfully. after 10 it.
INFO:R0: --------------------------
INFO:R0@tkref=0.552083333334: Time to solve stand alone optimisation problem: 0.748165130615
INFO:R0@tkref=0.552083333334: N of unsatisfied eq: 3
INFO:R0@tkref=0.552083333334: N of unsatisfied ieq: 12
INFO:R0@tkref=0.552083333334: Summary: Optimization terminated successfully. after 10 it.
INFO:R0: --------------------------
INFO:R0@tkref=0.828125000001: Time to solve stand alone optimisation problem: 1.31992101669
INFO:R0@tkref=0.828125000001: N of unsatisfied eq: 2
INFO:R0@tkref=0.828125000001: N of unsatisfied ieq: 12
INFO:R0@tkref=0.828125000001: Summary: Optimization terminated successfully. after 16 it.
INFO:R0: --------------------------
INFO:R0@tkref=1.10416666667: Time to solve stand alone optimisation problem: 1.03667998314
INFO:R0@tkref=1.10416666667: N of unsatisfied eq: 3
INFO:R0@tkref=1.10416666667: N of unsatisfied ieq: 12
INFO:R0@tkref=1.10416666667: Summary: Optimization terminated successfully. after 11 it.
INFO:R0: --------------------------
INFO:R0@tkref=1.38020833333: Time to solve stand alone optimisation problem: 1.20448493958
INFO:R0@tkref=1.38020833333: N of unsatisfied eq: 3
INFO:R0@tkref=1.38020833333: N of unsatisfied ieq: 11
INFO:R0@tkref=1.38020833333: Summary: Optimization terminated successfully. after 13 it.
INFO:R0: --------------------------
INFO:R0@tkref=1.65625: Time to solve stand alone optimisation problem: 1.73233103752
INFO:R0@tkref=1.65625: N of unsatisfied eq: 3
INFO:R0@tkref=1.65625: N of unsatisfied ieq: 9
INFO:R0@tkref=1.65625: Summary: Optimization terminated successfully. after 18 it.
INFO:R0: --------------------------
INFO:R0@tkref=1.93229166667: Time to solve stand alone optimisation problem: 1.03119182587
INFO:R0@tkref=1.93229166667: N of unsatisfied eq: 3
INFO:R0@tkref=1.93229166667: N of unsatisfied ieq: 8
INFO:R0@tkref=1.93229166667: Summary: Optimization terminated successfully. after 10 it.
INFO:R0: --------------------------
INFO:R0@tkref=2.20833333334: Time to solve stand alone optimisation problem: 0.898348093033
INFO:R0@tkref=2.20833333334: N of unsatisfied eq: 3
INFO:R0@tkref=2.20833333334: N of unsatisfied ieq: 8
INFO:R0@tkref=2.20833333334: Summary: Optimization terminated successfully. after 9 it.
INFO:R0: --------------------------
INFO:R0@tkref=2.484375: Time to solve stand alone optimisation problem: 1.17703413963
INFO:R0@tkref=2.484375: N of unsatisfied eq: 3
INFO:R0@tkref=2.484375: N of unsatisfied ieq: 14
INFO:R0@tkref=2.484375: Summary: Optimization terminated successfully. after 12 it.
INFO:R0: --------------------------
INFO:R0@tkref=2.76041666667: Time to solve stand alone optimisation problem: 0.862185001373
INFO:R0@tkref=2.76041666667: N of unsatisfied eq: 3
INFO:R0@tkref=2.76041666667: N of unsatisfied ieq: 12
INFO:R0@tkref=2.76041666667: Summary: Optimization terminated successfully. after 9 it.
INFO:R0: --------------------------
INFO:R0@tkref=3.03645833334: Time to solve stand alone optimisation problem: 0.855364084244
INFO:R0@tkref=3.03645833334: N of unsatisfied eq: 3
INFO:R0@tkref=3.03645833334: N of unsatisfied ieq: 12
INFO:R0@tkref=3.03645833334: Summary: Optimization terminated successfully. after 9 it.
INFO:R0: --------------------------
INFO:R0@tkref=3.3125: Time to solve stand alone optimisation problem: 0.699890136719
INFO:R0@tkref=3.3125: N of unsatisfied eq: 3
INFO:R0@tkref=3.3125: N of unsatisfied ieq: 16
INFO:R0@tkref=3.3125: Summary: Optimization terminated successfully. after 7 it.
INFO:R0: --------------------------
INFO:R0@tkref=3.58854166667: Time to solve stand alone optimisation problem: 0.677328109741
INFO:R0@tkref=3.58854166667: N of unsatisfied eq: 3
INFO:R0@tkref=3.58854166667: N of unsatisfied ieq: 14
INFO:R0@tkref=3.58854166667: Summary: Optimization terminated successfully. after 7 it.
INFO:R0: --------------------------
INFO:R0@tkref=3.86458333334: Time to solve stand alone optimisation problem: 0.790961027145
INFO:R0@tkref=3.86458333334: N of unsatisfied eq: 3
INFO:R0@tkref=3.86458333334: N of unsatisfied ieq: 17
INFO:R0@tkref=3.86458333334: Summary: Optimization terminated successfully. after 8 it.
INFO:R0: --------------------------
INFO:R0@tkref=4.140625: Time to solve stand alone optimisation problem: 0.674187898636
INFO:R0@tkref=4.140625: N of unsatisfied eq: 3
INFO:R0@tkref=4.140625: N of unsatisfied ieq: 17
INFO:R0@tkref=4.140625: Summary: Optimization terminated successfully. after 7 it.
INFO:R0: --------------------------
INFO:R0@tkref=4.41666666667: Time to solve stand alone optimisation problem: 0.820247888565
INFO:R0@tkref=4.41666666667: N of unsatisfied eq: 3
INFO:R0@tkref=4.41666666667: N of unsatisfied ieq: 15
INFO:R0@tkref=4.41666666667: Summary: Optimization terminated successfully. after 8 it.
INFO:R0: --------------------------
INFO:R0@tkref=4.69270833334: Time to solve stand alone optimisation problem: 0.796148061752
INFO:R0@tkref=4.69270833334: N of unsatisfied eq: 3
INFO:R0@tkref=4.69270833334: N of unsatisfied ieq: 16
INFO:R0@tkref=4.69270833334: Summary: Optimization terminated successfully. after 8 it.
INFO:R0: --------------------------
INFO:R0@tkref=4.96875000001: Time to solve stand alone optimisation problem: 0.811835050583
INFO:R0@tkref=4.96875000001: N of unsatisfied eq: 3
INFO:R0@tkref=4.96875000001: N of unsatisfied ieq: 15
INFO:R0@tkref=4.96875000001: Summary: Optimization terminated successfully. after 8 it.
INFO:R0: --------------------------
INFO:R0@tkref=5.24479166667: Time to solve stand alone optimisation problem: 0.702328205109
INFO:R0@tkref=5.24479166667: N of unsatisfied eq: 3
INFO:R0@tkref=5.24479166667: N of unsatisfied ieq: 15
INFO:R0@tkref=5.24479166667: Summary: Optimization terminated successfully. after 7 it.
INFO:R0: --------------------------
INFO:R0@tkref=5.52083333334: Time to solve stand alone optimisation problem: 0.585600137711
INFO:R0@tkref=5.52083333334: N of unsatisfied eq: 3
INFO:R0@tkref=5.52083333334: N of unsatisfied ieq: 17
INFO:R0@tkref=5.52083333334: Summary: Optimization terminated successfully. after 6 it.
INFO:R0: --------------------------
INFO:R0@tkref=5.79687500001: Time to solve stand alone optimisation problem: 0.67315196991
INFO:R0@tkref=5.79687500001: N of unsatisfied eq: 3
INFO:R0@tkref=5.79687500001: N of unsatisfied ieq: 12
INFO:R0@tkref=5.79687500001: Summary: Optimization terminated successfully. after 7 it.
INFO:R0: --------------------------
INFO:R0@tkref=6.07291666667: Time to solve stand alone optimisation problem: 1.7073829174
INFO:R0@tkref=6.07291666667: N of unsatisfied eq: 3
INFO:R0@tkref=6.07291666667: N of unsatisfied ieq: 11
INFO:R0@tkref=6.07291666667: Summary: Optimization terminated successfully. after 18 it.
INFO:R0: --------------------------
INFO:R0@tkref=6.34895833334: Time to solve stand alone optimisation problem: 1.24695301056
INFO:R0@tkref=6.34895833334: N of unsatisfied eq: 3
INFO:R0@tkref=6.34895833334: N of unsatisfied ieq: 16
INFO:R0@tkref=6.34895833334: Summary: Optimization terminated successfully. after 13 it.
INFO:R0: --------------------------
INFO:R0@tkref=6.62500000001: Time to solve stand alone optimisation problem: 1.13778305054
INFO:R0@tkref=6.62500000001: N of unsatisfied eq: 3
INFO:R0@tkref=6.62500000001: N of unsatisfied ieq: 14
INFO:R0@tkref=6.62500000001: Summary: Optimization terminated successfully. after 12 it.
INFO:R0: --------------------------
INFO:R0@tkref=6.90104166667: Time to solve stand alone optimisation problem: 0.723079919815
INFO:R0@tkref=6.90104166667: N of unsatisfied eq: 3
INFO:R0@tkref=6.90104166667: N of unsatisfied ieq: 24
INFO:R0@tkref=6.90104166667: Summary: Positive directional derivative for linesearch after 11 it.
INFO:R0: --------------------------
INFO:R0@tkref=7.17708333334: Time to solve stand alone optimisation problem: 0.410808086395
INFO:R0@tkref=7.17708333334: N of unsatisfied eq: 3
INFO:R0@tkref=7.17708333334: N of unsatisfied ieq: 18
INFO:R0@tkref=7.17708333334: Summary: Optimization terminated successfully. after 8 it.
INFO:R0: --------------------------
INFO:R0@tkref=7.45312500001: Time to solve stand alone optimisation problem: 2.66635012627
INFO:R0@tkref=7.45312500001: N of unsatisfied eq: 2
INFO:R0@tkref=7.45312500001: N of unsatisfied ieq: 8
INFO:R0@tkref=7.45312500001: Summary: Optimization terminated successfully. after 27 it.
INFO:R0: --------------------------
INFO:R0@tkref=7.72916666668: Time to solve stand alone optimisation problem: 3.64572191238
INFO:R0@tkref=7.72916666668: N of unsatisfied eq: 3
INFO:R0@tkref=7.72916666668: N of unsatisfied ieq: 6
INFO:R0@tkref=7.72916666668: Summary: Optimization terminated successfully. after 38 it.
INFO:R0: --------------------------
INFO:R0@tkref=8.00520833334: Time to solve stand alone optimisation problem: 5.51894617081
INFO:R0@tkref=8.00520833334: N of unsatisfied eq: 3
INFO:R0@tkref=8.00520833334: N of unsatisfied ieq: 10
INFO:R0@tkref=8.00520833334: Summary: Optimization terminated successfully. after 57 it.
INFO:R0: --------------------------
DEBUG:R0: Big problem 5.16495050086e+12
DEBUG:R0: Big problem 51647083920.6
DEBUG:R0: Big problem 516228762.201
DEBUG:R0: Big problem 5138111.71828
INFO:R0@tkref=8.28125000001: Time to solve stand alone optimisation problem: 4.34270787239
INFO:R0@tkref=8.28125000001: N of unsatisfied eq: 3
INFO:R0@tkref=8.28125000001: N of unsatisfied ieq: 7
INFO:R0@tkref=8.28125000001: Summary: Optimization terminated successfully. after 47 it.
INFO:R0: --------------------------
INFO:R0@tkref=8.55729166668: Time to solve stand alone optimisation problem: 1.39750599861
INFO:R0@tkref=8.55729166668: N of unsatisfied eq: 3
INFO:R0@tkref=8.55729166668: N of unsatisfied ieq: 11
INFO:R0@tkref=8.55729166668: Summary: Optimization terminated successfully. after 14 it.
INFO:R0: --------------------------
INFO:R0@tkref=8.83333333334: Time to solve stand alone optimisation problem: 0.870517969131
INFO:R0@tkref=8.83333333334: N of unsatisfied eq: 3
INFO:R0@tkref=8.83333333334: N of unsatisfied ieq: 10
INFO:R0@tkref=8.83333333334: Summary: Optimization terminated successfully. after 9 it.
INFO:R0: --------------------------
INFO:R0@tkref=9.10937500001: Time to solve stand alone optimisation problem: 0.958219051361
INFO:R0@tkref=9.10937500001: N of unsatisfied eq: 3
INFO:R0@tkref=9.10937500001: N of unsatisfied ieq: 11
INFO:R0@tkref=9.10937500001: Summary: Optimization terminated successfully. after 10 it.
INFO:R0: --------------------------
INFO:R0@tkref=9.38541666668: Time to solve stand alone optimisation problem: 2.97947001457
INFO:R0@tkref=9.38541666668: N of unsatisfied eq: 3
INFO:R0@tkref=9.38541666668: N of unsatisfied ieq: 8
INFO:R0@tkref=9.38541666668: Summary: Optimization terminated successfully. after 31 it.
INFO:R0: --------------------------
INFO:R0@tkref=9.66145833334: Time to solve stand alone optimisation problem: 0.94748210907
INFO:R0@tkref=9.66145833334: N of unsatisfied eq: 3
INFO:R0@tkref=9.66145833334: N of unsatisfied ieq: 11
INFO:R0@tkref=9.66145833334: Summary: Optimization terminated successfully. after 9 it.
INFO:R0: --------------------------
INFO:R0@tkref=9.93750000001: Time to solve stand alone optimisation problem: 0.811990022659
INFO:R0@tkref=9.93750000001: N of unsatisfied eq: 3
INFO:R0@tkref=9.93750000001: N of unsatisfied ieq: 15
INFO:R0@tkref=9.93750000001: Summary: Optimization terminated successfully. after 8 it.
INFO:R0: --------------------------
INFO:R0@tkref=10.2135416667: Time to solve stand alone optimisation problem: 0.618243932724
INFO:R0@tkref=10.2135416667: N of unsatisfied eq: 3
INFO:R0@tkref=10.2135416667: N of unsatisfied ieq: 13
INFO:R0@tkref=10.2135416667: Summary: Optimization terminated successfully. after 6 it.
INFO:R0: --------------------------
INFO:R0@tkref=10.4895833333: Time to solve stand alone optimisation problem: 0.611008882523
INFO:R0@tkref=10.4895833333: N of unsatisfied eq: 3
INFO:R0@tkref=10.4895833333: N of unsatisfied ieq: 14
INFO:R0@tkref=10.4895833333: Summary: Optimization terminated successfully. after 6 it.
INFO:R0: --------------------------
INFO:R0@tkref=10.765625: Time to solve stand alone optimisation problem: 0.202036142349
INFO:R0@tkref=10.765625: N of unsatisfied eq: 3
INFO:R0@tkref=10.765625: N of unsatisfied ieq: 14
INFO:R0@tkref=10.765625: Summary: Optimization terminated successfully. after 2 it.
INFO:R0: --------------------------
INFO:R0@tkref=11.0416666667: Time to solve stand alone optimisation problem: 0.442320823669
INFO:R0@tkref=11.0416666667: N of unsatisfied eq: 3
INFO:R0@tkref=11.0416666667: N of unsatisfied ieq: 15
INFO:R0@tkref=11.0416666667: Summary: Optimization terminated successfully. after 5 it.
INFO:R0: --------------------------
INFO:R0@tkref=11.3177083333: Time to solve stand alone optimisation problem: 0.147840023041
INFO:R0@tkref=11.3177083333: N of unsatisfied eq: 3
INFO:R0@tkref=11.3177083333: N of unsatisfied ieq: 14
INFO:R0@tkref=11.3177083333: Summary: Optimization terminated successfully. after 2 it.
INFO:R0: --------------------------
INFO:R0@tkref=11.59375: Time to solve stand alone optimisation problem: 0.231904983521
INFO:R0@tkref=11.59375: N of unsatisfied eq: 3
INFO:R0@tkref=11.59375: N of unsatisfied ieq: 15
INFO:R0@tkref=11.59375: Summary: Optimization terminated successfully. after 3 it.
INFO:R0: --------------------------
INFO:R0@tkref=11.8697916667: Time to solve stand alone optimisation problem: 0.154558897018
INFO:R0@tkref=11.8697916667: N of unsatisfied eq: 3
INFO:R0@tkref=11.8697916667: N of unsatisfied ieq: 11
INFO:R0@tkref=11.8697916667: Summary: Optimization terminated successfully. after 2 it.
INFO:R0: --------------------------
INFO:R0@tkref=12.1458333333: Time to solve stand alone optimisation problem: 0.150199890137
INFO:R0@tkref=12.1458333333: N of unsatisfied eq: 3
INFO:R0@tkref=12.1458333333: N of unsatisfied ieq: 18
INFO:R0@tkref=12.1458333333: Summary: Optimization terminated successfully. after 2 it.
INFO:R0: --------------------------
INFO:R0@tkref=12.421875: Time to solve stand alone optimisation problem: 0.143145799637
INFO:R0@tkref=12.421875: N of unsatisfied eq: 3
INFO:R0@tkref=12.421875: N of unsatisfied ieq: 13
INFO:R0@tkref=12.421875: Summary: Optimization terminated successfully. after 2 it.
INFO:R0: --------------------------
INFO:R0@tkref=12.6979166667: Time to solve stand alone optimisation problem: 0.143152952194
INFO:R0@tkref=12.6979166667: N of unsatisfied eq: 3
INFO:R0@tkref=12.6979166667: N of unsatisfied ieq: 16
INFO:R0@tkref=12.6979166667: Summary: Optimization terminated successfully. after 2 it.
INFO:R0: --------------------------
INFO:R0@tkref=12.9739583333: Time to solve stand alone optimisation problem: 0.158763170242
INFO:R0@tkref=12.9739583333: N of unsatisfied eq: 3
INFO:R0@tkref=12.9739583333: N of unsatisfied ieq: 15
INFO:R0@tkref=12.9739583333: Summary: Optimization terminated successfully. after 2 it.
INFO:R0: --------------------------
INFO:R0@tkref=13.25: Time to solve stand alone optimisation problem: 7.8338470459
INFO:R0@tkref=13.25: N of unsatisfied eq: 10
INFO:R0@tkref=13.25: N of unsatisfied ieq: 3
INFO:R0@tkref=13.25: Summary: Iteration limit exceeded after 101 it.
INFO:R0: Finished motion planning
INFO:R0: --------------------------
INFO:R0: NSE: 49
INFO:R0: FIR: 7.40310096741
INFO:R0: LAS: 7.8338470459
INFO:R0: MAX: 5.51894617081
INFO:R0: MIN: 0.143145799637
INFO:R0: AVG: 1.08992339195
INFO:R0: TOT: 14.3554152668
