INFO:R0: Init motion planning
INFO:R0@tkref=0.0: Time to solve stand alone optimisation problem: 3.52917790413
INFO:R0@tkref=0.0: N of unsatisfied eq: 3
INFO:R0@tkref=0.0: N of unsatisfied ieq: 7
INFO:R0@tkref=0.0: Summary: Iteration limit exceeded after 51 it.
INFO:R0: --------------------------
INFO:R0@tkref=2.99515306122: Time to solve stand alone optimisation problem: 1.08251094818
INFO:R0@tkref=2.99515306122: N of unsatisfied eq: 3
INFO:R0@tkref=2.99515306122: N of unsatisfied ieq: 10
INFO:R0@tkref=2.99515306122: Summary: Optimization terminated successfully. after 12 it.
INFO:R0: --------------------------
INFO:R0@tkref=5.99030612244: Time to solve stand alone optimisation problem: 0.678698062897
INFO:R0@tkref=5.99030612244: N of unsatisfied eq: 3
INFO:R0@tkref=5.99030612244: N of unsatisfied ieq: 11
INFO:R0@tkref=5.99030612244: Summary: Optimization terminated successfully. after 7 it.
INFO:R0: --------------------------
INFO:R0@tkref=8.98545918366: Time to solve stand alone optimisation problem: 3.60949993134
INFO:R0@tkref=8.98545918366: N of unsatisfied eq: 10
INFO:R0@tkref=8.98545918366: N of unsatisfied ieq: 7
INFO:R0@tkref=8.98545918366: Summary: Iteration limit exceeded after 51 it.
INFO:R0: Finished motion planning
INFO:R0: --------------------------
INFO:MAX: 3.60949993134
INFO:MIN: 0.678698062897
INFO:AVG: 2.22497171164
INFO:TOT: 11.6333047232
