INFO:R0: Init motion planning
INFO:R0@tkref=0.0: Time to solve stand alone optimisation problem: 3.57513594627
INFO:R0@tkref=0.0: N of unsatisfied eq: 3
INFO:R0@tkref=0.0: N of unsatisfied ieq: 4
INFO:R0@tkref=0.0: Summary: Iteration limit exceeded after 51 it.
INFO:R0: --------------------------
INFO:R0@tkref=0.495663265306: Time to solve stand alone optimisation problem: 0.967850923538
INFO:R0@tkref=0.495663265306: N of unsatisfied eq: 2
INFO:R0@tkref=0.495663265306: N of unsatisfied ieq: 9
INFO:R0@tkref=0.495663265306: Summary: Optimization terminated successfully. after 14 it.
INFO:R0: --------------------------
INFO:R0@tkref=0.991326530612: Time to solve stand alone optimisation problem: 1.13593816757
INFO:R0@tkref=0.991326530612: N of unsatisfied eq: 3
INFO:R0@tkref=0.991326530612: N of unsatisfied ieq: 8
INFO:R0@tkref=0.991326530612: Summary: Optimization terminated successfully. after 14 it.
INFO:R0: --------------------------
INFO:R0@tkref=1.48698979592: Time to solve stand alone optimisation problem: 0.969576835632
INFO:R0@tkref=1.48698979592: N of unsatisfied eq: 2
INFO:R0@tkref=1.48698979592: N of unsatisfied ieq: 9
INFO:R0@tkref=1.48698979592: Summary: Optimization terminated successfully. after 10 it.
INFO:R0: --------------------------
INFO:R0@tkref=1.98265306122: Time to solve stand alone optimisation problem: 0.749735116959
INFO:R0@tkref=1.98265306122: N of unsatisfied eq: 3
INFO:R0@tkref=1.98265306122: N of unsatisfied ieq: 13
INFO:R0@tkref=1.98265306122: Summary: Optimization terminated successfully. after 8 it.
INFO:R0: --------------------------
INFO:R0@tkref=2.47831632653: Time to solve stand alone optimisation problem: 1.15441608429
INFO:R0@tkref=2.47831632653: N of unsatisfied eq: 3
INFO:R0@tkref=2.47831632653: N of unsatisfied ieq: 12
INFO:R0@tkref=2.47831632653: Summary: Optimization terminated successfully. after 12 it.
INFO:R0: --------------------------
INFO:R0@tkref=2.97397959184: Time to solve stand alone optimisation problem: 0.663792133331
INFO:R0@tkref=2.97397959184: N of unsatisfied eq: 3
INFO:R0@tkref=2.97397959184: N of unsatisfied ieq: 14
INFO:R0@tkref=2.97397959184: Summary: Optimization terminated successfully. after 7 it.
INFO:R0: --------------------------
INFO:R0@tkref=3.46964285714: Time to solve stand alone optimisation problem: 0.187227010727
INFO:R0@tkref=3.46964285714: N of unsatisfied eq: 3
INFO:R0@tkref=3.46964285714: N of unsatisfied ieq: 17
INFO:R0@tkref=3.46964285714: Summary: Optimization terminated successfully. after 2 it.
INFO:R0: --------------------------
INFO:R0@tkref=3.96530612245: Time to solve stand alone optimisation problem: 0.378859996796
INFO:R0@tkref=3.96530612245: N of unsatisfied eq: 3
INFO:R0@tkref=3.96530612245: N of unsatisfied ieq: 15
INFO:R0@tkref=3.96530612245: Summary: Optimization terminated successfully. after 4 it.
INFO:R0: --------------------------
INFO:R0@tkref=4.46096938775: Time to solve stand alone optimisation problem: 0.573879003525
INFO:R0@tkref=4.46096938775: N of unsatisfied eq: 3
INFO:R0@tkref=4.46096938775: N of unsatisfied ieq: 17
INFO:R0@tkref=4.46096938775: Summary: Optimization terminated successfully. after 6 it.
INFO:R0: --------------------------
INFO:R0@tkref=4.95663265306: Time to solve stand alone optimisation problem: 1.38585710526
INFO:R0@tkref=4.95663265306: N of unsatisfied eq: 2
INFO:R0@tkref=4.95663265306: N of unsatisfied ieq: 12
INFO:R0@tkref=4.95663265306: Summary: Optimization terminated successfully. after 15 it.
INFO:R0: --------------------------
INFO:R0@tkref=5.45229591837: Time to solve stand alone optimisation problem: 1.10352492332
INFO:R0@tkref=5.45229591837: N of unsatisfied eq: 3
INFO:R0@tkref=5.45229591837: N of unsatisfied ieq: 10
INFO:R0@tkref=5.45229591837: Summary: Optimization terminated successfully. after 12 it.
INFO:R0: --------------------------
INFO:R0@tkref=5.94795918367: Time to solve stand alone optimisation problem: 1.0884449482
INFO:R0@tkref=5.94795918367: N of unsatisfied eq: 3
INFO:R0@tkref=5.94795918367: N of unsatisfied ieq: 10
INFO:R0@tkref=5.94795918367: Summary: Optimization terminated successfully. after 12 it.
INFO:R0: --------------------------
INFO:R0@tkref=6.44362244898: Time to solve stand alone optimisation problem: 1.43980288506
INFO:R0@tkref=6.44362244898: N of unsatisfied eq: 3
INFO:R0@tkref=6.44362244898: N of unsatisfied ieq: 12
INFO:R0@tkref=6.44362244898: Summary: Optimization terminated successfully. after 16 it.
INFO:R0: --------------------------
INFO:R0@tkref=6.93928571428: Time to solve stand alone optimisation problem: 1.09647703171
INFO:R0@tkref=6.93928571428: N of unsatisfied eq: 3
INFO:R0@tkref=6.93928571428: N of unsatisfied ieq: 9
INFO:R0@tkref=6.93928571428: Summary: Optimization terminated successfully. after 12 it.
INFO:R0: --------------------------
INFO:R0@tkref=7.43494897959: Time to solve stand alone optimisation problem: 0.930006027222
INFO:R0@tkref=7.43494897959: N of unsatisfied eq: 3
INFO:R0@tkref=7.43494897959: N of unsatisfied ieq: 11
INFO:R0@tkref=7.43494897959: Summary: Optimization terminated successfully. after 10 it.
INFO:R0: --------------------------
INFO:R0@tkref=7.9306122449: Time to solve stand alone optimisation problem: 0.652652978897
INFO:R0@tkref=7.9306122449: N of unsatisfied eq: 3
INFO:R0@tkref=7.9306122449: N of unsatisfied ieq: 12
INFO:R0@tkref=7.9306122449: Summary: Optimization terminated successfully. after 7 it.
INFO:R0: --------------------------
INFO:R0@tkref=8.4262755102: Time to solve stand alone optimisation problem: 0.191557168961
INFO:R0@tkref=8.4262755102: N of unsatisfied eq: 3
INFO:R0@tkref=8.4262755102: N of unsatisfied ieq: 19
INFO:R0@tkref=8.4262755102: Summary: Optimization terminated successfully. after 2 it.
INFO:R0: --------------------------
INFO:R0@tkref=8.92193877551: Time to solve stand alone optimisation problem: 0.190041065216
INFO:R0@tkref=8.92193877551: N of unsatisfied eq: 3
INFO:R0@tkref=8.92193877551: N of unsatisfied ieq: 18
INFO:R0@tkref=8.92193877551: Summary: Optimization terminated successfully. after 2 it.
INFO:R0: --------------------------
INFO:R0@tkref=9.41760204081: Time to solve stand alone optimisation problem: 0.140261888504
INFO:R0@tkref=9.41760204081: N of unsatisfied eq: 3
INFO:R0@tkref=9.41760204081: N of unsatisfied ieq: 15
INFO:R0@tkref=9.41760204081: Summary: Optimization terminated successfully. after 2 it.
INFO:R0: --------------------------
INFO:R0@tkref=9.91326530612: Time to solve stand alone optimisation problem: 0.14414191246
INFO:R0@tkref=9.91326530612: N of unsatisfied eq: 3
INFO:R0@tkref=9.91326530612: N of unsatisfied ieq: 10
INFO:R0@tkref=9.91326530612: Summary: Optimization terminated successfully. after 2 it.
INFO:R0: --------------------------
INFO:R0@tkref=10.4089285714: Time to solve stand alone optimisation problem: 3.61848783493
INFO:R0@tkref=10.4089285714: N of unsatisfied eq: 10
INFO:R0@tkref=10.4089285714: N of unsatisfied ieq: 2
INFO:R0@tkref=10.4089285714: Summary: Iteration limit exceeded after 51 it.
INFO:R0: Finished motion planning
INFO:R0: --------------------------
INFO:MAX: 3.61848783493
INFO:MIN: 0.140261888504
INFO:AVG: 1.01534849947
INFO:TOT: 12.4101556926
