INFO:R0: Init motion planning
INFO:R0@tkref=0.0: Time to solve stand alone optimisation problem: 3.63229298592
INFO:R0@tkref=0.0: N of unsatisfied eq: 3
INFO:R0@tkref=0.0: N of unsatisfied ieq: 12
INFO:R0@tkref=0.0: Summary: Iteration limit exceeded after 51 it.
INFO:R0: --------------------------
INFO:R0@tkref=0.592857142857: Time to solve stand alone optimisation problem: 0.55873298645
INFO:R0@tkref=0.592857142857: N of unsatisfied eq: 3
INFO:R0@tkref=0.592857142857: N of unsatisfied ieq: 15
INFO:R0@tkref=0.592857142857: Summary: Optimization terminated successfully. after 8 it.
INFO:R0: --------------------------
INFO:R0@tkref=1.18571428571: Time to solve stand alone optimisation problem: 1.10922384262
INFO:R0@tkref=1.18571428571: N of unsatisfied eq: 3
INFO:R0@tkref=1.18571428571: N of unsatisfied ieq: 10
INFO:R0@tkref=1.18571428571: Summary: Optimization terminated successfully. after 12 it.
INFO:R0: --------------------------
INFO:R0@tkref=1.77857142857: Time to solve stand alone optimisation problem: 3.02101898193
INFO:R0@tkref=1.77857142857: N of unsatisfied eq: 2
INFO:R0@tkref=1.77857142857: N of unsatisfied ieq: 9
INFO:R0@tkref=1.77857142857: Summary: Optimization terminated successfully. after 32 it.
INFO:R0: --------------------------
INFO:R0@tkref=2.37142857143: Time to solve stand alone optimisation problem: 1.1251180172
INFO:R0@tkref=2.37142857143: N of unsatisfied eq: 3
INFO:R0@tkref=2.37142857143: N of unsatisfied ieq: 12
INFO:R0@tkref=2.37142857143: Summary: Optimization terminated successfully. after 12 it.
INFO:R0: --------------------------
INFO:R0@tkref=2.96428571428: Time to solve stand alone optimisation problem: 0.75795507431
INFO:R0@tkref=2.96428571428: N of unsatisfied eq: 3
INFO:R0@tkref=2.96428571428: N of unsatisfied ieq: 11
INFO:R0@tkref=2.96428571428: Summary: Optimization terminated successfully. after 8 it.
INFO:R0: --------------------------
INFO:R0@tkref=3.55714285714: Time to solve stand alone optimisation problem: 0.864192008972
INFO:R0@tkref=3.55714285714: N of unsatisfied eq: 3
INFO:R0@tkref=3.55714285714: N of unsatisfied ieq: 16
INFO:R0@tkref=3.55714285714: Summary: Optimization terminated successfully. after 9 it.
INFO:R0: --------------------------
INFO:R0@tkref=4.15: Time to solve stand alone optimisation problem: 0.571462154388
INFO:R0@tkref=4.15: N of unsatisfied eq: 3
INFO:R0@tkref=4.15: N of unsatisfied ieq: 15
INFO:R0@tkref=4.15: Summary: Optimization terminated successfully. after 6 it.
INFO:R0: --------------------------
INFO:R0@tkref=4.74285714286: Time to solve stand alone optimisation problem: 0.85298204422
INFO:R0@tkref=4.74285714286: N of unsatisfied eq: 3
INFO:R0@tkref=4.74285714286: N of unsatisfied ieq: 14
INFO:R0@tkref=4.74285714286: Summary: Optimization terminated successfully. after 9 it.
INFO:R0: --------------------------
INFO:R0@tkref=5.33571428571: Time to solve stand alone optimisation problem: 0.850074052811
INFO:R0@tkref=5.33571428571: N of unsatisfied eq: 3
INFO:R0@tkref=5.33571428571: N of unsatisfied ieq: 12
INFO:R0@tkref=5.33571428571: Summary: Optimization terminated successfully. after 9 it.
INFO:R0: --------------------------
INFO:R0@tkref=5.92857142857: Time to solve stand alone optimisation problem: 1.4111521244
INFO:R0@tkref=5.92857142857: N of unsatisfied eq: 3
INFO:R0@tkref=5.92857142857: N of unsatisfied ieq: 9
INFO:R0@tkref=5.92857142857: Summary: Optimization terminated successfully. after 15 it.
INFO:R0: --------------------------
INFO:R0@tkref=6.52142857143: Time to solve stand alone optimisation problem: 1.0149769783
INFO:R0@tkref=6.52142857143: N of unsatisfied eq: 3
INFO:R0@tkref=6.52142857143: N of unsatisfied ieq: 9
INFO:R0@tkref=6.52142857143: Summary: Optimization terminated successfully. after 11 it.
INFO:R0: --------------------------
INFO:R0@tkref=7.11428571428: Time to solve stand alone optimisation problem: 1.31148290634
INFO:R0@tkref=7.11428571428: N of unsatisfied eq: 3
INFO:R0@tkref=7.11428571428: N of unsatisfied ieq: 9
INFO:R0@tkref=7.11428571428: Summary: Optimization terminated successfully. after 14 it.
INFO:R0: --------------------------
INFO:R0@tkref=7.70714285714: Time to solve stand alone optimisation problem: 0.749653100967
INFO:R0@tkref=7.70714285714: N of unsatisfied eq: 3
INFO:R0@tkref=7.70714285714: N of unsatisfied ieq: 13
INFO:R0@tkref=7.70714285714: Summary: Optimization terminated successfully. after 8 it.
INFO:R0: --------------------------
INFO:R0@tkref=8.3: Time to solve stand alone optimisation problem: 0.191576004028
INFO:R0@tkref=8.3: N of unsatisfied eq: 3
INFO:R0@tkref=8.3: N of unsatisfied ieq: 16
INFO:R0@tkref=8.3: Summary: Optimization terminated successfully. after 2 it.
INFO:R0: --------------------------
INFO:R0@tkref=8.89285714285: Time to solve stand alone optimisation problem: 0.190707921982
INFO:R0@tkref=8.89285714285: N of unsatisfied eq: 3
INFO:R0@tkref=8.89285714285: N of unsatisfied ieq: 17
INFO:R0@tkref=8.89285714285: Summary: Optimization terminated successfully. after 2 it.
INFO:R0: --------------------------
INFO:R0@tkref=9.48571428571: Time to solve stand alone optimisation problem: 0.143295049667
INFO:R0@tkref=9.48571428571: N of unsatisfied eq: 3
INFO:R0@tkref=9.48571428571: N of unsatisfied ieq: 18
INFO:R0@tkref=9.48571428571: Summary: Optimization terminated successfully. after 2 it.
INFO:R0: --------------------------
INFO:R0@tkref=10.0785714286: Time to solve stand alone optimisation problem: 0.142641067505
INFO:R0@tkref=10.0785714286: N of unsatisfied eq: 3
INFO:R0@tkref=10.0785714286: N of unsatisfied ieq: 17
INFO:R0@tkref=10.0785714286: Summary: Optimization terminated successfully. after 2 it.
INFO:R0: --------------------------
INFO:R0@tkref=10.6714285714: Time to solve stand alone optimisation problem: 0.143672943115
INFO:R0@tkref=10.6714285714: N of unsatisfied eq: 3
INFO:R0@tkref=10.6714285714: N of unsatisfied ieq: 19
INFO:R0@tkref=10.6714285714: Summary: Optimization terminated successfully. after 2 it.
INFO:R0: --------------------------
INFO:R0@tkref=11.2642857143: Time to solve stand alone optimisation problem: 0.208717107773
INFO:R0@tkref=11.2642857143: N of unsatisfied eq: 3
INFO:R0@tkref=11.2642857143: N of unsatisfied ieq: 10
INFO:R0@tkref=11.2642857143: Summary: Optimization terminated successfully. after 3 it.
INFO:R0: --------------------------
INFO:R0@tkref=11.8571428571: Time to solve stand alone optimisation problem: 3.67415904999
INFO:R0@tkref=11.8571428571: N of unsatisfied eq: 10
INFO:R0@tkref=11.8571428571: N of unsatisfied ieq: 3
INFO:R0@tkref=11.8571428571: Summary: Iteration limit exceeded after 51 it.
INFO:R0: Finished motion planning
INFO:R0: --------------------------
INFO:MAX: 3.67415904999
INFO:MIN: 0.142641067505
INFO:AVG: 1.07262316204
INFO:TOT: 12.4323963548
