DEBUG:R0: Using Tc_p = 0.553846153846 for optimization
DEBUG:R0: Using Tc_d = 0.553846153846 for optimization
DEBUG:R0: Using Tc_p = 0.553846153846 for solution
DEBUG:R0: Using Tc_d = 0.553846153846 for solution
DEBUG:R0: Using N_ssol = 222
INFO:R0: Init motion planning
INFO:R0@tkref=0.0000: Time to solve stand alone optimization problem: 2.626101017
INFO:R0@tkref=0.0000: N of unsatisfied eq: 3
INFO:R0@tkref=0.0000: N of unsatisfied ieq: 8
INFO:R0@tkref=0.0000: Summary: Iteration limit exceeded after 51 it.
DEBUG:R0@tkref=0.0000: $$$$$$$$ CONFLICT LIST $$$$$$$$: []
INFO:R0: --------------------------
INFO:R0@tkref=0.5538: Time to solve stand alone optimization problem: 0.300019979477
INFO:R0@tkref=0.5538: N of unsatisfied eq: 3
INFO:R0@tkref=0.5538: N of unsatisfied ieq: 9
INFO:R0@tkref=0.5538: Summary: Optimization terminated successfully. after 6 it.
DEBUG:R0@tkref=0.5538: $$$$$$$$ CONFLICT LIST $$$$$$$$: []
INFO:R0: --------------------------
INFO:R0@tkref=1.1077: Time to solve stand alone optimization problem: 0.253870010376
INFO:R0@tkref=1.1077: N of unsatisfied eq: 3
INFO:R0@tkref=1.1077: N of unsatisfied ieq: 9
INFO:R0@tkref=1.1077: Summary: Optimization terminated successfully. after 5 it.
DEBUG:R0@tkref=1.1077: $$$$$$$$ CONFLICT LIST $$$$$$$$: []
INFO:R0: --------------------------
INFO:R0@tkref=1.6615: Time to solve stand alone optimization problem: 0.230540990829
INFO:R0@tkref=1.6615: N of unsatisfied eq: 3
INFO:R0@tkref=1.6615: N of unsatisfied ieq: 8
INFO:R0@tkref=1.6615: Summary: Optimization terminated successfully. after 4 it.
DEBUG:R0@tkref=1.6615: $$$$$$$$ CONFLICT LIST $$$$$$$$: []
INFO:R0: --------------------------
INFO:R0@tkref=2.2154: Time to solve stand alone optimization problem: 0.400527000427
INFO:R0@tkref=2.2154: N of unsatisfied eq: 1
INFO:R0@tkref=2.2154: N of unsatisfied ieq: 9
INFO:R0@tkref=2.2154: Summary: Optimization terminated successfully. after 7 it.
DEBUG:R0@tkref=2.2154: $$$$$$$$ CONFLICT LIST $$$$$$$$: []
INFO:R0: --------------------------
INFO:R0@tkref=2.7692: Time to solve stand alone optimization problem: 0.399761915207
INFO:R0@tkref=2.7692: N of unsatisfied eq: 2
INFO:R0@tkref=2.7692: N of unsatisfied ieq: 8
INFO:R0@tkref=2.7692: Summary: Optimization terminated successfully. after 7 it.
DEBUG:R0@tkref=2.7692: $$$$$$$$ CONFLICT LIST $$$$$$$$: []
INFO:R0: --------------------------
INFO:R0@tkref=3.3231: Time to solve stand alone optimization problem: 0.398932933807
INFO:R0@tkref=3.3231: N of unsatisfied eq: 3
INFO:R0@tkref=3.3231: N of unsatisfied ieq: 9
INFO:R0@tkref=3.3231: Summary: Optimization terminated successfully. after 7 it.
DEBUG:R0@tkref=3.3231: $$$$$$$$ CONFLICT LIST $$$$$$$$: []
INFO:R0: --------------------------
INFO:R0@tkref=3.8769: Time to solve stand alone optimization problem: 0.39150094986
INFO:R0@tkref=3.8769: N of unsatisfied eq: 1
INFO:R0@tkref=3.8769: N of unsatisfied ieq: 5
INFO:R0@tkref=3.8769: Summary: Optimization terminated successfully. after 6 it.
DEBUG:R0@tkref=3.8769: $$$$$$$$ CONFLICT LIST $$$$$$$$: []
INFO:R0: --------------------------
INFO:R0@tkref=4.4308: Time to solve stand alone optimization problem: 0.694077968597
INFO:R0@tkref=4.4308: N of unsatisfied eq: 3
INFO:R0@tkref=4.4308: N of unsatisfied ieq: 9
INFO:R0@tkref=4.4308: Summary: Optimization terminated successfully. after 10 it.
DEBUG:R0@tkref=4.4308: $$$$$$$$ CONFLICT LIST $$$$$$$$: []
INFO:R0: --------------------------
INFO:R0@tkref=4.9846: Time to solve stand alone optimization problem: 0.73733997345
INFO:R0@tkref=4.9846: N of unsatisfied eq: 3
INFO:R0@tkref=4.9846: N of unsatisfied ieq: 7
INFO:R0@tkref=4.9846: Summary: Optimization terminated successfully. after 11 it.
DEBUG:R0@tkref=4.9846: $$$$$$$$ CONFLICT LIST $$$$$$$$: []
INFO:R0: --------------------------
INFO:R0@tkref=5.5385: Time to solve stand alone optimization problem: 0.389789819717
INFO:R0@tkref=5.5385: N of unsatisfied eq: 1
INFO:R0@tkref=5.5385: N of unsatisfied ieq: 8
INFO:R0@tkref=5.5385: Summary: Optimization terminated successfully. after 6 it.
DEBUG:R0@tkref=5.5385: $$$$$$$$ CONFLICT LIST $$$$$$$$: []
INFO:R0: --------------------------
INFO:R0@tkref=6.0923: Time to solve stand alone optimization problem: 0.575888872147
INFO:R0@tkref=6.0923: N of unsatisfied eq: 2
INFO:R0@tkref=6.0923: N of unsatisfied ieq: 6
INFO:R0@tkref=6.0923: Summary: Optimization terminated successfully. after 8 it.
DEBUG:R0@tkref=6.0923: $$$$$$$$ CONFLICT LIST $$$$$$$$: []
INFO:R0: --------------------------
INFO:R0@tkref=6.6462: Time to solve stand alone optimization problem: 0.576174974442
INFO:R0@tkref=6.6462: N of unsatisfied eq: 3
INFO:R0@tkref=6.6462: N of unsatisfied ieq: 8
INFO:R0@tkref=6.6462: Summary: Optimization terminated successfully. after 8 it.
DEBUG:R0@tkref=6.6462: $$$$$$$$ CONFLICT LIST $$$$$$$$: []
INFO:R0: --------------------------
INFO:R0@tkref=7.2000: Time to solve stand alone optimization problem: 0.357266902924
INFO:R0@tkref=7.2000: N of unsatisfied eq: 3
INFO:R0@tkref=7.2000: N of unsatisfied ieq: 11
INFO:R0@tkref=7.2000: Summary: Optimization terminated successfully. after 5 it.
DEBUG:R0@tkref=7.2000: $$$$$$$$ CONFLICT LIST $$$$$$$$: []
INFO:R0: --------------------------
INFO:R0@tkref=7.7538: Time to solve stand alone optimization problem: 0.489796876907
INFO:R0@tkref=7.7538: N of unsatisfied eq: 3
INFO:R0@tkref=7.7538: N of unsatisfied ieq: 6
INFO:R0@tkref=7.7538: Summary: Optimization terminated successfully. after 6 it.
DEBUG:R0@tkref=7.7538: $$$$$$$$ CONFLICT LIST $$$$$$$$: []
INFO:R0: --------------------------
INFO:R0@tkref=8.3077: Time to solve stand alone optimization problem: 0.638106107712
INFO:R0@tkref=8.3077: N of unsatisfied eq: 3
INFO:R0@tkref=8.3077: N of unsatisfied ieq: 7
INFO:R0@tkref=8.3077: Summary: Optimization terminated successfully. after 8 it.
DEBUG:R0@tkref=8.3077: $$$$$$$$ CONFLICT LIST $$$$$$$$: []
INFO:R0: --------------------------
INFO:R0@tkref=8.8615: Time to solve stand alone optimization problem: 0.652465105057
INFO:R0@tkref=8.8615: N of unsatisfied eq: 3
INFO:R0@tkref=8.8615: N of unsatisfied ieq: 7
INFO:R0@tkref=8.8615: Summary: Optimization terminated successfully. after 8 it.
DEBUG:R0@tkref=8.8615: $$$$$$$$ CONFLICT LIST $$$$$$$$: []
INFO:R0: --------------------------
INFO:R0@tkref=9.4154: Time to solve stand alone optimization problem: 0.509428024292
INFO:R0@tkref=9.4154: N of unsatisfied eq: 3
INFO:R0@tkref=9.4154: N of unsatisfied ieq: 7
INFO:R0@tkref=9.4154: Summary: Optimization terminated successfully. after 7 it.
DEBUG:R0@tkref=9.4154: $$$$$$$$ CONFLICT LIST $$$$$$$$: []
INFO:R0: --------------------------
INFO:R0@tkref=9.9692: Time to solve stand alone optimization problem: 0.437460184097
INFO:R0@tkref=9.9692: N of unsatisfied eq: 3
INFO:R0@tkref=9.9692: N of unsatisfied ieq: 8
INFO:R0@tkref=9.9692: Summary: Optimization terminated successfully. after 6 it.
DEBUG:R0@tkref=9.9692: $$$$$$$$ CONFLICT LIST $$$$$$$$: []
INFO:R0: --------------------------
INFO:R0@tkref=10.5231: Time to solve stand alone optimization problem: 0.364331960678
INFO:R0@tkref=10.5231: N of unsatisfied eq: 3
INFO:R0@tkref=10.5231: N of unsatisfied ieq: 6
INFO:R0@tkref=10.5231: Summary: Optimization terminated successfully. after 5 it.
DEBUG:R0@tkref=10.5231: $$$$$$$$ CONFLICT LIST $$$$$$$$: []
INFO:R0: --------------------------
INFO:R0@tkref=11.0769: Time to solve stand alone optimization problem: 0.489857912064
INFO:R0@tkref=11.0769: N of unsatisfied eq: 3
INFO:R0@tkref=11.0769: N of unsatisfied ieq: 8
INFO:R0@tkref=11.0769: Summary: Optimization terminated successfully. after 6 it.
DEBUG:R0@tkref=11.0769: $$$$$$$$ CONFLICT LIST $$$$$$$$: []
INFO:R0: --------------------------
INFO:R0@tkref=11.6308: Time to solve stand alone optimization problem: 0.327850818634
INFO:R0@tkref=11.6308: N of unsatisfied eq: 3
INFO:R0@tkref=11.6308: N of unsatisfied ieq: 9
INFO:R0@tkref=11.6308: Summary: Optimization terminated successfully. after 5 it.
DEBUG:R0@tkref=11.6308: $$$$$$$$ CONFLICT LIST $$$$$$$$: []
INFO:R0: --------------------------
INFO:R0@tkref=12.1846: Time to solve stand alone optimization problem: 0.448489189148
INFO:R0@tkref=12.1846: N of unsatisfied eq: 3
INFO:R0@tkref=12.1846: N of unsatisfied ieq: 7
INFO:R0@tkref=12.1846: Summary: Optimization terminated successfully. after 7 it.
DEBUG:R0@tkref=12.1846: $$$$$$$$ CONFLICT LIST $$$$$$$$: []
INFO:R0: --------------------------
INFO:R0@tkref=12.7385: Time to solve stand alone optimization problem: 0.456676959991
INFO:R0@tkref=12.7385: N of unsatisfied eq: 2
INFO:R0@tkref=12.7385: N of unsatisfied ieq: 8
INFO:R0@tkref=12.7385: Summary: Optimization terminated successfully. after 7 it.
DEBUG:R0@tkref=12.7385: $$$$$$$$ CONFLICT LIST $$$$$$$$: []
INFO:R0: --------------------------
INFO:R0@tkref=13.2923: Time to solve stand alone optimization problem: 0.323063850403
INFO:R0@tkref=13.2923: N of unsatisfied eq: 3
INFO:R0@tkref=13.2923: N of unsatisfied ieq: 9
INFO:R0@tkref=13.2923: Summary: Optimization terminated successfully. after 5 it.
DEBUG:R0@tkref=13.2923: $$$$$$$$ CONFLICT LIST $$$$$$$$: []
INFO:R0: --------------------------
INFO:R0@tkref=13.8462: Time to solve stand alone optimization problem: 0.1711769104
INFO:R0@tkref=13.8462: N of unsatisfied eq: 3
INFO:R0@tkref=13.8462: N of unsatisfied ieq: 8
INFO:R0@tkref=13.8462: Summary: Optimization terminated successfully. after 3 it.
DEBUG:R0@tkref=13.8462: $$$$$$$$ CONFLICT LIST $$$$$$$$: []
INFO:R0: --------------------------
INFO:R0@tkref=14.4000: Time to solve stand alone optimization problem: 0.116411209106
INFO:R0@tkref=14.4000: N of unsatisfied eq: 3
INFO:R0@tkref=14.4000: N of unsatisfied ieq: 6
INFO:R0@tkref=14.4000: Summary: Optimization terminated successfully. after 2 it.
DEBUG:R0@tkref=14.4000: $$$$$$$$ CONFLICT LIST $$$$$$$$: []
INFO:R0: --------------------------
INFO:R0@tkref=14.9538: Time to solve stand alone optimization problem: 0.117690086365
INFO:R0@tkref=14.9538: N of unsatisfied eq: 3
INFO:R0@tkref=14.9538: N of unsatisfied ieq: 7
INFO:R0@tkref=14.9538: Summary: Optimization terminated successfully. after 2 it.
DEBUG:R0@tkref=14.9538: $$$$$$$$ CONFLICT LIST $$$$$$$$: []
INFO:R0: --------------------------
DEBUG:R0: LAST STEP
DEBUG:R0: Approx remaining dist: 0.950705069918
DEBUG:R0: Usual approx plan dist: 2.4
DEBUG:R0: Approx gain in dist: 1.44929493008
DEBUG:R0: Last step min dist: 0.5
INFO:R0: scale 0.396127112466 Ns 7 Nk 3
INFO:R0@tkref=15.5077: Time to solve stand alone optimization problem: 1.28073692322
INFO:R0@tkref=15.5077: N of unsatisfied eq: 10
INFO:R0@tkref=15.5077: N of unsatisfied ieq: 4
INFO:R0@tkref=15.5077: Summary: Iteration limit exceeded after 51 it.
DEBUG:R0@tkref=15.5077: $$$$$$$$ CONFLICT LIST $$$$$$$$: []
INFO:R0: Finished motion planning
INFO:R0: --------------------------
INFO:R0: PEN: 0.000415147898264
INFO:R0: MOB: 7
INFO:R0: TOT: 16.5772144301
INFO:R0: NSE: 29
INFO:R0: FIR: 2.62833189964
INFO:R0: LAS: 1.28184199333
INFO:R0: LMA: 1
INFO:R0: MAX: 0.738664865494
INFO:R0: MIN: 0.117691040039
INFO:R0: AVG: 0.417924050932
INFO:R0: RMP: 1.33370045159
INFO:R0: RMG: 2.3144369324
